SU3 with improved KS action
Microcanonical simulation with refreshing
R algorithm
MIMD version 7.8.1
Machine = MPI (portable), with 32 nodes
Host(0) = nid04268
Username = mcopik
Options selected...
Generic single precision
C_GLOBAL_INLINE
DBLSTORE_FN
D_FN_GATHER13
FEWSUMS
KS_MULTIFF=FNMAT
VECLENGTH=4
type 0 for no prompts, 1 for prompts, or 2 for proofreading
nflavors1 2
nflavors2 1
nx 16
ny 16
nz 8
nt 36
iseed 5682304
LAYOUT = Hypercubes, options = hyper_prime,
automatic hyper_prime layout
ON EACH NODE 4 x 8 x 8 x 9
Mallocing 2.3 MBytes per node for lattice
WARNING!!: Resetting random seed
Made lattice
Made nn gathers
Made 3nn gathers
Finished setup


warms 0
trajecs 4
traj_between_meas 1
beta 5.6
mass1 0.125
mass2 0.125
u0 0.8441
microcanonical_time_step 0.2
steps_per_trajectory 5
max_cg_iterations 100
max_cg_restarts 5
error_per_site 0.125
error_for_propagator 0.125
npbp_reps 1
prec_pbp 1
fresh 
save_parallel lat_p64_size64_1
unit gauge configuration loaded
CHECK PLAQ: 3.000000e+00 3.000000e+00
CHECK NERSC LINKTR: 1.000000e+00 CKSUM: 0
Unitarity checked.  Max deviation 0.00e+00
Time to check unitarity = 3.750324e-04
"O(a^2): couplings(pi)=0, Naik term, No O(a^2) errors, tadpole weights"
path coefficients: npath  path_coeff  multiplicity
                    0      6.250000e-01     8
                    1      -5.847914e-02     8
                    2      -8.771871e-02     48
                    3      3.077829e-02     192
                    4      -7.199551e-03     384
                    5      -1.231132e-01     48
Symanzik 1x1 + 1x2 + 1x1x1 action
gauge_action: total_dyn_flavors = 3
loop coefficients: nloop rep loop_coeff  multiplicity
                    0 0      1.000000e+00     6
                    1 0      -7.762509e-02     12
                    2 0      -1.031171e-02     16
WARMUPS COMPLETED
CONGRAD5: time = 8.987188e-03 (fn F) masses = 1 iters = 4 mflops = 1.217221e+03
 OK converged final_rsq= 0.006 (cf 0.016) rel = 1 (cf 0) restarts = 1 iters= 4
CONGRAD5: time = 7.196903e-03 (fn F) masses = 1 iters = 4 mflops = 1.520014e+03
 OK converged final_rsq= 0.0059 (cf 0.016) rel = 1 (cf 0) restarts = 1 iters= 4
GFTIME:   time = 1.197441e-01 (Symanzik1) mflops = 2.943956e+03
FFTIME:  time = 3.492532e-01 (asqtad3) terms = 2 mflops = 2.862858e+03
CONGRAD5: time = 7.355928e-03 (fn F) masses = 1 iters = 4 mflops = 1.487153e+03
 OK converged final_rsq= 0.01 (cf 0.016) rel = 1 (cf 0) restarts = 1 iters= 4
CONGRAD5: time = 7.308960e-03 (fn F) masses = 1 iters = 4 mflops = 1.496710e+03
 OK converged final_rsq= 0.0098 (cf 0.016) rel = 1 (cf 0) restarts = 1 iters= 4
GFTIME:   time = 1.311619e-01 (Symanzik1) mflops = 2.687679e+03
FFTIME:  time = 4.455690e-01 (asqtad3) terms = 2 mflops = 2.244012e+03
CONGRAD5: time = 8.769989e-03 (fn F) masses = 1 iters = 4 mflops = 1.247367e+03
 OK converged final_rsq= 0.014 (cf 0.016) rel = 1 (cf 0) restarts = 1 iters= 4
CONGRAD5: time = 7.005930e-03 (fn F) masses = 1 iters = 4 mflops = 1.561448e+03
 OK converged final_rsq= 0.014 (cf 0.016) rel = 1 (cf 0) restarts = 1 iters= 4
GFTIME:   time = 1.130021e-01 (Symanzik1) mflops = 3.119600e+03
FFTIME:  time = 3.517399e-01 (asqtad3) terms = 2 mflops = 2.842618e+03
CONGRAD5: time = 8.224010e-03 (fn F) masses = 1 iters = 4 mflops = 1.330177e+03
 OK converged final_rsq= 0.013 (cf 0.016) rel = 1 (cf 0) restarts = 1 iters= 4
CONGRAD5: time = 7.378101e-03 (fn F) masses = 1 iters = 4 mflops = 1.482684e+03
 OK converged final_rsq= 0.013 (cf 0.016) rel = 1 (cf 0) restarts = 1 iters= 4
GFTIME:   time = 1.141009e-01 (Symanzik1) mflops = 3.089556e+03
FFTIME:  time = 3.451450e-01 (asqtad3) terms = 2 mflops = 2.896934e+03
CONGRAD5: time = 7.130861e-03 (fn F) masses = 1 iters = 4 mflops = 1.534091e+03
 OK converged final_rsq= 0.011 (cf 0.016) rel = 1 (cf 0) restarts = 1 iters= 4
CONGRAD5: time = 7.005930e-03 (fn F) masses = 1 iters = 4 mflops = 1.561448e+03
 OK converged final_rsq= 0.011 (cf 0.016) rel = 1 (cf 0) restarts = 1 iters= 4
GFTIME:   time = 1.480181e-01 (Symanzik1) mflops = 2.381608e+03
FFTIME:  time = 3.646319e-01 (asqtad3) terms = 2 mflops = 2.742114e+03
PLAQ:	2.348046	2.347861
P_LOOP:	-6.323030e-03	-1.925636e-02
G_LOOP:  0  0  4   	2.346897e+00	( 0 1 7 6  )
G_LOOP:  0  1  4   	2.347695e+00	( 0 2 7 5  )
G_LOOP:  0  2  4   	2.348610e+00	( 0 3 7 4  )
G_LOOP:  0  3  4   	2.349546e+00	( 1 2 6 5  )
G_LOOP:  0  4  4   	2.347450e+00	( 1 3 6 4  )
G_LOOP:  0  5  4   	2.347524e+00	( 2 3 5 4  )
G_LOOP:  1  0  6   	1.770886e+00	( 0 0 1 7 7 6  )
G_LOOP:  1  1  6   	1.772085e+00	( 0 0 2 7 7 5  )
G_LOOP:  1  2  6   	1.772683e+00	( 0 0 3 7 7 4  )
G_LOOP:  1  3  6   	1.772206e+00	( 1 1 0 6 6 7  )
G_LOOP:  1  4  6   	1.778615e+00	( 1 1 2 6 6 5  )
G_LOOP:  1  5  6   	1.772779e+00	( 1 1 3 6 6 4  )
G_LOOP:  1  6  6   	1.774422e+00	( 2 2 0 5 5 7  )
G_LOOP:  1  7  6   	1.776307e+00	( 2 2 1 5 5 6  )
G_LOOP:  1  8  6   	1.772614e+00	( 2 2 3 5 5 4  )
G_LOOP:  1  9  6   	1.773361e+00	( 3 3 0 4 4 7  )
G_LOOP:  1  10  6   	1.772005e+00	( 3 3 1 4 4 6  )
G_LOOP:  1  11  6   	1.772996e+00	( 3 3 2 4 4 5  )
G_LOOP:  2  0  6   	1.819044e+00	( 0 1 2 7 6 5  )
G_LOOP:  2  1  6   	1.821657e+00	( 0 1 5 7 6 2  )
G_LOOP:  2  2  6   	1.822819e+00	( 0 6 2 7 1 5  )
G_LOOP:  2  3  6   	1.821404e+00	( 0 6 5 7 1 2  )
G_LOOP:  2  4  6   	1.821922e+00	( 0 1 3 7 6 4  )
G_LOOP:  2  5  6   	1.817338e+00	( 0 1 4 7 6 3  )
G_LOOP:  2  6  6   	1.820607e+00	( 0 6 3 7 1 4  )
G_LOOP:  2  7  6   	1.823181e+00	( 0 6 4 7 1 3  )
G_LOOP:  2  8  6   	1.818823e+00	( 0 2 3 7 5 4  )
G_LOOP:  2  9  6   	1.819541e+00	( 0 2 4 7 5 3  )
G_LOOP:  2  10  6   	1.822350e+00	( 0 5 3 7 2 4  )
G_LOOP:  2  11  6   	1.817598e+00	( 0 5 4 7 2 3  )
G_LOOP:  2  12  6   	1.821659e+00	( 1 2 3 6 5 4  )
G_LOOP:  2  13  6   	1.824220e+00	( 1 2 4 6 5 3  )
G_LOOP:  2  14  6   	1.821604e+00	( 1 5 3 6 2 4  )
G_LOOP:  2  15  6   	1.824104e+00	( 1 5 4 6 2 3  )
GACTION: 2.575211e+00
CONGRAD5: time = 7.157087e-03 (fn F) masses = 1 iters = 4 mflops = 1.528470e+03
 OK converged final_rsq= 0.01 (cf 0.016) rel = 1 (cf 0) restarts = 1 iters= 4
CONGRAD5: time = 9.466171e-03 (fn F) masses = 1 iters = 6 mflops = 1.733445e+03
 OK converged final_rsq= 0.0087 (cf 0.016) rel = 1 (cf 0) restarts = 1 iters= 6
PBP: mass 1.250000e-01     6.839631e-02  1.024361e-01  -6.252925e-04  -1.562877e-03 ( 1 of 1 )
FACTION: mass = 1.250000e-01,  1.470003e+00 ( 1 of 1 )
CONGRAD5: time = 7.915974e-03 (fn F) masses = 1 iters = 4 mflops = 1.381939e+03
 OK converged final_rsq= 0.01 (cf 0.016) rel = 1 (cf 0) restarts = 1 iters= 4
CONGRAD5: time = 9.851217e-03 (fn F) masses = 1 iters = 6 mflops = 1.665691e+03
 OK converged final_rsq= 0.0087 (cf 0.016) rel = 1 (cf 0) restarts = 1 iters= 6
PBP: mass 1.250000e-01     7.042779e-02  1.006423e-01  -2.239626e-03  -2.553548e-03 ( 1 of 1 )
FACTION: mass = 1.250000e-01,  1.472298e+00 ( 1 of 1 )
CONGRAD5: time = 7.155895e-03 (fn F) masses = 1 iters = 4 mflops = 1.528724e+03
 OK converged final_rsq= 0.012 (cf 0.016) rel = 1 (cf 0) restarts = 1 iters= 4
CONGRAD5: time = 7.032871e-03 (fn F) masses = 1 iters = 4 mflops = 1.555466e+03
 OK converged final_rsq= 0.011 (cf 0.016) rel = 1 (cf 0) restarts = 1 iters= 4
GFTIME:   time = 1.389260e-01 (Symanzik1) mflops = 2.537474e+03
FFTIME:  time = 3.562219e-01 (asqtad3) terms = 2 mflops = 2.806852e+03
CONGRAD5: time = 1.002097e-02 (fn F) masses = 1 iters = 5 mflops = 1.364562e+03
 OK converged final_rsq= 0.0069 (cf 0.016) rel = 1 (cf 0) restarts = 1 iters= 5
CONGRAD5: time = 7.357121e-03 (fn F) masses = 1 iters = 4 mflops = 1.486912e+03
 OK converged final_rsq= 0.015 (cf 0.016) rel = 1 (cf 0) restarts = 1 iters= 4
GFTIME:   time = 1.181419e-01 (Symanzik1) mflops = 2.983880e+03
FFTIME:  time = 3.634870e-01 (asqtad3) terms = 2 mflops = 2.750751e+03
CONGRAD5: time = 8.411884e-03 (fn F) masses = 1 iters = 5 mflops = 1.625586e+03
 OK converged final_rsq= 0.0088 (cf 0.016) rel = 1 (cf 0) restarts = 1 iters= 5
CONGRAD5: time = 8.183956e-03 (fn F) masses = 1 iters = 5 mflops = 1.670859e+03
 OK converged final_rsq= 0.0084 (cf 0.016) rel = 1 (cf 0) restarts = 1 iters= 5
GFTIME:   time = 1.820071e-01 (Symanzik1) mflops = 1.936854e+03
FFTIME:  time = 3.683400e-01 (asqtad3) terms = 2 mflops = 2.714509e+03
CONGRAD5: time = 9.371996e-03 (fn F) masses = 1 iters = 5 mflops = 1.459053e+03
 OK converged final_rsq= 0.0085 (cf 0.016) rel = 1 (cf 0) restarts = 1 iters= 5
CONGRAD5: time = 8.460045e-03 (fn F) masses = 1 iters = 5 mflops = 1.616332e+03
 OK converged final_rsq= 0.0083 (cf 0.016) rel = 1 (cf 0) restarts = 1 iters= 5
GFTIME:   time = 1.157129e-01 (Symanzik1) mflops = 3.046517e+03
FFTIME:  time = 3.586910e-01 (asqtad3) terms = 2 mflops = 2.787531e+03
CONGRAD5: time = 8.862972e-03 (fn F) masses = 1 iters = 5 mflops = 1.542850e+03
 OK converged final_rsq= 0.0074 (cf 0.016) rel = 1 (cf 0) restarts = 1 iters= 5
CONGRAD5: time = 6.985903e-03 (fn F) masses = 1 iters = 4 mflops = 1.565924e+03
 OK converged final_rsq= 0.015 (cf 0.016) rel = 1 (cf 0) restarts = 1 iters= 4
GFTIME:   time = 1.124489e-01 (Symanzik1) mflops = 3.134945e+03
FFTIME:  time = 3.921070e-01 (asqtad3) terms = 2 mflops = 2.549973e+03
PLAQ:	2.013197	2.012697
P_LOOP:	-9.701261e-03	-3.360078e-02
G_LOOP:  0  0  4   	2.010792e+00	( 0 1 7 6  )
G_LOOP:  0  1  4   	2.013326e+00	( 0 2 7 5  )
G_LOOP:  0  2  4   	2.011958e+00	( 0 3 7 4  )
G_LOOP:  0  3  4   	2.015472e+00	( 1 2 6 5  )
G_LOOP:  0  4  4   	2.013512e+00	( 1 3 6 4  )
G_LOOP:  0  5  4   	2.012622e+00	( 2 3 5 4  )
G_LOOP:  1  0  6   	1.296020e+00	( 0 0 1 7 7 6  )
G_LOOP:  1  1  6   	1.302380e+00	( 0 0 2 7 7 5  )
G_LOOP:  1  2  6   	1.300113e+00	( 0 0 3 7 7 4  )
G_LOOP:  1  3  6   	1.297978e+00	( 1 1 0 6 6 7  )
G_LOOP:  1  4  6   	1.302920e+00	( 1 1 2 6 6 5  )
G_LOOP:  1  5  6   	1.301147e+00	( 1 1 3 6 6 4  )
G_LOOP:  1  6  6   	1.301421e+00	( 2 2 0 5 5 7  )
G_LOOP:  1  7  6   	1.302576e+00	( 2 2 1 5 5 6  )
G_LOOP:  1  8  6   	1.298934e+00	( 2 2 3 5 5 4  )
G_LOOP:  1  9  6   	1.299910e+00	( 3 3 0 4 4 7  )
G_LOOP:  1  10  6   	1.299603e+00	( 3 3 1 4 4 6  )
G_LOOP:  1  11  6   	1.299806e+00	( 3 3 2 4 4 5  )
G_LOOP:  2  0  6   	1.339921e+00	( 0 1 2 7 6 5  )
G_LOOP:  2  1  6   	1.347332e+00	( 0 1 5 7 6 2  )
G_LOOP:  2  2  6   	1.347822e+00	( 0 6 2 7 1 5  )
G_LOOP:  2  3  6   	1.345578e+00	( 0 6 5 7 1 2  )
G_LOOP:  2  4  6   	1.348037e+00	( 0 1 3 7 6 4  )
G_LOOP:  2  5  6   	1.342259e+00	( 0 1 4 7 6 3  )
G_LOOP:  2  6  6   	1.341849e+00	( 0 6 3 7 1 4  )
G_LOOP:  2  7  6   	1.343166e+00	( 0 6 4 7 1 3  )
G_LOOP:  2  8  6   	1.344500e+00	( 0 2 3 7 5 4  )
G_LOOP:  2  9  6   	1.342721e+00	( 0 2 4 7 5 3  )
G_LOOP:  2  10  6   	1.346118e+00	( 0 5 3 7 2 4  )
G_LOOP:  2  11  6   	1.343245e+00	( 0 5 4 7 2 3  )
G_LOOP:  2  12  6   	1.346085e+00	( 1 2 3 6 5 4  )
G_LOOP:  2  13  6   	1.347991e+00	( 1 2 4 6 5 3  )
G_LOOP:  2  14  6   	1.347405e+00	( 1 5 3 6 2 4  )
G_LOOP:  2  15  6   	1.344994e+00	( 1 5 4 6 2 3  )
GACTION: 4.065920e+00
CONGRAD5: time = 7.946968e-03 (fn F) masses = 1 iters = 4 mflops = 1.376549e+03
 OK converged final_rsq= 0.014 (cf 0.016) rel = 1 (cf 0) restarts = 1 iters= 4
CONGRAD5: time = 9.451866e-03 (fn F) masses = 1 iters = 6 mflops = 1.736069e+03
 OK converged final_rsq= 0.013 (cf 0.016) rel = 1 (cf 0) restarts = 1 iters= 6
PBP: mass 1.250000e-01     8.666703e-02  1.656794e-01  8.855824e-04  1.540118e-03 ( 1 of 1 )
FACTION: mass = 1.250000e-01,  1.448829e+00 ( 1 of 1 )
CONGRAD5: time = 7.071018e-03 (fn F) masses = 1 iters = 4 mflops = 1.547075e+03
 OK converged final_rsq= 0.014 (cf 0.016) rel = 1 (cf 0) restarts = 1 iters= 4
CONGRAD5: time = 9.421110e-03 (fn F) masses = 1 iters = 6 mflops = 1.741736e+03
 OK converged final_rsq= 0.013 (cf 0.016) rel = 1 (cf 0) restarts = 1 iters= 6
PBP: mass 1.250000e-01     8.854628e-02  1.707834e-01  -1.891601e-04  1.187543e-04 ( 1 of 1 )
FACTION: mass = 1.250000e-01,  1.441431e+00 ( 1 of 1 )
CONGRAD5: time = 8.313179e-03 (fn F) masses = 1 iters = 5 mflops = 1.644887e+03
 OK converged final_rsq= 0.0075 (cf 0.016) rel = 1 (cf 0) restarts = 1 iters= 5
CONGRAD5: time = 6.986141e-03 (fn F) masses = 1 iters = 4 mflops = 1.565870e+03
 OK converged final_rsq= 0.015 (cf 0.016) rel = 1 (cf 0) restarts = 1 iters= 4
GFTIME:   time = 1.124630e-01 (Symanzik1) mflops = 3.134553e+03
FFTIME:  time = 3.363650e-01 (asqtad3) terms = 2 mflops = 2.972552e+03
CONGRAD5: time = 8.304119e-03 (fn F) masses = 1 iters = 5 mflops = 1.646682e+03
 OK converged final_rsq= 0.0094 (cf 0.016) rel = 1 (cf 0) restarts = 1 iters= 5
CONGRAD5: time = 9.007931e-03 (fn F) masses = 1 iters = 5 mflops = 1.518022e+03
 OK converged final_rsq= 0.0087 (cf 0.016) rel = 1 (cf 0) restarts = 1 iters= 5
GFTIME:   time = 1.154251e-01 (Symanzik1) mflops = 3.054112e+03
FFTIME:  time = 3.422482e-01 (asqtad3) terms = 2 mflops = 2.921454e+03
CONGRAD5: time = 1.036596e-02 (fn F) masses = 1 iters = 5 mflops = 1.319148e+03
 OK converged final_rsq= 0.011 (cf 0.016) rel = 1 (cf 0) restarts = 1 iters= 5
CONGRAD5: time = 8.252144e-03 (fn F) masses = 1 iters = 5 mflops = 1.657053e+03
 OK converged final_rsq= 0.01 (cf 0.016) rel = 1 (cf 0) restarts = 1 iters= 5
GFTIME:   time = 1.135321e-01 (Symanzik1) mflops = 3.105037e+03
FFTIME:  time = 3.393209e-01 (asqtad3) terms = 2 mflops = 2.946657e+03
CONGRAD5: time = 8.314133e-03 (fn F) masses = 1 iters = 5 mflops = 1.644698e+03
 OK converged final_rsq= 0.011 (cf 0.016) rel = 1 (cf 0) restarts = 1 iters= 5
CONGRAD5: time = 8.190155e-03 (fn F) masses = 1 iters = 5 mflops = 1.669595e+03
 OK converged final_rsq= 0.01 (cf 0.016) rel = 1 (cf 0) restarts = 1 iters= 5
GFTIME:   time = 1.143858e-01 (Symanzik1) mflops = 3.081861e+03
FFTIME:  time = 3.919930e-01 (asqtad3) terms = 2 mflops = 2.550714e+03
CONGRAD5: time = 2.448201e-02 (fn F) masses = 1 iters = 5 mflops = 5.585423e+02
 OK converged final_rsq= 0.0099 (cf 0.016) rel = 1 (cf 0) restarts = 1 iters= 5
CONGRAD5: time = 8.662939e-03 (fn F) masses = 1 iters = 5 mflops = 1.578476e+03
 OK converged final_rsq= 0.0095 (cf 0.016) rel = 1 (cf 0) restarts = 1 iters= 5
GFTIME:   time = 1.209311e-01 (Symanzik1) mflops = 2.915057e+03
FFTIME:  time = 3.368762e-01 (asqtad3) terms = 2 mflops = 2.968041e+03
PLAQ:	1.791285	1.791269
P_LOOP:	-6.432483e-03	-5.703914e-03
G_LOOP:  0  0  4   	1.790148e+00	( 0 1 7 6  )
G_LOOP:  0  1  4   	1.791518e+00	( 0 2 7 5  )
G_LOOP:  0  2  4   	1.792043e+00	( 0 3 7 4  )
G_LOOP:  0  3  4   	1.792188e+00	( 1 2 6 5  )
G_LOOP:  0  4  4   	1.790762e+00	( 1 3 6 4  )
G_LOOP:  0  5  4   	1.791001e+00	( 2 3 5 4  )
G_LOOP:  1  0  6   	1.019748e+00	( 0 0 1 7 7 6  )
G_LOOP:  1  1  6   	1.025132e+00	( 0 0 2 7 7 5  )
G_LOOP:  1  2  6   	1.023343e+00	( 0 0 3 7 7 4  )
G_LOOP:  1  3  6   	1.020574e+00	( 1 1 0 6 6 7  )
G_LOOP:  1  4  6   	1.021528e+00	( 1 1 2 6 6 5  )
G_LOOP:  1  5  6   	1.025131e+00	( 1 1 3 6 6 4  )
G_LOOP:  1  6  6   	1.026650e+00	( 2 2 0 5 5 7  )
G_LOOP:  1  7  6   	1.018998e+00	( 2 2 1 5 5 6  )
G_LOOP:  1  8  6   	1.019490e+00	( 2 2 3 5 5 4  )
G_LOOP:  1  9  6   	1.025211e+00	( 3 3 0 4 4 7  )
G_LOOP:  1  10  6   	1.026625e+00	( 3 3 1 4 4 6  )
G_LOOP:  1  11  6   	1.022026e+00	( 3 3 2 4 4 5  )
G_LOOP:  2  0  6   	1.057034e+00	( 0 1 2 7 6 5  )
G_LOOP:  2  1  6   	1.059629e+00	( 0 1 5 7 6 2  )
G_LOOP:  2  2  6   	1.056571e+00	( 0 6 2 7 1 5  )
G_LOOP:  2  3  6   	1.053607e+00	( 0 6 5 7 1 2  )
G_LOOP:  2  4  6   	1.063099e+00	( 0 1 3 7 6 4  )
G_LOOP:  2  5  6   	1.054479e+00	( 0 1 4 7 6 3  )
G_LOOP:  2  6  6   	1.050944e+00	( 0 6 3 7 1 4  )
G_LOOP:  2  7  6   	1.056895e+00	( 0 6 4 7 1 3  )
G_LOOP:  2  8  6   	1.054540e+00	( 0 2 3 7 5 4  )
G_LOOP:  2  9  6   	1.059955e+00	( 0 2 4 7 5 3  )
G_LOOP:  2  10  6   	1.063218e+00	( 0 5 3 7 2 4  )
G_LOOP:  2  11  6   	1.057845e+00	( 0 5 4 7 2 3  )
G_LOOP:  2  12  6   	1.060030e+00	( 1 2 3 6 5 4  )
G_LOOP:  2  13  6   	1.055929e+00	( 1 2 4 6 5 3  )
G_LOOP:  2  14  6   	1.056636e+00	( 1 5 3 6 2 4  )
G_LOOP:  2  15  6   	1.057973e+00	( 1 5 4 6 2 3  )
GACTION: 5.090137e+00
CONGRAD5: time = 9.064198e-03 (fn F) masses = 1 iters = 5 mflops = 1.508599e+03
 OK converged final_rsq= 0.0085 (cf 0.016) rel = 1 (cf 0) restarts = 1 iters= 5
CONGRAD5: time = 9.434938e-03 (fn F) masses = 1 iters = 6 mflops = 1.739183e+03
 OK converged final_rsq= 0.015 (cf 0.016) rel = 1 (cf 0) restarts = 1 iters= 6
PBP: mass 1.250000e-01     1.097814e-01  3.050916e-01  6.159745e-04  1.073530e-03 ( 1 of 1 )
FACTION: mass = 1.250000e-01,  1.454408e+00 ( 1 of 1 )
CONGRAD5: time = 8.248806e-03 (fn F) masses = 1 iters = 5 mflops = 1.657724e+03
 OK converged final_rsq= 0.0085 (cf 0.016) rel = 1 (cf 0) restarts = 1 iters= 5
CONGRAD5: time = 9.464025e-03 (fn F) masses = 1 iters = 6 mflops = 1.733838e+03
 OK converged final_rsq= 0.015 (cf 0.016) rel = 1 (cf 0) restarts = 1 iters= 6
PBP: mass 1.250000e-01     1.050922e-01  3.076434e-01  3.700241e-03  3.379920e-03 ( 1 of 1 )
FACTION: mass = 1.250000e-01,  1.453909e+00 ( 1 of 1 )
CONGRAD5: time = 1.470208e-02 (fn F) masses = 1 iters = 5 mflops = 9.300887e+02
 OK converged final_rsq= 0.01 (cf 0.016) rel = 1 (cf 0) restarts = 1 iters= 5
CONGRAD5: time = 1.196218e-02 (fn F) masses = 1 iters = 5 mflops = 1.143123e+03
 OK converged final_rsq= 0.0097 (cf 0.016) rel = 1 (cf 0) restarts = 1 iters= 5
GFTIME:   time = 1.214550e-01 (Symanzik1) mflops = 2.902485e+03
FFTIME:  time = 3.372390e-01 (asqtad3) terms = 2 mflops = 2.964847e+03
CONGRAD5: time = 8.808136e-03 (fn F) masses = 1 iters = 5 mflops = 1.552456e+03
 OK converged final_rsq= 0.012 (cf 0.016) rel = 1 (cf 0) restarts = 1 iters= 5
CONGRAD5: time = 8.217096e-03 (fn F) masses = 1 iters = 5 mflops = 1.664121e+03
 OK converged final_rsq= 0.011 (cf 0.016) rel = 1 (cf 0) restarts = 1 iters= 5
GFTIME:   time = 1.126850e-01 (Symanzik1) mflops = 3.128378e+03
FFTIME:  time = 3.953750e-01 (asqtad3) terms = 2 mflops = 2.528896e+03
CONGRAD5: time = 9.106874e-03 (fn F) masses = 1 iters = 5 mflops = 1.501529e+03
 OK converged final_rsq= 0.012 (cf 0.016) rel = 1 (cf 0) restarts = 1 iters= 5
CONGRAD5: time = 8.445978e-03 (fn F) masses = 1 iters = 5 mflops = 1.619024e+03
 OK converged final_rsq= 0.012 (cf 0.016) rel = 1 (cf 0) restarts = 1 iters= 5
GFTIME:   time = 1.134570e-01 (Symanzik1) mflops = 3.107092e+03
FFTIME:  time = 3.395870e-01 (asqtad3) terms = 2 mflops = 2.944348e+03
CONGRAD5: time = 8.324862e-03 (fn F) masses = 1 iters = 5 mflops = 1.642579e+03
 OK converged final_rsq= 0.012 (cf 0.016) rel = 1 (cf 0) restarts = 1 iters= 5
CONGRAD5: time = 1.158094e-02 (fn F) masses = 1 iters = 5 mflops = 1.180753e+03
 OK converged final_rsq= 0.012 (cf 0.016) rel = 1 (cf 0) restarts = 1 iters= 5
GFTIME:   time = 1.580958e-01 (Symanzik1) mflops = 2.229794e+03
FFTIME:  time = 3.558211e-01 (asqtad3) terms = 2 mflops = 2.810014e+03
CONGRAD5: time = 8.347988e-03 (fn F) masses = 1 iters = 5 mflops = 1.638028e+03
 OK converged final_rsq= 0.012 (cf 0.016) rel = 1 (cf 0) restarts = 1 iters= 5
CONGRAD5: time = 9.016037e-03 (fn F) masses = 1 iters = 5 mflops = 1.516657e+03
 OK converged final_rsq= 0.011 (cf 0.016) rel = 1 (cf 0) restarts = 1 iters= 5
GFTIME:   time = 1.133671e-01 (Symanzik1) mflops = 3.109555e+03
FFTIME:  time = 3.907969e-01 (asqtad3) terms = 2 mflops = 2.558522e+03
PLAQ:	1.644329	1.645266
P_LOOP:	-6.709792e-03	2.457538e-02
G_LOOP:  0  0  4   	1.645259e+00	( 0 1 7 6  )
G_LOOP:  0  1  4   	1.644887e+00	( 0 2 7 5  )
G_LOOP:  0  2  4   	1.648300e+00	( 0 3 7 4  )
G_LOOP:  0  3  4   	1.642841e+00	( 1 2 6 5  )
G_LOOP:  0  4  4   	1.643302e+00	( 1 3 6 4  )
G_LOOP:  0  5  4   	1.644196e+00	( 2 3 5 4  )
G_LOOP:  1  0  6   	8.570332e-01	( 0 0 1 7 7 6  )
G_LOOP:  1  1  6   	8.564349e-01	( 0 0 2 7 7 5  )
G_LOOP:  1  2  6   	8.575904e-01	( 0 0 3 7 7 4  )
G_LOOP:  1  3  6   	8.546200e-01	( 1 1 0 6 6 7  )
G_LOOP:  1  4  6   	8.518105e-01	( 1 1 2 6 6 5  )
G_LOOP:  1  5  6   	8.528352e-01	( 1 1 3 6 6 4  )
G_LOOP:  1  6  6   	8.522190e-01	( 2 2 0 5 5 7  )
G_LOOP:  1  7  6   	8.538568e-01	( 2 2 1 5 5 6  )
G_LOOP:  1  8  6   	8.539536e-01	( 2 2 3 5 5 4  )
G_LOOP:  1  9  6   	8.538749e-01	( 3 3 0 4 4 7  )
G_LOOP:  1  10  6   	8.509052e-01	( 3 3 1 4 4 6  )
G_LOOP:  1  11  6   	8.542319e-01	( 3 3 2 4 4 5  )
G_LOOP:  2  0  6   	8.757616e-01	( 0 1 2 7 6 5  )
G_LOOP:  2  1  6   	8.783519e-01	( 0 1 5 7 6 2  )
G_LOOP:  2  2  6   	8.732871e-01	( 0 6 2 7 1 5  )
G_LOOP:  2  3  6   	8.757185e-01	( 0 6 5 7 1 2  )
G_LOOP:  2  4  6   	8.808826e-01	( 0 1 3 7 6 4  )
G_LOOP:  2  5  6   	8.805856e-01	( 0 1 4 7 6 3  )
G_LOOP:  2  6  6   	8.736942e-01	( 0 6 3 7 1 4  )
G_LOOP:  2  7  6   	8.766187e-01	( 0 6 4 7 1 3  )
G_LOOP:  2  8  6   	8.765765e-01	( 0 2 3 7 5 4  )
G_LOOP:  2  9  6   	8.804759e-01	( 0 2 4 7 5 3  )
G_LOOP:  2  10  6   	8.758448e-01	( 0 5 3 7 2 4  )
G_LOOP:  2  11  6   	8.745625e-01	( 0 5 4 7 2 3  )
G_LOOP:  2  12  6   	8.722904e-01	( 1 2 3 6 5 4  )
G_LOOP:  2  13  6   	8.801306e-01	( 1 2 4 6 5 3  )
G_LOOP:  2  14  6   	8.763059e-01	( 1 5 3 6 2 4  )
G_LOOP:  2  15  6   	8.742140e-01	( 1 5 4 6 2 3  )
GACTION: 5.781983e+00
CONGRAD5: time = 9.522200e-03 (fn F) masses = 1 iters = 5 mflops = 1.436038e+03
 OK converged final_rsq= 0.01 (cf 0.016) rel = 1 (cf 0) restarts = 1 iters= 5
CONGRAD5: time = 1.129889e-02 (fn F) masses = 1 iters = 7 mflops = 1.694319e+03
 OK converged final_rsq= 0.0082 (cf 0.016) rel = 1 (cf 0) restarts = 1 iters= 7
PBP: mass 1.250000e-01     1.244008e-01  3.278295e-01  1.524636e-03  4.785546e-05 ( 1 of 1 )
FACTION: mass = 1.250000e-01,  1.429116e+00 ( 1 of 1 )
CONGRAD5: time = 8.295059e-03 (fn F) masses = 1 iters = 5 mflops = 1.648480e+03
 OK converged final_rsq= 0.01 (cf 0.016) rel = 1 (cf 0) restarts = 1 iters= 5
CONGRAD5: time = 1.069093e-02 (fn F) masses = 1 iters = 7 mflops = 1.790671e+03
 OK converged final_rsq= 0.0083 (cf 0.016) rel = 1 (cf 0) restarts = 1 iters= 7
PBP: mass 1.250000e-01     1.240261e-01  3.300110e-01  -6.302996e-04  -4.874612e-04 ( 1 of 1 )
FACTION: mass = 1.250000e-01,  1.440693e+00 ( 1 of 1 )
RUNNING COMPLETED
average cg iters for step= 1.100000e+01
Time = 1.467572e+01 seconds
total_iters = 552
Checksums eb39cb37 375da3b2
Saved gauge configuration in parallel to binary file lat_p64_size64_1
Time stamp Wed May 18 22:09:26 2022
Wrote info file lat_p64_size64_1.info
Time to save = 3.811760e-01
CHECK PLAQ: 1.644329e+00 1.645266e+00
CHECK NERSC LINKTR: 1.712149e-01 CKSUM: b2397a8b


warms 0
trajecs 4
traj_between_meas 1
beta 5.6
mass1 0.01
mass2 0.01
u0 0.8441
microcanonical_time_step 0.02
steps_per_trajectory 15
max_cg_iterations 300
max_cg_restarts 5
error_per_site 1e-05
error_for_propagator 1e-05
npbp_reps 1
prec_pbp 1
reload_parallel lat_p64_size64_1
save_parallel lat_p64_size64_2
Restored binary gauge configuration in parallel from file lat_p64_size64_1
Time stamp Wed May 18 22:09:26 2022
Checksums eb39cb37 375da3b2 OK
Time to reload gauge configuration = 1.711500e-01
CHECK PLAQ: 1.644329e+00 1.645266e+00
CHECK NERSC LINKTR: 1.712149e-01 CKSUM: b2397a8b
Unitarity checked.  Max deviation 2.98e-07
Time to check unitarity = 8.900166e-04
"O(a^2): couplings(pi)=0, Naik term, No O(a^2) errors, tadpole weights"
path coefficients: npath  path_coeff  multiplicity
                    0      6.250000e-01     8
                    1      -5.847914e-02     8
                    2      -8.771871e-02     48
                    3      3.077829e-02     192
                    4      -7.199551e-03     384
                    5      -1.231132e-01     48
Symanzik 1x1 + 1x2 + 1x1x1 action
gauge_action: total_dyn_flavors = 3
loop coefficients: nloop rep loop_coeff  multiplicity
                    0 0      1.000000e+00     6
                    1 0      -7.762509e-02     12
                    2 0      -1.031171e-02     16
WARMUPS COMPLETED
CONGRAD5: time = 8.429091e-01 (fn F) masses = 1 iters = 602 mflops = 1.953210e+03
 OK converged final_rsq= 8.7e-11 (cf 1e-10) rel = 1 (cf 0) restarts = 3 iters= 602
CONGRAD5: time = 7.448330e-01 (fn F) masses = 1 iters = 602 mflops = 2.210400e+03
 OK converged final_rsq= 5.9e-11 (cf 1e-10) rel = 1 (cf 0) restarts = 3 iters= 602
GFTIME:   time = 1.226690e-01 (Symanzik1) mflops = 2.873760e+03
FFTIME:  time = 3.592620e-01 (asqtad3) terms = 2 mflops = 2.783101e+03
CONGRAD5: time = 9.254091e-01 (fn F) masses = 1 iters = 697 mflops = 2.059834e+03
 OK converged final_rsq= 1e-10 (cf 1e-10) rel = 1 (cf 0) restarts = 3 iters= 697
CONGRAD5: time = 7.687240e-01 (fn F) masses = 1 iters = 602 mflops = 2.141703e+03
 OK converged final_rsq= 8.1e-11 (cf 1e-10) rel = 1 (cf 0) restarts = 3 iters= 602
GFTIME:   time = 1.187191e-01 (Symanzik1) mflops = 2.969372e+03
FFTIME:  time = 3.533759e-01 (asqtad3) terms = 2 mflops = 2.829458e+03
CONGRAD5: time = 9.523439e-01 (fn F) masses = 1 iters = 696 mflops = 1.998705e+03
 OK converged final_rsq= 9.8e-11 (cf 1e-10) rel = 1 (cf 0) restarts = 3 iters= 696
CONGRAD5: time = 7.943010e-01 (fn F) masses = 1 iters = 602 mflops = 2.072739e+03
 OK converged final_rsq= 4.9e-11 (cf 1e-10) rel = 1 (cf 0) restarts = 3 iters= 602
GFTIME:   time = 1.195729e-01 (Symanzik1) mflops = 2.948170e+03
FFTIME:  time = 3.610620e-01 (asqtad3) terms = 2 mflops = 2.769226e+03
CONGRAD5: time = 9.636829e-01 (fn F) masses = 1 iters = 736 mflops = 2.088704e+03
 OK converged final_rsq= 5e-11 (cf 1e-10) rel = 1 (cf 0) restarts = 4 iters= 736
CONGRAD5: time = 7.455280e-01 (fn F) masses = 1 iters = 602 mflops = 2.208339e+03
 OK converged final_rsq= 6.1e-11 (cf 1e-10) rel = 1 (cf 0) restarts = 3 iters= 602
GFTIME:   time = 1.161482e-01 (Symanzik1) mflops = 3.035098e+03
FFTIME:  time = 3.636839e-01 (asqtad3) terms = 2 mflops = 2.749262e+03
CONGRAD5: time = 9.895880e-01 (fn F) masses = 1 iters = 712 mflops = 1.967699e+03
 OK converged final_rsq= 9.9e-11 (cf 1e-10) rel = 1 (cf 0) restarts = 3 iters= 712
CONGRAD5: time = 8.002119e-01 (fn F) masses = 1 iters = 602 mflops = 2.057428e+03
 OK converged final_rsq= 4.4e-11 (cf 1e-10) rel = 1 (cf 0) restarts = 3 iters= 602
GFTIME:   time = 1.219831e-01 (Symanzik1) mflops = 2.889920e+03
FFTIME:  time = 3.397741e-01 (asqtad3) terms = 2 mflops = 2.942726e+03
CONGRAD5: time = 1.016406e+00 (fn F) masses = 1 iters = 723 mflops = 1.945379e+03
 OK converged final_rsq= 9.9e-11 (cf 1e-10) rel = 1 (cf 0) restarts = 3 iters= 723
CONGRAD5: time = 8.952339e-01 (fn F) masses = 1 iters = 694 mflops = 2.120099e+03
 OK converged final_rsq= 9.9e-11 (cf 1e-10) rel = 1 (cf 0) restarts = 3 iters= 694
GFTIME:   time = 1.227100e-01 (Symanzik1) mflops = 2.872800e+03
FFTIME:  time = 3.759711e-01 (asqtad3) terms = 2 mflops = 2.659413e+03
CONGRAD5: time = 9.528608e-01 (fn F) masses = 1 iters = 702 mflops = 2.014841e+03
 OK converged final_rsq= 9.9e-11 (cf 1e-10) rel = 1 (cf 0) restarts = 3 iters= 702
CONGRAD5: time = 9.222820e-01 (fn F) masses = 1 iters = 691 mflops = 2.049026e+03
 OK converged final_rsq= 9.9e-11 (cf 1e-10) rel = 1 (cf 0) restarts = 3 iters= 691
GFTIME:   time = 1.182809e-01 (Symanzik1) mflops = 2.980373e+03
FFTIME:  time = 3.356321e-01 (asqtad3) terms = 2 mflops = 2.979043e+03
CONGRAD5: time = 1.020579e+00 (fn F) masses = 1 iters = 747 mflops = 2.001738e+03
 OK converged final_rsq= 5e-11 (cf 1e-10) rel = 1 (cf 0) restarts = 4 iters= 747
CONGRAD5: time = 9.734979e-01 (fn F) masses = 1 iters = 698 mflops = 1.960892e+03
 OK converged final_rsq= 9.9e-11 (cf 1e-10) rel = 1 (cf 0) restarts = 3 iters= 698
GFTIME:   time = 1.229699e-01 (Symanzik1) mflops = 2.866728e+03
FFTIME:  time = 3.540652e-01 (asqtad3) terms = 2 mflops = 2.823950e+03
CONGRAD5: time = 8.084171e-01 (fn F) masses = 1 iters = 602 mflops = 2.036546e+03
 OK converged final_rsq= 6.1e-11 (cf 1e-10) rel = 1 (cf 0) restarts = 3 iters= 602
CONGRAD5: time = 7.653432e-01 (fn F) masses = 1 iters = 602 mflops = 2.151164e+03
 OK converged final_rsq= 8.1e-11 (cf 1e-10) rel = 1 (cf 0) restarts = 3 iters= 602
GFTIME:   time = 1.383641e-01 (Symanzik1) mflops = 2.547780e+03
FFTIME:  time = 3.594370e-01 (asqtad3) terms = 2 mflops = 2.781746e+03
CONGRAD5: time = 9.991920e-01 (fn F) masses = 1 iters = 733 mflops = 2.006265e+03
 OK converged final_rsq= 1e-10 (cf 1e-10) rel = 1 (cf 0) restarts = 3 iters= 733
CONGRAD5: time = 9.217522e-01 (fn F) masses = 1 iters = 687 mflops = 2.038336e+03
 OK converged final_rsq= 5e-11 (cf 1e-10) rel = 1 (cf 0) restarts = 4 iters= 687
GFTIME:   time = 1.251950e-01 (Symanzik1) mflops = 2.815777e+03
FFTIME:  time = 3.418100e-01 (asqtad3) terms = 2 mflops = 2.925199e+03
CONGRAD5: time = 9.289851e-01 (fn F) masses = 1 iters = 702 mflops = 2.066624e+03
 OK converged final_rsq= 1e-10 (cf 1e-10) rel = 1 (cf 0) restarts = 3 iters= 702
CONGRAD5: time = 9.909048e-01 (fn F) masses = 1 iters = 714 mflops = 1.970604e+03
 OK converged final_rsq= 9.9e-11 (cf 1e-10) rel = 1 (cf 0) restarts = 3 iters= 714
GFTIME:   time = 1.165781e-01 (Symanzik1) mflops = 3.023906e+03
FFTIME:  time = 3.940620e-01 (asqtad3) terms = 2 mflops = 2.537322e+03
CONGRAD5: time = 9.719870e-01 (fn F) masses = 1 iters = 736 mflops = 2.070859e+03
 OK converged final_rsq= 5e-11 (cf 1e-10) rel = 1 (cf 0) restarts = 4 iters= 736
CONGRAD5: time = 9.138188e-01 (fn F) masses = 1 iters = 691 mflops = 2.068003e+03
 OK converged final_rsq= 1e-10 (cf 1e-10) rel = 1 (cf 0) restarts = 3 iters= 691
GFTIME:   time = 1.164761e-01 (Symanzik1) mflops = 3.026555e+03
FFTIME:  time = 3.592582e-01 (asqtad3) terms = 2 mflops = 2.783130e+03
CONGRAD5: time = 8.066921e-01 (fn F) masses = 1 iters = 602 mflops = 2.040901e+03
 OK converged final_rsq= 5.9e-11 (cf 1e-10) rel = 1 (cf 0) restarts = 3 iters= 602
CONGRAD5: time = 9.571838e-01 (fn F) masses = 1 iters = 704 mflops = 2.011456e+03
 OK converged final_rsq= 9.9e-11 (cf 1e-10) rel = 1 (cf 0) restarts = 3 iters= 704
GFTIME:   time = 1.210179e-01 (Symanzik1) mflops = 2.912967e+03
FFTIME:  time = 4.024282e-01 (asqtad3) terms = 2 mflops = 2.484573e+03
CONGRAD5: time = 9.056680e-01 (fn F) masses = 1 iters = 722 mflops = 2.180225e+03
 OK converged final_rsq= 1e-10 (cf 1e-10) rel = 1 (cf 0) restarts = 3 iters= 722
CONGRAD5: time = 9.949691e-01 (fn F) masses = 1 iters = 714 mflops = 1.962555e+03
 OK converged final_rsq= 9.9e-11 (cf 1e-10) rel = 1 (cf 0) restarts = 3 iters= 714
GFTIME:   time = 1.198618e-01 (Symanzik1) mflops = 2.941063e+03
FFTIME:  time = 3.534770e-01 (asqtad3) terms = 2 mflops = 2.828649e+03
CONGRAD5: time = 9.835610e-01 (fn F) masses = 1 iters = 734 mflops = 2.040929e+03
 OK converged final_rsq= 5e-11 (cf 1e-10) rel = 1 (cf 0) restarts = 4 iters= 734
CONGRAD5: time = 1.004593e+00 (fn F) masses = 1 iters = 730 mflops = 1.987312e+03
 OK converged final_rsq= 5e-11 (cf 1e-10) rel = 1 (cf 0) restarts = 4 iters= 730
GFTIME:   time = 1.136951e-01 (Symanzik1) mflops = 3.100583e+03
FFTIME:  time = 3.407362e-01 (asqtad3) terms = 2 mflops = 2.934418e+03
PLAQ:	1.539774	1.537947
P_LOOP:	2.137525e-02	-1.868548e-03
G_LOOP:  0  0  4   	1.540746e+00	( 0 1 7 6  )
G_LOOP:  0  1  4   	1.540140e+00	( 0 2 7 5  )
G_LOOP:  0  2  4   	1.541719e+00	( 0 3 7 4  )
G_LOOP:  0  3  4   	1.538434e+00	( 1 2 6 5  )
G_LOOP:  0  4  4   	1.537550e+00	( 1 3 6 4  )
G_LOOP:  0  5  4   	1.534573e+00	( 2 3 5 4  )
G_LOOP:  1  0  6   	7.790819e-01	( 0 0 1 7 7 6  )
G_LOOP:  1  1  6   	7.799391e-01	( 0 0 2 7 7 5  )
G_LOOP:  1  2  6   	7.791043e-01	( 0 0 3 7 7 4  )
G_LOOP:  1  3  6   	7.764447e-01	( 1 1 0 6 6 7  )
G_LOOP:  1  4  6   	7.782270e-01	( 1 1 2 6 6 5  )
G_LOOP:  1  5  6   	7.747586e-01	( 1 1 3 6 6 4  )
G_LOOP:  1  6  6   	7.836418e-01	( 2 2 0 5 5 7  )
G_LOOP:  1  7  6   	7.799032e-01	( 2 2 1 5 5 6  )
G_LOOP:  1  8  6   	7.734723e-01	( 2 2 3 5 5 4  )
G_LOOP:  1  9  6   	7.777085e-01	( 3 3 0 4 4 7  )
G_LOOP:  1  10  6   	7.756252e-01	( 3 3 1 4 4 6  )
G_LOOP:  1  11  6   	7.764703e-01	( 3 3 2 4 4 5  )
G_LOOP:  2  0  6   	7.994985e-01	( 0 1 2 7 6 5  )
G_LOOP:  2  1  6   	7.979915e-01	( 0 1 5 7 6 2  )
G_LOOP:  2  2  6   	7.953705e-01	( 0 6 2 7 1 5  )
G_LOOP:  2  3  6   	8.003053e-01	( 0 6 5 7 1 2  )
G_LOOP:  2  4  6   	8.009586e-01	( 0 1 3 7 6 4  )
G_LOOP:  2  5  6   	7.984360e-01	( 0 1 4 7 6 3  )
G_LOOP:  2  6  6   	7.979490e-01	( 0 6 3 7 1 4  )
G_LOOP:  2  7  6   	7.995333e-01	( 0 6 4 7 1 3  )
G_LOOP:  2  8  6   	7.957329e-01	( 0 2 3 7 5 4  )
G_LOOP:  2  9  6   	7.977878e-01	( 0 2 4 7 5 3  )
G_LOOP:  2  10  6   	7.963617e-01	( 0 5 3 7 2 4  )
G_LOOP:  2  11  6   	7.972991e-01	( 0 5 4 7 2 3  )
G_LOOP:  2  12  6   	7.945366e-01	( 1 2 3 6 5 4  )
G_LOOP:  2  13  6   	8.011747e-01	( 1 2 4 6 5 3  )
G_LOOP:  2  14  6   	7.986753e-01	( 1 5 3 6 2 4  )
G_LOOP:  2  15  6   	7.990682e-01	( 1 5 4 6 2 3  )
GACTION: 6.333642e+00
CONGRAD5: time = 9.494541e-01 (fn F) masses = 1 iters = 710 mflops = 2.045114e+03
 OK converged final_rsq= 9.9e-11 (cf 1e-10) rel = 1 (cf 0) restarts = 3 iters= 710
CONGRAD5: time = 1.118121e-01 (fn F) masses = 1 iters = 79 mflops = 1.932286e+03
 OK converged final_rsq= 9.7e-11 (cf 1e-10) rel = 1 (cf 0) restarts = 1 iters= 79
PBP: mass 1.000000e-02     5.439549e-02  3.149370e-02  7.460282e-03  7.456457e-03 ( 1 of 1 )
FACTION: mass = 1.000000e-02,  1.500299e+00 ( 1 of 1 )
CONGRAD5: time = 9.044960e-01 (fn F) masses = 1 iters = 701 mflops = 2.119554e+03
 OK converged final_rsq= 5e-11 (cf 1e-10) rel = 1 (cf 0) restarts = 4 iters= 701
CONGRAD5: time = 1.009409e-01 (fn F) masses = 1 iters = 73 mflops = 1.977829e+03
 OK converged final_rsq= 9.9e-11 (cf 1e-10) rel = 1 (cf 0) restarts = 1 iters= 73
PBP: mass 1.000000e-02     5.045901e-02  4.403169e-02  -3.122000e-03  -3.124954e-03 ( 1 of 1 )
FACTION: mass = 1.000000e-02,  1.498603e+00 ( 1 of 1 )
CONGRAD5: time = 1.022209e+00 (fn F) masses = 1 iters = 724 mflops = 1.937011e+03
 OK converged final_rsq= 9.8e-11 (cf 1e-10) rel = 1 (cf 0) restarts = 3 iters= 724
CONGRAD5: time = 8.933010e-01 (fn F) masses = 1 iters = 685 mflops = 2.097133e+03
 OK converged final_rsq= 9.8e-11 (cf 1e-10) rel = 1 (cf 0) restarts = 3 iters= 685
GFTIME:   time = 1.174340e-01 (Symanzik1) mflops = 3.001866e+03
FFTIME:  time = 3.499119e-01 (asqtad3) terms = 2 mflops = 2.857468e+03
CONGRAD5: time = 9.813738e-01 (fn F) masses = 1 iters = 746 mflops = 2.078919e+03
 OK converged final_rsq= 5e-11 (cf 1e-10) rel = 1 (cf 0) restarts = 4 iters= 746
CONGRAD5: time = 7.944560e-01 (fn F) masses = 1 iters = 602 mflops = 2.072334e+03
 OK converged final_rsq= 7.6e-11 (cf 1e-10) rel = 1 (cf 0) restarts = 3 iters= 602
GFTIME:   time = 1.390669e-01 (Symanzik1) mflops = 2.534903e+03
FFTIME:  time = 3.596909e-01 (asqtad3) terms = 2 mflops = 2.779782e+03
CONGRAD5: time = 9.723220e-01 (fn F) masses = 1 iters = 729 mflops = 2.050457e+03
 OK converged final_rsq= 5e-11 (cf 1e-10) rel = 1 (cf 0) restarts = 4 iters= 729
CONGRAD5: time = 8.869369e-01 (fn F) masses = 1 iters = 711 mflops = 2.192351e+03
 OK converged final_rsq= 5e-11 (cf 1e-10) rel = 1 (cf 0) restarts = 4 iters= 711
GFTIME:   time = 1.219242e-01 (Symanzik1) mflops = 2.891315e+03
FFTIME:  time = 3.610260e-01 (asqtad3) terms = 2 mflops = 2.769502e+03
CONGRAD5: time = 8.874061e-01 (fn F) masses = 1 iters = 699 mflops = 2.154210e+03
 OK converged final_rsq= 5e-11 (cf 1e-10) rel = 1 (cf 0) restarts = 4 iters= 699
CONGRAD5: time = 1.007461e+00 (fn F) masses = 1 iters = 719 mflops = 1.951794e+03
 OK converged final_rsq= 1e-10 (cf 1e-10) rel = 1 (cf 0) restarts = 3 iters= 719
GFTIME:   time = 1.182811e-01 (Symanzik1) mflops = 2.980367e+03
FFTIME:  time = 3.712890e-01 (asqtad3) terms = 2 mflops = 2.692949e+03
CONGRAD5: time = 9.101801e-01 (fn F) masses = 1 iters = 731 mflops = 2.196460e+03
 OK converged final_rsq= 1e-10 (cf 1e-10) rel = 1 (cf 0) restarts = 3 iters= 731
CONGRAD5: time = 9.609609e-01 (fn F) masses = 1 iters = 683 mflops = 1.943785e+03
 OK converged final_rsq= 5e-11 (cf 1e-10) rel = 1 (cf 0) restarts = 4 iters= 683
GFTIME:   time = 1.186211e-01 (Symanzik1) mflops = 2.971825e+03
FFTIME:  time = 3.503330e-01 (asqtad3) terms = 2 mflops = 2.854034e+03
CONGRAD5: time = 1.109611e+00 (fn F) masses = 1 iters = 771 mflops = 1.900277e+03
 OK converged final_rsq= 5e-11 (cf 1e-10) rel = 1 (cf 0) restarts = 4 iters= 771
CONGRAD5: time = 8.978920e-01 (fn F) masses = 1 iters = 712 mflops = 2.168648e+03
 OK converged final_rsq= 1e-10 (cf 1e-10) rel = 1 (cf 0) restarts = 3 iters= 712
GFTIME:   time = 1.133370e-01 (Symanzik1) mflops = 3.110380e+03
FFTIME:  time = 3.384030e-01 (asqtad3) terms = 2 mflops = 2.954650e+03
CONGRAD5: time = 9.516060e-01 (fn F) masses = 1 iters = 714 mflops = 2.051985e+03
 OK converged final_rsq= 5e-11 (cf 1e-10) rel = 1 (cf 0) restarts = 4 iters= 714
CONGRAD5: time = 8.318341e-01 (fn F) masses = 1 iters = 602 mflops = 1.979215e+03
 OK converged final_rsq= 7.4e-11 (cf 1e-10) rel = 1 (cf 0) restarts = 3 iters= 602
GFTIME:   time = 1.347160e-01 (Symanzik1) mflops = 2.616773e+03
FFTIME:  time = 4.002140e-01 (asqtad3) terms = 2 mflops = 2.498319e+03
CONGRAD5: time = 9.153988e-01 (fn F) masses = 1 iters = 735 mflops = 2.195888e+03
 OK converged final_rsq= 9.8e-11 (cf 1e-10) rel = 1 (cf 0) restarts = 3 iters= 735
CONGRAD5: time = 9.204581e-01 (fn F) masses = 1 iters = 706 mflops = 2.097654e+03
 OK converged final_rsq= 5e-11 (cf 1e-10) rel = 1 (cf 0) restarts = 4 iters= 706
GFTIME:   time = 1.439559e-01 (Symanzik1) mflops = 2.448813e+03
FFTIME:  time = 3.531880e-01 (asqtad3) terms = 2 mflops = 2.830963e+03
CONGRAD5: time = 9.819260e-01 (fn F) masses = 1 iters = 721 mflops = 2.008120e+03
 OK converged final_rsq= 5e-11 (cf 1e-10) rel = 1 (cf 0) restarts = 4 iters= 721
CONGRAD5: time = 1.030156e+00 (fn F) masses = 1 iters = 747 mflops = 1.983128e+03
 OK converged final_rsq= 5e-11 (cf 1e-10) rel = 1 (cf 0) restarts = 4 iters= 747
GFTIME:   time = 1.135509e-01 (Symanzik1) mflops = 3.104522e+03
FFTIME:  time = 3.370569e-01 (asqtad3) terms = 2 mflops = 2.966450e+03
CONGRAD5: time = 9.704330e-01 (fn F) masses = 1 iters = 739 mflops = 2.082630e+03
 OK converged final_rsq= 5e-11 (cf 1e-10) rel = 1 (cf 0) restarts = 4 iters= 739
CONGRAD5: time = 8.822470e-01 (fn F) masses = 1 iters = 688 mflops = 2.132708e+03
 OK converged final_rsq= 9.9e-11 (cf 1e-10) rel = 1 (cf 0) restarts = 3 iters= 688
GFTIME:   time = 1.628869e-01 (Symanzik1) mflops = 2.164209e+03
FFTIME:  time = 3.928058e-01 (asqtad3) terms = 2 mflops = 2.545437e+03
CONGRAD5: time = 9.720190e-01 (fn F) masses = 1 iters = 745 mflops = 2.096113e+03
 OK converged final_rsq= 5e-11 (cf 1e-10) rel = 1 (cf 0) restarts = 4 iters= 745
CONGRAD5: time = 9.365909e-01 (fn F) masses = 1 iters = 716 mflops = 2.090722e+03
 OK converged final_rsq= 1e-10 (cf 1e-10) rel = 1 (cf 0) restarts = 3 iters= 716
GFTIME:   time = 1.218390e-01 (Symanzik1) mflops = 2.893335e+03
FFTIME:  time = 3.527272e-01 (asqtad3) terms = 2 mflops = 2.834662e+03
CONGRAD5: time = 1.119302e+00 (fn F) masses = 1 iters = 772 mflops = 1.886268e+03
 OK converged final_rsq= 5e-11 (cf 1e-10) rel = 1 (cf 0) restarts = 4 iters= 772
CONGRAD5: time = 9.371209e-01 (fn F) masses = 1 iters = 733 mflops = 2.139151e+03
 OK converged final_rsq= 5e-11 (cf 1e-10) rel = 1 (cf 0) restarts = 4 iters= 733
GFTIME:   time = 1.128461e-01 (Symanzik1) mflops = 3.123910e+03
FFTIME:  time = 3.371460e-01 (asqtad3) terms = 2 mflops = 2.965665e+03
CONGRAD5: time = 9.905801e-01 (fn F) masses = 1 iters = 721 mflops = 1.990576e+03
 OK converged final_rsq= 5e-11 (cf 1e-10) rel = 1 (cf 0) restarts = 4 iters= 721
CONGRAD5: time = 1.046228e+00 (fn F) masses = 1 iters = 724 mflops = 1.892542e+03
 OK converged final_rsq= 5e-11 (cf 1e-10) rel = 1 (cf 0) restarts = 4 iters= 724
GFTIME:   time = 1.392150e-01 (Symanzik1) mflops = 2.532207e+03
FFTIME:  time = 3.568029e-01 (asqtad3) terms = 2 mflops = 2.802281e+03
CONGRAD5: time = 9.658298e-01 (fn F) masses = 1 iters = 759 mflops = 2.149188e+03
 OK converged final_rsq= 5e-11 (cf 1e-10) rel = 1 (cf 0) restarts = 4 iters= 759
CONGRAD5: time = 1.055056e+00 (fn F) masses = 1 iters = 727 mflops = 1.884482e+03
 OK converged final_rsq= 1e-10 (cf 1e-10) rel = 1 (cf 0) restarts = 3 iters= 727
GFTIME:   time = 1.238852e-01 (Symanzik1) mflops = 2.845548e+03
FFTIME:  time = 3.698959e-01 (asqtad3) terms = 2 mflops = 2.703091e+03
CONGRAD5: time = 1.047162e+00 (fn F) masses = 1 iters = 754 mflops = 1.969204e+03
 OK converged final_rsq= 4.9e-11 (cf 1e-10) rel = 1 (cf 0) restarts = 4 iters= 754
CONGRAD5: time = 7.466881e-01 (fn F) masses = 1 iters = 602 mflops = 2.204908e+03
 OK converged final_rsq= 9.2e-11 (cf 1e-10) rel = 1 (cf 0) restarts = 3 iters= 602
GFTIME:   time = 1.161098e-01 (Symanzik1) mflops = 3.036101e+03
FFTIME:  time = 3.990731e-01 (asqtad3) terms = 2 mflops = 2.505461e+03
PLAQ:	1.497626	1.498130
P_LOOP:	1.991909e-02	-1.379642e-02
G_LOOP:  0  0  4   	1.497047e+00	( 0 1 7 6  )
G_LOOP:  0  1  4   	1.498616e+00	( 0 2 7 5  )
G_LOOP:  0  2  4   	1.498145e+00	( 0 3 7 4  )
G_LOOP:  0  3  4   	1.497214e+00	( 1 2 6 5  )
G_LOOP:  0  4  4   	1.496954e+00	( 1 3 6 4  )
G_LOOP:  0  5  4   	1.499291e+00	( 2 3 5 4  )
G_LOOP:  1  0  6   	7.398073e-01	( 0 0 1 7 7 6  )
G_LOOP:  1  1  6   	7.422374e-01	( 0 0 2 7 7 5  )
G_LOOP:  1  2  6   	7.394495e-01	( 0 0 3 7 7 4  )
G_LOOP:  1  3  6   	7.382840e-01	( 1 1 0 6 6 7  )
G_LOOP:  1  4  6   	7.365532e-01	( 1 1 2 6 6 5  )
G_LOOP:  1  5  6   	7.371902e-01	( 1 1 3 6 6 4  )
G_LOOP:  1  6  6   	7.456752e-01	( 2 2 0 5 5 7  )
G_LOOP:  1  7  6   	7.428936e-01	( 2 2 1 5 5 6  )
G_LOOP:  1  8  6   	7.390187e-01	( 2 2 3 5 5 4  )
G_LOOP:  1  9  6   	7.398111e-01	( 3 3 0 4 4 7  )
G_LOOP:  1  10  6   	7.389642e-01	( 3 3 1 4 4 6  )
G_LOOP:  1  11  6   	7.400356e-01	( 3 3 2 4 4 5  )
G_LOOP:  2  0  6   	7.607733e-01	( 0 1 2 7 6 5  )
G_LOOP:  2  1  6   	7.581736e-01	( 0 1 5 7 6 2  )
G_LOOP:  2  2  6   	7.537819e-01	( 0 6 2 7 1 5  )
G_LOOP:  2  3  6   	7.623529e-01	( 0 6 5 7 1 2  )
G_LOOP:  2  4  6   	7.597389e-01	( 0 1 3 7 6 4  )
G_LOOP:  2  5  6   	7.537096e-01	( 0 1 4 7 6 3  )
G_LOOP:  2  6  6   	7.572606e-01	( 0 6 3 7 1 4  )
G_LOOP:  2  7  6   	7.594713e-01	( 0 6 4 7 1 3  )
G_LOOP:  2  8  6   	7.558015e-01	( 0 2 3 7 5 4  )
G_LOOP:  2  9  6   	7.618569e-01	( 0 2 4 7 5 3  )
G_LOOP:  2  10  6   	7.589309e-01	( 0 5 3 7 2 4  )
G_LOOP:  2  11  6   	7.602545e-01	( 0 5 4 7 2 3  )
G_LOOP:  2  12  6   	7.595571e-01	( 1 2 3 6 5 4  )
G_LOOP:  2  13  6   	7.632494e-01	( 1 2 4 6 5 3  )
G_LOOP:  2  14  6   	7.579410e-01	( 1 5 3 6 2 4  )
G_LOOP:  2  15  6   	7.601606e-01	( 1 5 4 6 2 3  )
GACTION: 6.537787e+00
CONGRAD5: time = 7.849531e-01 (fn F) masses = 1 iters = 602 mflops = 2.097423e+03
 OK converged final_rsq= 1e-10 (cf 1e-10) rel = 1 (cf 0) restarts = 3 iters= 602
CONGRAD5: time = 1.702490e-01 (fn F) masses = 1 iters = 133 mflops = 2.136487e+03
 OK converged final_rsq= 5e-11 (cf 1e-10) rel = 1 (cf 0) restarts = 2 iters= 133
PBP: mass 1.000000e-02     4.180596e-02  5.650046e-02  6.282065e-03  6.257703e-03 ( 1 of 1 )
FACTION: mass = 1.000000e-02,  1.499623e+00 ( 1 of 1 )
CONGRAD5: time = 9.483259e-01 (fn F) masses = 1 iters = 709 mflops = 2.044663e+03
 OK converged final_rsq= 5e-11 (cf 1e-10) rel = 1 (cf 0) restarts = 4 iters= 709
CONGRAD5: time = 1.059310e-01 (fn F) masses = 1 iters = 75 mflops = 1.936294e+03
 OK converged final_rsq= 1e-10 (cf 1e-10) rel = 1 (cf 0) restarts = 1 iters= 75
PBP: mass 1.000000e-02     4.935784e-02  4.621076e-02  -8.936203e-03  -8.936002e-03 ( 1 of 1 )
FACTION: mass = 1.000000e-02,  1.495237e+00 ( 1 of 1 )
CONGRAD5: time = 9.859350e-01 (fn F) masses = 1 iters = 758 mflops = 2.102588e+03
 OK converged final_rsq= 5e-11 (cf 1e-10) rel = 1 (cf 0) restarts = 4 iters= 758
CONGRAD5: time = 1.038184e+00 (fn F) masses = 1 iters = 735 mflops = 1.936182e+03
 OK converged final_rsq= 1e-10 (cf 1e-10) rel = 1 (cf 0) restarts = 3 iters= 735
GFTIME:   time = 1.188090e-01 (Symanzik1) mflops = 2.967126e+03
FFTIME:  time = 3.599770e-01 (asqtad3) terms = 2 mflops = 2.777573e+03
CONGRAD5: time = 1.197726e+00 (fn F) masses = 1 iters = 759 mflops = 1.733076e+03
 OK converged final_rsq= 9.9e-11 (cf 1e-10) rel = 1 (cf 0) restarts = 3 iters= 759
CONGRAD5: time = 1.008530e+00 (fn F) masses = 1 iters = 693 mflops = 1.879220e+03
 OK converged final_rsq= 9.9e-11 (cf 1e-10) rel = 1 (cf 0) restarts = 3 iters= 693
GFTIME:   time = 1.128120e-01 (Symanzik1) mflops = 3.124854e+03
FFTIME:  time = 3.386049e-01 (asqtad3) terms = 2 mflops = 2.952888e+03
CONGRAD5: time = 1.124689e+00 (fn F) masses = 1 iters = 777 mflops = 1.889391e+03
 OK converged final_rsq= 1e-10 (cf 1e-10) rel = 1 (cf 0) restarts = 3 iters= 777
CONGRAD5: time = 9.596660e-01 (fn F) masses = 1 iters = 715 mflops = 2.037601e+03
 OK converged final_rsq= 1e-10 (cf 1e-10) rel = 1 (cf 0) restarts = 3 iters= 715
GFTIME:   time = 1.391301e-01 (Symanzik1) mflops = 2.533752e+03
FFTIME:  time = 3.985360e-01 (asqtad3) terms = 2 mflops = 2.508838e+03
CONGRAD5: time = 9.488490e-01 (fn F) masses = 1 iters = 755 mflops = 2.176121e+03
 OK converged final_rsq= 4.9e-11 (cf 1e-10) rel = 1 (cf 0) restarts = 4 iters= 755
CONGRAD5: time = 1.034934e+00 (fn F) masses = 1 iters = 709 mflops = 1.873557e+03
 OK converged final_rsq= 9.9e-11 (cf 1e-10) rel = 1 (cf 0) restarts = 3 iters= 709
GFTIME:   time = 1.158700e-01 (Symanzik1) mflops = 3.042386e+03
FFTIME:  time = 3.615439e-01 (asqtad3) terms = 2 mflops = 2.765535e+03
CONGRAD5: time = 9.949710e-01 (fn F) masses = 1 iters = 769 mflops = 2.113728e+03
 OK converged final_rsq= 5e-11 (cf 1e-10) rel = 1 (cf 0) restarts = 4 iters= 769
CONGRAD5: time = 1.030713e+00 (fn F) masses = 1 iters = 737 mflops = 1.955523e+03
 OK converged final_rsq= 1e-10 (cf 1e-10) rel = 1 (cf 0) restarts = 3 iters= 737
GFTIME:   time = 1.144271e-01 (Symanzik1) mflops = 3.080750e+03
FFTIME:  time = 3.398860e-01 (asqtad3) terms = 2 mflops = 2.941758e+03
CONGRAD5: time = 1.106741e+00 (fn F) masses = 1 iters = 749 mflops = 1.850841e+03
 OK converged final_rsq= 1e-10 (cf 1e-10) rel = 1 (cf 0) restarts = 3 iters= 749
CONGRAD5: time = 9.420021e-01 (fn F) masses = 1 iters = 752 mflops = 2.183228e+03
 OK converged final_rsq= 5e-11 (cf 1e-10) rel = 1 (cf 0) restarts = 4 iters= 752
GFTIME:   time = 1.194580e-01 (Symanzik1) mflops = 2.951006e+03
FFTIME:  time = 3.547020e-01 (asqtad3) terms = 2 mflops = 2.818880e+03
CONGRAD5: time = 1.037565e+00 (fn F) masses = 1 iters = 761 mflops = 2.005869e+03
 OK converged final_rsq= 5e-11 (cf 1e-10) rel = 1 (cf 0) restarts = 4 iters= 761
CONGRAD5: time = 9.523721e-01 (fn F) masses = 1 iters = 731 mflops = 2.099152e+03
