SU3 with improved KS action
Microcanonical simulation with refreshing
R algorithm
MIMD version 7.8.1
Machine = MPI (portable), with 32 nodes
Host(0) = nid04268
Username = mcopik
Options selected...
Generic single precision
C_GLOBAL_INLINE
DBLSTORE_FN
D_FN_GATHER13
FEWSUMS
KS_MULTIFF=FNMAT
VECLENGTH=4
type 0 for no prompts, 1 for prompts, or 2 for proofreading
nflavors1 2
nflavors2 1
nx 16
ny 16
nz 8
nt 36
iseed 5682304
LAYOUT = Hypercubes, options = hyper_prime,
automatic hyper_prime layout
ON EACH NODE 4 x 8 x 8 x 9
Mallocing 2.3 MBytes per node for lattice
WARNING!!: Resetting random seed
Made lattice
Made nn gathers
Made 3nn gathers
Finished setup


warms 0
trajecs 4
traj_between_meas 1
beta 5.6
mass1 0.125
mass2 0.125
u0 0.8441
microcanonical_time_step 0.2
steps_per_trajectory 5
max_cg_iterations 100
max_cg_restarts 5
error_per_site 0.125
error_for_propagator 0.125
npbp_reps 1
prec_pbp 1
fresh 
save_parallel lat_p64_size64_1
unit gauge configuration loaded
CHECK PLAQ: 3.000000e+00 3.000000e+00
CHECK NERSC LINKTR: 1.000000e+00 CKSUM: 0
Unitarity checked.  Max deviation 0.00e+00
Time to check unitarity = 3.929138e-04
"O(a^2): couplings(pi)=0, Naik term, No O(a^2) errors, tadpole weights"
path coefficients: npath  path_coeff  multiplicity
                    0      6.250000e-01     8
                    1      -5.847914e-02     8
                    2      -8.771871e-02     48
                    3      3.077829e-02     192
                    4      -7.199551e-03     384
                    5      -1.231132e-01     48
Symanzik 1x1 + 1x2 + 1x1x1 action
gauge_action: total_dyn_flavors = 3
loop coefficients: nloop rep loop_coeff  multiplicity
                    0 0      1.000000e+00     6
                    1 0      -7.762509e-02     12
                    2 0      -1.031171e-02     16
WARMUPS COMPLETED
CONGRAD5: time = 8.129120e-03 (fn F) masses = 1 iters = 4 mflops = 1.345704e+03
 OK converged final_rsq= 0.006 (cf 0.016) rel = 1 (cf 0) restarts = 1 iters= 4
CONGRAD5: time = 7.510900e-03 (fn F) masses = 1 iters = 4 mflops = 1.456469e+03
 OK converged final_rsq= 0.0059 (cf 0.016) rel = 1 (cf 0) restarts = 1 iters= 4
GFTIME:   time = 1.580801e-01 (Symanzik1) mflops = 2.230016e+03
FFTIME:  time = 4.431891e-01 (asqtad3) terms = 2 mflops = 2.256062e+03
CONGRAD5: time = 7.266998e-03 (fn F) masses = 1 iters = 4 mflops = 1.505352e+03
 OK converged final_rsq= 0.01 (cf 0.016) rel = 1 (cf 0) restarts = 1 iters= 4
CONGRAD5: time = 7.278919e-03 (fn F) masses = 1 iters = 4 mflops = 1.502887e+03
 OK converged final_rsq= 0.0098 (cf 0.016) rel = 1 (cf 0) restarts = 1 iters= 4
GFTIME:   time = 1.146801e-01 (Symanzik1) mflops = 3.073954e+03
FFTIME:  time = 3.404162e-01 (asqtad3) terms = 2 mflops = 2.937176e+03
CONGRAD5: time = 7.190943e-03 (fn F) masses = 1 iters = 4 mflops = 1.521274e+03
 OK converged final_rsq= 0.014 (cf 0.016) rel = 1 (cf 0) restarts = 1 iters= 4
CONGRAD5: time = 7.019997e-03 (fn F) masses = 1 iters = 4 mflops = 1.558319e+03
 OK converged final_rsq= 0.014 (cf 0.016) rel = 1 (cf 0) restarts = 1 iters= 4
GFTIME:   time = 1.125960e-01 (Symanzik1) mflops = 3.130849e+03
FFTIME:  time = 3.428872e-01 (asqtad3) terms = 2 mflops = 2.916010e+03
CONGRAD5: time = 7.164001e-03 (fn F) masses = 1 iters = 4 mflops = 1.526995e+03
 OK converged final_rsq= 0.013 (cf 0.016) rel = 1 (cf 0) restarts = 1 iters= 4
CONGRAD5: time = 7.010937e-03 (fn F) masses = 1 iters = 4 mflops = 1.560332e+03
 OK converged final_rsq= 0.013 (cf 0.016) rel = 1 (cf 0) restarts = 1 iters= 4
GFTIME:   time = 1.278000e-01 (Symanzik1) mflops = 2.758382e+03
FFTIME:  time = 3.795860e-01 (asqtad3) terms = 2 mflops = 2.634086e+03
CONGRAD5: time = 9.761810e-03 (fn F) masses = 1 iters = 4 mflops = 1.120631e+03
 OK converged final_rsq= 0.011 (cf 0.016) rel = 1 (cf 0) restarts = 1 iters= 4
CONGRAD5: time = 8.924961e-03 (fn F) masses = 1 iters = 4 mflops = 1.225708e+03
 OK converged final_rsq= 0.011 (cf 0.016) rel = 1 (cf 0) restarts = 1 iters= 4
GFTIME:   time = 1.301911e-01 (Symanzik1) mflops = 2.707722e+03
FFTIME:  time = 3.751409e-01 (asqtad3) terms = 2 mflops = 2.665298e+03
PLAQ:	2.348046	2.347861
P_LOOP:	-6.323030e-03	-1.925636e-02
G_LOOP:  0  0  4   	2.346897e+00	( 0 1 7 6  )
G_LOOP:  0  1  4   	2.347695e+00	( 0 2 7 5  )
G_LOOP:  0  2  4   	2.348610e+00	( 0 3 7 4  )
G_LOOP:  0  3  4   	2.349546e+00	( 1 2 6 5  )
G_LOOP:  0  4  4   	2.347450e+00	( 1 3 6 4  )
G_LOOP:  0  5  4   	2.347524e+00	( 2 3 5 4  )
G_LOOP:  1  0  6   	1.770886e+00	( 0 0 1 7 7 6  )
G_LOOP:  1  1  6   	1.772085e+00	( 0 0 2 7 7 5  )
G_LOOP:  1  2  6   	1.772683e+00	( 0 0 3 7 7 4  )
G_LOOP:  1  3  6   	1.772206e+00	( 1 1 0 6 6 7  )
G_LOOP:  1  4  6   	1.778615e+00	( 1 1 2 6 6 5  )
G_LOOP:  1  5  6   	1.772779e+00	( 1 1 3 6 6 4  )
G_LOOP:  1  6  6   	1.774422e+00	( 2 2 0 5 5 7  )
G_LOOP:  1  7  6   	1.776307e+00	( 2 2 1 5 5 6  )
G_LOOP:  1  8  6   	1.772614e+00	( 2 2 3 5 5 4  )
G_LOOP:  1  9  6   	1.773361e+00	( 3 3 0 4 4 7  )
G_LOOP:  1  10  6   	1.772005e+00	( 3 3 1 4 4 6  )
G_LOOP:  1  11  6   	1.772996e+00	( 3 3 2 4 4 5  )
G_LOOP:  2  0  6   	1.819044e+00	( 0 1 2 7 6 5  )
G_LOOP:  2  1  6   	1.821657e+00	( 0 1 5 7 6 2  )
G_LOOP:  2  2  6   	1.822819e+00	( 0 6 2 7 1 5  )
G_LOOP:  2  3  6   	1.821404e+00	( 0 6 5 7 1 2  )
G_LOOP:  2  4  6   	1.821922e+00	( 0 1 3 7 6 4  )
G_LOOP:  2  5  6   	1.817338e+00	( 0 1 4 7 6 3  )
G_LOOP:  2  6  6   	1.820607e+00	( 0 6 3 7 1 4  )
G_LOOP:  2  7  6   	1.823181e+00	( 0 6 4 7 1 3  )
G_LOOP:  2  8  6   	1.818823e+00	( 0 2 3 7 5 4  )
G_LOOP:  2  9  6   	1.819541e+00	( 0 2 4 7 5 3  )
G_LOOP:  2  10  6   	1.822350e+00	( 0 5 3 7 2 4  )
G_LOOP:  2  11  6   	1.817598e+00	( 0 5 4 7 2 3  )
G_LOOP:  2  12  6   	1.821659e+00	( 1 2 3 6 5 4  )
G_LOOP:  2  13  6   	1.824220e+00	( 1 2 4 6 5 3  )
G_LOOP:  2  14  6   	1.821604e+00	( 1 5 3 6 2 4  )
G_LOOP:  2  15  6   	1.824104e+00	( 1 5 4 6 2 3  )
GACTION: 2.575211e+00
CONGRAD5: time = 7.436991e-03 (fn F) masses = 1 iters = 4 mflops = 1.470943e+03
 OK converged final_rsq= 0.01 (cf 0.016) rel = 1 (cf 0) restarts = 1 iters= 4
CONGRAD5: time = 1.205802e-02 (fn F) masses = 1 iters = 6 mflops = 1.360844e+03
 OK converged final_rsq= 0.0087 (cf 0.016) rel = 1 (cf 0) restarts = 1 iters= 6
PBP: mass 1.250000e-01     6.839631e-02  1.024361e-01  -6.252925e-04  -1.562877e-03 ( 1 of 1 )
FACTION: mass = 1.250000e-01,  1.470003e+00 ( 1 of 1 )
CONGRAD5: time = 8.790016e-03 (fn F) masses = 1 iters = 4 mflops = 1.244525e+03
 OK converged final_rsq= 0.01 (cf 0.016) rel = 1 (cf 0) restarts = 1 iters= 4
CONGRAD5: time = 1.242113e-02 (fn F) masses = 1 iters = 6 mflops = 1.321062e+03
 OK converged final_rsq= 0.0087 (cf 0.016) rel = 1 (cf 0) restarts = 1 iters= 6
PBP: mass 1.250000e-01     7.042779e-02  1.006423e-01  -2.239626e-03  -2.553548e-03 ( 1 of 1 )
FACTION: mass = 1.250000e-01,  1.472298e+00 ( 1 of 1 )
CONGRAD5: time = 7.118940e-03 (fn F) masses = 1 iters = 4 mflops = 1.536660e+03
 OK converged final_rsq= 0.012 (cf 0.016) rel = 1 (cf 0) restarts = 1 iters= 4
CONGRAD5: time = 6.970882e-03 (fn F) masses = 1 iters = 4 mflops = 1.569298e+03
 OK converged final_rsq= 0.011 (cf 0.016) rel = 1 (cf 0) restarts = 1 iters= 4
GFTIME:   time = 1.133010e-01 (Symanzik1) mflops = 3.111368e+03
FFTIME:  time = 3.388300e-01 (asqtad3) terms = 2 mflops = 2.950926e+03
CONGRAD5: time = 8.336067e-03 (fn F) masses = 1 iters = 5 mflops = 1.640371e+03
 OK converged final_rsq= 0.0069 (cf 0.016) rel = 1 (cf 0) restarts = 1 iters= 5
CONGRAD5: time = 7.012844e-03 (fn F) masses = 1 iters = 4 mflops = 1.559908e+03
 OK converged final_rsq= 0.015 (cf 0.016) rel = 1 (cf 0) restarts = 1 iters= 4
GFTIME:   time = 1.123800e-01 (Symanzik1) mflops = 3.136867e+03
FFTIME:  time = 3.386488e-01 (asqtad3) terms = 2 mflops = 2.952505e+03
CONGRAD5: time = 1.180792e-02 (fn F) masses = 1 iters = 5 mflops = 1.158057e+03
 OK converged final_rsq= 0.0088 (cf 0.016) rel = 1 (cf 0) restarts = 1 iters= 5
CONGRAD5: time = 1.170588e-02 (fn F) masses = 1 iters = 5 mflops = 1.168152e+03
 OK converged final_rsq= 0.0084 (cf 0.016) rel = 1 (cf 0) restarts = 1 iters= 5
GFTIME:   time = 1.719820e-01 (Symanzik1) mflops = 2.049756e+03
FFTIME:  time = 3.579490e-01 (asqtad3) terms = 2 mflops = 2.793309e+03
CONGRAD5: time = 9.528875e-03 (fn F) masses = 1 iters = 5 mflops = 1.435032e+03
 OK converged final_rsq= 0.0085 (cf 0.016) rel = 1 (cf 0) restarts = 1 iters= 5
CONGRAD5: time = 8.581161e-03 (fn F) masses = 1 iters = 5 mflops = 1.593519e+03
 OK converged final_rsq= 0.0083 (cf 0.016) rel = 1 (cf 0) restarts = 1 iters= 5
GFTIME:   time = 1.154790e-01 (Symanzik1) mflops = 3.052687e+03
FFTIME:  time = 3.474820e-01 (asqtad3) terms = 2 mflops = 2.877451e+03
CONGRAD5: time = 8.543015e-03 (fn F) masses = 1 iters = 5 mflops = 1.600634e+03
 OK converged final_rsq= 0.0074 (cf 0.016) rel = 1 (cf 0) restarts = 1 iters= 5
CONGRAD5: time = 7.387877e-03 (fn F) masses = 1 iters = 4 mflops = 1.480722e+03
 OK converged final_rsq= 0.015 (cf 0.016) rel = 1 (cf 0) restarts = 1 iters= 4
GFTIME:   time = 1.184402e-01 (Symanzik1) mflops = 2.976366e+03
FFTIME:  time = 3.835380e-01 (asqtad3) terms = 2 mflops = 2.606944e+03
PLAQ:	2.013197	2.012697
P_LOOP:	-9.701261e-03	-3.360078e-02
G_LOOP:  0  0  4   	2.010792e+00	( 0 1 7 6  )
G_LOOP:  0  1  4   	2.013326e+00	( 0 2 7 5  )
G_LOOP:  0  2  4   	2.011958e+00	( 0 3 7 4  )
G_LOOP:  0  3  4   	2.015472e+00	( 1 2 6 5  )
G_LOOP:  0  4  4   	2.013512e+00	( 1 3 6 4  )
G_LOOP:  0  5  4   	2.012622e+00	( 2 3 5 4  )
G_LOOP:  1  0  6   	1.296020e+00	( 0 0 1 7 7 6  )
G_LOOP:  1  1  6   	1.302380e+00	( 0 0 2 7 7 5  )
G_LOOP:  1  2  6   	1.300113e+00	( 0 0 3 7 7 4  )
G_LOOP:  1  3  6   	1.297978e+00	( 1 1 0 6 6 7  )
G_LOOP:  1  4  6   	1.302920e+00	( 1 1 2 6 6 5  )
G_LOOP:  1  5  6   	1.301147e+00	( 1 1 3 6 6 4  )
G_LOOP:  1  6  6   	1.301421e+00	( 2 2 0 5 5 7  )
G_LOOP:  1  7  6   	1.302576e+00	( 2 2 1 5 5 6  )
G_LOOP:  1  8  6   	1.298934e+00	( 2 2 3 5 5 4  )
G_LOOP:  1  9  6   	1.299910e+00	( 3 3 0 4 4 7  )
G_LOOP:  1  10  6   	1.299603e+00	( 3 3 1 4 4 6  )
G_LOOP:  1  11  6   	1.299806e+00	( 3 3 2 4 4 5  )
G_LOOP:  2  0  6   	1.339921e+00	( 0 1 2 7 6 5  )
G_LOOP:  2  1  6   	1.347332e+00	( 0 1 5 7 6 2  )
G_LOOP:  2  2  6   	1.347822e+00	( 0 6 2 7 1 5  )
G_LOOP:  2  3  6   	1.345578e+00	( 0 6 5 7 1 2  )
G_LOOP:  2  4  6   	1.348037e+00	( 0 1 3 7 6 4  )
G_LOOP:  2  5  6   	1.342259e+00	( 0 1 4 7 6 3  )
G_LOOP:  2  6  6   	1.341849e+00	( 0 6 3 7 1 4  )
G_LOOP:  2  7  6   	1.343166e+00	( 0 6 4 7 1 3  )
G_LOOP:  2  8  6   	1.344500e+00	( 0 2 3 7 5 4  )
G_LOOP:  2  9  6   	1.342721e+00	( 0 2 4 7 5 3  )
G_LOOP:  2  10  6   	1.346118e+00	( 0 5 3 7 2 4  )
G_LOOP:  2  11  6   	1.343245e+00	( 0 5 4 7 2 3  )
G_LOOP:  2  12  6   	1.346085e+00	( 1 2 3 6 5 4  )
G_LOOP:  2  13  6   	1.347991e+00	( 1 2 4 6 5 3  )
G_LOOP:  2  14  6   	1.347405e+00	( 1 5 3 6 2 4  )
G_LOOP:  2  15  6   	1.344994e+00	( 1 5 4 6 2 3  )
GACTION: 4.065920e+00
CONGRAD5: time = 7.969141e-03 (fn F) masses = 1 iters = 4 mflops = 1.372719e+03
 OK converged final_rsq= 0.014 (cf 0.016) rel = 1 (cf 0) restarts = 1 iters= 4
CONGRAD5: time = 1.210499e-02 (fn F) masses = 1 iters = 6 mflops = 1.355564e+03
 OK converged final_rsq= 0.013 (cf 0.016) rel = 1 (cf 0) restarts = 1 iters= 6
PBP: mass 1.250000e-01     8.666703e-02  1.656794e-01  8.855824e-04  1.540118e-03 ( 1 of 1 )
FACTION: mass = 1.250000e-01,  1.448829e+00 ( 1 of 1 )
CONGRAD5: time = 1.082897e-02 (fn F) masses = 1 iters = 4 mflops = 1.010197e+03
 OK converged final_rsq= 0.014 (cf 0.016) rel = 1 (cf 0) restarts = 1 iters= 4
CONGRAD5: time = 1.016808e-02 (fn F) masses = 1 iters = 6 mflops = 1.613785e+03
 OK converged final_rsq= 0.013 (cf 0.016) rel = 1 (cf 0) restarts = 1 iters= 6
PBP: mass 1.250000e-01     8.854628e-02  1.707834e-01  -1.891601e-04  1.187543e-04 ( 1 of 1 )
FACTION: mass = 1.250000e-01,  1.441431e+00 ( 1 of 1 )
CONGRAD5: time = 8.924007e-03 (fn F) masses = 1 iters = 5 mflops = 1.532298e+03
 OK converged final_rsq= 0.0075 (cf 0.016) rel = 1 (cf 0) restarts = 1 iters= 5
CONGRAD5: time = 7.591963e-03 (fn F) masses = 1 iters = 4 mflops = 1.440917e+03
 OK converged final_rsq= 0.015 (cf 0.016) rel = 1 (cf 0) restarts = 1 iters= 4
GFTIME:   time = 1.292121e-01 (Symanzik1) mflops = 2.728236e+03
FFTIME:  time = 3.772659e-01 (asqtad3) terms = 2 mflops = 2.650285e+03
CONGRAD5: time = 9.570122e-03 (fn F) masses = 1 iters = 5 mflops = 1.428847e+03
 OK converged final_rsq= 0.0094 (cf 0.016) rel = 1 (cf 0) restarts = 1 iters= 5
CONGRAD5: time = 8.470058e-03 (fn F) masses = 1 iters = 5 mflops = 1.614421e+03
 OK converged final_rsq= 0.0087 (cf 0.016) rel = 1 (cf 0) restarts = 1 iters= 5
GFTIME:   time = 1.146610e-01 (Symanzik1) mflops = 3.074465e+03
FFTIME:  time = 3.381391e-01 (asqtad3) terms = 2 mflops = 2.956956e+03
CONGRAD5: time = 8.321047e-03 (fn F) masses = 1 iters = 5 mflops = 1.643332e+03
 OK converged final_rsq= 0.011 (cf 0.016) rel = 1 (cf 0) restarts = 1 iters= 5
CONGRAD5: time = 8.203983e-03 (fn F) masses = 1 iters = 5 mflops = 1.666781e+03
 OK converged final_rsq= 0.01 (cf 0.016) rel = 1 (cf 0) restarts = 1 iters= 5
GFTIME:   time = 1.131620e-01 (Symanzik1) mflops = 3.115190e+03
FFTIME:  time = 3.506920e-01 (asqtad3) terms = 2 mflops = 2.851112e+03
CONGRAD5: time = 8.353949e-03 (fn F) masses = 1 iters = 5 mflops = 1.636859e+03
 OK converged final_rsq= 0.011 (cf 0.016) rel = 1 (cf 0) restarts = 1 iters= 5
CONGRAD5: time = 8.243084e-03 (fn F) masses = 1 iters = 5 mflops = 1.658874e+03
 OK converged final_rsq= 0.01 (cf 0.016) rel = 1 (cf 0) restarts = 1 iters= 5
GFTIME:   time = 1.579950e-01 (Symanzik1) mflops = 2.231218e+03
FFTIME:  time = 3.417361e-01 (asqtad3) terms = 2 mflops = 2.925832e+03
CONGRAD5: time = 9.552956e-03 (fn F) masses = 1 iters = 5 mflops = 1.431415e+03
 OK converged final_rsq= 0.0099 (cf 0.016) rel = 1 (cf 0) restarts = 1 iters= 5
CONGRAD5: time = 8.472919e-03 (fn F) masses = 1 iters = 5 mflops = 1.613876e+03
 OK converged final_rsq= 0.0095 (cf 0.016) rel = 1 (cf 0) restarts = 1 iters= 5
GFTIME:   time = 1.153271e-01 (Symanzik1) mflops = 3.056707e+03
FFTIME:  time = 3.416610e-01 (asqtad3) terms = 2 mflops = 2.926475e+03
PLAQ:	1.791285	1.791269
P_LOOP:	-6.432483e-03	-5.703914e-03
G_LOOP:  0  0  4   	1.790148e+00	( 0 1 7 6  )
G_LOOP:  0  1  4   	1.791518e+00	( 0 2 7 5  )
G_LOOP:  0  2  4   	1.792043e+00	( 0 3 7 4  )
G_LOOP:  0  3  4   	1.792188e+00	( 1 2 6 5  )
G_LOOP:  0  4  4   	1.790762e+00	( 1 3 6 4  )
G_LOOP:  0  5  4   	1.791001e+00	( 2 3 5 4  )
G_LOOP:  1  0  6   	1.019748e+00	( 0 0 1 7 7 6  )
G_LOOP:  1  1  6   	1.025132e+00	( 0 0 2 7 7 5  )
G_LOOP:  1  2  6   	1.023343e+00	( 0 0 3 7 7 4  )
G_LOOP:  1  3  6   	1.020574e+00	( 1 1 0 6 6 7  )
G_LOOP:  1  4  6   	1.021528e+00	( 1 1 2 6 6 5  )
G_LOOP:  1  5  6   	1.025131e+00	( 1 1 3 6 6 4  )
G_LOOP:  1  6  6   	1.026650e+00	( 2 2 0 5 5 7  )
G_LOOP:  1  7  6   	1.018998e+00	( 2 2 1 5 5 6  )
G_LOOP:  1  8  6   	1.019490e+00	( 2 2 3 5 5 4  )
G_LOOP:  1  9  6   	1.025211e+00	( 3 3 0 4 4 7  )
G_LOOP:  1  10  6   	1.026625e+00	( 3 3 1 4 4 6  )
G_LOOP:  1  11  6   	1.022026e+00	( 3 3 2 4 4 5  )
G_LOOP:  2  0  6   	1.057034e+00	( 0 1 2 7 6 5  )
G_LOOP:  2  1  6   	1.059629e+00	( 0 1 5 7 6 2  )
G_LOOP:  2  2  6   	1.056571e+00	( 0 6 2 7 1 5  )
G_LOOP:  2  3  6   	1.053607e+00	( 0 6 5 7 1 2  )
G_LOOP:  2  4  6   	1.063099e+00	( 0 1 3 7 6 4  )
G_LOOP:  2  5  6   	1.054479e+00	( 0 1 4 7 6 3  )
G_LOOP:  2  6  6   	1.050944e+00	( 0 6 3 7 1 4  )
G_LOOP:  2  7  6   	1.056895e+00	( 0 6 4 7 1 3  )
G_LOOP:  2  8  6   	1.054540e+00	( 0 2 3 7 5 4  )
G_LOOP:  2  9  6   	1.059955e+00	( 0 2 4 7 5 3  )
G_LOOP:  2  10  6   	1.063218e+00	( 0 5 3 7 2 4  )
G_LOOP:  2  11  6   	1.057845e+00	( 0 5 4 7 2 3  )
G_LOOP:  2  12  6   	1.060030e+00	( 1 2 3 6 5 4  )
G_LOOP:  2  13  6   	1.055929e+00	( 1 2 4 6 5 3  )
G_LOOP:  2  14  6   	1.056636e+00	( 1 5 3 6 2 4  )
G_LOOP:  2  15  6   	1.057973e+00	( 1 5 4 6 2 3  )
GACTION: 5.090137e+00
CONGRAD5: time = 9.373903e-03 (fn F) masses = 1 iters = 5 mflops = 1.458756e+03
 OK converged final_rsq= 0.0085 (cf 0.016) rel = 1 (cf 0) restarts = 1 iters= 5
CONGRAD5: time = 1.000094e-02 (fn F) masses = 1 iters = 6 mflops = 1.640754e+03
 OK converged final_rsq= 0.015 (cf 0.016) rel = 1 (cf 0) restarts = 1 iters= 6
PBP: mass 1.250000e-01     1.097814e-01  3.050916e-01  6.159745e-04  1.073530e-03 ( 1 of 1 )
FACTION: mass = 1.250000e-01,  1.454408e+00 ( 1 of 1 )
CONGRAD5: time = 8.759975e-03 (fn F) masses = 1 iters = 5 mflops = 1.560991e+03
 OK converged final_rsq= 0.0085 (cf 0.016) rel = 1 (cf 0) restarts = 1 iters= 5
CONGRAD5: time = 9.982109e-03 (fn F) masses = 1 iters = 6 mflops = 1.643850e+03
 OK converged final_rsq= 0.015 (cf 0.016) rel = 1 (cf 0) restarts = 1 iters= 6
PBP: mass 1.250000e-01     1.050922e-01  3.076434e-01  3.700241e-03  3.379920e-03 ( 1 of 1 )
FACTION: mass = 1.250000e-01,  1.453909e+00 ( 1 of 1 )
CONGRAD5: time = 8.426905e-03 (fn F) masses = 1 iters = 5 mflops = 1.622688e+03
 OK converged final_rsq= 0.01 (cf 0.016) rel = 1 (cf 0) restarts = 1 iters= 5
CONGRAD5: time = 1.146197e-02 (fn F) masses = 1 iters = 5 mflops = 1.193009e+03
 OK converged final_rsq= 0.0097 (cf 0.016) rel = 1 (cf 0) restarts = 1 iters= 5
GFTIME:   time = 1.336839e-01 (Symanzik1) mflops = 2.636975e+03
FFTIME:  time = 3.846340e-01 (asqtad3) terms = 2 mflops = 2.599516e+03
CONGRAD5: time = 1.007414e-02 (fn F) masses = 1 iters = 5 mflops = 1.357361e+03
 OK converged final_rsq= 0.012 (cf 0.016) rel = 1 (cf 0) restarts = 1 iters= 5
CONGRAD5: time = 1.108193e-02 (fn F) masses = 1 iters = 5 mflops = 1.233922e+03
 OK converged final_rsq= 0.011 (cf 0.016) rel = 1 (cf 0) restarts = 1 iters= 5
GFTIME:   time = 1.303501e-01 (Symanzik1) mflops = 2.704418e+03
FFTIME:  time = 3.586221e-01 (asqtad3) terms = 2 mflops = 2.788067e+03
CONGRAD5: time = 8.377075e-03 (fn F) masses = 1 iters = 5 mflops = 1.632341e+03
 OK converged final_rsq= 0.012 (cf 0.016) rel = 1 (cf 0) restarts = 1 iters= 5
CONGRAD5: time = 8.167982e-03 (fn F) masses = 1 iters = 5 mflops = 1.674127e+03
 OK converged final_rsq= 0.012 (cf 0.016) rel = 1 (cf 0) restarts = 1 iters= 5
GFTIME:   time = 1.132610e-01 (Symanzik1) mflops = 3.112468e+03
FFTIME:  time = 3.355410e-01 (asqtad3) terms = 2 mflops = 2.979851e+03
CONGRAD5: time = 8.357048e-03 (fn F) masses = 1 iters = 5 mflops = 1.636252e+03
 OK converged final_rsq= 0.012 (cf 0.016) rel = 1 (cf 0) restarts = 1 iters= 5
CONGRAD5: time = 8.203983e-03 (fn F) masses = 1 iters = 5 mflops = 1.666781e+03
 OK converged final_rsq= 0.012 (cf 0.016) rel = 1 (cf 0) restarts = 1 iters= 5
GFTIME:   time = 1.138918e-01 (Symanzik1) mflops = 3.095228e+03
FFTIME:  time = 4.171920e-01 (asqtad3) terms = 2 mflops = 2.396648e+03
CONGRAD5: time = 9.190083e-03 (fn F) masses = 1 iters = 5 mflops = 1.487934e+03
 OK converged final_rsq= 0.012 (cf 0.016) rel = 1 (cf 0) restarts = 1 iters= 5
CONGRAD5: time = 8.201122e-03 (fn F) masses = 1 iters = 5 mflops = 1.667362e+03
 OK converged final_rsq= 0.011 (cf 0.016) rel = 1 (cf 0) restarts = 1 iters= 5
GFTIME:   time = 1.398950e-01 (Symanzik1) mflops = 2.519899e+03
FFTIME:  time = 3.560350e-01 (asqtad3) terms = 2 mflops = 2.808326e+03
PLAQ:	1.644329	1.645266
P_LOOP:	-6.709792e-03	2.457538e-02
G_LOOP:  0  0  4   	1.645259e+00	( 0 1 7 6  )
G_LOOP:  0  1  4   	1.644887e+00	( 0 2 7 5  )
G_LOOP:  0  2  4   	1.648300e+00	( 0 3 7 4  )
G_LOOP:  0  3  4   	1.642841e+00	( 1 2 6 5  )
G_LOOP:  0  4  4   	1.643302e+00	( 1 3 6 4  )
G_LOOP:  0  5  4   	1.644196e+00	( 2 3 5 4  )
G_LOOP:  1  0  6   	8.570332e-01	( 0 0 1 7 7 6  )
G_LOOP:  1  1  6   	8.564349e-01	( 0 0 2 7 7 5  )
G_LOOP:  1  2  6   	8.575904e-01	( 0 0 3 7 7 4  )
G_LOOP:  1  3  6   	8.546200e-01	( 1 1 0 6 6 7  )
G_LOOP:  1  4  6   	8.518105e-01	( 1 1 2 6 6 5  )
G_LOOP:  1  5  6   	8.528352e-01	( 1 1 3 6 6 4  )
G_LOOP:  1  6  6   	8.522190e-01	( 2 2 0 5 5 7  )
G_LOOP:  1  7  6   	8.538568e-01	( 2 2 1 5 5 6  )
G_LOOP:  1  8  6   	8.539536e-01	( 2 2 3 5 5 4  )
G_LOOP:  1  9  6   	8.538749e-01	( 3 3 0 4 4 7  )
G_LOOP:  1  10  6   	8.509052e-01	( 3 3 1 4 4 6  )
G_LOOP:  1  11  6   	8.542319e-01	( 3 3 2 4 4 5  )
G_LOOP:  2  0  6   	8.757616e-01	( 0 1 2 7 6 5  )
G_LOOP:  2  1  6   	8.783519e-01	( 0 1 5 7 6 2  )
G_LOOP:  2  2  6   	8.732871e-01	( 0 6 2 7 1 5  )
G_LOOP:  2  3  6   	8.757185e-01	( 0 6 5 7 1 2  )
G_LOOP:  2  4  6   	8.808826e-01	( 0 1 3 7 6 4  )
G_LOOP:  2  5  6   	8.805856e-01	( 0 1 4 7 6 3  )
G_LOOP:  2  6  6   	8.736942e-01	( 0 6 3 7 1 4  )
G_LOOP:  2  7  6   	8.766187e-01	( 0 6 4 7 1 3  )
G_LOOP:  2  8  6   	8.765765e-01	( 0 2 3 7 5 4  )
G_LOOP:  2  9  6   	8.804759e-01	( 0 2 4 7 5 3  )
G_LOOP:  2  10  6   	8.758448e-01	( 0 5 3 7 2 4  )
G_LOOP:  2  11  6   	8.745625e-01	( 0 5 4 7 2 3  )
G_LOOP:  2  12  6   	8.722904e-01	( 1 2 3 6 5 4  )
G_LOOP:  2  13  6   	8.801306e-01	( 1 2 4 6 5 3  )
G_LOOP:  2  14  6   	8.763059e-01	( 1 5 3 6 2 4  )
G_LOOP:  2  15  6   	8.742140e-01	( 1 5 4 6 2 3  )
GACTION: 5.781983e+00
CONGRAD5: time = 1.008487e-02 (fn F) masses = 1 iters = 5 mflops = 1.355917e+03
 OK converged final_rsq= 0.01 (cf 0.016) rel = 1 (cf 0) restarts = 1 iters= 5
CONGRAD5: time = 1.117992e-02 (fn F) masses = 1 iters = 7 mflops = 1.712349e+03
 OK converged final_rsq= 0.0082 (cf 0.016) rel = 1 (cf 0) restarts = 1 iters= 7
PBP: mass 1.250000e-01     1.244008e-01  3.278295e-01  1.524636e-03  4.785546e-05 ( 1 of 1 )
FACTION: mass = 1.250000e-01,  1.429116e+00 ( 1 of 1 )
CONGRAD5: time = 8.798122e-03 (fn F) masses = 1 iters = 5 mflops = 1.554223e+03
 OK converged final_rsq= 0.01 (cf 0.016) rel = 1 (cf 0) restarts = 1 iters= 5
CONGRAD5: time = 1.122713e-02 (fn F) masses = 1 iters = 7 mflops = 1.705149e+03
 OK converged final_rsq= 0.0083 (cf 0.016) rel = 1 (cf 0) restarts = 1 iters= 7
PBP: mass 1.250000e-01     1.240261e-01  3.300110e-01  -6.302996e-04  -4.874612e-04 ( 1 of 1 )
FACTION: mass = 1.250000e-01,  1.440693e+00 ( 1 of 1 )
RUNNING COMPLETED
average cg iters for step= 1.100000e+01
Time = 1.455778e+01 seconds
total_iters = 552
Checksums eb39cb37 375da3b2
Saved gauge configuration in parallel to binary file lat_p64_size64_1
Time stamp Wed May 18 21:08:59 2022
Wrote info file lat_p64_size64_1.info
Time to save = 2.550521e-01
CHECK PLAQ: 1.644329e+00 1.645266e+00
CHECK NERSC LINKTR: 1.712149e-01 CKSUM: b2397a8b


warms 0
trajecs 4
traj_between_meas 1
beta 5.6
mass1 0.01
mass2 0.01
u0 0.8441
microcanonical_time_step 0.02
steps_per_trajectory 15
max_cg_iterations 300
max_cg_restarts 5
error_per_site 1e-05
error_for_propagator 1e-05
npbp_reps 1
prec_pbp 1
reload_parallel lat_p64_size64_1
save_parallel lat_p64_size64_2
Restored binary gauge configuration in parallel from file lat_p64_size64_1
Time stamp Wed May 18 21:08:59 2022
Checksums eb39cb37 375da3b2 OK
Time to reload gauge configuration = 1.378829e-01
CHECK PLAQ: 1.644329e+00 1.645266e+00
CHECK NERSC LINKTR: 1.712149e-01 CKSUM: b2397a8b
Unitarity checked.  Max deviation 2.98e-07
Time to check unitarity = 1.183987e-03
"O(a^2): couplings(pi)=0, Naik term, No O(a^2) errors, tadpole weights"
path coefficients: npath  path_coeff  multiplicity
                    0      6.250000e-01     8
                    1      -5.847914e-02     8
                    2      -8.771871e-02     48
                    3      3.077829e-02     192
                    4      -7.199551e-03     384
                    5      -1.231132e-01     48
Symanzik 1x1 + 1x2 + 1x1x1 action
gauge_action: total_dyn_flavors = 3
loop coefficients: nloop rep loop_coeff  multiplicity
                    0 0      1.000000e+00     6
                    1 0      -7.762509e-02     12
                    2 0      -1.031171e-02     16
WARMUPS COMPLETED
CONGRAD5: time = 8.327410e-01 (fn F) masses = 1 iters = 602 mflops = 1.977059e+03
 OK converged final_rsq= 8.7e-11 (cf 1e-10) rel = 1 (cf 0) restarts = 3 iters= 602
CONGRAD5: time = 8.258181e-01 (fn F) masses = 1 iters = 602 mflops = 1.993633e+03
 OK converged final_rsq= 5.9e-11 (cf 1e-10) rel = 1 (cf 0) restarts = 3 iters= 602
GFTIME:   time = 1.134090e-01 (Symanzik1) mflops = 3.108405e+03
FFTIME:  time = 3.396358e-01 (asqtad3) terms = 2 mflops = 2.943924e+03
CONGRAD5: time = 9.347370e-01 (fn F) masses = 1 iters = 697 mflops = 2.039279e+03
 OK converged final_rsq= 1e-10 (cf 1e-10) rel = 1 (cf 0) restarts = 3 iters= 697
CONGRAD5: time = 7.809360e-01 (fn F) masses = 1 iters = 602 mflops = 2.108212e+03
 OK converged final_rsq= 8.1e-11 (cf 1e-10) rel = 1 (cf 0) restarts = 3 iters= 602
GFTIME:   time = 1.217430e-01 (Symanzik1) mflops = 2.895619e+03
FFTIME:  time = 3.626020e-01 (asqtad3) terms = 2 mflops = 2.757465e+03
CONGRAD5: time = 9.655461e-01 (fn F) masses = 1 iters = 696 mflops = 1.971376e+03
 OK converged final_rsq= 9.8e-11 (cf 1e-10) rel = 1 (cf 0) restarts = 3 iters= 696
CONGRAD5: time = 7.823260e-01 (fn F) masses = 1 iters = 602 mflops = 2.104466e+03
 OK converged final_rsq= 4.9e-11 (cf 1e-10) rel = 1 (cf 0) restarts = 3 iters= 602
GFTIME:   time = 1.124380e-01 (Symanzik1) mflops = 3.135251e+03
FFTIME:  time = 3.375149e-01 (asqtad3) terms = 2 mflops = 2.962424e+03
CONGRAD5: time = 9.698410e-01 (fn F) masses = 1 iters = 736 mflops = 2.075441e+03
 OK converged final_rsq= 5e-11 (cf 1e-10) rel = 1 (cf 0) restarts = 4 iters= 736
CONGRAD5: time = 7.640960e-01 (fn F) masses = 1 iters = 602 mflops = 2.154675e+03
 OK converged final_rsq= 6.1e-11 (cf 1e-10) rel = 1 (cf 0) restarts = 3 iters= 602
GFTIME:   time = 1.228712e-01 (Symanzik1) mflops = 2.869031e+03
FFTIME:  time = 4.004741e-01 (asqtad3) terms = 2 mflops = 2.496697e+03
CONGRAD5: time = 9.524260e-01 (fn F) masses = 1 iters = 712 mflops = 2.044476e+03
 OK converged final_rsq= 9.9e-11 (cf 1e-10) rel = 1 (cf 0) restarts = 3 iters= 712
CONGRAD5: time = 7.474000e-01 (fn F) masses = 1 iters = 602 mflops = 2.202808e+03
 OK converged final_rsq= 4.4e-11 (cf 1e-10) rel = 1 (cf 0) restarts = 3 iters= 602
GFTIME:   time = 1.156731e-01 (Symanzik1) mflops = 3.047565e+03
FFTIME:  time = 3.935020e-01 (asqtad3) terms = 2 mflops = 2.540933e+03
CONGRAD5: time = 9.574530e-01 (fn F) masses = 1 iters = 723 mflops = 2.065162e+03
 OK converged final_rsq= 9.9e-11 (cf 1e-10) rel = 1 (cf 0) restarts = 3 iters= 723
CONGRAD5: time = 1.000729e+00 (fn F) masses = 1 iters = 694 mflops = 1.896602e+03
 OK converged final_rsq= 9.9e-11 (cf 1e-10) rel = 1 (cf 0) restarts = 3 iters= 694
GFTIME:   time = 1.257181e-01 (Symanzik1) mflops = 2.804061e+03
FFTIME:  time = 3.563159e-01 (asqtad3) terms = 2 mflops = 2.806112e+03
CONGRAD5: time = 8.712518e-01 (fn F) masses = 1 iters = 702 mflops = 2.203569e+03
 OK converged final_rsq= 9.9e-11 (cf 1e-10) rel = 1 (cf 0) restarts = 3 iters= 702
CONGRAD5: time = 9.447269e-01 (fn F) masses = 1 iters = 691 mflops = 2.000345e+03
 OK converged final_rsq= 9.9e-11 (cf 1e-10) rel = 1 (cf 0) restarts = 3 iters= 691
GFTIME:   time = 1.163471e-01 (Symanzik1) mflops = 3.029910e+03
FFTIME:  time = 3.553462e-01 (asqtad3) terms = 2 mflops = 2.813769e+03
CONGRAD5: time = 1.061826e+00 (fn F) masses = 1 iters = 747 mflops = 1.923980e+03
 OK converged final_rsq= 5e-11 (cf 1e-10) rel = 1 (cf 0) restarts = 4 iters= 747
CONGRAD5: time = 8.639190e-01 (fn F) masses = 1 iters = 698 mflops = 2.209610e+03
 OK converged final_rsq= 9.9e-11 (cf 1e-10) rel = 1 (cf 0) restarts = 3 iters= 698
GFTIME:   time = 1.124620e-01 (Symanzik1) mflops = 3.134579e+03
FFTIME:  time = 3.806000e-01 (asqtad3) terms = 2 mflops = 2.627069e+03
CONGRAD5: time = 7.898660e-01 (fn F) masses = 1 iters = 602 mflops = 2.084377e+03
 OK converged final_rsq= 6.1e-11 (cf 1e-10) rel = 1 (cf 0) restarts = 3 iters= 602
CONGRAD5: time = 8.146040e-01 (fn F) masses = 1 iters = 602 mflops = 2.021078e+03
 OK converged final_rsq= 8.1e-11 (cf 1e-10) rel = 1 (cf 0) restarts = 3 iters= 602
GFTIME:   time = 1.314621e-01 (Symanzik1) mflops = 2.681543e+03
FFTIME:  time = 3.923860e-01 (asqtad3) terms = 2 mflops = 2.548160e+03
CONGRAD5: time = 9.170830e-01 (fn F) masses = 1 iters = 733 mflops = 2.185891e+03
 OK converged final_rsq= 1e-10 (cf 1e-10) rel = 1 (cf 0) restarts = 3 iters= 733
CONGRAD5: time = 9.100051e-01 (fn F) masses = 1 iters = 687 mflops = 2.064648e+03
 OK converged final_rsq= 5e-11 (cf 1e-10) rel = 1 (cf 0) restarts = 4 iters= 687
GFTIME:   time = 1.218519e-01 (Symanzik1) mflops = 2.893030e+03
FFTIME:  time = 3.546600e-01 (asqtad3) terms = 2 mflops = 2.819213e+03
CONGRAD5: time = 9.654820e-01 (fn F) masses = 1 iters = 702 mflops = 1.988502e+03
 OK converged final_rsq= 1e-10 (cf 1e-10) rel = 1 (cf 0) restarts = 3 iters= 702
CONGRAD5: time = 9.751699e-01 (fn F) masses = 1 iters = 714 mflops = 2.002401e+03
 OK converged final_rsq= 9.9e-11 (cf 1e-10) rel = 1 (cf 0) restarts = 3 iters= 714
GFTIME:   time = 1.130450e-01 (Symanzik1) mflops = 3.118416e+03
FFTIME:  time = 3.363221e-01 (asqtad3) terms = 2 mflops = 2.972931e+03
CONGRAD5: time = 9.957261e-01 (fn F) masses = 1 iters = 736 mflops = 2.021488e+03
 OK converged final_rsq= 5e-11 (cf 1e-10) rel = 1 (cf 0) restarts = 4 iters= 736
CONGRAD5: time = 8.857970e-01 (fn F) masses = 1 iters = 691 mflops = 2.133423e+03
 OK converged final_rsq= 1e-10 (cf 1e-10) rel = 1 (cf 0) restarts = 3 iters= 691
GFTIME:   time = 1.370449e-01 (Symanzik1) mflops = 2.572304e+03
FFTIME:  time = 3.872769e-01 (asqtad3) terms = 2 mflops = 2.581776e+03
CONGRAD5: time = 8.010540e-01 (fn F) masses = 1 iters = 602 mflops = 2.055265e+03
 OK converged final_rsq= 5.9e-11 (cf 1e-10) rel = 1 (cf 0) restarts = 3 iters= 602
CONGRAD5: time = 8.766170e-01 (fn F) masses = 1 iters = 704 mflops = 2.196322e+03
 OK converged final_rsq= 9.9e-11 (cf 1e-10) rel = 1 (cf 0) restarts = 3 iters= 704
GFTIME:   time = 1.129892e-01 (Symanzik1) mflops = 3.119955e+03
FFTIME:  time = 3.594499e-01 (asqtad3) terms = 2 mflops = 2.781646e+03
CONGRAD5: time = 9.123621e-01 (fn F) masses = 1 iters = 722 mflops = 2.164229e+03
 OK converged final_rsq= 1e-10 (cf 1e-10) rel = 1 (cf 0) restarts = 3 iters= 722
CONGRAD5: time = 9.964850e-01 (fn F) masses = 1 iters = 714 mflops = 1.959569e+03
 OK converged final_rsq= 9.9e-11 (cf 1e-10) rel = 1 (cf 0) restarts = 3 iters= 714
GFTIME:   time = 1.330869e-01 (Symanzik1) mflops = 2.648804e+03
FFTIME:  time = 3.469560e-01 (asqtad3) terms = 2 mflops = 2.881813e+03
CONGRAD5: time = 9.145980e-01 (fn F) masses = 1 iters = 734 mflops = 2.194821e+03
 OK converged final_rsq= 5e-11 (cf 1e-10) rel = 1 (cf 0) restarts = 4 iters= 734
CONGRAD5: time = 9.682300e-01 (fn F) masses = 1 iters = 730 mflops = 2.061947e+03
 OK converged final_rsq= 5e-11 (cf 1e-10) rel = 1 (cf 0) restarts = 4 iters= 730
GFTIME:   time = 1.543801e-01 (Symanzik1) mflops = 2.283463e+03
FFTIME:  time = 3.699751e-01 (asqtad3) terms = 2 mflops = 2.702512e+03
PLAQ:	1.539774	1.537947
P_LOOP:	2.137525e-02	-1.868548e-03
G_LOOP:  0  0  4   	1.540746e+00	( 0 1 7 6  )
G_LOOP:  0  1  4   	1.540140e+00	( 0 2 7 5  )
G_LOOP:  0  2  4   	1.541719e+00	( 0 3 7 4  )
G_LOOP:  0  3  4   	1.538434e+00	( 1 2 6 5  )
G_LOOP:  0  4  4   	1.537550e+00	( 1 3 6 4  )
G_LOOP:  0  5  4   	1.534573e+00	( 2 3 5 4  )
G_LOOP:  1  0  6   	7.790819e-01	( 0 0 1 7 7 6  )
G_LOOP:  1  1  6   	7.799391e-01	( 0 0 2 7 7 5  )
G_LOOP:  1  2  6   	7.791043e-01	( 0 0 3 7 7 4  )
G_LOOP:  1  3  6   	7.764447e-01	( 1 1 0 6 6 7  )
G_LOOP:  1  4  6   	7.782270e-01	( 1 1 2 6 6 5  )
G_LOOP:  1  5  6   	7.747586e-01	( 1 1 3 6 6 4  )
G_LOOP:  1  6  6   	7.836418e-01	( 2 2 0 5 5 7  )
G_LOOP:  1  7  6   	7.799032e-01	( 2 2 1 5 5 6  )
G_LOOP:  1  8  6   	7.734723e-01	( 2 2 3 5 5 4  )
G_LOOP:  1  9  6   	7.777085e-01	( 3 3 0 4 4 7  )
G_LOOP:  1  10  6   	7.756252e-01	( 3 3 1 4 4 6  )
G_LOOP:  1  11  6   	7.764703e-01	( 3 3 2 4 4 5  )
G_LOOP:  2  0  6   	7.994985e-01	( 0 1 2 7 6 5  )
G_LOOP:  2  1  6   	7.979915e-01	( 0 1 5 7 6 2  )
G_LOOP:  2  2  6   	7.953705e-01	( 0 6 2 7 1 5  )
G_LOOP:  2  3  6   	8.003053e-01	( 0 6 5 7 1 2  )
G_LOOP:  2  4  6   	8.009586e-01	( 0 1 3 7 6 4  )
G_LOOP:  2  5  6   	7.984360e-01	( 0 1 4 7 6 3  )
G_LOOP:  2  6  6   	7.979490e-01	( 0 6 3 7 1 4  )
G_LOOP:  2  7  6   	7.995333e-01	( 0 6 4 7 1 3  )
G_LOOP:  2  8  6   	7.957329e-01	( 0 2 3 7 5 4  )
G_LOOP:  2  9  6   	7.977878e-01	( 0 2 4 7 5 3  )
G_LOOP:  2  10  6   	7.963617e-01	( 0 5 3 7 2 4  )
G_LOOP:  2  11  6   	7.972991e-01	( 0 5 4 7 2 3  )
G_LOOP:  2  12  6   	7.945366e-01	( 1 2 3 6 5 4  )
G_LOOP:  2  13  6   	8.011747e-01	( 1 2 4 6 5 3  )
G_LOOP:  2  14  6   	7.986753e-01	( 1 5 3 6 2 4  )
G_LOOP:  2  15  6   	7.990682e-01	( 1 5 4 6 2 3  )
GACTION: 6.333642e+00
CONGRAD5: time = 1.000834e+00 (fn F) masses = 1 iters = 710 mflops = 1.940124e+03
 OK converged final_rsq= 9.9e-11 (cf 1e-10) rel = 1 (cf 0) restarts = 3 iters= 710
CONGRAD5: time = 1.042428e-01 (fn F) masses = 1 iters = 79 mflops = 2.072594e+03
 OK converged final_rsq= 9.7e-11 (cf 1e-10) rel = 1 (cf 0) restarts = 1 iters= 79
PBP: mass 1.000000e-02     5.439549e-02  3.149370e-02  7.460282e-03  7.456457e-03 ( 1 of 1 )
FACTION: mass = 1.000000e-02,  1.500299e+00 ( 1 of 1 )
CONGRAD5: time = 8.756249e-01 (fn F) masses = 1 iters = 701 mflops = 2.189440e+03
 OK converged final_rsq= 5e-11 (cf 1e-10) rel = 1 (cf 0) restarts = 4 iters= 701
CONGRAD5: time = 9.332490e-02 (fn F) masses = 1 iters = 73 mflops = 2.139235e+03
 OK converged final_rsq= 9.9e-11 (cf 1e-10) rel = 1 (cf 0) restarts = 1 iters= 73
PBP: mass 1.000000e-02     5.045901e-02  4.403169e-02  -3.122000e-03  -3.124954e-03 ( 1 of 1 )
FACTION: mass = 1.000000e-02,  1.498603e+00 ( 1 of 1 )
CONGRAD5: time = 9.555640e-01 (fn F) masses = 1 iters = 724 mflops = 2.072106e+03
 OK converged final_rsq= 9.8e-11 (cf 1e-10) rel = 1 (cf 0) restarts = 3 iters= 724
CONGRAD5: time = 8.622401e-01 (fn F) masses = 1 iters = 685 mflops = 2.172679e+03
 OK converged final_rsq= 9.8e-11 (cf 1e-10) rel = 1 (cf 0) restarts = 3 iters= 685
GFTIME:   time = 1.170681e-01 (Symanzik1) mflops = 3.011250e+03
FFTIME:  time = 3.830960e-01 (asqtad3) terms = 2 mflops = 2.609952e+03
CONGRAD5: time = 1.023427e+00 (fn F) masses = 1 iters = 746 mflops = 1.993495e+03
 OK converged final_rsq= 5e-11 (cf 1e-10) rel = 1 (cf 0) restarts = 4 iters= 746
CONGRAD5: time = 8.021691e-01 (fn F) masses = 1 iters = 602 mflops = 2.052408e+03
 OK converged final_rsq= 7.6e-11 (cf 1e-10) rel = 1 (cf 0) restarts = 3 iters= 602
GFTIME:   time = 1.133649e-01 (Symanzik1) mflops = 3.109614e+03
FFTIME:  time = 3.338521e-01 (asqtad3) terms = 2 mflops = 2.994926e+03
CONGRAD5: time = 9.653881e-01 (fn F) masses = 1 iters = 729 mflops = 2.065184e+03
 OK converged final_rsq= 5e-11 (cf 1e-10) rel = 1 (cf 0) restarts = 4 iters= 729
CONGRAD5: time = 9.348412e-01 (fn F) masses = 1 iters = 711 mflops = 2.080008e+03
 OK converged final_rsq= 5e-11 (cf 1e-10) rel = 1 (cf 0) restarts = 4 iters= 711
GFTIME:   time = 1.348360e-01 (Symanzik1) mflops = 2.614445e+03
FFTIME:  time = 3.772590e-01 (asqtad3) terms = 2 mflops = 2.650334e+03
CONGRAD5: time = 9.174030e-01 (fn F) masses = 1 iters = 699 mflops = 2.083772e+03
 OK converged final_rsq= 5e-11 (cf 1e-10) rel = 1 (cf 0) restarts = 4 iters= 699
CONGRAD5: time = 9.982362e-01 (fn F) masses = 1 iters = 719 mflops = 1.969830e+03
 OK converged final_rsq= 1e-10 (cf 1e-10) rel = 1 (cf 0) restarts = 3 iters= 719
GFTIME:   time = 1.476209e-01 (Symanzik1) mflops = 2.388017e+03
FFTIME:  time = 3.591671e-01 (asqtad3) terms = 2 mflops = 2.783836e+03
CONGRAD5: time = 9.634600e-01 (fn F) masses = 1 iters = 731 mflops = 2.074994e+03
 OK converged final_rsq= 1e-10 (cf 1e-10) rel = 1 (cf 0) restarts = 3 iters= 731
CONGRAD5: time = 9.343851e-01 (fn F) masses = 1 iters = 683 mflops = 1.999070e+03
 OK converged final_rsq= 5e-11 (cf 1e-10) rel = 1 (cf 0) restarts = 4 iters= 683
GFTIME:   time = 1.256051e-01 (Symanzik1) mflops = 2.806583e+03
FFTIME:  time = 3.441038e-01 (asqtad3) terms = 2 mflops = 2.905699e+03
CONGRAD5: time = 9.709280e-01 (fn F) masses = 1 iters = 771 mflops = 2.171704e+03
 OK converged final_rsq= 5e-11 (cf 1e-10) rel = 1 (cf 0) restarts = 4 iters= 771
CONGRAD5: time = 9.538150e-01 (fn F) masses = 1 iters = 712 mflops = 2.041498e+03
 OK converged final_rsq= 1e-10 (cf 1e-10) rel = 1 (cf 0) restarts = 3 iters= 712
GFTIME:   time = 1.183541e-01 (Symanzik1) mflops = 2.978530e+03
FFTIME:  time = 3.525569e-01 (asqtad3) terms = 2 mflops = 2.836031e+03
CONGRAD5: time = 1.001107e+00 (fn F) masses = 1 iters = 714 mflops = 1.950522e+03
 OK converged final_rsq= 5e-11 (cf 1e-10) rel = 1 (cf 0) restarts = 4 iters= 714
CONGRAD5: time = 7.588050e-01 (fn F) masses = 1 iters = 602 mflops = 2.169699e+03
 OK converged final_rsq= 7.4e-11 (cf 1e-10) rel = 1 (cf 0) restarts = 3 iters= 602
GFTIME:   time = 1.133161e-01 (Symanzik1) mflops = 3.110955e+03
FFTIME:  time = 3.375211e-01 (asqtad3) terms = 2 mflops = 2.962370e+03
CONGRAD5: time = 1.065287e+00 (fn F) masses = 1 iters = 735 mflops = 1.886922e+03
 OK converged final_rsq= 9.8e-11 (cf 1e-10) rel = 1 (cf 0) restarts = 3 iters= 735
CONGRAD5: time = 9.251509e-01 (fn F) masses = 1 iters = 706 mflops = 2.087014e+03
 OK converged final_rsq= 5e-11 (cf 1e-10) rel = 1 (cf 0) restarts = 4 iters= 706
GFTIME:   time = 1.348100e-01 (Symanzik1) mflops = 2.614949e+03
FFTIME:  time = 4.270079e-01 (asqtad3) terms = 2 mflops = 2.341554e+03
CONGRAD5: time = 9.354711e-01 (fn F) masses = 1 iters = 721 mflops = 2.107842e+03
 OK converged final_rsq= 5e-11 (cf 1e-10) rel = 1 (cf 0) restarts = 4 iters= 721
CONGRAD5: time = 9.848239e-01 (fn F) masses = 1 iters = 747 mflops = 2.074413e+03
 OK converged final_rsq= 5e-11 (cf 1e-10) rel = 1 (cf 0) restarts = 4 iters= 747
GFTIME:   time = 1.189311e-01 (Symanzik1) mflops = 2.964080e+03
FFTIME:  time = 3.651080e-01 (asqtad3) terms = 2 mflops = 2.738538e+03
CONGRAD5: time = 1.011038e+00 (fn F) masses = 1 iters = 739 mflops = 1.998988e+03
 OK converged final_rsq= 5e-11 (cf 1e-10) rel = 1 (cf 0) restarts = 4 iters= 739
CONGRAD5: time = 9.386420e-01 (fn F) masses = 1 iters = 688 mflops = 2.004572e+03
 OK converged final_rsq= 9.9e-11 (cf 1e-10) rel = 1 (cf 0) restarts = 3 iters= 688
GFTIME:   time = 1.135089e-01 (Symanzik1) mflops = 3.105669e+03
FFTIME:  time = 3.356130e-01 (asqtad3) terms = 2 mflops = 2.979212e+03
CONGRAD5: time = 1.026476e+00 (fn F) masses = 1 iters = 745 mflops = 1.984909e+03
 OK converged final_rsq= 5e-11 (cf 1e-10) rel = 1 (cf 0) restarts = 4 iters= 745
CONGRAD5: time = 9.430571e-01 (fn F) masses = 1 iters = 716 mflops = 2.076387e+03
 OK converged final_rsq= 1e-10 (cf 1e-10) rel = 1 (cf 0) restarts = 3 iters= 716
GFTIME:   time = 1.343570e-01 (Symanzik1) mflops = 2.623766e+03
FFTIME:  time = 3.759758e-01 (asqtad3) terms = 2 mflops = 2.659379e+03
CONGRAD5: time = 1.032290e+00 (fn F) masses = 1 iters = 772 mflops = 2.045261e+03
 OK converged final_rsq= 5e-11 (cf 1e-10) rel = 1 (cf 0) restarts = 4 iters= 772
CONGRAD5: time = 9.121981e-01 (fn F) masses = 1 iters = 733 mflops = 2.197597e+03
 OK converged final_rsq= 5e-11 (cf 1e-10) rel = 1 (cf 0) restarts = 4 iters= 733
GFTIME:   time = 1.124902e-01 (Symanzik1) mflops = 3.133796e+03
FFTIME:  time = 3.345990e-01 (asqtad3) terms = 2 mflops = 2.988240e+03
CONGRAD5: time = 9.774961e-01 (fn F) masses = 1 iters = 721 mflops = 2.017221e+03
 OK converged final_rsq= 5e-11 (cf 1e-10) rel = 1 (cf 0) restarts = 4 iters= 721
CONGRAD5: time = 9.303210e-01 (fn F) masses = 1 iters = 724 mflops = 2.128330e+03
 OK converged final_rsq= 5e-11 (cf 1e-10) rel = 1 (cf 0) restarts = 4 iters= 724
GFTIME:   time = 1.189539e-01 (Symanzik1) mflops = 2.963510e+03
FFTIME:  time = 3.519869e-01 (asqtad3) terms = 2 mflops = 2.840624e+03
CONGRAD5: time = 1.079329e+00 (fn F) masses = 1 iters = 759 mflops = 1.923185e+03
 OK converged final_rsq= 5e-11 (cf 1e-10) rel = 1 (cf 0) restarts = 4 iters= 759
CONGRAD5: time = 9.287770e-01 (fn F) masses = 1 iters = 727 mflops = 2.140702e+03
 OK converged final_rsq= 1e-10 (cf 1e-10) rel = 1 (cf 0) restarts = 3 iters= 727
GFTIME:   time = 1.122301e-01 (Symanzik1) mflops = 3.141059e+03
FFTIME:  time = 3.385649e-01 (asqtad3) terms = 2 mflops = 2.953237e+03
CONGRAD5: time = 9.961290e-01 (fn F) masses = 1 iters = 754 mflops = 2.070089e+03
 OK converged final_rsq= 4.9e-11 (cf 1e-10) rel = 1 (cf 0) restarts = 4 iters= 754
CONGRAD5: time = 8.180640e-01 (fn F) masses = 1 iters = 602 mflops = 2.012530e+03
 OK converged final_rsq= 9.2e-11 (cf 1e-10) rel = 1 (cf 0) restarts = 3 iters= 602
GFTIME:   time = 1.234989e-01 (Symanzik1) mflops = 2.854448e+03
FFTIME:  time = 3.800681e-01 (asqtad3) terms = 2 mflops = 2.630745e+03
PLAQ:	1.497626	1.498130
P_LOOP:	1.991909e-02	-1.379642e-02
G_LOOP:  0  0  4   	1.497047e+00	( 0 1 7 6  )
G_LOOP:  0  1  4   	1.498616e+00	( 0 2 7 5  )
G_LOOP:  0  2  4   	1.498145e+00	( 0 3 7 4  )
G_LOOP:  0  3  4   	1.497214e+00	( 1 2 6 5  )
G_LOOP:  0  4  4   	1.496954e+00	( 1 3 6 4  )
G_LOOP:  0  5  4   	1.499291e+00	( 2 3 5 4  )
G_LOOP:  1  0  6   	7.398073e-01	( 0 0 1 7 7 6  )
G_LOOP:  1  1  6   	7.422374e-01	( 0 0 2 7 7 5  )
G_LOOP:  1  2  6   	7.394495e-01	( 0 0 3 7 7 4  )
G_LOOP:  1  3  6   	7.382840e-01	( 1 1 0 6 6 7  )
G_LOOP:  1  4  6   	7.365532e-01	( 1 1 2 6 6 5  )
G_LOOP:  1  5  6   	7.371902e-01	( 1 1 3 6 6 4  )
G_LOOP:  1  6  6   	7.456752e-01	( 2 2 0 5 5 7  )
G_LOOP:  1  7  6   	7.428936e-01	( 2 2 1 5 5 6  )
G_LOOP:  1  8  6   	7.390187e-01	( 2 2 3 5 5 4  )
G_LOOP:  1  9  6   	7.398111e-01	( 3 3 0 4 4 7  )
G_LOOP:  1  10  6   	7.389642e-01	( 3 3 1 4 4 6  )
G_LOOP:  1  11  6   	7.400356e-01	( 3 3 2 4 4 5  )
G_LOOP:  2  0  6   	7.607733e-01	( 0 1 2 7 6 5  )
G_LOOP:  2  1  6   	7.581736e-01	( 0 1 5 7 6 2  )
G_LOOP:  2  2  6   	7.537819e-01	( 0 6 2 7 1 5  )
G_LOOP:  2  3  6   	7.623529e-01	( 0 6 5 7 1 2  )
G_LOOP:  2  4  6   	7.597389e-01	( 0 1 3 7 6 4  )
G_LOOP:  2  5  6   	7.537096e-01	( 0 1 4 7 6 3  )
G_LOOP:  2  6  6   	7.572606e-01	( 0 6 3 7 1 4  )
G_LOOP:  2  7  6   	7.594713e-01	( 0 6 4 7 1 3  )
G_LOOP:  2  8  6   	7.558015e-01	( 0 2 3 7 5 4  )
G_LOOP:  2  9  6   	7.618569e-01	( 0 2 4 7 5 3  )
G_LOOP:  2  10  6   	7.589309e-01	( 0 5 3 7 2 4  )
G_LOOP:  2  11  6   	7.602545e-01	( 0 5 4 7 2 3  )
G_LOOP:  2  12  6   	7.595571e-01	( 1 2 3 6 5 4  )
G_LOOP:  2  13  6   	7.632494e-01	( 1 2 4 6 5 3  )
G_LOOP:  2  14  6   	7.579410e-01	( 1 5 3 6 2 4  )
G_LOOP:  2  15  6   	7.601606e-01	( 1 5 4 6 2 3  )
GACTION: 6.537787e+00
CONGRAD5: time = 7.721310e-01 (fn F) masses = 1 iters = 602 mflops = 2.132253e+03
 OK converged final_rsq= 1e-10 (cf 1e-10) rel = 1 (cf 0) restarts = 3 iters= 602
CONGRAD5: time = 1.665330e-01 (fn F) masses = 1 iters = 133 mflops = 2.184160e+03
 OK converged final_rsq= 5e-11 (cf 1e-10) rel = 1 (cf 0) restarts = 2 iters= 133
PBP: mass 1.000000e-02     4.180596e-02  5.650046e-02  6.282065e-03  6.257703e-03 ( 1 of 1 )
FACTION: mass = 1.000000e-02,  1.499623e+00 ( 1 of 1 )
CONGRAD5: time = 9.408472e-01 (fn F) masses = 1 iters = 709 mflops = 2.060916e+03
 OK converged final_rsq= 5e-11 (cf 1e-10) rel = 1 (cf 0) restarts = 4 iters= 709
CONGRAD5: time = 9.633088e-02 (fn F) masses = 1 iters = 75 mflops = 2.129261e+03
 OK converged final_rsq= 1e-10 (cf 1e-10) rel = 1 (cf 0) restarts = 1 iters= 75
PBP: mass 1.000000e-02     4.935784e-02  4.621076e-02  -8.936203e-03  -8.936002e-03 ( 1 of 1 )
FACTION: mass = 1.000000e-02,  1.495237e+00 ( 1 of 1 )
CONGRAD5: time = 1.024905e+00 (fn F) masses = 1 iters = 758 mflops = 2.022641e+03
 OK converged final_rsq= 5e-11 (cf 1e-10) rel = 1 (cf 0) restarts = 4 iters= 758
CONGRAD5: time = 1.013048e+00 (fn F) masses = 1 iters = 735 mflops = 1.984223e+03
 OK converged final_rsq= 1e-10 (cf 1e-10) rel = 1 (cf 0) restarts = 3 iters= 735
GFTIME:   time = 1.151950e-01 (Symanzik1) mflops = 3.060212e+03
FFTIME:  time = 3.366139e-01 (asqtad3) terms = 2 mflops = 2.970354e+03
CONGRAD5: time = 1.003387e+00 (fn F) masses = 1 iters = 759 mflops = 2.068743e+03
 OK converged final_rsq= 9.9e-11 (cf 1e-10) rel = 1 (cf 0) restarts = 3 iters= 759
CONGRAD5: time = 9.140971e-01 (fn F) masses = 1 iters = 693 mflops = 2.073357e+03
 OK converged final_rsq= 9.9e-11 (cf 1e-10) rel = 1 (cf 0) restarts = 3 iters= 693
GFTIME:   time = 1.390359e-01 (Symanzik1) mflops = 2.535468e+03
FFTIME:  time = 3.899720e-01 (asqtad3) terms = 2 mflops = 2.563934e+03
CONGRAD5: time = 1.003131e+00 (fn F) masses = 1 iters = 777 mflops = 2.118344e+03
 OK converged final_rsq= 1e-10 (cf 1e-10) rel = 1 (cf 0) restarts = 3 iters= 777
CONGRAD5: time = 9.551420e-01 (fn F) masses = 1 iters = 715 mflops = 2.047252e+03
 OK converged final_rsq= 1e-10 (cf 1e-10) rel = 1 (cf 0) restarts = 3 iters= 715
GFTIME:   time = 1.202681e-01 (Symanzik1) mflops = 2.931128e+03
FFTIME:  time = 3.482630e-01 (asqtad3) terms = 2 mflops = 2.870997e+03
CONGRAD5: time = 1.051895e+00 (fn F) masses = 1 iters = 755 mflops = 1.962943e+03
 OK converged final_rsq= 4.9e-11 (cf 1e-10) rel = 1 (cf 0) restarts = 4 iters= 755
CONGRAD5: time = 9.443910e-01 (fn F) masses = 1 iters = 709 mflops = 2.053183e+03
 OK converged final_rsq= 9.9e-11 (cf 1e-10) rel = 1 (cf 0) restarts = 3 iters= 709
GFTIME:   time = 1.123562e-01 (Symanzik1) mflops = 3.137533e+03
FFTIME:  time = 3.370249e-01 (asqtad3) terms = 2 mflops = 2.966731e+03
CONGRAD5: time = 1.022315e+00 (fn F) masses = 1 iters = 769 mflops = 2.057192e+03
 OK converged final_rsq= 5e-11 (cf 1e-10) rel = 1 (cf 0) restarts = 4 iters= 769
CONGRAD5: time = 9.709351e-01 (fn F) masses = 1 iters = 737 mflops = 2.075919e+03
 OK converged final_rsq= 1e-10 (cf 1e-10) rel = 1 (cf 0) restarts = 3 iters= 737
GFTIME:   time = 1.545458e-01 (Symanzik1) mflops = 2.281015e+03
FFTIME:  time = 4.019420e-01 (asqtad3) terms = 2 mflops = 2.487578e+03
CONGRAD5: time = 9.415610e-01 (fn F) masses = 1 iters = 749 mflops = 2.175537e+03
 OK converged final_rsq= 1e-10 (cf 1e-10) rel = 1 (cf 0) restarts = 3 iters= 749
CONGRAD5: time = 9.910810e-01 (fn F) masses = 1 iters = 752 mflops = 2.075114e+03
 OK converged final_rsq= 5e-11 (cf 1e-10) rel = 1 (cf 0) restarts = 4 iters= 752
GFTIME:   time = 1.201420e-01 (Symanzik1) mflops = 2.934205e+03
FFTIME:  time = 3.378770e-01 (asqtad3) terms = 2 mflops = 2.959249e+03
CONGRAD5: time = 1.036954e+00 (fn F) masses = 1 iters = 761 mflops = 2.007051e+03
 OK converged final_rsq= 5e-11 (cf 1e-10) rel = 1 (cf 0) restarts = 4 iters= 761
CONGRAD5: time = 9.907091e-01 (fn F) masses = 1 iters = 731 mflops = 2.017922e+03
 OK converged final_rsq= 1e-10 (cf 1e-10) rel = 1 (cf 0) restarts = 3 iters= 731
GFTIME:   time = 1.127548e-01 (Symanzik1) mflops = 3.126440e+03
FFTIME:  time = 3.361239e-01 (asqtad3) terms = 2 mflops = 2.974683e+03
CONGRAD5: time = 1.091039e+00 (fn F) masses = 1 iters = 750 mflops = 1.879984e+03
 OK converged final_rsq= 4.9e-11 (cf 1e-10) rel = 1 (cf 0) restarts = 4 iters= 750
CONGRAD5: time = 1.127144e+00 (fn F) masses = 1 iters = 735 mflops = 1.783369e+03
 OK converged final_rsq= 5e-11 (cf 1e-10) rel = 1 (cf 0) restarts = 4 iters= 735
GFTIME:   time = 1.326859e-01 (Symanzik1) mflops = 2.656810e+03
FFTIME:  time = 3.833051e-01 (asqtad3) terms = 2 mflops = 2.608529e+03
CONGRAD5: time = 9.995449e-01 (fn F) masses = 1 iters = 782 mflops = 2.139625e+03
 OK converged final_rsq= 4.9e-11 (cf 1e-10) rel = 1 (cf 0) restarts = 4 iters= 782
CONGRAD5: time = 1.106195e+00 (fn F) masses = 1 iters = 767 mflops = 1.896256e+03
 OK converged final_rsq= 5e-11 (cf 1e-10) rel = 1 (cf 0) restarts = 4 iters= 767
GFTIME:   time = 1.177769e-01 (Symanzik1) mflops = 2.993128e+03
FFTIME:  time = 3.477750e-01 (asqtad3) terms = 2 mflops = 2.875026e+03
CONGRAD5: time = 9.971111e-01 (fn F) masses = 1 iters = 762 mflops = 2.089992e+03
 OK converged final_rsq= 5e-11 (cf 1e-10) rel = 1 (cf 0) restarts = 4 iters= 762
CONGRAD5: time = 9.963200e-01 (fn F) masses = 1 iters = 725 mflops = 1.990088e+03
 OK converged final_rsq= 9.9e-11 (cf 1e-10) rel = 1 (cf 0) restarts = 3 iters= 725
GFTIME:   time = 1.295609e-01 (Symanzik1) mflops = 2.720891e+03
FFTIME:  time = 3.454959e-01 (asqtad3) terms = 2 mflops = 2.893991e+03
CONGRAD5: time = 9.404600e-01 (fn F) masses = 1 iters = 756 mflops = 2.198440e+03
 OK converged final_rsq= 5e-11 (cf 1e-10) rel = 1 (cf 0) restarts = 4 iters= 756
CONGRAD5: time = 1.033502e+00 (fn F) masses = 1 iters = 766 mflops = 2.026985e+03
 OK converged final_rsq= 5e-11 (cf 1e-10) rel = 1 (cf 0) restarts = 4 iters= 766
GFTIME:   time = 1.184330e-01 (Symanzik1) mflops = 2.976546e+03
FFTIME:  time = 3.397470e-01 (asqtad3) terms = 2 mflops = 2.942962e+03
CONGRAD5: time = 1.078431e+00 (fn F) masses = 1 iters = 757 mflops = 1.919715e+03
 OK converged final_rsq= 5e-11 (cf 1e-10) rel = 1 (cf 0) restarts = 4 iters= 757
CONGRAD5: time = 9.509490e-01 (fn F) masses = 1 iters = 715 mflops = 2.056279e+03
 OK converged final_rsq= 5e-11 (cf 1e-10) rel = 1 (cf 0) restarts = 4 iters= 715
GFTIME:   time = 1.122191e-01 (Symanzik1) mflops = 3.141366e+03
FFTIME:  time = 3.370821e-01 (asqtad3) terms = 2 mflops = 2.966227e+03
CONGRAD5: time = 1.025818e+00 (fn F) masses = 1 iters = 774 mflops = 2.063497e+03
 OK converged final_rsq= 5e-11 (cf 1e-10) rel = 1 (cf 0) restarts = 4 iters= 774
CONGRAD5: time = 9.583321e-01 (fn F) masses = 1 iters = 719 mflops = 2.051852e+03
 OK converged final_rsq= 1e-10 (cf 1e-10) rel = 1 (cf 0) restarts = 3 iters= 719
GFTIME:   time = 1.573031e-01 (Symanzik1) mflops = 2.241032e+03
FFTIME:  time = 3.921471e-01 (asqtad3) terms = 2 mflops = 2.549713e+03
CONGRAD5: time = 9.852278e-01 (fn F) masses = 1 iters = 783 mflops = 2.173493e+03
 OK converged final_rsq= 5e-11 (cf 1e-10) rel = 1 (cf 0) restarts = 4 iters= 783
CONGRAD5: time = 9.640679e-01 (fn F) masses = 1 iters = 738 mflops = 2.093543e+03
 OK converged final_rsq= 5e-11 (cf 1e-10) rel = 1 (cf 0) restarts = 4 iters= 738
GFTIME:   time = 1.213360e-01 (Symanzik1) mflops = 2.905331e+03
FFTIME:  time = 3.402910e-01 (asqtad3) terms = 2 mflops = 2.938256e+03
CONGRAD5: time = 1.054497e+00 (fn F) masses = 1 iters = 781 mflops = 2.025531e+03
 OK converged final_rsq= 5e-11 (cf 1e-10) rel = 1 (cf 0) restarts = 4 iters= 781
CONGRAD5: time = 1.005722e+00 (fn F) masses = 1 iters = 737 mflops = 2.004115e+03
 OK converged final_rsq= 1e-10 (cf 1e-10) rel = 1 (cf 0) restarts = 3 iters= 737
GFTIME:   time = 1.127601e-01 (Symanzik1) mflops = 3.126295e+03
FFTIME:  time = 3.366778e-01 (asqtad3) terms = 2 mflops = 2.969790e+03
PLAQ:	1.473963	1.473385
P_LOOP:	-7.764093e-03	6.219712e-03
G_LOOP:  0  0  4   	1.474057e+00	( 0 1 7 6  )
G_LOOP:  0  1  4   	1.476495e+00	( 0 2 7 5  )
G_LOOP:  0  2  4   	1.473365e+00	( 0 3 7 4  )
G_LOOP:  0  3  4   	1.471338e+00	( 1 2 6 5  )
G_LOOP:  0  4  4   	1.472826e+00	( 1 3 6 4  )
G_LOOP:  0  5  4   	1.473963e+00	( 2 3 5 4  )
G_LOOP:  1  0  6   	7.133980e-01	( 0 0 1 7 7 6  )
G_LOOP:  1  1  6   	7.231318e-01	( 0 0 2 7 7 5  )
G_LOOP:  1  2  6   	7.177161e-01	( 0 0 3 7 7 4  )
G_LOOP:  1  3  6   	7.170766e-01	( 1 1 0 6 6 7  )
G_LOOP:  1  4  6   	7.130472e-01	( 1 1 2 6 6 5  )
G_LOOP:  1  5  6   	7.151839e-01	( 1 1 3 6 6 4  )
G_LOOP:  1  6  6   	7.140978e-01	( 2 2 0 5 5 7  )
G_LOOP:  1  7  6   	7.130462e-01	( 2 2 1 5 5 6  )
G_LOOP:  1  8  6   	7.153132e-01	( 2 2 3 5 5 4  )
G_LOOP:  1  9  6   	7.117251e-01	( 3 3 0 4 4 7  )
G_LOOP:  1  10  6   	7.125768e-01	( 3 3 1 4 4 6  )
G_LOOP:  1  11  6   	7.086897e-01	( 3 3 2 4 4 5  )
G_LOOP:  2  0  6   	7.351040e-01	( 0 1 2 7 6 5  )
G_LOOP:  2  1  6   	7.280939e-01	( 0 1 5 7 6 2  )
G_LOOP:  2  2  6   	7.308180e-01	( 0 6 2 7 1 5  )
G_LOOP:  2  3  6   	7.304092e-01	( 0 6 5 7 1 2  )
G_LOOP:  2  4  6   	7.341810e-01	( 0 1 3 7 6 4  )
G_LOOP:  2  5  6   	7.318136e-01	( 0 1 4 7 6 3  )
G_LOOP:  2  6  6   	7.295944e-01	( 0 6 3 7 1 4  )
G_LOOP:  2  7  6   	7.277577e-01	( 0 6 4 7 1 3  )
G_LOOP:  2  8  6   	7.329565e-01	( 0 2 3 7 5 4  )
G_LOOP:  2  9  6   	7.324030e-01	( 0 2 4 7 5 3  )
G_LOOP:  2  10  6   	7.299320e-01	( 0 5 3 7 2 4  )
G_LOOP:  2  11  6   	7.308683e-01	( 0 5 4 7 2 3  )
G_LOOP:  2  12  6   	7.322426e-01	( 1 2 3 6 5 4  )
G_LOOP:  2  13  6   	7.340319e-01	( 1 2 4 6 5 3  )
G_LOOP:  2  14  6   	7.346669e-01	( 1 5 3 6 2 4  )
G_LOOP:  2  15  6   	7.309851e-01	( 1 5 4 6 2 3  )
GACTION: 6.654834e+00
CONGRAD5: time = 8.691418e-01 (fn F) masses = 1 iters = 602 mflops = 1.894258e+03
 OK converged final_rsq= 7.5e-11 (cf 1e-10) rel = 1 (cf 0) restarts = 3 iters= 602
CONGRAD5: time = 1.670098e-01 (fn F) masses = 1 iters = 130 mflops = 2.128798e+03
 OK converged final_rsq= 5e-11 (cf 1e-10) rel = 1 (cf 0) restarts = 2 iters= 130
PBP: mass 1.000000e-02     5.172191e-02  3.967773e-02  -4.749448e-03  -4.752535e-03 ( 1 of 1 )
FACTION: mass = 1.000000e-02,  1.499391e+00 ( 1 of 1 )
CONGRAD5: time = 9.286990e-01 (fn F) masses = 1 iters = 740 mflops = 2.179164e+03
 OK converged final_rsq= 5e-11 (cf 1e-10) rel = 1 (cf 0) restarts = 4 iters= 740
CONGRAD5: time = 9.919500e-02 (fn F) masses = 1 iters = 78 mflops = 2.150493e+03
 OK converged final_rsq= 9.9e-11 (cf 1e-10) rel = 1 (cf 0) restarts = 1 iters= 78
PBP: mass 1.000000e-02     4.471490e-02  6.322165e-02  -1.728046e-04  -1.750247e-04 ( 1 of 1 )
FACTION: mass = 1.000000e-02,  1.497018e+00 ( 1 of 1 )
CONGRAD5: time = 1.012834e+00 (fn F) masses = 1 iters = 768 mflops = 2.073749e+03
 OK converged final_rsq= 4.9e-11 (cf 1e-10) rel = 1 (cf 0) restarts = 4 iters= 768
CONGRAD5: time = 9.803488e-01 (fn F) masses = 1 iters = 727 mflops = 2.028089e+03
 OK converged final_rsq= 9.9e-11 (cf 1e-10) rel = 1 (cf 0) restarts = 3 iters= 727
GFTIME:   time = 1.271501e-01 (Symanzik1) mflops = 2.772482e+03
FFTIME:  time = 3.428092e-01 (asqtad3) terms = 2 mflops = 2.916673e+03
CONGRAD5: time = 1.035196e+00 (fn F) masses = 1 iters = 787 mflops = 2.079148e+03
 OK converged final_rsq= 5e-11 (cf 1e-10) rel = 1 (cf 0) restarts = 4 iters= 787
CONGRAD5: time = 9.656091e-01 (fn F) masses = 1 iters = 772 mflops = 2.186498e+03
 OK converged final_rsq= 5e-11 (cf 1e-10) rel = 1 (cf 0) restarts = 4 iters= 772
GFTIME:   time = 1.480911e-01 (Symanzik1) mflops = 2.380435e+03
FFTIME:  time = 3.772099e-01 (asqtad3) terms = 2 mflops = 2.650679e+03
CONGRAD5: time = 1.066846e+00 (fn F) masses = 1 iters = 785 mflops = 2.012339e+03
 OK converged final_rsq= 1e-10 (cf 1e-10) rel = 1 (cf 0) restarts = 3 iters= 785
CONGRAD5: time = 9.096379e-01 (fn F) masses = 1 iters = 734 mflops = 2.206788e+03
 OK converged final_rsq= 5e-11 (cf 1e-10) rel = 1 (cf 0) restarts = 4 iters= 734
GFTIME:   time = 1.140902e-01 (Symanzik1) mflops = 3.089846e+03
FFTIME:  time = 3.525519e-01 (asqtad3) terms = 2 mflops = 2.836071e+03
CONGRAD5: time = 9.786022e-01 (fn F) masses = 1 iters = 774 mflops = 2.163057e+03
 OK converged final_rsq= 5e-11 (cf 1e-10) rel = 1 (cf 0) restarts = 4 iters= 774
CONGRAD5: time = 9.909511e-01 (fn F) masses = 1 iters = 738 mflops = 2.036748e+03
 OK converged final_rsq= 1e-10 (cf 1e-10) rel = 1 (cf 0) restarts = 3 iters= 738
GFTIME:   time = 1.307089e-01 (Symanzik1) mflops = 2.696994e+03
FFTIME:  time = 3.748269e-01 (asqtad3) terms = 2 mflops = 2.667531e+03
CONGRAD5: time = 9.910111e-01 (fn F) masses = 1 iters = 766 mflops = 2.113895e+03
 OK converged final_rsq= 5e-11 (cf 1e-10) rel = 1 (cf 0) restarts = 4 iters= 766
CONGRAD5: time = 9.486849e-01 (fn F) masses = 1 iters = 734 mflops = 2.115959e+03
 OK converged final_rsq= 9.9e-11 (cf 1e-10) rel = 1 (cf 0) restarts = 3 iters= 734
GFTIME:   time = 1.616499e-01 (Symanzik1) mflops = 2.180769e+03
FFTIME:  time = 3.893061e-01 (asqtad3) terms = 2 mflops = 2.568319e+03
CONGRAD5: time = 9.926031e-01 (fn F) masses = 1 iters = 775 mflops = 2.135302e+03
 OK converged final_rsq= 5e-11 (cf 1e-10) rel = 1 (cf 0) restarts = 4 iters= 775
CONGRAD5: time = 9.703431e-01 (fn F) masses = 1 iters = 742 mflops = 2.091278e+03
 OK converged final_rsq= 5e-11 (cf 1e-10) rel = 1 (cf 0) restarts = 4 iters= 742
GFTIME:   time = 1.295331e-01 (Symanzik1) mflops = 2.721477e+03
FFTIME:  time = 3.628221e-01 (asqtad3) terms = 2 mflops = 2.755792e+03
CONGRAD5: time = 1.028175e+00 (fn F) masses = 1 iters = 786 mflops = 2.090686e+03
 OK converged final_rsq= 5e-11 (cf 1e-10) rel = 1 (cf 0) restarts = 4 iters= 786
CONGRAD5: time = 1.052476e+00 (fn F) masses = 1 iters = 765 mflops = 1.987844e+03
 OK converged final_rsq= 5e-11 (cf 1e-10) rel = 1 (cf 0) restarts = 4 iters= 765
GFTIME:   time = 1.170251e-01 (Symanzik1) mflops = 3.012355e+03
FFTIME:  time = 3.388920e-01 (asqtad3) terms = 2 mflops = 2.950386e+03
CONGRAD5: time = 9.568751e-01 (fn F) masses = 1 iters = 743 mflops = 2.123571e+03
 OK converged final_rsq= 5e-11 (cf 1e-10) rel = 1 (cf 0) restarts = 4 iters= 743
CONGRAD5: time = 1.025837e+00 (fn F) masses = 1 iters = 753 mflops = 2.007474e+03
 OK converged final_rsq= 1e-10 (cf 1e-10) rel = 1 (cf 0) restarts = 3 iters= 753
GFTIME:   time = 1.223280e-01 (Symanzik1) mflops = 2.881769e+03
FFTIME:  time = 3.706150e-01 (asqtad3) terms = 2 mflops = 2.697846e+03
CONGRAD5: time = 9.520650e-01 (fn F) masses = 1 iters = 770 mflops = 2.211858e+03
 OK converged final_rsq= 5e-11 (cf 1e-10) rel = 1 (cf 0) restarts = 4 iters= 770
CONGRAD5: time = 9.736261e-01 (fn F) masses = 1 iters = 731 mflops = 2.053328e+03
 OK converged final_rsq= 9.9e-11 (cf 1e-10) rel = 1 (cf 0) restarts = 3 iters= 731
GFTIME:   time = 1.194530e-01 (Symanzik1) mflops = 2.951130e+03
FFTIME:  time = 3.384721e-01 (asqtad3) terms = 2 mflops = 2.954046e+03
CONGRAD5: time = 1.062691e+00 (fn F) masses = 1 iters = 771 mflops = 1.984178e+03
 OK converged final_rsq= 5e-11 (cf 1e-10) rel = 1 (cf 0) restarts = 4 iters= 771
CONGRAD5: time = 9.649451e-01 (fn F) masses = 1 iters = 726 mflops = 2.057630e+03
 OK converged final_rsq= 9.9e-11 (cf 1e-10) rel = 1 (cf 0) restarts = 3 iters= 726
GFTIME:   time = 1.123588e-01 (Symanzik1) mflops = 3.137460e+03
FFTIME:  time = 3.373990e-01 (asqtad3) terms = 2 mflops = 2.963442e+03
CONGRAD5: time = 1.021130e+00 (fn F) masses = 1 iters = 774 mflops = 2.072971e+03
 OK converged final_rsq= 5e-11 (cf 1e-10) rel = 1 (cf 0) restarts = 4 iters= 774
CONGRAD5: time = 9.452610e-01 (fn F) masses = 1 iters = 747 mflops = 2.161235e+03
 OK converged final_rsq= 5e-11 (cf 1e-10) rel = 1 (cf 0) restarts = 4 iters= 747
GFTIME:   time = 1.298330e-01 (Symanzik1) mflops = 2.715190e+03
FFTIME:  time = 3.853590e-01 (asqtad3) terms = 2 mflops = 2.594625e+03
CONGRAD5: time = 1.061031e+00 (fn F) masses = 1 iters = 788 mflops = 2.031100e+03
 OK converged final_rsq= 4.9e-11 (cf 1e-10) rel = 1 (cf 0) restarts = 4 iters= 788
CONGRAD5: time = 9.182930e-01 (fn F) masses = 1 iters = 739 mflops = 2.200880e+03
 OK converged final_rsq= 9.9e-11 (cf 1e-10) rel = 1 (cf 0) restarts = 3 iters= 739
GFTIME:   time = 1.389129e-01 (Symanzik1) mflops = 2.537714e+03
FFTIME:  time = 3.916440e-01 (asqtad3) terms = 2 mflops = 2.552988e+03
CONGRAD5: time = 9.995980e-01 (fn F) masses = 1 iters = 757 mflops = 2.071112e+03
 OK converged final_rsq= 5e-11 (cf 1e-10) rel = 1 (cf 0) restarts = 4 iters= 757
CONGRAD5: time = 1.052805e+00 (fn F) masses = 1 iters = 758 mflops = 1.969040e+03
 OK converged final_rsq= 5e-11 (cf 1e-10) rel = 1 (cf 0) restarts = 4 iters= 758
GFTIME:   time = 1.242211e-01 (Symanzik1) mflops = 2.837853e+03
FFTIME:  time = 3.771720e-01 (asqtad3) terms = 2 mflops = 2.650945e+03
CONGRAD5: time = 9.558291e-01 (fn F) masses = 1 iters = 770 mflops = 2.203148e+03
 OK converged final_rsq= 5e-11 (cf 1e-10) rel = 1 (cf 0) restarts = 4 iters= 770
CONGRAD5: time = 1.009653e+00 (fn F) masses = 1 iters = 746 mflops = 2.020691e+03
 OK converged final_rsq= 5e-11 (cf 1e-10) rel = 1 (cf 0) restarts = 4 iters= 746
GFTIME:   time = 1.221912e-01 (Symanzik1) mflops = 2.884997e+03
FFTIME:  time = 3.653450e-01 (asqtad3) terms = 2 mflops = 2.736762e+03
CONGRAD5: time = 1.042154e+00 (fn F) masses = 1 iters = 763 mflops = 2.002285e+03
 OK converged final_rsq= 5e-11 (cf 1e-10) rel = 1 (cf 0) restarts = 4 iters= 763
CONGRAD5: time = 1.009589e+00 (fn F) masses = 1 iters = 753 mflops = 2.039781e+03
 OK converged final_rsq= 1e-10 (cf 1e-10) rel = 1 (cf 0) restarts = 3 iters= 753
GFTIME:   time = 1.127851e-01 (Symanzik1) mflops = 3.125601e+03
FFTIME:  time = 3.372180e-01 (asqtad3) terms = 2 mflops = 2.965032e+03
PLAQ:	1.459433	1.458465
P_LOOP:	1.615890e-02	-8.026718e-03
G_LOOP:  0  0  4   	1.459195e+00	( 0 1 7 6  )
G_LOOP:  0  1  4   	1.460791e+00	( 0 2 7 5  )
G_LOOP:  0  2  4   	1.460614e+00	( 0 3 7 4  )
G_LOOP:  0  3  4   	1.458314e+00	( 1 2 6 5  )
G_LOOP:  0  4  4   	1.457892e+00	( 1 3 6 4  )
G_LOOP:  0  5  4   	1.456888e+00	( 2 3 5 4  )
G_LOOP:  1  0  6   	6.983939e-01	( 0 0 1 7 7 6  )
G_LOOP:  1  1  6   	7.042719e-01	( 0 0 2 7 7 5  )
G_LOOP:  1  2  6   	7.000097e-01	( 0 0 3 7 7 4  )
G_LOOP:  1  3  6   	6.967192e-01	( 1 1 0 6 6 7  )
G_LOOP:  1  4  6   	6.984864e-01	( 1 1 2 6 6 5  )
G_LOOP:  1  5  6   	6.968441e-01	( 1 1 3 6 6 4  )
G_LOOP:  1  6  6   	6.998432e-01	( 2 2 0 5 5 7  )
G_LOOP:  1  7  6   	6.985943e-01	( 2 2 1 5 5 6  )
G_LOOP:  1  8  6   	6.990863e-01	( 2 2 3 5 5 4  )
G_LOOP:  1  9  6   	6.999809e-01	( 3 3 0 4 4 7  )
G_LOOP:  1  10  6   	6.973355e-01	( 3 3 1 4 4 6  )
G_LOOP:  1  11  6   	6.941445e-01	( 3 3 2 4 4 5  )
G_LOOP:  2  0  6   	7.139080e-01	( 0 1 2 7 6 5  )
G_LOOP:  2  1  6   	7.119920e-01	( 0 1 5 7 6 2  )
G_LOOP:  2  2  6   	7.117254e-01	( 0 6 2 7 1 5  )
G_LOOP:  2  3  6   	7.124687e-01	( 0 6 5 7 1 2  )
G_LOOP:  2  4  6   	7.159880e-01	( 0 1 3 7 6 4  )
G_LOOP:  2  5  6   	7.136556e-01	( 0 1 4 7 6 3  )
G_LOOP:  2  6  6   	7.124254e-01	( 0 6 3 7 1 4  )
G_LOOP:  2  7  6   	7.110729e-01	( 0 6 4 7 1 3  )
G_LOOP:  2  8  6   	7.144444e-01	( 0 2 3 7 5 4  )
G_LOOP:  2  9  6   	7.125228e-01	( 0 2 4 7 5 3  )
G_LOOP:  2  10  6   	7.149983e-01	( 0 5 3 7 2 4  )
G_LOOP:  2  11  6   	7.100563e-01	( 0 5 4 7 2 3  )
G_LOOP:  2  12  6   	7.109843e-01	( 1 2 3 6 5 4  )
G_LOOP:  2  13  6   	7.097229e-01	( 1 2 4 6 5 3  )
G_LOOP:  2  14  6   	7.117955e-01	( 1 5 3 6 2 4  )
G_LOOP:  2  15  6   	7.069325e-01	( 1 5 4 6 2 3  )
GACTION: 6.725127e+00
CONGRAD5: time = 9.553308e-01 (fn F) masses = 1 iters = 718 mflops = 2.055435e+03
 OK converged final_rsq= 5e-11 (cf 1e-10) rel = 1 (cf 0) restarts = 4 iters= 718
CONGRAD5: time = 9.567404e-02 (fn F) masses = 1 iters = 75 mflops = 2.143879e+03
 OK converged final_rsq= 1e-10 (cf 1e-10) rel = 1 (cf 0) restarts = 1 iters= 75
PBP: mass 1.000000e-02     6.464430e-02  5.646403e-02  3.676150e-03  3.676061e-03 ( 1 of 1 )
FACTION: mass = 1.000000e-02,  1.503793e+00 ( 1 of 1 )
CONGRAD5: time = 9.378340e-01 (fn F) masses = 1 iters = 755 mflops = 2.201680e+03
 OK converged final_rsq= 5e-11 (cf 1e-10) rel = 1 (cf 0) restarts = 4 iters= 755
CONGRAD5: time = 9.623003e-02 (fn F) masses = 1 iters = 76 mflops = 2.159913e+03
 OK converged final_rsq= 9.8e-11 (cf 1e-10) rel = 1 (cf 0) restarts = 1 iters= 76
PBP: mass 1.000000e-02     6.353492e-02  4.823133e-02  -5.438112e-03  -5.433117e-03 ( 1 of 1 )
FACTION: mass = 1.000000e-02,  1.504196e+00 ( 1 of 1 )
RUNNING COMPLETED
average cg iters for step= 1.451250e+03
Time = 1.652983e+02 seconds
total_iters = 181038
Checksums f5dc514d a700d500
Saved gauge configuration in parallel to binary file lat_p64_size64_2
Time stamp Wed May 18 21:11:45 2022
Wrote info file lat_p64_size64_2.info
Time to save = 5.341570e-01
CHECK PLAQ: 1.459433e+00 1.458465e+00
CHECK NERSC LINKTR: 1.436480e-01 CKSUM: 409d2cae


get_i(0): EOF on input.
Elapsed total time: 180.907524
exit: Wed May 18 21:11:46 2022

