SU3 with improved KS action
Microcanonical simulation with refreshing
R algorithm
MIMD version 7.8.1
Machine = MPI (portable), with 64 nodes
Host(0) = nid00242
Username = mcopik
Options selected...
Generic single precision
C_GLOBAL_INLINE
DBLSTORE_FN
D_FN_GATHER13
FEWSUMS
KS_MULTIFF=FNMAT
VECLENGTH=4
type 0 for no prompts, 1 for prompts, or 2 for proofreading
nflavors1 2
nflavors2 1
nx 32
ny 16
nz 16
nt 36
iseed 5682304
LAYOUT = Hypercubes, options = hyper_prime,
automatic hyper_prime layout
ON EACH NODE 8 x 8 x 8 x 9
Mallocing 4.5 MBytes per node for lattice
WARNING!!: Resetting random seed
Made lattice
Made nn gathers
Made 3nn gathers
Finished setup


warms 0
trajecs 4
traj_between_meas 1
beta 5.6
mass1 0.125
mass2 0.125
u0 0.8441
microcanonical_time_step 0.2
steps_per_trajectory 5
max_cg_iterations 100
max_cg_restarts 5
error_per_site 0.125
error_for_propagator 0.125
npbp_reps 1
prec_pbp 1
fresh 
save_parallel lat_p64_size128_1
unit gauge configuration loaded
CHECK PLAQ: 3.000000e+00 3.000000e+00
CHECK NERSC LINKTR: 1.000000e+00 CKSUM: 0
Unitarity checked.  Max deviation 0.00e+00
Time to check unitarity = 1.286983e-03
"O(a^2): couplings(pi)=0, Naik term, No O(a^2) errors, tadpole weights"
path coefficients: npath  path_coeff  multiplicity
                    0      6.250000e-01     8
                    1      -5.847914e-02     8
                    2      -8.771871e-02     48
                    3      3.077829e-02     192
                    4      -7.199551e-03     384
                    5      -1.231132e-01     48
Symanzik 1x1 + 1x2 + 1x1x1 action
gauge_action: total_dyn_flavors = 3
loop coefficients: nloop rep loop_coeff  multiplicity
                    0 0      1.000000e+00     6
                    1 0      -7.762509e-02     12
                    2 0      -1.031171e-02     16
WARMUPS COMPLETED
CONGRAD5: time = 2.028203e-02 (fn F) masses = 1 iters = 4 mflops = 1.078728e+03
 OK converged final_rsq= 0.006 (cf 0.016) rel = 1 (cf 0) restarts = 1 iters= 4
CONGRAD5: time = 1.747894e-02 (fn F) masses = 1 iters = 4 mflops = 1.251722e+03
 OK converged final_rsq= 0.0059 (cf 0.016) rel = 1 (cf 0) restarts = 1 iters= 4
GFTIME:   time = 3.189869e-01 (Symanzik1) mflops = 2.210255e+03
FFTIME:  time = 1.103501e+00 (asqtad3) terms = 2 mflops = 1.812164e+03
CONGRAD5: time = 1.596808e-02 (fn F) masses = 1 iters = 4 mflops = 1.370157e+03
 OK converged final_rsq= 0.01 (cf 0.016) rel = 1 (cf 0) restarts = 1 iters= 4
CONGRAD5: time = 1.503491e-02 (fn F) masses = 1 iters = 4 mflops = 1.455198e+03
 OK converged final_rsq= 0.0096 (cf 0.016) rel = 1 (cf 0) restarts = 1 iters= 4
GFTIME:   time = 2.782011e-01 (Symanzik1) mflops = 2.534291e+03
FFTIME:  time = 1.094668e+00 (asqtad3) terms = 2 mflops = 1.826786e+03
CONGRAD5: time = 1.536393e-02 (fn F) masses = 1 iters = 4 mflops = 1.424035e+03
 OK converged final_rsq= 0.014 (cf 0.016) rel = 1 (cf 0) restarts = 1 iters= 4
CONGRAD5: time = 1.527500e-02 (fn F) masses = 1 iters = 4 mflops = 1.432326e+03
 OK converged final_rsq= 0.014 (cf 0.016) rel = 1 (cf 0) restarts = 1 iters= 4
GFTIME:   time = 2.796080e-01 (Symanzik1) mflops = 2.521539e+03
FFTIME:  time = 1.098343e+00 (asqtad3) terms = 2 mflops = 1.820674e+03
CONGRAD5: time = 1.576877e-02 (fn F) masses = 1 iters = 4 mflops = 1.387476e+03
 OK converged final_rsq= 0.013 (cf 0.016) rel = 1 (cf 0) restarts = 1 iters= 4
CONGRAD5: time = 1.518011e-02 (fn F) masses = 1 iters = 4 mflops = 1.441280e+03
 OK converged final_rsq= 0.013 (cf 0.016) rel = 1 (cf 0) restarts = 1 iters= 4
GFTIME:   time = 2.798948e-01 (Symanzik1) mflops = 2.518955e+03
FFTIME:  time = 1.099676e+00 (asqtad3) terms = 2 mflops = 1.818467e+03
CONGRAD5: time = 1.545596e-02 (fn F) masses = 1 iters = 4 mflops = 1.415556e+03
 OK converged final_rsq= 0.011 (cf 0.016) rel = 1 (cf 0) restarts = 1 iters= 4
CONGRAD5: time = 1.499009e-02 (fn F) masses = 1 iters = 4 mflops = 1.459550e+03
 OK converged final_rsq= 0.011 (cf 0.016) rel = 1 (cf 0) restarts = 1 iters= 4
GFTIME:   time = 2.808270e-01 (Symanzik1) mflops = 2.510593e+03
FFTIME:  time = 1.098658e+00 (asqtad3) terms = 2 mflops = 1.820152e+03
PLAQ:	2.348549	2.348112
P_LOOP:	-5.505189e-03	-1.058115e-02
G_LOOP:  0  0  4   	2.347989e+00	( 0 1 7 6  )
G_LOOP:  0  1  4   	2.348235e+00	( 0 2 7 5  )
G_LOOP:  0  2  4   	2.348118e+00	( 0 3 7 4  )
G_LOOP:  0  3  4   	2.349423e+00	( 1 2 6 5  )
G_LOOP:  0  4  4   	2.347520e+00	( 1 3 6 4  )
G_LOOP:  0  5  4   	2.348698e+00	( 2 3 5 4  )
G_LOOP:  1  0  6   	1.774326e+00	( 0 0 1 7 7 6  )
G_LOOP:  1  1  6   	1.772816e+00	( 0 0 2 7 7 5  )
G_LOOP:  1  2  6   	1.773575e+00	( 0 0 3 7 7 4  )
G_LOOP:  1  3  6   	1.774198e+00	( 1 1 0 6 6 7  )
G_LOOP:  1  4  6   	1.776674e+00	( 1 1 2 6 6 5  )
G_LOOP:  1  5  6   	1.772050e+00	( 1 1 3 6 6 4  )
G_LOOP:  1  6  6   	1.774592e+00	( 2 2 0 5 5 7  )
G_LOOP:  1  7  6   	1.775420e+00	( 2 2 1 5 5 6  )
G_LOOP:  1  8  6   	1.775323e+00	( 2 2 3 5 5 4  )
G_LOOP:  1  9  6   	1.774200e+00	( 3 3 0 4 4 7  )
G_LOOP:  1  10  6   	1.772793e+00	( 3 3 1 4 4 6  )
G_LOOP:  1  11  6   	1.773687e+00	( 3 3 2 4 4 5  )
G_LOOP:  2  0  6   	1.822344e+00	( 0 1 2 7 6 5  )
G_LOOP:  2  1  6   	1.820458e+00	( 0 1 5 7 6 2  )
G_LOOP:  2  2  6   	1.823198e+00	( 0 6 2 7 1 5  )
G_LOOP:  2  3  6   	1.820116e+00	( 0 6 5 7 1 2  )
G_LOOP:  2  4  6   	1.819553e+00	( 0 1 3 7 6 4  )
G_LOOP:  2  5  6   	1.820312e+00	( 0 1 4 7 6 3  )
G_LOOP:  2  6  6   	1.819036e+00	( 0 6 3 7 1 4  )
G_LOOP:  2  7  6   	1.821536e+00	( 0 6 4 7 1 3  )
G_LOOP:  2  8  6   	1.820542e+00	( 0 2 3 7 5 4  )
G_LOOP:  2  9  6   	1.820675e+00	( 0 2 4 7 5 3  )
G_LOOP:  2  10  6   	1.821020e+00	( 0 5 3 7 2 4  )
G_LOOP:  2  11  6   	1.823999e+00	( 0 5 4 7 2 3  )
G_LOOP:  2  12  6   	1.824607e+00	( 1 2 3 6 5 4  )
G_LOOP:  2  13  6   	1.820756e+00	( 1 2 4 6 5 3  )
G_LOOP:  2  14  6   	1.820113e+00	( 1 5 3 6 2 4  )
G_LOOP:  2  15  6   	1.821532e+00	( 1 5 4 6 2 3  )
GACTION: 2.573644e+00
CONGRAD5: time = 1.540899e-02 (fn F) masses = 1 iters = 4 mflops = 1.419871e+03
 OK converged final_rsq= 0.01 (cf 0.016) rel = 1 (cf 0) restarts = 1 iters= 4
CONGRAD5: time = 2.007794e-02 (fn F) masses = 1 iters = 6 mflops = 1.634539e+03
 OK converged final_rsq= 0.009 (cf 0.016) rel = 1 (cf 0) restarts = 1 iters= 6
PBP: mass 1.250000e-01     7.073068e-02  9.266890e-02  1.470707e-03  9.722415e-04 ( 1 of 1 )
FACTION: mass = 1.250000e-01,  1.465978e+00 ( 1 of 1 )
CONGRAD5: time = 1.502395e-02 (fn F) masses = 1 iters = 4 mflops = 1.456261e+03
 OK converged final_rsq= 0.01 (cf 0.016) rel = 1 (cf 0) restarts = 1 iters= 4
CONGRAD5: time = 1.982808e-02 (fn F) masses = 1 iters = 6 mflops = 1.655136e+03
 OK converged final_rsq= 0.009 (cf 0.016) rel = 1 (cf 0) restarts = 1 iters= 6
PBP: mass 1.250000e-01     7.045814e-02  9.288676e-02  -1.473327e-03  -1.651425e-03 ( 1 of 1 )
FACTION: mass = 1.250000e-01,  1.467517e+00 ( 1 of 1 )
CONGRAD5: time = 1.535702e-02 (fn F) masses = 1 iters = 4 mflops = 1.424677e+03
 OK converged final_rsq= 0.011 (cf 0.016) rel = 1 (cf 0) restarts = 1 iters= 4
CONGRAD5: time = 1.512384e-02 (fn F) masses = 1 iters = 4 mflops = 1.446642e+03
 OK converged final_rsq= 0.011 (cf 0.016) rel = 1 (cf 0) restarts = 1 iters= 4
GFTIME:   time = 2.843740e-01 (Symanzik1) mflops = 2.479279e+03
FFTIME:  time = 1.087293e+00 (asqtad3) terms = 2 mflops = 1.839177e+03
CONGRAD5: time = 1.780605e-02 (fn F) masses = 1 iters = 5 mflops = 1.535909e+03
 OK converged final_rsq= 0.007 (cf 0.016) rel = 1 (cf 0) restarts = 1 iters= 5
CONGRAD5: time = 1.497579e-02 (fn F) masses = 1 iters = 4 mflops = 1.460944e+03
 OK converged final_rsq= 0.015 (cf 0.016) rel = 1 (cf 0) restarts = 1 iters= 4
GFTIME:   time = 2.866850e-01 (Symanzik1) mflops = 2.459293e+03
FFTIME:  time = 1.091233e+00 (asqtad3) terms = 2 mflops = 1.832537e+03
CONGRAD5: time = 1.823997e-02 (fn F) masses = 1 iters = 5 mflops = 1.499370e+03
 OK converged final_rsq= 0.0089 (cf 0.016) rel = 1 (cf 0) restarts = 1 iters= 5
CONGRAD5: time = 1.746416e-02 (fn F) masses = 1 iters = 5 mflops = 1.565977e+03
 OK converged final_rsq= 0.0085 (cf 0.016) rel = 1 (cf 0) restarts = 1 iters= 5
GFTIME:   time = 2.872291e-01 (Symanzik1) mflops = 2.454635e+03
FFTIME:  time = 1.092838e+00 (asqtad3) terms = 2 mflops = 1.829845e+03
CONGRAD5: time = 7.067990e-02 (fn F) masses = 1 iters = 5 mflops = 3.869343e+02
 OK converged final_rsq= 0.0085 (cf 0.016) rel = 1 (cf 0) restarts = 1 iters= 5
CONGRAD5: time = 3.102422e-02 (fn F) masses = 1 iters = 5 mflops = 8.815204e+02
 OK converged final_rsq= 0.0082 (cf 0.016) rel = 1 (cf 0) restarts = 1 iters= 5
GFTIME:   time = 3.567789e-01 (Symanzik1) mflops = 1.976133e+03
FFTIME:  time = 1.118233e+00 (asqtad3) terms = 2 mflops = 1.788290e+03
CONGRAD5: time = 2.021718e-02 (fn F) masses = 1 iters = 5 mflops = 1.352735e+03
 OK converged final_rsq= 0.0074 (cf 0.016) rel = 1 (cf 0) restarts = 1 iters= 5
CONGRAD5: time = 1.636100e-02 (fn F) masses = 1 iters = 4 mflops = 1.337252e+03
 OK converged final_rsq= 0.015 (cf 0.016) rel = 1 (cf 0) restarts = 1 iters= 4
GFTIME:   time = 3.033721e-01 (Symanzik1) mflops = 2.324018e+03
FFTIME:  time = 1.096497e+00 (asqtad3) terms = 2 mflops = 1.823739e+03
PLAQ:	2.012849	2.013197
P_LOOP:	-3.667003e-03	-9.426866e-03
G_LOOP:  0  0  4   	2.012259e+00	( 0 1 7 6  )
G_LOOP:  0  1  4   	2.012615e+00	( 0 2 7 5  )
G_LOOP:  0  2  4   	2.014159e+00	( 0 3 7 4  )
G_LOOP:  0  3  4   	2.013673e+00	( 1 2 6 5  )
G_LOOP:  0  4  4   	2.011824e+00	( 1 3 6 4  )
G_LOOP:  0  5  4   	2.013608e+00	( 2 3 5 4  )
G_LOOP:  1  0  6   	1.299554e+00	( 0 0 1 7 7 6  )
G_LOOP:  1  1  6   	1.298284e+00	( 0 0 2 7 7 5  )
G_LOOP:  1  2  6   	1.304072e+00	( 0 0 3 7 7 4  )
G_LOOP:  1  3  6   	1.298349e+00	( 1 1 0 6 6 7  )
G_LOOP:  1  4  6   	1.301249e+00	( 1 1 2 6 6 5  )
G_LOOP:  1  5  6   	1.299440e+00	( 1 1 3 6 6 4  )
G_LOOP:  1  6  6   	1.300374e+00	( 2 2 0 5 5 7  )
G_LOOP:  1  7  6   	1.302705e+00	( 2 2 1 5 5 6  )
G_LOOP:  1  8  6   	1.301099e+00	( 2 2 3 5 5 4  )
G_LOOP:  1  9  6   	1.301697e+00	( 3 3 0 4 4 7  )
G_LOOP:  1  10  6   	1.300518e+00	( 3 3 1 4 4 6  )
G_LOOP:  1  11  6   	1.301792e+00	( 3 3 2 4 4 5  )
G_LOOP:  2  0  6   	1.344038e+00	( 0 1 2 7 6 5  )
G_LOOP:  2  1  6   	1.345105e+00	( 0 1 5 7 6 2  )
G_LOOP:  2  2  6   	1.344911e+00	( 0 6 2 7 1 5  )
G_LOOP:  2  3  6   	1.342131e+00	( 0 6 5 7 1 2  )
G_LOOP:  2  4  6   	1.344896e+00	( 0 1 3 7 6 4  )
G_LOOP:  2  5  6   	1.341714e+00	( 0 1 4 7 6 3  )
G_LOOP:  2  6  6   	1.342753e+00	( 0 6 3 7 1 4  )
G_LOOP:  2  7  6   	1.342647e+00	( 0 6 4 7 1 3  )
G_LOOP:  2  8  6   	1.345047e+00	( 0 2 3 7 5 4  )
G_LOOP:  2  9  6   	1.343819e+00	( 0 2 4 7 5 3  )
G_LOOP:  2  10  6   	1.344301e+00	( 0 5 3 7 2 4  )
G_LOOP:  2  11  6   	1.345084e+00	( 0 5 4 7 2 3  )
G_LOOP:  2  12  6   	1.344254e+00	( 1 2 3 6 5 4  )
G_LOOP:  2  13  6   	1.341313e+00	( 1 2 4 6 5 3  )
G_LOOP:  2  14  6   	1.342920e+00	( 1 5 3 6 2 4  )
G_LOOP:  2  15  6   	1.344460e+00	( 1 5 4 6 2 3  )
GACTION: 4.065753e+00
CONGRAD5: time = 1.745200e-02 (fn F) masses = 1 iters = 4 mflops = 1.253655e+03
 OK converged final_rsq= 0.014 (cf 0.016) rel = 1 (cf 0) restarts = 1 iters= 4
CONGRAD5: time = 2.216983e-02 (fn F) masses = 1 iters = 6 mflops = 1.480308e+03
 OK converged final_rsq= 0.014 (cf 0.016) rel = 1 (cf 0) restarts = 1 iters= 6
PBP: mass 1.250000e-01     8.448160e-02  1.679319e-01  3.262083e-05  -1.035879e-04 ( 1 of 1 )
FACTION: mass = 1.250000e-01,  1.446994e+00 ( 1 of 1 )
CONGRAD5: time = 1.727486e-02 (fn F) masses = 1 iters = 4 mflops = 1.266510e+03
 OK converged final_rsq= 0.014 (cf 0.016) rel = 1 (cf 0) restarts = 1 iters= 4
CONGRAD5: time = 2.148080e-02 (fn F) masses = 1 iters = 6 mflops = 1.527791e+03
 OK converged final_rsq= 0.013 (cf 0.016) rel = 1 (cf 0) restarts = 1 iters= 6
PBP: mass 1.250000e-01     8.642004e-02  1.645656e-01  2.280849e-04  -1.187979e-04 ( 1 of 1 )
FACTION: mass = 1.250000e-01,  1.445789e+00 ( 1 of 1 )
CONGRAD5: time = 1.944304e-02 (fn F) masses = 1 iters = 5 mflops = 1.406595e+03
 OK converged final_rsq= 0.0075 (cf 0.016) rel = 1 (cf 0) restarts = 1 iters= 5
CONGRAD5: time = 1.624203e-02 (fn F) masses = 1 iters = 4 mflops = 1.347048e+03
 OK converged final_rsq= 0.015 (cf 0.016) rel = 1 (cf 0) restarts = 1 iters= 4
GFTIME:   time = 2.942820e-01 (Symanzik1) mflops = 2.395806e+03
FFTIME:  time = 1.079965e+00 (asqtad3) terms = 2 mflops = 1.851657e+03
CONGRAD5: time = 1.774502e-02 (fn F) masses = 1 iters = 5 mflops = 1.541192e+03
 OK converged final_rsq= 0.0093 (cf 0.016) rel = 1 (cf 0) restarts = 1 iters= 5
CONGRAD5: time = 1.747394e-02 (fn F) masses = 1 iters = 5 mflops = 1.565101e+03
 OK converged final_rsq= 0.0088 (cf 0.016) rel = 1 (cf 0) restarts = 1 iters= 5
GFTIME:   time = 2.846062e-01 (Symanzik1) mflops = 2.477256e+03
FFTIME:  time = 1.088790e+00 (asqtad3) terms = 2 mflops = 1.836649e+03
CONGRAD5: time = 1.764703e-02 (fn F) masses = 1 iters = 5 mflops = 1.549750e+03
 OK converged final_rsq= 0.011 (cf 0.016) rel = 1 (cf 0) restarts = 1 iters= 5
CONGRAD5: time = 1.744008e-02 (fn F) masses = 1 iters = 5 mflops = 1.568140e+03
 OK converged final_rsq= 0.01 (cf 0.016) rel = 1 (cf 0) restarts = 1 iters= 5
GFTIME:   time = 2.832758e-01 (Symanzik1) mflops = 2.488890e+03
FFTIME:  time = 1.085832e+00 (asqtad3) terms = 2 mflops = 1.841652e+03
CONGRAD5: time = 1.805496e-02 (fn F) masses = 1 iters = 5 mflops = 1.514735e+03
 OK converged final_rsq= 0.011 (cf 0.016) rel = 1 (cf 0) restarts = 1 iters= 5
CONGRAD5: time = 1.750302e-02 (fn F) masses = 1 iters = 5 mflops = 1.562500e+03
 OK converged final_rsq= 0.01 (cf 0.016) rel = 1 (cf 0) restarts = 1 iters= 5
GFTIME:   time = 2.837560e-01 (Symanzik1) mflops = 2.484678e+03
FFTIME:  time = 1.089284e+00 (asqtad3) terms = 2 mflops = 1.835816e+03
CONGRAD5: time = 1.795387e-02 (fn F) masses = 1 iters = 5 mflops = 1.523264e+03
 OK converged final_rsq= 0.01 (cf 0.016) rel = 1 (cf 0) restarts = 1 iters= 5
CONGRAD5: time = 1.752400e-02 (fn F) masses = 1 iters = 5 mflops = 1.560630e+03
 OK converged final_rsq= 0.0095 (cf 0.016) rel = 1 (cf 0) restarts = 1 iters= 5
GFTIME:   time = 2.834761e-01 (Symanzik1) mflops = 2.487132e+03
FFTIME:  time = 1.088412e+00 (asqtad3) terms = 2 mflops = 1.837286e+03
PLAQ:	1.791940	1.793961
P_LOOP:	8.929842e-04	-5.981059e-03
G_LOOP:  0  0  4   	1.792903e+00	( 0 1 7 6  )
G_LOOP:  0  1  4   	1.790591e+00	( 0 2 7 5  )
G_LOOP:  0  2  4   	1.793971e+00	( 0 3 7 4  )
G_LOOP:  0  3  4   	1.792325e+00	( 1 2 6 5  )
G_LOOP:  0  4  4   	1.794332e+00	( 1 3 6 4  )
G_LOOP:  0  5  4   	1.793581e+00	( 2 3 5 4  )
G_LOOP:  1  0  6   	1.025457e+00	( 0 0 1 7 7 6  )
G_LOOP:  1  1  6   	1.020737e+00	( 0 0 2 7 7 5  )
G_LOOP:  1  2  6   	1.025311e+00	( 0 0 3 7 7 4  )
G_LOOP:  1  3  6   	1.026367e+00	( 1 1 0 6 6 7  )
G_LOOP:  1  4  6   	1.024081e+00	( 1 1 2 6 6 5  )
G_LOOP:  1  5  6   	1.028261e+00	( 1 1 3 6 6 4  )
G_LOOP:  1  6  6   	1.022789e+00	( 2 2 0 5 5 7  )
G_LOOP:  1  7  6   	1.025513e+00	( 2 2 1 5 5 6  )
G_LOOP:  1  8  6   	1.026950e+00	( 2 2 3 5 5 4  )
G_LOOP:  1  9  6   	1.026497e+00	( 3 3 0 4 4 7  )
G_LOOP:  1  10  6   	1.027153e+00	( 3 3 1 4 4 6  )
G_LOOP:  1  11  6   	1.026520e+00	( 3 3 2 4 4 5  )
G_LOOP:  2  0  6   	1.057280e+00	( 0 1 2 7 6 5  )
G_LOOP:  2  1  6   	1.059558e+00	( 0 1 5 7 6 2  )
G_LOOP:  2  2  6   	1.058203e+00	( 0 6 2 7 1 5  )
G_LOOP:  2  3  6   	1.057099e+00	( 0 6 5 7 1 2  )
G_LOOP:  2  4  6   	1.059414e+00	( 0 1 3 7 6 4  )
G_LOOP:  2  5  6   	1.060069e+00	( 0 1 4 7 6 3  )
G_LOOP:  2  6  6   	1.061077e+00	( 0 6 3 7 1 4  )
G_LOOP:  2  7  6   	1.062719e+00	( 0 6 4 7 1 3  )
G_LOOP:  2  8  6   	1.058156e+00	( 0 2 3 7 5 4  )
G_LOOP:  2  9  6   	1.059245e+00	( 0 2 4 7 5 3  )
G_LOOP:  2  10  6   	1.059447e+00	( 0 5 3 7 2 4  )
G_LOOP:  2  11  6   	1.058875e+00	( 0 5 4 7 2 3  )
G_LOOP:  2  12  6   	1.060234e+00	( 1 2 3 6 5 4  )
G_LOOP:  2  13  6   	1.058745e+00	( 1 2 4 6 5 3  )
G_LOOP:  2  14  6   	1.061517e+00	( 1 5 3 6 2 4  )
G_LOOP:  2  15  6   	1.061018e+00	( 1 5 4 6 2 3  )
GACTION: 5.082868e+00
CONGRAD5: time = 1.784897e-02 (fn F) masses = 1 iters = 5 mflops = 1.532216e+03
 OK converged final_rsq= 0.0085 (cf 0.016) rel = 1 (cf 0) restarts = 1 iters= 5
CONGRAD5: time = 1.991606e-02 (fn F) masses = 1 iters = 6 mflops = 1.647825e+03
 OK converged final_rsq= 0.015 (cf 0.016) rel = 1 (cf 0) restarts = 1 iters= 6
PBP: mass 1.250000e-01     1.096581e-01  2.988181e-01  -6.904170e-04  -8.679691e-04 ( 1 of 1 )
FACTION: mass = 1.250000e-01,  1.452312e+00 ( 1 of 1 )
CONGRAD5: time = 1.822400e-02 (fn F) masses = 1 iters = 5 mflops = 1.500685e+03
 OK converged final_rsq= 0.0085 (cf 0.016) rel = 1 (cf 0) restarts = 1 iters= 5
CONGRAD5: time = 1.987815e-02 (fn F) masses = 1 iters = 6 mflops = 1.650967e+03
 OK converged final_rsq= 0.015 (cf 0.016) rel = 1 (cf 0) restarts = 1 iters= 6
PBP: mass 1.250000e-01     1.089939e-01  3.035291e-01  1.626398e-03  1.899905e-03 ( 1 of 1 )
FACTION: mass = 1.250000e-01,  1.453099e+00 ( 1 of 1 )
CONGRAD5: time = 1.833606e-02 (fn F) masses = 1 iters = 5 mflops = 1.491514e+03
 OK converged final_rsq= 0.01 (cf 0.016) rel = 1 (cf 0) restarts = 1 iters= 5
CONGRAD5: time = 1.748300e-02 (fn F) masses = 1 iters = 5 mflops = 1.564290e+03
 OK converged final_rsq= 0.0096 (cf 0.016) rel = 1 (cf 0) restarts = 1 iters= 5
GFTIME:   time = 2.844291e-01 (Symanzik1) mflops = 2.478799e+03
FFTIME:  time = 1.087494e+00 (asqtad3) terms = 2 mflops = 1.838837e+03
CONGRAD5: time = 1.785707e-02 (fn F) masses = 1 iters = 5 mflops = 1.531521e+03
 OK converged final_rsq= 0.011 (cf 0.016) rel = 1 (cf 0) restarts = 1 iters= 5
CONGRAD5: time = 1.744986e-02 (fn F) masses = 1 iters = 5 mflops = 1.567261e+03
 OK converged final_rsq= 0.011 (cf 0.016) rel = 1 (cf 0) restarts = 1 iters= 5
GFTIME:   time = 2.833571e-01 (Symanzik1) mflops = 2.488176e+03
FFTIME:  time = 1.088634e+00 (asqtad3) terms = 2 mflops = 1.836912e+03
CONGRAD5: time = 3.222322e-02 (fn F) masses = 1 iters = 5 mflops = 8.487195e+02
 OK converged final_rsq= 0.012 (cf 0.016) rel = 1 (cf 0) restarts = 1 iters= 5
CONGRAD5: time = 2.283096e-02 (fn F) masses = 1 iters = 5 mflops = 1.197868e+03
 OK converged final_rsq= 0.012 (cf 0.016) rel = 1 (cf 0) restarts = 1 iters= 5
GFTIME:   time = 2.956331e-01 (Symanzik1) mflops = 2.384856e+03
FFTIME:  time = 1.133003e+00 (asqtad3) terms = 2 mflops = 1.764977e+03
CONGRAD5: time = 2.113104e-02 (fn F) masses = 1 iters = 5 mflops = 1.294233e+03
 OK converged final_rsq= 0.012 (cf 0.016) rel = 1 (cf 0) restarts = 1 iters= 5
CONGRAD5: time = 2.051592e-02 (fn F) masses = 1 iters = 5 mflops = 1.333037e+03
 OK converged final_rsq= 0.012 (cf 0.016) rel = 1 (cf 0) restarts = 1 iters= 5
GFTIME:   time = 3.206389e-01 (Symanzik1) mflops = 2.198867e+03
FFTIME:  time = 1.099840e+00 (asqtad3) terms = 2 mflops = 1.818196e+03
CONGRAD5: time = 1.851892e-02 (fn F) masses = 1 iters = 5 mflops = 1.476786e+03
 OK converged final_rsq= 0.012 (cf 0.016) rel = 1 (cf 0) restarts = 1 iters= 5
CONGRAD5: time = 1.749802e-02 (fn F) masses = 1 iters = 5 mflops = 1.562947e+03
 OK converged final_rsq= 0.012 (cf 0.016) rel = 1 (cf 0) restarts = 1 iters= 5
GFTIME:   time = 2.843330e-01 (Symanzik1) mflops = 2.479636e+03
FFTIME:  time = 1.084685e+00 (asqtad3) terms = 2 mflops = 1.843599e+03
PLAQ:	1.646195	1.645889
P_LOOP:	-2.224417e-05	4.159464e-03
G_LOOP:  0  0  4   	1.646369e+00	( 0 1 7 6  )
G_LOOP:  0  1  4   	1.645388e+00	( 0 2 7 5  )
G_LOOP:  0  2  4   	1.645889e+00	( 0 3 7 4  )
G_LOOP:  0  3  4   	1.646829e+00	( 1 2 6 5  )
G_LOOP:  0  4  4   	1.647299e+00	( 1 3 6 4  )
G_LOOP:  0  5  4   	1.644479e+00	( 2 3 5 4  )
G_LOOP:  1  0  6   	8.565360e-01	( 0 0 1 7 7 6  )
G_LOOP:  1  1  6   	8.558377e-01	( 0 0 2 7 7 5  )
G_LOOP:  1  2  6   	8.565155e-01	( 0 0 3 7 7 4  )
G_LOOP:  1  3  6   	8.575574e-01	( 1 1 0 6 6 7  )
G_LOOP:  1  4  6   	8.578027e-01	( 1 1 2 6 6 5  )
G_LOOP:  1  5  6   	8.569771e-01	( 1 1 3 6 6 4  )
G_LOOP:  1  6  6   	8.553229e-01	( 2 2 0 5 5 7  )
G_LOOP:  1  7  6   	8.573364e-01	( 2 2 1 5 5 6  )
G_LOOP:  1  8  6   	8.536110e-01	( 2 2 3 5 5 4  )
G_LOOP:  1  9  6   	8.579637e-01	( 3 3 0 4 4 7  )
G_LOOP:  1  10  6   	8.576508e-01	( 3 3 1 4 4 6  )
G_LOOP:  1  11  6   	8.553949e-01	( 3 3 2 4 4 5  )
G_LOOP:  2  0  6   	8.801668e-01	( 0 1 2 7 6 5  )
G_LOOP:  2  1  6   	8.775872e-01	( 0 1 5 7 6 2  )
G_LOOP:  2  2  6   	8.787832e-01	( 0 6 2 7 1 5  )
G_LOOP:  2  3  6   	8.803032e-01	( 0 6 5 7 1 2  )
G_LOOP:  2  4  6   	8.803205e-01	( 0 1 3 7 6 4  )
G_LOOP:  2  5  6   	8.795468e-01	( 0 1 4 7 6 3  )
G_LOOP:  2  6  6   	8.803243e-01	( 0 6 3 7 1 4  )
G_LOOP:  2  7  6   	8.807733e-01	( 0 6 4 7 1 3  )
G_LOOP:  2  8  6   	8.793316e-01	( 0 2 3 7 5 4  )
G_LOOP:  2  9  6   	8.765335e-01	( 0 2 4 7 5 3  )
G_LOOP:  2  10  6   	8.780644e-01	( 0 5 3 7 2 4  )
G_LOOP:  2  11  6   	8.788279e-01	( 0 5 4 7 2 3  )
G_LOOP:  2  12  6   	8.762360e-01	( 1 2 3 6 5 4  )
G_LOOP:  2  13  6   	8.810432e-01	( 1 2 4 6 5 3  )
G_LOOP:  2  14  6   	8.804645e-01	( 1 5 3 6 2 4  )
G_LOOP:  2  15  6   	8.784264e-01	( 1 5 4 6 2 3  )
GACTION: 5.777204e+00
CONGRAD5: time = 2.061486e-02 (fn F) masses = 1 iters = 5 mflops = 1.326639e+03
 OK converged final_rsq= 0.01 (cf 0.016) rel = 1 (cf 0) restarts = 1 iters= 5
CONGRAD5: time = 2.455115e-02 (fn F) masses = 1 iters = 7 mflops = 1.559514e+03
 OK converged final_rsq= 0.0081 (cf 0.016) rel = 1 (cf 0) restarts = 1 iters= 7
PBP: mass 1.250000e-01     1.231636e-01  3.251120e-01  -1.022145e-03  -1.472293e-03 ( 1 of 1 )
FACTION: mass = 1.250000e-01,  1.436432e+00 ( 1 of 1 )
CONGRAD5: time = 2.096200e-02 (fn F) masses = 1 iters = 5 mflops = 1.304669e+03
 OK converged final_rsq= 0.01 (cf 0.016) rel = 1 (cf 0) restarts = 1 iters= 5
CONGRAD5: time = 2.456689e-02 (fn F) masses = 1 iters = 7 mflops = 1.558515e+03
 OK converged final_rsq= 0.0081 (cf 0.016) rel = 1 (cf 0) restarts = 1 iters= 7
PBP: mass 1.250000e-01     1.234610e-01  3.201259e-01  1.595476e-03  1.165833e-03 ( 1 of 1 )
FACTION: mass = 1.250000e-01,  1.438766e+00 ( 1 of 1 )
RUNNING COMPLETED
average cg iters for step= 1.100000e+01
Time = 4.270711e+01 seconds
total_iters = 552
Checksums 63b4bed6 bb8ade7d
Saved gauge configuration in parallel to binary file lat_p64_size128_1
Time stamp Fri Aug 12 21:45:37 2022
Wrote info file lat_p64_size128_1.info
Time to save = 9.768000e-01
CHECK PLAQ: 1.646195e+00 1.645889e+00
CHECK NERSC LINKTR: 1.708960e-01 CKSUM: eb4c963c


warms 0
trajecs 4
traj_between_meas 1
beta 5.6
mass1 0.01
mass2 0.01
u0 0.8441
microcanonical_time_step 0.02
steps_per_trajectory 15
max_cg_iterations 300
max_cg_restarts 5
error_per_site 1e-05
error_for_propagator 1e-05
npbp_reps 1
prec_pbp 1
reload_parallel lat_p64_size128_1
save_parallel lat_p64_size128_2
Restored binary gauge configuration in parallel from file lat_p64_size128_1
Time stamp Fri Aug 12 21:45:37 2022
Checksums 63b4bed6 bb8ade7d OK
Time to reload gauge configuration = 2.305059e-01
CHECK PLAQ: 1.646195e+00 1.645889e+00
CHECK NERSC LINKTR: 1.708960e-01 CKSUM: eb4c963c
Unitarity checked.  Max deviation 2.98e-07
Time to check unitarity = 5.763054e-03
"O(a^2): couplings(pi)=0, Naik term, No O(a^2) errors, tadpole weights"
path coefficients: npath  path_coeff  multiplicity
                    0      6.250000e-01     8
                    1      -5.847914e-02     8
                    2      -8.771871e-02     48
                    3      3.077829e-02     192
                    4      -7.199551e-03     384
                    5      -1.231132e-01     48
Symanzik 1x1 + 1x2 + 1x1x1 action
gauge_action: total_dyn_flavors = 3
loop coefficients: nloop rep loop_coeff  multiplicity
                    0 0      1.000000e+00     6
                    1 0      -7.762509e-02     12
                    2 0      -1.031171e-02     16
WARMUPS COMPLETED
CONGRAD5: time = 1.398533e+00 (fn F) masses = 1 iters = 547 mflops = 2.139330e+03
 OK converged final_rsq= 5e-11 (cf 1e-10) rel = 1 (cf 0) restarts = 3 iters= 547
CONGRAD5: time = 1.247779e+00 (fn F) masses = 1 iters = 499 mflops = 2.187389e+03
 OK converged final_rsq= 5e-11 (cf 1e-10) rel = 1 (cf 0) restarts = 3 iters= 499
GFTIME:   time = 2.897339e-01 (Symanzik1) mflops = 2.433414e+03
FFTIME:  time = 1.083751e+00 (asqtad3) terms = 2 mflops = 1.845188e+03
CONGRAD5: time = 1.277010e+00 (fn F) masses = 1 iters = 511 mflops = 2.188718e+03
 OK converged final_rsq= 5e-11 (cf 1e-10) rel = 1 (cf 0) restarts = 3 iters= 511
CONGRAD5: time = 1.363373e+00 (fn F) masses = 1 iters = 542 mflops = 2.174442e+03
 OK converged final_rsq= 5e-11 (cf 1e-10) rel = 1 (cf 0) restarts = 3 iters= 542
GFTIME:   time = 2.973881e-01 (Symanzik1) mflops = 2.370782e+03
FFTIME:  time = 1.158849e+00 (asqtad3) terms = 2 mflops = 1.725613e+03
CONGRAD5: time = 1.355364e+00 (fn F) masses = 1 iters = 509 mflops = 2.054117e+03
 OK converged final_rsq= 9.9e-11 (cf 1e-10) rel = 1 (cf 0) restarts = 2 iters= 509
CONGRAD5: time = 1.399257e+00 (fn F) masses = 1 iters = 556 mflops = 2.173404e+03
 OK converged final_rsq= 1e-10 (cf 1e-10) rel = 1 (cf 0) restarts = 2 iters= 556
GFTIME:   time = 3.160601e-01 (Symanzik1) mflops = 2.230723e+03
FFTIME:  time = 1.134304e+00 (asqtad3) terms = 2 mflops = 1.762953e+03
CONGRAD5: time = 1.448406e+00 (fn F) masses = 1 iters = 569 mflops = 2.148746e+03
 OK converged final_rsq= 1e-10 (cf 1e-10) rel = 1 (cf 0) restarts = 2 iters= 569
CONGRAD5: time = 1.416030e+00 (fn F) masses = 1 iters = 567 mflops = 2.190150e+03
 OK converged final_rsq= 5e-11 (cf 1e-10) rel = 1 (cf 0) restarts = 3 iters= 567
GFTIME:   time = 2.936020e-01 (Symanzik1) mflops = 2.401354e+03
FFTIME:  time = 1.084887e+00 (asqtad3) terms = 2 mflops = 1.843256e+03
CONGRAD5: time = 1.372082e+00 (fn F) masses = 1 iters = 548 mflops = 2.184559e+03
 OK converged final_rsq= 5e-11 (cf 1e-10) rel = 1 (cf 0) restarts = 3 iters= 548
CONGRAD5: time = 1.392699e+00 (fn F) masses = 1 iters = 557 mflops = 2.187566e+03
 OK converged final_rsq= 5e-11 (cf 1e-10) rel = 1 (cf 0) restarts = 3 iters= 557
GFTIME:   time = 2.933028e-01 (Symanzik1) mflops = 2.403804e+03
FFTIME:  time = 1.087349e+00 (asqtad3) terms = 2 mflops = 1.839083e+03
CONGRAD5: time = 1.324617e+00 (fn F) masses = 1 iters = 530 mflops = 2.188511e+03
 OK converged final_rsq= 1e-10 (cf 1e-10) rel = 1 (cf 0) restarts = 2 iters= 530
CONGRAD5: time = 1.425233e+00 (fn F) masses = 1 iters = 571 mflops = 2.191358e+03
 OK converged final_rsq= 9.9e-11 (cf 1e-10) rel = 1 (cf 0) restarts = 2 iters= 571
GFTIME:   time = 2.922111e-01 (Symanzik1) mflops = 2.412785e+03
FFTIME:  time = 1.098807e+00 (asqtad3) terms = 2 mflops = 1.819905e+03
CONGRAD5: time = 1.550916e+00 (fn F) masses = 1 iters = 569 mflops = 2.006722e+03
 OK converged final_rsq= 9.9e-11 (cf 1e-10) rel = 1 (cf 0) restarts = 2 iters= 569
CONGRAD5: time = 1.401522e+00 (fn F) masses = 1 iters = 558 mflops = 2.177697e+03
 OK converged final_rsq= 1e-10 (cf 1e-10) rel = 1 (cf 0) restarts = 2 iters= 558
GFTIME:   time = 3.272181e-01 (Symanzik1) mflops = 2.154656e+03
FFTIME:  time = 1.109483e+00 (asqtad3) terms = 2 mflops = 1.802393e+03
CONGRAD5: time = 1.385873e+00 (fn F) masses = 1 iters = 555 mflops = 2.190447e+03
 OK converged final_rsq= 5e-11 (cf 1e-10) rel = 1 (cf 0) restarts = 3 iters= 555
CONGRAD5: time = 1.276939e+00 (fn F) masses = 1 iters = 511 mflops = 2.188839e+03
 OK converged final_rsq= 5e-11 (cf 1e-10) rel = 1 (cf 0) restarts = 3 iters= 511
GFTIME:   time = 2.886829e-01 (Symanzik1) mflops = 2.442273e+03
FFTIME:  time = 1.079245e+00 (asqtad3) terms = 2 mflops = 1.852892e+03
CONGRAD5: time = 1.340346e+00 (fn F) masses = 1 iters = 537 mflops = 2.191395e+03
 OK converged final_rsq= 9.9e-11 (cf 1e-10) rel = 1 (cf 0) restarts = 2 iters= 537
CONGRAD5: time = 1.279760e+00 (fn F) masses = 1 iters = 513 mflops = 2.192562e+03
 OK converged final_rsq= 9.9e-11 (cf 1e-10) rel = 1 (cf 0) restarts = 2 iters= 513
GFTIME:   time = 2.889419e-01 (Symanzik1) mflops = 2.440084e+03
FFTIME:  time = 1.080658e+00 (asqtad3) terms = 2 mflops = 1.850469e+03
CONGRAD5: time = 1.274083e+00 (fn F) masses = 1 iters = 496 mflops = 2.129351e+03
 OK converged final_rsq= 5e-11 (cf 1e-10) rel = 1 (cf 0) restarts = 3 iters= 496
CONGRAD5: time = 1.341645e+00 (fn F) masses = 1 iters = 523 mflops = 2.132197e+03
 OK converged final_rsq= 9.9e-11 (cf 1e-10) rel = 1 (cf 0) restarts = 2 iters= 523
GFTIME:   time = 2.924659e-01 (Symanzik1) mflops = 2.410682e+03
FFTIME:  time = 1.086867e+00 (asqtad3) terms = 2 mflops = 1.839898e+03
CONGRAD5: time = 1.321445e+00 (fn F) masses = 1 iters = 529 mflops = 2.189625e+03
 OK converged final_rsq= 5e-11 (cf 1e-10) rel = 1 (cf 0) restarts = 3 iters= 529
CONGRAD5: time = 1.273683e+00 (fn F) masses = 1 iters = 510 mflops = 2.190141e+03
 OK converged final_rsq= 1e-10 (cf 1e-10) rel = 1 (cf 0) restarts = 2 iters= 510
GFTIME:   time = 2.922001e-01 (Symanzik1) mflops = 2.412875e+03
FFTIME:  time = 1.089368e+00 (asqtad3) terms = 2 mflops = 1.835674e+03
CONGRAD5: time = 1.320704e+00 (fn F) masses = 1 iters = 528 mflops = 2.186712e+03
 OK converged final_rsq= 1e-10 (cf 1e-10) rel = 1 (cf 0) restarts = 2 iters= 528
CONGRAD5: time = 1.265743e+00 (fn F) masses = 1 iters = 506 mflops = 2.186594e+03
 OK converged final_rsq= 5e-11 (cf 1e-10) rel = 1 (cf 0) restarts = 3 iters= 506
GFTIME:   time = 2.919509e-01 (Symanzik1) mflops = 2.414935e+03
FFTIME:  time = 1.086036e+00 (asqtad3) terms = 2 mflops = 1.841306e+03
CONGRAD5: time = 1.462603e+00 (fn F) masses = 1 iters = 550 mflops = 2.056835e+03
 OK converged final_rsq= 9.9e-11 (cf 1e-10) rel = 1 (cf 0) restarts = 2 iters= 550
CONGRAD5: time = 1.432694e+00 (fn F) masses = 1 iters = 548 mflops = 2.092138e+03
 OK converged final_rsq= 5e-11 (cf 1e-10) rel = 1 (cf 0) restarts = 3 iters= 548
GFTIME:   time = 3.212810e-01 (Symanzik1) mflops = 2.194473e+03
FFTIME:  time = 1.158055e+00 (asqtad3) terms = 2 mflops = 1.726796e+03
CONGRAD5: time = 1.416994e+00 (fn F) masses = 1 iters = 546 mflops = 2.107598e+03
 OK converged final_rsq= 9.9e-11 (cf 1e-10) rel = 1 (cf 0) restarts = 2 iters= 546
CONGRAD5: time = 1.313260e+00 (fn F) masses = 1 iters = 526 mflops = 2.190777e+03
 OK converged final_rsq= 9.9e-11 (cf 1e-10) rel = 1 (cf 0) restarts = 2 iters= 526
GFTIME:   time = 2.909219e-01 (Symanzik1) mflops = 2.423476e+03
FFTIME:  time = 1.086708e+00 (asqtad3) terms = 2 mflops = 1.840168e+03
CONGRAD5: time = 1.376351e+00 (fn F) masses = 1 iters = 550 mflops = 2.185731e+03
 OK converged final_rsq= 5e-11 (cf 1e-10) rel = 1 (cf 0) restarts = 3 iters= 550
CONGRAD5: time = 1.271122e+00 (fn F) masses = 1 iters = 508 mflops = 2.185947e+03
 OK converged final_rsq= 5e-11 (cf 1e-10) rel = 1 (cf 0) restarts = 3 iters= 508
GFTIME:   time = 2.909112e-01 (Symanzik1) mflops = 2.423566e+03
FFTIME:  time = 1.085766e+00 (asqtad3) terms = 2 mflops = 1.841764e+03
PLAQ:	1.540771	1.539234
P_LOOP:	1.091240e-02	-3.989859e-03
G_LOOP:  0  0  4   	1.540737e+00	( 0 1 7 6  )
G_LOOP:  0  1  4   	1.541393e+00	( 0 2 7 5  )
G_LOOP:  0  2  4   	1.540677e+00	( 0 3 7 4  )
G_LOOP:  0  3  4   	1.540183e+00	( 1 2 6 5  )
G_LOOP:  0  4  4   	1.539081e+00	( 1 3 6 4  )
G_LOOP:  0  5  4   	1.537945e+00	( 2 3 5 4  )
G_LOOP:  1  0  6   	7.792160e-01	( 0 0 1 7 7 6  )
G_LOOP:  1  1  6   	7.791683e-01	( 0 0 2 7 7 5  )
G_LOOP:  1  2  6   	7.817236e-01	( 0 0 3 7 7 4  )
G_LOOP:  1  3  6   	7.797929e-01	( 1 1 0 6 6 7  )
G_LOOP:  1  4  6   	7.789794e-01	( 1 1 2 6 6 5  )
G_LOOP:  1  5  6   	7.798970e-01	( 1 1 3 6 6 4  )
G_LOOP:  1  6  6   	7.811699e-01	( 2 2 0 5 5 7  )
G_LOOP:  1  7  6   	7.788761e-01	( 2 2 1 5 5 6  )
G_LOOP:  1  8  6   	7.790936e-01	( 2 2 3 5 5 4  )
G_LOOP:  1  9  6   	7.786094e-01	( 3 3 0 4 4 7  )
G_LOOP:  1  10  6   	7.778531e-01	( 3 3 1 4 4 6  )
G_LOOP:  1  11  6   	7.774794e-01	( 3 3 2 4 4 5  )
G_LOOP:  2  0  6   	8.019689e-01	( 0 1 2 7 6 5  )
G_LOOP:  2  1  6   	7.998577e-01	( 0 1 5 7 6 2  )
G_LOOP:  2  2  6   	8.010139e-01	( 0 6 2 7 1 5  )
G_LOOP:  2  3  6   	8.008853e-01	( 0 6 5 7 1 2  )
G_LOOP:  2  4  6   	7.989668e-01	( 0 1 3 7 6 4  )
G_LOOP:  2  5  6   	8.012611e-01	( 0 1 4 7 6 3  )
G_LOOP:  2  6  6   	8.014171e-01	( 0 6 3 7 1 4  )
G_LOOP:  2  7  6   	8.007371e-01	( 0 6 4 7 1 3  )
G_LOOP:  2  8  6   	8.001027e-01	( 0 2 3 7 5 4  )
G_LOOP:  2  9  6   	7.986628e-01	( 0 2 4 7 5 3  )
G_LOOP:  2  10  6   	8.000803e-01	( 0 5 3 7 2 4  )
G_LOOP:  2  11  6   	8.015377e-01	( 0 5 4 7 2 3  )
G_LOOP:  2  12  6   	7.979891e-01	( 1 2 3 6 5 4  )
G_LOOP:  2  13  6   	8.004914e-01	( 1 2 4 6 5 3  )
G_LOOP:  2  14  6   	8.007820e-01	( 1 5 3 6 2 4  )
G_LOOP:  2  15  6   	7.999565e-01	( 1 5 4 6 2 3  )
GACTION: 6.328506e+00
CONGRAD5: time = 1.376967e+00 (fn F) masses = 1 iters = 522 mflops = 2.073529e+03
 OK converged final_rsq= 5e-11 (cf 1e-10) rel = 1 (cf 0) restarts = 3 iters= 522
CONGRAD5: time = 2.253840e-01 (fn F) masses = 1 iters = 88 mflops = 2.135614e+03
 OK converged final_rsq= 4.8e-11 (cf 1e-10) rel = 1 (cf 0) restarts = 2 iters= 88
PBP: mass 1.000000e-02     3.210523e-02  3.108349e-02  -3.638818e-03  -3.637753e-03 ( 1 of 1 )
FACTION: mass = 1.000000e-02,  1.499014e+00 ( 1 of 1 )
CONGRAD5: time = 1.279939e+00 (fn F) masses = 1 iters = 511 mflops = 2.183709e+03
 OK converged final_rsq= 5e-11 (cf 1e-10) rel = 1 (cf 0) restarts = 3 iters= 511
CONGRAD5: time = 2.387638e-01 (fn F) masses = 1 iters = 94 mflops = 2.153389e+03
 OK converged final_rsq= 9.7e-11 (cf 1e-10) rel = 1 (cf 0) restarts = 1 iters= 94
PBP: mass 1.000000e-02     3.053545e-02  3.191708e-02  -3.038316e-03  -3.039833e-03 ( 1 of 1 )
FACTION: mass = 1.000000e-02,  1.500351e+00 ( 1 of 1 )
CONGRAD5: time = 1.380365e+00 (fn F) masses = 1 iters = 552 mflops = 2.187300e+03
 OK converged final_rsq= 5e-11 (cf 1e-10) rel = 1 (cf 0) restarts = 3 iters= 552
CONGRAD5: time = 1.446981e+00 (fn F) masses = 1 iters = 541 mflops = 2.045020e+03
 OK converged final_rsq= 5e-11 (cf 1e-10) rel = 1 (cf 0) restarts = 3 iters= 541
GFTIME:   time = 2.966499e-01 (Symanzik1) mflops = 2.376682e+03
FFTIME:  time = 1.114760e+00 (asqtad3) terms = 2 mflops = 1.793861e+03
CONGRAD5: time = 1.413423e+00 (fn F) masses = 1 iters = 548 mflops = 2.120663e+03
 OK converged final_rsq= 1e-10 (cf 1e-10) rel = 1 (cf 0) restarts = 2 iters= 548
CONGRAD5: time = 1.374069e+00 (fn F) masses = 1 iters = 549 mflops = 2.185380e+03
 OK converged final_rsq= 5e-11 (cf 1e-10) rel = 1 (cf 0) restarts = 3 iters= 549
GFTIME:   time = 2.942679e-01 (Symanzik1) mflops = 2.395920e+03
FFTIME:  time = 1.085343e+00 (asqtad3) terms = 2 mflops = 1.842482e+03
CONGRAD5: time = 1.337869e+00 (fn F) masses = 1 iters = 534 mflops = 2.183186e+03
 OK converged final_rsq= 5e-11 (cf 1e-10) rel = 1 (cf 0) restarts = 3 iters= 534
CONGRAD5: time = 1.315717e+00 (fn F) masses = 1 iters = 526 mflops = 2.186686e+03
 OK converged final_rsq= 9.9e-11 (cf 1e-10) rel = 1 (cf 0) restarts = 2 iters= 526
GFTIME:   time = 2.930300e-01 (Symanzik1) mflops = 2.406042e+03
FFTIME:  time = 1.086153e+00 (asqtad3) terms = 2 mflops = 1.841108e+03
CONGRAD5: time = 1.359037e+00 (fn F) masses = 1 iters = 543 mflops = 2.185404e+03
 OK converged final_rsq= 5e-11 (cf 1e-10) rel = 1 (cf 0) restarts = 3 iters= 543
CONGRAD5: time = 1.339477e+00 (fn F) masses = 1 iters = 535 mflops = 2.184649e+03
 OK converged final_rsq= 5e-11 (cf 1e-10) rel = 1 (cf 0) restarts = 3 iters= 535
GFTIME:   time = 2.939680e-01 (Symanzik1) mflops = 2.398365e+03
FFTIME:  time = 1.132395e+00 (asqtad3) terms = 2 mflops = 1.765925e+03
CONGRAD5: time = 1.429307e+00 (fn F) masses = 1 iters = 540 mflops = 2.066481e+03
 OK converged final_rsq= 1e-10 (cf 1e-10) rel = 1 (cf 0) restarts = 2 iters= 540
CONGRAD5: time = 1.430013e+00 (fn F) masses = 1 iters = 566 mflops = 2.164909e+03
 OK converged final_rsq= 9.9e-11 (cf 1e-10) rel = 1 (cf 0) restarts = 2 iters= 566
GFTIME:   time = 3.165679e-01 (Symanzik1) mflops = 2.227144e+03
FFTIME:  time = 1.147835e+00 (asqtad3) terms = 2 mflops = 1.742171e+03
CONGRAD5: time = 1.375056e+00 (fn F) masses = 1 iters = 549 mflops = 2.183811e+03
 OK converged final_rsq= 4.9e-11 (cf 1e-10) rel = 1 (cf 0) restarts = 3 iters= 549
CONGRAD5: time = 1.332321e+00 (fn F) masses = 1 iters = 533 mflops = 2.188172e+03
 OK converged final_rsq= 1e-10 (cf 1e-10) rel = 1 (cf 0) restarts = 2 iters= 533
GFTIME:   time = 2.931089e-01 (Symanzik1) mflops = 2.405394e+03
FFTIME:  time = 1.090505e+00 (asqtad3) terms = 2 mflops = 1.833760e+03
CONGRAD5: time = 1.372055e+00 (fn F) masses = 1 iters = 539 mflops = 2.148723e+03
 OK converged final_rsq= 1e-10 (cf 1e-10) rel = 1 (cf 0) restarts = 2 iters= 539
CONGRAD5: time = 1.283206e+00 (fn F) masses = 1 iters = 513 mflops = 2.186675e+03
 OK converged final_rsq= 5e-11 (cf 1e-10) rel = 1 (cf 0) restarts = 3 iters= 513
GFTIME:   time = 2.929649e-01 (Symanzik1) mflops = 2.406576e+03
FFTIME:  time = 1.101973e+00 (asqtad3) terms = 2 mflops = 1.814677e+03
CONGRAD5: time = 1.309733e+00 (fn F) masses = 1 iters = 524 mflops = 2.188325e+03
 OK converged final_rsq= 5e-11 (cf 1e-10) rel = 1 (cf 0) restarts = 3 iters= 524
CONGRAD5: time = 1.338722e+00 (fn F) masses = 1 iters = 536 mflops = 2.189967e+03
 OK converged final_rsq= 9.9e-11 (cf 1e-10) rel = 1 (cf 0) restarts = 2 iters= 536
GFTIME:   time = 2.935388e-01 (Symanzik1) mflops = 2.401871e+03
FFTIME:  time = 1.138387e+00 (asqtad3) terms = 2 mflops = 1.756630e+03
CONGRAD5: time = 1.452321e+00 (fn F) masses = 1 iters = 538 mflops = 2.026202e+03
 OK converged final_rsq= 5e-11 (cf 1e-10) rel = 1 (cf 0) restarts = 3 iters= 538
CONGRAD5: time = 1.444412e+00 (fn F) masses = 1 iters = 551 mflops = 2.086526e+03
 OK converged final_rsq= 9.9e-11 (cf 1e-10) rel = 1 (cf 0) restarts = 2 iters= 551
GFTIME:   time = 3.246229e-01 (Symanzik1) mflops = 2.171882e+03
FFTIME:  time = 1.153548e+00 (asqtad3) terms = 2 mflops = 1.733543e+03
CONGRAD5: time = 1.420529e+00 (fn F) masses = 1 iters = 569 mflops = 2.190914e+03
 OK converged final_rsq= 1e-10 (cf 1e-10) rel = 1 (cf 0) restarts = 2 iters= 569
CONGRAD5: time = 1.389039e+00 (fn F) masses = 1 iters = 556 mflops = 2.189392e+03
 OK converged final_rsq= 9.9e-11 (cf 1e-10) rel = 1 (cf 0) restarts = 2 iters= 556
GFTIME:   time = 2.914989e-01 (Symanzik1) mflops = 2.418680e+03
FFTIME:  time = 1.090316e+00 (asqtad3) terms = 2 mflops = 1.834078e+03
CONGRAD5: time = 1.399286e+00 (fn F) masses = 1 iters = 560 mflops = 2.188995e+03
 OK converged final_rsq= 9.9e-11 (cf 1e-10) rel = 1 (cf 0) restarts = 2 iters= 560
CONGRAD5: time = 1.378725e+00 (fn F) masses = 1 iters = 552 mflops = 2.189902e+03
 OK converged final_rsq= 9.9e-11 (cf 1e-10) rel = 1 (cf 0) restarts = 2 iters= 552
GFTIME:   time = 2.915452e-01 (Symanzik1) mflops = 2.418296e+03
FFTIME:  time = 1.088748e+00 (asqtad3) terms = 2 mflops = 1.836719e+03
CONGRAD5: time = 1.423453e+00 (fn F) masses = 1 iters = 570 mflops = 2.190256e+03
 OK converged final_rsq= 1e-10 (cf 1e-10) rel = 1 (cf 0) restarts = 2 iters= 570
CONGRAD5: time = 1.501340e+00 (fn F) masses = 1 iters = 568 mflops = 2.069343e+03
 OK converged final_rsq= 9.9e-11 (cf 1e-10) rel = 1 (cf 0) restarts = 2 iters= 568
GFTIME:   time = 2.974169e-01 (Symanzik1) mflops = 2.370552e+03
FFTIME:  time = 1.106459e+00 (asqtad3) terms = 2 mflops = 1.807319e+03
CONGRAD5: time = 1.514653e+00 (fn F) masses = 1 iters = 560 mflops = 2.022265e+03
 OK converged final_rsq= 9.9e-11 (cf 1e-10) rel = 1 (cf 0) restarts = 2 iters= 560
CONGRAD5: time = 1.410017e+00 (fn F) masses = 1 iters = 554 mflops = 2.149060e+03
 OK converged final_rsq= 9.9e-11 (cf 1e-10) rel = 1 (cf 0) restarts = 2 iters= 554
GFTIME:   time = 2.899029e-01 (Symanzik1) mflops = 2.431995e+03
FFTIME:  time = 1.089514e+00 (asqtad3) terms = 2 mflops = 1.835428e+03
CONGRAD5: time = 1.440726e+00 (fn F) masses = 1 iters = 576 mflops = 2.186776e+03
 OK converged final_rsq= 5e-11 (cf 1e-10) rel = 1 (cf 0) restarts = 3 iters= 576
CONGRAD5: time = 1.422482e+00 (fn F) masses = 1 iters = 569 mflops = 2.187906e+03
 OK converged final_rsq= 5e-11 (cf 1e-10) rel = 1 (cf 0) restarts = 3 iters= 569
GFTIME:   time = 2.903159e-01 (Symanzik1) mflops = 2.428536e+03
FFTIME:  time = 1.088545e+00 (asqtad3) terms = 2 mflops = 1.837062e+03
CONGRAD5: time = 1.456136e+00 (fn F) masses = 1 iters = 583 mflops = 2.189928e+03
 OK converged final_rsq= 1e-10 (cf 1e-10) rel = 1 (cf 0) restarts = 2 iters= 583
CONGRAD5: time = 1.416907e+00 (fn F) masses = 1 iters = 567 mflops = 2.188794e+03
 OK converged final_rsq= 1e-10 (cf 1e-10) rel = 1 (cf 0) restarts = 2 iters= 567
GFTIME:   time = 2.907169e-01 (Symanzik1) mflops = 2.425186e+03
FFTIME:  time = 1.122382e+00 (asqtad3) terms = 2 mflops = 1.781679e+03
PLAQ:	1.499350	1.498887
P_LOOP:	1.646081e-03	3.009995e-03
G_LOOP:  0  0  4   	1.499739e+00	( 0 1 7 6  )
G_LOOP:  0  1  4   	1.500095e+00	( 0 2 7 5  )
G_LOOP:  0  2  4   	1.499475e+00	( 0 3 7 4  )
G_LOOP:  0  3  4   	1.498217e+00	( 1 2 6 5  )
G_LOOP:  0  4  4   	1.498265e+00	( 1 3 6 4  )
G_LOOP:  0  5  4   	1.498920e+00	( 2 3 5 4  )
G_LOOP:  1  0  6   	7.412622e-01	( 0 0 1 7 7 6  )
G_LOOP:  1  1  6   	7.420974e-01	( 0 0 2 7 7 5  )
G_LOOP:  1  2  6   	7.440755e-01	( 0 0 3 7 7 4  )
G_LOOP:  1  3  6   	7.417144e-01	( 1 1 0 6 6 7  )
G_LOOP:  1  4  6   	7.403150e-01	( 1 1 2 6 6 5  )
G_LOOP:  1  5  6   	7.414948e-01	( 1 1 3 6 6 4  )
G_LOOP:  1  6  6   	7.427913e-01	( 2 2 0 5 5 7  )
G_LOOP:  1  7  6   	7.399303e-01	( 2 2 1 5 5 6  )
G_LOOP:  1  8  6   	7.433757e-01	( 2 2 3 5 5 4  )
G_LOOP:  1  9  6   	7.415228e-01	( 3 3 0 4 4 7  )
G_LOOP:  1  10  6   	7.409361e-01	( 3 3 1 4 4 6  )
G_LOOP:  1  11  6   	7.392472e-01	( 3 3 2 4 4 5  )
G_LOOP:  2  0  6   	7.593954e-01	( 0 1 2 7 6 5  )
G_LOOP:  2  1  6   	7.592458e-01	( 0 1 5 7 6 2  )
G_LOOP:  2  2  6   	7.601844e-01	( 0 6 2 7 1 5  )
G_LOOP:  2  3  6   	7.597496e-01	( 0 6 5 7 1 2  )
G_LOOP:  2  4  6   	7.597478e-01	( 0 1 3 7 6 4  )
G_LOOP:  2  5  6   	7.613796e-01	( 0 1 4 7 6 3  )
G_LOOP:  2  6  6   	7.610169e-01	( 0 6 3 7 1 4  )
G_LOOP:  2  7  6   	7.600945e-01	( 0 6 4 7 1 3  )
G_LOOP:  2  8  6   	7.599634e-01	( 0 2 3 7 5 4  )
G_LOOP:  2  9  6   	7.604212e-01	( 0 2 4 7 5 3  )
G_LOOP:  2  10  6   	7.587259e-01	( 0 5 3 7 2 4  )
G_LOOP:  2  11  6   	7.612359e-01	( 0 5 4 7 2 3  )
G_LOOP:  2  12  6   	7.569071e-01	( 1 2 3 6 5 4  )
G_LOOP:  2  13  6   	7.588607e-01	( 1 2 4 6 5 3  )
G_LOOP:  2  14  6   	7.598377e-01	( 1 5 3 6 2 4  )
G_LOOP:  2  15  6   	7.603660e-01	( 1 5 4 6 2 3  )
GACTION: 6.531951e+00
CONGRAD5: time = 1.412437e+00 (fn F) masses = 1 iters = 544 mflops = 2.106653e+03
 OK converged final_rsq= 5e-11 (cf 1e-10) rel = 1 (cf 0) restarts = 3 iters= 544
CONGRAD5: time = 2.021630e-01 (fn F) masses = 1 iters = 77 mflops = 2.083302e+03
 OK converged final_rsq= 5e-11 (cf 1e-10) rel = 1 (cf 0) restarts = 2 iters= 77
PBP: mass 1.000000e-02     3.013453e-02  3.752781e-02  -3.761030e-03  -3.761023e-03 ( 1 of 1 )
FACTION: mass = 1.000000e-02,  1.500048e+00 ( 1 of 1 )
CONGRAD5: time = 1.345676e+00 (fn F) masses = 1 iters = 534 mflops = 2.170521e+03
 OK converged final_rsq= 5e-11 (cf 1e-10) rel = 1 (cf 0) restarts = 3 iters= 534
CONGRAD5: time = 1.999190e-01 (fn F) masses = 1 iters = 78 mflops = 2.134046e+03
 OK converged final_rsq= 1e-10 (cf 1e-10) rel = 1 (cf 0) restarts = 1 iters= 78
PBP: mass 1.000000e-02     3.384094e-02  3.335108e-02  4.305006e-03  4.306948e-03 ( 1 of 1 )
FACTION: mass = 1.000000e-02,  1.503952e+00 ( 1 of 1 )
CONGRAD5: time = 1.509064e+00 (fn F) masses = 1 iters = 581 mflops = 2.105871e+03
 OK converged final_rsq= 1e-10 (cf 1e-10) rel = 1 (cf 0) restarts = 2 iters= 581
CONGRAD5: time = 1.355786e+00 (fn F) masses = 1 iters = 542 mflops = 2.186610e+03
 OK converged final_rsq= 5e-11 (cf 1e-10) rel = 1 (cf 0) restarts = 3 iters= 542
GFTIME:   time = 3.171821e-01 (Symanzik1) mflops = 2.222832e+03
FFTIME:  time = 1.143761e+00 (asqtad3) terms = 2 mflops = 1.748376e+03
CONGRAD5: time = 1.363029e+00 (fn F) masses = 1 iters = 545 mflops = 2.187029e+03
 OK converged final_rsq= 1e-10 (cf 1e-10) rel = 1 (cf 0) restarts = 2 iters= 545
CONGRAD5: time = 1.425937e+00 (fn F) masses = 1 iters = 570 mflops = 2.186440e+03
 OK converged final_rsq= 5e-11 (cf 1e-10) rel = 1 (cf 0) restarts = 3 iters= 570
GFTIME:   time = 2.906921e-01 (Symanzik1) mflops = 2.425393e+03
FFTIME:  time = 1.089109e+00 (asqtad3) terms = 2 mflops = 1.836111e+03
CONGRAD5: time = 1.447496e+00 (fn F) masses = 1 iters = 578 mflops = 2.184106e+03
 OK converged final_rsq= 5e-11 (cf 1e-10) rel = 1 (cf 0) restarts = 3 iters= 578
CONGRAD5: time = 1.396521e+00 (fn F) masses = 1 iters = 558 mflops = 2.185495e+03
 OK converged final_rsq= 5e-11 (cf 1e-10) rel = 1 (cf 0) restarts = 3 iters= 558
GFTIME:   time = 2.907619e-01 (Symanzik1) mflops = 2.424810e+03
FFTIME:  time = 1.091018e+00 (asqtad3) terms = 2 mflops = 1.832898e+03
CONGRAD5: time = 1.617128e+00 (fn F) masses = 1 iters = 586 mflops = 1.982058e+03
 OK converged final_rsq= 9.9e-11 (cf 1e-10) rel = 1 (cf 0) restarts = 2 iters= 586
CONGRAD5: time = 1.434443e+00 (fn F) masses = 1 iters = 561 mflops = 2.139157e+03
 OK converged final_rsq= 9.9e-11 (cf 1e-10) rel = 1 (cf 0) restarts = 2 iters= 561
GFTIME:   time = 3.492029e-01 (Symanzik1) mflops = 2.019005e+03
FFTIME:  time = 1.151988e+00 (asqtad3) terms = 2 mflops = 1.735890e+03
CONGRAD5: time = 1.505447e+00 (fn F) masses = 1 iters = 581 mflops = 2.110930e+03
 OK converged final_rsq= 9.9e-11 (cf 1e-10) rel = 1 (cf 0) restarts = 2 iters= 581
CONGRAD5: time = 1.435713e+00 (fn F) masses = 1 iters = 574 mflops = 2.186792e+03
 OK converged final_rsq= 5e-11 (cf 1e-10) rel = 1 (cf 0) restarts = 3 iters= 574
GFTIME:   time = 2.914960e-01 (Symanzik1) mflops = 2.418703e+03
FFTIME:  time = 1.087722e+00 (asqtad3) terms = 2 mflops = 1.838452e+03
CONGRAD5: time = 1.469859e+00 (fn F) masses = 1 iters = 588 mflops = 2.188088e+03
 OK converged final_rsq= 9.9e-11 (cf 1e-10) rel = 1 (cf 0) restarts = 2 iters= 588
CONGRAD5: time = 1.478818e+00 (fn F) masses = 1 iters = 592 mflops = 2.189627e+03
 OK converged final_rsq= 9.7e-11 (cf 1e-10) rel = 1 (cf 0) restarts = 2 iters= 592
GFTIME:   time = 2.909472e-01 (Symanzik1) mflops = 2.423266e+03
FFTIME:  time = 1.085848e+00 (asqtad3) terms = 2 mflops = 1.841625e+03
CONGRAD5: time = 1.469958e+00 (fn F) masses = 1 iters = 588 mflops = 2.187941e+03
 OK converged final_rsq= 9.7e-11 (cf 1e-10) rel = 1 (cf 0) restarts = 2 iters= 588
CONGRAD5: time = 1.455018e+00 (fn F) masses = 1 iters = 582 mflops = 2.187851e+03
 OK converged final_rsq= 9.8e-11 (cf 1e-10) rel = 1 (cf 0) restarts = 2 iters= 582
GFTIME:   time = 2.900820e-01 (Symanzik1) mflops = 2.430494e+03
FFTIME:  time = 1.138267e+00 (asqtad3) terms = 2 mflops = 1.756815e+03
CONGRAD5: time = 1.576072e+00 (fn F) masses = 1 iters = 572 mflops = 1.985104e+03
 OK converged final_rsq= 5e-11 (cf 1e-10) rel = 1 (cf 0) restarts = 3 iters= 572
CONGRAD5: time = 1.411118e+00 (fn F) masses = 1 iters = 558 mflops = 2.162888e+03
 OK converged final_rsq= 5e-11 (cf 1e-10) rel = 1 (cf 0) restarts = 3 iters= 558
GFTIME:   time = 3.225288e-01 (Symanzik1) mflops = 2.185983e+03
FFTIME:  time = 1.153797e+00 (asqtad3) terms = 2 mflops = 1.733168e+03
CONGRAD5: time = 1.466222e+00 (fn F) masses = 1 iters = 586 mflops = 2.186055e+03
 OK converged final_rsq= 4.9e-11 (cf 1e-10) rel = 1 (cf 0) restarts = 3 iters= 586
CONGRAD5: time = 1.362426e+00 (fn F) masses = 1 iters = 544 mflops = 2.183982e+03
 OK converged final_rsq= 1e-10 (cf 1e-10) rel = 1 (cf 0) restarts = 2 iters= 544
GFTIME:   time = 2.904952e-01 (Symanzik1) mflops = 2.427037e+03
FFTIME:  time = 1.092613e+00 (asqtad3) terms = 2 mflops = 1.830222e+03
CONGRAD5: time = 1.449842e+00 (fn F) masses = 1 iters = 580 mflops = 2.188117e+03
 OK converged final_rsq= 9.9e-11 (cf 1e-10) rel = 1 (cf 0) restarts = 2 iters= 580
CONGRAD5: time = 1.450562e+00 (fn F) masses = 1 iters = 580 mflops = 2.187031e+03
 OK converged final_rsq= 5e-11 (cf 1e-10) rel = 1 (cf 0) restarts = 3 iters= 580
GFTIME:   time = 2.913351e-01 (Symanzik1) mflops = 2.420039e+03
FFTIME:  time = 1.089559e+00 (asqtad3) terms = 2 mflops = 1.835353e+03
CONGRAD5: time = 1.580567e+00 (fn F) masses = 1 iters = 592 mflops = 2.048670e+03
 OK converged final_rsq= 9.6e-11 (cf 1e-10) rel = 1 (cf 0) restarts = 2 iters= 592
CONGRAD5: time = 1.537904e+00 (fn F) masses = 1 iters = 582 mflops = 2.069936e+03
 OK converged final_rsq= 9.8e-11 (cf 1e-10) rel = 1 (cf 0) restarts = 2 iters= 582
GFTIME:   time = 3.385530e-01 (Symanzik1) mflops = 2.082517e+03
FFTIME:  time = 1.154819e+00 (asqtad3) terms = 2 mflops = 1.731635e+03
CONGRAD5: time = 1.505825e+00 (fn F) masses = 1 iters = 588 mflops = 2.135827e+03
 OK converged final_rsq= 4.9e-11 (cf 1e-10) rel = 1 (cf 0) restarts = 3 iters= 588
CONGRAD5: time = 1.403999e+00 (fn F) masses = 1 iters = 561 mflops = 2.185542e+03
 OK converged final_rsq= 5e-11 (cf 1e-10) rel = 1 (cf 0) restarts = 3 iters= 561
GFTIME:   time = 2.911410e-01 (Symanzik1) mflops = 2.421653e+03
FFTIME:  time = 1.083560e+00 (asqtad3) terms = 2 mflops = 1.845513e+03
CONGRAD5: time = 1.468999e+00 (fn F) masses = 1 iters = 587 mflops = 2.185646e+03
 OK converged final_rsq= 1e-10 (cf 1e-10) rel = 1 (cf 0) restarts = 2 iters= 587
CONGRAD5: time = 1.455972e+00 (fn F) masses = 1 iters = 582 mflops = 2.186418e+03
 OK converged final_rsq= 9.9e-11 (cf 1e-10) rel = 1 (cf 0) restarts = 2 iters= 582
GFTIME:   time = 2.912288e-01 (Symanzik1) mflops = 2.420923e+03
FFTIME:  time = 1.083328e+00 (asqtad3) terms = 2 mflops = 1.845909e+03
CONGRAD5: time = 1.489213e+00 (fn F) masses = 1 iters = 595 mflops = 2.185362e+03
 OK converged final_rsq= 5e-11 (cf 1e-10) rel = 1 (cf 0) restarts = 3 iters= 595
CONGRAD5: time = 1.456755e+00 (fn F) masses = 1 iters = 583 mflops = 2.188997e+03
 OK converged final_rsq= 9.9e-11 (cf 1e-10) rel = 1 (cf 0) restarts = 2 iters= 583
GFTIME:   time = 2.902932e-01 (Symanzik1) mflops = 2.428725e+03
FFTIME:  time = 1.130440e+00 (asqtad3) terms = 2 mflops = 1.768979e+03
CONGRAD5: time = 1.589855e+00 (fn F) masses = 1 iters = 594 mflops = 2.043582e+03
 OK converged final_rsq= 9.6e-11 (cf 1e-10) rel = 1 (cf 0) restarts = 2 iters= 594
CONGRAD5: time = 1.441765e+00 (fn F) masses = 1 iters = 578 mflops = 2.192787e+03
 OK converged final_rsq= 9.9e-11 (cf 1e-10) rel = 1 (cf 0) restarts = 2 iters= 578
GFTIME:   time = 3.160720e-01 (Symanzik1) mflops = 2.230639e+03
FFTIME:  time = 1.139468e+00 (asqtad3) terms = 2 mflops = 1.754963e+03
PLAQ:	1.476641	1.476477
P_LOOP:	1.389653e-02	1.583339e-02
G_LOOP:  0  0  4   	1.476698e+00	( 0 1 7 6  )
G_LOOP:  0  1  4   	1.477045e+00	( 0 2 7 5  )
G_LOOP:  0  2  4   	1.477116e+00	( 0 3 7 4  )
G_LOOP:  0  3  4   	1.476180e+00	( 1 2 6 5  )
G_LOOP:  0  4  4   	1.476597e+00	( 1 3 6 4  )
G_LOOP:  0  5  4   	1.475717e+00	( 2 3 5 4  )
G_LOOP:  1  0  6   	7.180628e-01	( 0 0 1 7 7 6  )
G_LOOP:  1  1  6   	7.197275e-01	( 0 0 2 7 7 5  )
G_LOOP:  1  2  6   	7.203460e-01	( 0 0 3 7 7 4  )
G_LOOP:  1  3  6   	7.195633e-01	( 1 1 0 6 6 7  )
G_LOOP:  1  4  6   	7.170918e-01	( 1 1 2 6 6 5  )
G_LOOP:  1  5  6   	7.191620e-01	( 1 1 3 6 6 4  )
G_LOOP:  1  6  6   	7.192336e-01	( 2 2 0 5 5 7  )
G_LOOP:  1  7  6   	7.177945e-01	( 2 2 1 5 5 6  )
G_LOOP:  1  8  6   	7.167487e-01	( 2 2 3 5 5 4  )
G_LOOP:  1  9  6   	7.187283e-01	( 3 3 0 4 4 7  )
G_LOOP:  1  10  6   	7.174789e-01	( 3 3 1 4 4 6  )
G_LOOP:  1  11  6   	7.167002e-01	( 3 3 2 4 4 5  )
G_LOOP:  2  0  6   	7.330456e-01	( 0 1 2 7 6 5  )
G_LOOP:  2  1  6   	7.347533e-01	( 0 1 5 7 6 2  )
G_LOOP:  2  2  6   	7.326290e-01	( 0 6 2 7 1 5  )
G_LOOP:  2  3  6   	7.367278e-01	( 0 6 5 7 1 2  )
G_LOOP:  2  4  6   	7.346609e-01	( 0 1 3 7 6 4  )
G_LOOP:  2  5  6   	7.359359e-01	( 0 1 4 7 6 3  )
G_LOOP:  2  6  6   	7.360512e-01	( 0 6 3 7 1 4  )
G_LOOP:  2  7  6   	7.351147e-01	( 0 6 4 7 1 3  )
G_LOOP:  2  8  6   	7.357080e-01	( 0 2 3 7 5 4  )
G_LOOP:  2  9  6   	7.354203e-01	( 0 2 4 7 5 3  )
G_LOOP:  2  10  6   	7.344937e-01	( 0 5 3 7 2 4  )
G_LOOP:  2  11  6   	7.363211e-01	( 0 5 4 7 2 3  )
G_LOOP:  2  12  6   	7.342609e-01	( 1 2 3 6 5 4  )
G_LOOP:  2  13  6   	7.338548e-01	( 1 2 4 6 5 3  )
G_LOOP:  2  14  6   	7.347406e-01	( 1 5 3 6 2 4  )
G_LOOP:  2  15  6   	7.339186e-01	( 1 5 4 6 2 3  )
GACTION: 6.641601e+00
CONGRAD5: time = 1.496534e+00 (fn F) masses = 1 iters = 575 mflops = 2.101573e+03
 OK converged final_rsq= 9.9e-11 (cf 1e-10) rel = 1 (cf 0) restarts = 2 iters= 575
CONGRAD5: time = 1.904809e-01 (fn F) masses = 1 iters = 73 mflops = 2.096209e+03
 OK converged final_rsq= 5e-11 (cf 1e-10) rel = 1 (cf 0) restarts = 2 iters= 73
PBP: mass 1.000000e-02     4.209596e-02  3.290301e-02  4.044382e-03  4.045679e-03 ( 1 of 1 )
FACTION: mass = 1.000000e-02,  1.503401e+00 ( 1 of 1 )
CONGRAD5: time = 1.469805e+00 (fn F) masses = 1 iters = 583 mflops = 2.169562e+03
 OK converged final_rsq= 1e-10 (cf 1e-10) rel = 1 (cf 0) restarts = 2 iters= 583
CONGRAD5: time = 1.840909e-01 (fn F) masses = 1 iters = 72 mflops = 2.139260e+03
 OK converged final_rsq= 9.8e-11 (cf 1e-10) rel = 1 (cf 0) restarts = 1 iters= 72
PBP: mass 1.000000e-02     3.540728e-02  4.133288e-02  4.479211e-04  4.463850e-04 ( 1 of 1 )
FACTION: mass = 1.000000e-02,  1.501503e+00 ( 1 of 1 )
CONGRAD5: time = 1.489157e+00 (fn F) masses = 1 iters = 596 mflops = 2.189117e+03
 OK converged final_rsq= 9.9e-11 (cf 1e-10) rel = 1 (cf 0) restarts = 2 iters= 596
CONGRAD5: time = 1.474450e+00 (fn F) masses = 1 iters = 590 mflops = 2.188695e+03
 OK converged final_rsq= 9.7e-11 (cf 1e-10) rel = 1 (cf 0) restarts = 2 iters= 590
GFTIME:   time = 2.917509e-01 (Symanzik1) mflops = 2.416590e+03
FFTIME:  time = 1.085809e+00 (asqtad3) terms = 2 mflops = 1.841691e+03
CONGRAD5: time = 1.462973e+00 (fn F) masses = 1 iters = 585 mflops = 2.187171e+03
 OK converged final_rsq= 9.8e-11 (cf 1e-10) rel = 1 (cf 0) restarts = 2 iters= 585
CONGRAD5: time = 1.428427e+00 (fn F) masses = 1 iters = 572 mflops = 2.190288e+03
 OK converged final_rsq= 9.9e-11 (cf 1e-10) rel = 1 (cf 0) restarts = 2 iters= 572
GFTIME:   time = 2.906740e-01 (Symanzik1) mflops = 2.425544e+03
FFTIME:  time = 1.089756e+00 (asqtad3) terms = 2 mflops = 1.835020e+03
CONGRAD5: time = 1.479744e+00 (fn F) masses = 1 iters = 592 mflops = 2.188257e+03
 OK converged final_rsq= 9.6e-11 (cf 1e-10) rel = 1 (cf 0) restarts = 2 iters= 592
CONGRAD5: time = 1.460983e+00 (fn F) masses = 1 iters = 585 mflops = 2.190150e+03
 OK converged final_rsq= 9.9e-11 (cf 1e-10) rel = 1 (cf 0) restarts = 2 iters= 585
GFTIME:   time = 2.909930e-01 (Symanzik1) mflops = 2.422885e+03
FFTIME:  time = 1.139196e+00 (asqtad3) terms = 2 mflops = 1.755382e+03
CONGRAD5: time = 1.610654e+00 (fn F) masses = 1 iters = 598 mflops = 2.030776e+03
 OK converged final_rsq= 4.9e-11 (cf 1e-10) rel = 1 (cf 0) restarts = 3 iters= 598
CONGRAD5: time = 1.471036e+00 (fn F) masses = 1 iters = 571 mflops = 2.123127e+03
 OK converged final_rsq= 5e-11 (cf 1e-10) rel = 1 (cf 0) restarts = 3 iters= 571
GFTIME:   time = 3.002360e-01 (Symanzik1) mflops = 2.348294e+03
FFTIME:  time = 1.097167e+00 (asqtad3) terms = 2 mflops = 1.822625e+03
CONGRAD5: time = 1.462019e+00 (fn F) masses = 1 iters = 585 mflops = 2.188598e+03
 OK converged final_rsq= 9.8e-11 (cf 1e-10) rel = 1 (cf 0) restarts = 2 iters= 585
CONGRAD5: time = 1.445054e+00 (fn F) masses = 1 iters = 579 mflops = 2.191582e+03
 OK converged final_rsq= 1e-10 (cf 1e-10) rel = 1 (cf 0) restarts = 2 iters= 579
GFTIME:   time = 2.925310e-01 (Symanzik1) mflops = 2.410146e+03
FFTIME:  time = 1.090745e+00 (asqtad3) terms = 2 mflops = 1.833357e+03
CONGRAD5: time = 1.492873e+00 (fn F) masses = 1 iters = 596 mflops = 2.183668e+03
 OK converged final_rsq= 5e-11 (cf 1e-10) rel = 1 (cf 0) restarts = 3 iters= 596
CONGRAD5: time = 1.446062e+00 (fn F) masses = 1 iters = 578 mflops = 2.186271e+03
 OK converged final_rsq= 9.9e-11 (cf 1e-10) rel = 1 (cf 0) restarts = 2 iters= 578
GFTIME:   time = 2.910631e-01 (Symanzik1) mflops = 2.422301e+03
FFTIME:  time = 1.088631e+00 (asqtad3) terms = 2 mflops = 1.836917e+03
CONGRAD5: time = 1.449803e+00 (fn F) masses = 1 iters = 579 mflops = 2.184403e+03
 OK converged final_rsq= 4.9e-11 (cf 1e-10) rel = 1 (cf 0) restarts = 3 iters= 579
CONGRAD5: time = 1.429182e+00 (fn F) masses = 1 iters = 571 mflops = 2.185303e+03
 OK converged final_rsq= 9.9e-11 (cf 1e-10) rel = 1 (cf 0) restarts = 2 iters= 571
GFTIME:   time = 2.912409e-01 (Symanzik1) mflops = 2.420822e+03
FFTIME:  time = 1.089315e+00 (asqtad3) terms = 2 mflops = 1.835763e+03
CONGRAD5: time = 1.561787e+00 (fn F) masses = 1 iters = 589 mflops = 2.062798e+03
 OK converged final_rsq= 9.9e-11 (cf 1e-10) rel = 1 (cf 0) restarts = 2 iters= 589
CONGRAD5: time = 1.550101e+00 (fn F) masses = 1 iters = 594 mflops = 2.095992e+03
 OK converged final_rsq= 5e-11 (cf 1e-10) rel = 1 (cf 0) restarts = 3 iters= 594
GFTIME:   time = 3.067920e-01 (Symanzik1) mflops = 2.298112e+03
FFTIME:  time = 1.155413e+00 (asqtad3) terms = 2 mflops = 1.730744e+03
CONGRAD5: time = 1.549488e+00 (fn F) masses = 1 iters = 595 mflops = 2.100351e+03
 OK converged final_rsq= 9.9e-11 (cf 1e-10) rel = 1 (cf 0) restarts = 2 iters= 595
CONGRAD5: time = 1.465380e+00 (fn F) masses = 1 iters = 585 mflops = 2.183578e+03
 OK converged final_rsq= 1e-10 (cf 1e-10) rel = 1 (cf 0) restarts = 2 iters= 585
GFTIME:   time = 2.909911e-01 (Symanzik1) mflops = 2.422901e+03
FFTIME:  time = 1.084010e+00 (asqtad3) terms = 2 mflops = 1.844747e+03
CONGRAD5: time = 1.477589e+00 (fn F) masses = 1 iters = 591 mflops = 2.187746e+03
 OK converged final_rsq= 9.7e-11 (cf 1e-10) rel = 1 (cf 0) restarts = 2 iters= 591
CONGRAD5: time = 1.484718e+00 (fn F) masses = 1 iters = 594 mflops = 2.188294e+03
 OK converged final_rsq= 9.8e-11 (cf 1e-10) rel = 1 (cf 0) restarts = 2 iters= 594
GFTIME:   time = 2.910888e-01 (Symanzik1) mflops = 2.422087e+03
FFTIME:  time = 1.086368e+00 (asqtad3) terms = 2 mflops = 1.840743e+03
CONGRAD5: time = 1.475494e+00 (fn F) masses = 1 iters = 590 mflops = 2.187146e+03
 OK converged final_rsq= 9.9e-11 (cf 1e-10) rel = 1 (cf 0) restarts = 2 iters= 590
CONGRAD5: time = 1.620976e+00 (fn F) masses = 1 iters = 588 mflops = 1.984102e+03
 OK converged final_rsq= 9.9e-11 (cf 1e-10) rel = 1 (cf 0) restarts = 2 iters= 588
GFTIME:   time = 3.347640e-01 (Symanzik1) mflops = 2.106088e+03
FFTIME:  time = 1.169827e+00 (asqtad3) terms = 2 mflops = 1.709419e+03
CONGRAD5: time = 1.538395e+00 (fn F) masses = 1 iters = 597 mflops = 2.122607e+03
 OK converged final_rsq= 1e-10 (cf 1e-10) rel = 1 (cf 0) restarts = 2 iters= 597
CONGRAD5: time = 1.487818e+00 (fn F) masses = 1 iters = 595 mflops = 2.187411e+03
 OK converged final_rsq= 9.9e-11 (cf 1e-10) rel = 1 (cf 0) restarts = 2 iters= 595
GFTIME:   time = 2.931631e-01 (Symanzik1) mflops = 2.404950e+03
FFTIME:  time = 1.088382e+00 (asqtad3) terms = 2 mflops = 1.837337e+03
CONGRAD5: time = 1.497050e+00 (fn F) masses = 1 iters = 598 mflops = 2.184882e+03
 OK converged final_rsq= 9.6e-11 (cf 1e-10) rel = 1 (cf 0) restarts = 2 iters= 598
CONGRAD5: time = 1.478327e+00 (fn F) masses = 1 iters = 591 mflops = 2.186655e+03
 OK converged final_rsq= 1e-10 (cf 1e-10) rel = 1 (cf 0) restarts = 2 iters= 591
GFTIME:   time = 2.941442e-01 (Symanzik1) mflops = 2.396928e+03
FFTIME:  time = 1.088575e+00 (asqtad3) terms = 2 mflops = 1.837011e+03
CONGRAD5: time = 1.500556e+00 (fn F) masses = 1 iters = 599 mflops = 2.183423e+03
 OK converged final_rsq= 4.9e-11 (cf 1e-10) rel = 1 (cf 0) restarts = 3 iters= 599
CONGRAD5: time = 1.480636e+00 (fn F) masses = 1 iters = 592 mflops = 2.186939e+03
 OK converged final_rsq= 9.8e-11 (cf 1e-10) rel = 1 (cf 0) restarts = 2 iters= 592
GFTIME:   time = 2.932820e-01 (Symanzik1) mflops = 2.403974e+03
FFTIME:  time = 1.086383e+00 (asqtad3) terms = 2 mflops = 1.840718e+03
CONGRAD5: time = 1.574831e+00 (fn F) masses = 1 iters = 599 mflops = 2.080444e+03
 OK converged final_rsq= 9.6e-11 (cf 1e-10) rel = 1 (cf 0) restarts = 2 iters= 599
CONGRAD5: time = 1.517760e+00 (fn F) masses = 1 iters = 593 mflops = 2.137050e+03
 OK converged final_rsq= 9.7e-11 (cf 1e-10) rel = 1 (cf 0) restarts = 2 iters= 593
GFTIME:   time = 3.211799e-01 (Symanzik1) mflops = 2.195164e+03
FFTIME:  time = 1.162811e+00 (asqtad3) terms = 2 mflops = 1.719733e+03
PLAQ:	1.460480	1.460850
P_LOOP:	-1.393109e-02	-5.381851e-03
G_LOOP:  0  0  4   	1.461032e+00	( 0 1 7 6  )
G_LOOP:  0  1  4   	1.461647e+00	( 0 2 7 5  )
G_LOOP:  0  2  4   	1.462561e+00	( 0 3 7 4  )
G_LOOP:  0  3  4   	1.458762e+00	( 1 2 6 5  )
G_LOOP:  0  4  4   	1.459734e+00	( 1 3 6 4  )
G_LOOP:  0  5  4   	1.460255e+00	( 2 3 5 4  )
G_LOOP:  1  0  6   	7.016628e-01	( 0 0 1 7 7 6  )
G_LOOP:  1  1  6   	7.043072e-01	( 0 0 2 7 7 5  )
G_LOOP:  1  2  6   	7.044293e-01	( 0 0 3 7 7 4  )
G_LOOP:  1  3  6   	7.011861e-01	( 1 1 0 6 6 7  )
G_LOOP:  1  4  6   	7.002868e-01	( 1 1 2 6 6 5  )
G_LOOP:  1  5  6   	7.012733e-01	( 1 1 3 6 6 4  )
G_LOOP:  1  6  6   	7.033227e-01	( 2 2 0 5 5 7  )
G_LOOP:  1  7  6   	6.993962e-01	( 2 2 1 5 5 6  )
G_LOOP:  1  8  6   	6.985097e-01	( 2 2 3 5 5 4  )
G_LOOP:  1  9  6   	7.045607e-01	( 3 3 0 4 4 7  )
G_LOOP:  1  10  6   	7.010444e-01	( 3 3 1 4 4 6  )
G_LOOP:  1  11  6   	7.019787e-01	( 3 3 2 4 4 5  )
G_LOOP:  2  0  6   	7.167336e-01	( 0 1 2 7 6 5  )
G_LOOP:  2  1  6   	7.138787e-01	( 0 1 5 7 6 2  )
G_LOOP:  2  2  6   	7.139766e-01	( 0 6 2 7 1 5  )
G_LOOP:  2  3  6   	7.167409e-01	( 0 6 5 7 1 2  )
G_LOOP:  2  4  6   	7.157046e-01	( 0 1 3 7 6 4  )
G_LOOP:  2  5  6   	7.199059e-01	( 0 1 4 7 6 3  )
G_LOOP:  2  6  6   	7.173194e-01	( 0 6 3 7 1 4  )
G_LOOP:  2  7  6   	7.154907e-01	( 0 6 4 7 1 3  )
G_LOOP:  2  8  6   	7.159614e-01	( 0 2 3 7 5 4  )
G_LOOP:  2  9  6   	7.173291e-01	( 0 2 4 7 5 3  )
G_LOOP:  2  10  6   	7.172487e-01	( 0 5 3 7 2 4  )
G_LOOP:  2  11  6   	7.193678e-01	( 0 5 4 7 2 3  )
G_LOOP:  2  12  6   	7.146863e-01	( 1 2 3 6 5 4  )
G_LOOP:  2  13  6   	7.156424e-01	( 1 2 4 6 5 3  )
G_LOOP:  2  14  6   	7.157491e-01	( 1 5 3 6 2 4  )
G_LOOP:  2  15  6   	7.155376e-01	( 1 5 4 6 2 3  )
GACTION: 6.718485e+00
CONGRAD5: time = 1.567743e+00 (fn F) masses = 1 iters = 595 mflops = 2.075894e+03
 OK converged final_rsq= 5e-11 (cf 1e-10) rel = 1 (cf 0) restarts = 3 iters= 595
CONGRAD5: time = 2.006729e-01 (fn F) masses = 1 iters = 78 mflops = 2.126029e+03
 OK converged final_rsq= 5e-11 (cf 1e-10) rel = 1 (cf 0) restarts = 2 iters= 78
PBP: mass 1.000000e-02     4.424293e-02  4.080078e-02  4.691051e-03  4.690271e-03 ( 1 of 1 )
FACTION: mass = 1.000000e-02,  1.501556e+00 ( 1 of 1 )
CONGRAD5: time = 1.484304e+00 (fn F) masses = 1 iters = 594 mflops = 2.188904e+03
 OK converged final_rsq= 9.5e-11 (cf 1e-10) rel = 1 (cf 0) restarts = 2 iters= 594
CONGRAD5: time = 1.957960e-01 (fn F) masses = 1 iters = 76 mflops = 2.123112e+03
 OK converged final_rsq= 5e-11 (cf 1e-10) rel = 1 (cf 0) restarts = 2 iters= 76
PBP: mass 1.000000e-02     4.195070e-02  4.239084e-02  -7.435116e-04  -7.432470e-04 ( 1 of 1 )
FACTION: mass = 1.000000e-02,  1.499478e+00 ( 1 of 1 )
RUNNING COMPLETED
average cg iters for step= 1.127000e+03
Time = 3.091638e+02 seconds
total_iters = 140952
Checksums 8a58c364 c13abdfa
Saved gauge configuration in parallel to binary file lat_p64_size128_2
Time stamp Fri Aug 12 21:50:47 2022
Wrote info file lat_p64_size128_2.info
Time to save = 1.763534e+00
CHECK PLAQ: 1.460480e+00 1.460850e+00
CHECK NERSC LINKTR: 1.428272e-01 CKSUM: 5a7f890e


get_i(0): EOF on input.
Elapsed total time: 355.245378
exit: Fri Aug 12 21:50:49 2022

