SU3 with improved KS action
Microcanonical simulation with refreshing
R algorithm
MIMD version 7.8.1
Machine = MPI (portable), with 64 nodes
Host(0) = nid01286
Username = mcopik
Options selected...
Generic single precision
C_GLOBAL_INLINE
DBLSTORE_FN
D_FN_GATHER13
FEWSUMS
KS_MULTIFF=FNMAT
VECLENGTH=4
type 0 for no prompts, 1 for prompts, or 2 for proofreading
nflavors1 2
nflavors2 1
nx 16
ny 16
nz 16
nt 36
iseed 5682304
LAYOUT = Hypercubes, options = hyper_prime,
automatic hyper_prime layout
ON EACH NODE 4 x 8 x 8 x 9
Mallocing 2.3 MBytes per node for lattice
WARNING!!: Resetting random seed
Made lattice
Made nn gathers
Made 3nn gathers
Finished setup


warms 0
trajecs 4
traj_between_meas 1
beta 5.6
mass1 0.125
mass2 0.125
u0 0.8441
microcanonical_time_step 0.2
steps_per_trajectory 5
max_cg_iterations 100
max_cg_restarts 5
error_per_site 0.125
error_for_propagator 0.125
npbp_reps 1
prec_pbp 1
fresh 
save_parallel lat_p64_size64_1
unit gauge configuration loaded
CHECK PLAQ: 3.000000e+00 3.000000e+00
CHECK NERSC LINKTR: 1.000000e+00 CKSUM: 0
Unitarity checked.  Max deviation 0.00e+00
Time to check unitarity = 5.171299e-04
"O(a^2): couplings(pi)=0, Naik term, No O(a^2) errors, tadpole weights"
path coefficients: npath  path_coeff  multiplicity
                    0      6.250000e-01     8
                    1      -5.847914e-02     8
                    2      -8.771871e-02     48
                    3      3.077829e-02     192
                    4      -7.199551e-03     384
                    5      -1.231132e-01     48
Symanzik 1x1 + 1x2 + 1x1x1 action
gauge_action: total_dyn_flavors = 3
loop coefficients: nloop rep loop_coeff  multiplicity
                    0 0      1.000000e+00     6
                    1 0      -7.762509e-02     12
                    2 0      -1.031171e-02     16
WARMUPS COMPLETED
CONGRAD5: time = 1.002312e-02 (fn F) masses = 1 iters = 4 mflops = 1.091416e+03
 OK converged final_rsq= 0.006 (cf 0.016) rel = 1 (cf 0) restarts = 1 iters= 4
CONGRAD5: time = 8.245945e-03 (fn F) masses = 1 iters = 4 mflops = 1.326639e+03
 OK converged final_rsq= 0.0059 (cf 0.016) rel = 1 (cf 0) restarts = 1 iters= 4
GFTIME:   time = 1.477060e-01 (Symanzik1) mflops = 2.386641e+03
FFTIME:  time = 4.060299e-01 (asqtad3) terms = 2 mflops = 2.462533e+03
CONGRAD5: time = 8.317232e-03 (fn F) masses = 1 iters = 4 mflops = 1.315268e+03
 OK converged final_rsq= 0.01 (cf 0.016) rel = 1 (cf 0) restarts = 1 iters= 4
CONGRAD5: time = 7.967949e-03 (fn F) masses = 1 iters = 4 mflops = 1.372924e+03
 OK converged final_rsq= 0.0097 (cf 0.016) rel = 1 (cf 0) restarts = 1 iters= 4
GFTIME:   time = 1.398752e-01 (Symanzik1) mflops = 2.520256e+03
FFTIME:  time = 3.974121e-01 (asqtad3) terms = 2 mflops = 2.515933e+03
CONGRAD5: time = 8.476973e-03 (fn F) masses = 1 iters = 4 mflops = 1.290483e+03
 OK converged final_rsq= 0.014 (cf 0.016) rel = 1 (cf 0) restarts = 1 iters= 4
CONGRAD5: time = 7.956028e-03 (fn F) masses = 1 iters = 4 mflops = 1.374982e+03
 OK converged final_rsq= 0.014 (cf 0.016) rel = 1 (cf 0) restarts = 1 iters= 4
GFTIME:   time = 1.404581e-01 (Symanzik1) mflops = 2.509796e+03
FFTIME:  time = 4.470651e-01 (asqtad3) terms = 2 mflops = 2.236503e+03
CONGRAD5: time = 8.615971e-03 (fn F) masses = 1 iters = 4 mflops = 1.269664e+03
 OK converged final_rsq= 0.013 (cf 0.016) rel = 1 (cf 0) restarts = 1 iters= 4
CONGRAD5: time = 8.337975e-03 (fn F) masses = 1 iters = 4 mflops = 1.311996e+03
 OK converged final_rsq= 0.013 (cf 0.016) rel = 1 (cf 0) restarts = 1 iters= 4
GFTIME:   time = 1.415079e-01 (Symanzik1) mflops = 2.491178e+03
FFTIME:  time = 4.461348e-01 (asqtad3) terms = 2 mflops = 2.241166e+03
CONGRAD5: time = 8.670092e-03 (fn F) masses = 1 iters = 4 mflops = 1.261739e+03
 OK converged final_rsq= 0.011 (cf 0.016) rel = 1 (cf 0) restarts = 1 iters= 4
CONGRAD5: time = 8.235931e-03 (fn F) masses = 1 iters = 4 mflops = 1.328252e+03
 OK converged final_rsq= 0.011 (cf 0.016) rel = 1 (cf 0) restarts = 1 iters= 4
GFTIME:   time = 1.428790e-01 (Symanzik1) mflops = 2.467271e+03
FFTIME:  time = 4.465261e-01 (asqtad3) terms = 2 mflops = 2.239203e+03
PLAQ:	2.348688	2.349026
P_LOOP:	2.691399e-03	4.211936e-03
G_LOOP:  0  0  4   	2.347009e+00	( 0 1 7 6  )
G_LOOP:  0  1  4   	2.349642e+00	( 0 2 7 5  )
G_LOOP:  0  2  4   	2.349649e+00	( 0 3 7 4  )
G_LOOP:  0  3  4   	2.349413e+00	( 1 2 6 5  )
G_LOOP:  0  4  4   	2.348984e+00	( 1 3 6 4  )
G_LOOP:  0  5  4   	2.348445e+00	( 2 3 5 4  )
G_LOOP:  1  0  6   	1.771316e+00	( 0 0 1 7 7 6  )
G_LOOP:  1  1  6   	1.776566e+00	( 0 0 2 7 7 5  )
G_LOOP:  1  2  6   	1.776867e+00	( 0 0 3 7 7 4  )
G_LOOP:  1  3  6   	1.770503e+00	( 1 1 0 6 6 7  )
G_LOOP:  1  4  6   	1.777199e+00	( 1 1 2 6 6 5  )
G_LOOP:  1  5  6   	1.774381e+00	( 1 1 3 6 6 4  )
G_LOOP:  1  6  6   	1.775959e+00	( 2 2 0 5 5 7  )
G_LOOP:  1  7  6   	1.775263e+00	( 2 2 1 5 5 6  )
G_LOOP:  1  8  6   	1.775328e+00	( 2 2 3 5 5 4  )
G_LOOP:  1  9  6   	1.777224e+00	( 3 3 0 4 4 7  )
G_LOOP:  1  10  6   	1.775937e+00	( 3 3 1 4 4 6  )
G_LOOP:  1  11  6   	1.773587e+00	( 3 3 2 4 4 5  )
G_LOOP:  2  0  6   	1.821641e+00	( 0 1 2 7 6 5  )
G_LOOP:  2  1  6   	1.822607e+00	( 0 1 5 7 6 2  )
G_LOOP:  2  2  6   	1.821059e+00	( 0 6 2 7 1 5  )
G_LOOP:  2  3  6   	1.820510e+00	( 0 6 5 7 1 2  )
G_LOOP:  2  4  6   	1.821227e+00	( 0 1 3 7 6 4  )
G_LOOP:  2  5  6   	1.818580e+00	( 0 1 4 7 6 3  )
G_LOOP:  2  6  6   	1.821414e+00	( 0 6 3 7 1 4  )
G_LOOP:  2  7  6   	1.820217e+00	( 0 6 4 7 1 3  )
G_LOOP:  2  8  6   	1.822495e+00	( 0 2 3 7 5 4  )
G_LOOP:  2  9  6   	1.822749e+00	( 0 2 4 7 5 3  )
G_LOOP:  2  10  6   	1.824359e+00	( 0 5 3 7 2 4  )
G_LOOP:  2  11  6   	1.822564e+00	( 0 5 4 7 2 3  )
G_LOOP:  2  12  6   	1.823449e+00	( 1 2 3 6 5 4  )
G_LOOP:  2  13  6   	1.821729e+00	( 1 2 4 6 5 3  )
G_LOOP:  2  14  6   	1.821191e+00	( 1 5 3 6 2 4  )
G_LOOP:  2  15  6   	1.821120e+00	( 1 5 4 6 2 3  )
GACTION: 2.571373e+00
CONGRAD5: time = 8.709192e-03 (fn F) masses = 1 iters = 4 mflops = 1.256074e+03
 OK converged final_rsq= 0.01 (cf 0.016) rel = 1 (cf 0) restarts = 1 iters= 4
CONGRAD5: time = 1.122999e-02 (fn F) masses = 1 iters = 6 mflops = 1.461184e+03
 OK converged final_rsq= 0.0091 (cf 0.016) rel = 1 (cf 0) restarts = 1 iters= 6
PBP: mass 1.250000e-01     6.812841e-02  9.727044e-02  2.709919e-03  2.812244e-03 ( 1 of 1 )
FACTION: mass = 1.250000e-01,  1.464836e+00 ( 1 of 1 )
CONGRAD5: time = 8.463860e-03 (fn F) masses = 1 iters = 4 mflops = 1.292483e+03
 OK converged final_rsq= 0.01 (cf 0.016) rel = 1 (cf 0) restarts = 1 iters= 4
CONGRAD5: time = 1.095200e-02 (fn F) masses = 1 iters = 6 mflops = 1.498274e+03
 OK converged final_rsq= 0.009 (cf 0.016) rel = 1 (cf 0) restarts = 1 iters= 6
PBP: mass 1.250000e-01     7.051055e-02  9.381208e-02  -7.107934e-04  -4.977023e-04 ( 1 of 1 )
FACTION: mass = 1.250000e-01,  1.468086e+00 ( 1 of 1 )
CONGRAD5: time = 8.599997e-03 (fn F) masses = 1 iters = 4 mflops = 1.272023e+03
 OK converged final_rsq= 0.011 (cf 0.016) rel = 1 (cf 0) restarts = 1 iters= 4
CONGRAD5: time = 8.337021e-03 (fn F) masses = 1 iters = 4 mflops = 1.312146e+03
 OK converged final_rsq= 0.011 (cf 0.016) rel = 1 (cf 0) restarts = 1 iters= 4
GFTIME:   time = 1.407800e-01 (Symanzik1) mflops = 2.504058e+03
FFTIME:  time = 4.466250e-01 (asqtad3) terms = 2 mflops = 2.238706e+03
CONGRAD5: time = 9.912968e-03 (fn F) masses = 1 iters = 5 mflops = 1.379429e+03
 OK converged final_rsq= 0.007 (cf 0.016) rel = 1 (cf 0) restarts = 1 iters= 5
CONGRAD5: time = 8.321047e-03 (fn F) masses = 1 iters = 4 mflops = 1.314665e+03
 OK converged final_rsq= 0.015 (cf 0.016) rel = 1 (cf 0) restarts = 1 iters= 4
GFTIME:   time = 1.411879e-01 (Symanzik1) mflops = 2.496823e+03
FFTIME:  time = 4.460521e-01 (asqtad3) terms = 2 mflops = 2.241582e+03
CONGRAD5: time = 9.892941e-03 (fn F) masses = 1 iters = 5 mflops = 1.382222e+03
 OK converged final_rsq= 0.0089 (cf 0.016) rel = 1 (cf 0) restarts = 1 iters= 5
CONGRAD5: time = 9.659052e-03 (fn F) masses = 1 iters = 5 mflops = 1.415692e+03
 OK converged final_rsq= 0.0085 (cf 0.016) rel = 1 (cf 0) restarts = 1 iters= 5
GFTIME:   time = 1.409869e-01 (Symanzik1) mflops = 2.500382e+03
FFTIME:  time = 4.456699e-01 (asqtad3) terms = 2 mflops = 2.243504e+03
CONGRAD5: time = 9.915829e-03 (fn F) masses = 1 iters = 5 mflops = 1.379031e+03
 OK converged final_rsq= 0.0085 (cf 0.016) rel = 1 (cf 0) restarts = 1 iters= 5
CONGRAD5: time = 9.622097e-03 (fn F) masses = 1 iters = 5 mflops = 1.421129e+03
 OK converged final_rsq= 0.0082 (cf 0.016) rel = 1 (cf 0) restarts = 1 iters= 5
GFTIME:   time = 1.408629e-01 (Symanzik1) mflops = 2.502583e+03
FFTIME:  time = 4.455209e-01 (asqtad3) terms = 2 mflops = 2.244255e+03
CONGRAD5: time = 9.845018e-03 (fn F) masses = 1 iters = 5 mflops = 1.388950e+03
 OK converged final_rsq= 0.0074 (cf 0.016) rel = 1 (cf 0) restarts = 1 iters= 5
CONGRAD5: time = 8.222103e-03 (fn F) masses = 1 iters = 4 mflops = 1.330486e+03
 OK converged final_rsq= 0.015 (cf 0.016) rel = 1 (cf 0) restarts = 1 iters= 4
GFTIME:   time = 1.404901e-01 (Symanzik1) mflops = 2.509225e+03
FFTIME:  time = 4.467440e-01 (asqtad3) terms = 2 mflops = 2.238110e+03
PLAQ:	2.014040	2.013665
P_LOOP:	1.283122e-02	1.480562e-02
G_LOOP:  0  0  4   	2.013689e+00	( 0 1 7 6  )
G_LOOP:  0  1  4   	2.013798e+00	( 0 2 7 5  )
G_LOOP:  0  2  4   	2.012642e+00	( 0 3 7 4  )
G_LOOP:  0  3  4   	2.014635e+00	( 1 2 6 5  )
G_LOOP:  0  4  4   	2.014011e+00	( 1 3 6 4  )
G_LOOP:  0  5  4   	2.014343e+00	( 2 3 5 4  )
G_LOOP:  1  0  6   	1.300633e+00	( 0 0 1 7 7 6  )
G_LOOP:  1  1  6   	1.303425e+00	( 0 0 2 7 7 5  )
G_LOOP:  1  2  6   	1.299099e+00	( 0 0 3 7 7 4  )
G_LOOP:  1  3  6   	1.303676e+00	( 1 1 0 6 6 7  )
G_LOOP:  1  4  6   	1.302897e+00	( 1 1 2 6 6 5  )
G_LOOP:  1  5  6   	1.303132e+00	( 1 1 3 6 6 4  )
G_LOOP:  1  6  6   	1.303209e+00	( 2 2 0 5 5 7  )
G_LOOP:  1  7  6   	1.303714e+00	( 2 2 1 5 5 6  )
G_LOOP:  1  8  6   	1.305115e+00	( 2 2 3 5 5 4  )
G_LOOP:  1  9  6   	1.302043e+00	( 3 3 0 4 4 7  )
G_LOOP:  1  10  6   	1.301676e+00	( 3 3 1 4 4 6  )
G_LOOP:  1  11  6   	1.300803e+00	( 3 3 2 4 4 5  )
G_LOOP:  2  0  6   	1.345070e+00	( 0 1 2 7 6 5  )
G_LOOP:  2  1  6   	1.347040e+00	( 0 1 5 7 6 2  )
G_LOOP:  2  2  6   	1.342372e+00	( 0 6 2 7 1 5  )
G_LOOP:  2  3  6   	1.343195e+00	( 0 6 5 7 1 2  )
G_LOOP:  2  4  6   	1.345218e+00	( 0 1 3 7 6 4  )
G_LOOP:  2  5  6   	1.345979e+00	( 0 1 4 7 6 3  )
G_LOOP:  2  6  6   	1.342793e+00	( 0 6 3 7 1 4  )
G_LOOP:  2  7  6   	1.343628e+00	( 0 6 4 7 1 3  )
G_LOOP:  2  8  6   	1.346200e+00	( 0 2 3 7 5 4  )
G_LOOP:  2  9  6   	1.344699e+00	( 0 2 4 7 5 3  )
G_LOOP:  2  10  6   	1.346948e+00	( 0 5 3 7 2 4  )
G_LOOP:  2  11  6   	1.344260e+00	( 0 5 4 7 2 3  )
G_LOOP:  2  12  6   	1.347968e+00	( 1 2 3 6 5 4  )
G_LOOP:  2  13  6   	1.348607e+00	( 1 2 4 6 5 3  )
G_LOOP:  2  14  6   	1.345432e+00	( 1 5 3 6 2 4  )
G_LOOP:  2  15  6   	1.349582e+00	( 1 5 4 6 2 3  )
GACTION: 4.062654e+00
CONGRAD5: time = 8.481026e-03 (fn F) masses = 1 iters = 4 mflops = 1.289867e+03
 OK converged final_rsq= 0.014 (cf 0.016) rel = 1 (cf 0) restarts = 1 iters= 4
CONGRAD5: time = 1.090813e-02 (fn F) masses = 1 iters = 6 mflops = 1.504299e+03
 OK converged final_rsq= 0.013 (cf 0.016) rel = 1 (cf 0) restarts = 1 iters= 6
PBP: mass 1.250000e-01     8.566921e-02  1.633068e-01  -1.732230e-03  -2.205862e-03 ( 1 of 1 )
FACTION: mass = 1.250000e-01,  1.449857e+00 ( 1 of 1 )
CONGRAD5: time = 8.465052e-03 (fn F) masses = 1 iters = 4 mflops = 1.292301e+03
 OK converged final_rsq= 0.014 (cf 0.016) rel = 1 (cf 0) restarts = 1 iters= 4
CONGRAD5: time = 1.090002e-02 (fn F) masses = 1 iters = 6 mflops = 1.505418e+03
 OK converged final_rsq= 0.013 (cf 0.016) rel = 1 (cf 0) restarts = 1 iters= 6
PBP: mass 1.250000e-01     8.497225e-02  1.671420e-01  1.389017e-03  1.363599e-03 ( 1 of 1 )
FACTION: mass = 1.250000e-01,  1.448984e+00 ( 1 of 1 )
CONGRAD5: time = 9.974003e-03 (fn F) masses = 1 iters = 5 mflops = 1.370988e+03
 OK converged final_rsq= 0.0074 (cf 0.016) rel = 1 (cf 0) restarts = 1 iters= 5
CONGRAD5: time = 8.362055e-03 (fn F) masses = 1 iters = 4 mflops = 1.308218e+03
 OK converged final_rsq= 0.016 (cf 0.016) rel = 1 (cf 0) restarts = 1 iters= 4
GFTIME:   time = 1.413150e-01 (Symanzik1) mflops = 2.494578e+03
FFTIME:  time = 4.462779e-01 (asqtad3) terms = 2 mflops = 2.240448e+03
CONGRAD5: time = 1.021004e-02 (fn F) masses = 1 iters = 5 mflops = 1.339294e+03
 OK converged final_rsq= 0.0093 (cf 0.016) rel = 1 (cf 0) restarts = 1 iters= 5
CONGRAD5: time = 9.552956e-03 (fn F) masses = 1 iters = 5 mflops = 1.431415e+03
 OK converged final_rsq= 0.0088 (cf 0.016) rel = 1 (cf 0) restarts = 1 iters= 5
GFTIME:   time = 1.404002e-01 (Symanzik1) mflops = 2.510832e+03
FFTIME:  time = 4.071159e-01 (asqtad3) terms = 2 mflops = 2.455964e+03
CONGRAD5: time = 9.288073e-03 (fn F) masses = 1 iters = 5 mflops = 1.472237e+03
 OK converged final_rsq= 0.011 (cf 0.016) rel = 1 (cf 0) restarts = 1 iters= 5
CONGRAD5: time = 8.935213e-03 (fn F) masses = 1 iters = 5 mflops = 1.530376e+03
 OK converged final_rsq= 0.01 (cf 0.016) rel = 1 (cf 0) restarts = 1 iters= 5
GFTIME:   time = 1.438439e-01 (Symanzik1) mflops = 2.450721e+03
FFTIME:  time = 5.214510e-01 (asqtad3) terms = 2 mflops = 1.917462e+03
CONGRAD5: time = 1.059103e-02 (fn F) masses = 1 iters = 5 mflops = 1.291115e+03
 OK converged final_rsq= 0.011 (cf 0.016) rel = 1 (cf 0) restarts = 1 iters= 5
CONGRAD5: time = 9.657145e-03 (fn F) masses = 1 iters = 5 mflops = 1.415971e+03
 OK converged final_rsq= 0.01 (cf 0.016) rel = 1 (cf 0) restarts = 1 iters= 5
GFTIME:   time = 1.425538e-01 (Symanzik1) mflops = 2.472899e+03
FFTIME:  time = 3.913219e-01 (asqtad3) terms = 2 mflops = 2.555089e+03
CONGRAD5: time = 1.215601e-02 (fn F) masses = 1 iters = 5 mflops = 1.124895e+03
 OK converged final_rsq= 0.01 (cf 0.016) rel = 1 (cf 0) restarts = 1 iters= 5
CONGRAD5: time = 9.957075e-03 (fn F) masses = 1 iters = 5 mflops = 1.373319e+03
 OK converged final_rsq= 0.0096 (cf 0.016) rel = 1 (cf 0) restarts = 1 iters= 5
GFTIME:   time = 1.501830e-01 (Symanzik1) mflops = 2.347278e+03
FFTIME:  time = 3.967259e-01 (asqtad3) terms = 2 mflops = 2.520285e+03
PLAQ:	1.792886	1.793338
P_LOOP:	-6.524748e-03	1.741557e-02
G_LOOP:  0  0  4   	1.792911e+00	( 0 1 7 6  )
G_LOOP:  0  1  4   	1.793237e+00	( 0 2 7 5  )
G_LOOP:  0  2  4   	1.793946e+00	( 0 3 7 4  )
G_LOOP:  0  3  4   	1.792510e+00	( 1 2 6 5  )
G_LOOP:  0  4  4   	1.793205e+00	( 1 3 6 4  )
G_LOOP:  0  5  4   	1.792863e+00	( 2 3 5 4  )
G_LOOP:  1  0  6   	1.024582e+00	( 0 0 1 7 7 6  )
G_LOOP:  1  1  6   	1.026102e+00	( 0 0 2 7 7 5  )
G_LOOP:  1  2  6   	1.028519e+00	( 0 0 3 7 7 4  )
G_LOOP:  1  3  6   	1.026685e+00	( 1 1 0 6 6 7  )
G_LOOP:  1  4  6   	1.026546e+00	( 1 1 2 6 6 5  )
G_LOOP:  1  5  6   	1.025324e+00	( 1 1 3 6 6 4  )
G_LOOP:  1  6  6   	1.026597e+00	( 2 2 0 5 5 7  )
G_LOOP:  1  7  6   	1.025157e+00	( 2 2 1 5 5 6  )
G_LOOP:  1  8  6   	1.024633e+00	( 2 2 3 5 5 4  )
G_LOOP:  1  9  6   	1.026735e+00	( 3 3 0 4 4 7  )
G_LOOP:  1  10  6   	1.026101e+00	( 3 3 1 4 4 6  )
G_LOOP:  1  11  6   	1.022430e+00	( 3 3 2 4 4 5  )
G_LOOP:  2  0  6   	1.059812e+00	( 0 1 2 7 6 5  )
G_LOOP:  2  1  6   	1.060557e+00	( 0 1 5 7 6 2  )
G_LOOP:  2  2  6   	1.058756e+00	( 0 6 2 7 1 5  )
G_LOOP:  2  3  6   	1.060241e+00	( 0 6 5 7 1 2  )
G_LOOP:  2  4  6   	1.062470e+00	( 0 1 3 7 6 4  )
G_LOOP:  2  5  6   	1.060506e+00	( 0 1 4 7 6 3  )
G_LOOP:  2  6  6   	1.058976e+00	( 0 6 3 7 1 4  )
G_LOOP:  2  7  6   	1.061780e+00	( 0 6 4 7 1 3  )
G_LOOP:  2  8  6   	1.065268e+00	( 0 2 3 7 5 4  )
G_LOOP:  2  9  6   	1.058724e+00	( 0 2 4 7 5 3  )
G_LOOP:  2  10  6   	1.058503e+00	( 0 5 3 7 2 4  )
G_LOOP:  2  11  6   	1.058115e+00	( 0 5 4 7 2 3  )
G_LOOP:  2  12  6   	1.060545e+00	( 1 2 3 6 5 4  )
G_LOOP:  2  13  6   	1.059196e+00	( 1 2 4 6 5 3  )
G_LOOP:  2  14  6   	1.059034e+00	( 1 5 3 6 2 4  )
G_LOOP:  2  15  6   	1.061206e+00	( 1 5 4 6 2 3  )
GACTION: 5.082307e+00
CONGRAD5: time = 1.207495e-02 (fn F) masses = 1 iters = 5 mflops = 1.132447e+03
 OK converged final_rsq= 0.0086 (cf 0.016) rel = 1 (cf 0) restarts = 1 iters= 5
CONGRAD5: time = 1.247811e-02 (fn F) masses = 1 iters = 6 mflops = 1.315030e+03
 OK converged final_rsq= 0.015 (cf 0.016) rel = 1 (cf 0) restarts = 1 iters= 6
PBP: mass 1.250000e-01     1.094033e-01  3.030200e-01  -1.112299e-03  -4.992905e-04 ( 1 of 1 )
FACTION: mass = 1.250000e-01,  1.451542e+00 ( 1 of 1 )
CONGRAD5: time = 1.205707e-02 (fn F) masses = 1 iters = 5 mflops = 1.134127e+03
 OK converged final_rsq= 0.0085 (cf 0.016) rel = 1 (cf 0) restarts = 1 iters= 5
CONGRAD5: time = 1.115704e-02 (fn F) masses = 1 iters = 6 mflops = 1.470739e+03
 OK converged final_rsq= 0.015 (cf 0.016) rel = 1 (cf 0) restarts = 1 iters= 6
PBP: mass 1.250000e-01     1.075303e-01  2.973076e-01  8.333416e-04  3.848426e-04 ( 1 of 1 )
FACTION: mass = 1.250000e-01,  1.457298e+00 ( 1 of 1 )
CONGRAD5: time = 1.051593e-02 (fn F) masses = 1 iters = 5 mflops = 1.300336e+03
 OK converged final_rsq= 0.01 (cf 0.016) rel = 1 (cf 0) restarts = 1 iters= 5
CONGRAD5: time = 1.080894e-02 (fn F) masses = 1 iters = 5 mflops = 1.265086e+03
 OK converged final_rsq= 0.0096 (cf 0.016) rel = 1 (cf 0) restarts = 1 iters= 5
GFTIME:   time = 1.466830e-01 (Symanzik1) mflops = 2.403286e+03
FFTIME:  time = 4.315901e-01 (asqtad3) terms = 2 mflops = 2.316694e+03
CONGRAD5: time = 9.449005e-03 (fn F) masses = 1 iters = 5 mflops = 1.447162e+03
 OK converged final_rsq= 0.011 (cf 0.016) rel = 1 (cf 0) restarts = 1 iters= 5
CONGRAD5: time = 8.982897e-03 (fn F) masses = 1 iters = 5 mflops = 1.522253e+03
 OK converged final_rsq= 0.011 (cf 0.016) rel = 1 (cf 0) restarts = 1 iters= 5
GFTIME:   time = 1.384580e-01 (Symanzik1) mflops = 2.546051e+03
FFTIME:  time = 4.195719e-01 (asqtad3) terms = 2 mflops = 2.383054e+03
CONGRAD5: time = 9.970903e-03 (fn F) masses = 1 iters = 5 mflops = 1.371414e+03
 OK converged final_rsq= 0.012 (cf 0.016) rel = 1 (cf 0) restarts = 1 iters= 5
CONGRAD5: time = 9.545088e-03 (fn F) masses = 1 iters = 5 mflops = 1.432594e+03
 OK converged final_rsq= 0.012 (cf 0.016) rel = 1 (cf 0) restarts = 1 iters= 5
GFTIME:   time = 1.412861e-01 (Symanzik1) mflops = 2.495087e+03
FFTIME:  time = 4.455090e-01 (asqtad3) terms = 2 mflops = 2.244315e+03
CONGRAD5: time = 9.991169e-03 (fn F) masses = 1 iters = 5 mflops = 1.368633e+03
 OK converged final_rsq= 0.012 (cf 0.016) rel = 1 (cf 0) restarts = 1 iters= 5
CONGRAD5: time = 9.826899e-03 (fn F) masses = 1 iters = 5 mflops = 1.391511e+03
 OK converged final_rsq= 0.012 (cf 0.016) rel = 1 (cf 0) restarts = 1 iters= 5
GFTIME:   time = 1.409371e-01 (Symanzik1) mflops = 2.501266e+03
FFTIME:  time = 4.473629e-01 (asqtad3) terms = 2 mflops = 2.235014e+03
CONGRAD5: time = 1.065993e-02 (fn F) masses = 1 iters = 5 mflops = 1.282770e+03
 OK converged final_rsq= 0.012 (cf 0.016) rel = 1 (cf 0) restarts = 1 iters= 5
CONGRAD5: time = 9.543896e-03 (fn F) masses = 1 iters = 5 mflops = 1.432773e+03
 OK converged final_rsq= 0.012 (cf 0.016) rel = 1 (cf 0) restarts = 1 iters= 5
GFTIME:   time = 1.416419e-01 (Symanzik1) mflops = 2.488821e+03
FFTIME:  time = 4.696629e-01 (asqtad3) terms = 2 mflops = 2.128893e+03
PLAQ:	1.646692	1.646320
P_LOOP:	-1.809260e-03	-4.192977e-03
G_LOOP:  0  0  4   	1.645426e+00	( 0 1 7 6  )
G_LOOP:  0  1  4   	1.646758e+00	( 0 2 7 5  )
G_LOOP:  0  2  4   	1.647351e+00	( 0 3 7 4  )
G_LOOP:  0  3  4   	1.647890e+00	( 1 2 6 5  )
G_LOOP:  0  4  4   	1.646412e+00	( 1 3 6 4  )
G_LOOP:  0  5  4   	1.645196e+00	( 2 3 5 4  )
G_LOOP:  1  0  6   	8.568941e-01	( 0 0 1 7 7 6  )
G_LOOP:  1  1  6   	8.550501e-01	( 0 0 2 7 7 5  )
G_LOOP:  1  2  6   	8.602824e-01	( 0 0 3 7 7 4  )
G_LOOP:  1  3  6   	8.545273e-01	( 1 1 0 6 6 7  )
G_LOOP:  1  4  6   	8.581203e-01	( 1 1 2 6 6 5  )
G_LOOP:  1  5  6   	8.559285e-01	( 1 1 3 6 6 4  )
G_LOOP:  1  6  6   	8.565518e-01	( 2 2 0 5 5 7  )
G_LOOP:  1  7  6   	8.590375e-01	( 2 2 1 5 5 6  )
G_LOOP:  1  8  6   	8.532167e-01	( 2 2 3 5 5 4  )
G_LOOP:  1  9  6   	8.567114e-01	( 3 3 0 4 4 7  )
G_LOOP:  1  10  6   	8.563252e-01	( 3 3 1 4 4 6  )
G_LOOP:  1  11  6   	8.547166e-01	( 3 3 2 4 4 5  )
G_LOOP:  2  0  6   	8.837449e-01	( 0 1 2 7 6 5  )
G_LOOP:  2  1  6   	8.789823e-01	( 0 1 5 7 6 2  )
G_LOOP:  2  2  6   	8.808471e-01	( 0 6 2 7 1 5  )
G_LOOP:  2  3  6   	8.791515e-01	( 0 6 5 7 1 2  )
G_LOOP:  2  4  6   	8.778932e-01	( 0 1 3 7 6 4  )
G_LOOP:  2  5  6   	8.760607e-01	( 0 1 4 7 6 3  )
G_LOOP:  2  6  6   	8.773932e-01	( 0 6 3 7 1 4  )
G_LOOP:  2  7  6   	8.813887e-01	( 0 6 4 7 1 3  )
G_LOOP:  2  8  6   	8.788943e-01	( 0 2 3 7 5 4  )
G_LOOP:  2  9  6   	8.775574e-01	( 0 2 4 7 5 3  )
G_LOOP:  2  10  6   	8.799924e-01	( 0 5 3 7 2 4  )
G_LOOP:  2  11  6   	8.794070e-01	( 0 5 4 7 2 3  )
G_LOOP:  2  12  6   	8.783629e-01	( 1 2 3 6 5 4  )
G_LOOP:  2  13  6   	8.771963e-01	( 1 2 4 6 5 3  )
G_LOOP:  2  14  6   	8.786813e-01	( 1 5 3 6 2 4  )
G_LOOP:  2  15  6   	8.823708e-01	( 1 5 4 6 2 3  )
GACTION: 5.774347e+00
CONGRAD5: time = 9.855986e-03 (fn F) masses = 1 iters = 5 mflops = 1.387405e+03
 OK converged final_rsq= 0.01 (cf 0.016) rel = 1 (cf 0) restarts = 1 iters= 5
CONGRAD5: time = 1.256418e-02 (fn F) masses = 1 iters = 7 mflops = 1.523691e+03
 OK converged final_rsq= 0.0082 (cf 0.016) rel = 1 (cf 0) restarts = 1 iters= 7
PBP: mass 1.250000e-01     1.254022e-01  3.229574e-01  -1.733885e-04  6.277636e-04 ( 1 of 1 )
FACTION: mass = 1.250000e-01,  1.431768e+00 ( 1 of 1 )
CONGRAD5: time = 9.872913e-03 (fn F) masses = 1 iters = 5 mflops = 1.385026e+03
 OK converged final_rsq= 0.01 (cf 0.016) rel = 1 (cf 0) restarts = 1 iters= 5
CONGRAD5: time = 1.221299e-02 (fn F) masses = 1 iters = 7 mflops = 1.567506e+03
 OK converged final_rsq= 0.0082 (cf 0.016) rel = 1 (cf 0) restarts = 1 iters= 7
PBP: mass 1.250000e-01     1.243262e-01  3.214422e-01  3.359670e-03  2.962813e-03 ( 1 of 1 )
FACTION: mass = 1.250000e-01,  1.434419e+00 ( 1 of 1 )
RUNNING COMPLETED
average cg iters for step= 1.100000e+01
Time = 1.710081e+01 seconds
total_iters = 552
Checksums 68a6789c 82d88bfb
Saved gauge configuration in parallel to binary file lat_p64_size64_1
Time stamp Tue May 17 23:20:16 2022
Wrote info file lat_p64_size64_1.info
Time to save = 5.850410e-01
CHECK PLAQ: 1.646692e+00 1.646320e+00
CHECK NERSC LINKTR: 1.712179e-01 CKSUM: c4a5534f


warms 0
trajecs 4
traj_between_meas 1
beta 5.6
mass1 0.01
mass2 0.01
u0 0.8441
microcanonical_time_step 0.02
steps_per_trajectory 15
max_cg_iterations 300
max_cg_restarts 5
error_per_site 1e-05
error_for_propagator 1e-05
npbp_reps 1
prec_pbp 1
reload_parallel lat_p64_size64_1
save_parallel lat_p64_size64_2
Restored binary gauge configuration in parallel from file lat_p64_size64_1
Time stamp Tue May 17 23:20:16 2022
Checksums 68a6789c 82d88bfb OK
Time to reload gauge configuration = 1.717200e-01
CHECK PLAQ: 1.646692e+00 1.646320e+00
CHECK NERSC LINKTR: 1.712179e-01 CKSUM: c4a5534f
Unitarity checked.  Max deviation 2.98e-07
Time to check unitarity = 1.652002e-03
"O(a^2): couplings(pi)=0, Naik term, No O(a^2) errors, tadpole weights"
path coefficients: npath  path_coeff  multiplicity
                    0      6.250000e-01     8
                    1      -5.847914e-02     8
                    2      -8.771871e-02     48
                    3      3.077829e-02     192
                    4      -7.199551e-03     384
                    5      -1.231132e-01     48
Symanzik 1x1 + 1x2 + 1x1x1 action
gauge_action: total_dyn_flavors = 3
loop coefficients: nloop rep loop_coeff  multiplicity
                    0 0      1.000000e+00     6
                    1 0      -7.762509e-02     12
                    2 0      -1.031171e-02     16
WARMUPS COMPLETED
CONGRAD5: time = 7.994158e-01 (fn F) masses = 1 iters = 573 mflops = 1.960266e+03
 OK converged final_rsq= 1e-10 (cf 1e-10) rel = 1 (cf 0) restarts = 2 iters= 573
CONGRAD5: time = 7.484751e-01 (fn F) masses = 1 iters = 563 mflops = 2.057142e+03
 OK converged final_rsq= 9.9e-11 (cf 1e-10) rel = 1 (cf 0) restarts = 2 iters= 563
GFTIME:   time = 1.412051e-01 (Symanzik1) mflops = 2.496519e+03
FFTIME:  time = 4.468720e-01 (asqtad3) terms = 2 mflops = 2.237469e+03
CONGRAD5: time = 7.918890e-01 (fn F) masses = 1 iters = 595 mflops = 2.054877e+03
 OK converged final_rsq= 1e-10 (cf 1e-10) rel = 1 (cf 0) restarts = 2 iters= 595
CONGRAD5: time = 7.622690e-01 (fn F) masses = 1 iters = 572 mflops = 2.052206e+03
 OK converged final_rsq= 5e-11 (cf 1e-10) rel = 1 (cf 0) restarts = 3 iters= 572
GFTIME:   time = 1.401460e-01 (Symanzik1) mflops = 2.515385e+03
FFTIME:  time = 3.931880e-01 (asqtad3) terms = 2 mflops = 2.542962e+03
CONGRAD5: time = 9.139791e-01 (fn F) masses = 1 iters = 596 mflops = 1.783377e+03
 OK converged final_rsq= 9.4e-11 (cf 1e-10) rel = 1 (cf 0) restarts = 2 iters= 596
CONGRAD5: time = 7.657189e-01 (fn F) masses = 1 iters = 558 mflops = 1.992957e+03
 OK converged final_rsq= 1e-10 (cf 1e-10) rel = 1 (cf 0) restarts = 2 iters= 558
GFTIME:   time = 1.482241e-01 (Symanzik1) mflops = 2.378299e+03
FFTIME:  time = 4.146140e-01 (asqtad3) terms = 2 mflops = 2.411550e+03
CONGRAD5: time = 7.865651e-01 (fn F) masses = 1 iters = 587 mflops = 2.040970e+03
 OK converged final_rsq= 1e-10 (cf 1e-10) rel = 1 (cf 0) restarts = 2 iters= 587
CONGRAD5: time = 7.484438e-01 (fn F) masses = 1 iters = 577 mflops = 2.108384e+03
 OK converged final_rsq= 9.9e-11 (cf 1e-10) rel = 1 (cf 0) restarts = 2 iters= 577
GFTIME:   time = 1.454391e-01 (Symanzik1) mflops = 2.423840e+03
FFTIME:  time = 4.465520e-01 (asqtad3) terms = 2 mflops = 2.239072e+03
CONGRAD5: time = 7.944400e-01 (fn F) masses = 1 iters = 596 mflops = 2.051721e+03
 OK converged final_rsq= 1e-10 (cf 1e-10) rel = 1 (cf 0) restarts = 2 iters= 596
CONGRAD5: time = 7.833622e-01 (fn F) masses = 1 iters = 587 mflops = 2.049315e+03
 OK converged final_rsq= 1e-10 (cf 1e-10) rel = 1 (cf 0) restarts = 2 iters= 587
GFTIME:   time = 1.528740e-01 (Symanzik1) mflops = 2.305959e+03
FFTIME:  time = 4.470510e-01 (asqtad3) terms = 2 mflops = 2.236573e+03
CONGRAD5: time = 7.960641e-01 (fn F) masses = 1 iters = 596 mflops = 2.047535e+03
 OK converged final_rsq= 4.9e-11 (cf 1e-10) rel = 1 (cf 0) restarts = 3 iters= 596
CONGRAD5: time = 7.633479e-01 (fn F) masses = 1 iters = 572 mflops = 2.049306e+03
 OK converged final_rsq= 9.9e-11 (cf 1e-10) rel = 1 (cf 0) restarts = 2 iters= 572
GFTIME:   time = 1.411250e-01 (Symanzik1) mflops = 2.497937e+03
FFTIME:  time = 4.475760e-01 (asqtad3) terms = 2 mflops = 2.233949e+03
CONGRAD5: time = 7.650831e-01 (fn F) masses = 1 iters = 572 mflops = 2.044658e+03
 OK converged final_rsq= 9.9e-11 (cf 1e-10) rel = 1 (cf 0) restarts = 2 iters= 572
CONGRAD5: time = 7.663660e-01 (fn F) masses = 1 iters = 573 mflops = 2.044804e+03
 OK converged final_rsq= 9.9e-11 (cf 1e-10) rel = 1 (cf 0) restarts = 2 iters= 573
GFTIME:   time = 1.419868e-01 (Symanzik1) mflops = 2.482774e+03
FFTIME:  time = 4.463139e-01 (asqtad3) terms = 2 mflops = 2.240267e+03
CONGRAD5: time = 7.707262e-01 (fn F) masses = 1 iters = 597 mflops = 2.118397e+03
 OK converged final_rsq= 9.3e-11 (cf 1e-10) rel = 1 (cf 0) restarts = 2 iters= 597
CONGRAD5: time = 8.819931e-01 (fn F) masses = 1 iters = 584 mflops = 1.810843e+03
 OK converged final_rsq= 9.7e-11 (cf 1e-10) rel = 1 (cf 0) restarts = 2 iters= 584
GFTIME:   time = 1.524670e-01 (Symanzik1) mflops = 2.312115e+03
FFTIME:  time = 4.171491e-01 (asqtad3) terms = 2 mflops = 2.396894e+03
CONGRAD5: time = 7.539642e-01 (fn F) masses = 1 iters = 559 mflops = 2.027656e+03
 OK converged final_rsq= 5e-11 (cf 1e-10) rel = 1 (cf 0) restarts = 3 iters= 559
CONGRAD5: time = 7.368729e-01 (fn F) masses = 1 iters = 572 mflops = 2.122935e+03
 OK converged final_rsq= 9.9e-11 (cf 1e-10) rel = 1 (cf 0) restarts = 2 iters= 572
GFTIME:   time = 1.402922e-01 (Symanzik1) mflops = 2.512765e+03
FFTIME:  time = 3.987529e-01 (asqtad3) terms = 2 mflops = 2.507473e+03
CONGRAD5: time = 7.776210e-01 (fn F) masses = 1 iters = 581 mflops = 2.043343e+03
 OK converged final_rsq= 9.8e-11 (cf 1e-10) rel = 1 (cf 0) restarts = 2 iters= 581
CONGRAD5: time = 7.530060e-01 (fn F) masses = 1 iters = 561 mflops = 2.037500e+03
 OK converged final_rsq= 5e-11 (cf 1e-10) rel = 1 (cf 0) restarts = 3 iters= 561
GFTIME:   time = 1.413140e-01 (Symanzik1) mflops = 2.494595e+03
FFTIME:  time = 4.441290e-01 (asqtad3) terms = 2 mflops = 2.251288e+03
CONGRAD5: time = 7.885740e-01 (fn F) masses = 1 iters = 589 mflops = 2.042707e+03
 OK converged final_rsq= 5e-11 (cf 1e-10) rel = 1 (cf 0) restarts = 3 iters= 589
CONGRAD5: time = 7.055068e-01 (fn F) masses = 1 iters = 527 mflops = 2.042879e+03
 OK converged final_rsq= 1e-10 (cf 1e-10) rel = 1 (cf 0) restarts = 2 iters= 527
GFTIME:   time = 1.422319e-01 (Symanzik1) mflops = 2.478495e+03
FFTIME:  time = 4.448571e-01 (asqtad3) terms = 2 mflops = 2.247603e+03
CONGRAD5: time = 7.252491e-01 (fn F) masses = 1 iters = 538 mflops = 2.028749e+03
 OK converged final_rsq= 5e-11 (cf 1e-10) rel = 1 (cf 0) restarts = 3 iters= 538
CONGRAD5: time = 7.672460e-01 (fn F) masses = 1 iters = 572 mflops = 2.038894e+03
 OK converged final_rsq= 9.9e-11 (cf 1e-10) rel = 1 (cf 0) restarts = 2 iters= 572
GFTIME:   time = 1.412740e-01 (Symanzik1) mflops = 2.495302e+03
FFTIME:  time = 4.462960e-01 (asqtad3) terms = 2 mflops = 2.240357e+03
CONGRAD5: time = 7.962649e-01 (fn F) masses = 1 iters = 594 mflops = 2.040150e+03
 OK converged final_rsq= 4.9e-11 (cf 1e-10) rel = 1 (cf 0) restarts = 3 iters= 594
CONGRAD5: time = 7.478139e-01 (fn F) masses = 1 iters = 566 mflops = 2.069932e+03
 OK converged final_rsq= 5e-11 (cf 1e-10) rel = 1 (cf 0) restarts = 3 iters= 566
GFTIME:   time = 1.406059e-01 (Symanzik1) mflops = 2.507158e+03
FFTIME:  time = 4.705369e-01 (asqtad3) terms = 2 mflops = 2.124939e+03
CONGRAD5: time = 7.642028e-01 (fn F) masses = 1 iters = 583 mflops = 2.086379e+03
 OK converged final_rsq= 9.9e-11 (cf 1e-10) rel = 1 (cf 0) restarts = 2 iters= 583
CONGRAD5: time = 7.318671e-01 (fn F) masses = 1 iters = 570 mflops = 2.129982e+03
 OK converged final_rsq= 1e-10 (cf 1e-10) rel = 1 (cf 0) restarts = 2 iters= 570
GFTIME:   time = 1.462400e-01 (Symanzik1) mflops = 2.410566e+03
FFTIME:  time = 4.214509e-01 (asqtad3) terms = 2 mflops = 2.372429e+03
CONGRAD5: time = 8.032060e-01 (fn F) masses = 1 iters = 593 mflops = 2.019115e+03
 OK converged final_rsq= 9.7e-11 (cf 1e-10) rel = 1 (cf 0) restarts = 2 iters= 593
CONGRAD5: time = 7.754381e-01 (fn F) masses = 1 iters = 569 mflops = 2.006773e+03
 OK converged final_rsq= 4.9e-11 (cf 1e-10) rel = 1 (cf 0) restarts = 3 iters= 569
GFTIME:   time = 1.412611e-01 (Symanzik1) mflops = 2.495529e+03
FFTIME:  time = 4.039540e-01 (asqtad3) terms = 2 mflops = 2.475188e+03
PLAQ:	1.541187	1.539437
P_LOOP:	-1.141752e-03	-1.306813e-02
G_LOOP:  0  0  4   	1.541648e+00	( 0 1 7 6  )
G_LOOP:  0  1  4   	1.539963e+00	( 0 2 7 5  )
G_LOOP:  0  2  4   	1.540131e+00	( 0 3 7 4  )
G_LOOP:  0  3  4   	1.541949e+00	( 1 2 6 5  )
G_LOOP:  0  4  4   	1.538898e+00	( 1 3 6 4  )
G_LOOP:  0  5  4   	1.539281e+00	( 2 3 5 4  )
G_LOOP:  1  0  6   	7.830470e-01	( 0 0 1 7 7 6  )
G_LOOP:  1  1  6   	7.774833e-01	( 0 0 2 7 7 5  )
G_LOOP:  1  2  6   	7.808380e-01	( 0 0 3 7 7 4  )
G_LOOP:  1  3  6   	7.790779e-01	( 1 1 0 6 6 7  )
G_LOOP:  1  4  6   	7.815992e-01	( 1 1 2 6 6 5  )
G_LOOP:  1  5  6   	7.768085e-01	( 1 1 3 6 6 4  )
G_LOOP:  1  6  6   	7.791801e-01	( 2 2 0 5 5 7  )
G_LOOP:  1  7  6   	7.849183e-01	( 2 2 1 5 5 6  )
G_LOOP:  1  8  6   	7.778554e-01	( 2 2 3 5 5 4  )
G_LOOP:  1  9  6   	7.772978e-01	( 3 3 0 4 4 7  )
G_LOOP:  1  10  6   	7.810393e-01	( 3 3 1 4 4 6  )
G_LOOP:  1  11  6   	7.788501e-01	( 3 3 2 4 4 5  )
G_LOOP:  2  0  6   	8.020517e-01	( 0 1 2 7 6 5  )
G_LOOP:  2  1  6   	8.001462e-01	( 0 1 5 7 6 2  )
G_LOOP:  2  2  6   	8.013429e-01	( 0 6 2 7 1 5  )
G_LOOP:  2  3  6   	8.030511e-01	( 0 6 5 7 1 2  )
G_LOOP:  2  4  6   	8.007939e-01	( 0 1 3 7 6 4  )
G_LOOP:  2  5  6   	7.963894e-01	( 0 1 4 7 6 3  )
G_LOOP:  2  6  6   	7.978835e-01	( 0 6 3 7 1 4  )
G_LOOP:  2  7  6   	8.024131e-01	( 0 6 4 7 1 3  )
G_LOOP:  2  8  6   	7.987494e-01	( 0 2 3 7 5 4  )
G_LOOP:  2  9  6   	7.991384e-01	( 0 2 4 7 5 3  )
G_LOOP:  2  10  6   	7.988639e-01	( 0 5 3 7 2 4  )
G_LOOP:  2  11  6   	7.985226e-01	( 0 5 4 7 2 3  )
G_LOOP:  2  12  6   	7.973328e-01	( 1 2 3 6 5 4  )
G_LOOP:  2  13  6   	7.974677e-01	( 1 2 4 6 5 3  )
G_LOOP:  2  14  6   	8.000052e-01	( 1 5 3 6 2 4  )
G_LOOP:  2  15  6   	8.015423e-01	( 1 5 4 6 2 3  )
GACTION: 6.327025e+00
CONGRAD5: time = 7.358639e-01 (fn F) masses = 1 iters = 549 mflops = 2.040366e+03
 OK converged final_rsq= 5e-11 (cf 1e-10) rel = 1 (cf 0) restarts = 3 iters= 549
CONGRAD5: time = 9.924603e-02 (fn F) masses = 1 iters = 73 mflops = 2.011606e+03
 OK converged final_rsq= 9.9e-11 (cf 1e-10) rel = 1 (cf 0) restarts = 1 iters= 73
PBP: mass 1.000000e-02     3.264870e-02  3.450378e-02  -2.495902e-03  -2.496758e-03 ( 1 of 1 )
FACTION: mass = 1.000000e-02,  1.495516e+00 ( 1 of 1 )
CONGRAD5: time = 7.516940e-01 (fn F) masses = 1 iters = 591 mflops = 2.150204e+03
 OK converged final_rsq= 9.7e-11 (cf 1e-10) rel = 1 (cf 0) restarts = 2 iters= 591
CONGRAD5: time = 9.461403e-02 (fn F) masses = 1 iters = 73 mflops = 2.110088e+03
 OK converged final_rsq= 1e-10 (cf 1e-10) rel = 1 (cf 0) restarts = 1 iters= 73
PBP: mass 1.000000e-02     3.933426e-02  2.958555e-02  5.085964e-03  5.083389e-03 ( 1 of 1 )
FACTION: mass = 1.000000e-02,  1.498178e+00 ( 1 of 1 )
CONGRAD5: time = 7.578809e-01 (fn F) masses = 1 iters = 596 mflops = 2.150693e+03
 OK converged final_rsq= 4.9e-11 (cf 1e-10) rel = 1 (cf 0) restarts = 3 iters= 596
CONGRAD5: time = 7.615910e-01 (fn F) masses = 1 iters = 580 mflops = 2.082761e+03
 OK converged final_rsq= 9.8e-11 (cf 1e-10) rel = 1 (cf 0) restarts = 2 iters= 580
GFTIME:   time = 1.415181e-01 (Symanzik1) mflops = 2.490997e+03
FFTIME:  time = 4.471250e-01 (asqtad3) terms = 2 mflops = 2.236203e+03
CONGRAD5: time = 7.739918e-01 (fn F) masses = 1 iters = 578 mflops = 2.042324e+03
 OK converged final_rsq= 5e-11 (cf 1e-10) rel = 1 (cf 0) restarts = 3 iters= 578
CONGRAD5: time = 7.742810e-01 (fn F) masses = 1 iters = 578 mflops = 2.041561e+03
 OK converged final_rsq= 9.9e-11 (cf 1e-10) rel = 1 (cf 0) restarts = 2 iters= 578
GFTIME:   time = 1.616671e-01 (Symanzik1) mflops = 2.180538e+03
FFTIME:  time = 4.446740e-01 (asqtad3) terms = 2 mflops = 2.248529e+03
CONGRAD5: time = 7.931769e-01 (fn F) masses = 1 iters = 593 mflops = 2.044645e+03
 OK converged final_rsq= 9.7e-11 (cf 1e-10) rel = 1 (cf 0) restarts = 2 iters= 593
CONGRAD5: time = 7.607460e-01 (fn F) masses = 1 iters = 567 mflops = 2.038340e+03
 OK converged final_rsq= 9.9e-11 (cf 1e-10) rel = 1 (cf 0) restarts = 2 iters= 567
GFTIME:   time = 1.413631e-01 (Symanzik1) mflops = 2.493728e+03
FFTIME:  time = 4.467502e-01 (asqtad3) terms = 2 mflops = 2.238079e+03
CONGRAD5: time = 7.936511e-01 (fn F) masses = 1 iters = 593 mflops = 2.043423e+03
 OK converged final_rsq= 1e-10 (cf 1e-10) rel = 1 (cf 0) restarts = 2 iters= 593
CONGRAD5: time = 7.753501e-01 (fn F) masses = 1 iters = 578 mflops = 2.038746e+03
 OK converged final_rsq= 1e-10 (cf 1e-10) rel = 1 (cf 0) restarts = 2 iters= 578
GFTIME:   time = 1.412549e-01 (Symanzik1) mflops = 2.495639e+03
FFTIME:  time = 4.457440e-01 (asqtad3) terms = 2 mflops = 2.243131e+03
CONGRAD5: time = 8.276889e-01 (fn F) masses = 1 iters = 592 mflops = 1.956085e+03
 OK converged final_rsq= 4.9e-11 (cf 1e-10) rel = 1 (cf 0) restarts = 3 iters= 592
CONGRAD5: time = 7.841082e-01 (fn F) masses = 1 iters = 578 mflops = 2.015975e+03
 OK converged final_rsq= 1e-10 (cf 1e-10) rel = 1 (cf 0) restarts = 2 iters= 578
GFTIME:   time = 1.491430e-01 (Symanzik1) mflops = 2.363646e+03
FFTIME:  time = 4.202740e-01 (asqtad3) terms = 2 mflops = 2.379072e+03
CONGRAD5: time = 8.031540e-01 (fn F) masses = 1 iters = 594 mflops = 2.022650e+03
 OK converged final_rsq= 9.8e-11 (cf 1e-10) rel = 1 (cf 0) restarts = 2 iters= 594
CONGRAD5: time = 7.465422e-01 (fn F) masses = 1 iters = 580 mflops = 2.124745e+03
 OK converged final_rsq= 4.9e-11 (cf 1e-10) rel = 1 (cf 0) restarts = 3 iters= 580
GFTIME:   time = 1.402969e-01 (Symanzik1) mflops = 2.512679e+03
FFTIME:  time = 3.915820e-01 (asqtad3) terms = 2 mflops = 2.553392e+03
CONGRAD5: time = 7.547839e-01 (fn F) masses = 1 iters = 593 mflops = 2.148648e+03
 OK converged final_rsq= 9.5e-11 (cf 1e-10) rel = 1 (cf 0) restarts = 2 iters= 593
CONGRAD5: time = 7.515271e-01 (fn F) masses = 1 iters = 592 mflops = 2.154320e+03
 OK converged final_rsq= 9.9e-11 (cf 1e-10) rel = 1 (cf 0) restarts = 2 iters= 592
GFTIME:   time = 1.385012e-01 (Symanzik1) mflops = 2.545258e+03
FFTIME:  time = 3.899410e-01 (asqtad3) terms = 2 mflops = 2.564137e+03
CONGRAD5: time = 7.831590e-01 (fn F) masses = 1 iters = 590 mflops = 2.060323e+03
 OK converged final_rsq= 4.9e-11 (cf 1e-10) rel = 1 (cf 0) restarts = 3 iters= 590
CONGRAD5: time = 7.736290e-01 (fn F) masses = 1 iters = 579 mflops = 2.046817e+03
 OK converged final_rsq= 1e-10 (cf 1e-10) rel = 1 (cf 0) restarts = 2 iters= 579
GFTIME:   time = 1.408031e-01 (Symanzik1) mflops = 2.503647e+03
FFTIME:  time = 4.461629e-01 (asqtad3) terms = 2 mflops = 2.241025e+03
CONGRAD5: time = 7.947781e-01 (fn F) masses = 1 iters = 593 mflops = 2.040525e+03
 OK converged final_rsq= 1e-10 (cf 1e-10) rel = 1 (cf 0) restarts = 2 iters= 593
CONGRAD5: time = 7.638679e-01 (fn F) masses = 1 iters = 571 mflops = 2.044330e+03
 OK converged final_rsq= 9.9e-11 (cf 1e-10) rel = 1 (cf 0) restarts = 2 iters= 571
GFTIME:   time = 1.415129e-01 (Symanzik1) mflops = 2.491089e+03
FFTIME:  time = 4.455881e-01 (asqtad3) terms = 2 mflops = 2.243916e+03
CONGRAD5: time = 7.927079e-01 (fn F) masses = 1 iters = 592 mflops = 2.042404e+03
 OK converged final_rsq= 9.8e-11 (cf 1e-10) rel = 1 (cf 0) restarts = 2 iters= 592
CONGRAD5: time = 7.953382e-01 (fn F) masses = 1 iters = 593 mflops = 2.039088e+03
 OK converged final_rsq= 5e-11 (cf 1e-10) rel = 1 (cf 0) restarts = 3 iters= 593
GFTIME:   time = 1.410229e-01 (Symanzik1) mflops = 2.499744e+03
FFTIME:  time = 4.458911e-01 (asqtad3) terms = 2 mflops = 2.242391e+03
CONGRAD5: time = 7.891009e-01 (fn F) masses = 1 iters = 589 mflops = 2.041343e+03
 OK converged final_rsq= 9.8e-11 (cf 1e-10) rel = 1 (cf 0) restarts = 2 iters= 589
CONGRAD5: time = 7.653971e-01 (fn F) masses = 1 iters = 578 mflops = 2.065258e+03
 OK converged final_rsq= 9.9e-11 (cf 1e-10) rel = 1 (cf 0) restarts = 2 iters= 578
GFTIME:   time = 1.389790e-01 (Symanzik1) mflops = 2.536508e+03
FFTIME:  time = 4.220681e-01 (asqtad3) terms = 2 mflops = 2.368959e+03
CONGRAD5: time = 7.810731e-01 (fn F) masses = 1 iters = 597 mflops = 2.090335e+03
 OK converged final_rsq= 9.5e-11 (cf 1e-10) rel = 1 (cf 0) restarts = 2 iters= 597
CONGRAD5: time = 7.636981e-01 (fn F) masses = 1 iters = 595 mflops = 2.130730e+03
 OK converged final_rsq= 9.4e-11 (cf 1e-10) rel = 1 (cf 0) restarts = 2 iters= 595
GFTIME:   time = 1.506600e-01 (Symanzik1) mflops = 2.339846e+03
FFTIME:  time = 4.217658e-01 (asqtad3) terms = 2 mflops = 2.370658e+03
CONGRAD5: time = 8.164501e-01 (fn F) masses = 1 iters = 600 mflops = 2.009809e+03
 OK converged final_rsq= 9.7e-11 (cf 1e-10) rel = 1 (cf 0) restarts = 2 iters= 600
CONGRAD5: time = 7.691519e-01 (fn F) masses = 1 iters = 597 mflops = 2.122733e+03
 OK converged final_rsq= 9.4e-11 (cf 1e-10) rel = 1 (cf 0) restarts = 2 iters= 597
GFTIME:   time = 1.387980e-01 (Symanzik1) mflops = 2.539815e+03
FFTIME:  time = 3.896010e-01 (asqtad3) terms = 2 mflops = 2.566375e+03
CONGRAD5: time = 7.512672e-01 (fn F) masses = 1 iters = 591 mflops = 2.151425e+03
 OK converged final_rsq= 9.6e-11 (cf 1e-10) rel = 1 (cf 0) restarts = 2 iters= 591
CONGRAD5: time = 7.557032e-01 (fn F) masses = 1 iters = 591 mflops = 2.138796e+03
 OK converged final_rsq= 4.9e-11 (cf 1e-10) rel = 1 (cf 0) restarts = 3 iters= 591
GFTIME:   time = 1.414409e-01 (Symanzik1) mflops = 2.492358e+03
FFTIME:  time = 4.452841e-01 (asqtad3) terms = 2 mflops = 2.245448e+03
CONGRAD5: time = 8.016140e-01 (fn F) masses = 1 iters = 598 mflops = 2.040183e+03
 OK converged final_rsq= 9.4e-11 (cf 1e-10) rel = 1 (cf 0) restarts = 2 iters= 598
CONGRAD5: time = 8.242121e-01 (fn F) masses = 1 iters = 595 mflops = 1.974291e+03
 OK converged final_rsq= 9.7e-11 (cf 1e-10) rel = 1 (cf 0) restarts = 2 iters= 595
GFTIME:   time = 1.417120e-01 (Symanzik1) mflops = 2.487590e+03
FFTIME:  time = 4.452791e-01 (asqtad3) terms = 2 mflops = 2.245473e+03
PLAQ:	1.498580	1.498366
P_LOOP:	-9.362459e-03	-1.518850e-02
G_LOOP:  0  0  4   	1.499101e+00	( 0 1 7 6  )
G_LOOP:  0  1  4   	1.497604e+00	( 0 2 7 5  )
G_LOOP:  0  2  4   	1.498743e+00	( 0 3 7 4  )
G_LOOP:  0  3  4   	1.499035e+00	( 1 2 6 5  )
G_LOOP:  0  4  4   	1.498258e+00	( 1 3 6 4  )
G_LOOP:  0  5  4   	1.498098e+00	( 2 3 5 4  )
G_LOOP:  1  0  6   	7.395123e-01	( 0 0 1 7 7 6  )
G_LOOP:  1  1  6   	7.376781e-01	( 0 0 2 7 7 5  )
G_LOOP:  1  2  6   	7.435045e-01	( 0 0 3 7 7 4  )
G_LOOP:  1  3  6   	7.406574e-01	( 1 1 0 6 6 7  )
G_LOOP:  1  4  6   	7.434037e-01	( 1 1 2 6 6 5  )
G_LOOP:  1  5  6   	7.406324e-01	( 1 1 3 6 6 4  )
G_LOOP:  1  6  6   	7.401077e-01	( 2 2 0 5 5 7  )
G_LOOP:  1  7  6   	7.442130e-01	( 2 2 1 5 5 6  )
G_LOOP:  1  8  6   	7.391238e-01	( 2 2 3 5 5 4  )
G_LOOP:  1  9  6   	7.384941e-01	( 3 3 0 4 4 7  )
G_LOOP:  1  10  6   	7.392203e-01	( 3 3 1 4 4 6  )
G_LOOP:  1  11  6   	7.403361e-01	( 3 3 2 4 4 5  )
G_LOOP:  2  0  6   	7.628318e-01	( 0 1 2 7 6 5  )
G_LOOP:  2  1  6   	7.608475e-01	( 0 1 5 7 6 2  )
G_LOOP:  2  2  6   	7.571566e-01	( 0 6 2 7 1 5  )
G_LOOP:  2  3  6   	7.599215e-01	( 0 6 5 7 1 2  )
G_LOOP:  2  4  6   	7.578938e-01	( 0 1 3 7 6 4  )
G_LOOP:  2  5  6   	7.569695e-01	( 0 1 4 7 6 3  )
G_LOOP:  2  6  6   	7.575471e-01	( 0 6 3 7 1 4  )
G_LOOP:  2  7  6   	7.594470e-01	( 0 6 4 7 1 3  )
G_LOOP:  2  8  6   	7.598450e-01	( 0 2 3 7 5 4  )
G_LOOP:  2  9  6   	7.594236e-01	( 0 2 4 7 5 3  )
G_LOOP:  2  10  6   	7.573897e-01	( 0 5 3 7 2 4  )
G_LOOP:  2  11  6   	7.594762e-01	( 0 5 4 7 2 3  )
G_LOOP:  2  12  6   	7.605993e-01	( 1 2 3 6 5 4  )
G_LOOP:  2  13  6   	7.580096e-01	( 1 2 4 6 5 3  )
G_LOOP:  2  14  6   	7.596792e-01	( 1 5 3 6 2 4  )
G_LOOP:  2  15  6   	7.599017e-01	( 1 5 4 6 2 3  )
GACTION: 6.534796e+00
CONGRAD5: time = 8.507259e-01 (fn F) masses = 1 iters = 585 mflops = 1.880613e+03
 OK converged final_rsq= 9.8e-11 (cf 1e-10) rel = 1 (cf 0) restarts = 2 iters= 585
CONGRAD5: time = 9.998703e-02 (fn F) masses = 1 iters = 72 mflops = 1.969346e+03
 OK converged final_rsq= 9.9e-11 (cf 1e-10) rel = 1 (cf 0) restarts = 1 iters= 72
PBP: mass 1.000000e-02     3.857641e-02  3.545636e-02  1.922859e-03  1.922105e-03 ( 1 of 1 )
FACTION: mass = 1.000000e-02,  1.499606e+00 ( 1 of 1 )
CONGRAD5: time = 7.922709e-01 (fn F) masses = 1 iters = 592 mflops = 2.043531e+03
 OK converged final_rsq= 9.7e-11 (cf 1e-10) rel = 1 (cf 0) restarts = 2 iters= 592
CONGRAD5: time = 1.051302e-01 (fn F) masses = 1 iters = 77 mflops = 2.003071e+03
 OK converged final_rsq= 1e-10 (cf 1e-10) rel = 1 (cf 0) restarts = 1 iters= 77
PBP: mass 1.000000e-02     3.377239e-02  4.241263e-02  8.153259e-03  8.156381e-03 ( 1 of 1 )
FACTION: mass = 1.000000e-02,  1.500867e+00 ( 1 of 1 )
CONGRAD5: time = 7.866790e-01 (fn F) masses = 1 iters = 588 mflops = 2.044151e+03
 OK converged final_rsq= 9.7e-11 (cf 1e-10) rel = 1 (cf 0) restarts = 2 iters= 588
CONGRAD5: time = 7.844040e-01 (fn F) masses = 1 iters = 585 mflops = 2.039620e+03
 OK converged final_rsq= 1e-10 (cf 1e-10) rel = 1 (cf 0) restarts = 2 iters= 585
GFTIME:   time = 1.412210e-01 (Symanzik1) mflops = 2.496237e+03
FFTIME:  time = 4.441881e-01 (asqtad3) terms = 2 mflops = 2.250988e+03
CONGRAD5: time = 7.977700e-01 (fn F) masses = 1 iters = 597 mflops = 2.046585e+03
 OK converged final_rsq= 9.5e-11 (cf 1e-10) rel = 1 (cf 0) restarts = 2 iters= 597
CONGRAD5: time = 8.139260e-01 (fn F) masses = 1 iters = 594 mflops = 1.995881e+03
 OK converged final_rsq= 9.6e-11 (cf 1e-10) rel = 1 (cf 0) restarts = 2 iters= 594
GFTIME:   time = 2.065001e-01 (Symanzik1) mflops = 1.707124e+03
FFTIME:  time = 4.054430e-01 (asqtad3) terms = 2 mflops = 2.466099e+03
CONGRAD5: time = 7.999821e-01 (fn F) masses = 1 iters = 598 mflops = 2.044345e+03
 OK converged final_rsq= 9.4e-11 (cf 1e-10) rel = 1 (cf 0) restarts = 2 iters= 598
CONGRAD5: time = 8.006251e-01 (fn F) masses = 1 iters = 598 mflops = 2.042703e+03
 OK converged final_rsq= 9.2e-11 (cf 1e-10) rel = 1 (cf 0) restarts = 2 iters= 598
GFTIME:   time = 1.453900e-01 (Symanzik1) mflops = 2.424659e+03
FFTIME:  time = 4.035940e-01 (asqtad3) terms = 2 mflops = 2.477396e+03
CONGRAD5: time = 7.865000e-01 (fn F) masses = 1 iters = 598 mflops = 2.079389e+03
 OK converged final_rsq= 9.5e-11 (cf 1e-10) rel = 1 (cf 0) restarts = 2 iters= 598
CONGRAD5: time = 7.708540e-01 (fn F) masses = 1 iters = 587 mflops = 2.082568e+03
 OK converged final_rsq= 9.7e-11 (cf 1e-10) rel = 1 (cf 0) restarts = 2 iters= 587
GFTIME:   time = 1.421039e-01 (Symanzik1) mflops = 2.480728e+03
FFTIME:  time = 4.459159e-01 (asqtad3) terms = 2 mflops = 2.242266e+03
CONGRAD5: time = 7.956431e-01 (fn F) masses = 1 iters = 594 mflops = 2.041744e+03
 OK converged final_rsq= 1e-10 (cf 1e-10) rel = 1 (cf 0) restarts = 2 iters= 594
CONGRAD5: time = 7.888470e-01 (fn F) masses = 1 iters = 588 mflops = 2.038533e+03
 OK converged final_rsq= 4.9e-11 (cf 1e-10) rel = 1 (cf 0) restarts = 3 iters= 588
GFTIME:   time = 1.416540e-01 (Symanzik1) mflops = 2.488607e+03
FFTIME:  time = 4.460142e-01 (asqtad3) terms = 2 mflops = 2.241772e+03
CONGRAD5: time = 8.028779e-01 (fn F) masses = 1 iters = 599 mflops = 2.040377e+03
 OK converged final_rsq= 9.2e-11 (cf 1e-10) rel = 1 (cf 0) restarts = 2 iters= 599
CONGRAD5: time = 8.049431e-01 (fn F) masses = 1 iters = 600 mflops = 2.038540e+03
 OK converged final_rsq= 8.1e-11 (cf 1e-10) rel = 1 (cf 0) restarts = 2 iters= 600
GFTIME:   time = 1.412640e-01 (Symanzik1) mflops = 2.495479e+03
FFTIME:  time = 4.455671e-01 (asqtad3) terms = 2 mflops = 2.244022e+03
CONGRAD5: time = 7.971890e-01 (fn F) masses = 1 iters = 593 mflops = 2.034354e+03
 OK converged final_rsq= 5e-11 (cf 1e-10) rel = 1 (cf 0) restarts = 3 iters= 593
CONGRAD5: time = 7.895539e-01 (fn F) masses = 1 iters = 590 mflops = 2.043635e+03
 OK converged final_rsq= 9.9e-11 (cf 1e-10) rel = 1 (cf 0) restarts = 2 iters= 590
GFTIME:   time = 1.414492e-01 (Symanzik1) mflops = 2.492211e+03
FFTIME:  time = 4.433169e-01 (asqtad3) terms = 2 mflops = 2.255412e+03
CONGRAD5: time = 8.442762e-01 (fn F) masses = 1 iters = 600 mflops = 1.943569e+03
 OK converged final_rsq= 9.5e-11 (cf 1e-10) rel = 1 (cf 0) restarts = 2 iters= 600
CONGRAD5: time = 8.175111e-01 (fn F) masses = 1 iters = 577 mflops = 1.930258e+03
 OK converged final_rsq= 5e-11 (cf 1e-10) rel = 1 (cf 0) restarts = 3 iters= 577
GFTIME:   time = 1.476672e-01 (Symanzik1) mflops = 2.387269e+03
FFTIME:  time = 4.230950e-01 (asqtad3) terms = 2 mflops = 2.363210e+03
CONGRAD5: time = 8.025360e-01 (fn F) masses = 1 iters = 602 mflops = 2.051470e+03
 OK converged final_rsq= 4.2e-11 (cf 1e-10) rel = 1 (cf 0) restarts = 3 iters= 602
CONGRAD5: time = 7.562420e-01 (fn F) masses = 1 iters = 594 mflops = 2.148121e+03
 OK converged final_rsq= 5e-11 (cf 1e-10) rel = 1 (cf 0) restarts = 3 iters= 594
GFTIME:   time = 1.384099e-01 (Symanzik1) mflops = 2.546937e+03
FFTIME:  time = 3.987679e-01 (asqtad3) terms = 2 mflops = 2.507379e+03
CONGRAD5: time = 7.808452e-01 (fn F) masses = 1 iters = 585 mflops = 2.048916e+03
 OK converged final_rsq= 9.8e-11 (cf 1e-10) rel = 1 (cf 0) restarts = 2 iters= 585
CONGRAD5: time = 7.577941e-01 (fn F) masses = 1 iters = 577 mflops = 2.082369e+03
 OK converged final_rsq= 1e-10 (cf 1e-10) rel = 1 (cf 0) restarts = 2 iters= 577
GFTIME:   time = 1.395011e-01 (Symanzik1) mflops = 2.527014e+03
FFTIME:  time = 4.047029e-01 (asqtad3) terms = 2 mflops = 2.470608e+03
CONGRAD5: time = 8.006508e-01 (fn F) masses = 1 iters = 597 mflops = 2.039221e+03
 OK converged final_rsq= 1e-10 (cf 1e-10) rel = 1 (cf 0) restarts = 2 iters= 597
CONGRAD5: time = 7.821059e-01 (fn F) masses = 1 iters = 582 mflops = 2.035123e+03
 OK converged final_rsq= 4.9e-11 (cf 1e-10) rel = 1 (cf 0) restarts = 3 iters= 582
GFTIME:   time = 1.412880e-01 (Symanzik1) mflops = 2.495053e+03
FFTIME:  time = 4.452529e-01 (asqtad3) terms = 2 mflops = 2.245605e+03
CONGRAD5: time = 8.322392e-01 (fn F) masses = 1 iters = 600 mflops = 1.971679e+03
 OK converged final_rsq= 8.6e-11 (cf 1e-10) rel = 1 (cf 0) restarts = 2 iters= 600
CONGRAD5: time = 8.019321e-01 (fn F) masses = 1 iters = 599 mflops = 2.042784e+03
 OK converged final_rsq= 8.8e-11 (cf 1e-10) rel = 1 (cf 0) restarts = 2 iters= 599
GFTIME:   time = 1.414180e-01 (Symanzik1) mflops = 2.492761e+03
FFTIME:  time = 4.454970e-01 (asqtad3) terms = 2 mflops = 2.244375e+03
CONGRAD5: time = 7.982399e-01 (fn F) masses = 1 iters = 595 mflops = 2.038528e+03
 OK converged final_rsq= 9.9e-11 (cf 1e-10) rel = 1 (cf 0) restarts = 2 iters= 595
CONGRAD5: time = 8.036151e-01 (fn F) masses = 1 iters = 600 mflops = 2.041909e+03
 OK converged final_rsq= 4.9e-11 (cf 1e-10) rel = 1 (cf 0) restarts = 3 iters= 600
GFTIME:   time = 1.411550e-01 (Symanzik1) mflops = 2.497405e+03
FFTIME:  time = 4.469221e-01 (asqtad3) terms = 2 mflops = 2.237218e+03
CONGRAD5: time = 8.026121e-01 (fn F) masses = 1 iters = 598 mflops = 2.037646e+03
 OK converged final_rsq= 9.3e-11 (cf 1e-10) rel = 1 (cf 0) restarts = 2 iters= 598
CONGRAD5: time = 7.604790e-01 (fn F) masses = 1 iters = 588 mflops = 2.114576e+03
 OK converged final_rsq= 9.8e-11 (cf 1e-10) rel = 1 (cf 0) restarts = 2 iters= 588
GFTIME:   time = 1.389761e-01 (Symanzik1) mflops = 2.536560e+03
FFTIME:  time = 4.221470e-01 (asqtad3) terms = 2 mflops = 2.368517e+03
CONGRAD5: time = 7.872722e-01 (fn F) masses = 1 iters = 600 mflops = 2.084297e+03
 OK converged final_rsq= 1e-10 (cf 1e-10) rel = 1 (cf 0) restarts = 2 iters= 600
CONGRAD5: time = 7.916481e-01 (fn F) masses = 1 iters = 594 mflops = 2.052048e+03
 OK converged final_rsq= 1e-10 (cf 1e-10) rel = 1 (cf 0) restarts = 2 iters= 594
GFTIME:   time = 1.493468e-01 (Symanzik1) mflops = 2.360420e+03
FFTIME:  time = 4.142408e-01 (asqtad3) terms = 2 mflops = 2.413722e+03
PLAQ:	1.475018	1.474765
P_LOOP:	1.583968e-03	8.888764e-03
G_LOOP:  0  0  4   	1.475200e+00	( 0 1 7 6  )
G_LOOP:  0  1  4   	1.473302e+00	( 0 2 7 5  )
G_LOOP:  0  2  4   	1.474447e+00	( 0 3 7 4  )
G_LOOP:  0  3  4   	1.476551e+00	( 1 2 6 5  )
G_LOOP:  0  4  4   	1.473466e+00	( 1 3 6 4  )
G_LOOP:  0  5  4   	1.476382e+00	( 2 3 5 4  )
G_LOOP:  1  0  6   	7.168152e-01	( 0 0 1 7 7 6  )
G_LOOP:  1  1  6   	7.143560e-01	( 0 0 2 7 7 5  )
G_LOOP:  1  2  6   	7.200913e-01	( 0 0 3 7 7 4  )
G_LOOP:  1  3  6   	7.156780e-01	( 1 1 0 6 6 7  )
G_LOOP:  1  4  6   	7.181522e-01	( 1 1 2 6 6 5  )
G_LOOP:  1  5  6   	7.148206e-01	( 1 1 3 6 6 4  )
G_LOOP:  1  6  6   	7.170349e-01	( 2 2 0 5 5 7  )
G_LOOP:  1  7  6   	7.201545e-01	( 2 2 1 5 5 6  )
G_LOOP:  1  8  6   	7.182823e-01	( 2 2 3 5 5 4  )
G_LOOP:  1  9  6   	7.158960e-01	( 3 3 0 4 4 7  )
G_LOOP:  1  10  6   	7.152688e-01	( 3 3 1 4 4 6  )
G_LOOP:  1  11  6   	7.163844e-01	( 3 3 2 4 4 5  )
G_LOOP:  2  0  6   	7.356671e-01	( 0 1 2 7 6 5  )
G_LOOP:  2  1  6   	7.328274e-01	( 0 1 5 7 6 2  )
G_LOOP:  2  2  6   	7.315874e-01	( 0 6 2 7 1 5  )
G_LOOP:  2  3  6   	7.323769e-01	( 0 6 5 7 1 2  )
G_LOOP:  2  4  6   	7.306019e-01	( 0 1 3 7 6 4  )
G_LOOP:  2  5  6   	7.319978e-01	( 0 1 4 7 6 3  )
G_LOOP:  2  6  6   	7.344427e-01	( 0 6 3 7 1 4  )
G_LOOP:  2  7  6   	7.355533e-01	( 0 6 4 7 1 3  )
G_LOOP:  2  8  6   	7.341856e-01	( 0 2 3 7 5 4  )
G_LOOP:  2  9  6   	7.352679e-01	( 0 2 4 7 5 3  )
G_LOOP:  2  10  6   	7.323827e-01	( 0 5 3 7 2 4  )
G_LOOP:  2  11  6   	7.358148e-01	( 0 5 4 7 2 3  )
G_LOOP:  2  12  6   	7.352626e-01	( 1 2 3 6 5 4  )
G_LOOP:  2  13  6   	7.335346e-01	( 1 2 4 6 5 3  )
G_LOOP:  2  14  6   	7.329657e-01	( 1 5 3 6 2 4  )
G_LOOP:  2  15  6   	7.343445e-01	( 1 5 4 6 2 3  )
GACTION: 6.650037e+00
CONGRAD5: time = 8.233190e-01 (fn F) masses = 1 iters = 594 mflops = 1.973111e+03
 OK converged final_rsq= 9.6e-11 (cf 1e-10) rel = 1 (cf 0) restarts = 2 iters= 594
CONGRAD5: time = 1.018691e-01 (fn F) masses = 1 iters = 75 mflops = 2.013502e+03
 OK converged final_rsq= 9.8e-11 (cf 1e-10) rel = 1 (cf 0) restarts = 1 iters= 75
PBP: mass 1.000000e-02     4.191618e-02  3.939040e-02  -2.735264e-03  -2.734107e-03 ( 1 of 1 )
FACTION: mass = 1.000000e-02,  1.498802e+00 ( 1 of 1 )
CONGRAD5: time = 7.558999e-01 (fn F) masses = 1 iters = 597 mflops = 2.159948e+03
 OK converged final_rsq= 9.6e-11 (cf 1e-10) rel = 1 (cf 0) restarts = 2 iters= 597
CONGRAD5: time = 1.054809e-01 (fn F) masses = 1 iters = 81 mflops = 2.100121e+03
 OK converged final_rsq= 1e-10 (cf 1e-10) rel = 1 (cf 0) restarts = 1 iters= 81
PBP: mass 1.000000e-02     3.659735e-02  4.621624e-02  -2.733654e-03  -2.734212e-03 ( 1 of 1 )
FACTION: mass = 1.000000e-02,  1.497408e+00 ( 1 of 1 )
CONGRAD5: time = 7.659500e-01 (fn F) masses = 1 iters = 602 mflops = 2.149460e+03
 OK converged final_rsq= 5e-11 (cf 1e-10) rel = 1 (cf 0) restarts = 3 iters= 602
CONGRAD5: time = 7.611599e-01 (fn F) masses = 1 iters = 600 mflops = 2.155800e+03
 OK converged final_rsq= 9.6e-11 (cf 1e-10) rel = 1 (cf 0) restarts = 2 iters= 600
GFTIME:   time = 1.414900e-01 (Symanzik1) mflops = 2.491492e+03
FFTIME:  time = 4.361420e-01 (asqtad3) terms = 2 mflops = 2.292516e+03
CONGRAD5: time = 8.035390e-01 (fn F) masses = 1 iters = 600 mflops = 2.042102e+03
 OK converged final_rsq= 8.6e-11 (cf 1e-10) rel = 1 (cf 0) restarts = 2 iters= 600
CONGRAD5: time = 7.971289e-01 (fn F) masses = 1 iters = 596 mflops = 2.044800e+03
 OK converged final_rsq= 9.5e-11 (cf 1e-10) rel = 1 (cf 0) restarts = 2 iters= 596
GFTIME:   time = 1.411309e-01 (Symanzik1) mflops = 2.497831e+03
FFTIME:  time = 4.466131e-01 (asqtad3) terms = 2 mflops = 2.238766e+03
CONGRAD5: time = 8.021071e-01 (fn F) masses = 1 iters = 598 mflops = 2.038929e+03
 OK converged final_rsq= 9.8e-11 (cf 1e-10) rel = 1 (cf 0) restarts = 2 iters= 598
CONGRAD5: time = 8.066139e-01 (fn F) masses = 1 iters = 602 mflops = 2.041099e+03
 OK converged final_rsq= 3.8e-11 (cf 1e-10) rel = 1 (cf 0) restarts = 3 iters= 602
GFTIME:   time = 1.415238e-01 (Symanzik1) mflops = 2.490896e+03
FFTIME:  time = 4.473128e-01 (asqtad3) terms = 2 mflops = 2.235264e+03
CONGRAD5: time = 8.029530e-01 (fn F) masses = 1 iters = 600 mflops = 2.043593e+03
 OK converged final_rsq= 8.9e-11 (cf 1e-10) rel = 1 (cf 0) restarts = 2 iters= 600
CONGRAD5: time = 7.938070e-01 (fn F) masses = 1 iters = 592 mflops = 2.039576e+03
 OK converged final_rsq= 4.9e-11 (cf 1e-10) rel = 1 (cf 0) restarts = 3 iters= 592
GFTIME:   time = 1.413920e-01 (Symanzik1) mflops = 2.493219e+03
FFTIME:  time = 4.474339e-01 (asqtad3) terms = 2 mflops = 2.234659e+03
CONGRAD5: time = 7.929499e-01 (fn F) masses = 1 iters = 599 mflops = 2.065924e+03
 OK converged final_rsq= 9.1e-11 (cf 1e-10) rel = 1 (cf 0) restarts = 2 iters= 599
CONGRAD5: time = 8.647590e-01 (fn F) masses = 1 iters = 601 mflops = 1.900696e+03
 OK converged final_rsq= 4.7e-11 (cf 1e-10) rel = 1 (cf 0) restarts = 3 iters= 601
GFTIME:   time = 1.445010e-01 (Symanzik1) mflops = 2.439577e+03
FFTIME:  time = 3.980269e-01 (asqtad3) terms = 2 mflops = 2.512047e+03
CONGRAD5: time = 8.175709e-01 (fn F) masses = 1 iters = 602 mflops = 2.013744e+03
 OK converged final_rsq= 4.7e-11 (cf 1e-10) rel = 1 (cf 0) restarts = 3 iters= 602
CONGRAD5: time = 7.667692e-01 (fn F) masses = 1 iters = 582 mflops = 2.075829e+03
 OK converged final_rsq= 9.8e-11 (cf 1e-10) rel = 1 (cf 0) restarts = 2 iters= 582
GFTIME:   time = 1.396439e-01 (Symanzik1) mflops = 2.524430e+03
FFTIME:  time = 4.017420e-01 (asqtad3) terms = 2 mflops = 2.488817e+03
CONGRAD5: time = 8.387780e-01 (fn F) masses = 1 iters = 660 mflops = 2.151940e+03
 OK converged final_rsq= 9.9e-11 (cf 1e-10) rel = 1 (cf 0) restarts = 3 iters= 660
CONGRAD5: time = 7.523379e-01 (fn F) masses = 1 iters = 592 mflops = 2.151998e+03
 OK converged final_rsq= 9.8e-11 (cf 1e-10) rel = 1 (cf 0) restarts = 2 iters= 592
GFTIME:   time = 1.386440e-01 (Symanzik1) mflops = 2.542636e+03
FFTIME:  time = 3.891690e-01 (asqtad3) terms = 2 mflops = 2.569224e+03
CONGRAD5: time = 7.946010e-01 (fn F) masses = 1 iters = 602 mflops = 2.071956e+03
 OK converged final_rsq= 5.6e-11 (cf 1e-10) rel = 1 (cf 0) restarts = 3 iters= 602
CONGRAD5: time = 8.010790e-01 (fn F) masses = 1 iters = 600 mflops = 2.048373e+03
 OK converged final_rsq= 9.2e-11 (cf 1e-10) rel = 1 (cf 0) restarts = 2 iters= 600
GFTIME:   time = 1.417458e-01 (Symanzik1) mflops = 2.486996e+03
FFTIME:  time = 4.595890e-01 (asqtad3) terms = 2 mflops = 2.175557e+03
CONGRAD5: time = 8.048129e-01 (fn F) masses = 1 iters = 600 mflops = 2.038870e+03
 OK converged final_rsq= 9.6e-11 (cf 1e-10) rel = 1 (cf 0) restarts = 2 iters= 600
CONGRAD5: time = 8.027289e-01 (fn F) masses = 1 iters = 600 mflops = 2.044163e+03
 OK converged final_rsq= 8.5e-11 (cf 1e-10) rel = 1 (cf 0) restarts = 2 iters= 600
GFTIME:   time = 1.430850e-01 (Symanzik1) mflops = 2.463719e+03
FFTIME:  time = 4.458818e-01 (asqtad3) terms = 2 mflops = 2.242438e+03
CONGRAD5: time = 8.053851e-01 (fn F) masses = 1 iters = 602 mflops = 2.044213e+03
 OK converged final_rsq= 4.3e-11 (cf 1e-10) rel = 1 (cf 0) restarts = 3 iters= 602
CONGRAD5: time = 8.051951e-01 (fn F) masses = 1 iters = 602 mflops = 2.044695e+03
 OK converged final_rsq= 5.4e-11 (cf 1e-10) rel = 1 (cf 0) restarts = 3 iters= 602
GFTIME:   time = 1.413331e-01 (Symanzik1) mflops = 2.494258e+03
FFTIME:  time = 4.473300e-01 (asqtad3) terms = 2 mflops = 2.235178e+03
CONGRAD5: time = 8.064201e-01 (fn F) masses = 1 iters = 602 mflops = 2.041589e+03
 OK converged final_rsq= 9.4e-11 (cf 1e-10) rel = 1 (cf 0) restarts = 3 iters= 602
CONGRAD5: time = 7.899940e-01 (fn F) masses = 1 iters = 599 mflops = 2.073654e+03
 OK converged final_rsq= 9.5e-11 (cf 1e-10) rel = 1 (cf 0) restarts = 2 iters= 599
GFTIME:   time = 1.386909e-01 (Symanzik1) mflops = 2.541775e+03
FFTIME:  time = 3.883131e-01 (asqtad3) terms = 2 mflops = 2.574887e+03
CONGRAD5: time = 7.678471e-01 (fn F) masses = 1 iters = 602 mflops = 2.144149e+03
 OK converged final_rsq= 7.7e-11 (cf 1e-10) rel = 1 (cf 0) restarts = 3 iters= 602
CONGRAD5: time = 7.703512e-01 (fn F) masses = 1 iters = 602 mflops = 2.137179e+03
 OK converged final_rsq= 3.8e-11 (cf 1e-10) rel = 1 (cf 0) restarts = 3 iters= 602
GFTIME:   time = 1.384561e-01 (Symanzik1) mflops = 2.546086e+03
FFTIME:  time = 3.897080e-01 (asqtad3) terms = 2 mflops = 2.565670e+03
CONGRAD5: time = 7.684000e-01 (fn F) masses = 1 iters = 602 mflops = 2.142606e+03
 OK converged final_rsq= 5e-11 (cf 1e-10) rel = 1 (cf 0) restarts = 3 iters= 602
CONGRAD5: time = 1.987133e+00 (fn F) masses = 1 iters = 602 mflops = 8.285195e+02
 OK converged final_rsq= 5.8e-11 (cf 1e-10) rel = 1 (cf 0) restarts = 3 iters= 602
GFTIME:   time = 1.560149e-01 (Symanzik1) mflops = 2.259535e+03
FFTIME:  time = 4.247849e-01 (asqtad3) terms = 2 mflops = 2.353808e+03
CONGRAD5: time = 7.914031e-01 (fn F) masses = 1 iters = 602 mflops = 2.080329e+03
 OK converged final_rsq= 4e-11 (cf 1e-10) rel = 1 (cf 0) restarts = 3 iters= 602
CONGRAD5: time = 7.678518e-01 (fn F) masses = 1 iters = 600 mflops = 2.137012e+03
 OK converged final_rsq= 9.8e-11 (cf 1e-10) rel = 1 (cf 0) restarts = 2 iters= 600
GFTIME:   time = 1.393340e-01 (Symanzik1) mflops = 2.530045e+03
FFTIME:  time = 3.964260e-01 (asqtad3) terms = 2 mflops = 2.522192e+03
CONGRAD5: time = 7.771840e-01 (fn F) masses = 1 iters = 602 mflops = 2.118390e+03
 OK converged final_rsq= 7.1e-11 (cf 1e-10) rel = 1 (cf 0) restarts = 3 iters= 602
CONGRAD5: time = 7.650192e-01 (fn F) masses = 1 iters = 602 mflops = 2.152075e+03
 OK converged final_rsq= 5.1e-11 (cf 1e-10) rel = 1 (cf 0) restarts = 3 iters= 602
GFTIME:   time = 1.387379e-01 (Symanzik1) mflops = 2.540915e+03
FFTIME:  time = 3.899388e-01 (asqtad3) terms = 2 mflops = 2.564152e+03
PLAQ:	1.458367	1.460052
P_LOOP:	1.011200e-02	-3.870469e-03
G_LOOP:  0  0  4   	1.457649e+00	( 0 1 7 6  )
G_LOOP:  0  1  4   	1.460337e+00	( 0 2 7 5  )
G_LOOP:  0  2  4   	1.459907e+00	( 0 3 7 4  )
G_LOOP:  0  3  4   	1.457116e+00	( 1 2 6 5  )
G_LOOP:  0  4  4   	1.459338e+00	( 1 3 6 4  )
G_LOOP:  0  5  4   	1.460910e+00	( 2 3 5 4  )
G_LOOP:  1  0  6   	6.963547e-01	( 0 0 1 7 7 6  )
G_LOOP:  1  1  6   	7.006467e-01	( 0 0 2 7 7 5  )
G_LOOP:  1  2  6   	6.973474e-01	( 0 0 3 7 7 4  )
G_LOOP:  1  3  6   	6.966182e-01	( 1 1 0 6 6 7  )
G_LOOP:  1  4  6   	6.982516e-01	( 1 1 2 6 6 5  )
G_LOOP:  1  5  6   	6.989510e-01	( 1 1 3 6 6 4  )
G_LOOP:  1  6  6   	7.036480e-01	( 2 2 0 5 5 7  )
G_LOOP:  1  7  6   	6.974191e-01	( 2 2 1 5 5 6  )
G_LOOP:  1  8  6   	7.036013e-01	( 2 2 3 5 5 4  )
G_LOOP:  1  9  6   	6.996095e-01	( 3 3 0 4 4 7  )
G_LOOP:  1  10  6   	6.980197e-01	( 3 3 1 4 4 6  )
G_LOOP:  1  11  6   	7.032359e-01	( 3 3 2 4 4 5  )
G_LOOP:  2  0  6   	7.138192e-01	( 0 1 2 7 6 5  )
G_LOOP:  2  1  6   	7.152912e-01	( 0 1 5 7 6 2  )
G_LOOP:  2  2  6   	7.137783e-01	( 0 6 2 7 1 5  )
G_LOOP:  2  3  6   	7.167190e-01	( 0 6 5 7 1 2  )
G_LOOP:  2  4  6   	7.141562e-01	( 0 1 3 7 6 4  )
G_LOOP:  2  5  6   	7.104113e-01	( 0 1 4 7 6 3  )
G_LOOP:  2  6  6   	7.120237e-01	( 0 6 3 7 1 4  )
G_LOOP:  2  7  6   	7.161655e-01	( 0 6 4 7 1 3  )
G_LOOP:  2  8  6   	7.144114e-01	( 0 2 3 7 5 4  )
G_LOOP:  2  9  6   	7.154319e-01	( 0 2 4 7 5 3  )
G_LOOP:  2  10  6   	7.155286e-01	( 0 5 3 7 2 4  )
G_LOOP:  2  11  6   	7.151513e-01	( 0 5 4 7 2 3  )
G_LOOP:  2  12  6   	7.150617e-01	( 1 2 3 6 5 4  )
G_LOOP:  2  13  6   	7.172743e-01	( 1 2 4 6 5 3  )
G_LOOP:  2  14  6   	7.141801e-01	( 1 5 3 6 2 4  )
G_LOOP:  2  15  6   	7.111596e-01	( 1 5 4 6 2 3  )
GACTION: 6.724708e+00
CONGRAD5: time = 8.072209e-01 (fn F) masses = 1 iters = 600 mflops = 2.032788e+03
 OK converged final_rsq= 9.1e-11 (cf 1e-10) rel = 1 (cf 0) restarts = 2 iters= 600
CONGRAD5: time = 1.332681e-01 (fn F) masses = 1 iters = 96 mflops = 1.970054e+03
 OK converged final_rsq= 9.9e-11 (cf 1e-10) rel = 1 (cf 0) restarts = 1 iters= 96
PBP: mass 1.000000e-02     3.839806e-02  5.051406e-02  6.025208e-03  6.024647e-03 ( 1 of 1 )
FACTION: mass = 1.000000e-02,  1.500697e+00 ( 1 of 1 )
CONGRAD5: time = 8.066199e-01 (fn F) masses = 1 iters = 602 mflops = 2.041083e+03
 OK converged final_rsq= 4e-11 (cf 1e-10) rel = 1 (cf 0) restarts = 3 iters= 602
CONGRAD5: time = 1.415250e-01 (fn F) masses = 1 iters = 104 mflops = 2.009709e+03
 OK converged final_rsq= 9.9e-11 (cf 1e-10) rel = 1 (cf 0) restarts = 1 iters= 104
PBP: mass 1.000000e-02     4.677702e-02  4.116680e-02  -8.326679e-04  -8.283313e-04 ( 1 of 1 )
FACTION: mass = 1.000000e-02,  1.500646e+00 ( 1 of 1 )
RUNNING COMPLETED
average cg iters for step= 1.181000e+03
Time = 1.514659e+02 seconds
total_iters = 147683
Checksums 8b320b36 d4728e60
Saved gauge configuration in parallel to binary file lat_p64_size64_2
Time stamp Tue May 17 23:22:48 2022
Wrote info file lat_p64_size64_2.info
Time to save = 5.492690e-01
CHECK PLAQ: 1.458367e+00 1.460052e+00
CHECK NERSC LINKTR: 1.434110e-01 CKSUM: d7ca6bf8


get_i(0): EOF on input.
Elapsed total time: 170.065783
exit: Tue May 17 23:22:49 2022

