SU3 with improved KS action
Microcanonical simulation with refreshing
R algorithm
MIMD version 7.8.1
Machine = MPI (portable), with 32 nodes
Host(0) = nid02634
Username = mcopik
Options selected...
Generic single precision
C_GLOBAL_INLINE
DBLSTORE_FN
D_FN_GATHER13
FEWSUMS
KS_MULTIFF=FNMAT
VECLENGTH=4
type 0 for no prompts, 1 for prompts, or 2 for proofreading
nflavors1 2
nflavors2 1
nx 16
ny 16
nz 8
nt 36
iseed 5682304
LAYOUT = Hypercubes, options = hyper_prime,
automatic hyper_prime layout
ON EACH NODE 4 x 8 x 8 x 9
Mallocing 2.3 MBytes per node for lattice
WARNING!!: Resetting random seed
Made lattice
Made nn gathers
Made 3nn gathers
Finished setup


warms 0
trajecs 4
traj_between_meas 1
beta 5.6
mass1 0.125
mass2 0.125
u0 0.8441
microcanonical_time_step 0.2
steps_per_trajectory 5
max_cg_iterations 100
max_cg_restarts 5
error_per_site 0.125
error_for_propagator 0.125
npbp_reps 1
prec_pbp 1
fresh 
save_parallel lat_p64_size64_1
unit gauge configuration loaded
CHECK PLAQ: 3.000000e+00 3.000000e+00
CHECK NERSC LINKTR: 1.000000e+00 CKSUM: 0
Unitarity checked.  Max deviation 0.00e+00
Time to check unitarity = 4.379749e-04
"O(a^2): couplings(pi)=0, Naik term, No O(a^2) errors, tadpole weights"
path coefficients: npath  path_coeff  multiplicity
                    0      6.250000e-01     8
                    1      -5.847914e-02     8
                    2      -8.771871e-02     48
                    3      3.077829e-02     192
                    4      -7.199551e-03     384
                    5      -1.231132e-01     48
Symanzik 1x1 + 1x2 + 1x1x1 action
gauge_action: total_dyn_flavors = 3
loop coefficients: nloop rep loop_coeff  multiplicity
                    0 0      1.000000e+00     6
                    1 0      -7.762509e-02     12
                    2 0      -1.031171e-02     16
WARMUPS COMPLETED
CONGRAD5: time = 7.971048e-03 (fn F) masses = 1 iters = 4 mflops = 1.372391e+03
 OK converged final_rsq= 0.006 (cf 0.016) rel = 1 (cf 0) restarts = 1 iters= 4
CONGRAD5: time = 7.205963e-03 (fn F) masses = 1 iters = 4 mflops = 1.518103e+03
 OK converged final_rsq= 0.0059 (cf 0.016) rel = 1 (cf 0) restarts = 1 iters= 4
GFTIME:   time = 1.195440e-01 (Symanzik1) mflops = 2.948882e+03
FFTIME:  time = 4.078510e-01 (asqtad3) terms = 2 mflops = 2.451538e+03
CONGRAD5: time = 7.939100e-03 (fn F) masses = 1 iters = 4 mflops = 1.377913e+03
 OK converged final_rsq= 0.01 (cf 0.016) rel = 1 (cf 0) restarts = 1 iters= 4
CONGRAD5: time = 7.109880e-03 (fn F) masses = 1 iters = 4 mflops = 1.538618e+03
 OK converged final_rsq= 0.0098 (cf 0.016) rel = 1 (cf 0) restarts = 1 iters= 4
GFTIME:   time = 1.197231e-01 (Symanzik1) mflops = 2.944472e+03
FFTIME:  time = 3.478520e-01 (asqtad3) terms = 2 mflops = 2.874390e+03
CONGRAD5: time = 1.572585e-02 (fn F) masses = 1 iters = 4 mflops = 6.956312e+02
 OK converged final_rsq= 0.014 (cf 0.016) rel = 1 (cf 0) restarts = 1 iters= 4
CONGRAD5: time = 1.027894e-02 (fn F) masses = 1 iters = 4 mflops = 1.064253e+03
 OK converged final_rsq= 0.014 (cf 0.016) rel = 1 (cf 0) restarts = 1 iters= 4
GFTIME:   time = 1.411321e-01 (Symanzik1) mflops = 2.497810e+03
FFTIME:  time = 3.515120e-01 (asqtad3) terms = 2 mflops = 2.844462e+03
CONGRAD5: time = 7.719040e-03 (fn F) masses = 1 iters = 4 mflops = 1.417196e+03
 OK converged final_rsq= 0.013 (cf 0.016) rel = 1 (cf 0) restarts = 1 iters= 4
CONGRAD5: time = 7.550001e-03 (fn F) masses = 1 iters = 4 mflops = 1.448926e+03
 OK converged final_rsq= 0.013 (cf 0.016) rel = 1 (cf 0) restarts = 1 iters= 4
GFTIME:   time = 1.192551e-01 (Symanzik1) mflops = 2.956027e+03
FFTIME:  time = 3.717291e-01 (asqtad3) terms = 2 mflops = 2.689760e+03
CONGRAD5: time = 8.412123e-03 (fn F) masses = 1 iters = 4 mflops = 1.300432e+03
 OK converged final_rsq= 0.011 (cf 0.016) rel = 1 (cf 0) restarts = 1 iters= 4
CONGRAD5: time = 7.619858e-03 (fn F) masses = 1 iters = 4 mflops = 1.435643e+03
 OK converged final_rsq= 0.011 (cf 0.016) rel = 1 (cf 0) restarts = 1 iters= 4
GFTIME:   time = 1.207151e-01 (Symanzik1) mflops = 2.920273e+03
FFTIME:  time = 3.478470e-01 (asqtad3) terms = 2 mflops = 2.874431e+03
PLAQ:	2.348046	2.347861
P_LOOP:	-6.323030e-03	-1.925636e-02
G_LOOP:  0  0  4   	2.346897e+00	( 0 1 7 6  )
G_LOOP:  0  1  4   	2.347695e+00	( 0 2 7 5  )
G_LOOP:  0  2  4   	2.348610e+00	( 0 3 7 4  )
G_LOOP:  0  3  4   	2.349546e+00	( 1 2 6 5  )
G_LOOP:  0  4  4   	2.347450e+00	( 1 3 6 4  )
G_LOOP:  0  5  4   	2.347524e+00	( 2 3 5 4  )
G_LOOP:  1  0  6   	1.770886e+00	( 0 0 1 7 7 6  )
G_LOOP:  1  1  6   	1.772085e+00	( 0 0 2 7 7 5  )
G_LOOP:  1  2  6   	1.772683e+00	( 0 0 3 7 7 4  )
G_LOOP:  1  3  6   	1.772206e+00	( 1 1 0 6 6 7  )
G_LOOP:  1  4  6   	1.778615e+00	( 1 1 2 6 6 5  )
G_LOOP:  1  5  6   	1.772779e+00	( 1 1 3 6 6 4  )
G_LOOP:  1  6  6   	1.774422e+00	( 2 2 0 5 5 7  )
G_LOOP:  1  7  6   	1.776307e+00	( 2 2 1 5 5 6  )
G_LOOP:  1  8  6   	1.772614e+00	( 2 2 3 5 5 4  )
G_LOOP:  1  9  6   	1.773361e+00	( 3 3 0 4 4 7  )
G_LOOP:  1  10  6   	1.772005e+00	( 3 3 1 4 4 6  )
G_LOOP:  1  11  6   	1.772996e+00	( 3 3 2 4 4 5  )
G_LOOP:  2  0  6   	1.819044e+00	( 0 1 2 7 6 5  )
G_LOOP:  2  1  6   	1.821657e+00	( 0 1 5 7 6 2  )
G_LOOP:  2  2  6   	1.822819e+00	( 0 6 2 7 1 5  )
G_LOOP:  2  3  6   	1.821404e+00	( 0 6 5 7 1 2  )
G_LOOP:  2  4  6   	1.821922e+00	( 0 1 3 7 6 4  )
G_LOOP:  2  5  6   	1.817338e+00	( 0 1 4 7 6 3  )
G_LOOP:  2  6  6   	1.820607e+00	( 0 6 3 7 1 4  )
G_LOOP:  2  7  6   	1.823181e+00	( 0 6 4 7 1 3  )
G_LOOP:  2  8  6   	1.818823e+00	( 0 2 3 7 5 4  )
G_LOOP:  2  9  6   	1.819541e+00	( 0 2 4 7 5 3  )
G_LOOP:  2  10  6   	1.822350e+00	( 0 5 3 7 2 4  )
G_LOOP:  2  11  6   	1.817598e+00	( 0 5 4 7 2 3  )
G_LOOP:  2  12  6   	1.821659e+00	( 1 2 3 6 5 4  )
G_LOOP:  2  13  6   	1.824220e+00	( 1 2 4 6 5 3  )
G_LOOP:  2  14  6   	1.821604e+00	( 1 5 3 6 2 4  )
G_LOOP:  2  15  6   	1.824104e+00	( 1 5 4 6 2 3  )
GACTION: 2.575211e+00
CONGRAD5: time = 7.246971e-03 (fn F) masses = 1 iters = 4 mflops = 1.509512e+03
 OK converged final_rsq= 0.01 (cf 0.016) rel = 1 (cf 0) restarts = 1 iters= 4
CONGRAD5: time = 9.503126e-03 (fn F) masses = 1 iters = 6 mflops = 1.726704e+03
 OK converged final_rsq= 0.0087 (cf 0.016) rel = 1 (cf 0) restarts = 1 iters= 6
PBP: mass 1.250000e-01     6.839631e-02  1.024361e-01  -6.252925e-04  -1.562877e-03 ( 1 of 1 )
FACTION: mass = 1.250000e-01,  1.470003e+00 ( 1 of 1 )
CONGRAD5: time = 7.900953e-03 (fn F) masses = 1 iters = 4 mflops = 1.384566e+03
 OK converged final_rsq= 0.01 (cf 0.016) rel = 1 (cf 0) restarts = 1 iters= 4
CONGRAD5: time = 9.884834e-03 (fn F) masses = 1 iters = 6 mflops = 1.660027e+03
 OK converged final_rsq= 0.0087 (cf 0.016) rel = 1 (cf 0) restarts = 1 iters= 6
PBP: mass 1.250000e-01     7.042779e-02  1.006423e-01  -2.239626e-03  -2.553548e-03 ( 1 of 1 )
FACTION: mass = 1.250000e-01,  1.472298e+00 ( 1 of 1 )
CONGRAD5: time = 9.513855e-03 (fn F) masses = 1 iters = 4 mflops = 1.149838e+03
 OK converged final_rsq= 0.012 (cf 0.016) rel = 1 (cf 0) restarts = 1 iters= 4
CONGRAD5: time = 7.261038e-03 (fn F) masses = 1 iters = 4 mflops = 1.506588e+03
 OK converged final_rsq= 0.011 (cf 0.016) rel = 1 (cf 0) restarts = 1 iters= 4
GFTIME:   time = 1.237369e-01 (Symanzik1) mflops = 2.848959e+03
FFTIME:  time = 3.473461e-01 (asqtad3) terms = 2 mflops = 2.878577e+03
CONGRAD5: time = 8.448124e-03 (fn F) masses = 1 iters = 5 mflops = 1.618613e+03
 OK converged final_rsq= 0.0069 (cf 0.016) rel = 1 (cf 0) restarts = 1 iters= 5
CONGRAD5: time = 7.054806e-03 (fn F) masses = 1 iters = 4 mflops = 1.550630e+03
 OK converged final_rsq= 0.015 (cf 0.016) rel = 1 (cf 0) restarts = 1 iters= 4
GFTIME:   time = 1.206720e-01 (Symanzik1) mflops = 2.921318e+03
FFTIME:  time = 3.475020e-01 (asqtad3) terms = 2 mflops = 2.877285e+03
CONGRAD5: time = 8.991003e-03 (fn F) masses = 1 iters = 5 mflops = 1.520880e+03
 OK converged final_rsq= 0.0088 (cf 0.016) rel = 1 (cf 0) restarts = 1 iters= 5
CONGRAD5: time = 8.580923e-03 (fn F) masses = 1 iters = 5 mflops = 1.593563e+03
 OK converged final_rsq= 0.0084 (cf 0.016) rel = 1 (cf 0) restarts = 1 iters= 5
GFTIME:   time = 1.229908e-01 (Symanzik1) mflops = 2.866239e+03
FFTIME:  time = 3.499210e-01 (asqtad3) terms = 2 mflops = 2.857394e+03
CONGRAD5: time = 8.373022e-03 (fn F) masses = 1 iters = 5 mflops = 1.633131e+03
 OK converged final_rsq= 0.0085 (cf 0.016) rel = 1 (cf 0) restarts = 1 iters= 5
CONGRAD5: time = 8.607864e-03 (fn F) masses = 1 iters = 5 mflops = 1.588575e+03
 OK converged final_rsq= 0.0083 (cf 0.016) rel = 1 (cf 0) restarts = 1 iters= 5
GFTIME:   time = 1.649592e-01 (Symanzik1) mflops = 2.137021e+03
FFTIME:  time = 3.515911e-01 (asqtad3) terms = 2 mflops = 2.843821e+03
CONGRAD5: time = 9.335041e-03 (fn F) masses = 1 iters = 5 mflops = 1.464829e+03
 OK converged final_rsq= 0.0074 (cf 0.016) rel = 1 (cf 0) restarts = 1 iters= 5
CONGRAD5: time = 7.348061e-03 (fn F) masses = 1 iters = 4 mflops = 1.488745e+03
 OK converged final_rsq= 0.015 (cf 0.016) rel = 1 (cf 0) restarts = 1 iters= 4
GFTIME:   time = 1.238990e-01 (Symanzik1) mflops = 2.845231e+03
FFTIME:  time = 3.732400e-01 (asqtad3) terms = 2 mflops = 2.678872e+03
PLAQ:	2.013197	2.012697
P_LOOP:	-9.701261e-03	-3.360078e-02
G_LOOP:  0  0  4   	2.010792e+00	( 0 1 7 6  )
G_LOOP:  0  1  4   	2.013326e+00	( 0 2 7 5  )
G_LOOP:  0  2  4   	2.011958e+00	( 0 3 7 4  )
G_LOOP:  0  3  4   	2.015472e+00	( 1 2 6 5  )
G_LOOP:  0  4  4   	2.013512e+00	( 1 3 6 4  )
G_LOOP:  0  5  4   	2.012622e+00	( 2 3 5 4  )
G_LOOP:  1  0  6   	1.296020e+00	( 0 0 1 7 7 6  )
G_LOOP:  1  1  6   	1.302380e+00	( 0 0 2 7 7 5  )
G_LOOP:  1  2  6   	1.300113e+00	( 0 0 3 7 7 4  )
G_LOOP:  1  3  6   	1.297978e+00	( 1 1 0 6 6 7  )
G_LOOP:  1  4  6   	1.302920e+00	( 1 1 2 6 6 5  )
G_LOOP:  1  5  6   	1.301147e+00	( 1 1 3 6 6 4  )
G_LOOP:  1  6  6   	1.301421e+00	( 2 2 0 5 5 7  )
G_LOOP:  1  7  6   	1.302576e+00	( 2 2 1 5 5 6  )
G_LOOP:  1  8  6   	1.298934e+00	( 2 2 3 5 5 4  )
G_LOOP:  1  9  6   	1.299910e+00	( 3 3 0 4 4 7  )
G_LOOP:  1  10  6   	1.299603e+00	( 3 3 1 4 4 6  )
G_LOOP:  1  11  6   	1.299806e+00	( 3 3 2 4 4 5  )
G_LOOP:  2  0  6   	1.339921e+00	( 0 1 2 7 6 5  )
G_LOOP:  2  1  6   	1.347332e+00	( 0 1 5 7 6 2  )
G_LOOP:  2  2  6   	1.347822e+00	( 0 6 2 7 1 5  )
G_LOOP:  2  3  6   	1.345578e+00	( 0 6 5 7 1 2  )
G_LOOP:  2  4  6   	1.348037e+00	( 0 1 3 7 6 4  )
G_LOOP:  2  5  6   	1.342259e+00	( 0 1 4 7 6 3  )
G_LOOP:  2  6  6   	1.341849e+00	( 0 6 3 7 1 4  )
G_LOOP:  2  7  6   	1.343166e+00	( 0 6 4 7 1 3  )
G_LOOP:  2  8  6   	1.344500e+00	( 0 2 3 7 5 4  )
G_LOOP:  2  9  6   	1.342721e+00	( 0 2 4 7 5 3  )
G_LOOP:  2  10  6   	1.346118e+00	( 0 5 3 7 2 4  )
G_LOOP:  2  11  6   	1.343245e+00	( 0 5 4 7 2 3  )
G_LOOP:  2  12  6   	1.346085e+00	( 1 2 3 6 5 4  )
G_LOOP:  2  13  6   	1.347991e+00	( 1 2 4 6 5 3  )
G_LOOP:  2  14  6   	1.347405e+00	( 1 5 3 6 2 4  )
G_LOOP:  2  15  6   	1.344994e+00	( 1 5 4 6 2 3  )
GACTION: 4.065920e+00
CONGRAD5: time = 8.227110e-03 (fn F) masses = 1 iters = 4 mflops = 1.329676e+03
 OK converged final_rsq= 0.014 (cf 0.016) rel = 1 (cf 0) restarts = 1 iters= 4
CONGRAD5: time = 9.515047e-03 (fn F) masses = 1 iters = 6 mflops = 1.724541e+03
 OK converged final_rsq= 0.013 (cf 0.016) rel = 1 (cf 0) restarts = 1 iters= 6
PBP: mass 1.250000e-01     8.666703e-02  1.656794e-01  8.855824e-04  1.540118e-03 ( 1 of 1 )
FACTION: mass = 1.250000e-01,  1.448829e+00 ( 1 of 1 )
CONGRAD5: time = 7.633924e-03 (fn F) masses = 1 iters = 4 mflops = 1.432997e+03
 OK converged final_rsq= 0.014 (cf 0.016) rel = 1 (cf 0) restarts = 1 iters= 4
CONGRAD5: time = 9.871006e-03 (fn F) masses = 1 iters = 6 mflops = 1.662352e+03
 OK converged final_rsq= 0.013 (cf 0.016) rel = 1 (cf 0) restarts = 1 iters= 6
PBP: mass 1.250000e-01     8.854628e-02  1.707834e-01  -1.891601e-04  1.187543e-04 ( 1 of 1 )
FACTION: mass = 1.250000e-01,  1.441431e+00 ( 1 of 1 )
CONGRAD5: time = 8.383989e-03 (fn F) masses = 1 iters = 5 mflops = 1.630994e+03
 OK converged final_rsq= 0.0075 (cf 0.016) rel = 1 (cf 0) restarts = 1 iters= 5
CONGRAD5: time = 6.996155e-03 (fn F) masses = 1 iters = 4 mflops = 1.563629e+03
 OK converged final_rsq= 0.015 (cf 0.016) rel = 1 (cf 0) restarts = 1 iters= 4
GFTIME:   time = 1.183589e-01 (Symanzik1) mflops = 2.978410e+03
FFTIME:  time = 3.464100e-01 (asqtad3) terms = 2 mflops = 2.886355e+03
CONGRAD5: time = 8.471966e-03 (fn F) masses = 1 iters = 5 mflops = 1.614058e+03
 OK converged final_rsq= 0.0094 (cf 0.016) rel = 1 (cf 0) restarts = 1 iters= 5
CONGRAD5: time = 8.232117e-03 (fn F) masses = 1 iters = 5 mflops = 1.661084e+03
 OK converged final_rsq= 0.0087 (cf 0.016) rel = 1 (cf 0) restarts = 1 iters= 5
GFTIME:   time = 1.194949e-01 (Symanzik1) mflops = 2.950094e+03
FFTIME:  time = 3.619230e-01 (asqtad3) terms = 2 mflops = 2.762638e+03
CONGRAD5: time = 1.243997e-02 (fn F) masses = 1 iters = 5 mflops = 1.099218e+03
 OK converged final_rsq= 0.011 (cf 0.016) rel = 1 (cf 0) restarts = 1 iters= 5
CONGRAD5: time = 8.368015e-03 (fn F) masses = 1 iters = 5 mflops = 1.634108e+03
 OK converged final_rsq= 0.01 (cf 0.016) rel = 1 (cf 0) restarts = 1 iters= 5
GFTIME:   time = 1.227658e-01 (Symanzik1) mflops = 2.871494e+03
FFTIME:  time = 3.530118e-01 (asqtad3) terms = 2 mflops = 2.832376e+03
CONGRAD5: time = 9.362936e-03 (fn F) masses = 1 iters = 5 mflops = 1.460465e+03
 OK converged final_rsq= 0.011 (cf 0.016) rel = 1 (cf 0) restarts = 1 iters= 5
CONGRAD5: time = 8.297920e-03 (fn F) masses = 1 iters = 5 mflops = 1.647912e+03
 OK converged final_rsq= 0.01 (cf 0.016) rel = 1 (cf 0) restarts = 1 iters= 5
GFTIME:   time = 1.898689e-01 (Symanzik1) mflops = 1.856656e+03
FFTIME:  time = 3.535190e-01 (asqtad3) terms = 2 mflops = 2.828313e+03
CONGRAD5: time = 1.027989e-02 (fn F) masses = 1 iters = 5 mflops = 1.330193e+03
 OK converged final_rsq= 0.0099 (cf 0.016) rel = 1 (cf 0) restarts = 1 iters= 5
CONGRAD5: time = 8.604050e-03 (fn F) masses = 1 iters = 5 mflops = 1.589280e+03
 OK converged final_rsq= 0.0095 (cf 0.016) rel = 1 (cf 0) restarts = 1 iters= 5
GFTIME:   time = 1.199141e-01 (Symanzik1) mflops = 2.939782e+03
FFTIME:  time = 3.513050e-01 (asqtad3) terms = 2 mflops = 2.846137e+03
PLAQ:	1.791285	1.791269
P_LOOP:	-6.432483e-03	-5.703914e-03
G_LOOP:  0  0  4   	1.790148e+00	( 0 1 7 6  )
G_LOOP:  0  1  4   	1.791518e+00	( 0 2 7 5  )
G_LOOP:  0  2  4   	1.792043e+00	( 0 3 7 4  )
G_LOOP:  0  3  4   	1.792188e+00	( 1 2 6 5  )
G_LOOP:  0  4  4   	1.790762e+00	( 1 3 6 4  )
G_LOOP:  0  5  4   	1.791001e+00	( 2 3 5 4  )
G_LOOP:  1  0  6   	1.019748e+00	( 0 0 1 7 7 6  )
G_LOOP:  1  1  6   	1.025132e+00	( 0 0 2 7 7 5  )
G_LOOP:  1  2  6   	1.023343e+00	( 0 0 3 7 7 4  )
G_LOOP:  1  3  6   	1.020574e+00	( 1 1 0 6 6 7  )
G_LOOP:  1  4  6   	1.021528e+00	( 1 1 2 6 6 5  )
G_LOOP:  1  5  6   	1.025131e+00	( 1 1 3 6 6 4  )
G_LOOP:  1  6  6   	1.026650e+00	( 2 2 0 5 5 7  )
G_LOOP:  1  7  6   	1.018998e+00	( 2 2 1 5 5 6  )
G_LOOP:  1  8  6   	1.019490e+00	( 2 2 3 5 5 4  )
G_LOOP:  1  9  6   	1.025211e+00	( 3 3 0 4 4 7  )
G_LOOP:  1  10  6   	1.026625e+00	( 3 3 1 4 4 6  )
G_LOOP:  1  11  6   	1.022026e+00	( 3 3 2 4 4 5  )
G_LOOP:  2  0  6   	1.057034e+00	( 0 1 2 7 6 5  )
G_LOOP:  2  1  6   	1.059629e+00	( 0 1 5 7 6 2  )
G_LOOP:  2  2  6   	1.056571e+00	( 0 6 2 7 1 5  )
G_LOOP:  2  3  6   	1.053607e+00	( 0 6 5 7 1 2  )
G_LOOP:  2  4  6   	1.063099e+00	( 0 1 3 7 6 4  )
G_LOOP:  2  5  6   	1.054479e+00	( 0 1 4 7 6 3  )
G_LOOP:  2  6  6   	1.050944e+00	( 0 6 3 7 1 4  )
G_LOOP:  2  7  6   	1.056895e+00	( 0 6 4 7 1 3  )
G_LOOP:  2  8  6   	1.054540e+00	( 0 2 3 7 5 4  )
G_LOOP:  2  9  6   	1.059955e+00	( 0 2 4 7 5 3  )
G_LOOP:  2  10  6   	1.063218e+00	( 0 5 3 7 2 4  )
G_LOOP:  2  11  6   	1.057845e+00	( 0 5 4 7 2 3  )
G_LOOP:  2  12  6   	1.060030e+00	( 1 2 3 6 5 4  )
G_LOOP:  2  13  6   	1.055929e+00	( 1 2 4 6 5 3  )
G_LOOP:  2  14  6   	1.056636e+00	( 1 5 3 6 2 4  )
G_LOOP:  2  15  6   	1.057973e+00	( 1 5 4 6 2 3  )
GACTION: 5.090137e+00
CONGRAD5: time = 8.828878e-03 (fn F) masses = 1 iters = 5 mflops = 1.548808e+03
 OK converged final_rsq= 0.0085 (cf 0.016) rel = 1 (cf 0) restarts = 1 iters= 5
CONGRAD5: time = 1.056910e-02 (fn F) masses = 1 iters = 6 mflops = 1.552554e+03
 OK converged final_rsq= 0.015 (cf 0.016) rel = 1 (cf 0) restarts = 1 iters= 6
PBP: mass 1.250000e-01     1.097814e-01  3.050916e-01  6.159745e-04  1.073530e-03 ( 1 of 1 )
FACTION: mass = 1.250000e-01,  1.454408e+00 ( 1 of 1 )
CONGRAD5: time = 8.975983e-03 (fn F) masses = 1 iters = 5 mflops = 1.523425e+03
 OK converged final_rsq= 0.0085 (cf 0.016) rel = 1 (cf 0) restarts = 1 iters= 5
CONGRAD5: time = 9.793043e-03 (fn F) masses = 1 iters = 6 mflops = 1.675586e+03
 OK converged final_rsq= 0.015 (cf 0.016) rel = 1 (cf 0) restarts = 1 iters= 6
PBP: mass 1.250000e-01     1.050922e-01  3.076434e-01  3.700241e-03  3.379920e-03 ( 1 of 1 )
FACTION: mass = 1.250000e-01,  1.453909e+00 ( 1 of 1 )
CONGRAD5: time = 8.568048e-03 (fn F) masses = 1 iters = 5 mflops = 1.595957e+03
 OK converged final_rsq= 0.01 (cf 0.016) rel = 1 (cf 0) restarts = 1 iters= 5
CONGRAD5: time = 8.428097e-03 (fn F) masses = 1 iters = 5 mflops = 1.622459e+03
 OK converged final_rsq= 0.0097 (cf 0.016) rel = 1 (cf 0) restarts = 1 iters= 5
GFTIME:   time = 1.370418e-01 (Symanzik1) mflops = 2.572363e+03
FFTIME:  time = 3.778679e-01 (asqtad3) terms = 2 mflops = 2.646063e+03
CONGRAD5: time = 9.083986e-03 (fn F) masses = 1 iters = 5 mflops = 1.505313e+03
 OK converged final_rsq= 0.012 (cf 0.016) rel = 1 (cf 0) restarts = 1 iters= 5
CONGRAD5: time = 1.053500e-02 (fn F) masses = 1 iters = 5 mflops = 1.297982e+03
 OK converged final_rsq= 0.011 (cf 0.016) rel = 1 (cf 0) restarts = 1 iters= 5
GFTIME:   time = 1.275899e-01 (Symanzik1) mflops = 2.762923e+03
FFTIME:  time = 3.738790e-01 (asqtad3) terms = 2 mflops = 2.674294e+03
CONGRAD5: time = 8.497000e-03 (fn F) masses = 1 iters = 5 mflops = 1.609302e+03
 OK converged final_rsq= 0.012 (cf 0.016) rel = 1 (cf 0) restarts = 1 iters= 5
CONGRAD5: time = 8.297920e-03 (fn F) masses = 1 iters = 5 mflops = 1.647912e+03
 OK converged final_rsq= 0.012 (cf 0.016) rel = 1 (cf 0) restarts = 1 iters= 5
GFTIME:   time = 1.218369e-01 (Symanzik1) mflops = 2.893386e+03
FFTIME:  time = 3.418698e-01 (asqtad3) terms = 2 mflops = 2.924687e+03
CONGRAD5: time = 8.711100e-03 (fn F) masses = 1 iters = 5 mflops = 1.569749e+03
 OK converged final_rsq= 0.012 (cf 0.016) rel = 1 (cf 0) restarts = 1 iters= 5
CONGRAD5: time = 8.275986e-03 (fn F) masses = 1 iters = 5 mflops = 1.652279e+03
 OK converged final_rsq= 0.012 (cf 0.016) rel = 1 (cf 0) restarts = 1 iters= 5
GFTIME:   time = 1.185472e-01 (Symanzik1) mflops = 2.973678e+03
FFTIME:  time = 3.450949e-01 (asqtad3) terms = 2 mflops = 2.897354e+03
CONGRAD5: time = 9.016037e-03 (fn F) masses = 1 iters = 5 mflops = 1.516657e+03
 OK converged final_rsq= 0.012 (cf 0.016) rel = 1 (cf 0) restarts = 1 iters= 5
CONGRAD5: time = 8.267879e-03 (fn F) masses = 1 iters = 5 mflops = 1.653899e+03
 OK converged final_rsq= 0.011 (cf 0.016) rel = 1 (cf 0) restarts = 1 iters= 5
GFTIME:   time = 1.191919e-01 (Symanzik1) mflops = 2.957594e+03
FFTIME:  time = 3.473740e-01 (asqtad3) terms = 2 mflops = 2.878345e+03
PLAQ:	1.644329	1.645266
P_LOOP:	-6.709792e-03	2.457538e-02
G_LOOP:  0  0  4   	1.645259e+00	( 0 1 7 6  )
G_LOOP:  0  1  4   	1.644887e+00	( 0 2 7 5  )
G_LOOP:  0  2  4   	1.648300e+00	( 0 3 7 4  )
G_LOOP:  0  3  4   	1.642841e+00	( 1 2 6 5  )
G_LOOP:  0  4  4   	1.643302e+00	( 1 3 6 4  )
G_LOOP:  0  5  4   	1.644196e+00	( 2 3 5 4  )
G_LOOP:  1  0  6   	8.570332e-01	( 0 0 1 7 7 6  )
G_LOOP:  1  1  6   	8.564349e-01	( 0 0 2 7 7 5  )
G_LOOP:  1  2  6   	8.575904e-01	( 0 0 3 7 7 4  )
G_LOOP:  1  3  6   	8.546200e-01	( 1 1 0 6 6 7  )
G_LOOP:  1  4  6   	8.518105e-01	( 1 1 2 6 6 5  )
G_LOOP:  1  5  6   	8.528352e-01	( 1 1 3 6 6 4  )
G_LOOP:  1  6  6   	8.522190e-01	( 2 2 0 5 5 7  )
G_LOOP:  1  7  6   	8.538568e-01	( 2 2 1 5 5 6  )
G_LOOP:  1  8  6   	8.539536e-01	( 2 2 3 5 5 4  )
G_LOOP:  1  9  6   	8.538749e-01	( 3 3 0 4 4 7  )
G_LOOP:  1  10  6   	8.509052e-01	( 3 3 1 4 4 6  )
G_LOOP:  1  11  6   	8.542319e-01	( 3 3 2 4 4 5  )
G_LOOP:  2  0  6   	8.757616e-01	( 0 1 2 7 6 5  )
G_LOOP:  2  1  6   	8.783519e-01	( 0 1 5 7 6 2  )
G_LOOP:  2  2  6   	8.732871e-01	( 0 6 2 7 1 5  )
G_LOOP:  2  3  6   	8.757185e-01	( 0 6 5 7 1 2  )
G_LOOP:  2  4  6   	8.808826e-01	( 0 1 3 7 6 4  )
G_LOOP:  2  5  6   	8.805856e-01	( 0 1 4 7 6 3  )
G_LOOP:  2  6  6   	8.736942e-01	( 0 6 3 7 1 4  )
G_LOOP:  2  7  6   	8.766187e-01	( 0 6 4 7 1 3  )
G_LOOP:  2  8  6   	8.765765e-01	( 0 2 3 7 5 4  )
G_LOOP:  2  9  6   	8.804759e-01	( 0 2 4 7 5 3  )
G_LOOP:  2  10  6   	8.758448e-01	( 0 5 3 7 2 4  )
G_LOOP:  2  11  6   	8.745625e-01	( 0 5 4 7 2 3  )
G_LOOP:  2  12  6   	8.722904e-01	( 1 2 3 6 5 4  )
G_LOOP:  2  13  6   	8.801306e-01	( 1 2 4 6 5 3  )
G_LOOP:  2  14  6   	8.763059e-01	( 1 5 3 6 2 4  )
G_LOOP:  2  15  6   	8.742140e-01	( 1 5 4 6 2 3  )
GACTION: 5.781983e+00
CONGRAD5: time = 8.333921e-03 (fn F) masses = 1 iters = 5 mflops = 1.640793e+03
 OK converged final_rsq= 0.01 (cf 0.016) rel = 1 (cf 0) restarts = 1 iters= 5
CONGRAD5: time = 1.114106e-02 (fn F) masses = 1 iters = 7 mflops = 1.718322e+03
 OK converged final_rsq= 0.0082 (cf 0.016) rel = 1 (cf 0) restarts = 1 iters= 7
PBP: mass 1.250000e-01     1.244008e-01  3.278295e-01  1.524636e-03  4.785546e-05 ( 1 of 1 )
FACTION: mass = 1.250000e-01,  1.429116e+00 ( 1 of 1 )
CONGRAD5: time = 8.677959e-03 (fn F) masses = 1 iters = 5 mflops = 1.575744e+03
 OK converged final_rsq= 0.01 (cf 0.016) rel = 1 (cf 0) restarts = 1 iters= 5
CONGRAD5: time = 1.090407e-02 (fn F) masses = 1 iters = 7 mflops = 1.755668e+03
 OK converged final_rsq= 0.0083 (cf 0.016) rel = 1 (cf 0) restarts = 1 iters= 7
PBP: mass 1.250000e-01     1.240261e-01  3.300110e-01  -6.302996e-04  -4.874612e-04 ( 1 of 1 )
FACTION: mass = 1.250000e-01,  1.440693e+00 ( 1 of 1 )
RUNNING COMPLETED
average cg iters for step= 1.100000e+01
Time = 1.467639e+01 seconds
total_iters = 552
Checksums eb39cb37 375da3b2
Saved gauge configuration in parallel to binary file lat_p64_size64_1
Time stamp Wed May 18 20:25:06 2022
Wrote info file lat_p64_size64_1.info
Time to save = 3.824370e-01
CHECK PLAQ: 1.644329e+00 1.645266e+00
CHECK NERSC LINKTR: 1.712149e-01 CKSUM: b2397a8b


warms 0
trajecs 4
traj_between_meas 1
beta 5.6
mass1 0.01
mass2 0.01
u0 0.8441
microcanonical_time_step 0.02
steps_per_trajectory 15
max_cg_iterations 300
max_cg_restarts 5
error_per_site 1e-05
error_for_propagator 1e-05
npbp_reps 1
prec_pbp 1
reload_parallel lat_p64_size64_1
save_parallel lat_p64_size64_2
Restored binary gauge configuration in parallel from file lat_p64_size64_1
Time stamp Wed May 18 20:25:06 2022
Checksums eb39cb37 375da3b2 OK
Time to reload gauge configuration = 1.564572e-01
CHECK PLAQ: 1.644329e+00 1.645266e+00
CHECK NERSC LINKTR: 1.712149e-01 CKSUM: b2397a8b
Unitarity checked.  Max deviation 2.98e-07
Time to check unitarity = 1.019001e-03
"O(a^2): couplings(pi)=0, Naik term, No O(a^2) errors, tadpole weights"
path coefficients: npath  path_coeff  multiplicity
                    0      6.250000e-01     8
                    1      -5.847914e-02     8
                    2      -8.771871e-02     48
                    3      3.077829e-02     192
                    4      -7.199551e-03     384
                    5      -1.231132e-01     48
Symanzik 1x1 + 1x2 + 1x1x1 action
gauge_action: total_dyn_flavors = 3
loop coefficients: nloop rep loop_coeff  multiplicity
                    0 0      1.000000e+00     6
                    1 0      -7.762509e-02     12
                    2 0      -1.031171e-02     16
WARMUPS COMPLETED
CONGRAD5: time = 8.242860e-01 (fn F) masses = 1 iters = 602 mflops = 1.997339e+03
 OK converged final_rsq= 8.7e-11 (cf 1e-10) rel = 1 (cf 0) restarts = 3 iters= 602
CONGRAD5: time = 8.979142e-01 (fn F) masses = 1 iters = 602 mflops = 1.833559e+03
 OK converged final_rsq= 5.9e-11 (cf 1e-10) rel = 1 (cf 0) restarts = 3 iters= 602
GFTIME:   time = 1.236100e-01 (Symanzik1) mflops = 2.851882e+03
FFTIME:  time = 3.716040e-01 (asqtad3) terms = 2 mflops = 2.690666e+03
CONGRAD5: time = 8.945081e-01 (fn F) masses = 1 iters = 697 mflops = 2.130991e+03
 OK converged final_rsq= 1e-10 (cf 1e-10) rel = 1 (cf 0) restarts = 3 iters= 697
CONGRAD5: time = 8.263721e-01 (fn F) masses = 1 iters = 602 mflops = 1.992297e+03
 OK converged final_rsq= 8.1e-11 (cf 1e-10) rel = 1 (cf 0) restarts = 3 iters= 602
GFTIME:   time = 1.281071e-01 (Symanzik1) mflops = 2.751770e+03
FFTIME:  time = 3.501511e-01 (asqtad3) terms = 2 mflops = 2.855517e+03
CONGRAD5: time = 8.853571e-01 (fn F) masses = 1 iters = 696 mflops = 2.149928e+03
 OK converged final_rsq= 9.8e-11 (cf 1e-10) rel = 1 (cf 0) restarts = 3 iters= 696
CONGRAD5: time = 7.690029e-01 (fn F) masses = 1 iters = 602 mflops = 2.140926e+03
 OK converged final_rsq= 4.9e-11 (cf 1e-10) rel = 1 (cf 0) restarts = 3 iters= 602
GFTIME:   time = 1.191840e-01 (Symanzik1) mflops = 2.957789e+03
FFTIME:  time = 3.451951e-01 (asqtad3) terms = 2 mflops = 2.896514e+03
CONGRAD5: time = 9.439762e-01 (fn F) masses = 1 iters = 736 mflops = 2.132308e+03
 OK converged final_rsq= 5e-11 (cf 1e-10) rel = 1 (cf 0) restarts = 4 iters= 736
CONGRAD5: time = 8.574071e-01 (fn F) masses = 1 iters = 602 mflops = 1.920183e+03
 OK converged final_rsq= 6.1e-11 (cf 1e-10) rel = 1 (cf 0) restarts = 3 iters= 602
GFTIME:   time = 1.485128e-01 (Symanzik1) mflops = 2.373675e+03
FFTIME:  time = 3.823769e-01 (asqtad3) terms = 2 mflops = 2.614860e+03
CONGRAD5: time = 9.100862e-01 (fn F) masses = 1 iters = 712 mflops = 2.139591e+03
 OK converged final_rsq= 9.9e-11 (cf 1e-10) rel = 1 (cf 0) restarts = 3 iters= 712
CONGRAD5: time = 7.695830e-01 (fn F) masses = 1 iters = 602 mflops = 2.139312e+03
 OK converged final_rsq= 4.4e-11 (cf 1e-10) rel = 1 (cf 0) restarts = 3 iters= 602
GFTIME:   time = 1.215351e-01 (Symanzik1) mflops = 2.900572e+03
FFTIME:  time = 3.903451e-01 (asqtad3) terms = 2 mflops = 2.561483e+03
CONGRAD5: time = 9.473548e-01 (fn F) masses = 1 iters = 723 mflops = 2.087175e+03
 OK converged final_rsq= 9.9e-11 (cf 1e-10) rel = 1 (cf 0) restarts = 3 iters= 723
CONGRAD5: time = 9.957612e-01 (fn F) masses = 1 iters = 694 mflops = 1.906064e+03
 OK converged final_rsq= 9.9e-11 (cf 1e-10) rel = 1 (cf 0) restarts = 3 iters= 694
GFTIME:   time = 1.252699e-01 (Symanzik1) mflops = 2.814094e+03
FFTIME:  time = 3.750792e-01 (asqtad3) terms = 2 mflops = 2.665737e+03
CONGRAD5: time = 9.009469e-01 (fn F) masses = 1 iters = 702 mflops = 2.130940e+03
 OK converged final_rsq= 9.9e-11 (cf 1e-10) rel = 1 (cf 0) restarts = 3 iters= 702
CONGRAD5: time = 9.276929e-01 (fn F) masses = 1 iters = 691 mflops = 2.037075e+03
 OK converged final_rsq= 9.9e-11 (cf 1e-10) rel = 1 (cf 0) restarts = 3 iters= 691
GFTIME:   time = 1.231508e-01 (Symanzik1) mflops = 2.862516e+03
FFTIME:  time = 3.581319e-01 (asqtad3) terms = 2 mflops = 2.791883e+03
CONGRAD5: time = 1.098288e+00 (fn F) masses = 1 iters = 747 mflops = 1.860105e+03
 OK converged final_rsq= 5e-11 (cf 1e-10) rel = 1 (cf 0) restarts = 4 iters= 747
CONGRAD5: time = 9.175389e-01 (fn F) masses = 1 iters = 698 mflops = 2.080483e+03
 OK converged final_rsq= 9.9e-11 (cf 1e-10) rel = 1 (cf 0) restarts = 3 iters= 698
GFTIME:   time = 1.190100e-01 (Symanzik1) mflops = 2.962115e+03
FFTIME:  time = 3.475871e-01 (asqtad3) terms = 2 mflops = 2.876580e+03
CONGRAD5: time = 7.688041e-01 (fn F) masses = 1 iters = 602 mflops = 2.141480e+03
 OK converged final_rsq= 6.1e-11 (cf 1e-10) rel = 1 (cf 0) restarts = 3 iters= 602
CONGRAD5: time = 8.247910e-01 (fn F) masses = 1 iters = 602 mflops = 1.996116e+03
 OK converged final_rsq= 8.1e-11 (cf 1e-10) rel = 1 (cf 0) restarts = 3 iters= 602
GFTIME:   time = 1.249611e-01 (Symanzik1) mflops = 2.821047e+03
FFTIME:  time = 3.602619e-01 (asqtad3) terms = 2 mflops = 2.775376e+03
CONGRAD5: time = 1.099401e+00 (fn F) masses = 1 iters = 733 mflops = 1.823396e+03
 OK converged final_rsq= 1e-10 (cf 1e-10) rel = 1 (cf 0) restarts = 3 iters= 733
CONGRAD5: time = 8.723290e-01 (fn F) masses = 1 iters = 687 mflops = 2.153821e+03
 OK converged final_rsq= 5e-11 (cf 1e-10) rel = 1 (cf 0) restarts = 4 iters= 687
GFTIME:   time = 1.199639e-01 (Symanzik1) mflops = 2.938561e+03
FFTIME:  time = 3.477440e-01 (asqtad3) terms = 2 mflops = 2.875283e+03
CONGRAD5: time = 1.034683e+00 (fn F) masses = 1 iters = 702 mflops = 1.855509e+03
 OK converged final_rsq= 1e-10 (cf 1e-10) rel = 1 (cf 0) restarts = 3 iters= 702
CONGRAD5: time = 9.391272e-01 (fn F) masses = 1 iters = 714 mflops = 2.079251e+03
 OK converged final_rsq= 9.9e-11 (cf 1e-10) rel = 1 (cf 0) restarts = 3 iters= 714
GFTIME:   time = 1.257839e-01 (Symanzik1) mflops = 2.802594e+03
FFTIME:  time = 4.081650e-01 (asqtad3) terms = 2 mflops = 2.449652e+03
CONGRAD5: time = 9.801290e-01 (fn F) masses = 1 iters = 736 mflops = 2.053656e+03
 OK converged final_rsq= 5e-11 (cf 1e-10) rel = 1 (cf 0) restarts = 4 iters= 736
CONGRAD5: time = 8.860259e-01 (fn F) masses = 1 iters = 691 mflops = 2.132872e+03
 OK converged final_rsq= 1e-10 (cf 1e-10) rel = 1 (cf 0) restarts = 3 iters= 691
GFTIME:   time = 1.198399e-01 (Symanzik1) mflops = 2.941601e+03
FFTIME:  time = 3.480389e-01 (asqtad3) terms = 2 mflops = 2.872846e+03
CONGRAD5: time = 8.397110e-01 (fn F) masses = 1 iters = 602 mflops = 1.960649e+03
 OK converged final_rsq= 5.9e-11 (cf 1e-10) rel = 1 (cf 0) restarts = 3 iters= 602
CONGRAD5: time = 9.188910e-01 (fn F) masses = 1 iters = 704 mflops = 2.095279e+03
 OK converged final_rsq= 9.9e-11 (cf 1e-10) rel = 1 (cf 0) restarts = 3 iters= 704
GFTIME:   time = 1.303990e-01 (Symanzik1) mflops = 2.703405e+03
FFTIME:  time = 4.089830e-01 (asqtad3) terms = 2 mflops = 2.444753e+03
CONGRAD5: time = 9.647741e-01 (fn F) masses = 1 iters = 722 mflops = 2.046655e+03
 OK converged final_rsq= 1e-10 (cf 1e-10) rel = 1 (cf 0) restarts = 3 iters= 722
CONGRAD5: time = 9.050150e-01 (fn F) masses = 1 iters = 714 mflops = 2.157623e+03
 OK converged final_rsq= 9.9e-11 (cf 1e-10) rel = 1 (cf 0) restarts = 3 iters= 714
GFTIME:   time = 1.198008e-01 (Symanzik1) mflops = 2.942561e+03
FFTIME:  time = 3.535559e-01 (asqtad3) terms = 2 mflops = 2.828017e+03
CONGRAD5: time = 1.026164e+00 (fn F) masses = 1 iters = 734 mflops = 1.956196e+03
 OK converged final_rsq= 5e-11 (cf 1e-10) rel = 1 (cf 0) restarts = 4 iters= 734
CONGRAD5: time = 9.808631e-01 (fn F) masses = 1 iters = 730 mflops = 2.035390e+03
 OK converged final_rsq= 5e-11 (cf 1e-10) rel = 1 (cf 0) restarts = 4 iters= 730
GFTIME:   time = 1.420290e-01 (Symanzik1) mflops = 2.482036e+03
FFTIME:  time = 4.239140e-01 (asqtad3) terms = 2 mflops = 2.358644e+03
PLAQ:	1.539774	1.537947
P_LOOP:	2.137525e-02	-1.868548e-03
G_LOOP:  0  0  4   	1.540746e+00	( 0 1 7 6  )
G_LOOP:  0  1  4   	1.540140e+00	( 0 2 7 5  )
G_LOOP:  0  2  4   	1.541719e+00	( 0 3 7 4  )
G_LOOP:  0  3  4   	1.538434e+00	( 1 2 6 5  )
G_LOOP:  0  4  4   	1.537550e+00	( 1 3 6 4  )
G_LOOP:  0  5  4   	1.534573e+00	( 2 3 5 4  )
G_LOOP:  1  0  6   	7.790819e-01	( 0 0 1 7 7 6  )
G_LOOP:  1  1  6   	7.799391e-01	( 0 0 2 7 7 5  )
G_LOOP:  1  2  6   	7.791043e-01	( 0 0 3 7 7 4  )
G_LOOP:  1  3  6   	7.764447e-01	( 1 1 0 6 6 7  )
G_LOOP:  1  4  6   	7.782270e-01	( 1 1 2 6 6 5  )
G_LOOP:  1  5  6   	7.747586e-01	( 1 1 3 6 6 4  )
G_LOOP:  1  6  6   	7.836418e-01	( 2 2 0 5 5 7  )
G_LOOP:  1  7  6   	7.799032e-01	( 2 2 1 5 5 6  )
G_LOOP:  1  8  6   	7.734723e-01	( 2 2 3 5 5 4  )
G_LOOP:  1  9  6   	7.777085e-01	( 3 3 0 4 4 7  )
G_LOOP:  1  10  6   	7.756252e-01	( 3 3 1 4 4 6  )
G_LOOP:  1  11  6   	7.764703e-01	( 3 3 2 4 4 5  )
G_LOOP:  2  0  6   	7.994985e-01	( 0 1 2 7 6 5  )
G_LOOP:  2  1  6   	7.979915e-01	( 0 1 5 7 6 2  )
G_LOOP:  2  2  6   	7.953705e-01	( 0 6 2 7 1 5  )
G_LOOP:  2  3  6   	8.003053e-01	( 0 6 5 7 1 2  )
G_LOOP:  2  4  6   	8.009586e-01	( 0 1 3 7 6 4  )
G_LOOP:  2  5  6   	7.984360e-01	( 0 1 4 7 6 3  )
G_LOOP:  2  6  6   	7.979490e-01	( 0 6 3 7 1 4  )
G_LOOP:  2  7  6   	7.995333e-01	( 0 6 4 7 1 3  )
G_LOOP:  2  8  6   	7.957329e-01	( 0 2 3 7 5 4  )
G_LOOP:  2  9  6   	7.977878e-01	( 0 2 4 7 5 3  )
G_LOOP:  2  10  6   	7.963617e-01	( 0 5 3 7 2 4  )
G_LOOP:  2  11  6   	7.972991e-01	( 0 5 4 7 2 3  )
G_LOOP:  2  12  6   	7.945366e-01	( 1 2 3 6 5 4  )
G_LOOP:  2  13  6   	8.011747e-01	( 1 2 4 6 5 3  )
G_LOOP:  2  14  6   	7.986753e-01	( 1 5 3 6 2 4  )
G_LOOP:  2  15  6   	7.990682e-01	( 1 5 4 6 2 3  )
GACTION: 6.333642e+00
CONGRAD5: time = 9.155979e-01 (fn F) masses = 1 iters = 710 mflops = 2.120737e+03
 OK converged final_rsq= 9.9e-11 (cf 1e-10) rel = 1 (cf 0) restarts = 3 iters= 710
CONGRAD5: time = 1.031680e-01 (fn F) masses = 1 iters = 79 mflops = 2.094186e+03
 OK converged final_rsq= 9.7e-11 (cf 1e-10) rel = 1 (cf 0) restarts = 1 iters= 79
PBP: mass 1.000000e-02     5.439549e-02  3.149370e-02  7.460282e-03  7.456457e-03 ( 1 of 1 )
FACTION: mass = 1.000000e-02,  1.500299e+00 ( 1 of 1 )
CONGRAD5: time = 8.944840e-01 (fn F) masses = 1 iters = 701 mflops = 2.143279e+03
 OK converged final_rsq= 5e-11 (cf 1e-10) rel = 1 (cf 0) restarts = 4 iters= 701
CONGRAD5: time = 9.680390e-02 (fn F) masses = 1 iters = 73 mflops = 2.062354e+03
 OK converged final_rsq= 9.9e-11 (cf 1e-10) rel = 1 (cf 0) restarts = 1 iters= 73
PBP: mass 1.000000e-02     5.045901e-02  4.403169e-02  -3.122000e-03  -3.124954e-03 ( 1 of 1 )
FACTION: mass = 1.000000e-02,  1.498603e+00 ( 1 of 1 )
CONGRAD5: time = 1.079754e+00 (fn F) masses = 1 iters = 724 mflops = 1.833779e+03
 OK converged final_rsq= 9.8e-11 (cf 1e-10) rel = 1 (cf 0) restarts = 3 iters= 724
CONGRAD5: time = 9.506321e-01 (fn F) masses = 1 iters = 685 mflops = 1.970658e+03
 OK converged final_rsq= 9.8e-11 (cf 1e-10) rel = 1 (cf 0) restarts = 3 iters= 685
GFTIME:   time = 1.562011e-01 (Symanzik1) mflops = 2.256842e+03
FFTIME:  time = 3.940840e-01 (asqtad3) terms = 2 mflops = 2.537181e+03
CONGRAD5: time = 9.508390e-01 (fn F) masses = 1 iters = 746 mflops = 2.145680e+03
 OK converged final_rsq= 5e-11 (cf 1e-10) rel = 1 (cf 0) restarts = 4 iters= 746
CONGRAD5: time = 7.747769e-01 (fn F) masses = 1 iters = 602 mflops = 2.124971e+03
 OK converged final_rsq= 7.6e-11 (cf 1e-10) rel = 1 (cf 0) restarts = 3 iters= 602
GFTIME:   time = 1.216028e-01 (Symanzik1) mflops = 2.898957e+03
FFTIME:  time = 3.724802e-01 (asqtad3) terms = 2 mflops = 2.684337e+03
CONGRAD5: time = 9.385061e-01 (fn F) masses = 1 iters = 729 mflops = 2.124338e+03
 OK converged final_rsq= 5e-11 (cf 1e-10) rel = 1 (cf 0) restarts = 4 iters= 729
CONGRAD5: time = 1.055187e+00 (fn F) masses = 1 iters = 711 mflops = 1.842779e+03
 OK converged final_rsq= 5e-11 (cf 1e-10) rel = 1 (cf 0) restarts = 4 iters= 711
GFTIME:   time = 1.274250e-01 (Symanzik1) mflops = 2.766501e+03
FFTIME:  time = 3.592730e-01 (asqtad3) terms = 2 mflops = 2.783016e+03
CONGRAD5: time = 8.927441e-01 (fn F) masses = 1 iters = 699 mflops = 2.141329e+03
 OK converged final_rsq= 5e-11 (cf 1e-10) rel = 1 (cf 0) restarts = 4 iters= 699
CONGRAD5: time = 1.054460e+00 (fn F) masses = 1 iters = 719 mflops = 1.864799e+03
 OK converged final_rsq= 1e-10 (cf 1e-10) rel = 1 (cf 0) restarts = 3 iters= 719
GFTIME:   time = 1.269839e-01 (Symanzik1) mflops = 2.776110e+03
FFTIME:  time = 3.581839e-01 (asqtad3) terms = 2 mflops = 2.791478e+03
CONGRAD5: time = 1.086939e+00 (fn F) masses = 1 iters = 731 mflops = 1.839270e+03
 OK converged final_rsq= 1e-10 (cf 1e-10) rel = 1 (cf 0) restarts = 3 iters= 731
CONGRAD5: time = 8.979139e-01 (fn F) masses = 1 iters = 683 mflops = 2.080268e+03
 OK converged final_rsq= 5e-11 (cf 1e-10) rel = 1 (cf 0) restarts = 4 iters= 683
GFTIME:   time = 1.185100e-01 (Symanzik1) mflops = 2.974611e+03
FFTIME:  time = 3.451359e-01 (asqtad3) terms = 2 mflops = 2.897010e+03
CONGRAD5: time = 1.043275e+00 (fn F) masses = 1 iters = 771 mflops = 2.021104e+03
 OK converged final_rsq= 5e-11 (cf 1e-10) rel = 1 (cf 0) restarts = 4 iters= 771
CONGRAD5: time = 1.026896e+00 (fn F) masses = 1 iters = 712 mflops = 1.896211e+03
 OK converged final_rsq= 1e-10 (cf 1e-10) rel = 1 (cf 0) restarts = 3 iters= 712
GFTIME:   time = 1.240909e-01 (Symanzik1) mflops = 2.840830e+03
FFTIME:  time = 3.597791e-01 (asqtad3) terms = 2 mflops = 2.779100e+03
CONGRAD5: time = 1.032339e+00 (fn F) masses = 1 iters = 714 mflops = 1.891512e+03
 OK converged final_rsq= 5e-11 (cf 1e-10) rel = 1 (cf 0) restarts = 4 iters= 714
CONGRAD5: time = 7.638469e-01 (fn F) masses = 1 iters = 602 mflops = 2.155378e+03
 OK converged final_rsq= 7.4e-11 (cf 1e-10) rel = 1 (cf 0) restarts = 3 iters= 602
GFTIME:   time = 1.231709e-01 (Symanzik1) mflops = 2.862051e+03
FFTIME:  time = 3.463449e-01 (asqtad3) terms = 2 mflops = 2.886897e+03
CONGRAD5: time = 9.972022e-01 (fn F) masses = 1 iters = 735 mflops = 2.015753e+03
 OK converged final_rsq= 9.8e-11 (cf 1e-10) rel = 1 (cf 0) restarts = 3 iters= 735
CONGRAD5: time = 9.451809e-01 (fn F) masses = 1 iters = 706 mflops = 2.042786e+03
 OK converged final_rsq= 5e-11 (cf 1e-10) rel = 1 (cf 0) restarts = 4 iters= 706
GFTIME:   time = 1.489902e-01 (Symanzik1) mflops = 2.366071e+03
FFTIME:  time = 4.216690e-01 (asqtad3) terms = 2 mflops = 2.371202e+03
CONGRAD5: time = 9.315209e-01 (fn F) masses = 1 iters = 721 mflops = 2.116781e+03
 OK converged final_rsq= 5e-11 (cf 1e-10) rel = 1 (cf 0) restarts = 4 iters= 721
CONGRAD5: time = 1.083747e+00 (fn F) masses = 1 iters = 747 mflops = 1.885063e+03
 OK converged final_rsq= 5e-11 (cf 1e-10) rel = 1 (cf 0) restarts = 4 iters= 747
GFTIME:   time = 1.187129e-01 (Symanzik1) mflops = 2.969527e+03
FFTIME:  time = 3.987689e-01 (asqtad3) terms = 2 mflops = 2.507373e+03
CONGRAD5: time = 1.006374e+00 (fn F) masses = 1 iters = 739 mflops = 2.008252e+03
 OK converged final_rsq= 5e-11 (cf 1e-10) rel = 1 (cf 0) restarts = 4 iters= 739
CONGRAD5: time = 1.011260e+00 (fn F) masses = 1 iters = 688 mflops = 1.860625e+03
 OK converged final_rsq= 9.9e-11 (cf 1e-10) rel = 1 (cf 0) restarts = 3 iters= 688
GFTIME:   time = 1.235251e-01 (Symanzik1) mflops = 2.853842e+03
FFTIME:  time = 3.710959e-01 (asqtad3) terms = 2 mflops = 2.694350e+03
CONGRAD5: time = 9.479082e-01 (fn F) masses = 1 iters = 745 mflops = 2.149429e+03
 OK converged final_rsq= 5e-11 (cf 1e-10) rel = 1 (cf 0) restarts = 4 iters= 745
CONGRAD5: time = 9.531178e-01 (fn F) masses = 1 iters = 716 mflops = 2.054469e+03
 OK converged final_rsq= 1e-10 (cf 1e-10) rel = 1 (cf 0) restarts = 3 iters= 716
GFTIME:   time = 1.284921e-01 (Symanzik1) mflops = 2.743524e+03
FFTIME:  time = 3.650141e-01 (asqtad3) terms = 2 mflops = 2.739243e+03
CONGRAD5: time = 1.148098e+00 (fn F) masses = 1 iters = 772 mflops = 1.838957e+03
 OK converged final_rsq= 5e-11 (cf 1e-10) rel = 1 (cf 0) restarts = 4 iters= 772
CONGRAD5: time = 9.380190e-01 (fn F) masses = 1 iters = 733 mflops = 2.137103e+03
 OK converged final_rsq= 5e-11 (cf 1e-10) rel = 1 (cf 0) restarts = 4 iters= 733
GFTIME:   time = 1.281760e-01 (Symanzik1) mflops = 2.750291e+03
FFTIME:  time = 3.433290e-01 (asqtad3) terms = 2 mflops = 2.912257e+03
CONGRAD5: time = 9.546220e-01 (fn F) masses = 1 iters = 721 mflops = 2.065556e+03
 OK converged final_rsq= 5e-11 (cf 1e-10) rel = 1 (cf 0) restarts = 4 iters= 721
CONGRAD5: time = 9.566731e-01 (fn F) masses = 1 iters = 724 mflops = 2.069704e+03
 OK converged final_rsq= 5e-11 (cf 1e-10) rel = 1 (cf 0) restarts = 4 iters= 724
GFTIME:   time = 1.321771e-01 (Symanzik1) mflops = 2.667037e+03
FFTIME:  time = 4.162860e-01 (asqtad3) terms = 2 mflops = 2.401864e+03
CONGRAD5: time = 1.007689e+00 (fn F) masses = 1 iters = 759 mflops = 2.059911e+03
 OK converged final_rsq= 5e-11 (cf 1e-10) rel = 1 (cf 0) restarts = 4 iters= 759
CONGRAD5: time = 9.236779e-01 (fn F) masses = 1 iters = 727 mflops = 2.152519e+03
 OK converged final_rsq= 1e-10 (cf 1e-10) rel = 1 (cf 0) restarts = 3 iters= 727
GFTIME:   time = 1.273611e-01 (Symanzik1) mflops = 2.767889e+03
FFTIME:  time = 3.495171e-01 (asqtad3) terms = 2 mflops = 2.860696e+03
CONGRAD5: time = 1.000334e+00 (fn F) masses = 1 iters = 754 mflops = 2.061387e+03
 OK converged final_rsq= 4.9e-11 (cf 1e-10) rel = 1 (cf 0) restarts = 4 iters= 754
CONGRAD5: time = 8.879828e-01 (fn F) masses = 1 iters = 602 mflops = 1.854066e+03
 OK converged final_rsq= 9.2e-11 (cf 1e-10) rel = 1 (cf 0) restarts = 3 iters= 602
GFTIME:   time = 1.403830e-01 (Symanzik1) mflops = 2.511139e+03
FFTIME:  time = 3.656580e-01 (asqtad3) terms = 2 mflops = 2.734419e+03
PLAQ:	1.497626	1.498130
P_LOOP:	1.991909e-02	-1.379642e-02
G_LOOP:  0  0  4   	1.497047e+00	( 0 1 7 6  )
G_LOOP:  0  1  4   	1.498616e+00	( 0 2 7 5  )
G_LOOP:  0  2  4   	1.498145e+00	( 0 3 7 4  )
G_LOOP:  0  3  4   	1.497214e+00	( 1 2 6 5  )
G_LOOP:  0  4  4   	1.496954e+00	( 1 3 6 4  )
G_LOOP:  0  5  4   	1.499291e+00	( 2 3 5 4  )
G_LOOP:  1  0  6   	7.398073e-01	( 0 0 1 7 7 6  )
G_LOOP:  1  1  6   	7.422374e-01	( 0 0 2 7 7 5  )
G_LOOP:  1  2  6   	7.394495e-01	( 0 0 3 7 7 4  )
G_LOOP:  1  3  6   	7.382840e-01	( 1 1 0 6 6 7  )
G_LOOP:  1  4  6   	7.365532e-01	( 1 1 2 6 6 5  )
G_LOOP:  1  5  6   	7.371902e-01	( 1 1 3 6 6 4  )
G_LOOP:  1  6  6   	7.456752e-01	( 2 2 0 5 5 7  )
G_LOOP:  1  7  6   	7.428936e-01	( 2 2 1 5 5 6  )
G_LOOP:  1  8  6   	7.390187e-01	( 2 2 3 5 5 4  )
G_LOOP:  1  9  6   	7.398111e-01	( 3 3 0 4 4 7  )
G_LOOP:  1  10  6   	7.389642e-01	( 3 3 1 4 4 6  )
G_LOOP:  1  11  6   	7.400356e-01	( 3 3 2 4 4 5  )
G_LOOP:  2  0  6   	7.607733e-01	( 0 1 2 7 6 5  )
G_LOOP:  2  1  6   	7.581736e-01	( 0 1 5 7 6 2  )
G_LOOP:  2  2  6   	7.537819e-01	( 0 6 2 7 1 5  )
G_LOOP:  2  3  6   	7.623529e-01	( 0 6 5 7 1 2  )
G_LOOP:  2  4  6   	7.597389e-01	( 0 1 3 7 6 4  )
G_LOOP:  2  5  6   	7.537096e-01	( 0 1 4 7 6 3  )
G_LOOP:  2  6  6   	7.572606e-01	( 0 6 3 7 1 4  )
G_LOOP:  2  7  6   	7.594713e-01	( 0 6 4 7 1 3  )
G_LOOP:  2  8  6   	7.558015e-01	( 0 2 3 7 5 4  )
G_LOOP:  2  9  6   	7.618569e-01	( 0 2 4 7 5 3  )
G_LOOP:  2  10  6   	7.589309e-01	( 0 5 3 7 2 4  )
G_LOOP:  2  11  6   	7.602545e-01	( 0 5 4 7 2 3  )
G_LOOP:  2  12  6   	7.595571e-01	( 1 2 3 6 5 4  )
G_LOOP:  2  13  6   	7.632494e-01	( 1 2 4 6 5 3  )
G_LOOP:  2  14  6   	7.579410e-01	( 1 5 3 6 2 4  )
G_LOOP:  2  15  6   	7.601606e-01	( 1 5 4 6 2 3  )
GACTION: 6.537787e+00
CONGRAD5: time = 7.808371e-01 (fn F) masses = 1 iters = 602 mflops = 2.108479e+03
 OK converged final_rsq= 1e-10 (cf 1e-10) rel = 1 (cf 0) restarts = 3 iters= 602
CONGRAD5: time = 1.713340e-01 (fn F) masses = 1 iters = 133 mflops = 2.122957e+03
 OK converged final_rsq= 5e-11 (cf 1e-10) rel = 1 (cf 0) restarts = 2 iters= 133
PBP: mass 1.000000e-02     4.180596e-02  5.650046e-02  6.282065e-03  6.257703e-03 ( 1 of 1 )
FACTION: mass = 1.000000e-02,  1.499623e+00 ( 1 of 1 )
CONGRAD5: time = 9.051950e-01 (fn F) masses = 1 iters = 709 mflops = 2.142088e+03
 OK converged final_rsq= 5e-11 (cf 1e-10) rel = 1 (cf 0) restarts = 4 iters= 709
CONGRAD5: time = 1.129510e-01 (fn F) masses = 1 iters = 75 mflops = 1.815951e+03
 OK converged final_rsq= 1e-10 (cf 1e-10) rel = 1 (cf 0) restarts = 1 iters= 75
PBP: mass 1.000000e-02     4.935784e-02  4.621076e-02  -8.936203e-03  -8.936002e-03 ( 1 of 1 )
FACTION: mass = 1.000000e-02,  1.495237e+00 ( 1 of 1 )
CONGRAD5: time = 9.914649e-01 (fn F) masses = 1 iters = 758 mflops = 2.090861e+03
 OK converged final_rsq= 5e-11 (cf 1e-10) rel = 1 (cf 0) restarts = 4 iters= 758
CONGRAD5: time = 1.088459e+00 (fn F) masses = 1 iters = 735 mflops = 1.846751e+03
 OK converged final_rsq= 1e-10 (cf 1e-10) rel = 1 (cf 0) restarts = 3 iters= 735
GFTIME:   time = 1.275771e-01 (Symanzik1) mflops = 2.763202e+03
FFTIME:  time = 3.602779e-01 (asqtad3) terms = 2 mflops = 2.775253e+03
CONGRAD5: time = 9.768488e-01 (fn F) masses = 1 iters = 759 mflops = 2.124945e+03
 OK converged final_rsq= 9.9e-11 (cf 1e-10) rel = 1 (cf 0) restarts = 3 iters= 759
CONGRAD5: time = 1.027737e+00 (fn F) masses = 1 iters = 693 mflops = 1.844100e+03
 OK converged final_rsq= 9.9e-11 (cf 1e-10) rel = 1 (cf 0) restarts = 3 iters= 693
GFTIME:   time = 1.221602e-01 (Symanzik1) mflops = 2.885729e+03
FFTIME:  time = 3.601911e-01 (asqtad3) terms = 2 mflops = 2.775922e+03
CONGRAD5: time = 1.136239e+00 (fn F) masses = 1 iters = 777 mflops = 1.870185e+03
 OK converged final_rsq= 1e-10 (cf 1e-10) rel = 1 (cf 0) restarts = 3 iters= 777
CONGRAD5: time = 9.475100e-01 (fn F) masses = 1 iters = 715 mflops = 2.063742e+03
 OK converged final_rsq= 1e-10 (cf 1e-10) rel = 1 (cf 0) restarts = 3 iters= 715
GFTIME:   time = 1.177599e-01 (Symanzik1) mflops = 2.993558e+03
FFTIME:  time = 3.517680e-01 (asqtad3) terms = 2 mflops = 2.842391e+03
CONGRAD5: time = 9.633701e-01 (fn F) masses = 1 iters = 755 mflops = 2.143320e+03
 OK converged final_rsq= 4.9e-11 (cf 1e-10) rel = 1 (cf 0) restarts = 4 iters= 755
CONGRAD5: time = 9.475989e-01 (fn F) masses = 1 iters = 709 mflops = 2.046232e+03
 OK converged final_rsq= 9.9e-11 (cf 1e-10) rel = 1 (cf 0) restarts = 3 iters= 709
GFTIME:   time = 1.252100e-01 (Symanzik1) mflops = 2.815439e+03
FFTIME:  time = 3.529339e-01 (asqtad3) terms = 2 mflops = 2.833002e+03
CONGRAD5: time = 1.132855e+00 (fn F) masses = 1 iters = 769 mflops = 1.856458e+03
 OK converged final_rsq= 5e-11 (cf 1e-10) rel = 1 (cf 0) restarts = 4 iters= 769
CONGRAD5: time = 9.350588e-01 (fn F) masses = 1 iters = 737 mflops = 2.155568e+03
 OK converged final_rsq= 1e-10 (cf 1e-10) rel = 1 (cf 0) restarts = 3 iters= 737
GFTIME:   time = 1.228549e-01 (Symanzik1) mflops = 2.869410e+03
FFTIME:  time = 3.457398e-01 (asqtad3) terms = 2 mflops = 2.891950e+03
CONGRAD5: time = 1.119387e+00 (fn F) masses = 1 iters = 749 mflops = 1.829931e+03
 OK converged final_rsq= 1e-10 (cf 1e-10) rel = 1 (cf 0) restarts = 3 iters= 749
CONGRAD5: time = 9.622970e-01 (fn F) masses = 1 iters = 752 mflops = 2.137184e+03
 OK converged final_rsq= 5e-11 (cf 1e-10) rel = 1 (cf 0) restarts = 4 iters= 752
GFTIME:   time = 1.213770e-01 (Symanzik1) mflops = 2.904350e+03
FFTIME:  time = 3.666420e-01 (asqtad3) terms = 2 mflops = 2.727081e+03
CONGRAD5: time = 9.697840e-01 (fn F) masses = 1 iters = 761 mflops = 2.146065e+03
 OK converged final_rsq= 5e-11 (cf 1e-10) rel = 1 (cf 0) restarts = 4 iters= 761
CONGRAD5: time = 9.315689e-01 (fn F) masses = 1 iters = 731 mflops = 2.146029e+03
 OK converged final_rsq= 1e-10 (cf 1e-10) rel = 1 (cf 0) restarts = 3 iters= 731
GFTIME:   time = 1.247840e-01 (Symanzik1) mflops = 2.825052e+03
FFTIME:  time = 3.794279e-01 (asqtad3) terms = 2 mflops = 2.635184e+03
CONGRAD5: time = 1.068857e+00 (fn F) masses = 1 iters = 750 mflops = 1.919000e+03
 OK converged final_rsq= 4.9e-11 (cf 1e-10) rel = 1 (cf 0) restarts = 4 iters= 750
CONGRAD5: time = 9.390380e-01 (fn F) masses = 1 iters = 735 mflops = 2.140609e+03
 OK converged final_rsq= 5e-11 (cf 1e-10) rel = 1 (cf 0) restarts = 4 iters= 735
GFTIME:   time = 1.197941e-01 (Symanzik1) mflops = 2.942725e+03
FFTIME:  time = 3.467381e-01 (asqtad3) terms = 2 mflops = 2.883624e+03
CONGRAD5: time = 1.059244e+00 (fn F) masses = 1 iters = 782 mflops = 2.019036e+03
 OK converged final_rsq= 4.9e-11 (cf 1e-10) rel = 1 (cf 0) restarts = 4 iters= 782
CONGRAD5: time = 1.071885e+00 (fn F) masses = 1 iters = 767 mflops = 1.956953e+03
 OK converged final_rsq= 5e-11 (cf 1e-10) rel = 1 (cf 0) restarts = 4 iters= 767
GFTIME:   time = 1.568320e-01 (Symanzik1) mflops = 2.247764e+03
FFTIME:  time = 4.018419e-01 (asqtad3) terms = 2 mflops = 2.488198e+03
CONGRAD5: time = 9.710989e-01 (fn F) masses = 1 iters = 762 mflops = 2.145975e+03
 OK converged final_rsq= 5e-11 (cf 1e-10) rel = 1 (cf 0) restarts = 4 iters= 762
CONGRAD5: time = 9.243689e-01 (fn F) masses = 1 iters = 725 mflops = 2.144993e+03
 OK converged final_rsq= 9.9e-11 (cf 1e-10) rel = 1 (cf 0) restarts = 3 iters= 725
GFTIME:   time = 1.461768e-01 (Symanzik1) mflops = 2.411608e+03
FFTIME:  time = 4.079640e-01 (asqtad3) terms = 2 mflops = 2.450859e+03
CONGRAD5: time = 1.049131e+00 (fn F) masses = 1 iters = 756 mflops = 1.970721e+03
 OK converged final_rsq= 5e-11 (cf 1e-10) rel = 1 (cf 0) restarts = 4 iters= 756
CONGRAD5: time = 1.087354e+00 (fn F) masses = 1 iters = 766 mflops = 1.926598e+03
 OK converged final_rsq= 5e-11 (cf 1e-10) rel = 1 (cf 0) restarts = 4 iters= 766
GFTIME:   time = 1.254270e-01 (Symanzik1) mflops = 2.810569e+03
FFTIME:  time = 3.547499e-01 (asqtad3) terms = 2 mflops = 2.818499e+03
CONGRAD5: time = 9.670291e-01 (fn F) masses = 1 iters = 757 mflops = 2.140866e+03
 OK converged final_rsq= 5e-11 (cf 1e-10) rel = 1 (cf 0) restarts = 4 iters= 757
CONGRAD5: time = 9.747012e-01 (fn F) masses = 1 iters = 715 mflops = 2.006170e+03
 OK converged final_rsq= 5e-11 (cf 1e-10) rel = 1 (cf 0) restarts = 4 iters= 715
GFTIME:   time = 1.234379e-01 (Symanzik1) mflops = 2.855859e+03
FFTIME:  time = 3.633511e-01 (asqtad3) terms = 2 mflops = 2.751780e+03
CONGRAD5: time = 1.128442e+00 (fn F) masses = 1 iters = 774 mflops = 1.875836e+03
 OK converged final_rsq= 5e-11 (cf 1e-10) rel = 1 (cf 0) restarts = 4 iters= 774
CONGRAD5: time = 9.133909e-01 (fn F) masses = 1 iters = 719 mflops = 2.152809e+03
 OK converged final_rsq= 1e-10 (cf 1e-10) rel = 1 (cf 0) restarts = 3 iters= 719
GFTIME:   time = 1.225569e-01 (Symanzik1) mflops = 2.876388e+03
FFTIME:  time = 3.430040e-01 (asqtad3) terms = 2 mflops = 2.915016e+03
CONGRAD5: time = 1.117421e+00 (fn F) masses = 1 iters = 783 mflops = 1.916364e+03
 OK converged final_rsq= 5e-11 (cf 1e-10) rel = 1 (cf 0) restarts = 4 iters= 783
CONGRAD5: time = 9.965019e-01 (fn F) masses = 1 iters = 738 mflops = 2.025403e+03
 OK converged final_rsq= 5e-11 (cf 1e-10) rel = 1 (cf 0) restarts = 4 iters= 738
GFTIME:   time = 1.396010e-01 (Symanzik1) mflops = 2.525206e+03
FFTIME:  time = 4.167740e-01 (asqtad3) terms = 2 mflops = 2.399051e+03
CONGRAD5: time = 1.004633e+00 (fn F) masses = 1 iters = 781 mflops = 2.126066e+03
 OK converged final_rsq= 5e-11 (cf 1e-10) rel = 1 (cf 0) restarts = 4 iters= 781
CONGRAD5: time = 9.322491e-01 (fn F) masses = 1 iters = 737 mflops = 2.162065e+03
 OK converged final_rsq= 1e-10 (cf 1e-10) rel = 1 (cf 0) restarts = 3 iters= 737
GFTIME:   time = 1.211109e-01 (Symanzik1) mflops = 2.910730e+03
FFTIME:  time = 3.996990e-01 (asqtad3) terms = 2 mflops = 2.501538e+03
PLAQ:	1.473963	1.473385
P_LOOP:	-7.764093e-03	6.219712e-03
G_LOOP:  0  0  4   	1.474057e+00	( 0 1 7 6  )
G_LOOP:  0  1  4   	1.476495e+00	( 0 2 7 5  )
G_LOOP:  0  2  4   	1.473365e+00	( 0 3 7 4  )
G_LOOP:  0  3  4   	1.471338e+00	( 1 2 6 5  )
G_LOOP:  0  4  4   	1.472826e+00	( 1 3 6 4  )
G_LOOP:  0  5  4   	1.473963e+00	( 2 3 5 4  )
G_LOOP:  1  0  6   	7.133980e-01	( 0 0 1 7 7 6  )
G_LOOP:  1  1  6   	7.231318e-01	( 0 0 2 7 7 5  )
G_LOOP:  1  2  6   	7.177161e-01	( 0 0 3 7 7 4  )
G_LOOP:  1  3  6   	7.170766e-01	( 1 1 0 6 6 7  )
G_LOOP:  1  4  6   	7.130472e-01	( 1 1 2 6 6 5  )
G_LOOP:  1  5  6   	7.151839e-01	( 1 1 3 6 6 4  )
G_LOOP:  1  6  6   	7.140978e-01	( 2 2 0 5 5 7  )
G_LOOP:  1  7  6   	7.130462e-01	( 2 2 1 5 5 6  )
G_LOOP:  1  8  6   	7.153132e-01	( 2 2 3 5 5 4  )
G_LOOP:  1  9  6   	7.117251e-01	( 3 3 0 4 4 7  )
G_LOOP:  1  10  6   	7.125768e-01	( 3 3 1 4 4 6  )
G_LOOP:  1  11  6   	7.086897e-01	( 3 3 2 4 4 5  )
G_LOOP:  2  0  6   	7.351040e-01	( 0 1 2 7 6 5  )
G_LOOP:  2  1  6   	7.280939e-01	( 0 1 5 7 6 2  )
G_LOOP:  2  2  6   	7.308180e-01	( 0 6 2 7 1 5  )
G_LOOP:  2  3  6   	7.304092e-01	( 0 6 5 7 1 2  )
G_LOOP:  2  4  6   	7.341810e-01	( 0 1 3 7 6 4  )
G_LOOP:  2  5  6   	7.318136e-01	( 0 1 4 7 6 3  )
G_LOOP:  2  6  6   	7.295944e-01	( 0 6 3 7 1 4  )
G_LOOP:  2  7  6   	7.277577e-01	( 0 6 4 7 1 3  )
G_LOOP:  2  8  6   	7.329565e-01	( 0 2 3 7 5 4  )
G_LOOP:  2  9  6   	7.324030e-01	( 0 2 4 7 5 3  )
G_LOOP:  2  10  6   	7.299320e-01	( 0 5 3 7 2 4  )
G_LOOP:  2  11  6   	7.308683e-01	( 0 5 4 7 2 3  )
G_LOOP:  2  12  6   	7.322426e-01	( 1 2 3 6 5 4  )
G_LOOP:  2  13  6   	7.340319e-01	( 1 2 4 6 5 3  )
G_LOOP:  2  14  6   	7.346669e-01	( 1 5 3 6 2 4  )
G_LOOP:  2  15  6   	7.309851e-01	( 1 5 4 6 2 3  )
GACTION: 6.654834e+00
CONGRAD5: time = 7.779281e-01 (fn F) masses = 1 iters = 602 mflops = 2.116363e+03
 OK converged final_rsq= 7.5e-11 (cf 1e-10) rel = 1 (cf 0) restarts = 3 iters= 602
CONGRAD5: time = 1.756561e-01 (fn F) masses = 1 iters = 130 mflops = 2.024013e+03
 OK converged final_rsq= 5e-11 (cf 1e-10) rel = 1 (cf 0) restarts = 2 iters= 130
PBP: mass 1.000000e-02     5.172191e-02  3.967773e-02  -4.749448e-03  -4.752535e-03 ( 1 of 1 )
FACTION: mass = 1.000000e-02,  1.499391e+00 ( 1 of 1 )
CONGRAD5: time = 1.099064e+00 (fn F) masses = 1 iters = 740 mflops = 1.841373e+03
 OK converged final_rsq= 5e-11 (cf 1e-10) rel = 1 (cf 0) restarts = 4 iters= 740
CONGRAD5: time = 1.000230e-01 (fn F) masses = 1 iters = 78 mflops = 2.132690e+03
 OK converged final_rsq= 9.9e-11 (cf 1e-10) rel = 1 (cf 0) restarts = 1 iters= 78
PBP: mass 1.000000e-02     4.471490e-02  6.322165e-02  -1.728046e-04  -1.750247e-04 ( 1 of 1 )
FACTION: mass = 1.000000e-02,  1.497018e+00 ( 1 of 1 )
CONGRAD5: time = 9.710162e-01 (fn F) masses = 1 iters = 768 mflops = 2.163057e+03
 OK converged final_rsq= 4.9e-11 (cf 1e-10) rel = 1 (cf 0) restarts = 4 iters= 768
CONGRAD5: time = 9.922140e-01 (fn F) masses = 1 iters = 727 mflops = 2.003836e+03
 OK converged final_rsq= 9.9e-11 (cf 1e-10) rel = 1 (cf 0) restarts = 3 iters= 727
GFTIME:   time = 1.954520e-01 (Symanzik1) mflops = 1.803621e+03
FFTIME:  time = 3.489609e-01 (asqtad3) terms = 2 mflops = 2.865256e+03
CONGRAD5: time = 1.074622e+00 (fn F) masses = 1 iters = 787 mflops = 2.002867e+03
 OK converged final_rsq= 5e-11 (cf 1e-10) rel = 1 (cf 0) restarts = 4 iters= 787
CONGRAD5: time = 1.090777e+00 (fn F) masses = 1 iters = 772 mflops = 1.935595e+03
 OK converged final_rsq= 5e-11 (cf 1e-10) rel = 1 (cf 0) restarts = 4 iters= 772
GFTIME:   time = 1.167839e-01 (Symanzik1) mflops = 3.018578e+03
FFTIME:  time = 3.427520e-01 (asqtad3) terms = 2 mflops = 2.917160e+03
CONGRAD5: time = 9.986229e-01 (fn F) masses = 1 iters = 785 mflops = 2.149816e+03
 OK converged final_rsq= 1e-10 (cf 1e-10) rel = 1 (cf 0) restarts = 3 iters= 785
CONGRAD5: time = 1.036208e+00 (fn F) masses = 1 iters = 734 mflops = 1.937235e+03
 OK converged final_rsq= 5e-11 (cf 1e-10) rel = 1 (cf 0) restarts = 4 iters= 734
GFTIME:   time = 1.228261e-01 (Symanzik1) mflops = 2.870084e+03
FFTIME:  time = 3.716891e-01 (asqtad3) terms = 2 mflops = 2.690050e+03
CONGRAD5: time = 1.109037e+00 (fn F) masses = 1 iters = 774 mflops = 1.908658e+03
 OK converged final_rsq= 5e-11 (cf 1e-10) rel = 1 (cf 0) restarts = 4 iters= 774
CONGRAD5: time = 9.403322e-01 (fn F) masses = 1 iters = 738 mflops = 2.146388e+03
 OK converged final_rsq= 1e-10 (cf 1e-10) rel = 1 (cf 0) restarts = 3 iters= 738
GFTIME:   time = 1.180861e-01 (Symanzik1) mflops = 2.985290e+03
FFTIME:  time = 3.500800e-01 (asqtad3) terms = 2 mflops = 2.856096e+03
CONGRAD5: time = 1.026945e+00 (fn F) masses = 1 iters = 766 mflops = 2.039928e+03
 OK converged final_rsq= 5e-11 (cf 1e-10) rel = 1 (cf 0) restarts = 4 iters= 766
CONGRAD5: time = 1.038149e+00 (fn F) masses = 1 iters = 734 mflops = 1.933613e+03
 OK converged final_rsq= 9.9e-11 (cf 1e-10) rel = 1 (cf 0) restarts = 3 iters= 734
GFTIME:   time = 1.543932e-01 (Symanzik1) mflops = 2.283269e+03
FFTIME:  time = 3.881121e-01 (asqtad3) terms = 2 mflops = 2.576221e+03
CONGRAD5: time = 9.957740e-01 (fn F) masses = 1 iters = 775 mflops = 2.128502e+03
 OK converged final_rsq= 5e-11 (cf 1e-10) rel = 1 (cf 0) restarts = 4 iters= 775
CONGRAD5: time = 9.866691e-01 (fn F) masses = 1 iters = 742 mflops = 2.056675e+03
 OK converged final_rsq= 5e-11 (cf 1e-10) rel = 1 (cf 0) restarts = 4 iters= 742
GFTIME:   time = 1.474659e-01 (Symanzik1) mflops = 2.390526e+03
FFTIME:  time = 3.704391e-01 (asqtad3) terms = 2 mflops = 2.699128e+03
CONGRAD5: time = 1.088741e+00 (fn F) masses = 1 iters = 786 mflops = 1.974382e+03
 OK converged final_rsq= 5e-11 (cf 1e-10) rel = 1 (cf 0) restarts = 4 iters= 786
CONGRAD5: time = 1.066402e+00 (fn F) masses = 1 iters = 765 mflops = 1.961886e+03
 OK converged final_rsq= 5e-11 (cf 1e-10) rel = 1 (cf 0) restarts = 4 iters= 765
GFTIME:   time = 1.238370e-01 (Symanzik1) mflops = 2.846655e+03
FFTIME:  time = 3.712778e-01 (asqtad3) terms = 2 mflops = 2.693030e+03
CONGRAD5: time = 9.446130e-01 (fn F) masses = 1 iters = 743 mflops = 2.151137e+03
 OK converged final_rsq= 5e-11 (cf 1e-10) rel = 1 (cf 0) restarts = 4 iters= 743
CONGRAD5: time = 1.114663e+00 (fn F) masses = 1 iters = 753 mflops = 1.847501e+03
 OK converged final_rsq= 1e-10 (cf 1e-10) rel = 1 (cf 0) restarts = 3 iters= 753
GFTIME:   time = 1.278851e-01 (Symanzik1) mflops = 2.756546e+03
FFTIME:  time = 3.857870e-01 (asqtad3) terms = 2 mflops = 2.591747e+03
CONGRAD5: time = 1.086344e+00 (fn F) masses = 1 iters = 770 mflops = 1.938459e+03
 OK converged final_rsq= 5e-11 (cf 1e-10) rel = 1 (cf 0) restarts = 4 iters= 770
CONGRAD5: time = 9.322989e-01 (fn F) masses = 1 iters = 731 mflops = 2.144349e+03
 OK converged final_rsq= 9.9e-11 (cf 1e-10) rel = 1 (cf 0) restarts = 3 iters= 731
GFTIME:   time = 1.181550e-01 (Symanzik1) mflops = 2.983549e+03
FFTIME:  time = 3.491590e-01 (asqtad3) terms = 2 mflops = 2.863630e+03
CONGRAD5: time = 1.020641e+00 (fn F) masses = 1 iters = 771 mflops = 2.065925e+03
 OK converged final_rsq= 5e-11 (cf 1e-10) rel = 1 (cf 0) restarts = 4 iters= 771
CONGRAD5: time = 9.825599e-01 (fn F) masses = 1 iters = 726 mflops = 2.020742e+03
 OK converged final_rsq= 9.9e-11 (cf 1e-10) rel = 1 (cf 0) restarts = 3 iters= 726
GFTIME:   time = 1.408970e-01 (Symanzik1) mflops = 2.501978e+03
FFTIME:  time = 4.164140e-01 (asqtad3) terms = 2 mflops = 2.401125e+03
CONGRAD5: time = 9.964411e-01 (fn F) masses = 1 iters = 774 mflops = 2.124333e+03
 OK converged final_rsq= 5e-11 (cf 1e-10) rel = 1 (cf 0) restarts = 4 iters= 774
CONGRAD5: time = 9.483280e-01 (fn F) masses = 1 iters = 747 mflops = 2.154246e+03
 OK converged final_rsq= 5e-11 (cf 1e-10) rel = 1 (cf 0) restarts = 4 iters= 747
GFTIME:   time = 1.211801e-01 (Symanzik1) mflops = 2.909070e+03
FFTIME:  time = 4.792571e-01 (asqtad3) terms = 2 mflops = 2.086275e+03
CONGRAD5: time = 1.069674e+00 (fn F) masses = 1 iters = 788 mflops = 2.014689e+03
 OK converged final_rsq= 4.9e-11 (cf 1e-10) rel = 1 (cf 0) restarts = 4 iters= 788
CONGRAD5: time = 1.062265e+00 (fn F) masses = 1 iters = 739 mflops = 1.902588e+03
 OK converged final_rsq= 9.9e-11 (cf 1e-10) rel = 1 (cf 0) restarts = 3 iters= 739
GFTIME:   time = 1.223059e-01 (Symanzik1) mflops = 2.882292e+03
FFTIME:  time = 3.697891e-01 (asqtad3) terms = 2 mflops = 2.703871e+03
CONGRAD5: time = 9.674232e-01 (fn F) masses = 1 iters = 757 mflops = 2.139994e+03
 OK converged final_rsq= 5e-11 (cf 1e-10) rel = 1 (cf 0) restarts = 4 iters= 757
CONGRAD5: time = 1.032135e+00 (fn F) masses = 1 iters = 758 mflops = 2.008473e+03
 OK converged final_rsq= 5e-11 (cf 1e-10) rel = 1 (cf 0) restarts = 4 iters= 758
GFTIME:   time = 1.513312e-01 (Symanzik1) mflops = 2.329468e+03
FFTIME:  time = 3.582890e-01 (asqtad3) terms = 2 mflops = 2.790659e+03
CONGRAD5: time = 1.103798e+00 (fn F) masses = 1 iters = 770 mflops = 1.907806e+03
 OK converged final_rsq= 5e-11 (cf 1e-10) rel = 1 (cf 0) restarts = 4 iters= 770
CONGRAD5: time = 9.528060e-01 (fn F) masses = 1 iters = 746 mflops = 2.141251e+03
 OK converged final_rsq= 5e-11 (cf 1e-10) rel = 1 (cf 0) restarts = 4 iters= 746
GFTIME:   time = 1.184828e-01 (Symanzik1) mflops = 2.975294e+03
FFTIME:  time = 3.500302e-01 (asqtad3) terms = 2 mflops = 2.856503e+03
CONGRAD5: time = 1.113166e+00 (fn F) masses = 1 iters = 763 mflops = 1.874553e+03
 OK converged final_rsq= 5e-11 (cf 1e-10) rel = 1 (cf 0) restarts = 4 iters= 763
CONGRAD5: time = 1.051386e+00 (fn F) masses = 1 iters = 753 mflops = 1.958691e+03
 OK converged final_rsq= 1e-10 (cf 1e-10) rel = 1 (cf 0) restarts = 3 iters= 753
GFTIME:   time = 1.578002e-01 (Symanzik1) mflops = 2.233972e+03
FFTIME:  time = 3.834710e-01 (asqtad3) terms = 2 mflops = 2.607400e+03
PLAQ:	1.459433	1.458465
P_LOOP:	1.615890e-02	-8.026718e-03
G_LOOP:  0  0  4   	1.459195e+00	( 0 1 7 6  )
G_LOOP:  0  1  4   	1.460791e+00	( 0 2 7 5  )
G_LOOP:  0  2  4   	1.460614e+00	( 0 3 7 4  )
G_LOOP:  0  3  4   	1.458314e+00	( 1 2 6 5  )
G_LOOP:  0  4  4   	1.457892e+00	( 1 3 6 4  )
G_LOOP:  0  5  4   	1.456888e+00	( 2 3 5 4  )
G_LOOP:  1  0  6   	6.983939e-01	( 0 0 1 7 7 6  )
G_LOOP:  1  1  6   	7.042719e-01	( 0 0 2 7 7 5  )
G_LOOP:  1  2  6   	7.000097e-01	( 0 0 3 7 7 4  )
G_LOOP:  1  3  6   	6.967192e-01	( 1 1 0 6 6 7  )
G_LOOP:  1  4  6   	6.984864e-01	( 1 1 2 6 6 5  )
G_LOOP:  1  5  6   	6.968441e-01	( 1 1 3 6 6 4  )
G_LOOP:  1  6  6   	6.998432e-01	( 2 2 0 5 5 7  )
G_LOOP:  1  7  6   	6.985943e-01	( 2 2 1 5 5 6  )
G_LOOP:  1  8  6   	6.990863e-01	( 2 2 3 5 5 4  )
G_LOOP:  1  9  6   	6.999809e-01	( 3 3 0 4 4 7  )
G_LOOP:  1  10  6   	6.973355e-01	( 3 3 1 4 4 6  )
G_LOOP:  1  11  6   	6.941445e-01	( 3 3 2 4 4 5  )
G_LOOP:  2  0  6   	7.139080e-01	( 0 1 2 7 6 5  )
G_LOOP:  2  1  6   	7.119920e-01	( 0 1 5 7 6 2  )
G_LOOP:  2  2  6   	7.117254e-01	( 0 6 2 7 1 5  )
G_LOOP:  2  3  6   	7.124687e-01	( 0 6 5 7 1 2  )
G_LOOP:  2  4  6   	7.159880e-01	( 0 1 3 7 6 4  )
G_LOOP:  2  5  6   	7.136556e-01	( 0 1 4 7 6 3  )
G_LOOP:  2  6  6   	7.124254e-01	( 0 6 3 7 1 4  )
G_LOOP:  2  7  6   	7.110729e-01	( 0 6 4 7 1 3  )
G_LOOP:  2  8  6   	7.144444e-01	( 0 2 3 7 5 4  )
G_LOOP:  2  9  6   	7.125228e-01	( 0 2 4 7 5 3  )
G_LOOP:  2  10  6   	7.149983e-01	( 0 5 3 7 2 4  )
G_LOOP:  2  11  6   	7.100563e-01	( 0 5 4 7 2 3  )
G_LOOP:  2  12  6   	7.109843e-01	( 1 2 3 6 5 4  )
G_LOOP:  2  13  6   	7.097229e-01	( 1 2 4 6 5 3  )
G_LOOP:  2  14  6   	7.117955e-01	( 1 5 3 6 2 4  )
G_LOOP:  2  15  6   	7.069325e-01	( 1 5 4 6 2 3  )
GACTION: 6.725127e+00
CONGRAD5: time = 9.126279e-01 (fn F) masses = 1 iters = 718 mflops = 2.151612e+03
 OK converged final_rsq= 5e-11 (cf 1e-10) rel = 1 (cf 0) restarts = 4 iters= 718
CONGRAD5: time = 9.721112e-02 (fn F) masses = 1 iters = 75 mflops = 2.109981e+03
 OK converged final_rsq= 1e-10 (cf 1e-10) rel = 1 (cf 0) restarts = 1 iters= 75
PBP: mass 1.000000e-02     6.464430e-02  5.646403e-02  3.676150e-03  3.676061e-03 ( 1 of 1 )
FACTION: mass = 1.000000e-02,  1.503793e+00 ( 1 of 1 )
CONGRAD5: time = 9.589510e-01 (fn F) masses = 1 iters = 755 mflops = 2.153197e+03
 OK converged final_rsq= 5e-11 (cf 1e-10) rel = 1 (cf 0) restarts = 4 iters= 755
CONGRAD5: time = 9.931302e-02 (fn F) masses = 1 iters = 76 mflops = 2.092862e+03
 OK converged final_rsq= 9.8e-11 (cf 1e-10) rel = 1 (cf 0) restarts = 1 iters= 76
PBP: mass 1.000000e-02     6.353492e-02  4.823133e-02  -5.438112e-03  -5.433117e-03 ( 1 of 1 )
FACTION: mass = 1.000000e-02,  1.504196e+00 ( 1 of 1 )
RUNNING COMPLETED
average cg iters for step= 1.451250e+03
Time = 1.690589e+02 seconds
total_iters = 181038
Checksums f5dc514d a700d500
Saved gauge configuration in parallel to binary file lat_p64_size64_2
Time stamp Wed May 18 20:27:56 2022
Wrote info file lat_p64_size64_2.info
Time to save = 3.287840e-01
CHECK PLAQ: 1.459433e+00 1.458465e+00
CHECK NERSC LINKTR: 1.436480e-01 CKSUM: 409d2cae


get_i(0): EOF on input.
Elapsed total time: 184.781808
exit: Wed May 18 20:27:56 2022

