srun: interrupt (one more within 1 sec to abort)
srun: StepId=38608789.107 tasks 0-31: unknown
srun: sending Ctrl-C to StepId=38608789.107
srun: Job step aborted: Waiting up to 92 seconds for job step to finish.
srun: forcing job termination
srun: launch/slurm: _step_signal: Terminating StepId=38608789.107
srun: job abort in progress
srun: interrupt (one more within 1 sec to abort)
srun: sending Ctrl-C to StepId=38608789.110
srun: launch/slurm: launch_p_step_launch: StepId=38608789.110 aborted before step completely launched.
srun: Job step aborted: Waiting up to 92 seconds for job step to finish.
srun: forcing job termination
srun: job abort in progress
srun: launch/slurm: _step_signal: Terminating StepId=38608789.110
srun: job abort in progress
srun: interrupt (one more within 1 sec to abort)
srun: sending Ctrl-C to StepId=38608789.112
srun: forcing job termination
srun: job abort in progress
srun: launch/slurm: launch_p_step_launch: StepId=38608789.112 aborted before step completely launched.
srun: Job step aborted: Waiting up to 92 seconds for job step to finish.
srun: launch/slurm: _step_signal: Terminating StepId=38608789.112
srun: interrupt (one more within 1 sec to abort)
srun: sending Ctrl-C to StepId=38608789.114
srun: forcing job termination
srun: job abort in progress
srun: launch/slurm: launch_p_step_launch: StepId=38608789.114 aborted before step completely launched.
srun: Job step aborted: Waiting up to 92 seconds for job step to finish.
srun: launch/slurm: _step_signal: Terminating StepId=38608789.114
