SU3 with improved KS action
Microcanonical simulation with refreshing
R algorithm
MIMD version 7.8.1
Machine = MPI (portable), with 32 nodes
Host(0) = nid05573
Username = mcopik
Options selected...
Generic single precision
C_GLOBAL_INLINE
DBLSTORE_FN
D_FN_GATHER13
FEWSUMS
KS_MULTIFF=FNMAT
VECLENGTH=4
type 0 for no prompts, 1 for prompts, or 2 for proofreading
nflavors1 2
nflavors2 1
nx 16
ny 8
nz 8
nt 36
iseed 5682304
LAYOUT = Hypercubes, options = hyper_prime,
automatic hyper_prime layout
ON EACH NODE 4 x 4 x 8 x 9
Mallocing 1.1 MBytes per node for lattice
WARNING!!: Resetting random seed
Made lattice
Made nn gathers
Made 3nn gathers
Finished setup


warms 0
trajecs 4
traj_between_meas 1
beta 5.6
mass1 0.125
mass2 0.125
u0 0.8441
microcanonical_time_step 0.2
steps_per_trajectory 5
max_cg_iterations 100
max_cg_restarts 5
error_per_site 0.125
error_for_propagator 0.125
npbp_reps 1
prec_pbp 1
fresh 
save_parallel lat_p64_size64_1
unit gauge configuration loaded
CHECK PLAQ: 3.000000e+00 3.000000e+00
CHECK NERSC LINKTR: 1.000000e+00 CKSUM: 0
Unitarity checked.  Max deviation 0.00e+00
Time to check unitarity = 2.028942e-04
"O(a^2): couplings(pi)=0, Naik term, No O(a^2) errors, tadpole weights"
path coefficients: npath  path_coeff  multiplicity
                    0      6.250000e-01     8
                    1      -5.847914e-02     8
                    2      -8.771871e-02     48
                    3      3.077829e-02     192
                    4      -7.199551e-03     384
                    5      -1.231132e-01     48
Symanzik 1x1 + 1x2 + 1x1x1 action
gauge_action: total_dyn_flavors = 3
loop coefficients: nloop rep loop_coeff  multiplicity
                    0 0      1.000000e+00     6
                    1 0      -7.762509e-02     12
                    2 0      -1.031171e-02     16
WARMUPS COMPLETED
CONGRAD5: time = 4.786015e-03 (fn F) masses = 1 iters = 4 mflops = 1.142850e+03
 OK converged final_rsq= 0.0061 (cf 0.016) rel = 1 (cf 0) restarts = 1 iters= 4
CONGRAD5: time = 3.737926e-03 (fn F) masses = 1 iters = 4 mflops = 1.463297e+03
 OK converged final_rsq= 0.006 (cf 0.016) rel = 1 (cf 0) restarts = 1 iters= 4
GFTIME:   time = 6.305814e-02 (Symanzik1) mflops = 2.795208e+03
FFTIME:  time = 1.749871e-01 (asqtad3) terms = 2 mflops = 2.856960e+03
CONGRAD5: time = 5.112886e-03 (fn F) masses = 1 iters = 4 mflops = 1.069786e+03
 OK converged final_rsq= 0.01 (cf 0.016) rel = 1 (cf 0) restarts = 1 iters= 4
CONGRAD5: time = 3.970146e-03 (fn F) masses = 1 iters = 4 mflops = 1.377706e+03
 OK converged final_rsq= 0.0097 (cf 0.016) rel = 1 (cf 0) restarts = 1 iters= 4
GFTIME:   time = 7.067800e-02 (Symanzik1) mflops = 2.493854e+03
FFTIME:  time = 1.868379e-01 (asqtad3) terms = 2 mflops = 2.675748e+03
CONGRAD5: time = 4.567862e-03 (fn F) masses = 1 iters = 4 mflops = 1.197430e+03
 OK converged final_rsq= 0.014 (cf 0.016) rel = 1 (cf 0) restarts = 1 iters= 4
CONGRAD5: time = 3.902912e-03 (fn F) masses = 1 iters = 4 mflops = 1.401440e+03
 OK converged final_rsq= 0.014 (cf 0.016) rel = 1 (cf 0) restarts = 1 iters= 4
GFTIME:   time = 7.384205e-02 (Symanzik1) mflops = 2.386995e+03
FFTIME:  time = 1.828680e-01 (asqtad3) terms = 2 mflops = 2.733836e+03
CONGRAD5: time = 3.539085e-03 (fn F) masses = 1 iters = 4 mflops = 1.545511e+03
 OK converged final_rsq= 0.013 (cf 0.016) rel = 1 (cf 0) restarts = 1 iters= 4
CONGRAD5: time = 3.446102e-03 (fn F) masses = 1 iters = 4 mflops = 1.587212e+03
 OK converged final_rsq= 0.013 (cf 0.016) rel = 1 (cf 0) restarts = 1 iters= 4
GFTIME:   time = 6.541514e-02 (Symanzik1) mflops = 2.694492e+03
FFTIME:  time = 1.445708e-01 (asqtad3) terms = 2 mflops = 3.458036e+03
CONGRAD5: time = 3.546953e-03 (fn F) masses = 1 iters = 4 mflops = 1.542083e+03
 OK converged final_rsq= 0.011 (cf 0.016) rel = 1 (cf 0) restarts = 1 iters= 4
CONGRAD5: time = 3.440142e-03 (fn F) masses = 1 iters = 4 mflops = 1.589962e+03
 OK converged final_rsq= 0.011 (cf 0.016) rel = 1 (cf 0) restarts = 1 iters= 4
GFTIME:   time = 5.905485e-02 (Symanzik1) mflops = 2.984693e+03
FFTIME:  time = 1.454029e-01 (asqtad3) terms = 2 mflops = 3.438247e+03
PLAQ:	2.349601	2.349835
P_LOOP:	-8.084807e-03	8.713320e-03
G_LOOP:  0  0  4   	2.349396e+00	( 0 1 7 6  )
G_LOOP:  0  1  4   	2.350077e+00	( 0 2 7 5  )
G_LOOP:  0  2  4   	2.345959e+00	( 0 3 7 4  )
G_LOOP:  0  3  4   	2.349329e+00	( 1 2 6 5  )
G_LOOP:  0  4  4   	2.353793e+00	( 1 3 6 4  )
G_LOOP:  0  5  4   	2.349753e+00	( 2 3 5 4  )
G_LOOP:  1  0  6   	1.776418e+00	( 0 0 1 7 7 6  )
G_LOOP:  1  1  6   	1.775458e+00	( 0 0 2 7 7 5  )
G_LOOP:  1  2  6   	1.771841e+00	( 0 0 3 7 7 4  )
G_LOOP:  1  3  6   	1.776159e+00	( 1 1 0 6 6 7  )
G_LOOP:  1  4  6   	1.777992e+00	( 1 1 2 6 6 5  )
G_LOOP:  1  5  6   	1.780394e+00	( 1 1 3 6 6 4  )
G_LOOP:  1  6  6   	1.775600e+00	( 2 2 0 5 5 7  )
G_LOOP:  1  7  6   	1.773827e+00	( 2 2 1 5 5 6  )
G_LOOP:  1  8  6   	1.774903e+00	( 2 2 3 5 5 4  )
G_LOOP:  1  9  6   	1.766301e+00	( 3 3 0 4 4 7  )
G_LOOP:  1  10  6   	1.784863e+00	( 3 3 1 4 4 6  )
G_LOOP:  1  11  6   	1.775867e+00	( 3 3 2 4 4 5  )
G_LOOP:  2  0  6   	1.821945e+00	( 0 1 2 7 6 5  )
G_LOOP:  2  1  6   	1.820811e+00	( 0 1 5 7 6 2  )
G_LOOP:  2  2  6   	1.824942e+00	( 0 6 2 7 1 5  )
G_LOOP:  2  3  6   	1.822656e+00	( 0 6 5 7 1 2  )
G_LOOP:  2  4  6   	1.818289e+00	( 0 1 3 7 6 4  )
G_LOOP:  2  5  6   	1.824846e+00	( 0 1 4 7 6 3  )
G_LOOP:  2  6  6   	1.825465e+00	( 0 6 3 7 1 4  )
G_LOOP:  2  7  6   	1.821118e+00	( 0 6 4 7 1 3  )
G_LOOP:  2  8  6   	1.821953e+00	( 0 2 3 7 5 4  )
G_LOOP:  2  9  6   	1.817864e+00	( 0 2 4 7 5 3  )
G_LOOP:  2  10  6   	1.822062e+00	( 0 5 3 7 2 4  )
G_LOOP:  2  11  6   	1.817336e+00	( 0 5 4 7 2 3  )
G_LOOP:  2  12  6   	1.824341e+00	( 1 2 3 6 5 4  )
G_LOOP:  2  13  6   	1.819176e+00	( 1 2 4 6 5 3  )
G_LOOP:  2  14  6   	1.830293e+00	( 1 5 3 6 2 4  )
G_LOOP:  2  15  6   	1.827528e+00	( 1 5 4 6 2 3  )
GACTION: 2.567086e+00
CONGRAD5: time = 3.673077e-03 (fn F) masses = 1 iters = 4 mflops = 1.489132e+03
 OK converged final_rsq= 0.01 (cf 0.016) rel = 1 (cf 0) restarts = 1 iters= 4
CONGRAD5: time = 4.644871e-03 (fn F) masses = 1 iters = 6 mflops = 1.766366e+03
 OK converged final_rsq= 0.0078 (cf 0.016) rel = 1 (cf 0) restarts = 1 iters= 6
PBP: mass 1.250000e-01     6.951406e-02  1.076963e-01  -1.588555e-03  -2.674904e-03 ( 1 of 1 )
FACTION: mass = 1.250000e-01,  1.460881e+00 ( 1 of 1 )
CONGRAD5: time = 3.706932e-03 (fn F) masses = 1 iters = 4 mflops = 1.475532e+03
 OK converged final_rsq= 0.01 (cf 0.016) rel = 1 (cf 0) restarts = 1 iters= 4
CONGRAD5: time = 4.624844e-03 (fn F) masses = 1 iters = 6 mflops = 1.774015e+03
 OK converged final_rsq= 0.0082 (cf 0.016) rel = 1 (cf 0) restarts = 1 iters= 6
PBP: mass 1.250000e-01     6.688204e-02  1.132018e-01  2.818129e-03  3.788318e-03 ( 1 of 1 )
FACTION: mass = 1.250000e-01,  1.478037e+00 ( 1 of 1 )
CONGRAD5: time = 3.552198e-03 (fn F) masses = 1 iters = 4 mflops = 1.539806e+03
 OK converged final_rsq= 0.011 (cf 0.016) rel = 1 (cf 0) restarts = 1 iters= 4
CONGRAD5: time = 3.400087e-03 (fn F) masses = 1 iters = 4 mflops = 1.608693e+03
 OK converged final_rsq= 0.011 (cf 0.016) rel = 1 (cf 0) restarts = 1 iters= 4
GFTIME:   time = 5.919003e-02 (Symanzik1) mflops = 2.977876e+03
FFTIME:  time = 2.061720e-01 (asqtad3) terms = 2 mflops = 2.424826e+03
CONGRAD5: time = 7.866859e-03 (fn F) masses = 1 iters = 5 mflops = 8.691041e+02
 OK converged final_rsq= 0.0069 (cf 0.016) rel = 1 (cf 0) restarts = 1 iters= 5
CONGRAD5: time = 3.767967e-03 (fn F) masses = 1 iters = 4 mflops = 1.451630e+03
 OK converged final_rsq= 0.015 (cf 0.016) rel = 1 (cf 0) restarts = 1 iters= 4
GFTIME:   time = 6.350183e-02 (Symanzik1) mflops = 2.775677e+03
FFTIME:  time = 1.535270e-01 (asqtad3) terms = 2 mflops = 3.256307e+03
CONGRAD5: time = 4.148960e-03 (fn F) masses = 1 iters = 5 mflops = 1.647912e+03
 OK converged final_rsq= 0.0087 (cf 0.016) rel = 1 (cf 0) restarts = 1 iters= 5
CONGRAD5: time = 4.033089e-03 (fn F) masses = 1 iters = 5 mflops = 1.695257e+03
 OK converged final_rsq= 0.0084 (cf 0.016) rel = 1 (cf 0) restarts = 1 iters= 5
GFTIME:   time = 5.877900e-02 (Symanzik1) mflops = 2.998700e+03
FFTIME:  time = 1.443119e-01 (asqtad3) terms = 2 mflops = 3.464240e+03
CONGRAD5: time = 4.157066e-03 (fn F) masses = 1 iters = 5 mflops = 1.644698e+03
 OK converged final_rsq= 0.0084 (cf 0.016) rel = 1 (cf 0) restarts = 1 iters= 5
CONGRAD5: time = 4.018068e-03 (fn F) masses = 1 iters = 5 mflops = 1.701594e+03
 OK converged final_rsq= 0.0082 (cf 0.016) rel = 1 (cf 0) restarts = 1 iters= 5
GFTIME:   time = 5.871391e-02 (Symanzik1) mflops = 3.002025e+03
FFTIME:  time = 1.453080e-01 (asqtad3) terms = 2 mflops = 3.440492e+03
CONGRAD5: time = 3.546000e-03 (fn F) masses = 1 iters = 4 mflops = 1.542498e+03
 OK converged final_rsq= 0.015 (cf 0.016) rel = 1 (cf 0) restarts = 1 iters= 4
CONGRAD5: time = 3.479004e-03 (fn F) masses = 1 iters = 4 mflops = 1.572202e+03
 OK converged final_rsq= 0.015 (cf 0.016) rel = 1 (cf 0) restarts = 1 iters= 4
GFTIME:   time = 6.017423e-02 (Symanzik1) mflops = 2.929171e+03
FFTIME:  time = 1.441958e-01 (asqtad3) terms = 2 mflops = 3.467030e+03
PLAQ:	2.013172	2.017219
P_LOOP:	1.960852e-02	-2.494796e-02
G_LOOP:  0  0  4   	2.017202e+00	( 0 1 7 6  )
G_LOOP:  0  1  4   	2.013733e+00	( 0 2 7 5  )
G_LOOP:  0  2  4   	2.019144e+00	( 0 3 7 4  )
G_LOOP:  0  3  4   	2.008581e+00	( 1 2 6 5  )
G_LOOP:  0  4  4   	2.017523e+00	( 1 3 6 4  )
G_LOOP:  0  5  4   	2.014990e+00	( 2 3 5 4  )
G_LOOP:  1  0  6   	1.304672e+00	( 0 0 1 7 7 6  )
G_LOOP:  1  1  6   	1.302535e+00	( 0 0 2 7 7 5  )
G_LOOP:  1  2  6   	1.309334e+00	( 0 0 3 7 7 4  )
G_LOOP:  1  3  6   	1.308088e+00	( 1 1 0 6 6 7  )
G_LOOP:  1  4  6   	1.293703e+00	( 1 1 2 6 6 5  )
G_LOOP:  1  5  6   	1.305435e+00	( 1 1 3 6 6 4  )
G_LOOP:  1  6  6   	1.305355e+00	( 2 2 0 5 5 7  )
G_LOOP:  1  7  6   	1.297786e+00	( 2 2 1 5 5 6  )
G_LOOP:  1  8  6   	1.302078e+00	( 2 2 3 5 5 4  )
G_LOOP:  1  9  6   	1.310564e+00	( 3 3 0 4 4 7  )
G_LOOP:  1  10  6   	1.307580e+00	( 3 3 1 4 4 6  )
G_LOOP:  1  11  6   	1.308746e+00	( 3 3 2 4 4 5  )
G_LOOP:  2  0  6   	1.344830e+00	( 0 1 2 7 6 5  )
G_LOOP:  2  1  6   	1.341135e+00	( 0 1 5 7 6 2  )
G_LOOP:  2  2  6   	1.352155e+00	( 0 6 2 7 1 5  )
G_LOOP:  2  3  6   	1.342497e+00	( 0 6 5 7 1 2  )
G_LOOP:  2  4  6   	1.349918e+00	( 0 1 3 7 6 4  )
G_LOOP:  2  5  6   	1.355072e+00	( 0 1 4 7 6 3  )
G_LOOP:  2  6  6   	1.352955e+00	( 0 6 3 7 1 4  )
G_LOOP:  2  7  6   	1.354463e+00	( 0 6 4 7 1 3  )
G_LOOP:  2  8  6   	1.349836e+00	( 0 2 3 7 5 4  )
G_LOOP:  2  9  6   	1.344382e+00	( 0 2 4 7 5 3  )
G_LOOP:  2  10  6   	1.347910e+00	( 0 5 3 7 2 4  )
G_LOOP:  2  11  6   	1.345573e+00	( 0 5 4 7 2 3  )
G_LOOP:  2  12  6   	1.348588e+00	( 1 2 3 6 5 4  )
G_LOOP:  2  13  6   	1.343335e+00	( 1 2 4 6 5 3  )
G_LOOP:  2  14  6   	1.341432e+00	( 1 5 3 6 2 4  )
G_LOOP:  2  15  6   	1.347296e+00	( 1 5 4 6 2 3  )
GACTION: 4.056985e+00
CONGRAD5: time = 3.626108e-03 (fn F) masses = 1 iters = 4 mflops = 1.508421e+03
 OK converged final_rsq= 0.014 (cf 0.016) rel = 1 (cf 0) restarts = 1 iters= 4
CONGRAD5: time = 4.712105e-03 (fn F) masses = 1 iters = 6 mflops = 1.741163e+03
 OK converged final_rsq= 0.013 (cf 0.016) rel = 1 (cf 0) restarts = 1 iters= 6
PBP: mass 1.250000e-01     8.690378e-02  1.716741e-01  -2.287688e-03  -1.246880e-03 ( 1 of 1 )
FACTION: mass = 1.250000e-01,  1.453105e+00 ( 1 of 1 )
CONGRAD5: time = 3.486872e-03 (fn F) masses = 1 iters = 4 mflops = 1.568654e+03
 OK converged final_rsq= 0.014 (cf 0.016) rel = 1 (cf 0) restarts = 1 iters= 4
CONGRAD5: time = 4.760981e-03 (fn F) masses = 1 iters = 6 mflops = 1.723289e+03
 OK converged final_rsq= 0.013 (cf 0.016) rel = 1 (cf 0) restarts = 1 iters= 6
PBP: mass 1.250000e-01     9.176318e-02  1.607143e-01  -4.144179e-03  -3.913468e-03 ( 1 of 1 )
FACTION: mass = 1.250000e-01,  1.441279e+00 ( 1 of 1 )
CONGRAD5: time = 4.907846e-03 (fn F) masses = 1 iters = 5 mflops = 1.393100e+03
 OK converged final_rsq= 0.0074 (cf 0.016) rel = 1 (cf 0) restarts = 1 iters= 5
CONGRAD5: time = 3.392935e-03 (fn F) masses = 1 iters = 4 mflops = 1.612084e+03
 OK converged final_rsq= 0.015 (cf 0.016) rel = 1 (cf 0) restarts = 1 iters= 4
GFTIME:   time = 6.066012e-02 (Symanzik1) mflops = 2.905708e+03
FFTIME:  time = 1.500790e-01 (asqtad3) terms = 2 mflops = 3.331120e+03
CONGRAD5: time = 4.264116e-03 (fn F) masses = 1 iters = 5 mflops = 1.603408e+03
 OK converged final_rsq= 0.0094 (cf 0.016) rel = 1 (cf 0) restarts = 1 iters= 5
CONGRAD5: time = 4.174948e-03 (fn F) masses = 1 iters = 5 mflops = 1.637654e+03
 OK converged final_rsq= 0.0086 (cf 0.016) rel = 1 (cf 0) restarts = 1 iters= 5
GFTIME:   time = 6.030607e-02 (Symanzik1) mflops = 2.922767e+03
FFTIME:  time = 1.828041e-01 (asqtad3) terms = 2 mflops = 2.734792e+03
CONGRAD5: time = 5.450010e-03 (fn F) masses = 1 iters = 5 mflops = 1.254515e+03
 OK converged final_rsq= 0.011 (cf 0.016) rel = 1 (cf 0) restarts = 1 iters= 5
CONGRAD5: time = 4.066944e-03 (fn F) masses = 1 iters = 5 mflops = 1.681144e+03
 OK converged final_rsq= 0.01 (cf 0.016) rel = 1 (cf 0) restarts = 1 iters= 5
GFTIME:   time = 6.955194e-02 (Symanzik1) mflops = 2.534230e+03
FFTIME:  time = 1.902039e-01 (asqtad3) terms = 2 mflops = 2.628396e+03
CONGRAD5: time = 5.872965e-03 (fn F) masses = 1 iters = 5 mflops = 1.164168e+03
 OK converged final_rsq= 0.01 (cf 0.016) rel = 1 (cf 0) restarts = 1 iters= 5
CONGRAD5: time = 5.078077e-03 (fn F) masses = 1 iters = 5 mflops = 1.346399e+03
 OK converged final_rsq= 0.01 (cf 0.016) rel = 1 (cf 0) restarts = 1 iters= 5
GFTIME:   time = 6.862783e-02 (Symanzik1) mflops = 2.568355e+03
FFTIME:  time = 1.648350e-01 (asqtad3) terms = 2 mflops = 3.032919e+03
CONGRAD5: time = 4.141092e-03 (fn F) masses = 1 iters = 5 mflops = 1.651043e+03
 OK converged final_rsq= 0.01 (cf 0.016) rel = 1 (cf 0) restarts = 1 iters= 5
CONGRAD5: time = 4.020214e-03 (fn F) masses = 1 iters = 5 mflops = 1.700686e+03
 OK converged final_rsq= 0.0096 (cf 0.016) rel = 1 (cf 0) restarts = 1 iters= 5
GFTIME:   time = 5.986500e-02 (Symanzik1) mflops = 2.944302e+03
FFTIME:  time = 1.453819e-01 (asqtad3) terms = 2 mflops = 3.438743e+03
PLAQ:	1.794639	1.794439
P_LOOP:	2.967754e-02	-1.808640e-02
G_LOOP:  0  0  4   	1.799420e+00	( 0 1 7 6  )
G_LOOP:  0  1  4   	1.790888e+00	( 0 2 7 5  )
G_LOOP:  0  2  4   	1.793695e+00	( 0 3 7 4  )
G_LOOP:  0  3  4   	1.793609e+00	( 1 2 6 5  )
G_LOOP:  0  4  4   	1.798660e+00	( 1 3 6 4  )
G_LOOP:  0  5  4   	1.790963e+00	( 2 3 5 4  )
G_LOOP:  1  0  6   	1.039154e+00	( 0 0 1 7 7 6  )
G_LOOP:  1  1  6   	1.024794e+00	( 0 0 2 7 7 5  )
G_LOOP:  1  2  6   	1.023798e+00	( 0 0 3 7 7 4  )
G_LOOP:  1  3  6   	1.034941e+00	( 1 1 0 6 6 7  )
G_LOOP:  1  4  6   	1.029027e+00	( 1 1 2 6 6 5  )
G_LOOP:  1  5  6   	1.034595e+00	( 1 1 3 6 6 4  )
G_LOOP:  1  6  6   	1.022471e+00	( 2 2 0 5 5 7  )
G_LOOP:  1  7  6   	1.024796e+00	( 2 2 1 5 5 6  )
G_LOOP:  1  8  6   	1.018340e+00	( 2 2 3 5 5 4  )
G_LOOP:  1  9  6   	1.030807e+00	( 3 3 0 4 4 7  )
G_LOOP:  1  10  6   	1.039294e+00	( 3 3 1 4 4 6  )
G_LOOP:  1  11  6   	1.019778e+00	( 3 3 2 4 4 5  )
G_LOOP:  2  0  6   	1.053655e+00	( 0 1 2 7 6 5  )
G_LOOP:  2  1  6   	1.063683e+00	( 0 1 5 7 6 2  )
G_LOOP:  2  2  6   	1.062778e+00	( 0 6 2 7 1 5  )
G_LOOP:  2  3  6   	1.061709e+00	( 0 6 5 7 1 2  )
G_LOOP:  2  4  6   	1.061796e+00	( 0 1 3 7 6 4  )
G_LOOP:  2  5  6   	1.069225e+00	( 0 1 4 7 6 3  )
G_LOOP:  2  6  6   	1.062380e+00	( 0 6 3 7 1 4  )
G_LOOP:  2  7  6   	1.069684e+00	( 0 6 4 7 1 3  )
G_LOOP:  2  8  6   	1.057541e+00	( 0 2 3 7 5 4  )
G_LOOP:  2  9  6   	1.062605e+00	( 0 2 4 7 5 3  )
G_LOOP:  2  10  6   	1.055512e+00	( 0 5 3 7 2 4  )
G_LOOP:  2  11  6   	1.058250e+00	( 0 5 4 7 2 3  )
G_LOOP:  2  12  6   	1.062194e+00	( 1 2 3 6 5 4  )
G_LOOP:  2  13  6   	1.061215e+00	( 1 2 4 6 5 3  )
G_LOOP:  2  14  6   	1.058760e+00	( 1 5 3 6 2 4  )
G_LOOP:  2  15  6   	1.056663e+00	( 1 5 4 6 2 3  )
GACTION: 5.076400e+00
CONGRAD5: time = 4.080057e-03 (fn F) masses = 1 iters = 5 mflops = 1.675741e+03
 OK converged final_rsq= 0.0085 (cf 0.016) rel = 1 (cf 0) restarts = 1 iters= 5
CONGRAD5: time = 4.662037e-03 (fn F) masses = 1 iters = 6 mflops = 1.759863e+03
 OK converged final_rsq= 0.015 (cf 0.016) rel = 1 (cf 0) restarts = 1 iters= 6
PBP: mass 1.250000e-01     1.066392e-01  3.081026e-01  4.654740e-03  3.557145e-03 ( 1 of 1 )
FACTION: mass = 1.250000e-01,  1.448462e+00 ( 1 of 1 )
CONGRAD5: time = 4.585028e-03 (fn F) masses = 1 iters = 5 mflops = 1.491184e+03
 OK converged final_rsq= 0.0084 (cf 0.016) rel = 1 (cf 0) restarts = 1 iters= 5
CONGRAD5: time = 4.721880e-03 (fn F) masses = 1 iters = 6 mflops = 1.737559e+03
 OK converged final_rsq= 0.015 (cf 0.016) rel = 1 (cf 0) restarts = 1 iters= 6
PBP: mass 1.250000e-01     1.025752e-01  3.140966e-01  -6.163071e-04  -7.534923e-04 ( 1 of 1 )
FACTION: mass = 1.250000e-01,  1.444132e+00 ( 1 of 1 )
CONGRAD5: time = 4.132986e-03 (fn F) masses = 1 iters = 5 mflops = 1.654281e+03
 OK converged final_rsq= 0.0099 (cf 0.016) rel = 1 (cf 0) restarts = 1 iters= 5
CONGRAD5: time = 4.004002e-03 (fn F) masses = 1 iters = 5 mflops = 1.707572e+03
 OK converged final_rsq= 0.0096 (cf 0.016) rel = 1 (cf 0) restarts = 1 iters= 5
GFTIME:   time = 5.874085e-02 (Symanzik1) mflops = 3.000648e+03
FFTIME:  time = 1.456840e-01 (asqtad3) terms = 2 mflops = 3.431613e+03
CONGRAD5: time = 4.122019e-03 (fn F) masses = 1 iters = 5 mflops = 1.658682e+03
 OK converged final_rsq= 0.011 (cf 0.016) rel = 1 (cf 0) restarts = 1 iters= 5
CONGRAD5: time = 4.003048e-03 (fn F) masses = 1 iters = 5 mflops = 1.707979e+03
 OK converged final_rsq= 0.011 (cf 0.016) rel = 1 (cf 0) restarts = 1 iters= 5
GFTIME:   time = 6.019497e-02 (Symanzik1) mflops = 2.928162e+03
FFTIME:  time = 1.448839e-01 (asqtad3) terms = 2 mflops = 3.450564e+03
CONGRAD5: time = 4.751921e-03 (fn F) masses = 1 iters = 5 mflops = 1.438812e+03
 OK converged final_rsq= 0.012 (cf 0.016) rel = 1 (cf 0) restarts = 1 iters= 5
CONGRAD5: time = 4.058123e-03 (fn F) masses = 1 iters = 5 mflops = 1.684799e+03
 OK converged final_rsq= 0.012 (cf 0.016) rel = 1 (cf 0) restarts = 1 iters= 5
GFTIME:   time = 6.171012e-02 (Symanzik1) mflops = 2.856267e+03
FFTIME:  time = 1.484890e-01 (asqtad3) terms = 2 mflops = 3.366789e+03
CONGRAD5: time = 4.151106e-03 (fn F) masses = 1 iters = 5 mflops = 1.647060e+03
 OK converged final_rsq= 0.013 (cf 0.016) rel = 1 (cf 0) restarts = 1 iters= 5
CONGRAD5: time = 4.025936e-03 (fn F) masses = 1 iters = 5 mflops = 1.698268e+03
 OK converged final_rsq= 0.012 (cf 0.016) rel = 1 (cf 0) restarts = 1 iters= 5
GFTIME:   time = 6.093884e-02 (Symanzik1) mflops = 2.892418e+03
FFTIME:  time = 1.478860e-01 (asqtad3) terms = 2 mflops = 3.380516e+03
CONGRAD5: time = 4.129887e-03 (fn F) masses = 1 iters = 5 mflops = 1.655522e+03
 OK converged final_rsq= 0.012 (cf 0.016) rel = 1 (cf 0) restarts = 1 iters= 5
CONGRAD5: time = 4.008055e-03 (fn F) masses = 1 iters = 5 mflops = 1.705845e+03
 OK converged final_rsq= 0.011 (cf 0.016) rel = 1 (cf 0) restarts = 1 iters= 5
GFTIME:   time = 5.871010e-02 (Symanzik1) mflops = 3.002220e+03
FFTIME:  time = 1.480870e-01 (asqtad3) terms = 2 mflops = 3.375928e+03
PLAQ:	1.645792	1.643904
P_LOOP:	-8.197186e-03	5.077758e-02
G_LOOP:  0  0  4   	1.650007e+00	( 0 1 7 6  )
G_LOOP:  0  1  4   	1.645946e+00	( 0 2 7 5  )
G_LOOP:  0  2  4   	1.649325e+00	( 0 3 7 4  )
G_LOOP:  0  3  4   	1.641424e+00	( 1 2 6 5  )
G_LOOP:  0  4  4   	1.644123e+00	( 1 3 6 4  )
G_LOOP:  0  5  4   	1.638263e+00	( 2 3 5 4  )
G_LOOP:  1  0  6   	8.645052e-01	( 0 0 1 7 7 6  )
G_LOOP:  1  1  6   	8.604069e-01	( 0 0 2 7 7 5  )
G_LOOP:  1  2  6   	8.604076e-01	( 0 0 3 7 7 4  )
G_LOOP:  1  3  6   	8.649686e-01	( 1 1 0 6 6 7  )
G_LOOP:  1  4  6   	8.485101e-01	( 1 1 2 6 6 5  )
G_LOOP:  1  5  6   	8.500264e-01	( 1 1 3 6 6 4  )
G_LOOP:  1  6  6   	8.576334e-01	( 2 2 0 5 5 7  )
G_LOOP:  1  7  6   	8.497820e-01	( 2 2 1 5 5 6  )
G_LOOP:  1  8  6   	8.487023e-01	( 2 2 3 5 5 4  )
G_LOOP:  1  9  6   	8.548094e-01	( 3 3 0 4 4 7  )
G_LOOP:  1  10  6   	8.516216e-01	( 3 3 1 4 4 6  )
G_LOOP:  1  11  6   	8.489936e-01	( 3 3 2 4 4 5  )
G_LOOP:  2  0  6   	8.770076e-01	( 0 1 2 7 6 5  )
G_LOOP:  2  1  6   	8.790823e-01	( 0 1 5 7 6 2  )
G_LOOP:  2  2  6   	8.813909e-01	( 0 6 2 7 1 5  )
G_LOOP:  2  3  6   	8.765040e-01	( 0 6 5 7 1 2  )
G_LOOP:  2  4  6   	8.733976e-01	( 0 1 3 7 6 4  )
G_LOOP:  2  5  6   	8.860708e-01	( 0 1 4 7 6 3  )
G_LOOP:  2  6  6   	8.837483e-01	( 0 6 3 7 1 4  )
G_LOOP:  2  7  6   	8.815830e-01	( 0 6 4 7 1 3  )
G_LOOP:  2  8  6   	8.733226e-01	( 0 2 3 7 5 4  )
G_LOOP:  2  9  6   	8.755202e-01	( 0 2 4 7 5 3  )
G_LOOP:  2  10  6   	8.772982e-01	( 0 5 3 7 2 4  )
G_LOOP:  2  11  6   	8.789451e-01	( 0 5 4 7 2 3  )
G_LOOP:  2  12  6   	8.759352e-01	( 1 2 3 6 5 4  )
G_LOOP:  2  13  6   	8.759785e-01	( 1 2 4 6 5 3  )
G_LOOP:  2  14  6   	8.814232e-01	( 1 5 3 6 2 4  )
G_LOOP:  2  15  6   	8.648005e-01	( 1 5 4 6 2 3  )
GACTION: 5.782705e+00
CONGRAD5: time = 4.633188e-03 (fn F) masses = 1 iters = 5 mflops = 1.475684e+03
 OK converged final_rsq= 0.01 (cf 0.016) rel = 1 (cf 0) restarts = 1 iters= 5
CONGRAD5: time = 5.505085e-03 (fn F) masses = 1 iters = 7 mflops = 1.738750e+03
 OK converged final_rsq= 0.0081 (cf 0.016) rel = 1 (cf 0) restarts = 1 iters= 7
PBP: mass 1.250000e-01     1.244798e-01  3.169711e-01  -3.379830e-03  -2.741972e-03 ( 1 of 1 )
FACTION: mass = 1.250000e-01,  1.439485e+00 ( 1 of 1 )
CONGRAD5: time = 4.788876e-03 (fn F) masses = 1 iters = 5 mflops = 1.427709e+03
 OK converged final_rsq= 0.01 (cf 0.016) rel = 1 (cf 0) restarts = 1 iters= 5
CONGRAD5: time = 7.820845e-03 (fn F) masses = 1 iters = 7 mflops = 1.223905e+03
 OK converged final_rsq= 0.0083 (cf 0.016) rel = 1 (cf 0) restarts = 1 iters= 7
PBP: mass 1.250000e-01     1.328154e-01  3.117547e-01  -2.365459e-03  -1.909385e-03 ( 1 of 1 )
FACTION: mass = 1.250000e-01,  1.439103e+00 ( 1 of 1 )
RUNNING COMPLETED
average cg iters for step= 1.100000e+01
Time = 6.918312e+00 seconds
total_iters = 550
Checksums 27ed4bcd decec819
Saved gauge configuration in parallel to binary file lat_p64_size64_1
Time stamp Wed May 18 20:21:53 2022
Wrote info file lat_p64_size64_1.info
Time to save = 3.975961e-01
CHECK PLAQ: 1.645792e+00 1.643904e+00
CHECK NERSC LINKTR: 1.721335e-01 CKSUM: ec2a4db8


warms 0
trajecs 4
traj_between_meas 1
beta 5.6
mass1 0.01
mass2 0.01
u0 0.8441
microcanonical_time_step 0.02
steps_per_trajectory 15
max_cg_iterations 300
max_cg_restarts 5
error_per_site 1e-05
error_for_propagator 1e-05
npbp_reps 1
prec_pbp 1
reload_parallel lat_p64_size64_1
save_parallel lat_p64_size64_2
Restored binary gauge configuration in parallel from file lat_p64_size64_1
Time stamp Wed May 18 20:21:53 2022
Checksums 27ed4bcd decec819 OK
Time to reload gauge configuration = 2.459469e-01
CHECK PLAQ: 1.645792e+00 1.643904e+00
CHECK NERSC LINKTR: 1.721335e-01 CKSUM: ec2a4db8
Unitarity checked.  Max deviation 2.98e-07
Time to check unitarity = 9.248257e-04
"O(a^2): couplings(pi)=0, Naik term, No O(a^2) errors, tadpole weights"
path coefficients: npath  path_coeff  multiplicity
                    0      6.250000e-01     8
                    1      -5.847914e-02     8
                    2      -8.771871e-02     48
                    3      3.077829e-02     192
                    4      -7.199551e-03     384
                    5      -1.231132e-01     48
Symanzik 1x1 + 1x2 + 1x1x1 action
gauge_action: total_dyn_flavors = 3
loop coefficients: nloop rep loop_coeff  multiplicity
                    0 0      1.000000e+00     6
                    1 0      -7.762509e-02     12
                    2 0      -1.031171e-02     16
WARMUPS COMPLETED
CONGRAD5: time = 5.635118e-01 (fn F) masses = 1 iters = 833 mflops = 2.021367e+03
 OK converged final_rsq= 5e-11 (cf 1e-10) rel = 1 (cf 0) restarts = 4 iters= 833
CONGRAD5: time = 4.979010e-01 (fn F) masses = 1 iters = 808 mflops = 2.219073e+03
 OK converged final_rsq= 5e-11 (cf 1e-10) rel = 1 (cf 0) restarts = 4 iters= 808
GFTIME:   time = 6.026697e-02 (Symanzik1) mflops = 2.924663e+03
FFTIME:  time = 1.784410e-01 (asqtad3) terms = 2 mflops = 2.801660e+03
CONGRAD5: time = 4.800570e-01 (fn F) masses = 1 iters = 778 mflops = 2.216103e+03
 OK converged final_rsq= 5e-11 (cf 1e-10) rel = 1 (cf 0) restarts = 4 iters= 778
CONGRAD5: time = 4.822080e-01 (fn F) masses = 1 iters = 775 mflops = 2.197710e+03
 OK converged final_rsq= 5e-11 (cf 1e-10) rel = 1 (cf 0) restarts = 4 iters= 775
GFTIME:   time = 7.835603e-02 (Symanzik1) mflops = 2.249484e+03
FFTIME:  time = 1.485310e-01 (asqtad3) terms = 2 mflops = 3.365838e+03
CONGRAD5: time = 5.500710e-01 (fn F) masses = 1 iters = 800 mflops = 1.988724e+03
 OK converged final_rsq= 5e-11 (cf 1e-10) rel = 1 (cf 0) restarts = 4 iters= 800
CONGRAD5: time = 5.611320e-01 (fn F) masses = 1 iters = 739 mflops = 1.800871e+03
 OK converged final_rsq= 9.9e-11 (cf 1e-10) rel = 1 (cf 0) restarts = 3 iters= 739
GFTIME:   time = 6.002784e-02 (Symanzik1) mflops = 2.936314e+03
FFTIME:  time = 1.497869e-01 (asqtad3) terms = 2 mflops = 3.337615e+03
CONGRAD5: time = 4.587622e-01 (fn F) masses = 1 iters = 743 mflops = 2.214647e+03
 OK converged final_rsq= 5e-11 (cf 1e-10) rel = 1 (cf 0) restarts = 4 iters= 743
CONGRAD5: time = 5.299351e-01 (fn F) masses = 1 iters = 790 mflops = 2.038485e+03
 OK converged final_rsq= 4.9e-11 (cf 1e-10) rel = 1 (cf 0) restarts = 4 iters= 790
GFTIME:   time = 6.280804e-02 (Symanzik1) mflops = 2.806338e+03
FFTIME:  time = 1.526291e-01 (asqtad3) terms = 2 mflops = 3.275463e+03
CONGRAD5: time = 5.116861e-01 (fn F) masses = 1 iters = 835 mflops = 2.231444e+03
 OK converged final_rsq= 4.9e-11 (cf 1e-10) rel = 1 (cf 0) restarts = 4 iters= 835
CONGRAD5: time = 4.827659e-01 (fn F) masses = 1 iters = 788 mflops = 2.231993e+03
 OK converged final_rsq= 4.9e-11 (cf 1e-10) rel = 1 (cf 0) restarts = 4 iters= 788
GFTIME:   time = 5.890608e-02 (Symanzik1) mflops = 2.992231e+03
FFTIME:  time = 1.439939e-01 (asqtad3) terms = 2 mflops = 3.471892e+03
CONGRAD5: time = 4.566431e-01 (fn F) masses = 1 iters = 745 mflops = 2.230913e+03
 OK converged final_rsq= 5e-11 (cf 1e-10) rel = 1 (cf 0) restarts = 4 iters= 745
CONGRAD5: time = 4.795010e-01 (fn F) masses = 1 iters = 782 mflops = 2.230080e+03
 OK converged final_rsq= 5e-11 (cf 1e-10) rel = 1 (cf 0) restarts = 4 iters= 782
GFTIME:   time = 5.905104e-02 (Symanzik1) mflops = 2.984886e+03
FFTIME:  time = 1.452019e-01 (asqtad3) terms = 2 mflops = 3.443006e+03
CONGRAD5: time = 4.799669e-01 (fn F) masses = 1 iters = 776 mflops = 2.210821e+03
 OK converged final_rsq= 5e-11 (cf 1e-10) rel = 1 (cf 0) restarts = 4 iters= 776
CONGRAD5: time = 5.008590e-01 (fn F) masses = 1 iters = 748 mflops = 2.042158e+03
 OK converged final_rsq= 9.9e-11 (cf 1e-10) rel = 1 (cf 0) restarts = 3 iters= 748
GFTIME:   time = 7.110310e-02 (Symanzik1) mflops = 2.478944e+03
FFTIME:  time = 1.659410e-01 (asqtad3) terms = 2 mflops = 3.012704e+03
CONGRAD5: time = 5.437679e-01 (fn F) masses = 1 iters = 788 mflops = 1.981599e+03
 OK converged final_rsq= 5e-11 (cf 1e-10) rel = 1 (cf 0) restarts = 4 iters= 788
CONGRAD5: time = 4.834449e-01 (fn F) masses = 1 iters = 776 mflops = 2.194916e+03
 OK converged final_rsq= 5e-11 (cf 1e-10) rel = 1 (cf 0) restarts = 4 iters= 776
GFTIME:   time = 5.998778e-02 (Symanzik1) mflops = 2.938275e+03
FFTIME:  time = 1.446211e-01 (asqtad3) terms = 2 mflops = 3.456833e+03
CONGRAD5: time = 5.221021e-01 (fn F) masses = 1 iters = 774 mflops = 2.027163e+03
 OK converged final_rsq= 9.9e-11 (cf 1e-10) rel = 1 (cf 0) restarts = 3 iters= 774
CONGRAD5: time = 4.785559e-01 (fn F) masses = 1 iters = 781 mflops = 2.231627e+03
 OK converged final_rsq= 9.9e-11 (cf 1e-10) rel = 1 (cf 0) restarts = 3 iters= 781
GFTIME:   time = 6.971312e-02 (Symanzik1) mflops = 2.528371e+03
FFTIME:  time = 1.547279e-01 (asqtad3) terms = 2 mflops = 3.231033e+03
CONGRAD5: time = 4.595299e-01 (fn F) masses = 1 iters = 748 mflops = 2.225825e+03
 OK converged final_rsq= 5e-11 (cf 1e-10) rel = 1 (cf 0) restarts = 4 iters= 748
CONGRAD5: time = 4.636910e-01 (fn F) masses = 1 iters = 754 mflops = 2.223545e+03
 OK converged final_rsq= 5e-11 (cf 1e-10) rel = 1 (cf 0) restarts = 4 iters= 754
GFTIME:   time = 5.868006e-02 (Symanzik1) mflops = 3.003757e+03
FFTIME:  time = 1.439970e-01 (asqtad3) terms = 2 mflops = 3.471817e+03
CONGRAD5: time = 4.737380e-01 (fn F) masses = 1 iters = 773 mflops = 2.231231e+03
 OK converged final_rsq= 5e-11 (cf 1e-10) rel = 1 (cf 0) restarts = 4 iters= 773
CONGRAD5: time = 4.690211e-01 (fn F) masses = 1 iters = 766 mflops = 2.233262e+03
 OK converged final_rsq= 5e-11 (cf 1e-10) rel = 1 (cf 0) restarts = 4 iters= 766
GFTIME:   time = 5.868196e-02 (Symanzik1) mflops = 3.003659e+03
FFTIME:  time = 1.440971e-01 (asqtad3) terms = 2 mflops = 3.469405e+03
CONGRAD5: time = 4.642129e-01 (fn F) masses = 1 iters = 758 mflops = 2.232828e+03
 OK converged final_rsq= 1e-10 (cf 1e-10) rel = 1 (cf 0) restarts = 3 iters= 758
CONGRAD5: time = 4.656880e-01 (fn F) masses = 1 iters = 750 mflops = 2.202264e+03
 OK converged final_rsq= 1e-10 (cf 1e-10) rel = 1 (cf 0) restarts = 3 iters= 750
GFTIME:   time = 6.040907e-02 (Symanzik1) mflops = 2.917784e+03
FFTIME:  time = 1.502180e-01 (asqtad3) terms = 2 mflops = 3.328037e+03
CONGRAD5: time = 5.991988e-01 (fn F) masses = 1 iters = 835 mflops = 1.905543e+03
 OK converged final_rsq= 5e-11 (cf 1e-10) rel = 1 (cf 0) restarts = 4 iters= 835
CONGRAD5: time = 4.968600e-01 (fn F) masses = 1 iters = 738 mflops = 2.031073e+03
 OK converged final_rsq= 5e-11 (cf 1e-10) rel = 1 (cf 0) restarts = 4 iters= 738
GFTIME:   time = 5.872393e-02 (Symanzik1) mflops = 3.001513e+03
FFTIME:  time = 1.458578e-01 (asqtad3) terms = 2 mflops = 3.427524e+03
CONGRAD5: time = 5.132451e-01 (fn F) masses = 1 iters = 791 mflops = 2.107438e+03
 OK converged final_rsq= 5e-11 (cf 1e-10) rel = 1 (cf 0) restarts = 4 iters= 791
CONGRAD5: time = 5.210452e-01 (fn F) masses = 1 iters = 770 mflops = 2.020778e+03
 OK converged final_rsq= 5e-11 (cf 1e-10) rel = 1 (cf 0) restarts = 4 iters= 770
GFTIME:   time = 8.423615e-02 (Symanzik1) mflops = 2.092458e+03
FFTIME:  time = 1.700361e-01 (asqtad3) terms = 2 mflops = 2.940147e+03
CONGRAD5: time = 4.935369e-01 (fn F) masses = 1 iters = 786 mflops = 2.177740e+03
 OK converged final_rsq= 5e-11 (cf 1e-10) rel = 1 (cf 0) restarts = 4 iters= 786
CONGRAD5: time = 5.368230e-01 (fn F) masses = 1 iters = 758 mflops = 1.930818e+03
 OK converged final_rsq= 5e-11 (cf 1e-10) rel = 1 (cf 0) restarts = 4 iters= 758
GFTIME:   time = 7.107806e-02 (Symanzik1) mflops = 2.479817e+03
FFTIME:  time = 1.658771e-01 (asqtad3) terms = 2 mflops = 3.013865e+03
PLAQ:	1.543834	1.540653
P_LOOP:	1.983617e-02	-1.473066e-02
G_LOOP:  0  0  4   	1.546035e+00	( 0 1 7 6  )
G_LOOP:  0  1  4   	1.542847e+00	( 0 2 7 5  )
G_LOOP:  0  2  4   	1.544938e+00	( 0 3 7 4  )
G_LOOP:  0  3  4   	1.542621e+00	( 1 2 6 5  )
G_LOOP:  0  4  4   	1.538985e+00	( 1 3 6 4  )
G_LOOP:  0  5  4   	1.538037e+00	( 2 3 5 4  )
G_LOOP:  1  0  6   	7.958931e-01	( 0 0 1 7 7 6  )
G_LOOP:  1  1  6   	7.793788e-01	( 0 0 2 7 7 5  )
G_LOOP:  1  2  6   	7.867843e-01	( 0 0 3 7 7 4  )
G_LOOP:  1  3  6   	7.877806e-01	( 1 1 0 6 6 7  )
G_LOOP:  1  4  6   	7.828170e-01	( 1 1 2 6 6 5  )
G_LOOP:  1  5  6   	7.739697e-01	( 1 1 3 6 6 4  )
G_LOOP:  1  6  6   	7.819269e-01	( 2 2 0 5 5 7  )
G_LOOP:  1  7  6   	7.815797e-01	( 2 2 1 5 5 6  )
G_LOOP:  1  8  6   	7.772782e-01	( 2 2 3 5 5 4  )
G_LOOP:  1  9  6   	7.810675e-01	( 3 3 0 4 4 7  )
G_LOOP:  1  10  6   	7.753647e-01	( 3 3 1 4 4 6  )
G_LOOP:  1  11  6   	7.773759e-01	( 3 3 2 4 4 5  )
G_LOOP:  2  0  6   	8.017822e-01	( 0 1 2 7 6 5  )
G_LOOP:  2  1  6   	8.053125e-01	( 0 1 5 7 6 2  )
G_LOOP:  2  2  6   	8.103233e-01	( 0 6 2 7 1 5  )
G_LOOP:  2  3  6   	8.010332e-01	( 0 6 5 7 1 2  )
G_LOOP:  2  4  6   	8.031932e-01	( 0 1 3 7 6 4  )
G_LOOP:  2  5  6   	8.131550e-01	( 0 1 4 7 6 3  )
G_LOOP:  2  6  6   	8.036287e-01	( 0 6 3 7 1 4  )
G_LOOP:  2  7  6   	8.036874e-01	( 0 6 4 7 1 3  )
G_LOOP:  2  8  6   	8.017114e-01	( 0 2 3 7 5 4  )
G_LOOP:  2  9  6   	8.037356e-01	( 0 2 4 7 5 3  )
G_LOOP:  2  10  6   	8.002903e-01	( 0 5 3 7 2 4  )
G_LOOP:  2  11  6   	8.062432e-01	( 0 5 4 7 2 3  )
G_LOOP:  2  12  6   	8.003423e-01	( 1 2 3 6 5 4  )
G_LOOP:  2  13  6   	7.972471e-01	( 1 2 4 6 5 3  )
G_LOOP:  2  14  6   	8.022769e-01	( 1 5 3 6 2 4  )
G_LOOP:  2  15  6   	8.029453e-01	( 1 5 4 6 2 3  )
GACTION: 6.317866e+00
CONGRAD5: time = 5.176768e-01 (fn F) masses = 1 iters = 781 mflops = 2.062982e+03
 OK converged final_rsq= 5e-11 (cf 1e-10) rel = 1 (cf 0) restarts = 4 iters= 781
CONGRAD5: time = 4.812503e-02 (fn F) masses = 1 iters = 76 mflops = 2.159463e+03
 OK converged final_rsq= 9.8e-11 (cf 1e-10) rel = 1 (cf 0) restarts = 1 iters= 76
PBP: mass 1.000000e-02     8.057977e-02  5.500840e-02  5.105122e-03  5.105786e-03 ( 1 of 1 )
FACTION: mass = 1.000000e-02,  1.504849e+00 ( 1 of 1 )
CONGRAD5: time = 4.568131e-01 (fn F) masses = 1 iters = 738 mflops = 2.209129e+03
 OK converged final_rsq= 5e-11 (cf 1e-10) rel = 1 (cf 0) restarts = 4 iters= 738
CONGRAD5: time = 4.868817e-02 (fn F) masses = 1 iters = 78 mflops = 2.190657e+03
 OK converged final_rsq= 9.8e-11 (cf 1e-10) rel = 1 (cf 0) restarts = 1 iters= 78
PBP: mass 1.000000e-02     6.155567e-02  7.046086e-02  3.039757e-03  3.040164e-03 ( 1 of 1 )
FACTION: mass = 1.000000e-02,  1.504748e+00 ( 1 of 1 )
CONGRAD5: time = 4.995689e-01 (fn F) masses = 1 iters = 777 mflops = 2.126810e+03
 OK converged final_rsq= 5e-11 (cf 1e-10) rel = 1 (cf 0) restarts = 4 iters= 777
CONGRAD5: time = 4.759822e-01 (fn F) masses = 1 iters = 766 mflops = 2.200601e+03
 OK converged final_rsq= 9.8e-11 (cf 1e-10) rel = 1 (cf 0) restarts = 3 iters= 766
GFTIME:   time = 6.324005e-02 (Symanzik1) mflops = 2.787167e+03
FFTIME:  time = 1.518590e-01 (asqtad3) terms = 2 mflops = 3.292073e+03
CONGRAD5: time = 4.839408e-01 (fn F) masses = 1 iters = 763 mflops = 2.155934e+03
 OK converged final_rsq= 5e-11 (cf 1e-10) rel = 1 (cf 0) restarts = 4 iters= 763
CONGRAD5: time = 5.154259e-01 (fn F) masses = 1 iters = 738 mflops = 1.957913e+03
 OK converged final_rsq= 9.9e-11 (cf 1e-10) rel = 1 (cf 0) restarts = 3 iters= 738
GFTIME:   time = 7.210088e-02 (Symanzik1) mflops = 2.444639e+03
FFTIME:  time = 1.810260e-01 (asqtad3) terms = 2 mflops = 2.761654e+03
CONGRAD5: time = 5.361581e-01 (fn F) masses = 1 iters = 805 mflops = 2.053082e+03
 OK converged final_rsq= 5e-11 (cf 1e-10) rel = 1 (cf 0) restarts = 4 iters= 805
CONGRAD5: time = 4.775698e-01 (fn F) masses = 1 iters = 771 mflops = 2.207602e+03
 OK converged final_rsq= 5e-11 (cf 1e-10) rel = 1 (cf 0) restarts = 4 iters= 771
GFTIME:   time = 5.895114e-02 (Symanzik1) mflops = 2.989944e+03
FFTIME:  time = 1.807621e-01 (asqtad3) terms = 2 mflops = 2.765686e+03
CONGRAD5: time = 5.069611e-01 (fn F) masses = 1 iters = 823 mflops = 2.219874e+03
 OK converged final_rsq= 4.9e-11 (cf 1e-10) rel = 1 (cf 0) restarts = 4 iters= 823
CONGRAD5: time = 4.610100e-01 (fn F) masses = 1 iters = 752 mflops = 2.230544e+03
 OK converged final_rsq= 5e-11 (cf 1e-10) rel = 1 (cf 0) restarts = 4 iters= 752
GFTIME:   time = 6.082320e-02 (Symanzik1) mflops = 2.897917e+03
FFTIME:  time = 1.442289e-01 (asqtad3) terms = 2 mflops = 3.466233e+03
CONGRAD5: time = 4.724050e-01 (fn F) masses = 1 iters = 769 mflops = 2.225948e+03
 OK converged final_rsq= 9.9e-11 (cf 1e-10) rel = 1 (cf 0) restarts = 3 iters= 769
CONGRAD5: time = 5.044510e-01 (fn F) masses = 1 iters = 778 mflops = 2.108938e+03
 OK converged final_rsq= 5e-11 (cf 1e-10) rel = 1 (cf 0) restarts = 4 iters= 778
GFTIME:   time = 5.914497e-02 (Symanzik1) mflops = 2.980145e+03
FFTIME:  time = 1.483531e-01 (asqtad3) terms = 2 mflops = 3.369873e+03
CONGRAD5: time = 6.002591e-01 (fn F) masses = 1 iters = 794 mflops = 1.808777e+03
 OK converged final_rsq= 5e-11 (cf 1e-10) rel = 1 (cf 0) restarts = 4 iters= 794
CONGRAD5: time = 4.964669e-01 (fn F) masses = 1 iters = 752 mflops = 2.071242e+03
 OK converged final_rsq= 5e-11 (cf 1e-10) rel = 1 (cf 0) restarts = 4 iters= 752
GFTIME:   time = 5.941701e-02 (Symanzik1) mflops = 2.966501e+03
FFTIME:  time = 1.455190e-01 (asqtad3) terms = 2 mflops = 3.435504e+03
CONGRAD5: time = 5.143659e-01 (fn F) masses = 1 iters = 756 mflops = 2.009800e+03
 OK converged final_rsq= 5e-11 (cf 1e-10) rel = 1 (cf 0) restarts = 4 iters= 756
CONGRAD5: time = 4.557788e-01 (fn F) masses = 1 iters = 740 mflops = 2.220142e+03
 OK converged final_rsq= 5e-11 (cf 1e-10) rel = 1 (cf 0) restarts = 4 iters= 740
GFTIME:   time = 6.292415e-02 (Symanzik1) mflops = 2.801160e+03
FFTIME:  time = 1.734951e-01 (asqtad3) terms = 2 mflops = 2.881530e+03
CONGRAD5: time = 4.706359e-01 (fn F) masses = 1 iters = 748 mflops = 2.173300e+03
 OK converged final_rsq= 5e-11 (cf 1e-10) rel = 1 (cf 0) restarts = 4 iters= 748
CONGRAD5: time = 5.012109e-01 (fn F) masses = 1 iters = 705 mflops = 1.923410e+03
 OK converged final_rsq= 1e-10 (cf 1e-10) rel = 1 (cf 0) restarts = 3 iters= 705
GFTIME:   time = 7.402110e-02 (Symanzik1) mflops = 2.381221e+03
FFTIME:  time = 1.820931e-01 (asqtad3) terms = 2 mflops = 2.745469e+03
CONGRAD5: time = 4.963109e-01 (fn F) masses = 1 iters = 776 mflops = 2.138017e+03
 OK converged final_rsq= 4.9e-11 (cf 1e-10) rel = 1 (cf 0) restarts = 4 iters= 776
CONGRAD5: time = 5.583119e-01 (fn F) masses = 1 iters = 787 mflops = 1.927529e+03
 OK converged final_rsq= 5e-11 (cf 1e-10) rel = 1 (cf 0) restarts = 4 iters= 787
GFTIME:   time = 8.341098e-02 (Symanzik1) mflops = 2.113158e+03
FFTIME:  time = 1.700439e-01 (asqtad3) terms = 2 mflops = 2.940011e+03
CONGRAD5: time = 4.655449e-01 (fn F) masses = 1 iters = 756 mflops = 2.220564e+03
 OK converged final_rsq= 5e-11 (cf 1e-10) rel = 1 (cf 0) restarts = 4 iters= 756
CONGRAD5: time = 4.725940e-01 (fn F) masses = 1 iters = 771 mflops = 2.230845e+03
 OK converged final_rsq= 5e-11 (cf 1e-10) rel = 1 (cf 0) restarts = 4 iters= 771
GFTIME:   time = 6.001806e-02 (Symanzik1) mflops = 2.936793e+03
FFTIME:  time = 1.456249e-01 (asqtad3) terms = 2 mflops = 3.433006e+03
CONGRAD5: time = 4.958370e-01 (fn F) masses = 1 iters = 788 mflops = 2.173154e+03
 OK converged final_rsq= 5e-11 (cf 1e-10) rel = 1 (cf 0) restarts = 4 iters= 788
CONGRAD5: time = 5.326691e-01 (fn F) masses = 1 iters = 774 mflops = 1.986949e+03
 OK converged final_rsq= 5e-11 (cf 1e-10) rel = 1 (cf 0) restarts = 4 iters= 774
GFTIME:   time = 6.934285e-02 (Symanzik1) mflops = 2.541871e+03
FFTIME:  time = 1.666191e-01 (asqtad3) terms = 2 mflops = 3.000444e+03
CONGRAD5: time = 4.836221e-01 (fn F) masses = 1 iters = 778 mflops = 2.199767e+03
 OK converged final_rsq= 5e-11 (cf 1e-10) rel = 1 (cf 0) restarts = 4 iters= 778
CONGRAD5: time = 5.283680e-01 (fn F) masses = 1 iters = 778 mflops = 2.013475e+03
 OK converged final_rsq= 4.9e-11 (cf 1e-10) rel = 1 (cf 0) restarts = 4 iters= 778
GFTIME:   time = 6.513119e-02 (Symanzik1) mflops = 2.706240e+03
FFTIME:  time = 1.445472e-01 (asqtad3) terms = 2 mflops = 3.458601e+03
CONGRAD5: time = 4.918981e-01 (fn F) masses = 1 iters = 798 mflops = 2.218355e+03
 OK converged final_rsq= 5e-11 (cf 1e-10) rel = 1 (cf 0) restarts = 4 iters= 798
CONGRAD5: time = 5.042870e-01 (fn F) masses = 1 iters = 802 mflops = 2.174702e+03
 OK converged final_rsq= 5e-11 (cf 1e-10) rel = 1 (cf 0) restarts = 4 iters= 802
GFTIME:   time = 6.053615e-02 (Symanzik1) mflops = 2.911659e+03
FFTIME:  time = 1.628551e-01 (asqtad3) terms = 2 mflops = 3.069790e+03
CONGRAD5: time = 6.191552e-01 (fn F) masses = 1 iters = 806 mflops = 1.780077e+03
 OK converged final_rsq= 5e-11 (cf 1e-10) rel = 1 (cf 0) restarts = 4 iters= 806
CONGRAD5: time = 5.041101e-01 (fn F) masses = 1 iters = 790 mflops = 2.142915e+03
 OK converged final_rsq= 5e-11 (cf 1e-10) rel = 1 (cf 0) restarts = 4 iters= 790
GFTIME:   time = 5.865097e-02 (Symanzik1) mflops = 3.005246e+03
FFTIME:  time = 1.454189e-01 (asqtad3) terms = 2 mflops = 3.437869e+03
CONGRAD5: time = 5.239758e-01 (fn F) masses = 1 iters = 794 mflops = 2.072108e+03
 OK converged final_rsq= 4.9e-11 (cf 1e-10) rel = 1 (cf 0) restarts = 4 iters= 794
CONGRAD5: time = 4.515421e-01 (fn F) masses = 1 iters = 735 mflops = 2.225831e+03
 OK converged final_rsq= 5e-11 (cf 1e-10) rel = 1 (cf 0) restarts = 4 iters= 735
GFTIME:   time = 6.316495e-02 (Symanzik1) mflops = 2.790481e+03
FFTIME:  time = 1.494720e-01 (asqtad3) terms = 2 mflops = 3.344647e+03
PLAQ:	1.499718	1.498448
P_LOOP:	4.247256e-02	3.370666e-02
G_LOOP:  0  0  4   	1.502541e+00	( 0 1 7 6  )
G_LOOP:  0  1  4   	1.501138e+00	( 0 2 7 5  )
G_LOOP:  0  2  4   	1.503322e+00	( 0 3 7 4  )
G_LOOP:  0  3  4   	1.495474e+00	( 1 2 6 5  )
G_LOOP:  0  4  4   	1.493737e+00	( 1 3 6 4  )
G_LOOP:  0  5  4   	1.498285e+00	( 2 3 5 4  )
G_LOOP:  1  0  6   	7.455162e-01	( 0 0 1 7 7 6  )
G_LOOP:  1  1  6   	7.399786e-01	( 0 0 2 7 7 5  )
G_LOOP:  1  2  6   	7.456360e-01	( 0 0 3 7 7 4  )
G_LOOP:  1  3  6   	7.467038e-01	( 1 1 0 6 6 7  )
G_LOOP:  1  4  6   	7.429654e-01	( 1 1 2 6 6 5  )
G_LOOP:  1  5  6   	7.306268e-01	( 1 1 3 6 6 4  )
G_LOOP:  1  6  6   	7.464339e-01	( 2 2 0 5 5 7  )
G_LOOP:  1  7  6   	7.408326e-01	( 2 2 1 5 5 6  )
G_LOOP:  1  8  6   	7.382699e-01	( 2 2 3 5 5 4  )
G_LOOP:  1  9  6   	7.443722e-01	( 3 3 0 4 4 7  )
G_LOOP:  1  10  6   	7.351263e-01	( 3 3 1 4 4 6  )
G_LOOP:  1  11  6   	7.399194e-01	( 3 3 2 4 4 5  )
G_LOOP:  2  0  6   	7.636310e-01	( 0 1 2 7 6 5  )
G_LOOP:  2  1  6   	7.581956e-01	( 0 1 5 7 6 2  )
G_LOOP:  2  2  6   	7.643480e-01	( 0 6 2 7 1 5  )
G_LOOP:  2  3  6   	7.553394e-01	( 0 6 5 7 1 2  )
G_LOOP:  2  4  6   	7.581247e-01	( 0 1 3 7 6 4  )
G_LOOP:  2  5  6   	7.589073e-01	( 0 1 4 7 6 3  )
G_LOOP:  2  6  6   	7.605937e-01	( 0 6 3 7 1 4  )
G_LOOP:  2  7  6   	7.657403e-01	( 0 6 4 7 1 3  )
G_LOOP:  2  8  6   	7.617429e-01	( 0 2 3 7 5 4  )
G_LOOP:  2  9  6   	7.646808e-01	( 0 2 4 7 5 3  )
G_LOOP:  2  10  6   	7.608517e-01	( 0 5 3 7 2 4  )
G_LOOP:  2  11  6   	7.640243e-01	( 0 5 4 7 2 3  )
G_LOOP:  2  12  6   	7.594221e-01	( 1 2 3 6 5 4  )
G_LOOP:  2  13  6   	7.567566e-01	( 1 2 4 6 5 3  )
G_LOOP:  2  14  6   	7.561183e-01	( 1 5 3 6 2 4  )
G_LOOP:  2  15  6   	7.594491e-01	( 1 5 4 6 2 3  )
GACTION: 6.532093e+00
CONGRAD5: time = 4.869950e-01 (fn F) masses = 1 iters = 774 mflops = 2.173300e+03
 OK converged final_rsq= 9.9e-11 (cf 1e-10) rel = 1 (cf 0) restarts = 3 iters= 774
CONGRAD5: time = 5.042791e-02 (fn F) masses = 1 iters = 79 mflops = 2.142196e+03
 OK converged final_rsq= 9.9e-11 (cf 1e-10) rel = 1 (cf 0) restarts = 1 iters= 79
PBP: mass 1.000000e-02     7.025286e-02  6.957341e-02  3.612763e-03  3.608188e-03 ( 1 of 1 )
FACTION: mass = 1.000000e-02,  1.497696e+00 ( 1 of 1 )
CONGRAD5: time = 5.745890e-01 (fn F) masses = 1 iters = 757 mflops = 1.801531e+03
 OK converged final_rsq= 9.9e-11 (cf 1e-10) rel = 1 (cf 0) restarts = 3 iters= 757
CONGRAD5: time = 6.178784e-02 (fn F) masses = 1 iters = 76 mflops = 1.681953e+03
 OK converged final_rsq= 9.9e-11 (cf 1e-10) rel = 1 (cf 0) restarts = 1 iters= 76
PBP: mass 1.000000e-02     5.441487e-02  8.531050e-02  -1.211491e-02  -1.211350e-02 ( 1 of 1 )
FACTION: mass = 1.000000e-02,  1.507285e+00 ( 1 of 1 )
CONGRAD5: time = 5.078449e-01 (fn F) masses = 1 iters = 772 mflops = 2.078688e+03
 OK converged final_rsq= 4.9e-11 (cf 1e-10) rel = 1 (cf 0) restarts = 4 iters= 772
CONGRAD5: time = 4.781668e-01 (fn F) masses = 1 iters = 773 mflops = 2.210565e+03
 OK converged final_rsq= 5e-11 (cf 1e-10) rel = 1 (cf 0) restarts = 4 iters= 773
GFTIME:   time = 5.884910e-02 (Symanzik1) mflops = 2.995129e+03
FFTIME:  time = 1.868901e-01 (asqtad3) terms = 2 mflops = 2.675000e+03
CONGRAD5: time = 4.884591e-01 (fn F) masses = 1 iters = 793 mflops = 2.219975e+03
 OK converged final_rsq= 5e-11 (cf 1e-10) rel = 1 (cf 0) restarts = 4 iters= 793
CONGRAD5: time = 4.856789e-01 (fn F) masses = 1 iters = 791 mflops = 2.227052e+03
 OK converged final_rsq= 4.9e-11 (cf 1e-10) rel = 1 (cf 0) restarts = 4 iters= 791
GFTIME:   time = 6.609297e-02 (Symanzik1) mflops = 2.666859e+03
FFTIME:  time = 1.554739e-01 (asqtad3) terms = 2 mflops = 3.215530e+03
CONGRAD5: time = 5.030892e-01 (fn F) masses = 1 iters = 819 mflops = 2.226087e+03
 OK converged final_rsq= 4.9e-11 (cf 1e-10) rel = 1 (cf 0) restarts = 4 iters= 819
CONGRAD5: time = 4.731431e-01 (fn F) masses = 1 iters = 770 mflops = 2.225366e+03
 OK converged final_rsq= 5e-11 (cf 1e-10) rel = 1 (cf 0) restarts = 4 iters= 770
GFTIME:   time = 5.873609e-02 (Symanzik1) mflops = 3.000891e+03
FFTIME:  time = 1.438890e-01 (asqtad3) terms = 2 mflops = 3.474423e+03
CONGRAD5: time = 4.746192e-01 (fn F) masses = 1 iters = 762 mflops = 2.195396e+03
 OK converged final_rsq= 5e-11 (cf 1e-10) rel = 1 (cf 0) restarts = 4 iters= 762
CONGRAD5: time = 5.508270e-01 (fn F) masses = 1 iters = 784 mflops = 1.946274e+03
 OK converged final_rsq= 4.9e-11 (cf 1e-10) rel = 1 (cf 0) restarts = 4 iters= 784
GFTIME:   time = 7.708383e-02 (Symanzik1) mflops = 2.286609e+03
FFTIME:  time = 1.873720e-01 (asqtad3) terms = 2 mflops = 2.668121e+03
CONGRAD5: time = 5.204401e-01 (fn F) masses = 1 iters = 797 mflops = 2.094068e+03
 OK converged final_rsq= 4.9e-11 (cf 1e-10) rel = 1 (cf 0) restarts = 4 iters= 797
CONGRAD5: time = 4.976211e-01 (fn F) masses = 1 iters = 749 mflops = 2.058194e+03
 OK converged final_rsq= 1e-10 (cf 1e-10) rel = 1 (cf 0) restarts = 3 iters= 749
GFTIME:   time = 5.901504e-02 (Symanzik1) mflops = 2.986707e+03
FFTIME:  time = 2.023542e-01 (asqtad3) terms = 2 mflops = 2.470575e+03
CONGRAD5: time = 4.820321e-01 (fn F) masses = 1 iters = 783 mflops = 2.221207e+03
 OK converged final_rsq= 5e-11 (cf 1e-10) rel = 1 (cf 0) restarts = 4 iters= 783
CONGRAD5: time = 4.629390e-01 (fn F) masses = 1 iters = 750 mflops = 2.215341e+03
 OK converged final_rsq= 5e-11 (cf 1e-10) rel = 1 (cf 0) restarts = 4 iters= 750
GFTIME:   time = 6.949687e-02 (Symanzik1) mflops = 2.536238e+03
FFTIME:  time = 1.571641e-01 (asqtad3) terms = 2 mflops = 3.180950e+03
CONGRAD5: time = 5.495801e-01 (fn F) masses = 1 iters = 773 mflops = 1.923321e+03
 OK converged final_rsq= 9.9e-11 (cf 1e-10) rel = 1 (cf 0) restarts = 3 iters= 773
CONGRAD5: time = 5.595951e-01 (fn F) masses = 1 iters = 760 mflops = 1.857132e+03
 OK converged final_rsq= 5e-11 (cf 1e-10) rel = 1 (cf 0) restarts = 4 iters= 760
GFTIME:   time = 5.925894e-02 (Symanzik1) mflops = 2.974414e+03
FFTIME:  time = 1.453669e-01 (asqtad3) terms = 2 mflops = 3.439099e+03
CONGRAD5: time = 4.638250e-01 (fn F) masses = 1 iters = 737 mflops = 2.172784e+03
 OK converged final_rsq= 5e-11 (cf 1e-10) rel = 1 (cf 0) restarts = 4 iters= 737
CONGRAD5: time = 5.449150e-01 (fn F) masses = 1 iters = 798 mflops = 2.002522e+03
 OK converged final_rsq= 5e-11 (cf 1e-10) rel = 1 (cf 0) restarts = 4 iters= 798
GFTIME:   time = 9.131694e-02 (Symanzik1) mflops = 1.930207e+03
FFTIME:  time = 1.584699e-01 (asqtad3) terms = 2 mflops = 3.154738e+03
CONGRAD5: time = 5.067520e-01 (fn F) masses = 1 iters = 820 mflops = 2.212695e+03
 OK converged final_rsq= 5e-11 (cf 1e-10) rel = 1 (cf 0) restarts = 4 iters= 820
CONGRAD5: time = 5.187631e-01 (fn F) masses = 1 iters = 777 mflops = 2.048119e+03
 OK converged final_rsq= 4.9e-11 (cf 1e-10) rel = 1 (cf 0) restarts = 4 iters= 777
GFTIME:   time = 7.280207e-02 (Symanzik1) mflops = 2.421093e+03
FFTIME:  time = 1.815081e-01 (asqtad3) terms = 2 mflops = 2.754319e+03
CONGRAD5: time = 5.479820e-01 (fn F) masses = 1 iters = 774 mflops = 1.931425e+03
 OK converged final_rsq= 5e-11 (cf 1e-10) rel = 1 (cf 0) restarts = 4 iters= 774
CONGRAD5: time = 4.766240e-01 (fn F) masses = 1 iters = 775 mflops = 2.223458e+03
 OK converged final_rsq= 1e-10 (cf 1e-10) rel = 1 (cf 0) restarts = 3 iters= 775
GFTIME:   time = 5.933499e-02 (Symanzik1) mflops = 2.970601e+03
FFTIME:  time = 1.445460e-01 (asqtad3) terms = 2 mflops = 3.458629e+03
CONGRAD5: time = 5.493631e-01 (fn F) masses = 1 iters = 848 mflops = 2.110763e+03
 OK converged final_rsq= 5e-11 (cf 1e-10) rel = 1 (cf 0) restarts = 4 iters= 848
CONGRAD5: time = 4.535460e-01 (fn F) masses = 1 iters = 734 mflops = 2.212982e+03
 OK converged final_rsq= 5e-11 (cf 1e-10) rel = 1 (cf 0) restarts = 4 iters= 734
GFTIME:   time = 6.311083e-02 (Symanzik1) mflops = 2.792874e+03
FFTIME:  time = 1.476128e-01 (asqtad3) terms = 2 mflops = 3.386773e+03
CONGRAD5: time = 6.036291e-01 (fn F) masses = 1 iters = 808 mflops = 1.830393e+03
 OK converged final_rsq= 5e-11 (cf 1e-10) rel = 1 (cf 0) restarts = 4 iters= 808
CONGRAD5: time = 4.966130e-01 (fn F) masses = 1 iters = 743 mflops = 2.045851e+03
 OK converged final_rsq= 5e-11 (cf 1e-10) rel = 1 (cf 0) restarts = 4 iters= 743
GFTIME:   time = 5.869699e-02 (Symanzik1) mflops = 3.002890e+03
FFTIME:  time = 1.452899e-01 (asqtad3) terms = 2 mflops = 3.440922e+03
CONGRAD5: time = 6.150959e-01 (fn F) masses = 1 iters = 800 mflops = 1.778486e+03
 OK converged final_rsq= 5e-11 (cf 1e-10) rel = 1 (cf 0) restarts = 4 iters= 800
CONGRAD5: time = 4.927440e-01 (fn F) masses = 1 iters = 755 mflops = 2.095216e+03
 OK converged final_rsq= 5e-11 (cf 1e-10) rel = 1 (cf 0) restarts = 4 iters= 755
GFTIME:   time = 7.312393e-02 (Symanzik1) mflops = 2.410437e+03
FFTIME:  time = 1.576219e-01 (asqtad3) terms = 2 mflops = 3.171712e+03
CONGRAD5: time = 5.226290e-01 (fn F) masses = 1 iters = 795 mflops = 2.080065e+03
 OK converged final_rsq= 5e-11 (cf 1e-10) rel = 1 (cf 0) restarts = 4 iters= 795
CONGRAD5: time = 5.769560e-01 (fn F) masses = 1 iters = 759 mflops = 1.798880e+03
 OK converged final_rsq= 5e-11 (cf 1e-10) rel = 1 (cf 0) restarts = 4 iters= 759
GFTIME:   time = 6.998014e-02 (Symanzik1) mflops = 2.518723e+03
FFTIME:  time = 1.590030e-01 (asqtad3) terms = 2 mflops = 3.144161e+03
CONGRAD5: time = 4.768631e-01 (fn F) masses = 1 iters = 772 mflops = 2.213741e+03
 OK converged final_rsq= 5e-11 (cf 1e-10) rel = 1 (cf 0) restarts = 4 iters= 772
CONGRAD5: time = 5.219631e-01 (fn F) masses = 1 iters = 767 mflops = 2.009365e+03
 OK converged final_rsq= 5e-11 (cf 1e-10) rel = 1 (cf 0) restarts = 4 iters= 767
GFTIME:   time = 8.523798e-02 (Symanzik1) mflops = 2.067865e+03
FFTIME:  time = 1.496072e-01 (asqtad3) terms = 2 mflops = 3.341625e+03
PLAQ:	1.476697	1.477073
P_LOOP:	2.486254e-02	2.278989e-02
G_LOOP:  0  0  4   	1.475437e+00	( 0 1 7 6  )
G_LOOP:  0  1  4   	1.475616e+00	( 0 2 7 5  )
G_LOOP:  0  2  4   	1.481018e+00	( 0 3 7 4  )
G_LOOP:  0  3  4   	1.479037e+00	( 1 2 6 5  )
G_LOOP:  0  4  4   	1.473967e+00	( 1 3 6 4  )
G_LOOP:  0  5  4   	1.476234e+00	( 2 3 5 4  )
G_LOOP:  1  0  6   	7.134409e-01	( 0 0 1 7 7 6  )
G_LOOP:  1  1  6   	7.176435e-01	( 0 0 2 7 7 5  )
G_LOOP:  1  2  6   	7.225661e-01	( 0 0 3 7 7 4  )
G_LOOP:  1  3  6   	7.211161e-01	( 1 1 0 6 6 7  )
G_LOOP:  1  4  6   	7.214377e-01	( 1 1 2 6 6 5  )
G_LOOP:  1  5  6   	7.135637e-01	( 1 1 3 6 6 4  )
G_LOOP:  1  6  6   	7.193459e-01	( 2 2 0 5 5 7  )
G_LOOP:  1  7  6   	7.220931e-01	( 2 2 1 5 5 6  )
G_LOOP:  1  8  6   	7.200063e-01	( 2 2 3 5 5 4  )
G_LOOP:  1  9  6   	7.168352e-01	( 3 3 0 4 4 7  )
G_LOOP:  1  10  6   	7.190252e-01	( 3 3 1 4 4 6  )
G_LOOP:  1  11  6   	7.138585e-01	( 3 3 2 4 4 5  )
G_LOOP:  2  0  6   	7.357768e-01	( 0 1 2 7 6 5  )
G_LOOP:  2  1  6   	7.320123e-01	( 0 1 5 7 6 2  )
G_LOOP:  2  2  6   	7.364613e-01	( 0 6 2 7 1 5  )
G_LOOP:  2  3  6   	7.320867e-01	( 0 6 5 7 1 2  )
G_LOOP:  2  4  6   	7.361091e-01	( 0 1 3 7 6 4  )
G_LOOP:  2  5  6   	7.303063e-01	( 0 1 4 7 6 3  )
G_LOOP:  2  6  6   	7.390924e-01	( 0 6 3 7 1 4  )
G_LOOP:  2  7  6   	7.347055e-01	( 0 6 4 7 1 3  )
G_LOOP:  2  8  6   	7.348431e-01	( 0 2 3 7 5 4  )
G_LOOP:  2  9  6   	7.360243e-01	( 0 2 4 7 5 3  )
G_LOOP:  2  10  6   	7.385204e-01	( 0 5 3 7 2 4  )
G_LOOP:  2  11  6   	7.324487e-01	( 0 5 4 7 2 3  )
G_LOOP:  2  12  6   	7.403301e-01	( 1 2 3 6 5 4  )
G_LOOP:  2  13  6   	7.324345e-01	( 1 2 4 6 5 3  )
G_LOOP:  2  14  6   	7.357652e-01	( 1 5 3 6 2 4  )
G_LOOP:  2  15  6   	7.261701e-01	( 1 5 4 6 2 3  )
GACTION: 6.639620e+00
CONGRAD5: time = 4.699109e-01 (fn F) masses = 1 iters = 764 mflops = 2.223213e+03
 OK converged final_rsq= 5e-11 (cf 1e-10) rel = 1 (cf 0) restarts = 4 iters= 764
CONGRAD5: time = 4.752898e-02 (fn F) masses = 1 iters = 76 mflops = 2.186544e+03
 OK converged final_rsq= 9.9e-11 (cf 1e-10) rel = 1 (cf 0) restarts = 1 iters= 76
PBP: mass 1.000000e-02     6.420434e-02  6.865546e-02  7.113004e-03  7.106347e-03 ( 1 of 1 )
FACTION: mass = 1.000000e-02,  1.503057e+00 ( 1 of 1 )
CONGRAD5: time = 4.703140e-01 (fn F) masses = 1 iters = 764 mflops = 2.221307e+03
 OK converged final_rsq= 5e-11 (cf 1e-10) rel = 1 (cf 0) restarts = 4 iters= 764
CONGRAD5: time = 4.831100e-02 (fn F) masses = 1 iters = 77 mflops = 2.179455e+03
 OK converged final_rsq= 5e-11 (cf 1e-10) rel = 1 (cf 0) restarts = 2 iters= 77
PBP: mass 1.000000e-02     7.130495e-02  5.894589e-02  4.583319e-03  4.586109e-03 ( 1 of 1 )
FACTION: mass = 1.000000e-02,  1.488793e+00 ( 1 of 1 )
CONGRAD5: time = 5.075099e-01 (fn F) masses = 1 iters = 827 mflops = 2.228251e+03
 OK converged final_rsq= 4.9e-11 (cf 1e-10) rel = 1 (cf 0) restarts = 4 iters= 827
CONGRAD5: time = 4.825041e-01 (fn F) masses = 1 iters = 783 mflops = 2.219034e+03
 OK converged final_rsq= 5e-11 (cf 1e-10) rel = 1 (cf 0) restarts = 4 iters= 783
GFTIME:   time = 5.873203e-02 (Symanzik1) mflops = 3.001098e+03
FFTIME:  time = 1.501000e-01 (asqtad3) terms = 2 mflops = 3.330654e+03
CONGRAD5: time = 5.686171e-01 (fn F) masses = 1 iters = 818 mflops = 1.967146e+03
 OK converged final_rsq= 5e-11 (cf 1e-10) rel = 1 (cf 0) restarts = 4 iters= 818
CONGRAD5: time = 5.867832e-01 (fn F) masses = 1 iters = 792 mflops = 1.845656e+03
 OK converged final_rsq= 4.9e-11 (cf 1e-10) rel = 1 (cf 0) restarts = 4 iters= 792
GFTIME:   time = 6.215906e-02 (Symanzik1) mflops = 2.835638e+03
FFTIME:  time = 1.442029e-01 (asqtad3) terms = 2 mflops = 3.466858e+03
CONGRAD5: time = 5.000679e-01 (fn F) masses = 1 iters = 808 mflops = 2.209457e+03
 OK converged final_rsq= 4.9e-11 (cf 1e-10) rel = 1 (cf 0) restarts = 4 iters= 808
CONGRAD5: time = 5.052571e-01 (fn F) masses = 1 iters = 739 mflops = 2.000024e+03
 OK converged final_rsq= 5e-11 (cf 1e-10) rel = 1 (cf 0) restarts = 4 iters= 739
GFTIME:   time = 1.036751e-01 (Symanzik1) mflops = 1.700124e+03
FFTIME:  time = 1.583650e-01 (asqtad3) terms = 2 mflops = 3.156828e+03
CONGRAD5: time = 5.083911e-01 (fn F) masses = 1 iters = 791 mflops = 2.127559e+03
 OK converged final_rsq= 5e-11 (cf 1e-10) rel = 1 (cf 0) restarts = 4 iters= 791
CONGRAD5: time = 5.995519e-01 (fn F) masses = 1 iters = 781 mflops = 1.781260e+03
 OK converged final_rsq= 1e-10 (cf 1e-10) rel = 1 (cf 0) restarts = 3 iters= 781
GFTIME:   time = 7.062006e-02 (Symanzik1) mflops = 2.495900e+03
FFTIME:  time = 1.669390e-01 (asqtad3) terms = 2 mflops = 2.994693e+03
CONGRAD5: time = 4.726069e-01 (fn F) masses = 1 iters = 764 mflops = 2.210530e+03
 OK converged final_rsq= 4.9e-11 (cf 1e-10) rel = 1 (cf 0) restarts = 4 iters= 764
CONGRAD5: time = 5.154500e-01 (fn F) masses = 1 iters = 759 mflops = 2.013532e+03
 OK converged final_rsq= 5e-11 (cf 1e-10) rel = 1 (cf 0) restarts = 4 iters= 759
GFTIME:   time = 6.569219e-02 (Symanzik1) mflops = 2.683129e+03
FFTIME:  time = 1.475070e-01 (asqtad3) terms = 2 mflops = 3.389204e+03
CONGRAD5: time = 4.957850e-01 (fn F) masses = 1 iters = 805 mflops = 2.220270e+03
 OK converged final_rsq= 5e-11 (cf 1e-10) rel = 1 (cf 0) restarts = 4 iters= 805
CONGRAD5: time = 4.841650e-01 (fn F) masses = 1 iters = 763 mflops = 2.154936e+03
 OK converged final_rsq= 9.9e-11 (cf 1e-10) rel = 1 (cf 0) restarts = 3 iters= 763
GFTIME:   time = 5.995989e-02 (Symanzik1) mflops = 2.939642e+03
FFTIME:  time = 1.568370e-01 (asqtad3) terms = 2 mflops = 3.187584e+03
CONGRAD5: time = 5.953531e-01 (fn F) masses = 1 iters = 781 mflops = 1.793823e+03
 OK converged final_rsq= 4.9e-11 (cf 1e-10) rel = 1 (cf 0) restarts = 4 iters= 781
CONGRAD5: time = 5.043721e-01 (fn F) masses = 1 iters = 767 mflops = 2.079445e+03
 OK converged final_rsq= 5e-11 (cf 1e-10) rel = 1 (cf 0) restarts = 4 iters= 767
GFTIME:   time = 5.924416e-02 (Symanzik1) mflops = 2.975156e+03
FFTIME:  time = 1.454189e-01 (asqtad3) terms = 2 mflops = 3.437869e+03
CONGRAD5: time = 5.323710e-01 (fn F) masses = 1 iters = 785 mflops = 2.016315e+03
 OK converged final_rsq= 5e-11 (cf 1e-10) rel = 1 (cf 0) restarts = 4 iters= 785
CONGRAD5: time = 4.695921e-01 (fn F) masses = 1 iters = 764 mflops = 2.224722e+03
 OK converged final_rsq= 5e-11 (cf 1e-10) rel = 1 (cf 0) restarts = 4 iters= 764
GFTIME:   time = 6.439590e-02 (Symanzik1) mflops = 2.737140e+03
FFTIME:  time = 1.520989e-01 (asqtad3) terms = 2 mflops = 3.286882e+03
CONGRAD5: time = 4.969289e-01 (fn F) masses = 1 iters = 808 mflops = 2.223414e+03
 OK converged final_rsq= 5e-11 (cf 1e-10) rel = 1 (cf 0) restarts = 4 iters= 808
CONGRAD5: time = 4.559150e-01 (fn F) masses = 1 iters = 741 mflops = 2.222478e+03
 OK converged final_rsq= 1e-10 (cf 1e-10) rel = 1 (cf 0) restarts = 3 iters= 741
GFTIME:   time = 8.016109e-02 (Symanzik1) mflops = 2.198830e+03
FFTIME:  time = 1.438739e-01 (asqtad3) terms = 2 mflops = 3.474786e+03
CONGRAD5: time = 5.139070e-01 (fn F) masses = 1 iters = 777 mflops = 2.067472e+03
 OK converged final_rsq= 1e-10 (cf 1e-10) rel = 1 (cf 0) restarts = 3 iters= 777
CONGRAD5: time = 5.938580e-01 (fn F) masses = 1 iters = 774 mflops = 1.782221e+03
 OK converged final_rsq= 4.9e-11 (cf 1e-10) rel = 1 (cf 0) restarts = 4 iters= 774
GFTIME:   time = 6.985688e-02 (Symanzik1) mflops = 2.523167e+03
FFTIME:  time = 1.527982e-01 (asqtad3) terms = 2 mflops = 3.271840e+03
CONGRAD5: time = 4.959190e-01 (fn F) masses = 1 iters = 804 mflops = 2.216912e+03
 OK converged final_rsq= 5e-11 (cf 1e-10) rel = 1 (cf 0) restarts = 4 iters= 804
CONGRAD5: time = 5.815680e-01 (fn F) masses = 1 iters = 778 mflops = 1.829289e+03
 OK converged final_rsq= 5e-11 (cf 1e-10) rel = 1 (cf 0) restarts = 4 iters= 778
GFTIME:   time = 6.340098e-02 (Symanzik1) mflops = 2.780093e+03
FFTIME:  time = 1.482201e-01 (asqtad3) terms = 2 mflops = 3.372898e+03
CONGRAD5: time = 4.677360e-01 (fn F) masses = 1 iters = 757 mflops = 2.213086e+03
 OK converged final_rsq= 5e-11 (cf 1e-10) rel = 1 (cf 0) restarts = 4 iters= 757
CONGRAD5: time = 4.942889e-01 (fn F) masses = 1 iters = 770 mflops = 2.130164e+03
 OK converged final_rsq= 1e-10 (cf 1e-10) rel = 1 (cf 0) restarts = 3 iters= 770
GFTIME:   time = 7.091594e-02 (Symanzik1) mflops = 2.485487e+03
FFTIME:  time = 1.755300e-01 (asqtad3) terms = 2 mflops = 2.848124e+03
CONGRAD5: time = 5.748851e-01 (fn F) masses = 1 iters = 783 mflops = 1.862447e+03
 OK converged final_rsq= 4.9e-11 (cf 1e-10) rel = 1 (cf 0) restarts = 4 iters= 783
CONGRAD5: time = 4.867780e-01 (fn F) masses = 1 iters = 789 mflops = 2.216406e+03
 OK converged final_rsq= 5e-11 (cf 1e-10) rel = 1 (cf 0) restarts = 4 iters= 789
GFTIME:   time = 5.875492e-02 (Symanzik1) mflops = 2.999929e+03
FFTIME:  time = 1.649730e-01 (asqtad3) terms = 2 mflops = 3.030381e+03
CONGRAD5: time = 6.136601e-01 (fn F) masses = 1 iters = 818 mflops = 1.822756e+03
 OK converged final_rsq= 4.9e-11 (cf 1e-10) rel = 1 (cf 0) restarts = 4 iters= 818
CONGRAD5: time = 4.552011e-01 (fn F) masses = 1 iters = 741 mflops = 2.225964e+03
 OK converged final_rsq= 5e-11 (cf 1e-10) rel = 1 (cf 0) restarts = 4 iters= 741
GFTIME:   time = 6.375313e-02 (Symanzik1) mflops = 2.764737e+03
FFTIME:  time = 1.496079e-01 (asqtad3) terms = 2 mflops = 3.341609e+03
CONGRAD5: time = 5.130119e-01 (fn F) masses = 1 iters = 795 mflops = 2.119058e+03
 OK converged final_rsq= 5e-11 (cf 1e-10) rel = 1 (cf 0) restarts = 4 iters= 795
CONGRAD5: time = 5.467160e-01 (fn F) masses = 1 iters = 773 mflops = 1.933396e+03
 OK converged final_rsq= 5e-11 (cf 1e-10) rel = 1 (cf 0) restarts = 4 iters= 773
GFTIME:   time = 7.153797e-02 (Symanzik1) mflops = 2.463875e+03
FFTIME:  time = 1.634099e-01 (asqtad3) terms = 2 mflops = 3.059368e+03
PLAQ:	1.462236	1.460401
P_LOOP:	1.276701e-02	3.453969e-03
G_LOOP:  0  0  4   	1.463826e+00	( 0 1 7 6  )
G_LOOP:  0  1  4   	1.460304e+00	( 0 2 7 5  )
G_LOOP:  0  2  4   	1.464253e+00	( 0 3 7 4  )
G_LOOP:  0  3  4   	1.462579e+00	( 1 2 6 5  )
G_LOOP:  0  4  4   	1.456563e+00	( 1 3 6 4  )
G_LOOP:  0  5  4   	1.460386e+00	( 2 3 5 4  )
G_LOOP:  1  0  6   	7.017775e-01	( 0 0 1 7 7 6  )
G_LOOP:  1  1  6   	7.023723e-01	( 0 0 2 7 7 5  )
G_LOOP:  1  2  6   	7.037111e-01	( 0 0 3 7 7 4  )
G_LOOP:  1  3  6   	7.065365e-01	( 1 1 0 6 6 7  )
G_LOOP:  1  4  6   	6.995083e-01	( 1 1 2 6 6 5  )
G_LOOP:  1  5  6   	6.896880e-01	( 1 1 3 6 6 4  )
G_LOOP:  1  6  6   	7.042121e-01	( 2 2 0 5 5 7  )
G_LOOP:  1  7  6   	7.073770e-01	( 2 2 1 5 5 6  )
G_LOOP:  1  8  6   	7.045932e-01	( 2 2 3 5 5 4  )
G_LOOP:  1  9  6   	7.047967e-01	( 3 3 0 4 4 7  )
G_LOOP:  1  10  6   	6.928340e-01	( 3 3 1 4 4 6  )
G_LOOP:  1  11  6   	6.948841e-01	( 3 3 2 4 4 5  )
G_LOOP:  2  0  6   	7.152677e-01	( 0 1 2 7 6 5  )
G_LOOP:  2  1  6   	7.164710e-01	( 0 1 5 7 6 2  )
G_LOOP:  2  2  6   	7.173081e-01	( 0 6 2 7 1 5  )
G_LOOP:  2  3  6   	7.200611e-01	( 0 6 5 7 1 2  )
G_LOOP:  2  4  6   	7.170067e-01	( 0 1 3 7 6 4  )
G_LOOP:  2  5  6   	7.096881e-01	( 0 1 4 7 6 3  )
G_LOOP:  2  6  6   	7.169673e-01	( 0 6 3 7 1 4  )
G_LOOP:  2  7  6   	7.130129e-01	( 0 6 4 7 1 3  )
G_LOOP:  2  8  6   	7.180031e-01	( 0 2 3 7 5 4  )
G_LOOP:  2  9  6   	7.169947e-01	( 0 2 4 7 5 3  )
G_LOOP:  2  10  6   	7.161922e-01	( 0 5 3 7 2 4  )
G_LOOP:  2  11  6   	7.124404e-01	( 0 5 4 7 2 3  )
G_LOOP:  2  12  6   	7.211011e-01	( 1 2 3 6 5 4  )
G_LOOP:  2  13  6   	7.136098e-01	( 1 2 4 6 5 3  )
G_LOOP:  2  14  6   	7.140464e-01	( 1 5 3 6 2 4  )
G_LOOP:  2  15  6   	7.080867e-01	( 1 5 4 6 2 3  )
GACTION: 6.713659e+00
CONGRAD5: time = 5.020401e-01 (fn F) masses = 1 iters = 770 mflops = 2.097275e+03
 OK converged final_rsq= 5e-11 (cf 1e-10) rel = 1 (cf 0) restarts = 4 iters= 770
CONGRAD5: time = 4.516506e-02 (fn F) masses = 1 iters = 72 mflops = 2.179882e+03
 OK converged final_rsq= 9.8e-11 (cf 1e-10) rel = 1 (cf 0) restarts = 1 iters= 72
PBP: mass 1.000000e-02     7.277992e-02  6.930018e-02  9.039820e-03  9.040758e-03 ( 1 of 1 )
FACTION: mass = 1.000000e-02,  1.505396e+00 ( 1 of 1 )
CONGRAD5: time = 4.916110e-01 (fn F) masses = 1 iters = 793 mflops = 2.205742e+03
 OK converged final_rsq= 5e-11 (cf 1e-10) rel = 1 (cf 0) restarts = 4 iters= 793
CONGRAD5: time = 5.980492e-02 (fn F) masses = 1 iters = 72 mflops = 1.646261e+03
 OK converged final_rsq= 9.9e-11 (cf 1e-10) rel = 1 (cf 0) restarts = 1 iters= 72
PBP: mass 1.000000e-02     7.839385e-02  8.529664e-02  -1.602402e-03  -1.602854e-03 ( 1 of 1 )
FACTION: mass = 1.000000e-02,  1.499793e+00 ( 1 of 1 )
RUNNING COMPLETED
average cg iters for step= 1.555250e+03
Time = 8.536765e+01 seconds
total_iters = 194011
Checksums b129cef7 7d5651f0
Saved gauge configuration in parallel to binary file lat_p64_size64_2
Time stamp Wed May 18 20:23:19 2022
Wrote info file lat_p64_size64_2.info
Time to save = 3.231890e-01
CHECK PLAQ: 1.462236e+00 1.460401e+00
CHECK NERSC LINKTR: 1.448985e-01 CKSUM: 853ed984


get_i(0): EOF on input.
Elapsed total time: 93.330574
exit: Wed May 18 20:23:20 2022

