cpu-bind=MASK - ault03, task  9  9 [1751273]: mask 0x400000000400000 set
cpu-bind=MASK - ault03, task 11 11 [1751275]: mask 0x800000000800000 set
cpu-bind=MASK - ault03, task 13 13 [1751277]: mask 0x1000000001000000 set
cpu-bind=MASK - ault03, task 21 21 [1751285]: mask 0x1000000001000 set
cpu-bind=MASK - ault03, task  2  2 [1751266]: mask 0x4000000004 set
cpu-bind=MASK - ault03, task  5  5 [1751269]: mask 0x100000000100000 set
cpu-bind=MASK - ault03, task 17 17 [1751281]: mask 0x4000000004000000 set
cpu-bind=MASK - ault03, task 24 24 [1751288]: mask 0x8000000008000 set
cpu-bind=MASK - ault03, task 15 15 [1751279]: mask 0x2000000002000000 set
cpu-bind=MASK - ault03, task 23 23 [1751287]: mask 0x4000000004000 set
cpu-bind=MASK - ault03, task  3  3 [1751267]: mask 0x80000000080000 set
cpu-bind=MASK - ault03, task  4  4 [1751268]: mask 0x8000000008 set
cpu-bind=MASK - ault03, task  7  7 [1751271]: mask 0x200000000200000 set
cpu-bind=MASK - ault03, task 10 10 [1751274]: mask 0x40000000040 set
cpu-bind=MASK - ault03, task 14 14 [1751278]: mask 0x100000000100 set
cpu-bind=MASK - ault03, task 26 26 [1751290]: mask 0x20000000020000 set
cpu-bind=MASK - ault03, task  0  0 [1751264]: mask 0x2000000002 set
cpu-bind=MASK - ault03, task  1  1 [1751265]: mask 0x40000000040000 set
cpu-bind=MASK - ault03, task  8  8 [1751272]: mask 0x20000000020 set
cpu-bind=MASK - ault03, task 12 12 [1751276]: mask 0x80000000080 set
cpu-bind=MASK - ault03, task 16 16 [1751280]: mask 0x200000000200 set
cpu-bind=MASK - ault03, task 18 18 [1751282]: mask 0x400000000400 set
cpu-bind=MASK - ault03, task 20 20 [1751284]: mask 0x800000000800 set
cpu-bind=MASK - ault03, task 22 22 [1751286]: mask 0x2000000002000 set
cpu-bind=MASK - ault03, task 25 25 [1751289]: mask 0x10000000010000 set
cpu-bind=MASK - ault03, task  6  6 [1751270]: mask 0x10000000010 set
cpu-bind=MASK - ault03, task 19 19 [1751283]: mask 0x8000000008000000 set
Running problem size 18^3 per domain until completion
Num processors: 27
Num threads: 1
Total number of elements: 157464 

To run other sizes, use -s <integer>.
To run a fixed number of iterations, use -i <integer>.
To run a more or less balanced region set, use -b <integer>.
To change the relative costs of regions, use -c <integer>.
To print out progress, use -p
To write an output file for VisIt, use -v
See help (-h) for more options

Run completed:
   Problem size        =  18
   MPI tasks           =  27
   Iteration count     =  1809
   Final Origin Energy =  5.892090e+05
   Testing Plane 0 of Energy Array on rank 0:
        MaxAbsDiff   = 9.458745e-11
        TotalAbsDiff = 2.021466e-09
        MaxRelDiff   = 1.732521e-14

Elapsed time         = 48.66313885 (s)
Grind time (us/z/c)  =  4.6125813 (per dom)  ( 48.663139 overall)
FOM                  =  5853.5553 (z/s)

