SU3 with improved KS action
Microcanonical simulation with refreshing
R algorithm
MIMD version 7.8.1
Machine = MPI (portable), with 32 nodes
Host(0) = nid06359
Username = mcopik
Options selected...
Generic single precision
C_GLOBAL_INLINE
DBLSTORE_FN
D_FN_GATHER13
FEWSUMS
KS_MULTIFF=FNMAT
VECLENGTH=4
type 0 for no prompts, 1 for prompts, or 2 for proofreading
nflavors1 2
nflavors2 1
nx 16
ny 8
nz 8
nt 36
iseed 5682304
LAYOUT = Hypercubes, options = hyper_prime,
automatic hyper_prime layout
ON EACH NODE 4 x 4 x 8 x 9
Mallocing 1.1 MBytes per node for lattice
WARNING!!: Resetting random seed
Made lattice
Made nn gathers
Made 3nn gathers
Finished setup


warms 0
trajecs 4
traj_between_meas 1
beta 5.6
mass1 0.125
mass2 0.125
u0 0.8441
microcanonical_time_step 0.2
steps_per_trajectory 5
max_cg_iterations 100
max_cg_restarts 5
error_per_site 0.125
error_for_propagator 0.125
npbp_reps 1
prec_pbp 1
fresh 
save_parallel lat_p64_size64_1
unit gauge configuration loaded
CHECK PLAQ: 3.000000e+00 3.000000e+00
CHECK NERSC LINKTR: 1.000000e+00 CKSUM: 0
Unitarity checked.  Max deviation 0.00e+00
Time to check unitarity = 2.341270e-04
"O(a^2): couplings(pi)=0, Naik term, No O(a^2) errors, tadpole weights"
path coefficients: npath  path_coeff  multiplicity
                    0      6.250000e-01     8
                    1      -5.847914e-02     8
                    2      -8.771871e-02     48
                    3      3.077829e-02     192
                    4      -7.199551e-03     384
                    5      -1.231132e-01     48
Symanzik 1x1 + 1x2 + 1x1x1 action
gauge_action: total_dyn_flavors = 3
loop coefficients: nloop rep loop_coeff  multiplicity
                    0 0      1.000000e+00     6
                    1 0      -7.762509e-02     12
                    2 0      -1.031171e-02     16
WARMUPS COMPLETED
CONGRAD5: time = 4.306078e-03 (fn F) masses = 1 iters = 4 mflops = 1.270227e+03
 OK converged final_rsq= 0.0061 (cf 0.016) rel = 1 (cf 0) restarts = 1 iters= 4
CONGRAD5: time = 3.591061e-03 (fn F) masses = 1 iters = 4 mflops = 1.523142e+03
 OK converged final_rsq= 0.006 (cf 0.016) rel = 1 (cf 0) restarts = 1 iters= 4
GFTIME:   time = 6.085587e-02 (Symanzik1) mflops = 2.896362e+03
FFTIME:  time = 1.570001e-01 (asqtad3) terms = 2 mflops = 3.184273e+03
CONGRAD5: time = 3.669977e-03 (fn F) masses = 1 iters = 4 mflops = 1.490390e+03
 OK converged final_rsq= 0.01 (cf 0.016) rel = 1 (cf 0) restarts = 1 iters= 4
CONGRAD5: time = 3.507853e-03 (fn F) masses = 1 iters = 4 mflops = 1.559272e+03
 OK converged final_rsq= 0.0097 (cf 0.016) rel = 1 (cf 0) restarts = 1 iters= 4
GFTIME:   time = 6.032300e-02 (Symanzik1) mflops = 2.921947e+03
FFTIME:  time = 1.519270e-01 (asqtad3) terms = 2 mflops = 3.290601e+03
CONGRAD5: time = 3.704071e-03 (fn F) masses = 1 iters = 4 mflops = 1.476671e+03
 OK converged final_rsq= 0.014 (cf 0.016) rel = 1 (cf 0) restarts = 1 iters= 4
CONGRAD5: time = 3.645897e-03 (fn F) masses = 1 iters = 4 mflops = 1.500233e+03
 OK converged final_rsq= 0.014 (cf 0.016) rel = 1 (cf 0) restarts = 1 iters= 4
GFTIME:   time = 6.106186e-02 (Symanzik1) mflops = 2.886591e+03
FFTIME:  time = 1.710231e-01 (asqtad3) terms = 2 mflops = 2.923178e+03
CONGRAD5: time = 3.793955e-03 (fn F) masses = 1 iters = 4 mflops = 1.441687e+03
 OK converged final_rsq= 0.013 (cf 0.016) rel = 1 (cf 0) restarts = 1 iters= 4
CONGRAD5: time = 4.148006e-03 (fn F) masses = 1 iters = 4 mflops = 1.318632e+03
 OK converged final_rsq= 0.013 (cf 0.016) rel = 1 (cf 0) restarts = 1 iters= 4
GFTIME:   time = 6.715488e-02 (Symanzik1) mflops = 2.624688e+03
FFTIME:  time = 1.709831e-01 (asqtad3) terms = 2 mflops = 2.923863e+03
CONGRAD5: time = 4.155159e-03 (fn F) masses = 1 iters = 4 mflops = 1.316363e+03
 OK converged final_rsq= 0.011 (cf 0.016) rel = 1 (cf 0) restarts = 1 iters= 4
CONGRAD5: time = 3.512859e-03 (fn F) masses = 1 iters = 4 mflops = 1.557050e+03
 OK converged final_rsq= 0.011 (cf 0.016) rel = 1 (cf 0) restarts = 1 iters= 4
GFTIME:   time = 6.088090e-02 (Symanzik1) mflops = 2.895171e+03
FFTIME:  time = 1.690450e-01 (asqtad3) terms = 2 mflops = 2.957385e+03
PLAQ:	2.349601	2.349835
P_LOOP:	-8.084807e-03	8.713320e-03
G_LOOP:  0  0  4   	2.349396e+00	( 0 1 7 6  )
G_LOOP:  0  1  4   	2.350077e+00	( 0 2 7 5  )
G_LOOP:  0  2  4   	2.345959e+00	( 0 3 7 4  )
G_LOOP:  0  3  4   	2.349329e+00	( 1 2 6 5  )
G_LOOP:  0  4  4   	2.353793e+00	( 1 3 6 4  )
G_LOOP:  0  5  4   	2.349753e+00	( 2 3 5 4  )
G_LOOP:  1  0  6   	1.776418e+00	( 0 0 1 7 7 6  )
G_LOOP:  1  1  6   	1.775458e+00	( 0 0 2 7 7 5  )
G_LOOP:  1  2  6   	1.771841e+00	( 0 0 3 7 7 4  )
G_LOOP:  1  3  6   	1.776159e+00	( 1 1 0 6 6 7  )
G_LOOP:  1  4  6   	1.777992e+00	( 1 1 2 6 6 5  )
G_LOOP:  1  5  6   	1.780394e+00	( 1 1 3 6 6 4  )
G_LOOP:  1  6  6   	1.775600e+00	( 2 2 0 5 5 7  )
G_LOOP:  1  7  6   	1.773827e+00	( 2 2 1 5 5 6  )
G_LOOP:  1  8  6   	1.774903e+00	( 2 2 3 5 5 4  )
G_LOOP:  1  9  6   	1.766301e+00	( 3 3 0 4 4 7  )
G_LOOP:  1  10  6   	1.784863e+00	( 3 3 1 4 4 6  )
G_LOOP:  1  11  6   	1.775867e+00	( 3 3 2 4 4 5  )
G_LOOP:  2  0  6   	1.821945e+00	( 0 1 2 7 6 5  )
G_LOOP:  2  1  6   	1.820811e+00	( 0 1 5 7 6 2  )
G_LOOP:  2  2  6   	1.824942e+00	( 0 6 2 7 1 5  )
G_LOOP:  2  3  6   	1.822656e+00	( 0 6 5 7 1 2  )
G_LOOP:  2  4  6   	1.818289e+00	( 0 1 3 7 6 4  )
G_LOOP:  2  5  6   	1.824846e+00	( 0 1 4 7 6 3  )
G_LOOP:  2  6  6   	1.825465e+00	( 0 6 3 7 1 4  )
G_LOOP:  2  7  6   	1.821118e+00	( 0 6 4 7 1 3  )
G_LOOP:  2  8  6   	1.821953e+00	( 0 2 3 7 5 4  )
G_LOOP:  2  9  6   	1.817864e+00	( 0 2 4 7 5 3  )
G_LOOP:  2  10  6   	1.822062e+00	( 0 5 3 7 2 4  )
G_LOOP:  2  11  6   	1.817336e+00	( 0 5 4 7 2 3  )
G_LOOP:  2  12  6   	1.824341e+00	( 1 2 3 6 5 4  )
G_LOOP:  2  13  6   	1.819176e+00	( 1 2 4 6 5 3  )
G_LOOP:  2  14  6   	1.830293e+00	( 1 5 3 6 2 4  )
G_LOOP:  2  15  6   	1.827528e+00	( 1 5 4 6 2 3  )
GACTION: 2.567086e+00
CONGRAD5: time = 5.462170e-03 (fn F) masses = 1 iters = 4 mflops = 1.001378e+03
 OK converged final_rsq= 0.01 (cf 0.016) rel = 1 (cf 0) restarts = 1 iters= 4
CONGRAD5: time = 5.167007e-03 (fn F) masses = 1 iters = 6 mflops = 1.587872e+03
 OK converged final_rsq= 0.0078 (cf 0.016) rel = 1 (cf 0) restarts = 1 iters= 6
PBP: mass 1.250000e-01     6.951406e-02  1.076963e-01  -1.588555e-03  -2.674904e-03 ( 1 of 1 )
FACTION: mass = 1.250000e-01,  1.460881e+00 ( 1 of 1 )
CONGRAD5: time = 3.625154e-03 (fn F) masses = 1 iters = 4 mflops = 1.508817e+03
 OK converged final_rsq= 0.01 (cf 0.016) rel = 1 (cf 0) restarts = 1 iters= 4
CONGRAD5: time = 4.949093e-03 (fn F) masses = 1 iters = 6 mflops = 1.657787e+03
 OK converged final_rsq= 0.0082 (cf 0.016) rel = 1 (cf 0) restarts = 1 iters= 6
PBP: mass 1.250000e-01     6.688204e-02  1.132018e-01  2.818129e-03  3.788318e-03 ( 1 of 1 )
FACTION: mass = 1.250000e-01,  1.478037e+00 ( 1 of 1 )
CONGRAD5: time = 5.275965e-03 (fn F) masses = 1 iters = 4 mflops = 1.036720e+03
 OK converged final_rsq= 0.011 (cf 0.016) rel = 1 (cf 0) restarts = 1 iters= 4
CONGRAD5: time = 4.101038e-03 (fn F) masses = 1 iters = 4 mflops = 1.333735e+03
 OK converged final_rsq= 0.011 (cf 0.016) rel = 1 (cf 0) restarts = 1 iters= 4
GFTIME:   time = 6.454396e-02 (Symanzik1) mflops = 2.730861e+03
FFTIME:  time = 1.668751e-01 (asqtad3) terms = 2 mflops = 2.995840e+03
CONGRAD5: time = 4.668951e-03 (fn F) masses = 1 iters = 5 mflops = 1.464380e+03
 OK converged final_rsq= 0.0069 (cf 0.016) rel = 1 (cf 0) restarts = 1 iters= 5
CONGRAD5: time = 3.510952e-03 (fn F) masses = 1 iters = 4 mflops = 1.557895e+03
 OK converged final_rsq= 0.015 (cf 0.016) rel = 1 (cf 0) restarts = 1 iters= 4
GFTIME:   time = 5.982089e-02 (Symanzik1) mflops = 2.946472e+03
FFTIME:  time = 1.476521e-01 (asqtad3) terms = 2 mflops = 3.385871e+03
CONGRAD5: time = 4.172087e-03 (fn F) masses = 1 iters = 5 mflops = 1.638777e+03
 OK converged final_rsq= 0.0087 (cf 0.016) rel = 1 (cf 0) restarts = 1 iters= 5
CONGRAD5: time = 4.032850e-03 (fn F) masses = 1 iters = 5 mflops = 1.695357e+03
 OK converged final_rsq= 0.0084 (cf 0.016) rel = 1 (cf 0) restarts = 1 iters= 5
GFTIME:   time = 5.997491e-02 (Symanzik1) mflops = 2.938906e+03
FFTIME:  time = 1.634920e-01 (asqtad3) terms = 2 mflops = 3.057833e+03
CONGRAD5: time = 5.991936e-03 (fn F) masses = 1 iters = 5 mflops = 1.141054e+03
 OK converged final_rsq= 0.0084 (cf 0.016) rel = 1 (cf 0) restarts = 1 iters= 5
CONGRAD5: time = 5.931139e-03 (fn F) masses = 1 iters = 5 mflops = 1.152750e+03
 OK converged final_rsq= 0.0082 (cf 0.016) rel = 1 (cf 0) restarts = 1 iters= 5
GFTIME:   time = 8.095789e-02 (Symanzik1) mflops = 2.177189e+03
FFTIME:  time = 2.138300e-01 (asqtad3) terms = 2 mflops = 2.337984e+03
CONGRAD5: time = 4.461050e-03 (fn F) masses = 1 iters = 4 mflops = 1.226101e+03
 OK converged final_rsq= 0.015 (cf 0.016) rel = 1 (cf 0) restarts = 1 iters= 4
CONGRAD5: time = 3.533125e-03 (fn F) masses = 1 iters = 4 mflops = 1.548118e+03
 OK converged final_rsq= 0.015 (cf 0.016) rel = 1 (cf 0) restarts = 1 iters= 4
GFTIME:   time = 6.048703e-02 (Symanzik1) mflops = 2.914023e+03
FFTIME:  time = 1.479530e-01 (asqtad3) terms = 2 mflops = 3.378985e+03
PLAQ:	2.013172	2.017219
P_LOOP:	1.960852e-02	-2.494796e-02
G_LOOP:  0  0  4   	2.017202e+00	( 0 1 7 6  )
G_LOOP:  0  1  4   	2.013733e+00	( 0 2 7 5  )
G_LOOP:  0  2  4   	2.019144e+00	( 0 3 7 4  )
G_LOOP:  0  3  4   	2.008581e+00	( 1 2 6 5  )
G_LOOP:  0  4  4   	2.017523e+00	( 1 3 6 4  )
G_LOOP:  0  5  4   	2.014990e+00	( 2 3 5 4  )
G_LOOP:  1  0  6   	1.304672e+00	( 0 0 1 7 7 6  )
G_LOOP:  1  1  6   	1.302535e+00	( 0 0 2 7 7 5  )
G_LOOP:  1  2  6   	1.309334e+00	( 0 0 3 7 7 4  )
G_LOOP:  1  3  6   	1.308088e+00	( 1 1 0 6 6 7  )
G_LOOP:  1  4  6   	1.293703e+00	( 1 1 2 6 6 5  )
G_LOOP:  1  5  6   	1.305435e+00	( 1 1 3 6 6 4  )
G_LOOP:  1  6  6   	1.305355e+00	( 2 2 0 5 5 7  )
G_LOOP:  1  7  6   	1.297786e+00	( 2 2 1 5 5 6  )
G_LOOP:  1  8  6   	1.302078e+00	( 2 2 3 5 5 4  )
G_LOOP:  1  9  6   	1.310564e+00	( 3 3 0 4 4 7  )
G_LOOP:  1  10  6   	1.307580e+00	( 3 3 1 4 4 6  )
G_LOOP:  1  11  6   	1.308746e+00	( 3 3 2 4 4 5  )
G_LOOP:  2  0  6   	1.344830e+00	( 0 1 2 7 6 5  )
G_LOOP:  2  1  6   	1.341135e+00	( 0 1 5 7 6 2  )
G_LOOP:  2  2  6   	1.352155e+00	( 0 6 2 7 1 5  )
G_LOOP:  2  3  6   	1.342497e+00	( 0 6 5 7 1 2  )
G_LOOP:  2  4  6   	1.349918e+00	( 0 1 3 7 6 4  )
G_LOOP:  2  5  6   	1.355072e+00	( 0 1 4 7 6 3  )
G_LOOP:  2  6  6   	1.352955e+00	( 0 6 3 7 1 4  )
G_LOOP:  2  7  6   	1.354463e+00	( 0 6 4 7 1 3  )
G_LOOP:  2  8  6   	1.349836e+00	( 0 2 3 7 5 4  )
G_LOOP:  2  9  6   	1.344382e+00	( 0 2 4 7 5 3  )
G_LOOP:  2  10  6   	1.347910e+00	( 0 5 3 7 2 4  )
G_LOOP:  2  11  6   	1.345573e+00	( 0 5 4 7 2 3  )
G_LOOP:  2  12  6   	1.348588e+00	( 1 2 3 6 5 4  )
G_LOOP:  2  13  6   	1.343335e+00	( 1 2 4 6 5 3  )
G_LOOP:  2  14  6   	1.341432e+00	( 1 5 3 6 2 4  )
G_LOOP:  2  15  6   	1.347296e+00	( 1 5 4 6 2 3  )
GACTION: 4.056985e+00
CONGRAD5: time = 3.992081e-03 (fn F) masses = 1 iters = 4 mflops = 1.370137e+03
 OK converged final_rsq= 0.014 (cf 0.016) rel = 1 (cf 0) restarts = 1 iters= 4
CONGRAD5: time = 4.675865e-03 (fn F) masses = 1 iters = 6 mflops = 1.754658e+03
 OK converged final_rsq= 0.013 (cf 0.016) rel = 1 (cf 0) restarts = 1 iters= 6
PBP: mass 1.250000e-01     8.690378e-02  1.716741e-01  -2.287688e-03  -1.246880e-03 ( 1 of 1 )
FACTION: mass = 1.250000e-01,  1.453105e+00 ( 1 of 1 )
CONGRAD5: time = 3.618956e-03 (fn F) masses = 1 iters = 4 mflops = 1.511402e+03
 OK converged final_rsq= 0.014 (cf 0.016) rel = 1 (cf 0) restarts = 1 iters= 4
CONGRAD5: time = 4.658937e-03 (fn F) masses = 1 iters = 6 mflops = 1.761033e+03
 OK converged final_rsq= 0.013 (cf 0.016) rel = 1 (cf 0) restarts = 1 iters= 6
PBP: mass 1.250000e-01     9.176318e-02  1.607143e-01  -4.144179e-03  -3.913468e-03 ( 1 of 1 )
FACTION: mass = 1.250000e-01,  1.441279e+00 ( 1 of 1 )
CONGRAD5: time = 4.207134e-03 (fn F) masses = 1 iters = 5 mflops = 1.625125e+03
 OK converged final_rsq= 0.0074 (cf 0.016) rel = 1 (cf 0) restarts = 1 iters= 5
CONGRAD5: time = 3.456116e-03 (fn F) masses = 1 iters = 4 mflops = 1.582614e+03
 OK converged final_rsq= 0.015 (cf 0.016) rel = 1 (cf 0) restarts = 1 iters= 4
GFTIME:   time = 6.155419e-02 (Symanzik1) mflops = 2.863503e+03
FFTIME:  time = 1.500719e-01 (asqtad3) terms = 2 mflops = 3.331278e+03
CONGRAD5: time = 4.182100e-03 (fn F) masses = 1 iters = 5 mflops = 1.634853e+03
 OK converged final_rsq= 0.0094 (cf 0.016) rel = 1 (cf 0) restarts = 1 iters= 5
CONGRAD5: time = 4.025936e-03 (fn F) masses = 1 iters = 5 mflops = 1.698268e+03
 OK converged final_rsq= 0.0086 (cf 0.016) rel = 1 (cf 0) restarts = 1 iters= 5
GFTIME:   time = 6.057310e-02 (Symanzik1) mflops = 2.909883e+03
FFTIME:  time = 1.482420e-01 (asqtad3) terms = 2 mflops = 3.372399e+03
CONGRAD5: time = 4.174948e-03 (fn F) masses = 1 iters = 5 mflops = 1.637654e+03
 OK converged final_rsq= 0.011 (cf 0.016) rel = 1 (cf 0) restarts = 1 iters= 5
CONGRAD5: time = 4.040003e-03 (fn F) masses = 1 iters = 5 mflops = 1.692355e+03
 OK converged final_rsq= 0.01 (cf 0.016) rel = 1 (cf 0) restarts = 1 iters= 5
GFTIME:   time = 6.789994e-02 (Symanzik1) mflops = 2.595887e+03
FFTIME:  time = 1.490910e-01 (asqtad3) terms = 2 mflops = 3.353194e+03
CONGRAD5: time = 4.365921e-03 (fn F) masses = 1 iters = 5 mflops = 1.566020e+03
 OK converged final_rsq= 0.01 (cf 0.016) rel = 1 (cf 0) restarts = 1 iters= 5
CONGRAD5: time = 4.165173e-03 (fn F) masses = 1 iters = 5 mflops = 1.641497e+03
 OK converged final_rsq= 0.01 (cf 0.016) rel = 1 (cf 0) restarts = 1 iters= 5
GFTIME:   time = 6.170607e-02 (Symanzik1) mflops = 2.856455e+03
FFTIME:  time = 1.568260e-01 (asqtad3) terms = 2 mflops = 3.187807e+03
CONGRAD5: time = 5.002975e-03 (fn F) masses = 1 iters = 5 mflops = 1.366611e+03
 OK converged final_rsq= 0.01 (cf 0.016) rel = 1 (cf 0) restarts = 1 iters= 5
CONGRAD5: time = 4.522085e-03 (fn F) masses = 1 iters = 5 mflops = 1.511940e+03
 OK converged final_rsq= 0.0096 (cf 0.016) rel = 1 (cf 0) restarts = 1 iters= 5
GFTIME:   time = 7.199001e-02 (Symanzik1) mflops = 2.448404e+03
FFTIME:  time = 1.546941e-01 (asqtad3) terms = 2 mflops = 3.231741e+03
PLAQ:	1.794639	1.794439
P_LOOP:	2.967754e-02	-1.808640e-02
G_LOOP:  0  0  4   	1.799420e+00	( 0 1 7 6  )
G_LOOP:  0  1  4   	1.790888e+00	( 0 2 7 5  )
G_LOOP:  0  2  4   	1.793695e+00	( 0 3 7 4  )
G_LOOP:  0  3  4   	1.793609e+00	( 1 2 6 5  )
G_LOOP:  0  4  4   	1.798660e+00	( 1 3 6 4  )
G_LOOP:  0  5  4   	1.790963e+00	( 2 3 5 4  )
G_LOOP:  1  0  6   	1.039154e+00	( 0 0 1 7 7 6  )
G_LOOP:  1  1  6   	1.024794e+00	( 0 0 2 7 7 5  )
G_LOOP:  1  2  6   	1.023798e+00	( 0 0 3 7 7 4  )
G_LOOP:  1  3  6   	1.034941e+00	( 1 1 0 6 6 7  )
G_LOOP:  1  4  6   	1.029027e+00	( 1 1 2 6 6 5  )
G_LOOP:  1  5  6   	1.034595e+00	( 1 1 3 6 6 4  )
G_LOOP:  1  6  6   	1.022471e+00	( 2 2 0 5 5 7  )
G_LOOP:  1  7  6   	1.024796e+00	( 2 2 1 5 5 6  )
G_LOOP:  1  8  6   	1.018340e+00	( 2 2 3 5 5 4  )
G_LOOP:  1  9  6   	1.030807e+00	( 3 3 0 4 4 7  )
G_LOOP:  1  10  6   	1.039294e+00	( 3 3 1 4 4 6  )
G_LOOP:  1  11  6   	1.019778e+00	( 3 3 2 4 4 5  )
G_LOOP:  2  0  6   	1.053655e+00	( 0 1 2 7 6 5  )
G_LOOP:  2  1  6   	1.063683e+00	( 0 1 5 7 6 2  )
G_LOOP:  2  2  6   	1.062778e+00	( 0 6 2 7 1 5  )
G_LOOP:  2  3  6   	1.061709e+00	( 0 6 5 7 1 2  )
G_LOOP:  2  4  6   	1.061796e+00	( 0 1 3 7 6 4  )
G_LOOP:  2  5  6   	1.069225e+00	( 0 1 4 7 6 3  )
G_LOOP:  2  6  6   	1.062380e+00	( 0 6 3 7 1 4  )
G_LOOP:  2  7  6   	1.069684e+00	( 0 6 4 7 1 3  )
G_LOOP:  2  8  6   	1.057541e+00	( 0 2 3 7 5 4  )
G_LOOP:  2  9  6   	1.062605e+00	( 0 2 4 7 5 3  )
G_LOOP:  2  10  6   	1.055512e+00	( 0 5 3 7 2 4  )
G_LOOP:  2  11  6   	1.058250e+00	( 0 5 4 7 2 3  )
G_LOOP:  2  12  6   	1.062194e+00	( 1 2 3 6 5 4  )
G_LOOP:  2  13  6   	1.061215e+00	( 1 2 4 6 5 3  )
G_LOOP:  2  14  6   	1.058760e+00	( 1 5 3 6 2 4  )
G_LOOP:  2  15  6   	1.056663e+00	( 1 5 4 6 2 3  )
GACTION: 5.076400e+00
CONGRAD5: time = 4.189968e-03 (fn F) masses = 1 iters = 5 mflops = 1.631783e+03
 OK converged final_rsq= 0.0085 (cf 0.016) rel = 1 (cf 0) restarts = 1 iters= 5
CONGRAD5: time = 4.990101e-03 (fn F) masses = 1 iters = 6 mflops = 1.644164e+03
 OK converged final_rsq= 0.015 (cf 0.016) rel = 1 (cf 0) restarts = 1 iters= 6
PBP: mass 1.250000e-01     1.066392e-01  3.081026e-01  4.654740e-03  3.557145e-03 ( 1 of 1 )
FACTION: mass = 1.250000e-01,  1.448462e+00 ( 1 of 1 )
CONGRAD5: time = 4.372120e-03 (fn F) masses = 1 iters = 5 mflops = 1.563800e+03
 OK converged final_rsq= 0.0084 (cf 0.016) rel = 1 (cf 0) restarts = 1 iters= 5
CONGRAD5: time = 4.982948e-03 (fn F) masses = 1 iters = 6 mflops = 1.646524e+03
 OK converged final_rsq= 0.015 (cf 0.016) rel = 1 (cf 0) restarts = 1 iters= 6
PBP: mass 1.250000e-01     1.025752e-01  3.140966e-01  -6.163071e-04  -7.534923e-04 ( 1 of 1 )
FACTION: mass = 1.250000e-01,  1.444132e+00 ( 1 of 1 )
CONGRAD5: time = 4.214048e-03 (fn F) masses = 1 iters = 5 mflops = 1.622459e+03
 OK converged final_rsq= 0.0099 (cf 0.016) rel = 1 (cf 0) restarts = 1 iters= 5
CONGRAD5: time = 4.031181e-03 (fn F) masses = 1 iters = 5 mflops = 1.696059e+03
 OK converged final_rsq= 0.0096 (cf 0.016) rel = 1 (cf 0) restarts = 1 iters= 5
GFTIME:   time = 6.190085e-02 (Symanzik1) mflops = 2.847466e+03
FFTIME:  time = 1.501250e-01 (asqtad3) terms = 2 mflops = 3.330099e+03
CONGRAD5: time = 4.433870e-03 (fn F) masses = 1 iters = 5 mflops = 1.542021e+03
 OK converged final_rsq= 0.011 (cf 0.016) rel = 1 (cf 0) restarts = 1 iters= 5
CONGRAD5: time = 4.053116e-03 (fn F) masses = 1 iters = 5 mflops = 1.686880e+03
 OK converged final_rsq= 0.011 (cf 0.016) rel = 1 (cf 0) restarts = 1 iters= 5
GFTIME:   time = 6.166410e-02 (Symanzik1) mflops = 2.858399e+03
FFTIME:  time = 1.479440e-01 (asqtad3) terms = 2 mflops = 3.379192e+03
CONGRAD5: time = 4.211187e-03 (fn F) masses = 1 iters = 5 mflops = 1.623561e+03
 OK converged final_rsq= 0.012 (cf 0.016) rel = 1 (cf 0) restarts = 1 iters= 5
CONGRAD5: time = 4.103899e-03 (fn F) masses = 1 iters = 5 mflops = 1.666006e+03
 OK converged final_rsq= 0.012 (cf 0.016) rel = 1 (cf 0) restarts = 1 iters= 5
GFTIME:   time = 6.133604e-02 (Symanzik1) mflops = 2.873687e+03
FFTIME:  time = 1.486781e-01 (asqtad3) terms = 2 mflops = 3.362508e+03
CONGRAD5: time = 4.222155e-03 (fn F) masses = 1 iters = 5 mflops = 1.619344e+03
 OK converged final_rsq= 0.013 (cf 0.016) rel = 1 (cf 0) restarts = 1 iters= 5
CONGRAD5: time = 4.055023e-03 (fn F) masses = 1 iters = 5 mflops = 1.686087e+03
 OK converged final_rsq= 0.012 (cf 0.016) rel = 1 (cf 0) restarts = 1 iters= 5
GFTIME:   time = 6.027794e-02 (Symanzik1) mflops = 2.924131e+03
FFTIME:  time = 1.913390e-01 (asqtad3) terms = 2 mflops = 2.612803e+03
CONGRAD5: time = 4.837990e-03 (fn F) masses = 1 iters = 5 mflops = 1.413215e+03
 OK converged final_rsq= 0.012 (cf 0.016) rel = 1 (cf 0) restarts = 1 iters= 5
CONGRAD5: time = 4.038095e-03 (fn F) masses = 1 iters = 5 mflops = 1.693155e+03
 OK converged final_rsq= 0.011 (cf 0.016) rel = 1 (cf 0) restarts = 1 iters= 5
GFTIME:   time = 6.536603e-02 (Symanzik1) mflops = 2.696517e+03
FFTIME:  time = 1.464980e-01 (asqtad3) terms = 2 mflops = 3.412547e+03
PLAQ:	1.645792	1.643904
P_LOOP:	-8.197186e-03	5.077758e-02
G_LOOP:  0  0  4   	1.650007e+00	( 0 1 7 6  )
G_LOOP:  0  1  4   	1.645946e+00	( 0 2 7 5  )
G_LOOP:  0  2  4   	1.649325e+00	( 0 3 7 4  )
G_LOOP:  0  3  4   	1.641424e+00	( 1 2 6 5  )
G_LOOP:  0  4  4   	1.644123e+00	( 1 3 6 4  )
G_LOOP:  0  5  4   	1.638263e+00	( 2 3 5 4  )
G_LOOP:  1  0  6   	8.645052e-01	( 0 0 1 7 7 6  )
G_LOOP:  1  1  6   	8.604069e-01	( 0 0 2 7 7 5  )
G_LOOP:  1  2  6   	8.604076e-01	( 0 0 3 7 7 4  )
G_LOOP:  1  3  6   	8.649686e-01	( 1 1 0 6 6 7  )
G_LOOP:  1  4  6   	8.485101e-01	( 1 1 2 6 6 5  )
G_LOOP:  1  5  6   	8.500264e-01	( 1 1 3 6 6 4  )
G_LOOP:  1  6  6   	8.576334e-01	( 2 2 0 5 5 7  )
G_LOOP:  1  7  6   	8.497820e-01	( 2 2 1 5 5 6  )
G_LOOP:  1  8  6   	8.487023e-01	( 2 2 3 5 5 4  )
G_LOOP:  1  9  6   	8.548094e-01	( 3 3 0 4 4 7  )
G_LOOP:  1  10  6   	8.516216e-01	( 3 3 1 4 4 6  )
G_LOOP:  1  11  6   	8.489936e-01	( 3 3 2 4 4 5  )
G_LOOP:  2  0  6   	8.770076e-01	( 0 1 2 7 6 5  )
G_LOOP:  2  1  6   	8.790823e-01	( 0 1 5 7 6 2  )
G_LOOP:  2  2  6   	8.813909e-01	( 0 6 2 7 1 5  )
G_LOOP:  2  3  6   	8.765040e-01	( 0 6 5 7 1 2  )
G_LOOP:  2  4  6   	8.733976e-01	( 0 1 3 7 6 4  )
G_LOOP:  2  5  6   	8.860708e-01	( 0 1 4 7 6 3  )
G_LOOP:  2  6  6   	8.837483e-01	( 0 6 3 7 1 4  )
G_LOOP:  2  7  6   	8.815830e-01	( 0 6 4 7 1 3  )
G_LOOP:  2  8  6   	8.733226e-01	( 0 2 3 7 5 4  )
G_LOOP:  2  9  6   	8.755202e-01	( 0 2 4 7 5 3  )
G_LOOP:  2  10  6   	8.772982e-01	( 0 5 3 7 2 4  )
G_LOOP:  2  11  6   	8.789451e-01	( 0 5 4 7 2 3  )
G_LOOP:  2  12  6   	8.759352e-01	( 1 2 3 6 5 4  )
G_LOOP:  2  13  6   	8.759785e-01	( 1 2 4 6 5 3  )
G_LOOP:  2  14  6   	8.814232e-01	( 1 5 3 6 2 4  )
G_LOOP:  2  15  6   	8.648005e-01	( 1 5 4 6 2 3  )
GACTION: 5.782705e+00
CONGRAD5: time = 4.375935e-03 (fn F) masses = 1 iters = 5 mflops = 1.562437e+03
 OK converged final_rsq= 0.01 (cf 0.016) rel = 1 (cf 0) restarts = 1 iters= 5
CONGRAD5: time = 5.269051e-03 (fn F) masses = 1 iters = 7 mflops = 1.816640e+03
 OK converged final_rsq= 0.0081 (cf 0.016) rel = 1 (cf 0) restarts = 1 iters= 7
PBP: mass 1.250000e-01     1.244798e-01  3.169711e-01  -3.379830e-03  -2.741972e-03 ( 1 of 1 )
FACTION: mass = 1.250000e-01,  1.439485e+00 ( 1 of 1 )
CONGRAD5: time = 4.077911e-03 (fn F) masses = 1 iters = 5 mflops = 1.676623e+03
 OK converged final_rsq= 0.01 (cf 0.016) rel = 1 (cf 0) restarts = 1 iters= 5
CONGRAD5: time = 5.280018e-03 (fn F) masses = 1 iters = 7 mflops = 1.812867e+03
 OK converged final_rsq= 0.0083 (cf 0.016) rel = 1 (cf 0) restarts = 1 iters= 7
PBP: mass 1.250000e-01     1.328154e-01  3.117547e-01  -2.365459e-03  -1.909385e-03 ( 1 of 1 )
FACTION: mass = 1.250000e-01,  1.439103e+00 ( 1 of 1 )
RUNNING COMPLETED
average cg iters for step= 1.100000e+01
Time = 6.896238e+00 seconds
total_iters = 550
Checksums 27ed4bcd decec819
Saved gauge configuration in parallel to binary file lat_p64_size64_1
Time stamp Wed May 18 21:46:18 2022
Wrote info file lat_p64_size64_1.info
Time to save = 1.821780e-01
CHECK PLAQ: 1.645792e+00 1.643904e+00
CHECK NERSC LINKTR: 1.721335e-01 CKSUM: ec2a4db8


warms 0
trajecs 4
traj_between_meas 1
beta 5.6
mass1 0.01
mass2 0.01
u0 0.8441
microcanonical_time_step 0.02
steps_per_trajectory 15
max_cg_iterations 300
max_cg_restarts 5
error_per_site 1e-05
error_for_propagator 1e-05
npbp_reps 1
prec_pbp 1
reload_parallel lat_p64_size64_1
save_parallel lat_p64_size64_2
Restored binary gauge configuration in parallel from file lat_p64_size64_1
Time stamp Wed May 18 21:46:18 2022
Checksums 27ed4bcd decec819 OK
Time to reload gauge configuration = 1.692328e-01
CHECK PLAQ: 1.645792e+00 1.643904e+00
CHECK NERSC LINKTR: 1.721335e-01 CKSUM: ec2a4db8
Unitarity checked.  Max deviation 2.98e-07
Time to check unitarity = 2.269745e-04
"O(a^2): couplings(pi)=0, Naik term, No O(a^2) errors, tadpole weights"
path coefficients: npath  path_coeff  multiplicity
                    0      6.250000e-01     8
                    1      -5.847914e-02     8
                    2      -8.771871e-02     48
                    3      3.077829e-02     192
                    4      -7.199551e-03     384
                    5      -1.231132e-01     48
Symanzik 1x1 + 1x2 + 1x1x1 action
gauge_action: total_dyn_flavors = 3
loop coefficients: nloop rep loop_coeff  multiplicity
                    0 0      1.000000e+00     6
                    1 0      -7.762509e-02     12
                    2 0      -1.031171e-02     16
WARMUPS COMPLETED
CONGRAD5: time = 5.189800e-01 (fn F) masses = 1 iters = 833 mflops = 2.194813e+03
 OK converged final_rsq= 5e-11 (cf 1e-10) rel = 1 (cf 0) restarts = 4 iters= 833
CONGRAD5: time = 5.128350e-01 (fn F) masses = 1 iters = 808 mflops = 2.154452e+03
 OK converged final_rsq= 5e-11 (cf 1e-10) rel = 1 (cf 0) restarts = 4 iters= 808
GFTIME:   time = 6.072903e-02 (Symanzik1) mflops = 2.902411e+03
FFTIME:  time = 1.594770e-01 (asqtad3) terms = 2 mflops = 3.134817e+03
CONGRAD5: time = 5.565431e-01 (fn F) masses = 1 iters = 778 mflops = 1.911543e+03
 OK converged final_rsq= 5e-11 (cf 1e-10) rel = 1 (cf 0) restarts = 4 iters= 778
CONGRAD5: time = 5.361190e-01 (fn F) masses = 1 iters = 775 mflops = 1.976713e+03
 OK converged final_rsq= 5e-11 (cf 1e-10) rel = 1 (cf 0) restarts = 4 iters= 775
GFTIME:   time = 6.043386e-02 (Symanzik1) mflops = 2.916587e+03
FFTIME:  time = 1.488230e-01 (asqtad3) terms = 2 mflops = 3.359233e+03
CONGRAD5: time = 5.475130e-01 (fn F) masses = 1 iters = 800 mflops = 1.998015e+03
 OK converged final_rsq= 5e-11 (cf 1e-10) rel = 1 (cf 0) restarts = 4 iters= 800
CONGRAD5: time = 4.610860e-01 (fn F) masses = 1 iters = 739 mflops = 2.191622e+03
 OK converged final_rsq= 9.9e-11 (cf 1e-10) rel = 1 (cf 0) restarts = 3 iters= 739
GFTIME:   time = 6.368709e-02 (Symanzik1) mflops = 2.767604e+03
FFTIME:  time = 1.624761e-01 (asqtad3) terms = 2 mflops = 3.076953e+03
CONGRAD5: time = 4.911420e-01 (fn F) masses = 1 iters = 743 mflops = 2.068640e+03
 OK converged final_rsq= 5e-11 (cf 1e-10) rel = 1 (cf 0) restarts = 4 iters= 743
CONGRAD5: time = 5.050521e-01 (fn F) masses = 1 iters = 790 mflops = 2.138918e+03
 OK converged final_rsq= 4.9e-11 (cf 1e-10) rel = 1 (cf 0) restarts = 4 iters= 790
GFTIME:   time = 5.982614e-02 (Symanzik1) mflops = 2.946214e+03
FFTIME:  time = 1.484580e-01 (asqtad3) terms = 2 mflops = 3.367492e+03
CONGRAD5: time = 6.653910e-01 (fn F) masses = 1 iters = 835 mflops = 1.715982e+03
 OK converged final_rsq= 4.9e-11 (cf 1e-10) rel = 1 (cf 0) restarts = 4 iters= 835
CONGRAD5: time = 4.943900e-01 (fn F) masses = 1 iters = 788 mflops = 2.179514e+03
 OK converged final_rsq= 4.9e-11 (cf 1e-10) rel = 1 (cf 0) restarts = 4 iters= 788
GFTIME:   time = 6.371784e-02 (Symanzik1) mflops = 2.766268e+03
FFTIME:  time = 1.730931e-01 (asqtad3) terms = 2 mflops = 2.888221e+03
CONGRAD5: time = 4.726820e-01 (fn F) masses = 1 iters = 745 mflops = 2.155214e+03
 OK converged final_rsq= 5e-11 (cf 1e-10) rel = 1 (cf 0) restarts = 4 iters= 745
CONGRAD5: time = 4.986010e-01 (fn F) masses = 1 iters = 782 mflops = 2.144652e+03
 OK converged final_rsq= 5e-11 (cf 1e-10) rel = 1 (cf 0) restarts = 4 iters= 782
GFTIME:   time = 6.327701e-02 (Symanzik1) mflops = 2.785540e+03
FFTIME:  time = 1.475739e-01 (asqtad3) terms = 2 mflops = 3.387665e+03
CONGRAD5: time = 5.477281e-01 (fn F) masses = 1 iters = 776 mflops = 1.937314e+03
 OK converged final_rsq= 5e-11 (cf 1e-10) rel = 1 (cf 0) restarts = 4 iters= 776
CONGRAD5: time = 5.334151e-01 (fn F) masses = 1 iters = 748 mflops = 1.917518e+03
 OK converged final_rsq= 9.9e-11 (cf 1e-10) rel = 1 (cf 0) restarts = 3 iters= 748
GFTIME:   time = 6.575012e-02 (Symanzik1) mflops = 2.680765e+03
FFTIME:  time = 1.496210e-01 (asqtad3) terms = 2 mflops = 3.341316e+03
CONGRAD5: time = 5.039451e-01 (fn F) masses = 1 iters = 788 mflops = 2.138189e+03
 OK converged final_rsq= 5e-11 (cf 1e-10) rel = 1 (cf 0) restarts = 4 iters= 788
CONGRAD5: time = 4.858820e-01 (fn F) masses = 1 iters = 776 mflops = 2.183907e+03
 OK converged final_rsq= 5e-11 (cf 1e-10) rel = 1 (cf 0) restarts = 4 iters= 776
GFTIME:   time = 6.833696e-02 (Symanzik1) mflops = 2.579287e+03
FFTIME:  time = 1.519079e-01 (asqtad3) terms = 2 mflops = 3.291014e+03
CONGRAD5: time = 5.364690e-01 (fn F) masses = 1 iters = 774 mflops = 1.972875e+03
 OK converged final_rsq= 9.9e-11 (cf 1e-10) rel = 1 (cf 0) restarts = 3 iters= 774
CONGRAD5: time = 5.319479e-01 (fn F) masses = 1 iters = 781 mflops = 2.007637e+03
 OK converged final_rsq= 9.9e-11 (cf 1e-10) rel = 1 (cf 0) restarts = 3 iters= 781
GFTIME:   time = 6.243300e-02 (Symanzik1) mflops = 2.823196e+03
FFTIME:  time = 1.777220e-01 (asqtad3) terms = 2 mflops = 2.812996e+03
CONGRAD5: time = 4.713631e-01 (fn F) masses = 1 iters = 748 mflops = 2.169948e+03
 OK converged final_rsq= 5e-11 (cf 1e-10) rel = 1 (cf 0) restarts = 4 iters= 748
CONGRAD5: time = 5.295970e-01 (fn F) masses = 1 iters = 754 mflops = 1.946834e+03
 OK converged final_rsq= 5e-11 (cf 1e-10) rel = 1 (cf 0) restarts = 4 iters= 754
GFTIME:   time = 6.404114e-02 (Symanzik1) mflops = 2.752303e+03
FFTIME:  time = 1.596968e-01 (asqtad3) terms = 2 mflops = 3.130502e+03
CONGRAD5: time = 4.821291e-01 (fn F) masses = 1 iters = 773 mflops = 2.192398e+03
 OK converged final_rsq= 5e-11 (cf 1e-10) rel = 1 (cf 0) restarts = 4 iters= 773
CONGRAD5: time = 4.944222e-01 (fn F) masses = 1 iters = 766 mflops = 2.118527e+03
 OK converged final_rsq= 5e-11 (cf 1e-10) rel = 1 (cf 0) restarts = 4 iters= 766
GFTIME:   time = 7.109380e-02 (Symanzik1) mflops = 2.479268e+03
FFTIME:  time = 1.645150e-01 (asqtad3) terms = 2 mflops = 3.038818e+03
CONGRAD5: time = 5.222549e-01 (fn F) masses = 1 iters = 758 mflops = 1.984677e+03
 OK converged final_rsq= 1e-10 (cf 1e-10) rel = 1 (cf 0) restarts = 3 iters= 758
CONGRAD5: time = 5.125248e-01 (fn F) masses = 1 iters = 750 mflops = 2.001011e+03
 OK converged final_rsq= 1e-10 (cf 1e-10) rel = 1 (cf 0) restarts = 3 iters= 750
GFTIME:   time = 6.003094e-02 (Symanzik1) mflops = 2.936163e+03
FFTIME:  time = 1.477818e-01 (asqtad3) terms = 2 mflops = 3.382899e+03
CONGRAD5: time = 6.545632e-01 (fn F) masses = 1 iters = 835 mflops = 1.744368e+03
 OK converged final_rsq= 5e-11 (cf 1e-10) rel = 1 (cf 0) restarts = 4 iters= 835
CONGRAD5: time = 4.629591e-01 (fn F) masses = 1 iters = 738 mflops = 2.179802e+03
 OK converged final_rsq= 5e-11 (cf 1e-10) rel = 1 (cf 0) restarts = 4 iters= 738
GFTIME:   time = 7.887506e-02 (Symanzik1) mflops = 2.234681e+03
FFTIME:  time = 1.530211e-01 (asqtad3) terms = 2 mflops = 3.267073e+03
CONGRAD5: time = 5.352771e-01 (fn F) masses = 1 iters = 791 mflops = 2.020696e+03
 OK converged final_rsq= 5e-11 (cf 1e-10) rel = 1 (cf 0) restarts = 4 iters= 791
CONGRAD5: time = 5.539560e-01 (fn F) masses = 1 iters = 770 mflops = 1.900722e+03
 OK converged final_rsq= 5e-11 (cf 1e-10) rel = 1 (cf 0) restarts = 4 iters= 770
GFTIME:   time = 6.607413e-02 (Symanzik1) mflops = 2.667619e+03
FFTIME:  time = 1.522062e-01 (asqtad3) terms = 2 mflops = 3.284565e+03
CONGRAD5: time = 5.582371e-01 (fn F) masses = 1 iters = 786 mflops = 1.925338e+03
 OK converged final_rsq= 5e-11 (cf 1e-10) rel = 1 (cf 0) restarts = 4 iters= 786
CONGRAD5: time = 4.793639e-01 (fn F) masses = 1 iters = 758 mflops = 2.162256e+03
 OK converged final_rsq= 5e-11 (cf 1e-10) rel = 1 (cf 0) restarts = 4 iters= 758
GFTIME:   time = 7.005000e-02 (Symanzik1) mflops = 2.516211e+03
FFTIME:  time = 1.523402e-01 (asqtad3) terms = 2 mflops = 3.281676e+03
PLAQ:	1.543834	1.540653
P_LOOP:	1.983617e-02	-1.473066e-02
G_LOOP:  0  0  4   	1.546035e+00	( 0 1 7 6  )
G_LOOP:  0  1  4   	1.542847e+00	( 0 2 7 5  )
G_LOOP:  0  2  4   	1.544938e+00	( 0 3 7 4  )
G_LOOP:  0  3  4   	1.542621e+00	( 1 2 6 5  )
G_LOOP:  0  4  4   	1.538985e+00	( 1 3 6 4  )
G_LOOP:  0  5  4   	1.538037e+00	( 2 3 5 4  )
G_LOOP:  1  0  6   	7.958931e-01	( 0 0 1 7 7 6  )
G_LOOP:  1  1  6   	7.793788e-01	( 0 0 2 7 7 5  )
G_LOOP:  1  2  6   	7.867843e-01	( 0 0 3 7 7 4  )
G_LOOP:  1  3  6   	7.877806e-01	( 1 1 0 6 6 7  )
G_LOOP:  1  4  6   	7.828170e-01	( 1 1 2 6 6 5  )
G_LOOP:  1  5  6   	7.739697e-01	( 1 1 3 6 6 4  )
G_LOOP:  1  6  6   	7.819269e-01	( 2 2 0 5 5 7  )
G_LOOP:  1  7  6   	7.815797e-01	( 2 2 1 5 5 6  )
G_LOOP:  1  8  6   	7.772782e-01	( 2 2 3 5 5 4  )
G_LOOP:  1  9  6   	7.810675e-01	( 3 3 0 4 4 7  )
G_LOOP:  1  10  6   	7.753647e-01	( 3 3 1 4 4 6  )
G_LOOP:  1  11  6   	7.773759e-01	( 3 3 2 4 4 5  )
G_LOOP:  2  0  6   	8.017822e-01	( 0 1 2 7 6 5  )
G_LOOP:  2  1  6   	8.053125e-01	( 0 1 5 7 6 2  )
G_LOOP:  2  2  6   	8.103233e-01	( 0 6 2 7 1 5  )
G_LOOP:  2  3  6   	8.010332e-01	( 0 6 5 7 1 2  )
G_LOOP:  2  4  6   	8.031932e-01	( 0 1 3 7 6 4  )
G_LOOP:  2  5  6   	8.131550e-01	( 0 1 4 7 6 3  )
G_LOOP:  2  6  6   	8.036287e-01	( 0 6 3 7 1 4  )
G_LOOP:  2  7  6   	8.036874e-01	( 0 6 4 7 1 3  )
G_LOOP:  2  8  6   	8.017114e-01	( 0 2 3 7 5 4  )
G_LOOP:  2  9  6   	8.037356e-01	( 0 2 4 7 5 3  )
G_LOOP:  2  10  6   	8.002903e-01	( 0 5 3 7 2 4  )
G_LOOP:  2  11  6   	8.062432e-01	( 0 5 4 7 2 3  )
G_LOOP:  2  12  6   	8.003423e-01	( 1 2 3 6 5 4  )
G_LOOP:  2  13  6   	7.972471e-01	( 1 2 4 6 5 3  )
G_LOOP:  2  14  6   	8.022769e-01	( 1 5 3 6 2 4  )
G_LOOP:  2  15  6   	8.029453e-01	( 1 5 4 6 2 3  )
GACTION: 6.317866e+00
CONGRAD5: time = 4.933760e-01 (fn F) masses = 1 iters = 781 mflops = 2.164593e+03
 OK converged final_rsq= 5e-11 (cf 1e-10) rel = 1 (cf 0) restarts = 4 iters= 781
CONGRAD5: time = 4.812813e-02 (fn F) masses = 1 iters = 76 mflops = 2.159324e+03
 OK converged final_rsq= 9.8e-11 (cf 1e-10) rel = 1 (cf 0) restarts = 1 iters= 76
PBP: mass 1.000000e-02     8.057977e-02  5.500840e-02  5.105122e-03  5.105786e-03 ( 1 of 1 )
FACTION: mass = 1.000000e-02,  1.504849e+00 ( 1 of 1 )
CONGRAD5: time = 4.668491e-01 (fn F) masses = 1 iters = 738 mflops = 2.161638e+03
 OK converged final_rsq= 5e-11 (cf 1e-10) rel = 1 (cf 0) restarts = 4 iters= 738
CONGRAD5: time = 4.937410e-02 (fn F) masses = 1 iters = 78 mflops = 2.160223e+03
 OK converged final_rsq= 9.8e-11 (cf 1e-10) rel = 1 (cf 0) restarts = 1 iters= 78
PBP: mass 1.000000e-02     6.155567e-02  7.046086e-02  3.039757e-03  3.040164e-03 ( 1 of 1 )
FACTION: mass = 1.000000e-02,  1.504748e+00 ( 1 of 1 )
CONGRAD5: time = 4.817169e-01 (fn F) masses = 1 iters = 777 mflops = 2.205628e+03
 OK converged final_rsq= 5e-11 (cf 1e-10) rel = 1 (cf 0) restarts = 4 iters= 777
CONGRAD5: time = 5.496991e-01 (fn F) masses = 1 iters = 766 mflops = 1.905491e+03
 OK converged final_rsq= 9.8e-11 (cf 1e-10) rel = 1 (cf 0) restarts = 3 iters= 766
GFTIME:   time = 6.285906e-02 (Symanzik1) mflops = 2.804061e+03
FFTIME:  time = 1.501400e-01 (asqtad3) terms = 2 mflops = 3.329765e+03
CONGRAD5: time = 4.853389e-01 (fn F) masses = 1 iters = 763 mflops = 2.149724e+03
 OK converged final_rsq= 5e-11 (cf 1e-10) rel = 1 (cf 0) restarts = 4 iters= 763
CONGRAD5: time = 5.198269e-01 (fn F) masses = 1 iters = 738 mflops = 1.941336e+03
 OK converged final_rsq= 9.9e-11 (cf 1e-10) rel = 1 (cf 0) restarts = 3 iters= 738
GFTIME:   time = 6.769300e-02 (Symanzik1) mflops = 2.603823e+03
FFTIME:  time = 1.686709e-01 (asqtad3) terms = 2 mflops = 2.963944e+03
CONGRAD5: time = 5.035381e-01 (fn F) masses = 1 iters = 805 mflops = 2.186083e+03
 OK converged final_rsq= 5e-11 (cf 1e-10) rel = 1 (cf 0) restarts = 4 iters= 805
CONGRAD5: time = 5.065250e-01 (fn F) masses = 1 iters = 771 mflops = 2.081405e+03
 OK converged final_rsq= 5e-11 (cf 1e-10) rel = 1 (cf 0) restarts = 4 iters= 771
GFTIME:   time = 8.416820e-02 (Symanzik1) mflops = 2.094147e+03
FFTIME:  time = 1.486800e-01 (asqtad3) terms = 2 mflops = 3.362465e+03
CONGRAD5: time = 5.170491e-01 (fn F) masses = 1 iters = 823 mflops = 2.176563e+03
 OK converged final_rsq= 4.9e-11 (cf 1e-10) rel = 1 (cf 0) restarts = 4 iters= 823
CONGRAD5: time = 4.977469e-01 (fn F) masses = 1 iters = 752 mflops = 2.065915e+03
 OK converged final_rsq= 5e-11 (cf 1e-10) rel = 1 (cf 0) restarts = 4 iters= 752
GFTIME:   time = 7.226992e-02 (Symanzik1) mflops = 2.438921e+03
FFTIME:  time = 1.725490e-01 (asqtad3) terms = 2 mflops = 2.897328e+03
CONGRAD5: time = 5.472009e-01 (fn F) masses = 1 iters = 769 mflops = 1.921687e+03
 OK converged final_rsq= 9.9e-11 (cf 1e-10) rel = 1 (cf 0) restarts = 3 iters= 769
CONGRAD5: time = 5.046411e-01 (fn F) masses = 1 iters = 778 mflops = 2.108144e+03
 OK converged final_rsq= 5e-11 (cf 1e-10) rel = 1 (cf 0) restarts = 4 iters= 778
GFTIME:   time = 8.550406e-02 (Symanzik1) mflops = 2.061430e+03
FFTIME:  time = 2.003341e-01 (asqtad3) terms = 2 mflops = 2.495487e+03
CONGRAD5: time = 4.974408e-01 (fn F) masses = 1 iters = 794 mflops = 2.182641e+03
 OK converged final_rsq= 5e-11 (cf 1e-10) rel = 1 (cf 0) restarts = 4 iters= 794
CONGRAD5: time = 4.857581e-01 (fn F) masses = 1 iters = 752 mflops = 2.116903e+03
 OK converged final_rsq= 5e-11 (cf 1e-10) rel = 1 (cf 0) restarts = 4 iters= 752
GFTIME:   time = 6.320906e-02 (Symanzik1) mflops = 2.788534e+03
FFTIME:  time = 1.553640e-01 (asqtad3) terms = 2 mflops = 3.217805e+03
CONGRAD5: time = 5.273161e-01 (fn F) masses = 1 iters = 756 mflops = 1.960442e+03
 OK converged final_rsq= 5e-11 (cf 1e-10) rel = 1 (cf 0) restarts = 4 iters= 756
CONGRAD5: time = 4.978869e-01 (fn F) masses = 1 iters = 740 mflops = 2.032377e+03
 OK converged final_rsq= 5e-11 (cf 1e-10) rel = 1 (cf 0) restarts = 4 iters= 740
GFTIME:   time = 6.150699e-02 (Symanzik1) mflops = 2.865701e+03
FFTIME:  time = 1.468089e-01 (asqtad3) terms = 2 mflops = 3.405320e+03
CONGRAD5: time = 6.020041e-01 (fn F) masses = 1 iters = 748 mflops = 1.699047e+03
 OK converged final_rsq= 5e-11 (cf 1e-10) rel = 1 (cf 0) restarts = 4 iters= 748
CONGRAD5: time = 4.403119e-01 (fn F) masses = 1 iters = 705 mflops = 2.189434e+03
 OK converged final_rsq= 1e-10 (cf 1e-10) rel = 1 (cf 0) restarts = 3 iters= 705
GFTIME:   time = 6.451893e-02 (Symanzik1) mflops = 2.731921e+03
FFTIME:  time = 1.599061e-01 (asqtad3) terms = 2 mflops = 3.126403e+03
CONGRAD5: time = 4.863679e-01 (fn F) masses = 1 iters = 776 mflops = 2.181725e+03
 OK converged final_rsq= 4.9e-11 (cf 1e-10) rel = 1 (cf 0) restarts = 4 iters= 776
CONGRAD5: time = 4.991910e-01 (fn F) masses = 1 iters = 787 mflops = 2.155813e+03
 OK converged final_rsq= 5e-11 (cf 1e-10) rel = 1 (cf 0) restarts = 4 iters= 787
GFTIME:   time = 6.017804e-02 (Symanzik1) mflops = 2.928985e+03
FFTIME:  time = 1.479700e-01 (asqtad3) terms = 2 mflops = 3.378599e+03
CONGRAD5: time = 5.897341e-01 (fn F) masses = 1 iters = 756 mflops = 1.752947e+03
 OK converged final_rsq= 5e-11 (cf 1e-10) rel = 1 (cf 0) restarts = 4 iters= 756
CONGRAD5: time = 4.875581e-01 (fn F) masses = 1 iters = 771 mflops = 2.162376e+03
 OK converged final_rsq= 5e-11 (cf 1e-10) rel = 1 (cf 0) restarts = 4 iters= 771
GFTIME:   time = 6.288886e-02 (Symanzik1) mflops = 2.802732e+03
FFTIME:  time = 1.488049e-01 (asqtad3) terms = 2 mflops = 3.359642e+03
CONGRAD5: time = 5.090382e-01 (fn F) masses = 1 iters = 788 mflops = 2.116796e+03
 OK converged final_rsq= 5e-11 (cf 1e-10) rel = 1 (cf 0) restarts = 4 iters= 788
CONGRAD5: time = 5.619011e-01 (fn F) masses = 1 iters = 774 mflops = 1.883581e+03
 OK converged final_rsq= 5e-11 (cf 1e-10) rel = 1 (cf 0) restarts = 4 iters= 774
GFTIME:   time = 7.273006e-02 (Symanzik1) mflops = 2.423490e+03
FFTIME:  time = 1.677620e-01 (asqtad3) terms = 2 mflops = 2.980002e+03
CONGRAD5: time = 4.961181e-01 (fn F) masses = 1 iters = 778 mflops = 2.144360e+03
 OK converged final_rsq= 5e-11 (cf 1e-10) rel = 1 (cf 0) restarts = 4 iters= 778
CONGRAD5: time = 6.231689e-01 (fn F) masses = 1 iters = 778 mflops = 1.707171e+03
 OK converged final_rsq= 4.9e-11 (cf 1e-10) rel = 1 (cf 0) restarts = 4 iters= 778
GFTIME:   time = 6.312513e-02 (Symanzik1) mflops = 2.792241e+03
FFTIME:  time = 1.471989e-01 (asqtad3) terms = 2 mflops = 3.396296e+03
CONGRAD5: time = 4.937901e-01 (fn F) masses = 1 iters = 798 mflops = 2.209854e+03
 OK converged final_rsq= 5e-11 (cf 1e-10) rel = 1 (cf 0) restarts = 4 iters= 798
CONGRAD5: time = 5.019610e-01 (fn F) masses = 1 iters = 802 mflops = 2.184779e+03
 OK converged final_rsq= 5e-11 (cf 1e-10) rel = 1 (cf 0) restarts = 4 iters= 802
GFTIME:   time = 6.001687e-02 (Symanzik1) mflops = 2.936851e+03
FFTIME:  time = 1.542199e-01 (asqtad3) terms = 2 mflops = 3.241678e+03
CONGRAD5: time = 5.787880e-01 (fn F) masses = 1 iters = 806 mflops = 1.904227e+03
 OK converged final_rsq= 5e-11 (cf 1e-10) rel = 1 (cf 0) restarts = 4 iters= 806
CONGRAD5: time = 5.293272e-01 (fn F) masses = 1 iters = 790 mflops = 2.040827e+03
 OK converged final_rsq= 5e-11 (cf 1e-10) rel = 1 (cf 0) restarts = 4 iters= 790
GFTIME:   time = 6.008506e-02 (Symanzik1) mflops = 2.933518e+03
FFTIME:  time = 1.477959e-01 (asqtad3) terms = 2 mflops = 3.382577e+03
CONGRAD5: time = 5.080540e-01 (fn F) masses = 1 iters = 794 mflops = 2.137046e+03
 OK converged final_rsq= 4.9e-11 (cf 1e-10) rel = 1 (cf 0) restarts = 4 iters= 794
CONGRAD5: time = 4.577119e-01 (fn F) masses = 1 iters = 735 mflops = 2.195828e+03
 OK converged final_rsq= 5e-11 (cf 1e-10) rel = 1 (cf 0) restarts = 4 iters= 735
GFTIME:   time = 9.984684e-02 (Symanzik1) mflops = 1.765310e+03
FFTIME:  time = 1.532612e-01 (asqtad3) terms = 2 mflops = 3.261955e+03
PLAQ:	1.499718	1.498448
P_LOOP:	4.247256e-02	3.370666e-02
G_LOOP:  0  0  4   	1.502541e+00	( 0 1 7 6  )
G_LOOP:  0  1  4   	1.501138e+00	( 0 2 7 5  )
G_LOOP:  0  2  4   	1.503322e+00	( 0 3 7 4  )
G_LOOP:  0  3  4   	1.495474e+00	( 1 2 6 5  )
G_LOOP:  0  4  4   	1.493737e+00	( 1 3 6 4  )
G_LOOP:  0  5  4   	1.498285e+00	( 2 3 5 4  )
G_LOOP:  1  0  6   	7.455162e-01	( 0 0 1 7 7 6  )
G_LOOP:  1  1  6   	7.399786e-01	( 0 0 2 7 7 5  )
G_LOOP:  1  2  6   	7.456360e-01	( 0 0 3 7 7 4  )
G_LOOP:  1  3  6   	7.467038e-01	( 1 1 0 6 6 7  )
G_LOOP:  1  4  6   	7.429654e-01	( 1 1 2 6 6 5  )
G_LOOP:  1  5  6   	7.306268e-01	( 1 1 3 6 6 4  )
G_LOOP:  1  6  6   	7.464339e-01	( 2 2 0 5 5 7  )
G_LOOP:  1  7  6   	7.408326e-01	( 2 2 1 5 5 6  )
G_LOOP:  1  8  6   	7.382699e-01	( 2 2 3 5 5 4  )
G_LOOP:  1  9  6   	7.443722e-01	( 3 3 0 4 4 7  )
G_LOOP:  1  10  6   	7.351263e-01	( 3 3 1 4 4 6  )
G_LOOP:  1  11  6   	7.399194e-01	( 3 3 2 4 4 5  )
G_LOOP:  2  0  6   	7.636310e-01	( 0 1 2 7 6 5  )
G_LOOP:  2  1  6   	7.581956e-01	( 0 1 5 7 6 2  )
G_LOOP:  2  2  6   	7.643480e-01	( 0 6 2 7 1 5  )
G_LOOP:  2  3  6   	7.553394e-01	( 0 6 5 7 1 2  )
G_LOOP:  2  4  6   	7.581247e-01	( 0 1 3 7 6 4  )
G_LOOP:  2  5  6   	7.589073e-01	( 0 1 4 7 6 3  )
G_LOOP:  2  6  6   	7.605937e-01	( 0 6 3 7 1 4  )
G_LOOP:  2  7  6   	7.657403e-01	( 0 6 4 7 1 3  )
G_LOOP:  2  8  6   	7.617429e-01	( 0 2 3 7 5 4  )
G_LOOP:  2  9  6   	7.646808e-01	( 0 2 4 7 5 3  )
G_LOOP:  2  10  6   	7.608517e-01	( 0 5 3 7 2 4  )
G_LOOP:  2  11  6   	7.640243e-01	( 0 5 4 7 2 3  )
G_LOOP:  2  12  6   	7.594221e-01	( 1 2 3 6 5 4  )
G_LOOP:  2  13  6   	7.567566e-01	( 1 2 4 6 5 3  )
G_LOOP:  2  14  6   	7.561183e-01	( 1 5 3 6 2 4  )
G_LOOP:  2  15  6   	7.594491e-01	( 1 5 4 6 2 3  )
GACTION: 6.532093e+00
CONGRAD5: time = 5.082998e-01 (fn F) masses = 1 iters = 774 mflops = 2.082208e+03
 OK converged final_rsq= 9.9e-11 (cf 1e-10) rel = 1 (cf 0) restarts = 3 iters= 774
CONGRAD5: time = 5.795598e-02 (fn F) masses = 1 iters = 79 mflops = 1.863940e+03
 OK converged final_rsq= 9.9e-11 (cf 1e-10) rel = 1 (cf 0) restarts = 1 iters= 79
PBP: mass 1.000000e-02     7.025286e-02  6.957341e-02  3.612763e-03  3.608188e-03 ( 1 of 1 )
FACTION: mass = 1.000000e-02,  1.497696e+00 ( 1 of 1 )
CONGRAD5: time = 5.246949e-01 (fn F) masses = 1 iters = 757 mflops = 1.972842e+03
 OK converged final_rsq= 9.9e-11 (cf 1e-10) rel = 1 (cf 0) restarts = 3 iters= 757
CONGRAD5: time = 5.257511e-02 (fn F) masses = 1 iters = 76 mflops = 1.976681e+03
 OK converged final_rsq= 9.9e-11 (cf 1e-10) rel = 1 (cf 0) restarts = 1 iters= 76
PBP: mass 1.000000e-02     5.441487e-02  8.531050e-02  -1.211491e-02  -1.211350e-02 ( 1 of 1 )
FACTION: mass = 1.000000e-02,  1.507285e+00 ( 1 of 1 )
CONGRAD5: time = 4.997540e-01 (fn F) masses = 1 iters = 772 mflops = 2.112342e+03
 OK converged final_rsq= 4.9e-11 (cf 1e-10) rel = 1 (cf 0) restarts = 4 iters= 772
CONGRAD5: time = 6.089489e-01 (fn F) masses = 1 iters = 773 mflops = 1.735808e+03
 OK converged final_rsq= 5e-11 (cf 1e-10) rel = 1 (cf 0) restarts = 4 iters= 773
GFTIME:   time = 7.498407e-02 (Symanzik1) mflops = 2.350641e+03
FFTIME:  time = 1.516938e-01 (asqtad3) terms = 2 mflops = 3.295659e+03
CONGRAD5: time = 4.998388e-01 (fn F) masses = 1 iters = 793 mflops = 2.169434e+03
 OK converged final_rsq= 5e-11 (cf 1e-10) rel = 1 (cf 0) restarts = 4 iters= 793
CONGRAD5: time = 5.003259e-01 (fn F) masses = 1 iters = 791 mflops = 2.161856e+03
 OK converged final_rsq= 4.9e-11 (cf 1e-10) rel = 1 (cf 0) restarts = 4 iters= 791
GFTIME:   time = 6.267905e-02 (Symanzik1) mflops = 2.812113e+03
FFTIME:  time = 1.503561e-01 (asqtad3) terms = 2 mflops = 3.324982e+03
CONGRAD5: time = 5.147829e-01 (fn F) masses = 1 iters = 819 mflops = 2.175520e+03
 OK converged final_rsq= 4.9e-11 (cf 1e-10) rel = 1 (cf 0) restarts = 4 iters= 819
CONGRAD5: time = 4.830060e-01 (fn F) masses = 1 iters = 770 mflops = 2.179924e+03
 OK converged final_rsq= 5e-11 (cf 1e-10) rel = 1 (cf 0) restarts = 4 iters= 770
GFTIME:   time = 6.017995e-02 (Symanzik1) mflops = 2.928893e+03
FFTIME:  time = 1.477702e-01 (asqtad3) terms = 2 mflops = 3.383167e+03
CONGRAD5: time = 5.552161e-01 (fn F) masses = 1 iters = 762 mflops = 1.876706e+03
 OK converged final_rsq= 5e-11 (cf 1e-10) rel = 1 (cf 0) restarts = 4 iters= 762
CONGRAD5: time = 4.889228e-01 (fn F) masses = 1 iters = 784 mflops = 2.192699e+03
 OK converged final_rsq= 4.9e-11 (cf 1e-10) rel = 1 (cf 0) restarts = 4 iters= 784
GFTIME:   time = 6.328511e-02 (Symanzik1) mflops = 2.785183e+03
FFTIME:  time = 1.487830e-01 (asqtad3) terms = 2 mflops = 3.360137e+03
CONGRAD5: time = 5.030649e-01 (fn F) masses = 1 iters = 797 mflops = 2.166394e+03
 OK converged final_rsq= 4.9e-11 (cf 1e-10) rel = 1 (cf 0) restarts = 4 iters= 797
CONGRAD5: time = 4.986110e-01 (fn F) masses = 1 iters = 749 mflops = 2.054108e+03
 OK converged final_rsq= 1e-10 (cf 1e-10) rel = 1 (cf 0) restarts = 3 iters= 749
GFTIME:   time = 6.640387e-02 (Symanzik1) mflops = 2.654373e+03
FFTIME:  time = 1.690211e-01 (asqtad3) terms = 2 mflops = 2.957803e+03
CONGRAD5: time = 5.195558e-01 (fn F) masses = 1 iters = 783 mflops = 2.060785e+03
 OK converged final_rsq= 5e-11 (cf 1e-10) rel = 1 (cf 0) restarts = 4 iters= 783
CONGRAD5: time = 4.671869e-01 (fn F) masses = 1 iters = 750 mflops = 2.195198e+03
 OK converged final_rsq= 5e-11 (cf 1e-10) rel = 1 (cf 0) restarts = 4 iters= 750
GFTIME:   time = 6.056190e-02 (Symanzik1) mflops = 2.910421e+03
FFTIME:  time = 1.502950e-01 (asqtad3) terms = 2 mflops = 3.326332e+03
CONGRAD5: time = 5.201540e-01 (fn F) masses = 1 iters = 773 mflops = 2.032127e+03
 OK converged final_rsq= 9.9e-11 (cf 1e-10) rel = 1 (cf 0) restarts = 3 iters= 773
CONGRAD5: time = 4.880378e-01 (fn F) masses = 1 iters = 760 mflops = 2.129430e+03
 OK converged final_rsq= 5e-11 (cf 1e-10) rel = 1 (cf 0) restarts = 4 iters= 760
GFTIME:   time = 8.876896e-02 (Symanzik1) mflops = 1.985611e+03
FFTIME:  time = 1.621170e-01 (asqtad3) terms = 2 mflops = 3.083767e+03
CONGRAD5: time = 4.704340e-01 (fn F) masses = 1 iters = 737 mflops = 2.142259e+03
 OK converged final_rsq= 5e-11 (cf 1e-10) rel = 1 (cf 0) restarts = 4 iters= 737
CONGRAD5: time = 5.646670e-01 (fn F) masses = 1 iters = 798 mflops = 1.932474e+03
 OK converged final_rsq= 5e-11 (cf 1e-10) rel = 1 (cf 0) restarts = 4 iters= 798
GFTIME:   time = 6.274199e-02 (Symanzik1) mflops = 2.809292e+03
FFTIME:  time = 1.488180e-01 (asqtad3) terms = 2 mflops = 3.359346e+03
CONGRAD5: time = 6.386361e-01 (fn F) masses = 1 iters = 820 mflops = 1.755754e+03
 OK converged final_rsq= 5e-11 (cf 1e-10) rel = 1 (cf 0) restarts = 4 iters= 820
CONGRAD5: time = 5.045660e-01 (fn F) masses = 1 iters = 777 mflops = 2.105747e+03
 OK converged final_rsq= 4.9e-11 (cf 1e-10) rel = 1 (cf 0) restarts = 4 iters= 777
GFTIME:   time = 6.881905e-02 (Symanzik1) mflops = 2.561218e+03
FFTIME:  time = 1.459708e-01 (asqtad3) terms = 2 mflops = 3.424870e+03
CONGRAD5: time = 4.984839e-01 (fn F) masses = 1 iters = 774 mflops = 2.123210e+03
 OK converged final_rsq= 5e-11 (cf 1e-10) rel = 1 (cf 0) restarts = 4 iters= 774
CONGRAD5: time = 4.869068e-01 (fn F) masses = 1 iters = 775 mflops = 2.176502e+03
 OK converged final_rsq= 1e-10 (cf 1e-10) rel = 1 (cf 0) restarts = 3 iters= 775
GFTIME:   time = 6.350398e-02 (Symanzik1) mflops = 2.775584e+03
FFTIME:  time = 1.557322e-01 (asqtad3) terms = 2 mflops = 3.210199e+03
CONGRAD5: time = 5.280070e-01 (fn F) masses = 1 iters = 848 mflops = 2.196137e+03
 OK converged final_rsq= 5e-11 (cf 1e-10) rel = 1 (cf 0) restarts = 4 iters= 848
CONGRAD5: time = 5.527680e-01 (fn F) masses = 1 iters = 734 mflops = 1.815751e+03
 OK converged final_rsq= 5e-11 (cf 1e-10) rel = 1 (cf 0) restarts = 4 iters= 734
GFTIME:   time = 6.678581e-02 (Symanzik1) mflops = 2.639192e+03
FFTIME:  time = 1.528220e-01 (asqtad3) terms = 2 mflops = 3.271329e+03
CONGRAD5: time = 5.167940e-01 (fn F) masses = 1 iters = 808 mflops = 2.137948e+03
 OK converged final_rsq= 5e-11 (cf 1e-10) rel = 1 (cf 0) restarts = 4 iters= 808
CONGRAD5: time = 5.001380e-01 (fn F) masses = 1 iters = 743 mflops = 2.031431e+03
 OK converged final_rsq= 5e-11 (cf 1e-10) rel = 1 (cf 0) restarts = 4 iters= 743
GFTIME:   time = 6.731701e-02 (Symanzik1) mflops = 2.618367e+03
FFTIME:  time = 1.705902e-01 (asqtad3) terms = 2 mflops = 2.930598e+03
CONGRAD5: time = 5.493629e-01 (fn F) masses = 1 iters = 800 mflops = 1.991287e+03
 OK converged final_rsq= 5e-11 (cf 1e-10) rel = 1 (cf 0) restarts = 4 iters= 800
CONGRAD5: time = 4.836221e-01 (fn F) masses = 1 iters = 755 mflops = 2.134735e+03
 OK converged final_rsq= 5e-11 (cf 1e-10) rel = 1 (cf 0) restarts = 4 iters= 755
GFTIME:   time = 6.269503e-02 (Symanzik1) mflops = 2.811397e+03
FFTIME:  time = 1.607640e-01 (asqtad3) terms = 2 mflops = 3.109721e+03
CONGRAD5: time = 4.972441e-01 (fn F) masses = 1 iters = 795 mflops = 2.186254e+03
 OK converged final_rsq= 5e-11 (cf 1e-10) rel = 1 (cf 0) restarts = 4 iters= 795
CONGRAD5: time = 4.828899e-01 (fn F) masses = 1 iters = 759 mflops = 2.149299e+03
 OK converged final_rsq= 5e-11 (cf 1e-10) rel = 1 (cf 0) restarts = 4 iters= 759
GFTIME:   time = 6.386590e-02 (Symanzik1) mflops = 2.759855e+03
FFTIME:  time = 1.667008e-01 (asqtad3) terms = 2 mflops = 2.998972e+03
CONGRAD5: time = 5.305302e-01 (fn F) masses = 1 iters = 772 mflops = 1.989804e+03
 OK converged final_rsq= 5e-11 (cf 1e-10) rel = 1 (cf 0) restarts = 4 iters= 772
CONGRAD5: time = 5.337920e-01 (fn F) masses = 1 iters = 767 mflops = 1.964837e+03
 OK converged final_rsq= 5e-11 (cf 1e-10) rel = 1 (cf 0) restarts = 4 iters= 767
GFTIME:   time = 6.270814e-02 (Symanzik1) mflops = 2.810809e+03
FFTIME:  time = 1.486549e-01 (asqtad3) terms = 2 mflops = 3.363031e+03
PLAQ:	1.476697	1.477073
P_LOOP:	2.486254e-02	2.278989e-02
G_LOOP:  0  0  4   	1.475437e+00	( 0 1 7 6  )
G_LOOP:  0  1  4   	1.475616e+00	( 0 2 7 5  )
G_LOOP:  0  2  4   	1.481018e+00	( 0 3 7 4  )
G_LOOP:  0  3  4   	1.479037e+00	( 1 2 6 5  )
G_LOOP:  0  4  4   	1.473967e+00	( 1 3 6 4  )
G_LOOP:  0  5  4   	1.476234e+00	( 2 3 5 4  )
G_LOOP:  1  0  6   	7.134409e-01	( 0 0 1 7 7 6  )
G_LOOP:  1  1  6   	7.176435e-01	( 0 0 2 7 7 5  )
G_LOOP:  1  2  6   	7.225661e-01	( 0 0 3 7 7 4  )
G_LOOP:  1  3  6   	7.211161e-01	( 1 1 0 6 6 7  )
G_LOOP:  1  4  6   	7.214377e-01	( 1 1 2 6 6 5  )
G_LOOP:  1  5  6   	7.135637e-01	( 1 1 3 6 6 4  )
G_LOOP:  1  6  6   	7.193459e-01	( 2 2 0 5 5 7  )
G_LOOP:  1  7  6   	7.220931e-01	( 2 2 1 5 5 6  )
G_LOOP:  1  8  6   	7.200063e-01	( 2 2 3 5 5 4  )
G_LOOP:  1  9  6   	7.168352e-01	( 3 3 0 4 4 7  )
G_LOOP:  1  10  6   	7.190252e-01	( 3 3 1 4 4 6  )
G_LOOP:  1  11  6   	7.138585e-01	( 3 3 2 4 4 5  )
G_LOOP:  2  0  6   	7.357768e-01	( 0 1 2 7 6 5  )
G_LOOP:  2  1  6   	7.320123e-01	( 0 1 5 7 6 2  )
G_LOOP:  2  2  6   	7.364613e-01	( 0 6 2 7 1 5  )
G_LOOP:  2  3  6   	7.320867e-01	( 0 6 5 7 1 2  )
G_LOOP:  2  4  6   	7.361091e-01	( 0 1 3 7 6 4  )
G_LOOP:  2  5  6   	7.303063e-01	( 0 1 4 7 6 3  )
G_LOOP:  2  6  6   	7.390924e-01	( 0 6 3 7 1 4  )
G_LOOP:  2  7  6   	7.347055e-01	( 0 6 4 7 1 3  )
G_LOOP:  2  8  6   	7.348431e-01	( 0 2 3 7 5 4  )
G_LOOP:  2  9  6   	7.360243e-01	( 0 2 4 7 5 3  )
G_LOOP:  2  10  6   	7.385204e-01	( 0 5 3 7 2 4  )
G_LOOP:  2  11  6   	7.324487e-01	( 0 5 4 7 2 3  )
G_LOOP:  2  12  6   	7.403301e-01	( 1 2 3 6 5 4  )
G_LOOP:  2  13  6   	7.324345e-01	( 1 2 4 6 5 3  )
G_LOOP:  2  14  6   	7.357652e-01	( 1 5 3 6 2 4  )
G_LOOP:  2  15  6   	7.261701e-01	( 1 5 4 6 2 3  )
GACTION: 6.639620e+00
CONGRAD5: time = 6.228249e-01 (fn F) masses = 1 iters = 764 mflops = 1.677377e+03
 OK converged final_rsq= 5e-11 (cf 1e-10) rel = 1 (cf 0) restarts = 4 iters= 764
CONGRAD5: time = 5.030394e-02 (fn F) masses = 1 iters = 76 mflops = 2.065926e+03
 OK converged final_rsq= 9.9e-11 (cf 1e-10) rel = 1 (cf 0) restarts = 1 iters= 76
PBP: mass 1.000000e-02     6.420434e-02  6.865546e-02  7.113004e-03  7.106347e-03 ( 1 of 1 )
FACTION: mass = 1.000000e-02,  1.503057e+00 ( 1 of 1 )
CONGRAD5: time = 4.814301e-01 (fn F) masses = 1 iters = 764 mflops = 2.170018e+03
 OK converged final_rsq= 5e-11 (cf 1e-10) rel = 1 (cf 0) restarts = 4 iters= 764
CONGRAD5: time = 4.916000e-02 (fn F) masses = 1 iters = 77 mflops = 2.141815e+03
 OK converged final_rsq= 5e-11 (cf 1e-10) rel = 1 (cf 0) restarts = 2 iters= 77
PBP: mass 1.000000e-02     7.130495e-02  5.894589e-02  4.583319e-03  4.586109e-03 ( 1 of 1 )
FACTION: mass = 1.000000e-02,  1.488793e+00 ( 1 of 1 )
CONGRAD5: time = 5.316091e-01 (fn F) masses = 1 iters = 827 mflops = 2.127239e+03
 OK converged final_rsq= 4.9e-11 (cf 1e-10) rel = 1 (cf 0) restarts = 4 iters= 827
CONGRAD5: time = 5.554700e-01 (fn F) masses = 1 iters = 783 mflops = 1.927544e+03
 OK converged final_rsq= 5e-11 (cf 1e-10) rel = 1 (cf 0) restarts = 4 iters= 783
GFTIME:   time = 7.399106e-02 (Symanzik1) mflops = 2.382188e+03
FFTIME:  time = 1.694860e-01 (asqtad3) terms = 2 mflops = 2.949689e+03
CONGRAD5: time = 5.473571e-01 (fn F) masses = 1 iters = 818 mflops = 2.043552e+03
 OK converged final_rsq= 5e-11 (cf 1e-10) rel = 1 (cf 0) restarts = 4 iters= 818
CONGRAD5: time = 5.578611e-01 (fn F) masses = 1 iters = 792 mflops = 1.941343e+03
 OK converged final_rsq= 4.9e-11 (cf 1e-10) rel = 1 (cf 0) restarts = 4 iters= 792
GFTIME:   time = 6.875706e-02 (Symanzik1) mflops = 2.563528e+03
FFTIME:  time = 1.776199e-01 (asqtad3) terms = 2 mflops = 2.814612e+03
CONGRAD5: time = 5.365469e-01 (fn F) masses = 1 iters = 808 mflops = 2.059239e+03
 OK converged final_rsq= 4.9e-11 (cf 1e-10) rel = 1 (cf 0) restarts = 4 iters= 808
CONGRAD5: time = 5.111899e-01 (fn F) masses = 1 iters = 739 mflops = 1.976812e+03
 OK converged final_rsq= 5e-11 (cf 1e-10) rel = 1 (cf 0) restarts = 4 iters= 739
GFTIME:   time = 7.560802e-02 (Symanzik1) mflops = 2.331242e+03
FFTIME:  time = 1.730659e-01 (asqtad3) terms = 2 mflops = 2.888675e+03
CONGRAD5: time = 4.986479e-01 (fn F) masses = 1 iters = 791 mflops = 2.169130e+03
 OK converged final_rsq= 5e-11 (cf 1e-10) rel = 1 (cf 0) restarts = 4 iters= 791
CONGRAD5: time = 4.846740e-01 (fn F) masses = 1 iters = 781 mflops = 2.203457e+03
 OK converged final_rsq= 1e-10 (cf 1e-10) rel = 1 (cf 0) restarts = 3 iters= 781
GFTIME:   time = 8.367920e-02 (Symanzik1) mflops = 2.106385e+03
FFTIME:  time = 2.147050e-01 (asqtad3) terms = 2 mflops = 2.328456e+03
CONGRAD5: time = 5.068018e-01 (fn F) masses = 1 iters = 764 mflops = 2.061381e+03
 OK converged final_rsq= 4.9e-11 (cf 1e-10) rel = 1 (cf 0) restarts = 4 iters= 764
CONGRAD5: time = 4.869130e-01 (fn F) masses = 1 iters = 759 mflops = 2.131541e+03
 OK converged final_rsq= 5e-11 (cf 1e-10) rel = 1 (cf 0) restarts = 4 iters= 759
GFTIME:   time = 6.415105e-02 (Symanzik1) mflops = 2.747587e+03
FFTIME:  time = 1.629689e-01 (asqtad3) terms = 2 mflops = 3.067648e+03
CONGRAD5: time = 5.655279e-01 (fn F) masses = 1 iters = 805 mflops = 1.946458e+03
 OK converged final_rsq= 5e-11 (cf 1e-10) rel = 1 (cf 0) restarts = 4 iters= 805
CONGRAD5: time = 5.321231e-01 (fn F) masses = 1 iters = 763 mflops = 1.960720e+03
 OK converged final_rsq= 9.9e-11 (cf 1e-10) rel = 1 (cf 0) restarts = 3 iters= 763
GFTIME:   time = 6.028199e-02 (Symanzik1) mflops = 2.923935e+03
FFTIME:  time = 1.476228e-01 (asqtad3) terms = 2 mflops = 3.386544e+03
CONGRAD5: time = 5.358000e-01 (fn F) masses = 1 iters = 781 mflops = 1.993203e+03
 OK converged final_rsq= 4.9e-11 (cf 1e-10) rel = 1 (cf 0) restarts = 4 iters= 781
CONGRAD5: time = 4.777210e-01 (fn F) masses = 1 iters = 767 mflops = 2.195454e+03
 OK converged final_rsq= 5e-11 (cf 1e-10) rel = 1 (cf 0) restarts = 4 iters= 767
GFTIME:   time = 6.633615e-02 (Symanzik1) mflops = 2.657082e+03
FFTIME:  time = 1.613560e-01 (asqtad3) terms = 2 mflops = 3.098312e+03
CONGRAD5: time = 5.127180e-01 (fn F) masses = 1 iters = 785 mflops = 2.093603e+03
 OK converged final_rsq= 5e-11 (cf 1e-10) rel = 1 (cf 0) restarts = 4 iters= 785
CONGRAD5: time = 4.854550e-01 (fn F) masses = 1 iters = 764 mflops = 2.152026e+03
 OK converged final_rsq= 5e-11 (cf 1e-10) rel = 1 (cf 0) restarts = 4 iters= 764
GFTIME:   time = 6.304598e-02 (Symanzik1) mflops = 2.795747e+03
FFTIME:  time = 1.530378e-01 (asqtad3) terms = 2 mflops = 3.266717e+03
CONGRAD5: time = 5.371900e-01 (fn F) masses = 1 iters = 808 mflops = 2.056774e+03
 OK converged final_rsq= 5e-11 (cf 1e-10) rel = 1 (cf 0) restarts = 4 iters= 808
CONGRAD5: time = 4.848940e-01 (fn F) masses = 1 iters = 741 mflops = 2.089655e+03
 OK converged final_rsq= 1e-10 (cf 1e-10) rel = 1 (cf 0) restarts = 3 iters= 741
GFTIME:   time = 6.378317e-02 (Symanzik1) mflops = 2.763434e+03
FFTIME:  time = 1.539481e-01 (asqtad3) terms = 2 mflops = 3.247401e+03
CONGRAD5: time = 4.891181e-01 (fn F) masses = 1 iters = 777 mflops = 2.172253e+03
 OK converged final_rsq= 1e-10 (cf 1e-10) rel = 1 (cf 0) restarts = 3 iters= 777
CONGRAD5: time = 4.849482e-01 (fn F) masses = 1 iters = 774 mflops = 2.182473e+03
 OK converged final_rsq= 4.9e-11 (cf 1e-10) rel = 1 (cf 0) restarts = 4 iters= 774
GFTIME:   time = 6.132102e-02 (Symanzik1) mflops = 2.874391e+03
FFTIME:  time = 1.487601e-01 (asqtad3) terms = 2 mflops = 3.360654e+03
CONGRAD5: time = 5.041301e-01 (fn F) masses = 1 iters = 804 mflops = 2.180804e+03
 OK converged final_rsq= 5e-11 (cf 1e-10) rel = 1 (cf 0) restarts = 4 iters= 804
CONGRAD5: time = 4.945750e-01 (fn F) masses = 1 iters = 778 mflops = 2.151051e+03
 OK converged final_rsq= 5e-11 (cf 1e-10) rel = 1 (cf 0) restarts = 4 iters= 778
GFTIME:   time = 6.043983e-02 (Symanzik1) mflops = 2.916299e+03
FFTIME:  time = 1.869409e-01 (asqtad3) terms = 2 mflops = 2.674274e+03
CONGRAD5: time = 4.709332e-01 (fn F) masses = 1 iters = 757 mflops = 2.198061e+03
 OK converged final_rsq= 5e-11 (cf 1e-10) rel = 1 (cf 0) restarts = 4 iters= 757
CONGRAD5: time = 4.808710e-01 (fn F) masses = 1 iters = 770 mflops = 2.189603e+03
 OK converged final_rsq= 1e-10 (cf 1e-10) rel = 1 (cf 0) restarts = 3 iters= 770
GFTIME:   time = 6.291318e-02 (Symanzik1) mflops = 2.801648e+03
FFTIME:  time = 1.560788e-01 (asqtad3) terms = 2 mflops = 3.203068e+03
CONGRAD5: time = 5.102699e-01 (fn F) masses = 1 iters = 783 mflops = 2.098288e+03
 OK converged final_rsq= 4.9e-11 (cf 1e-10) rel = 1 (cf 0) restarts = 4 iters= 783
CONGRAD5: time = 5.554628e-01 (fn F) masses = 1 iters = 789 mflops = 1.942340e+03
 OK converged final_rsq= 5e-11 (cf 1e-10) rel = 1 (cf 0) restarts = 4 iters= 789
GFTIME:   time = 6.768584e-02 (Symanzik1) mflops = 2.604099e+03
FFTIME:  time = 1.593580e-01 (asqtad3) terms = 2 mflops = 3.137157e+03
CONGRAD5: time = 5.453141e-01 (fn F) masses = 1 iters = 818 mflops = 2.051208e+03
 OK converged final_rsq= 4.9e-11 (cf 1e-10) rel = 1 (cf 0) restarts = 4 iters= 818
CONGRAD5: time = 5.926731e-01 (fn F) masses = 1 iters = 741 mflops = 1.709646e+03
 OK converged final_rsq= 5e-11 (cf 1e-10) rel = 1 (cf 0) restarts = 4 iters= 741
GFTIME:   time = 6.589103e-02 (Symanzik1) mflops = 2.675032e+03
FFTIME:  time = 1.505761e-01 (asqtad3) terms = 2 mflops = 3.320122e+03
CONGRAD5: time = 5.144939e-01 (fn F) masses = 1 iters = 795 mflops = 2.112954e+03
 OK converged final_rsq= 5e-11 (cf 1e-10) rel = 1 (cf 0) restarts = 4 iters= 795
CONGRAD5: time = 4.901211e-01 (fn F) masses = 1 iters = 773 mflops = 2.156648e+03
 OK converged final_rsq= 5e-11 (cf 1e-10) rel = 1 (cf 0) restarts = 4 iters= 773
GFTIME:   time = 6.066895e-02 (Symanzik1) mflops = 2.905286e+03
FFTIME:  time = 1.521621e-01 (asqtad3) terms = 2 mflops = 3.285517e+03
PLAQ:	1.462236	1.460401
P_LOOP:	1.276701e-02	3.453969e-03
G_LOOP:  0  0  4   	1.463826e+00	( 0 1 7 6  )
G_LOOP:  0  1  4   	1.460304e+00	( 0 2 7 5  )
G_LOOP:  0  2  4   	1.464253e+00	( 0 3 7 4  )
G_LOOP:  0  3  4   	1.462579e+00	( 1 2 6 5  )
G_LOOP:  0  4  4   	1.456563e+00	( 1 3 6 4  )
G_LOOP:  0  5  4   	1.460386e+00	( 2 3 5 4  )
G_LOOP:  1  0  6   	7.017775e-01	( 0 0 1 7 7 6  )
G_LOOP:  1  1  6   	7.023723e-01	( 0 0 2 7 7 5  )
G_LOOP:  1  2  6   	7.037111e-01	( 0 0 3 7 7 4  )
G_LOOP:  1  3  6   	7.065365e-01	( 1 1 0 6 6 7  )
G_LOOP:  1  4  6   	6.995083e-01	( 1 1 2 6 6 5  )
G_LOOP:  1  5  6   	6.896880e-01	( 1 1 3 6 6 4  )
G_LOOP:  1  6  6   	7.042121e-01	( 2 2 0 5 5 7  )
G_LOOP:  1  7  6   	7.073770e-01	( 2 2 1 5 5 6  )
G_LOOP:  1  8  6   	7.045932e-01	( 2 2 3 5 5 4  )
G_LOOP:  1  9  6   	7.047967e-01	( 3 3 0 4 4 7  )
G_LOOP:  1  10  6   	6.928340e-01	( 3 3 1 4 4 6  )
G_LOOP:  1  11  6   	6.948841e-01	( 3 3 2 4 4 5  )
G_LOOP:  2  0  6   	7.152677e-01	( 0 1 2 7 6 5  )
G_LOOP:  2  1  6   	7.164710e-01	( 0 1 5 7 6 2  )
G_LOOP:  2  2  6   	7.173081e-01	( 0 6 2 7 1 5  )
G_LOOP:  2  3  6   	7.200611e-01	( 0 6 5 7 1 2  )
G_LOOP:  2  4  6   	7.170067e-01	( 0 1 3 7 6 4  )
G_LOOP:  2  5  6   	7.096881e-01	( 0 1 4 7 6 3  )
G_LOOP:  2  6  6   	7.169673e-01	( 0 6 3 7 1 4  )
G_LOOP:  2  7  6   	7.130129e-01	( 0 6 4 7 1 3  )
G_LOOP:  2  8  6   	7.180031e-01	( 0 2 3 7 5 4  )
G_LOOP:  2  9  6   	7.169947e-01	( 0 2 4 7 5 3  )
G_LOOP:  2  10  6   	7.161922e-01	( 0 5 3 7 2 4  )
G_LOOP:  2  11  6   	7.124404e-01	( 0 5 4 7 2 3  )
G_LOOP:  2  12  6   	7.211011e-01	( 1 2 3 6 5 4  )
G_LOOP:  2  13  6   	7.136098e-01	( 1 2 4 6 5 3  )
G_LOOP:  2  14  6   	7.140464e-01	( 1 5 3 6 2 4  )
G_LOOP:  2  15  6   	7.080867e-01	( 1 5 4 6 2 3  )
GACTION: 6.713659e+00
CONGRAD5: time = 4.866090e-01 (fn F) masses = 1 iters = 770 mflops = 2.163783e+03
 OK converged final_rsq= 5e-11 (cf 1e-10) rel = 1 (cf 0) restarts = 4 iters= 770
CONGRAD5: time = 4.760814e-02 (fn F) masses = 1 iters = 72 mflops = 2.068019e+03
 OK converged final_rsq= 9.8e-11 (cf 1e-10) rel = 1 (cf 0) restarts = 1 iters= 72
PBP: mass 1.000000e-02     7.277992e-02  6.930018e-02  9.039820e-03  9.040758e-03 ( 1 of 1 )
FACTION: mass = 1.000000e-02,  1.505396e+00 ( 1 of 1 )
CONGRAD5: time = 5.306859e-01 (fn F) masses = 1 iters = 793 mflops = 2.043332e+03
 OK converged final_rsq= 5e-11 (cf 1e-10) rel = 1 (cf 0) restarts = 4 iters= 793
CONGRAD5: time = 4.669809e-02 (fn F) masses = 1 iters = 72 mflops = 2.108320e+03
 OK converged final_rsq= 9.9e-11 (cf 1e-10) rel = 1 (cf 0) restarts = 1 iters= 72
PBP: mass 1.000000e-02     7.839385e-02  8.529664e-02  -1.602402e-03  -1.602854e-03 ( 1 of 1 )
FACTION: mass = 1.000000e-02,  1.499793e+00 ( 1 of 1 )
RUNNING COMPLETED
average cg iters for step= 1.555250e+03
Time = 8.663838e+01 seconds
total_iters = 194011
Checksums b129cef7 7d5651f0
Saved gauge configuration in parallel to binary file lat_p64_size64_2
Time stamp Wed May 18 21:47:45 2022
Wrote info file lat_p64_size64_2.info
Time to save = 2.411182e-01
CHECK PLAQ: 1.462236e+00 1.460401e+00
CHECK NERSC LINKTR: 1.448985e-01 CKSUM: 853ed984


get_i(0): EOF on input.
Elapsed total time: 94.235753
exit: Wed May 18 21:47:45 2022

