SU3 with improved KS action
Microcanonical simulation with refreshing
R algorithm
MIMD version 7.8.1
Machine = MPI (portable), with 32 nodes
Host(0) = ault03.cscs.ch
Username = mcopik
Options selected...
Generic single precision
C_GLOBAL_INLINE
DBLSTORE_FN
D_FN_GATHER13
FEWSUMS
KS_MULTIFF=FNMAT
VECLENGTH=4
type 0 for no prompts, 1 for prompts, or 2 for proofreading
nflavors1 2
nflavors2 1
nx 16
ny 16
nz 8
nt 36
iseed 5682304
LAYOUT = Hypercubes, options = hyper_prime,
automatic hyper_prime layout
ON EACH NODE 4 x 8 x 8 x 9
Mallocing 2.3 MBytes per node for lattice
WARNING!!: Resetting random seed
Made lattice
Made nn gathers
Made 3nn gathers
Finished setup


warms 0
trajecs 4
traj_between_meas 1
beta 5.6
mass1 0.125
mass2 0.125
u0 0.8441
microcanonical_time_step 0.2
steps_per_trajectory 5
max_cg_iterations 100
max_cg_restarts 5
error_per_site 0.125
error_for_propagator 0.125
npbp_reps 1
prec_pbp 1
fresh 
save_parallel lat_p64_size64_1
unit gauge configuration loaded
CHECK PLAQ: 3.000000e+00 3.000000e+00
CHECK NERSC LINKTR: 1.000000e+00 CKSUM: 0
Unitarity checked.  Max deviation 0.00e+00
Time to check unitarity = 5.061626e-04
"O(a^2): couplings(pi)=0, Naik term, No O(a^2) errors, tadpole weights"
path coefficients: npath  path_coeff  multiplicity
                    0      6.250000e-01     8
                    1      -5.847914e-02     8
                    2      -8.771871e-02     48
                    3      3.077829e-02     192
                    4      -7.199551e-03     384
                    5      -1.231132e-01     48
Symanzik 1x1 + 1x2 + 1x1x1 action
gauge_action: total_dyn_flavors = 3
loop coefficients: nloop rep loop_coeff  multiplicity
                    0 0      1.000000e+00     6
                    1 0      -7.762509e-02     12
                    2 0      -1.031171e-02     16
WARMUPS COMPLETED
CONGRAD5: time = 4.759073e-03 (fn F) masses = 1 iters = 4 mflops = 2.298639e+03
 OK converged final_rsq= 0.006 (cf 0.016) rel = 1 (cf 0) restarts = 1 iters= 4
CONGRAD5: time = 4.621029e-03 (fn F) masses = 1 iters = 4 mflops = 2.367307e+03
 OK converged final_rsq= 0.0059 (cf 0.016) rel = 1 (cf 0) restarts = 1 iters= 4
GFTIME:   time = 8.316302e-02 (Symanzik1) mflops = 4.238918e+03
FFTIME:  time = 2.776041e-01 (asqtad3) terms = 2 mflops = 3.601756e+03
CONGRAD5: time = 4.627943e-03 (fn F) masses = 1 iters = 4 mflops = 2.363770e+03
 OK converged final_rsq= 0.01 (cf 0.016) rel = 1 (cf 0) restarts = 1 iters= 4
CONGRAD5: time = 4.513025e-03 (fn F) masses = 1 iters = 4 mflops = 2.423960e+03
 OK converged final_rsq= 0.0098 (cf 0.016) rel = 1 (cf 0) restarts = 1 iters= 4
GFTIME:   time = 8.364606e-02 (Symanzik1) mflops = 4.214439e+03
FFTIME:  time = 2.772291e-01 (asqtad3) terms = 2 mflops = 3.606629e+03
CONGRAD5: time = 4.587889e-03 (fn F) masses = 1 iters = 4 mflops = 2.384407e+03
 OK converged final_rsq= 0.014 (cf 0.016) rel = 1 (cf 0) restarts = 1 iters= 4
CONGRAD5: time = 4.470110e-03 (fn F) masses = 1 iters = 4 mflops = 2.447231e+03
 OK converged final_rsq= 0.014 (cf 0.016) rel = 1 (cf 0) restarts = 1 iters= 4
GFTIME:   time = 8.274889e-02 (Symanzik1) mflops = 4.260132e+03
FFTIME:  time = 2.772388e-01 (asqtad3) terms = 2 mflops = 3.606501e+03
CONGRAD5: time = 4.592896e-03 (fn F) masses = 1 iters = 4 mflops = 2.381807e+03
 OK converged final_rsq= 0.013 (cf 0.016) rel = 1 (cf 0) restarts = 1 iters= 4
CONGRAD5: time = 4.572153e-03 (fn F) masses = 1 iters = 4 mflops = 2.392613e+03
 OK converged final_rsq= 0.013 (cf 0.016) rel = 1 (cf 0) restarts = 1 iters= 4
GFTIME:   time = 8.386993e-02 (Symanzik1) mflops = 4.203189e+03
FFTIME:  time = 2.787130e-01 (asqtad3) terms = 2 mflops = 3.587426e+03
CONGRAD5: time = 4.655838e-03 (fn F) masses = 1 iters = 4 mflops = 2.349608e+03
 OK converged final_rsq= 0.011 (cf 0.016) rel = 1 (cf 0) restarts = 1 iters= 4
CONGRAD5: time = 4.482985e-03 (fn F) masses = 1 iters = 4 mflops = 2.440203e+03
 OK converged final_rsq= 0.011 (cf 0.016) rel = 1 (cf 0) restarts = 1 iters= 4
GFTIME:   time = 8.341980e-02 (Symanzik1) mflops = 4.225870e+03
FFTIME:  time = 2.774289e-01 (asqtad3) terms = 2 mflops = 3.604031e+03
PLAQ:	2.348046	2.347861
P_LOOP:	-6.323030e-03	-1.925636e-02
G_LOOP:  0  0  4   	2.346897e+00	( 0 1 7 6  )
G_LOOP:  0  1  4   	2.347695e+00	( 0 2 7 5  )
G_LOOP:  0  2  4   	2.348610e+00	( 0 3 7 4  )
G_LOOP:  0  3  4   	2.349546e+00	( 1 2 6 5  )
G_LOOP:  0  4  4   	2.347450e+00	( 1 3 6 4  )
G_LOOP:  0  5  4   	2.347524e+00	( 2 3 5 4  )
G_LOOP:  1  0  6   	1.770886e+00	( 0 0 1 7 7 6  )
G_LOOP:  1  1  6   	1.772085e+00	( 0 0 2 7 7 5  )
G_LOOP:  1  2  6   	1.772683e+00	( 0 0 3 7 7 4  )
G_LOOP:  1  3  6   	1.772206e+00	( 1 1 0 6 6 7  )
G_LOOP:  1  4  6   	1.778615e+00	( 1 1 2 6 6 5  )
G_LOOP:  1  5  6   	1.772779e+00	( 1 1 3 6 6 4  )
G_LOOP:  1  6  6   	1.774422e+00	( 2 2 0 5 5 7  )
G_LOOP:  1  7  6   	1.776307e+00	( 2 2 1 5 5 6  )
G_LOOP:  1  8  6   	1.772614e+00	( 2 2 3 5 5 4  )
G_LOOP:  1  9  6   	1.773361e+00	( 3 3 0 4 4 7  )
G_LOOP:  1  10  6   	1.772005e+00	( 3 3 1 4 4 6  )
G_LOOP:  1  11  6   	1.772996e+00	( 3 3 2 4 4 5  )
G_LOOP:  2  0  6   	1.819044e+00	( 0 1 2 7 6 5  )
G_LOOP:  2  1  6   	1.821657e+00	( 0 1 5 7 6 2  )
G_LOOP:  2  2  6   	1.822819e+00	( 0 6 2 7 1 5  )
G_LOOP:  2  3  6   	1.821404e+00	( 0 6 5 7 1 2  )
G_LOOP:  2  4  6   	1.821922e+00	( 0 1 3 7 6 4  )
G_LOOP:  2  5  6   	1.817338e+00	( 0 1 4 7 6 3  )
G_LOOP:  2  6  6   	1.820607e+00	( 0 6 3 7 1 4  )
G_LOOP:  2  7  6   	1.823181e+00	( 0 6 4 7 1 3  )
G_LOOP:  2  8  6   	1.818823e+00	( 0 2 3 7 5 4  )
G_LOOP:  2  9  6   	1.819541e+00	( 0 2 4 7 5 3  )
G_LOOP:  2  10  6   	1.822350e+00	( 0 5 3 7 2 4  )
G_LOOP:  2  11  6   	1.817598e+00	( 0 5 4 7 2 3  )
G_LOOP:  2  12  6   	1.821659e+00	( 1 2 3 6 5 4  )
G_LOOP:  2  13  6   	1.824220e+00	( 1 2 4 6 5 3  )
G_LOOP:  2  14  6   	1.821604e+00	( 1 5 3 6 2 4  )
G_LOOP:  2  15  6   	1.824104e+00	( 1 5 4 6 2 3  )
GACTION: 2.575211e+00
CONGRAD5: time = 4.757166e-03 (fn F) masses = 1 iters = 4 mflops = 2.299561e+03
 OK converged final_rsq= 0.01 (cf 0.016) rel = 1 (cf 0) restarts = 1 iters= 4
CONGRAD5: time = 5.836964e-03 (fn F) masses = 1 iters = 6 mflops = 2.811237e+03
 OK converged final_rsq= 0.0087 (cf 0.016) rel = 1 (cf 0) restarts = 1 iters= 6
PBP: mass 1.250000e-01     6.839631e-02  1.024361e-01  -6.252925e-04  -1.562877e-03 ( 1 of 1 )
FACTION: mass = 1.250000e-01,  1.470003e+00 ( 1 of 1 )
CONGRAD5: time = 4.516125e-03 (fn F) masses = 1 iters = 4 mflops = 2.422296e+03
 OK converged final_rsq= 0.01 (cf 0.016) rel = 1 (cf 0) restarts = 1 iters= 4
CONGRAD5: time = 5.881071e-03 (fn F) masses = 1 iters = 6 mflops = 2.790153e+03
 OK converged final_rsq= 0.0087 (cf 0.016) rel = 1 (cf 0) restarts = 1 iters= 6
PBP: mass 1.250000e-01     7.042779e-02  1.006423e-01  -2.239626e-03  -2.553548e-03 ( 1 of 1 )
FACTION: mass = 1.250000e-01,  1.472298e+00 ( 1 of 1 )
CONGRAD5: time = 4.647017e-03 (fn F) masses = 1 iters = 4 mflops = 2.354068e+03
 OK converged final_rsq= 0.012 (cf 0.016) rel = 1 (cf 0) restarts = 1 iters= 4
CONGRAD5: time = 4.551888e-03 (fn F) masses = 1 iters = 4 mflops = 2.403265e+03
 OK converged final_rsq= 0.011 (cf 0.016) rel = 1 (cf 0) restarts = 1 iters= 4
GFTIME:   time = 8.389902e-02 (Symanzik1) mflops = 4.201732e+03
FFTIME:  time = 2.761180e-01 (asqtad3) terms = 2 mflops = 3.621141e+03
CONGRAD5: time = 5.274773e-03 (fn F) masses = 1 iters = 5 mflops = 2.592385e+03
 OK converged final_rsq= 0.0069 (cf 0.016) rel = 1 (cf 0) restarts = 1 iters= 5
CONGRAD5: time = 4.487991e-03 (fn F) masses = 1 iters = 4 mflops = 2.437481e+03
 OK converged final_rsq= 0.015 (cf 0.016) rel = 1 (cf 0) restarts = 1 iters= 4
GFTIME:   time = 8.277702e-02 (Symanzik1) mflops = 4.258684e+03
FFTIME:  time = 2.761588e-01 (asqtad3) terms = 2 mflops = 3.620606e+03
CONGRAD5: time = 5.339861e-03 (fn F) masses = 1 iters = 5 mflops = 2.560786e+03
 OK converged final_rsq= 0.0088 (cf 0.016) rel = 1 (cf 0) restarts = 1 iters= 5
CONGRAD5: time = 5.208969e-03 (fn F) masses = 1 iters = 5 mflops = 2.625134e+03
 OK converged final_rsq= 0.0084 (cf 0.016) rel = 1 (cf 0) restarts = 1 iters= 5
GFTIME:   time = 8.374119e-02 (Symanzik1) mflops = 4.209651e+03
FFTIME:  time = 2.778339e-01 (asqtad3) terms = 2 mflops = 3.598777e+03
CONGRAD5: time = 5.268097e-03 (fn F) masses = 1 iters = 5 mflops = 2.595670e+03
 OK converged final_rsq= 0.0085 (cf 0.016) rel = 1 (cf 0) restarts = 1 iters= 5
CONGRAD5: time = 5.199909e-03 (fn F) masses = 1 iters = 5 mflops = 2.629707e+03
 OK converged final_rsq= 0.0083 (cf 0.016) rel = 1 (cf 0) restarts = 1 iters= 5
GFTIME:   time = 8.360815e-02 (Symanzik1) mflops = 4.216350e+03
FFTIME:  time = 2.784181e-01 (asqtad3) terms = 2 mflops = 3.591226e+03
CONGRAD5: time = 5.339861e-03 (fn F) masses = 1 iters = 5 mflops = 2.560786e+03
 OK converged final_rsq= 0.0074 (cf 0.016) rel = 1 (cf 0) restarts = 1 iters= 5
CONGRAD5: time = 4.523039e-03 (fn F) masses = 1 iters = 4 mflops = 2.418593e+03
 OK converged final_rsq= 0.015 (cf 0.016) rel = 1 (cf 0) restarts = 1 iters= 4
GFTIME:   time = 8.331108e-02 (Symanzik1) mflops = 4.231384e+03
FFTIME:  time = 2.788420e-01 (asqtad3) terms = 2 mflops = 3.585767e+03
PLAQ:	2.013197	2.012697
P_LOOP:	-9.701259e-03	-3.360078e-02
G_LOOP:  0  0  4   	2.010792e+00	( 0 1 7 6  )
G_LOOP:  0  1  4   	2.013326e+00	( 0 2 7 5  )
G_LOOP:  0  2  4   	2.011958e+00	( 0 3 7 4  )
G_LOOP:  0  3  4   	2.015472e+00	( 1 2 6 5  )
G_LOOP:  0  4  4   	2.013512e+00	( 1 3 6 4  )
G_LOOP:  0  5  4   	2.012622e+00	( 2 3 5 4  )
G_LOOP:  1  0  6   	1.296020e+00	( 0 0 1 7 7 6  )
G_LOOP:  1  1  6   	1.302380e+00	( 0 0 2 7 7 5  )
G_LOOP:  1  2  6   	1.300113e+00	( 0 0 3 7 7 4  )
G_LOOP:  1  3  6   	1.297978e+00	( 1 1 0 6 6 7  )
G_LOOP:  1  4  6   	1.302920e+00	( 1 1 2 6 6 5  )
G_LOOP:  1  5  6   	1.301147e+00	( 1 1 3 6 6 4  )
G_LOOP:  1  6  6   	1.301421e+00	( 2 2 0 5 5 7  )
G_LOOP:  1  7  6   	1.302576e+00	( 2 2 1 5 5 6  )
G_LOOP:  1  8  6   	1.298934e+00	( 2 2 3 5 5 4  )
G_LOOP:  1  9  6   	1.299910e+00	( 3 3 0 4 4 7  )
G_LOOP:  1  10  6   	1.299603e+00	( 3 3 1 4 4 6  )
G_LOOP:  1  11  6   	1.299806e+00	( 3 3 2 4 4 5  )
G_LOOP:  2  0  6   	1.339921e+00	( 0 1 2 7 6 5  )
G_LOOP:  2  1  6   	1.347332e+00	( 0 1 5 7 6 2  )
G_LOOP:  2  2  6   	1.347822e+00	( 0 6 2 7 1 5  )
G_LOOP:  2  3  6   	1.345578e+00	( 0 6 5 7 1 2  )
G_LOOP:  2  4  6   	1.348037e+00	( 0 1 3 7 6 4  )
G_LOOP:  2  5  6   	1.342259e+00	( 0 1 4 7 6 3  )
G_LOOP:  2  6  6   	1.341849e+00	( 0 6 3 7 1 4  )
G_LOOP:  2  7  6   	1.343166e+00	( 0 6 4 7 1 3  )
G_LOOP:  2  8  6   	1.344500e+00	( 0 2 3 7 5 4  )
G_LOOP:  2  9  6   	1.342721e+00	( 0 2 4 7 5 3  )
G_LOOP:  2  10  6   	1.346118e+00	( 0 5 3 7 2 4  )
G_LOOP:  2  11  6   	1.343245e+00	( 0 5 4 7 2 3  )
G_LOOP:  2  12  6   	1.346085e+00	( 1 2 3 6 5 4  )
G_LOOP:  2  13  6   	1.347991e+00	( 1 2 4 6 5 3  )
G_LOOP:  2  14  6   	1.347405e+00	( 1 5 3 6 2 4  )
G_LOOP:  2  15  6   	1.344994e+00	( 1 5 4 6 2 3  )
GACTION: 4.065920e+00
CONGRAD5: time = 4.580021e-03 (fn F) masses = 1 iters = 4 mflops = 2.388503e+03
 OK converged final_rsq= 0.014 (cf 0.016) rel = 1 (cf 0) restarts = 1 iters= 4
CONGRAD5: time = 5.963087e-03 (fn F) masses = 1 iters = 6 mflops = 2.751777e+03
 OK converged final_rsq= 0.013 (cf 0.016) rel = 1 (cf 0) restarts = 1 iters= 6
PBP: mass 1.250000e-01     8.666703e-02  1.656794e-01  8.855824e-04  1.540118e-03 ( 1 of 1 )
FACTION: mass = 1.250000e-01,  1.448829e+00 ( 1 of 1 )
CONGRAD5: time = 4.534960e-03 (fn F) masses = 1 iters = 4 mflops = 2.412236e+03
 OK converged final_rsq= 0.014 (cf 0.016) rel = 1 (cf 0) restarts = 1 iters= 4
CONGRAD5: time = 5.928040e-03 (fn F) masses = 1 iters = 6 mflops = 2.768046e+03
 OK converged final_rsq= 0.013 (cf 0.016) rel = 1 (cf 0) restarts = 1 iters= 6
PBP: mass 1.250000e-01     8.854628e-02  1.707834e-01  -1.891601e-04  1.187543e-04 ( 1 of 1 )
FACTION: mass = 1.250000e-01,  1.441431e+00 ( 1 of 1 )
CONGRAD5: time = 5.366087e-03 (fn F) masses = 1 iters = 5 mflops = 2.548270e+03
 OK converged final_rsq= 0.0075 (cf 0.016) rel = 1 (cf 0) restarts = 1 iters= 5
CONGRAD5: time = 4.508018e-03 (fn F) masses = 1 iters = 4 mflops = 2.426652e+03
 OK converged final_rsq= 0.015 (cf 0.016) rel = 1 (cf 0) restarts = 1 iters= 4
GFTIME:   time = 8.352304e-02 (Symanzik1) mflops = 4.220647e+03
FFTIME:  time = 2.793119e-01 (asqtad3) terms = 2 mflops = 3.579734e+03
CONGRAD5: time = 5.362034e-03 (fn F) masses = 1 iters = 5 mflops = 2.550197e+03
 OK converged final_rsq= 0.0094 (cf 0.016) rel = 1 (cf 0) restarts = 1 iters= 5
CONGRAD5: time = 5.319118e-03 (fn F) masses = 1 iters = 5 mflops = 2.570772e+03
 OK converged final_rsq= 0.0087 (cf 0.016) rel = 1 (cf 0) restarts = 1 iters= 5
GFTIME:   time = 8.426499e-02 (Symanzik1) mflops = 4.183484e+03
FFTIME:  time = 2.767241e-01 (asqtad3) terms = 2 mflops = 3.613210e+03
CONGRAD5: time = 5.273104e-03 (fn F) masses = 1 iters = 5 mflops = 2.593205e+03
 OK converged final_rsq= 0.011 (cf 0.016) rel = 1 (cf 0) restarts = 1 iters= 5
CONGRAD5: time = 5.191088e-03 (fn F) masses = 1 iters = 5 mflops = 2.634176e+03
 OK converged final_rsq= 0.01 (cf 0.016) rel = 1 (cf 0) restarts = 1 iters= 5
GFTIME:   time = 8.379197e-02 (Symanzik1) mflops = 4.207100e+03
FFTIME:  time = 2.764289e-01 (asqtad3) terms = 2 mflops = 3.617068e+03
CONGRAD5: time = 5.358934e-03 (fn F) masses = 1 iters = 5 mflops = 2.551671e+03
 OK converged final_rsq= 0.011 (cf 0.016) rel = 1 (cf 0) restarts = 1 iters= 5
CONGRAD5: time = 5.248070e-03 (fn F) masses = 1 iters = 5 mflops = 2.605575e+03
 OK converged final_rsq= 0.01 (cf 0.016) rel = 1 (cf 0) restarts = 1 iters= 5
GFTIME:   time = 8.390689e-02 (Symanzik1) mflops = 4.201338e+03
FFTIME:  time = 2.788229e-01 (asqtad3) terms = 2 mflops = 3.586012e+03
CONGRAD5: time = 5.311966e-03 (fn F) masses = 1 iters = 5 mflops = 2.574233e+03
 OK converged final_rsq= 0.0099 (cf 0.016) rel = 1 (cf 0) restarts = 1 iters= 5
CONGRAD5: time = 5.191088e-03 (fn F) masses = 1 iters = 5 mflops = 2.634176e+03
 OK converged final_rsq= 0.0095 (cf 0.016) rel = 1 (cf 0) restarts = 1 iters= 5
GFTIME:   time = 8.372498e-02 (Symanzik1) mflops = 4.210467e+03
FFTIME:  time = 2.834370e-01 (asqtad3) terms = 2 mflops = 3.527635e+03
PLAQ:	1.791285	1.791269
P_LOOP:	-6.432482e-03	-5.703914e-03
G_LOOP:  0  0  4   	1.790148e+00	( 0 1 7 6  )
G_LOOP:  0  1  4   	1.791518e+00	( 0 2 7 5  )
G_LOOP:  0  2  4   	1.792043e+00	( 0 3 7 4  )
G_LOOP:  0  3  4   	1.792188e+00	( 1 2 6 5  )
G_LOOP:  0  4  4   	1.790762e+00	( 1 3 6 4  )
G_LOOP:  0  5  4   	1.791001e+00	( 2 3 5 4  )
G_LOOP:  1  0  6   	1.019748e+00	( 0 0 1 7 7 6  )
G_LOOP:  1  1  6   	1.025132e+00	( 0 0 2 7 7 5  )
G_LOOP:  1  2  6   	1.023343e+00	( 0 0 3 7 7 4  )
G_LOOP:  1  3  6   	1.020574e+00	( 1 1 0 6 6 7  )
G_LOOP:  1  4  6   	1.021528e+00	( 1 1 2 6 6 5  )
G_LOOP:  1  5  6   	1.025131e+00	( 1 1 3 6 6 4  )
G_LOOP:  1  6  6   	1.026650e+00	( 2 2 0 5 5 7  )
G_LOOP:  1  7  6   	1.018998e+00	( 2 2 1 5 5 6  )
G_LOOP:  1  8  6   	1.019490e+00	( 2 2 3 5 5 4  )
G_LOOP:  1  9  6   	1.025211e+00	( 3 3 0 4 4 7  )
G_LOOP:  1  10  6   	1.026625e+00	( 3 3 1 4 4 6  )
G_LOOP:  1  11  6   	1.022026e+00	( 3 3 2 4 4 5  )
G_LOOP:  2  0  6   	1.057034e+00	( 0 1 2 7 6 5  )
G_LOOP:  2  1  6   	1.059629e+00	( 0 1 5 7 6 2  )
G_LOOP:  2  2  6   	1.056571e+00	( 0 6 2 7 1 5  )
G_LOOP:  2  3  6   	1.053607e+00	( 0 6 5 7 1 2  )
G_LOOP:  2  4  6   	1.063099e+00	( 0 1 3 7 6 4  )
G_LOOP:  2  5  6   	1.054479e+00	( 0 1 4 7 6 3  )
G_LOOP:  2  6  6   	1.050944e+00	( 0 6 3 7 1 4  )
G_LOOP:  2  7  6   	1.056895e+00	( 0 6 4 7 1 3  )
G_LOOP:  2  8  6   	1.054540e+00	( 0 2 3 7 5 4  )
G_LOOP:  2  9  6   	1.059955e+00	( 0 2 4 7 5 3  )
G_LOOP:  2  10  6   	1.063218e+00	( 0 5 3 7 2 4  )
G_LOOP:  2  11  6   	1.057845e+00	( 0 5 4 7 2 3  )
G_LOOP:  2  12  6   	1.060030e+00	( 1 2 3 6 5 4  )
G_LOOP:  2  13  6   	1.055929e+00	( 1 2 4 6 5 3  )
G_LOOP:  2  14  6   	1.056636e+00	( 1 5 3 6 2 4  )
G_LOOP:  2  15  6   	1.057973e+00	( 1 5 4 6 2 3  )
GACTION: 5.090137e+00
CONGRAD5: time = 5.287886e-03 (fn F) masses = 1 iters = 5 mflops = 2.585956e+03
 OK converged final_rsq= 0.0085 (cf 0.016) rel = 1 (cf 0) restarts = 1 iters= 5
CONGRAD5: time = 6.381989e-03 (fn F) masses = 1 iters = 6 mflops = 2.571156e+03
 OK converged final_rsq= 0.015 (cf 0.016) rel = 1 (cf 0) restarts = 1 iters= 6
PBP: mass 1.250000e-01     1.097814e-01  3.050916e-01  6.159745e-04  1.073530e-03 ( 1 of 1 )
FACTION: mass = 1.250000e-01,  1.454408e+00 ( 1 of 1 )
CONGRAD5: time = 5.764008e-03 (fn F) masses = 1 iters = 5 mflops = 2.372349e+03
 OK converged final_rsq= 0.0085 (cf 0.016) rel = 1 (cf 0) restarts = 1 iters= 5
CONGRAD5: time = 6.369829e-03 (fn F) masses = 1 iters = 6 mflops = 2.576064e+03
 OK converged final_rsq= 0.015 (cf 0.016) rel = 1 (cf 0) restarts = 1 iters= 6
PBP: mass 1.250000e-01     1.050922e-01  3.076434e-01  3.700241e-03  3.379920e-03 ( 1 of 1 )
FACTION: mass = 1.250000e-01,  1.453909e+00 ( 1 of 1 )
CONGRAD5: time = 5.365133e-03 (fn F) masses = 1 iters = 5 mflops = 2.548723e+03
 OK converged final_rsq= 0.01 (cf 0.016) rel = 1 (cf 0) restarts = 1 iters= 5
CONGRAD5: time = 5.284071e-03 (fn F) masses = 1 iters = 5 mflops = 2.587823e+03
 OK converged final_rsq= 0.0097 (cf 0.016) rel = 1 (cf 0) restarts = 1 iters= 5
GFTIME:   time = 8.488107e-02 (Symanzik1) mflops = 4.153120e+03
FFTIME:  time = 2.846310e-01 (asqtad3) terms = 2 mflops = 3.512837e+03
CONGRAD5: time = 5.357981e-03 (fn F) masses = 1 iters = 5 mflops = 2.552126e+03
 OK converged final_rsq= 0.012 (cf 0.016) rel = 1 (cf 0) restarts = 1 iters= 5
CONGRAD5: time = 5.298138e-03 (fn F) masses = 1 iters = 5 mflops = 2.580952e+03
 OK converged final_rsq= 0.011 (cf 0.016) rel = 1 (cf 0) restarts = 1 iters= 5
GFTIME:   time = 8.426213e-02 (Symanzik1) mflops = 4.183626e+03
FFTIME:  time = 2.834060e-01 (asqtad3) terms = 2 mflops = 3.528021e+03
CONGRAD5: time = 5.322933e-03 (fn F) masses = 1 iters = 5 mflops = 2.568929e+03
 OK converged final_rsq= 0.012 (cf 0.016) rel = 1 (cf 0) restarts = 1 iters= 5
CONGRAD5: time = 5.253077e-03 (fn F) masses = 1 iters = 5 mflops = 2.603092e+03
 OK converged final_rsq= 0.012 (cf 0.016) rel = 1 (cf 0) restarts = 1 iters= 5
GFTIME:   time = 8.464789e-02 (Symanzik1) mflops = 4.164560e+03
FFTIME:  time = 2.846091e-01 (asqtad3) terms = 2 mflops = 3.513107e+03
CONGRAD5: time = 5.383968e-03 (fn F) masses = 1 iters = 5 mflops = 2.539807e+03
 OK converged final_rsq= 0.012 (cf 0.016) rel = 1 (cf 0) restarts = 1 iters= 5
CONGRAD5: time = 5.337000e-03 (fn F) masses = 1 iters = 5 mflops = 2.562159e+03
 OK converged final_rsq= 0.012 (cf 0.016) rel = 1 (cf 0) restarts = 1 iters= 5
GFTIME:   time = 8.446407e-02 (Symanzik1) mflops = 4.173623e+03
FFTIME:  time = 2.837498e-01 (asqtad3) terms = 2 mflops = 3.523746e+03
CONGRAD5: time = 5.361080e-03 (fn F) masses = 1 iters = 5 mflops = 2.550650e+03
 OK converged final_rsq= 0.012 (cf 0.016) rel = 1 (cf 0) restarts = 1 iters= 5
CONGRAD5: time = 5.283117e-03 (fn F) masses = 1 iters = 5 mflops = 2.588290e+03
 OK converged final_rsq= 0.011 (cf 0.016) rel = 1 (cf 0) restarts = 1 iters= 5
GFTIME:   time = 8.459401e-02 (Symanzik1) mflops = 4.167212e+03
FFTIME:  time = 2.839859e-01 (asqtad3) terms = 2 mflops = 3.520817e+03
PLAQ:	1.644329	1.645266
P_LOOP:	-6.709792e-03	2.457538e-02
G_LOOP:  0  0  4   	1.645259e+00	( 0 1 7 6  )
G_LOOP:  0  1  4   	1.644887e+00	( 0 2 7 5  )
G_LOOP:  0  2  4   	1.648300e+00	( 0 3 7 4  )
G_LOOP:  0  3  4   	1.642841e+00	( 1 2 6 5  )
G_LOOP:  0  4  4   	1.643302e+00	( 1 3 6 4  )
G_LOOP:  0  5  4   	1.644196e+00	( 2 3 5 4  )
G_LOOP:  1  0  6   	8.570332e-01	( 0 0 1 7 7 6  )
G_LOOP:  1  1  6   	8.564349e-01	( 0 0 2 7 7 5  )
G_LOOP:  1  2  6   	8.575904e-01	( 0 0 3 7 7 4  )
G_LOOP:  1  3  6   	8.546200e-01	( 1 1 0 6 6 7  )
G_LOOP:  1  4  6   	8.518105e-01	( 1 1 2 6 6 5  )
G_LOOP:  1  5  6   	8.528352e-01	( 1 1 3 6 6 4  )
G_LOOP:  1  6  6   	8.522190e-01	( 2 2 0 5 5 7  )
G_LOOP:  1  7  6   	8.538568e-01	( 2 2 1 5 5 6  )
G_LOOP:  1  8  6   	8.539536e-01	( 2 2 3 5 5 4  )
G_LOOP:  1  9  6   	8.538749e-01	( 3 3 0 4 4 7  )
G_LOOP:  1  10  6   	8.509052e-01	( 3 3 1 4 4 6  )
G_LOOP:  1  11  6   	8.542319e-01	( 3 3 2 4 4 5  )
G_LOOP:  2  0  6   	8.757616e-01	( 0 1 2 7 6 5  )
G_LOOP:  2  1  6   	8.783519e-01	( 0 1 5 7 6 2  )
G_LOOP:  2  2  6   	8.732871e-01	( 0 6 2 7 1 5  )
G_LOOP:  2  3  6   	8.757185e-01	( 0 6 5 7 1 2  )
G_LOOP:  2  4  6   	8.808826e-01	( 0 1 3 7 6 4  )
G_LOOP:  2  5  6   	8.805856e-01	( 0 1 4 7 6 3  )
G_LOOP:  2  6  6   	8.736942e-01	( 0 6 3 7 1 4  )
G_LOOP:  2  7  6   	8.766187e-01	( 0 6 4 7 1 3  )
G_LOOP:  2  8  6   	8.765765e-01	( 0 2 3 7 5 4  )
G_LOOP:  2  9  6   	8.804759e-01	( 0 2 4 7 5 3  )
G_LOOP:  2  10  6   	8.758448e-01	( 0 5 3 7 2 4  )
G_LOOP:  2  11  6   	8.745625e-01	( 0 5 4 7 2 3  )
G_LOOP:  2  12  6   	8.722904e-01	( 1 2 3 6 5 4  )
G_LOOP:  2  13  6   	8.801306e-01	( 1 2 4 6 5 3  )
G_LOOP:  2  14  6   	8.763059e-01	( 1 5 3 6 2 4  )
G_LOOP:  2  15  6   	8.742140e-01	( 1 5 4 6 2 3  )
GACTION: 5.781983e+00
CONGRAD5: time = 5.320072e-03 (fn F) masses = 1 iters = 5 mflops = 2.570311e+03
 OK converged final_rsq= 0.01 (cf 0.016) rel = 1 (cf 0) restarts = 1 iters= 5
CONGRAD5: time = 6.588936e-03 (fn F) masses = 1 iters = 7 mflops = 2.905467e+03
 OK converged final_rsq= 0.0082 (cf 0.016) rel = 1 (cf 0) restarts = 1 iters= 7
PBP: mass 1.250000e-01     1.244008e-01  3.278295e-01  1.524636e-03  4.785546e-05 ( 1 of 1 )
FACTION: mass = 1.250000e-01,  1.429116e+00 ( 1 of 1 )
CONGRAD5: time = 5.276918e-03 (fn F) masses = 1 iters = 5 mflops = 2.591331e+03
 OK converged final_rsq= 0.01 (cf 0.016) rel = 1 (cf 0) restarts = 1 iters= 5
CONGRAD5: time = 6.525993e-03 (fn F) masses = 1 iters = 7 mflops = 2.933490e+03
 OK converged final_rsq= 0.0083 (cf 0.016) rel = 1 (cf 0) restarts = 1 iters= 7
PBP: mass 1.250000e-01     1.240261e-01  3.300110e-01  -6.302996e-04  -4.874612e-04 ( 1 of 1 )
FACTION: mass = 1.250000e-01,  1.440693e+00 ( 1 of 1 )
RUNNING COMPLETED
average cg iters for step= 1.100000e+01
Time = 1.102636e+01 seconds
total_iters = 552
Checksums eb39cb37 375da3b2
Saved gauge configuration in parallel to binary file lat_p64_size64_1
Time stamp Thu May 19 13:21:32 2022
Wrote info file lat_p64_size64_1.info
Time to save = 3.101206e-02
CHECK PLAQ: 1.644329e+00 1.645266e+00
CHECK NERSC LINKTR: 1.712149e-01 CKSUM: b2397a8b


warms 0
trajecs 4
traj_between_meas 1
beta 5.6
mass1 0.01
mass2 0.01
u0 0.8441
microcanonical_time_step 0.02
steps_per_trajectory 15
max_cg_iterations 300
max_cg_restarts 5
error_per_site 1e-05
error_for_propagator 1e-05
npbp_reps 1
prec_pbp 1
reload_parallel lat_p64_size64_1
save_parallel lat_p64_size64_2
Restored binary gauge configuration in parallel from file lat_p64_size64_1
Time stamp Thu May 19 13:21:32 2022
Checksums eb39cb37 375da3b2 OK
Time to reload gauge configuration = 1.800895e-02
CHECK PLAQ: 1.644329e+00 1.645266e+00
CHECK NERSC LINKTR: 1.712149e-01 CKSUM: b2397a8b
Unitarity checked.  Max deviation 2.98e-07
Time to check unitarity = 3.581047e-04
"O(a^2): couplings(pi)=0, Naik term, No O(a^2) errors, tadpole weights"
path coefficients: npath  path_coeff  multiplicity
                    0      6.250000e-01     8
                    1      -5.847914e-02     8
                    2      -8.771871e-02     48
                    3      3.077829e-02     192
                    4      -7.199551e-03     384
                    5      -1.231132e-01     48
Symanzik 1x1 + 1x2 + 1x1x1 action
gauge_action: total_dyn_flavors = 3
loop coefficients: nloop rep loop_coeff  multiplicity
                    0 0      1.000000e+00     6
                    1 0      -7.762509e-02     12
                    2 0      -1.031171e-02     16
WARMUPS COMPLETED
CONGRAD5: time = 4.123700e-01 (fn F) masses = 1 iters = 602 mflops = 3.992479e+03
 OK converged final_rsq= 8.7e-11 (cf 1e-10) rel = 1 (cf 0) restarts = 3 iters= 602
CONGRAD5: time = 4.118071e-01 (fn F) masses = 1 iters = 602 mflops = 3.997937e+03
 OK converged final_rsq= 5.9e-11 (cf 1e-10) rel = 1 (cf 0) restarts = 3 iters= 602
GFTIME:   time = 8.478618e-02 (Symanzik1) mflops = 4.157768e+03
FFTIME:  time = 2.844059e-01 (asqtad3) terms = 2 mflops = 3.515617e+03
CONGRAD5: time = 4.771390e-01 (fn F) masses = 1 iters = 697 mflops = 3.995039e+03
 OK converged final_rsq= 1e-10 (cf 1e-10) rel = 1 (cf 0) restarts = 3 iters= 697
CONGRAD5: time = 4.117129e-01 (fn F) masses = 1 iters = 602 mflops = 3.998851e+03
 OK converged final_rsq= 8.1e-11 (cf 1e-10) rel = 1 (cf 0) restarts = 3 iters= 602
GFTIME:   time = 8.416700e-02 (Symanzik1) mflops = 4.188354e+03
FFTIME:  time = 2.846930e-01 (asqtad3) terms = 2 mflops = 3.512072e+03
CONGRAD5: time = 4.763091e-01 (fn F) masses = 1 iters = 696 mflops = 3.996259e+03
 OK converged final_rsq= 9.8e-11 (cf 1e-10) rel = 1 (cf 0) restarts = 3 iters= 696
CONGRAD5: time = 4.125981e-01 (fn F) masses = 1 iters = 602 mflops = 3.990271e+03
 OK converged final_rsq= 4.9e-11 (cf 1e-10) rel = 1 (cf 0) restarts = 3 iters= 602
GFTIME:   time = 8.436918e-02 (Symanzik1) mflops = 4.178317e+03
FFTIME:  time = 2.872992e-01 (asqtad3) terms = 2 mflops = 3.480213e+03
CONGRAD5: time = 5.043509e-01 (fn F) masses = 1 iters = 736 mflops = 3.990968e+03
 OK converged final_rsq= 5e-11 (cf 1e-10) rel = 1 (cf 0) restarts = 4 iters= 736
CONGRAD5: time = 4.124761e-01 (fn F) masses = 1 iters = 602 mflops = 3.991452e+03
 OK converged final_rsq= 6.1e-11 (cf 1e-10) rel = 1 (cf 0) restarts = 3 iters= 602
GFTIME:   time = 8.451295e-02 (Symanzik1) mflops = 4.171210e+03
FFTIME:  time = 2.835019e-01 (asqtad3) terms = 2 mflops = 3.526828e+03
CONGRAD5: time = 4.977951e-01 (fn F) masses = 1 iters = 712 mflops = 3.911673e+03
 OK converged final_rsq= 9.9e-11 (cf 1e-10) rel = 1 (cf 0) restarts = 3 iters= 712
CONGRAD5: time = 4.136658e-01 (fn F) masses = 1 iters = 602 mflops = 3.979973e+03
 OK converged final_rsq= 4.4e-11 (cf 1e-10) rel = 1 (cf 0) restarts = 3 iters= 602
GFTIME:   time = 8.484006e-02 (Symanzik1) mflops = 4.155127e+03
FFTIME:  time = 2.834280e-01 (asqtad3) terms = 2 mflops = 3.527748e+03
CONGRAD5: time = 4.979079e-01 (fn F) masses = 1 iters = 723 mflops = 3.971207e+03
 OK converged final_rsq= 9.9e-11 (cf 1e-10) rel = 1 (cf 0) restarts = 3 iters= 723
CONGRAD5: time = 4.755051e-01 (fn F) masses = 1 iters = 694 mflops = 3.991512e+03
 OK converged final_rsq= 9.9e-11 (cf 1e-10) rel = 1 (cf 0) restarts = 3 iters= 694
GFTIME:   time = 8.432913e-02 (Symanzik1) mflops = 4.180302e+03
FFTIME:  time = 2.839961e-01 (asqtad3) terms = 2 mflops = 3.520690e+03
CONGRAD5: time = 4.813061e-01 (fn F) masses = 1 iters = 702 mflops = 3.988862e+03
 OK converged final_rsq= 9.9e-11 (cf 1e-10) rel = 1 (cf 0) restarts = 3 iters= 702
CONGRAD5: time = 4.733589e-01 (fn F) masses = 1 iters = 691 mflops = 3.992278e+03
 OK converged final_rsq= 9.9e-11 (cf 1e-10) rel = 1 (cf 0) restarts = 3 iters= 691
GFTIME:   time = 8.478093e-02 (Symanzik1) mflops = 4.158025e+03
FFTIME:  time = 2.823739e-01 (asqtad3) terms = 2 mflops = 3.540916e+03
CONGRAD5: time = 5.126209e-01 (fn F) masses = 1 iters = 747 mflops = 3.985267e+03
 OK converged final_rsq= 5e-11 (cf 1e-10) rel = 1 (cf 0) restarts = 4 iters= 747
CONGRAD5: time = 4.784830e-01 (fn F) masses = 1 iters = 698 mflops = 3.989534e+03
 OK converged final_rsq= 9.9e-11 (cf 1e-10) rel = 1 (cf 0) restarts = 3 iters= 698
GFTIME:   time = 8.425713e-02 (Symanzik1) mflops = 4.183874e+03
FFTIME:  time = 2.844629e-01 (asqtad3) terms = 2 mflops = 3.514912e+03
CONGRAD5: time = 4.128458e-01 (fn F) masses = 1 iters = 602 mflops = 3.987877e+03
 OK converged final_rsq= 6.1e-11 (cf 1e-10) rel = 1 (cf 0) restarts = 3 iters= 602
CONGRAD5: time = 4.117610e-01 (fn F) masses = 1 iters = 602 mflops = 3.998383e+03
 OK converged final_rsq= 8.1e-11 (cf 1e-10) rel = 1 (cf 0) restarts = 3 iters= 602
GFTIME:   time = 8.442116e-02 (Symanzik1) mflops = 4.175745e+03
FFTIME:  time = 2.833509e-01 (asqtad3) terms = 2 mflops = 3.528706e+03
CONGRAD5: time = 5.020950e-01 (fn F) masses = 1 iters = 733 mflops = 3.992558e+03
 OK converged final_rsq= 1e-10 (cf 1e-10) rel = 1 (cf 0) restarts = 3 iters= 733
CONGRAD5: time = 4.715531e-01 (fn F) masses = 1 iters = 687 mflops = 3.984367e+03
 OK converged final_rsq= 5e-11 (cf 1e-10) rel = 1 (cf 0) restarts = 4 iters= 687
GFTIME:   time = 8.448815e-02 (Symanzik1) mflops = 4.172434e+03
FFTIME:  time = 2.843289e-01 (asqtad3) terms = 2 mflops = 3.516569e+03
CONGRAD5: time = 4.813919e-01 (fn F) masses = 1 iters = 702 mflops = 3.988150e+03
 OK converged final_rsq= 1e-10 (cf 1e-10) rel = 1 (cf 0) restarts = 3 iters= 702
CONGRAD5: time = 4.890862e-01 (fn F) masses = 1 iters = 714 mflops = 3.992510e+03
 OK converged final_rsq= 9.9e-11 (cf 1e-10) rel = 1 (cf 0) restarts = 3 iters= 714
GFTIME:   time = 8.449101e-02 (Symanzik1) mflops = 4.172292e+03
FFTIME:  time = 2.834070e-01 (asqtad3) terms = 2 mflops = 3.528009e+03
CONGRAD5: time = 5.135210e-01 (fn F) masses = 1 iters = 736 mflops = 3.919700e+03
 OK converged final_rsq= 5e-11 (cf 1e-10) rel = 1 (cf 0) restarts = 4 iters= 736
CONGRAD5: time = 4.729829e-01 (fn F) masses = 1 iters = 691 mflops = 3.995451e+03
 OK converged final_rsq= 1e-10 (cf 1e-10) rel = 1 (cf 0) restarts = 3 iters= 691
GFTIME:   time = 8.387303e-02 (Symanzik1) mflops = 4.203034e+03
FFTIME:  time = 2.838430e-01 (asqtad3) terms = 2 mflops = 3.522589e+03
CONGRAD5: time = 4.132180e-01 (fn F) masses = 1 iters = 602 mflops = 3.984285e+03
 OK converged final_rsq= 5.9e-11 (cf 1e-10) rel = 1 (cf 0) restarts = 3 iters= 602
CONGRAD5: time = 4.815478e-01 (fn F) masses = 1 iters = 704 mflops = 3.998218e+03
 OK converged final_rsq= 9.9e-11 (cf 1e-10) rel = 1 (cf 0) restarts = 3 iters= 704
GFTIME:   time = 8.472586e-02 (Symanzik1) mflops = 4.160728e+03
FFTIME:  time = 2.841032e-01 (asqtad3) terms = 2 mflops = 3.519363e+03
CONGRAD5: time = 4.945171e-01 (fn F) masses = 1 iters = 722 mflops = 3.992906e+03
 OK converged final_rsq= 1e-10 (cf 1e-10) rel = 1 (cf 0) restarts = 3 iters= 722
CONGRAD5: time = 4.890580e-01 (fn F) masses = 1 iters = 714 mflops = 3.992740e+03
 OK converged final_rsq= 9.9e-11 (cf 1e-10) rel = 1 (cf 0) restarts = 3 iters= 714
GFTIME:   time = 8.403111e-02 (Symanzik1) mflops = 4.195128e+03
FFTIME:  time = 2.848310e-01 (asqtad3) terms = 2 mflops = 3.510370e+03
CONGRAD5: time = 5.040119e-01 (fn F) masses = 1 iters = 734 mflops = 3.982800e+03
 OK converged final_rsq= 5e-11 (cf 1e-10) rel = 1 (cf 0) restarts = 4 iters= 734
CONGRAD5: time = 5.003748e-01 (fn F) masses = 1 iters = 730 mflops = 3.989887e+03
 OK converged final_rsq= 5e-11 (cf 1e-10) rel = 1 (cf 0) restarts = 4 iters= 730
GFTIME:   time = 8.450699e-02 (Symanzik1) mflops = 4.171504e+03
FFTIME:  time = 2.889650e-01 (asqtad3) terms = 2 mflops = 3.460150e+03
PLAQ:	1.539774	1.537947
P_LOOP:	2.137525e-02	-1.868548e-03
G_LOOP:  0  0  4   	1.540746e+00	( 0 1 7 6  )
G_LOOP:  0  1  4   	1.540140e+00	( 0 2 7 5  )
G_LOOP:  0  2  4   	1.541719e+00	( 0 3 7 4  )
G_LOOP:  0  3  4   	1.538434e+00	( 1 2 6 5  )
G_LOOP:  0  4  4   	1.537550e+00	( 1 3 6 4  )
G_LOOP:  0  5  4   	1.534573e+00	( 2 3 5 4  )
G_LOOP:  1  0  6   	7.790819e-01	( 0 0 1 7 7 6  )
G_LOOP:  1  1  6   	7.799391e-01	( 0 0 2 7 7 5  )
G_LOOP:  1  2  6   	7.791043e-01	( 0 0 3 7 7 4  )
G_LOOP:  1  3  6   	7.764447e-01	( 1 1 0 6 6 7  )
G_LOOP:  1  4  6   	7.782270e-01	( 1 1 2 6 6 5  )
G_LOOP:  1  5  6   	7.747586e-01	( 1 1 3 6 6 4  )
G_LOOP:  1  6  6   	7.836418e-01	( 2 2 0 5 5 7  )
G_LOOP:  1  7  6   	7.799032e-01	( 2 2 1 5 5 6  )
G_LOOP:  1  8  6   	7.734723e-01	( 2 2 3 5 5 4  )
G_LOOP:  1  9  6   	7.777085e-01	( 3 3 0 4 4 7  )
G_LOOP:  1  10  6   	7.756252e-01	( 3 3 1 4 4 6  )
G_LOOP:  1  11  6   	7.764703e-01	( 3 3 2 4 4 5  )
G_LOOP:  2  0  6   	7.994985e-01	( 0 1 2 7 6 5  )
G_LOOP:  2  1  6   	7.979915e-01	( 0 1 5 7 6 2  )
G_LOOP:  2  2  6   	7.953705e-01	( 0 6 2 7 1 5  )
G_LOOP:  2  3  6   	8.003053e-01	( 0 6 5 7 1 2  )
G_LOOP:  2  4  6   	8.009586e-01	( 0 1 3 7 6 4  )
G_LOOP:  2  5  6   	7.984360e-01	( 0 1 4 7 6 3  )
G_LOOP:  2  6  6   	7.979490e-01	( 0 6 3 7 1 4  )
G_LOOP:  2  7  6   	7.995333e-01	( 0 6 4 7 1 3  )
G_LOOP:  2  8  6   	7.957329e-01	( 0 2 3 7 5 4  )
G_LOOP:  2  9  6   	7.977878e-01	( 0 2 4 7 5 3  )
G_LOOP:  2  10  6   	7.963617e-01	( 0 5 3 7 2 4  )
G_LOOP:  2  11  6   	7.972991e-01	( 0 5 4 7 2 3  )
G_LOOP:  2  12  6   	7.945366e-01	( 1 2 3 6 5 4  )
G_LOOP:  2  13  6   	8.011747e-01	( 1 2 4 6 5 3  )
G_LOOP:  2  14  6   	7.986753e-01	( 1 5 3 6 2 4  )
G_LOOP:  2  15  6   	7.990682e-01	( 1 5 4 6 2 3  )
GACTION: 6.333642e+00
CONGRAD5: time = 4.856379e-01 (fn F) masses = 1 iters = 710 mflops = 3.998333e+03
 OK converged final_rsq= 9.9e-11 (cf 1e-10) rel = 1 (cf 0) restarts = 3 iters= 710
CONGRAD5: time = 5.541015e-02 (fn F) masses = 1 iters = 79 mflops = 3.899159e+03
 OK converged final_rsq= 9.7e-11 (cf 1e-10) rel = 1 (cf 0) restarts = 1 iters= 79
PBP: mass 1.000000e-02     5.439549e-02  3.149370e-02  7.460282e-03  7.456457e-03 ( 1 of 1 )
FACTION: mass = 1.000000e-02,  1.500299e+00 ( 1 of 1 )
CONGRAD5: time = 4.799230e-01 (fn F) masses = 1 iters = 701 mflops = 3.994658e+03
 OK converged final_rsq= 5e-11 (cf 1e-10) rel = 1 (cf 0) restarts = 4 iters= 701
CONGRAD5: time = 5.136895e-02 (fn F) masses = 1 iters = 73 mflops = 3.886470e+03
 OK converged final_rsq= 9.9e-11 (cf 1e-10) rel = 1 (cf 0) restarts = 1 iters= 73
PBP: mass 1.000000e-02     5.045901e-02  4.403169e-02  -3.122000e-03  -3.124954e-03 ( 1 of 1 )
FACTION: mass = 1.000000e-02,  1.498603e+00 ( 1 of 1 )
CONGRAD5: time = 4.961770e-01 (fn F) masses = 1 iters = 724 mflops = 3.990572e+03
 OK converged final_rsq= 9.8e-11 (cf 1e-10) rel = 1 (cf 0) restarts = 3 iters= 724
CONGRAD5: time = 4.695399e-01 (fn F) masses = 1 iters = 685 mflops = 3.989801e+03
 OK converged final_rsq= 9.8e-11 (cf 1e-10) rel = 1 (cf 0) restarts = 3 iters= 685
GFTIME:   time = 8.421683e-02 (Symanzik1) mflops = 4.185876e+03
FFTIME:  time = 2.845571e-01 (asqtad3) terms = 2 mflops = 3.513749e+03
CONGRAD5: time = 5.141339e-01 (fn F) masses = 1 iters = 746 mflops = 3.968220e+03
 OK converged final_rsq= 5e-11 (cf 1e-10) rel = 1 (cf 0) restarts = 4 iters= 746
CONGRAD5: time = 4.120901e-01 (fn F) masses = 1 iters = 602 mflops = 3.995191e+03
 OK converged final_rsq= 7.6e-11 (cf 1e-10) rel = 1 (cf 0) restarts = 3 iters= 602
GFTIME:   time = 8.453512e-02 (Symanzik1) mflops = 4.170115e+03
FFTIME:  time = 2.838571e-01 (asqtad3) terms = 2 mflops = 3.522414e+03
CONGRAD5: time = 4.995949e-01 (fn F) masses = 1 iters = 729 mflops = 3.990641e+03
 OK converged final_rsq= 5e-11 (cf 1e-10) rel = 1 (cf 0) restarts = 4 iters= 729
CONGRAD5: time = 4.965620e-01 (fn F) masses = 1 iters = 711 mflops = 3.915879e+03
 OK converged final_rsq= 5e-11 (cf 1e-10) rel = 1 (cf 0) restarts = 4 iters= 711
GFTIME:   time = 8.455110e-02 (Symanzik1) mflops = 4.169328e+03
FFTIME:  time = 2.843430e-01 (asqtad3) terms = 2 mflops = 3.516395e+03
CONGRAD5: time = 4.803939e-01 (fn F) masses = 1 iters = 699 mflops = 3.979357e+03
 OK converged final_rsq= 5e-11 (cf 1e-10) rel = 1 (cf 0) restarts = 4 iters= 699
CONGRAD5: time = 4.918001e-01 (fn F) masses = 1 iters = 719 mflops = 3.998283e+03
 OK converged final_rsq= 1e-10 (cf 1e-10) rel = 1 (cf 0) restarts = 3 iters= 719
GFTIME:   time = 8.427215e-02 (Symanzik1) mflops = 4.183128e+03
FFTIME:  time = 2.840011e-01 (asqtad3) terms = 2 mflops = 3.520628e+03
CONGRAD5: time = 5.010679e-01 (fn F) masses = 1 iters = 731 mflops = 3.989826e+03
 OK converged final_rsq= 1e-10 (cf 1e-10) rel = 1 (cf 0) restarts = 3 iters= 731
CONGRAD5: time = 4.682970e-01 (fn F) masses = 1 iters = 683 mflops = 3.988711e+03
 OK converged final_rsq= 5e-11 (cf 1e-10) rel = 1 (cf 0) restarts = 4 iters= 683
GFTIME:   time = 8.402801e-02 (Symanzik1) mflops = 4.195282e+03
FFTIME:  time = 2.832141e-01 (asqtad3) terms = 2 mflops = 3.530411e+03
CONGRAD5: time = 5.293682e-01 (fn F) masses = 1 iters = 771 mflops = 3.983178e+03
 OK converged final_rsq= 5e-11 (cf 1e-10) rel = 1 (cf 0) restarts = 4 iters= 771
CONGRAD5: time = 4.874909e-01 (fn F) masses = 1 iters = 712 mflops = 3.994355e+03
 OK converged final_rsq= 1e-10 (cf 1e-10) rel = 1 (cf 0) restarts = 3 iters= 712
GFTIME:   time = 8.459091e-02 (Symanzik1) mflops = 4.167365e+03
FFTIME:  time = 2.842538e-01 (asqtad3) terms = 2 mflops = 3.517498e+03
CONGRAD5: time = 4.898961e-01 (fn F) masses = 1 iters = 714 mflops = 3.985910e+03
 OK converged final_rsq= 5e-11 (cf 1e-10) rel = 1 (cf 0) restarts = 4 iters= 714
CONGRAD5: time = 4.126420e-01 (fn F) masses = 1 iters = 602 mflops = 3.989847e+03
 OK converged final_rsq= 7.4e-11 (cf 1e-10) rel = 1 (cf 0) restarts = 3 iters= 602
GFTIME:   time = 8.428502e-02 (Symanzik1) mflops = 4.182490e+03
FFTIME:  time = 2.878461e-01 (asqtad3) terms = 2 mflops = 3.473600e+03
CONGRAD5: time = 5.032721e-01 (fn F) masses = 1 iters = 735 mflops = 3.994089e+03
 OK converged final_rsq= 9.8e-11 (cf 1e-10) rel = 1 (cf 0) restarts = 3 iters= 735
CONGRAD5: time = 4.836612e-01 (fn F) masses = 1 iters = 706 mflops = 3.992056e+03
 OK converged final_rsq= 5e-11 (cf 1e-10) rel = 1 (cf 0) restarts = 4 iters= 706
GFTIME:   time = 8.424497e-02 (Symanzik1) mflops = 4.184478e+03
FFTIME:  time = 2.840781e-01 (asqtad3) terms = 2 mflops = 3.519674e+03
CONGRAD5: time = 4.954970e-01 (fn F) masses = 1 iters = 721 mflops = 3.979490e+03
 OK converged final_rsq= 5e-11 (cf 1e-10) rel = 1 (cf 0) restarts = 4 iters= 721
CONGRAD5: time = 5.127649e-01 (fn F) masses = 1 iters = 747 mflops = 3.984148e+03
 OK converged final_rsq= 5e-11 (cf 1e-10) rel = 1 (cf 0) restarts = 4 iters= 747
GFTIME:   time = 8.407187e-02 (Symanzik1) mflops = 4.193093e+03
FFTIME:  time = 2.824030e-01 (asqtad3) terms = 2 mflops = 3.540551e+03
CONGRAD5: time = 5.165322e-01 (fn F) masses = 1 iters = 739 mflops = 3.912733e+03
 OK converged final_rsq= 5e-11 (cf 1e-10) rel = 1 (cf 0) restarts = 4 iters= 739
CONGRAD5: time = 4.718661e-01 (fn F) masses = 1 iters = 688 mflops = 3.987520e+03
 OK converged final_rsq= 9.9e-11 (cf 1e-10) rel = 1 (cf 0) restarts = 3 iters= 688
GFTIME:   time = 8.443999e-02 (Symanzik1) mflops = 4.174813e+03
FFTIME:  time = 2.828789e-01 (asqtad3) terms = 2 mflops = 3.534595e+03
CONGRAD5: time = 5.135729e-01 (fn F) masses = 1 iters = 745 mflops = 3.967230e+03
 OK converged final_rsq= 5e-11 (cf 1e-10) rel = 1 (cf 0) restarts = 4 iters= 745
CONGRAD5: time = 4.906979e-01 (fn F) masses = 1 iters = 716 mflops = 3.990544e+03
 OK converged final_rsq= 1e-10 (cf 1e-10) rel = 1 (cf 0) restarts = 3 iters= 716
GFTIME:   time = 8.465719e-02 (Symanzik1) mflops = 4.164102e+03
FFTIME:  time = 2.846191e-01 (asqtad3) terms = 2 mflops = 3.512984e+03
CONGRAD5: time = 5.297129e-01 (fn F) masses = 1 iters = 772 mflops = 3.985749e+03
 OK converged final_rsq= 5e-11 (cf 1e-10) rel = 1 (cf 0) restarts = 4 iters= 772
CONGRAD5: time = 5.030611e-01 (fn F) masses = 1 iters = 733 mflops = 3.984891e+03
 OK converged final_rsq= 5e-11 (cf 1e-10) rel = 1 (cf 0) restarts = 4 iters= 733
GFTIME:   time = 8.468199e-02 (Symanzik1) mflops = 4.162883e+03
FFTIME:  time = 2.831860e-01 (asqtad3) terms = 2 mflops = 3.530762e+03
CONGRAD5: time = 4.963999e-01 (fn F) masses = 1 iters = 721 mflops = 3.972252e+03
 OK converged final_rsq= 5e-11 (cf 1e-10) rel = 1 (cf 0) restarts = 4 iters= 721
CONGRAD5: time = 4.973202e-01 (fn F) masses = 1 iters = 724 mflops = 3.981399e+03
 OK converged final_rsq= 5e-11 (cf 1e-10) rel = 1 (cf 0) restarts = 4 iters= 724
GFTIME:   time = 8.433294e-02 (Symanzik1) mflops = 4.180113e+03
FFTIME:  time = 2.842221e-01 (asqtad3) terms = 2 mflops = 3.517890e+03
CONGRAD5: time = 5.246279e-01 (fn F) masses = 1 iters = 759 mflops = 3.956613e+03
 OK converged final_rsq= 5e-11 (cf 1e-10) rel = 1 (cf 0) restarts = 4 iters= 759
CONGRAD5: time = 5.001090e-01 (fn F) masses = 1 iters = 727 mflops = 3.975603e+03
 OK converged final_rsq= 1e-10 (cf 1e-10) rel = 1 (cf 0) restarts = 3 iters= 727
GFTIME:   time = 8.442807e-02 (Symanzik1) mflops = 4.175403e+03
FFTIME:  time = 2.839830e-01 (asqtad3) terms = 2 mflops = 3.520853e+03
CONGRAD5: time = 5.181658e-01 (fn F) masses = 1 iters = 754 mflops = 3.979567e+03
 OK converged final_rsq= 4.9e-11 (cf 1e-10) rel = 1 (cf 0) restarts = 4 iters= 754
CONGRAD5: time = 4.127281e-01 (fn F) masses = 1 iters = 602 mflops = 3.989015e+03
 OK converged final_rsq= 9.2e-11 (cf 1e-10) rel = 1 (cf 0) restarts = 3 iters= 602
GFTIME:   time = 8.402491e-02 (Symanzik1) mflops = 4.195437e+03
FFTIME:  time = 2.847481e-01 (asqtad3) terms = 2 mflops = 3.511393e+03
PLAQ:	1.497626	1.498130
P_LOOP:	1.991909e-02	-1.379642e-02
G_LOOP:  0  0  4   	1.497047e+00	( 0 1 7 6  )
G_LOOP:  0  1  4   	1.498616e+00	( 0 2 7 5  )
G_LOOP:  0  2  4   	1.498145e+00	( 0 3 7 4  )
G_LOOP:  0  3  4   	1.497214e+00	( 1 2 6 5  )
G_LOOP:  0  4  4   	1.496954e+00	( 1 3 6 4  )
G_LOOP:  0  5  4   	1.499291e+00	( 2 3 5 4  )
G_LOOP:  1  0  6   	7.398073e-01	( 0 0 1 7 7 6  )
G_LOOP:  1  1  6   	7.422374e-01	( 0 0 2 7 7 5  )
G_LOOP:  1  2  6   	7.394495e-01	( 0 0 3 7 7 4  )
G_LOOP:  1  3  6   	7.382840e-01	( 1 1 0 6 6 7  )
G_LOOP:  1  4  6   	7.365532e-01	( 1 1 2 6 6 5  )
G_LOOP:  1  5  6   	7.371902e-01	( 1 1 3 6 6 4  )
G_LOOP:  1  6  6   	7.456752e-01	( 2 2 0 5 5 7  )
G_LOOP:  1  7  6   	7.428936e-01	( 2 2 1 5 5 6  )
G_LOOP:  1  8  6   	7.390187e-01	( 2 2 3 5 5 4  )
G_LOOP:  1  9  6   	7.398111e-01	( 3 3 0 4 4 7  )
G_LOOP:  1  10  6   	7.389642e-01	( 3 3 1 4 4 6  )
G_LOOP:  1  11  6   	7.400356e-01	( 3 3 2 4 4 5  )
G_LOOP:  2  0  6   	7.607733e-01	( 0 1 2 7 6 5  )
G_LOOP:  2  1  6   	7.581736e-01	( 0 1 5 7 6 2  )
G_LOOP:  2  2  6   	7.537819e-01	( 0 6 2 7 1 5  )
G_LOOP:  2  3  6   	7.623529e-01	( 0 6 5 7 1 2  )
G_LOOP:  2  4  6   	7.597389e-01	( 0 1 3 7 6 4  )
G_LOOP:  2  5  6   	7.537096e-01	( 0 1 4 7 6 3  )
G_LOOP:  2  6  6   	7.572606e-01	( 0 6 3 7 1 4  )
G_LOOP:  2  7  6   	7.594713e-01	( 0 6 4 7 1 3  )
G_LOOP:  2  8  6   	7.558015e-01	( 0 2 3 7 5 4  )
G_LOOP:  2  9  6   	7.618569e-01	( 0 2 4 7 5 3  )
G_LOOP:  2  10  6   	7.589309e-01	( 0 5 3 7 2 4  )
G_LOOP:  2  11  6   	7.602545e-01	( 0 5 4 7 2 3  )
G_LOOP:  2  12  6   	7.595571e-01	( 1 2 3 6 5 4  )
G_LOOP:  2  13  6   	7.632494e-01	( 1 2 4 6 5 3  )
G_LOOP:  2  14  6   	7.579410e-01	( 1 5 3 6 2 4  )
G_LOOP:  2  15  6   	7.601606e-01	( 1 5 4 6 2 3  )
GACTION: 6.537787e+00
CONGRAD5: time = 4.132679e-01 (fn F) masses = 1 iters = 602 mflops = 3.983805e+03
 OK converged final_rsq= 1e-10 (cf 1e-10) rel = 1 (cf 0) restarts = 3 iters= 602
CONGRAD5: time = 9.302497e-02 (fn F) masses = 1 iters = 133 mflops = 3.910077e+03
 OK converged final_rsq= 5e-11 (cf 1e-10) rel = 1 (cf 0) restarts = 2 iters= 133
PBP: mass 1.000000e-02     4.180596e-02  5.650046e-02  6.282065e-03  6.257703e-03 ( 1 of 1 )
FACTION: mass = 1.000000e-02,  1.499623e+00 ( 1 of 1 )
CONGRAD5: time = 4.857340e-01 (fn F) masses = 1 iters = 709 mflops = 3.991912e+03
 OK converged final_rsq= 5e-11 (cf 1e-10) rel = 1 (cf 0) restarts = 4 iters= 709
CONGRAD5: time = 5.287910e-02 (fn F) masses = 1 iters = 75 mflops = 3.878917e+03
 OK converged final_rsq= 1e-10 (cf 1e-10) rel = 1 (cf 0) restarts = 1 iters= 75
PBP: mass 1.000000e-02     4.935784e-02  4.621076e-02  -8.936203e-03  -8.936002e-03 ( 1 of 1 )
FACTION: mass = 1.000000e-02,  1.495237e+00 ( 1 of 1 )
CONGRAD5: time = 5.298572e-01 (fn F) masses = 1 iters = 758 mflops = 3.912403e+03
 OK converged final_rsq= 5e-11 (cf 1e-10) rel = 1 (cf 0) restarts = 4 iters= 758
CONGRAD5: time = 5.082409e-01 (fn F) masses = 1 iters = 735 mflops = 3.955040e+03
 OK converged final_rsq= 1e-10 (cf 1e-10) rel = 1 (cf 0) restarts = 3 iters= 735
GFTIME:   time = 8.454204e-02 (Symanzik1) mflops = 4.169774e+03
FFTIME:  time = 2.828450e-01 (asqtad3) terms = 2 mflops = 3.535018e+03
CONGRAD5: time = 5.228539e-01 (fn F) masses = 1 iters = 759 mflops = 3.970038e+03
 OK converged final_rsq= 9.9e-11 (cf 1e-10) rel = 1 (cf 0) restarts = 3 iters= 759
CONGRAD5: time = 4.765029e-01 (fn F) masses = 1 iters = 693 mflops = 3.977415e+03
 OK converged final_rsq= 9.9e-11 (cf 1e-10) rel = 1 (cf 0) restarts = 3 iters= 693
GFTIME:   time = 8.434296e-02 (Symanzik1) mflops = 4.179617e+03
FFTIME:  time = 2.836568e-01 (asqtad3) terms = 2 mflops = 3.524901e+03
CONGRAD5: time = 5.353200e-01 (fn F) masses = 1 iters = 777 mflops = 3.969545e+03
 OK converged final_rsq= 1e-10 (cf 1e-10) rel = 1 (cf 0) restarts = 3 iters= 777
CONGRAD5: time = 4.924860e-01 (fn F) masses = 1 iters = 715 mflops = 3.970501e+03
 OK converged final_rsq= 1e-10 (cf 1e-10) rel = 1 (cf 0) restarts = 3 iters= 715
GFTIME:   time = 8.447909e-02 (Symanzik1) mflops = 4.172881e+03
FFTIME:  time = 2.821300e-01 (asqtad3) terms = 2 mflops = 3.543977e+03
CONGRAD5: time = 5.222239e-01 (fn F) masses = 1 iters = 755 mflops = 3.953879e+03
 OK converged final_rsq= 4.9e-11 (cf 1e-10) rel = 1 (cf 0) restarts = 4 iters= 755
CONGRAD5: time = 4.888990e-01 (fn F) masses = 1 iters = 709 mflops = 3.966069e+03
 OK converged final_rsq= 9.9e-11 (cf 1e-10) rel = 1 (cf 0) restarts = 3 iters= 709
GFTIME:   time = 8.410692e-02 (Symanzik1) mflops = 4.191346e+03
FFTIME:  time = 2.833071e-01 (asqtad3) terms = 2 mflops = 3.529253e+03
CONGRAD5: time = 5.314219e-01 (fn F) masses = 1 iters = 769 mflops = 3.957492e+03
 OK converged final_rsq= 5e-11 (cf 1e-10) rel = 1 (cf 0) restarts = 4 iters= 769
CONGRAD5: time = 5.082469e-01 (fn F) masses = 1 iters = 737 mflops = 3.965756e+03
 OK converged final_rsq= 1e-10 (cf 1e-10) rel = 1 (cf 0) restarts = 3 iters= 737
GFTIME:   time = 8.421206e-02 (Symanzik1) mflops = 4.186113e+03
FFTIME:  time = 2.856219e-01 (asqtad3) terms = 2 mflops = 3.500650e+03
CONGRAD5: time = 5.162778e-01 (fn F) masses = 1 iters = 749 mflops = 3.967634e+03
 OK converged final_rsq= 1e-10 (cf 1e-10) rel = 1 (cf 0) restarts = 3 iters= 749
CONGRAD5: time = 5.184438e-01 (fn F) masses = 1 iters = 752 mflops = 3.966882e+03
 OK converged final_rsq= 5e-11 (cf 1e-10) rel = 1 (cf 0) restarts = 4 iters= 752
GFTIME:   time = 8.441496e-02 (Symanzik1) mflops = 4.176052e+03
FFTIME:  time = 2.867210e-01 (asqtad3) terms = 2 mflops = 3.487231e+03
CONGRAD5: time = 5.239050e-01 (fn F) masses = 1 iters = 761 mflops = 3.972513e+03
 OK converged final_rsq= 5e-11 (cf 1e-10) rel = 1 (cf 0) restarts = 4 iters= 761
CONGRAD5: time = 5.025501e-01 (fn F) masses = 1 iters = 731 mflops = 3.978059e+03
 OK converged final_rsq= 1e-10 (cf 1e-10) rel = 1 (cf 0) restarts = 3 iters= 731
GFTIME:   time = 8.424211e-02 (Symanzik1) mflops = 4.184620e+03
FFTIME:  time = 2.891359e-01 (asqtad3) terms = 2 mflops = 3.458105e+03
CONGRAD5: time = 5.175562e-01 (fn F) masses = 1 iters = 750 mflops = 3.963118e+03
 OK converged final_rsq= 4.9e-11 (cf 1e-10) rel = 1 (cf 0) restarts = 4 iters= 750
CONGRAD5: time = 5.062149e-01 (fn F) masses = 1 iters = 735 mflops = 3.970870e+03
 OK converged final_rsq= 5e-11 (cf 1e-10) rel = 1 (cf 0) restarts = 4 iters= 735
GFTIME:   time = 8.399391e-02 (Symanzik1) mflops = 4.196985e+03
FFTIME:  time = 2.828939e-01 (asqtad3) terms = 2 mflops = 3.534407e+03
CONGRAD5: time = 5.403931e-01 (fn F) masses = 1 iters = 782 mflops = 3.957584e+03
 OK converged final_rsq= 4.9e-11 (cf 1e-10) rel = 1 (cf 0) restarts = 4 iters= 782
CONGRAD5: time = 5.283790e-01 (fn F) masses = 1 iters = 767 mflops = 3.969932e+03
 OK converged final_rsq= 5e-11 (cf 1e-10) rel = 1 (cf 0) restarts = 4 iters= 767
GFTIME:   time = 8.387017e-02 (Symanzik1) mflops = 4.203177e+03
FFTIME:  time = 2.844608e-01 (asqtad3) terms = 2 mflops = 3.514939e+03
CONGRAD5: time = 5.253990e-01 (fn F) masses = 1 iters = 762 mflops = 3.966422e+03
 OK converged final_rsq= 5e-11 (cf 1e-10) rel = 1 (cf 0) restarts = 4 iters= 762
CONGRAD5: time = 5.000288e-01 (fn F) masses = 1 iters = 725 mflops = 3.965301e+03
 OK converged final_rsq= 9.9e-11 (cf 1e-10) rel = 1 (cf 0) restarts = 3 iters= 725
GFTIME:   time = 8.462286e-02 (Symanzik1) mflops = 4.165792e+03
FFTIME:  time = 2.838061e-01 (asqtad3) terms = 2 mflops = 3.523047e+03
CONGRAD5: time = 5.204880e-01 (fn F) masses = 1 iters = 756 mflops = 3.972320e+03
 OK converged final_rsq= 5e-11 (cf 1e-10) rel = 1 (cf 0) restarts = 4 iters= 756
CONGRAD5: time = 5.268340e-01 (fn F) masses = 1 iters = 766 mflops = 3.976383e+03
 OK converged final_rsq= 5e-11 (cf 1e-10) rel = 1 (cf 0) restarts = 4 iters= 766
GFTIME:   time = 8.475399e-02 (Symanzik1) mflops = 4.159347e+03
FFTIME:  time = 2.870920e-01 (asqtad3) terms = 2 mflops = 3.482725e+03
CONGRAD5: time = 5.218849e-01 (fn F) masses = 1 iters = 757 mflops = 3.966928e+03
 OK converged final_rsq= 5e-11 (cf 1e-10) rel = 1 (cf 0) restarts = 4 iters= 757
CONGRAD5: time = 4.934380e-01 (fn F) masses = 1 iters = 715 mflops = 3.962841e+03
 OK converged final_rsq= 5e-11 (cf 1e-10) rel = 1 (cf 0) restarts = 4 iters= 715
GFTIME:   time = 8.389592e-02 (Symanzik1) mflops = 4.201887e+03
FFTIME:  time = 2.845609e-01 (asqtad3) terms = 2 mflops = 3.513702e+03
CONGRAD5: time = 5.354030e-01 (fn F) masses = 1 iters = 774 mflops = 3.953606e+03
 OK converged final_rsq= 5e-11 (cf 1e-10) rel = 1 (cf 0) restarts = 4 iters= 774
CONGRAD5: time = 4.959991e-01 (fn F) masses = 1 iters = 719 mflops = 3.964434e+03
 OK converged final_rsq= 1e-10 (cf 1e-10) rel = 1 (cf 0) restarts = 3 iters= 719
GFTIME:   time = 8.466196e-02 (Symanzik1) mflops = 4.163868e+03
FFTIME:  time = 2.858591e-01 (asqtad3) terms = 2 mflops = 3.497745e+03
CONGRAD5: time = 5.458539e-01 (fn F) masses = 1 iters = 783 mflops = 3.923002e+03
 OK converged final_rsq= 5e-11 (cf 1e-10) rel = 1 (cf 0) restarts = 4 iters= 783
CONGRAD5: time = 5.093169e-01 (fn F) masses = 1 iters = 738 mflops = 3.962794e+03
 OK converged final_rsq= 5e-11 (cf 1e-10) rel = 1 (cf 0) restarts = 4 iters= 738
GFTIME:   time = 8.430004e-02 (Symanzik1) mflops = 4.181744e+03
FFTIME:  time = 2.837660e-01 (asqtad3) terms = 2 mflops = 3.523545e+03
CONGRAD5: time = 5.399652e-01 (fn F) masses = 1 iters = 781 mflops = 3.955656e+03
 OK converged final_rsq= 5e-11 (cf 1e-10) rel = 1 (cf 0) restarts = 4 iters= 781
CONGRAD5: time = 5.371108e-01 (fn F) masses = 1 iters = 737 mflops = 3.752639e+03
 OK converged final_rsq= 1e-10 (cf 1e-10) rel = 1 (cf 0) restarts = 3 iters= 737
GFTIME:   time = 9.477401e-02 (Symanzik1) mflops = 3.719598e+03
FFTIME:  time = 2.843699e-01 (asqtad3) terms = 2 mflops = 3.516062e+03
PLAQ:	1.473963	1.473385
P_LOOP:	-7.764093e-03	6.219712e-03
G_LOOP:  0  0  4   	1.474057e+00	( 0 1 7 6  )
G_LOOP:  0  1  4   	1.476495e+00	( 0 2 7 5  )
G_LOOP:  0  2  4   	1.473365e+00	( 0 3 7 4  )
G_LOOP:  0  3  4   	1.471338e+00	( 1 2 6 5  )
G_LOOP:  0  4  4   	1.472826e+00	( 1 3 6 4  )
G_LOOP:  0  5  4   	1.473963e+00	( 2 3 5 4  )
G_LOOP:  1  0  6   	7.133980e-01	( 0 0 1 7 7 6  )
G_LOOP:  1  1  6   	7.231318e-01	( 0 0 2 7 7 5  )
G_LOOP:  1  2  6   	7.177161e-01	( 0 0 3 7 7 4  )
G_LOOP:  1  3  6   	7.170766e-01	( 1 1 0 6 6 7  )
G_LOOP:  1  4  6   	7.130472e-01	( 1 1 2 6 6 5  )
G_LOOP:  1  5  6   	7.151839e-01	( 1 1 3 6 6 4  )
G_LOOP:  1  6  6   	7.140978e-01	( 2 2 0 5 5 7  )
G_LOOP:  1  7  6   	7.130462e-01	( 2 2 1 5 5 6  )
G_LOOP:  1  8  6   	7.153132e-01	( 2 2 3 5 5 4  )
G_LOOP:  1  9  6   	7.117251e-01	( 3 3 0 4 4 7  )
G_LOOP:  1  10  6   	7.125768e-01	( 3 3 1 4 4 6  )
G_LOOP:  1  11  6   	7.086897e-01	( 3 3 2 4 4 5  )
G_LOOP:  2  0  6   	7.351040e-01	( 0 1 2 7 6 5  )
G_LOOP:  2  1  6   	7.280939e-01	( 0 1 5 7 6 2  )
G_LOOP:  2  2  6   	7.308180e-01	( 0 6 2 7 1 5  )
G_LOOP:  2  3  6   	7.304092e-01	( 0 6 5 7 1 2  )
G_LOOP:  2  4  6   	7.341810e-01	( 0 1 3 7 6 4  )
G_LOOP:  2  5  6   	7.318136e-01	( 0 1 4 7 6 3  )
G_LOOP:  2  6  6   	7.295944e-01	( 0 6 3 7 1 4  )
G_LOOP:  2  7  6   	7.277577e-01	( 0 6 4 7 1 3  )
G_LOOP:  2  8  6   	7.329565e-01	( 0 2 3 7 5 4  )
G_LOOP:  2  9  6   	7.324030e-01	( 0 2 4 7 5 3  )
G_LOOP:  2  10  6   	7.299320e-01	( 0 5 3 7 2 4  )
G_LOOP:  2  11  6   	7.308683e-01	( 0 5 4 7 2 3  )
G_LOOP:  2  12  6   	7.322426e-01	( 1 2 3 6 5 4  )
G_LOOP:  2  13  6   	7.340319e-01	( 1 2 4 6 5 3  )
G_LOOP:  2  14  6   	7.346669e-01	( 1 5 3 6 2 4  )
G_LOOP:  2  15  6   	7.309851e-01	( 1 5 4 6 2 3  )
GACTION: 6.654834e+00
CONGRAD5: time = 4.151850e-01 (fn F) masses = 1 iters = 602 mflops = 3.965410e+03
 OK converged final_rsq= 7.5e-11 (cf 1e-10) rel = 1 (cf 0) restarts = 3 iters= 602
CONGRAD5: time = 9.108996e-02 (fn F) masses = 1 iters = 130 mflops = 3.903067e+03
 OK converged final_rsq= 5e-11 (cf 1e-10) rel = 1 (cf 0) restarts = 2 iters= 130
PBP: mass 1.000000e-02     5.172191e-02  3.967773e-02  -4.749448e-03  -4.752535e-03 ( 1 of 1 )
FACTION: mass = 1.000000e-02,  1.499391e+00 ( 1 of 1 )
CONGRAD5: time = 5.166590e-01 (fn F) masses = 1 iters = 740 mflops = 3.917066e+03
 OK converged final_rsq= 5e-11 (cf 1e-10) rel = 1 (cf 0) restarts = 4 iters= 740
CONGRAD5: time = 5.501294e-02 (fn F) masses = 1 iters = 78 mflops = 3.877599e+03
 OK converged final_rsq= 9.9e-11 (cf 1e-10) rel = 1 (cf 0) restarts = 1 iters= 78
PBP: mass 1.000000e-02     4.471490e-02  6.322165e-02  -1.728046e-04  -1.750247e-04 ( 1 of 1 )
FACTION: mass = 1.000000e-02,  1.497018e+00 ( 1 of 1 )
CONGRAD5: time = 5.304282e-01 (fn F) masses = 1 iters = 768 mflops = 3.959751e+03
 OK converged final_rsq= 4.9e-11 (cf 1e-10) rel = 1 (cf 0) restarts = 4 iters= 768
CONGRAD5: time = 5.006049e-01 (fn F) masses = 1 iters = 727 mflops = 3.971664e+03
 OK converged final_rsq= 9.9e-11 (cf 1e-10) rel = 1 (cf 0) restarts = 3 iters= 727
GFTIME:   time = 8.444500e-02 (Symanzik1) mflops = 4.174566e+03
FFTIME:  time = 2.845531e-01 (asqtad3) terms = 2 mflops = 3.513799e+03
CONGRAD5: time = 5.427721e-01 (fn F) masses = 1 iters = 787 mflops = 3.965431e+03
 OK converged final_rsq= 5e-11 (cf 1e-10) rel = 1 (cf 0) restarts = 4 iters= 787
CONGRAD5: time = 5.311658e-01 (fn F) masses = 1 iters = 772 mflops = 3.974846e+03
 OK converged final_rsq= 5e-11 (cf 1e-10) rel = 1 (cf 0) restarts = 4 iters= 772
GFTIME:   time = 8.383989e-02 (Symanzik1) mflops = 4.204695e+03
FFTIME:  time = 2.827828e-01 (asqtad3) terms = 2 mflops = 3.535796e+03
CONGRAD5: time = 5.402980e-01 (fn F) masses = 1 iters = 785 mflops = 3.973466e+03
 OK converged final_rsq= 1e-10 (cf 1e-10) rel = 1 (cf 0) restarts = 3 iters= 785
CONGRAD5: time = 5.056691e-01 (fn F) masses = 1 iters = 734 mflops = 3.969747e+03
 OK converged final_rsq= 5e-11 (cf 1e-10) rel = 1 (cf 0) restarts = 4 iters= 734
GFTIME:   time = 8.415723e-02 (Symanzik1) mflops = 4.188841e+03
FFTIME:  time = 2.839179e-01 (asqtad3) terms = 2 mflops = 3.521660e+03
CONGRAD5: time = 5.337989e-01 (fn F) masses = 1 iters = 774 mflops = 3.965486e+03
 OK converged final_rsq= 5e-11 (cf 1e-10) rel = 1 (cf 0) restarts = 4 iters= 774
CONGRAD5: time = 5.080781e-01 (fn F) masses = 1 iters = 738 mflops = 3.972456e+03
 OK converged final_rsq= 1e-10 (cf 1e-10) rel = 1 (cf 0) restarts = 3 iters= 738
GFTIME:   time = 8.395886e-02 (Symanzik1) mflops = 4.198737e+03
FFTIME:  time = 2.842700e-01 (asqtad3) terms = 2 mflops = 3.517297e+03
CONGRAD5: time = 5.342820e-01 (fn F) masses = 1 iters = 766 mflops = 3.920951e+03
 OK converged final_rsq= 5e-11 (cf 1e-10) rel = 1 (cf 0) restarts = 4 iters= 766
CONGRAD5: time = 5.051160e-01 (fn F) masses = 1 iters = 734 mflops = 3.974094e+03
 OK converged final_rsq= 9.9e-11 (cf 1e-10) rel = 1 (cf 0) restarts = 3 iters= 734
GFTIME:   time = 8.446193e-02 (Symanzik1) mflops = 4.173729e+03
FFTIME:  time = 2.848711e-01 (asqtad3) terms = 2 mflops = 3.509876e+03
CONGRAD5: time = 5.362751e-01 (fn F) masses = 1 iters = 775 mflops = 3.952276e+03
 OK converged final_rsq= 5e-11 (cf 1e-10) rel = 1 (cf 0) restarts = 4 iters= 775
CONGRAD5: time = 5.118830e-01 (fn F) masses = 1 iters = 742 mflops = 3.964299e+03
 OK converged final_rsq= 5e-11 (cf 1e-10) rel = 1 (cf 0) restarts = 4 iters= 742
GFTIME:   time = 8.423901e-02 (Symanzik1) mflops = 4.184774e+03
FFTIME:  time = 2.844841e-01 (asqtad3) terms = 2 mflops = 3.514650e+03
CONGRAD5: time = 5.434291e-01 (fn F) masses = 1 iters = 786 mflops = 3.955604e+03
 OK converged final_rsq= 5e-11 (cf 1e-10) rel = 1 (cf 0) restarts = 4 iters= 786
CONGRAD5: time = 5.284290e-01 (fn F) masses = 1 iters = 765 mflops = 3.959205e+03
 OK converged final_rsq= 5e-11 (cf 1e-10) rel = 1 (cf 0) restarts = 4 iters= 765
GFTIME:   time = 8.455801e-02 (Symanzik1) mflops = 4.168987e+03
FFTIME:  time = 2.878170e-01 (asqtad3) terms = 2 mflops = 3.473951e+03
CONGRAD5: time = 5.129302e-01 (fn F) masses = 1 iters = 743 mflops = 3.961538e+03
 OK converged final_rsq= 5e-11 (cf 1e-10) rel = 1 (cf 0) restarts = 4 iters= 743
CONGRAD5: time = 5.193369e-01 (fn F) masses = 1 iters = 753 mflops = 3.965327e+03
 OK converged final_rsq= 1e-10 (cf 1e-10) rel = 1 (cf 0) restarts = 3 iters= 753
GFTIME:   time = 8.441615e-02 (Symanzik1) mflops = 4.175993e+03
FFTIME:  time = 2.846320e-01 (asqtad3) terms = 2 mflops = 3.512825e+03
CONGRAD5: time = 5.300930e-01 (fn F) masses = 1 iters = 770 mflops = 3.972573e+03
 OK converged final_rsq= 5e-11 (cf 1e-10) rel = 1 (cf 0) restarts = 4 iters= 770
CONGRAD5: time = 5.022500e-01 (fn F) masses = 1 iters = 731 mflops = 3.980436e+03
 OK converged final_rsq= 9.9e-11 (cf 1e-10) rel = 1 (cf 0) restarts = 3 iters= 731
GFTIME:   time = 8.415294e-02 (Symanzik1) mflops = 4.189054e+03
FFTIME:  time = 2.848010e-01 (asqtad3) terms = 2 mflops = 3.510740e+03
CONGRAD5: time = 5.315650e-01 (fn F) masses = 1 iters = 771 mflops = 3.966717e+03
 OK converged final_rsq= 5e-11 (cf 1e-10) rel = 1 (cf 0) restarts = 4 iters= 771
CONGRAD5: time = 4.991441e-01 (fn F) masses = 1 iters = 726 mflops = 3.977809e+03
 OK converged final_rsq= 9.9e-11 (cf 1e-10) rel = 1 (cf 0) restarts = 3 iters= 726
GFTIME:   time = 8.421993e-02 (Symanzik1) mflops = 4.185722e+03
FFTIME:  time = 2.848270e-01 (asqtad3) terms = 2 mflops = 3.510420e+03
CONGRAD5: time = 5.330560e-01 (fn F) masses = 1 iters = 774 mflops = 3.971013e+03
 OK converged final_rsq= 5e-11 (cf 1e-10) rel = 1 (cf 0) restarts = 4 iters= 774
CONGRAD5: time = 5.204611e-01 (fn F) masses = 1 iters = 747 mflops = 3.925234e+03
 OK converged final_rsq= 5e-11 (cf 1e-10) rel = 1 (cf 0) restarts = 4 iters= 747
GFTIME:   time = 8.426189e-02 (Symanzik1) mflops = 4.183637e+03
FFTIME:  time = 2.831421e-01 (asqtad3) terms = 2 mflops = 3.531309e+03
CONGRAD5: time = 5.426528e-01 (fn F) masses = 1 iters = 788 mflops = 3.971342e+03
 OK converged final_rsq= 4.9e-11 (cf 1e-10) rel = 1 (cf 0) restarts = 4 iters= 788
CONGRAD5: time = 5.073791e-01 (fn F) masses = 1 iters = 739 mflops = 3.983319e+03
 OK converged final_rsq= 9.9e-11 (cf 1e-10) rel = 1 (cf 0) restarts = 3 iters= 739
GFTIME:   time = 8.420920e-02 (Symanzik1) mflops = 4.186255e+03
FFTIME:  time = 2.844689e-01 (asqtad3) terms = 2 mflops = 3.514839e+03
CONGRAD5: time = 5.212982e-01 (fn F) masses = 1 iters = 757 mflops = 3.971393e+03
 OK converged final_rsq= 5e-11 (cf 1e-10) rel = 1 (cf 0) restarts = 4 iters= 757
CONGRAD5: time = 5.211480e-01 (fn F) masses = 1 iters = 758 mflops = 3.977785e+03
 OK converged final_rsq= 5e-11 (cf 1e-10) rel = 1 (cf 0) restarts = 4 iters= 758
GFTIME:   time = 8.420992e-02 (Symanzik1) mflops = 4.186220e+03
FFTIME:  time = 2.834640e-01 (asqtad3) terms = 2 mflops = 3.527300e+03
CONGRAD5: time = 5.289950e-01 (fn F) masses = 1 iters = 770 mflops = 3.980818e+03
 OK converged final_rsq= 5e-11 (cf 1e-10) rel = 1 (cf 0) restarts = 4 iters= 770
CONGRAD5: time = 5.117900e-01 (fn F) masses = 1 iters = 746 mflops = 3.986394e+03
 OK converged final_rsq= 5e-11 (cf 1e-10) rel = 1 (cf 0) restarts = 4 iters= 746
GFTIME:   time = 8.444214e-02 (Symanzik1) mflops = 4.174707e+03
FFTIME:  time = 2.835240e-01 (asqtad3) terms = 2 mflops = 3.526552e+03
CONGRAD5: time = 5.250120e-01 (fn F) masses = 1 iters = 763 mflops = 3.974555e+03
 OK converged final_rsq= 5e-11 (cf 1e-10) rel = 1 (cf 0) restarts = 4 iters= 763
CONGRAD5: time = 5.411448e-01 (fn F) masses = 1 iters = 753 mflops = 3.805526e+03
 OK converged final_rsq= 1e-10 (cf 1e-10) rel = 1 (cf 0) restarts = 3 iters= 753
GFTIME:   time = 9.473896e-02 (Symanzik1) mflops = 3.720974e+03
FFTIME:  time = 2.842219e-01 (asqtad3) terms = 2 mflops = 3.517893e+03
PLAQ:	1.459433	1.458465
P_LOOP:	1.615889e-02	-8.026718e-03
G_LOOP:  0  0  4   	1.459195e+00	( 0 1 7 6  )
G_LOOP:  0  1  4   	1.460791e+00	( 0 2 7 5  )
G_LOOP:  0  2  4   	1.460614e+00	( 0 3 7 4  )
G_LOOP:  0  3  4   	1.458314e+00	( 1 2 6 5  )
G_LOOP:  0  4  4   	1.457892e+00	( 1 3 6 4  )
G_LOOP:  0  5  4   	1.456888e+00	( 2 3 5 4  )
G_LOOP:  1  0  6   	6.983939e-01	( 0 0 1 7 7 6  )
G_LOOP:  1  1  6   	7.042719e-01	( 0 0 2 7 7 5  )
G_LOOP:  1  2  6   	7.000097e-01	( 0 0 3 7 7 4  )
G_LOOP:  1  3  6   	6.967192e-01	( 1 1 0 6 6 7  )
G_LOOP:  1  4  6   	6.984864e-01	( 1 1 2 6 6 5  )
G_LOOP:  1  5  6   	6.968441e-01	( 1 1 3 6 6 4  )
G_LOOP:  1  6  6   	6.998432e-01	( 2 2 0 5 5 7  )
G_LOOP:  1  7  6   	6.985943e-01	( 2 2 1 5 5 6  )
G_LOOP:  1  8  6   	6.990863e-01	( 2 2 3 5 5 4  )
G_LOOP:  1  9  6   	6.999809e-01	( 3 3 0 4 4 7  )
G_LOOP:  1  10  6   	6.973355e-01	( 3 3 1 4 4 6  )
G_LOOP:  1  11  6   	6.941445e-01	( 3 3 2 4 4 5  )
G_LOOP:  2  0  6   	7.139080e-01	( 0 1 2 7 6 5  )
G_LOOP:  2  1  6   	7.119920e-01	( 0 1 5 7 6 2  )
G_LOOP:  2  2  6   	7.117254e-01	( 0 6 2 7 1 5  )
G_LOOP:  2  3  6   	7.124687e-01	( 0 6 5 7 1 2  )
G_LOOP:  2  4  6   	7.159880e-01	( 0 1 3 7 6 4  )
G_LOOP:  2  5  6   	7.136556e-01	( 0 1 4 7 6 3  )
G_LOOP:  2  6  6   	7.124254e-01	( 0 6 3 7 1 4  )
G_LOOP:  2  7  6   	7.110729e-01	( 0 6 4 7 1 3  )
G_LOOP:  2  8  6   	7.144444e-01	( 0 2 3 7 5 4  )
G_LOOP:  2  9  6   	7.125228e-01	( 0 2 4 7 5 3  )
G_LOOP:  2  10  6   	7.149983e-01	( 0 5 3 7 2 4  )
G_LOOP:  2  11  6   	7.100563e-01	( 0 5 4 7 2 3  )
G_LOOP:  2  12  6   	7.109843e-01	( 1 2 3 6 5 4  )
G_LOOP:  2  13  6   	7.097229e-01	( 1 2 4 6 5 3  )
G_LOOP:  2  14  6   	7.117955e-01	( 1 5 3 6 2 4  )
G_LOOP:  2  15  6   	7.069325e-01	( 1 5 4 6 2 3  )
GACTION: 6.725127e+00
CONGRAD5: time = 4.931469e-01 (fn F) masses = 1 iters = 718 mflops = 3.981817e+03
 OK converged final_rsq= 5e-11 (cf 1e-10) rel = 1 (cf 0) restarts = 4 iters= 718
CONGRAD5: time = 5.291891e-02 (fn F) masses = 1 iters = 75 mflops = 3.875998e+03
 OK converged final_rsq= 1e-10 (cf 1e-10) rel = 1 (cf 0) restarts = 1 iters= 75
PBP: mass 1.000000e-02     6.464430e-02  5.646403e-02  3.676150e-03  3.676061e-03 ( 1 of 1 )
FACTION: mass = 1.000000e-02,  1.503793e+00 ( 1 of 1 )
CONGRAD5: time = 5.183880e-01 (fn F) masses = 1 iters = 755 mflops = 3.983136e+03
 OK converged final_rsq= 5e-11 (cf 1e-10) rel = 1 (cf 0) restarts = 4 iters= 755
CONGRAD5: time = 5.351281e-02 (fn F) masses = 1 iters = 76 mflops = 3.884088e+03
 OK converged final_rsq= 9.8e-11 (cf 1e-10) rel = 1 (cf 0) restarts = 1 iters= 76
PBP: mass 1.000000e-02     6.353492e-02  4.823133e-02  -5.438112e-03  -5.433117e-03 ( 1 of 1 )
FACTION: mass = 1.000000e-02,  1.504196e+00 ( 1 of 1 )
RUNNING COMPLETED
average cg iters for step= 1.451250e+03
Time = 9.619117e+01 seconds
total_iters = 181038
Checksums f5dc514d a700d500
Saved gauge configuration in parallel to binary file lat_p64_size64_2
Time stamp Thu May 19 13:23:08 2022
Wrote info file lat_p64_size64_2.info
Time to save = 2.844000e-02
CHECK PLAQ: 1.459433e+00 1.458465e+00
CHECK NERSC LINKTR: 1.436480e-01 CKSUM: 409d2cae


get_i(0): EOF on input.
Elapsed total time: 107.384373
exit: Thu May 19 13:23:08 2022

