cpu-bind=MASK - ault02, task  7  7 [1045742]: mask 0x200000000200000 set
cpu-bind=MASK - ault02, task  1  1 [1045736]: mask 0x40000000040000 set
cpu-bind=MASK - ault02, task  2  2 [1045737]: mask 0x4000000004 set
cpu-bind=MASK - ault02, task  8  8 [1045743]: mask 0x20000000020 set
cpu-bind=MASK - ault02, task  0  0 [1045735]: mask 0x2000000002 set
cpu-bind=MASK - ault02, task  4  4 [1045739]: mask 0x8000000008 set
cpu-bind=MASK - ault02, task 14 14 [1045749]: mask 0x100000000100 set
cpu-bind=MASK - ault02, task 18 18 [1045753]: mask 0x400000000400 set
cpu-bind=MASK - ault02, task  3  3 [1045738]: mask 0x80000000080000 set
cpu-bind=MASK - ault02, task  5  5 [1045740]: mask 0x100000000100000 set
cpu-bind=MASK - ault02, task  6  6 [1045741]: mask 0x10000000010 set
cpu-bind=MASK - ault02, task 12 12 [1045747]: mask 0x80000000080 set
cpu-bind=MASK - ault02, task 16 16 [1045751]: mask 0x200000000200 set
cpu-bind=MASK - ault02, task 17 17 [1045752]: mask 0x4000000004000000 set
cpu-bind=MASK - ault02, task 21 21 [1045756]: mask 0x1000000001000 set
cpu-bind=MASK - ault02, task 23 23 [1045758]: mask 0x4000000004000 set
cpu-bind=MASK - ault02, task  9  9 [1045744]: mask 0x400000000400000 set
cpu-bind=MASK - ault02, task 10 10 [1045745]: mask 0x40000000040 set
cpu-bind=MASK - ault02, task 11 11 [1045746]: mask 0x800000000800000 set
cpu-bind=MASK - ault02, task 13 13 [1045748]: mask 0x1000000001000000 set
cpu-bind=MASK - ault02, task 15 15 [1045750]: mask 0x2000000002000000 set
cpu-bind=MASK - ault02, task 19 19 [1045754]: mask 0x8000000008000000 set
cpu-bind=MASK - ault02, task 22 22 [1045757]: mask 0x2000000002000 set
cpu-bind=MASK - ault02, task 24 24 [1045759]: mask 0x8000000008000 set
cpu-bind=MASK - ault02, task 25 25 [1045760]: mask 0x10000000010000 set
cpu-bind=MASK - ault02, task 26 26 [1045761]: mask 0x20000000020000 set
cpu-bind=MASK - ault02, task 20 20 [1045755]: mask 0x800000000800 set
Running problem size 25^3 per domain until completion
Num processors: 27
Num threads: 1
Total number of elements: 421875 

To run other sizes, use -s <integer>.
To run a fixed number of iterations, use -i <integer>.
To run a more or less balanced region set, use -b <integer>.
To change the relative costs of regions, use -c <integer>.
To print out progress, use -p
To write an output file for VisIt, use -v
See help (-h) for more options

Run completed:
   Problem size        =  25
   MPI tasks           =  27
   Iteration count     =  2588
   Final Origin Energy =  1.067042e+06
   Testing Plane 0 of Energy Array on rank 0:
        MaxAbsDiff   = 3.565219e-10
        TotalAbsDiff = 6.068149e-09
        MaxRelDiff   = 4.142565e-14

Elapsed time         = 184.2649975 (s)
Grind time (us/z/c)  =  4.5567851 (per dom)  (   184.265 overall)
FOM                  =    5925.23 (z/s)

