SU3 with improved KS action
Microcanonical simulation with refreshing
R algorithm
MIMD version 7.8.1
Machine = MPI (portable), with 32 nodes
Host(0) = nid00418
Username = mcopik
Options selected...
Generic single precision
C_GLOBAL_INLINE
DBLSTORE_FN
D_FN_GATHER13
FEWSUMS
KS_MULTIFF=FNMAT
VECLENGTH=4
type 0 for no prompts, 1 for prompts, or 2 for proofreading
nflavors1 2
nflavors2 1
nx 16
ny 16
nz 8
nt 36
iseed 5682304
LAYOUT = Hypercubes, options = hyper_prime,
automatic hyper_prime layout
ON EACH NODE 4 x 8 x 8 x 9
Mallocing 2.3 MBytes per node for lattice
WARNING!!: Resetting random seed
Made lattice
Made nn gathers
Made 3nn gathers
Finished setup


warms 0
trajecs 4
traj_between_meas 1
beta 5.6
mass1 0.125
mass2 0.125
u0 0.8441
microcanonical_time_step 0.2
steps_per_trajectory 5
max_cg_iterations 100
max_cg_restarts 5
error_per_site 0.125
error_for_propagator 0.125
npbp_reps 1
prec_pbp 1
fresh 
save_parallel lat_p64_size64_1
unit gauge configuration loaded
CHECK PLAQ: 3.000000e+00 3.000000e+00
CHECK NERSC LINKTR: 1.000000e+00 CKSUM: 0
Unitarity checked.  Max deviation 0.00e+00
Time to check unitarity = 8.749962e-04
"O(a^2): couplings(pi)=0, Naik term, No O(a^2) errors, tadpole weights"
path coefficients: npath  path_coeff  multiplicity
                    0      6.250000e-01     8
                    1      -5.847914e-02     8
                    2      -8.771871e-02     48
                    3      3.077829e-02     192
                    4      -7.199551e-03     384
                    5      -1.231132e-01     48
Symanzik 1x1 + 1x2 + 1x1x1 action
gauge_action: total_dyn_flavors = 3
loop coefficients: nloop rep loop_coeff  multiplicity
                    0 0      1.000000e+00     6
                    1 0      -7.762509e-02     12
                    2 0      -1.031171e-02     16
WARMUPS COMPLETED
CONGRAD5: time = 1.262593e-02 (fn F) masses = 1 iters = 4 mflops = 8.664225e+02
 OK converged final_rsq= 0.006 (cf 0.016) rel = 1 (cf 0) restarts = 1 iters= 4
CONGRAD5: time = 1.200414e-02 (fn F) masses = 1 iters = 4 mflops = 9.113018e+02
 OK converged final_rsq= 0.0059 (cf 0.016) rel = 1 (cf 0) restarts = 1 iters= 4
GFTIME:   time = 2.123239e-01 (Symanzik1) mflops = 1.660299e+03
FFTIME:  time = 6.683779e-01 (asqtad3) terms = 2 mflops = 1.495954e+03
CONGRAD5: time = 1.185203e-02 (fn F) masses = 1 iters = 4 mflops = 9.229976e+02
 OK converged final_rsq= 0.01 (cf 0.016) rel = 1 (cf 0) restarts = 1 iters= 4
CONGRAD5: time = 1.141500e-02 (fn F) masses = 1 iters = 4 mflops = 9.583344e+02
 OK converged final_rsq= 0.0098 (cf 0.016) rel = 1 (cf 0) restarts = 1 iters= 4
GFTIME:   time = 2.083290e-01 (Symanzik1) mflops = 1.692137e+03
FFTIME:  time = 6.136999e-01 (asqtad3) terms = 2 mflops = 1.629236e+03
CONGRAD5: time = 1.193309e-02 (fn F) masses = 1 iters = 4 mflops = 9.167277e+02
 OK converged final_rsq= 0.014 (cf 0.016) rel = 1 (cf 0) restarts = 1 iters= 4
CONGRAD5: time = 1.144481e-02 (fn F) masses = 1 iters = 4 mflops = 9.558389e+02
 OK converged final_rsq= 0.014 (cf 0.016) rel = 1 (cf 0) restarts = 1 iters= 4
GFTIME:   time = 1.976619e-01 (Symanzik1) mflops = 1.783456e+03
FFTIME:  time = 5.164340e-01 (asqtad3) terms = 2 mflops = 1.936089e+03
CONGRAD5: time = 9.603024e-03 (fn F) masses = 1 iters = 4 mflops = 1.139161e+03
 OK converged final_rsq= 0.013 (cf 0.016) rel = 1 (cf 0) restarts = 1 iters= 4
CONGRAD5: time = 8.774042e-03 (fn F) masses = 1 iters = 4 mflops = 1.246790e+03
 OK converged final_rsq= 0.013 (cf 0.016) rel = 1 (cf 0) restarts = 1 iters= 4
GFTIME:   time = 1.331620e-01 (Symanzik1) mflops = 2.647310e+03
FFTIME:  time = 4.741981e-01 (asqtad3) terms = 2 mflops = 2.108533e+03
CONGRAD5: time = 9.447098e-03 (fn F) masses = 1 iters = 4 mflops = 1.157963e+03
 OK converged final_rsq= 0.011 (cf 0.016) rel = 1 (cf 0) restarts = 1 iters= 4
CONGRAD5: time = 8.573055e-03 (fn F) masses = 1 iters = 4 mflops = 1.276020e+03
 OK converged final_rsq= 0.011 (cf 0.016) rel = 1 (cf 0) restarts = 1 iters= 4
GFTIME:   time = 1.325541e-01 (Symanzik1) mflops = 2.659453e+03
FFTIME:  time = 4.630840e-01 (asqtad3) terms = 2 mflops = 2.159138e+03
PLAQ:	2.348046	2.347861
P_LOOP:	-6.323030e-03	-1.925636e-02
G_LOOP:  0  0  4   	2.346897e+00	( 0 1 7 6  )
G_LOOP:  0  1  4   	2.347695e+00	( 0 2 7 5  )
G_LOOP:  0  2  4   	2.348610e+00	( 0 3 7 4  )
G_LOOP:  0  3  4   	2.349546e+00	( 1 2 6 5  )
G_LOOP:  0  4  4   	2.347450e+00	( 1 3 6 4  )
G_LOOP:  0  5  4   	2.347524e+00	( 2 3 5 4  )
G_LOOP:  1  0  6   	1.770886e+00	( 0 0 1 7 7 6  )
G_LOOP:  1  1  6   	1.772085e+00	( 0 0 2 7 7 5  )
G_LOOP:  1  2  6   	1.772683e+00	( 0 0 3 7 7 4  )
G_LOOP:  1  3  6   	1.772206e+00	( 1 1 0 6 6 7  )
G_LOOP:  1  4  6   	1.778615e+00	( 1 1 2 6 6 5  )
G_LOOP:  1  5  6   	1.772779e+00	( 1 1 3 6 6 4  )
G_LOOP:  1  6  6   	1.774422e+00	( 2 2 0 5 5 7  )
G_LOOP:  1  7  6   	1.776307e+00	( 2 2 1 5 5 6  )
G_LOOP:  1  8  6   	1.772614e+00	( 2 2 3 5 5 4  )
G_LOOP:  1  9  6   	1.773361e+00	( 3 3 0 4 4 7  )
G_LOOP:  1  10  6   	1.772005e+00	( 3 3 1 4 4 6  )
G_LOOP:  1  11  6   	1.772996e+00	( 3 3 2 4 4 5  )
G_LOOP:  2  0  6   	1.819044e+00	( 0 1 2 7 6 5  )
G_LOOP:  2  1  6   	1.821657e+00	( 0 1 5 7 6 2  )
G_LOOP:  2  2  6   	1.822819e+00	( 0 6 2 7 1 5  )
G_LOOP:  2  3  6   	1.821404e+00	( 0 6 5 7 1 2  )
G_LOOP:  2  4  6   	1.821922e+00	( 0 1 3 7 6 4  )
G_LOOP:  2  5  6   	1.817338e+00	( 0 1 4 7 6 3  )
G_LOOP:  2  6  6   	1.820607e+00	( 0 6 3 7 1 4  )
G_LOOP:  2  7  6   	1.823181e+00	( 0 6 4 7 1 3  )
G_LOOP:  2  8  6   	1.818823e+00	( 0 2 3 7 5 4  )
G_LOOP:  2  9  6   	1.819541e+00	( 0 2 4 7 5 3  )
G_LOOP:  2  10  6   	1.822350e+00	( 0 5 3 7 2 4  )
G_LOOP:  2  11  6   	1.817598e+00	( 0 5 4 7 2 3  )
G_LOOP:  2  12  6   	1.821659e+00	( 1 2 3 6 5 4  )
G_LOOP:  2  13  6   	1.824220e+00	( 1 2 4 6 5 3  )
G_LOOP:  2  14  6   	1.821604e+00	( 1 5 3 6 2 4  )
G_LOOP:  2  15  6   	1.824104e+00	( 1 5 4 6 2 3  )
GACTION: 2.575211e+00
CONGRAD5: time = 8.798122e-03 (fn F) masses = 1 iters = 4 mflops = 1.243378e+03
 OK converged final_rsq= 0.01 (cf 0.016) rel = 1 (cf 0) restarts = 1 iters= 4
CONGRAD5: time = 1.082993e-02 (fn F) masses = 1 iters = 6 mflops = 1.515162e+03
 OK converged final_rsq= 0.0087 (cf 0.016) rel = 1 (cf 0) restarts = 1 iters= 6
PBP: mass 1.250000e-01     6.839631e-02  1.024361e-01  -6.252925e-04  -1.562877e-03 ( 1 of 1 )
FACTION: mass = 1.250000e-01,  1.470003e+00 ( 1 of 1 )
CONGRAD5: time = 8.558035e-03 (fn F) masses = 1 iters = 4 mflops = 1.278260e+03
 OK converged final_rsq= 0.01 (cf 0.016) rel = 1 (cf 0) restarts = 1 iters= 4
CONGRAD5: time = 1.085997e-02 (fn F) masses = 1 iters = 6 mflops = 1.510970e+03
 OK converged final_rsq= 0.0087 (cf 0.016) rel = 1 (cf 0) restarts = 1 iters= 6
PBP: mass 1.250000e-01     7.042779e-02  1.006423e-01  -2.239626e-03  -2.553548e-03 ( 1 of 1 )
FACTION: mass = 1.250000e-01,  1.472298e+00 ( 1 of 1 )
CONGRAD5: time = 9.534121e-03 (fn F) masses = 1 iters = 4 mflops = 1.147394e+03
 OK converged final_rsq= 0.012 (cf 0.016) rel = 1 (cf 0) restarts = 1 iters= 4
CONGRAD5: time = 8.616209e-03 (fn F) masses = 1 iters = 4 mflops = 1.269629e+03
 OK converged final_rsq= 0.011 (cf 0.016) rel = 1 (cf 0) restarts = 1 iters= 4
GFTIME:   time = 1.328809e-01 (Symanzik1) mflops = 2.652911e+03
FFTIME:  time = 4.640951e-01 (asqtad3) terms = 2 mflops = 2.154434e+03
CONGRAD5: time = 1.071906e-02 (fn F) masses = 1 iters = 5 mflops = 1.275694e+03
 OK converged final_rsq= 0.0069 (cf 0.016) rel = 1 (cf 0) restarts = 1 iters= 5
CONGRAD5: time = 8.566856e-03 (fn F) masses = 1 iters = 4 mflops = 1.276944e+03
 OK converged final_rsq= 0.015 (cf 0.016) rel = 1 (cf 0) restarts = 1 iters= 4
GFTIME:   time = 1.330631e-01 (Symanzik1) mflops = 2.649279e+03
FFTIME:  time = 4.624801e-01 (asqtad3) terms = 2 mflops = 2.161958e+03
CONGRAD5: time = 1.069188e-02 (fn F) masses = 1 iters = 5 mflops = 1.278937e+03
 OK converged final_rsq= 0.0088 (cf 0.016) rel = 1 (cf 0) restarts = 1 iters= 5
CONGRAD5: time = 9.827137e-03 (fn F) masses = 1 iters = 5 mflops = 1.391477e+03
 OK converged final_rsq= 0.0084 (cf 0.016) rel = 1 (cf 0) restarts = 1 iters= 5
GFTIME:   time = 1.329620e-01 (Symanzik1) mflops = 2.651293e+03
FFTIME:  time = 4.631801e-01 (asqtad3) terms = 2 mflops = 2.158690e+03
CONGRAD5: time = 1.070595e-02 (fn F) masses = 1 iters = 5 mflops = 1.277256e+03
 OK converged final_rsq= 0.0085 (cf 0.016) rel = 1 (cf 0) restarts = 1 iters= 5
CONGRAD5: time = 9.863138e-03 (fn F) masses = 1 iters = 5 mflops = 1.386398e+03
 OK converged final_rsq= 0.0083 (cf 0.016) rel = 1 (cf 0) restarts = 1 iters= 5
GFTIME:   time = 1.327751e-01 (Symanzik1) mflops = 2.655026e+03
FFTIME:  time = 4.620850e-01 (asqtad3) terms = 2 mflops = 2.163806e+03
CONGRAD5: time = 1.072717e-02 (fn F) masses = 1 iters = 5 mflops = 1.274730e+03
 OK converged final_rsq= 0.0074 (cf 0.016) rel = 1 (cf 0) restarts = 1 iters= 5
CONGRAD5: time = 8.623123e-03 (fn F) masses = 1 iters = 4 mflops = 1.268611e+03
 OK converged final_rsq= 0.015 (cf 0.016) rel = 1 (cf 0) restarts = 1 iters= 4
GFTIME:   time = 1.329899e-01 (Symanzik1) mflops = 2.650737e+03
FFTIME:  time = 4.641469e-01 (asqtad3) terms = 2 mflops = 2.154194e+03
PLAQ:	2.013197	2.012697
P_LOOP:	-9.701261e-03	-3.360078e-02
G_LOOP:  0  0  4   	2.010792e+00	( 0 1 7 6  )
G_LOOP:  0  1  4   	2.013326e+00	( 0 2 7 5  )
G_LOOP:  0  2  4   	2.011958e+00	( 0 3 7 4  )
G_LOOP:  0  3  4   	2.015472e+00	( 1 2 6 5  )
G_LOOP:  0  4  4   	2.013512e+00	( 1 3 6 4  )
G_LOOP:  0  5  4   	2.012622e+00	( 2 3 5 4  )
G_LOOP:  1  0  6   	1.296020e+00	( 0 0 1 7 7 6  )
G_LOOP:  1  1  6   	1.302380e+00	( 0 0 2 7 7 5  )
G_LOOP:  1  2  6   	1.300113e+00	( 0 0 3 7 7 4  )
G_LOOP:  1  3  6   	1.297978e+00	( 1 1 0 6 6 7  )
G_LOOP:  1  4  6   	1.302920e+00	( 1 1 2 6 6 5  )
G_LOOP:  1  5  6   	1.301147e+00	( 1 1 3 6 6 4  )
G_LOOP:  1  6  6   	1.301421e+00	( 2 2 0 5 5 7  )
G_LOOP:  1  7  6   	1.302576e+00	( 2 2 1 5 5 6  )
G_LOOP:  1  8  6   	1.298934e+00	( 2 2 3 5 5 4  )
G_LOOP:  1  9  6   	1.299910e+00	( 3 3 0 4 4 7  )
G_LOOP:  1  10  6   	1.299603e+00	( 3 3 1 4 4 6  )
G_LOOP:  1  11  6   	1.299806e+00	( 3 3 2 4 4 5  )
G_LOOP:  2  0  6   	1.339921e+00	( 0 1 2 7 6 5  )
G_LOOP:  2  1  6   	1.347332e+00	( 0 1 5 7 6 2  )
G_LOOP:  2  2  6   	1.347822e+00	( 0 6 2 7 1 5  )
G_LOOP:  2  3  6   	1.345578e+00	( 0 6 5 7 1 2  )
G_LOOP:  2  4  6   	1.348037e+00	( 0 1 3 7 6 4  )
G_LOOP:  2  5  6   	1.342259e+00	( 0 1 4 7 6 3  )
G_LOOP:  2  6  6   	1.341849e+00	( 0 6 3 7 1 4  )
G_LOOP:  2  7  6   	1.343166e+00	( 0 6 4 7 1 3  )
G_LOOP:  2  8  6   	1.344500e+00	( 0 2 3 7 5 4  )
G_LOOP:  2  9  6   	1.342721e+00	( 0 2 4 7 5 3  )
G_LOOP:  2  10  6   	1.346118e+00	( 0 5 3 7 2 4  )
G_LOOP:  2  11  6   	1.343245e+00	( 0 5 4 7 2 3  )
G_LOOP:  2  12  6   	1.346085e+00	( 1 2 3 6 5 4  )
G_LOOP:  2  13  6   	1.347991e+00	( 1 2 4 6 5 3  )
G_LOOP:  2  14  6   	1.347405e+00	( 1 5 3 6 2 4  )
G_LOOP:  2  15  6   	1.344994e+00	( 1 5 4 6 2 3  )
GACTION: 4.065920e+00
CONGRAD5: time = 8.715868e-03 (fn F) masses = 1 iters = 4 mflops = 1.255112e+03
 OK converged final_rsq= 0.014 (cf 0.016) rel = 1 (cf 0) restarts = 1 iters= 4
CONGRAD5: time = 1.084495e-02 (fn F) masses = 1 iters = 6 mflops = 1.513063e+03
 OK converged final_rsq= 0.013 (cf 0.016) rel = 1 (cf 0) restarts = 1 iters= 6
PBP: mass 1.250000e-01     8.666703e-02  1.656794e-01  8.855824e-04  1.540118e-03 ( 1 of 1 )
FACTION: mass = 1.250000e-01,  1.448829e+00 ( 1 of 1 )
CONGRAD5: time = 8.444071e-03 (fn F) masses = 1 iters = 4 mflops = 1.295512e+03
 OK converged final_rsq= 0.014 (cf 0.016) rel = 1 (cf 0) restarts = 1 iters= 4
CONGRAD5: time = 1.079798e-02 (fn F) masses = 1 iters = 6 mflops = 1.519645e+03
 OK converged final_rsq= 0.013 (cf 0.016) rel = 1 (cf 0) restarts = 1 iters= 6
PBP: mass 1.250000e-01     8.854628e-02  1.707834e-01  -1.891601e-04  1.187543e-04 ( 1 of 1 )
FACTION: mass = 1.250000e-01,  1.441431e+00 ( 1 of 1 )
CONGRAD5: time = 1.074481e-02 (fn F) masses = 1 iters = 5 mflops = 1.272637e+03
 OK converged final_rsq= 0.0075 (cf 0.016) rel = 1 (cf 0) restarts = 1 iters= 5
CONGRAD5: time = 8.507013e-03 (fn F) masses = 1 iters = 4 mflops = 1.285926e+03
 OK converged final_rsq= 0.015 (cf 0.016) rel = 1 (cf 0) restarts = 1 iters= 4
GFTIME:   time = 1.327560e-01 (Symanzik1) mflops = 2.655407e+03
FFTIME:  time = 4.627950e-01 (asqtad3) terms = 2 mflops = 2.160486e+03
CONGRAD5: time = 1.076984e-02 (fn F) masses = 1 iters = 5 mflops = 1.269679e+03
 OK converged final_rsq= 0.0094 (cf 0.016) rel = 1 (cf 0) restarts = 1 iters= 5
CONGRAD5: time = 9.808064e-03 (fn F) masses = 1 iters = 5 mflops = 1.394183e+03
 OK converged final_rsq= 0.0087 (cf 0.016) rel = 1 (cf 0) restarts = 1 iters= 5
GFTIME:   time = 1.332929e-01 (Symanzik1) mflops = 2.644711e+03
FFTIME:  time = 4.627831e-01 (asqtad3) terms = 2 mflops = 2.160542e+03
CONGRAD5: time = 1.067996e-02 (fn F) masses = 1 iters = 5 mflops = 1.280364e+03
 OK converged final_rsq= 0.011 (cf 0.016) rel = 1 (cf 0) restarts = 1 iters= 5
CONGRAD5: time = 9.836912e-03 (fn F) masses = 1 iters = 5 mflops = 1.390095e+03
 OK converged final_rsq= 0.01 (cf 0.016) rel = 1 (cf 0) restarts = 1 iters= 5
GFTIME:   time = 1.327901e-01 (Symanzik1) mflops = 2.654725e+03
FFTIME:  time = 4.635000e-01 (asqtad3) terms = 2 mflops = 2.157200e+03
CONGRAD5: time = 1.077294e-02 (fn F) masses = 1 iters = 5 mflops = 1.269313e+03
 OK converged final_rsq= 0.011 (cf 0.016) rel = 1 (cf 0) restarts = 1 iters= 5
CONGRAD5: time = 9.890079e-03 (fn F) masses = 1 iters = 5 mflops = 1.382622e+03
 OK converged final_rsq= 0.01 (cf 0.016) rel = 1 (cf 0) restarts = 1 iters= 5
GFTIME:   time = 1.328189e-01 (Symanzik1) mflops = 2.654149e+03
FFTIME:  time = 4.644020e-01 (asqtad3) terms = 2 mflops = 2.153010e+03
CONGRAD5: time = 1.075101e-02 (fn F) masses = 1 iters = 5 mflops = 1.271903e+03
 OK converged final_rsq= 0.0099 (cf 0.016) rel = 1 (cf 0) restarts = 1 iters= 5
CONGRAD5: time = 9.820938e-03 (fn F) masses = 1 iters = 5 mflops = 1.392356e+03
 OK converged final_rsq= 0.0095 (cf 0.016) rel = 1 (cf 0) restarts = 1 iters= 5
GFTIME:   time = 1.325672e-01 (Symanzik1) mflops = 2.659189e+03
FFTIME:  time = 4.627600e-01 (asqtad3) terms = 2 mflops = 2.160650e+03
PLAQ:	1.791285	1.791269
P_LOOP:	-6.432483e-03	-5.703914e-03
G_LOOP:  0  0  4   	1.790148e+00	( 0 1 7 6  )
G_LOOP:  0  1  4   	1.791518e+00	( 0 2 7 5  )
G_LOOP:  0  2  4   	1.792043e+00	( 0 3 7 4  )
G_LOOP:  0  3  4   	1.792188e+00	( 1 2 6 5  )
G_LOOP:  0  4  4   	1.790762e+00	( 1 3 6 4  )
G_LOOP:  0  5  4   	1.791001e+00	( 2 3 5 4  )
G_LOOP:  1  0  6   	1.019748e+00	( 0 0 1 7 7 6  )
G_LOOP:  1  1  6   	1.025132e+00	( 0 0 2 7 7 5  )
G_LOOP:  1  2  6   	1.023343e+00	( 0 0 3 7 7 4  )
G_LOOP:  1  3  6   	1.020574e+00	( 1 1 0 6 6 7  )
G_LOOP:  1  4  6   	1.021528e+00	( 1 1 2 6 6 5  )
G_LOOP:  1  5  6   	1.025131e+00	( 1 1 3 6 6 4  )
G_LOOP:  1  6  6   	1.026650e+00	( 2 2 0 5 5 7  )
G_LOOP:  1  7  6   	1.018998e+00	( 2 2 1 5 5 6  )
G_LOOP:  1  8  6   	1.019490e+00	( 2 2 3 5 5 4  )
G_LOOP:  1  9  6   	1.025211e+00	( 3 3 0 4 4 7  )
G_LOOP:  1  10  6   	1.026625e+00	( 3 3 1 4 4 6  )
G_LOOP:  1  11  6   	1.022026e+00	( 3 3 2 4 4 5  )
G_LOOP:  2  0  6   	1.057034e+00	( 0 1 2 7 6 5  )
G_LOOP:  2  1  6   	1.059629e+00	( 0 1 5 7 6 2  )
G_LOOP:  2  2  6   	1.056571e+00	( 0 6 2 7 1 5  )
G_LOOP:  2  3  6   	1.053607e+00	( 0 6 5 7 1 2  )
G_LOOP:  2  4  6   	1.063099e+00	( 0 1 3 7 6 4  )
G_LOOP:  2  5  6   	1.054479e+00	( 0 1 4 7 6 3  )
G_LOOP:  2  6  6   	1.050944e+00	( 0 6 3 7 1 4  )
G_LOOP:  2  7  6   	1.056895e+00	( 0 6 4 7 1 3  )
G_LOOP:  2  8  6   	1.054540e+00	( 0 2 3 7 5 4  )
G_LOOP:  2  9  6   	1.059955e+00	( 0 2 4 7 5 3  )
G_LOOP:  2  10  6   	1.063218e+00	( 0 5 3 7 2 4  )
G_LOOP:  2  11  6   	1.057845e+00	( 0 5 4 7 2 3  )
G_LOOP:  2  12  6   	1.060030e+00	( 1 2 3 6 5 4  )
G_LOOP:  2  13  6   	1.055929e+00	( 1 2 4 6 5 3  )
G_LOOP:  2  14  6   	1.056636e+00	( 1 5 3 6 2 4  )
G_LOOP:  2  15  6   	1.057973e+00	( 1 5 4 6 2 3  )
GACTION: 5.090137e+00
CONGRAD5: time = 1.011992e-02 (fn F) masses = 1 iters = 5 mflops = 1.351221e+03
 OK converged final_rsq= 0.0085 (cf 0.016) rel = 1 (cf 0) restarts = 1 iters= 5
CONGRAD5: time = 1.085711e-02 (fn F) masses = 1 iters = 6 mflops = 1.511369e+03
 OK converged final_rsq= 0.015 (cf 0.016) rel = 1 (cf 0) restarts = 1 iters= 6
PBP: mass 1.250000e-01     1.097814e-01  3.050916e-01  6.159745e-04  1.073530e-03 ( 1 of 1 )
FACTION: mass = 1.250000e-01,  1.454408e+00 ( 1 of 1 )
CONGRAD5: time = 9.922028e-03 (fn F) masses = 1 iters = 5 mflops = 1.378170e+03
 OK converged final_rsq= 0.0085 (cf 0.016) rel = 1 (cf 0) restarts = 1 iters= 5
CONGRAD5: time = 1.080585e-02 (fn F) masses = 1 iters = 6 mflops = 1.518538e+03
 OK converged final_rsq= 0.015 (cf 0.016) rel = 1 (cf 0) restarts = 1 iters= 6
PBP: mass 1.250000e-01     1.050922e-01  3.076434e-01  3.700241e-03  3.379920e-03 ( 1 of 1 )
FACTION: mass = 1.250000e-01,  1.453909e+00 ( 1 of 1 )
CONGRAD5: time = 1.059389e-02 (fn F) masses = 1 iters = 5 mflops = 1.290767e+03
 OK converged final_rsq= 0.01 (cf 0.016) rel = 1 (cf 0) restarts = 1 iters= 5
CONGRAD5: time = 9.865999e-03 (fn F) masses = 1 iters = 5 mflops = 1.385996e+03
 OK converged final_rsq= 0.0097 (cf 0.016) rel = 1 (cf 0) restarts = 1 iters= 5
GFTIME:   time = 1.325579e-01 (Symanzik1) mflops = 2.659376e+03
FFTIME:  time = 4.644890e-01 (asqtad3) terms = 2 mflops = 2.152607e+03
CONGRAD5: time = 1.070404e-02 (fn F) masses = 1 iters = 5 mflops = 1.277484e+03
 OK converged final_rsq= 0.012 (cf 0.016) rel = 1 (cf 0) restarts = 1 iters= 5
CONGRAD5: time = 9.817839e-03 (fn F) masses = 1 iters = 5 mflops = 1.392795e+03
 OK converged final_rsq= 0.011 (cf 0.016) rel = 1 (cf 0) restarts = 1 iters= 5
GFTIME:   time = 1.329930e-01 (Symanzik1) mflops = 2.650675e+03
FFTIME:  time = 4.630690e-01 (asqtad3) terms = 2 mflops = 2.159208e+03
CONGRAD5: time = 1.065707e-02 (fn F) masses = 1 iters = 5 mflops = 1.283114e+03
 OK converged final_rsq= 0.012 (cf 0.016) rel = 1 (cf 0) restarts = 1 iters= 5
CONGRAD5: time = 9.897947e-03 (fn F) masses = 1 iters = 5 mflops = 1.381523e+03
 OK converged final_rsq= 0.012 (cf 0.016) rel = 1 (cf 0) restarts = 1 iters= 5
GFTIME:   time = 1.330049e-01 (Symanzik1) mflops = 2.650438e+03
FFTIME:  time = 4.637051e-01 (asqtad3) terms = 2 mflops = 2.156246e+03
CONGRAD5: time = 1.081300e-02 (fn F) masses = 1 iters = 5 mflops = 1.264611e+03
 OK converged final_rsq= 0.012 (cf 0.016) rel = 1 (cf 0) restarts = 1 iters= 5
CONGRAD5: time = 9.872198e-03 (fn F) masses = 1 iters = 5 mflops = 1.385126e+03
 OK converged final_rsq= 0.012 (cf 0.016) rel = 1 (cf 0) restarts = 1 iters= 5
GFTIME:   time = 1.327169e-01 (Symanzik1) mflops = 2.656189e+03
FFTIME:  time = 4.639590e-01 (asqtad3) terms = 2 mflops = 2.155066e+03
CONGRAD5: time = 1.059699e-02 (fn F) masses = 1 iters = 5 mflops = 1.290389e+03
 OK converged final_rsq= 0.012 (cf 0.016) rel = 1 (cf 0) restarts = 1 iters= 5
CONGRAD5: time = 9.870052e-03 (fn F) masses = 1 iters = 5 mflops = 1.385427e+03
 OK converged final_rsq= 0.011 (cf 0.016) rel = 1 (cf 0) restarts = 1 iters= 5
GFTIME:   time = 1.326551e-01 (Symanzik1) mflops = 2.657426e+03
FFTIME:  time = 4.629619e-01 (asqtad3) terms = 2 mflops = 2.159707e+03
PLAQ:	1.644329	1.645266
P_LOOP:	-6.709792e-03	2.457538e-02
G_LOOP:  0  0  4   	1.645259e+00	( 0 1 7 6  )
G_LOOP:  0  1  4   	1.644887e+00	( 0 2 7 5  )
G_LOOP:  0  2  4   	1.648300e+00	( 0 3 7 4  )
G_LOOP:  0  3  4   	1.642841e+00	( 1 2 6 5  )
G_LOOP:  0  4  4   	1.643302e+00	( 1 3 6 4  )
G_LOOP:  0  5  4   	1.644196e+00	( 2 3 5 4  )
G_LOOP:  1  0  6   	8.570332e-01	( 0 0 1 7 7 6  )
G_LOOP:  1  1  6   	8.564349e-01	( 0 0 2 7 7 5  )
G_LOOP:  1  2  6   	8.575904e-01	( 0 0 3 7 7 4  )
G_LOOP:  1  3  6   	8.546200e-01	( 1 1 0 6 6 7  )
G_LOOP:  1  4  6   	8.518105e-01	( 1 1 2 6 6 5  )
G_LOOP:  1  5  6   	8.528352e-01	( 1 1 3 6 6 4  )
G_LOOP:  1  6  6   	8.522190e-01	( 2 2 0 5 5 7  )
G_LOOP:  1  7  6   	8.538568e-01	( 2 2 1 5 5 6  )
G_LOOP:  1  8  6   	8.539536e-01	( 2 2 3 5 5 4  )
G_LOOP:  1  9  6   	8.538749e-01	( 3 3 0 4 4 7  )
G_LOOP:  1  10  6   	8.509052e-01	( 3 3 1 4 4 6  )
G_LOOP:  1  11  6   	8.542319e-01	( 3 3 2 4 4 5  )
G_LOOP:  2  0  6   	8.757616e-01	( 0 1 2 7 6 5  )
G_LOOP:  2  1  6   	8.783519e-01	( 0 1 5 7 6 2  )
G_LOOP:  2  2  6   	8.732871e-01	( 0 6 2 7 1 5  )
G_LOOP:  2  3  6   	8.757185e-01	( 0 6 5 7 1 2  )
G_LOOP:  2  4  6   	8.808826e-01	( 0 1 3 7 6 4  )
G_LOOP:  2  5  6   	8.805856e-01	( 0 1 4 7 6 3  )
G_LOOP:  2  6  6   	8.736942e-01	( 0 6 3 7 1 4  )
G_LOOP:  2  7  6   	8.766187e-01	( 0 6 4 7 1 3  )
G_LOOP:  2  8  6   	8.765765e-01	( 0 2 3 7 5 4  )
G_LOOP:  2  9  6   	8.804759e-01	( 0 2 4 7 5 3  )
G_LOOP:  2  10  6   	8.758448e-01	( 0 5 3 7 2 4  )
G_LOOP:  2  11  6   	8.745625e-01	( 0 5 4 7 2 3  )
G_LOOP:  2  12  6   	8.722904e-01	( 1 2 3 6 5 4  )
G_LOOP:  2  13  6   	8.801306e-01	( 1 2 4 6 5 3  )
G_LOOP:  2  14  6   	8.763059e-01	( 1 5 3 6 2 4  )
G_LOOP:  2  15  6   	8.742140e-01	( 1 5 4 6 2 3  )
GACTION: 5.781983e+00
CONGRAD5: time = 9.829998e-03 (fn F) masses = 1 iters = 5 mflops = 1.391073e+03
 OK converged final_rsq= 0.01 (cf 0.016) rel = 1 (cf 0) restarts = 1 iters= 5
CONGRAD5: time = 1.218796e-02 (fn F) masses = 1 iters = 7 mflops = 1.570725e+03
 OK converged final_rsq= 0.0082 (cf 0.016) rel = 1 (cf 0) restarts = 1 iters= 7
PBP: mass 1.250000e-01     1.244008e-01  3.278295e-01  1.524636e-03  4.785546e-05 ( 1 of 1 )
FACTION: mass = 1.250000e-01,  1.429116e+00 ( 1 of 1 )
CONGRAD5: time = 9.775877e-03 (fn F) masses = 1 iters = 5 mflops = 1.398774e+03
 OK converged final_rsq= 0.01 (cf 0.016) rel = 1 (cf 0) restarts = 1 iters= 5
CONGRAD5: time = 1.210618e-02 (fn F) masses = 1 iters = 7 mflops = 1.581336e+03
 OK converged final_rsq= 0.0083 (cf 0.016) rel = 1 (cf 0) restarts = 1 iters= 7
PBP: mass 1.250000e-01     1.240261e-01  3.300110e-01  -6.302996e-04  -4.874612e-04 ( 1 of 1 )
FACTION: mass = 1.250000e-01,  1.440693e+00 ( 1 of 1 )
RUNNING COMPLETED
average cg iters for step= 1.100000e+01
Time = 1.833222e+01 seconds
total_iters = 552
Checksums eb39cb37 375da3b2
Saved gauge configuration in parallel to binary file lat_p64_size64_1
Time stamp Fri May 13 19:54:40 2022
Wrote info file lat_p64_size64_1.info
Time to save = 7.670498e-02
CHECK PLAQ: 1.644329e+00 1.645266e+00
CHECK NERSC LINKTR: 1.712149e-01 CKSUM: b2397a8b


warms 0
trajecs 4
traj_between_meas 1
beta 5.6
mass1 0.01
mass2 0.01
u0 0.8441
microcanonical_time_step 0.02
steps_per_trajectory 15
max_cg_iterations 300
max_cg_restarts 5
error_per_site 1e-05
error_for_propagator 1e-05
npbp_reps 1
prec_pbp 1
reload_parallel lat_p64_size64_1
save_parallel lat_p64_size64_2
Restored binary gauge configuration in parallel from file lat_p64_size64_1
Time stamp Fri May 13 19:54:40 2022
Checksums eb39cb37 375da3b2 OK
Time to reload gauge configuration = 2.089310e-02
CHECK PLAQ: 1.644329e+00 1.645266e+00
CHECK NERSC LINKTR: 1.712149e-01 CKSUM: b2397a8b
Unitarity checked.  Max deviation 2.98e-07
Time to check unitarity = 4.599094e-04
"O(a^2): couplings(pi)=0, Naik term, No O(a^2) errors, tadpole weights"
path coefficients: npath  path_coeff  multiplicity
                    0      6.250000e-01     8
                    1      -5.847914e-02     8
                    2      -8.771871e-02     48
                    3      3.077829e-02     192
                    4      -7.199551e-03     384
                    5      -1.231132e-01     48
Symanzik 1x1 + 1x2 + 1x1x1 action
gauge_action: total_dyn_flavors = 3
loop coefficients: nloop rep loop_coeff  multiplicity
                    0 0      1.000000e+00     6
                    1 0      -7.762509e-02     12
                    2 0      -1.031171e-02     16
WARMUPS COMPLETED
CONGRAD5: time = 8.569112e-01 (fn F) masses = 1 iters = 602 mflops = 1.921294e+03
 OK converged final_rsq= 8.7e-11 (cf 1e-10) rel = 1 (cf 0) restarts = 3 iters= 602
CONGRAD5: time = 7.815471e-01 (fn F) masses = 1 iters = 602 mflops = 2.106563e+03
 OK converged final_rsq= 5.9e-11 (cf 1e-10) rel = 1 (cf 0) restarts = 3 iters= 602
GFTIME:   time = 1.329129e-01 (Symanzik1) mflops = 2.652273e+03
FFTIME:  time = 4.481332e-01 (asqtad3) terms = 2 mflops = 2.231172e+03
CONGRAD5: time = 9.003010e-01 (fn F) masses = 1 iters = 697 mflops = 2.117280e+03
 OK converged final_rsq= 1e-10 (cf 1e-10) rel = 1 (cf 0) restarts = 3 iters= 697
CONGRAD5: time = 8.405871e-01 (fn F) masses = 1 iters = 602 mflops = 1.958605e+03
 OK converged final_rsq= 8.1e-11 (cf 1e-10) rel = 1 (cf 0) restarts = 3 iters= 602
GFTIME:   time = 1.329720e-01 (Symanzik1) mflops = 2.651094e+03
FFTIME:  time = 4.451630e-01 (asqtad3) terms = 2 mflops = 2.246059e+03
CONGRAD5: time = 8.966069e-01 (fn F) masses = 1 iters = 696 mflops = 2.122953e+03
 OK converged final_rsq= 9.8e-11 (cf 1e-10) rel = 1 (cf 0) restarts = 3 iters= 696
CONGRAD5: time = 7.750101e-01 (fn F) masses = 1 iters = 602 mflops = 2.124332e+03
 OK converged final_rsq= 4.9e-11 (cf 1e-10) rel = 1 (cf 0) restarts = 3 iters= 602
GFTIME:   time = 1.325951e-01 (Symanzik1) mflops = 2.658630e+03
FFTIME:  time = 4.455340e-01 (asqtad3) terms = 2 mflops = 2.244189e+03
CONGRAD5: time = 9.487259e-01 (fn F) masses = 1 iters = 736 mflops = 2.121633e+03
 OK converged final_rsq= 5e-11 (cf 1e-10) rel = 1 (cf 0) restarts = 4 iters= 736
CONGRAD5: time = 7.745328e-01 (fn F) masses = 1 iters = 602 mflops = 2.125641e+03
 OK converged final_rsq= 6.1e-11 (cf 1e-10) rel = 1 (cf 0) restarts = 3 iters= 602
GFTIME:   time = 1.330390e-01 (Symanzik1) mflops = 2.649759e+03
FFTIME:  time = 4.453859e-01 (asqtad3) terms = 2 mflops = 2.244935e+03
CONGRAD5: time = 9.179399e-01 (fn F) masses = 1 iters = 712 mflops = 2.121285e+03
 OK converged final_rsq= 9.9e-11 (cf 1e-10) rel = 1 (cf 0) restarts = 3 iters= 712
CONGRAD5: time = 7.747009e-01 (fn F) masses = 1 iters = 602 mflops = 2.125180e+03
 OK converged final_rsq= 4.4e-11 (cf 1e-10) rel = 1 (cf 0) restarts = 3 iters= 602
GFTIME:   time = 1.328390e-01 (Symanzik1) mflops = 2.653749e+03
FFTIME:  time = 4.459150e-01 (asqtad3) terms = 2 mflops = 2.242271e+03
CONGRAD5: time = 9.311481e-01 (fn F) masses = 1 iters = 723 mflops = 2.123502e+03
 OK converged final_rsq= 9.9e-11 (cf 1e-10) rel = 1 (cf 0) restarts = 3 iters= 723
CONGRAD5: time = 8.924279e-01 (fn F) masses = 1 iters = 694 mflops = 2.126765e+03
 OK converged final_rsq= 9.9e-11 (cf 1e-10) rel = 1 (cf 0) restarts = 3 iters= 694
GFTIME:   time = 1.329660e-01 (Symanzik1) mflops = 2.651212e+03
FFTIME:  time = 4.441850e-01 (asqtad3) terms = 2 mflops = 2.251004e+03
CONGRAD5: time = 9.038792e-01 (fn F) masses = 1 iters = 702 mflops = 2.124026e+03
 OK converged final_rsq= 9.9e-11 (cf 1e-10) rel = 1 (cf 0) restarts = 3 iters= 702
CONGRAD5: time = 8.890419e-01 (fn F) masses = 1 iters = 691 mflops = 2.125637e+03
 OK converged final_rsq= 9.9e-11 (cf 1e-10) rel = 1 (cf 0) restarts = 3 iters= 691
GFTIME:   time = 1.330609e-01 (Symanzik1) mflops = 2.649322e+03
FFTIME:  time = 4.447448e-01 (asqtad3) terms = 2 mflops = 2.248171e+03
CONGRAD5: time = 9.631531e-01 (fn F) masses = 1 iters = 747 mflops = 2.121087e+03
 OK converged final_rsq= 5e-11 (cf 1e-10) rel = 1 (cf 0) restarts = 4 iters= 747
CONGRAD5: time = 8.974299e-01 (fn F) masses = 1 iters = 698 mflops = 2.127101e+03
 OK converged final_rsq= 9.9e-11 (cf 1e-10) rel = 1 (cf 0) restarts = 3 iters= 698
GFTIME:   time = 1.327541e-01 (Symanzik1) mflops = 2.655445e+03
FFTIME:  time = 4.455431e-01 (asqtad3) terms = 2 mflops = 2.244143e+03
CONGRAD5: time = 7.763901e-01 (fn F) masses = 1 iters = 602 mflops = 2.120556e+03
 OK converged final_rsq= 6.1e-11 (cf 1e-10) rel = 1 (cf 0) restarts = 3 iters= 602
CONGRAD5: time = 7.753229e-01 (fn F) masses = 1 iters = 602 mflops = 2.123475e+03
 OK converged final_rsq= 8.1e-11 (cf 1e-10) rel = 1 (cf 0) restarts = 3 iters= 602
GFTIME:   time = 1.326451e-01 (Symanzik1) mflops = 2.657627e+03
FFTIME:  time = 4.453740e-01 (asqtad3) terms = 2 mflops = 2.244995e+03
CONGRAD5: time = 9.435749e-01 (fn F) masses = 1 iters = 733 mflops = 2.124520e+03
 OK converged final_rsq= 1e-10 (cf 1e-10) rel = 1 (cf 0) restarts = 3 iters= 733
CONGRAD5: time = 8.849709e-01 (fn F) masses = 1 iters = 687 mflops = 2.123054e+03
 OK converged final_rsq= 5e-11 (cf 1e-10) rel = 1 (cf 0) restarts = 4 iters= 687
GFTIME:   time = 1.330051e-01 (Symanzik1) mflops = 2.650433e+03
FFTIME:  time = 4.454010e-01 (asqtad3) terms = 2 mflops = 2.244859e+03
CONGRAD5: time = 9.042010e-01 (fn F) masses = 1 iters = 702 mflops = 2.123270e+03
 OK converged final_rsq= 1e-10 (cf 1e-10) rel = 1 (cf 0) restarts = 3 iters= 702
CONGRAD5: time = 9.187739e-01 (fn F) masses = 1 iters = 714 mflops = 2.125312e+03
 OK converged final_rsq= 9.9e-11 (cf 1e-10) rel = 1 (cf 0) restarts = 3 iters= 714
GFTIME:   time = 1.332500e-01 (Symanzik1) mflops = 2.645563e+03
FFTIME:  time = 4.447620e-01 (asqtad3) terms = 2 mflops = 2.248084e+03
CONGRAD5: time = 9.496851e-01 (fn F) masses = 1 iters = 736 mflops = 2.119490e+03
 OK converged final_rsq= 5e-11 (cf 1e-10) rel = 1 (cf 0) restarts = 4 iters= 736
CONGRAD5: time = 8.890300e-01 (fn F) masses = 1 iters = 691 mflops = 2.125665e+03
 OK converged final_rsq= 1e-10 (cf 1e-10) rel = 1 (cf 0) restarts = 3 iters= 691
GFTIME:   time = 1.329780e-01 (Symanzik1) mflops = 2.650975e+03
FFTIME:  time = 4.455130e-01 (asqtad3) terms = 2 mflops = 2.244294e+03
CONGRAD5: time = 7.768121e-01 (fn F) masses = 1 iters = 602 mflops = 2.119404e+03
 OK converged final_rsq= 5.9e-11 (cf 1e-10) rel = 1 (cf 0) restarts = 3 iters= 602
CONGRAD5: time = 9.055910e-01 (fn F) masses = 1 iters = 704 mflops = 2.126051e+03
 OK converged final_rsq= 9.9e-11 (cf 1e-10) rel = 1 (cf 0) restarts = 3 iters= 704
GFTIME:   time = 1.330850e-01 (Symanzik1) mflops = 2.648842e+03
FFTIME:  time = 4.448800e-01 (asqtad3) terms = 2 mflops = 2.247488e+03
CONGRAD5: time = 9.295371e-01 (fn F) masses = 1 iters = 722 mflops = 2.124240e+03
 OK converged final_rsq= 1e-10 (cf 1e-10) rel = 1 (cf 0) restarts = 3 iters= 722
CONGRAD5: time = 9.181519e-01 (fn F) masses = 1 iters = 714 mflops = 2.126752e+03
 OK converged final_rsq= 9.9e-11 (cf 1e-10) rel = 1 (cf 0) restarts = 3 iters= 714
GFTIME:   time = 1.328740e-01 (Symanzik1) mflops = 2.653049e+03
FFTIME:  time = 4.454000e-01 (asqtad3) terms = 2 mflops = 2.244864e+03
CONGRAD5: time = 9.461091e-01 (fn F) masses = 1 iters = 734 mflops = 2.121720e+03
 OK converged final_rsq= 5e-11 (cf 1e-10) rel = 1 (cf 0) restarts = 4 iters= 734
CONGRAD5: time = 9.426351e-01 (fn F) masses = 1 iters = 730 mflops = 2.117934e+03
 OK converged final_rsq= 5e-11 (cf 1e-10) rel = 1 (cf 0) restarts = 4 iters= 730
GFTIME:   time = 1.329091e-01 (Symanzik1) mflops = 2.652349e+03
FFTIME:  time = 4.451239e-01 (asqtad3) terms = 2 mflops = 2.246256e+03
PLAQ:	1.539774	1.537947
P_LOOP:	2.137525e-02	-1.868548e-03
G_LOOP:  0  0  4   	1.540746e+00	( 0 1 7 6  )
G_LOOP:  0  1  4   	1.540140e+00	( 0 2 7 5  )
G_LOOP:  0  2  4   	1.541719e+00	( 0 3 7 4  )
G_LOOP:  0  3  4   	1.538434e+00	( 1 2 6 5  )
G_LOOP:  0  4  4   	1.537550e+00	( 1 3 6 4  )
G_LOOP:  0  5  4   	1.534573e+00	( 2 3 5 4  )
G_LOOP:  1  0  6   	7.790819e-01	( 0 0 1 7 7 6  )
G_LOOP:  1  1  6   	7.799391e-01	( 0 0 2 7 7 5  )
G_LOOP:  1  2  6   	7.791043e-01	( 0 0 3 7 7 4  )
G_LOOP:  1  3  6   	7.764447e-01	( 1 1 0 6 6 7  )
G_LOOP:  1  4  6   	7.782270e-01	( 1 1 2 6 6 5  )
G_LOOP:  1  5  6   	7.747586e-01	( 1 1 3 6 6 4  )
G_LOOP:  1  6  6   	7.836418e-01	( 2 2 0 5 5 7  )
G_LOOP:  1  7  6   	7.799032e-01	( 2 2 1 5 5 6  )
G_LOOP:  1  8  6   	7.734723e-01	( 2 2 3 5 5 4  )
G_LOOP:  1  9  6   	7.777085e-01	( 3 3 0 4 4 7  )
G_LOOP:  1  10  6   	7.756252e-01	( 3 3 1 4 4 6  )
G_LOOP:  1  11  6   	7.764703e-01	( 3 3 2 4 4 5  )
G_LOOP:  2  0  6   	7.994985e-01	( 0 1 2 7 6 5  )
G_LOOP:  2  1  6   	7.979915e-01	( 0 1 5 7 6 2  )
G_LOOP:  2  2  6   	7.953705e-01	( 0 6 2 7 1 5  )
G_LOOP:  2  3  6   	8.003053e-01	( 0 6 5 7 1 2  )
G_LOOP:  2  4  6   	8.009586e-01	( 0 1 3 7 6 4  )
G_LOOP:  2  5  6   	7.984360e-01	( 0 1 4 7 6 3  )
G_LOOP:  2  6  6   	7.979490e-01	( 0 6 3 7 1 4  )
G_LOOP:  2  7  6   	7.995333e-01	( 0 6 4 7 1 3  )
G_LOOP:  2  8  6   	7.957329e-01	( 0 2 3 7 5 4  )
G_LOOP:  2  9  6   	7.977878e-01	( 0 2 4 7 5 3  )
G_LOOP:  2  10  6   	7.963617e-01	( 0 5 3 7 2 4  )
G_LOOP:  2  11  6   	7.972991e-01	( 0 5 4 7 2 3  )
G_LOOP:  2  12  6   	7.945366e-01	( 1 2 3 6 5 4  )
G_LOOP:  2  13  6   	8.011747e-01	( 1 2 4 6 5 3  )
G_LOOP:  2  14  6   	7.986753e-01	( 1 5 3 6 2 4  )
G_LOOP:  2  15  6   	7.990682e-01	( 1 5 4 6 2 3  )
GACTION: 6.333642e+00
CONGRAD5: time = 9.156780e-01 (fn F) masses = 1 iters = 710 mflops = 2.120551e+03
 OK converged final_rsq= 9.9e-11 (cf 1e-10) rel = 1 (cf 0) restarts = 3 iters= 710
CONGRAD5: time = 1.043270e-01 (fn F) masses = 1 iters = 79 mflops = 2.070922e+03
 OK converged final_rsq= 9.7e-11 (cf 1e-10) rel = 1 (cf 0) restarts = 1 iters= 79
PBP: mass 1.000000e-02     5.439549e-02  3.149370e-02  7.460282e-03  7.456457e-03 ( 1 of 1 )
FACTION: mass = 1.000000e-02,  1.500299e+00 ( 1 of 1 )
CONGRAD5: time = 9.043310e-01 (fn F) masses = 1 iters = 701 mflops = 2.119941e+03
 OK converged final_rsq= 5e-11 (cf 1e-10) rel = 1 (cf 0) restarts = 4 iters= 701
CONGRAD5: time = 9.671903e-02 (fn F) masses = 1 iters = 73 mflops = 2.064164e+03
 OK converged final_rsq= 9.9e-11 (cf 1e-10) rel = 1 (cf 0) restarts = 1 iters= 73
PBP: mass 1.000000e-02     5.045901e-02  4.403169e-02  -3.122000e-03  -3.124954e-03 ( 1 of 1 )
FACTION: mass = 1.000000e-02,  1.498603e+00 ( 1 of 1 )
CONGRAD5: time = 9.330900e-01 (fn F) masses = 1 iters = 724 mflops = 2.122014e+03
 OK converged final_rsq= 9.8e-11 (cf 1e-10) rel = 1 (cf 0) restarts = 3 iters= 724
CONGRAD5: time = 8.810699e-01 (fn F) masses = 1 iters = 685 mflops = 2.126245e+03
 OK converged final_rsq= 9.8e-11 (cf 1e-10) rel = 1 (cf 0) restarts = 3 iters= 685
GFTIME:   time = 1.329241e-01 (Symanzik1) mflops = 2.652049e+03
FFTIME:  time = 4.453468e-01 (asqtad3) terms = 2 mflops = 2.245132e+03
CONGRAD5: time = 9.614320e-01 (fn F) masses = 1 iters = 746 mflops = 2.122039e+03
 OK converged final_rsq= 5e-11 (cf 1e-10) rel = 1 (cf 0) restarts = 4 iters= 746
CONGRAD5: time = 7.751832e-01 (fn F) masses = 1 iters = 602 mflops = 2.123857e+03
 OK converged final_rsq= 7.6e-11 (cf 1e-10) rel = 1 (cf 0) restarts = 3 iters= 602
GFTIME:   time = 1.326740e-01 (Symanzik1) mflops = 2.657049e+03
FFTIME:  time = 4.449759e-01 (asqtad3) terms = 2 mflops = 2.247003e+03
CONGRAD5: time = 9.396610e-01 (fn F) masses = 1 iters = 729 mflops = 2.121727e+03
 OK converged final_rsq= 5e-11 (cf 1e-10) rel = 1 (cf 0) restarts = 4 iters= 729
CONGRAD5: time = 9.152520e-01 (fn F) masses = 1 iters = 711 mflops = 2.124526e+03
 OK converged final_rsq= 5e-11 (cf 1e-10) rel = 1 (cf 0) restarts = 4 iters= 711
GFTIME:   time = 1.327510e-01 (Symanzik1) mflops = 2.655507e+03
FFTIME:  time = 4.449511e-01 (asqtad3) terms = 2 mflops = 2.247129e+03
CONGRAD5: time = 9.011719e-01 (fn F) masses = 1 iters = 699 mflops = 2.121303e+03
 OK converged final_rsq= 5e-11 (cf 1e-10) rel = 1 (cf 0) restarts = 4 iters= 699
CONGRAD5: time = 9.242220e-01 (fn F) masses = 1 iters = 719 mflops = 2.127579e+03
 OK converged final_rsq= 1e-10 (cf 1e-10) rel = 1 (cf 0) restarts = 3 iters= 719
GFTIME:   time = 1.331170e-01 (Symanzik1) mflops = 2.648207e+03
FFTIME:  time = 4.457562e-01 (asqtad3) terms = 2 mflops = 2.243070e+03
CONGRAD5: time = 9.406469e-01 (fn F) masses = 1 iters = 731 mflops = 2.125318e+03
 OK converged final_rsq= 1e-10 (cf 1e-10) rel = 1 (cf 0) restarts = 3 iters= 731
CONGRAD5: time = 8.789079e-01 (fn F) masses = 1 iters = 683 mflops = 2.125252e+03
 OK converged final_rsq= 5e-11 (cf 1e-10) rel = 1 (cf 0) restarts = 4 iters= 683
GFTIME:   time = 1.326330e-01 (Symanzik1) mflops = 2.657870e+03
FFTIME:  time = 4.445860e-01 (asqtad3) terms = 2 mflops = 2.248974e+03
CONGRAD5: time = 9.926481e-01 (fn F) masses = 1 iters = 771 mflops = 2.124185e+03
 OK converged final_rsq= 5e-11 (cf 1e-10) rel = 1 (cf 0) restarts = 4 iters= 771
CONGRAD5: time = 9.153771e-01 (fn F) masses = 1 iters = 712 mflops = 2.127224e+03
 OK converged final_rsq= 1e-10 (cf 1e-10) rel = 1 (cf 0) restarts = 3 iters= 712
GFTIME:   time = 1.331220e-01 (Symanzik1) mflops = 2.648107e+03
FFTIME:  time = 4.456191e-01 (asqtad3) terms = 2 mflops = 2.243760e+03
CONGRAD5: time = 9.201992e-01 (fn F) masses = 1 iters = 714 mflops = 2.122020e+03
 OK converged final_rsq= 5e-11 (cf 1e-10) rel = 1 (cf 0) restarts = 4 iters= 714
CONGRAD5: time = 7.745960e-01 (fn F) masses = 1 iters = 602 mflops = 2.125467e+03
 OK converged final_rsq= 7.4e-11 (cf 1e-10) rel = 1 (cf 0) restarts = 3 iters= 602
GFTIME:   time = 1.326220e-01 (Symanzik1) mflops = 2.658090e+03
FFTIME:  time = 4.451761e-01 (asqtad3) terms = 2 mflops = 2.245993e+03
CONGRAD5: time = 9.461730e-01 (fn F) masses = 1 iters = 735 mflops = 2.124467e+03
 OK converged final_rsq= 9.8e-11 (cf 1e-10) rel = 1 (cf 0) restarts = 3 iters= 735
CONGRAD5: time = 9.092638e-01 (fn F) masses = 1 iters = 706 mflops = 2.123479e+03
 OK converged final_rsq= 5e-11 (cf 1e-10) rel = 1 (cf 0) restarts = 4 iters= 706
GFTIME:   time = 1.328781e-01 (Symanzik1) mflops = 2.652968e+03
FFTIME:  time = 4.444201e-01 (asqtad3) terms = 2 mflops = 2.249813e+03
CONGRAD5: time = 9.288609e-01 (fn F) masses = 1 iters = 721 mflops = 2.122843e+03
 OK converged final_rsq= 5e-11 (cf 1e-10) rel = 1 (cf 0) restarts = 4 iters= 721
CONGRAD5: time = 9.605870e-01 (fn F) masses = 1 iters = 747 mflops = 2.126753e+03
 OK converged final_rsq= 5e-11 (cf 1e-10) rel = 1 (cf 0) restarts = 4 iters= 747
GFTIME:   time = 1.327369e-01 (Symanzik1) mflops = 2.655789e+03
FFTIME:  time = 4.445231e-01 (asqtad3) terms = 2 mflops = 2.249292e+03
CONGRAD5: time = 9.522591e-01 (fn F) masses = 1 iters = 739 mflops = 2.122377e+03
 OK converged final_rsq= 5e-11 (cf 1e-10) rel = 1 (cf 0) restarts = 4 iters= 739
CONGRAD5: time = 8.844810e-01 (fn F) masses = 1 iters = 688 mflops = 2.127322e+03
 OK converged final_rsq= 9.9e-11 (cf 1e-10) rel = 1 (cf 0) restarts = 3 iters= 688
GFTIME:   time = 1.330340e-01 (Symanzik1) mflops = 2.649858e+03
FFTIME:  time = 4.441102e-01 (asqtad3) terms = 2 mflops = 2.251383e+03
CONGRAD5: time = 9.591758e-01 (fn F) masses = 1 iters = 745 mflops = 2.124180e+03
 OK converged final_rsq= 5e-11 (cf 1e-10) rel = 1 (cf 0) restarts = 4 iters= 745
CONGRAD5: time = 9.209442e-01 (fn F) masses = 1 iters = 716 mflops = 2.126243e+03
 OK converged final_rsq= 1e-10 (cf 1e-10) rel = 1 (cf 0) restarts = 3 iters= 716
GFTIME:   time = 1.328301e-01 (Symanzik1) mflops = 2.653925e+03
FFTIME:  time = 4.444029e-01 (asqtad3) terms = 2 mflops = 2.249900e+03
CONGRAD5: time = 9.938838e-01 (fn F) masses = 1 iters = 772 mflops = 2.124295e+03
 OK converged final_rsq= 5e-11 (cf 1e-10) rel = 1 (cf 0) restarts = 4 iters= 772
CONGRAD5: time = 9.451041e-01 (fn F) masses = 1 iters = 733 mflops = 2.121082e+03
 OK converged final_rsq= 5e-11 (cf 1e-10) rel = 1 (cf 0) restarts = 4 iters= 733
GFTIME:   time = 1.330750e-01 (Symanzik1) mflops = 2.649042e+03
FFTIME:  time = 4.450779e-01 (asqtad3) terms = 2 mflops = 2.246488e+03
CONGRAD5: time = 9.291110e-01 (fn F) masses = 1 iters = 721 mflops = 2.122271e+03
 OK converged final_rsq= 5e-11 (cf 1e-10) rel = 1 (cf 0) restarts = 4 iters= 721
CONGRAD5: time = 9.321260e-01 (fn F) masses = 1 iters = 724 mflops = 2.124208e+03
 OK converged final_rsq= 5e-11 (cf 1e-10) rel = 1 (cf 0) restarts = 4 iters= 724
GFTIME:   time = 1.330550e-01 (Symanzik1) mflops = 2.649440e+03
FFTIME:  time = 4.446192e-01 (asqtad3) terms = 2 mflops = 2.248806e+03
CONGRAD5: time = 9.767990e-01 (fn F) masses = 1 iters = 759 mflops = 2.125053e+03
 OK converged final_rsq= 5e-11 (cf 1e-10) rel = 1 (cf 0) restarts = 4 iters= 759
CONGRAD5: time = 9.337170e-01 (fn F) masses = 1 iters = 727 mflops = 2.129376e+03
 OK converged final_rsq= 1e-10 (cf 1e-10) rel = 1 (cf 0) restarts = 3 iters= 727
GFTIME:   time = 1.329060e-01 (Symanzik1) mflops = 2.652411e+03
FFTIME:  time = 4.457049e-01 (asqtad3) terms = 2 mflops = 2.243328e+03
CONGRAD5: time = 9.719608e-01 (fn F) masses = 1 iters = 754 mflops = 2.121562e+03
 OK converged final_rsq= 4.9e-11 (cf 1e-10) rel = 1 (cf 0) restarts = 4 iters= 754
CONGRAD5: time = 7.756240e-01 (fn F) masses = 1 iters = 602 mflops = 2.122650e+03
 OK converged final_rsq= 9.2e-11 (cf 1e-10) rel = 1 (cf 0) restarts = 3 iters= 602
GFTIME:   time = 1.331680e-01 (Symanzik1) mflops = 2.647192e+03
FFTIME:  time = 4.459260e-01 (asqtad3) terms = 2 mflops = 2.242216e+03
PLAQ:	1.497626	1.498130
P_LOOP:	1.991909e-02	-1.379642e-02
G_LOOP:  0  0  4   	1.497047e+00	( 0 1 7 6  )
G_LOOP:  0  1  4   	1.498616e+00	( 0 2 7 5  )
G_LOOP:  0  2  4   	1.498145e+00	( 0 3 7 4  )
G_LOOP:  0  3  4   	1.497214e+00	( 1 2 6 5  )
G_LOOP:  0  4  4   	1.496954e+00	( 1 3 6 4  )
G_LOOP:  0  5  4   	1.499291e+00	( 2 3 5 4  )
G_LOOP:  1  0  6   	7.398073e-01	( 0 0 1 7 7 6  )
G_LOOP:  1  1  6   	7.422374e-01	( 0 0 2 7 7 5  )
G_LOOP:  1  2  6   	7.394495e-01	( 0 0 3 7 7 4  )
G_LOOP:  1  3  6   	7.382840e-01	( 1 1 0 6 6 7  )
G_LOOP:  1  4  6   	7.365532e-01	( 1 1 2 6 6 5  )
G_LOOP:  1  5  6   	7.371902e-01	( 1 1 3 6 6 4  )
G_LOOP:  1  6  6   	7.456752e-01	( 2 2 0 5 5 7  )
G_LOOP:  1  7  6   	7.428936e-01	( 2 2 1 5 5 6  )
G_LOOP:  1  8  6   	7.390187e-01	( 2 2 3 5 5 4  )
G_LOOP:  1  9  6   	7.398111e-01	( 3 3 0 4 4 7  )
G_LOOP:  1  10  6   	7.389642e-01	( 3 3 1 4 4 6  )
G_LOOP:  1  11  6   	7.400356e-01	( 3 3 2 4 4 5  )
G_LOOP:  2  0  6   	7.607733e-01	( 0 1 2 7 6 5  )
G_LOOP:  2  1  6   	7.581736e-01	( 0 1 5 7 6 2  )
G_LOOP:  2  2  6   	7.537819e-01	( 0 6 2 7 1 5  )
G_LOOP:  2  3  6   	7.623529e-01	( 0 6 5 7 1 2  )
G_LOOP:  2  4  6   	7.597389e-01	( 0 1 3 7 6 4  )
G_LOOP:  2  5  6   	7.537096e-01	( 0 1 4 7 6 3  )
G_LOOP:  2  6  6   	7.572606e-01	( 0 6 3 7 1 4  )
G_LOOP:  2  7  6   	7.594713e-01	( 0 6 4 7 1 3  )
G_LOOP:  2  8  6   	7.558015e-01	( 0 2 3 7 5 4  )
G_LOOP:  2  9  6   	7.618569e-01	( 0 2 4 7 5 3  )
G_LOOP:  2  10  6   	7.589309e-01	( 0 5 3 7 2 4  )
G_LOOP:  2  11  6   	7.602545e-01	( 0 5 4 7 2 3  )
G_LOOP:  2  12  6   	7.595571e-01	( 1 2 3 6 5 4  )
G_LOOP:  2  13  6   	7.632494e-01	( 1 2 4 6 5 3  )
G_LOOP:  2  14  6   	7.579410e-01	( 1 5 3 6 2 4  )
G_LOOP:  2  15  6   	7.601606e-01	( 1 5 4 6 2 3  )
GACTION: 6.537787e+00
CONGRAD5: time = 7.768199e-01 (fn F) masses = 1 iters = 602 mflops = 2.119382e+03
 OK converged final_rsq= 1e-10 (cf 1e-10) rel = 1 (cf 0) restarts = 3 iters= 602
CONGRAD5: time = 1.745830e-01 (fn F) masses = 1 iters = 133 mflops = 2.083450e+03
 OK converged final_rsq= 5e-11 (cf 1e-10) rel = 1 (cf 0) restarts = 2 iters= 133
PBP: mass 1.000000e-02     4.180596e-02  5.650046e-02  6.282065e-03  6.257703e-03 ( 1 of 1 )
FACTION: mass = 1.000000e-02,  1.499623e+00 ( 1 of 1 )
CONGRAD5: time = 9.150829e-01 (fn F) masses = 1 iters = 709 mflops = 2.118942e+03
 OK converged final_rsq= 5e-11 (cf 1e-10) rel = 1 (cf 0) restarts = 4 iters= 709
CONGRAD5: time = 9.927201e-02 (fn F) masses = 1 iters = 75 mflops = 2.066178e+03
 OK converged final_rsq= 1e-10 (cf 1e-10) rel = 1 (cf 0) restarts = 1 iters= 75
PBP: mass 1.000000e-02     4.935784e-02  4.621076e-02  -8.936203e-03  -8.936002e-03 ( 1 of 1 )
FACTION: mass = 1.000000e-02,  1.495237e+00 ( 1 of 1 )
CONGRAD5: time = 9.764321e-01 (fn F) masses = 1 iters = 758 mflops = 2.123051e+03
 OK converged final_rsq= 5e-11 (cf 1e-10) rel = 1 (cf 0) restarts = 4 iters= 758
CONGRAD5: time = 9.452291e-01 (fn F) masses = 1 iters = 735 mflops = 2.126589e+03
 OK converged final_rsq= 1e-10 (cf 1e-10) rel = 1 (cf 0) restarts = 3 iters= 735
GFTIME:   time = 1.328449e-01 (Symanzik1) mflops = 2.653630e+03
FFTIME:  time = 4.454081e-01 (asqtad3) terms = 2 mflops = 2.244823e+03
CONGRAD5: time = 9.769030e-01 (fn F) masses = 1 iters = 759 mflops = 2.124827e+03
 OK converged final_rsq= 9.9e-11 (cf 1e-10) rel = 1 (cf 0) restarts = 3 iters= 759
CONGRAD5: time = 8.909321e-01 (fn F) masses = 1 iters = 693 mflops = 2.127266e+03
 OK converged final_rsq= 9.9e-11 (cf 1e-10) rel = 1 (cf 0) restarts = 3 iters= 693
GFTIME:   time = 1.329119e-01 (Symanzik1) mflops = 2.652292e+03
FFTIME:  time = 4.464970e-01 (asqtad3) terms = 2 mflops = 2.239348e+03
CONGRAD5: time = 1.000222e+00 (fn F) masses = 1 iters = 777 mflops = 2.124505e+03
 OK converged final_rsq= 1e-10 (cf 1e-10) rel = 1 (cf 0) restarts = 3 iters= 777
CONGRAD5: time = 9.198329e-01 (fn F) masses = 1 iters = 715 mflops = 2.125839e+03
 OK converged final_rsq= 1e-10 (cf 1e-10) rel = 1 (cf 0) restarts = 3 iters= 715
GFTIME:   time = 1.329820e-01 (Symanzik1) mflops = 2.650894e+03
FFTIME:  time = 4.460001e-01 (asqtad3) terms = 2 mflops = 2.241843e+03
CONGRAD5: time = 9.731691e-01 (fn F) masses = 1 iters = 755 mflops = 2.121738e+03
 OK converged final_rsq= 4.9e-11 (cf 1e-10) rel = 1 (cf 0) restarts = 4 iters= 755
CONGRAD5: time = 9.114139e-01 (fn F) masses = 1 iters = 709 mflops = 2.127472e+03
 OK converged final_rsq= 9.9e-11 (cf 1e-10) rel = 1 (cf 0) restarts = 3 iters= 709
GFTIME:   time = 1.332729e-01 (Symanzik1) mflops = 2.645108e+03
FFTIME:  time = 4.450059e-01 (asqtad3) terms = 2 mflops = 2.246852e+03
CONGRAD5: time = 9.906609e-01 (fn F) masses = 1 iters = 769 mflops = 2.122924e+03
 OK converged final_rsq= 5e-11 (cf 1e-10) rel = 1 (cf 0) restarts = 4 iters= 769
CONGRAD5: time = 9.475570e-01 (fn F) masses = 1 iters = 737 mflops = 2.127136e+03
 OK converged final_rsq= 1e-10 (cf 1e-10) rel = 1 (cf 0) restarts = 3 iters= 737
GFTIME:   time = 1.329899e-01 (Symanzik1) mflops = 2.650737e+03
FFTIME:  time = 4.453490e-01 (asqtad3) terms = 2 mflops = 2.245121e+03
CONGRAD5: time = 9.639280e-01 (fn F) masses = 1 iters = 749 mflops = 2.125056e+03
 OK converged final_rsq= 1e-10 (cf 1e-10) rel = 1 (cf 0) restarts = 3 iters= 749
CONGRAD5: time = 9.680600e-01 (fn F) masses = 1 iters = 752 mflops = 2.124461e+03
 OK converged final_rsq= 5e-11 (cf 1e-10) rel = 1 (cf 0) restarts = 4 iters= 752
GFTIME:   time = 1.327002e-01 (Symanzik1) mflops = 2.656524e+03
FFTIME:  time = 4.455030e-01 (asqtad3) terms = 2 mflops = 2.244345e+03
CONGRAD5: time = 9.800489e-01 (fn F) masses = 1 iters = 761 mflops = 2.123587e+03
 OK converged final_rsq= 5e-11 (cf 1e-10) rel = 1 (cf 0) restarts = 4 iters= 761
CONGRAD5: time = 9.393151e-01 (fn F) masses = 1 iters = 731 mflops = 2.128332e+03
 OK converged final_rsq= 1e-10 (cf 1e-10) rel = 1 (cf 0) restarts = 3 iters= 731
GFTIME:   time = 1.328359e-01 (Symanzik1) mflops = 2.653811e+03
FFTIME:  time = 4.453349e-01 (asqtad3) terms = 2 mflops = 2.245192e+03
CONGRAD5: time = 9.660568e-01 (fn F) masses = 1 iters = 750 mflops = 2.123204e+03
 OK converged final_rsq= 4.9e-11 (cf 1e-10) rel = 1 (cf 0) restarts = 4 iters= 750
CONGRAD5: time = 9.454041e-01 (fn F) masses = 1 iters = 735 mflops = 2.126195e+03
 OK converged final_rsq= 5e-11 (cf 1e-10) rel = 1 (cf 0) restarts = 4 iters= 735
GFTIME:   time = 1.331141e-01 (Symanzik1) mflops = 2.648264e+03
FFTIME:  time = 4.455061e-01 (asqtad3) terms = 2 mflops = 2.244329e+03
CONGRAD5: time = 1.006934e+00 (fn F) masses = 1 iters = 782 mflops = 2.123924e+03
 OK converged final_rsq= 4.9e-11 (cf 1e-10) rel = 1 (cf 0) restarts = 4 iters= 782
CONGRAD5: time = 9.863751e-01 (fn F) masses = 1 iters = 767 mflops = 2.126603e+03
 OK converged final_rsq= 5e-11 (cf 1e-10) rel = 1 (cf 0) restarts = 4 iters= 767
GFTIME:   time = 1.330459e-01 (Symanzik1) mflops = 2.649621e+03
FFTIME:  time = 4.456179e-01 (asqtad3) terms = 2 mflops = 2.243766e+03
CONGRAD5: time = 9.814801e-01 (fn F) masses = 1 iters = 762 mflops = 2.123277e+03
 OK converged final_rsq= 5e-11 (cf 1e-10) rel = 1 (cf 0) restarts = 4 iters= 762
CONGRAD5: time = 9.319580e-01 (fn F) masses = 1 iters = 725 mflops = 2.127526e+03
 OK converged final_rsq= 9.9e-11 (cf 1e-10) rel = 1 (cf 0) restarts = 3 iters= 725
GFTIME:   time = 1.328380e-01 (Symanzik1) mflops = 2.653768e+03
FFTIME:  time = 4.450300e-01 (asqtad3) terms = 2 mflops = 2.246730e+03
CONGRAD5: time = 9.735160e-01 (fn F) masses = 1 iters = 756 mflops = 2.123792e+03
 OK converged final_rsq= 5e-11 (cf 1e-10) rel = 1 (cf 0) restarts = 4 iters= 756
CONGRAD5: time = 9.857302e-01 (fn F) masses = 1 iters = 766 mflops = 2.125220e+03
 OK converged final_rsq= 5e-11 (cf 1e-10) rel = 1 (cf 0) restarts = 4 iters= 766
GFTIME:   time = 1.331639e-01 (Symanzik1) mflops = 2.647273e+03
FFTIME:  time = 4.463520e-01 (asqtad3) terms = 2 mflops = 2.240076e+03
CONGRAD5: time = 9.752200e-01 (fn F) masses = 1 iters = 757 mflops = 2.122885e+03
 OK converged final_rsq= 5e-11 (cf 1e-10) rel = 1 (cf 0) restarts = 4 iters= 757
CONGRAD5: time = 9.203920e-01 (fn F) masses = 1 iters = 715 mflops = 2.124547e+03
 OK converged final_rsq= 5e-11 (cf 1e-10) rel = 1 (cf 0) restarts = 4 iters= 715
GFTIME:   time = 1.326818e-01 (Symanzik1) mflops = 2.656891e+03
FFTIME:  time = 4.451149e-01 (asqtad3) terms = 2 mflops = 2.246302e+03
CONGRAD5: time = 9.970050e-01 (fn F) masses = 1 iters = 774 mflops = 2.123131e+03
 OK converged final_rsq= 5e-11 (cf 1e-10) rel = 1 (cf 0) restarts = 4 iters= 774
CONGRAD5: time = 9.237819e-01 (fn F) masses = 1 iters = 719 mflops = 2.128593e+03
 OK converged final_rsq= 1e-10 (cf 1e-10) rel = 1 (cf 0) restarts = 3 iters= 719
GFTIME:   time = 1.330309e-01 (Symanzik1) mflops = 2.649920e+03
FFTIME:  time = 4.447229e-01 (asqtad3) terms = 2 mflops = 2.248282e+03
CONGRAD5: time = 1.008325e+00 (fn F) masses = 1 iters = 783 mflops = 2.123706e+03
 OK converged final_rsq= 5e-11 (cf 1e-10) rel = 1 (cf 0) restarts = 4 iters= 783
CONGRAD5: time = 9.504180e-01 (fn F) masses = 1 iters = 738 mflops = 2.123611e+03
 OK converged final_rsq= 5e-11 (cf 1e-10) rel = 1 (cf 0) restarts = 4 iters= 738
GFTIME:   time = 1.327848e-01 (Symanzik1) mflops = 2.654830e+03
FFTIME:  time = 4.458170e-01 (asqtad3) terms = 2 mflops = 2.242764e+03
CONGRAD5: time = 1.006258e+00 (fn F) masses = 1 iters = 781 mflops = 2.122633e+03
 OK converged final_rsq= 5e-11 (cf 1e-10) rel = 1 (cf 0) restarts = 4 iters= 781
CONGRAD5: time = 9.478910e-01 (fn F) masses = 1 iters = 737 mflops = 2.126387e+03
 OK converged final_rsq= 1e-10 (cf 1e-10) rel = 1 (cf 0) restarts = 3 iters= 737
GFTIME:   time = 1.328869e-01 (Symanzik1) mflops = 2.652792e+03
FFTIME:  time = 4.441662e-01 (asqtad3) terms = 2 mflops = 2.251099e+03
PLAQ:	1.473963	1.473385
P_LOOP:	-7.764093e-03	6.219712e-03
G_LOOP:  0  0  4   	1.474057e+00	( 0 1 7 6  )
G_LOOP:  0  1  4   	1.476495e+00	( 0 2 7 5  )
G_LOOP:  0  2  4   	1.473365e+00	( 0 3 7 4  )
G_LOOP:  0  3  4   	1.471338e+00	( 1 2 6 5  )
G_LOOP:  0  4  4   	1.472826e+00	( 1 3 6 4  )
G_LOOP:  0  5  4   	1.473963e+00	( 2 3 5 4  )
G_LOOP:  1  0  6   	7.133980e-01	( 0 0 1 7 7 6  )
G_LOOP:  1  1  6   	7.231318e-01	( 0 0 2 7 7 5  )
G_LOOP:  1  2  6   	7.177161e-01	( 0 0 3 7 7 4  )
G_LOOP:  1  3  6   	7.170766e-01	( 1 1 0 6 6 7  )
G_LOOP:  1  4  6   	7.130472e-01	( 1 1 2 6 6 5  )
G_LOOP:  1  5  6   	7.151839e-01	( 1 1 3 6 6 4  )
G_LOOP:  1  6  6   	7.140978e-01	( 2 2 0 5 5 7  )
G_LOOP:  1  7  6   	7.130462e-01	( 2 2 1 5 5 6  )
G_LOOP:  1  8  6   	7.153132e-01	( 2 2 3 5 5 4  )
G_LOOP:  1  9  6   	7.117251e-01	( 3 3 0 4 4 7  )
G_LOOP:  1  10  6   	7.125768e-01	( 3 3 1 4 4 6  )
G_LOOP:  1  11  6   	7.086897e-01	( 3 3 2 4 4 5  )
G_LOOP:  2  0  6   	7.351040e-01	( 0 1 2 7 6 5  )
G_LOOP:  2  1  6   	7.280939e-01	( 0 1 5 7 6 2  )
G_LOOP:  2  2  6   	7.308180e-01	( 0 6 2 7 1 5  )
G_LOOP:  2  3  6   	7.304092e-01	( 0 6 5 7 1 2  )
G_LOOP:  2  4  6   	7.341810e-01	( 0 1 3 7 6 4  )
G_LOOP:  2  5  6   	7.318136e-01	( 0 1 4 7 6 3  )
G_LOOP:  2  6  6   	7.295944e-01	( 0 6 3 7 1 4  )
G_LOOP:  2  7  6   	7.277577e-01	( 0 6 4 7 1 3  )
G_LOOP:  2  8  6   	7.329565e-01	( 0 2 3 7 5 4  )
G_LOOP:  2  9  6   	7.324030e-01	( 0 2 4 7 5 3  )
G_LOOP:  2  10  6   	7.299320e-01	( 0 5 3 7 2 4  )
G_LOOP:  2  11  6   	7.308683e-01	( 0 5 4 7 2 3  )
G_LOOP:  2  12  6   	7.322426e-01	( 1 2 3 6 5 4  )
G_LOOP:  2  13  6   	7.340319e-01	( 1 2 4 6 5 3  )
G_LOOP:  2  14  6   	7.346669e-01	( 1 5 3 6 2 4  )
G_LOOP:  2  15  6   	7.309851e-01	( 1 5 4 6 2 3  )
GACTION: 6.654834e+00
CONGRAD5: time = 7.765520e-01 (fn F) masses = 1 iters = 602 mflops = 2.120114e+03
 OK converged final_rsq= 7.5e-11 (cf 1e-10) rel = 1 (cf 0) restarts = 3 iters= 602
CONGRAD5: time = 1.707489e-01 (fn F) masses = 1 iters = 130 mflops = 2.082181e+03
 OK converged final_rsq= 5e-11 (cf 1e-10) rel = 1 (cf 0) restarts = 2 iters= 130
PBP: mass 1.000000e-02     5.172191e-02  3.967773e-02  -4.749448e-03  -4.752535e-03 ( 1 of 1 )
FACTION: mass = 1.000000e-02,  1.499391e+00 ( 1 of 1 )
CONGRAD5: time = 9.543250e-01 (fn F) masses = 1 iters = 740 mflops = 2.120648e+03
 OK converged final_rsq= 5e-11 (cf 1e-10) rel = 1 (cf 0) restarts = 4 iters= 740
CONGRAD5: time = 1.030240e-01 (fn F) masses = 1 iters = 78 mflops = 2.070567e+03
 OK converged final_rsq= 9.9e-11 (cf 1e-10) rel = 1 (cf 0) restarts = 1 iters= 78
PBP: mass 1.000000e-02     4.471490e-02  6.322165e-02  -1.728046e-04  -1.750247e-04 ( 1 of 1 )
FACTION: mass = 1.000000e-02,  1.497018e+00 ( 1 of 1 )
CONGRAD5: time = 9.889491e-01 (fn F) masses = 1 iters = 768 mflops = 2.123834e+03
 OK converged final_rsq= 4.9e-11 (cf 1e-10) rel = 1 (cf 0) restarts = 4 iters= 768
CONGRAD5: time = 9.344261e-01 (fn F) masses = 1 iters = 727 mflops = 2.127760e+03
 OK converged final_rsq= 9.9e-11 (cf 1e-10) rel = 1 (cf 0) restarts = 3 iters= 727
GFTIME:   time = 1.326962e-01 (Symanzik1) mflops = 2.656605e+03
FFTIME:  time = 4.468791e-01 (asqtad3) terms = 2 mflops = 2.237433e+03
CONGRAD5: time = 1.013523e+00 (fn F) masses = 1 iters = 787 mflops = 2.123608e+03
 OK converged final_rsq= 5e-11 (cf 1e-10) rel = 1 (cf 0) restarts = 4 iters= 787
CONGRAD5: time = 9.932389e-01 (fn F) masses = 1 iters = 772 mflops = 2.125674e+03
 OK converged final_rsq= 5e-11 (cf 1e-10) rel = 1 (cf 0) restarts = 4 iters= 772
GFTIME:   time = 1.327980e-01 (Symanzik1) mflops = 2.654568e+03
FFTIME:  time = 4.455440e-01 (asqtad3) terms = 2 mflops = 2.244138e+03
CONGRAD5: time = 1.010494e+00 (fn F) masses = 1 iters = 785 mflops = 2.124561e+03
 OK converged final_rsq= 1e-10 (cf 1e-10) rel = 1 (cf 0) restarts = 3 iters= 785
CONGRAD5: time = 9.447989e-01 (fn F) masses = 1 iters = 734 mflops = 2.124662e+03
 OK converged final_rsq= 5e-11 (cf 1e-10) rel = 1 (cf 0) restarts = 4 iters= 734
GFTIME:   time = 1.330011e-01 (Symanzik1) mflops = 2.650514e+03
FFTIME:  time = 4.448681e-01 (asqtad3) terms = 2 mflops = 2.247548e+03
CONGRAD5: time = 9.970648e-01 (fn F) masses = 1 iters = 774 mflops = 2.123004e+03
 OK converged final_rsq= 5e-11 (cf 1e-10) rel = 1 (cf 0) restarts = 4 iters= 774
CONGRAD5: time = 9.484000e-01 (fn F) masses = 1 iters = 738 mflops = 2.128129e+03
 OK converged final_rsq= 1e-10 (cf 1e-10) rel = 1 (cf 0) restarts = 3 iters= 738
GFTIME:   time = 1.329072e-01 (Symanzik1) mflops = 2.652387e+03
FFTIME:  time = 4.453089e-01 (asqtad3) terms = 2 mflops = 2.245323e+03
CONGRAD5: time = 9.862039e-01 (fn F) masses = 1 iters = 766 mflops = 2.124199e+03
 OK converged final_rsq= 5e-11 (cf 1e-10) rel = 1 (cf 0) restarts = 4 iters= 766
CONGRAD5: time = 9.438090e-01 (fn F) masses = 1 iters = 734 mflops = 2.126890e+03
 OK converged final_rsq= 9.9e-11 (cf 1e-10) rel = 1 (cf 0) restarts = 3 iters= 734
GFTIME:   time = 1.331120e-01 (Symanzik1) mflops = 2.648306e+03
FFTIME:  time = 4.448881e-01 (asqtad3) terms = 2 mflops = 2.247447e+03
CONGRAD5: time = 9.975760e-01 (fn F) masses = 1 iters = 775 mflops = 2.124657e+03
 OK converged final_rsq= 5e-11 (cf 1e-10) rel = 1 (cf 0) restarts = 4 iters= 775
CONGRAD5: time = 9.550211e-01 (fn F) masses = 1 iters = 742 mflops = 2.124830e+03
 OK converged final_rsq= 5e-11 (cf 1e-10) rel = 1 (cf 0) restarts = 4 iters= 742
GFTIME:   time = 1.328371e-01 (Symanzik1) mflops = 2.653787e+03
FFTIME:  time = 4.463279e-01 (asqtad3) terms = 2 mflops = 2.240197e+03
CONGRAD5: time = 1.012552e+00 (fn F) masses = 1 iters = 786 mflops = 2.122944e+03
 OK converged final_rsq= 5e-11 (cf 1e-10) rel = 1 (cf 0) restarts = 4 iters= 786
CONGRAD5: time = 9.838579e-01 (fn F) masses = 1 iters = 765 mflops = 2.126485e+03
 OK converged final_rsq= 5e-11 (cf 1e-10) rel = 1 (cf 0) restarts = 4 iters= 765
GFTIME:   time = 1.331739e-01 (Symanzik1) mflops = 2.647074e+03
FFTIME:  time = 4.444759e-01 (asqtad3) terms = 2 mflops = 2.249531e+03
CONGRAD5: time = 9.565411e-01 (fn F) masses = 1 iters = 743 mflops = 2.124312e+03
 OK converged final_rsq= 5e-11 (cf 1e-10) rel = 1 (cf 0) restarts = 4 iters= 743
CONGRAD5: time = 9.669731e-01 (fn F) masses = 1 iters = 753 mflops = 2.129677e+03
 OK converged final_rsq= 1e-10 (cf 1e-10) rel = 1 (cf 0) restarts = 3 iters= 753
GFTIME:   time = 1.329620e-01 (Symanzik1) mflops = 2.651293e+03
FFTIME:  time = 4.454908e-01 (asqtad3) terms = 2 mflops = 2.244406e+03
CONGRAD5: time = 9.911439e-01 (fn F) masses = 1 iters = 770 mflops = 2.124649e+03
 OK converged final_rsq= 5e-11 (cf 1e-10) rel = 1 (cf 0) restarts = 4 iters= 770
CONGRAD5: time = 9.396119e-01 (fn F) masses = 1 iters = 731 mflops = 2.127659e+03
 OK converged final_rsq= 9.9e-11 (cf 1e-10) rel = 1 (cf 0) restarts = 3 iters= 731
GFTIME:   time = 1.327188e-01 (Symanzik1) mflops = 2.656151e+03
FFTIME:  time = 4.458570e-01 (asqtad3) terms = 2 mflops = 2.242562e+03
CONGRAD5: time = 9.924350e-01 (fn F) masses = 1 iters = 771 mflops = 2.124641e+03
 OK converged final_rsq= 5e-11 (cf 1e-10) rel = 1 (cf 0) restarts = 4 iters= 771
CONGRAD5: time = 9.324880e-01 (fn F) masses = 1 iters = 726 mflops = 2.129250e+03
 OK converged final_rsq= 9.9e-11 (cf 1e-10) rel = 1 (cf 0) restarts = 3 iters= 726
GFTIME:   time = 1.329291e-01 (Symanzik1) mflops = 2.651949e+03
FFTIME:  time = 4.451072e-01 (asqtad3) terms = 2 mflops = 2.246340e+03
CONGRAD5: time = 9.965081e-01 (fn F) masses = 1 iters = 774 mflops = 2.124190e+03
 OK converged final_rsq= 5e-11 (cf 1e-10) rel = 1 (cf 0) restarts = 4 iters= 774
CONGRAD5: time = 9.607580e-01 (fn F) masses = 1 iters = 747 mflops = 2.126375e+03
 OK converged final_rsq= 5e-11 (cf 1e-10) rel = 1 (cf 0) restarts = 4 iters= 747
GFTIME:   time = 1.326351e-01 (Symanzik1) mflops = 2.657827e+03
FFTIME:  time = 4.452541e-01 (asqtad3) terms = 2 mflops = 2.245599e+03
CONGRAD5: time = 1.014648e+00 (fn F) masses = 1 iters = 788 mflops = 2.123949e+03
 OK converged final_rsq= 4.9e-11 (cf 1e-10) rel = 1 (cf 0) restarts = 4 iters= 788
CONGRAD5: time = 9.490130e-01 (fn F) masses = 1 iters = 739 mflops = 2.129636e+03
 OK converged final_rsq= 9.9e-11 (cf 1e-10) rel = 1 (cf 0) restarts = 3 iters= 739
GFTIME:   time = 1.329291e-01 (Symanzik1) mflops = 2.651949e+03
FFTIME:  time = 4.461670e-01 (asqtad3) terms = 2 mflops = 2.241005e+03
CONGRAD5: time = 9.745328e-01 (fn F) masses = 1 iters = 757 mflops = 2.124382e+03
 OK converged final_rsq= 5e-11 (cf 1e-10) rel = 1 (cf 0) restarts = 4 iters= 757
CONGRAD5: time = 9.758830e-01 (fn F) masses = 1 iters = 758 mflops = 2.124245e+03
 OK converged final_rsq= 5e-11 (cf 1e-10) rel = 1 (cf 0) restarts = 4 iters= 758
GFTIME:   time = 1.329241e-01 (Symanzik1) mflops = 2.652049e+03
FFTIME:  time = 4.480641e-01 (asqtad3) terms = 2 mflops = 2.231516e+03
CONGRAD5: time = 9.922531e-01 (fn F) masses = 1 iters = 770 mflops = 2.122274e+03
 OK converged final_rsq= 5e-11 (cf 1e-10) rel = 1 (cf 0) restarts = 4 iters= 770
CONGRAD5: time = 9.592042e-01 (fn F) masses = 1 iters = 746 mflops = 2.126968e+03
 OK converged final_rsq= 5e-11 (cf 1e-10) rel = 1 (cf 0) restarts = 4 iters= 746
GFTIME:   time = 1.330040e-01 (Symanzik1) mflops = 2.650457e+03
FFTIME:  time = 4.457760e-01 (asqtad3) terms = 2 mflops = 2.242970e+03
CONGRAD5: time = 9.820569e-01 (fn F) masses = 1 iters = 763 mflops = 2.124815e+03
 OK converged final_rsq= 5e-11 (cf 1e-10) rel = 1 (cf 0) restarts = 4 iters= 763
CONGRAD5: time = 9.670961e-01 (fn F) masses = 1 iters = 753 mflops = 2.129406e+03
 OK converged final_rsq= 1e-10 (cf 1e-10) rel = 1 (cf 0) restarts = 3 iters= 753
GFTIME:   time = 1.328301e-01 (Symanzik1) mflops = 2.653925e+03
FFTIME:  time = 4.452820e-01 (asqtad3) terms = 2 mflops = 2.245459e+03
PLAQ:	1.459433	1.458465
P_LOOP:	1.615890e-02	-8.026718e-03
G_LOOP:  0  0  4   	1.459195e+00	( 0 1 7 6  )
G_LOOP:  0  1  4   	1.460791e+00	( 0 2 7 5  )
G_LOOP:  0  2  4   	1.460614e+00	( 0 3 7 4  )
G_LOOP:  0  3  4   	1.458314e+00	( 1 2 6 5  )
G_LOOP:  0  4  4   	1.457892e+00	( 1 3 6 4  )
G_LOOP:  0  5  4   	1.456888e+00	( 2 3 5 4  )
G_LOOP:  1  0  6   	6.983939e-01	( 0 0 1 7 7 6  )
G_LOOP:  1  1  6   	7.042719e-01	( 0 0 2 7 7 5  )
G_LOOP:  1  2  6   	7.000097e-01	( 0 0 3 7 7 4  )
G_LOOP:  1  3  6   	6.967192e-01	( 1 1 0 6 6 7  )
G_LOOP:  1  4  6   	6.984864e-01	( 1 1 2 6 6 5  )
G_LOOP:  1  5  6   	6.968441e-01	( 1 1 3 6 6 4  )
G_LOOP:  1  6  6   	6.998432e-01	( 2 2 0 5 5 7  )
G_LOOP:  1  7  6   	6.985943e-01	( 2 2 1 5 5 6  )
G_LOOP:  1  8  6   	6.990863e-01	( 2 2 3 5 5 4  )
G_LOOP:  1  9  6   	6.999809e-01	( 3 3 0 4 4 7  )
G_LOOP:  1  10  6   	6.973355e-01	( 3 3 1 4 4 6  )
G_LOOP:  1  11  6   	6.941445e-01	( 3 3 2 4 4 5  )
G_LOOP:  2  0  6   	7.139080e-01	( 0 1 2 7 6 5  )
G_LOOP:  2  1  6   	7.119920e-01	( 0 1 5 7 6 2  )
G_LOOP:  2  2  6   	7.117254e-01	( 0 6 2 7 1 5  )
G_LOOP:  2  3  6   	7.124687e-01	( 0 6 5 7 1 2  )
G_LOOP:  2  4  6   	7.159880e-01	( 0 1 3 7 6 4  )
G_LOOP:  2  5  6   	7.136556e-01	( 0 1 4 7 6 3  )
G_LOOP:  2  6  6   	7.124254e-01	( 0 6 3 7 1 4  )
G_LOOP:  2  7  6   	7.110729e-01	( 0 6 4 7 1 3  )
G_LOOP:  2  8  6   	7.144444e-01	( 0 2 3 7 5 4  )
G_LOOP:  2  9  6   	7.125228e-01	( 0 2 4 7 5 3  )
G_LOOP:  2  10  6   	7.149983e-01	( 0 5 3 7 2 4  )
G_LOOP:  2  11  6   	7.100563e-01	( 0 5 4 7 2 3  )
G_LOOP:  2  12  6   	7.109843e-01	( 1 2 3 6 5 4  )
G_LOOP:  2  13  6   	7.097229e-01	( 1 2 4 6 5 3  )
G_LOOP:  2  14  6   	7.117955e-01	( 1 5 3 6 2 4  )
G_LOOP:  2  15  6   	7.069325e-01	( 1 5 4 6 2 3  )
GACTION: 6.725127e+00
CONGRAD5: time = 9.266009e-01 (fn F) masses = 1 iters = 718 mflops = 2.119166e+03
 OK converged final_rsq= 5e-11 (cf 1e-10) rel = 1 (cf 0) restarts = 4 iters= 718
CONGRAD5: time = 9.900403e-02 (fn F) masses = 1 iters = 75 mflops = 2.071770e+03
 OK converged final_rsq= 1e-10 (cf 1e-10) rel = 1 (cf 0) restarts = 1 iters= 75
PBP: mass 1.000000e-02     6.464430e-02  5.646403e-02  3.676150e-03  3.676061e-03 ( 1 of 1 )
FACTION: mass = 1.000000e-02,  1.503793e+00 ( 1 of 1 )
CONGRAD5: time = 9.739101e-01 (fn F) masses = 1 iters = 755 mflops = 2.120124e+03
 OK converged final_rsq= 5e-11 (cf 1e-10) rel = 1 (cf 0) restarts = 4 iters= 755
CONGRAD5: time = 1.003480e-01 (fn F) masses = 1 iters = 76 mflops = 2.071277e+03
 OK converged final_rsq= 9.8e-11 (cf 1e-10) rel = 1 (cf 0) restarts = 1 iters= 76
PBP: mass 1.000000e-02     6.353492e-02  4.823133e-02  -5.438112e-03  -5.433117e-03 ( 1 of 1 )
FACTION: mass = 1.000000e-02,  1.504196e+00 ( 1 of 1 )
RUNNING COMPLETED
average cg iters for step= 1.451250e+03
Time = 1.686691e+02 seconds
total_iters = 181038
Checksums f5dc514d a700d500
Saved gauge configuration in parallel to binary file lat_p64_size64_2
Time stamp Fri May 13 19:57:28 2022
Wrote info file lat_p64_size64_2.info
Time to save = 9.807897e-02
CHECK PLAQ: 1.459433e+00 1.458465e+00
CHECK NERSC LINKTR: 1.436480e-01 CKSUM: 409d2cae


get_i(0): EOF on input.
Elapsed total time: 187.366052
exit: Fri May 13 19:57:29 2022

