SU3 with improved KS action
Microcanonical simulation with refreshing
R algorithm
MIMD version 7.8.1
Machine = MPI (portable), with 64 nodes
Host(0) = nid00236
Username = mcopik
Options selected...
Generic single precision
C_GLOBAL_INLINE
DBLSTORE_FN
D_FN_GATHER13
FEWSUMS
KS_MULTIFF=FNMAT
VECLENGTH=4
type 0 for no prompts, 1 for prompts, or 2 for proofreading
nflavors1 2
nflavors2 1
nx 16
ny 16
nz 16
nt 36
iseed 5682304
LAYOUT = Hypercubes, options = hyper_prime,
automatic hyper_prime layout
ON EACH NODE 4 x 8 x 8 x 9
Mallocing 2.3 MBytes per node for lattice
WARNING!!: Resetting random seed
Made lattice
Made nn gathers
Made 3nn gathers
Finished setup


warms 0
trajecs 4
traj_between_meas 1
beta 5.6
mass1 0.125
mass2 0.125
u0 0.8441
microcanonical_time_step 0.2
steps_per_trajectory 5
max_cg_iterations 100
max_cg_restarts 5
error_per_site 0.125
error_for_propagator 0.125
npbp_reps 1
prec_pbp 1
fresh 
save_parallel lat_p64_size64_1
unit gauge configuration loaded
CHECK PLAQ: 3.000000e+00 3.000000e+00
CHECK NERSC LINKTR: 1.000000e+00 CKSUM: 0
Unitarity checked.  Max deviation 0.00e+00
Time to check unitarity = 5.340576e-04
"O(a^2): couplings(pi)=0, Naik term, No O(a^2) errors, tadpole weights"
path coefficients: npath  path_coeff  multiplicity
                    0      6.250000e-01     8
                    1      -5.847914e-02     8
                    2      -8.771871e-02     48
                    3      3.077829e-02     192
                    4      -7.199551e-03     384
                    5      -1.231132e-01     48
Symanzik 1x1 + 1x2 + 1x1x1 action
gauge_action: total_dyn_flavors = 3
loop coefficients: nloop rep loop_coeff  multiplicity
                    0 0      1.000000e+00     6
                    1 0      -7.762509e-02     12
                    2 0      -1.031171e-02     16
WARMUPS COMPLETED
CONGRAD5: time = 9.974957e-03 (fn F) masses = 1 iters = 4 mflops = 1.096686e+03
 OK converged final_rsq= 0.006 (cf 0.016) rel = 1 (cf 0) restarts = 1 iters= 4
CONGRAD5: time = 9.017944e-03 (fn F) masses = 1 iters = 4 mflops = 1.213069e+03
 OK converged final_rsq= 0.0059 (cf 0.016) rel = 1 (cf 0) restarts = 1 iters= 4
GFTIME:   time = 1.446311e-01 (Symanzik1) mflops = 2.437381e+03
FFTIME:  time = 4.110689e-01 (asqtad3) terms = 2 mflops = 2.432347e+03
CONGRAD5: time = 8.284092e-03 (fn F) masses = 1 iters = 4 mflops = 1.320530e+03
 OK converged final_rsq= 0.01 (cf 0.016) rel = 1 (cf 0) restarts = 1 iters= 4
CONGRAD5: time = 7.990837e-03 (fn F) masses = 1 iters = 4 mflops = 1.368992e+03
 OK converged final_rsq= 0.0097 (cf 0.016) rel = 1 (cf 0) restarts = 1 iters= 4
GFTIME:   time = 1.386518e-01 (Symanzik1) mflops = 2.542492e+03
FFTIME:  time = 3.858891e-01 (asqtad3) terms = 2 mflops = 2.591062e+03
CONGRAD5: time = 8.022070e-03 (fn F) masses = 1 iters = 4 mflops = 1.363662e+03
 OK converged final_rsq= 0.014 (cf 0.016) rel = 1 (cf 0) restarts = 1 iters= 4
CONGRAD5: time = 7.742882e-03 (fn F) masses = 1 iters = 4 mflops = 1.412832e+03
 OK converged final_rsq= 0.014 (cf 0.016) rel = 1 (cf 0) restarts = 1 iters= 4
GFTIME:   time = 1.387651e-01 (Symanzik1) mflops = 2.540417e+03
FFTIME:  time = 3.939800e-01 (asqtad3) terms = 2 mflops = 2.537850e+03
CONGRAD5: time = 8.044004e-03 (fn F) masses = 1 iters = 4 mflops = 1.359944e+03
 OK converged final_rsq= 0.013 (cf 0.016) rel = 1 (cf 0) restarts = 1 iters= 4
CONGRAD5: time = 7.719040e-03 (fn F) masses = 1 iters = 4 mflops = 1.417196e+03
 OK converged final_rsq= 0.013 (cf 0.016) rel = 1 (cf 0) restarts = 1 iters= 4
GFTIME:   time = 1.385131e-01 (Symanzik1) mflops = 2.545039e+03
FFTIME:  time = 3.856661e-01 (asqtad3) terms = 2 mflops = 2.592559e+03
CONGRAD5: time = 8.014917e-03 (fn F) masses = 1 iters = 4 mflops = 1.364879e+03
 OK converged final_rsq= 0.011 (cf 0.016) rel = 1 (cf 0) restarts = 1 iters= 4
CONGRAD5: time = 8.336067e-03 (fn F) masses = 1 iters = 4 mflops = 1.312297e+03
 OK converged final_rsq= 0.011 (cf 0.016) rel = 1 (cf 0) restarts = 1 iters= 4
GFTIME:   time = 1.385660e-01 (Symanzik1) mflops = 2.544067e+03
FFTIME:  time = 3.862031e-01 (asqtad3) terms = 2 mflops = 2.588955e+03
PLAQ:	2.348688	2.349026
P_LOOP:	2.691399e-03	4.211936e-03
G_LOOP:  0  0  4   	2.347009e+00	( 0 1 7 6  )
G_LOOP:  0  1  4   	2.349642e+00	( 0 2 7 5  )
G_LOOP:  0  2  4   	2.349649e+00	( 0 3 7 4  )
G_LOOP:  0  3  4   	2.349413e+00	( 1 2 6 5  )
G_LOOP:  0  4  4   	2.348984e+00	( 1 3 6 4  )
G_LOOP:  0  5  4   	2.348445e+00	( 2 3 5 4  )
G_LOOP:  1  0  6   	1.771316e+00	( 0 0 1 7 7 6  )
G_LOOP:  1  1  6   	1.776566e+00	( 0 0 2 7 7 5  )
G_LOOP:  1  2  6   	1.776867e+00	( 0 0 3 7 7 4  )
G_LOOP:  1  3  6   	1.770503e+00	( 1 1 0 6 6 7  )
G_LOOP:  1  4  6   	1.777199e+00	( 1 1 2 6 6 5  )
G_LOOP:  1  5  6   	1.774381e+00	( 1 1 3 6 6 4  )
G_LOOP:  1  6  6   	1.775959e+00	( 2 2 0 5 5 7  )
G_LOOP:  1  7  6   	1.775263e+00	( 2 2 1 5 5 6  )
G_LOOP:  1  8  6   	1.775328e+00	( 2 2 3 5 5 4  )
G_LOOP:  1  9  6   	1.777224e+00	( 3 3 0 4 4 7  )
G_LOOP:  1  10  6   	1.775937e+00	( 3 3 1 4 4 6  )
G_LOOP:  1  11  6   	1.773587e+00	( 3 3 2 4 4 5  )
G_LOOP:  2  0  6   	1.821641e+00	( 0 1 2 7 6 5  )
G_LOOP:  2  1  6   	1.822607e+00	( 0 1 5 7 6 2  )
G_LOOP:  2  2  6   	1.821059e+00	( 0 6 2 7 1 5  )
G_LOOP:  2  3  6   	1.820510e+00	( 0 6 5 7 1 2  )
G_LOOP:  2  4  6   	1.821227e+00	( 0 1 3 7 6 4  )
G_LOOP:  2  5  6   	1.818580e+00	( 0 1 4 7 6 3  )
G_LOOP:  2  6  6   	1.821414e+00	( 0 6 3 7 1 4  )
G_LOOP:  2  7  6   	1.820217e+00	( 0 6 4 7 1 3  )
G_LOOP:  2  8  6   	1.822495e+00	( 0 2 3 7 5 4  )
G_LOOP:  2  9  6   	1.822749e+00	( 0 2 4 7 5 3  )
G_LOOP:  2  10  6   	1.824359e+00	( 0 5 3 7 2 4  )
G_LOOP:  2  11  6   	1.822564e+00	( 0 5 4 7 2 3  )
G_LOOP:  2  12  6   	1.823449e+00	( 1 2 3 6 5 4  )
G_LOOP:  2  13  6   	1.821729e+00	( 1 2 4 6 5 3  )
G_LOOP:  2  14  6   	1.821191e+00	( 1 5 3 6 2 4  )
G_LOOP:  2  15  6   	1.821120e+00	( 1 5 4 6 2 3  )
GACTION: 2.571373e+00
CONGRAD5: time = 7.966995e-03 (fn F) masses = 1 iters = 4 mflops = 1.373089e+03
 OK converged final_rsq= 0.01 (cf 0.016) rel = 1 (cf 0) restarts = 1 iters= 4
CONGRAD5: time = 1.017189e-02 (fn F) masses = 1 iters = 6 mflops = 1.613180e+03
 OK converged final_rsq= 0.0091 (cf 0.016) rel = 1 (cf 0) restarts = 1 iters= 6
PBP: mass 1.250000e-01     6.812841e-02  9.727044e-02  2.709919e-03  2.812244e-03 ( 1 of 1 )
FACTION: mass = 1.250000e-01,  1.464836e+00 ( 1 of 1 )
CONGRAD5: time = 7.726908e-03 (fn F) masses = 1 iters = 4 mflops = 1.415753e+03
 OK converged final_rsq= 0.01 (cf 0.016) rel = 1 (cf 0) restarts = 1 iters= 4
CONGRAD5: time = 1.016402e-02 (fn F) masses = 1 iters = 6 mflops = 1.614429e+03
 OK converged final_rsq= 0.009 (cf 0.016) rel = 1 (cf 0) restarts = 1 iters= 6
PBP: mass 1.250000e-01     7.051055e-02  9.381208e-02  -7.107934e-04  -4.977023e-04 ( 1 of 1 )
FACTION: mass = 1.250000e-01,  1.468086e+00 ( 1 of 1 )
CONGRAD5: time = 7.972956e-03 (fn F) masses = 1 iters = 4 mflops = 1.372062e+03
 OK converged final_rsq= 0.011 (cf 0.016) rel = 1 (cf 0) restarts = 1 iters= 4
CONGRAD5: time = 7.680178e-03 (fn F) masses = 1 iters = 4 mflops = 1.424367e+03
 OK converged final_rsq= 0.011 (cf 0.016) rel = 1 (cf 0) restarts = 1 iters= 4
GFTIME:   time = 1.383300e-01 (Symanzik1) mflops = 2.548408e+03
FFTIME:  time = 3.877180e-01 (asqtad3) terms = 2 mflops = 2.578839e+03
CONGRAD5: time = 9.263039e-03 (fn F) masses = 1 iters = 5 mflops = 1.476215e+03
 OK converged final_rsq= 0.007 (cf 0.016) rel = 1 (cf 0) restarts = 1 iters= 5
CONGRAD5: time = 7.730961e-03 (fn F) masses = 1 iters = 4 mflops = 1.415011e+03
 OK converged final_rsq= 0.015 (cf 0.016) rel = 1 (cf 0) restarts = 1 iters= 4
GFTIME:   time = 1.384480e-01 (Symanzik1) mflops = 2.546236e+03
FFTIME:  time = 3.857400e-01 (asqtad3) terms = 2 mflops = 2.592062e+03
CONGRAD5: time = 9.240150e-03 (fn F) masses = 1 iters = 5 mflops = 1.479872e+03
 OK converged final_rsq= 0.0089 (cf 0.016) rel = 1 (cf 0) restarts = 1 iters= 5
CONGRAD5: time = 8.933783e-03 (fn F) masses = 1 iters = 5 mflops = 1.530622e+03
 OK converged final_rsq= 0.0085 (cf 0.016) rel = 1 (cf 0) restarts = 1 iters= 5
GFTIME:   time = 1.387579e-01 (Symanzik1) mflops = 2.540548e+03
FFTIME:  time = 3.858640e-01 (asqtad3) terms = 2 mflops = 2.591230e+03
CONGRAD5: time = 9.283066e-03 (fn F) masses = 1 iters = 5 mflops = 1.473031e+03
 OK converged final_rsq= 0.0085 (cf 0.016) rel = 1 (cf 0) restarts = 1 iters= 5
CONGRAD5: time = 8.949995e-03 (fn F) masses = 1 iters = 5 mflops = 1.527849e+03
 OK converged final_rsq= 0.0082 (cf 0.016) rel = 1 (cf 0) restarts = 1 iters= 5
GFTIME:   time = 1.385810e-01 (Symanzik1) mflops = 2.543791e+03
FFTIME:  time = 3.854561e-01 (asqtad3) terms = 2 mflops = 2.593972e+03
CONGRAD5: time = 9.206772e-03 (fn F) masses = 1 iters = 5 mflops = 1.485237e+03
 OK converged final_rsq= 0.0074 (cf 0.016) rel = 1 (cf 0) restarts = 1 iters= 5
CONGRAD5: time = 7.639885e-03 (fn F) masses = 1 iters = 4 mflops = 1.431879e+03
 OK converged final_rsq= 0.015 (cf 0.016) rel = 1 (cf 0) restarts = 1 iters= 4
GFTIME:   time = 1.386549e-01 (Symanzik1) mflops = 2.542435e+03
FFTIME:  time = 3.894739e-01 (asqtad3) terms = 2 mflops = 2.567212e+03
PLAQ:	2.014040	2.013665
P_LOOP:	1.283122e-02	1.480562e-02
G_LOOP:  0  0  4   	2.013689e+00	( 0 1 7 6  )
G_LOOP:  0  1  4   	2.013798e+00	( 0 2 7 5  )
G_LOOP:  0  2  4   	2.012642e+00	( 0 3 7 4  )
G_LOOP:  0  3  4   	2.014635e+00	( 1 2 6 5  )
G_LOOP:  0  4  4   	2.014011e+00	( 1 3 6 4  )
G_LOOP:  0  5  4   	2.014343e+00	( 2 3 5 4  )
G_LOOP:  1  0  6   	1.300633e+00	( 0 0 1 7 7 6  )
G_LOOP:  1  1  6   	1.303425e+00	( 0 0 2 7 7 5  )
G_LOOP:  1  2  6   	1.299099e+00	( 0 0 3 7 7 4  )
G_LOOP:  1  3  6   	1.303676e+00	( 1 1 0 6 6 7  )
G_LOOP:  1  4  6   	1.302897e+00	( 1 1 2 6 6 5  )
G_LOOP:  1  5  6   	1.303132e+00	( 1 1 3 6 6 4  )
G_LOOP:  1  6  6   	1.303209e+00	( 2 2 0 5 5 7  )
G_LOOP:  1  7  6   	1.303714e+00	( 2 2 1 5 5 6  )
G_LOOP:  1  8  6   	1.305115e+00	( 2 2 3 5 5 4  )
G_LOOP:  1  9  6   	1.302043e+00	( 3 3 0 4 4 7  )
G_LOOP:  1  10  6   	1.301676e+00	( 3 3 1 4 4 6  )
G_LOOP:  1  11  6   	1.300803e+00	( 3 3 2 4 4 5  )
G_LOOP:  2  0  6   	1.345070e+00	( 0 1 2 7 6 5  )
G_LOOP:  2  1  6   	1.347040e+00	( 0 1 5 7 6 2  )
G_LOOP:  2  2  6   	1.342372e+00	( 0 6 2 7 1 5  )
G_LOOP:  2  3  6   	1.343195e+00	( 0 6 5 7 1 2  )
G_LOOP:  2  4  6   	1.345218e+00	( 0 1 3 7 6 4  )
G_LOOP:  2  5  6   	1.345979e+00	( 0 1 4 7 6 3  )
G_LOOP:  2  6  6   	1.342793e+00	( 0 6 3 7 1 4  )
G_LOOP:  2  7  6   	1.343628e+00	( 0 6 4 7 1 3  )
G_LOOP:  2  8  6   	1.346200e+00	( 0 2 3 7 5 4  )
G_LOOP:  2  9  6   	1.344699e+00	( 0 2 4 7 5 3  )
G_LOOP:  2  10  6   	1.346948e+00	( 0 5 3 7 2 4  )
G_LOOP:  2  11  6   	1.344260e+00	( 0 5 4 7 2 3  )
G_LOOP:  2  12  6   	1.347968e+00	( 1 2 3 6 5 4  )
G_LOOP:  2  13  6   	1.348607e+00	( 1 2 4 6 5 3  )
G_LOOP:  2  14  6   	1.345432e+00	( 1 5 3 6 2 4  )
G_LOOP:  2  15  6   	1.349582e+00	( 1 5 4 6 2 3  )
GACTION: 4.062654e+00
CONGRAD5: time = 8.165121e-03 (fn F) masses = 1 iters = 4 mflops = 1.339771e+03
 OK converged final_rsq= 0.014 (cf 0.016) rel = 1 (cf 0) restarts = 1 iters= 4
CONGRAD5: time = 1.021004e-02 (fn F) masses = 1 iters = 6 mflops = 1.607153e+03
 OK converged final_rsq= 0.013 (cf 0.016) rel = 1 (cf 0) restarts = 1 iters= 6
PBP: mass 1.250000e-01     8.566921e-02  1.633068e-01  -1.732230e-03  -2.205862e-03 ( 1 of 1 )
FACTION: mass = 1.250000e-01,  1.449857e+00 ( 1 of 1 )
CONGRAD5: time = 7.781982e-03 (fn F) masses = 1 iters = 4 mflops = 1.405733e+03
 OK converged final_rsq= 0.014 (cf 0.016) rel = 1 (cf 0) restarts = 1 iters= 4
CONGRAD5: time = 1.026893e-02 (fn F) masses = 1 iters = 6 mflops = 1.597936e+03
 OK converged final_rsq= 0.013 (cf 0.016) rel = 1 (cf 0) restarts = 1 iters= 6
PBP: mass 1.250000e-01     8.497225e-02  1.671420e-01  1.389017e-03  1.363599e-03 ( 1 of 1 )
FACTION: mass = 1.250000e-01,  1.448984e+00 ( 1 of 1 )
CONGRAD5: time = 9.366989e-03 (fn F) masses = 1 iters = 5 mflops = 1.459833e+03
 OK converged final_rsq= 0.0074 (cf 0.016) rel = 1 (cf 0) restarts = 1 iters= 5
CONGRAD5: time = 7.773876e-03 (fn F) masses = 1 iters = 4 mflops = 1.407199e+03
 OK converged final_rsq= 0.016 (cf 0.016) rel = 1 (cf 0) restarts = 1 iters= 4
GFTIME:   time = 1.393459e-01 (Symanzik1) mflops = 2.529829e+03
FFTIME:  time = 3.897378e-01 (asqtad3) terms = 2 mflops = 2.565474e+03
CONGRAD5: time = 9.227991e-03 (fn F) masses = 1 iters = 5 mflops = 1.481822e+03
 OK converged final_rsq= 0.0093 (cf 0.016) rel = 1 (cf 0) restarts = 1 iters= 5
CONGRAD5: time = 8.939028e-03 (fn F) masses = 1 iters = 5 mflops = 1.529723e+03
 OK converged final_rsq= 0.0088 (cf 0.016) rel = 1 (cf 0) restarts = 1 iters= 5
GFTIME:   time = 1.392210e-01 (Symanzik1) mflops = 2.532099e+03
FFTIME:  time = 3.865428e-01 (asqtad3) terms = 2 mflops = 2.586679e+03
CONGRAD5: time = 9.187937e-03 (fn F) masses = 1 iters = 5 mflops = 1.488282e+03
 OK converged final_rsq= 0.011 (cf 0.016) rel = 1 (cf 0) restarts = 1 iters= 5
CONGRAD5: time = 8.900166e-03 (fn F) masses = 1 iters = 5 mflops = 1.536403e+03
 OK converged final_rsq= 0.01 (cf 0.016) rel = 1 (cf 0) restarts = 1 iters= 5
GFTIME:   time = 1.398520e-01 (Symanzik1) mflops = 2.520673e+03
FFTIME:  time = 4.045808e-01 (asqtad3) terms = 2 mflops = 2.471354e+03
CONGRAD5: time = 1.403213e-02 (fn F) masses = 1 iters = 5 mflops = 9.744953e+02
 OK converged final_rsq= 0.011 (cf 0.016) rel = 1 (cf 0) restarts = 1 iters= 5
CONGRAD5: time = 1.393008e-02 (fn F) masses = 1 iters = 5 mflops = 9.816338e+02
 OK converged final_rsq= 0.01 (cf 0.016) rel = 1 (cf 0) restarts = 1 iters= 5
GFTIME:   time = 1.779130e-01 (Symanzik1) mflops = 1.981425e+03
FFTIME:  time = 3.864410e-01 (asqtad3) terms = 2 mflops = 2.587361e+03
CONGRAD5: time = 9.860039e-03 (fn F) masses = 1 iters = 5 mflops = 1.386834e+03
 OK converged final_rsq= 0.01 (cf 0.016) rel = 1 (cf 0) restarts = 1 iters= 5
CONGRAD5: time = 1.275992e-02 (fn F) masses = 1 iters = 5 mflops = 1.071655e+03
 OK converged final_rsq= 0.0096 (cf 0.016) rel = 1 (cf 0) restarts = 1 iters= 5
GFTIME:   time = 1.424699e-01 (Symanzik1) mflops = 2.474356e+03
FFTIME:  time = 3.841259e-01 (asqtad3) terms = 2 mflops = 2.602954e+03
PLAQ:	1.792886	1.793338
P_LOOP:	-6.524748e-03	1.741557e-02
G_LOOP:  0  0  4   	1.792911e+00	( 0 1 7 6  )
G_LOOP:  0  1  4   	1.793237e+00	( 0 2 7 5  )
G_LOOP:  0  2  4   	1.793946e+00	( 0 3 7 4  )
G_LOOP:  0  3  4   	1.792510e+00	( 1 2 6 5  )
G_LOOP:  0  4  4   	1.793205e+00	( 1 3 6 4  )
G_LOOP:  0  5  4   	1.792863e+00	( 2 3 5 4  )
G_LOOP:  1  0  6   	1.024582e+00	( 0 0 1 7 7 6  )
G_LOOP:  1  1  6   	1.026102e+00	( 0 0 2 7 7 5  )
G_LOOP:  1  2  6   	1.028519e+00	( 0 0 3 7 7 4  )
G_LOOP:  1  3  6   	1.026685e+00	( 1 1 0 6 6 7  )
G_LOOP:  1  4  6   	1.026546e+00	( 1 1 2 6 6 5  )
G_LOOP:  1  5  6   	1.025324e+00	( 1 1 3 6 6 4  )
G_LOOP:  1  6  6   	1.026597e+00	( 2 2 0 5 5 7  )
G_LOOP:  1  7  6   	1.025157e+00	( 2 2 1 5 5 6  )
G_LOOP:  1  8  6   	1.024633e+00	( 2 2 3 5 5 4  )
G_LOOP:  1  9  6   	1.026735e+00	( 3 3 0 4 4 7  )
G_LOOP:  1  10  6   	1.026101e+00	( 3 3 1 4 4 6  )
G_LOOP:  1  11  6   	1.022430e+00	( 3 3 2 4 4 5  )
G_LOOP:  2  0  6   	1.059812e+00	( 0 1 2 7 6 5  )
G_LOOP:  2  1  6   	1.060557e+00	( 0 1 5 7 6 2  )
G_LOOP:  2  2  6   	1.058756e+00	( 0 6 2 7 1 5  )
G_LOOP:  2  3  6   	1.060241e+00	( 0 6 5 7 1 2  )
G_LOOP:  2  4  6   	1.062470e+00	( 0 1 3 7 6 4  )
G_LOOP:  2  5  6   	1.060506e+00	( 0 1 4 7 6 3  )
G_LOOP:  2  6  6   	1.058976e+00	( 0 6 3 7 1 4  )
G_LOOP:  2  7  6   	1.061780e+00	( 0 6 4 7 1 3  )
G_LOOP:  2  8  6   	1.065268e+00	( 0 2 3 7 5 4  )
G_LOOP:  2  9  6   	1.058724e+00	( 0 2 4 7 5 3  )
G_LOOP:  2  10  6   	1.058503e+00	( 0 5 3 7 2 4  )
G_LOOP:  2  11  6   	1.058115e+00	( 0 5 4 7 2 3  )
G_LOOP:  2  12  6   	1.060545e+00	( 1 2 3 6 5 4  )
G_LOOP:  2  13  6   	1.059196e+00	( 1 2 4 6 5 3  )
G_LOOP:  2  14  6   	1.059034e+00	( 1 5 3 6 2 4  )
G_LOOP:  2  15  6   	1.061206e+00	( 1 5 4 6 2 3  )
GACTION: 5.082307e+00
CONGRAD5: time = 1.029086e-02 (fn F) masses = 1 iters = 5 mflops = 1.328775e+03
 OK converged final_rsq= 0.0086 (cf 0.016) rel = 1 (cf 0) restarts = 1 iters= 5
CONGRAD5: time = 1.012397e-02 (fn F) masses = 1 iters = 6 mflops = 1.620816e+03
 OK converged final_rsq= 0.015 (cf 0.016) rel = 1 (cf 0) restarts = 1 iters= 6
PBP: mass 1.250000e-01     1.094033e-01  3.030200e-01  -1.112299e-03  -4.992905e-04 ( 1 of 1 )
FACTION: mass = 1.250000e-01,  1.451542e+00 ( 1 of 1 )
CONGRAD5: time = 1.044989e-02 (fn F) masses = 1 iters = 5 mflops = 1.308554e+03
 OK converged final_rsq= 0.0085 (cf 0.016) rel = 1 (cf 0) restarts = 1 iters= 5
CONGRAD5: time = 1.087093e-02 (fn F) masses = 1 iters = 6 mflops = 1.509446e+03
 OK converged final_rsq= 0.015 (cf 0.016) rel = 1 (cf 0) restarts = 1 iters= 6
PBP: mass 1.250000e-01     1.075303e-01  2.973076e-01  8.333416e-04  3.848426e-04 ( 1 of 1 )
FACTION: mass = 1.250000e-01,  1.457298e+00 ( 1 of 1 )
CONGRAD5: time = 9.223938e-03 (fn F) masses = 1 iters = 5 mflops = 1.482473e+03
 OK converged final_rsq= 0.01 (cf 0.016) rel = 1 (cf 0) restarts = 1 iters= 5
CONGRAD5: time = 9.564877e-03 (fn F) masses = 1 iters = 5 mflops = 1.429631e+03
 OK converged final_rsq= 0.0096 (cf 0.016) rel = 1 (cf 0) restarts = 1 iters= 5
GFTIME:   time = 1.385570e-01 (Symanzik1) mflops = 2.544233e+03
FFTIME:  time = 3.844550e-01 (asqtad3) terms = 2 mflops = 2.600727e+03
CONGRAD5: time = 9.230137e-03 (fn F) masses = 1 iters = 5 mflops = 1.481477e+03
 OK converged final_rsq= 0.011 (cf 0.016) rel = 1 (cf 0) restarts = 1 iters= 5
CONGRAD5: time = 8.939981e-03 (fn F) masses = 1 iters = 5 mflops = 1.529560e+03
 OK converged final_rsq= 0.011 (cf 0.016) rel = 1 (cf 0) restarts = 1 iters= 5
GFTIME:   time = 1.384251e-01 (Symanzik1) mflops = 2.546657e+03
FFTIME:  time = 3.844421e-01 (asqtad3) terms = 2 mflops = 2.600814e+03
CONGRAD5: time = 9.212017e-03 (fn F) masses = 1 iters = 5 mflops = 1.484392e+03
 OK converged final_rsq= 0.012 (cf 0.016) rel = 1 (cf 0) restarts = 1 iters= 5
CONGRAD5: time = 8.932114e-03 (fn F) masses = 1 iters = 5 mflops = 1.530908e+03
 OK converged final_rsq= 0.012 (cf 0.016) rel = 1 (cf 0) restarts = 1 iters= 5
GFTIME:   time = 1.384869e-01 (Symanzik1) mflops = 2.545521e+03
FFTIME:  time = 3.849490e-01 (asqtad3) terms = 2 mflops = 2.597389e+03
CONGRAD5: time = 9.224176e-03 (fn F) masses = 1 iters = 5 mflops = 1.482435e+03
 OK converged final_rsq= 0.012 (cf 0.016) rel = 1 (cf 0) restarts = 1 iters= 5
CONGRAD5: time = 8.991957e-03 (fn F) masses = 1 iters = 5 mflops = 1.520719e+03
 OK converged final_rsq= 0.012 (cf 0.016) rel = 1 (cf 0) restarts = 1 iters= 5
GFTIME:   time = 1.388240e-01 (Symanzik1) mflops = 2.539339e+03
FFTIME:  time = 3.837230e-01 (asqtad3) terms = 2 mflops = 2.605687e+03
CONGRAD5: time = 9.902000e-03 (fn F) masses = 1 iters = 5 mflops = 1.380957e+03
 OK converged final_rsq= 0.012 (cf 0.016) rel = 1 (cf 0) restarts = 1 iters= 5
CONGRAD5: time = 8.943796e-03 (fn F) masses = 1 iters = 5 mflops = 1.528908e+03
 OK converged final_rsq= 0.012 (cf 0.016) rel = 1 (cf 0) restarts = 1 iters= 5
GFTIME:   time = 1.383619e-01 (Symanzik1) mflops = 2.547819e+03
FFTIME:  time = 3.819010e-01 (asqtad3) terms = 2 mflops = 2.618119e+03
PLAQ:	1.646692	1.646320
P_LOOP:	-1.809260e-03	-4.192977e-03
G_LOOP:  0  0  4   	1.645426e+00	( 0 1 7 6  )
G_LOOP:  0  1  4   	1.646758e+00	( 0 2 7 5  )
G_LOOP:  0  2  4   	1.647351e+00	( 0 3 7 4  )
G_LOOP:  0  3  4   	1.647890e+00	( 1 2 6 5  )
G_LOOP:  0  4  4   	1.646412e+00	( 1 3 6 4  )
G_LOOP:  0  5  4   	1.645196e+00	( 2 3 5 4  )
G_LOOP:  1  0  6   	8.568941e-01	( 0 0 1 7 7 6  )
G_LOOP:  1  1  6   	8.550501e-01	( 0 0 2 7 7 5  )
G_LOOP:  1  2  6   	8.602824e-01	( 0 0 3 7 7 4  )
G_LOOP:  1  3  6   	8.545273e-01	( 1 1 0 6 6 7  )
G_LOOP:  1  4  6   	8.581203e-01	( 1 1 2 6 6 5  )
G_LOOP:  1  5  6   	8.559285e-01	( 1 1 3 6 6 4  )
G_LOOP:  1  6  6   	8.565518e-01	( 2 2 0 5 5 7  )
G_LOOP:  1  7  6   	8.590375e-01	( 2 2 1 5 5 6  )
G_LOOP:  1  8  6   	8.532167e-01	( 2 2 3 5 5 4  )
G_LOOP:  1  9  6   	8.567114e-01	( 3 3 0 4 4 7  )
G_LOOP:  1  10  6   	8.563252e-01	( 3 3 1 4 4 6  )
G_LOOP:  1  11  6   	8.547166e-01	( 3 3 2 4 4 5  )
G_LOOP:  2  0  6   	8.837449e-01	( 0 1 2 7 6 5  )
G_LOOP:  2  1  6   	8.789823e-01	( 0 1 5 7 6 2  )
G_LOOP:  2  2  6   	8.808471e-01	( 0 6 2 7 1 5  )
G_LOOP:  2  3  6   	8.791515e-01	( 0 6 5 7 1 2  )
G_LOOP:  2  4  6   	8.778932e-01	( 0 1 3 7 6 4  )
G_LOOP:  2  5  6   	8.760607e-01	( 0 1 4 7 6 3  )
G_LOOP:  2  6  6   	8.773932e-01	( 0 6 3 7 1 4  )
G_LOOP:  2  7  6   	8.813887e-01	( 0 6 4 7 1 3  )
G_LOOP:  2  8  6   	8.788943e-01	( 0 2 3 7 5 4  )
G_LOOP:  2  9  6   	8.775574e-01	( 0 2 4 7 5 3  )
G_LOOP:  2  10  6   	8.799924e-01	( 0 5 3 7 2 4  )
G_LOOP:  2  11  6   	8.794070e-01	( 0 5 4 7 2 3  )
G_LOOP:  2  12  6   	8.783629e-01	( 1 2 3 6 5 4  )
G_LOOP:  2  13  6   	8.771963e-01	( 1 2 4 6 5 3  )
G_LOOP:  2  14  6   	8.786813e-01	( 1 5 3 6 2 4  )
G_LOOP:  2  15  6   	8.823708e-01	( 1 5 4 6 2 3  )
GACTION: 5.774347e+00
CONGRAD5: time = 9.160995e-03 (fn F) masses = 1 iters = 5 mflops = 1.492659e+03
 OK converged final_rsq= 0.01 (cf 0.016) rel = 1 (cf 0) restarts = 1 iters= 5
CONGRAD5: time = 1.144910e-02 (fn F) masses = 1 iters = 7 mflops = 1.672091e+03
 OK converged final_rsq= 0.0082 (cf 0.016) rel = 1 (cf 0) restarts = 1 iters= 7
PBP: mass 1.250000e-01     1.254022e-01  3.229574e-01  -1.733885e-04  6.277636e-04 ( 1 of 1 )
FACTION: mass = 1.250000e-01,  1.431768e+00 ( 1 of 1 )
CONGRAD5: time = 9.097099e-03 (fn F) masses = 1 iters = 5 mflops = 1.503143e+03
 OK converged final_rsq= 0.01 (cf 0.016) rel = 1 (cf 0) restarts = 1 iters= 5
CONGRAD5: time = 1.144814e-02 (fn F) masses = 1 iters = 7 mflops = 1.672230e+03
 OK converged final_rsq= 0.0082 (cf 0.016) rel = 1 (cf 0) restarts = 1 iters= 7
PBP: mass 1.250000e-01     1.243262e-01  3.214422e-01  3.359670e-03  2.962813e-03 ( 1 of 1 )
FACTION: mass = 1.250000e-01,  1.434419e+00 ( 1 of 1 )
RUNNING COMPLETED
average cg iters for step= 1.100000e+01
Time = 1.589208e+01 seconds
total_iters = 552
Checksums 68a6789c 82d88bfb
Saved gauge configuration in parallel to binary file lat_p64_size64_1
Time stamp Fri Aug 12 22:46:11 2022
Wrote info file lat_p64_size64_1.info
Time to save = 3.632259e-01
CHECK PLAQ: 1.646692e+00 1.646320e+00
CHECK NERSC LINKTR: 1.712179e-01 CKSUM: c4a5534f


warms 0
trajecs 4
traj_between_meas 1
beta 5.6
mass1 0.01
mass2 0.01
u0 0.8441
microcanonical_time_step 0.02
steps_per_trajectory 15
max_cg_iterations 300
max_cg_restarts 5
error_per_site 1e-05
error_for_propagator 1e-05
npbp_reps 1
prec_pbp 1
reload_parallel lat_p64_size64_1
save_parallel lat_p64_size64_2
Restored binary gauge configuration in parallel from file lat_p64_size64_1
Time stamp Fri Aug 12 22:46:11 2022
Checksums 68a6789c 82d88bfb OK
Time to reload gauge configuration = 1.309550e-01
CHECK PLAQ: 1.646692e+00 1.646320e+00
CHECK NERSC LINKTR: 1.712179e-01 CKSUM: c4a5534f
Unitarity checked.  Max deviation 2.98e-07
Time to check unitarity = 5.550385e-04
"O(a^2): couplings(pi)=0, Naik term, No O(a^2) errors, tadpole weights"
path coefficients: npath  path_coeff  multiplicity
                    0      6.250000e-01     8
                    1      -5.847914e-02     8
                    2      -8.771871e-02     48
                    3      3.077829e-02     192
                    4      -7.199551e-03     384
                    5      -1.231132e-01     48
Symanzik 1x1 + 1x2 + 1x1x1 action
gauge_action: total_dyn_flavors = 3
loop coefficients: nloop rep loop_coeff  multiplicity
                    0 0      1.000000e+00     6
                    1 0      -7.762509e-02     12
                    2 0      -1.031171e-02     16
WARMUPS COMPLETED
CONGRAD5: time = 7.538910e-01 (fn F) masses = 1 iters = 573 mflops = 2.078640e+03
 OK converged final_rsq= 1e-10 (cf 1e-10) rel = 1 (cf 0) restarts = 2 iters= 573
CONGRAD5: time = 7.106071e-01 (fn F) masses = 1 iters = 563 mflops = 2.166766e+03
 OK converged final_rsq= 9.9e-11 (cf 1e-10) rel = 1 (cf 0) restarts = 2 iters= 563
GFTIME:   time = 1.394498e-01 (Symanzik1) mflops = 2.527943e+03
FFTIME:  time = 3.869009e-01 (asqtad3) terms = 2 mflops = 2.584285e+03
CONGRAD5: time = 7.523630e-01 (fn F) masses = 1 iters = 595 mflops = 2.162832e+03
 OK converged final_rsq= 1e-10 (cf 1e-10) rel = 1 (cf 0) restarts = 2 iters= 595
CONGRAD5: time = 7.250600e-01 (fn F) masses = 1 iters = 572 mflops = 2.157522e+03
 OK converged final_rsq= 5e-11 (cf 1e-10) rel = 1 (cf 0) restarts = 3 iters= 572
GFTIME:   time = 1.386681e-01 (Symanzik1) mflops = 2.542195e+03
FFTIME:  time = 3.867681e-01 (asqtad3) terms = 2 mflops = 2.585173e+03
CONGRAD5: time = 7.560890e-01 (fn F) masses = 1 iters = 596 mflops = 2.155790e+03
 OK converged final_rsq= 9.4e-11 (cf 1e-10) rel = 1 (cf 0) restarts = 2 iters= 596
CONGRAD5: time = 7.077620e-01 (fn F) masses = 1 iters = 558 mflops = 2.156156e+03
 OK converged final_rsq= 1e-10 (cf 1e-10) rel = 1 (cf 0) restarts = 2 iters= 558
GFTIME:   time = 1.389780e-01 (Symanzik1) mflops = 2.536525e+03
FFTIME:  time = 3.864050e-01 (asqtad3) terms = 2 mflops = 2.587602e+03
CONGRAD5: time = 7.502491e-01 (fn F) masses = 1 iters = 587 mflops = 2.139764e+03
 OK converged final_rsq= 1e-10 (cf 1e-10) rel = 1 (cf 0) restarts = 2 iters= 587
CONGRAD5: time = 8.217671e-01 (fn F) masses = 1 iters = 577 mflops = 1.920261e+03
 OK converged final_rsq= 9.9e-11 (cf 1e-10) rel = 1 (cf 0) restarts = 2 iters= 577
GFTIME:   time = 1.468740e-01 (Symanzik1) mflops = 2.400162e+03
FFTIME:  time = 4.098248e-01 (asqtad3) terms = 2 mflops = 2.439731e+03
CONGRAD5: time = 7.871790e-01 (fn F) masses = 1 iters = 596 mflops = 2.070646e+03
 OK converged final_rsq= 1e-10 (cf 1e-10) rel = 1 (cf 0) restarts = 2 iters= 596
CONGRAD5: time = 7.651010e-01 (fn F) masses = 1 iters = 587 mflops = 2.098227e+03
 OK converged final_rsq= 1e-10 (cf 1e-10) rel = 1 (cf 0) restarts = 2 iters= 587
GFTIME:   time = 1.390829e-01 (Symanzik1) mflops = 2.534612e+03
FFTIME:  time = 3.854060e-01 (asqtad3) terms = 2 mflops = 2.594309e+03
CONGRAD5: time = 7.550960e-01 (fn F) masses = 1 iters = 596 mflops = 2.158626e+03
 OK converged final_rsq= 4.9e-11 (cf 1e-10) rel = 1 (cf 0) restarts = 3 iters= 596
CONGRAD5: time = 7.233891e-01 (fn F) masses = 1 iters = 572 mflops = 2.162506e+03
 OK converged final_rsq= 9.9e-11 (cf 1e-10) rel = 1 (cf 0) restarts = 2 iters= 572
GFTIME:   time = 1.383579e-01 (Symanzik1) mflops = 2.547894e+03
FFTIME:  time = 3.847990e-01 (asqtad3) terms = 2 mflops = 2.598401e+03
CONGRAD5: time = 7.245600e-01 (fn F) masses = 1 iters = 572 mflops = 2.159011e+03
 OK converged final_rsq= 9.9e-11 (cf 1e-10) rel = 1 (cf 0) restarts = 2 iters= 572
CONGRAD5: time = 7.243681e-01 (fn F) masses = 1 iters = 573 mflops = 2.163359e+03
 OK converged final_rsq= 9.9e-11 (cf 1e-10) rel = 1 (cf 0) restarts = 2 iters= 573
GFTIME:   time = 1.388280e-01 (Symanzik1) mflops = 2.539265e+03
FFTIME:  time = 3.857820e-01 (asqtad3) terms = 2 mflops = 2.591780e+03
CONGRAD5: time = 7.554331e-01 (fn F) masses = 1 iters = 597 mflops = 2.161282e+03
 OK converged final_rsq= 9.3e-11 (cf 1e-10) rel = 1 (cf 0) restarts = 2 iters= 597
CONGRAD5: time = 7.382309e-01 (fn F) masses = 1 iters = 584 mflops = 2.163485e+03
 OK converged final_rsq= 9.7e-11 (cf 1e-10) rel = 1 (cf 0) restarts = 2 iters= 584
GFTIME:   time = 1.387489e-01 (Symanzik1) mflops = 2.540714e+03
FFTIME:  time = 3.858230e-01 (asqtad3) terms = 2 mflops = 2.591505e+03
CONGRAD5: time = 7.086511e-01 (fn F) masses = 1 iters = 559 mflops = 2.157310e+03
 OK converged final_rsq= 5e-11 (cf 1e-10) rel = 1 (cf 0) restarts = 3 iters= 559
CONGRAD5: time = 7.222629e-01 (fn F) masses = 1 iters = 572 mflops = 2.165878e+03
 OK converged final_rsq= 9.9e-11 (cf 1e-10) rel = 1 (cf 0) restarts = 2 iters= 572
GFTIME:   time = 1.387830e-01 (Symanzik1) mflops = 2.540090e+03
FFTIME:  time = 3.857079e-01 (asqtad3) terms = 2 mflops = 2.592279e+03
CONGRAD5: time = 7.386539e-01 (fn F) masses = 1 iters = 581 mflops = 2.151138e+03
 OK converged final_rsq= 9.8e-11 (cf 1e-10) rel = 1 (cf 0) restarts = 2 iters= 581
CONGRAD5: time = 7.277751e-01 (fn F) masses = 1 iters = 561 mflops = 2.108137e+03
 OK converged final_rsq= 5e-11 (cf 1e-10) rel = 1 (cf 0) restarts = 3 iters= 561
GFTIME:   time = 1.384492e-01 (Symanzik1) mflops = 2.546214e+03
FFTIME:  time = 3.836710e-01 (asqtad3) terms = 2 mflops = 2.606040e+03
CONGRAD5: time = 7.469430e-01 (fn F) masses = 1 iters = 589 mflops = 2.156557e+03
 OK converged final_rsq= 5e-11 (cf 1e-10) rel = 1 (cf 0) restarts = 3 iters= 589
CONGRAD5: time = 6.667602e-01 (fn F) masses = 1 iters = 527 mflops = 2.161594e+03
 OK converged final_rsq= 1e-10 (cf 1e-10) rel = 1 (cf 0) restarts = 2 iters= 527
GFTIME:   time = 1.391201e-01 (Symanzik1) mflops = 2.533934e+03
FFTIME:  time = 3.848050e-01 (asqtad3) terms = 2 mflops = 2.598361e+03
CONGRAD5: time = 6.833930e-01 (fn F) masses = 1 iters = 538 mflops = 2.153005e+03
 OK converged final_rsq= 5e-11 (cf 1e-10) rel = 1 (cf 0) restarts = 3 iters= 538
CONGRAD5: time = 7.240891e-01 (fn F) masses = 1 iters = 572 mflops = 2.160415e+03
 OK converged final_rsq= 9.9e-11 (cf 1e-10) rel = 1 (cf 0) restarts = 2 iters= 572
GFTIME:   time = 1.389902e-01 (Symanzik1) mflops = 2.536303e+03
FFTIME:  time = 3.866210e-01 (asqtad3) terms = 2 mflops = 2.586156e+03
CONGRAD5: time = 7.543180e-01 (fn F) masses = 1 iters = 594 mflops = 2.153601e+03
 OK converged final_rsq= 4.9e-11 (cf 1e-10) rel = 1 (cf 0) restarts = 3 iters= 594
CONGRAD5: time = 7.173061e-01 (fn F) masses = 1 iters = 566 mflops = 2.157968e+03
 OK converged final_rsq= 5e-11 (cf 1e-10) rel = 1 (cf 0) restarts = 3 iters= 566
GFTIME:   time = 1.393790e-01 (Symanzik1) mflops = 2.529227e+03
FFTIME:  time = 3.864110e-01 (asqtad3) terms = 2 mflops = 2.587562e+03
CONGRAD5: time = 7.406411e-01 (fn F) masses = 1 iters = 583 mflops = 2.152752e+03
 OK converged final_rsq= 9.9e-11 (cf 1e-10) rel = 1 (cf 0) restarts = 2 iters= 583
CONGRAD5: time = 7.220809e-01 (fn F) masses = 1 iters = 570 mflops = 2.158848e+03
 OK converged final_rsq= 1e-10 (cf 1e-10) rel = 1 (cf 0) restarts = 2 iters= 570
GFTIME:   time = 1.389751e-01 (Symanzik1) mflops = 2.536577e+03
FFTIME:  time = 3.860040e-01 (asqtad3) terms = 2 mflops = 2.590290e+03
CONGRAD5: time = 7.526271e-01 (fn F) masses = 1 iters = 593 mflops = 2.154805e+03
 OK converged final_rsq= 9.7e-11 (cf 1e-10) rel = 1 (cf 0) restarts = 2 iters= 593
CONGRAD5: time = 7.224879e-01 (fn F) masses = 1 iters = 569 mflops = 2.153847e+03
 OK converged final_rsq= 4.9e-11 (cf 1e-10) rel = 1 (cf 0) restarts = 3 iters= 569
GFTIME:   time = 1.383970e-01 (Symanzik1) mflops = 2.547174e+03
FFTIME:  time = 3.852201e-01 (asqtad3) terms = 2 mflops = 2.595561e+03
PLAQ:	1.541187	1.539437
P_LOOP:	-1.141752e-03	-1.306813e-02
G_LOOP:  0  0  4   	1.541648e+00	( 0 1 7 6  )
G_LOOP:  0  1  4   	1.539963e+00	( 0 2 7 5  )
G_LOOP:  0  2  4   	1.540131e+00	( 0 3 7 4  )
G_LOOP:  0  3  4   	1.541949e+00	( 1 2 6 5  )
G_LOOP:  0  4  4   	1.538898e+00	( 1 3 6 4  )
G_LOOP:  0  5  4   	1.539281e+00	( 2 3 5 4  )
G_LOOP:  1  0  6   	7.830470e-01	( 0 0 1 7 7 6  )
G_LOOP:  1  1  6   	7.774833e-01	( 0 0 2 7 7 5  )
G_LOOP:  1  2  6   	7.808380e-01	( 0 0 3 7 7 4  )
G_LOOP:  1  3  6   	7.790779e-01	( 1 1 0 6 6 7  )
G_LOOP:  1  4  6   	7.815992e-01	( 1 1 2 6 6 5  )
G_LOOP:  1  5  6   	7.768085e-01	( 1 1 3 6 6 4  )
G_LOOP:  1  6  6   	7.791801e-01	( 2 2 0 5 5 7  )
G_LOOP:  1  7  6   	7.849183e-01	( 2 2 1 5 5 6  )
G_LOOP:  1  8  6   	7.778554e-01	( 2 2 3 5 5 4  )
G_LOOP:  1  9  6   	7.772978e-01	( 3 3 0 4 4 7  )
G_LOOP:  1  10  6   	7.810393e-01	( 3 3 1 4 4 6  )
G_LOOP:  1  11  6   	7.788501e-01	( 3 3 2 4 4 5  )
G_LOOP:  2  0  6   	8.020517e-01	( 0 1 2 7 6 5  )
G_LOOP:  2  1  6   	8.001462e-01	( 0 1 5 7 6 2  )
G_LOOP:  2  2  6   	8.013429e-01	( 0 6 2 7 1 5  )
G_LOOP:  2  3  6   	8.030511e-01	( 0 6 5 7 1 2  )
G_LOOP:  2  4  6   	8.007939e-01	( 0 1 3 7 6 4  )
G_LOOP:  2  5  6   	7.963894e-01	( 0 1 4 7 6 3  )
G_LOOP:  2  6  6   	7.978835e-01	( 0 6 3 7 1 4  )
G_LOOP:  2  7  6   	8.024131e-01	( 0 6 4 7 1 3  )
G_LOOP:  2  8  6   	7.987494e-01	( 0 2 3 7 5 4  )
G_LOOP:  2  9  6   	7.991384e-01	( 0 2 4 7 5 3  )
G_LOOP:  2  10  6   	7.988639e-01	( 0 5 3 7 2 4  )
G_LOOP:  2  11  6   	7.985226e-01	( 0 5 4 7 2 3  )
G_LOOP:  2  12  6   	7.973328e-01	( 1 2 3 6 5 4  )
G_LOOP:  2  13  6   	7.974677e-01	( 1 2 4 6 5 3  )
G_LOOP:  2  14  6   	8.000052e-01	( 1 5 3 6 2 4  )
G_LOOP:  2  15  6   	8.015423e-01	( 1 5 4 6 2 3  )
GACTION: 6.327025e+00
CONGRAD5: time = 7.390900e-01 (fn F) masses = 1 iters = 549 mflops = 2.031460e+03
 OK converged final_rsq= 5e-11 (cf 1e-10) rel = 1 (cf 0) restarts = 3 iters= 549
CONGRAD5: time = 1.535890e-01 (fn F) masses = 1 iters = 73 mflops = 1.299858e+03
 OK converged final_rsq= 9.9e-11 (cf 1e-10) rel = 1 (cf 0) restarts = 1 iters= 73
PBP: mass 1.000000e-02     3.264870e-02  3.450378e-02  -2.495902e-03  -2.496758e-03 ( 1 of 1 )
FACTION: mass = 1.000000e-02,  1.495516e+00 ( 1 of 1 )
CONGRAD5: time = 7.653301e-01 (fn F) masses = 1 iters = 591 mflops = 2.111893e+03
 OK converged final_rsq= 9.7e-11 (cf 1e-10) rel = 1 (cf 0) restarts = 2 iters= 591
CONGRAD5: time = 1.068699e-01 (fn F) masses = 1 iters = 73 mflops = 1.868102e+03
 OK converged final_rsq= 1e-10 (cf 1e-10) rel = 1 (cf 0) restarts = 1 iters= 73
PBP: mass 1.000000e-02     3.933426e-02  2.958555e-02  5.085964e-03  5.083389e-03 ( 1 of 1 )
FACTION: mass = 1.000000e-02,  1.498178e+00 ( 1 of 1 )
CONGRAD5: time = 7.870600e-01 (fn F) masses = 1 iters = 596 mflops = 2.070959e+03
 OK converged final_rsq= 4.9e-11 (cf 1e-10) rel = 1 (cf 0) restarts = 3 iters= 596
CONGRAD5: time = 7.391300e-01 (fn F) masses = 1 iters = 580 mflops = 2.146053e+03
 OK converged final_rsq= 9.8e-11 (cf 1e-10) rel = 1 (cf 0) restarts = 2 iters= 580
GFTIME:   time = 1.460509e-01 (Symanzik1) mflops = 2.413687e+03
FFTIME:  time = 4.071009e-01 (asqtad3) terms = 2 mflops = 2.456055e+03
CONGRAD5: time = 7.381921e-01 (fn F) masses = 1 iters = 578 mflops = 2.141370e+03
 OK converged final_rsq= 5e-11 (cf 1e-10) rel = 1 (cf 0) restarts = 3 iters= 578
CONGRAD5: time = 7.350581e-01 (fn F) masses = 1 iters = 578 mflops = 2.150500e+03
 OK converged final_rsq= 9.9e-11 (cf 1e-10) rel = 1 (cf 0) restarts = 2 iters= 578
GFTIME:   time = 1.387711e-01 (Symanzik1) mflops = 2.540308e+03
FFTIME:  time = 3.871779e-01 (asqtad3) terms = 2 mflops = 2.582436e+03
CONGRAD5: time = 7.776492e-01 (fn F) masses = 1 iters = 593 mflops = 2.085471e+03
 OK converged final_rsq= 9.7e-11 (cf 1e-10) rel = 1 (cf 0) restarts = 2 iters= 593
CONGRAD5: time = 7.192330e-01 (fn F) masses = 1 iters = 567 mflops = 2.155989e+03
 OK converged final_rsq= 9.9e-11 (cf 1e-10) rel = 1 (cf 0) restarts = 2 iters= 567
GFTIME:   time = 1.386158e-01 (Symanzik1) mflops = 2.543152e+03
FFTIME:  time = 3.857331e-01 (asqtad3) terms = 2 mflops = 2.592109e+03
CONGRAD5: time = 7.537608e-01 (fn F) masses = 1 iters = 593 mflops = 2.151564e+03
 OK converged final_rsq= 1e-10 (cf 1e-10) rel = 1 (cf 0) restarts = 2 iters= 593
CONGRAD5: time = 7.334232e-01 (fn F) masses = 1 iters = 578 mflops = 2.155293e+03
 OK converged final_rsq= 1e-10 (cf 1e-10) rel = 1 (cf 0) restarts = 2 iters= 578
GFTIME:   time = 1.393991e-01 (Symanzik1) mflops = 2.528864e+03
FFTIME:  time = 3.845160e-01 (asqtad3) terms = 2 mflops = 2.600314e+03
CONGRAD5: time = 7.547030e-01 (fn F) masses = 1 iters = 592 mflops = 2.145254e+03
 OK converged final_rsq= 4.9e-11 (cf 1e-10) rel = 1 (cf 0) restarts = 3 iters= 592
CONGRAD5: time = 7.457259e-01 (fn F) masses = 1 iters = 578 mflops = 2.119736e+03
 OK converged final_rsq= 1e-10 (cf 1e-10) rel = 1 (cf 0) restarts = 2 iters= 578
GFTIME:   time = 1.396730e-01 (Symanzik1) mflops = 2.523904e+03
FFTIME:  time = 3.895450e-01 (asqtad3) terms = 2 mflops = 2.566744e+03
CONGRAD5: time = 7.552788e-01 (fn F) masses = 1 iters = 594 mflops = 2.150861e+03
 OK converged final_rsq= 9.8e-11 (cf 1e-10) rel = 1 (cf 0) restarts = 2 iters= 594
CONGRAD5: time = 7.461910e-01 (fn F) masses = 1 iters = 580 mflops = 2.125745e+03
 OK converged final_rsq= 4.9e-11 (cf 1e-10) rel = 1 (cf 0) restarts = 3 iters= 580
GFTIME:   time = 1.780910e-01 (Symanzik1) mflops = 1.979444e+03
FFTIME:  time = 3.993320e-01 (asqtad3) terms = 2 mflops = 2.503837e+03
CONGRAD5: time = 7.840340e-01 (fn F) masses = 1 iters = 593 mflops = 2.068488e+03
 OK converged final_rsq= 9.5e-11 (cf 1e-10) rel = 1 (cf 0) restarts = 2 iters= 593
CONGRAD5: time = 7.787681e-01 (fn F) masses = 1 iters = 592 mflops = 2.078963e+03
 OK converged final_rsq= 9.9e-11 (cf 1e-10) rel = 1 (cf 0) restarts = 2 iters= 592
GFTIME:   time = 1.387429e-01 (Symanzik1) mflops = 2.540823e+03
FFTIME:  time = 3.835142e-01 (asqtad3) terms = 2 mflops = 2.607106e+03
CONGRAD5: time = 7.492380e-01 (fn F) masses = 1 iters = 590 mflops = 2.153602e+03
 OK converged final_rsq= 4.9e-11 (cf 1e-10) rel = 1 (cf 0) restarts = 3 iters= 590
CONGRAD5: time = 7.335470e-01 (fn F) masses = 1 iters = 579 mflops = 2.158658e+03
 OK converged final_rsq= 1e-10 (cf 1e-10) rel = 1 (cf 0) restarts = 2 iters= 579
GFTIME:   time = 1.388018e-01 (Symanzik1) mflops = 2.539745e+03
FFTIME:  time = 3.844860e-01 (asqtad3) terms = 2 mflops = 2.600517e+03
CONGRAD5: time = 7.523069e-01 (fn F) masses = 1 iters = 593 mflops = 2.155722e+03
 OK converged final_rsq= 1e-10 (cf 1e-10) rel = 1 (cf 0) restarts = 2 iters= 593
CONGRAD5: time = 7.255700e-01 (fn F) masses = 1 iters = 571 mflops = 2.152237e+03
 OK converged final_rsq= 9.9e-11 (cf 1e-10) rel = 1 (cf 0) restarts = 2 iters= 571
GFTIME:   time = 1.388650e-01 (Symanzik1) mflops = 2.538590e+03
FFTIME:  time = 3.854730e-01 (asqtad3) terms = 2 mflops = 2.593858e+03
CONGRAD5: time = 7.549970e-01 (fn F) masses = 1 iters = 592 mflops = 2.144419e+03
 OK converged final_rsq= 9.8e-11 (cf 1e-10) rel = 1 (cf 0) restarts = 2 iters= 592
CONGRAD5: time = 7.537901e-01 (fn F) masses = 1 iters = 593 mflops = 2.151481e+03
 OK converged final_rsq= 5e-11 (cf 1e-10) rel = 1 (cf 0) restarts = 3 iters= 593
GFTIME:   time = 1.390440e-01 (Symanzik1) mflops = 2.535320e+03
FFTIME:  time = 3.862112e-01 (asqtad3) terms = 2 mflops = 2.588901e+03
CONGRAD5: time = 7.504840e-01 (fn F) masses = 1 iters = 589 mflops = 2.146382e+03
 OK converged final_rsq= 9.8e-11 (cf 1e-10) rel = 1 (cf 0) restarts = 2 iters= 589
CONGRAD5: time = 7.364411e-01 (fn F) masses = 1 iters = 578 mflops = 2.146461e+03
 OK converged final_rsq= 9.9e-11 (cf 1e-10) rel = 1 (cf 0) restarts = 2 iters= 578
GFTIME:   time = 1.403100e-01 (Symanzik1) mflops = 2.512445e+03
FFTIME:  time = 3.855510e-01 (asqtad3) terms = 2 mflops = 2.593334e+03
CONGRAD5: time = 7.591660e-01 (fn F) masses = 1 iters = 597 mflops = 2.150655e+03
 OK converged final_rsq= 9.5e-11 (cf 1e-10) rel = 1 (cf 0) restarts = 2 iters= 597
CONGRAD5: time = 7.630589e-01 (fn F) masses = 1 iters = 595 mflops = 2.132515e+03
 OK converged final_rsq= 9.4e-11 (cf 1e-10) rel = 1 (cf 0) restarts = 2 iters= 595
GFTIME:   time = 1.403558e-01 (Symanzik1) mflops = 2.511625e+03
FFTIME:  time = 4.278340e-01 (asqtad3) terms = 2 mflops = 2.337033e+03
CONGRAD5: time = 7.746460e-01 (fn F) masses = 1 iters = 600 mflops = 2.118269e+03
 OK converged final_rsq= 9.7e-11 (cf 1e-10) rel = 1 (cf 0) restarts = 2 iters= 600
CONGRAD5: time = 7.658911e-01 (fn F) masses = 1 iters = 597 mflops = 2.131771e+03
 OK converged final_rsq= 9.4e-11 (cf 1e-10) rel = 1 (cf 0) restarts = 2 iters= 597
GFTIME:   time = 1.481259e-01 (Symanzik1) mflops = 2.379876e+03
FFTIME:  time = 4.123828e-01 (asqtad3) terms = 2 mflops = 2.424597e+03
CONGRAD5: time = 7.526169e-01 (fn F) masses = 1 iters = 591 mflops = 2.147567e+03
 OK converged final_rsq= 9.6e-11 (cf 1e-10) rel = 1 (cf 0) restarts = 2 iters= 591
CONGRAD5: time = 7.505660e-01 (fn F) masses = 1 iters = 591 mflops = 2.153435e+03
 OK converged final_rsq= 4.9e-11 (cf 1e-10) rel = 1 (cf 0) restarts = 3 iters= 591
GFTIME:   time = 1.386390e-01 (Symanzik1) mflops = 2.542728e+03
FFTIME:  time = 3.844740e-01 (asqtad3) terms = 2 mflops = 2.600598e+03
CONGRAD5: time = 7.604899e-01 (fn F) masses = 1 iters = 598 mflops = 2.150507e+03
 OK converged final_rsq= 9.4e-11 (cf 1e-10) rel = 1 (cf 0) restarts = 2 iters= 598
CONGRAD5: time = 7.548881e-01 (fn F) masses = 1 iters = 595 mflops = 2.155597e+03
 OK converged final_rsq= 9.7e-11 (cf 1e-10) rel = 1 (cf 0) restarts = 2 iters= 595
GFTIME:   time = 1.392519e-01 (Symanzik1) mflops = 2.531535e+03
FFTIME:  time = 3.851080e-01 (asqtad3) terms = 2 mflops = 2.596317e+03
PLAQ:	1.498580	1.498366
P_LOOP:	-9.362459e-03	-1.518850e-02
G_LOOP:  0  0  4   	1.499101e+00	( 0 1 7 6  )
G_LOOP:  0  1  4   	1.497604e+00	( 0 2 7 5  )
G_LOOP:  0  2  4   	1.498743e+00	( 0 3 7 4  )
G_LOOP:  0  3  4   	1.499035e+00	( 1 2 6 5  )
G_LOOP:  0  4  4   	1.498258e+00	( 1 3 6 4  )
G_LOOP:  0  5  4   	1.498098e+00	( 2 3 5 4  )
G_LOOP:  1  0  6   	7.395123e-01	( 0 0 1 7 7 6  )
G_LOOP:  1  1  6   	7.376781e-01	( 0 0 2 7 7 5  )
G_LOOP:  1  2  6   	7.435045e-01	( 0 0 3 7 7 4  )
G_LOOP:  1  3  6   	7.406574e-01	( 1 1 0 6 6 7  )
G_LOOP:  1  4  6   	7.434037e-01	( 1 1 2 6 6 5  )
G_LOOP:  1  5  6   	7.406324e-01	( 1 1 3 6 6 4  )
G_LOOP:  1  6  6   	7.401077e-01	( 2 2 0 5 5 7  )
G_LOOP:  1  7  6   	7.442130e-01	( 2 2 1 5 5 6  )
G_LOOP:  1  8  6   	7.391238e-01	( 2 2 3 5 5 4  )
G_LOOP:  1  9  6   	7.384941e-01	( 3 3 0 4 4 7  )
G_LOOP:  1  10  6   	7.392203e-01	( 3 3 1 4 4 6  )
G_LOOP:  1  11  6   	7.403361e-01	( 3 3 2 4 4 5  )
G_LOOP:  2  0  6   	7.628318e-01	( 0 1 2 7 6 5  )
G_LOOP:  2  1  6   	7.608475e-01	( 0 1 5 7 6 2  )
G_LOOP:  2  2  6   	7.571566e-01	( 0 6 2 7 1 5  )
G_LOOP:  2  3  6   	7.599215e-01	( 0 6 5 7 1 2  )
G_LOOP:  2  4  6   	7.578938e-01	( 0 1 3 7 6 4  )
G_LOOP:  2  5  6   	7.569695e-01	( 0 1 4 7 6 3  )
G_LOOP:  2  6  6   	7.575471e-01	( 0 6 3 7 1 4  )
G_LOOP:  2  7  6   	7.594470e-01	( 0 6 4 7 1 3  )
G_LOOP:  2  8  6   	7.598450e-01	( 0 2 3 7 5 4  )
G_LOOP:  2  9  6   	7.594236e-01	( 0 2 4 7 5 3  )
G_LOOP:  2  10  6   	7.573897e-01	( 0 5 3 7 2 4  )
G_LOOP:  2  11  6   	7.594762e-01	( 0 5 4 7 2 3  )
G_LOOP:  2  12  6   	7.605993e-01	( 1 2 3 6 5 4  )
G_LOOP:  2  13  6   	7.580096e-01	( 1 2 4 6 5 3  )
G_LOOP:  2  14  6   	7.596792e-01	( 1 5 3 6 2 4  )
G_LOOP:  2  15  6   	7.599017e-01	( 1 5 4 6 2 3  )
GACTION: 6.534796e+00
CONGRAD5: time = 7.425709e-01 (fn F) masses = 1 iters = 585 mflops = 2.154523e+03
 OK converged final_rsq= 9.8e-11 (cf 1e-10) rel = 1 (cf 0) restarts = 2 iters= 585
CONGRAD5: time = 9.327292e-02 (fn F) masses = 1 iters = 72 mflops = 2.111106e+03
 OK converged final_rsq= 9.9e-11 (cf 1e-10) rel = 1 (cf 0) restarts = 1 iters= 72
PBP: mass 1.000000e-02     3.857641e-02  3.545636e-02  1.922859e-03  1.922105e-03 ( 1 of 1 )
FACTION: mass = 1.000000e-02,  1.499606e+00 ( 1 of 1 )
CONGRAD5: time = 7.718701e-01 (fn F) masses = 1 iters = 592 mflops = 2.097542e+03
 OK converged final_rsq= 9.7e-11 (cf 1e-10) rel = 1 (cf 0) restarts = 2 iters= 592
CONGRAD5: time = 9.954000e-02 (fn F) masses = 1 iters = 77 mflops = 2.115565e+03
 OK converged final_rsq= 1e-10 (cf 1e-10) rel = 1 (cf 0) restarts = 1 iters= 77
PBP: mass 1.000000e-02     3.377239e-02  4.241263e-02  8.153259e-03  8.156381e-03 ( 1 of 1 )
FACTION: mass = 1.000000e-02,  1.500867e+00 ( 1 of 1 )
CONGRAD5: time = 7.468662e-01 (fn F) masses = 1 iters = 588 mflops = 2.153117e+03
 OK converged final_rsq= 9.7e-11 (cf 1e-10) rel = 1 (cf 0) restarts = 2 iters= 588
CONGRAD5: time = 7.436850e-01 (fn F) masses = 1 iters = 585 mflops = 2.151295e+03
 OK converged final_rsq= 1e-10 (cf 1e-10) rel = 1 (cf 0) restarts = 2 iters= 585
GFTIME:   time = 1.393981e-01 (Symanzik1) mflops = 2.528881e+03
FFTIME:  time = 3.890281e-01 (asqtad3) terms = 2 mflops = 2.570155e+03
CONGRAD5: time = 7.591560e-01 (fn F) masses = 1 iters = 597 mflops = 2.150683e+03
 OK converged final_rsq= 9.5e-11 (cf 1e-10) rel = 1 (cf 0) restarts = 2 iters= 597
CONGRAD5: time = 7.532032e-01 (fn F) masses = 1 iters = 594 mflops = 2.156788e+03
 OK converged final_rsq= 9.6e-11 (cf 1e-10) rel = 1 (cf 0) restarts = 2 iters= 594
GFTIME:   time = 1.403589e-01 (Symanzik1) mflops = 2.511570e+03
FFTIME:  time = 4.216728e-01 (asqtad3) terms = 2 mflops = 2.371180e+03
CONGRAD5: time = 7.926612e-01 (fn F) masses = 1 iters = 598 mflops = 2.063226e+03
 OK converged final_rsq= 9.4e-11 (cf 1e-10) rel = 1 (cf 0) restarts = 2 iters= 598
CONGRAD5: time = 7.599411e-01 (fn F) masses = 1 iters = 598 mflops = 2.152060e+03
 OK converged final_rsq= 9.2e-11 (cf 1e-10) rel = 1 (cf 0) restarts = 2 iters= 598
GFTIME:   time = 1.481130e-01 (Symanzik1) mflops = 2.380083e+03
FFTIME:  time = 4.114521e-01 (asqtad3) terms = 2 mflops = 2.430082e+03
CONGRAD5: time = 7.682679e-01 (fn F) masses = 1 iters = 598 mflops = 2.128736e+03
 OK converged final_rsq= 9.5e-11 (cf 1e-10) rel = 1 (cf 0) restarts = 2 iters= 598
CONGRAD5: time = 7.455370e-01 (fn F) masses = 1 iters = 587 mflops = 2.153288e+03
 OK converged final_rsq= 9.7e-11 (cf 1e-10) rel = 1 (cf 0) restarts = 2 iters= 587
GFTIME:   time = 1.388280e-01 (Symanzik1) mflops = 2.539265e+03
FFTIME:  time = 3.848059e-01 (asqtad3) terms = 2 mflops = 2.598355e+03
CONGRAD5: time = 7.546570e-01 (fn F) masses = 1 iters = 594 mflops = 2.152633e+03
 OK converged final_rsq= 1e-10 (cf 1e-10) rel = 1 (cf 0) restarts = 2 iters= 594
CONGRAD5: time = 7.476232e-01 (fn F) masses = 1 iters = 588 mflops = 2.150937e+03
 OK converged final_rsq= 4.9e-11 (cf 1e-10) rel = 1 (cf 0) restarts = 3 iters= 588
GFTIME:   time = 1.390200e-01 (Symanzik1) mflops = 2.535760e+03
FFTIME:  time = 3.860600e-01 (asqtad3) terms = 2 mflops = 2.589914e+03
CONGRAD5: time = 7.610440e-01 (fn F) masses = 1 iters = 599 mflops = 2.152535e+03
 OK converged final_rsq= 9.2e-11 (cf 1e-10) rel = 1 (cf 0) restarts = 2 iters= 599
CONGRAD5: time = 7.637930e-01 (fn F) masses = 1 iters = 600 mflops = 2.148368e+03
 OK converged final_rsq= 8.1e-11 (cf 1e-10) rel = 1 (cf 0) restarts = 2 iters= 600
GFTIME:   time = 1.388550e-01 (Symanzik1) mflops = 2.538773e+03
FFTIME:  time = 3.843770e-01 (asqtad3) terms = 2 mflops = 2.601254e+03
CONGRAD5: time = 7.534058e-01 (fn F) masses = 1 iters = 593 mflops = 2.152578e+03
 OK converged final_rsq= 5e-11 (cf 1e-10) rel = 1 (cf 0) restarts = 3 iters= 593
CONGRAD5: time = 7.515340e-01 (fn F) masses = 1 iters = 590 mflops = 2.147022e+03
 OK converged final_rsq= 9.9e-11 (cf 1e-10) rel = 1 (cf 0) restarts = 2 iters= 590
GFTIME:   time = 1.396720e-01 (Symanzik1) mflops = 2.523921e+03
FFTIME:  time = 3.882470e-01 (asqtad3) terms = 2 mflops = 2.575325e+03
CONGRAD5: time = 7.641881e-01 (fn F) masses = 1 iters = 600 mflops = 2.147258e+03
 OK converged final_rsq= 9.5e-11 (cf 1e-10) rel = 1 (cf 0) restarts = 2 iters= 600
CONGRAD5: time = 7.348869e-01 (fn F) masses = 1 iters = 577 mflops = 2.147279e+03
 OK converged final_rsq= 5e-11 (cf 1e-10) rel = 1 (cf 0) restarts = 3 iters= 577
GFTIME:   time = 1.392181e-01 (Symanzik1) mflops = 2.532151e+03
FFTIME:  time = 4.071531e-01 (asqtad3) terms = 2 mflops = 2.455740e+03
CONGRAD5: time = 8.291731e-01 (fn F) masses = 1 iters = 602 mflops = 1.985567e+03
 OK converged final_rsq= 4.2e-11 (cf 1e-10) rel = 1 (cf 0) restarts = 3 iters= 602
CONGRAD5: time = 7.603459e-01 (fn F) masses = 1 iters = 594 mflops = 2.136527e+03
 OK converged final_rsq= 5e-11 (cf 1e-10) rel = 1 (cf 0) restarts = 3 iters= 594
GFTIME:   time = 1.551218e-01 (Symanzik1) mflops = 2.272545e+03
FFTIME:  time = 4.163780e-01 (asqtad3) terms = 2 mflops = 2.401333e+03
CONGRAD5: time = 7.762091e-01 (fn F) masses = 1 iters = 585 mflops = 2.061153e+03
 OK converged final_rsq= 9.8e-11 (cf 1e-10) rel = 1 (cf 0) restarts = 2 iters= 585
CONGRAD5: time = 7.321720e-01 (fn F) masses = 1 iters = 577 mflops = 2.155241e+03
 OK converged final_rsq= 1e-10 (cf 1e-10) rel = 1 (cf 0) restarts = 2 iters= 577
GFTIME:   time = 1.387968e-01 (Symanzik1) mflops = 2.539837e+03
FFTIME:  time = 3.842270e-01 (asqtad3) terms = 2 mflops = 2.602269e+03
CONGRAD5: time = 7.585320e-01 (fn F) masses = 1 iters = 597 mflops = 2.152453e+03
 OK converged final_rsq= 1e-10 (cf 1e-10) rel = 1 (cf 0) restarts = 2 iters= 597
CONGRAD5: time = 7.407038e-01 (fn F) masses = 1 iters = 582 mflops = 2.148877e+03
 OK converged final_rsq= 4.9e-11 (cf 1e-10) rel = 1 (cf 0) restarts = 3 iters= 582
GFTIME:   time = 1.385901e-01 (Symanzik1) mflops = 2.543625e+03
FFTIME:  time = 3.857758e-01 (asqtad3) terms = 2 mflops = 2.591822e+03
CONGRAD5: time = 7.611880e-01 (fn F) masses = 1 iters = 600 mflops = 2.155721e+03
 OK converged final_rsq= 8.6e-11 (cf 1e-10) rel = 1 (cf 0) restarts = 2 iters= 600
CONGRAD5: time = 7.755530e-01 (fn F) masses = 1 iters = 599 mflops = 2.112266e+03
 OK converged final_rsq= 8.8e-11 (cf 1e-10) rel = 1 (cf 0) restarts = 2 iters= 599
GFTIME:   time = 1.385250e-01 (Symanzik1) mflops = 2.544820e+03
FFTIME:  time = 3.839481e-01 (asqtad3) terms = 2 mflops = 2.604160e+03
CONGRAD5: time = 7.557058e-01 (fn F) masses = 1 iters = 595 mflops = 2.153265e+03
 OK converged final_rsq= 9.9e-11 (cf 1e-10) rel = 1 (cf 0) restarts = 2 iters= 595
CONGRAD5: time = 7.631040e-01 (fn F) masses = 1 iters = 600 mflops = 2.150308e+03
 OK converged final_rsq= 4.9e-11 (cf 1e-10) rel = 1 (cf 0) restarts = 3 iters= 600
GFTIME:   time = 1.501892e-01 (Symanzik1) mflops = 2.347181e+03
FFTIME:  time = 4.042711e-01 (asqtad3) terms = 2 mflops = 2.473247e+03
CONGRAD5: time = 7.924681e-01 (fn F) masses = 1 iters = 598 mflops = 2.063729e+03
 OK converged final_rsq= 9.3e-11 (cf 1e-10) rel = 1 (cf 0) restarts = 2 iters= 598
CONGRAD5: time = 7.468441e-01 (fn F) masses = 1 iters = 588 mflops = 2.153181e+03
 OK converged final_rsq= 9.8e-11 (cf 1e-10) rel = 1 (cf 0) restarts = 2 iters= 588
GFTIME:   time = 1.392479e-01 (Symanzik1) mflops = 2.531609e+03
FFTIME:  time = 4.101570e-01 (asqtad3) terms = 2 mflops = 2.437755e+03
CONGRAD5: time = 8.183169e-01 (fn F) masses = 1 iters = 600 mflops = 2.005224e+03
 OK converged final_rsq= 1e-10 (cf 1e-10) rel = 1 (cf 0) restarts = 2 iters= 600
CONGRAD5: time = 7.654490e-01 (fn F) masses = 1 iters = 594 mflops = 2.122283e+03
 OK converged final_rsq= 1e-10 (cf 1e-10) rel = 1 (cf 0) restarts = 2 iters= 594
GFTIME:   time = 1.503541e-01 (Symanzik1) mflops = 2.344606e+03
FFTIME:  time = 4.134181e-01 (asqtad3) terms = 2 mflops = 2.418526e+03
PLAQ:	1.475018	1.474765
P_LOOP:	1.583968e-03	8.888764e-03
G_LOOP:  0  0  4   	1.475200e+00	( 0 1 7 6  )
G_LOOP:  0  1  4   	1.473302e+00	( 0 2 7 5  )
G_LOOP:  0  2  4   	1.474447e+00	( 0 3 7 4  )
G_LOOP:  0  3  4   	1.476551e+00	( 1 2 6 5  )
G_LOOP:  0  4  4   	1.473466e+00	( 1 3 6 4  )
G_LOOP:  0  5  4   	1.476382e+00	( 2 3 5 4  )
G_LOOP:  1  0  6   	7.168152e-01	( 0 0 1 7 7 6  )
G_LOOP:  1  1  6   	7.143560e-01	( 0 0 2 7 7 5  )
G_LOOP:  1  2  6   	7.200913e-01	( 0 0 3 7 7 4  )
G_LOOP:  1  3  6   	7.156780e-01	( 1 1 0 6 6 7  )
G_LOOP:  1  4  6   	7.181522e-01	( 1 1 2 6 6 5  )
G_LOOP:  1  5  6   	7.148206e-01	( 1 1 3 6 6 4  )
G_LOOP:  1  6  6   	7.170349e-01	( 2 2 0 5 5 7  )
G_LOOP:  1  7  6   	7.201545e-01	( 2 2 1 5 5 6  )
G_LOOP:  1  8  6   	7.182823e-01	( 2 2 3 5 5 4  )
G_LOOP:  1  9  6   	7.158960e-01	( 3 3 0 4 4 7  )
G_LOOP:  1  10  6   	7.152688e-01	( 3 3 1 4 4 6  )
G_LOOP:  1  11  6   	7.163844e-01	( 3 3 2 4 4 5  )
G_LOOP:  2  0  6   	7.356671e-01	( 0 1 2 7 6 5  )
G_LOOP:  2  1  6   	7.328274e-01	( 0 1 5 7 6 2  )
G_LOOP:  2  2  6   	7.315874e-01	( 0 6 2 7 1 5  )
G_LOOP:  2  3  6   	7.323769e-01	( 0 6 5 7 1 2  )
G_LOOP:  2  4  6   	7.306019e-01	( 0 1 3 7 6 4  )
G_LOOP:  2  5  6   	7.319978e-01	( 0 1 4 7 6 3  )
G_LOOP:  2  6  6   	7.344427e-01	( 0 6 3 7 1 4  )
G_LOOP:  2  7  6   	7.355533e-01	( 0 6 4 7 1 3  )
G_LOOP:  2  8  6   	7.341856e-01	( 0 2 3 7 5 4  )
G_LOOP:  2  9  6   	7.352679e-01	( 0 2 4 7 5 3  )
G_LOOP:  2  10  6   	7.323827e-01	( 0 5 3 7 2 4  )
G_LOOP:  2  11  6   	7.358148e-01	( 0 5 4 7 2 3  )
G_LOOP:  2  12  6   	7.352626e-01	( 1 2 3 6 5 4  )
G_LOOP:  2  13  6   	7.335346e-01	( 1 2 4 6 5 3  )
G_LOOP:  2  14  6   	7.329657e-01	( 1 5 3 6 2 4  )
G_LOOP:  2  15  6   	7.343445e-01	( 1 5 4 6 2 3  )
GACTION: 6.650037e+00
CONGRAD5: time = 7.916920e-01 (fn F) masses = 1 iters = 594 mflops = 2.051934e+03
 OK converged final_rsq= 9.6e-11 (cf 1e-10) rel = 1 (cf 0) restarts = 2 iters= 594
CONGRAD5: time = 1.005940e-01 (fn F) masses = 1 iters = 75 mflops = 2.039023e+03
 OK converged final_rsq= 9.8e-11 (cf 1e-10) rel = 1 (cf 0) restarts = 1 iters= 75
PBP: mass 1.000000e-02     4.191618e-02  3.939040e-02  -2.735264e-03  -2.734107e-03 ( 1 of 1 )
FACTION: mass = 1.000000e-02,  1.498802e+00 ( 1 of 1 )
CONGRAD5: time = 7.590768e-01 (fn F) masses = 1 iters = 597 mflops = 2.150908e+03
 OK converged final_rsq= 9.6e-11 (cf 1e-10) rel = 1 (cf 0) restarts = 2 iters= 597
CONGRAD5: time = 1.046591e-01 (fn F) masses = 1 iters = 81 mflops = 2.116612e+03
 OK converged final_rsq= 1e-10 (cf 1e-10) rel = 1 (cf 0) restarts = 1 iters= 81
PBP: mass 1.000000e-02     3.659735e-02  4.621624e-02  -2.733654e-03  -2.734212e-03 ( 1 of 1 )
FACTION: mass = 1.000000e-02,  1.497408e+00 ( 1 of 1 )
CONGRAD5: time = 7.653561e-01 (fn F) masses = 1 iters = 602 mflops = 2.151128e+03
 OK converged final_rsq= 5e-11 (cf 1e-10) rel = 1 (cf 0) restarts = 3 iters= 602
CONGRAD5: time = 7.611880e-01 (fn F) masses = 1 iters = 600 mflops = 2.155721e+03
 OK converged final_rsq= 9.6e-11 (cf 1e-10) rel = 1 (cf 0) restarts = 2 iters= 600
GFTIME:   time = 1.389060e-01 (Symanzik1) mflops = 2.537840e+03
FFTIME:  time = 3.857141e-01 (asqtad3) terms = 2 mflops = 2.592237e+03
CONGRAD5: time = 7.623720e-01 (fn F) masses = 1 iters = 600 mflops = 2.152373e+03
 OK converged final_rsq= 8.6e-11 (cf 1e-10) rel = 1 (cf 0) restarts = 2 iters= 600
CONGRAD5: time = 7.720640e-01 (fn F) masses = 1 iters = 596 mflops = 2.111184e+03
 OK converged final_rsq= 9.5e-11 (cf 1e-10) rel = 1 (cf 0) restarts = 2 iters= 596
GFTIME:   time = 1.386039e-01 (Symanzik1) mflops = 2.543371e+03
FFTIME:  time = 3.844092e-01 (asqtad3) terms = 2 mflops = 2.601036e+03
CONGRAD5: time = 7.591240e-01 (fn F) masses = 1 iters = 598 mflops = 2.154377e+03
 OK converged final_rsq= 9.8e-11 (cf 1e-10) rel = 1 (cf 0) restarts = 2 iters= 598
CONGRAD5: time = 7.652478e-01 (fn F) masses = 1 iters = 602 mflops = 2.151432e+03
 OK converged final_rsq= 3.8e-11 (cf 1e-10) rel = 1 (cf 0) restarts = 3 iters= 602
GFTIME:   time = 1.391652e-01 (Symanzik1) mflops = 2.533114e+03
FFTIME:  time = 3.941419e-01 (asqtad3) terms = 2 mflops = 2.536808e+03
CONGRAD5: time = 7.650959e-01 (fn F) masses = 1 iters = 600 mflops = 2.144710e+03
 OK converged final_rsq= 8.9e-11 (cf 1e-10) rel = 1 (cf 0) restarts = 2 iters= 600
CONGRAD5: time = 7.544441e-01 (fn F) masses = 1 iters = 592 mflops = 2.145991e+03
 OK converged final_rsq= 4.9e-11 (cf 1e-10) rel = 1 (cf 0) restarts = 3 iters= 592
GFTIME:   time = 1.388772e-01 (Symanzik1) mflops = 2.538367e+03
FFTIME:  time = 3.860769e-01 (asqtad3) terms = 2 mflops = 2.589801e+03
CONGRAD5: time = 8.151789e-01 (fn F) masses = 1 iters = 599 mflops = 2.009588e+03
 OK converged final_rsq= 9.1e-11 (cf 1e-10) rel = 1 (cf 0) restarts = 2 iters= 599
CONGRAD5: time = 7.686040e-01 (fn F) masses = 1 iters = 601 mflops = 2.138479e+03
 OK converged final_rsq= 4.7e-11 (cf 1e-10) rel = 1 (cf 0) restarts = 3 iters= 601
GFTIME:   time = 1.603522e-01 (Symanzik1) mflops = 2.198418e+03
FFTIME:  time = 4.188061e-01 (asqtad3) terms = 2 mflops = 2.387411e+03
CONGRAD5: time = 7.939141e-01 (fn F) masses = 1 iters = 602 mflops = 2.073749e+03
 OK converged final_rsq= 4.7e-11 (cf 1e-10) rel = 1 (cf 0) restarts = 3 iters= 602
CONGRAD5: time = 7.407420e-01 (fn F) masses = 1 iters = 582 mflops = 2.148767e+03
 OK converged final_rsq= 9.8e-11 (cf 1e-10) rel = 1 (cf 0) restarts = 2 iters= 582
GFTIME:   time = 1.386552e-01 (Symanzik1) mflops = 2.542431e+03
FFTIME:  time = 3.850100e-01 (asqtad3) terms = 2 mflops = 2.596977e+03
CONGRAD5: time = 8.391118e-01 (fn F) masses = 1 iters = 660 mflops = 2.151084e+03
 OK converged final_rsq= 9.9e-11 (cf 1e-10) rel = 1 (cf 0) restarts = 3 iters= 660
CONGRAD5: time = 7.518308e-01 (fn F) masses = 1 iters = 592 mflops = 2.153450e+03
 OK converged final_rsq= 9.8e-11 (cf 1e-10) rel = 1 (cf 0) restarts = 2 iters= 592
GFTIME:   time = 1.390240e-01 (Symanzik1) mflops = 2.535686e+03
FFTIME:  time = 3.859391e-01 (asqtad3) terms = 2 mflops = 2.590725e+03
CONGRAD5: time = 7.638850e-01 (fn F) masses = 1 iters = 602 mflops = 2.155270e+03
 OK converged final_rsq= 5.6e-11 (cf 1e-10) rel = 1 (cf 0) restarts = 3 iters= 602
CONGRAD5: time = 7.604659e-01 (fn F) masses = 1 iters = 600 mflops = 2.157768e+03
 OK converged final_rsq= 9.2e-11 (cf 1e-10) rel = 1 (cf 0) restarts = 2 iters= 600
GFTIME:   time = 1.392360e-01 (Symanzik1) mflops = 2.531826e+03
FFTIME:  time = 3.934550e-01 (asqtad3) terms = 2 mflops = 2.541236e+03
CONGRAD5: time = 7.617199e-01 (fn F) masses = 1 iters = 600 mflops = 2.154215e+03
 OK converged final_rsq= 9.6e-11 (cf 1e-10) rel = 1 (cf 0) restarts = 2 iters= 600
CONGRAD5: time = 7.614350e-01 (fn F) masses = 1 iters = 600 mflops = 2.155021e+03
 OK converged final_rsq= 8.5e-11 (cf 1e-10) rel = 1 (cf 0) restarts = 2 iters= 600
GFTIME:   time = 1.390460e-01 (Symanzik1) mflops = 2.535286e+03
FFTIME:  time = 3.843620e-01 (asqtad3) terms = 2 mflops = 2.601356e+03
CONGRAD5: time = 8.319771e-01 (fn F) masses = 1 iters = 602 mflops = 1.978875e+03
 OK converged final_rsq= 4.3e-11 (cf 1e-10) rel = 1 (cf 0) restarts = 3 iters= 602
CONGRAD5: time = 8.301802e-01 (fn F) masses = 1 iters = 602 mflops = 1.983158e+03
 OK converged final_rsq= 5.4e-11 (cf 1e-10) rel = 1 (cf 0) restarts = 3 iters= 602
GFTIME:   time = 1.387949e-01 (Symanzik1) mflops = 2.539872e+03
FFTIME:  time = 3.871388e-01 (asqtad3) terms = 2 mflops = 2.582697e+03
CONGRAD5: time = 8.066900e-01 (fn F) masses = 1 iters = 602 mflops = 2.040906e+03
 OK converged final_rsq= 9.4e-11 (cf 1e-10) rel = 1 (cf 0) restarts = 3 iters= 602
CONGRAD5: time = 7.801929e-01 (fn F) masses = 1 iters = 599 mflops = 2.099704e+03
 OK converged final_rsq= 9.5e-11 (cf 1e-10) rel = 1 (cf 0) restarts = 2 iters= 599
GFTIME:   time = 1.554379e-01 (Symanzik1) mflops = 2.267923e+03
FFTIME:  time = 4.168730e-01 (asqtad3) terms = 2 mflops = 2.398482e+03
CONGRAD5: time = 7.973030e-01 (fn F) masses = 1 iters = 602 mflops = 2.064935e+03
 OK converged final_rsq= 7.7e-11 (cf 1e-10) rel = 1 (cf 0) restarts = 3 iters= 602
CONGRAD5: time = 7.670891e-01 (fn F) masses = 1 iters = 602 mflops = 2.146268e+03
 OK converged final_rsq= 3.8e-11 (cf 1e-10) rel = 1 (cf 0) restarts = 3 iters= 602
GFTIME:   time = 1.385899e-01 (Symanzik1) mflops = 2.543629e+03
FFTIME:  time = 3.846860e-01 (asqtad3) terms = 2 mflops = 2.599165e+03
CONGRAD5: time = 7.838969e-01 (fn F) masses = 1 iters = 602 mflops = 2.100249e+03
 OK converged final_rsq= 5e-11 (cf 1e-10) rel = 1 (cf 0) restarts = 3 iters= 602
CONGRAD5: time = 7.650290e-01 (fn F) masses = 1 iters = 602 mflops = 2.152047e+03
 OK converged final_rsq= 5.8e-11 (cf 1e-10) rel = 1 (cf 0) restarts = 3 iters= 602
GFTIME:   time = 1.390040e-01 (Symanzik1) mflops = 2.536051e+03
FFTIME:  time = 3.838410e-01 (asqtad3) terms = 2 mflops = 2.604886e+03
CONGRAD5: time = 7.662230e-01 (fn F) masses = 1 iters = 602 mflops = 2.148694e+03
 OK converged final_rsq= 4e-11 (cf 1e-10) rel = 1 (cf 0) restarts = 3 iters= 602
CONGRAD5: time = 7.635691e-01 (fn F) masses = 1 iters = 600 mflops = 2.148998e+03
 OK converged final_rsq= 9.8e-11 (cf 1e-10) rel = 1 (cf 0) restarts = 2 iters= 600
GFTIME:   time = 1.393502e-01 (Symanzik1) mflops = 2.529751e+03
FFTIME:  time = 3.845499e-01 (asqtad3) terms = 2 mflops = 2.600085e+03
CONGRAD5: time = 7.651610e-01 (fn F) masses = 1 iters = 602 mflops = 2.151676e+03
 OK converged final_rsq= 7.1e-11 (cf 1e-10) rel = 1 (cf 0) restarts = 3 iters= 602
CONGRAD5: time = 7.656200e-01 (fn F) masses = 1 iters = 602 mflops = 2.150386e+03
 OK converged final_rsq= 5.1e-11 (cf 1e-10) rel = 1 (cf 0) restarts = 3 iters= 602
GFTIME:   time = 1.388741e-01 (Symanzik1) mflops = 2.538424e+03
FFTIME:  time = 3.854790e-01 (asqtad3) terms = 2 mflops = 2.593818e+03
PLAQ:	1.458367	1.460052
P_LOOP:	1.011200e-02	-3.870469e-03
G_LOOP:  0  0  4   	1.457649e+00	( 0 1 7 6  )
G_LOOP:  0  1  4   	1.460337e+00	( 0 2 7 5  )
G_LOOP:  0  2  4   	1.459907e+00	( 0 3 7 4  )
G_LOOP:  0  3  4   	1.457116e+00	( 1 2 6 5  )
G_LOOP:  0  4  4   	1.459338e+00	( 1 3 6 4  )
G_LOOP:  0  5  4   	1.460910e+00	( 2 3 5 4  )
G_LOOP:  1  0  6   	6.963547e-01	( 0 0 1 7 7 6  )
G_LOOP:  1  1  6   	7.006467e-01	( 0 0 2 7 7 5  )
G_LOOP:  1  2  6   	6.973474e-01	( 0 0 3 7 7 4  )
G_LOOP:  1  3  6   	6.966182e-01	( 1 1 0 6 6 7  )
G_LOOP:  1  4  6   	6.982516e-01	( 1 1 2 6 6 5  )
G_LOOP:  1  5  6   	6.989510e-01	( 1 1 3 6 6 4  )
G_LOOP:  1  6  6   	7.036480e-01	( 2 2 0 5 5 7  )
G_LOOP:  1  7  6   	6.974191e-01	( 2 2 1 5 5 6  )
G_LOOP:  1  8  6   	7.036013e-01	( 2 2 3 5 5 4  )
G_LOOP:  1  9  6   	6.996095e-01	( 3 3 0 4 4 7  )
G_LOOP:  1  10  6   	6.980197e-01	( 3 3 1 4 4 6  )
G_LOOP:  1  11  6   	7.032359e-01	( 3 3 2 4 4 5  )
G_LOOP:  2  0  6   	7.138192e-01	( 0 1 2 7 6 5  )
G_LOOP:  2  1  6   	7.152912e-01	( 0 1 5 7 6 2  )
G_LOOP:  2  2  6   	7.137783e-01	( 0 6 2 7 1 5  )
G_LOOP:  2  3  6   	7.167190e-01	( 0 6 5 7 1 2  )
G_LOOP:  2  4  6   	7.141562e-01	( 0 1 3 7 6 4  )
G_LOOP:  2  5  6   	7.104113e-01	( 0 1 4 7 6 3  )
G_LOOP:  2  6  6   	7.120237e-01	( 0 6 3 7 1 4  )
G_LOOP:  2  7  6   	7.161655e-01	( 0 6 4 7 1 3  )
G_LOOP:  2  8  6   	7.144114e-01	( 0 2 3 7 5 4  )
G_LOOP:  2  9  6   	7.154319e-01	( 0 2 4 7 5 3  )
G_LOOP:  2  10  6   	7.155286e-01	( 0 5 3 7 2 4  )
G_LOOP:  2  11  6   	7.151513e-01	( 0 5 4 7 2 3  )
G_LOOP:  2  12  6   	7.150617e-01	( 1 2 3 6 5 4  )
G_LOOP:  2  13  6   	7.172743e-01	( 1 2 4 6 5 3  )
G_LOOP:  2  14  6   	7.141801e-01	( 1 5 3 6 2 4  )
G_LOOP:  2  15  6   	7.111596e-01	( 1 5 4 6 2 3  )
GACTION: 6.724708e+00
CONGRAD5: time = 7.961929e-01 (fn F) masses = 1 iters = 600 mflops = 2.060944e+03
 OK converged final_rsq= 9.1e-11 (cf 1e-10) rel = 1 (cf 0) restarts = 2 iters= 600
CONGRAD5: time = 1.259241e-01 (fn F) masses = 1 iters = 96 mflops = 2.084949e+03
 OK converged final_rsq= 9.9e-11 (cf 1e-10) rel = 1 (cf 0) restarts = 1 iters= 96
PBP: mass 1.000000e-02     3.839806e-02  5.051406e-02  6.025208e-03  6.024647e-03 ( 1 of 1 )
FACTION: mass = 1.000000e-02,  1.500697e+00 ( 1 of 1 )
CONGRAD5: time = 7.661078e-01 (fn F) masses = 1 iters = 602 mflops = 2.149017e+03
 OK converged final_rsq= 4e-11 (cf 1e-10) rel = 1 (cf 0) restarts = 3 iters= 602
CONGRAD5: time = 1.336749e-01 (fn F) masses = 1 iters = 104 mflops = 2.127731e+03
 OK converged final_rsq= 9.9e-11 (cf 1e-10) rel = 1 (cf 0) restarts = 1 iters= 104
PBP: mass 1.000000e-02     4.677702e-02  4.116680e-02  -8.326679e-04  -8.283313e-04 ( 1 of 1 )
FACTION: mass = 1.000000e-02,  1.500646e+00 ( 1 of 1 )
RUNNING COMPLETED
average cg iters for step= 1.181000e+03
Time = 1.439423e+02 seconds
total_iters = 147683
Checksums 8b320b36 d4728e60
Saved gauge configuration in parallel to binary file lat_p64_size64_2
Time stamp Fri Aug 12 22:48:36 2022
Wrote info file lat_p64_size64_2.info
Time to save = 4.306278e-01
CHECK PLAQ: 1.458367e+00 1.460052e+00
CHECK NERSC LINKTR: 1.434110e-01 CKSUM: d7ca6bf8


get_i(0): EOF on input.
Elapsed total time: 160.898131
exit: Fri Aug 12 22:48:36 2022

