SU3 with improved KS action
Microcanonical simulation with refreshing
R algorithm
MIMD version 7.8.1
Machine = MPI (portable), with 64 nodes
Host(0) = nid01097
Username = mcopik
Options selected...
Generic single precision
C_GLOBAL_INLINE
DBLSTORE_FN
D_FN_GATHER13
FEWSUMS
KS_MULTIFF=FNMAT
VECLENGTH=4
type 0 for no prompts, 1 for prompts, or 2 for proofreading
nflavors1 2
nflavors2 1
nx 32
ny 16
nz 16
nt 36
iseed 5682304
LAYOUT = Hypercubes, options = hyper_prime,
automatic hyper_prime layout
ON EACH NODE 8 x 8 x 8 x 9
Mallocing 4.5 MBytes per node for lattice
WARNING!!: Resetting random seed
Made lattice
Made nn gathers
Made 3nn gathers
Finished setup


warms 0
trajecs 4
traj_between_meas 1
beta 5.6
mass1 0.125
mass2 0.125
u0 0.8441
microcanonical_time_step 0.2
steps_per_trajectory 5
max_cg_iterations 100
max_cg_restarts 5
error_per_site 0.125
error_for_propagator 0.125
npbp_reps 1
prec_pbp 1
fresh 
save_parallel lat_p64_size128_1
unit gauge configuration loaded
CHECK PLAQ: 3.000000e+00 3.000000e+00
CHECK NERSC LINKTR: 1.000000e+00 CKSUM: 0
Unitarity checked.  Max deviation 0.00e+00
Time to check unitarity = 1.390934e-03
"O(a^2): couplings(pi)=0, Naik term, No O(a^2) errors, tadpole weights"
path coefficients: npath  path_coeff  multiplicity
                    0      6.250000e-01     8
                    1      -5.847914e-02     8
                    2      -8.771871e-02     48
                    3      3.077829e-02     192
                    4      -7.199551e-03     384
                    5      -1.231132e-01     48
Symanzik 1x1 + 1x2 + 1x1x1 action
gauge_action: total_dyn_flavors = 3
loop coefficients: nloop rep loop_coeff  multiplicity
                    0 0      1.000000e+00     6
                    1 0      -7.762509e-02     12
                    2 0      -1.031171e-02     16
WARMUPS COMPLETED
CONGRAD5: time = 1.676488e-02 (fn F) masses = 1 iters = 4 mflops = 1.305037e+03
 OK converged final_rsq= 0.006 (cf 0.016) rel = 1 (cf 0) restarts = 1 iters= 4
CONGRAD5: time = 1.635194e-02 (fn F) masses = 1 iters = 4 mflops = 1.337993e+03
 OK converged final_rsq= 0.0059 (cf 0.016) rel = 1 (cf 0) restarts = 1 iters= 4
GFTIME:   time = 3.114691e-01 (Symanzik1) mflops = 2.263603e+03
FFTIME:  time = 1.154620e+00 (asqtad3) terms = 2 mflops = 1.731933e+03
CONGRAD5: time = 1.617193e-02 (fn F) masses = 1 iters = 4 mflops = 1.352886e+03
 OK converged final_rsq= 0.01 (cf 0.016) rel = 1 (cf 0) restarts = 1 iters= 4
CONGRAD5: time = 1.515198e-02 (fn F) masses = 1 iters = 4 mflops = 1.443956e+03
 OK converged final_rsq= 0.0096 (cf 0.016) rel = 1 (cf 0) restarts = 1 iters= 4
GFTIME:   time = 3.247211e-01 (Symanzik1) mflops = 2.171225e+03
FFTIME:  time = 1.144924e+00 (asqtad3) terms = 2 mflops = 1.746600e+03
CONGRAD5: time = 1.618814e-02 (fn F) masses = 1 iters = 4 mflops = 1.351531e+03
 OK converged final_rsq= 0.014 (cf 0.016) rel = 1 (cf 0) restarts = 1 iters= 4
CONGRAD5: time = 1.556516e-02 (fn F) masses = 1 iters = 4 mflops = 1.405626e+03
 OK converged final_rsq= 0.014 (cf 0.016) rel = 1 (cf 0) restarts = 1 iters= 4
GFTIME:   time = 3.033791e-01 (Symanzik1) mflops = 2.323965e+03
FFTIME:  time = 1.170688e+00 (asqtad3) terms = 2 mflops = 1.708162e+03
CONGRAD5: time = 1.636696e-02 (fn F) masses = 1 iters = 4 mflops = 1.336765e+03
 OK converged final_rsq= 0.013 (cf 0.016) rel = 1 (cf 0) restarts = 1 iters= 4
CONGRAD5: time = 1.556206e-02 (fn F) masses = 1 iters = 4 mflops = 1.405906e+03
 OK converged final_rsq= 0.013 (cf 0.016) rel = 1 (cf 0) restarts = 1 iters= 4
GFTIME:   time = 3.115439e-01 (Symanzik1) mflops = 2.263059e+03
FFTIME:  time = 1.182964e+00 (asqtad3) terms = 2 mflops = 1.690436e+03
CONGRAD5: time = 1.573491e-02 (fn F) masses = 1 iters = 4 mflops = 1.390461e+03
 OK converged final_rsq= 0.011 (cf 0.016) rel = 1 (cf 0) restarts = 1 iters= 4
CONGRAD5: time = 1.493192e-02 (fn F) masses = 1 iters = 4 mflops = 1.465236e+03
 OK converged final_rsq= 0.011 (cf 0.016) rel = 1 (cf 0) restarts = 1 iters= 4
GFTIME:   time = 3.120620e-01 (Symanzik1) mflops = 2.259302e+03
FFTIME:  time = 1.112362e+00 (asqtad3) terms = 2 mflops = 1.797728e+03
PLAQ:	2.348549	2.348112
P_LOOP:	-5.505189e-03	-1.058115e-02
G_LOOP:  0  0  4   	2.347989e+00	( 0 1 7 6  )
G_LOOP:  0  1  4   	2.348235e+00	( 0 2 7 5  )
G_LOOP:  0  2  4   	2.348118e+00	( 0 3 7 4  )
G_LOOP:  0  3  4   	2.349423e+00	( 1 2 6 5  )
G_LOOP:  0  4  4   	2.347520e+00	( 1 3 6 4  )
G_LOOP:  0  5  4   	2.348698e+00	( 2 3 5 4  )
G_LOOP:  1  0  6   	1.774326e+00	( 0 0 1 7 7 6  )
G_LOOP:  1  1  6   	1.772816e+00	( 0 0 2 7 7 5  )
G_LOOP:  1  2  6   	1.773575e+00	( 0 0 3 7 7 4  )
G_LOOP:  1  3  6   	1.774198e+00	( 1 1 0 6 6 7  )
G_LOOP:  1  4  6   	1.776674e+00	( 1 1 2 6 6 5  )
G_LOOP:  1  5  6   	1.772050e+00	( 1 1 3 6 6 4  )
G_LOOP:  1  6  6   	1.774592e+00	( 2 2 0 5 5 7  )
G_LOOP:  1  7  6   	1.775420e+00	( 2 2 1 5 5 6  )
G_LOOP:  1  8  6   	1.775323e+00	( 2 2 3 5 5 4  )
G_LOOP:  1  9  6   	1.774200e+00	( 3 3 0 4 4 7  )
G_LOOP:  1  10  6   	1.772793e+00	( 3 3 1 4 4 6  )
G_LOOP:  1  11  6   	1.773687e+00	( 3 3 2 4 4 5  )
G_LOOP:  2  0  6   	1.822344e+00	( 0 1 2 7 6 5  )
G_LOOP:  2  1  6   	1.820458e+00	( 0 1 5 7 6 2  )
G_LOOP:  2  2  6   	1.823198e+00	( 0 6 2 7 1 5  )
G_LOOP:  2  3  6   	1.820116e+00	( 0 6 5 7 1 2  )
G_LOOP:  2  4  6   	1.819553e+00	( 0 1 3 7 6 4  )
G_LOOP:  2  5  6   	1.820312e+00	( 0 1 4 7 6 3  )
G_LOOP:  2  6  6   	1.819036e+00	( 0 6 3 7 1 4  )
G_LOOP:  2  7  6   	1.821536e+00	( 0 6 4 7 1 3  )
G_LOOP:  2  8  6   	1.820542e+00	( 0 2 3 7 5 4  )
G_LOOP:  2  9  6   	1.820675e+00	( 0 2 4 7 5 3  )
G_LOOP:  2  10  6   	1.821020e+00	( 0 5 3 7 2 4  )
G_LOOP:  2  11  6   	1.823999e+00	( 0 5 4 7 2 3  )
G_LOOP:  2  12  6   	1.824607e+00	( 1 2 3 6 5 4  )
G_LOOP:  2  13  6   	1.820756e+00	( 1 2 4 6 5 3  )
G_LOOP:  2  14  6   	1.820113e+00	( 1 5 3 6 2 4  )
G_LOOP:  2  15  6   	1.821532e+00	( 1 5 4 6 2 3  )
GACTION: 2.573644e+00
CONGRAD5: time = 1.671100e-02 (fn F) masses = 1 iters = 4 mflops = 1.309245e+03
 OK converged final_rsq= 0.01 (cf 0.016) rel = 1 (cf 0) restarts = 1 iters= 4
CONGRAD5: time = 2.181005e-02 (fn F) masses = 1 iters = 6 mflops = 1.504727e+03
 OK converged final_rsq= 0.009 (cf 0.016) rel = 1 (cf 0) restarts = 1 iters= 6
PBP: mass 1.250000e-01     7.073068e-02  9.266890e-02  1.470707e-03  9.722415e-04 ( 1 of 1 )
FACTION: mass = 1.250000e-01,  1.465978e+00 ( 1 of 1 )
CONGRAD5: time = 1.700497e-02 (fn F) masses = 1 iters = 4 mflops = 1.286611e+03
 OK converged final_rsq= 0.01 (cf 0.016) rel = 1 (cf 0) restarts = 1 iters= 4
CONGRAD5: time = 2.160192e-02 (fn F) masses = 1 iters = 6 mflops = 1.519225e+03
 OK converged final_rsq= 0.009 (cf 0.016) rel = 1 (cf 0) restarts = 1 iters= 6
PBP: mass 1.250000e-01     7.045814e-02  9.288676e-02  -1.473327e-03  -1.651425e-03 ( 1 of 1 )
FACTION: mass = 1.250000e-01,  1.467517e+00 ( 1 of 1 )
CONGRAD5: time = 1.600599e-02 (fn F) masses = 1 iters = 4 mflops = 1.366912e+03
 OK converged final_rsq= 0.011 (cf 0.016) rel = 1 (cf 0) restarts = 1 iters= 4
CONGRAD5: time = 1.512885e-02 (fn F) masses = 1 iters = 4 mflops = 1.446163e+03
 OK converged final_rsq= 0.011 (cf 0.016) rel = 1 (cf 0) restarts = 1 iters= 4
GFTIME:   time = 3.092122e-01 (Symanzik1) mflops = 2.280125e+03
FFTIME:  time = 1.097643e+00 (asqtad3) terms = 2 mflops = 1.821835e+03
CONGRAD5: time = 1.950908e-02 (fn F) masses = 1 iters = 5 mflops = 1.401834e+03
 OK converged final_rsq= 0.007 (cf 0.016) rel = 1 (cf 0) restarts = 1 iters= 5
CONGRAD5: time = 1.549387e-02 (fn F) masses = 1 iters = 4 mflops = 1.412093e+03
 OK converged final_rsq= 0.015 (cf 0.016) rel = 1 (cf 0) restarts = 1 iters= 4
GFTIME:   time = 3.147640e-01 (Symanzik1) mflops = 2.239908e+03
FFTIME:  time = 1.187678e+00 (asqtad3) terms = 2 mflops = 1.683726e+03
CONGRAD5: time = 1.944113e-02 (fn F) masses = 1 iters = 5 mflops = 1.406733e+03
 OK converged final_rsq= 0.0089 (cf 0.016) rel = 1 (cf 0) restarts = 1 iters= 5
CONGRAD5: time = 1.852512e-02 (fn F) masses = 1 iters = 5 mflops = 1.476291e+03
 OK converged final_rsq= 0.0085 (cf 0.016) rel = 1 (cf 0) restarts = 1 iters= 5
GFTIME:   time = 3.137400e-01 (Symanzik1) mflops = 2.247219e+03
FFTIME:  time = 1.135936e+00 (asqtad3) terms = 2 mflops = 1.760420e+03
CONGRAD5: time = 2.021503e-02 (fn F) masses = 1 iters = 5 mflops = 1.352878e+03
 OK converged final_rsq= 0.0085 (cf 0.016) rel = 1 (cf 0) restarts = 1 iters= 5
CONGRAD5: time = 1.775193e-02 (fn F) masses = 1 iters = 5 mflops = 1.540592e+03
 OK converged final_rsq= 0.0082 (cf 0.016) rel = 1 (cf 0) restarts = 1 iters= 5
GFTIME:   time = 3.157458e-01 (Symanzik1) mflops = 2.232943e+03
FFTIME:  time = 1.100590e+00 (asqtad3) terms = 2 mflops = 1.816957e+03
CONGRAD5: time = 1.814699e-02 (fn F) masses = 1 iters = 5 mflops = 1.507053e+03
 OK converged final_rsq= 0.0074 (cf 0.016) rel = 1 (cf 0) restarts = 1 iters= 5
CONGRAD5: time = 1.511121e-02 (fn F) masses = 1 iters = 4 mflops = 1.447851e+03
 OK converged final_rsq= 0.015 (cf 0.016) rel = 1 (cf 0) restarts = 1 iters= 4
GFTIME:   time = 3.108239e-01 (Symanzik1) mflops = 2.268302e+03
FFTIME:  time = 1.160429e+00 (asqtad3) terms = 2 mflops = 1.723263e+03
PLAQ:	2.012849	2.013197
P_LOOP:	-3.667003e-03	-9.426866e-03
G_LOOP:  0  0  4   	2.012259e+00	( 0 1 7 6  )
G_LOOP:  0  1  4   	2.012615e+00	( 0 2 7 5  )
G_LOOP:  0  2  4   	2.014159e+00	( 0 3 7 4  )
G_LOOP:  0  3  4   	2.013673e+00	( 1 2 6 5  )
G_LOOP:  0  4  4   	2.011824e+00	( 1 3 6 4  )
G_LOOP:  0  5  4   	2.013608e+00	( 2 3 5 4  )
G_LOOP:  1  0  6   	1.299554e+00	( 0 0 1 7 7 6  )
G_LOOP:  1  1  6   	1.298284e+00	( 0 0 2 7 7 5  )
G_LOOP:  1  2  6   	1.304072e+00	( 0 0 3 7 7 4  )
G_LOOP:  1  3  6   	1.298349e+00	( 1 1 0 6 6 7  )
G_LOOP:  1  4  6   	1.301249e+00	( 1 1 2 6 6 5  )
G_LOOP:  1  5  6   	1.299440e+00	( 1 1 3 6 6 4  )
G_LOOP:  1  6  6   	1.300374e+00	( 2 2 0 5 5 7  )
G_LOOP:  1  7  6   	1.302705e+00	( 2 2 1 5 5 6  )
G_LOOP:  1  8  6   	1.301099e+00	( 2 2 3 5 5 4  )
G_LOOP:  1  9  6   	1.301697e+00	( 3 3 0 4 4 7  )
G_LOOP:  1  10  6   	1.300518e+00	( 3 3 1 4 4 6  )
G_LOOP:  1  11  6   	1.301792e+00	( 3 3 2 4 4 5  )
G_LOOP:  2  0  6   	1.344038e+00	( 0 1 2 7 6 5  )
G_LOOP:  2  1  6   	1.345105e+00	( 0 1 5 7 6 2  )
G_LOOP:  2  2  6   	1.344911e+00	( 0 6 2 7 1 5  )
G_LOOP:  2  3  6   	1.342131e+00	( 0 6 5 7 1 2  )
G_LOOP:  2  4  6   	1.344896e+00	( 0 1 3 7 6 4  )
G_LOOP:  2  5  6   	1.341714e+00	( 0 1 4 7 6 3  )
G_LOOP:  2  6  6   	1.342753e+00	( 0 6 3 7 1 4  )
G_LOOP:  2  7  6   	1.342647e+00	( 0 6 4 7 1 3  )
G_LOOP:  2  8  6   	1.345047e+00	( 0 2 3 7 5 4  )
G_LOOP:  2  9  6   	1.343819e+00	( 0 2 4 7 5 3  )
G_LOOP:  2  10  6   	1.344301e+00	( 0 5 3 7 2 4  )
G_LOOP:  2  11  6   	1.345084e+00	( 0 5 4 7 2 3  )
G_LOOP:  2  12  6   	1.344254e+00	( 1 2 3 6 5 4  )
G_LOOP:  2  13  6   	1.341313e+00	( 1 2 4 6 5 3  )
G_LOOP:  2  14  6   	1.342920e+00	( 1 5 3 6 2 4  )
G_LOOP:  2  15  6   	1.344460e+00	( 1 5 4 6 2 3  )
GACTION: 4.065753e+00
CONGRAD5: time = 1.744199e-02 (fn F) masses = 1 iters = 4 mflops = 1.254374e+03
 OK converged final_rsq= 0.014 (cf 0.016) rel = 1 (cf 0) restarts = 1 iters= 4
CONGRAD5: time = 2.087808e-02 (fn F) masses = 1 iters = 6 mflops = 1.571897e+03
 OK converged final_rsq= 0.014 (cf 0.016) rel = 1 (cf 0) restarts = 1 iters= 6
PBP: mass 1.250000e-01     8.448160e-02  1.679319e-01  3.262083e-05  -1.035879e-04 ( 1 of 1 )
FACTION: mass = 1.250000e-01,  1.446994e+00 ( 1 of 1 )
CONGRAD5: time = 1.634097e-02 (fn F) masses = 1 iters = 4 mflops = 1.338891e+03
 OK converged final_rsq= 0.014 (cf 0.016) rel = 1 (cf 0) restarts = 1 iters= 4
CONGRAD5: time = 2.129602e-02 (fn F) masses = 1 iters = 6 mflops = 1.541047e+03
 OK converged final_rsq= 0.013 (cf 0.016) rel = 1 (cf 0) restarts = 1 iters= 6
PBP: mass 1.250000e-01     8.642004e-02  1.645656e-01  2.280849e-04  -1.187979e-04 ( 1 of 1 )
FACTION: mass = 1.250000e-01,  1.445789e+00 ( 1 of 1 )
CONGRAD5: time = 1.884985e-02 (fn F) masses = 1 iters = 5 mflops = 1.450859e+03
 OK converged final_rsq= 0.0075 (cf 0.016) rel = 1 (cf 0) restarts = 1 iters= 5
CONGRAD5: time = 1.571989e-02 (fn F) masses = 1 iters = 4 mflops = 1.391790e+03
 OK converged final_rsq= 0.015 (cf 0.016) rel = 1 (cf 0) restarts = 1 iters= 4
GFTIME:   time = 3.158131e-01 (Symanzik1) mflops = 2.232468e+03
FFTIME:  time = 1.168241e+00 (asqtad3) terms = 2 mflops = 1.711740e+03
CONGRAD5: time = 1.853895e-02 (fn F) masses = 1 iters = 5 mflops = 1.475190e+03
 OK converged final_rsq= 0.0093 (cf 0.016) rel = 1 (cf 0) restarts = 1 iters= 5
CONGRAD5: time = 1.773787e-02 (fn F) masses = 1 iters = 5 mflops = 1.541813e+03
 OK converged final_rsq= 0.0088 (cf 0.016) rel = 1 (cf 0) restarts = 1 iters= 5
GFTIME:   time = 3.171189e-01 (Symanzik1) mflops = 2.223275e+03
FFTIME:  time = 1.096962e+00 (asqtad3) terms = 2 mflops = 1.822966e+03
CONGRAD5: time = 1.850486e-02 (fn F) masses = 1 iters = 5 mflops = 1.477908e+03
 OK converged final_rsq= 0.011 (cf 0.016) rel = 1 (cf 0) restarts = 1 iters= 5
CONGRAD5: time = 1.747012e-02 (fn F) masses = 1 iters = 5 mflops = 1.565443e+03
 OK converged final_rsq= 0.01 (cf 0.016) rel = 1 (cf 0) restarts = 1 iters= 5
GFTIME:   time = 3.096011e-01 (Symanzik1) mflops = 2.277261e+03
FFTIME:  time = 1.136499e+00 (asqtad3) terms = 2 mflops = 1.759548e+03
CONGRAD5: time = 1.927805e-02 (fn F) masses = 1 iters = 5 mflops = 1.418633e+03
 OK converged final_rsq= 0.011 (cf 0.016) rel = 1 (cf 0) restarts = 1 iters= 5
CONGRAD5: time = 1.768088e-02 (fn F) masses = 1 iters = 5 mflops = 1.546782e+03
 OK converged final_rsq= 0.01 (cf 0.016) rel = 1 (cf 0) restarts = 1 iters= 5
GFTIME:   time = 3.155661e-01 (Symanzik1) mflops = 2.234215e+03
FFTIME:  time = 1.175907e+00 (asqtad3) terms = 2 mflops = 1.700580e+03
CONGRAD5: time = 1.921105e-02 (fn F) masses = 1 iters = 5 mflops = 1.423580e+03
 OK converged final_rsq= 0.01 (cf 0.016) rel = 1 (cf 0) restarts = 1 iters= 5
CONGRAD5: time = 1.903105e-02 (fn F) masses = 1 iters = 5 mflops = 1.437045e+03
 OK converged final_rsq= 0.0095 (cf 0.016) rel = 1 (cf 0) restarts = 1 iters= 5
GFTIME:   time = 3.163550e-01 (Symanzik1) mflops = 2.228643e+03
FFTIME:  time = 1.104960e+00 (asqtad3) terms = 2 mflops = 1.809771e+03
PLAQ:	1.791940	1.793961
P_LOOP:	8.929842e-04	-5.981059e-03
G_LOOP:  0  0  4   	1.792903e+00	( 0 1 7 6  )
G_LOOP:  0  1  4   	1.790591e+00	( 0 2 7 5  )
G_LOOP:  0  2  4   	1.793971e+00	( 0 3 7 4  )
G_LOOP:  0  3  4   	1.792325e+00	( 1 2 6 5  )
G_LOOP:  0  4  4   	1.794332e+00	( 1 3 6 4  )
G_LOOP:  0  5  4   	1.793581e+00	( 2 3 5 4  )
G_LOOP:  1  0  6   	1.025457e+00	( 0 0 1 7 7 6  )
G_LOOP:  1  1  6   	1.020737e+00	( 0 0 2 7 7 5  )
G_LOOP:  1  2  6   	1.025311e+00	( 0 0 3 7 7 4  )
G_LOOP:  1  3  6   	1.026367e+00	( 1 1 0 6 6 7  )
G_LOOP:  1  4  6   	1.024081e+00	( 1 1 2 6 6 5  )
G_LOOP:  1  5  6   	1.028261e+00	( 1 1 3 6 6 4  )
G_LOOP:  1  6  6   	1.022789e+00	( 2 2 0 5 5 7  )
G_LOOP:  1  7  6   	1.025513e+00	( 2 2 1 5 5 6  )
G_LOOP:  1  8  6   	1.026950e+00	( 2 2 3 5 5 4  )
G_LOOP:  1  9  6   	1.026497e+00	( 3 3 0 4 4 7  )
G_LOOP:  1  10  6   	1.027153e+00	( 3 3 1 4 4 6  )
G_LOOP:  1  11  6   	1.026520e+00	( 3 3 2 4 4 5  )
G_LOOP:  2  0  6   	1.057280e+00	( 0 1 2 7 6 5  )
G_LOOP:  2  1  6   	1.059558e+00	( 0 1 5 7 6 2  )
G_LOOP:  2  2  6   	1.058203e+00	( 0 6 2 7 1 5  )
G_LOOP:  2  3  6   	1.057099e+00	( 0 6 5 7 1 2  )
G_LOOP:  2  4  6   	1.059414e+00	( 0 1 3 7 6 4  )
G_LOOP:  2  5  6   	1.060069e+00	( 0 1 4 7 6 3  )
G_LOOP:  2  6  6   	1.061077e+00	( 0 6 3 7 1 4  )
G_LOOP:  2  7  6   	1.062719e+00	( 0 6 4 7 1 3  )
G_LOOP:  2  8  6   	1.058156e+00	( 0 2 3 7 5 4  )
G_LOOP:  2  9  6   	1.059245e+00	( 0 2 4 7 5 3  )
G_LOOP:  2  10  6   	1.059447e+00	( 0 5 3 7 2 4  )
G_LOOP:  2  11  6   	1.058875e+00	( 0 5 4 7 2 3  )
G_LOOP:  2  12  6   	1.060234e+00	( 1 2 3 6 5 4  )
G_LOOP:  2  13  6   	1.058745e+00	( 1 2 4 6 5 3  )
G_LOOP:  2  14  6   	1.061517e+00	( 1 5 3 6 2 4  )
G_LOOP:  2  15  6   	1.061018e+00	( 1 5 4 6 2 3  )
GACTION: 5.082868e+00
CONGRAD5: time = 1.961207e-02 (fn F) masses = 1 iters = 5 mflops = 1.394472e+03
 OK converged final_rsq= 0.0085 (cf 0.016) rel = 1 (cf 0) restarts = 1 iters= 5
CONGRAD5: time = 2.228904e-02 (fn F) masses = 1 iters = 6 mflops = 1.472391e+03
 OK converged final_rsq= 0.015 (cf 0.016) rel = 1 (cf 0) restarts = 1 iters= 6
PBP: mass 1.250000e-01     1.096581e-01  2.988181e-01  -6.904170e-04  -8.679691e-04 ( 1 of 1 )
FACTION: mass = 1.250000e-01,  1.452312e+00 ( 1 of 1 )
CONGRAD5: time = 2.036786e-02 (fn F) masses = 1 iters = 5 mflops = 1.342727e+03
 OK converged final_rsq= 0.0085 (cf 0.016) rel = 1 (cf 0) restarts = 1 iters= 5
CONGRAD5: time = 2.216601e-02 (fn F) masses = 1 iters = 6 mflops = 1.480563e+03
 OK converged final_rsq= 0.015 (cf 0.016) rel = 1 (cf 0) restarts = 1 iters= 6
PBP: mass 1.250000e-01     1.089939e-01  3.035291e-01  1.626398e-03  1.899905e-03 ( 1 of 1 )
FACTION: mass = 1.250000e-01,  1.453099e+00 ( 1 of 1 )
CONGRAD5: time = 1.804304e-02 (fn F) masses = 1 iters = 5 mflops = 1.515736e+03
 OK converged final_rsq= 0.01 (cf 0.016) rel = 1 (cf 0) restarts = 1 iters= 5
CONGRAD5: time = 1.757216e-02 (fn F) masses = 1 iters = 5 mflops = 1.556352e+03
 OK converged final_rsq= 0.0096 (cf 0.016) rel = 1 (cf 0) restarts = 1 iters= 5
GFTIME:   time = 3.086340e-01 (Symanzik1) mflops = 2.284396e+03
FFTIME:  time = 1.142353e+00 (asqtad3) terms = 2 mflops = 1.750531e+03
CONGRAD5: time = 1.936817e-02 (fn F) masses = 1 iters = 5 mflops = 1.412032e+03
 OK converged final_rsq= 0.011 (cf 0.016) rel = 1 (cf 0) restarts = 1 iters= 5
CONGRAD5: time = 1.847911e-02 (fn F) masses = 1 iters = 5 mflops = 1.479967e+03
 OK converged final_rsq= 0.011 (cf 0.016) rel = 1 (cf 0) restarts = 1 iters= 5
GFTIME:   time = 3.154590e-01 (Symanzik1) mflops = 2.234973e+03
FFTIME:  time = 1.178821e+00 (asqtad3) terms = 2 mflops = 1.696377e+03
CONGRAD5: time = 2.378607e-02 (fn F) masses = 1 iters = 5 mflops = 1.149769e+03
 OK converged final_rsq= 0.012 (cf 0.016) rel = 1 (cf 0) restarts = 1 iters= 5
CONGRAD5: time = 1.894498e-02 (fn F) masses = 1 iters = 5 mflops = 1.443574e+03
 OK converged final_rsq= 0.012 (cf 0.016) rel = 1 (cf 0) restarts = 1 iters= 5
GFTIME:   time = 3.191040e-01 (Symanzik1) mflops = 2.209444e+03
FFTIME:  time = 1.103745e+00 (asqtad3) terms = 2 mflops = 1.811763e+03
CONGRAD5: time = 2.037787e-02 (fn F) masses = 1 iters = 5 mflops = 1.342067e+03
 OK converged final_rsq= 0.012 (cf 0.016) rel = 1 (cf 0) restarts = 1 iters= 5
CONGRAD5: time = 1.912999e-02 (fn F) masses = 1 iters = 5 mflops = 1.429613e+03
 OK converged final_rsq= 0.012 (cf 0.016) rel = 1 (cf 0) restarts = 1 iters= 5
GFTIME:   time = 3.395531e-01 (Symanzik1) mflops = 2.076383e+03
FFTIME:  time = 1.118064e+00 (asqtad3) terms = 2 mflops = 1.788560e+03
CONGRAD5: time = 1.899505e-02 (fn F) masses = 1 iters = 5 mflops = 1.439769e+03
 OK converged final_rsq= 0.012 (cf 0.016) rel = 1 (cf 0) restarts = 1 iters= 5
CONGRAD5: time = 1.868200e-02 (fn F) masses = 1 iters = 5 mflops = 1.463894e+03
 OK converged final_rsq= 0.012 (cf 0.016) rel = 1 (cf 0) restarts = 1 iters= 5
GFTIME:   time = 3.141179e-01 (Symanzik1) mflops = 2.244515e+03
FFTIME:  time = 1.182957e+00 (asqtad3) terms = 2 mflops = 1.690446e+03
PLAQ:	1.646195	1.645889
P_LOOP:	-2.224417e-05	4.159464e-03
G_LOOP:  0  0  4   	1.646369e+00	( 0 1 7 6  )
G_LOOP:  0  1  4   	1.645388e+00	( 0 2 7 5  )
G_LOOP:  0  2  4   	1.645889e+00	( 0 3 7 4  )
G_LOOP:  0  3  4   	1.646829e+00	( 1 2 6 5  )
G_LOOP:  0  4  4   	1.647299e+00	( 1 3 6 4  )
G_LOOP:  0  5  4   	1.644479e+00	( 2 3 5 4  )
G_LOOP:  1  0  6   	8.565360e-01	( 0 0 1 7 7 6  )
G_LOOP:  1  1  6   	8.558377e-01	( 0 0 2 7 7 5  )
G_LOOP:  1  2  6   	8.565155e-01	( 0 0 3 7 7 4  )
G_LOOP:  1  3  6   	8.575574e-01	( 1 1 0 6 6 7  )
G_LOOP:  1  4  6   	8.578027e-01	( 1 1 2 6 6 5  )
G_LOOP:  1  5  6   	8.569771e-01	( 1 1 3 6 6 4  )
G_LOOP:  1  6  6   	8.553229e-01	( 2 2 0 5 5 7  )
G_LOOP:  1  7  6   	8.573364e-01	( 2 2 1 5 5 6  )
G_LOOP:  1  8  6   	8.536110e-01	( 2 2 3 5 5 4  )
G_LOOP:  1  9  6   	8.579637e-01	( 3 3 0 4 4 7  )
G_LOOP:  1  10  6   	8.576508e-01	( 3 3 1 4 4 6  )
G_LOOP:  1  11  6   	8.553949e-01	( 3 3 2 4 4 5  )
G_LOOP:  2  0  6   	8.801668e-01	( 0 1 2 7 6 5  )
G_LOOP:  2  1  6   	8.775872e-01	( 0 1 5 7 6 2  )
G_LOOP:  2  2  6   	8.787832e-01	( 0 6 2 7 1 5  )
G_LOOP:  2  3  6   	8.803032e-01	( 0 6 5 7 1 2  )
G_LOOP:  2  4  6   	8.803205e-01	( 0 1 3 7 6 4  )
G_LOOP:  2  5  6   	8.795468e-01	( 0 1 4 7 6 3  )
G_LOOP:  2  6  6   	8.803243e-01	( 0 6 3 7 1 4  )
G_LOOP:  2  7  6   	8.807733e-01	( 0 6 4 7 1 3  )
G_LOOP:  2  8  6   	8.793316e-01	( 0 2 3 7 5 4  )
G_LOOP:  2  9  6   	8.765335e-01	( 0 2 4 7 5 3  )
G_LOOP:  2  10  6   	8.780644e-01	( 0 5 3 7 2 4  )
G_LOOP:  2  11  6   	8.788279e-01	( 0 5 4 7 2 3  )
G_LOOP:  2  12  6   	8.762360e-01	( 1 2 3 6 5 4  )
G_LOOP:  2  13  6   	8.810432e-01	( 1 2 4 6 5 3  )
G_LOOP:  2  14  6   	8.804645e-01	( 1 5 3 6 2 4  )
G_LOOP:  2  15  6   	8.784264e-01	( 1 5 4 6 2 3  )
GACTION: 5.777204e+00
CONGRAD5: time = 2.011085e-02 (fn F) masses = 1 iters = 5 mflops = 1.359887e+03
 OK converged final_rsq= 0.01 (cf 0.016) rel = 1 (cf 0) restarts = 1 iters= 5
CONGRAD5: time = 2.577901e-02 (fn F) masses = 1 iters = 7 mflops = 1.485234e+03
 OK converged final_rsq= 0.0081 (cf 0.016) rel = 1 (cf 0) restarts = 1 iters= 7
PBP: mass 1.250000e-01     1.231636e-01  3.251120e-01  -1.022145e-03  -1.472293e-03 ( 1 of 1 )
FACTION: mass = 1.250000e-01,  1.436432e+00 ( 1 of 1 )
CONGRAD5: time = 1.868200e-02 (fn F) masses = 1 iters = 5 mflops = 1.463894e+03
 OK converged final_rsq= 0.01 (cf 0.016) rel = 1 (cf 0) restarts = 1 iters= 5
CONGRAD5: time = 2.235198e-02 (fn F) masses = 1 iters = 7 mflops = 1.712952e+03
 OK converged final_rsq= 0.0081 (cf 0.016) rel = 1 (cf 0) restarts = 1 iters= 7
PBP: mass 1.250000e-01     1.234610e-01  3.201259e-01  1.595476e-03  1.165833e-03 ( 1 of 1 )
FACTION: mass = 1.250000e-01,  1.438766e+00 ( 1 of 1 )
RUNNING COMPLETED
average cg iters for step= 1.100000e+01
Time = 4.466963e+01 seconds
total_iters = 552
Checksums 63b4bed6 bb8ade7d
Saved gauge configuration in parallel to binary file lat_p64_size128_1
Time stamp Tue Aug 16 01:42:38 2022
Wrote info file lat_p64_size128_1.info
Time to save = 9.320910e-01
CHECK PLAQ: 1.646195e+00 1.645889e+00
CHECK NERSC LINKTR: 1.708960e-01 CKSUM: eb4c963c


warms 0
trajecs 4
traj_between_meas 1
beta 5.6
mass1 0.01
mass2 0.01
u0 0.8441
microcanonical_time_step 0.02
steps_per_trajectory 15
max_cg_iterations 300
max_cg_restarts 5
error_per_site 1e-05
error_for_propagator 1e-05
npbp_reps 1
prec_pbp 1
reload_parallel lat_p64_size128_1
save_parallel lat_p64_size128_2
Restored binary gauge configuration in parallel from file lat_p64_size128_1
Time stamp Tue Aug 16 01:42:38 2022
Checksums 63b4bed6 bb8ade7d OK
Time to reload gauge configuration = 1.703129e-01
CHECK PLAQ: 1.646195e+00 1.645889e+00
CHECK NERSC LINKTR: 1.708960e-01 CKSUM: eb4c963c
Unitarity checked.  Max deviation 2.98e-07
Time to check unitarity = 2.194881e-03
"O(a^2): couplings(pi)=0, Naik term, No O(a^2) errors, tadpole weights"
path coefficients: npath  path_coeff  multiplicity
                    0      6.250000e-01     8
                    1      -5.847914e-02     8
                    2      -8.771871e-02     48
                    3      3.077829e-02     192
                    4      -7.199551e-03     384
                    5      -1.231132e-01     48
Symanzik 1x1 + 1x2 + 1x1x1 action
gauge_action: total_dyn_flavors = 3
loop coefficients: nloop rep loop_coeff  multiplicity
                    0 0      1.000000e+00     6
                    1 0      -7.762509e-02     12
                    2 0      -1.031171e-02     16
WARMUPS COMPLETED
CONGRAD5: time = 1.415045e+00 (fn F) masses = 1 iters = 547 mflops = 2.114367e+03
 OK converged final_rsq= 5e-11 (cf 1e-10) rel = 1 (cf 0) restarts = 3 iters= 547
CONGRAD5: time = 1.280438e+00 (fn F) masses = 1 iters = 499 mflops = 2.131597e+03
 OK converged final_rsq= 5e-11 (cf 1e-10) rel = 1 (cf 0) restarts = 3 iters= 499
GFTIME:   time = 3.636842e-01 (Symanzik1) mflops = 1.938612e+03
FFTIME:  time = 1.215970e+00 (asqtad3) terms = 2 mflops = 1.644551e+03
CONGRAD5: time = 1.322718e+00 (fn F) masses = 1 iters = 511 mflops = 2.113084e+03
 OK converged final_rsq= 5e-11 (cf 1e-10) rel = 1 (cf 0) restarts = 3 iters= 511
CONGRAD5: time = 1.368859e+00 (fn F) masses = 1 iters = 542 mflops = 2.165727e+03
 OK converged final_rsq= 5e-11 (cf 1e-10) rel = 1 (cf 0) restarts = 3 iters= 542
GFTIME:   time = 3.768320e-01 (Symanzik1) mflops = 1.870973e+03
FFTIME:  time = 1.203248e+00 (asqtad3) terms = 2 mflops = 1.661939e+03
CONGRAD5: time = 1.348863e+00 (fn F) masses = 1 iters = 509 mflops = 2.064017e+03
 OK converged final_rsq= 9.9e-11 (cf 1e-10) rel = 1 (cf 0) restarts = 2 iters= 509
CONGRAD5: time = 1.463983e+00 (fn F) masses = 1 iters = 556 mflops = 2.077313e+03
 OK converged final_rsq= 1e-10 (cf 1e-10) rel = 1 (cf 0) restarts = 2 iters= 556
GFTIME:   time = 3.344281e-01 (Symanzik1) mflops = 2.108204e+03
FFTIME:  time = 1.135519e+00 (asqtad3) terms = 2 mflops = 1.761067e+03
CONGRAD5: time = 1.501217e+00 (fn F) masses = 1 iters = 569 mflops = 2.073156e+03
 OK converged final_rsq= 1e-10 (cf 1e-10) rel = 1 (cf 0) restarts = 2 iters= 569
CONGRAD5: time = 1.509513e+00 (fn F) masses = 1 iters = 567 mflops = 2.054515e+03
 OK converged final_rsq= 5e-11 (cf 1e-10) rel = 1 (cf 0) restarts = 3 iters= 567
GFTIME:   time = 3.221898e-01 (Symanzik1) mflops = 2.188283e+03
FFTIME:  time = 1.127126e+00 (asqtad3) terms = 2 mflops = 1.774180e+03
CONGRAD5: time = 1.373038e+00 (fn F) masses = 1 iters = 548 mflops = 2.183037e+03
 OK converged final_rsq= 5e-11 (cf 1e-10) rel = 1 (cf 0) restarts = 3 iters= 548
CONGRAD5: time = 1.406191e+00 (fn F) masses = 1 iters = 557 mflops = 2.166577e+03
 OK converged final_rsq= 5e-11 (cf 1e-10) rel = 1 (cf 0) restarts = 3 iters= 557
GFTIME:   time = 3.230159e-01 (Symanzik1) mflops = 2.182686e+03
FFTIME:  time = 1.181679e+00 (asqtad3) terms = 2 mflops = 1.692274e+03
CONGRAD5: time = 1.384293e+00 (fn F) masses = 1 iters = 530 mflops = 2.094166e+03
 OK converged final_rsq= 1e-10 (cf 1e-10) rel = 1 (cf 0) restarts = 2 iters= 530
CONGRAD5: time = 1.467718e+00 (fn F) masses = 1 iters = 571 mflops = 2.127927e+03
 OK converged final_rsq= 9.9e-11 (cf 1e-10) rel = 1 (cf 0) restarts = 2 iters= 571
GFTIME:   time = 3.819401e-01 (Symanzik1) mflops = 1.845950e+03
FFTIME:  time = 1.156854e+00 (asqtad3) terms = 2 mflops = 1.728589e+03
CONGRAD5: time = 1.524515e+00 (fn F) masses = 1 iters = 569 mflops = 2.041473e+03
 OK converged final_rsq= 9.9e-11 (cf 1e-10) rel = 1 (cf 0) restarts = 2 iters= 569
CONGRAD5: time = 1.487370e+00 (fn F) masses = 1 iters = 558 mflops = 2.052005e+03
 OK converged final_rsq= 1e-10 (cf 1e-10) rel = 1 (cf 0) restarts = 2 iters= 558
GFTIME:   time = 3.212681e-01 (Symanzik1) mflops = 2.194561e+03
FFTIME:  time = 1.148764e+00 (asqtad3) terms = 2 mflops = 1.740762e+03
CONGRAD5: time = 1.423588e+00 (fn F) masses = 1 iters = 555 mflops = 2.132416e+03
 OK converged final_rsq= 5e-11 (cf 1e-10) rel = 1 (cf 0) restarts = 3 iters= 555
CONGRAD5: time = 1.272454e+00 (fn F) masses = 1 iters = 511 mflops = 2.196555e+03
 OK converged final_rsq= 5e-11 (cf 1e-10) rel = 1 (cf 0) restarts = 3 iters= 511
GFTIME:   time = 3.120890e-01 (Symanzik1) mflops = 2.259107e+03
FFTIME:  time = 1.085345e+00 (asqtad3) terms = 2 mflops = 1.842478e+03
CONGRAD5: time = 1.338355e+00 (fn F) masses = 1 iters = 537 mflops = 2.194654e+03
 OK converged final_rsq= 9.9e-11 (cf 1e-10) rel = 1 (cf 0) restarts = 2 iters= 537
CONGRAD5: time = 1.278113e+00 (fn F) masses = 1 iters = 513 mflops = 2.195388e+03
 OK converged final_rsq= 9.9e-11 (cf 1e-10) rel = 1 (cf 0) restarts = 2 iters= 513
GFTIME:   time = 3.152461e-01 (Symanzik1) mflops = 2.236483e+03
FFTIME:  time = 1.090962e+00 (asqtad3) terms = 2 mflops = 1.832992e+03
CONGRAD5: time = 1.235808e+00 (fn F) masses = 1 iters = 496 mflops = 2.195300e+03
 OK converged final_rsq= 5e-11 (cf 1e-10) rel = 1 (cf 0) restarts = 3 iters= 496
CONGRAD5: time = 1.301219e+00 (fn F) masses = 1 iters = 523 mflops = 2.198439e+03
 OK converged final_rsq= 9.9e-11 (cf 1e-10) rel = 1 (cf 0) restarts = 2 iters= 523
GFTIME:   time = 3.142478e-01 (Symanzik1) mflops = 2.243587e+03
FFTIME:  time = 1.088980e+00 (asqtad3) terms = 2 mflops = 1.836328e+03
CONGRAD5: time = 1.320256e+00 (fn F) masses = 1 iters = 529 mflops = 2.191597e+03
 OK converged final_rsq= 5e-11 (cf 1e-10) rel = 1 (cf 0) restarts = 3 iters= 529
CONGRAD5: time = 1.271616e+00 (fn F) masses = 1 iters = 510 mflops = 2.193701e+03
 OK converged final_rsq= 1e-10 (cf 1e-10) rel = 1 (cf 0) restarts = 2 iters= 510
GFTIME:   time = 3.149130e-01 (Symanzik1) mflops = 2.238848e+03
FFTIME:  time = 1.086717e+00 (asqtad3) terms = 2 mflops = 1.840152e+03
CONGRAD5: time = 1.316427e+00 (fn F) masses = 1 iters = 528 mflops = 2.193817e+03
 OK converged final_rsq= 1e-10 (cf 1e-10) rel = 1 (cf 0) restarts = 2 iters= 528
CONGRAD5: time = 1.269544e+00 (fn F) masses = 1 iters = 506 mflops = 2.180047e+03
 OK converged final_rsq= 5e-11 (cf 1e-10) rel = 1 (cf 0) restarts = 3 iters= 506
GFTIME:   time = 3.166699e-01 (Symanzik1) mflops = 2.226427e+03
FFTIME:  time = 1.095101e+00 (asqtad3) terms = 2 mflops = 1.826064e+03
CONGRAD5: time = 1.376139e+00 (fn F) masses = 1 iters = 550 mflops = 2.186068e+03
 OK converged final_rsq= 9.9e-11 (cf 1e-10) rel = 1 (cf 0) restarts = 2 iters= 550
CONGRAD5: time = 1.412372e+00 (fn F) masses = 1 iters = 548 mflops = 2.122241e+03
 OK converged final_rsq= 5e-11 (cf 1e-10) rel = 1 (cf 0) restarts = 3 iters= 548
GFTIME:   time = 3.237591e-01 (Symanzik1) mflops = 2.177676e+03
FFTIME:  time = 1.167167e+00 (asqtad3) terms = 2 mflops = 1.713315e+03
CONGRAD5: time = 1.407840e+00 (fn F) masses = 1 iters = 546 mflops = 2.121302e+03
 OK converged final_rsq= 9.9e-11 (cf 1e-10) rel = 1 (cf 0) restarts = 2 iters= 546
CONGRAD5: time = 1.326938e+00 (fn F) masses = 1 iters = 526 mflops = 2.168195e+03
 OK converged final_rsq= 9.9e-11 (cf 1e-10) rel = 1 (cf 0) restarts = 2 iters= 526
GFTIME:   time = 3.783169e-01 (Symanzik1) mflops = 1.863629e+03
FFTIME:  time = 1.156836e+00 (asqtad3) terms = 2 mflops = 1.728615e+03
CONGRAD5: time = 1.398453e+00 (fn F) masses = 1 iters = 550 mflops = 2.151186e+03
 OK converged final_rsq= 5e-11 (cf 1e-10) rel = 1 (cf 0) restarts = 3 iters= 550
CONGRAD5: time = 1.266704e+00 (fn F) masses = 1 iters = 508 mflops = 2.193571e+03
 OK converged final_rsq= 5e-11 (cf 1e-10) rel = 1 (cf 0) restarts = 3 iters= 508
GFTIME:   time = 3.159010e-01 (Symanzik1) mflops = 2.231846e+03
FFTIME:  time = 1.086735e+00 (asqtad3) terms = 2 mflops = 1.840122e+03
PLAQ:	1.540771	1.539234
P_LOOP:	1.091240e-02	-3.989859e-03
G_LOOP:  0  0  4   	1.540737e+00	( 0 1 7 6  )
G_LOOP:  0  1  4   	1.541393e+00	( 0 2 7 5  )
G_LOOP:  0  2  4   	1.540677e+00	( 0 3 7 4  )
G_LOOP:  0  3  4   	1.540183e+00	( 1 2 6 5  )
G_LOOP:  0  4  4   	1.539081e+00	( 1 3 6 4  )
G_LOOP:  0  5  4   	1.537945e+00	( 2 3 5 4  )
G_LOOP:  1  0  6   	7.792160e-01	( 0 0 1 7 7 6  )
G_LOOP:  1  1  6   	7.791683e-01	( 0 0 2 7 7 5  )
G_LOOP:  1  2  6   	7.817236e-01	( 0 0 3 7 7 4  )
G_LOOP:  1  3  6   	7.797929e-01	( 1 1 0 6 6 7  )
G_LOOP:  1  4  6   	7.789794e-01	( 1 1 2 6 6 5  )
G_LOOP:  1  5  6   	7.798970e-01	( 1 1 3 6 6 4  )
G_LOOP:  1  6  6   	7.811699e-01	( 2 2 0 5 5 7  )
G_LOOP:  1  7  6   	7.788761e-01	( 2 2 1 5 5 6  )
G_LOOP:  1  8  6   	7.790936e-01	( 2 2 3 5 5 4  )
G_LOOP:  1  9  6   	7.786094e-01	( 3 3 0 4 4 7  )
G_LOOP:  1  10  6   	7.778531e-01	( 3 3 1 4 4 6  )
G_LOOP:  1  11  6   	7.774794e-01	( 3 3 2 4 4 5  )
G_LOOP:  2  0  6   	8.019689e-01	( 0 1 2 7 6 5  )
G_LOOP:  2  1  6   	7.998577e-01	( 0 1 5 7 6 2  )
G_LOOP:  2  2  6   	8.010139e-01	( 0 6 2 7 1 5  )
G_LOOP:  2  3  6   	8.008853e-01	( 0 6 5 7 1 2  )
G_LOOP:  2  4  6   	7.989668e-01	( 0 1 3 7 6 4  )
G_LOOP:  2  5  6   	8.012611e-01	( 0 1 4 7 6 3  )
G_LOOP:  2  6  6   	8.014171e-01	( 0 6 3 7 1 4  )
G_LOOP:  2  7  6   	8.007371e-01	( 0 6 4 7 1 3  )
G_LOOP:  2  8  6   	8.001027e-01	( 0 2 3 7 5 4  )
G_LOOP:  2  9  6   	7.986628e-01	( 0 2 4 7 5 3  )
G_LOOP:  2  10  6   	8.000803e-01	( 0 5 3 7 2 4  )
G_LOOP:  2  11  6   	8.015377e-01	( 0 5 4 7 2 3  )
G_LOOP:  2  12  6   	7.979891e-01	( 1 2 3 6 5 4  )
G_LOOP:  2  13  6   	8.004914e-01	( 1 2 4 6 5 3  )
G_LOOP:  2  14  6   	8.007820e-01	( 1 5 3 6 2 4  )
G_LOOP:  2  15  6   	7.999565e-01	( 1 5 4 6 2 3  )
GACTION: 6.328506e+00
CONGRAD5: time = 1.355748e+00 (fn F) masses = 1 iters = 522 mflops = 2.105982e+03
 OK converged final_rsq= 5e-11 (cf 1e-10) rel = 1 (cf 0) restarts = 3 iters= 522
CONGRAD5: time = 2.248271e-01 (fn F) masses = 1 iters = 88 mflops = 2.140905e+03
 OK converged final_rsq= 4.8e-11 (cf 1e-10) rel = 1 (cf 0) restarts = 2 iters= 88
PBP: mass 1.000000e-02     3.210523e-02  3.108349e-02  -3.638818e-03  -3.637753e-03 ( 1 of 1 )
FACTION: mass = 1.000000e-02,  1.499014e+00 ( 1 of 1 )
CONGRAD5: time = 1.272227e+00 (fn F) masses = 1 iters = 511 mflops = 2.196946e+03
 OK converged final_rsq= 5e-11 (cf 1e-10) rel = 1 (cf 0) restarts = 3 iters= 511
CONGRAD5: time = 2.379720e-01 (fn F) masses = 1 iters = 94 mflops = 2.160554e+03
 OK converged final_rsq= 9.7e-11 (cf 1e-10) rel = 1 (cf 0) restarts = 1 iters= 94
PBP: mass 1.000000e-02     3.053545e-02  3.191708e-02  -3.038316e-03  -3.039833e-03 ( 1 of 1 )
FACTION: mass = 1.000000e-02,  1.500351e+00 ( 1 of 1 )
CONGRAD5: time = 1.375318e+00 (fn F) masses = 1 iters = 552 mflops = 2.195327e+03
 OK converged final_rsq= 5e-11 (cf 1e-10) rel = 1 (cf 0) restarts = 3 iters= 552
CONGRAD5: time = 1.347545e+00 (fn F) masses = 1 iters = 541 mflops = 2.195924e+03
 OK converged final_rsq= 5e-11 (cf 1e-10) rel = 1 (cf 0) restarts = 3 iters= 541
GFTIME:   time = 3.142891e-01 (Symanzik1) mflops = 2.243293e+03
FFTIME:  time = 1.085003e+00 (asqtad3) terms = 2 mflops = 1.843059e+03
CONGRAD5: time = 1.368367e+00 (fn F) masses = 1 iters = 548 mflops = 2.190489e+03
 OK converged final_rsq= 1e-10 (cf 1e-10) rel = 1 (cf 0) restarts = 2 iters= 548
CONGRAD5: time = 1.370054e+00 (fn F) masses = 1 iters = 549 mflops = 2.191784e+03
 OK converged final_rsq= 5e-11 (cf 1e-10) rel = 1 (cf 0) restarts = 3 iters= 549
GFTIME:   time = 3.150899e-01 (Symanzik1) mflops = 2.237591e+03
FFTIME:  time = 1.083953e+00 (asqtad3) terms = 2 mflops = 1.844844e+03
CONGRAD5: time = 1.332409e+00 (fn F) masses = 1 iters = 534 mflops = 2.192133e+03
 OK converged final_rsq= 5e-11 (cf 1e-10) rel = 1 (cf 0) restarts = 3 iters= 534
CONGRAD5: time = 1.311118e+00 (fn F) masses = 1 iters = 526 mflops = 2.194357e+03
 OK converged final_rsq= 9.9e-11 (cf 1e-10) rel = 1 (cf 0) restarts = 2 iters= 526
GFTIME:   time = 3.158071e-01 (Symanzik1) mflops = 2.232510e+03
FFTIME:  time = 1.086622e+00 (asqtad3) terms = 2 mflops = 1.840313e+03
CONGRAD5: time = 1.355931e+00 (fn F) masses = 1 iters = 543 mflops = 2.190410e+03
 OK converged final_rsq= 5e-11 (cf 1e-10) rel = 1 (cf 0) restarts = 3 iters= 543
CONGRAD5: time = 1.358751e+00 (fn F) masses = 1 iters = 535 mflops = 2.153660e+03
 OK converged final_rsq= 5e-11 (cf 1e-10) rel = 1 (cf 0) restarts = 3 iters= 535
GFTIME:   time = 3.168700e-01 (Symanzik1) mflops = 2.225021e+03
FFTIME:  time = 1.095857e+00 (asqtad3) terms = 2 mflops = 1.824804e+03
CONGRAD5: time = 1.369378e+00 (fn F) masses = 1 iters = 540 mflops = 2.156918e+03
 OK converged final_rsq= 1e-10 (cf 1e-10) rel = 1 (cf 0) restarts = 2 iters= 540
CONGRAD5: time = 1.477421e+00 (fn F) masses = 1 iters = 566 mflops = 2.095441e+03
 OK converged final_rsq= 9.9e-11 (cf 1e-10) rel = 1 (cf 0) restarts = 2 iters= 566
GFTIME:   time = 3.234551e-01 (Symanzik1) mflops = 2.179723e+03
FFTIME:  time = 1.158421e+00 (asqtad3) terms = 2 mflops = 1.726250e+03
CONGRAD5: time = 1.470367e+00 (fn F) masses = 1 iters = 549 mflops = 2.042254e+03
 OK converged final_rsq= 4.9e-11 (cf 1e-10) rel = 1 (cf 0) restarts = 3 iters= 549
CONGRAD5: time = 1.374480e+00 (fn F) masses = 1 iters = 533 mflops = 2.121056e+03
 OK converged final_rsq= 1e-10 (cf 1e-10) rel = 1 (cf 0) restarts = 2 iters= 533
GFTIME:   time = 3.211131e-01 (Symanzik1) mflops = 2.195620e+03
FFTIME:  time = 1.098180e+00 (asqtad3) terms = 2 mflops = 1.820944e+03
CONGRAD5: time = 1.381053e+00 (fn F) masses = 1 iters = 539 mflops = 2.134723e+03
 OK converged final_rsq= 1e-10 (cf 1e-10) rel = 1 (cf 0) restarts = 2 iters= 539
CONGRAD5: time = 1.341244e+00 (fn F) masses = 1 iters = 513 mflops = 2.092053e+03
 OK converged final_rsq= 5e-11 (cf 1e-10) rel = 1 (cf 0) restarts = 3 iters= 513
GFTIME:   time = 3.249509e-01 (Symanzik1) mflops = 2.169689e+03
FFTIME:  time = 1.119662e+00 (asqtad3) terms = 2 mflops = 1.786007e+03
CONGRAD5: time = 1.389535e+00 (fn F) masses = 1 iters = 524 mflops = 2.062647e+03
 OK converged final_rsq= 5e-11 (cf 1e-10) rel = 1 (cf 0) restarts = 3 iters= 524
CONGRAD5: time = 1.358888e+00 (fn F) masses = 1 iters = 536 mflops = 2.157468e+03
 OK converged final_rsq= 9.9e-11 (cf 1e-10) rel = 1 (cf 0) restarts = 2 iters= 536
GFTIME:   time = 3.718250e-01 (Symanzik1) mflops = 1.896167e+03
FFTIME:  time = 1.194085e+00 (asqtad3) terms = 2 mflops = 1.674692e+03
CONGRAD5: time = 1.428130e+00 (fn F) masses = 1 iters = 538 mflops = 2.060524e+03
 OK converged final_rsq= 5e-11 (cf 1e-10) rel = 1 (cf 0) restarts = 3 iters= 538
CONGRAD5: time = 1.418882e+00 (fn F) masses = 1 iters = 551 mflops = 2.124068e+03
 OK converged final_rsq= 9.9e-11 (cf 1e-10) rel = 1 (cf 0) restarts = 2 iters= 551
GFTIME:   time = 3.825560e-01 (Symanzik1) mflops = 1.842979e+03
FFTIME:  time = 1.165379e+00 (asqtad3) terms = 2 mflops = 1.715943e+03
CONGRAD5: time = 1.526031e+00 (fn F) masses = 1 iters = 569 mflops = 2.039445e+03
 OK converged final_rsq= 1e-10 (cf 1e-10) rel = 1 (cf 0) restarts = 2 iters= 569
CONGRAD5: time = 1.469413e+00 (fn F) masses = 1 iters = 556 mflops = 2.069637e+03
 OK converged final_rsq= 9.9e-11 (cf 1e-10) rel = 1 (cf 0) restarts = 2 iters= 556
GFTIME:   time = 3.330390e-01 (Symanzik1) mflops = 2.116996e+03
FFTIME:  time = 1.108585e+00 (asqtad3) terms = 2 mflops = 1.803853e+03
CONGRAD5: time = 1.458195e+00 (fn F) masses = 1 iters = 560 mflops = 2.100563e+03
 OK converged final_rsq= 9.9e-11 (cf 1e-10) rel = 1 (cf 0) restarts = 2 iters= 560
CONGRAD5: time = 1.431385e+00 (fn F) masses = 1 iters = 552 mflops = 2.109336e+03
 OK converged final_rsq= 9.9e-11 (cf 1e-10) rel = 1 (cf 0) restarts = 2 iters= 552
GFTIME:   time = 3.235250e-01 (Symanzik1) mflops = 2.179252e+03
FFTIME:  time = 1.155735e+00 (asqtad3) terms = 2 mflops = 1.730262e+03
CONGRAD5: time = 1.433595e+00 (fn F) masses = 1 iters = 570 mflops = 2.174761e+03
 OK converged final_rsq= 1e-10 (cf 1e-10) rel = 1 (cf 0) restarts = 2 iters= 570
CONGRAD5: time = 1.433379e+00 (fn F) masses = 1 iters = 568 mflops = 2.167457e+03
 OK converged final_rsq= 9.9e-11 (cf 1e-10) rel = 1 (cf 0) restarts = 2 iters= 568
GFTIME:   time = 3.215559e-01 (Symanzik1) mflops = 2.192597e+03
FFTIME:  time = 1.174446e+00 (asqtad3) terms = 2 mflops = 1.702696e+03
CONGRAD5: time = 1.469025e+00 (fn F) masses = 1 iters = 560 mflops = 2.085076e+03
 OK converged final_rsq= 9.9e-11 (cf 1e-10) rel = 1 (cf 0) restarts = 2 iters= 560
CONGRAD5: time = 1.445373e+00 (fn F) masses = 1 iters = 554 mflops = 2.096491e+03
 OK converged final_rsq= 9.9e-11 (cf 1e-10) rel = 1 (cf 0) restarts = 2 iters= 554
GFTIME:   time = 3.347108e-01 (Symanzik1) mflops = 2.106422e+03
FFTIME:  time = 1.110368e+00 (asqtad3) terms = 2 mflops = 1.800957e+03
CONGRAD5: time = 1.490966e+00 (fn F) masses = 1 iters = 576 mflops = 2.113090e+03
 OK converged final_rsq= 5e-11 (cf 1e-10) rel = 1 (cf 0) restarts = 3 iters= 576
CONGRAD5: time = 1.477516e+00 (fn F) masses = 1 iters = 569 mflops = 2.106412e+03
 OK converged final_rsq= 5e-11 (cf 1e-10) rel = 1 (cf 0) restarts = 3 iters= 569
GFTIME:   time = 3.243411e-01 (Symanzik1) mflops = 2.173769e+03
FFTIME:  time = 1.162556e+00 (asqtad3) terms = 2 mflops = 1.720110e+03
CONGRAD5: time = 1.462005e+00 (fn F) masses = 1 iters = 583 mflops = 2.181137e+03
 OK converged final_rsq= 1e-10 (cf 1e-10) rel = 1 (cf 0) restarts = 2 iters= 583
CONGRAD5: time = 1.415263e+00 (fn F) masses = 1 iters = 567 mflops = 2.191337e+03
 OK converged final_rsq= 1e-10 (cf 1e-10) rel = 1 (cf 0) restarts = 2 iters= 567
GFTIME:   time = 3.759811e-01 (Symanzik1) mflops = 1.875207e+03
FFTIME:  time = 1.104148e+00 (asqtad3) terms = 2 mflops = 1.811102e+03
PLAQ:	1.499350	1.498887
P_LOOP:	1.646081e-03	3.009995e-03
G_LOOP:  0  0  4   	1.499739e+00	( 0 1 7 6  )
G_LOOP:  0  1  4   	1.500095e+00	( 0 2 7 5  )
G_LOOP:  0  2  4   	1.499475e+00	( 0 3 7 4  )
G_LOOP:  0  3  4   	1.498217e+00	( 1 2 6 5  )
G_LOOP:  0  4  4   	1.498265e+00	( 1 3 6 4  )
G_LOOP:  0  5  4   	1.498920e+00	( 2 3 5 4  )
G_LOOP:  1  0  6   	7.412622e-01	( 0 0 1 7 7 6  )
G_LOOP:  1  1  6   	7.420974e-01	( 0 0 2 7 7 5  )
G_LOOP:  1  2  6   	7.440755e-01	( 0 0 3 7 7 4  )
G_LOOP:  1  3  6   	7.417144e-01	( 1 1 0 6 6 7  )
G_LOOP:  1  4  6   	7.403150e-01	( 1 1 2 6 6 5  )
G_LOOP:  1  5  6   	7.414948e-01	( 1 1 3 6 6 4  )
G_LOOP:  1  6  6   	7.427913e-01	( 2 2 0 5 5 7  )
G_LOOP:  1  7  6   	7.399303e-01	( 2 2 1 5 5 6  )
G_LOOP:  1  8  6   	7.433757e-01	( 2 2 3 5 5 4  )
G_LOOP:  1  9  6   	7.415228e-01	( 3 3 0 4 4 7  )
G_LOOP:  1  10  6   	7.409361e-01	( 3 3 1 4 4 6  )
G_LOOP:  1  11  6   	7.392472e-01	( 3 3 2 4 4 5  )
G_LOOP:  2  0  6   	7.593954e-01	( 0 1 2 7 6 5  )
G_LOOP:  2  1  6   	7.592458e-01	( 0 1 5 7 6 2  )
G_LOOP:  2  2  6   	7.601844e-01	( 0 6 2 7 1 5  )
G_LOOP:  2  3  6   	7.597496e-01	( 0 6 5 7 1 2  )
G_LOOP:  2  4  6   	7.597478e-01	( 0 1 3 7 6 4  )
G_LOOP:  2  5  6   	7.613796e-01	( 0 1 4 7 6 3  )
G_LOOP:  2  6  6   	7.610169e-01	( 0 6 3 7 1 4  )
G_LOOP:  2  7  6   	7.600945e-01	( 0 6 4 7 1 3  )
G_LOOP:  2  8  6   	7.599634e-01	( 0 2 3 7 5 4  )
G_LOOP:  2  9  6   	7.604212e-01	( 0 2 4 7 5 3  )
G_LOOP:  2  10  6   	7.587259e-01	( 0 5 3 7 2 4  )
G_LOOP:  2  11  6   	7.612359e-01	( 0 5 4 7 2 3  )
G_LOOP:  2  12  6   	7.569071e-01	( 1 2 3 6 5 4  )
G_LOOP:  2  13  6   	7.588607e-01	( 1 2 4 6 5 3  )
G_LOOP:  2  14  6   	7.598377e-01	( 1 5 3 6 2 4  )
G_LOOP:  2  15  6   	7.603660e-01	( 1 5 4 6 2 3  )
GACTION: 6.531951e+00
CONGRAD5: time = 1.426917e+00 (fn F) masses = 1 iters = 544 mflops = 2.085275e+03
 OK converged final_rsq= 5e-11 (cf 1e-10) rel = 1 (cf 0) restarts = 3 iters= 544
CONGRAD5: time = 2.027030e-01 (fn F) masses = 1 iters = 77 mflops = 2.077752e+03
 OK converged final_rsq= 5e-11 (cf 1e-10) rel = 1 (cf 0) restarts = 2 iters= 77
PBP: mass 1.000000e-02     3.013453e-02  3.752781e-02  -3.761030e-03  -3.761023e-03 ( 1 of 1 )
FACTION: mass = 1.000000e-02,  1.500048e+00 ( 1 of 1 )
CONGRAD5: time = 1.346439e+00 (fn F) masses = 1 iters = 534 mflops = 2.169291e+03
 OK converged final_rsq= 5e-11 (cf 1e-10) rel = 1 (cf 0) restarts = 3 iters= 534
CONGRAD5: time = 1.987591e-01 (fn F) masses = 1 iters = 78 mflops = 2.146500e+03
 OK converged final_rsq= 1e-10 (cf 1e-10) rel = 1 (cf 0) restarts = 1 iters= 78
PBP: mass 1.000000e-02     3.384094e-02  3.335108e-02  4.305006e-03  4.306948e-03 ( 1 of 1 )
FACTION: mass = 1.000000e-02,  1.503952e+00 ( 1 of 1 )
CONGRAD5: time = 1.486654e+00 (fn F) masses = 1 iters = 581 mflops = 2.137615e+03
 OK converged final_rsq= 1e-10 (cf 1e-10) rel = 1 (cf 0) restarts = 2 iters= 581
CONGRAD5: time = 1.411119e+00 (fn F) masses = 1 iters = 542 mflops = 2.100868e+03
 OK converged final_rsq= 5e-11 (cf 1e-10) rel = 1 (cf 0) restarts = 3 iters= 542
GFTIME:   time = 3.243330e-01 (Symanzik1) mflops = 2.173823e+03
FFTIME:  time = 1.118549e+00 (asqtad3) terms = 2 mflops = 1.787784e+03
CONGRAD5: time = 1.474066e+00 (fn F) masses = 1 iters = 545 mflops = 2.022287e+03
 OK converged final_rsq= 1e-10 (cf 1e-10) rel = 1 (cf 0) restarts = 2 iters= 545
CONGRAD5: time = 1.472590e+00 (fn F) masses = 1 iters = 570 mflops = 2.117172e+03
 OK converged final_rsq= 5e-11 (cf 1e-10) rel = 1 (cf 0) restarts = 3 iters= 570
GFTIME:   time = 3.218491e-01 (Symanzik1) mflops = 2.190599e+03
FFTIME:  time = 1.095263e+00 (asqtad3) terms = 2 mflops = 1.825794e+03
CONGRAD5: time = 1.481113e+00 (fn F) masses = 1 iters = 578 mflops = 2.134533e+03
 OK converged final_rsq= 5e-11 (cf 1e-10) rel = 1 (cf 0) restarts = 3 iters= 578
CONGRAD5: time = 1.455632e+00 (fn F) masses = 1 iters = 558 mflops = 2.096746e+03
 OK converged final_rsq= 5e-11 (cf 1e-10) rel = 1 (cf 0) restarts = 3 iters= 558
GFTIME:   time = 3.227310e-01 (Symanzik1) mflops = 2.184613e+03
FFTIME:  time = 1.131829e+00 (asqtad3) terms = 2 mflops = 1.766808e+03
CONGRAD5: time = 1.533070e+00 (fn F) masses = 1 iters = 586 mflops = 2.090734e+03
 OK converged final_rsq= 9.9e-11 (cf 1e-10) rel = 1 (cf 0) restarts = 2 iters= 586
CONGRAD5: time = 1.421568e+00 (fn F) masses = 1 iters = 561 mflops = 2.158532e+03
 OK converged final_rsq= 9.9e-11 (cf 1e-10) rel = 1 (cf 0) restarts = 2 iters= 561
GFTIME:   time = 3.512120e-01 (Symanzik1) mflops = 2.007455e+03
FFTIME:  time = 1.213728e+00 (asqtad3) terms = 2 mflops = 1.647588e+03
CONGRAD5: time = 1.530168e+00 (fn F) masses = 1 iters = 581 mflops = 2.076827e+03
 OK converged final_rsq= 9.9e-11 (cf 1e-10) rel = 1 (cf 0) restarts = 2 iters= 581
CONGRAD5: time = 1.453663e+00 (fn F) masses = 1 iters = 574 mflops = 2.159789e+03
 OK converged final_rsq= 5e-11 (cf 1e-10) rel = 1 (cf 0) restarts = 3 iters= 574
GFTIME:   time = 3.397100e-01 (Symanzik1) mflops = 2.075424e+03
FFTIME:  time = 1.186976e+00 (asqtad3) terms = 2 mflops = 1.684722e+03
CONGRAD5: time = 1.568867e+00 (fn F) masses = 1 iters = 588 mflops = 2.050003e+03
 OK converged final_rsq= 9.9e-11 (cf 1e-10) rel = 1 (cf 0) restarts = 2 iters= 588
CONGRAD5: time = 1.551270e+00 (fn F) masses = 1 iters = 592 mflops = 2.087361e+03
 OK converged final_rsq= 9.7e-11 (cf 1e-10) rel = 1 (cf 0) restarts = 2 iters= 592
GFTIME:   time = 3.290861e-01 (Symanzik1) mflops = 2.142426e+03
FFTIME:  time = 1.099177e+00 (asqtad3) terms = 2 mflops = 1.819292e+03
CONGRAD5: time = 1.499644e+00 (fn F) masses = 1 iters = 588 mflops = 2.144630e+03
 OK converged final_rsq= 9.7e-11 (cf 1e-10) rel = 1 (cf 0) restarts = 2 iters= 588
CONGRAD5: time = 1.517255e+00 (fn F) masses = 1 iters = 582 mflops = 2.098107e+03
 OK converged final_rsq= 9.8e-11 (cf 1e-10) rel = 1 (cf 0) restarts = 2 iters= 582
GFTIME:   time = 3.220410e-01 (Symanzik1) mflops = 2.189294e+03
FFTIME:  time = 1.122669e+00 (asqtad3) terms = 2 mflops = 1.781224e+03
CONGRAD5: time = 1.542922e+00 (fn F) masses = 1 iters = 572 mflops = 2.027754e+03
 OK converged final_rsq= 5e-11 (cf 1e-10) rel = 1 (cf 0) restarts = 3 iters= 572
CONGRAD5: time = 1.404807e+00 (fn F) masses = 1 iters = 558 mflops = 2.172605e+03
 OK converged final_rsq= 5e-11 (cf 1e-10) rel = 1 (cf 0) restarts = 3 iters= 558
GFTIME:   time = 3.691440e-01 (Symanzik1) mflops = 1.909939e+03
FFTIME:  time = 1.112818e+00 (asqtad3) terms = 2 mflops = 1.796992e+03
CONGRAD5: time = 1.462452e+00 (fn F) masses = 1 iters = 586 mflops = 2.191690e+03
 OK converged final_rsq= 4.9e-11 (cf 1e-10) rel = 1 (cf 0) restarts = 3 iters= 586
CONGRAD5: time = 1.393066e+00 (fn F) masses = 1 iters = 544 mflops = 2.135947e+03
 OK converged final_rsq= 1e-10 (cf 1e-10) rel = 1 (cf 0) restarts = 2 iters= 544
GFTIME:   time = 3.168719e-01 (Symanzik1) mflops = 2.225008e+03
FFTIME:  time = 1.097296e+00 (asqtad3) terms = 2 mflops = 1.822411e+03
CONGRAD5: time = 1.512019e+00 (fn F) masses = 1 iters = 580 mflops = 2.098137e+03
 OK converged final_rsq= 9.9e-11 (cf 1e-10) rel = 1 (cf 0) restarts = 2 iters= 580
CONGRAD5: time = 1.506261e+00 (fn F) masses = 1 iters = 580 mflops = 2.106158e+03
 OK converged final_rsq= 5e-11 (cf 1e-10) rel = 1 (cf 0) restarts = 3 iters= 580
GFTIME:   time = 3.384330e-01 (Symanzik1) mflops = 2.083255e+03
FFTIME:  time = 1.092463e+00 (asqtad3) terms = 2 mflops = 1.830473e+03
CONGRAD5: time = 1.509673e+00 (fn F) masses = 1 iters = 592 mflops = 2.144875e+03
 OK converged final_rsq= 9.6e-11 (cf 1e-10) rel = 1 (cf 0) restarts = 2 iters= 592
CONGRAD5: time = 1.494241e+00 (fn F) masses = 1 iters = 582 mflops = 2.130421e+03
 OK converged final_rsq= 9.8e-11 (cf 1e-10) rel = 1 (cf 0) restarts = 2 iters= 582
GFTIME:   time = 3.219900e-01 (Symanzik1) mflops = 2.189641e+03
FFTIME:  time = 1.189423e+00 (asqtad3) terms = 2 mflops = 1.681256e+03
CONGRAD5: time = 1.549666e+00 (fn F) masses = 1 iters = 588 mflops = 2.075403e+03
 OK converged final_rsq= 4.9e-11 (cf 1e-10) rel = 1 (cf 0) restarts = 3 iters= 588
CONGRAD5: time = 1.467334e+00 (fn F) masses = 1 iters = 561 mflops = 2.091207e+03
 OK converged final_rsq= 5e-11 (cf 1e-10) rel = 1 (cf 0) restarts = 3 iters= 561
GFTIME:   time = 3.787820e-01 (Symanzik1) mflops = 1.861341e+03
FFTIME:  time = 1.238517e+00 (asqtad3) terms = 2 mflops = 1.614612e+03
CONGRAD5: time = 1.589672e+00 (fn F) masses = 1 iters = 587 mflops = 2.019732e+03
 OK converged final_rsq= 1e-10 (cf 1e-10) rel = 1 (cf 0) restarts = 2 iters= 587
CONGRAD5: time = 1.481672e+00 (fn F) masses = 1 iters = 582 mflops = 2.148494e+03
 OK converged final_rsq= 9.9e-11 (cf 1e-10) rel = 1 (cf 0) restarts = 2 iters= 582
GFTIME:   time = 3.250530e-01 (Symanzik1) mflops = 2.169008e+03
FFTIME:  time = 1.145643e+00 (asqtad3) terms = 2 mflops = 1.745504e+03
CONGRAD5: time = 1.600956e+00 (fn F) masses = 1 iters = 595 mflops = 2.032829e+03
 OK converged final_rsq= 5e-11 (cf 1e-10) rel = 1 (cf 0) restarts = 3 iters= 595
CONGRAD5: time = 1.626404e+00 (fn F) masses = 1 iters = 583 mflops = 1.960665e+03
 OK converged final_rsq= 9.9e-11 (cf 1e-10) rel = 1 (cf 0) restarts = 2 iters= 583
GFTIME:   time = 3.901422e-01 (Symanzik1) mflops = 1.807142e+03
FFTIME:  time = 1.125369e+00 (asqtad3) terms = 2 mflops = 1.776950e+03
CONGRAD5: time = 1.545933e+00 (fn F) masses = 1 iters = 594 mflops = 2.101643e+03
 OK converged final_rsq= 9.6e-11 (cf 1e-10) rel = 1 (cf 0) restarts = 2 iters= 594
CONGRAD5: time = 1.509580e+00 (fn F) masses = 1 iters = 578 mflops = 2.094281e+03
 OK converged final_rsq= 9.9e-11 (cf 1e-10) rel = 1 (cf 0) restarts = 2 iters= 578
GFTIME:   time = 3.226511e-01 (Symanzik1) mflops = 2.185154e+03
FFTIME:  time = 1.183271e+00 (asqtad3) terms = 2 mflops = 1.689997e+03
PLAQ:	1.476641	1.476477
P_LOOP:	1.389653e-02	1.583339e-02
G_LOOP:  0  0  4   	1.476698e+00	( 0 1 7 6  )
G_LOOP:  0  1  4   	1.477045e+00	( 0 2 7 5  )
G_LOOP:  0  2  4   	1.477116e+00	( 0 3 7 4  )
G_LOOP:  0  3  4   	1.476180e+00	( 1 2 6 5  )
G_LOOP:  0  4  4   	1.476597e+00	( 1 3 6 4  )
G_LOOP:  0  5  4   	1.475717e+00	( 2 3 5 4  )
G_LOOP:  1  0  6   	7.180628e-01	( 0 0 1 7 7 6  )
G_LOOP:  1  1  6   	7.197275e-01	( 0 0 2 7 7 5  )
G_LOOP:  1  2  6   	7.203460e-01	( 0 0 3 7 7 4  )
G_LOOP:  1  3  6   	7.195633e-01	( 1 1 0 6 6 7  )
G_LOOP:  1  4  6   	7.170918e-01	( 1 1 2 6 6 5  )
G_LOOP:  1  5  6   	7.191620e-01	( 1 1 3 6 6 4  )
G_LOOP:  1  6  6   	7.192336e-01	( 2 2 0 5 5 7  )
G_LOOP:  1  7  6   	7.177945e-01	( 2 2 1 5 5 6  )
G_LOOP:  1  8  6   	7.167487e-01	( 2 2 3 5 5 4  )
G_LOOP:  1  9  6   	7.187283e-01	( 3 3 0 4 4 7  )
G_LOOP:  1  10  6   	7.174789e-01	( 3 3 1 4 4 6  )
G_LOOP:  1  11  6   	7.167002e-01	( 3 3 2 4 4 5  )
G_LOOP:  2  0  6   	7.330456e-01	( 0 1 2 7 6 5  )
G_LOOP:  2  1  6   	7.347533e-01	( 0 1 5 7 6 2  )
G_LOOP:  2  2  6   	7.326290e-01	( 0 6 2 7 1 5  )
G_LOOP:  2  3  6   	7.367278e-01	( 0 6 5 7 1 2  )
G_LOOP:  2  4  6   	7.346609e-01	( 0 1 3 7 6 4  )
G_LOOP:  2  5  6   	7.359359e-01	( 0 1 4 7 6 3  )
G_LOOP:  2  6  6   	7.360512e-01	( 0 6 3 7 1 4  )
G_LOOP:  2  7  6   	7.351147e-01	( 0 6 4 7 1 3  )
G_LOOP:  2  8  6   	7.357080e-01	( 0 2 3 7 5 4  )
G_LOOP:  2  9  6   	7.354203e-01	( 0 2 4 7 5 3  )
G_LOOP:  2  10  6   	7.344937e-01	( 0 5 3 7 2 4  )
G_LOOP:  2  11  6   	7.363211e-01	( 0 5 4 7 2 3  )
G_LOOP:  2  12  6   	7.342609e-01	( 1 2 3 6 5 4  )
G_LOOP:  2  13  6   	7.338548e-01	( 1 2 4 6 5 3  )
G_LOOP:  2  14  6   	7.347406e-01	( 1 5 3 6 2 4  )
G_LOOP:  2  15  6   	7.339186e-01	( 1 5 4 6 2 3  )
GACTION: 6.641601e+00
CONGRAD5: time = 1.471447e+00 (fn F) masses = 1 iters = 575 mflops = 2.137403e+03
 OK converged final_rsq= 9.9e-11 (cf 1e-10) rel = 1 (cf 0) restarts = 2 iters= 575
CONGRAD5: time = 1.889482e-01 (fn F) masses = 1 iters = 73 mflops = 2.113214e+03
 OK converged final_rsq= 5e-11 (cf 1e-10) rel = 1 (cf 0) restarts = 2 iters= 73
PBP: mass 1.000000e-02     4.209596e-02  3.290301e-02  4.044382e-03  4.045679e-03 ( 1 of 1 )
FACTION: mass = 1.000000e-02,  1.503401e+00 ( 1 of 1 )
CONGRAD5: time = 1.462681e+00 (fn F) masses = 1 iters = 583 mflops = 2.180129e+03
 OK converged final_rsq= 1e-10 (cf 1e-10) rel = 1 (cf 0) restarts = 2 iters= 583
CONGRAD5: time = 1.869829e-01 (fn F) masses = 1 iters = 72 mflops = 2.106172e+03
 OK converged final_rsq= 9.8e-11 (cf 1e-10) rel = 1 (cf 0) restarts = 1 iters= 72
PBP: mass 1.000000e-02     3.540728e-02  4.133288e-02  4.479211e-04  4.463850e-04 ( 1 of 1 )
FACTION: mass = 1.000000e-02,  1.501503e+00 ( 1 of 1 )
CONGRAD5: time = 1.557810e+00 (fn F) masses = 1 iters = 596 mflops = 2.092642e+03
 OK converged final_rsq= 9.9e-11 (cf 1e-10) rel = 1 (cf 0) restarts = 2 iters= 596
CONGRAD5: time = 1.562792e+00 (fn F) masses = 1 iters = 590 mflops = 2.064971e+03
 OK converged final_rsq= 9.7e-11 (cf 1e-10) rel = 1 (cf 0) restarts = 2 iters= 590
GFTIME:   time = 3.194299e-01 (Symanzik1) mflops = 2.207190e+03
FFTIME:  time = 1.167582e+00 (asqtad3) terms = 2 mflops = 1.712706e+03
CONGRAD5: time = 1.511007e+00 (fn F) masses = 1 iters = 585 mflops = 2.117642e+03
 OK converged final_rsq= 9.8e-11 (cf 1e-10) rel = 1 (cf 0) restarts = 2 iters= 585
CONGRAD5: time = 1.473716e+00 (fn F) masses = 1 iters = 572 mflops = 2.122978e+03
 OK converged final_rsq= 9.9e-11 (cf 1e-10) rel = 1 (cf 0) restarts = 2 iters= 572
GFTIME:   time = 3.258090e-01 (Symanzik1) mflops = 2.163975e+03
FFTIME:  time = 1.172690e+00 (asqtad3) terms = 2 mflops = 1.705246e+03
CONGRAD5: time = 1.516423e+00 (fn F) masses = 1 iters = 592 mflops = 2.135327e+03
 OK converged final_rsq= 9.6e-11 (cf 1e-10) rel = 1 (cf 0) restarts = 2 iters= 592
CONGRAD5: time = 1.466791e+00 (fn F) masses = 1 iters = 585 mflops = 2.181478e+03
 OK converged final_rsq= 9.9e-11 (cf 1e-10) rel = 1 (cf 0) restarts = 2 iters= 585
GFTIME:   time = 3.213511e-01 (Symanzik1) mflops = 2.193994e+03
FFTIME:  time = 1.228082e+00 (asqtad3) terms = 2 mflops = 1.628332e+03
CONGRAD5: time = 1.604235e+00 (fn F) masses = 1 iters = 598 mflops = 2.038902e+03
 OK converged final_rsq= 4.9e-11 (cf 1e-10) rel = 1 (cf 0) restarts = 3 iters= 598
CONGRAD5: time = 1.466599e+00 (fn F) masses = 1 iters = 571 mflops = 2.129550e+03
 OK converged final_rsq= 5e-11 (cf 1e-10) rel = 1 (cf 0) restarts = 3 iters= 571
GFTIME:   time = 3.431041e-01 (Symanzik1) mflops = 2.054893e+03
FFTIME:  time = 1.140297e+00 (asqtad3) terms = 2 mflops = 1.753688e+03
CONGRAD5: time = 1.538501e+00 (fn F) masses = 1 iters = 585 mflops = 2.079799e+03
 OK converged final_rsq= 9.8e-11 (cf 1e-10) rel = 1 (cf 0) restarts = 2 iters= 585
CONGRAD5: time = 1.533060e+00 (fn F) masses = 1 iters = 579 mflops = 2.065773e+03
 OK converged final_rsq= 1e-10 (cf 1e-10) rel = 1 (cf 0) restarts = 2 iters= 579
GFTIME:   time = 3.361659e-01 (Symanzik1) mflops = 2.097305e+03
FFTIME:  time = 1.087167e+00 (asqtad3) terms = 2 mflops = 1.839390e+03
CONGRAD5: time = 1.515814e+00 (fn F) masses = 1 iters = 596 mflops = 2.150620e+03
 OK converged final_rsq= 5e-11 (cf 1e-10) rel = 1 (cf 0) restarts = 3 iters= 596
CONGRAD5: time = 1.450455e+00 (fn F) masses = 1 iters = 578 mflops = 2.179650e+03
 OK converged final_rsq= 9.9e-11 (cf 1e-10) rel = 1 (cf 0) restarts = 2 iters= 578
GFTIME:   time = 3.172960e-01 (Symanzik1) mflops = 2.222034e+03
FFTIME:  time = 1.097307e+00 (asqtad3) terms = 2 mflops = 1.822393e+03
CONGRAD5: time = 1.499970e+00 (fn F) masses = 1 iters = 579 mflops = 2.111345e+03
 OK converged final_rsq= 4.9e-11 (cf 1e-10) rel = 1 (cf 0) restarts = 3 iters= 579
CONGRAD5: time = 1.476255e+00 (fn F) masses = 1 iters = 571 mflops = 2.115621e+03
 OK converged final_rsq= 9.9e-11 (cf 1e-10) rel = 1 (cf 0) restarts = 2 iters= 571
GFTIME:   time = 3.760910e-01 (Symanzik1) mflops = 1.874659e+03
FFTIME:  time = 1.103596e+00 (asqtad3) terms = 2 mflops = 1.812008e+03
CONGRAD5: time = 1.600544e+00 (fn F) masses = 1 iters = 589 mflops = 2.012848e+03
 OK converged final_rsq= 9.9e-11 (cf 1e-10) rel = 1 (cf 0) restarts = 2 iters= 589
CONGRAD5: time = 1.555832e+00 (fn F) masses = 1 iters = 594 mflops = 2.088271e+03
 OK converged final_rsq= 5e-11 (cf 1e-10) rel = 1 (cf 0) restarts = 3 iters= 594
GFTIME:   time = 3.221490e-01 (Symanzik1) mflops = 2.188560e+03
FFTIME:  time = 1.171394e+00 (asqtad3) terms = 2 mflops = 1.707132e+03
CONGRAD5: time = 1.592697e+00 (fn F) masses = 1 iters = 595 mflops = 2.043370e+03
 OK converged final_rsq= 9.9e-11 (cf 1e-10) rel = 1 (cf 0) restarts = 2 iters= 595
CONGRAD5: time = 1.486295e+00 (fn F) masses = 1 iters = 585 mflops = 2.152851e+03
 OK converged final_rsq= 1e-10 (cf 1e-10) rel = 1 (cf 0) restarts = 2 iters= 585
GFTIME:   time = 3.626850e-01 (Symanzik1) mflops = 1.943953e+03
FFTIME:  time = 1.240780e+00 (asqtad3) terms = 2 mflops = 1.611667e+03
CONGRAD5: time = 1.569256e+00 (fn F) masses = 1 iters = 591 mflops = 2.059951e+03
 OK converged final_rsq= 9.7e-11 (cf 1e-10) rel = 1 (cf 0) restarts = 2 iters= 591
CONGRAD5: time = 1.508024e+00 (fn F) masses = 1 iters = 594 mflops = 2.154475e+03
 OK converged final_rsq= 9.8e-11 (cf 1e-10) rel = 1 (cf 0) restarts = 2 iters= 594
GFTIME:   time = 3.595350e-01 (Symanzik1) mflops = 1.960984e+03
FFTIME:  time = 1.217902e+00 (asqtad3) terms = 2 mflops = 1.641942e+03
CONGRAD5: time = 1.573627e+00 (fn F) masses = 1 iters = 590 mflops = 2.050753e+03
 OK converged final_rsq= 9.9e-11 (cf 1e-10) rel = 1 (cf 0) restarts = 2 iters= 590
CONGRAD5: time = 1.564452e+00 (fn F) masses = 1 iters = 588 mflops = 2.055788e+03
 OK converged final_rsq= 9.9e-11 (cf 1e-10) rel = 1 (cf 0) restarts = 2 iters= 588
GFTIME:   time = 3.729110e-01 (Symanzik1) mflops = 1.890645e+03
FFTIME:  time = 1.138849e+00 (asqtad3) terms = 2 mflops = 1.755917e+03
CONGRAD5: time = 1.585226e+00 (fn F) masses = 1 iters = 597 mflops = 2.059901e+03
 OK converged final_rsq= 1e-10 (cf 1e-10) rel = 1 (cf 0) restarts = 2 iters= 597
CONGRAD5: time = 1.578197e+00 (fn F) masses = 1 iters = 595 mflops = 2.062144e+03
 OK converged final_rsq= 9.9e-11 (cf 1e-10) rel = 1 (cf 0) restarts = 2 iters= 595
GFTIME:   time = 3.205881e-01 (Symanzik1) mflops = 2.199216e+03
FFTIME:  time = 1.143364e+00 (asqtad3) terms = 2 mflops = 1.748983e+03
CONGRAD5: time = 1.536024e+00 (fn F) masses = 1 iters = 598 mflops = 2.129445e+03
 OK converged final_rsq= 9.6e-11 (cf 1e-10) rel = 1 (cf 0) restarts = 2 iters= 598
CONGRAD5: time = 1.475342e+00 (fn F) masses = 1 iters = 591 mflops = 2.191079e+03
 OK converged final_rsq= 1e-10 (cf 1e-10) rel = 1 (cf 0) restarts = 2 iters= 591
GFTIME:   time = 3.148949e-01 (Symanzik1) mflops = 2.238977e+03
FFTIME:  time = 1.082666e+00 (asqtad3) terms = 2 mflops = 1.847037e+03
CONGRAD5: time = 1.495299e+00 (fn F) masses = 1 iters = 599 mflops = 2.191099e+03
 OK converged final_rsq= 4.9e-11 (cf 1e-10) rel = 1 (cf 0) restarts = 3 iters= 599
CONGRAD5: time = 1.478330e+00 (fn F) masses = 1 iters = 592 mflops = 2.190350e+03
 OK converged final_rsq= 9.8e-11 (cf 1e-10) rel = 1 (cf 0) restarts = 2 iters= 592
GFTIME:   time = 3.163610e-01 (Symanzik1) mflops = 2.228601e+03
FFTIME:  time = 1.086743e+00 (asqtad3) terms = 2 mflops = 1.840108e+03
CONGRAD5: time = 1.502595e+00 (fn F) masses = 1 iters = 599 mflops = 2.180459e+03
 OK converged final_rsq= 9.6e-11 (cf 1e-10) rel = 1 (cf 0) restarts = 2 iters= 599
CONGRAD5: time = 1.498323e+00 (fn F) masses = 1 iters = 593 mflops = 2.164773e+03
 OK converged final_rsq= 9.7e-11 (cf 1e-10) rel = 1 (cf 0) restarts = 2 iters= 593
GFTIME:   time = 3.221710e-01 (Symanzik1) mflops = 2.188411e+03
FFTIME:  time = 1.181764e+00 (asqtad3) terms = 2 mflops = 1.692152e+03
PLAQ:	1.460480	1.460850
P_LOOP:	-1.393109e-02	-5.381851e-03
G_LOOP:  0  0  4   	1.461032e+00	( 0 1 7 6  )
G_LOOP:  0  1  4   	1.461647e+00	( 0 2 7 5  )
G_LOOP:  0  2  4   	1.462561e+00	( 0 3 7 4  )
G_LOOP:  0  3  4   	1.458762e+00	( 1 2 6 5  )
G_LOOP:  0  4  4   	1.459734e+00	( 1 3 6 4  )
G_LOOP:  0  5  4   	1.460255e+00	( 2 3 5 4  )
G_LOOP:  1  0  6   	7.016628e-01	( 0 0 1 7 7 6  )
G_LOOP:  1  1  6   	7.043072e-01	( 0 0 2 7 7 5  )
G_LOOP:  1  2  6   	7.044293e-01	( 0 0 3 7 7 4  )
G_LOOP:  1  3  6   	7.011861e-01	( 1 1 0 6 6 7  )
G_LOOP:  1  4  6   	7.002868e-01	( 1 1 2 6 6 5  )
G_LOOP:  1  5  6   	7.012733e-01	( 1 1 3 6 6 4  )
G_LOOP:  1  6  6   	7.033227e-01	( 2 2 0 5 5 7  )
G_LOOP:  1  7  6   	6.993962e-01	( 2 2 1 5 5 6  )
G_LOOP:  1  8  6   	6.985097e-01	( 2 2 3 5 5 4  )
G_LOOP:  1  9  6   	7.045607e-01	( 3 3 0 4 4 7  )
G_LOOP:  1  10  6   	7.010444e-01	( 3 3 1 4 4 6  )
G_LOOP:  1  11  6   	7.019787e-01	( 3 3 2 4 4 5  )
G_LOOP:  2  0  6   	7.167336e-01	( 0 1 2 7 6 5  )
G_LOOP:  2  1  6   	7.138787e-01	( 0 1 5 7 6 2  )
G_LOOP:  2  2  6   	7.139766e-01	( 0 6 2 7 1 5  )
G_LOOP:  2  3  6   	7.167409e-01	( 0 6 5 7 1 2  )
G_LOOP:  2  4  6   	7.157046e-01	( 0 1 3 7 6 4  )
G_LOOP:  2  5  6   	7.199059e-01	( 0 1 4 7 6 3  )
G_LOOP:  2  6  6   	7.173194e-01	( 0 6 3 7 1 4  )
G_LOOP:  2  7  6   	7.154907e-01	( 0 6 4 7 1 3  )
G_LOOP:  2  8  6   	7.159614e-01	( 0 2 3 7 5 4  )
G_LOOP:  2  9  6   	7.173291e-01	( 0 2 4 7 5 3  )
G_LOOP:  2  10  6   	7.172487e-01	( 0 5 3 7 2 4  )
G_LOOP:  2  11  6   	7.193678e-01	( 0 5 4 7 2 3  )
G_LOOP:  2  12  6   	7.146863e-01	( 1 2 3 6 5 4  )
G_LOOP:  2  13  6   	7.156424e-01	( 1 2 4 6 5 3  )
G_LOOP:  2  14  6   	7.157491e-01	( 1 5 3 6 2 4  )
G_LOOP:  2  15  6   	7.155376e-01	( 1 5 4 6 2 3  )
GACTION: 6.718485e+00
CONGRAD5: time = 1.617178e+00 (fn F) masses = 1 iters = 595 mflops = 2.012437e+03
 OK converged final_rsq= 5e-11 (cf 1e-10) rel = 1 (cf 0) restarts = 3 iters= 595
CONGRAD5: time = 2.160678e-01 (fn F) masses = 1 iters = 78 mflops = 1.974548e+03
 OK converged final_rsq= 5e-11 (cf 1e-10) rel = 1 (cf 0) restarts = 2 iters= 78
PBP: mass 1.000000e-02     4.424293e-02  4.080078e-02  4.691051e-03  4.690271e-03 ( 1 of 1 )
FACTION: mass = 1.000000e-02,  1.501556e+00 ( 1 of 1 )
CONGRAD5: time = 1.537931e+00 (fn F) masses = 1 iters = 594 mflops = 2.112578e+03
 OK converged final_rsq= 9.5e-11 (cf 1e-10) rel = 1 (cf 0) restarts = 2 iters= 594
CONGRAD5: time = 1.943891e-01 (fn F) masses = 1 iters = 76 mflops = 2.138478e+03
 OK converged final_rsq= 5e-11 (cf 1e-10) rel = 1 (cf 0) restarts = 2 iters= 76
PBP: mass 1.000000e-02     4.195070e-02  4.239084e-02  -7.435116e-04  -7.432470e-04 ( 1 of 1 )
FACTION: mass = 1.000000e-02,  1.499478e+00 ( 1 of 1 )
RUNNING COMPLETED
average cg iters for step= 1.127000e+03
Time = 3.189653e+02 seconds
total_iters = 140952
Checksums 8a58c364 c13abdfa
Saved gauge configuration in parallel to binary file lat_p64_size128_2
Time stamp Tue Aug 16 01:47:58 2022
Wrote info file lat_p64_size128_2.info
Time to save = 9.626970e-01
CHECK PLAQ: 1.460480e+00 1.460850e+00
CHECK NERSC LINKTR: 1.428272e-01 CKSUM: 5a7f890e


get_i(0): EOF on input.
Elapsed total time: 366.137920
exit: Tue Aug 16 01:47:59 2022

