SU3 with improved KS action
Microcanonical simulation with refreshing
R algorithm
MIMD version 7.8.1
Machine = MPI (portable), with 64 nodes
Host(0) = nid01366
Username = mcopik
Options selected...
Generic single precision
C_GLOBAL_INLINE
DBLSTORE_FN
D_FN_GATHER13
FEWSUMS
KS_MULTIFF=FNMAT
VECLENGTH=4
type 0 for no prompts, 1 for prompts, or 2 for proofreading
nflavors1 2
nflavors2 1
nx 32
ny 16
nz 16
nt 36
iseed 5682304
LAYOUT = Hypercubes, options = hyper_prime,
automatic hyper_prime layout
ON EACH NODE 8 x 8 x 8 x 9
Mallocing 4.5 MBytes per node for lattice
WARNING!!: Resetting random seed
Made lattice
Made nn gathers
Made 3nn gathers
Finished setup


warms 0
trajecs 4
traj_between_meas 1
beta 5.6
mass1 0.125
mass2 0.125
u0 0.8441
microcanonical_time_step 0.2
steps_per_trajectory 5
max_cg_iterations 100
max_cg_restarts 5
error_per_site 0.125
error_for_propagator 0.125
npbp_reps 1
prec_pbp 1
fresh 
save_parallel lat_p64_size128_1
unit gauge configuration loaded
CHECK PLAQ: 3.000000e+00 3.000000e+00
CHECK NERSC LINKTR: 1.000000e+00 CKSUM: 0
Unitarity checked.  Max deviation 0.00e+00
Time to check unitarity = 1.296043e-03
"O(a^2): couplings(pi)=0, Naik term, No O(a^2) errors, tadpole weights"
path coefficients: npath  path_coeff  multiplicity
                    0      6.250000e-01     8
                    1      -5.847914e-02     8
                    2      -8.771871e-02     48
                    3      3.077829e-02     192
                    4      -7.199551e-03     384
                    5      -1.231132e-01     48
Symanzik 1x1 + 1x2 + 1x1x1 action
gauge_action: total_dyn_flavors = 3
loop coefficients: nloop rep loop_coeff  multiplicity
                    0 0      1.000000e+00     6
                    1 0      -7.762509e-02     12
                    2 0      -1.031171e-02     16
WARMUPS COMPLETED
CONGRAD5: time = 1.746798e-02 (fn F) masses = 1 iters = 4 mflops = 1.252508e+03
 OK converged final_rsq= 0.006 (cf 0.016) rel = 1 (cf 0) restarts = 1 iters= 4
CONGRAD5: time = 1.487398e-02 (fn F) masses = 1 iters = 4 mflops = 1.470943e+03
 OK converged final_rsq= 0.0059 (cf 0.016) rel = 1 (cf 0) restarts = 1 iters= 4
GFTIME:   time = 2.948639e-01 (Symanzik1) mflops = 2.391077e+03
FFTIME:  time = 1.055713e+00 (asqtad3) terms = 2 mflops = 1.894193e+03
CONGRAD5: time = 1.544905e-02 (fn F) masses = 1 iters = 4 mflops = 1.416190e+03
 OK converged final_rsq= 0.01 (cf 0.016) rel = 1 (cf 0) restarts = 1 iters= 4
CONGRAD5: time = 1.476598e-02 (fn F) masses = 1 iters = 4 mflops = 1.481702e+03
 OK converged final_rsq= 0.0096 (cf 0.016) rel = 1 (cf 0) restarts = 1 iters= 4
GFTIME:   time = 2.946389e-01 (Symanzik1) mflops = 2.392904e+03
FFTIME:  time = 1.093915e+00 (asqtad3) terms = 2 mflops = 1.828044e+03
CONGRAD5: time = 1.560712e-02 (fn F) masses = 1 iters = 4 mflops = 1.401846e+03
 OK converged final_rsq= 0.014 (cf 0.016) rel = 1 (cf 0) restarts = 1 iters= 4
CONGRAD5: time = 1.538014e-02 (fn F) masses = 1 iters = 4 mflops = 1.422534e+03
 OK converged final_rsq= 0.014 (cf 0.016) rel = 1 (cf 0) restarts = 1 iters= 4
GFTIME:   time = 3.177929e-01 (Symanzik1) mflops = 2.218559e+03
FFTIME:  time = 1.110757e+00 (asqtad3) terms = 2 mflops = 1.800326e+03
CONGRAD5: time = 1.923704e-02 (fn F) masses = 1 iters = 4 mflops = 1.137326e+03
 OK converged final_rsq= 0.013 (cf 0.016) rel = 1 (cf 0) restarts = 1 iters= 4
CONGRAD5: time = 1.662493e-02 (fn F) masses = 1 iters = 4 mflops = 1.316023e+03
 OK converged final_rsq= 0.013 (cf 0.016) rel = 1 (cf 0) restarts = 1 iters= 4
GFTIME:   time = 3.551450e-01 (Symanzik1) mflops = 1.985224e+03
FFTIME:  time = 1.045798e+00 (asqtad3) terms = 2 mflops = 1.912152e+03
CONGRAD5: time = 1.623106e-02 (fn F) masses = 1 iters = 4 mflops = 1.347958e+03
 OK converged final_rsq= 0.011 (cf 0.016) rel = 1 (cf 0) restarts = 1 iters= 4
CONGRAD5: time = 1.462603e-02 (fn F) masses = 1 iters = 4 mflops = 1.495880e+03
 OK converged final_rsq= 0.011 (cf 0.016) rel = 1 (cf 0) restarts = 1 iters= 4
GFTIME:   time = 2.992439e-01 (Symanzik1) mflops = 2.356079e+03
FFTIME:  time = 1.050348e+00 (asqtad3) terms = 2 mflops = 1.903868e+03
PLAQ:	2.348549	2.348112
P_LOOP:	-5.505189e-03	-1.058115e-02
G_LOOP:  0  0  4   	2.347989e+00	( 0 1 7 6  )
G_LOOP:  0  1  4   	2.348235e+00	( 0 2 7 5  )
G_LOOP:  0  2  4   	2.348118e+00	( 0 3 7 4  )
G_LOOP:  0  3  4   	2.349423e+00	( 1 2 6 5  )
G_LOOP:  0  4  4   	2.347520e+00	( 1 3 6 4  )
G_LOOP:  0  5  4   	2.348698e+00	( 2 3 5 4  )
G_LOOP:  1  0  6   	1.774326e+00	( 0 0 1 7 7 6  )
G_LOOP:  1  1  6   	1.772816e+00	( 0 0 2 7 7 5  )
G_LOOP:  1  2  6   	1.773575e+00	( 0 0 3 7 7 4  )
G_LOOP:  1  3  6   	1.774198e+00	( 1 1 0 6 6 7  )
G_LOOP:  1  4  6   	1.776674e+00	( 1 1 2 6 6 5  )
G_LOOP:  1  5  6   	1.772050e+00	( 1 1 3 6 6 4  )
G_LOOP:  1  6  6   	1.774592e+00	( 2 2 0 5 5 7  )
G_LOOP:  1  7  6   	1.775420e+00	( 2 2 1 5 5 6  )
G_LOOP:  1  8  6   	1.775323e+00	( 2 2 3 5 5 4  )
G_LOOP:  1  9  6   	1.774200e+00	( 3 3 0 4 4 7  )
G_LOOP:  1  10  6   	1.772793e+00	( 3 3 1 4 4 6  )
G_LOOP:  1  11  6   	1.773687e+00	( 3 3 2 4 4 5  )
G_LOOP:  2  0  6   	1.822344e+00	( 0 1 2 7 6 5  )
G_LOOP:  2  1  6   	1.820458e+00	( 0 1 5 7 6 2  )
G_LOOP:  2  2  6   	1.823198e+00	( 0 6 2 7 1 5  )
G_LOOP:  2  3  6   	1.820116e+00	( 0 6 5 7 1 2  )
G_LOOP:  2  4  6   	1.819553e+00	( 0 1 3 7 6 4  )
G_LOOP:  2  5  6   	1.820312e+00	( 0 1 4 7 6 3  )
G_LOOP:  2  6  6   	1.819036e+00	( 0 6 3 7 1 4  )
G_LOOP:  2  7  6   	1.821536e+00	( 0 6 4 7 1 3  )
G_LOOP:  2  8  6   	1.820542e+00	( 0 2 3 7 5 4  )
G_LOOP:  2  9  6   	1.820675e+00	( 0 2 4 7 5 3  )
G_LOOP:  2  10  6   	1.821020e+00	( 0 5 3 7 2 4  )
G_LOOP:  2  11  6   	1.823999e+00	( 0 5 4 7 2 3  )
G_LOOP:  2  12  6   	1.824607e+00	( 1 2 3 6 5 4  )
G_LOOP:  2  13  6   	1.820756e+00	( 1 2 4 6 5 3  )
G_LOOP:  2  14  6   	1.820113e+00	( 1 5 3 6 2 4  )
G_LOOP:  2  15  6   	1.821532e+00	( 1 5 4 6 2 3  )
GACTION: 2.573644e+00
CONGRAD5: time = 1.538610e-02 (fn F) masses = 1 iters = 4 mflops = 1.421983e+03
 OK converged final_rsq= 0.01 (cf 0.016) rel = 1 (cf 0) restarts = 1 iters= 4
CONGRAD5: time = 1.945615e-02 (fn F) masses = 1 iters = 6 mflops = 1.686777e+03
 OK converged final_rsq= 0.009 (cf 0.016) rel = 1 (cf 0) restarts = 1 iters= 6
PBP: mass 1.250000e-01     7.073068e-02  9.266890e-02  1.470707e-03  9.722415e-04 ( 1 of 1 )
FACTION: mass = 1.250000e-01,  1.465978e+00 ( 1 of 1 )
CONGRAD5: time = 1.461291e-02 (fn F) masses = 1 iters = 4 mflops = 1.497223e+03
 OK converged final_rsq= 0.01 (cf 0.016) rel = 1 (cf 0) restarts = 1 iters= 4
CONGRAD5: time = 1.939702e-02 (fn F) masses = 1 iters = 6 mflops = 1.691918e+03
 OK converged final_rsq= 0.009 (cf 0.016) rel = 1 (cf 0) restarts = 1 iters= 6
PBP: mass 1.250000e-01     7.045814e-02  9.288676e-02  -1.473327e-03  -1.651425e-03 ( 1 of 1 )
FACTION: mass = 1.250000e-01,  1.467517e+00 ( 1 of 1 )
CONGRAD5: time = 1.550102e-02 (fn F) masses = 1 iters = 4 mflops = 1.411441e+03
 OK converged final_rsq= 0.011 (cf 0.016) rel = 1 (cf 0) restarts = 1 iters= 4
CONGRAD5: time = 1.469398e-02 (fn F) masses = 1 iters = 4 mflops = 1.488963e+03
 OK converged final_rsq= 0.011 (cf 0.016) rel = 1 (cf 0) restarts = 1 iters= 4
GFTIME:   time = 3.035600e-01 (Symanzik1) mflops = 2.322580e+03
FFTIME:  time = 1.107168e+00 (asqtad3) terms = 2 mflops = 1.806162e+03
CONGRAD5: time = 1.816797e-02 (fn F) masses = 1 iters = 5 mflops = 1.505313e+03
 OK converged final_rsq= 0.007 (cf 0.016) rel = 1 (cf 0) restarts = 1 iters= 5
CONGRAD5: time = 1.493001e-02 (fn F) masses = 1 iters = 4 mflops = 1.465423e+03
 OK converged final_rsq= 0.015 (cf 0.016) rel = 1 (cf 0) restarts = 1 iters= 4
GFTIME:   time = 3.207591e-01 (Symanzik1) mflops = 2.198044e+03
FFTIME:  time = 1.092945e+00 (asqtad3) terms = 2 mflops = 1.829666e+03
CONGRAD5: time = 1.922011e-02 (fn F) masses = 1 iters = 5 mflops = 1.422909e+03
 OK converged final_rsq= 0.0089 (cf 0.016) rel = 1 (cf 0) restarts = 1 iters= 5
CONGRAD5: time = 1.830602e-02 (fn F) masses = 1 iters = 5 mflops = 1.493961e+03
 OK converged final_rsq= 0.0085 (cf 0.016) rel = 1 (cf 0) restarts = 1 iters= 5
GFTIME:   time = 3.324480e-01 (Symanzik1) mflops = 2.120760e+03
FFTIME:  time = 1.040367e+00 (asqtad3) terms = 2 mflops = 1.922134e+03
CONGRAD5: time = 1.822710e-02 (fn F) masses = 1 iters = 5 mflops = 1.500430e+03
 OK converged final_rsq= 0.0085 (cf 0.016) rel = 1 (cf 0) restarts = 1 iters= 5
CONGRAD5: time = 1.697087e-02 (fn F) masses = 1 iters = 5 mflops = 1.611495e+03
 OK converged final_rsq= 0.0082 (cf 0.016) rel = 1 (cf 0) restarts = 1 iters= 5
GFTIME:   time = 2.981620e-01 (Symanzik1) mflops = 2.364629e+03
FFTIME:  time = 1.043093e+00 (asqtad3) terms = 2 mflops = 1.917111e+03
CONGRAD5: time = 1.758289e-02 (fn F) masses = 1 iters = 5 mflops = 1.555403e+03
 OK converged final_rsq= 0.0074 (cf 0.016) rel = 1 (cf 0) restarts = 1 iters= 5
CONGRAD5: time = 1.458097e-02 (fn F) masses = 1 iters = 4 mflops = 1.500503e+03
 OK converged final_rsq= 0.015 (cf 0.016) rel = 1 (cf 0) restarts = 1 iters= 4
GFTIME:   time = 2.982700e-01 (Symanzik1) mflops = 2.363773e+03
FFTIME:  time = 1.061688e+00 (asqtad3) terms = 2 mflops = 1.883533e+03
PLAQ:	2.012849	2.013197
P_LOOP:	-3.667003e-03	-9.426866e-03
G_LOOP:  0  0  4   	2.012259e+00	( 0 1 7 6  )
G_LOOP:  0  1  4   	2.012615e+00	( 0 2 7 5  )
G_LOOP:  0  2  4   	2.014159e+00	( 0 3 7 4  )
G_LOOP:  0  3  4   	2.013673e+00	( 1 2 6 5  )
G_LOOP:  0  4  4   	2.011824e+00	( 1 3 6 4  )
G_LOOP:  0  5  4   	2.013608e+00	( 2 3 5 4  )
G_LOOP:  1  0  6   	1.299554e+00	( 0 0 1 7 7 6  )
G_LOOP:  1  1  6   	1.298284e+00	( 0 0 2 7 7 5  )
G_LOOP:  1  2  6   	1.304072e+00	( 0 0 3 7 7 4  )
G_LOOP:  1  3  6   	1.298349e+00	( 1 1 0 6 6 7  )
G_LOOP:  1  4  6   	1.301249e+00	( 1 1 2 6 6 5  )
G_LOOP:  1  5  6   	1.299440e+00	( 1 1 3 6 6 4  )
G_LOOP:  1  6  6   	1.300374e+00	( 2 2 0 5 5 7  )
G_LOOP:  1  7  6   	1.302705e+00	( 2 2 1 5 5 6  )
G_LOOP:  1  8  6   	1.301099e+00	( 2 2 3 5 5 4  )
G_LOOP:  1  9  6   	1.301697e+00	( 3 3 0 4 4 7  )
G_LOOP:  1  10  6   	1.300518e+00	( 3 3 1 4 4 6  )
G_LOOP:  1  11  6   	1.301792e+00	( 3 3 2 4 4 5  )
G_LOOP:  2  0  6   	1.344038e+00	( 0 1 2 7 6 5  )
G_LOOP:  2  1  6   	1.345105e+00	( 0 1 5 7 6 2  )
G_LOOP:  2  2  6   	1.344911e+00	( 0 6 2 7 1 5  )
G_LOOP:  2  3  6   	1.342131e+00	( 0 6 5 7 1 2  )
G_LOOP:  2  4  6   	1.344896e+00	( 0 1 3 7 6 4  )
G_LOOP:  2  5  6   	1.341714e+00	( 0 1 4 7 6 3  )
G_LOOP:  2  6  6   	1.342753e+00	( 0 6 3 7 1 4  )
G_LOOP:  2  7  6   	1.342647e+00	( 0 6 4 7 1 3  )
G_LOOP:  2  8  6   	1.345047e+00	( 0 2 3 7 5 4  )
G_LOOP:  2  9  6   	1.343819e+00	( 0 2 4 7 5 3  )
G_LOOP:  2  10  6   	1.344301e+00	( 0 5 3 7 2 4  )
G_LOOP:  2  11  6   	1.345084e+00	( 0 5 4 7 2 3  )
G_LOOP:  2  12  6   	1.344254e+00	( 1 2 3 6 5 4  )
G_LOOP:  2  13  6   	1.341313e+00	( 1 2 4 6 5 3  )
G_LOOP:  2  14  6   	1.342920e+00	( 1 5 3 6 2 4  )
G_LOOP:  2  15  6   	1.344460e+00	( 1 5 4 6 2 3  )
GACTION: 4.065753e+00
CONGRAD5: time = 1.763701e-02 (fn F) masses = 1 iters = 4 mflops = 1.240504e+03
 OK converged final_rsq= 0.014 (cf 0.016) rel = 1 (cf 0) restarts = 1 iters= 4
CONGRAD5: time = 2.220416e-02 (fn F) masses = 1 iters = 6 mflops = 1.478019e+03
 OK converged final_rsq= 0.014 (cf 0.016) rel = 1 (cf 0) restarts = 1 iters= 6
PBP: mass 1.250000e-01     8.448160e-02  1.679319e-01  3.262083e-05  -1.035879e-04 ( 1 of 1 )
FACTION: mass = 1.250000e-01,  1.446994e+00 ( 1 of 1 )
CONGRAD5: time = 1.785707e-02 (fn F) masses = 1 iters = 4 mflops = 1.225217e+03
 OK converged final_rsq= 0.014 (cf 0.016) rel = 1 (cf 0) restarts = 1 iters= 4
CONGRAD5: time = 2.198601e-02 (fn F) masses = 1 iters = 6 mflops = 1.492685e+03
 OK converged final_rsq= 0.013 (cf 0.016) rel = 1 (cf 0) restarts = 1 iters= 6
PBP: mass 1.250000e-01     8.642004e-02  1.645656e-01  2.280849e-04  -1.187979e-04 ( 1 of 1 )
FACTION: mass = 1.250000e-01,  1.445789e+00 ( 1 of 1 )
CONGRAD5: time = 1.880813e-02 (fn F) masses = 1 iters = 5 mflops = 1.454078e+03
 OK converged final_rsq= 0.0075 (cf 0.016) rel = 1 (cf 0) restarts = 1 iters= 5
CONGRAD5: time = 1.558709e-02 (fn F) masses = 1 iters = 4 mflops = 1.403648e+03
 OK converged final_rsq= 0.015 (cf 0.016) rel = 1 (cf 0) restarts = 1 iters= 4
GFTIME:   time = 3.217092e-01 (Symanzik1) mflops = 2.191552e+03
FFTIME:  time = 1.073738e+00 (asqtad3) terms = 2 mflops = 1.862395e+03
CONGRAD5: time = 1.932406e-02 (fn F) masses = 1 iters = 5 mflops = 1.415255e+03
 OK converged final_rsq= 0.0093 (cf 0.016) rel = 1 (cf 0) restarts = 1 iters= 5
CONGRAD5: time = 1.867199e-02 (fn F) masses = 1 iters = 5 mflops = 1.464679e+03
 OK converged final_rsq= 0.0088 (cf 0.016) rel = 1 (cf 0) restarts = 1 iters= 5
GFTIME:   time = 3.014760e-01 (Symanzik1) mflops = 2.338635e+03
FFTIME:  time = 1.041724e+00 (asqtad3) terms = 2 mflops = 1.919630e+03
CONGRAD5: time = 1.846504e-02 (fn F) masses = 1 iters = 5 mflops = 1.481095e+03
 OK converged final_rsq= 0.011 (cf 0.016) rel = 1 (cf 0) restarts = 1 iters= 5
CONGRAD5: time = 1.724100e-02 (fn F) masses = 1 iters = 5 mflops = 1.586247e+03
 OK converged final_rsq= 0.01 (cf 0.016) rel = 1 (cf 0) restarts = 1 iters= 5
GFTIME:   time = 3.091710e-01 (Symanzik1) mflops = 2.280429e+03
FFTIME:  time = 1.049238e+00 (asqtad3) terms = 2 mflops = 1.905883e+03
CONGRAD5: time = 1.802897e-02 (fn F) masses = 1 iters = 5 mflops = 1.516918e+03
 OK converged final_rsq= 0.011 (cf 0.016) rel = 1 (cf 0) restarts = 1 iters= 5
CONGRAD5: time = 1.725793e-02 (fn F) masses = 1 iters = 5 mflops = 1.584691e+03
 OK converged final_rsq= 0.01 (cf 0.016) rel = 1 (cf 0) restarts = 1 iters= 5
GFTIME:   time = 3.124940e-01 (Symanzik1) mflops = 2.256179e+03
FFTIME:  time = 1.113116e+00 (asqtad3) terms = 2 mflops = 1.796510e+03
CONGRAD5: time = 1.782203e-02 (fn F) masses = 1 iters = 5 mflops = 1.534533e+03
 OK converged final_rsq= 0.01 (cf 0.016) rel = 1 (cf 0) restarts = 1 iters= 5
CONGRAD5: time = 1.706314e-02 (fn F) masses = 1 iters = 5 mflops = 1.602781e+03
 OK converged final_rsq= 0.0095 (cf 0.016) rel = 1 (cf 0) restarts = 1 iters= 5
GFTIME:   time = 3.608911e-01 (Symanzik1) mflops = 1.953615e+03
FFTIME:  time = 1.040904e+00 (asqtad3) terms = 2 mflops = 1.921142e+03
PLAQ:	1.791940	1.793961
P_LOOP:	8.929842e-04	-5.981059e-03
G_LOOP:  0  0  4   	1.792903e+00	( 0 1 7 6  )
G_LOOP:  0  1  4   	1.790591e+00	( 0 2 7 5  )
G_LOOP:  0  2  4   	1.793971e+00	( 0 3 7 4  )
G_LOOP:  0  3  4   	1.792325e+00	( 1 2 6 5  )
G_LOOP:  0  4  4   	1.794332e+00	( 1 3 6 4  )
G_LOOP:  0  5  4   	1.793581e+00	( 2 3 5 4  )
G_LOOP:  1  0  6   	1.025457e+00	( 0 0 1 7 7 6  )
G_LOOP:  1  1  6   	1.020737e+00	( 0 0 2 7 7 5  )
G_LOOP:  1  2  6   	1.025311e+00	( 0 0 3 7 7 4  )
G_LOOP:  1  3  6   	1.026367e+00	( 1 1 0 6 6 7  )
G_LOOP:  1  4  6   	1.024081e+00	( 1 1 2 6 6 5  )
G_LOOP:  1  5  6   	1.028261e+00	( 1 1 3 6 6 4  )
G_LOOP:  1  6  6   	1.022789e+00	( 2 2 0 5 5 7  )
G_LOOP:  1  7  6   	1.025513e+00	( 2 2 1 5 5 6  )
G_LOOP:  1  8  6   	1.026950e+00	( 2 2 3 5 5 4  )
G_LOOP:  1  9  6   	1.026497e+00	( 3 3 0 4 4 7  )
G_LOOP:  1  10  6   	1.027153e+00	( 3 3 1 4 4 6  )
G_LOOP:  1  11  6   	1.026520e+00	( 3 3 2 4 4 5  )
G_LOOP:  2  0  6   	1.057280e+00	( 0 1 2 7 6 5  )
G_LOOP:  2  1  6   	1.059558e+00	( 0 1 5 7 6 2  )
G_LOOP:  2  2  6   	1.058203e+00	( 0 6 2 7 1 5  )
G_LOOP:  2  3  6   	1.057099e+00	( 0 6 5 7 1 2  )
G_LOOP:  2  4  6   	1.059414e+00	( 0 1 3 7 6 4  )
G_LOOP:  2  5  6   	1.060069e+00	( 0 1 4 7 6 3  )
G_LOOP:  2  6  6   	1.061077e+00	( 0 6 3 7 1 4  )
G_LOOP:  2  7  6   	1.062719e+00	( 0 6 4 7 1 3  )
G_LOOP:  2  8  6   	1.058156e+00	( 0 2 3 7 5 4  )
G_LOOP:  2  9  6   	1.059245e+00	( 0 2 4 7 5 3  )
G_LOOP:  2  10  6   	1.059447e+00	( 0 5 3 7 2 4  )
G_LOOP:  2  11  6   	1.058875e+00	( 0 5 4 7 2 3  )
G_LOOP:  2  12  6   	1.060234e+00	( 1 2 3 6 5 4  )
G_LOOP:  2  13  6   	1.058745e+00	( 1 2 4 6 5 3  )
G_LOOP:  2  14  6   	1.061517e+00	( 1 5 3 6 2 4  )
G_LOOP:  2  15  6   	1.061018e+00	( 1 5 4 6 2 3  )
GACTION: 5.082868e+00
CONGRAD5: time = 2.070093e-02 (fn F) masses = 1 iters = 5 mflops = 1.321123e+03
 OK converged final_rsq= 0.0085 (cf 0.016) rel = 1 (cf 0) restarts = 1 iters= 5
CONGRAD5: time = 2.096605e-02 (fn F) masses = 1 iters = 6 mflops = 1.565301e+03
 OK converged final_rsq= 0.015 (cf 0.016) rel = 1 (cf 0) restarts = 1 iters= 6
PBP: mass 1.250000e-01     1.096581e-01  2.988181e-01  -6.904170e-04  -8.679691e-04 ( 1 of 1 )
FACTION: mass = 1.250000e-01,  1.452312e+00 ( 1 of 1 )
CONGRAD5: time = 1.902199e-02 (fn F) masses = 1 iters = 5 mflops = 1.437730e+03
 OK converged final_rsq= 0.0085 (cf 0.016) rel = 1 (cf 0) restarts = 1 iters= 5
CONGRAD5: time = 2.095819e-02 (fn F) masses = 1 iters = 6 mflops = 1.565888e+03
 OK converged final_rsq= 0.015 (cf 0.016) rel = 1 (cf 0) restarts = 1 iters= 6
PBP: mass 1.250000e-01     1.089939e-01  3.035291e-01  1.626398e-03  1.899905e-03 ( 1 of 1 )
FACTION: mass = 1.250000e-01,  1.453099e+00 ( 1 of 1 )
CONGRAD5: time = 1.891780e-02 (fn F) masses = 1 iters = 5 mflops = 1.445648e+03
 OK converged final_rsq= 0.01 (cf 0.016) rel = 1 (cf 0) restarts = 1 iters= 5
CONGRAD5: time = 1.828408e-02 (fn F) masses = 1 iters = 5 mflops = 1.495753e+03
 OK converged final_rsq= 0.0096 (cf 0.016) rel = 1 (cf 0) restarts = 1 iters= 5
GFTIME:   time = 3.417790e-01 (Symanzik1) mflops = 2.062861e+03
FFTIME:  time = 1.041810e+00 (asqtad3) terms = 2 mflops = 1.919471e+03
CONGRAD5: time = 1.729894e-02 (fn F) masses = 1 iters = 5 mflops = 1.580934e+03
 OK converged final_rsq= 0.011 (cf 0.016) rel = 1 (cf 0) restarts = 1 iters= 5
CONGRAD5: time = 1.694989e-02 (fn F) masses = 1 iters = 5 mflops = 1.613490e+03
 OK converged final_rsq= 0.011 (cf 0.016) rel = 1 (cf 0) restarts = 1 iters= 5
GFTIME:   time = 2.982059e-01 (Symanzik1) mflops = 2.364281e+03
FFTIME:  time = 1.047098e+00 (asqtad3) terms = 2 mflops = 1.909778e+03
CONGRAD5: time = 1.823092e-02 (fn F) masses = 1 iters = 5 mflops = 1.500116e+03
 OK converged final_rsq= 0.012 (cf 0.016) rel = 1 (cf 0) restarts = 1 iters= 5
CONGRAD5: time = 1.694202e-02 (fn F) masses = 1 iters = 5 mflops = 1.614239e+03
 OK converged final_rsq= 0.012 (cf 0.016) rel = 1 (cf 0) restarts = 1 iters= 5
GFTIME:   time = 2.989609e-01 (Symanzik1) mflops = 2.358310e+03
FFTIME:  time = 1.047009e+00 (asqtad3) terms = 2 mflops = 1.909940e+03
CONGRAD5: time = 1.877999e-02 (fn F) masses = 1 iters = 5 mflops = 1.456256e+03
 OK converged final_rsq= 0.012 (cf 0.016) rel = 1 (cf 0) restarts = 1 iters= 5
CONGRAD5: time = 1.781988e-02 (fn F) masses = 1 iters = 5 mflops = 1.534717e+03
 OK converged final_rsq= 0.012 (cf 0.016) rel = 1 (cf 0) restarts = 1 iters= 5
GFTIME:   time = 3.186150e-01 (Symanzik1) mflops = 2.212835e+03
FFTIME:  time = 1.110721e+00 (asqtad3) terms = 2 mflops = 1.800384e+03
CONGRAD5: time = 1.847601e-02 (fn F) masses = 1 iters = 5 mflops = 1.480216e+03
 OK converged final_rsq= 0.012 (cf 0.016) rel = 1 (cf 0) restarts = 1 iters= 5
CONGRAD5: time = 1.773286e-02 (fn F) masses = 1 iters = 5 mflops = 1.542249e+03
 OK converged final_rsq= 0.012 (cf 0.016) rel = 1 (cf 0) restarts = 1 iters= 5
GFTIME:   time = 3.029130e-01 (Symanzik1) mflops = 2.327541e+03
FFTIME:  time = 1.134607e+00 (asqtad3) terms = 2 mflops = 1.762482e+03
PLAQ:	1.646195	1.645889
P_LOOP:	-2.224417e-05	4.159464e-03
G_LOOP:  0  0  4   	1.646369e+00	( 0 1 7 6  )
G_LOOP:  0  1  4   	1.645388e+00	( 0 2 7 5  )
G_LOOP:  0  2  4   	1.645889e+00	( 0 3 7 4  )
G_LOOP:  0  3  4   	1.646829e+00	( 1 2 6 5  )
G_LOOP:  0  4  4   	1.647299e+00	( 1 3 6 4  )
G_LOOP:  0  5  4   	1.644479e+00	( 2 3 5 4  )
G_LOOP:  1  0  6   	8.565360e-01	( 0 0 1 7 7 6  )
G_LOOP:  1  1  6   	8.558377e-01	( 0 0 2 7 7 5  )
G_LOOP:  1  2  6   	8.565155e-01	( 0 0 3 7 7 4  )
G_LOOP:  1  3  6   	8.575574e-01	( 1 1 0 6 6 7  )
G_LOOP:  1  4  6   	8.578027e-01	( 1 1 2 6 6 5  )
G_LOOP:  1  5  6   	8.569771e-01	( 1 1 3 6 6 4  )
G_LOOP:  1  6  6   	8.553229e-01	( 2 2 0 5 5 7  )
G_LOOP:  1  7  6   	8.573364e-01	( 2 2 1 5 5 6  )
G_LOOP:  1  8  6   	8.536110e-01	( 2 2 3 5 5 4  )
G_LOOP:  1  9  6   	8.579637e-01	( 3 3 0 4 4 7  )
G_LOOP:  1  10  6   	8.576508e-01	( 3 3 1 4 4 6  )
G_LOOP:  1  11  6   	8.553949e-01	( 3 3 2 4 4 5  )
G_LOOP:  2  0  6   	8.801668e-01	( 0 1 2 7 6 5  )
G_LOOP:  2  1  6   	8.775872e-01	( 0 1 5 7 6 2  )
G_LOOP:  2  2  6   	8.787832e-01	( 0 6 2 7 1 5  )
G_LOOP:  2  3  6   	8.803032e-01	( 0 6 5 7 1 2  )
G_LOOP:  2  4  6   	8.803205e-01	( 0 1 3 7 6 4  )
G_LOOP:  2  5  6   	8.795468e-01	( 0 1 4 7 6 3  )
G_LOOP:  2  6  6   	8.803243e-01	( 0 6 3 7 1 4  )
G_LOOP:  2  7  6   	8.807733e-01	( 0 6 4 7 1 3  )
G_LOOP:  2  8  6   	8.793316e-01	( 0 2 3 7 5 4  )
G_LOOP:  2  9  6   	8.765335e-01	( 0 2 4 7 5 3  )
G_LOOP:  2  10  6   	8.780644e-01	( 0 5 3 7 2 4  )
G_LOOP:  2  11  6   	8.788279e-01	( 0 5 4 7 2 3  )
G_LOOP:  2  12  6   	8.762360e-01	( 1 2 3 6 5 4  )
G_LOOP:  2  13  6   	8.810432e-01	( 1 2 4 6 5 3  )
G_LOOP:  2  14  6   	8.804645e-01	( 1 5 3 6 2 4  )
G_LOOP:  2  15  6   	8.784264e-01	( 1 5 4 6 2 3  )
GACTION: 5.777204e+00
CONGRAD5: time = 1.864886e-02 (fn F) masses = 1 iters = 5 mflops = 1.466496e+03
 OK converged final_rsq= 0.01 (cf 0.016) rel = 1 (cf 0) restarts = 1 iters= 5
CONGRAD5: time = 2.191210e-02 (fn F) masses = 1 iters = 7 mflops = 1.747339e+03
 OK converged final_rsq= 0.0081 (cf 0.016) rel = 1 (cf 0) restarts = 1 iters= 7
PBP: mass 1.250000e-01     1.231636e-01  3.251120e-01  -1.022145e-03  -1.472293e-03 ( 1 of 1 )
FACTION: mass = 1.250000e-01,  1.436432e+00 ( 1 of 1 )
CONGRAD5: time = 1.768804e-02 (fn F) masses = 1 iters = 5 mflops = 1.546157e+03
 OK converged final_rsq= 0.01 (cf 0.016) rel = 1 (cf 0) restarts = 1 iters= 5
CONGRAD5: time = 2.238917e-02 (fn F) masses = 1 iters = 7 mflops = 1.710107e+03
 OK converged final_rsq= 0.0081 (cf 0.016) rel = 1 (cf 0) restarts = 1 iters= 7
PBP: mass 1.250000e-01     1.234610e-01  3.201259e-01  1.595476e-03  1.165833e-03 ( 1 of 1 )
FACTION: mass = 1.250000e-01,  1.438766e+00 ( 1 of 1 )
RUNNING COMPLETED
average cg iters for step= 1.100000e+01
Time = 4.249859e+01 seconds
total_iters = 552
Checksums 63b4bed6 bb8ade7d
Saved gauge configuration in parallel to binary file lat_p64_size128_1
Time stamp Tue May 17 21:01:29 2022
Wrote info file lat_p64_size128_1.info
Time to save = 1.332542e+00
CHECK PLAQ: 1.646195e+00 1.645889e+00
CHECK NERSC LINKTR: 1.708960e-01 CKSUM: eb4c963c


warms 0
trajecs 4
traj_between_meas 1
beta 5.6
mass1 0.01
mass2 0.01
u0 0.8441
microcanonical_time_step 0.02
steps_per_trajectory 15
max_cg_iterations 300
max_cg_restarts 5
error_per_site 1e-05
error_for_propagator 1e-05
npbp_reps 1
prec_pbp 1
reload_parallel lat_p64_size128_1
save_parallel lat_p64_size128_2
Restored binary gauge configuration in parallel from file lat_p64_size128_1
Time stamp Tue May 17 21:01:29 2022
Checksums 63b4bed6 bb8ade7d OK
Time to reload gauge configuration = 2.728629e-01
CHECK PLAQ: 1.646195e+00 1.645889e+00
CHECK NERSC LINKTR: 1.708960e-01 CKSUM: eb4c963c
Unitarity checked.  Max deviation 2.98e-07
Time to check unitarity = 1.392841e-03
"O(a^2): couplings(pi)=0, Naik term, No O(a^2) errors, tadpole weights"
path coefficients: npath  path_coeff  multiplicity
                    0      6.250000e-01     8
                    1      -5.847914e-02     8
                    2      -8.771871e-02     48
                    3      3.077829e-02     192
                    4      -7.199551e-03     384
                    5      -1.231132e-01     48
Symanzik 1x1 + 1x2 + 1x1x1 action
gauge_action: total_dyn_flavors = 3
loop coefficients: nloop rep loop_coeff  multiplicity
                    0 0      1.000000e+00     6
                    1 0      -7.762509e-02     12
                    2 0      -1.031171e-02     16
WARMUPS COMPLETED
CONGRAD5: time = 1.400324e+00 (fn F) masses = 1 iters = 547 mflops = 2.136594e+03
 OK converged final_rsq= 5e-11 (cf 1e-10) rel = 1 (cf 0) restarts = 3 iters= 547
CONGRAD5: time = 1.320341e+00 (fn F) masses = 1 iters = 499 mflops = 2.067177e+03
 OK converged final_rsq= 5e-11 (cf 1e-10) rel = 1 (cf 0) restarts = 3 iters= 499
GFTIME:   time = 3.428278e-01 (Symanzik1) mflops = 2.056550e+03
FFTIME:  time = 1.107321e+00 (asqtad3) terms = 2 mflops = 1.805912e+03
CONGRAD5: time = 1.270484e+00 (fn F) masses = 1 iters = 511 mflops = 2.199961e+03
 OK converged final_rsq= 5e-11 (cf 1e-10) rel = 1 (cf 0) restarts = 3 iters= 511
CONGRAD5: time = 1.339322e+00 (fn F) masses = 1 iters = 542 mflops = 2.213489e+03
 OK converged final_rsq= 5e-11 (cf 1e-10) rel = 1 (cf 0) restarts = 3 iters= 542
GFTIME:   time = 3.202441e-01 (Symanzik1) mflops = 2.201578e+03
FFTIME:  time = 1.095824e+00 (asqtad3) terms = 2 mflops = 1.824859e+03
CONGRAD5: time = 1.368215e+00 (fn F) masses = 1 iters = 509 mflops = 2.034823e+03
 OK converged final_rsq= 9.9e-11 (cf 1e-10) rel = 1 (cf 0) restarts = 2 iters= 509
CONGRAD5: time = 1.397261e+00 (fn F) masses = 1 iters = 556 mflops = 2.176509e+03
 OK converged final_rsq= 1e-10 (cf 1e-10) rel = 1 (cf 0) restarts = 2 iters= 556
GFTIME:   time = 3.359659e-01 (Symanzik1) mflops = 2.098554e+03
FFTIME:  time = 1.105395e+00 (asqtad3) terms = 2 mflops = 1.809059e+03
CONGRAD5: time = 1.463378e+00 (fn F) masses = 1 iters = 569 mflops = 2.126762e+03
 OK converged final_rsq= 1e-10 (cf 1e-10) rel = 1 (cf 0) restarts = 2 iters= 569
CONGRAD5: time = 1.481317e+00 (fn F) masses = 1 iters = 567 mflops = 2.093622e+03
 OK converged final_rsq= 5e-11 (cf 1e-10) rel = 1 (cf 0) restarts = 3 iters= 567
GFTIME:   time = 3.702569e-01 (Symanzik1) mflops = 1.904198e+03
FFTIME:  time = 1.041688e+00 (asqtad3) terms = 2 mflops = 1.919696e+03
CONGRAD5: time = 1.373479e+00 (fn F) masses = 1 iters = 548 mflops = 2.182337e+03
 OK converged final_rsq= 5e-11 (cf 1e-10) rel = 1 (cf 0) restarts = 3 iters= 548
CONGRAD5: time = 1.399765e+00 (fn F) masses = 1 iters = 557 mflops = 2.176523e+03
 OK converged final_rsq= 5e-11 (cf 1e-10) rel = 1 (cf 0) restarts = 3 iters= 557
GFTIME:   time = 3.220689e-01 (Symanzik1) mflops = 2.189104e+03
FFTIME:  time = 1.067687e+00 (asqtad3) terms = 2 mflops = 1.872950e+03
CONGRAD5: time = 1.361198e+00 (fn F) masses = 1 iters = 530 mflops = 2.129697e+03
 OK converged final_rsq= 1e-10 (cf 1e-10) rel = 1 (cf 0) restarts = 2 iters= 530
CONGRAD5: time = 1.424287e+00 (fn F) masses = 1 iters = 571 mflops = 2.192814e+03
 OK converged final_rsq= 9.9e-11 (cf 1e-10) rel = 1 (cf 0) restarts = 2 iters= 571
GFTIME:   time = 3.467569e-01 (Symanzik1) mflops = 2.033247e+03
FFTIME:  time = 1.169650e+00 (asqtad3) terms = 2 mflops = 1.709678e+03
CONGRAD5: time = 1.479420e+00 (fn F) masses = 1 iters = 569 mflops = 2.103701e+03
 OK converged final_rsq= 9.9e-11 (cf 1e-10) rel = 1 (cf 0) restarts = 2 iters= 569
CONGRAD5: time = 1.399137e+00 (fn F) masses = 1 iters = 558 mflops = 2.181409e+03
 OK converged final_rsq= 1e-10 (cf 1e-10) rel = 1 (cf 0) restarts = 2 iters= 558
GFTIME:   time = 3.345621e-01 (Symanzik1) mflops = 2.107359e+03
FFTIME:  time = 1.092532e+00 (asqtad3) terms = 2 mflops = 1.830358e+03
CONGRAD5: time = 1.387453e+00 (fn F) masses = 1 iters = 555 mflops = 2.187953e+03
 OK converged final_rsq= 5e-11 (cf 1e-10) rel = 1 (cf 0) restarts = 3 iters= 555
CONGRAD5: time = 1.261462e+00 (fn F) masses = 1 iters = 511 mflops = 2.215695e+03
 OK converged final_rsq= 5e-11 (cf 1e-10) rel = 1 (cf 0) restarts = 3 iters= 511
GFTIME:   time = 3.056049e-01 (Symanzik1) mflops = 2.307039e+03
FFTIME:  time = 1.090290e+00 (asqtad3) terms = 2 mflops = 1.834122e+03
CONGRAD5: time = 1.408126e+00 (fn F) masses = 1 iters = 537 mflops = 2.085912e+03
 OK converged final_rsq= 9.9e-11 (cf 1e-10) rel = 1 (cf 0) restarts = 2 iters= 537
CONGRAD5: time = 1.275874e+00 (fn F) masses = 1 iters = 513 mflops = 2.199240e+03
 OK converged final_rsq= 9.9e-11 (cf 1e-10) rel = 1 (cf 0) restarts = 2 iters= 513
GFTIME:   time = 3.275130e-01 (Symanzik1) mflops = 2.152716e+03
FFTIME:  time = 1.103955e+00 (asqtad3) terms = 2 mflops = 1.811418e+03
CONGRAD5: time = 1.295608e+00 (fn F) masses = 1 iters = 496 mflops = 2.093974e+03
 OK converged final_rsq= 5e-11 (cf 1e-10) rel = 1 (cf 0) restarts = 3 iters= 496
CONGRAD5: time = 1.310617e+00 (fn F) masses = 1 iters = 523 mflops = 2.182675e+03
