srun: Warning: can't honor --ntasks-per-node set to 32 which doesn't match the requested tasks 125 with the number of requested nodes 4. Ignoring --ntasks-per-node.
cpu-bind=MASK - ault03, task 83 20 [300923]: mask 0x800000000800 set
cpu-bind=MASK - ault03, task 75 12 [300915]: mask 0x80000000080 set
cpu-bind=MASK - ault03, task 66  3 [300906]: mask 0x80000000080000 set
cpu-bind=MASK - ault03, task 64  1 [300904]: mask 0x40000000040000 set
cpu-bind=MASK - ault03, task 65  2 [300905]: mask 0x4000000004 set
cpu-bind=MASK - ault03, task 69  6 [300909]: mask 0x10000000010 set
cpu-bind=MASK - ault03, task 78 15 [300918]: mask 0x2000000002000000 set
cpu-bind=MASK - ault03, task 80 17 [300920]: mask 0x4000000004000000 set
cpu-bind=MASK - ault03, task 81 18 [300921]: mask 0x400000000400 set
cpu-bind=MASK - ault03, task 85 22 [300925]: mask 0x1000000001000 set
cpu-bind=MASK - ault03, task 86 23 [300926]: mask 0x20000000020000000 set
cpu-bind=MASK - ault03, task 87 24 [300927]: mask 0x2000000002000 set
cpu-bind=MASK - ault03, task 88 25 [300928]: mask 0x40000000040000000 set
cpu-bind=MASK - ault03, task 89 26 [300929]: mask 0x4000000004000 set
cpu-bind=MASK - ault03, task 93 30 [300933]: mask 0x10000000010000 set
cpu-bind=MASK - ault03, task 63  0 [300903]: mask 0x2000000002 set
cpu-bind=MASK - ault03, task 72  9 [300912]: mask 0x400000000400000 set
cpu-bind=MASK - ault03, task 74 11 [300914]: mask 0x800000000800000 set
cpu-bind=MASK - ault03, task 76 13 [300916]: mask 0x1000000001000000 set
cpu-bind=MASK - ault03, task 79 16 [300919]: mask 0x200000000200 set
cpu-bind=MASK - ault03, task 82 19 [300922]: mask 0x8000000008000000 set
cpu-bind=MASK - ault03, task 84 21 [300924]: mask 0x10000000010000000 set
cpu-bind=MASK - ault03, task 90 27 [300930]: mask 0x80000000080000000 set
cpu-bind=MASK - ault03, task 92 29 [300932]: mask 0x100000000100000000 set
cpu-bind=MASK - ault03, task 67  4 [300907]: mask 0x8000000008 set
cpu-bind=MASK - ault03, task 68  5 [300908]: mask 0x100000000100000 set
cpu-bind=MASK - ault03, task 70  7 [300910]: mask 0x200000000200000 set
cpu-bind=MASK - ault03, task 71  8 [300911]: mask 0x20000000020 set
cpu-bind=MASK - ault03, task 73 10 [300913]: mask 0x40000000040 set
cpu-bind=MASK - ault03, task 77 14 [300917]: mask 0x100000000100 set
cpu-bind=MASK - ault03, task 91 28 [300931]: mask 0x8000000008000 set
cpu-bind=MASK - ault04, task 114 20 [3200054]: mask 0x800000000800 set
cpu-bind=MASK - ault02, task 50 18 [236785]: mask 0x400000000400 set
cpu-bind=MASK - ault04, task 95  1 [3200035]: mask 0x40000000040000 set
cpu-bind=MASK - ault02, task 33  1 [236768]: mask 0x40000000040000 set
cpu-bind=MASK - ault04, task 117 23 [3200057]: mask 0x20000000020000000 set
cpu-bind=MASK - ault02, task 52 20 [236787]: mask 0x800000000800 set
cpu-bind=MASK - ault04, task 119 25 [3200059]: mask 0x40000000040000000 set
cpu-bind=MASK - ault02, task 57 25 [236792]: mask 0x40000000040000000 set
cpu-bind=MASK - ault04, task 99  5 [3200039]: mask 0x100000000100000 set
cpu-bind=MASK - ault02, task 38  6 [236773]: mask 0x10000000010 set
cpu-bind=MASK - ault04, task 103  9 [3200043]: mask 0x400000000400000 set
cpu-bind=MASK - ault02, task 41  9 [236776]: mask 0x400000000400000 set
cpu-bind=MASK - ault04, task 112 18 [3200052]: mask 0x400000000400 set
cpu-bind=MASK - ault02, task 37  5 [236772]: mask 0x100000000100000 set
cpu-bind=MASK - ault04, task 120 26 [3200060]: mask 0x4000000004000 set
cpu-bind=MASK - ault02, task 43 11 [236778]: mask 0x800000000800000 set
cpu-bind=MASK - ault04, task 121 27 [3200061]: mask 0x80000000080000000 set
cpu-bind=MASK - ault02, task 39  7 [236774]: mask 0x200000000200000 set
cpu-bind=MASK - ault04, task 94  0 [3200034]: mask 0x2000000002 set
cpu-bind=MASK - ault02, task 40  8 [236775]: mask 0x20000000020 set
cpu-bind=MASK - ault04, task 96  2 [3200036]: mask 0x4000000004 set
cpu-bind=MASK - ault02, task 54 22 [236789]: mask 0x1000000001000 set
cpu-bind=MASK - ault04, task 97  3 [3200037]: mask 0x80000000080000 set
cpu-bind=MASK - ault02, task 56 24 [236791]: mask 0x2000000002000 set
cpu-bind=MASK - ault04, task 98  4 [3200038]: mask 0x8000000008 set
cpu-bind=MASK - ault02, task 58 26 [236793]: mask 0x4000000004000 set
cpu-bind=MASK - ault04, task 101  7 [3200041]: mask 0x200000000200000 set
cpu-bind=MASK - ault02, task 62 30 [236797]: mask 0x10000000010000 set
cpu-bind=MASK - ault04, task 102  8 [3200042]: mask 0x20000000020 set
cpu-bind=MASK - ault02, task 36  4 [236771]: mask 0x8000000008 set
cpu-bind=MASK - ault04, task 104 10 [3200044]: mask 0x40000000040 set
cpu-bind=MASK - ault02, task 42 10 [236777]: mask 0x40000000040 set
cpu-bind=MASK - ault04, task 105 11 [3200045]: mask 0x800000000800000 set
cpu-bind=MASK - ault02, task 44 12 [236779]: mask 0x80000000080 set
cpu-bind=MASK - ault04, task 106 12 [3200046]: mask 0x80000000080 set
cpu-bind=MASK - ault02, task 55 23 [236790]: mask 0x20000000020000000 set
cpu-bind=MASK - ault04, task 108 14 [3200048]: mask 0x100000000100 set
cpu-bind=MASK - ault02, task 61 29 [236796]: mask 0x100000000100000000 set
cpu-bind=MASK - ault04, task 109 15 [3200049]: mask 0x2000000002000000 set
cpu-bind=MASK - ault02, task 32  0 [236767]: mask 0x2000000002 set
cpu-bind=MASK - ault04, task 110 16 [3200050]: mask 0x200000000200 set
cpu-bind=MASK - ault02, task 34  2 [236769]: mask 0x4000000004 set
cpu-bind=MASK - ault04, task 113 19 [3200053]: mask 0x8000000008000000 set
cpu-bind=MASK - ault02, task 35  3 [236770]: mask 0x80000000080000 set
cpu-bind=MASK - ault04, task 115 21 [3200055]: mask 0x10000000010000000 set
cpu-bind=MASK - ault02, task 45 13 [236780]: mask 0x1000000001000000 set
cpu-bind=MASK - ault04, task 116 22 [3200056]: mask 0x1000000001000 set
cpu-bind=MASK - ault02, task 46 14 [236781]: mask 0x100000000100 set
cpu-bind=MASK - ault04, task 118 24 [3200058]: mask 0x2000000002000 set
cpu-bind=MASK - ault02, task 47 15 [236782]: mask 0x2000000002000000 set
cpu-bind=MASK - ault04, task 122 28 [3200062]: mask 0x8000000008000 set
cpu-bind=MASK - ault02, task 48 16 [236783]: mask 0x200000000200 set
cpu-bind=MASK - ault04, task 124 30 [3200064]: mask 0x10000000010000 set
cpu-bind=MASK - ault02, task 49 17 [236784]: mask 0x4000000004000000 set
cpu-bind=MASK - ault04, task 100  6 [3200040]: mask 0x10000000010 set
cpu-bind=MASK - ault02, task 51 19 [236786]: mask 0x8000000008000000 set
cpu-bind=MASK - ault04, task 107 13 [3200047]: mask 0x1000000001000000 set
cpu-bind=MASK - ault02, task 53 21 [236788]: mask 0x10000000010000000 set
cpu-bind=MASK - ault04, task 111 17 [3200051]: mask 0x4000000004000000 set
cpu-bind=MASK - ault02, task 60 28 [236795]: mask 0x8000000008000 set
cpu-bind=MASK - ault04, task 123 29 [3200063]: mask 0x100000000100000000 set
cpu-bind=MASK - ault02, task 59 27 [236794]: mask 0x80000000080000000 set
cpu-bind=MASK - ault01, task  5  5 [442997]: mask 0x100000000100000 set
cpu-bind=MASK - ault01, task  9  9 [443001]: mask 0x400000000400000 set
cpu-bind=MASK - ault01, task 26 26 [443018]: mask 0x4000000004000 set
cpu-bind=MASK - ault01, task 27 27 [443019]: mask 0x80000000080000000 set
cpu-bind=MASK - ault01, task  4  4 [442996]: mask 0x8000000008 set
cpu-bind=MASK - ault01, task  2  2 [442994]: mask 0x4000000004 set
cpu-bind=MASK - ault01, task  6  6 [442998]: mask 0x10000000010 set
cpu-bind=MASK - ault01, task 31 31 [443023]: mask 0x20000000020000 set
cpu-bind=MASK - ault01, task  1  1 [442993]: mask 0x40000000040000 set
cpu-bind=MASK - ault01, task  3  3 [442995]: mask 0x80000000080000 set
cpu-bind=MASK - ault01, task 21 21 [443013]: mask 0x10000000010000000 set
cpu-bind=MASK - ault01, task 30 30 [443022]: mask 0x10000000010000 set
cpu-bind=MASK - ault01, task  0  0 [442992]: mask 0x2000000002 set
cpu-bind=MASK - ault01, task  8  8 [443000]: mask 0x20000000020 set
cpu-bind=MASK - ault01, task 18 18 [443010]: mask 0x400000000400 set
cpu-bind=MASK - ault01, task 19 19 [443011]: mask 0x8000000008000000 set
cpu-bind=MASK - ault01, task 14 14 [443006]: mask 0x100000000100 set
cpu-bind=MASK - ault01, task 16 16 [443008]: mask 0x200000000200 set
cpu-bind=MASK - ault01, task 20 20 [443012]: mask 0x800000000800 set
cpu-bind=MASK - ault01, task 22 22 [443014]: mask 0x1000000001000 set
cpu-bind=MASK - ault01, task 28 28 [443020]: mask 0x8000000008000 set
cpu-bind=MASK - ault01, task  7  7 [442999]: mask 0x200000000200000 set
cpu-bind=MASK - ault01, task 12 12 [443004]: mask 0x80000000080 set
cpu-bind=MASK - ault01, task 15 15 [443007]: mask 0x2000000002000000 set
cpu-bind=MASK - ault01, task 17 17 [443009]: mask 0x4000000004000000 set
cpu-bind=MASK - ault01, task 23 23 [443015]: mask 0x20000000020000000 set
cpu-bind=MASK - ault01, task 24 24 [443016]: mask 0x2000000002000 set
cpu-bind=MASK - ault01, task 25 25 [443017]: mask 0x40000000040000000 set
cpu-bind=MASK - ault01, task 29 29 [443021]: mask 0x100000000100000000 set
cpu-bind=MASK - ault01, task 10 10 [443002]: mask 0x40000000040 set
cpu-bind=MASK - ault01, task 11 11 [443003]: mask 0x800000000800000 set
cpu-bind=MASK - ault01, task 13 13 [443005]: mask 0x1000000001000000 set
Running problem size 20^3 per domain until completion
Num processors: 125
Num threads: 1
Total number of elements: 1000000 

To run other sizes, use -s <integer>.
To run a fixed number of iterations, use -i <integer>.
To run a more or less balanced region set, use -b <integer>.
To change the relative costs of regions, use -c <integer>.
To print out progress, use -p
To write an output file for VisIt, use -v
See help (-h) for more options

Run completed:
   Problem size        =  20
   MPI tasks           =  125
   Iteration count     =  3517
   Final Origin Energy =  1.791828e+06
   Testing Plane 0 of Energy Array on rank 0:
        MaxAbsDiff   = 1.135049e-09
        TotalAbsDiff = 1.028366e-08
        MaxRelDiff   = 2.474559e-14

Elapsed time         = 135.3220186 (s)
Grind time (us/z/c)  =  4.8095685 (per dom)  ( 135.32202 overall)
FOM                  =  25989.858 (z/s)

