srun: Warning: can't honor --ntasks-per-node set to 32 which doesn't match the requested tasks 125 with the number of requested nodes 4. Ignoring --ntasks-per-node.
cpu-bind=MASK - ault03, task 89 26 [358412]: mask 0x4000000004000 set
cpu-bind=MASK - ault03, task 87 24 [358410]: mask 0x2000000002000 set
cpu-bind=MASK - ault03, task 74 11 [358397]: mask 0x800000000800000 set
cpu-bind=MASK - ault03, task 84 21 [358407]: mask 0x10000000010000000 set
cpu-bind=MASK - ault03, task 67  4 [358390]: mask 0x8000000008 set
cpu-bind=MASK - ault03, task 75 12 [358398]: mask 0x80000000080 set
cpu-bind=MASK - ault03, task 81 18 [358404]: mask 0x400000000400 set
cpu-bind=MASK - ault03, task 65  2 [358388]: mask 0x4000000004 set
cpu-bind=MASK - ault03, task 73 10 [358396]: mask 0x40000000040 set
cpu-bind=MASK - ault03, task 63  0 [358386]: mask 0x1000000001 set
cpu-bind=MASK - ault03, task 68  5 [358391]: mask 0x100000000100000 set
cpu-bind=MASK - ault03, task 88 25 [358411]: mask 0x40000000040000000 set
cpu-bind=MASK - ault03, task 70  7 [358393]: mask 0x200000000200000 set
cpu-bind=MASK - ault03, task 71  8 [358394]: mask 0x20000000020 set
cpu-bind=MASK - ault03, task 79 16 [358402]: mask 0x200000000200 set
cpu-bind=MASK - ault03, task 80 17 [358403]: mask 0x4000000004000000 set
cpu-bind=MASK - ault03, task 82 19 [358405]: mask 0x8000000008000000 set
cpu-bind=MASK - ault03, task 86 23 [358409]: mask 0x20000000020000000 set
cpu-bind=MASK - ault03, task 90 27 [358413]: mask 0x80000000080000000 set
cpu-bind=MASK - ault03, task 91 28 [358414]: mask 0x8000000008000 set
cpu-bind=MASK - ault03, task 66  3 [358389]: mask 0x80000000080000 set
cpu-bind=MASK - ault03, task 69  6 [358392]: mask 0x10000000010 set
cpu-bind=MASK - ault03, task 72  9 [358395]: mask 0x400000000400000 set
cpu-bind=MASK - ault03, task 76 13 [358399]: mask 0x1000000001000000 set
cpu-bind=MASK - ault03, task 78 15 [358401]: mask 0x2000000002000000 set
cpu-bind=MASK - ault03, task 83 20 [358406]: mask 0x800000000800 set
cpu-bind=MASK - ault03, task 85 22 [358408]: mask 0x1000000001000 set
cpu-bind=MASK - ault03, task 64  1 [358387]: mask 0x40000000040000 set
cpu-bind=MASK - ault03, task 77 14 [358400]: mask 0x100000000100 set
cpu-bind=MASK - ault03, task 92 29 [358415]: mask 0x100000000100000000 set
cpu-bind=MASK - ault03, task 93 30 [358416]: mask 0x10000000010000 set
cpu-bind=MASK - ault02, task 32  0 [293742]: mask 0x1000000001 set
cpu-bind=MASK - ault02, task 43 11 [293753]: mask 0x800000000800000 set
cpu-bind=MASK - ault02, task 49 17 [293759]: mask 0x4000000004000000 set
cpu-bind=MASK - ault02, task 51 19 [293761]: mask 0x8000000008000000 set
cpu-bind=MASK - ault02, task 33  1 [293743]: mask 0x40000000040000 set
cpu-bind=MASK - ault02, task 40  8 [293750]: mask 0x20000000020 set
cpu-bind=MASK - ault02, task 42 10 [293752]: mask 0x40000000040 set
cpu-bind=MASK - ault02, task 35  3 [293745]: mask 0x80000000080000 set
cpu-bind=MASK - ault02, task 44 12 [293754]: mask 0x80000000080 set
cpu-bind=MASK - ault02, task 46 14 [293756]: mask 0x100000000100 set
cpu-bind=MASK - ault02, task 55 23 [293765]: mask 0x20000000020000000 set
cpu-bind=MASK - ault02, task 57 25 [293767]: mask 0x40000000040000000 set
cpu-bind=MASK - ault02, task 58 26 [293768]: mask 0x4000000004000 set
cpu-bind=MASK - ault02, task 59 27 [293769]: mask 0x80000000080000000 set
cpu-bind=MASK - ault02, task 60 28 [293770]: mask 0x8000000008000 set
cpu-bind=MASK - ault02, task 61 29 [293771]: mask 0x100000000100000000 set
cpu-bind=MASK - ault02, task 34  2 [293744]: mask 0x4000000004 set
cpu-bind=MASK - ault02, task 36  4 [293746]: mask 0x8000000008 set
cpu-bind=MASK - ault02, task 38  6 [293748]: mask 0x10000000010 set
cpu-bind=MASK - ault02, task 39  7 [293749]: mask 0x200000000200000 set
cpu-bind=MASK - ault02, task 41  9 [293751]: mask 0x400000000400000 set
cpu-bind=MASK - ault02, task 45 13 [293755]: mask 0x1000000001000000 set
cpu-bind=MASK - ault02, task 47 15 [293757]: mask 0x2000000002000000 set
cpu-bind=MASK - ault02, task 48 16 [293758]: mask 0x200000000200 set
cpu-bind=MASK - ault02, task 50 18 [293760]: mask 0x400000000400 set
cpu-bind=MASK - ault02, task 52 20 [293762]: mask 0x800000000800 set
cpu-bind=MASK - ault02, task 54 22 [293764]: mask 0x1000000001000 set
cpu-bind=MASK - ault02, task 56 24 [293766]: mask 0x2000000002000 set
cpu-bind=MASK - ault02, task 62 30 [293772]: mask 0x10000000010000 set
cpu-bind=MASK - ault02, task 37  5 [293747]: mask 0x100000000100000 set
cpu-bind=MASK - ault02, task 53 21 [293763]: mask 0x10000000010000000 set
cpu-bind=MASK - ault04, task 94  0 [3256000]: mask 0x1000000001 set
cpu-bind=MASK - ault04, task 96  2 [3256002]: mask 0x4000000004 set
cpu-bind=MASK - ault04, task 98  4 [3256004]: mask 0x8000000008 set
cpu-bind=MASK - ault04, task 114 20 [3256020]: mask 0x800000000800 set
cpu-bind=MASK - ault04, task 103  9 [3256009]: mask 0x400000000400000 set
cpu-bind=MASK - ault04, task 111 17 [3256017]: mask 0x4000000004000000 set
cpu-bind=MASK - ault04, task 115 21 [3256021]: mask 0x10000000010000000 set
cpu-bind=MASK - ault04, task 121 27 [3256027]: mask 0x80000000080000000 set
cpu-bind=MASK - ault04, task 95  1 [3256001]: mask 0x40000000040000 set
cpu-bind=MASK - ault04, task 97  3 [3256003]: mask 0x80000000080000 set
cpu-bind=MASK - ault04, task 99  5 [3256005]: mask 0x100000000100000 set
cpu-bind=MASK - ault04, task 100  6 [3256006]: mask 0x10000000010 set
cpu-bind=MASK - ault04, task 101  7 [3256007]: mask 0x200000000200000 set
cpu-bind=MASK - ault04, task 102  8 [3256008]: mask 0x20000000020 set
cpu-bind=MASK - ault04, task 104 10 [3256010]: mask 0x40000000040 set
cpu-bind=MASK - ault04, task 105 11 [3256011]: mask 0x800000000800000 set
cpu-bind=MASK - ault04, task 106 12 [3256012]: mask 0x80000000080 set
cpu-bind=MASK - ault04, task 107 13 [3256013]: mask 0x1000000001000000 set
cpu-bind=MASK - ault04, task 109 15 [3256015]: mask 0x2000000002000000 set
cpu-bind=MASK - ault04, task 112 18 [3256018]: mask 0x400000000400 set
cpu-bind=MASK - ault04, task 113 19 [3256019]: mask 0x8000000008000000 set
cpu-bind=MASK - ault04, task 116 22 [3256022]: mask 0x1000000001000 set
cpu-bind=MASK - ault04, task 118 24 [3256024]: mask 0x2000000002000 set
cpu-bind=MASK - ault04, task 119 25 [3256025]: mask 0x40000000040000000 set
cpu-bind=MASK - ault04, task 122 28 [3256028]: mask 0x8000000008000 set
cpu-bind=MASK - ault04, task 123 29 [3256029]: mask 0x100000000100000000 set
cpu-bind=MASK - ault04, task 124 30 [3256030]: mask 0x10000000010000 set
cpu-bind=MASK - ault04, task 108 14 [3256014]: mask 0x100000000100 set
cpu-bind=MASK - ault04, task 110 16 [3256016]: mask 0x200000000200 set
cpu-bind=MASK - ault04, task 120 26 [3256026]: mask 0x4000000004000 set
cpu-bind=MASK - ault04, task 117 23 [3256023]: mask 0x20000000020000000 set
cpu-bind=MASK - ault01, task  5  5 [504813]: mask 0x100000000100000 set
cpu-bind=MASK - ault01, task 15 15 [504823]: mask 0x2000000002000000 set
cpu-bind=MASK - ault01, task  1  1 [504809]: mask 0x40000000040000 set
cpu-bind=MASK - ault01, task 20 20 [504828]: mask 0x800000000800 set
cpu-bind=MASK - ault01, task  3  3 [504811]: mask 0x80000000080000 set
cpu-bind=MASK - ault01, task 23 23 [504831]: mask 0x20000000020000000 set
cpu-bind=MASK - ault01, task  4  4 [504812]: mask 0x8000000008 set
cpu-bind=MASK - ault01, task  6  6 [504814]: mask 0x10000000010 set
cpu-bind=MASK - ault01, task  7  7 [504815]: mask 0x200000000200000 set
cpu-bind=MASK - ault01, task  8  8 [504816]: mask 0x20000000020 set
cpu-bind=MASK - ault01, task  9  9 [504817]: mask 0x400000000400000 set
cpu-bind=MASK - ault01, task 10 10 [504818]: mask 0x40000000040 set
cpu-bind=MASK - ault01, task 11 11 [504819]: mask 0x800000000800000 set
cpu-bind=MASK - ault01, task 12 12 [504820]: mask 0x80000000080 set
cpu-bind=MASK - ault01, task 13 13 [504821]: mask 0x1000000001000000 set
cpu-bind=MASK - ault01, task 14 14 [504822]: mask 0x100000000100 set
cpu-bind=MASK - ault01, task 16 16 [504824]: mask 0x200000000200 set
cpu-bind=MASK - ault01, task 17 17 [504825]: mask 0x4000000004000000 set
cpu-bind=MASK - ault01, task 18 18 [504826]: mask 0x400000000400 set
cpu-bind=MASK - ault01, task 19 19 [504827]: mask 0x8000000008000000 set
cpu-bind=MASK - ault01, task 21 21 [504829]: mask 0x10000000010000000 set
cpu-bind=MASK - ault01, task 22 22 [504830]: mask 0x1000000001000 set
cpu-bind=MASK - ault01, task 24 24 [504832]: mask 0x2000000002000 set
cpu-bind=MASK - ault01, task 25 25 [504833]: mask 0x40000000040000000 set
cpu-bind=MASK - ault01, task 26 26 [504834]: mask 0x4000000004000 set
cpu-bind=MASK - ault01, task 27 27 [504835]: mask 0x80000000080000000 set
cpu-bind=MASK - ault01, task 28 28 [504836]: mask 0x8000000008000 set
cpu-bind=MASK - ault01, task 29 29 [504837]: mask 0x100000000100000000 set
cpu-bind=MASK - ault01, task 30 30 [504838]: mask 0x10000000010000 set
cpu-bind=MASK - ault01, task 31 31 [504839]: mask 0x20000000020000 set
cpu-bind=MASK - ault01, task  0  0 [504808]: mask 0x1000000001 set
cpu-bind=MASK - ault01, task  2  2 [504810]: mask 0x4000000004 set
Running problem size 25^3 per domain until completion
Num processors: 125
Num threads: 1
Total number of elements: 1953125 

To run other sizes, use -s <integer>.
To run a fixed number of iterations, use -i <integer>.
To run a more or less balanced region set, use -b <integer>.
To change the relative costs of regions, use -c <integer>.
To print out progress, use -p
To write an output file for VisIt, use -v
See help (-h) for more options

Run completed:
   Problem size        =  25
   MPI tasks           =  125
   Iteration count     =  4448
   Final Origin Energy =  2.679390e+06
   Testing Plane 0 of Energy Array on rank 0:
        MaxAbsDiff   = 1.309672e-09
        TotalAbsDiff = 1.867465e-08
        MaxRelDiff   = 3.856731e-14

Elapsed time         = 320.5463988 (s)
Grind time (us/z/c)  =  4.6121784 (per dom)  (  320.5464 overall)
FOM                  =  27102.161 (z/s)

