srun: Warning: can't honor --ntasks-per-node set to 32 which doesn't match the requested tasks 125 with the number of requested nodes 4. Ignoring --ntasks-per-node.
cpu-bind=MASK - ault03, task 63  0 [303061]: mask 0x2000000002 set
cpu-bind=MASK - ault03, task 71  8 [303069]: mask 0x20000000020 set
cpu-bind=MASK - ault03, task 76 13 [303074]: mask 0x1000000001000000 set
cpu-bind=MASK - ault03, task 64  1 [303062]: mask 0x40000000040000 set
cpu-bind=MASK - ault03, task 65  2 [303063]: mask 0x4000000004 set
cpu-bind=MASK - ault03, task 66  3 [303064]: mask 0x80000000080000 set
cpu-bind=MASK - ault03, task 67  4 [303065]: mask 0x8000000008 set
cpu-bind=MASK - ault03, task 68  5 [303066]: mask 0x100000000100000 set
cpu-bind=MASK - ault03, task 69  6 [303067]: mask 0x10000000010 set
cpu-bind=MASK - ault03, task 72  9 [303070]: mask 0x400000000400000 set
cpu-bind=MASK - ault03, task 73 10 [303071]: mask 0x40000000040 set
cpu-bind=MASK - ault03, task 77 14 [303075]: mask 0x100000000100 set
cpu-bind=MASK - ault03, task 78 15 [303076]: mask 0x2000000002000000 set
cpu-bind=MASK - ault03, task 81 18 [303079]: mask 0x400000000400 set
cpu-bind=MASK - ault03, task 82 19 [303080]: mask 0x8000000008000000 set
cpu-bind=MASK - ault03, task 84 21 [303082]: mask 0x10000000010000000 set
cpu-bind=MASK - ault03, task 85 22 [303083]: mask 0x1000000001000 set
cpu-bind=MASK - ault03, task 86 23 [303084]: mask 0x20000000020000000 set
cpu-bind=MASK - ault03, task 87 24 [303085]: mask 0x2000000002000 set
cpu-bind=MASK - ault03, task 88 25 [303086]: mask 0x40000000040000000 set
cpu-bind=MASK - ault03, task 89 26 [303087]: mask 0x4000000004000 set
cpu-bind=MASK - ault03, task 91 28 [303089]: mask 0x8000000008000 set
cpu-bind=MASK - ault03, task 92 29 [303090]: mask 0x100000000100000000 set
cpu-bind=MASK - ault03, task 93 30 [303091]: mask 0x10000000010000 set
cpu-bind=MASK - ault03, task 70  7 [303068]: mask 0x200000000200000 set
cpu-bind=MASK - ault03, task 74 11 [303072]: mask 0x800000000800000 set
cpu-bind=MASK - ault03, task 79 16 [303077]: mask 0x200000000200 set
cpu-bind=MASK - ault03, task 80 17 [303078]: mask 0x4000000004000000 set
cpu-bind=MASK - ault03, task 83 20 [303081]: mask 0x800000000800 set
cpu-bind=MASK - ault03, task 90 27 [303088]: mask 0x80000000080000000 set
cpu-bind=MASK - ault03, task 75 12 [303073]: mask 0x80000000080 set
cpu-bind=MASK - ault04, task 95  1 [3202298]: mask 0x40000000040000 set
cpu-bind=MASK - ault04, task 113 19 [3202316]: mask 0x8000000008000000 set
cpu-bind=MASK - ault04, task 117 23 [3202320]: mask 0x20000000020000000 set
cpu-bind=MASK - ault04, task 122 28 [3202325]: mask 0x8000000008000 set
cpu-bind=MASK - ault04, task 96  2 [3202299]: mask 0x4000000004 set
cpu-bind=MASK - ault04, task 101  7 [3202304]: mask 0x200000000200000 set
cpu-bind=MASK - ault04, task 120 26 [3202323]: mask 0x4000000004000 set
cpu-bind=MASK - ault04, task 124 30 [3202327]: mask 0x10000000010000 set
cpu-bind=MASK - ault04, task 94  0 [3202297]: mask 0x2000000002 set
cpu-bind=MASK - ault04, task 97  3 [3202300]: mask 0x80000000080000 set
cpu-bind=MASK - ault04, task 98  4 [3202301]: mask 0x8000000008 set
cpu-bind=MASK - ault04, task 99  5 [3202302]: mask 0x100000000100000 set
cpu-bind=MASK - ault02, task 50 18 [239001]: mask 0x400000000400 set
cpu-bind=MASK - ault04, task 100  6 [3202303]: mask 0x10000000010 set
cpu-bind=MASK - ault04, task 102  8 [3202305]: mask 0x20000000020 set
cpu-bind=MASK - ault04, task 103  9 [3202306]: mask 0x400000000400000 set
cpu-bind=MASK - ault02, task 52 20 [239003]: mask 0x800000000800 set
cpu-bind=MASK - ault02, task 33  1 [238984]: mask 0x40000000040000 set
cpu-bind=MASK - ault04, task 104 10 [3202307]: mask 0x40000000040 set
cpu-bind=MASK - ault04, task 105 11 [3202308]: mask 0x800000000800000 set
cpu-bind=MASK - ault04, task 106 12 [3202309]: mask 0x80000000080 set
cpu-bind=MASK - ault04, task 107 13 [3202310]: mask 0x1000000001000000 set
cpu-bind=MASK - ault04, task 108 14 [3202311]: mask 0x100000000100 set
cpu-bind=MASK - ault04, task 109 15 [3202312]: mask 0x2000000002000000 set
cpu-bind=MASK - ault04, task 110 16 [3202313]: mask 0x200000000200 set
cpu-bind=MASK - ault04, task 111 17 [3202314]: mask 0x4000000004000000 set
cpu-bind=MASK - ault04, task 112 18 [3202315]: mask 0x400000000400 set
cpu-bind=MASK - ault04, task 114 20 [3202317]: mask 0x800000000800 set
cpu-bind=MASK - ault04, task 115 21 [3202318]: mask 0x10000000010000000 set
cpu-bind=MASK - ault04, task 118 24 [3202321]: mask 0x2000000002000 set
cpu-bind=MASK - ault04, task 119 25 [3202322]: mask 0x40000000040000000 set
cpu-bind=MASK - ault04, task 121 27 [3202324]: mask 0x80000000080000000 set
cpu-bind=MASK - ault04, task 123 29 [3202326]: mask 0x100000000100000000 set
cpu-bind=MASK - ault04, task 116 22 [3202319]: mask 0x1000000001000 set
cpu-bind=MASK - ault02, task 56 24 [239007]: mask 0x2000000002000 set
cpu-bind=MASK - ault02, task 60 28 [239011]: mask 0x8000000008000 set
cpu-bind=MASK - ault02, task 32  0 [238983]: mask 0x2000000002 set
cpu-bind=MASK - ault02, task 42 10 [238993]: mask 0x40000000040 set
cpu-bind=MASK - ault02, task 57 25 [239008]: mask 0x40000000040000000 set
cpu-bind=MASK - ault02, task 46 14 [238997]: mask 0x100000000100 set
cpu-bind=MASK - ault02, task 59 27 [239010]: mask 0x80000000080000000 set
cpu-bind=MASK - ault02, task 35  3 [238986]: mask 0x80000000080000 set
cpu-bind=MASK - ault02, task 36  4 [238987]: mask 0x8000000008 set
cpu-bind=MASK - ault02, task 44 12 [238995]: mask 0x80000000080 set
cpu-bind=MASK - ault02, task 48 16 [238999]: mask 0x200000000200 set
cpu-bind=MASK - ault02, task 61 29 [239012]: mask 0x100000000100000000 set
cpu-bind=MASK - ault02, task 34  2 [238985]: mask 0x4000000004 set
cpu-bind=MASK - ault02, task 38  6 [238989]: mask 0x10000000010 set
cpu-bind=MASK - ault02, task 40  8 [238991]: mask 0x20000000020 set
cpu-bind=MASK - ault02, task 41  9 [238992]: mask 0x400000000400000 set
cpu-bind=MASK - ault02, task 43 11 [238994]: mask 0x800000000800000 set
cpu-bind=MASK - ault02, task 45 13 [238996]: mask 0x1000000001000000 set
cpu-bind=MASK - ault02, task 47 15 [238998]: mask 0x2000000002000000 set
cpu-bind=MASK - ault02, task 49 17 [239000]: mask 0x4000000004000000 set
cpu-bind=MASK - ault02, task 51 19 [239002]: mask 0x8000000008000000 set
cpu-bind=MASK - ault02, task 53 21 [239004]: mask 0x10000000010000000 set
cpu-bind=MASK - ault02, task 54 22 [239005]: mask 0x1000000001000 set
cpu-bind=MASK - ault02, task 55 23 [239006]: mask 0x20000000020000000 set
cpu-bind=MASK - ault02, task 62 30 [239013]: mask 0x10000000010000 set
cpu-bind=MASK - ault02, task 39  7 [238990]: mask 0x200000000200000 set
cpu-bind=MASK - ault02, task 58 26 [239009]: mask 0x4000000004000 set
cpu-bind=MASK - ault02, task 37  5 [238988]: mask 0x100000000100000 set
cpu-bind=MASK - ault01, task 14 14 [445372]: mask 0x100000000100 set
cpu-bind=MASK - ault01, task  3  3 [445361]: mask 0x80000000080000 set
cpu-bind=MASK - ault01, task  2  2 [445360]: mask 0x4000000004 set
cpu-bind=MASK - ault01, task 31 31 [445389]: mask 0x20000000020000 set
cpu-bind=MASK - ault01, task  0  0 [445358]: mask 0x2000000002 set
cpu-bind=MASK - ault01, task  1  1 [445359]: mask 0x40000000040000 set
cpu-bind=MASK - ault01, task  4  4 [445362]: mask 0x8000000008 set
cpu-bind=MASK - ault01, task  5  5 [445363]: mask 0x100000000100000 set
cpu-bind=MASK - ault01, task  6  6 [445364]: mask 0x10000000010 set
cpu-bind=MASK - ault01, task  7  7 [445365]: mask 0x200000000200000 set
cpu-bind=MASK - ault01, task  9  9 [445367]: mask 0x400000000400000 set
cpu-bind=MASK - ault01, task 10 10 [445368]: mask 0x40000000040 set
cpu-bind=MASK - ault01, task 11 11 [445369]: mask 0x800000000800000 set
cpu-bind=MASK - ault01, task 18 18 [445376]: mask 0x400000000400 set
cpu-bind=MASK - ault01, task 19 19 [445377]: mask 0x8000000008000000 set
cpu-bind=MASK - ault01, task 21 21 [445379]: mask 0x10000000010000000 set
cpu-bind=MASK - ault01, task 25 25 [445383]: mask 0x40000000040000000 set
cpu-bind=MASK - ault01, task 30 30 [445388]: mask 0x10000000010000 set
cpu-bind=MASK - ault01, task  8  8 [445366]: mask 0x20000000020 set
cpu-bind=MASK - ault01, task 12 12 [445370]: mask 0x80000000080 set
cpu-bind=MASK - ault01, task 13 13 [445371]: mask 0x1000000001000000 set
cpu-bind=MASK - ault01, task 15 15 [445373]: mask 0x2000000002000000 set
cpu-bind=MASK - ault01, task 16 16 [445374]: mask 0x200000000200 set
cpu-bind=MASK - ault01, task 17 17 [445375]: mask 0x4000000004000000 set
cpu-bind=MASK - ault01, task 20 20 [445378]: mask 0x800000000800 set
cpu-bind=MASK - ault01, task 22 22 [445380]: mask 0x1000000001000 set
cpu-bind=MASK - ault01, task 23 23 [445381]: mask 0x20000000020000000 set
cpu-bind=MASK - ault01, task 26 26 [445384]: mask 0x4000000004000 set
cpu-bind=MASK - ault01, task 27 27 [445385]: mask 0x80000000080000000 set
cpu-bind=MASK - ault01, task 28 28 [445386]: mask 0x8000000008000 set
cpu-bind=MASK - ault01, task 29 29 [445387]: mask 0x100000000100000000 set
cpu-bind=MASK - ault01, task 24 24 [445382]: mask 0x2000000002000 set
Running problem size 20^3 per domain until completion
Num processors: 125
Num threads: 1
Total number of elements: 1000000 

To run other sizes, use -s <integer>.
To run a fixed number of iterations, use -i <integer>.
To run a more or less balanced region set, use -b <integer>.
To change the relative costs of regions, use -c <integer>.
To print out progress, use -p
To write an output file for VisIt, use -v
See help (-h) for more options

Run completed:
   Problem size        =  20
   MPI tasks           =  125
   Iteration count     =  3517
   Final Origin Energy =  1.791828e+06
   Testing Plane 0 of Energy Array on rank 0:
        MaxAbsDiff   = 1.135049e-09
        TotalAbsDiff = 1.028366e-08
        MaxRelDiff   = 2.474559e-14

Elapsed time         = 135.3334391 (s)
Grind time (us/z/c)  =  4.8099744 (per dom)  ( 135.33344 overall)
FOM                  =  25987.664 (z/s)

