srun: Warning: can't honor --ntasks-per-node set to 32 which doesn't match the requested tasks 125 with the number of requested nodes 4. Ignoring --ntasks-per-node.
cpu-bind=MASK - ault03, task 71  8 [302466]: mask 0x20000000020 set
cpu-bind=MASK - ault03, task 87 24 [302482]: mask 0x2000000002000 set
cpu-bind=MASK - ault03, task 76 13 [302471]: mask 0x1000000001000000 set
cpu-bind=MASK - ault03, task 81 18 [302476]: mask 0x400000000400 set
cpu-bind=MASK - ault03, task 78 15 [302473]: mask 0x2000000002000000 set
cpu-bind=MASK - ault03, task 75 12 [302470]: mask 0x80000000080 set
cpu-bind=MASK - ault03, task 79 16 [302474]: mask 0x200000000200 set
cpu-bind=MASK - ault03, task 65  2 [302460]: mask 0x4000000004 set
cpu-bind=MASK - ault03, task 66  3 [302461]: mask 0x80000000080000 set
cpu-bind=MASK - ault03, task 69  6 [302464]: mask 0x10000000010 set
cpu-bind=MASK - ault03, task 70  7 [302465]: mask 0x200000000200000 set
cpu-bind=MASK - ault03, task 91 28 [302486]: mask 0x8000000008000 set
cpu-bind=MASK - ault03, task 77 14 [302472]: mask 0x100000000100 set
cpu-bind=MASK - ault03, task 85 22 [302480]: mask 0x1000000001000 set
cpu-bind=MASK - ault03, task 89 26 [302484]: mask 0x4000000004000 set
cpu-bind=MASK - ault03, task 92 29 [302487]: mask 0x100000000100000000 set
cpu-bind=MASK - ault03, task 93 30 [302488]: mask 0x10000000010000 set
cpu-bind=MASK - ault03, task 63  0 [302458]: mask 0x2000000002 set
cpu-bind=MASK - ault03, task 83 20 [302478]: mask 0x800000000800 set
cpu-bind=MASK - ault03, task 86 23 [302481]: mask 0x20000000020000000 set
cpu-bind=MASK - ault03, task 67  4 [302462]: mask 0x8000000008 set
cpu-bind=MASK - ault03, task 74 11 [302469]: mask 0x800000000800000 set
cpu-bind=MASK - ault03, task 80 17 [302475]: mask 0x4000000004000000 set
cpu-bind=MASK - ault03, task 82 19 [302477]: mask 0x8000000008000000 set
cpu-bind=MASK - ault03, task 88 25 [302483]: mask 0x40000000040000000 set
cpu-bind=MASK - ault03, task 64  1 [302459]: mask 0x40000000040000 set
cpu-bind=MASK - ault03, task 68  5 [302463]: mask 0x100000000100000 set
cpu-bind=MASK - ault03, task 72  9 [302467]: mask 0x400000000400000 set
cpu-bind=MASK - ault03, task 84 21 [302479]: mask 0x10000000010000000 set
cpu-bind=MASK - ault03, task 73 10 [302468]: mask 0x40000000040 set
cpu-bind=MASK - ault03, task 90 27 [302485]: mask 0x80000000080000000 set
cpu-bind=MASK - ault04, task 94  0 [3201682]: mask 0x2000000002 set
cpu-bind=MASK - ault04, task 100  6 [3201688]: mask 0x10000000010 set
cpu-bind=MASK - ault04, task 99  5 [3201687]: mask 0x100000000100000 set
cpu-bind=MASK - ault04, task 103  9 [3201691]: mask 0x400000000400000 set
cpu-bind=MASK - ault04, task 109 15 [3201697]: mask 0x2000000002000000 set
cpu-bind=MASK - ault04, task 96  2 [3201684]: mask 0x4000000004 set
cpu-bind=MASK - ault04, task 101  7 [3201689]: mask 0x200000000200000 set
cpu-bind=MASK - ault04, task 105 11 [3201693]: mask 0x800000000800000 set
cpu-bind=MASK - ault04, task 97  3 [3201685]: mask 0x80000000080000 set
cpu-bind=MASK - ault04, task 102  8 [3201690]: mask 0x20000000020 set
cpu-bind=MASK - ault04, task 104 10 [3201692]: mask 0x40000000040 set
cpu-bind=MASK - ault04, task 106 12 [3201694]: mask 0x80000000080 set
cpu-bind=MASK - ault04, task 111 17 [3201699]: mask 0x4000000004000000 set
cpu-bind=MASK - ault04, task 118 24 [3201706]: mask 0x2000000002000 set
cpu-bind=MASK - ault04, task 119 25 [3201707]: mask 0x40000000040000000 set
cpu-bind=MASK - ault04, task 121 27 [3201709]: mask 0x80000000080000000 set
cpu-bind=MASK - ault04, task 95  1 [3201683]: mask 0x40000000040000 set
cpu-bind=MASK - ault04, task 115 21 [3201703]: mask 0x10000000010000000 set
cpu-bind=MASK - ault04, task 117 23 [3201705]: mask 0x20000000020000000 set
cpu-bind=MASK - ault04, task 122 28 [3201710]: mask 0x8000000008000 set
cpu-bind=MASK - ault04, task 98  4 [3201686]: mask 0x8000000008 set
cpu-bind=MASK - ault04, task 108 14 [3201696]: mask 0x100000000100 set
cpu-bind=MASK - ault04, task 110 16 [3201698]: mask 0x200000000200 set
cpu-bind=MASK - ault04, task 113 19 [3201701]: mask 0x8000000008000000 set
cpu-bind=MASK - ault04, task 114 20 [3201702]: mask 0x800000000800 set
cpu-bind=MASK - ault04, task 116 22 [3201704]: mask 0x1000000001000 set
cpu-bind=MASK - ault04, task 120 26 [3201708]: mask 0x4000000004000 set
cpu-bind=MASK - ault04, task 123 29 [3201711]: mask 0x100000000100000000 set
cpu-bind=MASK - ault04, task 124 30 [3201712]: mask 0x10000000010000 set
cpu-bind=MASK - ault04, task 107 13 [3201695]: mask 0x1000000001000000 set
cpu-bind=MASK - ault04, task 112 18 [3201700]: mask 0x400000000400 set
cpu-bind=MASK - ault02, task 33  1 [238418]: mask 0x40000000040000 set
cpu-bind=MASK - ault02, task 54 22 [238439]: mask 0x1000000001000 set
cpu-bind=MASK - ault02, task 57 25 [238442]: mask 0x40000000040000000 set
cpu-bind=MASK - ault02, task 37  5 [238422]: mask 0x100000000100000 set
cpu-bind=MASK - ault02, task 52 20 [238437]: mask 0x800000000800 set
cpu-bind=MASK - ault02, task 40  8 [238425]: mask 0x20000000020 set
cpu-bind=MASK - ault02, task 46 14 [238431]: mask 0x100000000100 set
cpu-bind=MASK - ault02, task 41  9 [238426]: mask 0x400000000400000 set
cpu-bind=MASK - ault02, task 42 10 [238427]: mask 0x40000000040 set
cpu-bind=MASK - ault02, task 50 18 [238435]: mask 0x400000000400 set
cpu-bind=MASK - ault02, task 51 19 [238436]: mask 0x8000000008000000 set
cpu-bind=MASK - ault02, task 56 24 [238441]: mask 0x2000000002000 set
cpu-bind=MASK - ault02, task 62 30 [238447]: mask 0x10000000010000 set
cpu-bind=MASK - ault02, task 34  2 [238419]: mask 0x4000000004 set
cpu-bind=MASK - ault02, task 39  7 [238424]: mask 0x200000000200000 set
cpu-bind=MASK - ault02, task 43 11 [238428]: mask 0x800000000800000 set
cpu-bind=MASK - ault02, task 45 13 [238430]: mask 0x1000000001000000 set
cpu-bind=MASK - ault02, task 47 15 [238432]: mask 0x2000000002000000 set
cpu-bind=MASK - ault02, task 48 16 [238433]: mask 0x200000000200 set
cpu-bind=MASK - ault02, task 49 17 [238434]: mask 0x4000000004000000 set
cpu-bind=MASK - ault02, task 55 23 [238440]: mask 0x20000000020000000 set
cpu-bind=MASK - ault02, task 58 26 [238443]: mask 0x4000000004000 set
cpu-bind=MASK - ault02, task 60 28 [238445]: mask 0x8000000008000 set
cpu-bind=MASK - ault02, task 61 29 [238446]: mask 0x100000000100000000 set
cpu-bind=MASK - ault02, task 32  0 [238417]: mask 0x2000000002 set
cpu-bind=MASK - ault02, task 44 12 [238429]: mask 0x80000000080 set
cpu-bind=MASK - ault02, task 53 21 [238438]: mask 0x10000000010000000 set
cpu-bind=MASK - ault02, task 38  6 [238423]: mask 0x10000000010 set
cpu-bind=MASK - ault02, task 35  3 [238420]: mask 0x80000000080000 set
cpu-bind=MASK - ault02, task 36  4 [238421]: mask 0x8000000008 set
cpu-bind=MASK - ault02, task 59 27 [238444]: mask 0x80000000080000000 set
cpu-bind=MASK - ault01, task  3  3 [444759]: mask 0x80000000080000 set
cpu-bind=MASK - ault01, task 27 27 [444783]: mask 0x80000000080000000 set
cpu-bind=MASK - ault01, task 20 20 [444776]: mask 0x800000000800 set
cpu-bind=MASK - ault01, task 25 25 [444781]: mask 0x40000000040000000 set
cpu-bind=MASK - ault01, task  0  0 [444756]: mask 0x2000000002 set
cpu-bind=MASK - ault01, task  1  1 [444757]: mask 0x40000000040000 set
cpu-bind=MASK - ault01, task  2  2 [444758]: mask 0x4000000004 set
cpu-bind=MASK - ault01, task  4  4 [444760]: mask 0x8000000008 set
cpu-bind=MASK - ault01, task  5  5 [444761]: mask 0x100000000100000 set
cpu-bind=MASK - ault01, task  6  6 [444762]: mask 0x10000000010 set
cpu-bind=MASK - ault01, task  7  7 [444763]: mask 0x200000000200000 set
cpu-bind=MASK - ault01, task  8  8 [444764]: mask 0x20000000020 set
cpu-bind=MASK - ault01, task  9  9 [444765]: mask 0x400000000400000 set
cpu-bind=MASK - ault01, task 10 10 [444766]: mask 0x40000000040 set
cpu-bind=MASK - ault01, task 11 11 [444767]: mask 0x800000000800000 set
cpu-bind=MASK - ault01, task 12 12 [444768]: mask 0x80000000080 set
cpu-bind=MASK - ault01, task 13 13 [444769]: mask 0x1000000001000000 set
cpu-bind=MASK - ault01, task 14 14 [444770]: mask 0x100000000100 set
cpu-bind=MASK - ault01, task 15 15 [444771]: mask 0x2000000002000000 set
cpu-bind=MASK - ault01, task 16 16 [444772]: mask 0x200000000200 set
cpu-bind=MASK - ault01, task 17 17 [444773]: mask 0x4000000004000000 set
cpu-bind=MASK - ault01, task 18 18 [444774]: mask 0x400000000400 set
cpu-bind=MASK - ault01, task 19 19 [444775]: mask 0x8000000008000000 set
cpu-bind=MASK - ault01, task 21 21 [444777]: mask 0x10000000010000000 set
cpu-bind=MASK - ault01, task 22 22 [444778]: mask 0x1000000001000 set
cpu-bind=MASK - ault01, task 24 24 [444780]: mask 0x2000000002000 set
cpu-bind=MASK - ault01, task 26 26 [444782]: mask 0x4000000004000 set
cpu-bind=MASK - ault01, task 28 28 [444784]: mask 0x8000000008000 set
cpu-bind=MASK - ault01, task 29 29 [444785]: mask 0x100000000100000000 set
cpu-bind=MASK - ault01, task 30 30 [444786]: mask 0x10000000010000 set
cpu-bind=MASK - ault01, task 31 31 [444787]: mask 0x20000000020000 set
cpu-bind=MASK - ault01, task 23 23 [444779]: mask 0x20000000020000000 set
Running problem size 20^3 per domain until completion
Num processors: 125
Num threads: 1
Total number of elements: 1000000 

To run other sizes, use -s <integer>.
To run a fixed number of iterations, use -i <integer>.
To run a more or less balanced region set, use -b <integer>.
To change the relative costs of regions, use -c <integer>.
To print out progress, use -p
To write an output file for VisIt, use -v
See help (-h) for more options

Run completed:
   Problem size        =  20
   MPI tasks           =  125
   Iteration count     =  3517
   Final Origin Energy =  1.791828e+06
   Testing Plane 0 of Energy Array on rank 0:
        MaxAbsDiff   = 1.135049e-09
        TotalAbsDiff = 1.028366e-08
        MaxRelDiff   = 2.474559e-14

Elapsed time         = 135.6885973 (s)
Grind time (us/z/c)  =  4.8225973 (per dom)  (  135.6886 overall)
FOM                  =  25919.643 (z/s)

