srun: Warning: can't honor --ntasks-per-node set to 32 which doesn't match the requested tasks 125 with the number of requested nodes 4. Ignoring --ntasks-per-node.
cpu-bind=MASK - ault03, task 63  0 [120083]: mask 0x1000000001 set
cpu-bind=MASK - ault03, task 64  1 [120084]: mask 0x40000000040000 set
cpu-bind=MASK - ault03, task 84 21 [120104]: mask 0x10000000010000000 set
cpu-bind=MASK - ault03, task 66  3 [120086]: mask 0x80000000080000 set
cpu-bind=MASK - ault03, task 71  8 [120091]: mask 0x10000000010 set
cpu-bind=MASK - ault03, task 81 18 [120101]: mask 0x200000000200 set
cpu-bind=MASK - ault03, task 65  2 [120085]: mask 0x2000000002 set
cpu-bind=MASK - ault03, task 67  4 [120087]: mask 0x4000000004 set
cpu-bind=MASK - ault03, task 68  5 [120088]: mask 0x100000000100000 set
cpu-bind=MASK - ault03, task 69  6 [120089]: mask 0x8000000008 set
cpu-bind=MASK - ault03, task 70  7 [120090]: mask 0x200000000200000 set
cpu-bind=MASK - ault03, task 72  9 [120092]: mask 0x400000000400000 set
cpu-bind=MASK - ault03, task 73 10 [120093]: mask 0x20000000020 set
cpu-bind=MASK - ault03, task 74 11 [120094]: mask 0x800000000800000 set
cpu-bind=MASK - ault03, task 75 12 [120095]: mask 0x40000000040 set
cpu-bind=MASK - ault03, task 76 13 [120096]: mask 0x1000000001000000 set
cpu-bind=MASK - ault03, task 77 14 [120097]: mask 0x80000000080 set
cpu-bind=MASK - ault03, task 78 15 [120098]: mask 0x2000000002000000 set
cpu-bind=MASK - ault03, task 79 16 [120099]: mask 0x100000000100 set
cpu-bind=MASK - ault03, task 80 17 [120100]: mask 0x4000000004000000 set
cpu-bind=MASK - ault03, task 82 19 [120102]: mask 0x8000000008000000 set
cpu-bind=MASK - ault03, task 83 20 [120103]: mask 0x400000000400 set
cpu-bind=MASK - ault03, task 85 22 [120105]: mask 0x800000000800 set
cpu-bind=MASK - ault03, task 86 23 [120106]: mask 0x20000000020000000 set
cpu-bind=MASK - ault03, task 87 24 [120107]: mask 0x1000000001000 set
cpu-bind=MASK - ault03, task 88 25 [120108]: mask 0x40000000040000000 set
cpu-bind=MASK - ault03, task 89 26 [120109]: mask 0x2000000002000 set
cpu-bind=MASK - ault03, task 90 27 [120110]: mask 0x80000000080000000 set
cpu-bind=MASK - ault03, task 91 28 [120111]: mask 0x4000000004000 set
cpu-bind=MASK - ault03, task 92 29 [120112]: mask 0x100000000100000000 set
cpu-bind=MASK - ault03, task 93 30 [120113]: mask 0x8000000008000 set
cpu-bind=MASK - ault02, task 33  1 [1553626]: mask 0x40000000040000 set
cpu-bind=MASK - ault04, task 95  1 [4175333]: mask 0x40000000040000 set
cpu-bind=MASK - ault02, task 35  3 [1553628]: mask 0x80000000080000 set
cpu-bind=MASK - ault04, task 113 19 [4175351]: mask 0x8000000008000000 set
cpu-bind=MASK - ault02, task 55 23 [1553648]: mask 0x20000000020000000 set
cpu-bind=MASK - ault04, task 123 29 [4175361]: mask 0x100000000100000000 set
cpu-bind=MASK - ault02, task 32  0 [1553625]: mask 0x1000000001 set
cpu-bind=MASK - ault04, task 111 17 [4175349]: mask 0x4000000004000000 set
cpu-bind=MASK - ault02, task 36  4 [1553629]: mask 0x4000000004 set
cpu-bind=MASK - ault04, task 94  0 [4175332]: mask 0x1000000001 set
cpu-bind=MASK - ault02, task 38  6 [1553631]: mask 0x8000000008 set
cpu-bind=MASK - ault04, task 107 13 [4175345]: mask 0x1000000001000000 set
cpu-bind=MASK - ault02, task 50 18 [1553643]: mask 0x200000000200 set
cpu-bind=MASK - ault04, task 104 10 [4175342]: mask 0x20000000020 set
cpu-bind=MASK - ault02, task 56 24 [1553649]: mask 0x1000000001000 set
cpu-bind=MASK - ault04, task 102  8 [4175340]: mask 0x10000000010 set
cpu-bind=MASK - ault02, task 61 29 [1553654]: mask 0x100000000100000000 set
cpu-bind=MASK - ault04, task 116 22 [4175354]: mask 0x800000000800 set
cpu-bind=MASK - ault02, task 34  2 [1553627]: mask 0x2000000002 set
cpu-bind=MASK - ault04, task 100  6 [4175338]: mask 0x8000000008 set
cpu-bind=MASK - ault02, task 37  5 [1553630]: mask 0x100000000100000 set
cpu-bind=MASK - ault04, task 109 15 [4175347]: mask 0x2000000002000000 set
cpu-bind=MASK - ault02, task 39  7 [1553632]: mask 0x200000000200000 set
cpu-bind=MASK - ault04, task 110 16 [4175348]: mask 0x100000000100 set
cpu-bind=MASK - ault02, task 40  8 [1553633]: mask 0x10000000010 set
cpu-bind=MASK - ault04, task 119 25 [4175357]: mask 0x40000000040000000 set
cpu-bind=MASK - ault02, task 41  9 [1553634]: mask 0x400000000400000 set
cpu-bind=MASK - ault04, task 120 26 [4175358]: mask 0x2000000002000 set
cpu-bind=MASK - ault02, task 42 10 [1553635]: mask 0x20000000020 set
cpu-bind=MASK - ault04, task 124 30 [4175362]: mask 0x8000000008000 set
cpu-bind=MASK - ault02, task 43 11 [1553636]: mask 0x800000000800000 set
cpu-bind=MASK - ault04, task 96  2 [4175334]: mask 0x2000000002 set
cpu-bind=MASK - ault02, task 44 12 [1553637]: mask 0x40000000040 set
cpu-bind=MASK - ault04, task 97  3 [4175335]: mask 0x80000000080000 set
cpu-bind=MASK - ault02, task 45 13 [1553638]: mask 0x1000000001000000 set
cpu-bind=MASK - ault04, task 98  4 [4175336]: mask 0x4000000004 set
cpu-bind=MASK - ault02, task 46 14 [1553639]: mask 0x80000000080 set
cpu-bind=MASK - ault04, task 99  5 [4175337]: mask 0x100000000100000 set
cpu-bind=MASK - ault02, task 47 15 [1553640]: mask 0x2000000002000000 set
cpu-bind=MASK - ault04, task 101  7 [4175339]: mask 0x200000000200000 set
cpu-bind=MASK - ault02, task 48 16 [1553641]: mask 0x100000000100 set
cpu-bind=MASK - ault04, task 103  9 [4175341]: mask 0x400000000400000 set
cpu-bind=MASK - ault02, task 49 17 [1553642]: mask 0x4000000004000000 set
cpu-bind=MASK - ault04, task 105 11 [4175343]: mask 0x800000000800000 set
cpu-bind=MASK - ault02, task 51 19 [1553644]: mask 0x8000000008000000 set
cpu-bind=MASK - ault04, task 106 12 [4175344]: mask 0x40000000040 set
cpu-bind=MASK - ault02, task 52 20 [1553645]: mask 0x400000000400 set
cpu-bind=MASK - ault04, task 108 14 [4175346]: mask 0x80000000080 set
cpu-bind=MASK - ault02, task 53 21 [1553646]: mask 0x10000000010000000 set
cpu-bind=MASK - ault04, task 112 18 [4175350]: mask 0x200000000200 set
cpu-bind=MASK - ault02, task 54 22 [1553647]: mask 0x800000000800 set
cpu-bind=MASK - ault04, task 114 20 [4175352]: mask 0x400000000400 set
cpu-bind=MASK - ault02, task 57 25 [1553650]: mask 0x40000000040000000 set
cpu-bind=MASK - ault04, task 115 21 [4175353]: mask 0x10000000010000000 set
cpu-bind=MASK - ault02, task 58 26 [1553651]: mask 0x2000000002000 set
cpu-bind=MASK - ault04, task 117 23 [4175355]: mask 0x20000000020000000 set
cpu-bind=MASK - ault02, task 59 27 [1553652]: mask 0x80000000080000000 set
cpu-bind=MASK - ault04, task 118 24 [4175356]: mask 0x1000000001000 set
cpu-bind=MASK - ault02, task 60 28 [1553653]: mask 0x4000000004000 set
cpu-bind=MASK - ault04, task 121 27 [4175359]: mask 0x80000000080000000 set
cpu-bind=MASK - ault02, task 62 30 [1553655]: mask 0x8000000008000 set
cpu-bind=MASK - ault04, task 122 28 [4175360]: mask 0x4000000004000 set
cpu-bind=MASK - ault01, task  8  8 [3799151]: mask 0x10000000010 set
cpu-bind=MASK - ault01, task  7  7 [3799150]: mask 0x200000000200000 set
cpu-bind=MASK - ault01, task 27 27 [3799170]: mask 0x80000000080000000 set
cpu-bind=MASK - ault01, task  1  1 [3799144]: mask 0x40000000040000 set
cpu-bind=MASK - ault01, task  5  5 [3799148]: mask 0x100000000100000 set
cpu-bind=MASK - ault01, task 14 14 [3799157]: mask 0x80000000080 set
cpu-bind=MASK - ault01, task 22 22 [3799165]: mask 0x800000000800 set
cpu-bind=MASK - ault01, task 30 30 [3799173]: mask 0x8000000008000 set
cpu-bind=MASK - ault01, task 31 31 [3799174]: mask 0x200000000200000000 set
cpu-bind=MASK - ault01, task  6  6 [3799149]: mask 0x8000000008 set
cpu-bind=MASK - ault01, task  9  9 [3799152]: mask 0x400000000400000 set
cpu-bind=MASK - ault01, task 10 10 [3799153]: mask 0x20000000020 set
cpu-bind=MASK - ault01, task 11 11 [3799154]: mask 0x800000000800000 set
cpu-bind=MASK - ault01, task 12 12 [3799155]: mask 0x40000000040 set
cpu-bind=MASK - ault01, task 13 13 [3799156]: mask 0x1000000001000000 set
cpu-bind=MASK - ault01, task 15 15 [3799158]: mask 0x2000000002000000 set
cpu-bind=MASK - ault01, task 16 16 [3799159]: mask 0x100000000100 set
cpu-bind=MASK - ault01, task 17 17 [3799160]: mask 0x4000000004000000 set
cpu-bind=MASK - ault01, task 18 18 [3799161]: mask 0x200000000200 set
cpu-bind=MASK - ault01, task 19 19 [3799162]: mask 0x8000000008000000 set
cpu-bind=MASK - ault01, task 20 20 [3799163]: mask 0x400000000400 set
cpu-bind=MASK - ault01, task 21 21 [3799164]: mask 0x10000000010000000 set
cpu-bind=MASK - ault01, task 24 24 [3799167]: mask 0x1000000001000 set
cpu-bind=MASK - ault01, task 25 25 [3799168]: mask 0x40000000040000000 set
cpu-bind=MASK - ault01, task 26 26 [3799169]: mask 0x2000000002000 set
cpu-bind=MASK - ault01, task 28 28 [3799171]: mask 0x4000000004000 set
cpu-bind=MASK - ault01, task 29 29 [3799172]: mask 0x100000000100000000 set
cpu-bind=MASK - ault01, task  0  0 [3799143]: mask 0x1000000001 set
cpu-bind=MASK - ault01, task  2  2 [3799145]: mask 0x2000000002 set
cpu-bind=MASK - ault01, task  4  4 [3799147]: mask 0x4000000004 set
cpu-bind=MASK - ault01, task 23 23 [3799166]: mask 0x20000000020000000 set
cpu-bind=MASK - ault01, task  3  3 [3799146]: mask 0x80000000080000 set
Running problem size 25^3 per domain until completion
Num processors: 125
Total number of elements: 1953125 

To run other sizes, use -s <integer>.
To run a fixed number of iterations, use -i <integer>.
To run a more or less balanced region set, use -b <integer>.
To change the relative costs of regions, use -c <integer>.
To print out progress, use -p
To write an output file for VisIt, use -v
See help (-h) for more options

Run completed:
   Problem size        =  25
   MPI tasks           =  125
   Iteration count     =  4448
   Final Origin Energy =  2.679390e+06
   Testing Plane 0 of Energy Array on rank 0:
        MaxAbsDiff   = 1.309672e-09
        TotalAbsDiff = 1.867465e-08
        MaxRelDiff   = 3.856731e-14

Elapsed time         = 310.0476644 (s)
Grind time (us/z/c)  =  4.4611175 (per dom)  ( 310.04766 overall)
FOM                  =  28019.885 (z/s)

