srun: Warning: can't honor --ntasks-per-node set to 32 which doesn't match the requested tasks 125 with the number of requested nodes 4. Ignoring --ntasks-per-node.
cpu-bind=MASK - ault03, task 79 16 [94186]: mask 0x100000000100 set
cpu-bind=MASK - ault03, task 83 20 [94190]: mask 0x400000000400 set
cpu-bind=MASK - ault03, task 84 21 [94191]: mask 0x10000000010000000 set
cpu-bind=MASK - ault03, task 74 11 [94181]: mask 0x800000000800000 set
cpu-bind=MASK - ault03, task 82 19 [94189]: mask 0x8000000008000000 set
cpu-bind=MASK - ault03, task 85 22 [94192]: mask 0x800000000800 set
cpu-bind=MASK - ault03, task 66  3 [94173]: mask 0x80000000080000 set
cpu-bind=MASK - ault03, task 75 12 [94182]: mask 0x40000000040 set
cpu-bind=MASK - ault03, task 88 25 [94195]: mask 0x40000000040000000 set
cpu-bind=MASK - ault03, task 63  0 [94170]: mask 0x1000000001 set
cpu-bind=MASK - ault03, task 68  5 [94175]: mask 0x100000000100000 set
cpu-bind=MASK - ault03, task 69  6 [94176]: mask 0x8000000008 set
cpu-bind=MASK - ault03, task 70  7 [94177]: mask 0x200000000200000 set
cpu-bind=MASK - ault03, task 73 10 [94180]: mask 0x20000000020 set
cpu-bind=MASK - ault03, task 76 13 [94183]: mask 0x1000000001000000 set
cpu-bind=MASK - ault03, task 77 14 [94184]: mask 0x80000000080 set
cpu-bind=MASK - ault03, task 80 17 [94187]: mask 0x4000000004000000 set
cpu-bind=MASK - ault03, task 89 26 [94196]: mask 0x2000000002000 set
cpu-bind=MASK - ault03, task 91 28 [94198]: mask 0x4000000004000 set
cpu-bind=MASK - ault03, task 92 29 [94199]: mask 0x100000000100000000 set
cpu-bind=MASK - ault03, task 93 30 [94200]: mask 0x8000000008000 set
cpu-bind=MASK - ault03, task 64  1 [94171]: mask 0x40000000040000 set
cpu-bind=MASK - ault03, task 65  2 [94172]: mask 0x2000000002 set
cpu-bind=MASK - ault03, task 67  4 [94174]: mask 0x4000000004 set
cpu-bind=MASK - ault03, task 71  8 [94178]: mask 0x10000000010 set
cpu-bind=MASK - ault03, task 72  9 [94179]: mask 0x400000000400000 set
cpu-bind=MASK - ault03, task 78 15 [94185]: mask 0x2000000002000000 set
cpu-bind=MASK - ault03, task 81 18 [94188]: mask 0x200000000200 set
cpu-bind=MASK - ault03, task 86 23 [94193]: mask 0x20000000020000000 set
cpu-bind=MASK - ault03, task 87 24 [94194]: mask 0x1000000001000 set
cpu-bind=MASK - ault03, task 90 27 [94197]: mask 0x80000000080000000 set
cpu-bind=MASK - ault02, task 52 20 [1528156]: mask 0x400000000400 set
cpu-bind=MASK - ault04, task 95  1 [4150051]: mask 0x40000000040000 set
cpu-bind=MASK - ault02, task 33  1 [1528137]: mask 0x40000000040000 set
cpu-bind=MASK - ault04, task 99  5 [4150055]: mask 0x100000000100000 set
cpu-bind=MASK - ault02, task 39  7 [1528143]: mask 0x200000000200000 set
cpu-bind=MASK - ault04, task 105 11 [4150061]: mask 0x800000000800000 set
cpu-bind=MASK - ault02, task 49 17 [1528153]: mask 0x4000000004000000 set
cpu-bind=MASK - ault04, task 109 15 [4150065]: mask 0x2000000002000000 set
cpu-bind=MASK - ault02, task 59 27 [1528163]: mask 0x80000000080000000 set
cpu-bind=MASK - ault04, task 96  2 [4150052]: mask 0x2000000002 set
cpu-bind=MASK - ault02, task 55 23 [1528159]: mask 0x20000000020000000 set
cpu-bind=MASK - ault04, task 97  3 [4150053]: mask 0x80000000080000 set
cpu-bind=MASK - ault02, task 62 30 [1528166]: mask 0x8000000008000 set
cpu-bind=MASK - ault04, task 98  4 [4150054]: mask 0x4000000004 set
cpu-bind=MASK - ault02, task 32  0 [1528136]: mask 0x1000000001 set
cpu-bind=MASK - ault04, task 100  6 [4150056]: mask 0x8000000008 set
cpu-bind=MASK - ault02, task 34  2 [1528138]: mask 0x2000000002 set
cpu-bind=MASK - ault04, task 102  8 [4150058]: mask 0x10000000010 set
cpu-bind=MASK - ault02, task 35  3 [1528139]: mask 0x80000000080000 set
cpu-bind=MASK - ault04, task 103  9 [4150059]: mask 0x400000000400000 set
cpu-bind=MASK - ault02, task 36  4 [1528140]: mask 0x4000000004 set
cpu-bind=MASK - ault04, task 104 10 [4150060]: mask 0x20000000020 set
cpu-bind=MASK - ault02, task 37  5 [1528141]: mask 0x100000000100000 set
cpu-bind=MASK - ault04, task 106 12 [4150062]: mask 0x40000000040 set
cpu-bind=MASK - ault02, task 38  6 [1528142]: mask 0x8000000008 set
cpu-bind=MASK - ault04, task 107 13 [4150063]: mask 0x1000000001000000 set
cpu-bind=MASK - ault02, task 40  8 [1528144]: mask 0x10000000010 set
cpu-bind=MASK - ault04, task 108 14 [4150064]: mask 0x80000000080 set
cpu-bind=MASK - ault02, task 41  9 [1528145]: mask 0x400000000400000 set
cpu-bind=MASK - ault04, task 110 16 [4150066]: mask 0x100000000100 set
cpu-bind=MASK - ault02, task 42 10 [1528146]: mask 0x20000000020 set
cpu-bind=MASK - ault04, task 111 17 [4150067]: mask 0x4000000004000000 set
cpu-bind=MASK - ault02, task 43 11 [1528147]: mask 0x800000000800000 set
cpu-bind=MASK - ault04, task 112 18 [4150068]: mask 0x200000000200 set
cpu-bind=MASK - ault02, task 44 12 [1528148]: mask 0x40000000040 set
cpu-bind=MASK - ault04, task 113 19 [4150069]: mask 0x8000000008000000 set
cpu-bind=MASK - ault02, task 45 13 [1528149]: mask 0x1000000001000000 set
cpu-bind=MASK - ault04, task 114 20 [4150070]: mask 0x400000000400 set
cpu-bind=MASK - ault02, task 46 14 [1528150]: mask 0x80000000080 set
cpu-bind=MASK - ault04, task 115 21 [4150071]: mask 0x10000000010000000 set
cpu-bind=MASK - ault02, task 47 15 [1528151]: mask 0x2000000002000000 set
cpu-bind=MASK - ault04, task 116 22 [4150072]: mask 0x800000000800 set
cpu-bind=MASK - ault02, task 48 16 [1528152]: mask 0x100000000100 set
cpu-bind=MASK - ault04, task 117 23 [4150073]: mask 0x20000000020000000 set
cpu-bind=MASK - ault02, task 50 18 [1528154]: mask 0x200000000200 set
cpu-bind=MASK - ault04, task 118 24 [4150074]: mask 0x1000000001000 set
cpu-bind=MASK - ault02, task 51 19 [1528155]: mask 0x8000000008000000 set
cpu-bind=MASK - ault04, task 119 25 [4150075]: mask 0x40000000040000000 set
cpu-bind=MASK - ault02, task 53 21 [1528157]: mask 0x10000000010000000 set
cpu-bind=MASK - ault04, task 120 26 [4150076]: mask 0x2000000002000 set
cpu-bind=MASK - ault02, task 54 22 [1528158]: mask 0x800000000800 set
cpu-bind=MASK - ault04, task 122 28 [4150078]: mask 0x4000000004000 set
cpu-bind=MASK - ault02, task 56 24 [1528160]: mask 0x1000000001000 set
cpu-bind=MASK - ault04, task 123 29 [4150079]: mask 0x100000000100000000 set
cpu-bind=MASK - ault02, task 57 25 [1528161]: mask 0x40000000040000000 set
cpu-bind=MASK - ault04, task 124 30 [4150080]: mask 0x8000000008000 set
cpu-bind=MASK - ault02, task 58 26 [1528162]: mask 0x2000000002000 set
cpu-bind=MASK - ault04, task 94  0 [4150050]: mask 0x1000000001 set
cpu-bind=MASK - ault02, task 60 28 [1528164]: mask 0x4000000004000 set
cpu-bind=MASK - ault04, task 101  7 [4150057]: mask 0x200000000200000 set
cpu-bind=MASK - ault02, task 61 29 [1528165]: mask 0x100000000100000000 set
cpu-bind=MASK - ault04, task 121 27 [4150077]: mask 0x80000000080000000 set
cpu-bind=MASK - ault01, task 18 18 [3769926]: mask 0x200000000200 set
cpu-bind=MASK - ault01, task 19 19 [3769927]: mask 0x8000000008000000 set
cpu-bind=MASK - ault01, task  3  3 [3769911]: mask 0x80000000080000 set
cpu-bind=MASK - ault01, task  1  1 [3769909]: mask 0x40000000040000 set
cpu-bind=MASK - ault01, task  0  0 [3769908]: mask 0x1000000001 set
cpu-bind=MASK - ault01, task  2  2 [3769910]: mask 0x2000000002 set
cpu-bind=MASK - ault01, task  4  4 [3769912]: mask 0x4000000004 set
cpu-bind=MASK - ault01, task  5  5 [3769913]: mask 0x100000000100000 set
cpu-bind=MASK - ault01, task  9  9 [3769917]: mask 0x400000000400000 set
cpu-bind=MASK - ault01, task 14 14 [3769922]: mask 0x80000000080 set
cpu-bind=MASK - ault01, task 22 22 [3769930]: mask 0x800000000800 set
cpu-bind=MASK - ault01, task 23 23 [3769931]: mask 0x20000000020000000 set
cpu-bind=MASK - ault01, task 24 24 [3769932]: mask 0x1000000001000 set
cpu-bind=MASK - ault01, task 25 25 [3769933]: mask 0x40000000040000000 set
cpu-bind=MASK - ault01, task 27 27 [3769935]: mask 0x80000000080000000 set
cpu-bind=MASK - ault01, task 28 28 [3769936]: mask 0x4000000004000 set
cpu-bind=MASK - ault01, task 29 29 [3769937]: mask 0x100000000100000000 set
cpu-bind=MASK - ault01, task 30 30 [3769938]: mask 0x8000000008000 set
cpu-bind=MASK - ault01, task 31 31 [3769939]: mask 0x200000000200000000 set
cpu-bind=MASK - ault01, task  6  6 [3769914]: mask 0x8000000008 set
cpu-bind=MASK - ault01, task  8  8 [3769916]: mask 0x10000000010 set
cpu-bind=MASK - ault01, task 10 10 [3769918]: mask 0x20000000020 set
cpu-bind=MASK - ault01, task 11 11 [3769919]: mask 0x800000000800000 set
cpu-bind=MASK - ault01, task 12 12 [3769920]: mask 0x40000000040 set
cpu-bind=MASK - ault01, task 13 13 [3769921]: mask 0x1000000001000000 set
cpu-bind=MASK - ault01, task 15 15 [3769923]: mask 0x2000000002000000 set
cpu-bind=MASK - ault01, task 16 16 [3769924]: mask 0x100000000100 set
cpu-bind=MASK - ault01, task 17 17 [3769925]: mask 0x4000000004000000 set
cpu-bind=MASK - ault01, task 20 20 [3769928]: mask 0x400000000400 set
cpu-bind=MASK - ault01, task 21 21 [3769929]: mask 0x10000000010000000 set
cpu-bind=MASK - ault01, task 26 26 [3769934]: mask 0x2000000002000 set
cpu-bind=MASK - ault01, task  7  7 [3769915]: mask 0x200000000200000 set
Running problem size 30^3 per domain until completion
Num processors: 125
Total number of elements: 3375000 

To run other sizes, use -s <integer>.
To run a fixed number of iterations, use -i <integer>.
To run a more or less balanced region set, use -b <integer>.
To change the relative costs of regions, use -c <integer>.
To print out progress, use -p
To write an output file for VisIt, use -v
See help (-h) for more options

Run completed:
   Problem size        =  30
   MPI tasks           =  125
   Iteration count     =  5382
   Final Origin Energy =  3.719551e+06
   Testing Plane 0 of Energy Array on rank 0:
        MaxAbsDiff   = 9.895302e-10
        TotalAbsDiff = 3.148148e-08
        MaxRelDiff   = 5.633345e-14

Elapsed time         = 621.3787593 (s)
Grind time (us/z/c)  =  4.2761108 (per dom)  ( 621.37876 overall)
FOM                  =  29232.171 (z/s)

