srun: Warning: can't honor --ntasks-per-node set to 32 which doesn't match the requested tasks 125 with the number of requested nodes 4. Ignoring --ntasks-per-node.
cpu-bind=MASK - ault03, task 84 21 [112989]: mask 0x10000000010000000 set
cpu-bind=MASK - ault03, task 82 19 [112987]: mask 0x8000000008000000 set
cpu-bind=MASK - ault03, task 76 13 [112981]: mask 0x1000000001000000 set
cpu-bind=MASK - ault03, task 68  5 [112973]: mask 0x100000000100000 set
cpu-bind=MASK - ault03, task 72  9 [112977]: mask 0x400000000400000 set
cpu-bind=MASK - ault03, task 79 16 [112984]: mask 0x100000000100 set
cpu-bind=MASK - ault03, task 92 29 [112997]: mask 0x100000000100000000 set
cpu-bind=MASK - ault03, task 66  3 [112971]: mask 0x80000000080000 set
cpu-bind=MASK - ault03, task 69  6 [112974]: mask 0x8000000008 set
cpu-bind=MASK - ault03, task 87 24 [112992]: mask 0x1000000001000 set
cpu-bind=MASK - ault03, task 65  2 [112970]: mask 0x2000000002 set
cpu-bind=MASK - ault03, task 67  4 [112972]: mask 0x4000000004 set
cpu-bind=MASK - ault03, task 88 25 [112993]: mask 0x40000000040000000 set
cpu-bind=MASK - ault03, task 77 14 [112982]: mask 0x80000000080 set
cpu-bind=MASK - ault03, task 64  1 [112969]: mask 0x40000000040000 set
cpu-bind=MASK - ault03, task 71  8 [112976]: mask 0x10000000010 set
cpu-bind=MASK - ault03, task 74 11 [112979]: mask 0x800000000800000 set
cpu-bind=MASK - ault03, task 80 17 [112985]: mask 0x4000000004000000 set
cpu-bind=MASK - ault03, task 81 18 [112986]: mask 0x200000000200 set
cpu-bind=MASK - ault03, task 83 20 [112988]: mask 0x400000000400 set
cpu-bind=MASK - ault03, task 85 22 [112990]: mask 0x800000000800 set
cpu-bind=MASK - ault03, task 89 26 [112994]: mask 0x2000000002000 set
cpu-bind=MASK - ault03, task 91 28 [112996]: mask 0x4000000004000 set
cpu-bind=MASK - ault03, task 93 30 [112998]: mask 0x8000000008000 set
cpu-bind=MASK - ault03, task 63  0 [112968]: mask 0x1000000001 set
cpu-bind=MASK - ault03, task 70  7 [112975]: mask 0x200000000200000 set
cpu-bind=MASK - ault03, task 73 10 [112978]: mask 0x20000000020 set
cpu-bind=MASK - ault03, task 75 12 [112980]: mask 0x40000000040 set
cpu-bind=MASK - ault03, task 78 15 [112983]: mask 0x2000000002000000 set
cpu-bind=MASK - ault03, task 90 27 [112995]: mask 0x80000000080000000 set
cpu-bind=MASK - ault03, task 86 23 [112991]: mask 0x20000000020000000 set
cpu-bind=MASK - ault02, task 38  6 [1546443]: mask 0x8000000008 set
cpu-bind=MASK - ault02, task 33  1 [1546438]: mask 0x40000000040000 set
cpu-bind=MASK - ault02, task 49 17 [1546454]: mask 0x4000000004000000 set
cpu-bind=MASK - ault02, task 51 19 [1546456]: mask 0x8000000008000000 set
cpu-bind=MASK - ault02, task 36  4 [1546441]: mask 0x4000000004 set
cpu-bind=MASK - ault02, task 43 11 [1546448]: mask 0x800000000800000 set
cpu-bind=MASK - ault02, task 54 22 [1546459]: mask 0x800000000800 set
cpu-bind=MASK - ault02, task 62 30 [1546467]: mask 0x8000000008000 set
cpu-bind=MASK - ault02, task 35  3 [1546440]: mask 0x80000000080000 set
cpu-bind=MASK - ault02, task 39  7 [1546444]: mask 0x200000000200000 set
cpu-bind=MASK - ault02, task 53 21 [1546458]: mask 0x10000000010000000 set
cpu-bind=MASK - ault02, task 60 28 [1546465]: mask 0x4000000004000 set
cpu-bind=MASK - ault02, task 32  0 [1546437]: mask 0x1000000001 set
cpu-bind=MASK - ault02, task 40  8 [1546445]: mask 0x10000000010 set
cpu-bind=MASK - ault02, task 41  9 [1546446]: mask 0x400000000400000 set
cpu-bind=MASK - ault02, task 44 12 [1546449]: mask 0x40000000040 set
cpu-bind=MASK - ault02, task 46 14 [1546451]: mask 0x80000000080 set
cpu-bind=MASK - ault02, task 48 16 [1546453]: mask 0x100000000100 set
cpu-bind=MASK - ault04, task 102  8 [4168268]: mask 0x10000000010 set
cpu-bind=MASK - ault04, task 95  1 [4168261]: mask 0x40000000040000 set
cpu-bind=MASK - ault02, task 52 20 [1546457]: mask 0x400000000400 set
cpu-bind=MASK - ault04, task 101  7 [4168267]: mask 0x200000000200000 set
cpu-bind=MASK - ault02, task 55 23 [1546460]: mask 0x20000000020000000 set
cpu-bind=MASK - ault04, task 123 29 [4168289]: mask 0x100000000100000000 set
cpu-bind=MASK - ault02, task 56 24 [1546461]: mask 0x1000000001000 set
cpu-bind=MASK - ault04, task 112 18 [4168278]: mask 0x200000000200 set
cpu-bind=MASK - ault02, task 57 25 [1546462]: mask 0x40000000040000000 set
cpu-bind=MASK - ault04, task 103  9 [4168269]: mask 0x400000000400000 set
cpu-bind=MASK - ault02, task 59 27 [1546464]: mask 0x80000000080000000 set
cpu-bind=MASK - ault04, task 106 12 [4168272]: mask 0x40000000040 set
cpu-bind=MASK - ault02, task 34  2 [1546439]: mask 0x2000000002 set
cpu-bind=MASK - ault04, task 109 15 [4168275]: mask 0x2000000002000000 set
cpu-bind=MASK - ault02, task 37  5 [1546442]: mask 0x100000000100000 set
cpu-bind=MASK - ault04, task 110 16 [4168276]: mask 0x100000000100 set
cpu-bind=MASK - ault02, task 45 13 [1546450]: mask 0x1000000001000000 set
cpu-bind=MASK - ault04, task 111 17 [4168277]: mask 0x4000000004000000 set
cpu-bind=MASK - ault02, task 47 15 [1546452]: mask 0x2000000002000000 set
cpu-bind=MASK - ault04, task 113 19 [4168279]: mask 0x8000000008000000 set
cpu-bind=MASK - ault02, task 50 18 [1546455]: mask 0x200000000200 set
cpu-bind=MASK - ault04, task 121 27 [4168287]: mask 0x80000000080000000 set
cpu-bind=MASK - ault02, task 58 26 [1546463]: mask 0x2000000002000 set
cpu-bind=MASK - ault04, task 122 28 [4168288]: mask 0x4000000004000 set
cpu-bind=MASK - ault02, task 61 29 [1546466]: mask 0x100000000100000000 set
cpu-bind=MASK - ault04, task 124 30 [4168290]: mask 0x8000000008000 set
cpu-bind=MASK - ault02, task 42 10 [1546447]: mask 0x20000000020 set
cpu-bind=MASK - ault04, task 94  0 [4168260]: mask 0x1000000001 set
cpu-bind=MASK - ault04, task 97  3 [4168263]: mask 0x80000000080000 set
cpu-bind=MASK - ault04, task 100  6 [4168266]: mask 0x8000000008 set
cpu-bind=MASK - ault04, task 105 11 [4168271]: mask 0x800000000800000 set
cpu-bind=MASK - ault04, task 108 14 [4168274]: mask 0x80000000080 set
cpu-bind=MASK - ault04, task 114 20 [4168280]: mask 0x400000000400 set
cpu-bind=MASK - ault04, task 116 22 [4168282]: mask 0x800000000800 set
cpu-bind=MASK - ault04, task 118 24 [4168284]: mask 0x1000000001000 set
cpu-bind=MASK - ault04, task 119 25 [4168285]: mask 0x40000000040000000 set
cpu-bind=MASK - ault04, task 120 26 [4168286]: mask 0x2000000002000 set
cpu-bind=MASK - ault04, task 96  2 [4168262]: mask 0x2000000002 set
cpu-bind=MASK - ault04, task 99  5 [4168265]: mask 0x100000000100000 set
cpu-bind=MASK - ault04, task 104 10 [4168270]: mask 0x20000000020 set
cpu-bind=MASK - ault04, task 107 13 [4168273]: mask 0x1000000001000000 set
cpu-bind=MASK - ault04, task 115 21 [4168281]: mask 0x10000000010000000 set
cpu-bind=MASK - ault04, task 117 23 [4168283]: mask 0x20000000020000000 set
cpu-bind=MASK - ault04, task 98  4 [4168264]: mask 0x4000000004 set
cpu-bind=MASK - ault01, task  3  3 [3791033]: mask 0x80000000080000 set
cpu-bind=MASK - ault01, task  5  5 [3791035]: mask 0x100000000100000 set
cpu-bind=MASK - ault01, task 23 23 [3791053]: mask 0x20000000020000000 set
cpu-bind=MASK - ault01, task  4  4 [3791034]: mask 0x4000000004 set
cpu-bind=MASK - ault01, task 11 11 [3791041]: mask 0x800000000800000 set
cpu-bind=MASK - ault01, task 26 26 [3791056]: mask 0x2000000002000 set
cpu-bind=MASK - ault01, task 28 28 [3791058]: mask 0x4000000004000 set
cpu-bind=MASK - ault01, task 30 30 [3791060]: mask 0x8000000008000 set
cpu-bind=MASK - ault01, task 31 31 [3791061]: mask 0x200000000200000000 set
cpu-bind=MASK - ault01, task  1  1 [3791031]: mask 0x40000000040000 set
cpu-bind=MASK - ault01, task  7  7 [3791037]: mask 0x200000000200000 set
cpu-bind=MASK - ault01, task 13 13 [3791043]: mask 0x1000000001000000 set
cpu-bind=MASK - ault01, task 15 15 [3791045]: mask 0x2000000002000000 set
cpu-bind=MASK - ault01, task 16 16 [3791046]: mask 0x100000000100 set
cpu-bind=MASK - ault01, task 17 17 [3791047]: mask 0x4000000004000000 set
cpu-bind=MASK - ault01, task 18 18 [3791048]: mask 0x200000000200 set
cpu-bind=MASK - ault01, task 19 19 [3791049]: mask 0x8000000008000000 set
cpu-bind=MASK - ault01, task 21 21 [3791051]: mask 0x10000000010000000 set
cpu-bind=MASK - ault01, task 22 22 [3791052]: mask 0x800000000800 set
cpu-bind=MASK - ault01, task 24 24 [3791054]: mask 0x1000000001000 set
cpu-bind=MASK - ault01, task 25 25 [3791055]: mask 0x40000000040000000 set
cpu-bind=MASK - ault01, task  0  0 [3791030]: mask 0x1000000001 set
cpu-bind=MASK - ault01, task  2  2 [3791032]: mask 0x2000000002 set
cpu-bind=MASK - ault01, task  6  6 [3791036]: mask 0x8000000008 set
cpu-bind=MASK - ault01, task  8  8 [3791038]: mask 0x10000000010 set
cpu-bind=MASK - ault01, task  9  9 [3791039]: mask 0x400000000400000 set
cpu-bind=MASK - ault01, task 10 10 [3791040]: mask 0x20000000020 set
cpu-bind=MASK - ault01, task 12 12 [3791042]: mask 0x40000000040 set
cpu-bind=MASK - ault01, task 20 20 [3791050]: mask 0x400000000400 set
cpu-bind=MASK - ault01, task 27 27 [3791057]: mask 0x80000000080000000 set
cpu-bind=MASK - ault01, task 29 29 [3791059]: mask 0x100000000100000000 set
cpu-bind=MASK - ault01, task 14 14 [3791044]: mask 0x80000000080 set
Running problem size 20^3 per domain until completion
Num processors: 125
Total number of elements: 1000000 

To run other sizes, use -s <integer>.
To run a fixed number of iterations, use -i <integer>.
To run a more or less balanced region set, use -b <integer>.
To change the relative costs of regions, use -c <integer>.
To print out progress, use -p
To write an output file for VisIt, use -v
See help (-h) for more options

Run completed:
   Problem size        =  20
   MPI tasks           =  125
   Iteration count     =  3517
   Final Origin Energy =  1.791828e+06
   Testing Plane 0 of Energy Array on rank 0:
        MaxAbsDiff   = 1.135049e-09
        TotalAbsDiff = 1.028366e-08
        MaxRelDiff   = 2.474559e-14

Elapsed time         = 130.9337377 (s)
Grind time (us/z/c)  =  4.6536017 (per dom)  ( 130.93374 overall)
FOM                  =  26860.915 (z/s)

