srun: Warning: can't honor --ntasks-per-node set to 32 which doesn't match the requested tasks 125 with the number of requested nodes 4. Ignoring --ntasks-per-node.
cpu-bind=MASK - ault03, task 69  6 [124086]: mask 0x8000000008 set
cpu-bind=MASK - ault03, task 66  3 [124083]: mask 0x80000000080000 set
cpu-bind=MASK - ault03, task 64  1 [124081]: mask 0x40000000040000 set
cpu-bind=MASK - ault03, task 74 11 [124091]: mask 0x800000000800000 set
cpu-bind=MASK - ault03, task 83 20 [124100]: mask 0x400000000400 set
cpu-bind=MASK - ault03, task 77 14 [124094]: mask 0x80000000080 set
cpu-bind=MASK - ault03, task 65  2 [124082]: mask 0x2000000002 set
cpu-bind=MASK - ault03, task 68  5 [124085]: mask 0x100000000100000 set
cpu-bind=MASK - ault03, task 75 12 [124092]: mask 0x40000000040 set
cpu-bind=MASK - ault03, task 88 25 [124105]: mask 0x40000000040000000 set
cpu-bind=MASK - ault03, task 63  0 [124080]: mask 0x1000000001 set
cpu-bind=MASK - ault03, task 67  4 [124084]: mask 0x4000000004 set
cpu-bind=MASK - ault03, task 70  7 [124087]: mask 0x200000000200000 set
cpu-bind=MASK - ault03, task 71  8 [124088]: mask 0x10000000010 set
cpu-bind=MASK - ault03, task 73 10 [124090]: mask 0x20000000020 set
cpu-bind=MASK - ault03, task 76 13 [124093]: mask 0x1000000001000000 set
cpu-bind=MASK - ault03, task 78 15 [124095]: mask 0x2000000002000000 set
cpu-bind=MASK - ault03, task 79 16 [124096]: mask 0x100000000100 set
cpu-bind=MASK - ault03, task 80 17 [124097]: mask 0x4000000004000000 set
cpu-bind=MASK - ault03, task 81 18 [124098]: mask 0x200000000200 set
cpu-bind=MASK - ault03, task 82 19 [124099]: mask 0x8000000008000000 set
cpu-bind=MASK - ault03, task 84 21 [124101]: mask 0x10000000010000000 set
cpu-bind=MASK - ault03, task 85 22 [124102]: mask 0x800000000800 set
cpu-bind=MASK - ault03, task 86 23 [124103]: mask 0x20000000020000000 set
cpu-bind=MASK - ault03, task 87 24 [124104]: mask 0x1000000001000 set
cpu-bind=MASK - ault03, task 89 26 [124106]: mask 0x2000000002000 set
cpu-bind=MASK - ault03, task 90 27 [124107]: mask 0x80000000080000000 set
cpu-bind=MASK - ault03, task 91 28 [124108]: mask 0x4000000004000 set
cpu-bind=MASK - ault03, task 92 29 [124109]: mask 0x100000000100000000 set
cpu-bind=MASK - ault03, task 93 30 [124110]: mask 0x8000000008000 set
cpu-bind=MASK - ault03, task 72  9 [124089]: mask 0x400000000400000 set
cpu-bind=MASK - ault02, task 33  1 [1557587]: mask 0x40000000040000 set
cpu-bind=MASK - ault02, task 51 19 [1557605]: mask 0x8000000008000000 set
cpu-bind=MASK - ault02, task 56 24 [1557610]: mask 0x1000000001000 set
cpu-bind=MASK - ault02, task 38  6 [1557592]: mask 0x8000000008 set
cpu-bind=MASK - ault02, task 40  8 [1557594]: mask 0x10000000010 set
cpu-bind=MASK - ault02, task 42 10 [1557596]: mask 0x20000000020 set
cpu-bind=MASK - ault02, task 43 11 [1557597]: mask 0x800000000800000 set
cpu-bind=MASK - ault02, task 34  2 [1557588]: mask 0x2000000002 set
cpu-bind=MASK - ault02, task 35  3 [1557589]: mask 0x80000000080000 set
cpu-bind=MASK - ault02, task 36  4 [1557590]: mask 0x4000000004 set
cpu-bind=MASK - ault02, task 37  5 [1557591]: mask 0x100000000100000 set
cpu-bind=MASK - ault02, task 41  9 [1557595]: mask 0x400000000400000 set
cpu-bind=MASK - ault02, task 44 12 [1557598]: mask 0x40000000040 set
cpu-bind=MASK - ault02, task 45 13 [1557599]: mask 0x1000000001000000 set
cpu-bind=MASK - ault02, task 47 15 [1557601]: mask 0x2000000002000000 set
cpu-bind=MASK - ault02, task 48 16 [1557602]: mask 0x100000000100 set
cpu-bind=MASK - ault02, task 49 17 [1557603]: mask 0x4000000004000000 set
cpu-bind=MASK - ault02, task 52 20 [1557606]: mask 0x400000000400 set
cpu-bind=MASK - ault02, task 53 21 [1557607]: mask 0x10000000010000000 set
cpu-bind=MASK - ault02, task 54 22 [1557608]: mask 0x800000000800 set
cpu-bind=MASK - ault02, task 55 23 [1557609]: mask 0x20000000020000000 set
cpu-bind=MASK - ault02, task 57 25 [1557611]: mask 0x40000000040000000 set
cpu-bind=MASK - ault02, task 58 26 [1557612]: mask 0x2000000002000 set
cpu-bind=MASK - ault02, task 59 27 [1557613]: mask 0x80000000080000000 set
cpu-bind=MASK - ault02, task 60 28 [1557614]: mask 0x4000000004000 set
cpu-bind=MASK - ault02, task 61 29 [1557615]: mask 0x100000000100000000 set
cpu-bind=MASK - ault02, task 62 30 [1557616]: mask 0x8000000008000 set
cpu-bind=MASK - ault02, task 32  0 [1557586]: mask 0x1000000001 set
cpu-bind=MASK - ault02, task 46 14 [1557600]: mask 0x80000000080 set
cpu-bind=MASK - ault02, task 50 18 [1557604]: mask 0x200000000200 set
cpu-bind=MASK - ault02, task 39  7 [1557593]: mask 0x200000000200000 set
cpu-bind=MASK - ault04, task 95  1 [4179206]: mask 0x40000000040000 set
cpu-bind=MASK - ault04, task 101  7 [4179212]: mask 0x200000000200000 set
cpu-bind=MASK - ault04, task 119 25 [4179230]: mask 0x40000000040000000 set
cpu-bind=MASK - ault04, task 99  5 [4179210]: mask 0x100000000100000 set
cpu-bind=MASK - ault04, task 116 22 [4179227]: mask 0x800000000800 set
cpu-bind=MASK - ault04, task 102  8 [4179213]: mask 0x10000000010 set
cpu-bind=MASK - ault04, task 114 20 [4179225]: mask 0x400000000400 set
cpu-bind=MASK - ault04, task 117 23 [4179228]: mask 0x20000000020000000 set
cpu-bind=MASK - ault04, task 124 30 [4179235]: mask 0x8000000008000 set
cpu-bind=MASK - ault04, task 103  9 [4179214]: mask 0x400000000400000 set
cpu-bind=MASK - ault04, task 123 29 [4179234]: mask 0x100000000100000000 set
cpu-bind=MASK - ault04, task 98  4 [4179209]: mask 0x4000000004 set
cpu-bind=MASK - ault04, task 108 14 [4179219]: mask 0x80000000080 set
cpu-bind=MASK - ault04, task 110 16 [4179221]: mask 0x100000000100 set
cpu-bind=MASK - ault04, task 94  0 [4179205]: mask 0x1000000001 set
cpu-bind=MASK - ault04, task 96  2 [4179207]: mask 0x2000000002 set
cpu-bind=MASK - ault04, task 100  6 [4179211]: mask 0x8000000008 set
cpu-bind=MASK - ault04, task 106 12 [4179217]: mask 0x40000000040 set
cpu-bind=MASK - ault04, task 107 13 [4179218]: mask 0x1000000001000000 set
cpu-bind=MASK - ault04, task 111 17 [4179222]: mask 0x4000000004000000 set
cpu-bind=MASK - ault04, task 112 18 [4179223]: mask 0x200000000200 set
cpu-bind=MASK - ault04, task 122 28 [4179233]: mask 0x4000000004000 set
cpu-bind=MASK - ault04, task 104 10 [4179215]: mask 0x20000000020 set
cpu-bind=MASK - ault04, task 105 11 [4179216]: mask 0x800000000800000 set
cpu-bind=MASK - ault04, task 109 15 [4179220]: mask 0x2000000002000000 set
cpu-bind=MASK - ault04, task 113 19 [4179224]: mask 0x8000000008000000 set
cpu-bind=MASK - ault04, task 115 21 [4179226]: mask 0x10000000010000000 set
cpu-bind=MASK - ault04, task 118 24 [4179229]: mask 0x1000000001000 set
cpu-bind=MASK - ault04, task 120 26 [4179231]: mask 0x2000000002000 set
cpu-bind=MASK - ault04, task 121 27 [4179232]: mask 0x80000000080000000 set
cpu-bind=MASK - ault04, task 97  3 [4179208]: mask 0x80000000080000 set
cpu-bind=MASK - ault01, task  1  1 [3803466]: mask 0x40000000040000 set
cpu-bind=MASK - ault01, task 19 19 [3803484]: mask 0x8000000008000000 set
cpu-bind=MASK - ault01, task  0  0 [3803465]: mask 0x1000000001 set
cpu-bind=MASK - ault01, task  4  4 [3803469]: mask 0x4000000004 set
cpu-bind=MASK - ault01, task  2  2 [3803467]: mask 0x2000000002 set
cpu-bind=MASK - ault01, task  3  3 [3803468]: mask 0x80000000080000 set
cpu-bind=MASK - ault01, task  5  5 [3803470]: mask 0x100000000100000 set
cpu-bind=MASK - ault01, task  6  6 [3803471]: mask 0x8000000008 set
cpu-bind=MASK - ault01, task  7  7 [3803472]: mask 0x200000000200000 set
cpu-bind=MASK - ault01, task 21 21 [3803486]: mask 0x10000000010000000 set
cpu-bind=MASK - ault01, task 24 24 [3803489]: mask 0x1000000001000 set
cpu-bind=MASK - ault01, task 28 28 [3803493]: mask 0x4000000004000 set
cpu-bind=MASK - ault01, task 15 15 [3803480]: mask 0x2000000002000000 set
cpu-bind=MASK - ault01, task 18 18 [3803483]: mask 0x200000000200 set
cpu-bind=MASK - ault01, task 26 26 [3803491]: mask 0x2000000002000 set
cpu-bind=MASK - ault01, task 29 29 [3803494]: mask 0x100000000100000000 set
cpu-bind=MASK - ault01, task  8  8 [3803473]: mask 0x10000000010 set
cpu-bind=MASK - ault01, task  9  9 [3803474]: mask 0x400000000400000 set
cpu-bind=MASK - ault01, task 11 11 [3803476]: mask 0x800000000800000 set
cpu-bind=MASK - ault01, task 12 12 [3803477]: mask 0x40000000040 set
cpu-bind=MASK - ault01, task 13 13 [3803478]: mask 0x1000000001000000 set
cpu-bind=MASK - ault01, task 14 14 [3803479]: mask 0x80000000080 set
cpu-bind=MASK - ault01, task 16 16 [3803481]: mask 0x100000000100 set
cpu-bind=MASK - ault01, task 17 17 [3803482]: mask 0x4000000004000000 set
cpu-bind=MASK - ault01, task 23 23 [3803488]: mask 0x20000000020000000 set
cpu-bind=MASK - ault01, task 25 25 [3803490]: mask 0x40000000040000000 set
cpu-bind=MASK - ault01, task 30 30 [3803495]: mask 0x8000000008000 set
cpu-bind=MASK - ault01, task 10 10 [3803475]: mask 0x20000000020 set
cpu-bind=MASK - ault01, task 20 20 [3803485]: mask 0x400000000400 set
cpu-bind=MASK - ault01, task 22 22 [3803487]: mask 0x800000000800 set
cpu-bind=MASK - ault01, task 27 27 [3803492]: mask 0x80000000080000000 set
cpu-bind=MASK - ault01, task 31 31 [3803496]: mask 0x200000000200000000 set
Running problem size 30^3 per domain until completion
Num processors: 125
Total number of elements: 3375000 

To run other sizes, use -s <integer>.
To run a fixed number of iterations, use -i <integer>.
To run a more or less balanced region set, use -b <integer>.
To change the relative costs of regions, use -c <integer>.
To print out progress, use -p
To write an output file for VisIt, use -v
See help (-h) for more options

Run completed:
   Problem size        =  30
   MPI tasks           =  125
   Iteration count     =  5382
   Final Origin Energy =  3.719551e+06
   Testing Plane 0 of Energy Array on rank 0:
        MaxAbsDiff   = 9.895302e-10
        TotalAbsDiff = 3.148148e-08
        MaxRelDiff   = 5.633345e-14

Elapsed time         = 621.1469229 (s)
Grind time (us/z/c)  =  4.2745153 (per dom)  ( 621.14692 overall)
FOM                  =  29243.081 (z/s)

