srun: Warning: can't honor --ntasks-per-node set to 32 which doesn't match the requested tasks 125 with the number of requested nodes 4. Ignoring --ntasks-per-node.
cpu-bind=MASK - ault03, task 90 27 [133796]: mask 0x80000000080000000 set
cpu-bind=MASK - ault03, task 68  5 [133774]: mask 0x100000000100000 set
cpu-bind=MASK - ault03, task 76 13 [133782]: mask 0x1000000001000000 set
cpu-bind=MASK - ault03, task 84 21 [133790]: mask 0x10000000010000000 set
cpu-bind=MASK - ault03, task 74 11 [133780]: mask 0x800000000800000 set
cpu-bind=MASK - ault03, task 82 19 [133788]: mask 0x8000000008000000 set
cpu-bind=MASK - ault03, task 64  1 [133770]: mask 0x40000000040000 set
cpu-bind=MASK - ault03, task 70  7 [133776]: mask 0x200000000200000 set
cpu-bind=MASK - ault03, task 75 12 [133781]: mask 0x40000000040 set
cpu-bind=MASK - ault03, task 80 17 [133786]: mask 0x4000000004000000 set
cpu-bind=MASK - ault03, task 88 25 [133794]: mask 0x40000000040000000 set
cpu-bind=MASK - ault03, task 63  0 [133769]: mask 0x1000000001 set
cpu-bind=MASK - ault03, task 72  9 [133778]: mask 0x400000000400000 set
cpu-bind=MASK - ault03, task 85 22 [133791]: mask 0x800000000800 set
cpu-bind=MASK - ault03, task 65  2 [133771]: mask 0x2000000002 set
cpu-bind=MASK - ault03, task 69  6 [133775]: mask 0x8000000008 set
cpu-bind=MASK - ault03, task 71  8 [133777]: mask 0x10000000010 set
cpu-bind=MASK - ault03, task 77 14 [133783]: mask 0x80000000080 set
cpu-bind=MASK - ault03, task 79 16 [133785]: mask 0x100000000100 set
cpu-bind=MASK - ault03, task 81 18 [133787]: mask 0x200000000200 set
cpu-bind=MASK - ault03, task 89 26 [133795]: mask 0x2000000002000 set
cpu-bind=MASK - ault03, task 67  4 [133773]: mask 0x4000000004 set
cpu-bind=MASK - ault03, task 73 10 [133779]: mask 0x20000000020 set
cpu-bind=MASK - ault03, task 78 15 [133784]: mask 0x2000000002000000 set
cpu-bind=MASK - ault03, task 83 20 [133789]: mask 0x400000000400 set
cpu-bind=MASK - ault03, task 86 23 [133792]: mask 0x20000000020000000 set
cpu-bind=MASK - ault03, task 87 24 [133793]: mask 0x1000000001000 set
cpu-bind=MASK - ault03, task 91 28 [133797]: mask 0x4000000004000 set
cpu-bind=MASK - ault03, task 93 30 [133799]: mask 0x8000000008000 set
cpu-bind=MASK - ault03, task 66  3 [133772]: mask 0x80000000080000 set
cpu-bind=MASK - ault03, task 92 29 [133798]: mask 0x100000000100000000 set
cpu-bind=MASK - ault02, task 35  3 [1567338]: mask 0x80000000080000 set
cpu-bind=MASK - ault02, task 37  5 [1567340]: mask 0x100000000100000 set
cpu-bind=MASK - ault02, task 47 15 [1567350]: mask 0x2000000002000000 set
cpu-bind=MASK - ault02, task 34  2 [1567337]: mask 0x2000000002 set
cpu-bind=MASK - ault02, task 39  7 [1567342]: mask 0x200000000200000 set
cpu-bind=MASK - ault02, task 56 24 [1567359]: mask 0x1000000001000 set
cpu-bind=MASK - ault02, task 33  1 [1567336]: mask 0x40000000040000 set
cpu-bind=MASK - ault02, task 44 12 [1567347]: mask 0x40000000040 set
cpu-bind=MASK - ault02, task 49 17 [1567352]: mask 0x4000000004000000 set
cpu-bind=MASK - ault02, task 50 18 [1567353]: mask 0x200000000200 set
cpu-bind=MASK - ault02, task 54 22 [1567357]: mask 0x800000000800 set
cpu-bind=MASK - ault02, task 58 26 [1567361]: mask 0x2000000002000 set
cpu-bind=MASK - ault02, task 61 29 [1567364]: mask 0x100000000100000000 set
cpu-bind=MASK - ault02, task 62 30 [1567365]: mask 0x8000000008000 set
cpu-bind=MASK - ault02, task 32  0 [1567335]: mask 0x1000000001 set
cpu-bind=MASK - ault02, task 36  4 [1567339]: mask 0x4000000004 set
cpu-bind=MASK - ault02, task 38  6 [1567341]: mask 0x8000000008 set
cpu-bind=MASK - ault02, task 40  8 [1567343]: mask 0x10000000010 set
cpu-bind=MASK - ault02, task 42 10 [1567345]: mask 0x20000000020 set
cpu-bind=MASK - ault02, task 45 13 [1567348]: mask 0x1000000001000000 set
cpu-bind=MASK - ault02, task 46 14 [1567349]: mask 0x80000000080 set
cpu-bind=MASK - ault02, task 48 16 [1567351]: mask 0x100000000100 set
cpu-bind=MASK - ault02, task 51 19 [1567354]: mask 0x8000000008000000 set
cpu-bind=MASK - ault02, task 52 20 [1567355]: mask 0x400000000400 set
cpu-bind=MASK - ault02, task 55 23 [1567358]: mask 0x20000000020000000 set
cpu-bind=MASK - ault02, task 57 25 [1567360]: mask 0x40000000040000000 set
cpu-bind=MASK - ault02, task 59 27 [1567362]: mask 0x80000000080000000 set
cpu-bind=MASK - ault02, task 60 28 [1567363]: mask 0x4000000004000 set
cpu-bind=MASK - ault02, task 43 11 [1567346]: mask 0x800000000800000 set
cpu-bind=MASK - ault02, task 53 21 [1567356]: mask 0x10000000010000000 set
cpu-bind=MASK - ault02, task 41  9 [1567344]: mask 0x400000000400000 set
cpu-bind=MASK - ault04, task 97  3 [4188751]: mask 0x80000000080000 set
cpu-bind=MASK - ault04, task 101  7 [4188755]: mask 0x200000000200000 set
cpu-bind=MASK - ault04, task 109 15 [4188763]: mask 0x2000000002000000 set
cpu-bind=MASK - ault04, task 116 22 [4188770]: mask 0x800000000800 set
cpu-bind=MASK - ault04, task 95  1 [4188749]: mask 0x40000000040000 set
cpu-bind=MASK - ault04, task 99  5 [4188753]: mask 0x100000000100000 set
cpu-bind=MASK - ault04, task 102  8 [4188756]: mask 0x10000000010 set
cpu-bind=MASK - ault04, task 103  9 [4188757]: mask 0x400000000400000 set
cpu-bind=MASK - ault04, task 104 10 [4188758]: mask 0x20000000020 set
cpu-bind=MASK - ault04, task 108 14 [4188762]: mask 0x80000000080 set
cpu-bind=MASK - ault04, task 112 18 [4188766]: mask 0x200000000200 set
cpu-bind=MASK - ault04, task 115 21 [4188769]: mask 0x10000000010000000 set
cpu-bind=MASK - ault04, task 119 25 [4188773]: mask 0x40000000040000000 set
cpu-bind=MASK - ault04, task 121 27 [4188775]: mask 0x80000000080000000 set
cpu-bind=MASK - ault04, task 123 29 [4188777]: mask 0x100000000100000000 set
cpu-bind=MASK - ault04, task 124 30 [4188778]: mask 0x8000000008000 set
cpu-bind=MASK - ault04, task 94  0 [4188748]: mask 0x1000000001 set
cpu-bind=MASK - ault04, task 96  2 [4188750]: mask 0x2000000002 set
cpu-bind=MASK - ault04, task 98  4 [4188752]: mask 0x4000000004 set
cpu-bind=MASK - ault04, task 100  6 [4188754]: mask 0x8000000008 set
cpu-bind=MASK - ault04, task 105 11 [4188759]: mask 0x800000000800000 set
cpu-bind=MASK - ault04, task 106 12 [4188760]: mask 0x40000000040 set
cpu-bind=MASK - ault04, task 107 13 [4188761]: mask 0x1000000001000000 set
cpu-bind=MASK - ault04, task 110 16 [4188764]: mask 0x100000000100 set
cpu-bind=MASK - ault04, task 111 17 [4188765]: mask 0x4000000004000000 set
cpu-bind=MASK - ault04, task 113 19 [4188767]: mask 0x8000000008000000 set
cpu-bind=MASK - ault04, task 114 20 [4188768]: mask 0x400000000400 set
cpu-bind=MASK - ault04, task 117 23 [4188771]: mask 0x20000000020000000 set
cpu-bind=MASK - ault04, task 118 24 [4188772]: mask 0x1000000001000 set
cpu-bind=MASK - ault04, task 120 26 [4188774]: mask 0x2000000002000 set
cpu-bind=MASK - ault04, task 122 28 [4188776]: mask 0x4000000004000 set
cpu-bind=MASK - ault01, task  9  9 [3814491]: mask 0x400000000400000 set
cpu-bind=MASK - ault01, task 13 13 [3814495]: mask 0x1000000001000000 set
cpu-bind=MASK - ault01, task  1  1 [3814483]: mask 0x40000000040000 set
cpu-bind=MASK - ault01, task 11 11 [3814493]: mask 0x800000000800000 set
cpu-bind=MASK - ault01, task  4  4 [3814486]: mask 0x4000000004 set
cpu-bind=MASK - ault01, task  6  6 [3814488]: mask 0x8000000008 set
cpu-bind=MASK - ault01, task  8  8 [3814490]: mask 0x10000000010 set
cpu-bind=MASK - ault01, task 21 21 [3814503]: mask 0x10000000010000000 set
cpu-bind=MASK - ault01, task 29 29 [3814511]: mask 0x100000000100000000 set
cpu-bind=MASK - ault01, task 31 31 [3814513]: mask 0x200000000200000000 set
cpu-bind=MASK - ault01, task  0  0 [3814482]: mask 0x1000000001 set
cpu-bind=MASK - ault01, task  2  2 [3814484]: mask 0x2000000002 set
cpu-bind=MASK - ault01, task  3  3 [3814485]: mask 0x80000000080000 set
cpu-bind=MASK - ault01, task  5  5 [3814487]: mask 0x100000000100000 set
cpu-bind=MASK - ault01, task  7  7 [3814489]: mask 0x200000000200000 set
cpu-bind=MASK - ault01, task 10 10 [3814492]: mask 0x20000000020 set
cpu-bind=MASK - ault01, task 12 12 [3814494]: mask 0x40000000040 set
cpu-bind=MASK - ault01, task 14 14 [3814496]: mask 0x80000000080 set
cpu-bind=MASK - ault01, task 15 15 [3814497]: mask 0x2000000002000000 set
cpu-bind=MASK - ault01, task 16 16 [3814498]: mask 0x100000000100 set
cpu-bind=MASK - ault01, task 17 17 [3814499]: mask 0x4000000004000000 set
cpu-bind=MASK - ault01, task 18 18 [3814500]: mask 0x200000000200 set
cpu-bind=MASK - ault01, task 19 19 [3814501]: mask 0x8000000008000000 set
cpu-bind=MASK - ault01, task 20 20 [3814502]: mask 0x400000000400 set
cpu-bind=MASK - ault01, task 22 22 [3814504]: mask 0x800000000800 set
cpu-bind=MASK - ault01, task 23 23 [3814505]: mask 0x20000000020000000 set
cpu-bind=MASK - ault01, task 24 24 [3814506]: mask 0x1000000001000 set
cpu-bind=MASK - ault01, task 25 25 [3814507]: mask 0x40000000040000000 set
cpu-bind=MASK - ault01, task 26 26 [3814508]: mask 0x2000000002000 set
cpu-bind=MASK - ault01, task 27 27 [3814509]: mask 0x80000000080000000 set
cpu-bind=MASK - ault01, task 28 28 [3814510]: mask 0x4000000004000 set
cpu-bind=MASK - ault01, task 30 30 [3814512]: mask 0x8000000008000 set
Running problem size 30^3 per domain until completion
Num processors: 125
Total number of elements: 3375000 

To run other sizes, use -s <integer>.
To run a fixed number of iterations, use -i <integer>.
To run a more or less balanced region set, use -b <integer>.
To change the relative costs of regions, use -c <integer>.
To print out progress, use -p
To write an output file for VisIt, use -v
See help (-h) for more options

Run completed:
   Problem size        =  30
   MPI tasks           =  125
   Iteration count     =  5382
   Final Origin Energy =  3.719551e+06
   Testing Plane 0 of Energy Array on rank 0:
        MaxAbsDiff   = 9.895302e-10
        TotalAbsDiff = 3.148148e-08
        MaxRelDiff   = 5.633345e-14

Elapsed time         = 621.5051598 (s)
Grind time (us/z/c)  =  4.2769806 (per dom)  ( 621.50516 overall)
FOM                  =  29226.226 (z/s)

