cpu-bind=MASK - ault02, task  0  0 [1130793]: mask 0x2000000002 set
cpu-bind=MASK - ault02, task  8  8 [1130801]: mask 0x20000000020 set
cpu-bind=MASK - ault02, task 21 21 [1130814]: mask 0x1000000001000 set
cpu-bind=MASK - ault02, task  1  1 [1130794]: mask 0x40000000040000 set
cpu-bind=MASK - ault02, task  3  3 [1130796]: mask 0x80000000080000 set
cpu-bind=MASK - ault02, task  9  9 [1130802]: mask 0x400000000400000 set
cpu-bind=MASK - ault02, task  6  6 [1130799]: mask 0x10000000010 set
cpu-bind=MASK - ault02, task 10 10 [1130803]: mask 0x40000000040 set
cpu-bind=MASK - ault02, task  2  2 [1130795]: mask 0x4000000004 set
cpu-bind=MASK - ault02, task  4  4 [1130797]: mask 0x8000000008 set
cpu-bind=MASK - ault02, task  5  5 [1130798]: mask 0x100000000100000 set
cpu-bind=MASK - ault02, task  7  7 [1130800]: mask 0x200000000200000 set
cpu-bind=MASK - ault02, task 11 11 [1130804]: mask 0x800000000800000 set
cpu-bind=MASK - ault02, task 14 14 [1130807]: mask 0x100000000100 set
cpu-bind=MASK - ault02, task 18 18 [1130811]: mask 0x400000000400 set
cpu-bind=MASK - ault02, task 20 20 [1130813]: mask 0x800000000800 set
cpu-bind=MASK - ault02, task 22 22 [1130815]: mask 0x2000000002000 set
cpu-bind=MASK - ault02, task 23 23 [1130816]: mask 0x4000000004000 set
cpu-bind=MASK - ault02, task 24 24 [1130817]: mask 0x8000000008000 set
cpu-bind=MASK - ault02, task 25 25 [1130818]: mask 0x10000000010000 set
cpu-bind=MASK - ault02, task 26 26 [1130819]: mask 0x20000000020000 set
cpu-bind=MASK - ault02, task 13 13 [1130806]: mask 0x1000000001000000 set
cpu-bind=MASK - ault02, task 15 15 [1130808]: mask 0x2000000002000000 set
cpu-bind=MASK - ault02, task 16 16 [1130809]: mask 0x200000000200 set
cpu-bind=MASK - ault02, task 17 17 [1130810]: mask 0x4000000004000000 set
cpu-bind=MASK - ault02, task 19 19 [1130812]: mask 0x8000000008000000 set
cpu-bind=MASK - ault02, task 12 12 [1130805]: mask 0x80000000080 set
Running problem size 20^3 per domain until completion
Num processors: 27
Num threads: 1
Total number of elements: 216000 

To run other sizes, use -s <integer>.
To run a fixed number of iterations, use -i <integer>.
To run a more or less balanced region set, use -b <integer>.
To change the relative costs of regions, use -c <integer>.
To print out progress, use -p
To write an output file for VisIt, use -v
See help (-h) for more options

Run completed:
   Problem size        =  20
   MPI tasks           =  27
   Iteration count     =  2031
   Final Origin Energy =  7.130703e+05
   Testing Plane 0 of Energy Array on rank 0:
        MaxAbsDiff   = 2.910383e-10
        TotalAbsDiff = 2.750312e-09
        MaxRelDiff   = 1.979550e-14

Elapsed time         = 74.46466098 (s)
Grind time (us/z/c)  =  4.5830047 (per dom)  ( 74.464661 overall)
FOM                  =  5891.3315 (z/s)

