cpu-bind=MASK - ault02, task  1  1 [1138281]: mask 0x40000000040000 set
cpu-bind=MASK - ault02, task  3  3 [1138283]: mask 0x80000000080000 set
cpu-bind=MASK - ault02, task  7  7 [1138287]: mask 0x200000000200000 set
cpu-bind=MASK - ault02, task 17 17 [1138297]: mask 0x4000000004000000 set
cpu-bind=MASK - ault02, task 19 19 [1138299]: mask 0x8000000008000000 set
cpu-bind=MASK - ault02, task 25 25 [1138305]: mask 0x10000000010000 set
cpu-bind=MASK - ault02, task 26 26 [1138306]: mask 0x20000000020000 set
cpu-bind=MASK - ault02, task  0  0 [1138280]: mask 0x2000000002 set
cpu-bind=MASK - ault02, task  2  2 [1138282]: mask 0x4000000004 set
cpu-bind=MASK - ault02, task  4  4 [1138284]: mask 0x8000000008 set
cpu-bind=MASK - ault02, task  5  5 [1138285]: mask 0x100000000100000 set
cpu-bind=MASK - ault02, task  6  6 [1138286]: mask 0x10000000010 set
cpu-bind=MASK - ault02, task  8  8 [1138288]: mask 0x20000000020 set
cpu-bind=MASK - ault02, task  9  9 [1138289]: mask 0x400000000400000 set
cpu-bind=MASK - ault02, task 10 10 [1138290]: mask 0x40000000040 set
cpu-bind=MASK - ault02, task 11 11 [1138291]: mask 0x800000000800000 set
cpu-bind=MASK - ault02, task 12 12 [1138292]: mask 0x80000000080 set
cpu-bind=MASK - ault02, task 14 14 [1138294]: mask 0x100000000100 set
cpu-bind=MASK - ault02, task 15 15 [1138295]: mask 0x2000000002000000 set
cpu-bind=MASK - ault02, task 16 16 [1138296]: mask 0x200000000200 set
cpu-bind=MASK - ault02, task 18 18 [1138298]: mask 0x400000000400 set
cpu-bind=MASK - ault02, task 20 20 [1138300]: mask 0x800000000800 set
cpu-bind=MASK - ault02, task 21 21 [1138301]: mask 0x1000000001000 set
cpu-bind=MASK - ault02, task 22 22 [1138302]: mask 0x2000000002000 set
cpu-bind=MASK - ault02, task 23 23 [1138303]: mask 0x4000000004000 set
cpu-bind=MASK - ault02, task 24 24 [1138304]: mask 0x8000000008000 set
cpu-bind=MASK - ault02, task 13 13 [1138293]: mask 0x1000000001000000 set
Running problem size 25^3 per domain until completion
Num processors: 27
Num threads: 1
Total number of elements: 421875 

To run other sizes, use -s <integer>.
To run a fixed number of iterations, use -i <integer>.
To run a more or less balanced region set, use -b <integer>.
To change the relative costs of regions, use -c <integer>.
To print out progress, use -p
To write an output file for VisIt, use -v
See help (-h) for more options

Run completed:
   Problem size        =  25
   MPI tasks           =  27
   Iteration count     =  2588
   Final Origin Energy =  1.067042e+06
   Testing Plane 0 of Energy Array on rank 0:
        MaxAbsDiff   = 3.565219e-10
        TotalAbsDiff = 6.068149e-09
        MaxRelDiff   = 4.142565e-14

Elapsed time         = 187.052204 (s)
Grind time (us/z/c)  =  4.6257114 (per dom)  (  187.0522 overall)
FOM                  =    5836.94 (z/s)

