cpu-bind=MASK - ault02, task  6  6 [1125601]: mask 0x10000000010 set
cpu-bind=MASK - ault02, task  1  1 [1125596]: mask 0x40000000040000 set
cpu-bind=MASK - ault02, task  4  4 [1125599]: mask 0x8000000008 set
cpu-bind=MASK - ault02, task  5  5 [1125600]: mask 0x100000000100000 set
cpu-bind=MASK - ault02, task  7  7 [1125602]: mask 0x200000000200000 set
cpu-bind=MASK - ault02, task 17 17 [1125612]: mask 0x4000000004000000 set
cpu-bind=MASK - ault02, task 16 16 [1125611]: mask 0x200000000200 set
cpu-bind=MASK - ault02, task 23 23 [1125618]: mask 0x4000000004000 set
cpu-bind=MASK - ault02, task  0  0 [1125595]: mask 0x2000000002 set
cpu-bind=MASK - ault02, task  2  2 [1125597]: mask 0x4000000004 set
cpu-bind=MASK - ault02, task  8  8 [1125603]: mask 0x20000000020 set
cpu-bind=MASK - ault02, task  9  9 [1125604]: mask 0x400000000400000 set
cpu-bind=MASK - ault02, task 10 10 [1125605]: mask 0x40000000040 set
cpu-bind=MASK - ault02, task 11 11 [1125606]: mask 0x800000000800000 set
cpu-bind=MASK - ault02, task 12 12 [1125607]: mask 0x80000000080 set
cpu-bind=MASK - ault02, task 13 13 [1125608]: mask 0x1000000001000000 set
cpu-bind=MASK - ault02, task 25 25 [1125620]: mask 0x10000000010000 set
cpu-bind=MASK - ault02, task 26 26 [1125621]: mask 0x20000000020000 set
cpu-bind=MASK - ault02, task  3  3 [1125598]: mask 0x80000000080000 set
cpu-bind=MASK - ault02, task 14 14 [1125609]: mask 0x100000000100 set
cpu-bind=MASK - ault02, task 19 19 [1125614]: mask 0x8000000008000000 set
cpu-bind=MASK - ault02, task 20 20 [1125615]: mask 0x800000000800 set
cpu-bind=MASK - ault02, task 21 21 [1125616]: mask 0x1000000001000 set
cpu-bind=MASK - ault02, task 24 24 [1125619]: mask 0x8000000008000 set
cpu-bind=MASK - ault02, task 15 15 [1125610]: mask 0x2000000002000000 set
cpu-bind=MASK - ault02, task 18 18 [1125613]: mask 0x400000000400 set
cpu-bind=MASK - ault02, task 22 22 [1125617]: mask 0x2000000002000 set
Running problem size 18^3 per domain until completion
Num processors: 27
Num threads: 1
Total number of elements: 157464 

To run other sizes, use -s <integer>.
To run a fixed number of iterations, use -i <integer>.
To run a more or less balanced region set, use -b <integer>.
To change the relative costs of regions, use -c <integer>.
To print out progress, use -p
To write an output file for VisIt, use -v
See help (-h) for more options

Run completed:
   Problem size        =  18
   MPI tasks           =  27
   Iteration count     =  1809
   Final Origin Energy =  5.892090e+05
   Testing Plane 0 of Energy Array on rank 0:
        MaxAbsDiff   = 9.458745e-11
        TotalAbsDiff = 2.021466e-09
        MaxRelDiff   = 1.732521e-14

Elapsed time         = 48.2956818 (s)
Grind time (us/z/c)  =  4.5777516 (per dom)  ( 48.295682 overall)
FOM                  =   5898.092 (z/s)

