SU3 with improved KS action
Microcanonical simulation with refreshing
R algorithm
MIMD version 7.8.1
Machine = MPI (portable), with 32 nodes
Host(0) = ault03.cscs.ch
Username = mcopik
Options selected...
Generic single precision
C_GLOBAL_INLINE
DBLSTORE_FN
D_FN_GATHER13
FEWSUMS
KS_MULTIFF=FNMAT
VECLENGTH=4
type 0 for no prompts, 1 for prompts, or 2 for proofreading
nflavors1 2
nflavors2 1
nx 24
ny 16
nz 8
nt 36
iseed 5682304
LAYOUT = Hypercubes, options = hyper_prime,
automatic hyper_prime layout
ON EACH NODE 6 x 8 x 8 x 9
Mallocing 3.4 MBytes per node for lattice
WARNING!!: Resetting random seed
Made lattice
Made nn gathers
Made 3nn gathers
Finished setup


warms 0
trajecs 4
traj_between_meas 1
beta 5.6
mass1 0.125
mass2 0.125
u0 0.8441
microcanonical_time_step 0.2
steps_per_trajectory 5
max_cg_iterations 100
max_cg_restarts 5
error_per_site 0.125
error_for_propagator 0.125
npbp_reps 1
prec_pbp 1
fresh 
save_parallel lat_p64_size128_1
unit gauge configuration loaded
CHECK PLAQ: 3.000000e+00 3.000000e+00
CHECK NERSC LINKTR: 1.000000e+00 CKSUM: 0
Unitarity checked.  Max deviation 0.00e+00
Time to check unitarity = 7.979870e-04
"O(a^2): couplings(pi)=0, Naik term, No O(a^2) errors, tadpole weights"
path coefficients: npath  path_coeff  multiplicity
                    0      6.250000e-01     8
                    1      -5.847914e-02     8
                    2      -8.771871e-02     48
                    3      3.077829e-02     192
                    4      -7.199551e-03     384
                    5      -1.231132e-01     48
Symanzik 1x1 + 1x2 + 1x1x1 action
gauge_action: total_dyn_flavors = 3
loop coefficients: nloop rep loop_coeff  multiplicity
                    0 0      1.000000e+00     6
                    1 0      -7.762509e-02     12
                    2 0      -1.031171e-02     16
WARMUPS COMPLETED
CONGRAD5: time = 6.902933e-03 (fn F) masses = 1 iters = 4 mflops = 2.377118e+03
 OK converged final_rsq= 0.006 (cf 0.016) rel = 1 (cf 0) restarts = 1 iters= 4
CONGRAD5: time = 6.627083e-03 (fn F) masses = 1 iters = 4 mflops = 2.476065e+03
 OK converged final_rsq= 0.0059 (cf 0.016) rel = 1 (cf 0) restarts = 1 iters= 4
GFTIME:   time = 1.343169e-01 (Symanzik1) mflops = 3.936822e+03
FFTIME:  time = 4.988229e-01 (asqtad3) terms = 2 mflops = 3.006665e+03
CONGRAD5: time = 6.762028e-03 (fn F) masses = 1 iters = 4 mflops = 2.426652e+03
 OK converged final_rsq= 0.01 (cf 0.016) rel = 1 (cf 0) restarts = 1 iters= 4
CONGRAD5: time = 6.610870e-03 (fn F) masses = 1 iters = 4 mflops = 2.482137e+03
 OK converged final_rsq= 0.0098 (cf 0.016) rel = 1 (cf 0) restarts = 1 iters= 4
GFTIME:   time = 1.336000e-01 (Symanzik1) mflops = 3.957948e+03
FFTIME:  time = 5.011330e-01 (asqtad3) terms = 2 mflops = 2.992805e+03
CONGRAD5: time = 6.756783e-03 (fn F) masses = 1 iters = 4 mflops = 2.428536e+03
 OK converged final_rsq= 0.014 (cf 0.016) rel = 1 (cf 0) restarts = 1 iters= 4
CONGRAD5: time = 6.617069e-03 (fn F) masses = 1 iters = 4 mflops = 2.479812e+03
 OK converged final_rsq= 0.014 (cf 0.016) rel = 1 (cf 0) restarts = 1 iters= 4
GFTIME:   time = 1.341510e-01 (Symanzik1) mflops = 3.941692e+03
FFTIME:  time = 4.995329e-01 (asqtad3) terms = 2 mflops = 3.002391e+03
CONGRAD5: time = 6.830931e-03 (fn F) masses = 1 iters = 4 mflops = 2.402175e+03
 OK converged final_rsq= 0.013 (cf 0.016) rel = 1 (cf 0) restarts = 1 iters= 4
CONGRAD5: time = 6.668091e-03 (fn F) masses = 1 iters = 4 mflops = 2.460838e+03
 OK converged final_rsq= 0.013 (cf 0.016) rel = 1 (cf 0) restarts = 1 iters= 4
GFTIME:   time = 1.337440e-01 (Symanzik1) mflops = 3.953686e+03
FFTIME:  time = 5.007551e-01 (asqtad3) terms = 2 mflops = 2.995064e+03
CONGRAD5: time = 6.761074e-03 (fn F) masses = 1 iters = 4 mflops = 2.426994e+03
 OK converged final_rsq= 0.011 (cf 0.016) rel = 1 (cf 0) restarts = 1 iters= 4
CONGRAD5: time = 6.597996e-03 (fn F) masses = 1 iters = 4 mflops = 2.486981e+03
 OK converged final_rsq= 0.011 (cf 0.016) rel = 1 (cf 0) restarts = 1 iters= 4
GFTIME:   time = 1.341889e-01 (Symanzik1) mflops = 3.940578e+03
FFTIME:  time = 4.995680e-01 (asqtad3) terms = 2 mflops = 3.002181e+03
PLAQ:	2.349198	2.348190
P_LOOP:	2.786892e-03	-1.250431e-02
G_LOOP:  0  0  4   	2.348389e+00	( 0 1 7 6  )
G_LOOP:  0  1  4   	2.349309e+00	( 0 2 7 5  )
G_LOOP:  0  2  4   	2.348361e+00	( 0 3 7 4  )
G_LOOP:  0  3  4   	2.349895e+00	( 1 2 6 5  )
G_LOOP:  0  4  4   	2.348625e+00	( 1 3 6 4  )
G_LOOP:  0  5  4   	2.347583e+00	( 2 3 5 4  )
G_LOOP:  1  0  6   	1.773790e+00	( 0 0 1 7 7 6  )
G_LOOP:  1  1  6   	1.776646e+00	( 0 0 2 7 7 5  )
G_LOOP:  1  2  6   	1.774103e+00	( 0 0 3 7 7 4  )
G_LOOP:  1  3  6   	1.776491e+00	( 1 1 0 6 6 7  )
G_LOOP:  1  4  6   	1.777582e+00	( 1 1 2 6 6 5  )
G_LOOP:  1  5  6   	1.775662e+00	( 1 1 3 6 6 4  )
G_LOOP:  1  6  6   	1.775503e+00	( 2 2 0 5 5 7  )
G_LOOP:  1  7  6   	1.778237e+00	( 2 2 1 5 5 6  )
G_LOOP:  1  8  6   	1.771448e+00	( 2 2 3 5 5 4  )
G_LOOP:  1  9  6   	1.773505e+00	( 3 3 0 4 4 7  )
G_LOOP:  1  10  6   	1.774021e+00	( 3 3 1 4 4 6  )
G_LOOP:  1  11  6   	1.774669e+00	( 3 3 2 4 4 5  )
G_LOOP:  2  0  6   	1.825091e+00	( 0 1 2 7 6 5  )
G_LOOP:  2  1  6   	1.823287e+00	( 0 1 5 7 6 2  )
G_LOOP:  2  2  6   	1.821088e+00	( 0 6 2 7 1 5  )
G_LOOP:  2  3  6   	1.822105e+00	( 0 6 5 7 1 2  )
G_LOOP:  2  4  6   	1.824212e+00	( 0 1 3 7 6 4  )
G_LOOP:  2  5  6   	1.820812e+00	( 0 1 4 7 6 3  )
G_LOOP:  2  6  6   	1.819790e+00	( 0 6 3 7 1 4  )
G_LOOP:  2  7  6   	1.820252e+00	( 0 6 4 7 1 3  )
G_LOOP:  2  8  6   	1.823634e+00	( 0 2 3 7 5 4  )
G_LOOP:  2  9  6   	1.819915e+00	( 0 2 4 7 5 3  )
G_LOOP:  2  10  6   	1.821587e+00	( 0 5 3 7 2 4  )
G_LOOP:  2  11  6   	1.821800e+00	( 0 5 4 7 2 3  )
G_LOOP:  2  12  6   	1.820839e+00	( 1 2 3 6 5 4  )
G_LOOP:  2  13  6   	1.823189e+00	( 1 2 4 6 5 3  )
G_LOOP:  2  14  6   	1.819091e+00	( 1 5 3 6 2 4  )
G_LOOP:  2  15  6   	1.822278e+00	( 1 5 4 6 2 3  )
GACTION: 2.572492e+00
CONGRAD5: time = 6.575823e-03 (fn F) masses = 1 iters = 4 mflops = 2.495366e+03
 OK converged final_rsq= 0.01 (cf 0.016) rel = 1 (cf 0) restarts = 1 iters= 4
CONGRAD5: time = 8.625984e-03 (fn F) masses = 1 iters = 6 mflops = 2.853429e+03
 OK converged final_rsq= 0.0087 (cf 0.016) rel = 1 (cf 0) restarts = 1 iters= 6
PBP: mass 1.250000e-01     6.806275e-02  1.030895e-01  8.483080e-04  9.597723e-04 ( 1 of 1 )
FACTION: mass = 1.250000e-01,  1.463830e+00 ( 1 of 1 )
CONGRAD5: time = 6.650925e-03 (fn F) masses = 1 iters = 4 mflops = 2.467189e+03
 OK converged final_rsq= 0.01 (cf 0.016) rel = 1 (cf 0) restarts = 1 iters= 4
CONGRAD5: time = 8.622885e-03 (fn F) masses = 1 iters = 6 mflops = 2.854454e+03
 OK converged final_rsq= 0.0085 (cf 0.016) rel = 1 (cf 0) restarts = 1 iters= 6
PBP: mass 1.250000e-01     6.882193e-02  1.016555e-01  -1.014163e-03  -6.058347e-04 ( 1 of 1 )
FACTION: mass = 1.250000e-01,  1.471104e+00 ( 1 of 1 )
CONGRAD5: time = 6.762028e-03 (fn F) masses = 1 iters = 4 mflops = 2.426652e+03
 OK converged final_rsq= 0.011 (cf 0.016) rel = 1 (cf 0) restarts = 1 iters= 4
CONGRAD5: time = 6.603956e-03 (fn F) masses = 1 iters = 4 mflops = 2.484736e+03
 OK converged final_rsq= 0.011 (cf 0.016) rel = 1 (cf 0) restarts = 1 iters= 4
GFTIME:   time = 1.343050e-01 (Symanzik1) mflops = 3.937172e+03
FFTIME:  time = 4.982400e-01 (asqtad3) terms = 2 mflops = 3.010183e+03
CONGRAD5: time = 7.851124e-03 (fn F) masses = 1 iters = 5 mflops = 2.612538e+03
 OK converged final_rsq= 0.007 (cf 0.016) rel = 1 (cf 0) restarts = 1 iters= 5
CONGRAD5: time = 6.614923e-03 (fn F) masses = 1 iters = 4 mflops = 2.480616e+03
 OK converged final_rsq= 0.015 (cf 0.016) rel = 1 (cf 0) restarts = 1 iters= 4
GFTIME:   time = 1.337550e-01 (Symanzik1) mflops = 3.953362e+03
FFTIME:  time = 5.014038e-01 (asqtad3) terms = 2 mflops = 2.991189e+03
CONGRAD5: time = 7.807970e-03 (fn F) masses = 1 iters = 5 mflops = 2.626977e+03
 OK converged final_rsq= 0.0088 (cf 0.016) rel = 1 (cf 0) restarts = 1 iters= 5
CONGRAD5: time = 7.682085e-03 (fn F) masses = 1 iters = 5 mflops = 2.670025e+03
 OK converged final_rsq= 0.0085 (cf 0.016) rel = 1 (cf 0) restarts = 1 iters= 5
GFTIME:   time = 1.341660e-01 (Symanzik1) mflops = 3.941251e+03
FFTIME:  time = 4.991729e-01 (asqtad3) terms = 2 mflops = 3.004557e+03
CONGRAD5: time = 7.759094e-03 (fn F) masses = 1 iters = 5 mflops = 2.643525e+03
 OK converged final_rsq= 0.0085 (cf 0.016) rel = 1 (cf 0) restarts = 1 iters= 5
CONGRAD5: time = 7.687092e-03 (fn F) masses = 1 iters = 5 mflops = 2.668286e+03
 OK converged final_rsq= 0.0081 (cf 0.016) rel = 1 (cf 0) restarts = 1 iters= 5
GFTIME:   time = 1.347060e-01 (Symanzik1) mflops = 3.925451e+03
FFTIME:  time = 5.007770e-01 (asqtad3) terms = 2 mflops = 2.994933e+03
CONGRAD5: time = 6.898165e-03 (fn F) masses = 1 iters = 4 mflops = 2.378761e+03
 OK converged final_rsq= 0.016 (cf 0.016) rel = 1 (cf 0) restarts = 1 iters= 4
CONGRAD5: time = 6.699800e-03 (fn F) masses = 1 iters = 4 mflops = 2.449191e+03
 OK converged final_rsq= 0.015 (cf 0.016) rel = 1 (cf 0) restarts = 1 iters= 4
GFTIME:   time = 1.400709e-01 (Symanzik1) mflops = 3.775101e+03
FFTIME:  time = 5.048258e-01 (asqtad3) terms = 2 mflops = 2.970913e+03
PLAQ:	2.013451	2.012694
P_LOOP:	1.848458e-02	-2.834589e-03
G_LOOP:  0  0  4   	2.013605e+00	( 0 1 7 6  )
G_LOOP:  0  1  4   	2.012726e+00	( 0 2 7 5  )
G_LOOP:  0  2  4   	2.012660e+00	( 0 3 7 4  )
G_LOOP:  0  3  4   	2.014021e+00	( 1 2 6 5  )
G_LOOP:  0  4  4   	2.011083e+00	( 1 3 6 4  )
G_LOOP:  0  5  4   	2.014340e+00	( 2 3 5 4  )
G_LOOP:  1  0  6   	1.300613e+00	( 0 0 1 7 7 6  )
G_LOOP:  1  1  6   	1.300842e+00	( 0 0 2 7 7 5  )
G_LOOP:  1  2  6   	1.298253e+00	( 0 0 3 7 7 4  )
G_LOOP:  1  3  6   	1.302963e+00	( 1 1 0 6 6 7  )
G_LOOP:  1  4  6   	1.302157e+00	( 1 1 2 6 6 5  )
G_LOOP:  1  5  6   	1.297503e+00	( 1 1 3 6 6 4  )
G_LOOP:  1  6  6   	1.301427e+00	( 2 2 0 5 5 7  )
G_LOOP:  1  7  6   	1.304927e+00	( 2 2 1 5 5 6  )
G_LOOP:  1  8  6   	1.304792e+00	( 2 2 3 5 5 4  )
G_LOOP:  1  9  6   	1.298713e+00	( 3 3 0 4 4 7  )
G_LOOP:  1  10  6   	1.299108e+00	( 3 3 1 4 4 6  )
G_LOOP:  1  11  6   	1.299223e+00	( 3 3 2 4 4 5  )
G_LOOP:  2  0  6   	1.348445e+00	( 0 1 2 7 6 5  )
G_LOOP:  2  1  6   	1.343089e+00	( 0 1 5 7 6 2  )
G_LOOP:  2  2  6   	1.346329e+00	( 0 6 2 7 1 5  )
G_LOOP:  2  3  6   	1.345030e+00	( 0 6 5 7 1 2  )
G_LOOP:  2  4  6   	1.343380e+00	( 0 1 3 7 6 4  )
G_LOOP:  2  5  6   	1.344257e+00	( 0 1 4 7 6 3  )
G_LOOP:  2  6  6   	1.343157e+00	( 0 6 3 7 1 4  )
G_LOOP:  2  7  6   	1.342065e+00	( 0 6 4 7 1 3  )
G_LOOP:  2  8  6   	1.346172e+00	( 0 2 3 7 5 4  )
G_LOOP:  2  9  6   	1.342668e+00	( 0 2 4 7 5 3  )
G_LOOP:  2  10  6   	1.348706e+00	( 0 5 3 7 2 4  )
G_LOOP:  2  11  6   	1.343122e+00	( 0 5 4 7 2 3  )
G_LOOP:  2  12  6   	1.345732e+00	( 1 2 3 6 5 4  )
G_LOOP:  2  13  6   	1.341834e+00	( 1 2 4 6 5 3  )
G_LOOP:  2  14  6   	1.347041e+00	( 1 5 3 6 2 4  )
G_LOOP:  2  15  6   	1.345153e+00	( 1 5 4 6 2 3  )
GACTION: 4.065737e+00
CONGRAD5: time = 6.694078e-03 (fn F) masses = 1 iters = 4 mflops = 2.451284e+03
 OK converged final_rsq= 0.014 (cf 0.016) rel = 1 (cf 0) restarts = 1 iters= 4
CONGRAD5: time = 8.625984e-03 (fn F) masses = 1 iters = 6 mflops = 2.853429e+03
 OK converged final_rsq= 0.013 (cf 0.016) rel = 1 (cf 0) restarts = 1 iters= 6
PBP: mass 1.250000e-01     8.497467e-02  1.688522e-01  -5.301324e-04  -5.047567e-04 ( 1 of 1 )
FACTION: mass = 1.250000e-01,  1.446208e+00 ( 1 of 1 )
CONGRAD5: time = 6.603956e-03 (fn F) masses = 1 iters = 4 mflops = 2.484736e+03
 OK converged final_rsq= 0.014 (cf 0.016) rel = 1 (cf 0) restarts = 1 iters= 4
CONGRAD5: time = 8.620977e-03 (fn F) masses = 1 iters = 6 mflops = 2.855086e+03
 OK converged final_rsq= 0.013 (cf 0.016) rel = 1 (cf 0) restarts = 1 iters= 6
PBP: mass 1.250000e-01     8.481228e-02  1.712648e-01  2.146663e-03  2.408056e-03 ( 1 of 1 )
FACTION: mass = 1.250000e-01,  1.442460e+00 ( 1 of 1 )
CONGRAD5: time = 7.967949e-03 (fn F) masses = 1 iters = 5 mflops = 2.574233e+03
 OK converged final_rsq= 0.0075 (cf 0.016) rel = 1 (cf 0) restarts = 1 iters= 5
CONGRAD5: time = 6.793976e-03 (fn F) masses = 1 iters = 4 mflops = 2.415241e+03
 OK converged final_rsq= 0.016 (cf 0.016) rel = 1 (cf 0) restarts = 1 iters= 4
GFTIME:   time = 1.400452e-01 (Symanzik1) mflops = 3.775795e+03
FFTIME:  time = 5.067971e-01 (asqtad3) terms = 2 mflops = 2.959357e+03
CONGRAD5: time = 7.916927e-03 (fn F) masses = 1 iters = 5 mflops = 2.590823e+03
 OK converged final_rsq= 0.0092 (cf 0.016) rel = 1 (cf 0) restarts = 1 iters= 5
CONGRAD5: time = 7.780075e-03 (fn F) masses = 1 iters = 5 mflops = 2.636396e+03
 OK converged final_rsq= 0.0087 (cf 0.016) rel = 1 (cf 0) restarts = 1 iters= 5
GFTIME:   time = 1.408520e-01 (Symanzik1) mflops = 3.754167e+03
FFTIME:  time = 5.059049e-01 (asqtad3) terms = 2 mflops = 2.964576e+03
CONGRAD5: time = 7.900953e-03 (fn F) masses = 1 iters = 5 mflops = 2.596061e+03
 OK converged final_rsq= 0.011 (cf 0.016) rel = 1 (cf 0) restarts = 1 iters= 5
CONGRAD5: time = 7.916927e-03 (fn F) masses = 1 iters = 5 mflops = 2.590823e+03
 OK converged final_rsq= 0.01 (cf 0.016) rel = 1 (cf 0) restarts = 1 iters= 5
GFTIME:   time = 1.408420e-01 (Symanzik1) mflops = 3.754434e+03
FFTIME:  time = 5.063250e-01 (asqtad3) terms = 2 mflops = 2.962116e+03
CONGRAD5: time = 7.977962e-03 (fn F) masses = 1 iters = 5 mflops = 2.571002e+03
 OK converged final_rsq= 0.011 (cf 0.016) rel = 1 (cf 0) restarts = 1 iters= 5
CONGRAD5: time = 7.817030e-03 (fn F) masses = 1 iters = 5 mflops = 2.623933e+03
 OK converged final_rsq= 0.01 (cf 0.016) rel = 1 (cf 0) restarts = 1 iters= 5
GFTIME:   time = 1.402540e-01 (Symanzik1) mflops = 3.770172e+03
FFTIME:  time = 5.059850e-01 (asqtad3) terms = 2 mflops = 2.964106e+03
CONGRAD5: time = 1.211596e-02 (fn F) masses = 1 iters = 5 mflops = 1.692921e+03
 OK converged final_rsq= 0.0099 (cf 0.016) rel = 1 (cf 0) restarts = 1 iters= 5
CONGRAD5: time = 1.157594e-02 (fn F) masses = 1 iters = 5 mflops = 1.771896e+03
 OK converged final_rsq= 0.0095 (cf 0.016) rel = 1 (cf 0) restarts = 1 iters= 5
GFTIME:   time = 1.882198e-01 (Symanzik1) mflops = 2.809385e+03
FFTIME:  time = 5.055869e-01 (asqtad3) terms = 2 mflops = 2.966441e+03
PLAQ:	1.791483	1.792157
P_LOOP:	-5.625045e-03	-1.410870e-02
G_LOOP:  0  0  4   	1.791594e+00	( 0 1 7 6  )
G_LOOP:  0  1  4   	1.792323e+00	( 0 2 7 5  )
G_LOOP:  0  2  4   	1.792407e+00	( 0 3 7 4  )
G_LOOP:  0  3  4   	1.790532e+00	( 1 2 6 5  )
G_LOOP:  0  4  4   	1.793364e+00	( 1 3 6 4  )
G_LOOP:  0  5  4   	1.790701e+00	( 2 3 5 4  )
G_LOOP:  1  0  6   	1.025456e+00	( 0 0 1 7 7 6  )
G_LOOP:  1  1  6   	1.026012e+00	( 0 0 2 7 7 5  )
G_LOOP:  1  2  6   	1.024732e+00	( 0 0 3 7 7 4  )
G_LOOP:  1  3  6   	1.025410e+00	( 1 1 0 6 6 7  )
G_LOOP:  1  4  6   	1.024953e+00	( 1 1 2 6 6 5  )
G_LOOP:  1  5  6   	1.022938e+00	( 1 1 3 6 6 4  )
G_LOOP:  1  6  6   	1.024038e+00	( 2 2 0 5 5 7  )
G_LOOP:  1  7  6   	1.024894e+00	( 2 2 1 5 5 6  )
G_LOOP:  1  8  6   	1.022412e+00	( 2 2 3 5 5 4  )
G_LOOP:  1  9  6   	1.027185e+00	( 3 3 0 4 4 7  )
G_LOOP:  1  10  6   	1.025144e+00	( 3 3 1 4 4 6  )
G_LOOP:  1  11  6   	1.025040e+00	( 3 3 2 4 4 5  )
G_LOOP:  2  0  6   	1.061102e+00	( 0 1 2 7 6 5  )
G_LOOP:  2  1  6   	1.057245e+00	( 0 1 5 7 6 2  )
G_LOOP:  2  2  6   	1.056138e+00	( 0 6 2 7 1 5  )
G_LOOP:  2  3  6   	1.056679e+00	( 0 6 5 7 1 2  )
G_LOOP:  2  4  6   	1.053658e+00	( 0 1 3 7 6 4  )
G_LOOP:  2  5  6   	1.057752e+00	( 0 1 4 7 6 3  )
G_LOOP:  2  6  6   	1.058101e+00	( 0 6 3 7 1 4  )
G_LOOP:  2  7  6   	1.058884e+00	( 0 6 4 7 1 3  )
G_LOOP:  2  8  6   	1.056078e+00	( 0 2 3 7 5 4  )
G_LOOP:  2  9  6   	1.059393e+00	( 0 2 4 7 5 3  )
G_LOOP:  2  10  6   	1.057076e+00	( 0 5 3 7 2 4  )
G_LOOP:  2  11  6   	1.062819e+00	( 0 5 4 7 2 3  )
G_LOOP:  2  12  6   	1.057843e+00	( 1 2 3 6 5 4  )
G_LOOP:  2  13  6   	1.058616e+00	( 1 2 4 6 5 3  )
G_LOOP:  2  14  6   	1.053119e+00	( 1 5 3 6 2 4  )
G_LOOP:  2  15  6   	1.057944e+00	( 1 5 4 6 2 3  )
GACTION: 5.088764e+00
CONGRAD5: time = 7.669926e-03 (fn F) masses = 1 iters = 5 mflops = 2.674258e+03
 OK converged final_rsq= 0.0086 (cf 0.016) rel = 1 (cf 0) restarts = 1 iters= 5
CONGRAD5: time = 8.667946e-03 (fn F) masses = 1 iters = 6 mflops = 2.839615e+03
 OK converged final_rsq= 0.015 (cf 0.016) rel = 1 (cf 0) restarts = 1 iters= 6
PBP: mass 1.250000e-01     1.111279e-01  3.023810e-01  2.452463e-03  2.404104e-03 ( 1 of 1 )
FACTION: mass = 1.250000e-01,  1.456062e+00 ( 1 of 1 )
CONGRAD5: time = 7.734060e-03 (fn F) masses = 1 iters = 5 mflops = 2.652082e+03
 OK converged final_rsq= 0.0085 (cf 0.016) rel = 1 (cf 0) restarts = 1 iters= 5
CONGRAD5: time = 9.433031e-03 (fn F) masses = 1 iters = 6 mflops = 2.609303e+03
 OK converged final_rsq= 0.015 (cf 0.016) rel = 1 (cf 0) restarts = 1 iters= 6
PBP: mass 1.250000e-01     1.104930e-01  3.003512e-01  6.282960e-05  9.094552e-04 ( 1 of 1 )
FACTION: mass = 1.250000e-01,  1.455075e+00 ( 1 of 1 )
CONGRAD5: time = 7.910967e-03 (fn F) masses = 1 iters = 5 mflops = 2.592775e+03
 OK converged final_rsq= 0.01 (cf 0.016) rel = 1 (cf 0) restarts = 1 iters= 5
CONGRAD5: time = 7.825851e-03 (fn F) masses = 1 iters = 5 mflops = 2.620975e+03
 OK converged final_rsq= 0.0095 (cf 0.016) rel = 1 (cf 0) restarts = 1 iters= 5
GFTIME:   time = 1.405029e-01 (Symanzik1) mflops = 3.763493e+03
FFTIME:  time = 5.053451e-01 (asqtad3) terms = 2 mflops = 2.967860e+03
CONGRAD5: time = 8.038044e-03 (fn F) masses = 1 iters = 5 mflops = 2.551785e+03
 OK converged final_rsq= 0.011 (cf 0.016) rel = 1 (cf 0) restarts = 1 iters= 5
CONGRAD5: time = 7.800817e-03 (fn F) masses = 1 iters = 5 mflops = 2.629386e+03
 OK converged final_rsq= 0.011 (cf 0.016) rel = 1 (cf 0) restarts = 1 iters= 5
GFTIME:   time = 1.406989e-01 (Symanzik1) mflops = 3.758251e+03
FFTIME:  time = 5.065491e-01 (asqtad3) terms = 2 mflops = 2.960805e+03
CONGRAD5: time = 7.932901e-03 (fn F) masses = 1 iters = 5 mflops = 2.585606e+03
 OK converged final_rsq= 0.012 (cf 0.016) rel = 1 (cf 0) restarts = 1 iters= 5
CONGRAD5: time = 7.805109e-03 (fn F) masses = 1 iters = 5 mflops = 2.627940e+03
 OK converged final_rsq= 0.012 (cf 0.016) rel = 1 (cf 0) restarts = 1 iters= 5
GFTIME:   time = 1.408689e-01 (Symanzik1) mflops = 3.753716e+03
FFTIME:  time = 5.040491e-01 (asqtad3) terms = 2 mflops = 2.975491e+03
CONGRAD5: time = 7.924080e-03 (fn F) masses = 1 iters = 5 mflops = 2.588485e+03
 OK converged final_rsq= 0.012 (cf 0.016) rel = 1 (cf 0) restarts = 1 iters= 5
CONGRAD5: time = 7.823229e-03 (fn F) masses = 1 iters = 5 mflops = 2.621854e+03
 OK converged final_rsq= 0.012 (cf 0.016) rel = 1 (cf 0) restarts = 1 iters= 5
GFTIME:   time = 1.407878e-01 (Symanzik1) mflops = 3.755877e+03
FFTIME:  time = 5.066550e-01 (asqtad3) terms = 2 mflops = 2.960187e+03
CONGRAD5: time = 7.941008e-03 (fn F) masses = 1 iters = 5 mflops = 2.582967e+03
 OK converged final_rsq= 0.012 (cf 0.016) rel = 1 (cf 0) restarts = 1 iters= 5
CONGRAD5: time = 7.781029e-03 (fn F) masses = 1 iters = 5 mflops = 2.636073e+03
 OK converged final_rsq= 0.011 (cf 0.016) rel = 1 (cf 0) restarts = 1 iters= 5
GFTIME:   time = 1.407120e-01 (Symanzik1) mflops = 3.757901e+03
FFTIME:  time = 5.053198e-01 (asqtad3) terms = 2 mflops = 2.968008e+03
PLAQ:	1.645902	1.647369
P_LOOP:	-1.143113e-02	-2.267756e-03
G_LOOP:  0  0  4   	1.645709e+00	( 0 1 7 6  )
G_LOOP:  0  1  4   	1.644737e+00	( 0 2 7 5  )
G_LOOP:  0  2  4   	1.647218e+00	( 0 3 7 4  )
G_LOOP:  0  3  4   	1.647258e+00	( 1 2 6 5  )
G_LOOP:  0  4  4   	1.649003e+00	( 1 3 6 4  )
G_LOOP:  0  5  4   	1.645887e+00	( 2 3 5 4  )
G_LOOP:  1  0  6   	8.580218e-01	( 0 0 1 7 7 6  )
G_LOOP:  1  1  6   	8.541604e-01	( 0 0 2 7 7 5  )
G_LOOP:  1  2  6   	8.595779e-01	( 0 0 3 7 7 4  )
G_LOOP:  1  3  6   	8.582930e-01	( 1 1 0 6 6 7  )
G_LOOP:  1  4  6   	8.580090e-01	( 1 1 2 6 6 5  )
G_LOOP:  1  5  6   	8.579565e-01	( 1 1 3 6 6 4  )
G_LOOP:  1  6  6   	8.503308e-01	( 2 2 0 5 5 7  )
G_LOOP:  1  7  6   	8.559146e-01	( 2 2 1 5 5 6  )
G_LOOP:  1  8  6   	8.569176e-01	( 2 2 3 5 5 4  )
G_LOOP:  1  9  6   	8.593230e-01	( 3 3 0 4 4 7  )
G_LOOP:  1  10  6   	8.598535e-01	( 3 3 1 4 4 6  )
G_LOOP:  1  11  6   	8.616721e-01	( 3 3 2 4 4 5  )
G_LOOP:  2  0  6   	8.789153e-01	( 0 1 2 7 6 5  )
G_LOOP:  2  1  6   	8.791288e-01	( 0 1 5 7 6 2  )
G_LOOP:  2  2  6   	8.810073e-01	( 0 6 2 7 1 5  )
G_LOOP:  2  3  6   	8.768704e-01	( 0 6 5 7 1 2  )
G_LOOP:  2  4  6   	8.798489e-01	( 0 1 3 7 6 4  )
G_LOOP:  2  5  6   	8.801400e-01	( 0 1 4 7 6 3  )
G_LOOP:  2  6  6   	8.826417e-01	( 0 6 3 7 1 4  )
G_LOOP:  2  7  6   	8.788818e-01	( 0 6 4 7 1 3  )
G_LOOP:  2  8  6   	8.816597e-01	( 0 2 3 7 5 4  )
G_LOOP:  2  9  6   	8.763485e-01	( 0 2 4 7 5 3  )
G_LOOP:  2  10  6   	8.789559e-01	( 0 5 3 7 2 4  )
G_LOOP:  2  11  6   	8.814330e-01	( 0 5 4 7 2 3  )
G_LOOP:  2  12  6   	8.771350e-01	( 1 2 3 6 5 4  )
G_LOOP:  2  13  6   	8.797539e-01	( 1 2 4 6 5 3  )
G_LOOP:  2  14  6   	8.777674e-01	( 1 5 3 6 2 4  )
G_LOOP:  2  15  6   	8.827374e-01	( 1 5 4 6 2 3  )
GACTION: 5.774606e+00
CONGRAD5: time = 8.092880e-03 (fn F) masses = 1 iters = 5 mflops = 2.534494e+03
 OK converged final_rsq= 0.01 (cf 0.016) rel = 1 (cf 0) restarts = 1 iters= 5
CONGRAD5: time = 1.306105e-02 (fn F) masses = 1 iters = 7 mflops = 2.198591e+03
 OK converged final_rsq= 0.008 (cf 0.016) rel = 1 (cf 0) restarts = 1 iters= 7
PBP: mass 1.250000e-01     1.265012e-01  3.213337e-01  -2.075054e-03  -2.155931e-03 ( 1 of 1 )
FACTION: mass = 1.250000e-01,  1.436267e+00 ( 1 of 1 )
CONGRAD5: time = 1.025391e-02 (fn F) masses = 1 iters = 5 mflops = 2.000346e+03
 OK converged final_rsq= 0.01 (cf 0.016) rel = 1 (cf 0) restarts = 1 iters= 5
CONGRAD5: time = 1.310110e-02 (fn F) masses = 1 iters = 7 mflops = 2.191870e+03
 OK converged final_rsq= 0.0081 (cf 0.016) rel = 1 (cf 0) restarts = 1 iters= 7
PBP: mass 1.250000e-01     1.253157e-01  3.200521e-01  5.918009e-04  2.751183e-04 ( 1 of 1 )
FACTION: mass = 1.250000e-01,  1.432563e+00 ( 1 of 1 )
RUNNING COMPLETED
average cg iters for step= 1.100000e+01
Time = 1.968824e+01 seconds
total_iters = 550
Checksums 41e6b2b3 a5e7c44
Saved gauge configuration in parallel to binary file lat_p64_size128_1
Time stamp Thu May 19 02:33:49 2022
Wrote info file lat_p64_size128_1.info
Time to save = 4.162288e-02
CHECK PLAQ: 1.645902e+00 1.647369e+00
CHECK NERSC LINKTR: 1.706465e-01 CKSUM: 85c71d91


warms 0
trajecs 4
traj_between_meas 1
beta 5.6
mass1 0.01
mass2 0.01
u0 0.8441
microcanonical_time_step 0.02
steps_per_trajectory 15
max_cg_iterations 300
max_cg_restarts 5
error_per_site 1e-05
error_for_propagator 1e-05
npbp_reps 1
prec_pbp 1
reload_parallel lat_p64_size128_1
save_parallel lat_p64_size128_2
Restored binary gauge configuration in parallel from file lat_p64_size128_1
Time stamp Thu May 19 02:33:49 2022
Checksums 41e6b2b3 a5e7c44 OK
Time to reload gauge configuration = 2.524495e-02
CHECK PLAQ: 1.645902e+00 1.647369e+00
CHECK NERSC LINKTR: 1.706465e-01 CKSUM: 85c71d91
Unitarity checked.  Max deviation 2.98e-07
Time to check unitarity = 6.699562e-04
"O(a^2): couplings(pi)=0, Naik term, No O(a^2) errors, tadpole weights"
path coefficients: npath  path_coeff  multiplicity
                    0      6.250000e-01     8
                    1      -5.847914e-02     8
                    2      -8.771871e-02     48
                    3      3.077829e-02     192
                    4      -7.199551e-03     384
                    5      -1.231132e-01     48
Symanzik 1x1 + 1x2 + 1x1x1 action
gauge_action: total_dyn_flavors = 3
loop coefficients: nloop rep loop_coeff  multiplicity
                    0 0      1.000000e+00     6
                    1 0      -7.762509e-02     12
                    2 0      -1.031171e-02     16
WARMUPS COMPLETED
CONGRAD5: time = 6.150331e-01 (fn F) masses = 1 iters = 600 mflops = 4.002001e+03
 OK converged final_rsq= 9.6e-11 (cf 1e-10) rel = 1 (cf 0) restarts = 2 iters= 600
CONGRAD5: time = 6.181128e-01 (fn F) masses = 1 iters = 602 mflops = 3.995335e+03
 OK converged final_rsq= 7.3e-11 (cf 1e-10) rel = 1 (cf 0) restarts = 3 iters= 602
GFTIME:   time = 1.403370e-01 (Symanzik1) mflops = 3.767943e+03
FFTIME:  time = 5.058899e-01 (asqtad3) terms = 2 mflops = 2.964664e+03
CONGRAD5: time = 6.056888e-01 (fn F) masses = 1 iters = 591 mflops = 4.002786e+03
 OK converged final_rsq= 1e-10 (cf 1e-10) rel = 1 (cf 0) restarts = 2 iters= 591
CONGRAD5: time = 6.083701e-01 (fn F) masses = 1 iters = 593 mflops = 3.998631e+03
 OK converged final_rsq= 1e-10 (cf 1e-10) rel = 1 (cf 0) restarts = 2 iters= 593
GFTIME:   time = 1.392789e-01 (Symanzik1) mflops = 3.796568e+03
FFTIME:  time = 5.059478e-01 (asqtad3) terms = 2 mflops = 2.964324e+03
CONGRAD5: time = 6.131079e-01 (fn F) masses = 1 iters = 597 mflops = 3.994495e+03
 OK converged final_rsq= 4.9e-11 (cf 1e-10) rel = 1 (cf 0) restarts = 3 iters= 597
CONGRAD5: time = 5.790331e-01 (fn F) masses = 1 iters = 563 mflops = 3.988682e+03
 OK converged final_rsq= 4.9e-11 (cf 1e-10) rel = 1 (cf 0) restarts = 3 iters= 563
GFTIME:   time = 1.402550e-01 (Symanzik1) mflops = 3.770147e+03
FFTIME:  time = 5.062869e-01 (asqtad3) terms = 2 mflops = 2.962339e+03
CONGRAD5: time = 6.050649e-01 (fn F) masses = 1 iters = 590 mflops = 4.000134e+03
 OK converged final_rsq= 9.8e-11 (cf 1e-10) rel = 1 (cf 0) restarts = 2 iters= 590
CONGRAD5: time = 5.923488e-01 (fn F) masses = 1 iters = 578 mflops = 4.002900e+03
 OK converged final_rsq= 9.8e-11 (cf 1e-10) rel = 1 (cf 0) restarts = 2 iters= 578
GFTIME:   time = 1.396391e-01 (Symanzik1) mflops = 3.786774e+03
FFTIME:  time = 5.062430e-01 (asqtad3) terms = 2 mflops = 2.962596e+03
CONGRAD5: time = 6.146851e-01 (fn F) masses = 1 iters = 598 mflops = 3.990920e+03
 OK converged final_rsq= 9e-11 (cf 1e-10) rel = 1 (cf 0) restarts = 2 iters= 598
CONGRAD5: time = 5.772569e-01 (fn F) masses = 1 iters = 562 mflops = 3.993849e+03
 OK converged final_rsq= 9.9e-11 (cf 1e-10) rel = 1 (cf 0) restarts = 2 iters= 562
GFTIME:   time = 1.400111e-01 (Symanzik1) mflops = 3.776714e+03
FFTIME:  time = 5.061979e-01 (asqtad3) terms = 2 mflops = 2.962860e+03
CONGRAD5: time = 6.149180e-01 (fn F) masses = 1 iters = 600 mflops = 4.002750e+03
 OK converged final_rsq= 9.2e-11 (cf 1e-10) rel = 1 (cf 0) restarts = 2 iters= 600
CONGRAD5: time = 6.104028e-01 (fn F) masses = 1 iters = 594 mflops = 3.992035e+03
 OK converged final_rsq= 9.6e-11 (cf 1e-10) rel = 1 (cf 0) restarts = 2 iters= 594
GFTIME:   time = 1.401169e-01 (Symanzik1) mflops = 3.773861e+03
FFTIME:  time = 5.066619e-01 (asqtad3) terms = 2 mflops = 2.960146e+03
CONGRAD5: time = 6.060050e-01 (fn F) masses = 1 iters = 590 mflops = 3.993929e+03
 OK converged final_rsq= 9.8e-11 (cf 1e-10) rel = 1 (cf 0) restarts = 2 iters= 590
CONGRAD5: time = 6.066990e-01 (fn F) masses = 1 iters = 590 mflops = 3.989360e+03
 OK converged final_rsq= 9.7e-11 (cf 1e-10) rel = 1 (cf 0) restarts = 2 iters= 590
GFTIME:   time = 1.399541e-01 (Symanzik1) mflops = 3.778252e+03
FFTIME:  time = 5.066919e-01 (asqtad3) terms = 2 mflops = 2.959971e+03
CONGRAD5: time = 6.179020e-01 (fn F) masses = 1 iters = 602 mflops = 3.996698e+03
 OK converged final_rsq= 4.2e-11 (cf 1e-10) rel = 1 (cf 0) restarts = 3 iters= 602
CONGRAD5: time = 6.060309e-01 (fn F) masses = 1 iters = 590 mflops = 3.993757e+03
 OK converged final_rsq= 5e-11 (cf 1e-10) rel = 1 (cf 0) restarts = 3 iters= 590
GFTIME:   time = 1.398308e-01 (Symanzik1) mflops = 3.781583e+03
FFTIME:  time = 5.069411e-01 (asqtad3) terms = 2 mflops = 2.958516e+03
CONGRAD5: time = 6.199532e-01 (fn F) masses = 1 iters = 602 mflops = 3.983475e+03
 OK converged final_rsq= 4.8e-11 (cf 1e-10) rel = 1 (cf 0) restarts = 3 iters= 602
CONGRAD5: time = 6.051300e-01 (fn F) masses = 1 iters = 590 mflops = 3.999704e+03
 OK converged final_rsq= 9.8e-11 (cf 1e-10) rel = 1 (cf 0) restarts = 2 iters= 590
GFTIME:   time = 1.402750e-01 (Symanzik1) mflops = 3.769608e+03
FFTIME:  time = 5.068309e-01 (asqtad3) terms = 2 mflops = 2.959159e+03
CONGRAD5: time = 6.178610e-01 (fn F) masses = 1 iters = 602 mflops = 3.996963e+03
 OK converged final_rsq= 4.2e-11 (cf 1e-10) rel = 1 (cf 0) restarts = 3 iters= 602
CONGRAD5: time = 6.141908e-01 (fn F) masses = 1 iters = 600 mflops = 4.007489e+03
 OK converged final_rsq= 7.9e-11 (cf 1e-10) rel = 1 (cf 0) restarts = 2 iters= 600
GFTIME:   time = 1.398020e-01 (Symanzik1) mflops = 3.782363e+03
FFTIME:  time = 5.057142e-01 (asqtad3) terms = 2 mflops = 2.965694e+03
CONGRAD5: time = 6.165950e-01 (fn F) masses = 1 iters = 600 mflops = 3.991864e+03
 OK converged final_rsq= 8.4e-11 (cf 1e-10) rel = 1 (cf 0) restarts = 2 iters= 600
CONGRAD5: time = 6.139140e-01 (fn F) masses = 1 iters = 598 mflops = 3.995932e+03
 OK converged final_rsq= 9.2e-11 (cf 1e-10) rel = 1 (cf 0) restarts = 2 iters= 598
GFTIME:   time = 1.394970e-01 (Symanzik1) mflops = 3.790631e+03
FFTIME:  time = 5.092189e-01 (asqtad3) terms = 2 mflops = 2.945282e+03
CONGRAD5: time = 6.142831e-01 (fn F) masses = 1 iters = 598 mflops = 3.993531e+03
 OK converged final_rsq= 9.2e-11 (cf 1e-10) rel = 1 (cf 0) restarts = 2 iters= 598
CONGRAD5: time = 6.152592e-01 (fn F) masses = 1 iters = 600 mflops = 4.000531e+03
 OK converged final_rsq= 8.9e-11 (cf 1e-10) rel = 1 (cf 0) restarts = 2 iters= 600
GFTIME:   time = 1.399088e-01 (Symanzik1) mflops = 3.779475e+03
FFTIME:  time = 5.067620e-01 (asqtad3) terms = 2 mflops = 2.959562e+03
CONGRAD5: time = 6.179130e-01 (fn F) masses = 1 iters = 602 mflops = 3.996627e+03
 OK converged final_rsq= 5e-11 (cf 1e-10) rel = 1 (cf 0) restarts = 3 iters= 602
CONGRAD5: time = 6.092949e-01 (fn F) masses = 1 iters = 594 mflops = 3.999294e+03
 OK converged final_rsq= 4.9e-11 (cf 1e-10) rel = 1 (cf 0) restarts = 3 iters= 594
GFTIME:   time = 1.392250e-01 (Symanzik1) mflops = 3.798038e+03
FFTIME:  time = 5.071011e-01 (asqtad3) terms = 2 mflops = 2.957583e+03
CONGRAD5: time = 6.201570e-01 (fn F) masses = 1 iters = 602 mflops = 3.982165e+03
 OK converged final_rsq= 5.6e-11 (cf 1e-10) rel = 1 (cf 0) restarts = 3 iters= 602
CONGRAD5: time = 6.166830e-01 (fn F) masses = 1 iters = 600 mflops = 3.991294e+03
 OK converged final_rsq= 4.8e-11 (cf 1e-10) rel = 1 (cf 0) restarts = 3 iters= 600
GFTIME:   time = 1.399601e-01 (Symanzik1) mflops = 3.778091e+03
FFTIME:  time = 5.064719e-01 (asqtad3) terms = 2 mflops = 2.961257e+03
CONGRAD5: time = 6.148522e-01 (fn F) masses = 1 iters = 599 mflops = 3.996507e+03
 OK converged final_rsq= 1e-10 (cf 1e-10) rel = 1 (cf 0) restarts = 2 iters= 599
CONGRAD5: time = 6.146159e-01 (fn F) masses = 1 iters = 600 mflops = 4.004718e+03
 OK converged final_rsq= 9.6e-11 (cf 1e-10) rel = 1 (cf 0) restarts = 2 iters= 600
GFTIME:   time = 1.396191e-01 (Symanzik1) mflops = 3.787317e+03
FFTIME:  time = 5.058031e-01 (asqtad3) terms = 2 mflops = 2.965172e+03
PLAQ:	1.539870	1.540983
P_LOOP:	2.341213e-03	1.164436e-02
G_LOOP:  0  0  4   	1.542867e+00	( 0 1 7 6  )
G_LOOP:  0  1  4   	1.537272e+00	( 0 2 7 5  )
G_LOOP:  0  2  4   	1.541847e+00	( 0 3 7 4  )
G_LOOP:  0  3  4   	1.539470e+00	( 1 2 6 5  )
G_LOOP:  0  4  4   	1.541731e+00	( 1 3 6 4  )
G_LOOP:  0  5  4   	1.539371e+00	( 2 3 5 4  )
G_LOOP:  1  0  6   	7.833462e-01	( 0 0 1 7 7 6  )
G_LOOP:  1  1  6   	7.762624e-01	( 0 0 2 7 7 5  )
G_LOOP:  1  2  6   	7.838242e-01	( 0 0 3 7 7 4  )
G_LOOP:  1  3  6   	7.835679e-01	( 1 1 0 6 6 7  )
G_LOOP:  1  4  6   	7.791536e-01	( 1 1 2 6 6 5  )
G_LOOP:  1  5  6   	7.769763e-01	( 1 1 3 6 6 4  )
G_LOOP:  1  6  6   	7.748242e-01	( 2 2 0 5 5 7  )
G_LOOP:  1  7  6   	7.780153e-01	( 2 2 1 5 5 6  )
G_LOOP:  1  8  6   	7.802333e-01	( 2 2 3 5 5 4  )
G_LOOP:  1  9  6   	7.800279e-01	( 3 3 0 4 4 7  )
G_LOOP:  1  10  6   	7.797631e-01	( 3 3 1 4 4 6  )
G_LOOP:  1  11  6   	7.809500e-01	( 3 3 2 4 4 5  )
G_LOOP:  2  0  6   	7.992281e-01	( 0 1 2 7 6 5  )
G_LOOP:  2  1  6   	7.976546e-01	( 0 1 5 7 6 2  )
G_LOOP:  2  2  6   	8.026440e-01	( 0 6 2 7 1 5  )
G_LOOP:  2  3  6   	7.979111e-01	( 0 6 5 7 1 2  )
G_LOOP:  2  4  6   	8.020918e-01	( 0 1 3 7 6 4  )
G_LOOP:  2  5  6   	8.041203e-01	( 0 1 4 7 6 3  )
G_LOOP:  2  6  6   	8.028141e-01	( 0 6 3 7 1 4  )
G_LOOP:  2  7  6   	8.037676e-01	( 0 6 4 7 1 3  )
G_LOOP:  2  8  6   	7.983431e-01	( 0 2 3 7 5 4  )
G_LOOP:  2  9  6   	7.983456e-01	( 0 2 4 7 5 3  )
G_LOOP:  2  10  6   	7.998412e-01	( 0 5 3 7 2 4  )
G_LOOP:  2  11  6   	8.027047e-01	( 0 5 4 7 2 3  )
G_LOOP:  2  12  6   	7.993306e-01	( 1 2 3 6 5 4  )
G_LOOP:  2  13  6   	7.995266e-01	( 1 2 4 6 5 3  )
G_LOOP:  2  14  6   	7.962881e-01	( 1 5 3 6 2 4  )
G_LOOP:  2  15  6   	8.045871e-01	( 1 5 4 6 2 3  )
GACTION: 6.326396e+00
CONGRAD5: time = 6.142149e-01 (fn F) masses = 1 iters = 600 mflops = 4.007332e+03
 OK converged final_rsq= 8.3e-11 (cf 1e-10) rel = 1 (cf 0) restarts = 2 iters= 600
CONGRAD5: time = 1.003850e-01 (fn F) masses = 1 iters = 96 mflops = 3.923079e+03
 OK converged final_rsq= 9.8e-11 (cf 1e-10) rel = 1 (cf 0) restarts = 1 iters= 96
PBP: mass 1.000000e-02     3.354812e-02  4.058975e-02  -2.196691e-04  -2.219500e-04 ( 1 of 1 )
FACTION: mass = 1.000000e-02,  1.496073e+00 ( 1 of 1 )
CONGRAD5: time = 6.128240e-01 (fn F) masses = 1 iters = 599 mflops = 4.009734e+03
 OK converged final_rsq= 8.7e-11 (cf 1e-10) rel = 1 (cf 0) restarts = 2 iters= 599
CONGRAD5: time = 9.229493e-02 (fn F) masses = 1 iters = 88 mflops = 3.911373e+03
 OK converged final_rsq= 9.9e-11 (cf 1e-10) rel = 1 (cf 0) restarts = 1 iters= 88
PBP: mass 1.000000e-02     3.817999e-02  3.451439e-02  3.792468e-03  3.793978e-03 ( 1 of 1 )
FACTION: mass = 1.000000e-02,  1.499155e+00 ( 1 of 1 )
CONGRAD5: time = 6.144640e-01 (fn F) masses = 1 iters = 599 mflops = 3.999031e+03
 OK converged final_rsq= 9.5e-11 (cf 1e-10) rel = 1 (cf 0) restarts = 2 iters= 599
CONGRAD5: time = 6.166871e-01 (fn F) masses = 1 iters = 601 mflops = 3.997920e+03
 OK converged final_rsq= 4.8e-11 (cf 1e-10) rel = 1 (cf 0) restarts = 3 iters= 601
GFTIME:   time = 1.397629e-01 (Symanzik1) mflops = 3.783421e+03
FFTIME:  time = 5.043292e-01 (asqtad3) terms = 2 mflops = 2.973838e+03
CONGRAD5: time = 6.196330e-01 (fn F) masses = 1 iters = 602 mflops = 3.985533e+03
 OK converged final_rsq= 6.8e-11 (cf 1e-10) rel = 1 (cf 0) restarts = 3 iters= 602
CONGRAD5: time = 6.182880e-01 (fn F) masses = 1 iters = 602 mflops = 3.994203e+03
 OK converged final_rsq= 3.8e-11 (cf 1e-10) rel = 1 (cf 0) restarts = 3 iters= 602
GFTIME:   time = 1.413641e-01 (Symanzik1) mflops = 3.740567e+03
FFTIME:  time = 5.071740e-01 (asqtad3) terms = 2 mflops = 2.957157e+03
CONGRAD5: time = 6.129189e-01 (fn F) masses = 1 iters = 597 mflops = 3.995727e+03
 OK converged final_rsq= 9.7e-11 (cf 1e-10) rel = 1 (cf 0) restarts = 2 iters= 597
CONGRAD5: time = 6.146300e-01 (fn F) masses = 1 iters = 599 mflops = 3.997952e+03
 OK converged final_rsq= 9.4e-11 (cf 1e-10) rel = 1 (cf 0) restarts = 2 iters= 599
GFTIME:   time = 1.397629e-01 (Symanzik1) mflops = 3.783421e+03
FFTIME:  time = 5.069060e-01 (asqtad3) terms = 2 mflops = 2.958721e+03
CONGRAD5: time = 6.198361e-01 (fn F) masses = 1 iters = 602 mflops = 3.984227e+03
 OK converged final_rsq= 6.7e-11 (cf 1e-10) rel = 1 (cf 0) restarts = 3 iters= 602
CONGRAD5: time = 6.104372e-01 (fn F) masses = 1 iters = 594 mflops = 3.991811e+03
 OK converged final_rsq= 4.9e-11 (cf 1e-10) rel = 1 (cf 0) restarts = 3 iters= 594
GFTIME:   time = 1.392910e-01 (Symanzik1) mflops = 3.796237e+03
FFTIME:  time = 5.062740e-01 (asqtad3) terms = 2 mflops = 2.962415e+03
CONGRAD5: time = 6.195998e-01 (fn F) masses = 1 iters = 602 mflops = 3.985746e+03
 OK converged final_rsq= 4.3e-11 (cf 1e-10) rel = 1 (cf 0) restarts = 3 iters= 602
CONGRAD5: time = 6.191909e-01 (fn F) masses = 1 iters = 602 mflops = 3.988378e+03
 OK converged final_rsq= 4.2e-11 (cf 1e-10) rel = 1 (cf 0) restarts = 3 iters= 602
GFTIME:   time = 1.400681e-01 (Symanzik1) mflops = 3.775178e+03
FFTIME:  time = 5.058050e-01 (asqtad3) terms = 2 mflops = 2.965161e+03
CONGRAD5: time = 6.179280e-01 (fn F) masses = 1 iters = 602 mflops = 3.996530e+03
 OK converged final_rsq= 4.2e-11 (cf 1e-10) rel = 1 (cf 0) restarts = 3 iters= 602
CONGRAD5: time = 6.142459e-01 (fn F) masses = 1 iters = 599 mflops = 4.000452e+03
 OK converged final_rsq= 9.7e-11 (cf 1e-10) rel = 1 (cf 0) restarts = 2 iters= 599
GFTIME:   time = 1.391199e-01 (Symanzik1) mflops = 3.800908e+03
FFTIME:  time = 5.066550e-01 (asqtad3) terms = 2 mflops = 2.960187e+03
CONGRAD5: time = 6.127970e-01 (fn F) masses = 1 iters = 598 mflops = 4.003216e+03
 OK converged final_rsq= 9.1e-11 (cf 1e-10) rel = 1 (cf 0) restarts = 2 iters= 598
CONGRAD5: time = 6.164970e-01 (fn F) masses = 1 iters = 601 mflops = 3.999152e+03
 OK converged final_rsq= 4.8e-11 (cf 1e-10) rel = 1 (cf 0) restarts = 3 iters= 601
GFTIME:   time = 1.395738e-01 (Symanzik1) mflops = 3.788546e+03
FFTIME:  time = 5.070360e-01 (asqtad3) terms = 2 mflops = 2.957963e+03
CONGRAD5: time = 6.126618e-01 (fn F) masses = 1 iters = 597 mflops = 3.997403e+03
 OK converged final_rsq= 9.4e-11 (cf 1e-10) rel = 1 (cf 0) restarts = 2 iters= 597
CONGRAD5: time = 6.162899e-01 (fn F) masses = 1 iters = 600 mflops = 3.993840e+03
 OK converged final_rsq= 4.9e-11 (cf 1e-10) rel = 1 (cf 0) restarts = 3 iters= 600
GFTIME:   time = 1.396360e-01 (Symanzik1) mflops = 3.786858e+03
FFTIME:  time = 5.078249e-01 (asqtad3) terms = 2 mflops = 2.953367e+03
CONGRAD5: time = 6.183801e-01 (fn F) masses = 1 iters = 602 mflops = 3.993608e+03
 OK converged final_rsq= 6.7e-11 (cf 1e-10) rel = 1 (cf 0) restarts = 3 iters= 602
CONGRAD5: time = 6.052430e-01 (fn F) masses = 1 iters = 590 mflops = 3.998957e+03
 OK converged final_rsq= 9.8e-11 (cf 1e-10) rel = 1 (cf 0) restarts = 2 iters= 590
GFTIME:   time = 1.399429e-01 (Symanzik1) mflops = 3.778555e+03
FFTIME:  time = 5.069301e-01 (asqtad3) terms = 2 mflops = 2.958580e+03
CONGRAD5: time = 6.172731e-01 (fn F) masses = 1 iters = 602 mflops = 4.000770e+03
 OK converged final_rsq= 7.4e-11 (cf 1e-10) rel = 1 (cf 0) restarts = 3 iters= 602
CONGRAD5: time = 6.136980e-01 (fn F) masses = 1 iters = 600 mflops = 4.010708e+03
 OK converged final_rsq= 9.4e-11 (cf 1e-10) rel = 1 (cf 0) restarts = 2 iters= 600
GFTIME:   time = 1.393468e-01 (Symanzik1) mflops = 3.794717e+03
FFTIME:  time = 5.062821e-01 (asqtad3) terms = 2 mflops = 2.962367e+03
CONGRAD5: time = 6.156681e-01 (fn F) masses = 1 iters = 600 mflops = 3.997874e+03
 OK converged final_rsq= 8.7e-11 (cf 1e-10) rel = 1 (cf 0) restarts = 2 iters= 600
CONGRAD5: time = 6.167271e-01 (fn F) masses = 1 iters = 602 mflops = 4.004312e+03
 OK converged final_rsq= 4.7e-11 (cf 1e-10) rel = 1 (cf 0) restarts = 3 iters= 602
GFTIME:   time = 1.395352e-01 (Symanzik1) mflops = 3.789595e+03
FFTIME:  time = 5.077882e-01 (asqtad3) terms = 2 mflops = 2.953581e+03
CONGRAD5: time = 6.205020e-01 (fn F) masses = 1 iters = 602 mflops = 3.979951e+03
 OK converged final_rsq= 4.6e-11 (cf 1e-10) rel = 1 (cf 0) restarts = 3 iters= 602
CONGRAD5: time = 6.125920e-01 (fn F) masses = 1 iters = 598 mflops = 4.004556e+03
 OK converged final_rsq= 9.8e-11 (cf 1e-10) rel = 1 (cf 0) restarts = 2 iters= 598
GFTIME:   time = 1.406748e-01 (Symanzik1) mflops = 3.758894e+03
FFTIME:  time = 5.064859e-01 (asqtad3) terms = 2 mflops = 2.961175e+03
CONGRAD5: time = 6.169610e-01 (fn F) masses = 1 iters = 602 mflops = 4.002794e+03
 OK converged final_rsq= 7.9e-11 (cf 1e-10) rel = 1 (cf 0) restarts = 3 iters= 602
CONGRAD5: time = 6.151490e-01 (fn F) masses = 1 iters = 600 mflops = 4.001247e+03
 OK converged final_rsq= 9e-11 (cf 1e-10) rel = 1 (cf 0) restarts = 2 iters= 600
GFTIME:   time = 1.393909e-01 (Symanzik1) mflops = 3.793516e+03
FFTIME:  time = 5.075130e-01 (asqtad3) terms = 2 mflops = 2.955182e+03
CONGRAD5: time = 6.425471e-01 (fn F) masses = 1 iters = 602 mflops = 3.843403e+03
 OK converged final_rsq= 5.7e-11 (cf 1e-10) rel = 1 (cf 0) restarts = 3 iters= 602
CONGRAD5: time = 6.190360e-01 (fn F) masses = 1 iters = 602 mflops = 3.989377e+03
 OK converged final_rsq= 3.9e-11 (cf 1e-10) rel = 1 (cf 0) restarts = 3 iters= 602
GFTIME:   time = 1.395991e-01 (Symanzik1) mflops = 3.787860e+03
FFTIME:  time = 5.056150e-01 (asqtad3) terms = 2 mflops = 2.966276e+03
CONGRAD5: time = 6.185329e-01 (fn F) masses = 1 iters = 602 mflops = 3.992622e+03
 OK converged final_rsq= 6.6e-11 (cf 1e-10) rel = 1 (cf 0) restarts = 3 iters= 602
CONGRAD5: time = 6.163750e-01 (fn F) masses = 1 iters = 600 mflops = 3.993289e+03
 OK converged final_rsq= 8.2e-11 (cf 1e-10) rel = 1 (cf 0) restarts = 2 iters= 600
GFTIME:   time = 1.397080e-01 (Symanzik1) mflops = 3.784906e+03
FFTIME:  time = 5.076728e-01 (asqtad3) terms = 2 mflops = 2.954252e+03
PLAQ:	1.497886	1.500338
P_LOOP:	-1.391577e-02	-1.178132e-02
G_LOOP:  0  0  4   	1.500068e+00	( 0 1 7 6  )
G_LOOP:  0  1  4   	1.494129e+00	( 0 2 7 5  )
G_LOOP:  0  2  4   	1.501872e+00	( 0 3 7 4  )
G_LOOP:  0  3  4   	1.499460e+00	( 1 2 6 5  )
G_LOOP:  0  4  4   	1.499716e+00	( 1 3 6 4  )
G_LOOP:  0  5  4   	1.499427e+00	( 2 3 5 4  )
G_LOOP:  1  0  6   	7.443911e-01	( 0 0 1 7 7 6  )
G_LOOP:  1  1  6   	7.363440e-01	( 0 0 2 7 7 5  )
G_LOOP:  1  2  6   	7.451287e-01	( 0 0 3 7 7 4  )
G_LOOP:  1  3  6   	7.429316e-01	( 1 1 0 6 6 7  )
G_LOOP:  1  4  6   	7.374183e-01	( 1 1 2 6 6 5  )
G_LOOP:  1  5  6   	7.396254e-01	( 1 1 3 6 6 4  )
G_LOOP:  1  6  6   	7.350054e-01	( 2 2 0 5 5 7  )
G_LOOP:  1  7  6   	7.395602e-01	( 2 2 1 5 5 6  )
G_LOOP:  1  8  6   	7.422656e-01	( 2 2 3 5 5 4  )
G_LOOP:  1  9  6   	7.457821e-01	( 3 3 0 4 4 7  )
G_LOOP:  1  10  6   	7.440980e-01	( 3 3 1 4 4 6  )
G_LOOP:  1  11  6   	7.435065e-01	( 3 3 2 4 4 5  )
G_LOOP:  2  0  6   	7.580413e-01	( 0 1 2 7 6 5  )
G_LOOP:  2  1  6   	7.594399e-01	( 0 1 5 7 6 2  )
G_LOOP:  2  2  6   	7.602800e-01	( 0 6 2 7 1 5  )
G_LOOP:  2  3  6   	7.603390e-01	( 0 6 5 7 1 2  )
G_LOOP:  2  4  6   	7.621794e-01	( 0 1 3 7 6 4  )
G_LOOP:  2  5  6   	7.652648e-01	( 0 1 4 7 6 3  )
G_LOOP:  2  6  6   	7.622968e-01	( 0 6 3 7 1 4  )
G_LOOP:  2  7  6   	7.616749e-01	( 0 6 4 7 1 3  )
G_LOOP:  2  8  6   	7.563729e-01	( 0 2 3 7 5 4  )
G_LOOP:  2  9  6   	7.595969e-01	( 0 2 4 7 5 3  )
G_LOOP:  2  10  6   	7.609918e-01	( 0 5 3 7 2 4  )
G_LOOP:  2  11  6   	7.607973e-01	( 0 5 4 7 2 3  )
G_LOOP:  2  12  6   	7.604965e-01	( 1 2 3 6 5 4  )
G_LOOP:  2  13  6   	7.608241e-01	( 1 2 4 6 5 3  )
G_LOOP:  2  14  6   	7.583448e-01	( 1 5 3 6 2 4  )
G_LOOP:  2  15  6   	7.602719e-01	( 1 5 4 6 2 3  )
GACTION: 6.531885e+00
CONGRAD5: time = 6.163552e-01 (fn F) masses = 1 iters = 600 mflops = 3.993417e+03
 OK converged final_rsq= 8e-11 (cf 1e-10) rel = 1 (cf 0) restarts = 2 iters= 600
CONGRAD5: time = 9.224701e-02 (fn F) masses = 1 iters = 88 mflops = 3.913405e+03
 OK converged final_rsq= 1e-10 (cf 1e-10) rel = 1 (cf 0) restarts = 1 iters= 88
PBP: mass 1.000000e-02     3.617167e-02  4.242414e-02  8.969963e-03  8.972030e-03 ( 1 of 1 )
FACTION: mass = 1.000000e-02,  1.499519e+00 ( 1 of 1 )
CONGRAD5: time = 6.196380e-01 (fn F) masses = 1 iters = 602 mflops = 3.985501e+03
 OK converged final_rsq= 4.6e-11 (cf 1e-10) rel = 1 (cf 0) restarts = 3 iters= 602
CONGRAD5: time = 1.099410e-01 (fn F) masses = 1 iters = 104 mflops = 3.880593e+03
 OK converged final_rsq= 5e-11 (cf 1e-10) rel = 1 (cf 0) restarts = 2 iters= 104
PBP: mass 1.000000e-02     4.708103e-02  3.575377e-02  3.605491e-03  3.613895e-03 ( 1 of 1 )
FACTION: mass = 1.000000e-02,  1.498510e+00 ( 1 of 1 )
CONGRAD5: time = 6.171992e-01 (fn F) masses = 1 iters = 602 mflops = 4.001249e+03
 OK converged final_rsq= 6.5e-11 (cf 1e-10) rel = 1 (cf 0) restarts = 3 iters= 602
CONGRAD5: time = 6.198800e-01 (fn F) masses = 1 iters = 602 mflops = 3.983945e+03
 OK converged final_rsq= 6.2e-11 (cf 1e-10) rel = 1 (cf 0) restarts = 3 iters= 602
GFTIME:   time = 1.396861e-01 (Symanzik1) mflops = 3.785500e+03
FFTIME:  time = 5.073071e-01 (asqtad3) terms = 2 mflops = 2.956382e+03
CONGRAD5: time = 6.176491e-01 (fn F) masses = 1 iters = 602 mflops = 3.998335e+03
 OK converged final_rsq= 6e-11 (cf 1e-10) rel = 1 (cf 0) restarts = 3 iters= 602
CONGRAD5: time = 6.142430e-01 (fn F) masses = 1 iters = 600 mflops = 4.007149e+03
 OK converged final_rsq= 9.9e-11 (cf 1e-10) rel = 1 (cf 0) restarts = 2 iters= 600
GFTIME:   time = 1.397431e-01 (Symanzik1) mflops = 3.783957e+03
FFTIME:  time = 5.078440e-01 (asqtad3) terms = 2 mflops = 2.953256e+03
CONGRAD5: time = 6.175749e-01 (fn F) masses = 1 iters = 602 mflops = 3.998815e+03
 OK converged final_rsq= 5.5e-11 (cf 1e-10) rel = 1 (cf 0) restarts = 3 iters= 602
CONGRAD5: time = 6.133499e-01 (fn F) masses = 1 iters = 599 mflops = 4.006295e+03
 OK converged final_rsq= 9.2e-11 (cf 1e-10) rel = 1 (cf 0) restarts = 2 iters= 599
GFTIME:   time = 1.397789e-01 (Symanzik1) mflops = 3.782989e+03
FFTIME:  time = 5.076680e-01 (asqtad3) terms = 2 mflops = 2.954280e+03
CONGRAD5: time = 6.180019e-01 (fn F) masses = 1 iters = 602 mflops = 3.996052e+03
 OK converged final_rsq= 9.5e-11 (cf 1e-10) rel = 1 (cf 0) restarts = 3 iters= 602
CONGRAD5: time = 6.177690e-01 (fn F) masses = 1 iters = 602 mflops = 3.997559e+03
 OK converged final_rsq= 8.5e-11 (cf 1e-10) rel = 1 (cf 0) restarts = 3 iters= 602
GFTIME:   time = 1.398709e-01 (Symanzik1) mflops = 3.780500e+03
FFTIME:  time = 5.082219e-01 (asqtad3) terms = 2 mflops = 2.951060e+03
CONGRAD5: time = 6.184380e-01 (fn F) masses = 1 iters = 602 mflops = 3.993234e+03
 OK converged final_rsq= 5.4e-11 (cf 1e-10) rel = 1 (cf 0) restarts = 3 iters= 602
CONGRAD5: time = 6.185458e-01 (fn F) masses = 1 iters = 602 mflops = 3.992538e+03
 OK converged final_rsq= 6.4e-11 (cf 1e-10) rel = 1 (cf 0) restarts = 3 iters= 602
GFTIME:   time = 1.404860e-01 (Symanzik1) mflops = 3.763947e+03
FFTIME:  time = 5.053811e-01 (asqtad3) terms = 2 mflops = 2.967648e+03
CONGRAD5: time = 6.183479e-01 (fn F) masses = 1 iters = 602 mflops = 3.993816e+03
 OK converged final_rsq= 5.1e-11 (cf 1e-10) rel = 1 (cf 0) restarts = 3 iters= 602
CONGRAD5: time = 6.175580e-01 (fn F) masses = 1 iters = 602 mflops = 3.998924e+03
 OK converged final_rsq= 4.4e-11 (cf 1e-10) rel = 1 (cf 0) restarts = 3 iters= 602
GFTIME:   time = 1.388800e-01 (Symanzik1) mflops = 3.807472e+03
FFTIME:  time = 5.060880e-01 (asqtad3) terms = 2 mflops = 2.963503e+03
CONGRAD5: time = 6.208351e-01 (fn F) masses = 1 iters = 602 mflops = 3.977816e+03
 OK converged final_rsq= 7.2e-11 (cf 1e-10) rel = 1 (cf 0) restarts = 3 iters= 602
CONGRAD5: time = 6.177320e-01 (fn F) masses = 1 iters = 602 mflops = 3.997798e+03
 OK converged final_rsq= 3.9e-11 (cf 1e-10) rel = 1 (cf 0) restarts = 3 iters= 602
GFTIME:   time = 1.389031e-01 (Symanzik1) mflops = 3.806838e+03
FFTIME:  time = 5.045850e-01 (asqtad3) terms = 2 mflops = 2.972330e+03
CONGRAD5: time = 6.187820e-01 (fn F) masses = 1 iters = 602 mflops = 3.991014e+03
 OK converged final_rsq= 4.9e-11 (cf 1e-10) rel = 1 (cf 0) restarts = 3 iters= 602
CONGRAD5: time = 6.171861e-01 (fn F) masses = 1 iters = 602 mflops = 4.001334e+03
 OK converged final_rsq= 7e-11 (cf 1e-10) rel = 1 (cf 0) restarts = 3 iters= 602
GFTIME:   time = 1.389410e-01 (Symanzik1) mflops = 3.805800e+03
FFTIME:  time = 5.066030e-01 (asqtad3) terms = 2 mflops = 2.960491e+03
CONGRAD5: time = 6.197369e-01 (fn F) masses = 1 iters = 602 mflops = 3.984865e+03
 OK converged final_rsq= 9.4e-11 (cf 1e-10) rel = 1 (cf 0) restarts = 3 iters= 602
CONGRAD5: time = 6.182630e-01 (fn F) masses = 1 iters = 602 mflops = 3.994364e+03
 OK converged final_rsq= 7.1e-11 (cf 1e-10) rel = 1 (cf 0) restarts = 3 iters= 602
GFTIME:   time = 1.390789e-01 (Symanzik1) mflops = 3.802029e+03
FFTIME:  time = 5.065491e-01 (asqtad3) terms = 2 mflops = 2.960805e+03
CONGRAD5: time = 6.195600e-01 (fn F) masses = 1 iters = 602 mflops = 3.986003e+03
 OK converged final_rsq= 8.6e-11 (cf 1e-10) rel = 1 (cf 0) restarts = 3 iters= 602
CONGRAD5: time = 6.143880e-01 (fn F) masses = 1 iters = 600 mflops = 4.006203e+03
 OK converged final_rsq= 8.2e-11 (cf 1e-10) rel = 1 (cf 0) restarts = 2 iters= 600
GFTIME:   time = 1.397009e-01 (Symanzik1) mflops = 3.785100e+03
FFTIME:  time = 5.065110e-01 (asqtad3) terms = 2 mflops = 2.961028e+03
CONGRAD5: time = 6.171420e-01 (fn F) masses = 1 iters = 602 mflops = 4.001620e+03
 OK converged final_rsq= 7.3e-11 (cf 1e-10) rel = 1 (cf 0) restarts = 3 iters= 602
CONGRAD5: time = 6.141939e-01 (fn F) masses = 1 iters = 600 mflops = 4.007469e+03
 OK converged final_rsq= 9.7e-11 (cf 1e-10) rel = 1 (cf 0) restarts = 2 iters= 600
GFTIME:   time = 1.389880e-01 (Symanzik1) mflops = 3.804514e+03
FFTIME:  time = 5.061390e-01 (asqtad3) terms = 2 mflops = 2.963204e+03
CONGRAD5: time = 6.178100e-01 (fn F) masses = 1 iters = 602 mflops = 3.997293e+03
 OK converged final_rsq= 4.1e-11 (cf 1e-10) rel = 1 (cf 0) restarts = 3 iters= 602
CONGRAD5: time = 6.180098e-01 (fn F) masses = 1 iters = 602 mflops = 3.996001e+03
 OK converged final_rsq= 4.3e-11 (cf 1e-10) rel = 1 (cf 0) restarts = 3 iters= 602
GFTIME:   time = 1.397960e-01 (Symanzik1) mflops = 3.782524e+03
FFTIME:  time = 5.065930e-01 (asqtad3) terms = 2 mflops = 2.960549e+03
CONGRAD5: time = 6.871800e-01 (fn F) masses = 1 iters = 669 mflops = 3.993742e+03
 OK converged final_rsq= 9.9e-11 (cf 1e-10) rel = 1 (cf 0) restarts = 3 iters= 669
CONGRAD5: time = 6.190929e-01 (fn F) masses = 1 iters = 602 mflops = 3.989010e+03
 OK converged final_rsq= 6.7e-11 (cf 1e-10) rel = 1 (cf 0) restarts = 3 iters= 602
GFTIME:   time = 1.399338e-01 (Symanzik1) mflops = 3.778799e+03
FFTIME:  time = 5.063000e-01 (asqtad3) terms = 2 mflops = 2.962262e+03
CONGRAD5: time = 6.944201e-01 (fn F) masses = 1 iters = 676 mflops = 3.993456e+03
 OK converged final_rsq= 1e-10 (cf 1e-10) rel = 1 (cf 0) restarts = 3 iters= 676
CONGRAD5: time = 6.187880e-01 (fn F) masses = 1 iters = 602 mflops = 3.990975e+03
 OK converged final_rsq= 4.5e-11 (cf 1e-10) rel = 1 (cf 0) restarts = 3 iters= 602
GFTIME:   time = 1.397579e-01 (Symanzik1) mflops = 3.783557e+03
FFTIME:  time = 5.070510e-01 (asqtad3) terms = 2 mflops = 2.957875e+03
CONGRAD5: time = 6.954429e-01 (fn F) masses = 1 iters = 678 mflops = 3.999380e+03
 OK converged final_rsq= 9.8e-11 (cf 1e-10) rel = 1 (cf 0) restarts = 3 iters= 678
CONGRAD5: time = 6.140571e-01 (fn F) masses = 1 iters = 600 mflops = 4.008362e+03
 OK converged final_rsq= 9.1e-11 (cf 1e-10) rel = 1 (cf 0) restarts = 2 iters= 600
GFTIME:   time = 1.402628e-01 (Symanzik1) mflops = 3.769935e+03
FFTIME:  time = 5.068359e-01 (asqtad3) terms = 2 mflops = 2.959130e+03
PLAQ:	1.474744	1.476482
P_LOOP:	-2.052642e-02	-2.969863e-03
G_LOOP:  0  0  4   	1.475984e+00	( 0 1 7 6  )
G_LOOP:  0  1  4   	1.473090e+00	( 0 2 7 5  )
G_LOOP:  0  2  4   	1.479607e+00	( 0 3 7 4  )
G_LOOP:  0  3  4   	1.475158e+00	( 1 2 6 5  )
G_LOOP:  0  4  4   	1.475008e+00	( 1 3 6 4  )
G_LOOP:  0  5  4   	1.474829e+00	( 2 3 5 4  )
G_LOOP:  1  0  6   	7.184971e-01	( 0 0 1 7 7 6  )
G_LOOP:  1  1  6   	7.159353e-01	( 0 0 2 7 7 5  )
G_LOOP:  1  2  6   	7.240807e-01	( 0 0 3 7 7 4  )
G_LOOP:  1  3  6   	7.200422e-01	( 1 1 0 6 6 7  )
G_LOOP:  1  4  6   	7.173547e-01	( 1 1 2 6 6 5  )
G_LOOP:  1  5  6   	7.152072e-01	( 1 1 3 6 6 4  )
G_LOOP:  1  6  6   	7.124169e-01	( 2 2 0 5 5 7  )
G_LOOP:  1  7  6   	7.127769e-01	( 2 2 1 5 5 6  )
G_LOOP:  1  8  6   	7.156942e-01	( 2 2 3 5 5 4  )
G_LOOP:  1  9  6   	7.235363e-01	( 3 3 0 4 4 7  )
G_LOOP:  1  10  6   	7.168376e-01	( 3 3 1 4 4 6  )
G_LOOP:  1  11  6   	7.184888e-01	( 3 3 2 4 4 5  )
G_LOOP:  2  0  6   	7.309402e-01	( 0 1 2 7 6 5  )
G_LOOP:  2  1  6   	7.334683e-01	( 0 1 5 7 6 2  )
G_LOOP:  2  2  6   	7.358878e-01	( 0 6 2 7 1 5  )
G_LOOP:  2  3  6   	7.311164e-01	( 0 6 5 7 1 2  )
G_LOOP:  2  4  6   	7.339033e-01	( 0 1 3 7 6 4  )
G_LOOP:  2  5  6   	7.386881e-01	( 0 1 4 7 6 3  )
G_LOOP:  2  6  6   	7.380549e-01	( 0 6 3 7 1 4  )
G_LOOP:  2  7  6   	7.320259e-01	( 0 6 4 7 1 3  )
G_LOOP:  2  8  6   	7.381620e-01	( 0 2 3 7 5 4  )
G_LOOP:  2  9  6   	7.344164e-01	( 0 2 4 7 5 3  )
G_LOOP:  2  10  6   	7.362792e-01	( 0 5 3 7 2 4  )
G_LOOP:  2  11  6   	7.341192e-01	( 0 5 4 7 2 3  )
G_LOOP:  2  12  6   	7.332222e-01	( 1 2 3 6 5 4  )
G_LOOP:  2  13  6   	7.315865e-01	( 1 2 4 6 5 3  )
G_LOOP:  2  14  6   	7.331640e-01	( 1 5 3 6 2 4  )
G_LOOP:  2  15  6   	7.295510e-01	( 1 5 4 6 2 3  )
GACTION: 6.646384e+00
CONGRAD5: time = 6.139281e-01 (fn F) masses = 1 iters = 599 mflops = 4.002522e+03
 OK converged final_rsq= 1e-10 (cf 1e-10) rel = 1 (cf 0) restarts = 2 iters= 599
CONGRAD5: time = 9.517503e-02 (fn F) masses = 1 iters = 91 mflops = 3.922318e+03
 OK converged final_rsq= 1e-10 (cf 1e-10) rel = 1 (cf 0) restarts = 1 iters= 91
PBP: mass 1.000000e-02     4.339416e-02  3.936487e-02  7.421302e-03  7.418751e-03 ( 1 of 1 )
FACTION: mass = 1.000000e-02,  1.502066e+00 ( 1 of 1 )
CONGRAD5: time = 6.183670e-01 (fn F) masses = 1 iters = 602 mflops = 3.993693e+03
 OK converged final_rsq= 7.1e-11 (cf 1e-10) rel = 1 (cf 0) restarts = 3 iters= 602
CONGRAD5: time = 1.310270e-01 (fn F) masses = 1 iters = 126 mflops = 3.944884e+03
 OK converged final_rsq= 9.9e-11 (cf 1e-10) rel = 1 (cf 0) restarts = 1 iters= 126
PBP: mass 1.000000e-02     4.858556e-02  4.277414e-02  -1.701513e-03  -1.703251e-03 ( 1 of 1 )
FACTION: mass = 1.000000e-02,  1.501393e+00 ( 1 of 1 )
CONGRAD5: time = 6.170900e-01 (fn F) masses = 1 iters = 602 mflops = 4.001957e+03
 OK converged final_rsq= 8.2e-11 (cf 1e-10) rel = 1 (cf 0) restarts = 3 iters= 602
CONGRAD5: time = 6.170740e-01 (fn F) masses = 1 iters = 602 mflops = 4.002061e+03
 OK converged final_rsq= 5.4e-11 (cf 1e-10) rel = 1 (cf 0) restarts = 3 iters= 602
GFTIME:   time = 1.465271e-01 (Symanzik1) mflops = 3.608766e+03
FFTIME:  time = 5.080922e-01 (asqtad3) terms = 2 mflops = 2.951814e+03
CONGRAD5: time = 7.010560e-01 (fn F) masses = 1 iters = 683 mflops = 3.996616e+03
 OK converged final_rsq= 9.9e-11 (cf 1e-10) rel = 1 (cf 0) restarts = 3 iters= 683
CONGRAD5: time = 6.188259e-01 (fn F) masses = 1 iters = 602 mflops = 3.990731e+03
 OK converged final_rsq= 7.6e-11 (cf 1e-10) rel = 1 (cf 0) restarts = 3 iters= 602
GFTIME:   time = 1.395411e-01 (Symanzik1) mflops = 3.789433e+03
FFTIME:  time = 5.072980e-01 (asqtad3) terms = 2 mflops = 2.956435e+03
CONGRAD5: time = 6.170700e-01 (fn F) masses = 1 iters = 602 mflops = 4.002087e+03
 OK converged final_rsq= 6.9e-11 (cf 1e-10) rel = 1 (cf 0) restarts = 3 iters= 602
CONGRAD5: time = 6.174190e-01 (fn F) masses = 1 iters = 602 mflops = 3.999825e+03
 OK converged final_rsq= 7.2e-11 (cf 1e-10) rel = 1 (cf 0) restarts = 3 iters= 602
GFTIME:   time = 1.394169e-01 (Symanzik1) mflops = 3.792809e+03
FFTIME:  time = 5.070601e-01 (asqtad3) terms = 2 mflops = 2.957822e+03
CONGRAD5: time = 6.192222e-01 (fn F) masses = 1 iters = 602 mflops = 3.988177e+03
 OK converged final_rsq= 8.2e-11 (cf 1e-10) rel = 1 (cf 0) restarts = 3 iters= 602
CONGRAD5: time = 6.183071e-01 (fn F) masses = 1 iters = 602 mflops = 3.994079e+03
 OK converged final_rsq= 4.8e-11 (cf 1e-10) rel = 1 (cf 0) restarts = 3 iters= 602
GFTIME:   time = 1.392438e-01 (Symanzik1) mflops = 3.797524e+03
FFTIME:  time = 5.067220e-01 (asqtad3) terms = 2 mflops = 2.959795e+03
CONGRAD5: time = 6.781018e-01 (fn F) masses = 1 iters = 661 mflops = 3.998812e+03
 OK converged final_rsq= 9.9e-11 (cf 1e-10) rel = 1 (cf 0) restarts = 3 iters= 661
CONGRAD5: time = 6.179762e-01 (fn F) masses = 1 iters = 602 mflops = 3.996218e+03
 OK converged final_rsq= 8.3e-11 (cf 1e-10) rel = 1 (cf 0) restarts = 3 iters= 602
GFTIME:   time = 1.389391e-01 (Symanzik1) mflops = 3.805852e+03
FFTIME:  time = 5.088820e-01 (asqtad3) terms = 2 mflops = 2.947232e+03
CONGRAD5: time = 6.917272e-01 (fn F) masses = 1 iters = 674 mflops = 3.997141e+03
 OK converged final_rsq= 9.9e-11 (cf 1e-10) rel = 1 (cf 0) restarts = 3 iters= 674
CONGRAD5: time = 6.169221e-01 (fn F) masses = 1 iters = 602 mflops = 4.003046e+03
 OK converged final_rsq= 6.3e-11 (cf 1e-10) rel = 1 (cf 0) restarts = 3 iters= 602
GFTIME:   time = 1.392350e-01 (Symanzik1) mflops = 3.797765e+03
FFTIME:  time = 5.074530e-01 (asqtad3) terms = 2 mflops = 2.955532e+03
CONGRAD5: time = 6.188509e-01 (fn F) masses = 1 iters = 602 mflops = 3.990570e+03
 OK converged final_rsq= 9.3e-11 (cf 1e-10) rel = 1 (cf 0) restarts = 3 iters= 602
CONGRAD5: time = 6.184299e-01 (fn F) masses = 1 iters = 602 mflops = 3.993286e+03
 OK converged final_rsq= 5.5e-11 (cf 1e-10) rel = 1 (cf 0) restarts = 3 iters= 602
GFTIME:   time = 1.399260e-01 (Symanzik1) mflops = 3.779012e+03
FFTIME:  time = 5.101390e-01 (asqtad3) terms = 2 mflops = 2.939970e+03
CONGRAD5: time = 6.186578e-01 (fn F) masses = 1 iters = 602 mflops = 3.991815e+03
 OK converged final_rsq= 4.9e-11 (cf 1e-10) rel = 1 (cf 0) restarts = 3 iters= 602
CONGRAD5: time = 6.834691e-01 (fn F) masses = 1 iters = 666 mflops = 3.997420e+03
 OK converged final_rsq= 9.8e-11 (cf 1e-10) rel = 1 (cf 0) restarts = 3 iters= 666
GFTIME:   time = 1.394081e-01 (Symanzik1) mflops = 3.793049e+03
FFTIME:  time = 5.060611e-01 (asqtad3) terms = 2 mflops = 2.963661e+03
CONGRAD5: time = 6.779840e-01 (fn F) masses = 1 iters = 660 mflops = 3.993456e+03
 OK converged final_rsq= 5e-11 (cf 1e-10) rel = 1 (cf 0) restarts = 4 iters= 660
CONGRAD5: time = 6.171291e-01 (fn F) masses = 1 iters = 602 mflops = 4.001704e+03
 OK converged final_rsq= 4.4e-11 (cf 1e-10) rel = 1 (cf 0) restarts = 3 iters= 602
GFTIME:   time = 1.398270e-01 (Symanzik1) mflops = 3.781686e+03
FFTIME:  time = 5.067060e-01 (asqtad3) terms = 2 mflops = 2.959889e+03
CONGRAD5: time = 6.185079e-01 (fn F) masses = 1 iters = 602 mflops = 3.992783e+03
 OK converged final_rsq= 9e-11 (cf 1e-10) rel = 1 (cf 0) restarts = 3 iters= 602
CONGRAD5: time = 6.200569e-01 (fn F) masses = 1 iters = 602 mflops = 3.982808e+03
 OK converged final_rsq= 6.8e-11 (cf 1e-10) rel = 1 (cf 0) restarts = 3 iters= 602
GFTIME:   time = 1.389430e-01 (Symanzik1) mflops = 3.805748e+03
FFTIME:  time = 5.105920e-01 (asqtad3) terms = 2 mflops = 2.937362e+03
CONGRAD5: time = 7.302849e-01 (fn F) masses = 1 iters = 713 mflops = 4.005176e+03
 OK converged final_rsq= 9.9e-11 (cf 1e-10) rel = 1 (cf 0) restarts = 3 iters= 713
CONGRAD5: time = 6.171119e-01 (fn F) masses = 1 iters = 602 mflops = 4.001815e+03
 OK converged final_rsq= 5.9e-11 (cf 1e-10) rel = 1 (cf 0) restarts = 3 iters= 602
GFTIME:   time = 1.392689e-01 (Symanzik1) mflops = 3.796841e+03
FFTIME:  time = 5.060480e-01 (asqtad3) terms = 2 mflops = 2.963738e+03
CONGRAD5: time = 7.264109e-01 (fn F) masses = 1 iters = 708 mflops = 3.998300e+03
 OK converged final_rsq= 9.9e-11 (cf 1e-10) rel = 1 (cf 0) restarts = 3 iters= 708
CONGRAD5: time = 6.181650e-01 (fn F) masses = 1 iters = 602 mflops = 3.994998e+03
 OK converged final_rsq= 4.6e-11 (cf 1e-10) rel = 1 (cf 0) restarts = 3 iters= 602
GFTIME:   time = 1.396959e-01 (Symanzik1) mflops = 3.785236e+03
FFTIME:  time = 5.068412e-01 (asqtad3) terms = 2 mflops = 2.959099e+03
CONGRAD5: time = 6.190460e-01 (fn F) masses = 1 iters = 602 mflops = 3.989312e+03
 OK converged final_rsq= 5.7e-11 (cf 1e-10) rel = 1 (cf 0) restarts = 3 iters= 602
CONGRAD5: time = 6.977460e-01 (fn F) masses = 1 iters = 680 mflops = 3.997937e+03
 OK converged final_rsq= 9.9e-11 (cf 1e-10) rel = 1 (cf 0) restarts = 3 iters= 680
GFTIME:   time = 1.387780e-01 (Symanzik1) mflops = 3.810272e+03
FFTIME:  time = 5.049689e-01 (asqtad3) terms = 2 mflops = 2.970071e+03
CONGRAD5: time = 6.831930e-01 (fn F) masses = 1 iters = 666 mflops = 3.999036e+03
 OK converged final_rsq= 5e-11 (cf 1e-10) rel = 1 (cf 0) restarts = 4 iters= 666
CONGRAD5: time = 6.172669e-01 (fn F) masses = 1 iters = 602 mflops = 4.000810e+03
 OK converged final_rsq= 8.6e-11 (cf 1e-10) rel = 1 (cf 0) restarts = 3 iters= 602
GFTIME:   time = 1.397769e-01 (Symanzik1) mflops = 3.783040e+03
FFTIME:  time = 5.062008e-01 (asqtad3) terms = 2 mflops = 2.962843e+03
CONGRAD5: time = 7.202370e-01 (fn F) masses = 1 iters = 703 mflops = 4.004095e+03
 OK converged final_rsq= 1e-10 (cf 1e-10) rel = 1 (cf 0) restarts = 3 iters= 703
CONGRAD5: time = 7.225749e-01 (fn F) masses = 1 iters = 704 mflops = 3.996817e+03
 OK converged final_rsq= 5e-11 (cf 1e-10) rel = 1 (cf 0) restarts = 4 iters= 704
GFTIME:   time = 1.393878e-01 (Symanzik1) mflops = 3.793601e+03
FFTIME:  time = 5.062521e-01 (asqtad3) terms = 2 mflops = 2.962543e+03
PLAQ:	1.460193	1.460439
P_LOOP:	-5.681515e-03	1.470983e-02
G_LOOP:  0  0  4   	1.462860e+00	( 0 1 7 6  )
G_LOOP:  0  1  4   	1.459667e+00	( 0 2 7 5  )
G_LOOP:  0  2  4   	1.464225e+00	( 0 3 7 4  )
G_LOOP:  0  3  4   	1.458053e+00	( 1 2 6 5  )
G_LOOP:  0  4  4   	1.458102e+00	( 1 3 6 4  )
G_LOOP:  0  5  4   	1.458991e+00	( 2 3 5 4  )
G_LOOP:  1  0  6   	7.044114e-01	( 0 0 1 7 7 6  )
G_LOOP:  1  1  6   	7.001683e-01	( 0 0 2 7 7 5  )
G_LOOP:  1  2  6   	7.064534e-01	( 0 0 3 7 7 4  )
G_LOOP:  1  3  6   	7.046912e-01	( 1 1 0 6 6 7  )
G_LOOP:  1  4  6   	6.971760e-01	( 1 1 2 6 6 5  )
G_LOOP:  1  5  6   	6.963067e-01	( 1 1 3 6 6 4  )
G_LOOP:  1  6  6   	6.973758e-01	( 2 2 0 5 5 7  )
G_LOOP:  1  7  6   	6.981232e-01	( 2 2 1 5 5 6  )
G_LOOP:  1  8  6   	6.977841e-01	( 2 2 3 5 5 4  )
G_LOOP:  1  9  6   	7.051219e-01	( 3 3 0 4 4 7  )
G_LOOP:  1  10  6   	7.012289e-01	( 3 3 1 4 4 6  )
G_LOOP:  1  11  6   	6.983391e-01	( 3 3 2 4 4 5  )
G_LOOP:  2  0  6   	7.119569e-01	( 0 1 2 7 6 5  )
G_LOOP:  2  1  6   	7.136081e-01	( 0 1 5 7 6 2  )
G_LOOP:  2  2  6   	7.205864e-01	( 0 6 2 7 1 5  )
G_LOOP:  2  3  6   	7.129568e-01	( 0 6 5 7 1 2  )
G_LOOP:  2  4  6   	7.151807e-01	( 0 1 3 7 6 4  )
G_LOOP:  2  5  6   	7.179215e-01	( 0 1 4 7 6 3  )
G_LOOP:  2  6  6   	7.225979e-01	( 0 6 3 7 1 4  )
G_LOOP:  2  7  6   	7.152602e-01	( 0 6 4 7 1 3  )
G_LOOP:  2  8  6   	7.193233e-01	( 0 2 3 7 5 4  )
G_LOOP:  2  9  6   	7.155409e-01	( 0 2 4 7 5 3  )
G_LOOP:  2  10  6   	7.174311e-01	( 0 5 3 7 2 4  )
G_LOOP:  2  11  6   	7.158922e-01	( 0 5 4 7 2 3  )
G_LOOP:  2  12  6   	7.121399e-01	( 1 2 3 6 5 4  )
G_LOOP:  2  13  6   	7.112940e-01	( 1 2 4 6 5 3  )
G_LOOP:  2  14  6   	7.106608e-01	( 1 5 3 6 2 4  )
G_LOOP:  2  15  6   	7.096770e-01	( 1 5 4 6 2 3  )
GACTION: 6.719232e+00
CONGRAD5: time = 6.173491e-01 (fn F) masses = 1 iters = 602 mflops = 4.000277e+03
 OK converged final_rsq= 8.8e-11 (cf 1e-10) rel = 1 (cf 0) restarts = 3 iters= 602
CONGRAD5: time = 1.263618e-01 (fn F) masses = 1 iters = 122 mflops = 3.960667e+03
 OK converged final_rsq= 9.9e-11 (cf 1e-10) rel = 1 (cf 0) restarts = 1 iters= 122
PBP: mass 1.000000e-02     5.555199e-02  4.368940e-02  -4.331524e-03  -4.348939e-03 ( 1 of 1 )
FACTION: mass = 1.000000e-02,  1.501287e+00 ( 1 of 1 )
CONGRAD5: time = 6.172869e-01 (fn F) masses = 1 iters = 602 mflops = 4.000680e+03
 OK converged final_rsq= 6.4e-11 (cf 1e-10) rel = 1 (cf 0) restarts = 3 iters= 602
CONGRAD5: time = 1.148651e-01 (fn F) masses = 1 iters = 110 mflops = 3.928522e+03
 OK converged final_rsq= 1e-10 (cf 1e-10) rel = 1 (cf 0) restarts = 1 iters= 110
PBP: mass 1.000000e-02     5.376833e-02  4.562878e-02  -5.653563e-03  -5.648705e-03 ( 1 of 1 )
FACTION: mass = 1.000000e-02,  1.501514e+00 ( 1 of 1 )
RUNNING COMPLETED
average cg iters for step= 1.219000e+03
Time = 1.377032e+02 seconds
total_iters = 152537
Checksums 7bb45b68 d977e3c0
Saved gauge configuration in parallel to binary file lat_p64_size128_2
Time stamp Thu May 19 02:36:07 2022
Wrote info file lat_p64_size128_2.info
Time to save = 4.001594e-02
CHECK PLAQ: 1.460193e+00 1.460439e+00
CHECK NERSC LINKTR: 1.427689e-01 CKSUM: 5cf947c6


get_i(0): EOF on input.
Elapsed total time: 157.663426
exit: Thu May 19 02:36:07 2022

