srun: interrupt (one more within 1 sec to abort)
srun: StepId=38516427.11 tasks 0-31: unknown
srun: sending Ctrl-C to StepId=38516427.11
srun: Job step aborted: Waiting up to 92 seconds for job step to finish.
srun: forcing job termination
srun: job abort in progress
srun: launch/slurm: _step_signal: Terminating StepId=38516427.11
srun: error: nid05111: task 30: Exited with exit code 130
srun: interrupt (one more within 1 sec to abort)
srun: sending Ctrl-C to StepId=38516427.177
srun: Job step aborted: Waiting up to 92 seconds for job step to finish.
srun: forcing job termination
srun: job abort in progress
srun: launch/slurm: _step_signal: Terminating StepId=38516427.177
srun: error: nid05109: task 7: Exited with exit code 135
srun: launch/slurm: _step_signal: Terminating StepId=38516427.2598
srun: error: nid05110: tasks 11-21: Terminated
srun: error: nid05111: tasks 22-31: Terminated
srun: error: nid05109: tasks 0-6,8-10: Terminated
srun: Force Terminated StepId=38516427.2598
