SU3 with improved KS action
Microcanonical simulation with refreshing
R algorithm
MIMD version 7.8.1
Machine = MPI (portable), with 32 nodes
Host(0) = ault03.cscs.ch
Username = mcopik
Options selected...
Generic single precision
C_GLOBAL_INLINE
DBLSTORE_FN
D_FN_GATHER13
FEWSUMS
KS_MULTIFF=FNMAT
VECLENGTH=4
type 0 for no prompts, 1 for prompts, or 2 for proofreading
nflavors1 2
nflavors2 1
nx 16
ny 16
nz 8
nt 36
iseed 5682304
LAYOUT = Hypercubes, options = hyper_prime,
automatic hyper_prime layout
ON EACH NODE 4 x 8 x 8 x 9
Mallocing 2.3 MBytes per node for lattice
WARNING!!: Resetting random seed
Made lattice
Made nn gathers
Made 3nn gathers
Finished setup


warms 0
trajecs 4
traj_between_meas 1
beta 5.6
mass1 0.125
mass2 0.125
u0 0.8441
microcanonical_time_step 0.2
steps_per_trajectory 5
max_cg_iterations 100
max_cg_restarts 5
error_per_site 0.125
error_for_propagator 0.125
npbp_reps 1
prec_pbp 1
fresh 
save_parallel lat_p64_size64_1
unit gauge configuration loaded
CHECK PLAQ: 3.000000e+00 3.000000e+00
CHECK NERSC LINKTR: 1.000000e+00 CKSUM: 0
Unitarity checked.  Max deviation 0.00e+00
Time to check unitarity = 5.049706e-04
"O(a^2): couplings(pi)=0, Naik term, No O(a^2) errors, tadpole weights"
path coefficients: npath  path_coeff  multiplicity
                    0      6.250000e-01     8
                    1      -5.847914e-02     8
                    2      -8.771871e-02     48
                    3      3.077829e-02     192
                    4      -7.199551e-03     384
                    5      -1.231132e-01     48
Symanzik 1x1 + 1x2 + 1x1x1 action
gauge_action: total_dyn_flavors = 3
loop coefficients: nloop rep loop_coeff  multiplicity
                    0 0      1.000000e+00     6
                    1 0      -7.762509e-02     12
                    2 0      -1.031171e-02     16
WARMUPS COMPLETED
CONGRAD5: time = 4.808903e-03 (fn F) masses = 1 iters = 4 mflops = 2.274821e+03
 OK converged final_rsq= 0.006 (cf 0.016) rel = 1 (cf 0) restarts = 1 iters= 4
CONGRAD5: time = 4.570007e-03 (fn F) masses = 1 iters = 4 mflops = 2.393736e+03
 OK converged final_rsq= 0.0059 (cf 0.016) rel = 1 (cf 0) restarts = 1 iters= 4
GFTIME:   time = 8.435202e-02 (Symanzik1) mflops = 4.179168e+03
FFTIME:  time = 2.809219e-01 (asqtad3) terms = 2 mflops = 3.559218e+03
CONGRAD5: time = 4.709005e-03 (fn F) masses = 1 iters = 4 mflops = 2.323079e+03
 OK converged final_rsq= 0.01 (cf 0.016) rel = 1 (cf 0) restarts = 1 iters= 4
CONGRAD5: time = 4.529953e-03 (fn F) masses = 1 iters = 4 mflops = 2.414902e+03
 OK converged final_rsq= 0.0098 (cf 0.016) rel = 1 (cf 0) restarts = 1 iters= 4
GFTIME:   time = 8.365011e-02 (Symanzik1) mflops = 4.214235e+03
FFTIME:  time = 2.787311e-01 (asqtad3) terms = 2 mflops = 3.587193e+03
CONGRAD5: time = 4.701138e-03 (fn F) masses = 1 iters = 4 mflops = 2.326967e+03
 OK converged final_rsq= 0.014 (cf 0.016) rel = 1 (cf 0) restarts = 1 iters= 4
CONGRAD5: time = 4.535198e-03 (fn F) masses = 1 iters = 4 mflops = 2.412109e+03
 OK converged final_rsq= 0.014 (cf 0.016) rel = 1 (cf 0) restarts = 1 iters= 4
GFTIME:   time = 8.392596e-02 (Symanzik1) mflops = 4.200383e+03
FFTIME:  time = 2.791672e-01 (asqtad3) terms = 2 mflops = 3.581590e+03
CONGRAD5: time = 4.669905e-03 (fn F) masses = 1 iters = 4 mflops = 2.342530e+03
 OK converged final_rsq= 0.013 (cf 0.016) rel = 1 (cf 0) restarts = 1 iters= 4
CONGRAD5: time = 4.509926e-03 (fn F) masses = 1 iters = 4 mflops = 2.425626e+03
 OK converged final_rsq= 0.013 (cf 0.016) rel = 1 (cf 0) restarts = 1 iters= 4
GFTIME:   time = 8.298492e-02 (Symanzik1) mflops = 4.248015e+03
FFTIME:  time = 2.776589e-01 (asqtad3) terms = 2 mflops = 3.601045e+03
CONGRAD5: time = 4.716873e-03 (fn F) masses = 1 iters = 4 mflops = 2.319204e+03
 OK converged final_rsq= 0.011 (cf 0.016) rel = 1 (cf 0) restarts = 1 iters= 4
CONGRAD5: time = 4.546881e-03 (fn F) masses = 1 iters = 4 mflops = 2.405911e+03
 OK converged final_rsq= 0.011 (cf 0.016) rel = 1 (cf 0) restarts = 1 iters= 4
GFTIME:   time = 8.380914e-02 (Symanzik1) mflops = 4.206238e+03
FFTIME:  time = 2.774820e-01 (asqtad3) terms = 2 mflops = 3.603341e+03
PLAQ:	2.348046	2.347861
P_LOOP:	-6.323030e-03	-1.925636e-02
G_LOOP:  0  0  4   	2.346897e+00	( 0 1 7 6  )
G_LOOP:  0  1  4   	2.347695e+00	( 0 2 7 5  )
G_LOOP:  0  2  4   	2.348610e+00	( 0 3 7 4  )
G_LOOP:  0  3  4   	2.349546e+00	( 1 2 6 5  )
G_LOOP:  0  4  4   	2.347450e+00	( 1 3 6 4  )
G_LOOP:  0  5  4   	2.347524e+00	( 2 3 5 4  )
G_LOOP:  1  0  6   	1.770886e+00	( 0 0 1 7 7 6  )
G_LOOP:  1  1  6   	1.772085e+00	( 0 0 2 7 7 5  )
G_LOOP:  1  2  6   	1.772683e+00	( 0 0 3 7 7 4  )
G_LOOP:  1  3  6   	1.772206e+00	( 1 1 0 6 6 7  )
G_LOOP:  1  4  6   	1.778615e+00	( 1 1 2 6 6 5  )
G_LOOP:  1  5  6   	1.772779e+00	( 1 1 3 6 6 4  )
G_LOOP:  1  6  6   	1.774422e+00	( 2 2 0 5 5 7  )
G_LOOP:  1  7  6   	1.776307e+00	( 2 2 1 5 5 6  )
G_LOOP:  1  8  6   	1.772614e+00	( 2 2 3 5 5 4  )
G_LOOP:  1  9  6   	1.773361e+00	( 3 3 0 4 4 7  )
G_LOOP:  1  10  6   	1.772005e+00	( 3 3 1 4 4 6  )
G_LOOP:  1  11  6   	1.772996e+00	( 3 3 2 4 4 5  )
G_LOOP:  2  0  6   	1.819044e+00	( 0 1 2 7 6 5  )
G_LOOP:  2  1  6   	1.821657e+00	( 0 1 5 7 6 2  )
G_LOOP:  2  2  6   	1.822819e+00	( 0 6 2 7 1 5  )
G_LOOP:  2  3  6   	1.821404e+00	( 0 6 5 7 1 2  )
G_LOOP:  2  4  6   	1.821922e+00	( 0 1 3 7 6 4  )
G_LOOP:  2  5  6   	1.817338e+00	( 0 1 4 7 6 3  )
G_LOOP:  2  6  6   	1.820607e+00	( 0 6 3 7 1 4  )
G_LOOP:  2  7  6   	1.823181e+00	( 0 6 4 7 1 3  )
G_LOOP:  2  8  6   	1.818823e+00	( 0 2 3 7 5 4  )
G_LOOP:  2  9  6   	1.819541e+00	( 0 2 4 7 5 3  )
G_LOOP:  2  10  6   	1.822350e+00	( 0 5 3 7 2 4  )
G_LOOP:  2  11  6   	1.817598e+00	( 0 5 4 7 2 3  )
G_LOOP:  2  12  6   	1.821659e+00	( 1 2 3 6 5 4  )
G_LOOP:  2  13  6   	1.824220e+00	( 1 2 4 6 5 3  )
G_LOOP:  2  14  6   	1.821604e+00	( 1 5 3 6 2 4  )
G_LOOP:  2  15  6   	1.824104e+00	( 1 5 4 6 2 3  )
GACTION: 2.575211e+00
CONGRAD5: time = 4.626036e-03 (fn F) masses = 1 iters = 4 mflops = 2.364744e+03
 OK converged final_rsq= 0.01 (cf 0.016) rel = 1 (cf 0) restarts = 1 iters= 4
CONGRAD5: time = 5.894899e-03 (fn F) masses = 1 iters = 6 mflops = 2.783608e+03
 OK converged final_rsq= 0.0087 (cf 0.016) rel = 1 (cf 0) restarts = 1 iters= 6
PBP: mass 1.250000e-01     6.839631e-02  1.024361e-01  -6.252925e-04  -1.562877e-03 ( 1 of 1 )
FACTION: mass = 1.250000e-01,  1.470003e+00 ( 1 of 1 )
CONGRAD5: time = 4.585981e-03 (fn F) masses = 1 iters = 4 mflops = 2.385398e+03
 OK converged final_rsq= 0.01 (cf 0.016) rel = 1 (cf 0) restarts = 1 iters= 4
CONGRAD5: time = 5.922079e-03 (fn F) masses = 1 iters = 6 mflops = 2.770832e+03
 OK converged final_rsq= 0.0087 (cf 0.016) rel = 1 (cf 0) restarts = 1 iters= 6
PBP: mass 1.250000e-01     7.042779e-02  1.006423e-01  -2.239626e-03  -2.553548e-03 ( 1 of 1 )
FACTION: mass = 1.250000e-01,  1.472298e+00 ( 1 of 1 )
CONGRAD5: time = 4.673004e-03 (fn F) masses = 1 iters = 4 mflops = 2.340976e+03
 OK converged final_rsq= 0.012 (cf 0.016) rel = 1 (cf 0) restarts = 1 iters= 4
CONGRAD5: time = 4.518986e-03 (fn F) masses = 1 iters = 4 mflops = 2.420763e+03
 OK converged final_rsq= 0.011 (cf 0.016) rel = 1 (cf 0) restarts = 1 iters= 4
GFTIME:   time = 8.383894e-02 (Symanzik1) mflops = 4.204743e+03
FFTIME:  time = 2.773969e-01 (asqtad3) terms = 2 mflops = 3.604446e+03
CONGRAD5: time = 5.277872e-03 (fn F) masses = 1 iters = 5 mflops = 2.590862e+03
 OK converged final_rsq= 0.0069 (cf 0.016) rel = 1 (cf 0) restarts = 1 iters= 5
CONGRAD5: time = 4.487038e-03 (fn F) masses = 1 iters = 4 mflops = 2.437999e+03
 OK converged final_rsq= 0.015 (cf 0.016) rel = 1 (cf 0) restarts = 1 iters= 4
GFTIME:   time = 8.383012e-02 (Symanzik1) mflops = 4.205186e+03
FFTIME:  time = 2.769501e-01 (asqtad3) terms = 2 mflops = 3.610261e+03
CONGRAD5: time = 5.368948e-03 (fn F) masses = 1 iters = 5 mflops = 2.546912e+03
 OK converged final_rsq= 0.0088 (cf 0.016) rel = 1 (cf 0) restarts = 1 iters= 5
CONGRAD5: time = 5.241871e-03 (fn F) masses = 1 iters = 5 mflops = 2.608656e+03
 OK converged final_rsq= 0.0084 (cf 0.016) rel = 1 (cf 0) restarts = 1 iters= 5
GFTIME:   time = 8.403707e-02 (Symanzik1) mflops = 4.194830e+03
FFTIME:  time = 2.797759e-01 (asqtad3) terms = 2 mflops = 3.573798e+03
CONGRAD5: time = 5.434036e-03 (fn F) masses = 1 iters = 5 mflops = 2.516406e+03
 OK converged final_rsq= 0.0085 (cf 0.016) rel = 1 (cf 0) restarts = 1 iters= 5
CONGRAD5: time = 5.265951e-03 (fn F) masses = 1 iters = 5 mflops = 2.596727e+03
 OK converged final_rsq= 0.0083 (cf 0.016) rel = 1 (cf 0) restarts = 1 iters= 5
GFTIME:   time = 8.431911e-02 (Symanzik1) mflops = 4.180798e+03
FFTIME:  time = 2.765040e-01 (asqtad3) terms = 2 mflops = 3.616086e+03
CONGRAD5: time = 5.244017e-03 (fn F) masses = 1 iters = 5 mflops = 2.607589e+03
 OK converged final_rsq= 0.0074 (cf 0.016) rel = 1 (cf 0) restarts = 1 iters= 5
CONGRAD5: time = 4.550934e-03 (fn F) masses = 1 iters = 4 mflops = 2.403769e+03
 OK converged final_rsq= 0.015 (cf 0.016) rel = 1 (cf 0) restarts = 1 iters= 4
GFTIME:   time = 8.365583e-02 (Symanzik1) mflops = 4.213947e+03
FFTIME:  time = 2.770259e-01 (asqtad3) terms = 2 mflops = 3.609273e+03
PLAQ:	2.013197	2.012697
P_LOOP:	-9.701259e-03	-3.360078e-02
G_LOOP:  0  0  4   	2.010792e+00	( 0 1 7 6  )
G_LOOP:  0  1  4   	2.013326e+00	( 0 2 7 5  )
G_LOOP:  0  2  4   	2.011958e+00	( 0 3 7 4  )
G_LOOP:  0  3  4   	2.015472e+00	( 1 2 6 5  )
G_LOOP:  0  4  4   	2.013512e+00	( 1 3 6 4  )
G_LOOP:  0  5  4   	2.012622e+00	( 2 3 5 4  )
G_LOOP:  1  0  6   	1.296020e+00	( 0 0 1 7 7 6  )
G_LOOP:  1  1  6   	1.302380e+00	( 0 0 2 7 7 5  )
G_LOOP:  1  2  6   	1.300113e+00	( 0 0 3 7 7 4  )
G_LOOP:  1  3  6   	1.297978e+00	( 1 1 0 6 6 7  )
G_LOOP:  1  4  6   	1.302920e+00	( 1 1 2 6 6 5  )
G_LOOP:  1  5  6   	1.301147e+00	( 1 1 3 6 6 4  )
G_LOOP:  1  6  6   	1.301421e+00	( 2 2 0 5 5 7  )
G_LOOP:  1  7  6   	1.302576e+00	( 2 2 1 5 5 6  )
G_LOOP:  1  8  6   	1.298934e+00	( 2 2 3 5 5 4  )
G_LOOP:  1  9  6   	1.299910e+00	( 3 3 0 4 4 7  )
G_LOOP:  1  10  6   	1.299603e+00	( 3 3 1 4 4 6  )
G_LOOP:  1  11  6   	1.299806e+00	( 3 3 2 4 4 5  )
G_LOOP:  2  0  6   	1.339921e+00	( 0 1 2 7 6 5  )
G_LOOP:  2  1  6   	1.347332e+00	( 0 1 5 7 6 2  )
G_LOOP:  2  2  6   	1.347822e+00	( 0 6 2 7 1 5  )
G_LOOP:  2  3  6   	1.345578e+00	( 0 6 5 7 1 2  )
G_LOOP:  2  4  6   	1.348037e+00	( 0 1 3 7 6 4  )
G_LOOP:  2  5  6   	1.342259e+00	( 0 1 4 7 6 3  )
G_LOOP:  2  6  6   	1.341849e+00	( 0 6 3 7 1 4  )
G_LOOP:  2  7  6   	1.343166e+00	( 0 6 4 7 1 3  )
G_LOOP:  2  8  6   	1.344500e+00	( 0 2 3 7 5 4  )
G_LOOP:  2  9  6   	1.342721e+00	( 0 2 4 7 5 3  )
G_LOOP:  2  10  6   	1.346118e+00	( 0 5 3 7 2 4  )
G_LOOP:  2  11  6   	1.343245e+00	( 0 5 4 7 2 3  )
G_LOOP:  2  12  6   	1.346085e+00	( 1 2 3 6 5 4  )
G_LOOP:  2  13  6   	1.347991e+00	( 1 2 4 6 5 3  )
G_LOOP:  2  14  6   	1.347405e+00	( 1 5 3 6 2 4  )
G_LOOP:  2  15  6   	1.344994e+00	( 1 5 4 6 2 3  )
GACTION: 4.065920e+00
CONGRAD5: time = 4.561901e-03 (fn F) masses = 1 iters = 4 mflops = 2.397990e+03
 OK converged final_rsq= 0.014 (cf 0.016) rel = 1 (cf 0) restarts = 1 iters= 4
CONGRAD5: time = 5.904198e-03 (fn F) masses = 1 iters = 6 mflops = 2.779224e+03
 OK converged final_rsq= 0.013 (cf 0.016) rel = 1 (cf 0) restarts = 1 iters= 6
PBP: mass 1.250000e-01     8.666703e-02  1.656794e-01  8.855824e-04  1.540118e-03 ( 1 of 1 )
FACTION: mass = 1.250000e-01,  1.448829e+00 ( 1 of 1 )
CONGRAD5: time = 4.522085e-03 (fn F) masses = 1 iters = 4 mflops = 2.419103e+03
 OK converged final_rsq= 0.014 (cf 0.016) rel = 1 (cf 0) restarts = 1 iters= 4
CONGRAD5: time = 5.899191e-03 (fn F) masses = 1 iters = 6 mflops = 2.781583e+03
 OK converged final_rsq= 0.013 (cf 0.016) rel = 1 (cf 0) restarts = 1 iters= 6
PBP: mass 1.250000e-01     8.854628e-02  1.707834e-01  -1.891601e-04  1.187543e-04 ( 1 of 1 )
FACTION: mass = 1.250000e-01,  1.441431e+00 ( 1 of 1 )
CONGRAD5: time = 5.271196e-03 (fn F) masses = 1 iters = 5 mflops = 2.594144e+03
 OK converged final_rsq= 0.0075 (cf 0.016) rel = 1 (cf 0) restarts = 1 iters= 5
CONGRAD5: time = 4.492998e-03 (fn F) masses = 1 iters = 4 mflops = 2.434764e+03
 OK converged final_rsq= 0.015 (cf 0.016) rel = 1 (cf 0) restarts = 1 iters= 4
GFTIME:   time = 8.342385e-02 (Symanzik1) mflops = 4.225665e+03
FFTIME:  time = 2.797220e-01 (asqtad3) terms = 2 mflops = 3.574486e+03
CONGRAD5: time = 5.326986e-03 (fn F) masses = 1 iters = 5 mflops = 2.566975e+03
 OK converged final_rsq= 0.0094 (cf 0.016) rel = 1 (cf 0) restarts = 1 iters= 5
CONGRAD5: time = 5.236864e-03 (fn F) masses = 1 iters = 5 mflops = 2.611150e+03
 OK converged final_rsq= 0.0087 (cf 0.016) rel = 1 (cf 0) restarts = 1 iters= 5
GFTIME:   time = 8.335185e-02 (Symanzik1) mflops = 4.229315e+03
FFTIME:  time = 2.761450e-01 (asqtad3) terms = 2 mflops = 3.620787e+03
CONGRAD5: time = 5.325079e-03 (fn F) masses = 1 iters = 5 mflops = 2.567894e+03
 OK converged final_rsq= 0.011 (cf 0.016) rel = 1 (cf 0) restarts = 1 iters= 5
CONGRAD5: time = 5.156994e-03 (fn F) masses = 1 iters = 5 mflops = 2.651591e+03
 OK converged final_rsq= 0.01 (cf 0.016) rel = 1 (cf 0) restarts = 1 iters= 5
GFTIME:   time = 8.389711e-02 (Symanzik1) mflops = 4.201828e+03
FFTIME:  time = 2.773499e-01 (asqtad3) terms = 2 mflops = 3.605057e+03
CONGRAD5: time = 5.362988e-03 (fn F) masses = 1 iters = 5 mflops = 2.549743e+03
 OK converged final_rsq= 0.011 (cf 0.016) rel = 1 (cf 0) restarts = 1 iters= 5
CONGRAD5: time = 5.223036e-03 (fn F) masses = 1 iters = 5 mflops = 2.618064e+03
 OK converged final_rsq= 0.01 (cf 0.016) rel = 1 (cf 0) restarts = 1 iters= 5
GFTIME:   time = 8.415413e-02 (Symanzik1) mflops = 4.188995e+03
FFTIME:  time = 2.833500e-01 (asqtad3) terms = 2 mflops = 3.528718e+03
CONGRAD5: time = 5.350113e-03 (fn F) masses = 1 iters = 5 mflops = 2.555879e+03
 OK converged final_rsq= 0.0099 (cf 0.016) rel = 1 (cf 0) restarts = 1 iters= 5
CONGRAD5: time = 5.233049e-03 (fn F) masses = 1 iters = 5 mflops = 2.613054e+03
 OK converged final_rsq= 0.0095 (cf 0.016) rel = 1 (cf 0) restarts = 1 iters= 5
GFTIME:   time = 8.365202e-02 (Symanzik1) mflops = 4.214139e+03
FFTIME:  time = 2.800698e-01 (asqtad3) terms = 2 mflops = 3.570046e+03
PLAQ:	1.791285	1.791269
P_LOOP:	-6.432482e-03	-5.703914e-03
G_LOOP:  0  0  4   	1.790148e+00	( 0 1 7 6  )
G_LOOP:  0  1  4   	1.791518e+00	( 0 2 7 5  )
G_LOOP:  0  2  4   	1.792043e+00	( 0 3 7 4  )
G_LOOP:  0  3  4   	1.792188e+00	( 1 2 6 5  )
G_LOOP:  0  4  4   	1.790762e+00	( 1 3 6 4  )
G_LOOP:  0  5  4   	1.791001e+00	( 2 3 5 4  )
G_LOOP:  1  0  6   	1.019748e+00	( 0 0 1 7 7 6  )
G_LOOP:  1  1  6   	1.025132e+00	( 0 0 2 7 7 5  )
G_LOOP:  1  2  6   	1.023343e+00	( 0 0 3 7 7 4  )
G_LOOP:  1  3  6   	1.020574e+00	( 1 1 0 6 6 7  )
G_LOOP:  1  4  6   	1.021528e+00	( 1 1 2 6 6 5  )
G_LOOP:  1  5  6   	1.025131e+00	( 1 1 3 6 6 4  )
G_LOOP:  1  6  6   	1.026650e+00	( 2 2 0 5 5 7  )
G_LOOP:  1  7  6   	1.018998e+00	( 2 2 1 5 5 6  )
G_LOOP:  1  8  6   	1.019490e+00	( 2 2 3 5 5 4  )
G_LOOP:  1  9  6   	1.025211e+00	( 3 3 0 4 4 7  )
G_LOOP:  1  10  6   	1.026625e+00	( 3 3 1 4 4 6  )
G_LOOP:  1  11  6   	1.022026e+00	( 3 3 2 4 4 5  )
G_LOOP:  2  0  6   	1.057034e+00	( 0 1 2 7 6 5  )
G_LOOP:  2  1  6   	1.059629e+00	( 0 1 5 7 6 2  )
G_LOOP:  2  2  6   	1.056571e+00	( 0 6 2 7 1 5  )
G_LOOP:  2  3  6   	1.053607e+00	( 0 6 5 7 1 2  )
G_LOOP:  2  4  6   	1.063099e+00	( 0 1 3 7 6 4  )
G_LOOP:  2  5  6   	1.054479e+00	( 0 1 4 7 6 3  )
G_LOOP:  2  6  6   	1.050944e+00	( 0 6 3 7 1 4  )
G_LOOP:  2  7  6   	1.056895e+00	( 0 6 4 7 1 3  )
G_LOOP:  2  8  6   	1.054540e+00	( 0 2 3 7 5 4  )
G_LOOP:  2  9  6   	1.059955e+00	( 0 2 4 7 5 3  )
G_LOOP:  2  10  6   	1.063218e+00	( 0 5 3 7 2 4  )
G_LOOP:  2  11  6   	1.057845e+00	( 0 5 4 7 2 3  )
G_LOOP:  2  12  6   	1.060030e+00	( 1 2 3 6 5 4  )
G_LOOP:  2  13  6   	1.055929e+00	( 1 2 4 6 5 3  )
G_LOOP:  2  14  6   	1.056636e+00	( 1 5 3 6 2 4  )
G_LOOP:  2  15  6   	1.057973e+00	( 1 5 4 6 2 3  )
GACTION: 5.090137e+00
CONGRAD5: time = 5.373001e-03 (fn F) masses = 1 iters = 5 mflops = 2.544991e+03
 OK converged final_rsq= 0.0085 (cf 0.016) rel = 1 (cf 0) restarts = 1 iters= 5
CONGRAD5: time = 6.154060e-03 (fn F) masses = 1 iters = 6 mflops = 2.666384e+03
 OK converged final_rsq= 0.015 (cf 0.016) rel = 1 (cf 0) restarts = 1 iters= 6
PBP: mass 1.250000e-01     1.097814e-01  3.050916e-01  6.159745e-04  1.073530e-03 ( 1 of 1 )
FACTION: mass = 1.250000e-01,  1.454408e+00 ( 1 of 1 )
CONGRAD5: time = 5.225182e-03 (fn F) masses = 1 iters = 5 mflops = 2.616988e+03
 OK converged final_rsq= 0.0085 (cf 0.016) rel = 1 (cf 0) restarts = 1 iters= 5
CONGRAD5: time = 5.936861e-03 (fn F) masses = 1 iters = 6 mflops = 2.763933e+03
 OK converged final_rsq= 0.015 (cf 0.016) rel = 1 (cf 0) restarts = 1 iters= 6
PBP: mass 1.250000e-01     1.050922e-01  3.076434e-01  3.700241e-03  3.379920e-03 ( 1 of 1 )
FACTION: mass = 1.250000e-01,  1.453909e+00 ( 1 of 1 )
CONGRAD5: time = 5.390167e-03 (fn F) masses = 1 iters = 5 mflops = 2.536886e+03
 OK converged final_rsq= 0.01 (cf 0.016) rel = 1 (cf 0) restarts = 1 iters= 5
CONGRAD5: time = 5.300999e-03 (fn F) masses = 1 iters = 5 mflops = 2.579559e+03
 OK converged final_rsq= 0.0097 (cf 0.016) rel = 1 (cf 0) restarts = 1 iters= 5
GFTIME:   time = 8.472681e-02 (Symanzik1) mflops = 4.160681e+03
FFTIME:  time = 2.877040e-01 (asqtad3) terms = 2 mflops = 3.475316e+03
CONGRAD5: time = 5.437136e-03 (fn F) masses = 1 iters = 5 mflops = 2.514971e+03
 OK converged final_rsq= 0.012 (cf 0.016) rel = 1 (cf 0) restarts = 1 iters= 5
CONGRAD5: time = 5.303860e-03 (fn F) masses = 1 iters = 5 mflops = 2.578168e+03
 OK converged final_rsq= 0.011 (cf 0.016) rel = 1 (cf 0) restarts = 1 iters= 5
GFTIME:   time = 8.428884e-02 (Symanzik1) mflops = 4.182300e+03
FFTIME:  time = 2.836790e-01 (asqtad3) terms = 2 mflops = 3.524626e+03
CONGRAD5: time = 5.440950e-03 (fn F) masses = 1 iters = 5 mflops = 2.513208e+03
 OK converged final_rsq= 0.012 (cf 0.016) rel = 1 (cf 0) restarts = 1 iters= 5
CONGRAD5: time = 5.295038e-03 (fn F) masses = 1 iters = 5 mflops = 2.582463e+03
 OK converged final_rsq= 0.012 (cf 0.016) rel = 1 (cf 0) restarts = 1 iters= 5
GFTIME:   time = 8.502889e-02 (Symanzik1) mflops = 4.145899e+03
FFTIME:  time = 2.860732e-01 (asqtad3) terms = 2 mflops = 3.495127e+03
CONGRAD5: time = 5.414963e-03 (fn F) masses = 1 iters = 5 mflops = 2.525269e+03
 OK converged final_rsq= 0.012 (cf 0.016) rel = 1 (cf 0) restarts = 1 iters= 5
CONGRAD5: time = 5.282164e-03 (fn F) masses = 1 iters = 5 mflops = 2.588757e+03
 OK converged final_rsq= 0.012 (cf 0.016) rel = 1 (cf 0) restarts = 1 iters= 5
GFTIME:   time = 8.415103e-02 (Symanzik1) mflops = 4.189149e+03
FFTIME:  time = 2.869511e-01 (asqtad3) terms = 2 mflops = 3.484435e+03
CONGRAD5: time = 5.374908e-03 (fn F) masses = 1 iters = 5 mflops = 2.544088e+03
 OK converged final_rsq= 0.012 (cf 0.016) rel = 1 (cf 0) restarts = 1 iters= 5
CONGRAD5: time = 5.232096e-03 (fn F) masses = 1 iters = 5 mflops = 2.613530e+03
 OK converged final_rsq= 0.011 (cf 0.016) rel = 1 (cf 0) restarts = 1 iters= 5
GFTIME:   time = 8.466697e-02 (Symanzik1) mflops = 4.163622e+03
FFTIME:  time = 2.876210e-01 (asqtad3) terms = 2 mflops = 3.476318e+03
PLAQ:	1.644329	1.645266
P_LOOP:	-6.709792e-03	2.457538e-02
G_LOOP:  0  0  4   	1.645259e+00	( 0 1 7 6  )
G_LOOP:  0  1  4   	1.644887e+00	( 0 2 7 5  )
G_LOOP:  0  2  4   	1.648300e+00	( 0 3 7 4  )
G_LOOP:  0  3  4   	1.642841e+00	( 1 2 6 5  )
G_LOOP:  0  4  4   	1.643302e+00	( 1 3 6 4  )
G_LOOP:  0  5  4   	1.644196e+00	( 2 3 5 4  )
G_LOOP:  1  0  6   	8.570332e-01	( 0 0 1 7 7 6  )
G_LOOP:  1  1  6   	8.564349e-01	( 0 0 2 7 7 5  )
G_LOOP:  1  2  6   	8.575904e-01	( 0 0 3 7 7 4  )
G_LOOP:  1  3  6   	8.546200e-01	( 1 1 0 6 6 7  )
G_LOOP:  1  4  6   	8.518105e-01	( 1 1 2 6 6 5  )
G_LOOP:  1  5  6   	8.528352e-01	( 1 1 3 6 6 4  )
G_LOOP:  1  6  6   	8.522190e-01	( 2 2 0 5 5 7  )
G_LOOP:  1  7  6   	8.538568e-01	( 2 2 1 5 5 6  )
G_LOOP:  1  8  6   	8.539536e-01	( 2 2 3 5 5 4  )
G_LOOP:  1  9  6   	8.538749e-01	( 3 3 0 4 4 7  )
G_LOOP:  1  10  6   	8.509052e-01	( 3 3 1 4 4 6  )
G_LOOP:  1  11  6   	8.542319e-01	( 3 3 2 4 4 5  )
G_LOOP:  2  0  6   	8.757616e-01	( 0 1 2 7 6 5  )
G_LOOP:  2  1  6   	8.783519e-01	( 0 1 5 7 6 2  )
G_LOOP:  2  2  6   	8.732871e-01	( 0 6 2 7 1 5  )
G_LOOP:  2  3  6   	8.757185e-01	( 0 6 5 7 1 2  )
G_LOOP:  2  4  6   	8.808826e-01	( 0 1 3 7 6 4  )
G_LOOP:  2  5  6   	8.805856e-01	( 0 1 4 7 6 3  )
G_LOOP:  2  6  6   	8.736942e-01	( 0 6 3 7 1 4  )
G_LOOP:  2  7  6   	8.766187e-01	( 0 6 4 7 1 3  )
G_LOOP:  2  8  6   	8.765765e-01	( 0 2 3 7 5 4  )
G_LOOP:  2  9  6   	8.804759e-01	( 0 2 4 7 5 3  )
G_LOOP:  2  10  6   	8.758448e-01	( 0 5 3 7 2 4  )
G_LOOP:  2  11  6   	8.745625e-01	( 0 5 4 7 2 3  )
G_LOOP:  2  12  6   	8.722904e-01	( 1 2 3 6 5 4  )
G_LOOP:  2  13  6   	8.801306e-01	( 1 2 4 6 5 3  )
G_LOOP:  2  14  6   	8.763059e-01	( 1 5 3 6 2 4  )
G_LOOP:  2  15  6   	8.742140e-01	( 1 5 4 6 2 3  )
GACTION: 5.781983e+00
CONGRAD5: time = 5.359888e-03 (fn F) masses = 1 iters = 5 mflops = 2.551217e+03
 OK converged final_rsq= 0.01 (cf 0.016) rel = 1 (cf 0) restarts = 1 iters= 5
CONGRAD5: time = 6.648064e-03 (fn F) masses = 1 iters = 7 mflops = 2.879626e+03
 OK converged final_rsq= 0.0082 (cf 0.016) rel = 1 (cf 0) restarts = 1 iters= 7
PBP: mass 1.250000e-01     1.244008e-01  3.278295e-01  1.524636e-03  4.785546e-05 ( 1 of 1 )
FACTION: mass = 1.250000e-01,  1.429116e+00 ( 1 of 1 )
CONGRAD5: time = 5.192995e-03 (fn F) masses = 1 iters = 5 mflops = 2.633209e+03
 OK converged final_rsq= 0.01 (cf 0.016) rel = 1 (cf 0) restarts = 1 iters= 5
CONGRAD5: time = 6.556034e-03 (fn F) masses = 1 iters = 7 mflops = 2.920048e+03
 OK converged final_rsq= 0.0083 (cf 0.016) rel = 1 (cf 0) restarts = 1 iters= 7
PBP: mass 1.250000e-01     1.240261e-01  3.300110e-01  -6.302996e-04  -4.874612e-04 ( 1 of 1 )
FACTION: mass = 1.250000e-01,  1.440693e+00 ( 1 of 1 )
RUNNING COMPLETED
average cg iters for step= 1.100000e+01
Time = 1.105181e+01 seconds
total_iters = 552
Checksums eb39cb37 375da3b2
Saved gauge configuration in parallel to binary file lat_p64_size64_1
Time stamp Thu May 19 14:54:52 2022
Wrote info file lat_p64_size64_1.info
Time to save = 3.066921e-02
CHECK PLAQ: 1.644329e+00 1.645266e+00
CHECK NERSC LINKTR: 1.712149e-01 CKSUM: b2397a8b


warms 0
trajecs 4
traj_between_meas 1
beta 5.6
mass1 0.01
mass2 0.01
u0 0.8441
microcanonical_time_step 0.02
steps_per_trajectory 15
max_cg_iterations 300
max_cg_restarts 5
error_per_site 1e-05
error_for_propagator 1e-05
npbp_reps 1
prec_pbp 1
reload_parallel lat_p64_size64_1
save_parallel lat_p64_size64_2
Restored binary gauge configuration in parallel from file lat_p64_size64_1
Time stamp Thu May 19 14:54:52 2022
Checksums eb39cb37 375da3b2 OK
Time to reload gauge configuration = 1.836705e-02
CHECK PLAQ: 1.644329e+00 1.645266e+00
CHECK NERSC LINKTR: 1.712149e-01 CKSUM: b2397a8b
Unitarity checked.  Max deviation 2.98e-07
Time to check unitarity = 3.352165e-04
"O(a^2): couplings(pi)=0, Naik term, No O(a^2) errors, tadpole weights"
path coefficients: npath  path_coeff  multiplicity
                    0      6.250000e-01     8
                    1      -5.847914e-02     8
                    2      -8.771871e-02     48
                    3      3.077829e-02     192
                    4      -7.199551e-03     384
                    5      -1.231132e-01     48
Symanzik 1x1 + 1x2 + 1x1x1 action
gauge_action: total_dyn_flavors = 3
loop coefficients: nloop rep loop_coeff  multiplicity
                    0 0      1.000000e+00     6
                    1 0      -7.762509e-02     12
                    2 0      -1.031171e-02     16
WARMUPS COMPLETED
CONGRAD5: time = 4.124579e-01 (fn F) masses = 1 iters = 602 mflops = 3.991628e+03
 OK converged final_rsq= 8.7e-11 (cf 1e-10) rel = 1 (cf 0) restarts = 3 iters= 602
CONGRAD5: time = 4.114389e-01 (fn F) masses = 1 iters = 602 mflops = 4.001514e+03
 OK converged final_rsq= 5.9e-11 (cf 1e-10) rel = 1 (cf 0) restarts = 3 iters= 602
GFTIME:   time = 8.409286e-02 (Symanzik1) mflops = 4.192047e+03
FFTIME:  time = 2.864821e-01 (asqtad3) terms = 2 mflops = 3.490139e+03
CONGRAD5: time = 4.776719e-01 (fn F) masses = 1 iters = 697 mflops = 3.990583e+03
 OK converged final_rsq= 1e-10 (cf 1e-10) rel = 1 (cf 0) restarts = 3 iters= 697
CONGRAD5: time = 4.314280e-01 (fn F) masses = 1 iters = 602 mflops = 3.816115e+03
 OK converged final_rsq= 8.1e-11 (cf 1e-10) rel = 1 (cf 0) restarts = 3 iters= 602
GFTIME:   time = 9.432292e-02 (Symanzik1) mflops = 3.737387e+03
FFTIME:  time = 2.841671e-01 (asqtad3) terms = 2 mflops = 3.518572e+03
CONGRAD5: time = 4.770751e-01 (fn F) masses = 1 iters = 696 mflops = 3.989842e+03
 OK converged final_rsq= 9.8e-11 (cf 1e-10) rel = 1 (cf 0) restarts = 3 iters= 696
CONGRAD5: time = 4.124038e-01 (fn F) masses = 1 iters = 602 mflops = 3.992151e+03
 OK converged final_rsq= 4.9e-11 (cf 1e-10) rel = 1 (cf 0) restarts = 3 iters= 602
GFTIME:   time = 8.421302e-02 (Symanzik1) mflops = 4.186066e+03
FFTIME:  time = 2.851741e-01 (asqtad3) terms = 2 mflops = 3.506146e+03
CONGRAD5: time = 5.037930e-01 (fn F) masses = 1 iters = 736 mflops = 3.995387e+03
 OK converged final_rsq= 5e-11 (cf 1e-10) rel = 1 (cf 0) restarts = 4 iters= 736
CONGRAD5: time = 4.117019e-01 (fn F) masses = 1 iters = 602 mflops = 3.998958e+03
 OK converged final_rsq= 6.1e-11 (cf 1e-10) rel = 1 (cf 0) restarts = 3 iters= 602
GFTIME:   time = 8.452010e-02 (Symanzik1) mflops = 4.170857e+03
FFTIME:  time = 2.833509e-01 (asqtad3) terms = 2 mflops = 3.528706e+03
CONGRAD5: time = 4.869871e-01 (fn F) masses = 1 iters = 712 mflops = 3.998487e+03
 OK converged final_rsq= 9.9e-11 (cf 1e-10) rel = 1 (cf 0) restarts = 3 iters= 712
CONGRAD5: time = 4.112320e-01 (fn F) masses = 1 iters = 602 mflops = 4.003527e+03
 OK converged final_rsq= 4.4e-11 (cf 1e-10) rel = 1 (cf 0) restarts = 3 iters= 602
GFTIME:   time = 8.398485e-02 (Symanzik1) mflops = 4.197438e+03
FFTIME:  time = 2.851861e-01 (asqtad3) terms = 2 mflops = 3.506000e+03
CONGRAD5: time = 5.089319e-01 (fn F) masses = 1 iters = 723 mflops = 3.885186e+03
 OK converged final_rsq= 9.9e-11 (cf 1e-10) rel = 1 (cf 0) restarts = 3 iters= 723
CONGRAD5: time = 4.756360e-01 (fn F) masses = 1 iters = 694 mflops = 3.990414e+03
 OK converged final_rsq= 9.9e-11 (cf 1e-10) rel = 1 (cf 0) restarts = 3 iters= 694
GFTIME:   time = 8.432293e-02 (Symanzik1) mflops = 4.180609e+03
FFTIME:  time = 2.843919e-01 (asqtad3) terms = 2 mflops = 3.515791e+03
CONGRAD5: time = 4.804232e-01 (fn F) masses = 1 iters = 702 mflops = 3.996192e+03
 OK converged final_rsq= 9.9e-11 (cf 1e-10) rel = 1 (cf 0) restarts = 3 iters= 702
CONGRAD5: time = 4.722321e-01 (fn F) masses = 1 iters = 691 mflops = 4.001803e+03
 OK converged final_rsq= 9.9e-11 (cf 1e-10) rel = 1 (cf 0) restarts = 3 iters= 691
GFTIME:   time = 8.383989e-02 (Symanzik1) mflops = 4.204695e+03
FFTIME:  time = 2.854011e-01 (asqtad3) terms = 2 mflops = 3.503358e+03
CONGRAD5: time = 5.112200e-01 (fn F) masses = 1 iters = 747 mflops = 3.996189e+03
 OK converged final_rsq= 5e-11 (cf 1e-10) rel = 1 (cf 0) restarts = 4 iters= 747
CONGRAD5: time = 4.772429e-01 (fn F) masses = 1 iters = 698 mflops = 3.999900e+03
 OK converged final_rsq= 9.9e-11 (cf 1e-10) rel = 1 (cf 0) restarts = 3 iters= 698
GFTIME:   time = 8.431101e-02 (Symanzik1) mflops = 4.181200e+03
FFTIME:  time = 2.841129e-01 (asqtad3) terms = 2 mflops = 3.519242e+03
CONGRAD5: time = 4.128900e-01 (fn F) masses = 1 iters = 602 mflops = 3.987451e+03
 OK converged final_rsq= 6.1e-11 (cf 1e-10) rel = 1 (cf 0) restarts = 3 iters= 602
CONGRAD5: time = 4.118800e-01 (fn F) masses = 1 iters = 602 mflops = 3.997228e+03
 OK converged final_rsq= 8.1e-11 (cf 1e-10) rel = 1 (cf 0) restarts = 3 iters= 602
GFTIME:   time = 8.419991e-02 (Symanzik1) mflops = 4.186717e+03
FFTIME:  time = 2.848620e-01 (asqtad3) terms = 2 mflops = 3.509988e+03
CONGRAD5: time = 5.008068e-01 (fn F) masses = 1 iters = 733 mflops = 4.002828e+03
 OK converged final_rsq= 1e-10 (cf 1e-10) rel = 1 (cf 0) restarts = 3 iters= 733
CONGRAD5: time = 4.697380e-01 (fn F) masses = 1 iters = 687 mflops = 3.999763e+03
 OK converged final_rsq= 5e-11 (cf 1e-10) rel = 1 (cf 0) restarts = 4 iters= 687
GFTIME:   time = 8.392406e-02 (Symanzik1) mflops = 4.200479e+03
FFTIME:  time = 2.838750e-01 (asqtad3) terms = 2 mflops = 3.522192e+03
CONGRAD5: time = 4.798970e-01 (fn F) masses = 1 iters = 702 mflops = 4.000573e+03
 OK converged final_rsq= 1e-10 (cf 1e-10) rel = 1 (cf 0) restarts = 3 iters= 702
CONGRAD5: time = 4.872990e-01 (fn F) masses = 1 iters = 714 mflops = 4.007153e+03
 OK converged final_rsq= 9.9e-11 (cf 1e-10) rel = 1 (cf 0) restarts = 3 iters= 714
GFTIME:   time = 8.430290e-02 (Symanzik1) mflops = 4.181602e+03
FFTIME:  time = 2.839789e-01 (asqtad3) terms = 2 mflops = 3.520903e+03
CONGRAD5: time = 5.043380e-01 (fn F) masses = 1 iters = 736 mflops = 3.991070e+03
 OK converged final_rsq= 5e-11 (cf 1e-10) rel = 1 (cf 0) restarts = 4 iters= 736
CONGRAD5: time = 4.793391e-01 (fn F) masses = 1 iters = 691 mflops = 3.942470e+03
 OK converged final_rsq= 1e-10 (cf 1e-10) rel = 1 (cf 0) restarts = 3 iters= 691
GFTIME:   time = 8.495903e-02 (Symanzik1) mflops = 4.149308e+03
FFTIME:  time = 2.877100e-01 (asqtad3) terms = 2 mflops = 3.475244e+03
CONGRAD5: time = 4.124432e-01 (fn F) masses = 1 iters = 602 mflops = 3.991771e+03
 OK converged final_rsq= 5.9e-11 (cf 1e-10) rel = 1 (cf 0) restarts = 3 iters= 602
CONGRAD5: time = 4.810209e-01 (fn F) masses = 1 iters = 704 mflops = 4.002597e+03
 OK converged final_rsq= 9.9e-11 (cf 1e-10) rel = 1 (cf 0) restarts = 3 iters= 704
GFTIME:   time = 8.415389e-02 (Symanzik1) mflops = 4.189007e+03
FFTIME:  time = 2.848511e-01 (asqtad3) terms = 2 mflops = 3.510123e+03
CONGRAD5: time = 4.938550e-01 (fn F) masses = 1 iters = 722 mflops = 3.998259e+03
 OK converged final_rsq= 1e-10 (cf 1e-10) rel = 1 (cf 0) restarts = 3 iters= 722
CONGRAD5: time = 4.873991e-01 (fn F) masses = 1 iters = 714 mflops = 4.006330e+03
 OK converged final_rsq= 9.9e-11 (cf 1e-10) rel = 1 (cf 0) restarts = 3 iters= 714
GFTIME:   time = 8.409500e-02 (Symanzik1) mflops = 4.191940e+03
FFTIME:  time = 2.837479e-01 (asqtad3) terms = 2 mflops = 3.523770e+03
CONGRAD5: time = 5.026650e-01 (fn F) masses = 1 iters = 734 mflops = 3.993471e+03
 OK converged final_rsq= 5e-11 (cf 1e-10) rel = 1 (cf 0) restarts = 4 iters= 734
CONGRAD5: time = 4.990709e-01 (fn F) masses = 1 iters = 730 mflops = 4.000312e+03
 OK converged final_rsq= 5e-11 (cf 1e-10) rel = 1 (cf 0) restarts = 4 iters= 730
GFTIME:   time = 8.381701e-02 (Symanzik1) mflops = 4.205844e+03
FFTIME:  time = 2.848909e-01 (asqtad3) terms = 2 mflops = 3.509632e+03
PLAQ:	1.539774	1.537947
P_LOOP:	2.137525e-02	-1.868548e-03
G_LOOP:  0  0  4   	1.540746e+00	( 0 1 7 6  )
G_LOOP:  0  1  4   	1.540140e+00	( 0 2 7 5  )
G_LOOP:  0  2  4   	1.541719e+00	( 0 3 7 4  )
G_LOOP:  0  3  4   	1.538434e+00	( 1 2 6 5  )
G_LOOP:  0  4  4   	1.537550e+00	( 1 3 6 4  )
G_LOOP:  0  5  4   	1.534573e+00	( 2 3 5 4  )
G_LOOP:  1  0  6   	7.790819e-01	( 0 0 1 7 7 6  )
G_LOOP:  1  1  6   	7.799391e-01	( 0 0 2 7 7 5  )
G_LOOP:  1  2  6   	7.791043e-01	( 0 0 3 7 7 4  )
G_LOOP:  1  3  6   	7.764447e-01	( 1 1 0 6 6 7  )
G_LOOP:  1  4  6   	7.782270e-01	( 1 1 2 6 6 5  )
G_LOOP:  1  5  6   	7.747586e-01	( 1 1 3 6 6 4  )
G_LOOP:  1  6  6   	7.836418e-01	( 2 2 0 5 5 7  )
G_LOOP:  1  7  6   	7.799032e-01	( 2 2 1 5 5 6  )
G_LOOP:  1  8  6   	7.734723e-01	( 2 2 3 5 5 4  )
G_LOOP:  1  9  6   	7.777085e-01	( 3 3 0 4 4 7  )
G_LOOP:  1  10  6   	7.756252e-01	( 3 3 1 4 4 6  )
G_LOOP:  1  11  6   	7.764703e-01	( 3 3 2 4 4 5  )
G_LOOP:  2  0  6   	7.994985e-01	( 0 1 2 7 6 5  )
G_LOOP:  2  1  6   	7.979915e-01	( 0 1 5 7 6 2  )
G_LOOP:  2  2  6   	7.953705e-01	( 0 6 2 7 1 5  )
G_LOOP:  2  3  6   	8.003053e-01	( 0 6 5 7 1 2  )
G_LOOP:  2  4  6   	8.009586e-01	( 0 1 3 7 6 4  )
G_LOOP:  2  5  6   	7.984360e-01	( 0 1 4 7 6 3  )
G_LOOP:  2  6  6   	7.979490e-01	( 0 6 3 7 1 4  )
G_LOOP:  2  7  6   	7.995333e-01	( 0 6 4 7 1 3  )
G_LOOP:  2  8  6   	7.957329e-01	( 0 2 3 7 5 4  )
G_LOOP:  2  9  6   	7.977878e-01	( 0 2 4 7 5 3  )
G_LOOP:  2  10  6   	7.963617e-01	( 0 5 3 7 2 4  )
G_LOOP:  2  11  6   	7.972991e-01	( 0 5 4 7 2 3  )
G_LOOP:  2  12  6   	7.945366e-01	( 1 2 3 6 5 4  )
G_LOOP:  2  13  6   	8.011747e-01	( 1 2 4 6 5 3  )
G_LOOP:  2  14  6   	7.986753e-01	( 1 5 3 6 2 4  )
G_LOOP:  2  15  6   	7.990682e-01	( 1 5 4 6 2 3  )
GACTION: 6.333642e+00
CONGRAD5: time = 4.853311e-01 (fn F) masses = 1 iters = 710 mflops = 4.000861e+03
 OK converged final_rsq= 9.9e-11 (cf 1e-10) rel = 1 (cf 0) restarts = 3 iters= 710
CONGRAD5: time = 5.533695e-02 (fn F) masses = 1 iters = 79 mflops = 3.904317e+03
 OK converged final_rsq= 9.7e-11 (cf 1e-10) rel = 1 (cf 0) restarts = 1 iters= 79
PBP: mass 1.000000e-02     5.439549e-02  3.149370e-02  7.460282e-03  7.456457e-03 ( 1 of 1 )
FACTION: mass = 1.000000e-02,  1.500299e+00 ( 1 of 1 )
CONGRAD5: time = 4.785562e-01 (fn F) masses = 1 iters = 701 mflops = 4.006068e+03
 OK converged final_rsq= 5e-11 (cf 1e-10) rel = 1 (cf 0) restarts = 4 iters= 701
CONGRAD5: time = 5.125117e-02 (fn F) masses = 1 iters = 73 mflops = 3.895402e+03
 OK converged final_rsq= 9.9e-11 (cf 1e-10) rel = 1 (cf 0) restarts = 1 iters= 73
PBP: mass 1.000000e-02     5.045901e-02  4.403169e-02  -3.122000e-03  -3.124954e-03 ( 1 of 1 )
FACTION: mass = 1.000000e-02,  1.498603e+00 ( 1 of 1 )
CONGRAD5: time = 4.965971e-01 (fn F) masses = 1 iters = 724 mflops = 3.987196e+03
 OK converged final_rsq= 9.8e-11 (cf 1e-10) rel = 1 (cf 0) restarts = 3 iters= 724
CONGRAD5: time = 4.682560e-01 (fn F) masses = 1 iters = 685 mflops = 4.000741e+03
 OK converged final_rsq= 9.8e-11 (cf 1e-10) rel = 1 (cf 0) restarts = 3 iters= 685
GFTIME:   time = 8.388805e-02 (Symanzik1) mflops = 4.202281e+03
FFTIME:  time = 2.876251e-01 (asqtad3) terms = 2 mflops = 3.476269e+03
CONGRAD5: time = 5.106471e-01 (fn F) masses = 1 iters = 746 mflops = 3.995316e+03
 OK converged final_rsq= 5e-11 (cf 1e-10) rel = 1 (cf 0) restarts = 4 iters= 746
CONGRAD5: time = 4.110010e-01 (fn F) masses = 1 iters = 602 mflops = 4.005778e+03
 OK converged final_rsq= 7.6e-11 (cf 1e-10) rel = 1 (cf 0) restarts = 3 iters= 602
GFTIME:   time = 8.427596e-02 (Symanzik1) mflops = 4.182939e+03
FFTIME:  time = 2.867010e-01 (asqtad3) terms = 2 mflops = 3.487474e+03
CONGRAD5: time = 4.992781e-01 (fn F) masses = 1 iters = 729 mflops = 3.993174e+03
 OK converged final_rsq= 5e-11 (cf 1e-10) rel = 1 (cf 0) restarts = 4 iters= 729
CONGRAD5: time = 4.862418e-01 (fn F) masses = 1 iters = 711 mflops = 3.998992e+03
 OK converged final_rsq= 5e-11 (cf 1e-10) rel = 1 (cf 0) restarts = 4 iters= 711
GFTIME:   time = 8.405709e-02 (Symanzik1) mflops = 4.193831e+03
FFTIME:  time = 2.835782e-01 (asqtad3) terms = 2 mflops = 3.525879e+03
CONGRAD5: time = 4.798748e-01 (fn F) masses = 1 iters = 699 mflops = 3.983661e+03
 OK converged final_rsq= 5e-11 (cf 1e-10) rel = 1 (cf 0) restarts = 4 iters= 699
CONGRAD5: time = 4.912939e-01 (fn F) masses = 1 iters = 719 mflops = 4.002402e+03
 OK converged final_rsq= 1e-10 (cf 1e-10) rel = 1 (cf 0) restarts = 3 iters= 719
GFTIME:   time = 8.393097e-02 (Symanzik1) mflops = 4.200133e+03
FFTIME:  time = 2.855680e-01 (asqtad3) terms = 2 mflops = 3.501311e+03
CONGRAD5: time = 5.001950e-01 (fn F) masses = 1 iters = 731 mflops = 3.996789e+03
 OK converged final_rsq= 1e-10 (cf 1e-10) rel = 1 (cf 0) restarts = 3 iters= 731
CONGRAD5: time = 4.673951e-01 (fn F) masses = 1 iters = 683 mflops = 3.996408e+03
 OK converged final_rsq= 5e-11 (cf 1e-10) rel = 1 (cf 0) restarts = 4 iters= 683
GFTIME:   time = 8.414078e-02 (Symanzik1) mflops = 4.189660e+03
FFTIME:  time = 2.864521e-01 (asqtad3) terms = 2 mflops = 3.490505e+03
CONGRAD5: time = 5.283139e-01 (fn F) masses = 1 iters = 771 mflops = 3.991127e+03
 OK converged final_rsq= 5e-11 (cf 1e-10) rel = 1 (cf 0) restarts = 4 iters= 771
CONGRAD5: time = 4.861150e-01 (fn F) masses = 1 iters = 712 mflops = 4.005661e+03
 OK converged final_rsq= 1e-10 (cf 1e-10) rel = 1 (cf 0) restarts = 3 iters= 712
GFTIME:   time = 8.425713e-02 (Symanzik1) mflops = 4.183874e+03
FFTIME:  time = 2.880030e-01 (asqtad3) terms = 2 mflops = 3.471708e+03
CONGRAD5: time = 4.889920e-01 (fn F) masses = 1 iters = 714 mflops = 3.993279e+03
 OK converged final_rsq= 5e-11 (cf 1e-10) rel = 1 (cf 0) restarts = 4 iters= 714
CONGRAD5: time = 4.119661e-01 (fn F) masses = 1 iters = 602 mflops = 3.996393e+03
 OK converged final_rsq= 7.4e-11 (cf 1e-10) rel = 1 (cf 0) restarts = 3 iters= 602
GFTIME:   time = 8.403993e-02 (Symanzik1) mflops = 4.194687e+03
FFTIME:  time = 2.843800e-01 (asqtad3) terms = 2 mflops = 3.515938e+03
CONGRAD5: time = 5.025599e-01 (fn F) masses = 1 iters = 735 mflops = 3.999749e+03
 OK converged final_rsq= 9.8e-11 (cf 1e-10) rel = 1 (cf 0) restarts = 3 iters= 735
CONGRAD5: time = 4.832039e-01 (fn F) masses = 1 iters = 706 mflops = 3.995834e+03
 OK converged final_rsq= 5e-11 (cf 1e-10) rel = 1 (cf 0) restarts = 4 iters= 706
GFTIME:   time = 8.441186e-02 (Symanzik1) mflops = 4.176205e+03
FFTIME:  time = 2.842841e-01 (asqtad3) terms = 2 mflops = 3.517123e+03
CONGRAD5: time = 4.937840e-01 (fn F) masses = 1 iters = 721 mflops = 3.993296e+03
 OK converged final_rsq= 5e-11 (cf 1e-10) rel = 1 (cf 0) restarts = 4 iters= 721
CONGRAD5: time = 5.114210e-01 (fn F) masses = 1 iters = 747 mflops = 3.994618e+03
 OK converged final_rsq= 5e-11 (cf 1e-10) rel = 1 (cf 0) restarts = 4 iters= 747
GFTIME:   time = 8.424520e-02 (Symanzik1) mflops = 4.184466e+03
FFTIME:  time = 2.861381e-01 (asqtad3) terms = 2 mflops = 3.494335e+03
CONGRAD5: time = 5.066230e-01 (fn F) masses = 1 iters = 739 mflops = 3.989263e+03
 OK converged final_rsq= 5e-11 (cf 1e-10) rel = 1 (cf 0) restarts = 4 iters= 739
CONGRAD5: time = 4.706290e-01 (fn F) masses = 1 iters = 688 mflops = 3.998002e+03
 OK converged final_rsq= 9.9e-11 (cf 1e-10) rel = 1 (cf 0) restarts = 3 iters= 688
GFTIME:   time = 8.405304e-02 (Symanzik1) mflops = 4.194033e+03
FFTIME:  time = 2.851651e-01 (asqtad3) terms = 2 mflops = 3.506258e+03
CONGRAD5: time = 5.098560e-01 (fn F) masses = 1 iters = 745 mflops = 3.996151e+03
 OK converged final_rsq= 5e-11 (cf 1e-10) rel = 1 (cf 0) restarts = 4 iters= 745
CONGRAD5: time = 4.882231e-01 (fn F) masses = 1 iters = 716 mflops = 4.010771e+03
 OK converged final_rsq= 1e-10 (cf 1e-10) rel = 1 (cf 0) restarts = 3 iters= 716
GFTIME:   time = 8.400106e-02 (Symanzik1) mflops = 4.196628e+03
FFTIME:  time = 2.864580e-01 (asqtad3) terms = 2 mflops = 3.490432e+03
CONGRAD5: time = 5.294061e-01 (fn F) masses = 1 iters = 772 mflops = 3.988059e+03
 OK converged final_rsq= 5e-11 (cf 1e-10) rel = 1 (cf 0) restarts = 4 iters= 772
CONGRAD5: time = 5.017989e-01 (fn F) masses = 1 iters = 733 mflops = 3.994915e+03
 OK converged final_rsq= 5e-11 (cf 1e-10) rel = 1 (cf 0) restarts = 4 iters= 733
GFTIME:   time = 8.411789e-02 (Symanzik1) mflops = 4.190800e+03
FFTIME:  time = 2.846808e-01 (asqtad3) terms = 2 mflops = 3.512222e+03
CONGRAD5: time = 4.934311e-01 (fn F) masses = 1 iters = 721 mflops = 3.996152e+03
 OK converged final_rsq= 5e-11 (cf 1e-10) rel = 1 (cf 0) restarts = 4 iters= 721
CONGRAD5: time = 4.950418e-01 (fn F) masses = 1 iters = 724 mflops = 3.999722e+03
 OK converged final_rsq= 5e-11 (cf 1e-10) rel = 1 (cf 0) restarts = 4 iters= 724
GFTIME:   time = 8.375692e-02 (Symanzik1) mflops = 4.208861e+03
FFTIME:  time = 2.874372e-01 (asqtad3) terms = 2 mflops = 3.478542e+03
CONGRAD5: time = 5.193939e-01 (fn F) masses = 1 iters = 759 mflops = 3.996484e+03
 OK converged final_rsq= 5e-11 (cf 1e-10) rel = 1 (cf 0) restarts = 4 iters= 759
CONGRAD5: time = 4.960821e-01 (fn F) masses = 1 iters = 727 mflops = 4.007874e+03
 OK converged final_rsq= 1e-10 (cf 1e-10) rel = 1 (cf 0) restarts = 3 iters= 727
GFTIME:   time = 8.460188e-02 (Symanzik1) mflops = 4.166825e+03
FFTIME:  time = 2.841990e-01 (asqtad3) terms = 2 mflops = 3.518177e+03
CONGRAD5: time = 5.163820e-01 (fn F) masses = 1 iters = 754 mflops = 3.993314e+03
 OK converged final_rsq= 4.9e-11 (cf 1e-10) rel = 1 (cf 0) restarts = 4 iters= 754
CONGRAD5: time = 4.110260e-01 (fn F) masses = 1 iters = 602 mflops = 4.005534e+03
 OK converged final_rsq= 9.2e-11 (cf 1e-10) rel = 1 (cf 0) restarts = 3 iters= 602
GFTIME:   time = 8.432817e-02 (Symanzik1) mflops = 4.180349e+03
FFTIME:  time = 2.851391e-01 (asqtad3) terms = 2 mflops = 3.506577e+03
PLAQ:	1.497626	1.498130
P_LOOP:	1.991909e-02	-1.379642e-02
G_LOOP:  0  0  4   	1.497047e+00	( 0 1 7 6  )
G_LOOP:  0  1  4   	1.498616e+00	( 0 2 7 5  )
G_LOOP:  0  2  4   	1.498145e+00	( 0 3 7 4  )
G_LOOP:  0  3  4   	1.497214e+00	( 1 2 6 5  )
G_LOOP:  0  4  4   	1.496954e+00	( 1 3 6 4  )
G_LOOP:  0  5  4   	1.499291e+00	( 2 3 5 4  )
G_LOOP:  1  0  6   	7.398073e-01	( 0 0 1 7 7 6  )
G_LOOP:  1  1  6   	7.422374e-01	( 0 0 2 7 7 5  )
G_LOOP:  1  2  6   	7.394495e-01	( 0 0 3 7 7 4  )
G_LOOP:  1  3  6   	7.382840e-01	( 1 1 0 6 6 7  )
G_LOOP:  1  4  6   	7.365532e-01	( 1 1 2 6 6 5  )
G_LOOP:  1  5  6   	7.371902e-01	( 1 1 3 6 6 4  )
G_LOOP:  1  6  6   	7.456752e-01	( 2 2 0 5 5 7  )
G_LOOP:  1  7  6   	7.428936e-01	( 2 2 1 5 5 6  )
G_LOOP:  1  8  6   	7.390187e-01	( 2 2 3 5 5 4  )
G_LOOP:  1  9  6   	7.398111e-01	( 3 3 0 4 4 7  )
G_LOOP:  1  10  6   	7.389642e-01	( 3 3 1 4 4 6  )
G_LOOP:  1  11  6   	7.400356e-01	( 3 3 2 4 4 5  )
G_LOOP:  2  0  6   	7.607733e-01	( 0 1 2 7 6 5  )
G_LOOP:  2  1  6   	7.581736e-01	( 0 1 5 7 6 2  )
G_LOOP:  2  2  6   	7.537819e-01	( 0 6 2 7 1 5  )
G_LOOP:  2  3  6   	7.623529e-01	( 0 6 5 7 1 2  )
G_LOOP:  2  4  6   	7.597389e-01	( 0 1 3 7 6 4  )
G_LOOP:  2  5  6   	7.537096e-01	( 0 1 4 7 6 3  )
G_LOOP:  2  6  6   	7.572606e-01	( 0 6 3 7 1 4  )
G_LOOP:  2  7  6   	7.594713e-01	( 0 6 4 7 1 3  )
G_LOOP:  2  8  6   	7.558015e-01	( 0 2 3 7 5 4  )
G_LOOP:  2  9  6   	7.618569e-01	( 0 2 4 7 5 3  )
G_LOOP:  2  10  6   	7.589309e-01	( 0 5 3 7 2 4  )
G_LOOP:  2  11  6   	7.602545e-01	( 0 5 4 7 2 3  )
G_LOOP:  2  12  6   	7.595571e-01	( 1 2 3 6 5 4  )
G_LOOP:  2  13  6   	7.632494e-01	( 1 2 4 6 5 3  )
G_LOOP:  2  14  6   	7.579410e-01	( 1 5 3 6 2 4  )
G_LOOP:  2  15  6   	7.601606e-01	( 1 5 4 6 2 3  )
GACTION: 6.537787e+00
CONGRAD5: time = 4.132180e-01 (fn F) masses = 1 iters = 602 mflops = 3.984285e+03
 OK converged final_rsq= 1e-10 (cf 1e-10) rel = 1 (cf 0) restarts = 3 iters= 602
CONGRAD5: time = 9.374094e-02 (fn F) masses = 1 iters = 133 mflops = 3.880213e+03
 OK converged final_rsq= 5e-11 (cf 1e-10) rel = 1 (cf 0) restarts = 2 iters= 133
PBP: mass 1.000000e-02     4.180596e-02  5.650046e-02  6.282065e-03  6.257703e-03 ( 1 of 1 )
FACTION: mass = 1.000000e-02,  1.499623e+00 ( 1 of 1 )
CONGRAD5: time = 4.922919e-01 (fn F) masses = 1 iters = 709 mflops = 3.938735e+03
 OK converged final_rsq= 5e-11 (cf 1e-10) rel = 1 (cf 0) restarts = 4 iters= 709
CONGRAD5: time = 5.268812e-02 (fn F) masses = 1 iters = 75 mflops = 3.892976e+03
 OK converged final_rsq= 1e-10 (cf 1e-10) rel = 1 (cf 0) restarts = 1 iters= 75
PBP: mass 1.000000e-02     4.935784e-02  4.621076e-02  -8.936203e-03  -8.936002e-03 ( 1 of 1 )
FACTION: mass = 1.000000e-02,  1.495237e+00 ( 1 of 1 )
CONGRAD5: time = 5.195110e-01 (fn F) masses = 1 iters = 758 mflops = 3.990319e+03
 OK converged final_rsq= 5e-11 (cf 1e-10) rel = 1 (cf 0) restarts = 4 iters= 758
CONGRAD5: time = 5.026190e-01 (fn F) masses = 1 iters = 735 mflops = 3.999278e+03
 OK converged final_rsq= 1e-10 (cf 1e-10) rel = 1 (cf 0) restarts = 3 iters= 735
GFTIME:   time = 8.413887e-02 (Symanzik1) mflops = 4.189755e+03
FFTIME:  time = 2.863312e-01 (asqtad3) terms = 2 mflops = 3.491978e+03
CONGRAD5: time = 5.184839e-01 (fn F) masses = 1 iters = 759 mflops = 4.003499e+03
 OK converged final_rsq= 9.9e-11 (cf 1e-10) rel = 1 (cf 0) restarts = 3 iters= 759
CONGRAD5: time = 4.731340e-01 (fn F) masses = 1 iters = 693 mflops = 4.005735e+03
 OK converged final_rsq= 9.9e-11 (cf 1e-10) rel = 1 (cf 0) restarts = 3 iters= 693
GFTIME:   time = 8.379912e-02 (Symanzik1) mflops = 4.206741e+03
FFTIME:  time = 2.846601e-01 (asqtad3) terms = 2 mflops = 3.512478e+03
CONGRAD5: time = 5.420849e-01 (fn F) masses = 1 iters = 777 mflops = 3.920007e+03
 OK converged final_rsq= 1e-10 (cf 1e-10) rel = 1 (cf 0) restarts = 3 iters= 777
CONGRAD5: time = 4.876060e-01 (fn F) masses = 1 iters = 715 mflops = 4.010238e+03
 OK converged final_rsq= 1e-10 (cf 1e-10) rel = 1 (cf 0) restarts = 3 iters= 715
GFTIME:   time = 8.403420e-02 (Symanzik1) mflops = 4.194973e+03
FFTIME:  time = 2.861569e-01 (asqtad3) terms = 2 mflops = 3.494105e+03
CONGRAD5: time = 5.185628e-01 (fn F) masses = 1 iters = 755 mflops = 3.981794e+03
 OK converged final_rsq= 4.9e-11 (cf 1e-10) rel = 1 (cf 0) restarts = 4 iters= 755
CONGRAD5: time = 5.132570e-01 (fn F) masses = 1 iters = 709 mflops = 3.777848e+03
 OK converged final_rsq= 9.9e-11 (cf 1e-10) rel = 1 (cf 0) restarts = 3 iters= 709
GFTIME:   time = 8.420897e-02 (Symanzik1) mflops = 4.186267e+03
FFTIME:  time = 2.861729e-01 (asqtad3) terms = 2 mflops = 3.493910e+03
CONGRAD5: time = 5.650799e-01 (fn F) masses = 1 iters = 769 mflops = 3.721771e+03
 OK converged final_rsq= 5e-11 (cf 1e-10) rel = 1 (cf 0) restarts = 4 iters= 769
CONGRAD5: time = 5.319531e-01 (fn F) masses = 1 iters = 737 mflops = 3.789024e+03
 OK converged final_rsq= 1e-10 (cf 1e-10) rel = 1 (cf 0) restarts = 3 iters= 737
GFTIME:   time = 8.442593e-02 (Symanzik1) mflops = 4.175509e+03
FFTIME:  time = 2.848561e-01 (asqtad3) terms = 2 mflops = 3.510061e+03
CONGRAD5: time = 5.126278e-01 (fn F) masses = 1 iters = 749 mflops = 3.995884e+03
 OK converged final_rsq= 1e-10 (cf 1e-10) rel = 1 (cf 0) restarts = 3 iters= 749
CONGRAD5: time = 5.151060e-01 (fn F) masses = 1 iters = 752 mflops = 3.992588e+03
 OK converged final_rsq= 5e-11 (cf 1e-10) rel = 1 (cf 0) restarts = 4 iters= 752
GFTIME:   time = 8.410192e-02 (Symanzik1) mflops = 4.191596e+03
FFTIME:  time = 2.902651e-01 (asqtad3) terms = 2 mflops = 3.444652e+03
CONGRAD5: time = 5.223501e-01 (fn F) masses = 1 iters = 761 mflops = 3.984338e+03
 OK converged final_rsq= 5e-11 (cf 1e-10) rel = 1 (cf 0) restarts = 4 iters= 761
CONGRAD5: time = 5.006840e-01 (fn F) masses = 1 iters = 731 mflops = 3.992885e+03
 OK converged final_rsq= 1e-10 (cf 1e-10) rel = 1 (cf 0) restarts = 3 iters= 731
GFTIME:   time = 8.420014e-02 (Symanzik1) mflops = 4.186706e+03
FFTIME:  time = 2.851579e-01 (asqtad3) terms = 2 mflops = 3.506346e+03
CONGRAD5: time = 5.145030e-01 (fn F) masses = 1 iters = 750 mflops = 3.986636e+03
 OK converged final_rsq= 4.9e-11 (cf 1e-10) rel = 1 (cf 0) restarts = 4 iters= 750
CONGRAD5: time = 5.041358e-01 (fn F) masses = 1 iters = 735 mflops = 3.987245e+03
 OK converged final_rsq= 5e-11 (cf 1e-10) rel = 1 (cf 0) restarts = 4 iters= 735
GFTIME:   time = 8.395791e-02 (Symanzik1) mflops = 4.198785e+03
FFTIME:  time = 2.851260e-01 (asqtad3) terms = 2 mflops = 3.506739e+03
CONGRAD5: time = 5.358911e-01 (fn F) masses = 1 iters = 782 mflops = 3.990832e+03
 OK converged final_rsq= 4.9e-11 (cf 1e-10) rel = 1 (cf 0) restarts = 4 iters= 782
CONGRAD5: time = 5.264490e-01 (fn F) masses = 1 iters = 767 mflops = 3.984486e+03
 OK converged final_rsq= 5e-11 (cf 1e-10) rel = 1 (cf 0) restarts = 4 iters= 767
GFTIME:   time = 8.408093e-02 (Symanzik1) mflops = 4.192642e+03
FFTIME:  time = 2.845440e-01 (asqtad3) terms = 2 mflops = 3.513911e+03
CONGRAD5: time = 5.226240e-01 (fn F) masses = 1 iters = 762 mflops = 3.987483e+03
 OK converged final_rsq= 5e-11 (cf 1e-10) rel = 1 (cf 0) restarts = 4 iters= 762
CONGRAD5: time = 5.013039e-01 (fn F) masses = 1 iters = 725 mflops = 3.955215e+03
 OK converged final_rsq= 9.9e-11 (cf 1e-10) rel = 1 (cf 0) restarts = 3 iters= 725
GFTIME:   time = 8.399796e-02 (Symanzik1) mflops = 4.196783e+03
FFTIME:  time = 2.851391e-01 (asqtad3) terms = 2 mflops = 3.506577e+03
CONGRAD5: time = 5.185618e-01 (fn F) masses = 1 iters = 756 mflops = 3.987075e+03
 OK converged final_rsq= 5e-11 (cf 1e-10) rel = 1 (cf 0) restarts = 4 iters= 756
CONGRAD5: time = 5.247860e-01 (fn F) masses = 1 iters = 766 mflops = 3.991901e+03
 OK converged final_rsq= 5e-11 (cf 1e-10) rel = 1 (cf 0) restarts = 4 iters= 766
GFTIME:   time = 8.418179e-02 (Symanzik1) mflops = 4.187619e+03
FFTIME:  time = 2.869189e-01 (asqtad3) terms = 2 mflops = 3.484826e+03
CONGRAD5: time = 5.192561e-01 (fn F) masses = 1 iters = 757 mflops = 3.987011e+03
 OK converged final_rsq= 5e-11 (cf 1e-10) rel = 1 (cf 0) restarts = 4 iters= 757
CONGRAD5: time = 4.898090e-01 (fn F) masses = 1 iters = 715 mflops = 3.992201e+03
 OK converged final_rsq= 5e-11 (cf 1e-10) rel = 1 (cf 0) restarts = 4 iters= 715
GFTIME:   time = 8.386803e-02 (Symanzik1) mflops = 4.203285e+03
FFTIME:  time = 2.832232e-01 (asqtad3) terms = 2 mflops = 3.530299e+03
CONGRAD5: time = 5.299301e-01 (fn F) masses = 1 iters = 774 mflops = 3.994437e+03
 OK converged final_rsq= 5e-11 (cf 1e-10) rel = 1 (cf 0) restarts = 4 iters= 774
CONGRAD5: time = 4.913850e-01 (fn F) masses = 1 iters = 719 mflops = 4.001660e+03
 OK converged final_rsq= 1e-10 (cf 1e-10) rel = 1 (cf 0) restarts = 3 iters= 719
GFTIME:   time = 8.402491e-02 (Symanzik1) mflops = 4.195437e+03
FFTIME:  time = 2.847772e-01 (asqtad3) terms = 2 mflops = 3.511034e+03
CONGRAD5: time = 5.369141e-01 (fn F) masses = 1 iters = 783 mflops = 3.988321e+03
 OK converged final_rsq= 5e-11 (cf 1e-10) rel = 1 (cf 0) restarts = 4 iters= 783
CONGRAD5: time = 5.059299e-01 (fn F) masses = 1 iters = 738 mflops = 3.989323e+03
 OK converged final_rsq= 5e-11 (cf 1e-10) rel = 1 (cf 0) restarts = 4 iters= 738
GFTIME:   time = 8.403993e-02 (Symanzik1) mflops = 4.194687e+03
FFTIME:  time = 2.834589e-01 (asqtad3) terms = 2 mflops = 3.527362e+03
CONGRAD5: time = 5.356879e-01 (fn F) masses = 1 iters = 781 mflops = 3.987240e+03
 OK converged final_rsq= 5e-11 (cf 1e-10) rel = 1 (cf 0) restarts = 4 iters= 781
CONGRAD5: time = 5.044260e-01 (fn F) masses = 1 iters = 737 mflops = 3.995795e+03
 OK converged final_rsq= 1e-10 (cf 1e-10) rel = 1 (cf 0) restarts = 3 iters= 737
GFTIME:   time = 8.401299e-02 (Symanzik1) mflops = 4.196032e+03
FFTIME:  time = 2.864120e-01 (asqtad3) terms = 2 mflops = 3.490993e+03
PLAQ:	1.473963	1.473385
P_LOOP:	-7.764093e-03	6.219712e-03
G_LOOP:  0  0  4   	1.474057e+00	( 0 1 7 6  )
G_LOOP:  0  1  4   	1.476495e+00	( 0 2 7 5  )
G_LOOP:  0  2  4   	1.473365e+00	( 0 3 7 4  )
G_LOOP:  0  3  4   	1.471338e+00	( 1 2 6 5  )
G_LOOP:  0  4  4   	1.472826e+00	( 1 3 6 4  )
G_LOOP:  0  5  4   	1.473963e+00	( 2 3 5 4  )
G_LOOP:  1  0  6   	7.133980e-01	( 0 0 1 7 7 6  )
G_LOOP:  1  1  6   	7.231318e-01	( 0 0 2 7 7 5  )
G_LOOP:  1  2  6   	7.177161e-01	( 0 0 3 7 7 4  )
G_LOOP:  1  3  6   	7.170766e-01	( 1 1 0 6 6 7  )
G_LOOP:  1  4  6   	7.130472e-01	( 1 1 2 6 6 5  )
G_LOOP:  1  5  6   	7.151839e-01	( 1 1 3 6 6 4  )
G_LOOP:  1  6  6   	7.140978e-01	( 2 2 0 5 5 7  )
G_LOOP:  1  7  6   	7.130462e-01	( 2 2 1 5 5 6  )
G_LOOP:  1  8  6   	7.153132e-01	( 2 2 3 5 5 4  )
G_LOOP:  1  9  6   	7.117251e-01	( 3 3 0 4 4 7  )
G_LOOP:  1  10  6   	7.125768e-01	( 3 3 1 4 4 6  )
G_LOOP:  1  11  6   	7.086897e-01	( 3 3 2 4 4 5  )
G_LOOP:  2  0  6   	7.351040e-01	( 0 1 2 7 6 5  )
G_LOOP:  2  1  6   	7.280939e-01	( 0 1 5 7 6 2  )
G_LOOP:  2  2  6   	7.308180e-01	( 0 6 2 7 1 5  )
G_LOOP:  2  3  6   	7.304092e-01	( 0 6 5 7 1 2  )
G_LOOP:  2  4  6   	7.341810e-01	( 0 1 3 7 6 4  )
G_LOOP:  2  5  6   	7.318136e-01	( 0 1 4 7 6 3  )
G_LOOP:  2  6  6   	7.295944e-01	( 0 6 3 7 1 4  )
G_LOOP:  2  7  6   	7.277577e-01	( 0 6 4 7 1 3  )
G_LOOP:  2  8  6   	7.329565e-01	( 0 2 3 7 5 4  )
G_LOOP:  2  9  6   	7.324030e-01	( 0 2 4 7 5 3  )
G_LOOP:  2  10  6   	7.299320e-01	( 0 5 3 7 2 4  )
G_LOOP:  2  11  6   	7.308683e-01	( 0 5 4 7 2 3  )
G_LOOP:  2  12  6   	7.322426e-01	( 1 2 3 6 5 4  )
G_LOOP:  2  13  6   	7.340319e-01	( 1 2 4 6 5 3  )
G_LOOP:  2  14  6   	7.346669e-01	( 1 5 3 6 2 4  )
G_LOOP:  2  15  6   	7.309851e-01	( 1 5 4 6 2 3  )
GACTION: 6.654834e+00
CONGRAD5: time = 4.115632e-01 (fn F) masses = 1 iters = 602 mflops = 4.000306e+03
 OK converged final_rsq= 7.5e-11 (cf 1e-10) rel = 1 (cf 0) restarts = 3 iters= 602
CONGRAD5: time = 9.076190e-02 (fn F) masses = 1 iters = 130 mflops = 3.917175e+03
 OK converged final_rsq= 5e-11 (cf 1e-10) rel = 1 (cf 0) restarts = 2 iters= 130
PBP: mass 1.000000e-02     5.172191e-02  3.967773e-02  -4.749448e-03  -4.752535e-03 ( 1 of 1 )
FACTION: mass = 1.000000e-02,  1.499391e+00 ( 1 of 1 )
CONGRAD5: time = 5.070438e-01 (fn F) masses = 1 iters = 740 mflops = 3.991346e+03
 OK converged final_rsq= 5e-11 (cf 1e-10) rel = 1 (cf 0) restarts = 4 iters= 740
CONGRAD5: time = 5.711889e-02 (fn F) masses = 1 iters = 78 mflops = 3.734634e+03
 OK converged final_rsq= 9.9e-11 (cf 1e-10) rel = 1 (cf 0) restarts = 1 iters= 78
PBP: mass 1.000000e-02     4.471490e-02  6.322165e-02  -1.728046e-04  -1.750247e-04 ( 1 of 1 )
FACTION: mass = 1.000000e-02,  1.497018e+00 ( 1 of 1 )
CONGRAD5: time = 5.267010e-01 (fn F) masses = 1 iters = 768 mflops = 3.987772e+03
 OK converged final_rsq= 4.9e-11 (cf 1e-10) rel = 1 (cf 0) restarts = 4 iters= 768
CONGRAD5: time = 4.962192e-01 (fn F) masses = 1 iters = 727 mflops = 4.006767e+03
 OK converged final_rsq= 9.9e-11 (cf 1e-10) rel = 1 (cf 0) restarts = 3 iters= 727
GFTIME:   time = 8.415604e-02 (Symanzik1) mflops = 4.188900e+03
FFTIME:  time = 2.871249e-01 (asqtad3) terms = 2 mflops = 3.482326e+03
CONGRAD5: time = 5.509410e-01 (fn F) masses = 1 iters = 787 mflops = 3.906635e+03
 OK converged final_rsq= 5e-11 (cf 1e-10) rel = 1 (cf 0) restarts = 4 iters= 787
CONGRAD5: time = 5.699720e-01 (fn F) masses = 1 iters = 772 mflops = 3.704221e+03
 OK converged final_rsq= 5e-11 (cf 1e-10) rel = 1 (cf 0) restarts = 4 iters= 772
GFTIME:   time = 9.316301e-02 (Symanzik1) mflops = 3.783918e+03
FFTIME:  time = 2.845821e-01 (asqtad3) terms = 2 mflops = 3.513440e+03
CONGRAD5: time = 5.366700e-01 (fn F) masses = 1 iters = 785 mflops = 4.000328e+03
 OK converged final_rsq= 1e-10 (cf 1e-10) rel = 1 (cf 0) restarts = 3 iters= 785
CONGRAD5: time = 5.022731e-01 (fn F) masses = 1 iters = 734 mflops = 3.996588e+03
 OK converged final_rsq= 5e-11 (cf 1e-10) rel = 1 (cf 0) restarts = 4 iters= 734
GFTIME:   time = 8.384800e-02 (Symanzik1) mflops = 4.204289e+03
FFTIME:  time = 2.859709e-01 (asqtad3) terms = 2 mflops = 3.496377e+03
CONGRAD5: time = 5.352380e-01 (fn F) masses = 1 iters = 774 mflops = 3.954824e+03
 OK converged final_rsq= 5e-11 (cf 1e-10) rel = 1 (cf 0) restarts = 4 iters= 774
CONGRAD5: time = 5.048959e-01 (fn F) masses = 1 iters = 738 mflops = 3.997493e+03
 OK converged final_rsq= 1e-10 (cf 1e-10) rel = 1 (cf 0) restarts = 3 iters= 738
GFTIME:   time = 8.404398e-02 (Symanzik1) mflops = 4.194485e+03
FFTIME:  time = 2.854691e-01 (asqtad3) terms = 2 mflops = 3.502524e+03
CONGRAD5: time = 5.247960e-01 (fn F) masses = 1 iters = 766 mflops = 3.991825e+03
 OK converged final_rsq= 5e-11 (cf 1e-10) rel = 1 (cf 0) restarts = 4 iters= 766
CONGRAD5: time = 5.013270e-01 (fn F) masses = 1 iters = 734 mflops = 4.004130e+03
 OK converged final_rsq= 9.9e-11 (cf 1e-10) rel = 1 (cf 0) restarts = 3 iters= 734
GFTIME:   time = 8.391523e-02 (Symanzik1) mflops = 4.200920e+03
FFTIME:  time = 2.851839e-01 (asqtad3) terms = 2 mflops = 3.506026e+03
CONGRAD5: time = 5.308890e-01 (fn F) masses = 1 iters = 775 mflops = 3.992373e+03
 OK converged final_rsq= 5e-11 (cf 1e-10) rel = 1 (cf 0) restarts = 4 iters= 775
CONGRAD5: time = 5.074830e-01 (fn F) masses = 1 iters = 742 mflops = 3.998670e+03
 OK converged final_rsq= 5e-11 (cf 1e-10) rel = 1 (cf 0) restarts = 4 iters= 742
GFTIME:   time = 8.404899e-02 (Symanzik1) mflops = 4.194235e+03
FFTIME:  time = 2.849259e-01 (asqtad3) terms = 2 mflops = 3.509201e+03
CONGRAD5: time = 5.436790e-01 (fn F) masses = 1 iters = 786 mflops = 3.953786e+03
 OK converged final_rsq= 5e-11 (cf 1e-10) rel = 1 (cf 0) restarts = 4 iters= 786
CONGRAD5: time = 5.242960e-01 (fn F) masses = 1 iters = 765 mflops = 3.990415e+03
 OK converged final_rsq= 5e-11 (cf 1e-10) rel = 1 (cf 0) restarts = 4 iters= 765
GFTIME:   time = 8.371687e-02 (Symanzik1) mflops = 4.210874e+03
FFTIME:  time = 2.843740e-01 (asqtad3) terms = 2 mflops = 3.516012e+03
CONGRAD5: time = 5.090499e-01 (fn F) masses = 1 iters = 743 mflops = 3.991735e+03
 OK converged final_rsq= 5e-11 (cf 1e-10) rel = 1 (cf 0) restarts = 4 iters= 743
CONGRAD5: time = 5.147462e-01 (fn F) masses = 1 iters = 753 mflops = 4.000691e+03
 OK converged final_rsq= 1e-10 (cf 1e-10) rel = 1 (cf 0) restarts = 3 iters= 753
GFTIME:   time = 8.390999e-02 (Symanzik1) mflops = 4.201183e+03
FFTIME:  time = 2.836349e-01 (asqtad3) terms = 2 mflops = 3.525174e+03
CONGRAD5: time = 5.269039e-01 (fn F) masses = 1 iters = 770 mflops = 3.996617e+03
 OK converged final_rsq= 5e-11 (cf 1e-10) rel = 1 (cf 0) restarts = 4 iters= 770
CONGRAD5: time = 4.987500e-01 (fn F) masses = 1 iters = 731 mflops = 4.008369e+03
 OK converged final_rsq= 9.9e-11 (cf 1e-10) rel = 1 (cf 0) restarts = 3 iters= 731
GFTIME:   time = 8.469296e-02 (Symanzik1) mflops = 4.162344e+03
FFTIME:  time = 2.865298e-01 (asqtad3) terms = 2 mflops = 3.489558e+03
CONGRAD5: time = 5.272591e-01 (fn F) masses = 1 iters = 771 mflops = 3.999111e+03
 OK converged final_rsq= 5e-11 (cf 1e-10) rel = 1 (cf 0) restarts = 4 iters= 771
CONGRAD5: time = 4.953671e-01 (fn F) masses = 1 iters = 726 mflops = 4.008138e+03
 OK converged final_rsq= 9.9e-11 (cf 1e-10) rel = 1 (cf 0) restarts = 3 iters= 726
GFTIME:   time = 8.418608e-02 (Symanzik1) mflops = 4.187405e+03
FFTIME:  time = 2.848229e-01 (asqtad3) terms = 2 mflops = 3.510470e+03
CONGRAD5: time = 5.295761e-01 (fn F) masses = 1 iters = 774 mflops = 3.997107e+03
 OK converged final_rsq= 5e-11 (cf 1e-10) rel = 1 (cf 0) restarts = 4 iters= 774
CONGRAD5: time = 5.271709e-01 (fn F) masses = 1 iters = 747 mflops = 3.875274e+03
 OK converged final_rsq= 5e-11 (cf 1e-10) rel = 1 (cf 0) restarts = 4 iters= 747
GFTIME:   time = 9.362197e-02 (Symanzik1) mflops = 3.765369e+03
FFTIME:  time = 2.861850e-01 (asqtad3) terms = 2 mflops = 3.493762e+03
CONGRAD5: time = 5.625401e-01 (fn F) masses = 1 iters = 788 mflops = 3.830945e+03
 OK converged final_rsq= 4.9e-11 (cf 1e-10) rel = 1 (cf 0) restarts = 4 iters= 788
CONGRAD5: time = 5.436020e-01 (fn F) masses = 1 iters = 739 mflops = 3.717890e+03
 OK converged final_rsq= 9.9e-11 (cf 1e-10) rel = 1 (cf 0) restarts = 3 iters= 739
GFTIME:   time = 9.372592e-02 (Symanzik1) mflops = 3.761192e+03
FFTIME:  time = 2.834721e-01 (asqtad3) terms = 2 mflops = 3.527199e+03
CONGRAD5: time = 5.178840e-01 (fn F) masses = 1 iters = 757 mflops = 3.997574e+03
 OK converged final_rsq= 5e-11 (cf 1e-10) rel = 1 (cf 0) restarts = 4 iters= 757
CONGRAD5: time = 5.185659e-01 (fn F) masses = 1 iters = 758 mflops = 3.997592e+03
 OK converged final_rsq= 5e-11 (cf 1e-10) rel = 1 (cf 0) restarts = 4 iters= 758
GFTIME:   time = 8.401799e-02 (Symanzik1) mflops = 4.195782e+03
FFTIME:  time = 2.891600e-01 (asqtad3) terms = 2 mflops = 3.457817e+03
CONGRAD5: time = 5.281930e-01 (fn F) masses = 1 iters = 770 mflops = 3.986863e+03
 OK converged final_rsq= 5e-11 (cf 1e-10) rel = 1 (cf 0) restarts = 4 iters= 770
CONGRAD5: time = 5.101719e-01 (fn F) masses = 1 iters = 746 mflops = 3.999038e+03
 OK converged final_rsq= 5e-11 (cf 1e-10) rel = 1 (cf 0) restarts = 4 iters= 746
GFTIME:   time = 8.433199e-02 (Symanzik1) mflops = 4.180160e+03
FFTIME:  time = 2.873330e-01 (asqtad3) terms = 2 mflops = 3.479803e+03
CONGRAD5: time = 5.215878e-01 (fn F) masses = 1 iters = 763 mflops = 4.000647e+03
 OK converged final_rsq= 5e-11 (cf 1e-10) rel = 1 (cf 0) restarts = 4 iters= 763
CONGRAD5: time = 5.146389e-01 (fn F) masses = 1 iters = 753 mflops = 4.001525e+03
 OK converged final_rsq= 1e-10 (cf 1e-10) rel = 1 (cf 0) restarts = 3 iters= 753
GFTIME:   time = 8.440900e-02 (Symanzik1) mflops = 4.176346e+03
FFTIME:  time = 2.844882e-01 (asqtad3) terms = 2 mflops = 3.514600e+03
PLAQ:	1.459433	1.458465
P_LOOP:	1.615889e-02	-8.026718e-03
G_LOOP:  0  0  4   	1.459195e+00	( 0 1 7 6  )
G_LOOP:  0  1  4   	1.460791e+00	( 0 2 7 5  )
G_LOOP:  0  2  4   	1.460614e+00	( 0 3 7 4  )
G_LOOP:  0  3  4   	1.458314e+00	( 1 2 6 5  )
G_LOOP:  0  4  4   	1.457892e+00	( 1 3 6 4  )
G_LOOP:  0  5  4   	1.456888e+00	( 2 3 5 4  )
G_LOOP:  1  0  6   	6.983939e-01	( 0 0 1 7 7 6  )
G_LOOP:  1  1  6   	7.042719e-01	( 0 0 2 7 7 5  )
G_LOOP:  1  2  6   	7.000097e-01	( 0 0 3 7 7 4  )
G_LOOP:  1  3  6   	6.967192e-01	( 1 1 0 6 6 7  )
G_LOOP:  1  4  6   	6.984864e-01	( 1 1 2 6 6 5  )
G_LOOP:  1  5  6   	6.968441e-01	( 1 1 3 6 6 4  )
G_LOOP:  1  6  6   	6.998432e-01	( 2 2 0 5 5 7  )
G_LOOP:  1  7  6   	6.985943e-01	( 2 2 1 5 5 6  )
G_LOOP:  1  8  6   	6.990863e-01	( 2 2 3 5 5 4  )
G_LOOP:  1  9  6   	6.999809e-01	( 3 3 0 4 4 7  )
G_LOOP:  1  10  6   	6.973355e-01	( 3 3 1 4 4 6  )
G_LOOP:  1  11  6   	6.941445e-01	( 3 3 2 4 4 5  )
G_LOOP:  2  0  6   	7.139080e-01	( 0 1 2 7 6 5  )
G_LOOP:  2  1  6   	7.119920e-01	( 0 1 5 7 6 2  )
G_LOOP:  2  2  6   	7.117254e-01	( 0 6 2 7 1 5  )
G_LOOP:  2  3  6   	7.124687e-01	( 0 6 5 7 1 2  )
G_LOOP:  2  4  6   	7.159880e-01	( 0 1 3 7 6 4  )
G_LOOP:  2  5  6   	7.136556e-01	( 0 1 4 7 6 3  )
G_LOOP:  2  6  6   	7.124254e-01	( 0 6 3 7 1 4  )
G_LOOP:  2  7  6   	7.110729e-01	( 0 6 4 7 1 3  )
G_LOOP:  2  8  6   	7.144444e-01	( 0 2 3 7 5 4  )
G_LOOP:  2  9  6   	7.125228e-01	( 0 2 4 7 5 3  )
G_LOOP:  2  10  6   	7.149983e-01	( 0 5 3 7 2 4  )
G_LOOP:  2  11  6   	7.100563e-01	( 0 5 4 7 2 3  )
G_LOOP:  2  12  6   	7.109843e-01	( 1 2 3 6 5 4  )
G_LOOP:  2  13  6   	7.097229e-01	( 1 2 4 6 5 3  )
G_LOOP:  2  14  6   	7.117955e-01	( 1 5 3 6 2 4  )
G_LOOP:  2  15  6   	7.069325e-01	( 1 5 4 6 2 3  )
GACTION: 6.725127e+00
CONGRAD5: time = 4.916060e-01 (fn F) masses = 1 iters = 718 mflops = 3.994298e+03
 OK converged final_rsq= 5e-11 (cf 1e-10) rel = 1 (cf 0) restarts = 4 iters= 718
CONGRAD5: time = 5.303907e-02 (fn F) masses = 1 iters = 75 mflops = 3.867217e+03
 OK converged final_rsq= 1e-10 (cf 1e-10) rel = 1 (cf 0) restarts = 1 iters= 75
PBP: mass 1.000000e-02     6.464430e-02  5.646403e-02  3.676150e-03  3.676061e-03 ( 1 of 1 )
FACTION: mass = 1.000000e-02,  1.503793e+00 ( 1 of 1 )
CONGRAD5: time = 5.173969e-01 (fn F) masses = 1 iters = 755 mflops = 3.990766e+03
 OK converged final_rsq= 5e-11 (cf 1e-10) rel = 1 (cf 0) restarts = 4 iters= 755
CONGRAD5: time = 5.362988e-02 (fn F) masses = 1 iters = 76 mflops = 3.875609e+03
 OK converged final_rsq= 9.8e-11 (cf 1e-10) rel = 1 (cf 0) restarts = 1 iters= 76
PBP: mass 1.000000e-02     6.353492e-02  4.823133e-02  -5.438112e-03  -5.433117e-03 ( 1 of 1 )
FACTION: mass = 1.000000e-02,  1.504196e+00 ( 1 of 1 )
RUNNING COMPLETED
average cg iters for step= 1.451250e+03
Time = 9.615534e+01 seconds
total_iters = 181038
Checksums f5dc514d a700d500
Saved gauge configuration in parallel to binary file lat_p64_size64_2
Time stamp Thu May 19 14:56:28 2022
Wrote info file lat_p64_size64_2.info
Time to save = 3.114891e-02
CHECK PLAQ: 1.459433e+00 1.458465e+00
CHECK NERSC LINKTR: 1.436480e-01 CKSUM: 409d2cae


get_i(0): EOF on input.
Elapsed total time: 107.372890
exit: Thu May 19 14:56:28 2022

