SU3 with improved KS action
Microcanonical simulation with refreshing
R algorithm
MIMD version 7.8.1
Machine = MPI (portable), with 32 nodes
Host(0) = ault03.cscs.ch
Username = mcopik
Options selected...
Generic single precision
C_GLOBAL_INLINE
DBLSTORE_FN
D_FN_GATHER13
FEWSUMS
KS_MULTIFF=FNMAT
VECLENGTH=4
type 0 for no prompts, 1 for prompts, or 2 for proofreading
nflavors1 2
nflavors2 1
nx 16
ny 16
nz 8
nt 36
iseed 5682304
LAYOUT = Hypercubes, options = hyper_prime,
automatic hyper_prime layout
ON EACH NODE 4 x 8 x 8 x 9
Mallocing 2.3 MBytes per node for lattice
WARNING!!: Resetting random seed
Made lattice
Made nn gathers
Made 3nn gathers
Finished setup


warms 0
trajecs 4
traj_between_meas 1
beta 5.6
mass1 0.125
mass2 0.125
u0 0.8441
microcanonical_time_step 0.2
steps_per_trajectory 5
max_cg_iterations 100
max_cg_restarts 5
error_per_site 0.125
error_for_propagator 0.125
npbp_reps 1
prec_pbp 1
fresh 
save_parallel lat_p64_size64_1
unit gauge configuration loaded
CHECK PLAQ: 3.000000e+00 3.000000e+00
CHECK NERSC LINKTR: 1.000000e+00 CKSUM: 0
Unitarity checked.  Max deviation 0.00e+00
Time to check unitarity = 4.611015e-04
"O(a^2): couplings(pi)=0, Naik term, No O(a^2) errors, tadpole weights"
path coefficients: npath  path_coeff  multiplicity
                    0      6.250000e-01     8
                    1      -5.847914e-02     8
                    2      -8.771871e-02     48
                    3      3.077829e-02     192
                    4      -7.199551e-03     384
                    5      -1.231132e-01     48
Symanzik 1x1 + 1x2 + 1x1x1 action
gauge_action: total_dyn_flavors = 3
loop coefficients: nloop rep loop_coeff  multiplicity
                    0 0      1.000000e+00     6
                    1 0      -7.762509e-02     12
                    2 0      -1.031171e-02     16
WARMUPS COMPLETED
CONGRAD5: time = 4.808903e-03 (fn F) masses = 1 iters = 4 mflops = 2.274821e+03
 OK converged final_rsq= 0.006 (cf 0.016) rel = 1 (cf 0) restarts = 1 iters= 4
CONGRAD5: time = 4.524946e-03 (fn F) masses = 1 iters = 4 mflops = 2.417574e+03
 OK converged final_rsq= 0.0059 (cf 0.016) rel = 1 (cf 0) restarts = 1 iters= 4
GFTIME:   time = 8.429193e-02 (Symanzik1) mflops = 4.182146e+03
FFTIME:  time = 2.780299e-01 (asqtad3) terms = 2 mflops = 3.596240e+03
CONGRAD5: time = 4.645109e-03 (fn F) masses = 1 iters = 4 mflops = 2.355034e+03
 OK converged final_rsq= 0.01 (cf 0.016) rel = 1 (cf 0) restarts = 1 iters= 4
CONGRAD5: time = 4.518986e-03 (fn F) masses = 1 iters = 4 mflops = 2.420763e+03
 OK converged final_rsq= 0.0098 (cf 0.016) rel = 1 (cf 0) restarts = 1 iters= 4
GFTIME:   time = 8.385301e-02 (Symanzik1) mflops = 4.204038e+03
FFTIME:  time = 2.783570e-01 (asqtad3) terms = 2 mflops = 3.592014e+03
CONGRAD5: time = 4.596949e-03 (fn F) masses = 1 iters = 4 mflops = 2.379707e+03
 OK converged final_rsq= 0.014 (cf 0.016) rel = 1 (cf 0) restarts = 1 iters= 4
CONGRAD5: time = 4.488945e-03 (fn F) masses = 1 iters = 4 mflops = 2.436963e+03
 OK converged final_rsq= 0.014 (cf 0.016) rel = 1 (cf 0) restarts = 1 iters= 4
GFTIME:   time = 8.350015e-02 (Symanzik1) mflops = 4.221804e+03
FFTIME:  time = 2.772090e-01 (asqtad3) terms = 2 mflops = 3.606889e+03
CONGRAD5: time = 4.559994e-03 (fn F) masses = 1 iters = 4 mflops = 2.398993e+03
 OK converged final_rsq= 0.013 (cf 0.016) rel = 1 (cf 0) restarts = 1 iters= 4
CONGRAD5: time = 4.501104e-03 (fn F) masses = 1 iters = 4 mflops = 2.430380e+03
 OK converged final_rsq= 0.013 (cf 0.016) rel = 1 (cf 0) restarts = 1 iters= 4
GFTIME:   time = 8.342910e-02 (Symanzik1) mflops = 4.225399e+03
FFTIME:  time = 2.784300e-01 (asqtad3) terms = 2 mflops = 3.591073e+03
CONGRAD5: time = 4.616022e-03 (fn F) masses = 1 iters = 4 mflops = 2.369874e+03
 OK converged final_rsq= 0.011 (cf 0.016) rel = 1 (cf 0) restarts = 1 iters= 4
CONGRAD5: time = 4.519939e-03 (fn F) masses = 1 iters = 4 mflops = 2.420252e+03
 OK converged final_rsq= 0.011 (cf 0.016) rel = 1 (cf 0) restarts = 1 iters= 4
GFTIME:   time = 8.339000e-02 (Symanzik1) mflops = 4.227380e+03
FFTIME:  time = 2.775450e-01 (asqtad3) terms = 2 mflops = 3.602523e+03
PLAQ:	2.348046	2.347861
P_LOOP:	-6.323030e-03	-1.925636e-02
G_LOOP:  0  0  4   	2.346897e+00	( 0 1 7 6  )
G_LOOP:  0  1  4   	2.347695e+00	( 0 2 7 5  )
G_LOOP:  0  2  4   	2.348610e+00	( 0 3 7 4  )
G_LOOP:  0  3  4   	2.349546e+00	( 1 2 6 5  )
G_LOOP:  0  4  4   	2.347450e+00	( 1 3 6 4  )
G_LOOP:  0  5  4   	2.347524e+00	( 2 3 5 4  )
G_LOOP:  1  0  6   	1.770886e+00	( 0 0 1 7 7 6  )
G_LOOP:  1  1  6   	1.772085e+00	( 0 0 2 7 7 5  )
G_LOOP:  1  2  6   	1.772683e+00	( 0 0 3 7 7 4  )
G_LOOP:  1  3  6   	1.772206e+00	( 1 1 0 6 6 7  )
G_LOOP:  1  4  6   	1.778615e+00	( 1 1 2 6 6 5  )
G_LOOP:  1  5  6   	1.772779e+00	( 1 1 3 6 6 4  )
G_LOOP:  1  6  6   	1.774422e+00	( 2 2 0 5 5 7  )
G_LOOP:  1  7  6   	1.776307e+00	( 2 2 1 5 5 6  )
G_LOOP:  1  8  6   	1.772614e+00	( 2 2 3 5 5 4  )
G_LOOP:  1  9  6   	1.773361e+00	( 3 3 0 4 4 7  )
G_LOOP:  1  10  6   	1.772005e+00	( 3 3 1 4 4 6  )
G_LOOP:  1  11  6   	1.772996e+00	( 3 3 2 4 4 5  )
G_LOOP:  2  0  6   	1.819044e+00	( 0 1 2 7 6 5  )
G_LOOP:  2  1  6   	1.821657e+00	( 0 1 5 7 6 2  )
G_LOOP:  2  2  6   	1.822819e+00	( 0 6 2 7 1 5  )
G_LOOP:  2  3  6   	1.821404e+00	( 0 6 5 7 1 2  )
G_LOOP:  2  4  6   	1.821922e+00	( 0 1 3 7 6 4  )
G_LOOP:  2  5  6   	1.817338e+00	( 0 1 4 7 6 3  )
G_LOOP:  2  6  6   	1.820607e+00	( 0 6 3 7 1 4  )
G_LOOP:  2  7  6   	1.823181e+00	( 0 6 4 7 1 3  )
G_LOOP:  2  8  6   	1.818823e+00	( 0 2 3 7 5 4  )
G_LOOP:  2  9  6   	1.819541e+00	( 0 2 4 7 5 3  )
G_LOOP:  2  10  6   	1.822350e+00	( 0 5 3 7 2 4  )
G_LOOP:  2  11  6   	1.817598e+00	( 0 5 4 7 2 3  )
G_LOOP:  2  12  6   	1.821659e+00	( 1 2 3 6 5 4  )
G_LOOP:  2  13  6   	1.824220e+00	( 1 2 4 6 5 3  )
G_LOOP:  2  14  6   	1.821604e+00	( 1 5 3 6 2 4  )
G_LOOP:  2  15  6   	1.824104e+00	( 1 5 4 6 2 3  )
GACTION: 2.575211e+00
CONGRAD5: time = 4.645109e-03 (fn F) masses = 1 iters = 4 mflops = 2.355034e+03
 OK converged final_rsq= 0.01 (cf 0.016) rel = 1 (cf 0) restarts = 1 iters= 4
CONGRAD5: time = 5.849123e-03 (fn F) masses = 1 iters = 6 mflops = 2.805393e+03
 OK converged final_rsq= 0.0087 (cf 0.016) rel = 1 (cf 0) restarts = 1 iters= 6
PBP: mass 1.250000e-01     6.839631e-02  1.024361e-01  -6.252925e-04  -1.562877e-03 ( 1 of 1 )
FACTION: mass = 1.250000e-01,  1.470003e+00 ( 1 of 1 )
CONGRAD5: time = 4.579067e-03 (fn F) masses = 1 iters = 4 mflops = 2.389000e+03
 OK converged final_rsq= 0.01 (cf 0.016) rel = 1 (cf 0) restarts = 1 iters= 4
CONGRAD5: time = 5.897999e-03 (fn F) masses = 1 iters = 6 mflops = 2.782145e+03
 OK converged final_rsq= 0.0087 (cf 0.016) rel = 1 (cf 0) restarts = 1 iters= 6
PBP: mass 1.250000e-01     7.042779e-02  1.006423e-01  -2.239626e-03  -2.553548e-03 ( 1 of 1 )
FACTION: mass = 1.250000e-01,  1.472298e+00 ( 1 of 1 )
CONGRAD5: time = 4.644871e-03 (fn F) masses = 1 iters = 4 mflops = 2.355155e+03
 OK converged final_rsq= 0.012 (cf 0.016) rel = 1 (cf 0) restarts = 1 iters= 4
CONGRAD5: time = 4.549026e-03 (fn F) masses = 1 iters = 4 mflops = 2.404777e+03
 OK converged final_rsq= 0.011 (cf 0.016) rel = 1 (cf 0) restarts = 1 iters= 4
GFTIME:   time = 8.383489e-02 (Symanzik1) mflops = 4.204947e+03
FFTIME:  time = 2.794650e-01 (asqtad3) terms = 2 mflops = 3.577773e+03
CONGRAD5: time = 5.322933e-03 (fn F) masses = 1 iters = 5 mflops = 2.568929e+03
 OK converged final_rsq= 0.0069 (cf 0.016) rel = 1 (cf 0) restarts = 1 iters= 5
CONGRAD5: time = 4.518986e-03 (fn F) masses = 1 iters = 4 mflops = 2.420763e+03
 OK converged final_rsq= 0.015 (cf 0.016) rel = 1 (cf 0) restarts = 1 iters= 4
GFTIME:   time = 8.352494e-02 (Symanzik1) mflops = 4.220550e+03
FFTIME:  time = 2.775171e-01 (asqtad3) terms = 2 mflops = 3.602886e+03
CONGRAD5: time = 5.286932e-03 (fn F) masses = 1 iters = 5 mflops = 2.586423e+03
 OK converged final_rsq= 0.0088 (cf 0.016) rel = 1 (cf 0) restarts = 1 iters= 5
CONGRAD5: time = 5.258083e-03 (fn F) masses = 1 iters = 5 mflops = 2.600613e+03
 OK converged final_rsq= 0.0084 (cf 0.016) rel = 1 (cf 0) restarts = 1 iters= 5
GFTIME:   time = 8.401513e-02 (Symanzik1) mflops = 4.195925e+03
FFTIME:  time = 2.834198e-01 (asqtad3) terms = 2 mflops = 3.527848e+03
CONGRAD5: time = 5.343199e-03 (fn F) masses = 1 iters = 5 mflops = 2.559186e+03
 OK converged final_rsq= 0.0085 (cf 0.016) rel = 1 (cf 0) restarts = 1 iters= 5
CONGRAD5: time = 5.316019e-03 (fn F) masses = 1 iters = 5 mflops = 2.572271e+03
 OK converged final_rsq= 0.0083 (cf 0.016) rel = 1 (cf 0) restarts = 1 iters= 5
GFTIME:   time = 8.419895e-02 (Symanzik1) mflops = 4.186765e+03
FFTIME:  time = 2.811761e-01 (asqtad3) terms = 2 mflops = 3.556000e+03
CONGRAD5: time = 5.328894e-03 (fn F) masses = 1 iters = 5 mflops = 2.566056e+03
 OK converged final_rsq= 0.0074 (cf 0.016) rel = 1 (cf 0) restarts = 1 iters= 5
CONGRAD5: time = 4.555941e-03 (fn F) masses = 1 iters = 4 mflops = 2.401127e+03
 OK converged final_rsq= 0.015 (cf 0.016) rel = 1 (cf 0) restarts = 1 iters= 4
GFTIME:   time = 8.406997e-02 (Symanzik1) mflops = 4.193188e+03
FFTIME:  time = 2.780731e-01 (asqtad3) terms = 2 mflops = 3.595682e+03
PLAQ:	2.013197	2.012697
P_LOOP:	-9.701259e-03	-3.360078e-02
G_LOOP:  0  0  4   	2.010792e+00	( 0 1 7 6  )
G_LOOP:  0  1  4   	2.013326e+00	( 0 2 7 5  )
G_LOOP:  0  2  4   	2.011958e+00	( 0 3 7 4  )
G_LOOP:  0  3  4   	2.015472e+00	( 1 2 6 5  )
G_LOOP:  0  4  4   	2.013512e+00	( 1 3 6 4  )
G_LOOP:  0  5  4   	2.012622e+00	( 2 3 5 4  )
G_LOOP:  1  0  6   	1.296020e+00	( 0 0 1 7 7 6  )
G_LOOP:  1  1  6   	1.302380e+00	( 0 0 2 7 7 5  )
G_LOOP:  1  2  6   	1.300113e+00	( 0 0 3 7 7 4  )
G_LOOP:  1  3  6   	1.297978e+00	( 1 1 0 6 6 7  )
G_LOOP:  1  4  6   	1.302920e+00	( 1 1 2 6 6 5  )
G_LOOP:  1  5  6   	1.301147e+00	( 1 1 3 6 6 4  )
G_LOOP:  1  6  6   	1.301421e+00	( 2 2 0 5 5 7  )
G_LOOP:  1  7  6   	1.302576e+00	( 2 2 1 5 5 6  )
G_LOOP:  1  8  6   	1.298934e+00	( 2 2 3 5 5 4  )
G_LOOP:  1  9  6   	1.299910e+00	( 3 3 0 4 4 7  )
G_LOOP:  1  10  6   	1.299603e+00	( 3 3 1 4 4 6  )
G_LOOP:  1  11  6   	1.299806e+00	( 3 3 2 4 4 5  )
G_LOOP:  2  0  6   	1.339921e+00	( 0 1 2 7 6 5  )
G_LOOP:  2  1  6   	1.347332e+00	( 0 1 5 7 6 2  )
G_LOOP:  2  2  6   	1.347822e+00	( 0 6 2 7 1 5  )
G_LOOP:  2  3  6   	1.345578e+00	( 0 6 5 7 1 2  )
G_LOOP:  2  4  6   	1.348037e+00	( 0 1 3 7 6 4  )
G_LOOP:  2  5  6   	1.342259e+00	( 0 1 4 7 6 3  )
G_LOOP:  2  6  6   	1.341849e+00	( 0 6 3 7 1 4  )
G_LOOP:  2  7  6   	1.343166e+00	( 0 6 4 7 1 3  )
G_LOOP:  2  8  6   	1.344500e+00	( 0 2 3 7 5 4  )
G_LOOP:  2  9  6   	1.342721e+00	( 0 2 4 7 5 3  )
G_LOOP:  2  10  6   	1.346118e+00	( 0 5 3 7 2 4  )
G_LOOP:  2  11  6   	1.343245e+00	( 0 5 4 7 2 3  )
G_LOOP:  2  12  6   	1.346085e+00	( 1 2 3 6 5 4  )
G_LOOP:  2  13  6   	1.347991e+00	( 1 2 4 6 5 3  )
G_LOOP:  2  14  6   	1.347405e+00	( 1 5 3 6 2 4  )
G_LOOP:  2  15  6   	1.344994e+00	( 1 5 4 6 2 3  )
GACTION: 4.065920e+00
CONGRAD5: time = 4.628897e-03 (fn F) masses = 1 iters = 4 mflops = 2.363283e+03
 OK converged final_rsq= 0.014 (cf 0.016) rel = 1 (cf 0) restarts = 1 iters= 4
CONGRAD5: time = 5.934000e-03 (fn F) masses = 1 iters = 6 mflops = 2.765266e+03
 OK converged final_rsq= 0.013 (cf 0.016) rel = 1 (cf 0) restarts = 1 iters= 6
PBP: mass 1.250000e-01     8.666703e-02  1.656794e-01  8.855824e-04  1.540118e-03 ( 1 of 1 )
FACTION: mass = 1.250000e-01,  1.448829e+00 ( 1 of 1 )
CONGRAD5: time = 4.563093e-03 (fn F) masses = 1 iters = 4 mflops = 2.397363e+03
 OK converged final_rsq= 0.014 (cf 0.016) rel = 1 (cf 0) restarts = 1 iters= 4
CONGRAD5: time = 5.932093e-03 (fn F) masses = 1 iters = 6 mflops = 2.766155e+03
 OK converged final_rsq= 0.013 (cf 0.016) rel = 1 (cf 0) restarts = 1 iters= 6
PBP: mass 1.250000e-01     8.854628e-02  1.707834e-01  -1.891601e-04  1.187543e-04 ( 1 of 1 )
FACTION: mass = 1.250000e-01,  1.441431e+00 ( 1 of 1 )
CONGRAD5: time = 5.331993e-03 (fn F) masses = 1 iters = 5 mflops = 2.564564e+03
 OK converged final_rsq= 0.0075 (cf 0.016) rel = 1 (cf 0) restarts = 1 iters= 5
CONGRAD5: time = 4.507065e-03 (fn F) masses = 1 iters = 4 mflops = 2.427165e+03
 OK converged final_rsq= 0.015 (cf 0.016) rel = 1 (cf 0) restarts = 1 iters= 4
GFTIME:   time = 8.405709e-02 (Symanzik1) mflops = 4.193831e+03
FFTIME:  time = 2.764280e-01 (asqtad3) terms = 2 mflops = 3.617081e+03
CONGRAD5: time = 5.301952e-03 (fn F) masses = 1 iters = 5 mflops = 2.579095e+03
 OK converged final_rsq= 0.0094 (cf 0.016) rel = 1 (cf 0) restarts = 1 iters= 5
CONGRAD5: time = 5.335093e-03 (fn F) masses = 1 iters = 5 mflops = 2.563075e+03
 OK converged final_rsq= 0.0087 (cf 0.016) rel = 1 (cf 0) restarts = 1 iters= 5
GFTIME:   time = 8.381295e-02 (Symanzik1) mflops = 4.206047e+03
FFTIME:  time = 2.783461e-01 (asqtad3) terms = 2 mflops = 3.592155e+03
CONGRAD5: time = 5.240917e-03 (fn F) masses = 1 iters = 5 mflops = 2.609131e+03
 OK converged final_rsq= 0.011 (cf 0.016) rel = 1 (cf 0) restarts = 1 iters= 5
CONGRAD5: time = 5.181074e-03 (fn F) masses = 1 iters = 5 mflops = 2.639267e+03
 OK converged final_rsq= 0.01 (cf 0.016) rel = 1 (cf 0) restarts = 1 iters= 5
GFTIME:   time = 8.370113e-02 (Symanzik1) mflops = 4.211666e+03
FFTIME:  time = 2.766240e-01 (asqtad3) terms = 2 mflops = 3.614518e+03
CONGRAD5: time = 5.315065e-03 (fn F) masses = 1 iters = 5 mflops = 2.572732e+03
 OK converged final_rsq= 0.011 (cf 0.016) rel = 1 (cf 0) restarts = 1 iters= 5
CONGRAD5: time = 5.200863e-03 (fn F) masses = 1 iters = 5 mflops = 2.629225e+03
 OK converged final_rsq= 0.01 (cf 0.016) rel = 1 (cf 0) restarts = 1 iters= 5
GFTIME:   time = 8.348298e-02 (Symanzik1) mflops = 4.222672e+03
FFTIME:  time = 2.769310e-01 (asqtad3) terms = 2 mflops = 3.610510e+03
CONGRAD5: time = 5.433083e-03 (fn F) masses = 1 iters = 5 mflops = 2.516847e+03
 OK converged final_rsq= 0.0099 (cf 0.016) rel = 1 (cf 0) restarts = 1 iters= 5
CONGRAD5: time = 5.212069e-03 (fn F) masses = 1 iters = 5 mflops = 2.623573e+03
 OK converged final_rsq= 0.0095 (cf 0.016) rel = 1 (cf 0) restarts = 1 iters= 5
GFTIME:   time = 8.429909e-02 (Symanzik1) mflops = 4.181792e+03
FFTIME:  time = 2.795320e-01 (asqtad3) terms = 2 mflops = 3.576916e+03
PLAQ:	1.791285	1.791269
P_LOOP:	-6.432482e-03	-5.703914e-03
G_LOOP:  0  0  4   	1.790148e+00	( 0 1 7 6  )
G_LOOP:  0  1  4   	1.791518e+00	( 0 2 7 5  )
G_LOOP:  0  2  4   	1.792043e+00	( 0 3 7 4  )
G_LOOP:  0  3  4   	1.792188e+00	( 1 2 6 5  )
G_LOOP:  0  4  4   	1.790762e+00	( 1 3 6 4  )
G_LOOP:  0  5  4   	1.791001e+00	( 2 3 5 4  )
G_LOOP:  1  0  6   	1.019748e+00	( 0 0 1 7 7 6  )
G_LOOP:  1  1  6   	1.025132e+00	( 0 0 2 7 7 5  )
G_LOOP:  1  2  6   	1.023343e+00	( 0 0 3 7 7 4  )
G_LOOP:  1  3  6   	1.020574e+00	( 1 1 0 6 6 7  )
G_LOOP:  1  4  6   	1.021528e+00	( 1 1 2 6 6 5  )
G_LOOP:  1  5  6   	1.025131e+00	( 1 1 3 6 6 4  )
G_LOOP:  1  6  6   	1.026650e+00	( 2 2 0 5 5 7  )
G_LOOP:  1  7  6   	1.018998e+00	( 2 2 1 5 5 6  )
G_LOOP:  1  8  6   	1.019490e+00	( 2 2 3 5 5 4  )
G_LOOP:  1  9  6   	1.025211e+00	( 3 3 0 4 4 7  )
G_LOOP:  1  10  6   	1.026625e+00	( 3 3 1 4 4 6  )
G_LOOP:  1  11  6   	1.022026e+00	( 3 3 2 4 4 5  )
G_LOOP:  2  0  6   	1.057034e+00	( 0 1 2 7 6 5  )
G_LOOP:  2  1  6   	1.059629e+00	( 0 1 5 7 6 2  )
G_LOOP:  2  2  6   	1.056571e+00	( 0 6 2 7 1 5  )
G_LOOP:  2  3  6   	1.053607e+00	( 0 6 5 7 1 2  )
G_LOOP:  2  4  6   	1.063099e+00	( 0 1 3 7 6 4  )
G_LOOP:  2  5  6   	1.054479e+00	( 0 1 4 7 6 3  )
G_LOOP:  2  6  6   	1.050944e+00	( 0 6 3 7 1 4  )
G_LOOP:  2  7  6   	1.056895e+00	( 0 6 4 7 1 3  )
G_LOOP:  2  8  6   	1.054540e+00	( 0 2 3 7 5 4  )
G_LOOP:  2  9  6   	1.059955e+00	( 0 2 4 7 5 3  )
G_LOOP:  2  10  6   	1.063218e+00	( 0 5 3 7 2 4  )
G_LOOP:  2  11  6   	1.057845e+00	( 0 5 4 7 2 3  )
G_LOOP:  2  12  6   	1.060030e+00	( 1 2 3 6 5 4  )
G_LOOP:  2  13  6   	1.055929e+00	( 1 2 4 6 5 3  )
G_LOOP:  2  14  6   	1.056636e+00	( 1 5 3 6 2 4  )
G_LOOP:  2  15  6   	1.057973e+00	( 1 5 4 6 2 3  )
GACTION: 5.090137e+00
CONGRAD5: time = 5.237818e-03 (fn F) masses = 1 iters = 5 mflops = 2.610675e+03
 OK converged final_rsq= 0.0085 (cf 0.016) rel = 1 (cf 0) restarts = 1 iters= 5
CONGRAD5: time = 5.900145e-03 (fn F) masses = 1 iters = 6 mflops = 2.781133e+03
 OK converged final_rsq= 0.015 (cf 0.016) rel = 1 (cf 0) restarts = 1 iters= 6
PBP: mass 1.250000e-01     1.097814e-01  3.050916e-01  6.159745e-04  1.073530e-03 ( 1 of 1 )
FACTION: mass = 1.250000e-01,  1.454408e+00 ( 1 of 1 )
CONGRAD5: time = 5.574942e-03 (fn F) masses = 1 iters = 5 mflops = 2.452804e+03
 OK converged final_rsq= 0.0085 (cf 0.016) rel = 1 (cf 0) restarts = 1 iters= 5
CONGRAD5: time = 6.375074e-03 (fn F) masses = 1 iters = 6 mflops = 2.573945e+03
 OK converged final_rsq= 0.015 (cf 0.016) rel = 1 (cf 0) restarts = 1 iters= 6
PBP: mass 1.250000e-01     1.050922e-01  3.076434e-01  3.700241e-03  3.379920e-03 ( 1 of 1 )
FACTION: mass = 1.250000e-01,  1.453909e+00 ( 1 of 1 )
CONGRAD5: time = 5.408049e-03 (fn F) masses = 1 iters = 5 mflops = 2.528498e+03
 OK converged final_rsq= 0.01 (cf 0.016) rel = 1 (cf 0) restarts = 1 iters= 5
CONGRAD5: time = 5.285025e-03 (fn F) masses = 1 iters = 5 mflops = 2.587356e+03
 OK converged final_rsq= 0.0097 (cf 0.016) rel = 1 (cf 0) restarts = 1 iters= 5
GFTIME:   time = 8.527303e-02 (Symanzik1) mflops = 4.134030e+03
FFTIME:  time = 2.840152e-01 (asqtad3) terms = 2 mflops = 3.520454e+03
CONGRAD5: time = 5.419016e-03 (fn F) masses = 1 iters = 5 mflops = 2.523381e+03
 OK converged final_rsq= 0.012 (cf 0.016) rel = 1 (cf 0) restarts = 1 iters= 5
CONGRAD5: time = 5.278111e-03 (fn F) masses = 1 iters = 5 mflops = 2.590745e+03
 OK converged final_rsq= 0.011 (cf 0.016) rel = 1 (cf 0) restarts = 1 iters= 5
GFTIME:   time = 8.497500e-02 (Symanzik1) mflops = 4.148528e+03
FFTIME:  time = 2.830751e-01 (asqtad3) terms = 2 mflops = 3.532145e+03
CONGRAD5: time = 5.359888e-03 (fn F) masses = 1 iters = 5 mflops = 2.551217e+03
 OK converged final_rsq= 0.012 (cf 0.016) rel = 1 (cf 0) restarts = 1 iters= 5
CONGRAD5: time = 5.306005e-03 (fn F) masses = 1 iters = 5 mflops = 2.577125e+03
 OK converged final_rsq= 0.012 (cf 0.016) rel = 1 (cf 0) restarts = 1 iters= 5
GFTIME:   time = 8.441186e-02 (Symanzik1) mflops = 4.176205e+03
FFTIME:  time = 2.845821e-01 (asqtad3) terms = 2 mflops = 3.513440e+03
CONGRAD5: time = 5.384922e-03 (fn F) masses = 1 iters = 5 mflops = 2.539357e+03
 OK converged final_rsq= 0.012 (cf 0.016) rel = 1 (cf 0) restarts = 1 iters= 5
CONGRAD5: time = 5.300045e-03 (fn F) masses = 1 iters = 5 mflops = 2.580023e+03
 OK converged final_rsq= 0.012 (cf 0.016) rel = 1 (cf 0) restarts = 1 iters= 5
GFTIME:   time = 8.528495e-02 (Symanzik1) mflops = 4.133452e+03
FFTIME:  time = 2.847691e-01 (asqtad3) terms = 2 mflops = 3.511134e+03
CONGRAD5: time = 5.378008e-03 (fn F) masses = 1 iters = 5 mflops = 2.542622e+03
 OK converged final_rsq= 0.012 (cf 0.016) rel = 1 (cf 0) restarts = 1 iters= 5
CONGRAD5: time = 5.279064e-03 (fn F) masses = 1 iters = 5 mflops = 2.590277e+03
 OK converged final_rsq= 0.011 (cf 0.016) rel = 1 (cf 0) restarts = 1 iters= 5
GFTIME:   time = 8.466196e-02 (Symanzik1) mflops = 4.163868e+03
FFTIME:  time = 2.849581e-01 (asqtad3) terms = 2 mflops = 3.508804e+03
PLAQ:	1.644329	1.645266
P_LOOP:	-6.709792e-03	2.457538e-02
G_LOOP:  0  0  4   	1.645259e+00	( 0 1 7 6  )
G_LOOP:  0  1  4   	1.644887e+00	( 0 2 7 5  )
G_LOOP:  0  2  4   	1.648300e+00	( 0 3 7 4  )
G_LOOP:  0  3  4   	1.642841e+00	( 1 2 6 5  )
G_LOOP:  0  4  4   	1.643302e+00	( 1 3 6 4  )
G_LOOP:  0  5  4   	1.644196e+00	( 2 3 5 4  )
G_LOOP:  1  0  6   	8.570332e-01	( 0 0 1 7 7 6  )
G_LOOP:  1  1  6   	8.564349e-01	( 0 0 2 7 7 5  )
G_LOOP:  1  2  6   	8.575904e-01	( 0 0 3 7 7 4  )
G_LOOP:  1  3  6   	8.546200e-01	( 1 1 0 6 6 7  )
G_LOOP:  1  4  6   	8.518105e-01	( 1 1 2 6 6 5  )
G_LOOP:  1  5  6   	8.528352e-01	( 1 1 3 6 6 4  )
G_LOOP:  1  6  6   	8.522190e-01	( 2 2 0 5 5 7  )
G_LOOP:  1  7  6   	8.538568e-01	( 2 2 1 5 5 6  )
G_LOOP:  1  8  6   	8.539536e-01	( 2 2 3 5 5 4  )
G_LOOP:  1  9  6   	8.538749e-01	( 3 3 0 4 4 7  )
G_LOOP:  1  10  6   	8.509052e-01	( 3 3 1 4 4 6  )
G_LOOP:  1  11  6   	8.542319e-01	( 3 3 2 4 4 5  )
G_LOOP:  2  0  6   	8.757616e-01	( 0 1 2 7 6 5  )
G_LOOP:  2  1  6   	8.783519e-01	( 0 1 5 7 6 2  )
G_LOOP:  2  2  6   	8.732871e-01	( 0 6 2 7 1 5  )
G_LOOP:  2  3  6   	8.757185e-01	( 0 6 5 7 1 2  )
G_LOOP:  2  4  6   	8.808826e-01	( 0 1 3 7 6 4  )
G_LOOP:  2  5  6   	8.805856e-01	( 0 1 4 7 6 3  )
G_LOOP:  2  6  6   	8.736942e-01	( 0 6 3 7 1 4  )
G_LOOP:  2  7  6   	8.766187e-01	( 0 6 4 7 1 3  )
G_LOOP:  2  8  6   	8.765765e-01	( 0 2 3 7 5 4  )
G_LOOP:  2  9  6   	8.804759e-01	( 0 2 4 7 5 3  )
G_LOOP:  2  10  6   	8.758448e-01	( 0 5 3 7 2 4  )
G_LOOP:  2  11  6   	8.745625e-01	( 0 5 4 7 2 3  )
G_LOOP:  2  12  6   	8.722904e-01	( 1 2 3 6 5 4  )
G_LOOP:  2  13  6   	8.801306e-01	( 1 2 4 6 5 3  )
G_LOOP:  2  14  6   	8.763059e-01	( 1 5 3 6 2 4  )
G_LOOP:  2  15  6   	8.742140e-01	( 1 5 4 6 2 3  )
GACTION: 5.781983e+00
CONGRAD5: time = 5.269051e-03 (fn F) masses = 1 iters = 5 mflops = 2.595200e+03
 OK converged final_rsq= 0.01 (cf 0.016) rel = 1 (cf 0) restarts = 1 iters= 5
CONGRAD5: time = 6.565094e-03 (fn F) masses = 1 iters = 7 mflops = 2.916019e+03
 OK converged final_rsq= 0.0082 (cf 0.016) rel = 1 (cf 0) restarts = 1 iters= 7
PBP: mass 1.250000e-01     1.244008e-01  3.278295e-01  1.524636e-03  4.785546e-05 ( 1 of 1 )
FACTION: mass = 1.250000e-01,  1.429116e+00 ( 1 of 1 )
CONGRAD5: time = 5.379200e-03 (fn F) masses = 1 iters = 5 mflops = 2.542058e+03
 OK converged final_rsq= 0.01 (cf 0.016) rel = 1 (cf 0) restarts = 1 iters= 5
CONGRAD5: time = 6.572962e-03 (fn F) masses = 1 iters = 7 mflops = 2.912528e+03
 OK converged final_rsq= 0.0083 (cf 0.016) rel = 1 (cf 0) restarts = 1 iters= 7
PBP: mass 1.250000e-01     1.240261e-01  3.300110e-01  -6.302996e-04  -4.874612e-04 ( 1 of 1 )
FACTION: mass = 1.250000e-01,  1.440693e+00 ( 1 of 1 )
RUNNING COMPLETED
average cg iters for step= 1.100000e+01
Time = 1.104167e+01 seconds
total_iters = 552
Checksums eb39cb37 375da3b2
Saved gauge configuration in parallel to binary file lat_p64_size64_1
Time stamp Wed May 18 23:16:11 2022
Wrote info file lat_p64_size64_1.info
Time to save = 3.055692e-02
CHECK PLAQ: 1.644329e+00 1.645266e+00
CHECK NERSC LINKTR: 1.712149e-01 CKSUM: b2397a8b


warms 0
trajecs 4
traj_between_meas 1
beta 5.6
mass1 0.01
mass2 0.01
u0 0.8441
microcanonical_time_step 0.02
steps_per_trajectory 15
max_cg_iterations 300
max_cg_restarts 5
error_per_site 1e-05
error_for_propagator 1e-05
npbp_reps 1
prec_pbp 1
reload_parallel lat_p64_size64_1
save_parallel lat_p64_size64_2
Restored binary gauge configuration in parallel from file lat_p64_size64_1
Time stamp Wed May 18 23:16:11 2022
Checksums eb39cb37 375da3b2 OK
Time to reload gauge configuration = 1.865411e-02
CHECK PLAQ: 1.644329e+00 1.645266e+00
CHECK NERSC LINKTR: 1.712149e-01 CKSUM: b2397a8b
Unitarity checked.  Max deviation 2.98e-07
Time to check unitarity = 3.609657e-04
"O(a^2): couplings(pi)=0, Naik term, No O(a^2) errors, tadpole weights"
path coefficients: npath  path_coeff  multiplicity
                    0      6.250000e-01     8
                    1      -5.847914e-02     8
                    2      -8.771871e-02     48
                    3      3.077829e-02     192
                    4      -7.199551e-03     384
                    5      -1.231132e-01     48
Symanzik 1x1 + 1x2 + 1x1x1 action
gauge_action: total_dyn_flavors = 3
loop coefficients: nloop rep loop_coeff  multiplicity
                    0 0      1.000000e+00     6
                    1 0      -7.762509e-02     12
                    2 0      -1.031171e-02     16
WARMUPS COMPLETED
CONGRAD5: time = 4.135790e-01 (fn F) masses = 1 iters = 602 mflops = 3.980808e+03
 OK converged final_rsq= 8.7e-11 (cf 1e-10) rel = 1 (cf 0) restarts = 3 iters= 602
CONGRAD5: time = 4.129200e-01 (fn F) masses = 1 iters = 602 mflops = 3.987161e+03
 OK converged final_rsq= 5.9e-11 (cf 1e-10) rel = 1 (cf 0) restarts = 3 iters= 602
GFTIME:   time = 8.391786e-02 (Symanzik1) mflops = 4.200789e+03
FFTIME:  time = 2.833269e-01 (asqtad3) terms = 2 mflops = 3.529006e+03
CONGRAD5: time = 4.770510e-01 (fn F) masses = 1 iters = 697 mflops = 3.995776e+03
 OK converged final_rsq= 1e-10 (cf 1e-10) rel = 1 (cf 0) restarts = 3 iters= 697
CONGRAD5: time = 4.111490e-01 (fn F) masses = 1 iters = 602 mflops = 4.004335e+03
 OK converged final_rsq= 8.1e-11 (cf 1e-10) rel = 1 (cf 0) restarts = 3 iters= 602
GFTIME:   time = 8.422279e-02 (Symanzik1) mflops = 4.185580e+03
FFTIME:  time = 2.839558e-01 (asqtad3) terms = 2 mflops = 3.521190e+03
CONGRAD5: time = 4.760809e-01 (fn F) masses = 1 iters = 696 mflops = 3.998174e+03
 OK converged final_rsq= 9.8e-11 (cf 1e-10) rel = 1 (cf 0) restarts = 3 iters= 696
CONGRAD5: time = 4.113460e-01 (fn F) masses = 1 iters = 602 mflops = 4.002418e+03
 OK converged final_rsq= 4.9e-11 (cf 1e-10) rel = 1 (cf 0) restarts = 3 iters= 602
GFTIME:   time = 8.420801e-02 (Symanzik1) mflops = 4.186314e+03
FFTIME:  time = 2.831659e-01 (asqtad3) terms = 2 mflops = 3.531012e+03
CONGRAD5: time = 5.051119e-01 (fn F) masses = 1 iters = 736 mflops = 3.984955e+03
 OK converged final_rsq= 5e-11 (cf 1e-10) rel = 1 (cf 0) restarts = 4 iters= 736
CONGRAD5: time = 4.118428e-01 (fn F) masses = 1 iters = 602 mflops = 3.997589e+03
 OK converged final_rsq= 6.1e-11 (cf 1e-10) rel = 1 (cf 0) restarts = 3 iters= 602
GFTIME:   time = 8.425403e-02 (Symanzik1) mflops = 4.184028e+03
FFTIME:  time = 2.844999e-01 (asqtad3) terms = 2 mflops = 3.514456e+03
CONGRAD5: time = 4.868221e-01 (fn F) masses = 1 iters = 712 mflops = 3.999842e+03
 OK converged final_rsq= 9.9e-11 (cf 1e-10) rel = 1 (cf 0) restarts = 3 iters= 712
CONGRAD5: time = 4.120879e-01 (fn F) masses = 1 iters = 602 mflops = 3.995212e+03
 OK converged final_rsq= 4.4e-11 (cf 1e-10) rel = 1 (cf 0) restarts = 3 iters= 602
GFTIME:   time = 8.405781e-02 (Symanzik1) mflops = 4.193795e+03
FFTIME:  time = 2.869968e-01 (asqtad3) terms = 2 mflops = 3.483879e+03
CONGRAD5: time = 4.943330e-01 (fn F) masses = 1 iters = 723 mflops = 3.999925e+03
 OK converged final_rsq= 9.9e-11 (cf 1e-10) rel = 1 (cf 0) restarts = 3 iters= 723
CONGRAD5: time = 4.744899e-01 (fn F) masses = 1 iters = 694 mflops = 4.000052e+03
 OK converged final_rsq= 9.9e-11 (cf 1e-10) rel = 1 (cf 0) restarts = 3 iters= 694
GFTIME:   time = 8.427215e-02 (Symanzik1) mflops = 4.183128e+03
FFTIME:  time = 2.890098e-01 (asqtad3) terms = 2 mflops = 3.459614e+03
CONGRAD5: time = 4.800839e-01 (fn F) masses = 1 iters = 702 mflops = 3.999016e+03
 OK converged final_rsq= 9.9e-11 (cf 1e-10) rel = 1 (cf 0) restarts = 3 iters= 702
CONGRAD5: time = 4.720361e-01 (fn F) masses = 1 iters = 691 mflops = 4.003465e+03
 OK converged final_rsq= 9.9e-11 (cf 1e-10) rel = 1 (cf 0) restarts = 3 iters= 691
GFTIME:   time = 8.383512e-02 (Symanzik1) mflops = 4.204935e+03
FFTIME:  time = 2.851009e-01 (asqtad3) terms = 2 mflops = 3.507047e+03
CONGRAD5: time = 5.117500e-01 (fn F) masses = 1 iters = 747 mflops = 3.992050e+03
 OK converged final_rsq= 5e-11 (cf 1e-10) rel = 1 (cf 0) restarts = 4 iters= 747
CONGRAD5: time = 4.803889e-01 (fn F) masses = 1 iters = 698 mflops = 3.973705e+03
 OK converged final_rsq= 9.9e-11 (cf 1e-10) rel = 1 (cf 0) restarts = 3 iters= 698
GFTIME:   time = 8.406091e-02 (Symanzik1) mflops = 4.193640e+03
FFTIME:  time = 2.855270e-01 (asqtad3) terms = 2 mflops = 3.501814e+03
CONGRAD5: time = 4.118271e-01 (fn F) masses = 1 iters = 602 mflops = 3.997742e+03
 OK converged final_rsq= 6.1e-11 (cf 1e-10) rel = 1 (cf 0) restarts = 3 iters= 602
CONGRAD5: time = 4.120069e-01 (fn F) masses = 1 iters = 602 mflops = 3.995998e+03
 OK converged final_rsq= 8.1e-11 (cf 1e-10) rel = 1 (cf 0) restarts = 3 iters= 602
GFTIME:   time = 8.407092e-02 (Symanzik1) mflops = 4.193141e+03
FFTIME:  time = 2.869689e-01 (asqtad3) terms = 2 mflops = 3.484218e+03
CONGRAD5: time = 5.241330e-01 (fn F) masses = 1 iters = 733 mflops = 3.824685e+03
 OK converged final_rsq= 1e-10 (cf 1e-10) rel = 1 (cf 0) restarts = 3 iters= 733
CONGRAD5: time = 5.067441e-01 (fn F) masses = 1 iters = 687 mflops = 3.707671e+03
 OK converged final_rsq= 5e-11 (cf 1e-10) rel = 1 (cf 0) restarts = 4 iters= 687
GFTIME:   time = 9.524798e-02 (Symanzik1) mflops = 3.701088e+03
FFTIME:  time = 2.834730e-01 (asqtad3) terms = 2 mflops = 3.527187e+03
CONGRAD5: time = 4.806252e-01 (fn F) masses = 1 iters = 702 mflops = 3.994513e+03
 OK converged final_rsq= 1e-10 (cf 1e-10) rel = 1 (cf 0) restarts = 3 iters= 702
CONGRAD5: time = 4.877131e-01 (fn F) masses = 1 iters = 714 mflops = 4.003750e+03
 OK converged final_rsq= 9.9e-11 (cf 1e-10) rel = 1 (cf 0) restarts = 3 iters= 714
GFTIME:   time = 8.408403e-02 (Symanzik1) mflops = 4.192487e+03
FFTIME:  time = 2.828929e-01 (asqtad3) terms = 2 mflops = 3.534419e+03
CONGRAD5: time = 5.046849e-01 (fn F) masses = 1 iters = 736 mflops = 3.988326e+03
 OK converged final_rsq= 5e-11 (cf 1e-10) rel = 1 (cf 0) restarts = 4 iters= 736
CONGRAD5: time = 4.718199e-01 (fn F) masses = 1 iters = 691 mflops = 4.005300e+03
 OK converged final_rsq= 1e-10 (cf 1e-10) rel = 1 (cf 0) restarts = 3 iters= 691
GFTIME:   time = 8.399415e-02 (Symanzik1) mflops = 4.196973e+03
FFTIME:  time = 2.849360e-01 (asqtad3) terms = 2 mflops = 3.509077e+03
CONGRAD5: time = 4.132140e-01 (fn F) masses = 1 iters = 602 mflops = 3.984324e+03
 OK converged final_rsq= 5.9e-11 (cf 1e-10) rel = 1 (cf 0) restarts = 3 iters= 602
CONGRAD5: time = 4.803982e-01 (fn F) masses = 1 iters = 704 mflops = 4.007786e+03
 OK converged final_rsq= 9.9e-11 (cf 1e-10) rel = 1 (cf 0) restarts = 3 iters= 704
GFTIME:   time = 8.455300e-02 (Symanzik1) mflops = 4.169234e+03
FFTIME:  time = 2.844579e-01 (asqtad3) terms = 2 mflops = 3.514974e+03
CONGRAD5: time = 4.942439e-01 (fn F) masses = 1 iters = 722 mflops = 3.995113e+03
 OK converged final_rsq= 1e-10 (cf 1e-10) rel = 1 (cf 0) restarts = 3 iters= 722
CONGRAD5: time = 4.882989e-01 (fn F) masses = 1 iters = 714 mflops = 3.998947e+03
 OK converged final_rsq= 9.9e-11 (cf 1e-10) rel = 1 (cf 0) restarts = 3 iters= 714
GFTIME:   time = 8.441091e-02 (Symanzik1) mflops = 4.176252e+03
FFTIME:  time = 2.833710e-01 (asqtad3) terms = 2 mflops = 3.528457e+03
CONGRAD5: time = 5.035820e-01 (fn F) masses = 1 iters = 734 mflops = 3.986200e+03
 OK converged final_rsq= 5e-11 (cf 1e-10) rel = 1 (cf 0) restarts = 4 iters= 734
CONGRAD5: time = 4.999239e-01 (fn F) masses = 1 iters = 730 mflops = 3.993486e+03
 OK converged final_rsq= 5e-11 (cf 1e-10) rel = 1 (cf 0) restarts = 4 iters= 730
GFTIME:   time = 8.425188e-02 (Symanzik1) mflops = 4.184135e+03
FFTIME:  time = 2.845240e-01 (asqtad3) terms = 2 mflops = 3.514158e+03
PLAQ:	1.539774	1.537947
P_LOOP:	2.137525e-02	-1.868548e-03
G_LOOP:  0  0  4   	1.540746e+00	( 0 1 7 6  )
G_LOOP:  0  1  4   	1.540140e+00	( 0 2 7 5  )
G_LOOP:  0  2  4   	1.541719e+00	( 0 3 7 4  )
G_LOOP:  0  3  4   	1.538434e+00	( 1 2 6 5  )
G_LOOP:  0  4  4   	1.537550e+00	( 1 3 6 4  )
G_LOOP:  0  5  4   	1.534573e+00	( 2 3 5 4  )
G_LOOP:  1  0  6   	7.790819e-01	( 0 0 1 7 7 6  )
G_LOOP:  1  1  6   	7.799391e-01	( 0 0 2 7 7 5  )
G_LOOP:  1  2  6   	7.791043e-01	( 0 0 3 7 7 4  )
G_LOOP:  1  3  6   	7.764447e-01	( 1 1 0 6 6 7  )
G_LOOP:  1  4  6   	7.782270e-01	( 1 1 2 6 6 5  )
G_LOOP:  1  5  6   	7.747586e-01	( 1 1 3 6 6 4  )
G_LOOP:  1  6  6   	7.836418e-01	( 2 2 0 5 5 7  )
G_LOOP:  1  7  6   	7.799032e-01	( 2 2 1 5 5 6  )
G_LOOP:  1  8  6   	7.734723e-01	( 2 2 3 5 5 4  )
G_LOOP:  1  9  6   	7.777085e-01	( 3 3 0 4 4 7  )
G_LOOP:  1  10  6   	7.756252e-01	( 3 3 1 4 4 6  )
G_LOOP:  1  11  6   	7.764703e-01	( 3 3 2 4 4 5  )
G_LOOP:  2  0  6   	7.994985e-01	( 0 1 2 7 6 5  )
G_LOOP:  2  1  6   	7.979915e-01	( 0 1 5 7 6 2  )
G_LOOP:  2  2  6   	7.953705e-01	( 0 6 2 7 1 5  )
G_LOOP:  2  3  6   	8.003053e-01	( 0 6 5 7 1 2  )
G_LOOP:  2  4  6   	8.009586e-01	( 0 1 3 7 6 4  )
G_LOOP:  2  5  6   	7.984360e-01	( 0 1 4 7 6 3  )
G_LOOP:  2  6  6   	7.979490e-01	( 0 6 3 7 1 4  )
G_LOOP:  2  7  6   	7.995333e-01	( 0 6 4 7 1 3  )
G_LOOP:  2  8  6   	7.957329e-01	( 0 2 3 7 5 4  )
G_LOOP:  2  9  6   	7.977878e-01	( 0 2 4 7 5 3  )
G_LOOP:  2  10  6   	7.963617e-01	( 0 5 3 7 2 4  )
G_LOOP:  2  11  6   	7.972991e-01	( 0 5 4 7 2 3  )
G_LOOP:  2  12  6   	7.945366e-01	( 1 2 3 6 5 4  )
G_LOOP:  2  13  6   	8.011747e-01	( 1 2 4 6 5 3  )
G_LOOP:  2  14  6   	7.986753e-01	( 1 5 3 6 2 4  )
G_LOOP:  2  15  6   	7.990682e-01	( 1 5 4 6 2 3  )
GACTION: 6.333642e+00
CONGRAD5: time = 4.858859e-01 (fn F) masses = 1 iters = 710 mflops = 3.996293e+03
 OK converged final_rsq= 9.9e-11 (cf 1e-10) rel = 1 (cf 0) restarts = 3 iters= 710
CONGRAD5: time = 5.541587e-02 (fn F) masses = 1 iters = 79 mflops = 3.898757e+03
 OK converged final_rsq= 9.7e-11 (cf 1e-10) rel = 1 (cf 0) restarts = 1 iters= 79
PBP: mass 1.000000e-02     5.439549e-02  3.149370e-02  7.460282e-03  7.456457e-03 ( 1 of 1 )
FACTION: mass = 1.000000e-02,  1.500299e+00 ( 1 of 1 )
CONGRAD5: time = 4.800529e-01 (fn F) masses = 1 iters = 701 mflops = 3.993577e+03
 OK converged final_rsq= 5e-11 (cf 1e-10) rel = 1 (cf 0) restarts = 4 iters= 701
CONGRAD5: time = 5.128312e-02 (fn F) masses = 1 iters = 73 mflops = 3.892975e+03
 OK converged final_rsq= 9.9e-11 (cf 1e-10) rel = 1 (cf 0) restarts = 1 iters= 73
PBP: mass 1.000000e-02     5.045901e-02  4.403169e-02  -3.122000e-03  -3.124954e-03 ( 1 of 1 )
FACTION: mass = 1.000000e-02,  1.498603e+00 ( 1 of 1 )
CONGRAD5: time = 4.949799e-01 (fn F) masses = 1 iters = 724 mflops = 4.000223e+03
 OK converged final_rsq= 9.8e-11 (cf 1e-10) rel = 1 (cf 0) restarts = 3 iters= 724
CONGRAD5: time = 4.688082e-01 (fn F) masses = 1 iters = 685 mflops = 3.996029e+03
 OK converged final_rsq= 9.8e-11 (cf 1e-10) rel = 1 (cf 0) restarts = 3 iters= 685
GFTIME:   time = 8.473396e-02 (Symanzik1) mflops = 4.160330e+03
FFTIME:  time = 2.842259e-01 (asqtad3) terms = 2 mflops = 3.517843e+03
CONGRAD5: time = 5.117881e-01 (fn F) masses = 1 iters = 746 mflops = 3.986409e+03
 OK converged final_rsq= 5e-11 (cf 1e-10) rel = 1 (cf 0) restarts = 4 iters= 746
CONGRAD5: time = 4.117141e-01 (fn F) masses = 1 iters = 602 mflops = 3.998839e+03
 OK converged final_rsq= 7.6e-11 (cf 1e-10) rel = 1 (cf 0) restarts = 3 iters= 602
GFTIME:   time = 8.411503e-02 (Symanzik1) mflops = 4.190942e+03
FFTIME:  time = 2.855308e-01 (asqtad3) terms = 2 mflops = 3.501767e+03
CONGRAD5: time = 4.990990e-01 (fn F) masses = 1 iters = 729 mflops = 3.994607e+03
 OK converged final_rsq= 5e-11 (cf 1e-10) rel = 1 (cf 0) restarts = 4 iters= 729
CONGRAD5: time = 4.890149e-01 (fn F) masses = 1 iters = 711 mflops = 3.976315e+03
 OK converged final_rsq= 5e-11 (cf 1e-10) rel = 1 (cf 0) restarts = 4 iters= 711
GFTIME:   time = 8.484817e-02 (Symanzik1) mflops = 4.154730e+03
FFTIME:  time = 2.855530e-01 (asqtad3) terms = 2 mflops = 3.501495e+03
CONGRAD5: time = 4.787731e-01 (fn F) masses = 1 iters = 699 mflops = 3.992828e+03
 OK converged final_rsq= 5e-11 (cf 1e-10) rel = 1 (cf 0) restarts = 4 iters= 699
CONGRAD5: time = 4.922850e-01 (fn F) masses = 1 iters = 719 mflops = 3.994344e+03
 OK converged final_rsq= 1e-10 (cf 1e-10) rel = 1 (cf 0) restarts = 3 iters= 719
GFTIME:   time = 8.422995e-02 (Symanzik1) mflops = 4.185224e+03
FFTIME:  time = 2.852349e-01 (asqtad3) terms = 2 mflops = 3.505399e+03
CONGRAD5: time = 4.999249e-01 (fn F) masses = 1 iters = 731 mflops = 3.998948e+03
 OK converged final_rsq= 1e-10 (cf 1e-10) rel = 1 (cf 0) restarts = 3 iters= 731
CONGRAD5: time = 4.681959e-01 (fn F) masses = 1 iters = 683 mflops = 3.989572e+03
 OK converged final_rsq= 5e-11 (cf 1e-10) rel = 1 (cf 0) restarts = 4 iters= 683
GFTIME:   time = 8.413720e-02 (Symanzik1) mflops = 4.189838e+03
FFTIME:  time = 2.827539e-01 (asqtad3) terms = 2 mflops = 3.536157e+03
CONGRAD5: time = 5.281250e-01 (fn F) masses = 1 iters = 771 mflops = 3.992554e+03
 OK converged final_rsq= 5e-11 (cf 1e-10) rel = 1 (cf 0) restarts = 4 iters= 771
CONGRAD5: time = 4.868848e-01 (fn F) masses = 1 iters = 712 mflops = 3.999327e+03
 OK converged final_rsq= 1e-10 (cf 1e-10) rel = 1 (cf 0) restarts = 3 iters= 712
GFTIME:   time = 8.431196e-02 (Symanzik1) mflops = 4.181153e+03
FFTIME:  time = 2.841790e-01 (asqtad3) terms = 2 mflops = 3.518425e+03
CONGRAD5: time = 4.902291e-01 (fn F) masses = 1 iters = 714 mflops = 3.983202e+03
 OK converged final_rsq= 5e-11 (cf 1e-10) rel = 1 (cf 0) restarts = 4 iters= 714
CONGRAD5: time = 4.128902e-01 (fn F) masses = 1 iters = 602 mflops = 3.987449e+03
 OK converged final_rsq= 7.4e-11 (cf 1e-10) rel = 1 (cf 0) restarts = 3 iters= 602
GFTIME:   time = 8.437300e-02 (Symanzik1) mflops = 4.178128e+03
FFTIME:  time = 2.850492e-01 (asqtad3) terms = 2 mflops = 3.507683e+03
CONGRAD5: time = 5.041568e-01 (fn F) masses = 1 iters = 735 mflops = 3.987079e+03
 OK converged final_rsq= 9.8e-11 (cf 1e-10) rel = 1 (cf 0) restarts = 3 iters= 735
CONGRAD5: time = 4.832830e-01 (fn F) masses = 1 iters = 706 mflops = 3.995180e+03
 OK converged final_rsq= 5e-11 (cf 1e-10) rel = 1 (cf 0) restarts = 4 iters= 706
GFTIME:   time = 8.399510e-02 (Symanzik1) mflops = 4.196926e+03
FFTIME:  time = 2.841871e-01 (asqtad3) terms = 2 mflops = 3.518324e+03
CONGRAD5: time = 4.937229e-01 (fn F) masses = 1 iters = 721 mflops = 3.993790e+03
 OK converged final_rsq= 5e-11 (cf 1e-10) rel = 1 (cf 0) restarts = 4 iters= 721
CONGRAD5: time = 5.106320e-01 (fn F) masses = 1 iters = 747 mflops = 4.000790e+03
 OK converged final_rsq= 5e-11 (cf 1e-10) rel = 1 (cf 0) restarts = 4 iters= 747
GFTIME:   time = 8.441114e-02 (Symanzik1) mflops = 4.176240e+03
FFTIME:  time = 2.842190e-01 (asqtad3) terms = 2 mflops = 3.517929e+03
CONGRAD5: time = 5.082889e-01 (fn F) masses = 1 iters = 739 mflops = 3.976189e+03
 OK converged final_rsq= 5e-11 (cf 1e-10) rel = 1 (cf 0) restarts = 4 iters= 739
CONGRAD5: time = 4.702909e-01 (fn F) masses = 1 iters = 688 mflops = 4.000876e+03
 OK converged final_rsq= 9.9e-11 (cf 1e-10) rel = 1 (cf 0) restarts = 3 iters= 688
GFTIME:   time = 8.416510e-02 (Symanzik1) mflops = 4.188449e+03
FFTIME:  time = 2.838230e-01 (asqtad3) terms = 2 mflops = 3.522837e+03
CONGRAD5: time = 5.106182e-01 (fn F) masses = 1 iters = 745 mflops = 3.990186e+03
 OK converged final_rsq= 5e-11 (cf 1e-10) rel = 1 (cf 0) restarts = 4 iters= 745
CONGRAD5: time = 4.897690e-01 (fn F) masses = 1 iters = 716 mflops = 3.998112e+03
 OK converged final_rsq= 1e-10 (cf 1e-10) rel = 1 (cf 0) restarts = 3 iters= 716
GFTIME:   time = 8.437586e-02 (Symanzik1) mflops = 4.177987e+03
FFTIME:  time = 2.853401e-01 (asqtad3) terms = 2 mflops = 3.504107e+03
CONGRAD5: time = 5.283611e-01 (fn F) masses = 1 iters = 772 mflops = 3.995947e+03
 OK converged final_rsq= 5e-11 (cf 1e-10) rel = 1 (cf 0) restarts = 4 iters= 772
CONGRAD5: time = 5.024800e-01 (fn F) masses = 1 iters = 733 mflops = 3.989499e+03
 OK converged final_rsq= 5e-11 (cf 1e-10) rel = 1 (cf 0) restarts = 4 iters= 733
GFTIME:   time = 8.414912e-02 (Symanzik1) mflops = 4.189244e+03
FFTIME:  time = 2.840569e-01 (asqtad3) terms = 2 mflops = 3.519937e+03
CONGRAD5: time = 4.943779e-01 (fn F) masses = 1 iters = 721 mflops = 3.988499e+03
 OK converged final_rsq= 5e-11 (cf 1e-10) rel = 1 (cf 0) restarts = 4 iters= 721
CONGRAD5: time = 4.955800e-01 (fn F) masses = 1 iters = 724 mflops = 3.995379e+03
 OK converged final_rsq= 5e-11 (cf 1e-10) rel = 1 (cf 0) restarts = 4 iters= 724
GFTIME:   time = 8.432198e-02 (Symanzik1) mflops = 4.180657e+03
FFTIME:  time = 2.876658e-01 (asqtad3) terms = 2 mflops = 3.475777e+03
CONGRAD5: time = 5.200379e-01 (fn F) masses = 1 iters = 759 mflops = 3.991535e+03
 OK converged final_rsq= 5e-11 (cf 1e-10) rel = 1 (cf 0) restarts = 4 iters= 759
CONGRAD5: time = 4.969230e-01 (fn F) masses = 1 iters = 727 mflops = 4.001092e+03
 OK converged final_rsq= 1e-10 (cf 1e-10) rel = 1 (cf 0) restarts = 3 iters= 727
GFTIME:   time = 8.418012e-02 (Symanzik1) mflops = 4.187702e+03
FFTIME:  time = 2.827191e-01 (asqtad3) terms = 2 mflops = 3.536592e+03
CONGRAD5: time = 5.168722e-01 (fn F) masses = 1 iters = 754 mflops = 3.989527e+03
 OK converged final_rsq= 4.9e-11 (cf 1e-10) rel = 1 (cf 0) restarts = 4 iters= 754
CONGRAD5: time = 4.115579e-01 (fn F) masses = 1 iters = 602 mflops = 4.000357e+03
 OK converged final_rsq= 9.2e-11 (cf 1e-10) rel = 1 (cf 0) restarts = 3 iters= 602
GFTIME:   time = 8.435297e-02 (Symanzik1) mflops = 4.179120e+03
FFTIME:  time = 2.835450e-01 (asqtad3) terms = 2 mflops = 3.526291e+03
PLAQ:	1.497626	1.498130
P_LOOP:	1.991909e-02	-1.379642e-02
G_LOOP:  0  0  4   	1.497047e+00	( 0 1 7 6  )
G_LOOP:  0  1  4   	1.498616e+00	( 0 2 7 5  )
G_LOOP:  0  2  4   	1.498145e+00	( 0 3 7 4  )
G_LOOP:  0  3  4   	1.497214e+00	( 1 2 6 5  )
G_LOOP:  0  4  4   	1.496954e+00	( 1 3 6 4  )
G_LOOP:  0  5  4   	1.499291e+00	( 2 3 5 4  )
G_LOOP:  1  0  6   	7.398073e-01	( 0 0 1 7 7 6  )
G_LOOP:  1  1  6   	7.422374e-01	( 0 0 2 7 7 5  )
G_LOOP:  1  2  6   	7.394495e-01	( 0 0 3 7 7 4  )
G_LOOP:  1  3  6   	7.382840e-01	( 1 1 0 6 6 7  )
G_LOOP:  1  4  6   	7.365532e-01	( 1 1 2 6 6 5  )
G_LOOP:  1  5  6   	7.371902e-01	( 1 1 3 6 6 4  )
G_LOOP:  1  6  6   	7.456752e-01	( 2 2 0 5 5 7  )
G_LOOP:  1  7  6   	7.428936e-01	( 2 2 1 5 5 6  )
G_LOOP:  1  8  6   	7.390187e-01	( 2 2 3 5 5 4  )
G_LOOP:  1  9  6   	7.398111e-01	( 3 3 0 4 4 7  )
G_LOOP:  1  10  6   	7.389642e-01	( 3 3 1 4 4 6  )
G_LOOP:  1  11  6   	7.400356e-01	( 3 3 2 4 4 5  )
G_LOOP:  2  0  6   	7.607733e-01	( 0 1 2 7 6 5  )
G_LOOP:  2  1  6   	7.581736e-01	( 0 1 5 7 6 2  )
G_LOOP:  2  2  6   	7.537819e-01	( 0 6 2 7 1 5  )
G_LOOP:  2  3  6   	7.623529e-01	( 0 6 5 7 1 2  )
G_LOOP:  2  4  6   	7.597389e-01	( 0 1 3 7 6 4  )
G_LOOP:  2  5  6   	7.537096e-01	( 0 1 4 7 6 3  )
G_LOOP:  2  6  6   	7.572606e-01	( 0 6 3 7 1 4  )
G_LOOP:  2  7  6   	7.594713e-01	( 0 6 4 7 1 3  )
G_LOOP:  2  8  6   	7.558015e-01	( 0 2 3 7 5 4  )
G_LOOP:  2  9  6   	7.618569e-01	( 0 2 4 7 5 3  )
G_LOOP:  2  10  6   	7.589309e-01	( 0 5 3 7 2 4  )
G_LOOP:  2  11  6   	7.602545e-01	( 0 5 4 7 2 3  )
G_LOOP:  2  12  6   	7.595571e-01	( 1 2 3 6 5 4  )
G_LOOP:  2  13  6   	7.632494e-01	( 1 2 4 6 5 3  )
G_LOOP:  2  14  6   	7.579410e-01	( 1 5 3 6 2 4  )
G_LOOP:  2  15  6   	7.601606e-01	( 1 5 4 6 2 3  )
GACTION: 6.537787e+00
CONGRAD5: time = 4.120119e-01 (fn F) masses = 1 iters = 602 mflops = 3.995949e+03
 OK converged final_rsq= 1e-10 (cf 1e-10) rel = 1 (cf 0) restarts = 3 iters= 602
CONGRAD5: time = 9.271407e-02 (fn F) masses = 1 iters = 133 mflops = 3.923189e+03
 OK converged final_rsq= 5e-11 (cf 1e-10) rel = 1 (cf 0) restarts = 2 iters= 133
PBP: mass 1.000000e-02     4.180596e-02  5.650046e-02  6.282065e-03  6.257703e-03 ( 1 of 1 )
FACTION: mass = 1.000000e-02,  1.499623e+00 ( 1 of 1 )
CONGRAD5: time = 4.853110e-01 (fn F) masses = 1 iters = 709 mflops = 3.995391e+03
 OK converged final_rsq= 5e-11 (cf 1e-10) rel = 1 (cf 0) restarts = 4 iters= 709
CONGRAD5: time = 5.275893e-02 (fn F) masses = 1 iters = 75 mflops = 3.887751e+03
 OK converged final_rsq= 1e-10 (cf 1e-10) rel = 1 (cf 0) restarts = 1 iters= 75
PBP: mass 1.000000e-02     4.935784e-02  4.621076e-02  -8.936203e-03  -8.936002e-03 ( 1 of 1 )
FACTION: mass = 1.000000e-02,  1.495237e+00 ( 1 of 1 )
CONGRAD5: time = 5.203211e-01 (fn F) masses = 1 iters = 758 mflops = 3.984106e+03
 OK converged final_rsq= 5e-11 (cf 1e-10) rel = 1 (cf 0) restarts = 4 iters= 758
CONGRAD5: time = 5.030129e-01 (fn F) masses = 1 iters = 735 mflops = 3.996147e+03
 OK converged final_rsq= 1e-10 (cf 1e-10) rel = 1 (cf 0) restarts = 3 iters= 735
GFTIME:   time = 8.433914e-02 (Symanzik1) mflops = 4.179806e+03
FFTIME:  time = 2.837930e-01 (asqtad3) terms = 2 mflops = 3.523210e+03
CONGRAD5: time = 5.205209e-01 (fn F) masses = 1 iters = 759 mflops = 3.987831e+03
 OK converged final_rsq= 9.9e-11 (cf 1e-10) rel = 1 (cf 0) restarts = 3 iters= 759
CONGRAD5: time = 4.739320e-01 (fn F) masses = 1 iters = 693 mflops = 3.998990e+03
 OK converged final_rsq= 9.9e-11 (cf 1e-10) rel = 1 (cf 0) restarts = 3 iters= 693
GFTIME:   time = 8.416104e-02 (Symanzik1) mflops = 4.188651e+03
FFTIME:  time = 2.837949e-01 (asqtad3) terms = 2 mflops = 3.523186e+03
CONGRAD5: time = 5.326881e-01 (fn F) masses = 1 iters = 777 mflops = 3.989158e+03
 OK converged final_rsq= 1e-10 (cf 1e-10) rel = 1 (cf 0) restarts = 3 iters= 777
CONGRAD5: time = 4.893100e-01 (fn F) masses = 1 iters = 715 mflops = 3.996273e+03
 OK converged final_rsq= 1e-10 (cf 1e-10) rel = 1 (cf 0) restarts = 3 iters= 715
GFTIME:   time = 8.506513e-02 (Symanzik1) mflops = 4.144133e+03
FFTIME:  time = 2.838340e-01 (asqtad3) terms = 2 mflops = 3.522701e+03
CONGRAD5: time = 5.173631e-01 (fn F) masses = 1 iters = 755 mflops = 3.991027e+03
 OK converged final_rsq= 4.9e-11 (cf 1e-10) rel = 1 (cf 0) restarts = 4 iters= 755
CONGRAD5: time = 4.856091e-01 (fn F) masses = 1 iters = 709 mflops = 3.992939e+03
 OK converged final_rsq= 9.9e-11 (cf 1e-10) rel = 1 (cf 0) restarts = 3 iters= 709
GFTIME:   time = 8.467484e-02 (Symanzik1) mflops = 4.163235e+03
FFTIME:  time = 2.838051e-01 (asqtad3) terms = 2 mflops = 3.523059e+03
CONGRAD5: time = 5.271919e-01 (fn F) masses = 1 iters = 769 mflops = 3.989246e+03
 OK converged final_rsq= 5e-11 (cf 1e-10) rel = 1 (cf 0) restarts = 4 iters= 769
CONGRAD5: time = 5.048449e-01 (fn F) masses = 1 iters = 737 mflops = 3.992480e+03
 OK converged final_rsq= 1e-10 (cf 1e-10) rel = 1 (cf 0) restarts = 3 iters= 737
GFTIME:   time = 8.421707e-02 (Symanzik1) mflops = 4.185864e+03
FFTIME:  time = 2.863820e-01 (asqtad3) terms = 2 mflops = 3.491359e+03
CONGRAD5: time = 5.128338e-01 (fn F) masses = 1 iters = 749 mflops = 3.994278e+03
 OK converged final_rsq= 1e-10 (cf 1e-10) rel = 1 (cf 0) restarts = 3 iters= 749
CONGRAD5: time = 5.148580e-01 (fn F) masses = 1 iters = 752 mflops = 3.994510e+03
 OK converged final_rsq= 5e-11 (cf 1e-10) rel = 1 (cf 0) restarts = 4 iters= 752
GFTIME:   time = 8.420706e-02 (Symanzik1) mflops = 4.186362e+03
FFTIME:  time = 2.914729e-01 (asqtad3) terms = 2 mflops = 3.430378e+03
CONGRAD5: time = 5.240471e-01 (fn F) masses = 1 iters = 761 mflops = 3.971435e+03
 OK converged final_rsq= 5e-11 (cf 1e-10) rel = 1 (cf 0) restarts = 4 iters= 761
CONGRAD5: time = 5.001500e-01 (fn F) masses = 1 iters = 731 mflops = 3.997149e+03
 OK converged final_rsq= 1e-10 (cf 1e-10) rel = 1 (cf 0) restarts = 3 iters= 731
GFTIME:   time = 8.426809e-02 (Symanzik1) mflops = 4.183330e+03
FFTIME:  time = 2.867310e-01 (asqtad3) terms = 2 mflops = 3.487109e+03
CONGRAD5: time = 5.139940e-01 (fn F) masses = 1 iters = 750 mflops = 3.990584e+03
 OK converged final_rsq= 4.9e-11 (cf 1e-10) rel = 1 (cf 0) restarts = 4 iters= 750
CONGRAD5: time = 5.026591e-01 (fn F) masses = 1 iters = 735 mflops = 3.998959e+03
 OK converged final_rsq= 5e-11 (cf 1e-10) rel = 1 (cf 0) restarts = 4 iters= 735
GFTIME:   time = 8.402610e-02 (Symanzik1) mflops = 4.195378e+03
FFTIME:  time = 2.840059e-01 (asqtad3) terms = 2 mflops = 3.520569e+03
CONGRAD5: time = 5.364621e-01 (fn F) masses = 1 iters = 782 mflops = 3.986584e+03
 OK converged final_rsq= 4.9e-11 (cf 1e-10) rel = 1 (cf 0) restarts = 4 iters= 782
CONGRAD5: time = 5.261979e-01 (fn F) masses = 1 iters = 767 mflops = 3.986387e+03
 OK converged final_rsq= 5e-11 (cf 1e-10) rel = 1 (cf 0) restarts = 4 iters= 767
GFTIME:   time = 8.405399e-02 (Symanzik1) mflops = 4.193985e+03
FFTIME:  time = 2.845709e-01 (asqtad3) terms = 2 mflops = 3.513578e+03
CONGRAD5: time = 5.226550e-01 (fn F) masses = 1 iters = 762 mflops = 3.987246e+03
 OK converged final_rsq= 5e-11 (cf 1e-10) rel = 1 (cf 0) restarts = 4 iters= 762
CONGRAD5: time = 4.962199e-01 (fn F) masses = 1 iters = 725 mflops = 3.995738e+03
 OK converged final_rsq= 9.9e-11 (cf 1e-10) rel = 1 (cf 0) restarts = 3 iters= 725
GFTIME:   time = 8.413196e-02 (Symanzik1) mflops = 4.190099e+03
FFTIME:  time = 2.843540e-01 (asqtad3) terms = 2 mflops = 3.516259e+03
CONGRAD5: time = 5.182500e-01 (fn F) masses = 1 iters = 756 mflops = 3.989474e+03
 OK converged final_rsq= 5e-11 (cf 1e-10) rel = 1 (cf 0) restarts = 4 iters= 756
CONGRAD5: time = 5.237310e-01 (fn F) masses = 1 iters = 766 mflops = 3.999942e+03
 OK converged final_rsq= 5e-11 (cf 1e-10) rel = 1 (cf 0) restarts = 4 iters= 766
GFTIME:   time = 8.388805e-02 (Symanzik1) mflops = 4.202281e+03
FFTIME:  time = 2.851281e-01 (asqtad3) terms = 2 mflops = 3.506712e+03
CONGRAD5: time = 5.184250e-01 (fn F) masses = 1 iters = 757 mflops = 3.993403e+03
 OK converged final_rsq= 5e-11 (cf 1e-10) rel = 1 (cf 0) restarts = 4 iters= 757
CONGRAD5: time = 4.896591e-01 (fn F) masses = 1 iters = 715 mflops = 3.993424e+03
 OK converged final_rsq= 5e-11 (cf 1e-10) rel = 1 (cf 0) restarts = 4 iters= 715
GFTIME:   time = 8.412910e-02 (Symanzik1) mflops = 4.190241e+03
FFTIME:  time = 2.843618e-01 (asqtad3) terms = 2 mflops = 3.516162e+03
CONGRAD5: time = 5.321908e-01 (fn F) masses = 1 iters = 774 mflops = 3.977469e+03
 OK converged final_rsq= 5e-11 (cf 1e-10) rel = 1 (cf 0) restarts = 4 iters= 774
CONGRAD5: time = 4.927709e-01 (fn F) masses = 1 iters = 719 mflops = 3.990405e+03
 OK converged final_rsq= 1e-10 (cf 1e-10) rel = 1 (cf 0) restarts = 3 iters= 719
GFTIME:   time = 8.416605e-02 (Symanzik1) mflops = 4.188402e+03
FFTIME:  time = 2.829449e-01 (asqtad3) terms = 2 mflops = 3.533770e+03
CONGRAD5: time = 5.358400e-01 (fn F) masses = 1 iters = 783 mflops = 3.996316e+03
 OK converged final_rsq= 5e-11 (cf 1e-10) rel = 1 (cf 0) restarts = 4 iters= 783
CONGRAD5: time = 5.047240e-01 (fn F) masses = 1 iters = 738 mflops = 3.998854e+03
 OK converged final_rsq= 5e-11 (cf 1e-10) rel = 1 (cf 0) restarts = 4 iters= 738
GFTIME:   time = 8.408403e-02 (Symanzik1) mflops = 4.192487e+03
FFTIME:  time = 2.828808e-01 (asqtad3) terms = 2 mflops = 3.534571e+03
CONGRAD5: time = 5.348349e-01 (fn F) masses = 1 iters = 781 mflops = 3.993600e+03
 OK converged final_rsq= 5e-11 (cf 1e-10) rel = 1 (cf 0) restarts = 4 iters= 781
CONGRAD5: time = 5.033062e-01 (fn F) masses = 1 iters = 737 mflops = 4.004686e+03
 OK converged final_rsq= 1e-10 (cf 1e-10) rel = 1 (cf 0) restarts = 3 iters= 737
GFTIME:   time = 8.419800e-02 (Symanzik1) mflops = 4.186812e+03
FFTIME:  time = 2.835190e-01 (asqtad3) terms = 2 mflops = 3.526614e+03
PLAQ:	1.473963	1.473385
P_LOOP:	-7.764093e-03	6.219712e-03
G_LOOP:  0  0  4   	1.474057e+00	( 0 1 7 6  )
G_LOOP:  0  1  4   	1.476495e+00	( 0 2 7 5  )
G_LOOP:  0  2  4   	1.473365e+00	( 0 3 7 4  )
G_LOOP:  0  3  4   	1.471338e+00	( 1 2 6 5  )
G_LOOP:  0  4  4   	1.472826e+00	( 1 3 6 4  )
G_LOOP:  0  5  4   	1.473963e+00	( 2 3 5 4  )
G_LOOP:  1  0  6   	7.133980e-01	( 0 0 1 7 7 6  )
G_LOOP:  1  1  6   	7.231318e-01	( 0 0 2 7 7 5  )
G_LOOP:  1  2  6   	7.177161e-01	( 0 0 3 7 7 4  )
G_LOOP:  1  3  6   	7.170766e-01	( 1 1 0 6 6 7  )
G_LOOP:  1  4  6   	7.130472e-01	( 1 1 2 6 6 5  )
G_LOOP:  1  5  6   	7.151839e-01	( 1 1 3 6 6 4  )
G_LOOP:  1  6  6   	7.140978e-01	( 2 2 0 5 5 7  )
G_LOOP:  1  7  6   	7.130462e-01	( 2 2 1 5 5 6  )
G_LOOP:  1  8  6   	7.153132e-01	( 2 2 3 5 5 4  )
G_LOOP:  1  9  6   	7.117251e-01	( 3 3 0 4 4 7  )
G_LOOP:  1  10  6   	7.125768e-01	( 3 3 1 4 4 6  )
G_LOOP:  1  11  6   	7.086897e-01	( 3 3 2 4 4 5  )
G_LOOP:  2  0  6   	7.351040e-01	( 0 1 2 7 6 5  )
G_LOOP:  2  1  6   	7.280939e-01	( 0 1 5 7 6 2  )
G_LOOP:  2  2  6   	7.308180e-01	( 0 6 2 7 1 5  )
G_LOOP:  2  3  6   	7.304092e-01	( 0 6 5 7 1 2  )
G_LOOP:  2  4  6   	7.341810e-01	( 0 1 3 7 6 4  )
G_LOOP:  2  5  6   	7.318136e-01	( 0 1 4 7 6 3  )
G_LOOP:  2  6  6   	7.295944e-01	( 0 6 3 7 1 4  )
G_LOOP:  2  7  6   	7.277577e-01	( 0 6 4 7 1 3  )
G_LOOP:  2  8  6   	7.329565e-01	( 0 2 3 7 5 4  )
G_LOOP:  2  9  6   	7.324030e-01	( 0 2 4 7 5 3  )
G_LOOP:  2  10  6   	7.299320e-01	( 0 5 3 7 2 4  )
G_LOOP:  2  11  6   	7.308683e-01	( 0 5 4 7 2 3  )
G_LOOP:  2  12  6   	7.322426e-01	( 1 2 3 6 5 4  )
G_LOOP:  2  13  6   	7.340319e-01	( 1 2 4 6 5 3  )
G_LOOP:  2  14  6   	7.346669e-01	( 1 5 3 6 2 4  )
G_LOOP:  2  15  6   	7.309851e-01	( 1 5 4 6 2 3  )
GACTION: 6.654834e+00
CONGRAD5: time = 4.125202e-01 (fn F) masses = 1 iters = 602 mflops = 3.991025e+03
 OK converged final_rsq= 7.5e-11 (cf 1e-10) rel = 1 (cf 0) restarts = 3 iters= 602
CONGRAD5: time = 9.087086e-02 (fn F) masses = 1 iters = 130 mflops = 3.912478e+03
 OK converged final_rsq= 5e-11 (cf 1e-10) rel = 1 (cf 0) restarts = 2 iters= 130
PBP: mass 1.000000e-02     5.172191e-02  3.967773e-02  -4.749448e-03  -4.752535e-03 ( 1 of 1 )
FACTION: mass = 1.000000e-02,  1.499391e+00 ( 1 of 1 )
CONGRAD5: time = 5.303431e-01 (fn F) masses = 1 iters = 740 mflops = 3.815997e+03
 OK converged final_rsq= 5e-11 (cf 1e-10) rel = 1 (cf 0) restarts = 4 iters= 740
CONGRAD5: time = 5.922103e-02 (fn F) masses = 1 iters = 78 mflops = 3.602067e+03
 OK converged final_rsq= 9.9e-11 (cf 1e-10) rel = 1 (cf 0) restarts = 1 iters= 78
PBP: mass 1.000000e-02     4.471490e-02  6.322165e-02  -1.728046e-04  -1.750247e-04 ( 1 of 1 )
FACTION: mass = 1.000000e-02,  1.497018e+00 ( 1 of 1 )
CONGRAD5: time = 5.256560e-01 (fn F) masses = 1 iters = 768 mflops = 3.995699e+03
 OK converged final_rsq= 4.9e-11 (cf 1e-10) rel = 1 (cf 0) restarts = 4 iters= 768
CONGRAD5: time = 4.968619e-01 (fn F) masses = 1 iters = 727 mflops = 4.001583e+03
 OK converged final_rsq= 9.9e-11 (cf 1e-10) rel = 1 (cf 0) restarts = 3 iters= 727
GFTIME:   time = 8.417606e-02 (Symanzik1) mflops = 4.187903e+03
FFTIME:  time = 2.841351e-01 (asqtad3) terms = 2 mflops = 3.518968e+03
CONGRAD5: time = 5.385950e-01 (fn F) masses = 1 iters = 787 mflops = 3.996186e+03
 OK converged final_rsq= 5e-11 (cf 1e-10) rel = 1 (cf 0) restarts = 4 iters= 787
CONGRAD5: time = 5.279012e-01 (fn F) masses = 1 iters = 772 mflops = 3.999428e+03
 OK converged final_rsq= 5e-11 (cf 1e-10) rel = 1 (cf 0) restarts = 4 iters= 772
GFTIME:   time = 8.389807e-02 (Symanzik1) mflops = 4.201780e+03
FFTIME:  time = 2.831819e-01 (asqtad3) terms = 2 mflops = 3.530813e+03
CONGRAD5: time = 5.371120e-01 (fn F) masses = 1 iters = 785 mflops = 3.997035e+03
 OK converged final_rsq= 1e-10 (cf 1e-10) rel = 1 (cf 0) restarts = 3 iters= 785
CONGRAD5: time = 5.020850e-01 (fn F) masses = 1 iters = 734 mflops = 3.998085e+03
 OK converged final_rsq= 5e-11 (cf 1e-10) rel = 1 (cf 0) restarts = 4 iters= 734
GFTIME:   time = 8.443713e-02 (Symanzik1) mflops = 4.174955e+03
FFTIME:  time = 2.849429e-01 (asqtad3) terms = 2 mflops = 3.508992e+03
CONGRAD5: time = 5.313029e-01 (fn F) masses = 1 iters = 774 mflops = 3.984116e+03
 OK converged final_rsq= 5e-11 (cf 1e-10) rel = 1 (cf 0) restarts = 4 iters= 774
CONGRAD5: time = 5.057540e-01 (fn F) masses = 1 iters = 738 mflops = 3.990711e+03
 OK converged final_rsq= 1e-10 (cf 1e-10) rel = 1 (cf 0) restarts = 3 iters= 738
GFTIME:   time = 8.410215e-02 (Symanzik1) mflops = 4.191584e+03
FFTIME:  time = 2.853820e-01 (asqtad3) terms = 2 mflops = 3.503592e+03
CONGRAD5: time = 5.259590e-01 (fn F) masses = 1 iters = 766 mflops = 3.982998e+03
 OK converged final_rsq= 5e-11 (cf 1e-10) rel = 1 (cf 0) restarts = 4 iters= 766
CONGRAD5: time = 5.011802e-01 (fn F) masses = 1 iters = 734 mflops = 4.005303e+03
 OK converged final_rsq= 9.9e-11 (cf 1e-10) rel = 1 (cf 0) restarts = 3 iters= 734
GFTIME:   time = 8.407688e-02 (Symanzik1) mflops = 4.192844e+03
FFTIME:  time = 2.849581e-01 (asqtad3) terms = 2 mflops = 3.508804e+03
CONGRAD5: time = 5.306079e-01 (fn F) masses = 1 iters = 775 mflops = 3.994488e+03
 OK converged final_rsq= 5e-11 (cf 1e-10) rel = 1 (cf 0) restarts = 4 iters= 775
CONGRAD5: time = 5.080240e-01 (fn F) masses = 1 iters = 742 mflops = 3.994412e+03
 OK converged final_rsq= 5e-11 (cf 1e-10) rel = 1 (cf 0) restarts = 4 iters= 742
GFTIME:   time = 8.416700e-02 (Symanzik1) mflops = 4.188354e+03
FFTIME:  time = 2.853920e-01 (asqtad3) terms = 2 mflops = 3.503469e+03
CONGRAD5: time = 5.377190e-01 (fn F) masses = 1 iters = 786 mflops = 3.997609e+03
 OK converged final_rsq= 5e-11 (cf 1e-10) rel = 1 (cf 0) restarts = 4 iters= 786
CONGRAD5: time = 5.228679e-01 (fn F) masses = 1 iters = 765 mflops = 4.001314e+03
 OK converged final_rsq= 5e-11 (cf 1e-10) rel = 1 (cf 0) restarts = 4 iters= 765
GFTIME:   time = 8.443022e-02 (Symanzik1) mflops = 4.175297e+03
FFTIME:  time = 2.845950e-01 (asqtad3) terms = 2 mflops = 3.513281e+03
CONGRAD5: time = 5.090880e-01 (fn F) masses = 1 iters = 743 mflops = 3.991435e+03
 OK converged final_rsq= 5e-11 (cf 1e-10) rel = 1 (cf 0) restarts = 4 iters= 743
CONGRAD5: time = 5.147471e-01 (fn F) masses = 1 iters = 753 mflops = 4.000684e+03
 OK converged final_rsq= 1e-10 (cf 1e-10) rel = 1 (cf 0) restarts = 3 iters= 753
GFTIME:   time = 8.429003e-02 (Symanzik1) mflops = 4.182241e+03
FFTIME:  time = 2.849791e-01 (asqtad3) terms = 2 mflops = 3.508546e+03
CONGRAD5: time = 5.282941e-01 (fn F) masses = 1 iters = 770 mflops = 3.986100e+03
 OK converged final_rsq= 5e-11 (cf 1e-10) rel = 1 (cf 0) restarts = 4 iters= 770
CONGRAD5: time = 4.999871e-01 (fn F) masses = 1 iters = 731 mflops = 3.998451e+03
 OK converged final_rsq= 9.9e-11 (cf 1e-10) rel = 1 (cf 0) restarts = 3 iters= 731
GFTIME:   time = 8.412600e-02 (Symanzik1) mflops = 4.190396e+03
FFTIME:  time = 2.838130e-01 (asqtad3) terms = 2 mflops = 3.522962e+03
CONGRAD5: time = 5.286460e-01 (fn F) masses = 1 iters = 771 mflops = 3.988620e+03
 OK converged final_rsq= 5e-11 (cf 1e-10) rel = 1 (cf 0) restarts = 4 iters= 771
CONGRAD5: time = 4.954071e-01 (fn F) masses = 1 iters = 726 mflops = 4.007814e+03
 OK converged final_rsq= 9.9e-11 (cf 1e-10) rel = 1 (cf 0) restarts = 3 iters= 726
GFTIME:   time = 8.420897e-02 (Symanzik1) mflops = 4.186267e+03
FFTIME:  time = 2.829728e-01 (asqtad3) terms = 2 mflops = 3.533422e+03
CONGRAD5: time = 5.298102e-01 (fn F) masses = 1 iters = 774 mflops = 3.995341e+03
 OK converged final_rsq= 5e-11 (cf 1e-10) rel = 1 (cf 0) restarts = 4 iters= 774
CONGRAD5: time = 5.131910e-01 (fn F) masses = 1 iters = 747 mflops = 3.980840e+03
 OK converged final_rsq= 5e-11 (cf 1e-10) rel = 1 (cf 0) restarts = 4 iters= 747
GFTIME:   time = 8.404493e-02 (Symanzik1) mflops = 4.194437e+03
FFTIME:  time = 2.846792e-01 (asqtad3) terms = 2 mflops = 3.512242e+03
CONGRAD5: time = 5.392578e-01 (fn F) masses = 1 iters = 788 mflops = 3.996345e+03
 OK converged final_rsq= 4.9e-11 (cf 1e-10) rel = 1 (cf 0) restarts = 4 iters= 788
CONGRAD5: time = 5.045450e-01 (fn F) masses = 1 iters = 739 mflops = 4.005694e+03
 OK converged final_rsq= 9.9e-11 (cf 1e-10) rel = 1 (cf 0) restarts = 3 iters= 739
GFTIME:   time = 8.408999e-02 (Symanzik1) mflops = 4.192190e+03
FFTIME:  time = 2.843051e-01 (asqtad3) terms = 2 mflops = 3.516864e+03
CONGRAD5: time = 5.186100e-01 (fn F) masses = 1 iters = 757 mflops = 3.991978e+03
 OK converged final_rsq= 5e-11 (cf 1e-10) rel = 1 (cf 0) restarts = 4 iters= 757
CONGRAD5: time = 5.185759e-01 (fn F) masses = 1 iters = 758 mflops = 3.997515e+03
 OK converged final_rsq= 5e-11 (cf 1e-10) rel = 1 (cf 0) restarts = 4 iters= 758
GFTIME:   time = 8.420897e-02 (Symanzik1) mflops = 4.186267e+03
FFTIME:  time = 2.834358e-01 (asqtad3) terms = 2 mflops = 3.527650e+03
CONGRAD5: time = 5.275309e-01 (fn F) masses = 1 iters = 770 mflops = 3.991866e+03
 OK converged final_rsq= 5e-11 (cf 1e-10) rel = 1 (cf 0) restarts = 4 iters= 770
CONGRAD5: time = 5.320120e-01 (fn F) masses = 1 iters = 746 mflops = 3.834870e+03
 OK converged final_rsq= 5e-11 (cf 1e-10) rel = 1 (cf 0) restarts = 4 iters= 746
GFTIME:   time = 8.422399e-02 (Symanzik1) mflops = 4.185520e+03
FFTIME:  time = 2.865820e-01 (asqtad3) terms = 2 mflops = 3.488922e+03
CONGRAD5: time = 5.232069e-01 (fn F) masses = 1 iters = 763 mflops = 3.988267e+03
 OK converged final_rsq= 5e-11 (cf 1e-10) rel = 1 (cf 0) restarts = 4 iters= 763
CONGRAD5: time = 5.149200e-01 (fn F) masses = 1 iters = 753 mflops = 3.999341e+03
 OK converged final_rsq= 1e-10 (cf 1e-10) rel = 1 (cf 0) restarts = 3 iters= 753
GFTIME:   time = 8.421302e-02 (Symanzik1) mflops = 4.186066e+03
FFTIME:  time = 2.846200e-01 (asqtad3) terms = 2 mflops = 3.512972e+03
PLAQ:	1.459433	1.458465
P_LOOP:	1.615889e-02	-8.026718e-03
G_LOOP:  0  0  4   	1.459195e+00	( 0 1 7 6  )
G_LOOP:  0  1  4   	1.460791e+00	( 0 2 7 5  )
G_LOOP:  0  2  4   	1.460614e+00	( 0 3 7 4  )
G_LOOP:  0  3  4   	1.458314e+00	( 1 2 6 5  )
G_LOOP:  0  4  4   	1.457892e+00	( 1 3 6 4  )
G_LOOP:  0  5  4   	1.456888e+00	( 2 3 5 4  )
G_LOOP:  1  0  6   	6.983939e-01	( 0 0 1 7 7 6  )
G_LOOP:  1  1  6   	7.042719e-01	( 0 0 2 7 7 5  )
G_LOOP:  1  2  6   	7.000097e-01	( 0 0 3 7 7 4  )
G_LOOP:  1  3  6   	6.967192e-01	( 1 1 0 6 6 7  )
G_LOOP:  1  4  6   	6.984864e-01	( 1 1 2 6 6 5  )
G_LOOP:  1  5  6   	6.968441e-01	( 1 1 3 6 6 4  )
G_LOOP:  1  6  6   	6.998432e-01	( 2 2 0 5 5 7  )
G_LOOP:  1  7  6   	6.985943e-01	( 2 2 1 5 5 6  )
G_LOOP:  1  8  6   	6.990863e-01	( 2 2 3 5 5 4  )
G_LOOP:  1  9  6   	6.999809e-01	( 3 3 0 4 4 7  )
G_LOOP:  1  10  6   	6.973355e-01	( 3 3 1 4 4 6  )
G_LOOP:  1  11  6   	6.941445e-01	( 3 3 2 4 4 5  )
G_LOOP:  2  0  6   	7.139080e-01	( 0 1 2 7 6 5  )
G_LOOP:  2  1  6   	7.119920e-01	( 0 1 5 7 6 2  )
G_LOOP:  2  2  6   	7.117254e-01	( 0 6 2 7 1 5  )
G_LOOP:  2  3  6   	7.124687e-01	( 0 6 5 7 1 2  )
G_LOOP:  2  4  6   	7.159880e-01	( 0 1 3 7 6 4  )
G_LOOP:  2  5  6   	7.136556e-01	( 0 1 4 7 6 3  )
G_LOOP:  2  6  6   	7.124254e-01	( 0 6 3 7 1 4  )
G_LOOP:  2  7  6   	7.110729e-01	( 0 6 4 7 1 3  )
G_LOOP:  2  8  6   	7.144444e-01	( 0 2 3 7 5 4  )
G_LOOP:  2  9  6   	7.125228e-01	( 0 2 4 7 5 3  )
G_LOOP:  2  10  6   	7.149983e-01	( 0 5 3 7 2 4  )
G_LOOP:  2  11  6   	7.100563e-01	( 0 5 4 7 2 3  )
G_LOOP:  2  12  6   	7.109843e-01	( 1 2 3 6 5 4  )
G_LOOP:  2  13  6   	7.097229e-01	( 1 2 4 6 5 3  )
G_LOOP:  2  14  6   	7.117955e-01	( 1 5 3 6 2 4  )
G_LOOP:  2  15  6   	7.069325e-01	( 1 5 4 6 2 3  )
GACTION: 6.725127e+00
CONGRAD5: time = 4.918480e-01 (fn F) masses = 1 iters = 718 mflops = 3.992333e+03
 OK converged final_rsq= 5e-11 (cf 1e-10) rel = 1 (cf 0) restarts = 4 iters= 718
CONGRAD5: time = 5.261016e-02 (fn F) masses = 1 iters = 75 mflops = 3.898745e+03
 OK converged final_rsq= 1e-10 (cf 1e-10) rel = 1 (cf 0) restarts = 1 iters= 75
PBP: mass 1.000000e-02     6.464430e-02  5.646403e-02  3.676150e-03  3.676061e-03 ( 1 of 1 )
FACTION: mass = 1.000000e-02,  1.503793e+00 ( 1 of 1 )
CONGRAD5: time = 5.165172e-01 (fn F) masses = 1 iters = 755 mflops = 3.997564e+03
 OK converged final_rsq= 5e-11 (cf 1e-10) rel = 1 (cf 0) restarts = 4 iters= 755
CONGRAD5: time = 5.343103e-02 (fn F) masses = 1 iters = 76 mflops = 3.890032e+03
 OK converged final_rsq= 9.8e-11 (cf 1e-10) rel = 1 (cf 0) restarts = 1 iters= 76
PBP: mass 1.000000e-02     6.353492e-02  4.823133e-02  -5.438112e-03  -5.433117e-03 ( 1 of 1 )
FACTION: mass = 1.000000e-02,  1.504196e+00 ( 1 of 1 )
RUNNING COMPLETED
average cg iters for step= 1.451250e+03
Time = 9.592969e+01 seconds
total_iters = 181038
Checksums f5dc514d a700d500
Saved gauge configuration in parallel to binary file lat_p64_size64_2
Time stamp Wed May 18 23:17:47 2022
Wrote info file lat_p64_size64_2.info
Time to save = 2.855110e-02
CHECK PLAQ: 1.459433e+00 1.458465e+00
CHECK NERSC LINKTR: 1.436480e-01 CKSUM: 409d2cae


get_i(0): EOF on input.
Elapsed total time: 107.134460
exit: Wed May 18 23:17:47 2022

