SU3 with improved KS action
Microcanonical simulation with refreshing
R algorithm
MIMD version 7.8.1
Machine = MPI (portable), with 32 nodes
Host(0) = ault03.cscs.ch
Username = mcopik
Options selected...
Generic single precision
C_GLOBAL_INLINE
DBLSTORE_FN
D_FN_GATHER13
FEWSUMS
KS_MULTIFF=FNMAT
VECLENGTH=4
type 0 for no prompts, 1 for prompts, or 2 for proofreading
nflavors1 2
nflavors2 1
nx 24
ny 16
nz 8
nt 36
iseed 5682304
LAYOUT = Hypercubes, options = hyper_prime,
automatic hyper_prime layout
ON EACH NODE 6 x 8 x 8 x 9
Mallocing 3.4 MBytes per node for lattice
WARNING!!: Resetting random seed
Made lattice
Made nn gathers
Made 3nn gathers
Finished setup


warms 0
trajecs 4
traj_between_meas 1
beta 5.6
mass1 0.125
mass2 0.125
u0 0.8441
microcanonical_time_step 0.2
steps_per_trajectory 5
max_cg_iterations 100
max_cg_restarts 5
error_per_site 0.125
error_for_propagator 0.125
npbp_reps 1
prec_pbp 1
fresh 
save_parallel lat_p64_size128_1
unit gauge configuration loaded
CHECK PLAQ: 3.000000e+00 3.000000e+00
CHECK NERSC LINKTR: 1.000000e+00 CKSUM: 0
Unitarity checked.  Max deviation 0.00e+00
Time to check unitarity = 8.909702e-04
"O(a^2): couplings(pi)=0, Naik term, No O(a^2) errors, tadpole weights"
path coefficients: npath  path_coeff  multiplicity
                    0      6.250000e-01     8
                    1      -5.847914e-02     8
                    2      -8.771871e-02     48
                    3      3.077829e-02     192
                    4      -7.199551e-03     384
                    5      -1.231132e-01     48
Symanzik 1x1 + 1x2 + 1x1x1 action
gauge_action: total_dyn_flavors = 3
loop coefficients: nloop rep loop_coeff  multiplicity
                    0 0      1.000000e+00     6
                    1 0      -7.762509e-02     12
                    2 0      -1.031171e-02     16
WARMUPS COMPLETED
CONGRAD5: time = 6.940126e-03 (fn F) masses = 1 iters = 4 mflops = 2.364379e+03
 OK converged final_rsq= 0.006 (cf 0.016) rel = 1 (cf 0) restarts = 1 iters= 4
CONGRAD5: time = 6.669044e-03 (fn F) masses = 1 iters = 4 mflops = 2.460486e+03
 OK converged final_rsq= 0.0059 (cf 0.016) rel = 1 (cf 0) restarts = 1 iters= 4
GFTIME:   time = 1.338971e-01 (Symanzik1) mflops = 3.949167e+03
FFTIME:  time = 5.064161e-01 (asqtad3) terms = 2 mflops = 2.961583e+03
CONGRAD5: time = 6.755114e-03 (fn F) masses = 1 iters = 4 mflops = 2.429136e+03
 OK converged final_rsq= 0.01 (cf 0.016) rel = 1 (cf 0) restarts = 1 iters= 4
CONGRAD5: time = 6.625891e-03 (fn F) masses = 1 iters = 4 mflops = 2.476511e+03
 OK converged final_rsq= 0.0098 (cf 0.016) rel = 1 (cf 0) restarts = 1 iters= 4
GFTIME:   time = 1.335371e-01 (Symanzik1) mflops = 3.959813e+03
FFTIME:  time = 5.039811e-01 (asqtad3) terms = 2 mflops = 2.975892e+03
CONGRAD5: time = 6.787062e-03 (fn F) masses = 1 iters = 4 mflops = 2.417701e+03
 OK converged final_rsq= 0.014 (cf 0.016) rel = 1 (cf 0) restarts = 1 iters= 4
CONGRAD5: time = 6.628990e-03 (fn F) masses = 1 iters = 4 mflops = 2.475353e+03
 OK converged final_rsq= 0.014 (cf 0.016) rel = 1 (cf 0) restarts = 1 iters= 4
GFTIME:   time = 1.345110e-01 (Symanzik1) mflops = 3.931142e+03
FFTIME:  time = 5.022340e-01 (asqtad3) terms = 2 mflops = 2.986244e+03
CONGRAD5: time = 6.828070e-03 (fn F) masses = 1 iters = 4 mflops = 2.403181e+03
 OK converged final_rsq= 0.013 (cf 0.016) rel = 1 (cf 0) restarts = 1 iters= 4
CONGRAD5: time = 6.634951e-03 (fn F) masses = 1 iters = 4 mflops = 2.473129e+03
 OK converged final_rsq= 0.013 (cf 0.016) rel = 1 (cf 0) restarts = 1 iters= 4
GFTIME:   time = 1.339459e-01 (Symanzik1) mflops = 3.947726e+03
FFTIME:  time = 5.033729e-01 (asqtad3) terms = 2 mflops = 2.979488e+03
CONGRAD5: time = 6.750107e-03 (fn F) masses = 1 iters = 4 mflops = 2.430938e+03
 OK converged final_rsq= 0.011 (cf 0.016) rel = 1 (cf 0) restarts = 1 iters= 4
CONGRAD5: time = 6.608009e-03 (fn F) masses = 1 iters = 4 mflops = 2.483212e+03
 OK converged final_rsq= 0.011 (cf 0.016) rel = 1 (cf 0) restarts = 1 iters= 4
GFTIME:   time = 1.346440e-01 (Symanzik1) mflops = 3.927258e+03
FFTIME:  time = 5.042951e-01 (asqtad3) terms = 2 mflops = 2.974039e+03
PLAQ:	2.349198	2.348190
P_LOOP:	2.786892e-03	-1.250431e-02
G_LOOP:  0  0  4   	2.348389e+00	( 0 1 7 6  )
G_LOOP:  0  1  4   	2.349309e+00	( 0 2 7 5  )
G_LOOP:  0  2  4   	2.348361e+00	( 0 3 7 4  )
G_LOOP:  0  3  4   	2.349895e+00	( 1 2 6 5  )
G_LOOP:  0  4  4   	2.348625e+00	( 1 3 6 4  )
G_LOOP:  0  5  4   	2.347583e+00	( 2 3 5 4  )
G_LOOP:  1  0  6   	1.773790e+00	( 0 0 1 7 7 6  )
G_LOOP:  1  1  6   	1.776646e+00	( 0 0 2 7 7 5  )
G_LOOP:  1  2  6   	1.774103e+00	( 0 0 3 7 7 4  )
G_LOOP:  1  3  6   	1.776491e+00	( 1 1 0 6 6 7  )
G_LOOP:  1  4  6   	1.777582e+00	( 1 1 2 6 6 5  )
G_LOOP:  1  5  6   	1.775662e+00	( 1 1 3 6 6 4  )
G_LOOP:  1  6  6   	1.775503e+00	( 2 2 0 5 5 7  )
G_LOOP:  1  7  6   	1.778237e+00	( 2 2 1 5 5 6  )
G_LOOP:  1  8  6   	1.771448e+00	( 2 2 3 5 5 4  )
G_LOOP:  1  9  6   	1.773505e+00	( 3 3 0 4 4 7  )
G_LOOP:  1  10  6   	1.774021e+00	( 3 3 1 4 4 6  )
G_LOOP:  1  11  6   	1.774669e+00	( 3 3 2 4 4 5  )
G_LOOP:  2  0  6   	1.825091e+00	( 0 1 2 7 6 5  )
G_LOOP:  2  1  6   	1.823287e+00	( 0 1 5 7 6 2  )
G_LOOP:  2  2  6   	1.821088e+00	( 0 6 2 7 1 5  )
G_LOOP:  2  3  6   	1.822105e+00	( 0 6 5 7 1 2  )
G_LOOP:  2  4  6   	1.824212e+00	( 0 1 3 7 6 4  )
G_LOOP:  2  5  6   	1.820812e+00	( 0 1 4 7 6 3  )
G_LOOP:  2  6  6   	1.819790e+00	( 0 6 3 7 1 4  )
G_LOOP:  2  7  6   	1.820252e+00	( 0 6 4 7 1 3  )
G_LOOP:  2  8  6   	1.823634e+00	( 0 2 3 7 5 4  )
G_LOOP:  2  9  6   	1.819915e+00	( 0 2 4 7 5 3  )
G_LOOP:  2  10  6   	1.821587e+00	( 0 5 3 7 2 4  )
G_LOOP:  2  11  6   	1.821800e+00	( 0 5 4 7 2 3  )
G_LOOP:  2  12  6   	1.820839e+00	( 1 2 3 6 5 4  )
G_LOOP:  2  13  6   	1.823189e+00	( 1 2 4 6 5 3  )
G_LOOP:  2  14  6   	1.819091e+00	( 1 5 3 6 2 4  )
G_LOOP:  2  15  6   	1.822278e+00	( 1 5 4 6 2 3  )
GACTION: 2.572492e+00
CONGRAD5: time = 6.784916e-03 (fn F) masses = 1 iters = 4 mflops = 2.418466e+03
 OK converged final_rsq= 0.01 (cf 0.016) rel = 1 (cf 0) restarts = 1 iters= 4
CONGRAD5: time = 8.636951e-03 (fn F) masses = 1 iters = 6 mflops = 2.849806e+03
 OK converged final_rsq= 0.0087 (cf 0.016) rel = 1 (cf 0) restarts = 1 iters= 6
PBP: mass 1.250000e-01     6.806275e-02  1.030895e-01  8.483080e-04  9.597723e-04 ( 1 of 1 )
FACTION: mass = 1.250000e-01,  1.463830e+00 ( 1 of 1 )
CONGRAD5: time = 6.623983e-03 (fn F) masses = 1 iters = 4 mflops = 2.477224e+03
 OK converged final_rsq= 0.01 (cf 0.016) rel = 1 (cf 0) restarts = 1 iters= 4
CONGRAD5: time = 8.713007e-03 (fn F) masses = 1 iters = 6 mflops = 2.824930e+03
 OK converged final_rsq= 0.0085 (cf 0.016) rel = 1 (cf 0) restarts = 1 iters= 6
PBP: mass 1.250000e-01     6.882193e-02  1.016555e-01  -1.014163e-03  -6.058347e-04 ( 1 of 1 )
FACTION: mass = 1.250000e-01,  1.471104e+00 ( 1 of 1 )
CONGRAD5: time = 6.778002e-03 (fn F) masses = 1 iters = 4 mflops = 2.420933e+03
 OK converged final_rsq= 0.011 (cf 0.016) rel = 1 (cf 0) restarts = 1 iters= 4
CONGRAD5: time = 6.579876e-03 (fn F) masses = 1 iters = 4 mflops = 2.493829e+03
 OK converged final_rsq= 0.011 (cf 0.016) rel = 1 (cf 0) restarts = 1 iters= 4
GFTIME:   time = 1.358581e-01 (Symanzik1) mflops = 3.892164e+03
FFTIME:  time = 5.050061e-01 (asqtad3) terms = 2 mflops = 2.969852e+03
CONGRAD5: time = 7.802963e-03 (fn F) masses = 1 iters = 5 mflops = 2.628663e+03
 OK converged final_rsq= 0.007 (cf 0.016) rel = 1 (cf 0) restarts = 1 iters= 5
CONGRAD5: time = 6.645918e-03 (fn F) masses = 1 iters = 4 mflops = 2.469048e+03
 OK converged final_rsq= 0.015 (cf 0.016) rel = 1 (cf 0) restarts = 1 iters= 4
GFTIME:   time = 1.351271e-01 (Symanzik1) mflops = 3.913219e+03
FFTIME:  time = 5.051160e-01 (asqtad3) terms = 2 mflops = 2.969206e+03
CONGRAD5: time = 7.785082e-03 (fn F) masses = 1 iters = 5 mflops = 2.634701e+03
 OK converged final_rsq= 0.0088 (cf 0.016) rel = 1 (cf 0) restarts = 1 iters= 5
CONGRAD5: time = 7.633924e-03 (fn F) masses = 1 iters = 5 mflops = 2.686870e+03
 OK converged final_rsq= 0.0085 (cf 0.016) rel = 1 (cf 0) restarts = 1 iters= 5
GFTIME:   time = 1.346798e-01 (Symanzik1) mflops = 3.926215e+03
FFTIME:  time = 5.046608e-01 (asqtad3) terms = 2 mflops = 2.971884e+03
CONGRAD5: time = 7.776976e-03 (fn F) masses = 1 iters = 5 mflops = 2.637447e+03
 OK converged final_rsq= 0.0085 (cf 0.016) rel = 1 (cf 0) restarts = 1 iters= 5
CONGRAD5: time = 7.606030e-03 (fn F) masses = 1 iters = 5 mflops = 2.696724e+03
 OK converged final_rsq= 0.0081 (cf 0.016) rel = 1 (cf 0) restarts = 1 iters= 5
GFTIME:   time = 1.352861e-01 (Symanzik1) mflops = 3.908619e+03
FFTIME:  time = 5.064039e-01 (asqtad3) terms = 2 mflops = 2.961654e+03
CONGRAD5: time = 6.896019e-03 (fn F) masses = 1 iters = 4 mflops = 2.379502e+03
 OK converged final_rsq= 0.016 (cf 0.016) rel = 1 (cf 0) restarts = 1 iters= 4
CONGRAD5: time = 6.731987e-03 (fn F) masses = 1 iters = 4 mflops = 2.437481e+03
 OK converged final_rsq= 0.015 (cf 0.016) rel = 1 (cf 0) restarts = 1 iters= 4
GFTIME:   time = 1.406820e-01 (Symanzik1) mflops = 3.758703e+03
FFTIME:  time = 5.093389e-01 (asqtad3) terms = 2 mflops = 2.944589e+03
PLAQ:	2.013451	2.012694
P_LOOP:	1.848458e-02	-2.834589e-03
G_LOOP:  0  0  4   	2.013605e+00	( 0 1 7 6  )
G_LOOP:  0  1  4   	2.012726e+00	( 0 2 7 5  )
G_LOOP:  0  2  4   	2.012660e+00	( 0 3 7 4  )
G_LOOP:  0  3  4   	2.014021e+00	( 1 2 6 5  )
G_LOOP:  0  4  4   	2.011083e+00	( 1 3 6 4  )
G_LOOP:  0  5  4   	2.014340e+00	( 2 3 5 4  )
G_LOOP:  1  0  6   	1.300613e+00	( 0 0 1 7 7 6  )
G_LOOP:  1  1  6   	1.300842e+00	( 0 0 2 7 7 5  )
G_LOOP:  1  2  6   	1.298253e+00	( 0 0 3 7 7 4  )
G_LOOP:  1  3  6   	1.302963e+00	( 1 1 0 6 6 7  )
G_LOOP:  1  4  6   	1.302157e+00	( 1 1 2 6 6 5  )
G_LOOP:  1  5  6   	1.297503e+00	( 1 1 3 6 6 4  )
G_LOOP:  1  6  6   	1.301427e+00	( 2 2 0 5 5 7  )
G_LOOP:  1  7  6   	1.304927e+00	( 2 2 1 5 5 6  )
G_LOOP:  1  8  6   	1.304792e+00	( 2 2 3 5 5 4  )
G_LOOP:  1  9  6   	1.298713e+00	( 3 3 0 4 4 7  )
G_LOOP:  1  10  6   	1.299108e+00	( 3 3 1 4 4 6  )
G_LOOP:  1  11  6   	1.299223e+00	( 3 3 2 4 4 5  )
G_LOOP:  2  0  6   	1.348445e+00	( 0 1 2 7 6 5  )
G_LOOP:  2  1  6   	1.343089e+00	( 0 1 5 7 6 2  )
G_LOOP:  2  2  6   	1.346329e+00	( 0 6 2 7 1 5  )
G_LOOP:  2  3  6   	1.345030e+00	( 0 6 5 7 1 2  )
G_LOOP:  2  4  6   	1.343380e+00	( 0 1 3 7 6 4  )
G_LOOP:  2  5  6   	1.344257e+00	( 0 1 4 7 6 3  )
G_LOOP:  2  6  6   	1.343157e+00	( 0 6 3 7 1 4  )
G_LOOP:  2  7  6   	1.342065e+00	( 0 6 4 7 1 3  )
G_LOOP:  2  8  6   	1.346172e+00	( 0 2 3 7 5 4  )
G_LOOP:  2  9  6   	1.342668e+00	( 0 2 4 7 5 3  )
G_LOOP:  2  10  6   	1.348706e+00	( 0 5 3 7 2 4  )
G_LOOP:  2  11  6   	1.343122e+00	( 0 5 4 7 2 3  )
G_LOOP:  2  12  6   	1.345732e+00	( 1 2 3 6 5 4  )
G_LOOP:  2  13  6   	1.341834e+00	( 1 2 4 6 5 3  )
G_LOOP:  2  14  6   	1.347041e+00	( 1 5 3 6 2 4  )
G_LOOP:  2  15  6   	1.345153e+00	( 1 5 4 6 2 3  )
GACTION: 4.065737e+00
CONGRAD5: time = 6.665945e-03 (fn F) masses = 1 iters = 4 mflops = 2.461630e+03
 OK converged final_rsq= 0.014 (cf 0.016) rel = 1 (cf 0) restarts = 1 iters= 4
CONGRAD5: time = 8.741856e-03 (fn F) masses = 1 iters = 6 mflops = 2.815607e+03
 OK converged final_rsq= 0.013 (cf 0.016) rel = 1 (cf 0) restarts = 1 iters= 6
PBP: mass 1.250000e-01     8.497467e-02  1.688522e-01  -5.301324e-04  -5.047567e-04 ( 1 of 1 )
FACTION: mass = 1.250000e-01,  1.446208e+00 ( 1 of 1 )
CONGRAD5: time = 6.736040e-03 (fn F) masses = 1 iters = 4 mflops = 2.436014e+03
 OK converged final_rsq= 0.014 (cf 0.016) rel = 1 (cf 0) restarts = 1 iters= 4
CONGRAD5: time = 8.809090e-03 (fn F) masses = 1 iters = 6 mflops = 2.794118e+03
 OK converged final_rsq= 0.013 (cf 0.016) rel = 1 (cf 0) restarts = 1 iters= 6
PBP: mass 1.250000e-01     8.481228e-02  1.712648e-01  2.146663e-03  2.408056e-03 ( 1 of 1 )
FACTION: mass = 1.250000e-01,  1.442460e+00 ( 1 of 1 )
CONGRAD5: time = 7.951021e-03 (fn F) masses = 1 iters = 5 mflops = 2.579714e+03
 OK converged final_rsq= 0.0075 (cf 0.016) rel = 1 (cf 0) restarts = 1 iters= 5
CONGRAD5: time = 6.752968e-03 (fn F) masses = 1 iters = 4 mflops = 2.429908e+03
 OK converged final_rsq= 0.016 (cf 0.016) rel = 1 (cf 0) restarts = 1 iters= 4
GFTIME:   time = 1.405711e-01 (Symanzik1) mflops = 3.761668e+03
FFTIME:  time = 5.108840e-01 (asqtad3) terms = 2 mflops = 2.935683e+03
CONGRAD5: time = 7.928848e-03 (fn F) masses = 1 iters = 5 mflops = 2.586928e+03
 OK converged final_rsq= 0.0092 (cf 0.016) rel = 1 (cf 0) restarts = 1 iters= 5
CONGRAD5: time = 7.817984e-03 (fn F) masses = 1 iters = 5 mflops = 2.623613e+03
 OK converged final_rsq= 0.0087 (cf 0.016) rel = 1 (cf 0) restarts = 1 iters= 5
GFTIME:   time = 1.415219e-01 (Symanzik1) mflops = 3.736395e+03
FFTIME:  time = 5.098009e-01 (asqtad3) terms = 2 mflops = 2.941920e+03
CONGRAD5: time = 8.003950e-03 (fn F) masses = 1 iters = 5 mflops = 2.562655e+03
 OK converged final_rsq= 0.011 (cf 0.016) rel = 1 (cf 0) restarts = 1 iters= 5
CONGRAD5: time = 7.701159e-03 (fn F) masses = 1 iters = 5 mflops = 2.663412e+03
 OK converged final_rsq= 0.01 (cf 0.016) rel = 1 (cf 0) restarts = 1 iters= 5
GFTIME:   time = 1.406410e-01 (Symanzik1) mflops = 3.759799e+03
FFTIME:  time = 5.099821e-01 (asqtad3) terms = 2 mflops = 2.940875e+03
CONGRAD5: time = 7.922173e-03 (fn F) masses = 1 iters = 5 mflops = 2.589108e+03
 OK converged final_rsq= 0.011 (cf 0.016) rel = 1 (cf 0) restarts = 1 iters= 5
CONGRAD5: time = 7.800102e-03 (fn F) masses = 1 iters = 5 mflops = 2.629627e+03
 OK converged final_rsq= 0.01 (cf 0.016) rel = 1 (cf 0) restarts = 1 iters= 5
GFTIME:   time = 1.415420e-01 (Symanzik1) mflops = 3.735866e+03
FFTIME:  time = 5.113690e-01 (asqtad3) terms = 2 mflops = 2.932899e+03
CONGRAD5: time = 7.934809e-03 (fn F) masses = 1 iters = 5 mflops = 2.584985e+03
 OK converged final_rsq= 0.0099 (cf 0.016) rel = 1 (cf 0) restarts = 1 iters= 5
CONGRAD5: time = 7.760048e-03 (fn F) masses = 1 iters = 5 mflops = 2.643200e+03
 OK converged final_rsq= 0.0095 (cf 0.016) rel = 1 (cf 0) restarts = 1 iters= 5
GFTIME:   time = 1.401970e-01 (Symanzik1) mflops = 3.771705e+03
FFTIME:  time = 5.098472e-01 (asqtad3) terms = 2 mflops = 2.941653e+03
PLAQ:	1.791483	1.792157
P_LOOP:	-5.625045e-03	-1.410870e-02
G_LOOP:  0  0  4   	1.791594e+00	( 0 1 7 6  )
G_LOOP:  0  1  4   	1.792323e+00	( 0 2 7 5  )
G_LOOP:  0  2  4   	1.792407e+00	( 0 3 7 4  )
G_LOOP:  0  3  4   	1.790532e+00	( 1 2 6 5  )
G_LOOP:  0  4  4   	1.793364e+00	( 1 3 6 4  )
G_LOOP:  0  5  4   	1.790701e+00	( 2 3 5 4  )
G_LOOP:  1  0  6   	1.025456e+00	( 0 0 1 7 7 6  )
G_LOOP:  1  1  6   	1.026012e+00	( 0 0 2 7 7 5  )
G_LOOP:  1  2  6   	1.024732e+00	( 0 0 3 7 7 4  )
G_LOOP:  1  3  6   	1.025410e+00	( 1 1 0 6 6 7  )
G_LOOP:  1  4  6   	1.024953e+00	( 1 1 2 6 6 5  )
G_LOOP:  1  5  6   	1.022938e+00	( 1 1 3 6 6 4  )
G_LOOP:  1  6  6   	1.024038e+00	( 2 2 0 5 5 7  )
G_LOOP:  1  7  6   	1.024894e+00	( 2 2 1 5 5 6  )
G_LOOP:  1  8  6   	1.022412e+00	( 2 2 3 5 5 4  )
G_LOOP:  1  9  6   	1.027185e+00	( 3 3 0 4 4 7  )
G_LOOP:  1  10  6   	1.025144e+00	( 3 3 1 4 4 6  )
G_LOOP:  1  11  6   	1.025040e+00	( 3 3 2 4 4 5  )
G_LOOP:  2  0  6   	1.061102e+00	( 0 1 2 7 6 5  )
G_LOOP:  2  1  6   	1.057245e+00	( 0 1 5 7 6 2  )
G_LOOP:  2  2  6   	1.056138e+00	( 0 6 2 7 1 5  )
G_LOOP:  2  3  6   	1.056679e+00	( 0 6 5 7 1 2  )
G_LOOP:  2  4  6   	1.053658e+00	( 0 1 3 7 6 4  )
G_LOOP:  2  5  6   	1.057752e+00	( 0 1 4 7 6 3  )
G_LOOP:  2  6  6   	1.058101e+00	( 0 6 3 7 1 4  )
G_LOOP:  2  7  6   	1.058884e+00	( 0 6 4 7 1 3  )
G_LOOP:  2  8  6   	1.056078e+00	( 0 2 3 7 5 4  )
G_LOOP:  2  9  6   	1.059393e+00	( 0 2 4 7 5 3  )
G_LOOP:  2  10  6   	1.057076e+00	( 0 5 3 7 2 4  )
G_LOOP:  2  11  6   	1.062819e+00	( 0 5 4 7 2 3  )
G_LOOP:  2  12  6   	1.057843e+00	( 1 2 3 6 5 4  )
G_LOOP:  2  13  6   	1.058616e+00	( 1 2 4 6 5 3  )
G_LOOP:  2  14  6   	1.053119e+00	( 1 5 3 6 2 4  )
G_LOOP:  2  15  6   	1.057944e+00	( 1 5 4 6 2 3  )
GACTION: 5.088764e+00
CONGRAD5: time = 7.791042e-03 (fn F) masses = 1 iters = 5 mflops = 2.632685e+03
 OK converged final_rsq= 0.0086 (cf 0.016) rel = 1 (cf 0) restarts = 1 iters= 5
CONGRAD5: time = 8.801937e-03 (fn F) masses = 1 iters = 6 mflops = 2.796388e+03
 OK converged final_rsq= 0.015 (cf 0.016) rel = 1 (cf 0) restarts = 1 iters= 6
PBP: mass 1.250000e-01     1.111279e-01  3.023810e-01  2.452463e-03  2.404104e-03 ( 1 of 1 )
FACTION: mass = 1.250000e-01,  1.456062e+00 ( 1 of 1 )
CONGRAD5: time = 7.719040e-03 (fn F) masses = 1 iters = 5 mflops = 2.657242e+03
 OK converged final_rsq= 0.0085 (cf 0.016) rel = 1 (cf 0) restarts = 1 iters= 5
CONGRAD5: time = 8.655071e-03 (fn F) masses = 1 iters = 6 mflops = 2.843839e+03
 OK converged final_rsq= 0.015 (cf 0.016) rel = 1 (cf 0) restarts = 1 iters= 6
PBP: mass 1.250000e-01     1.104930e-01  3.003512e-01  6.282960e-05  9.094552e-04 ( 1 of 1 )
FACTION: mass = 1.250000e-01,  1.455075e+00 ( 1 of 1 )
CONGRAD5: time = 7.916927e-03 (fn F) masses = 1 iters = 5 mflops = 2.590823e+03
 OK converged final_rsq= 0.01 (cf 0.016) rel = 1 (cf 0) restarts = 1 iters= 5
CONGRAD5: time = 7.785082e-03 (fn F) masses = 1 iters = 5 mflops = 2.634701e+03
 OK converged final_rsq= 0.0095 (cf 0.016) rel = 1 (cf 0) restarts = 1 iters= 5
GFTIME:   time = 1.410661e-01 (Symanzik1) mflops = 3.748469e+03
FFTIME:  time = 5.103011e-01 (asqtad3) terms = 2 mflops = 2.939036e+03
CONGRAD5: time = 7.987976e-03 (fn F) masses = 1 iters = 5 mflops = 2.567779e+03
 OK converged final_rsq= 0.011 (cf 0.016) rel = 1 (cf 0) restarts = 1 iters= 5
CONGRAD5: time = 7.804871e-03 (fn F) masses = 1 iters = 5 mflops = 2.628021e+03
 OK converged final_rsq= 0.011 (cf 0.016) rel = 1 (cf 0) restarts = 1 iters= 5
GFTIME:   time = 1.425371e-01 (Symanzik1) mflops = 3.709783e+03
FFTIME:  time = 5.120599e-01 (asqtad3) terms = 2 mflops = 2.928941e+03
CONGRAD5: time = 7.918119e-03 (fn F) masses = 1 iters = 5 mflops = 2.590433e+03
 OK converged final_rsq= 0.012 (cf 0.016) rel = 1 (cf 0) restarts = 1 iters= 5
CONGRAD5: time = 7.781029e-03 (fn F) masses = 1 iters = 5 mflops = 2.636073e+03
 OK converged final_rsq= 0.012 (cf 0.016) rel = 1 (cf 0) restarts = 1 iters= 5
GFTIME:   time = 1.407242e-01 (Symanzik1) mflops = 3.757576e+03
FFTIME:  time = 5.110941e-01 (asqtad3) terms = 2 mflops = 2.934476e+03
CONGRAD5: time = 7.931948e-03 (fn F) masses = 1 iters = 5 mflops = 2.585917e+03
 OK converged final_rsq= 0.012 (cf 0.016) rel = 1 (cf 0) restarts = 1 iters= 5
CONGRAD5: time = 7.760048e-03 (fn F) masses = 1 iters = 5 mflops = 2.643200e+03
 OK converged final_rsq= 0.012 (cf 0.016) rel = 1 (cf 0) restarts = 1 iters= 5
GFTIME:   time = 1.410370e-01 (Symanzik1) mflops = 3.749242e+03
FFTIME:  time = 5.105939e-01 (asqtad3) terms = 2 mflops = 2.937351e+03
CONGRAD5: time = 7.966042e-03 (fn F) masses = 1 iters = 5 mflops = 2.574850e+03
 OK converged final_rsq= 0.012 (cf 0.016) rel = 1 (cf 0) restarts = 1 iters= 5
CONGRAD5: time = 7.716894e-03 (fn F) masses = 1 iters = 5 mflops = 2.657981e+03
 OK converged final_rsq= 0.011 (cf 0.016) rel = 1 (cf 0) restarts = 1 iters= 5
GFTIME:   time = 1.398339e-01 (Symanzik1) mflops = 3.781499e+03
FFTIME:  time = 5.103500e-01 (asqtad3) terms = 2 mflops = 2.938755e+03
PLAQ:	1.645902	1.647369
P_LOOP:	-1.143113e-02	-2.267756e-03
G_LOOP:  0  0  4   	1.645709e+00	( 0 1 7 6  )
G_LOOP:  0  1  4   	1.644737e+00	( 0 2 7 5  )
G_LOOP:  0  2  4   	1.647218e+00	( 0 3 7 4  )
G_LOOP:  0  3  4   	1.647258e+00	( 1 2 6 5  )
G_LOOP:  0  4  4   	1.649003e+00	( 1 3 6 4  )
G_LOOP:  0  5  4   	1.645887e+00	( 2 3 5 4  )
G_LOOP:  1  0  6   	8.580218e-01	( 0 0 1 7 7 6  )
G_LOOP:  1  1  6   	8.541604e-01	( 0 0 2 7 7 5  )
G_LOOP:  1  2  6   	8.595779e-01	( 0 0 3 7 7 4  )
G_LOOP:  1  3  6   	8.582930e-01	( 1 1 0 6 6 7  )
G_LOOP:  1  4  6   	8.580090e-01	( 1 1 2 6 6 5  )
G_LOOP:  1  5  6   	8.579565e-01	( 1 1 3 6 6 4  )
G_LOOP:  1  6  6   	8.503308e-01	( 2 2 0 5 5 7  )
G_LOOP:  1  7  6   	8.559146e-01	( 2 2 1 5 5 6  )
G_LOOP:  1  8  6   	8.569176e-01	( 2 2 3 5 5 4  )
G_LOOP:  1  9  6   	8.593230e-01	( 3 3 0 4 4 7  )
G_LOOP:  1  10  6   	8.598535e-01	( 3 3 1 4 4 6  )
G_LOOP:  1  11  6   	8.616721e-01	( 3 3 2 4 4 5  )
G_LOOP:  2  0  6   	8.789153e-01	( 0 1 2 7 6 5  )
G_LOOP:  2  1  6   	8.791288e-01	( 0 1 5 7 6 2  )
G_LOOP:  2  2  6   	8.810073e-01	( 0 6 2 7 1 5  )
G_LOOP:  2  3  6   	8.768704e-01	( 0 6 5 7 1 2  )
G_LOOP:  2  4  6   	8.798489e-01	( 0 1 3 7 6 4  )
G_LOOP:  2  5  6   	8.801400e-01	( 0 1 4 7 6 3  )
G_LOOP:  2  6  6   	8.826417e-01	( 0 6 3 7 1 4  )
G_LOOP:  2  7  6   	8.788818e-01	( 0 6 4 7 1 3  )
G_LOOP:  2  8  6   	8.816597e-01	( 0 2 3 7 5 4  )
G_LOOP:  2  9  6   	8.763485e-01	( 0 2 4 7 5 3  )
G_LOOP:  2  10  6   	8.789559e-01	( 0 5 3 7 2 4  )
G_LOOP:  2  11  6   	8.814330e-01	( 0 5 4 7 2 3  )
G_LOOP:  2  12  6   	8.771350e-01	( 1 2 3 6 5 4  )
G_LOOP:  2  13  6   	8.797539e-01	( 1 2 4 6 5 3  )
G_LOOP:  2  14  6   	8.777674e-01	( 1 5 3 6 2 4  )
G_LOOP:  2  15  6   	8.827374e-01	( 1 5 4 6 2 3  )
GACTION: 5.774606e+00
CONGRAD5: time = 7.806063e-03 (fn F) masses = 1 iters = 5 mflops = 2.627619e+03
 OK converged final_rsq= 0.01 (cf 0.016) rel = 1 (cf 0) restarts = 1 iters= 5
CONGRAD5: time = 9.758949e-03 (fn F) masses = 1 iters = 7 mflops = 2.942520e+03
 OK converged final_rsq= 0.008 (cf 0.016) rel = 1 (cf 0) restarts = 1 iters= 7
PBP: mass 1.250000e-01     1.265012e-01  3.213337e-01  -2.075054e-03  -2.155931e-03 ( 1 of 1 )
FACTION: mass = 1.250000e-01,  1.436267e+00 ( 1 of 1 )
CONGRAD5: time = 7.658005e-03 (fn F) masses = 1 iters = 5 mflops = 2.678421e+03
 OK converged final_rsq= 0.01 (cf 0.016) rel = 1 (cf 0) restarts = 1 iters= 5
CONGRAD5: time = 9.682894e-03 (fn F) masses = 1 iters = 7 mflops = 2.965632e+03
 OK converged final_rsq= 0.0081 (cf 0.016) rel = 1 (cf 0) restarts = 1 iters= 7
PBP: mass 1.250000e-01     1.253157e-01  3.200521e-01  5.918009e-04  2.751183e-04 ( 1 of 1 )
FACTION: mass = 1.250000e-01,  1.432563e+00 ( 1 of 1 )
RUNNING COMPLETED
average cg iters for step= 1.100000e+01
Time = 1.973878e+01 seconds
total_iters = 550
Checksums 41e6b2b3 a5e7c44
Saved gauge configuration in parallel to binary file lat_p64_size128_1
Time stamp Thu May 19 10:50:02 2022
Wrote info file lat_p64_size128_1.info
Time to save = 4.098701e-02
CHECK PLAQ: 1.645902e+00 1.647369e+00
CHECK NERSC LINKTR: 1.706465e-01 CKSUM: 85c71d91


warms 0
trajecs 4
traj_between_meas 1
beta 5.6
mass1 0.01
mass2 0.01
u0 0.8441
microcanonical_time_step 0.02
steps_per_trajectory 15
max_cg_iterations 300
max_cg_restarts 5
error_per_site 1e-05
error_for_propagator 1e-05
npbp_reps 1
prec_pbp 1
reload_parallel lat_p64_size128_1
save_parallel lat_p64_size128_2
Restored binary gauge configuration in parallel from file lat_p64_size128_1
Time stamp Thu May 19 10:50:02 2022
Checksums 41e6b2b3 a5e7c44 OK
Time to reload gauge configuration = 1.939392e-02
CHECK PLAQ: 1.645902e+00 1.647369e+00
CHECK NERSC LINKTR: 1.706465e-01 CKSUM: 85c71d91
Unitarity checked.  Max deviation 2.98e-07
Time to check unitarity = 7.841587e-04
"O(a^2): couplings(pi)=0, Naik term, No O(a^2) errors, tadpole weights"
path coefficients: npath  path_coeff  multiplicity
                    0      6.250000e-01     8
                    1      -5.847914e-02     8
                    2      -8.771871e-02     48
                    3      3.077829e-02     192
                    4      -7.199551e-03     384
                    5      -1.231132e-01     48
Symanzik 1x1 + 1x2 + 1x1x1 action
gauge_action: total_dyn_flavors = 3
loop coefficients: nloop rep loop_coeff  multiplicity
                    0 0      1.000000e+00     6
                    1 0      -7.762509e-02     12
                    2 0      -1.031171e-02     16
WARMUPS COMPLETED
CONGRAD5: time = 6.166041e-01 (fn F) masses = 1 iters = 600 mflops = 3.991805e+03
 OK converged final_rsq= 9.6e-11 (cf 1e-10) rel = 1 (cf 0) restarts = 2 iters= 600
CONGRAD5: time = 6.187649e-01 (fn F) masses = 1 iters = 602 mflops = 3.991125e+03
 OK converged final_rsq= 7.3e-11 (cf 1e-10) rel = 1 (cf 0) restarts = 3 iters= 602
GFTIME:   time = 1.388762e-01 (Symanzik1) mflops = 3.807577e+03
FFTIME:  time = 5.109689e-01 (asqtad3) terms = 2 mflops = 2.935195e+03
CONGRAD5: time = 6.059411e-01 (fn F) masses = 1 iters = 591 mflops = 4.001120e+03
 OK converged final_rsq= 1e-10 (cf 1e-10) rel = 1 (cf 0) restarts = 2 iters= 591
CONGRAD5: time = 6.065850e-01 (fn F) masses = 1 iters = 593 mflops = 4.010398e+03
 OK converged final_rsq= 1e-10 (cf 1e-10) rel = 1 (cf 0) restarts = 2 iters= 593
GFTIME:   time = 1.395810e-01 (Symanzik1) mflops = 3.788352e+03
FFTIME:  time = 5.116379e-01 (asqtad3) terms = 2 mflops = 2.931357e+03
CONGRAD5: time = 6.159720e-01 (fn F) masses = 1 iters = 597 mflops = 3.975921e+03
 OK converged final_rsq= 4.9e-11 (cf 1e-10) rel = 1 (cf 0) restarts = 3 iters= 597
CONGRAD5: time = 5.968828e-01 (fn F) masses = 1 iters = 563 mflops = 3.869401e+03
 OK converged final_rsq= 4.9e-11 (cf 1e-10) rel = 1 (cf 0) restarts = 3 iters= 563
GFTIME:   time = 1.391811e-01 (Symanzik1) mflops = 3.799235e+03
FFTIME:  time = 5.105150e-01 (asqtad3) terms = 2 mflops = 2.937805e+03
CONGRAD5: time = 6.060712e-01 (fn F) masses = 1 iters = 590 mflops = 3.993492e+03
 OK converged final_rsq= 9.8e-11 (cf 1e-10) rel = 1 (cf 0) restarts = 2 iters= 590
CONGRAD5: time = 5.929370e-01 (fn F) masses = 1 iters = 578 mflops = 3.998929e+03
 OK converged final_rsq= 9.8e-11 (cf 1e-10) rel = 1 (cf 0) restarts = 2 iters= 578
GFTIME:   time = 1.389661e-01 (Symanzik1) mflops = 3.805114e+03
FFTIME:  time = 5.110810e-01 (asqtad3) terms = 2 mflops = 2.934551e+03
CONGRAD5: time = 6.151462e-01 (fn F) masses = 1 iters = 598 mflops = 3.987928e+03
 OK converged final_rsq= 9e-11 (cf 1e-10) rel = 1 (cf 0) restarts = 2 iters= 598
CONGRAD5: time = 5.777371e-01 (fn F) masses = 1 iters = 562 mflops = 3.990529e+03
 OK converged final_rsq= 9.9e-11 (cf 1e-10) rel = 1 (cf 0) restarts = 2 iters= 562
GFTIME:   time = 1.397221e-01 (Symanzik1) mflops = 3.784525e+03
FFTIME:  time = 5.119441e-01 (asqtad3) terms = 2 mflops = 2.929604e+03
CONGRAD5: time = 6.214910e-01 (fn F) masses = 1 iters = 600 mflops = 3.960417e+03
 OK converged final_rsq= 9.2e-11 (cf 1e-10) rel = 1 (cf 0) restarts = 2 iters= 600
CONGRAD5: time = 6.082151e-01 (fn F) masses = 1 iters = 594 mflops = 4.006394e+03
 OK converged final_rsq= 9.6e-11 (cf 1e-10) rel = 1 (cf 0) restarts = 2 iters= 594
GFTIME:   time = 1.390910e-01 (Symanzik1) mflops = 3.801696e+03
FFTIME:  time = 5.115261e-01 (asqtad3) terms = 2 mflops = 2.931998e+03
CONGRAD5: time = 6.071692e-01 (fn F) masses = 1 iters = 590 mflops = 3.986271e+03
 OK converged final_rsq= 9.8e-11 (cf 1e-10) rel = 1 (cf 0) restarts = 2 iters= 590
CONGRAD5: time = 6.054900e-01 (fn F) masses = 1 iters = 590 mflops = 3.997325e+03
 OK converged final_rsq= 9.7e-11 (cf 1e-10) rel = 1 (cf 0) restarts = 2 iters= 590
GFTIME:   time = 1.394570e-01 (Symanzik1) mflops = 3.791720e+03
FFTIME:  time = 5.106080e-01 (asqtad3) terms = 2 mflops = 2.937270e+03
CONGRAD5: time = 6.183131e-01 (fn F) masses = 1 iters = 602 mflops = 3.994041e+03
 OK converged final_rsq= 4.2e-11 (cf 1e-10) rel = 1 (cf 0) restarts = 3 iters= 602
CONGRAD5: time = 6.048410e-01 (fn F) masses = 1 iters = 590 mflops = 4.001614e+03
 OK converged final_rsq= 5e-11 (cf 1e-10) rel = 1 (cf 0) restarts = 3 iters= 590
GFTIME:   time = 1.390460e-01 (Symanzik1) mflops = 3.802929e+03
FFTIME:  time = 5.095150e-01 (asqtad3) terms = 2 mflops = 2.943570e+03
CONGRAD5: time = 6.194410e-01 (fn F) masses = 1 iters = 602 mflops = 3.986768e+03
 OK converged final_rsq= 4.8e-11 (cf 1e-10) rel = 1 (cf 0) restarts = 3 iters= 602
CONGRAD5: time = 6.056309e-01 (fn F) masses = 1 iters = 590 mflops = 3.996395e+03
 OK converged final_rsq= 9.8e-11 (cf 1e-10) rel = 1 (cf 0) restarts = 2 iters= 590
GFTIME:   time = 1.390002e-01 (Symanzik1) mflops = 3.804181e+03
FFTIME:  time = 5.111198e-01 (asqtad3) terms = 2 mflops = 2.934328e+03
CONGRAD5: time = 6.200728e-01 (fn F) masses = 1 iters = 602 mflops = 3.982706e+03
 OK converged final_rsq= 4.2e-11 (cf 1e-10) rel = 1 (cf 0) restarts = 3 iters= 602
CONGRAD5: time = 6.154890e-01 (fn F) masses = 1 iters = 600 mflops = 3.999037e+03
 OK converged final_rsq= 7.9e-11 (cf 1e-10) rel = 1 (cf 0) restarts = 2 iters= 600
GFTIME:   time = 1.399350e-01 (Symanzik1) mflops = 3.778767e+03
FFTIME:  time = 5.108039e-01 (asqtad3) terms = 2 mflops = 2.936143e+03
CONGRAD5: time = 6.159060e-01 (fn F) masses = 1 iters = 600 mflops = 3.996329e+03
 OK converged final_rsq= 8.4e-11 (cf 1e-10) rel = 1 (cf 0) restarts = 2 iters= 600
CONGRAD5: time = 6.140459e-01 (fn F) masses = 1 iters = 598 mflops = 3.995074e+03
 OK converged final_rsq= 9.2e-11 (cf 1e-10) rel = 1 (cf 0) restarts = 2 iters= 598
GFTIME:   time = 1.395359e-01 (Symanzik1) mflops = 3.789575e+03
FFTIME:  time = 5.106850e-01 (asqtad3) terms = 2 mflops = 2.936827e+03
CONGRAD5: time = 6.127579e-01 (fn F) masses = 1 iters = 598 mflops = 4.003471e+03
 OK converged final_rsq= 9.2e-11 (cf 1e-10) rel = 1 (cf 0) restarts = 2 iters= 598
CONGRAD5: time = 6.154890e-01 (fn F) masses = 1 iters = 600 mflops = 3.999037e+03
 OK converged final_rsq= 8.9e-11 (cf 1e-10) rel = 1 (cf 0) restarts = 2 iters= 600
GFTIME:   time = 1.395490e-01 (Symanzik1) mflops = 3.789219e+03
FFTIME:  time = 5.122349e-01 (asqtad3) terms = 2 mflops = 2.927941e+03
CONGRAD5: time = 6.184459e-01 (fn F) masses = 1 iters = 602 mflops = 3.993183e+03
 OK converged final_rsq= 5e-11 (cf 1e-10) rel = 1 (cf 0) restarts = 3 iters= 602
CONGRAD5: time = 6.109900e-01 (fn F) masses = 1 iters = 594 mflops = 3.988198e+03
 OK converged final_rsq= 4.9e-11 (cf 1e-10) rel = 1 (cf 0) restarts = 3 iters= 594
GFTIME:   time = 1.392131e-01 (Symanzik1) mflops = 3.798363e+03
FFTIME:  time = 5.112960e-01 (asqtad3) terms = 2 mflops = 2.933317e+03
CONGRAD5: time = 6.197350e-01 (fn F) masses = 1 iters = 602 mflops = 3.984877e+03
 OK converged final_rsq= 5.6e-11 (cf 1e-10) rel = 1 (cf 0) restarts = 3 iters= 602
CONGRAD5: time = 6.186419e-01 (fn F) masses = 1 iters = 600 mflops = 3.978656e+03
 OK converged final_rsq= 4.8e-11 (cf 1e-10) rel = 1 (cf 0) restarts = 3 iters= 600
GFTIME:   time = 1.392748e-01 (Symanzik1) mflops = 3.796679e+03
FFTIME:  time = 5.122809e-01 (asqtad3) terms = 2 mflops = 2.927678e+03
CONGRAD5: time = 6.154921e-01 (fn F) masses = 1 iters = 599 mflops = 3.992352e+03
 OK converged final_rsq= 1e-10 (cf 1e-10) rel = 1 (cf 0) restarts = 2 iters= 599
CONGRAD5: time = 6.168919e-01 (fn F) masses = 1 iters = 600 mflops = 3.989943e+03
 OK converged final_rsq= 9.6e-11 (cf 1e-10) rel = 1 (cf 0) restarts = 2 iters= 600
GFTIME:   time = 1.392741e-01 (Symanzik1) mflops = 3.796698e+03
FFTIME:  time = 5.105562e-01 (asqtad3) terms = 2 mflops = 2.937568e+03
PLAQ:	1.539870	1.540983
P_LOOP:	2.341213e-03	1.164436e-02
G_LOOP:  0  0  4   	1.542867e+00	( 0 1 7 6  )
G_LOOP:  0  1  4   	1.537272e+00	( 0 2 7 5  )
G_LOOP:  0  2  4   	1.541847e+00	( 0 3 7 4  )
G_LOOP:  0  3  4   	1.539470e+00	( 1 2 6 5  )
G_LOOP:  0  4  4   	1.541731e+00	( 1 3 6 4  )
G_LOOP:  0  5  4   	1.539371e+00	( 2 3 5 4  )
G_LOOP:  1  0  6   	7.833462e-01	( 0 0 1 7 7 6  )
G_LOOP:  1  1  6   	7.762624e-01	( 0 0 2 7 7 5  )
G_LOOP:  1  2  6   	7.838242e-01	( 0 0 3 7 7 4  )
G_LOOP:  1  3  6   	7.835679e-01	( 1 1 0 6 6 7  )
G_LOOP:  1  4  6   	7.791536e-01	( 1 1 2 6 6 5  )
G_LOOP:  1  5  6   	7.769763e-01	( 1 1 3 6 6 4  )
G_LOOP:  1  6  6   	7.748242e-01	( 2 2 0 5 5 7  )
G_LOOP:  1  7  6   	7.780153e-01	( 2 2 1 5 5 6  )
G_LOOP:  1  8  6   	7.802333e-01	( 2 2 3 5 5 4  )
G_LOOP:  1  9  6   	7.800279e-01	( 3 3 0 4 4 7  )
G_LOOP:  1  10  6   	7.797631e-01	( 3 3 1 4 4 6  )
G_LOOP:  1  11  6   	7.809500e-01	( 3 3 2 4 4 5  )
G_LOOP:  2  0  6   	7.992281e-01	( 0 1 2 7 6 5  )
G_LOOP:  2  1  6   	7.976546e-01	( 0 1 5 7 6 2  )
G_LOOP:  2  2  6   	8.026440e-01	( 0 6 2 7 1 5  )
G_LOOP:  2  3  6   	7.979111e-01	( 0 6 5 7 1 2  )
G_LOOP:  2  4  6   	8.020918e-01	( 0 1 3 7 6 4  )
G_LOOP:  2  5  6   	8.041203e-01	( 0 1 4 7 6 3  )
G_LOOP:  2  6  6   	8.028141e-01	( 0 6 3 7 1 4  )
G_LOOP:  2  7  6   	8.037676e-01	( 0 6 4 7 1 3  )
G_LOOP:  2  8  6   	7.983431e-01	( 0 2 3 7 5 4  )
G_LOOP:  2  9  6   	7.983456e-01	( 0 2 4 7 5 3  )
G_LOOP:  2  10  6   	7.998412e-01	( 0 5 3 7 2 4  )
G_LOOP:  2  11  6   	8.027047e-01	( 0 5 4 7 2 3  )
G_LOOP:  2  12  6   	7.993306e-01	( 1 2 3 6 5 4  )
G_LOOP:  2  13  6   	7.995266e-01	( 1 2 4 6 5 3  )
G_LOOP:  2  14  6   	7.962881e-01	( 1 5 3 6 2 4  )
G_LOOP:  2  15  6   	8.045871e-01	( 1 5 4 6 2 3  )
GACTION: 6.326396e+00
CONGRAD5: time = 6.177020e-01 (fn F) masses = 1 iters = 600 mflops = 3.984710e+03
 OK converged final_rsq= 8.3e-11 (cf 1e-10) rel = 1 (cf 0) restarts = 2 iters= 600
CONGRAD5: time = 1.008132e-01 (fn F) masses = 1 iters = 96 mflops = 3.906416e+03
 OK converged final_rsq= 9.8e-11 (cf 1e-10) rel = 1 (cf 0) restarts = 1 iters= 96
PBP: mass 1.000000e-02     3.354812e-02  4.058975e-02  -2.196691e-04  -2.219500e-04 ( 1 of 1 )
FACTION: mass = 1.000000e-02,  1.496073e+00 ( 1 of 1 )
CONGRAD5: time = 6.165609e-01 (fn F) masses = 1 iters = 599 mflops = 3.985431e+03
 OK converged final_rsq= 8.7e-11 (cf 1e-10) rel = 1 (cf 0) restarts = 2 iters= 599
CONGRAD5: time = 9.257984e-02 (fn F) masses = 1 iters = 88 mflops = 3.899336e+03
 OK converged final_rsq= 9.9e-11 (cf 1e-10) rel = 1 (cf 0) restarts = 1 iters= 88
PBP: mass 1.000000e-02     3.817999e-02  3.451439e-02  3.792468e-03  3.793978e-03 ( 1 of 1 )
FACTION: mass = 1.000000e-02,  1.499155e+00 ( 1 of 1 )
CONGRAD5: time = 6.163611e-01 (fn F) masses = 1 iters = 599 mflops = 3.986723e+03
 OK converged final_rsq= 9.5e-11 (cf 1e-10) rel = 1 (cf 0) restarts = 2 iters= 599
CONGRAD5: time = 6.185479e-01 (fn F) masses = 1 iters = 601 mflops = 3.985892e+03
 OK converged final_rsq= 4.8e-11 (cf 1e-10) rel = 1 (cf 0) restarts = 3 iters= 601
GFTIME:   time = 1.392531e-01 (Symanzik1) mflops = 3.797270e+03
FFTIME:  time = 5.113671e-01 (asqtad3) terms = 2 mflops = 2.932910e+03
CONGRAD5: time = 6.469541e-01 (fn F) masses = 1 iters = 602 mflops = 3.817223e+03
 OK converged final_rsq= 6.8e-11 (cf 1e-10) rel = 1 (cf 0) restarts = 3 iters= 602
CONGRAD5: time = 6.209500e-01 (fn F) masses = 1 iters = 602 mflops = 3.977080e+03
 OK converged final_rsq= 3.8e-11 (cf 1e-10) rel = 1 (cf 0) restarts = 3 iters= 602
GFTIME:   time = 1.393392e-01 (Symanzik1) mflops = 3.794925e+03
FFTIME:  time = 5.100460e-01 (asqtad3) terms = 2 mflops = 2.940506e+03
CONGRAD5: time = 6.137891e-01 (fn F) masses = 1 iters = 597 mflops = 3.990062e+03
 OK converged final_rsq= 9.7e-11 (cf 1e-10) rel = 1 (cf 0) restarts = 2 iters= 597
CONGRAD5: time = 6.148930e-01 (fn F) masses = 1 iters = 599 mflops = 3.996242e+03
 OK converged final_rsq= 9.4e-11 (cf 1e-10) rel = 1 (cf 0) restarts = 2 iters= 599
GFTIME:   time = 1.388671e-01 (Symanzik1) mflops = 3.807825e+03
FFTIME:  time = 5.104861e-01 (asqtad3) terms = 2 mflops = 2.937971e+03
CONGRAD5: time = 6.205330e-01 (fn F) masses = 1 iters = 602 mflops = 3.979753e+03
 OK converged final_rsq= 6.7e-11 (cf 1e-10) rel = 1 (cf 0) restarts = 3 iters= 602
CONGRAD5: time = 6.110630e-01 (fn F) masses = 1 iters = 594 mflops = 3.987722e+03
 OK converged final_rsq= 4.9e-11 (cf 1e-10) rel = 1 (cf 0) restarts = 3 iters= 594
GFTIME:   time = 1.399589e-01 (Symanzik1) mflops = 3.778123e+03
FFTIME:  time = 5.107291e-01 (asqtad3) terms = 2 mflops = 2.936573e+03
CONGRAD5: time = 6.202910e-01 (fn F) masses = 1 iters = 602 mflops = 3.981305e+03
 OK converged final_rsq= 4.3e-11 (cf 1e-10) rel = 1 (cf 0) restarts = 3 iters= 602
CONGRAD5: time = 6.198690e-01 (fn F) masses = 1 iters = 602 mflops = 3.984016e+03
 OK converged final_rsq= 4.2e-11 (cf 1e-10) rel = 1 (cf 0) restarts = 3 iters= 602
GFTIME:   time = 1.393280e-01 (Symanzik1) mflops = 3.795230e+03
FFTIME:  time = 5.102389e-01 (asqtad3) terms = 2 mflops = 2.939395e+03
CONGRAD5: time = 6.214201e-01 (fn F) masses = 1 iters = 602 mflops = 3.974071e+03
 OK converged final_rsq= 4.2e-11 (cf 1e-10) rel = 1 (cf 0) restarts = 3 iters= 602
CONGRAD5: time = 6.154802e-01 (fn F) masses = 1 iters = 599 mflops = 3.992429e+03
 OK converged final_rsq= 9.7e-11 (cf 1e-10) rel = 1 (cf 0) restarts = 2 iters= 599
GFTIME:   time = 1.395640e-01 (Symanzik1) mflops = 3.788811e+03
FFTIME:  time = 5.111802e-01 (asqtad3) terms = 2 mflops = 2.933982e+03
CONGRAD5: time = 6.406829e-01 (fn F) masses = 1 iters = 598 mflops = 3.828975e+03
 OK converged final_rsq= 9.1e-11 (cf 1e-10) rel = 1 (cf 0) restarts = 2 iters= 598
CONGRAD5: time = 6.181149e-01 (fn F) masses = 1 iters = 601 mflops = 3.988684e+03
 OK converged final_rsq= 4.8e-11 (cf 1e-10) rel = 1 (cf 0) restarts = 3 iters= 601
GFTIME:   time = 1.403730e-01 (Symanzik1) mflops = 3.766977e+03
FFTIME:  time = 5.100770e-01 (asqtad3) terms = 2 mflops = 2.940327e+03
CONGRAD5: time = 6.133070e-01 (fn F) masses = 1 iters = 597 mflops = 3.993198e+03
 OK converged final_rsq= 9.4e-11 (cf 1e-10) rel = 1 (cf 0) restarts = 2 iters= 597
CONGRAD5: time = 6.153049e-01 (fn F) masses = 1 iters = 600 mflops = 4.000233e+03
 OK converged final_rsq= 4.9e-11 (cf 1e-10) rel = 1 (cf 0) restarts = 3 iters= 600
GFTIME:   time = 1.396639e-01 (Symanzik1) mflops = 3.786101e+03
FFTIME:  time = 5.131669e-01 (asqtad3) terms = 2 mflops = 2.922623e+03
CONGRAD5: time = 6.202271e-01 (fn F) masses = 1 iters = 602 mflops = 3.981715e+03
 OK converged final_rsq= 6.7e-11 (cf 1e-10) rel = 1 (cf 0) restarts = 3 iters= 602
CONGRAD5: time = 6.059380e-01 (fn F) masses = 1 iters = 590 mflops = 3.994370e+03
 OK converged final_rsq= 9.8e-11 (cf 1e-10) rel = 1 (cf 0) restarts = 2 iters= 590
GFTIME:   time = 1.391871e-01 (Symanzik1) mflops = 3.799072e+03
FFTIME:  time = 5.114450e-01 (asqtad3) terms = 2 mflops = 2.932462e+03
CONGRAD5: time = 6.204519e-01 (fn F) masses = 1 iters = 602 mflops = 3.980273e+03
 OK converged final_rsq= 7.4e-11 (cf 1e-10) rel = 1 (cf 0) restarts = 3 iters= 602
CONGRAD5: time = 6.186819e-01 (fn F) masses = 1 iters = 600 mflops = 3.978399e+03
 OK converged final_rsq= 9.4e-11 (cf 1e-10) rel = 1 (cf 0) restarts = 2 iters= 600
GFTIME:   time = 1.392419e-01 (Symanzik1) mflops = 3.797576e+03
FFTIME:  time = 5.108612e-01 (asqtad3) terms = 2 mflops = 2.935814e+03
CONGRAD5: time = 6.201999e-01 (fn F) masses = 1 iters = 600 mflops = 3.968661e+03
 OK converged final_rsq= 8.7e-11 (cf 1e-10) rel = 1 (cf 0) restarts = 2 iters= 600
CONGRAD5: time = 6.203980e-01 (fn F) masses = 1 iters = 602 mflops = 3.980618e+03
 OK converged final_rsq= 4.7e-11 (cf 1e-10) rel = 1 (cf 0) restarts = 3 iters= 602
GFTIME:   time = 1.391952e-01 (Symanzik1) mflops = 3.798851e+03
FFTIME:  time = 5.101008e-01 (asqtad3) terms = 2 mflops = 2.940190e+03
CONGRAD5: time = 6.197991e-01 (fn F) masses = 1 iters = 602 mflops = 3.984465e+03
 OK converged final_rsq= 4.6e-11 (cf 1e-10) rel = 1 (cf 0) restarts = 3 iters= 602
CONGRAD5: time = 6.146412e-01 (fn F) masses = 1 iters = 598 mflops = 3.991204e+03
 OK converged final_rsq= 9.8e-11 (cf 1e-10) rel = 1 (cf 0) restarts = 2 iters= 598
GFTIME:   time = 1.390159e-01 (Symanzik1) mflops = 3.803750e+03
FFTIME:  time = 5.111291e-01 (asqtad3) terms = 2 mflops = 2.934275e+03
CONGRAD5: time = 6.199040e-01 (fn F) masses = 1 iters = 602 mflops = 3.983790e+03
 OK converged final_rsq= 7.9e-11 (cf 1e-10) rel = 1 (cf 0) restarts = 3 iters= 602
CONGRAD5: time = 6.156328e-01 (fn F) masses = 1 iters = 600 mflops = 3.998103e+03
 OK converged final_rsq= 9e-11 (cf 1e-10) rel = 1 (cf 0) restarts = 2 iters= 600
GFTIME:   time = 1.399331e-01 (Symanzik1) mflops = 3.778819e+03
FFTIME:  time = 5.086780e-01 (asqtad3) terms = 2 mflops = 2.948414e+03
CONGRAD5: time = 6.206260e-01 (fn F) masses = 1 iters = 602 mflops = 3.979156e+03
 OK converged final_rsq= 5.7e-11 (cf 1e-10) rel = 1 (cf 0) restarts = 3 iters= 602
CONGRAD5: time = 6.197200e-01 (fn F) masses = 1 iters = 602 mflops = 3.984974e+03
 OK converged final_rsq= 3.9e-11 (cf 1e-10) rel = 1 (cf 0) restarts = 3 iters= 602
GFTIME:   time = 1.395252e-01 (Symanzik1) mflops = 3.789867e+03
FFTIME:  time = 5.102150e-01 (asqtad3) terms = 2 mflops = 2.939532e+03
CONGRAD5: time = 6.208749e-01 (fn F) masses = 1 iters = 602 mflops = 3.977561e+03
 OK converged final_rsq= 6.6e-11 (cf 1e-10) rel = 1 (cf 0) restarts = 3 iters= 602
CONGRAD5: time = 6.178989e-01 (fn F) masses = 1 iters = 600 mflops = 3.983440e+03
 OK converged final_rsq= 8.2e-11 (cf 1e-10) rel = 1 (cf 0) restarts = 2 iters= 600
GFTIME:   time = 1.397748e-01 (Symanzik1) mflops = 3.783098e+03
FFTIME:  time = 5.093131e-01 (asqtad3) terms = 2 mflops = 2.944738e+03
PLAQ:	1.497886	1.500338
P_LOOP:	-1.391577e-02	-1.178132e-02
G_LOOP:  0  0  4   	1.500068e+00	( 0 1 7 6  )
G_LOOP:  0  1  4   	1.494129e+00	( 0 2 7 5  )
G_LOOP:  0  2  4   	1.501872e+00	( 0 3 7 4  )
G_LOOP:  0  3  4   	1.499460e+00	( 1 2 6 5  )
G_LOOP:  0  4  4   	1.499716e+00	( 1 3 6 4  )
G_LOOP:  0  5  4   	1.499427e+00	( 2 3 5 4  )
G_LOOP:  1  0  6   	7.443911e-01	( 0 0 1 7 7 6  )
G_LOOP:  1  1  6   	7.363440e-01	( 0 0 2 7 7 5  )
G_LOOP:  1  2  6   	7.451287e-01	( 0 0 3 7 7 4  )
G_LOOP:  1  3  6   	7.429316e-01	( 1 1 0 6 6 7  )
G_LOOP:  1  4  6   	7.374183e-01	( 1 1 2 6 6 5  )
G_LOOP:  1  5  6   	7.396254e-01	( 1 1 3 6 6 4  )
G_LOOP:  1  6  6   	7.350054e-01	( 2 2 0 5 5 7  )
G_LOOP:  1  7  6   	7.395602e-01	( 2 2 1 5 5 6  )
G_LOOP:  1  8  6   	7.422656e-01	( 2 2 3 5 5 4  )
G_LOOP:  1  9  6   	7.457821e-01	( 3 3 0 4 4 7  )
G_LOOP:  1  10  6   	7.440980e-01	( 3 3 1 4 4 6  )
G_LOOP:  1  11  6   	7.435065e-01	( 3 3 2 4 4 5  )
G_LOOP:  2  0  6   	7.580413e-01	( 0 1 2 7 6 5  )
G_LOOP:  2  1  6   	7.594399e-01	( 0 1 5 7 6 2  )
G_LOOP:  2  2  6   	7.602800e-01	( 0 6 2 7 1 5  )
G_LOOP:  2  3  6   	7.603390e-01	( 0 6 5 7 1 2  )
G_LOOP:  2  4  6   	7.621794e-01	( 0 1 3 7 6 4  )
G_LOOP:  2  5  6   	7.652648e-01	( 0 1 4 7 6 3  )
G_LOOP:  2  6  6   	7.622968e-01	( 0 6 3 7 1 4  )
G_LOOP:  2  7  6   	7.616749e-01	( 0 6 4 7 1 3  )
G_LOOP:  2  8  6   	7.563729e-01	( 0 2 3 7 5 4  )
G_LOOP:  2  9  6   	7.595969e-01	( 0 2 4 7 5 3  )
G_LOOP:  2  10  6   	7.609918e-01	( 0 5 3 7 2 4  )
G_LOOP:  2  11  6   	7.607973e-01	( 0 5 4 7 2 3  )
G_LOOP:  2  12  6   	7.604965e-01	( 1 2 3 6 5 4  )
G_LOOP:  2  13  6   	7.608241e-01	( 1 2 4 6 5 3  )
G_LOOP:  2  14  6   	7.583448e-01	( 1 5 3 6 2 4  )
G_LOOP:  2  15  6   	7.602719e-01	( 1 5 4 6 2 3  )
GACTION: 6.531885e+00
CONGRAD5: time = 6.187892e-01 (fn F) masses = 1 iters = 600 mflops = 3.977709e+03
 OK converged final_rsq= 8e-11 (cf 1e-10) rel = 1 (cf 0) restarts = 2 iters= 600
CONGRAD5: time = 9.246993e-02 (fn F) masses = 1 iters = 88 mflops = 3.903971e+03
 OK converged final_rsq= 1e-10 (cf 1e-10) rel = 1 (cf 0) restarts = 1 iters= 88
PBP: mass 1.000000e-02     3.617167e-02  4.242414e-02  8.969963e-03  8.972030e-03 ( 1 of 1 )
FACTION: mass = 1.000000e-02,  1.499519e+00 ( 1 of 1 )
CONGRAD5: time = 6.217351e-01 (fn F) masses = 1 iters = 602 mflops = 3.972058e+03
 OK converged final_rsq= 4.6e-11 (cf 1e-10) rel = 1 (cf 0) restarts = 3 iters= 602
CONGRAD5: time = 1.098900e-01 (fn F) masses = 1 iters = 104 mflops = 3.882395e+03
 OK converged final_rsq= 5e-11 (cf 1e-10) rel = 1 (cf 0) restarts = 2 iters= 104
PBP: mass 1.000000e-02     4.708103e-02  3.575377e-02  3.605491e-03  3.613895e-03 ( 1 of 1 )
FACTION: mass = 1.000000e-02,  1.498510e+00 ( 1 of 1 )
CONGRAD5: time = 6.253211e-01 (fn F) masses = 1 iters = 602 mflops = 3.949279e+03
 OK converged final_rsq= 6.5e-11 (cf 1e-10) rel = 1 (cf 0) restarts = 3 iters= 602
CONGRAD5: time = 6.202478e-01 (fn F) masses = 1 iters = 602 mflops = 3.981582e+03
 OK converged final_rsq= 6.2e-11 (cf 1e-10) rel = 1 (cf 0) restarts = 3 iters= 602
GFTIME:   time = 1.403279e-01 (Symanzik1) mflops = 3.768187e+03
FFTIME:  time = 5.116751e-01 (asqtad3) terms = 2 mflops = 2.931144e+03
CONGRAD5: time = 6.201980e-01 (fn F) masses = 1 iters = 602 mflops = 3.981902e+03
 OK converged final_rsq= 6e-11 (cf 1e-10) rel = 1 (cf 0) restarts = 3 iters= 602
CONGRAD5: time = 6.196210e-01 (fn F) masses = 1 iters = 600 mflops = 3.972369e+03
 OK converged final_rsq= 9.9e-11 (cf 1e-10) rel = 1 (cf 0) restarts = 2 iters= 600
GFTIME:   time = 1.391771e-01 (Symanzik1) mflops = 3.799345e+03
FFTIME:  time = 5.115659e-01 (asqtad3) terms = 2 mflops = 2.931770e+03
CONGRAD5: time = 6.202278e-01 (fn F) masses = 1 iters = 602 mflops = 3.981711e+03
 OK converged final_rsq= 5.5e-11 (cf 1e-10) rel = 1 (cf 0) restarts = 3 iters= 602
CONGRAD5: time = 6.159830e-01 (fn F) masses = 1 iters = 599 mflops = 3.989170e+03
 OK converged final_rsq= 9.2e-11 (cf 1e-10) rel = 1 (cf 0) restarts = 2 iters= 599
GFTIME:   time = 1.389320e-01 (Symanzik1) mflops = 3.806048e+03
FFTIME:  time = 5.098910e-01 (asqtad3) terms = 2 mflops = 2.941400e+03
CONGRAD5: time = 6.202619e-01 (fn F) masses = 1 iters = 602 mflops = 3.981492e+03
 OK converged final_rsq= 9.5e-11 (cf 1e-10) rel = 1 (cf 0) restarts = 3 iters= 602
CONGRAD5: time = 6.188781e-01 (fn F) masses = 1 iters = 602 mflops = 3.990394e+03
 OK converged final_rsq= 8.5e-11 (cf 1e-10) rel = 1 (cf 0) restarts = 3 iters= 602
GFTIME:   time = 1.392388e-01 (Symanzik1) mflops = 3.797661e+03
FFTIME:  time = 5.116680e-01 (asqtad3) terms = 2 mflops = 2.931185e+03
CONGRAD5: time = 6.216540e-01 (fn F) masses = 1 iters = 602 mflops = 3.972576e+03
 OK converged final_rsq= 5.4e-11 (cf 1e-10) rel = 1 (cf 0) restarts = 3 iters= 602
CONGRAD5: time = 6.204510e-01 (fn F) masses = 1 iters = 602 mflops = 3.980279e+03
 OK converged final_rsq= 6.4e-11 (cf 1e-10) rel = 1 (cf 0) restarts = 3 iters= 602
GFTIME:   time = 1.392910e-01 (Symanzik1) mflops = 3.796237e+03
FFTIME:  time = 5.103691e-01 (asqtad3) terms = 2 mflops = 2.938645e+03
CONGRAD5: time = 6.225610e-01 (fn F) masses = 1 iters = 602 mflops = 3.966789e+03
 OK converged final_rsq= 5.1e-11 (cf 1e-10) rel = 1 (cf 0) restarts = 3 iters= 602
CONGRAD5: time = 6.202841e-01 (fn F) masses = 1 iters = 602 mflops = 3.981350e+03
 OK converged final_rsq= 4.4e-11 (cf 1e-10) rel = 1 (cf 0) restarts = 3 iters= 602
GFTIME:   time = 1.394391e-01 (Symanzik1) mflops = 3.792206e+03
FFTIME:  time = 5.120928e-01 (asqtad3) terms = 2 mflops = 2.928753e+03
CONGRAD5: time = 6.194489e-01 (fn F) masses = 1 iters = 602 mflops = 3.986717e+03
 OK converged final_rsq= 7.2e-11 (cf 1e-10) rel = 1 (cf 0) restarts = 3 iters= 602
CONGRAD5: time = 6.192510e-01 (fn F) masses = 1 iters = 602 mflops = 3.987991e+03
 OK converged final_rsq= 3.9e-11 (cf 1e-10) rel = 1 (cf 0) restarts = 3 iters= 602
GFTIME:   time = 1.394391e-01 (Symanzik1) mflops = 3.792206e+03
FFTIME:  time = 5.091491e-01 (asqtad3) terms = 2 mflops = 2.945686e+03
CONGRAD5: time = 6.194959e-01 (fn F) masses = 1 iters = 602 mflops = 3.986415e+03
 OK converged final_rsq= 4.9e-11 (cf 1e-10) rel = 1 (cf 0) restarts = 3 iters= 602
CONGRAD5: time = 6.203630e-01 (fn F) masses = 1 iters = 602 mflops = 3.980843e+03
 OK converged final_rsq= 7e-11 (cf 1e-10) rel = 1 (cf 0) restarts = 3 iters= 602
GFTIME:   time = 1.400859e-01 (Symanzik1) mflops = 3.774696e+03
FFTIME:  time = 5.090349e-01 (asqtad3) terms = 2 mflops = 2.946347e+03
CONGRAD5: time = 6.210508e-01 (fn F) masses = 1 iters = 602 mflops = 3.976434e+03
 OK converged final_rsq= 9.4e-11 (cf 1e-10) rel = 1 (cf 0) restarts = 3 iters= 602
CONGRAD5: time = 6.203470e-01 (fn F) masses = 1 iters = 602 mflops = 3.980946e+03
 OK converged final_rsq= 7.1e-11 (cf 1e-10) rel = 1 (cf 0) restarts = 3 iters= 602
GFTIME:   time = 1.403821e-01 (Symanzik1) mflops = 3.766734e+03
FFTIME:  time = 5.107028e-01 (asqtad3) terms = 2 mflops = 2.936724e+03
CONGRAD5: time = 6.214249e-01 (fn F) masses = 1 iters = 602 mflops = 3.974040e+03
 OK converged final_rsq= 8.6e-11 (cf 1e-10) rel = 1 (cf 0) restarts = 3 iters= 602
CONGRAD5: time = 6.170740e-01 (fn F) masses = 1 iters = 600 mflops = 3.988765e+03
 OK converged final_rsq= 8.2e-11 (cf 1e-10) rel = 1 (cf 0) restarts = 2 iters= 600
GFTIME:   time = 1.392491e-01 (Symanzik1) mflops = 3.797381e+03
FFTIME:  time = 5.105309e-01 (asqtad3) terms = 2 mflops = 2.937713e+03
CONGRAD5: time = 6.196320e-01 (fn F) masses = 1 iters = 602 mflops = 3.985539e+03
 OK converged final_rsq= 7.3e-11 (cf 1e-10) rel = 1 (cf 0) restarts = 3 iters= 602
CONGRAD5: time = 6.159260e-01 (fn F) masses = 1 iters = 600 mflops = 3.996199e+03
 OK converged final_rsq= 9.7e-11 (cf 1e-10) rel = 1 (cf 0) restarts = 2 iters= 600
GFTIME:   time = 1.393430e-01 (Symanzik1) mflops = 3.794821e+03
FFTIME:  time = 5.107539e-01 (asqtad3) terms = 2 mflops = 2.936431e+03
CONGRAD5: time = 6.199551e-01 (fn F) masses = 1 iters = 602 mflops = 3.983462e+03
 OK converged final_rsq= 4.1e-11 (cf 1e-10) rel = 1 (cf 0) restarts = 3 iters= 602
CONGRAD5: time = 6.194732e-01 (fn F) masses = 1 iters = 602 mflops = 3.986561e+03
 OK converged final_rsq= 4.3e-11 (cf 1e-10) rel = 1 (cf 0) restarts = 3 iters= 602
GFTIME:   time = 1.398351e-01 (Symanzik1) mflops = 3.781467e+03
FFTIME:  time = 5.111251e-01 (asqtad3) terms = 2 mflops = 2.934298e+03
CONGRAD5: time = 6.867831e-01 (fn F) masses = 1 iters = 669 mflops = 3.996051e+03
 OK converged final_rsq= 9.9e-11 (cf 1e-10) rel = 1 (cf 0) restarts = 3 iters= 669
CONGRAD5: time = 6.193600e-01 (fn F) masses = 1 iters = 602 mflops = 3.987290e+03
 OK converged final_rsq= 6.7e-11 (cf 1e-10) rel = 1 (cf 0) restarts = 3 iters= 602
GFTIME:   time = 1.393759e-01 (Symanzik1) mflops = 3.793925e+03
FFTIME:  time = 5.111189e-01 (asqtad3) terms = 2 mflops = 2.934334e+03
CONGRAD5: time = 6.951389e-01 (fn F) masses = 1 iters = 676 mflops = 3.989326e+03
 OK converged final_rsq= 1e-10 (cf 1e-10) rel = 1 (cf 0) restarts = 3 iters= 676
CONGRAD5: time = 6.199689e-01 (fn F) masses = 1 iters = 602 mflops = 3.983374e+03
 OK converged final_rsq= 4.5e-11 (cf 1e-10) rel = 1 (cf 0) restarts = 3 iters= 602
GFTIME:   time = 1.396580e-01 (Symanzik1) mflops = 3.786263e+03
FFTIME:  time = 5.107942e-01 (asqtad3) terms = 2 mflops = 2.936199e+03
CONGRAD5: time = 6.990409e-01 (fn F) masses = 1 iters = 678 mflops = 3.978795e+03
 OK converged final_rsq= 9.8e-11 (cf 1e-10) rel = 1 (cf 0) restarts = 3 iters= 678
CONGRAD5: time = 6.158750e-01 (fn F) masses = 1 iters = 600 mflops = 3.996530e+03
 OK converged final_rsq= 9.1e-11 (cf 1e-10) rel = 1 (cf 0) restarts = 2 iters= 600
GFTIME:   time = 1.390941e-01 (Symanzik1) mflops = 3.801612e+03
FFTIME:  time = 5.110590e-01 (asqtad3) terms = 2 mflops = 2.934677e+03
PLAQ:	1.474744	1.476482
P_LOOP:	-2.052642e-02	-2.969863e-03
G_LOOP:  0  0  4   	1.475984e+00	( 0 1 7 6  )
G_LOOP:  0  1  4   	1.473090e+00	( 0 2 7 5  )
G_LOOP:  0  2  4   	1.479607e+00	( 0 3 7 4  )
G_LOOP:  0  3  4   	1.475158e+00	( 1 2 6 5  )
G_LOOP:  0  4  4   	1.475008e+00	( 1 3 6 4  )
G_LOOP:  0  5  4   	1.474829e+00	( 2 3 5 4  )
G_LOOP:  1  0  6   	7.184971e-01	( 0 0 1 7 7 6  )
G_LOOP:  1  1  6   	7.159353e-01	( 0 0 2 7 7 5  )
G_LOOP:  1  2  6   	7.240807e-01	( 0 0 3 7 7 4  )
G_LOOP:  1  3  6   	7.200422e-01	( 1 1 0 6 6 7  )
G_LOOP:  1  4  6   	7.173547e-01	( 1 1 2 6 6 5  )
G_LOOP:  1  5  6   	7.152072e-01	( 1 1 3 6 6 4  )
G_LOOP:  1  6  6   	7.124169e-01	( 2 2 0 5 5 7  )
G_LOOP:  1  7  6   	7.127769e-01	( 2 2 1 5 5 6  )
G_LOOP:  1  8  6   	7.156942e-01	( 2 2 3 5 5 4  )
G_LOOP:  1  9  6   	7.235363e-01	( 3 3 0 4 4 7  )
G_LOOP:  1  10  6   	7.168376e-01	( 3 3 1 4 4 6  )
G_LOOP:  1  11  6   	7.184888e-01	( 3 3 2 4 4 5  )
G_LOOP:  2  0  6   	7.309402e-01	( 0 1 2 7 6 5  )
G_LOOP:  2  1  6   	7.334683e-01	( 0 1 5 7 6 2  )
G_LOOP:  2  2  6   	7.358878e-01	( 0 6 2 7 1 5  )
G_LOOP:  2  3  6   	7.311164e-01	( 0 6 5 7 1 2  )
G_LOOP:  2  4  6   	7.339033e-01	( 0 1 3 7 6 4  )
G_LOOP:  2  5  6   	7.386881e-01	( 0 1 4 7 6 3  )
G_LOOP:  2  6  6   	7.380549e-01	( 0 6 3 7 1 4  )
G_LOOP:  2  7  6   	7.320259e-01	( 0 6 4 7 1 3  )
G_LOOP:  2  8  6   	7.381620e-01	( 0 2 3 7 5 4  )
G_LOOP:  2  9  6   	7.344164e-01	( 0 2 4 7 5 3  )
G_LOOP:  2  10  6   	7.362792e-01	( 0 5 3 7 2 4  )
G_LOOP:  2  11  6   	7.341192e-01	( 0 5 4 7 2 3  )
G_LOOP:  2  12  6   	7.332222e-01	( 1 2 3 6 5 4  )
G_LOOP:  2  13  6   	7.315865e-01	( 1 2 4 6 5 3  )
G_LOOP:  2  14  6   	7.331640e-01	( 1 5 3 6 2 4  )
G_LOOP:  2  15  6   	7.295510e-01	( 1 5 4 6 2 3  )
GACTION: 6.646384e+00
CONGRAD5: time = 6.147301e-01 (fn F) masses = 1 iters = 599 mflops = 3.997300e+03
 OK converged final_rsq= 1e-10 (cf 1e-10) rel = 1 (cf 0) restarts = 2 iters= 599
CONGRAD5: time = 9.515190e-02 (fn F) masses = 1 iters = 91 mflops = 3.923272e+03
 OK converged final_rsq= 1e-10 (cf 1e-10) rel = 1 (cf 0) restarts = 1 iters= 91
PBP: mass 1.000000e-02     4.339416e-02  3.936487e-02  7.421302e-03  7.418751e-03 ( 1 of 1 )
FACTION: mass = 1.000000e-02,  1.502066e+00 ( 1 of 1 )
CONGRAD5: time = 6.197610e-01 (fn F) masses = 1 iters = 602 mflops = 3.984710e+03
 OK converged final_rsq= 7.1e-11 (cf 1e-10) rel = 1 (cf 0) restarts = 3 iters= 602
CONGRAD5: time = 1.310050e-01 (fn F) masses = 1 iters = 126 mflops = 3.945545e+03
 OK converged final_rsq= 9.9e-11 (cf 1e-10) rel = 1 (cf 0) restarts = 1 iters= 126
PBP: mass 1.000000e-02     4.858556e-02  4.277414e-02  -1.701513e-03  -1.703251e-03 ( 1 of 1 )
FACTION: mass = 1.000000e-02,  1.501393e+00 ( 1 of 1 )
CONGRAD5: time = 6.180909e-01 (fn F) masses = 1 iters = 602 mflops = 3.995477e+03
 OK converged final_rsq= 8.2e-11 (cf 1e-10) rel = 1 (cf 0) restarts = 3 iters= 602
CONGRAD5: time = 6.186090e-01 (fn F) masses = 1 iters = 602 mflops = 3.992131e+03
 OK converged final_rsq= 5.4e-11 (cf 1e-10) rel = 1 (cf 0) restarts = 3 iters= 602
GFTIME:   time = 1.392779e-01 (Symanzik1) mflops = 3.796594e+03
FFTIME:  time = 5.110619e-01 (asqtad3) terms = 2 mflops = 2.934661e+03
CONGRAD5: time = 7.020361e-01 (fn F) masses = 1 iters = 683 mflops = 3.991036e+03
 OK converged final_rsq= 9.9e-11 (cf 1e-10) rel = 1 (cf 0) restarts = 3 iters= 683
CONGRAD5: time = 6.178820e-01 (fn F) masses = 1 iters = 602 mflops = 3.996827e+03
 OK converged final_rsq= 7.6e-11 (cf 1e-10) rel = 1 (cf 0) restarts = 3 iters= 602
GFTIME:   time = 1.398969e-01 (Symanzik1) mflops = 3.779797e+03
FFTIME:  time = 5.123880e-01 (asqtad3) terms = 2 mflops = 2.927066e+03
CONGRAD5: time = 6.186130e-01 (fn F) masses = 1 iters = 602 mflops = 3.992104e+03
 OK converged final_rsq= 6.9e-11 (cf 1e-10) rel = 1 (cf 0) restarts = 3 iters= 602
CONGRAD5: time = 6.199150e-01 (fn F) masses = 1 iters = 602 mflops = 3.983720e+03
 OK converged final_rsq= 7.2e-11 (cf 1e-10) rel = 1 (cf 0) restarts = 3 iters= 602
GFTIME:   time = 1.395080e-01 (Symanzik1) mflops = 3.790333e+03
FFTIME:  time = 5.112360e-01 (asqtad3) terms = 2 mflops = 2.933662e+03
CONGRAD5: time = 6.195011e-01 (fn F) masses = 1 iters = 602 mflops = 3.986381e+03
 OK converged final_rsq= 8.2e-11 (cf 1e-10) rel = 1 (cf 0) restarts = 3 iters= 602
CONGRAD5: time = 6.176939e-01 (fn F) masses = 1 iters = 602 mflops = 3.998045e+03
 OK converged final_rsq= 4.8e-11 (cf 1e-10) rel = 1 (cf 0) restarts = 3 iters= 602
GFTIME:   time = 1.390200e-01 (Symanzik1) mflops = 3.803639e+03
FFTIME:  time = 5.116639e-01 (asqtad3) terms = 2 mflops = 2.931208e+03
CONGRAD5: time = 6.790481e-01 (fn F) masses = 1 iters = 661 mflops = 3.993240e+03
 OK converged final_rsq= 9.9e-11 (cf 1e-10) rel = 1 (cf 0) restarts = 3 iters= 661
CONGRAD5: time = 6.187470e-01 (fn F) masses = 1 iters = 602 mflops = 3.991240e+03
 OK converged final_rsq= 8.3e-11 (cf 1e-10) rel = 1 (cf 0) restarts = 3 iters= 602
GFTIME:   time = 1.395400e-01 (Symanzik1) mflops = 3.789465e+03
FFTIME:  time = 5.118690e-01 (asqtad3) terms = 2 mflops = 2.930034e+03
CONGRAD5: time = 6.940379e-01 (fn F) masses = 1 iters = 674 mflops = 3.983833e+03
 OK converged final_rsq= 9.9e-11 (cf 1e-10) rel = 1 (cf 0) restarts = 3 iters= 674
CONGRAD5: time = 6.197350e-01 (fn F) masses = 1 iters = 602 mflops = 3.984877e+03
 OK converged final_rsq= 6.3e-11 (cf 1e-10) rel = 1 (cf 0) restarts = 3 iters= 602
GFTIME:   time = 1.401610e-01 (Symanzik1) mflops = 3.772673e+03
FFTIME:  time = 5.110090e-01 (asqtad3) terms = 2 mflops = 2.934965e+03
CONGRAD5: time = 6.207399e-01 (fn F) masses = 1 iters = 602 mflops = 3.978426e+03
 OK converged final_rsq= 9.3e-11 (cf 1e-10) rel = 1 (cf 0) restarts = 3 iters= 602
CONGRAD5: time = 6.203420e-01 (fn F) masses = 1 iters = 602 mflops = 3.980978e+03
 OK converged final_rsq= 5.5e-11 (cf 1e-10) rel = 1 (cf 0) restarts = 3 iters= 602
GFTIME:   time = 1.392879e-01 (Symanzik1) mflops = 3.796321e+03
FFTIME:  time = 5.105081e-01 (asqtad3) terms = 2 mflops = 2.937845e+03
CONGRAD5: time = 6.206472e-01 (fn F) masses = 1 iters = 602 mflops = 3.979020e+03
 OK converged final_rsq= 4.9e-11 (cf 1e-10) rel = 1 (cf 0) restarts = 3 iters= 602
CONGRAD5: time = 6.853590e-01 (fn F) masses = 1 iters = 666 mflops = 3.986397e+03
 OK converged final_rsq= 9.8e-11 (cf 1e-10) rel = 1 (cf 0) restarts = 3 iters= 666
GFTIME:   time = 1.387200e-01 (Symanzik1) mflops = 3.811863e+03
FFTIME:  time = 5.114641e-01 (asqtad3) terms = 2 mflops = 2.932353e+03
CONGRAD5: time = 6.808760e-01 (fn F) masses = 1 iters = 660 mflops = 3.976494e+03
 OK converged final_rsq= 5e-11 (cf 1e-10) rel = 1 (cf 0) restarts = 4 iters= 660
CONGRAD5: time = 6.187911e-01 (fn F) masses = 1 iters = 602 mflops = 3.990955e+03
 OK converged final_rsq= 4.4e-11 (cf 1e-10) rel = 1 (cf 0) restarts = 3 iters= 602
GFTIME:   time = 1.390612e-01 (Symanzik1) mflops = 3.802511e+03
FFTIME:  time = 5.102129e-01 (asqtad3) terms = 2 mflops = 2.939544e+03
CONGRAD5: time = 6.187119e-01 (fn F) masses = 1 iters = 602 mflops = 3.991466e+03
 OK converged final_rsq= 9e-11 (cf 1e-10) rel = 1 (cf 0) restarts = 3 iters= 602
CONGRAD5: time = 6.183119e-01 (fn F) masses = 1 iters = 602 mflops = 3.994049e+03
 OK converged final_rsq= 6.8e-11 (cf 1e-10) rel = 1 (cf 0) restarts = 3 iters= 602
GFTIME:   time = 1.397181e-01 (Symanzik1) mflops = 3.784635e+03
FFTIME:  time = 5.114651e-01 (asqtad3) terms = 2 mflops = 2.932348e+03
CONGRAD5: time = 7.330101e-01 (fn F) masses = 1 iters = 713 mflops = 3.990286e+03
 OK converged final_rsq= 9.9e-11 (cf 1e-10) rel = 1 (cf 0) restarts = 3 iters= 713
CONGRAD5: time = 6.181331e-01 (fn F) masses = 1 iters = 602 mflops = 3.995204e+03
 OK converged final_rsq= 5.9e-11 (cf 1e-10) rel = 1 (cf 0) restarts = 3 iters= 602
GFTIME:   time = 1.394620e-01 (Symanzik1) mflops = 3.791584e+03
FFTIME:  time = 5.100169e-01 (asqtad3) terms = 2 mflops = 2.940674e+03
CONGRAD5: time = 7.276950e-01 (fn F) masses = 1 iters = 708 mflops = 3.991244e+03
 OK converged final_rsq= 9.9e-11 (cf 1e-10) rel = 1 (cf 0) restarts = 3 iters= 708
CONGRAD5: time = 6.198771e-01 (fn F) masses = 1 iters = 602 mflops = 3.983964e+03
 OK converged final_rsq= 4.6e-11 (cf 1e-10) rel = 1 (cf 0) restarts = 3 iters= 602
GFTIME:   time = 1.391320e-01 (Symanzik1) mflops = 3.800576e+03
FFTIME:  time = 5.102458e-01 (asqtad3) terms = 2 mflops = 2.939355e+03
CONGRAD5: time = 6.195788e-01 (fn F) masses = 1 iters = 602 mflops = 3.985881e+03
 OK converged final_rsq= 5.7e-11 (cf 1e-10) rel = 1 (cf 0) restarts = 3 iters= 602
CONGRAD5: time = 6.987181e-01 (fn F) masses = 1 iters = 680 mflops = 3.992376e+03
 OK converged final_rsq= 9.9e-11 (cf 1e-10) rel = 1 (cf 0) restarts = 3 iters= 680
GFTIME:   time = 1.396031e-01 (Symanzik1) mflops = 3.787750e+03
FFTIME:  time = 5.123088e-01 (asqtad3) terms = 2 mflops = 2.927518e+03
CONGRAD5: time = 6.862478e-01 (fn F) masses = 1 iters = 666 mflops = 3.981234e+03
 OK converged final_rsq= 5e-11 (cf 1e-10) rel = 1 (cf 0) restarts = 4 iters= 666
CONGRAD5: time = 6.192911e-01 (fn F) masses = 1 iters = 602 mflops = 3.987734e+03
 OK converged final_rsq= 8.6e-11 (cf 1e-10) rel = 1 (cf 0) restarts = 3 iters= 602
GFTIME:   time = 1.385529e-01 (Symanzik1) mflops = 3.816461e+03
FFTIME:  time = 5.119781e-01 (asqtad3) terms = 2 mflops = 2.929409e+03
CONGRAD5: time = 7.223010e-01 (fn F) masses = 1 iters = 703 mflops = 3.992653e+03
 OK converged final_rsq= 1e-10 (cf 1e-10) rel = 1 (cf 0) restarts = 3 iters= 703
CONGRAD5: time = 7.234139e-01 (fn F) masses = 1 iters = 704 mflops = 3.992181e+03
 OK converged final_rsq= 5e-11 (cf 1e-10) rel = 1 (cf 0) restarts = 4 iters= 704
GFTIME:   time = 1.390030e-01 (Symanzik1) mflops = 3.804103e+03
FFTIME:  time = 5.104589e-01 (asqtad3) terms = 2 mflops = 2.938127e+03
PLAQ:	1.460193	1.460439
P_LOOP:	-5.681515e-03	1.470983e-02
G_LOOP:  0  0  4   	1.462860e+00	( 0 1 7 6  )
G_LOOP:  0  1  4   	1.459667e+00	( 0 2 7 5  )
G_LOOP:  0  2  4   	1.464225e+00	( 0 3 7 4  )
G_LOOP:  0  3  4   	1.458053e+00	( 1 2 6 5  )
G_LOOP:  0  4  4   	1.458102e+00	( 1 3 6 4  )
G_LOOP:  0  5  4   	1.458991e+00	( 2 3 5 4  )
G_LOOP:  1  0  6   	7.044114e-01	( 0 0 1 7 7 6  )
G_LOOP:  1  1  6   	7.001683e-01	( 0 0 2 7 7 5  )
G_LOOP:  1  2  6   	7.064534e-01	( 0 0 3 7 7 4  )
G_LOOP:  1  3  6   	7.046912e-01	( 1 1 0 6 6 7  )
G_LOOP:  1  4  6   	6.971760e-01	( 1 1 2 6 6 5  )
G_LOOP:  1  5  6   	6.963067e-01	( 1 1 3 6 6 4  )
G_LOOP:  1  6  6   	6.973758e-01	( 2 2 0 5 5 7  )
G_LOOP:  1  7  6   	6.981232e-01	( 2 2 1 5 5 6  )
G_LOOP:  1  8  6   	6.977841e-01	( 2 2 3 5 5 4  )
G_LOOP:  1  9  6   	7.051219e-01	( 3 3 0 4 4 7  )
G_LOOP:  1  10  6   	7.012289e-01	( 3 3 1 4 4 6  )
G_LOOP:  1  11  6   	6.983391e-01	( 3 3 2 4 4 5  )
G_LOOP:  2  0  6   	7.119569e-01	( 0 1 2 7 6 5  )
G_LOOP:  2  1  6   	7.136081e-01	( 0 1 5 7 6 2  )
G_LOOP:  2  2  6   	7.205864e-01	( 0 6 2 7 1 5  )
G_LOOP:  2  3  6   	7.129568e-01	( 0 6 5 7 1 2  )
G_LOOP:  2  4  6   	7.151807e-01	( 0 1 3 7 6 4  )
G_LOOP:  2  5  6   	7.179215e-01	( 0 1 4 7 6 3  )
G_LOOP:  2  6  6   	7.225979e-01	( 0 6 3 7 1 4  )
G_LOOP:  2  7  6   	7.152602e-01	( 0 6 4 7 1 3  )
G_LOOP:  2  8  6   	7.193233e-01	( 0 2 3 7 5 4  )
G_LOOP:  2  9  6   	7.155409e-01	( 0 2 4 7 5 3  )
G_LOOP:  2  10  6   	7.174311e-01	( 0 5 3 7 2 4  )
G_LOOP:  2  11  6   	7.158922e-01	( 0 5 4 7 2 3  )
G_LOOP:  2  12  6   	7.121399e-01	( 1 2 3 6 5 4  )
G_LOOP:  2  13  6   	7.112940e-01	( 1 2 4 6 5 3  )
G_LOOP:  2  14  6   	7.106608e-01	( 1 5 3 6 2 4  )
G_LOOP:  2  15  6   	7.096770e-01	( 1 5 4 6 2 3  )
GACTION: 6.719232e+00
CONGRAD5: time = 6.181362e-01 (fn F) masses = 1 iters = 602 mflops = 3.995184e+03
 OK converged final_rsq= 8.8e-11 (cf 1e-10) rel = 1 (cf 0) restarts = 3 iters= 602
CONGRAD5: time = 1.273179e-01 (fn F) masses = 1 iters = 122 mflops = 3.930925e+03
 OK converged final_rsq= 9.9e-11 (cf 1e-10) rel = 1 (cf 0) restarts = 1 iters= 122
PBP: mass 1.000000e-02     5.555199e-02  4.368940e-02  -4.331524e-03  -4.348939e-03 ( 1 of 1 )
FACTION: mass = 1.000000e-02,  1.501287e+00 ( 1 of 1 )
CONGRAD5: time = 6.189981e-01 (fn F) masses = 1 iters = 602 mflops = 3.989621e+03
 OK converged final_rsq= 6.4e-11 (cf 1e-10) rel = 1 (cf 0) restarts = 3 iters= 602
CONGRAD5: time = 1.150122e-01 (fn F) masses = 1 iters = 110 mflops = 3.923497e+03
 OK converged final_rsq= 1e-10 (cf 1e-10) rel = 1 (cf 0) restarts = 1 iters= 110
PBP: mass 1.000000e-02     5.376833e-02  4.562878e-02  -5.653563e-03  -5.648705e-03 ( 1 of 1 )
FACTION: mass = 1.000000e-02,  1.501514e+00 ( 1 of 1 )
RUNNING COMPLETED
average cg iters for step= 1.219000e+03
Time = 1.381339e+02 seconds
total_iters = 152537
Checksums 7bb45b68 d977e3c0
Saved gauge configuration in parallel to binary file lat_p64_size128_2
Time stamp Thu May 19 10:52:20 2022
Wrote info file lat_p64_size128_2.info
Time to save = 4.018211e-02
CHECK PLAQ: 1.460193e+00 1.460439e+00
CHECK NERSC LINKTR: 1.427689e-01 CKSUM: 5cf947c6


get_i(0): EOF on input.
Elapsed total time: 158.140903
exit: Thu May 19 10:52:20 2022

