SU3 with improved KS action
Microcanonical simulation with refreshing
R algorithm
MIMD version 7.8.1
Machine = MPI (portable), with 32 nodes
Host(0) = ault03.cscs.ch
Username = mcopik
Options selected...
Generic single precision
C_GLOBAL_INLINE
DBLSTORE_FN
D_FN_GATHER13
FEWSUMS
KS_MULTIFF=FNMAT
VECLENGTH=4
type 0 for no prompts, 1 for prompts, or 2 for proofreading
nflavors1 2
nflavors2 1
nx 16
ny 16
nz 8
nt 36
iseed 5682304
LAYOUT = Hypercubes, options = hyper_prime,
automatic hyper_prime layout
ON EACH NODE 4 x 8 x 8 x 9
Mallocing 2.3 MBytes per node for lattice
WARNING!!: Resetting random seed
Made lattice
Made nn gathers
Made 3nn gathers
Finished setup


warms 0
trajecs 4
traj_between_meas 1
beta 5.6
mass1 0.125
mass2 0.125
u0 0.8441
microcanonical_time_step 0.2
steps_per_trajectory 5
max_cg_iterations 100
max_cg_restarts 5
error_per_site 0.125
error_for_propagator 0.125
npbp_reps 1
prec_pbp 1
fresh 
save_parallel lat_p64_size64_1
unit gauge configuration loaded
CHECK PLAQ: 3.000000e+00 3.000000e+00
CHECK NERSC LINKTR: 1.000000e+00 CKSUM: 0
Unitarity checked.  Max deviation 0.00e+00
Time to check unitarity = 5.319118e-04
"O(a^2): couplings(pi)=0, Naik term, No O(a^2) errors, tadpole weights"
path coefficients: npath  path_coeff  multiplicity
                    0      6.250000e-01     8
                    1      -5.847914e-02     8
                    2      -8.771871e-02     48
                    3      3.077829e-02     192
                    4      -7.199551e-03     384
                    5      -1.231132e-01     48
Symanzik 1x1 + 1x2 + 1x1x1 action
gauge_action: total_dyn_flavors = 3
loop coefficients: nloop rep loop_coeff  multiplicity
                    0 0      1.000000e+00     6
                    1 0      -7.762509e-02     12
                    2 0      -1.031171e-02     16
WARMUPS COMPLETED
CONGRAD5: time = 4.750013e-03 (fn F) masses = 1 iters = 4 mflops = 2.303023e+03
 OK converged final_rsq= 0.006 (cf 0.016) rel = 1 (cf 0) restarts = 1 iters= 4
CONGRAD5: time = 4.568100e-03 (fn F) masses = 1 iters = 4 mflops = 2.394736e+03
 OK converged final_rsq= 0.0059 (cf 0.016) rel = 1 (cf 0) restarts = 1 iters= 4
GFTIME:   time = 8.367801e-02 (Symanzik1) mflops = 4.212830e+03
FFTIME:  time = 2.765002e-01 (asqtad3) terms = 2 mflops = 3.616135e+03
CONGRAD5: time = 4.662991e-03 (fn F) masses = 1 iters = 4 mflops = 2.346003e+03
 OK converged final_rsq= 0.01 (cf 0.016) rel = 1 (cf 0) restarts = 1 iters= 4
CONGRAD5: time = 4.535913e-03 (fn F) masses = 1 iters = 4 mflops = 2.411729e+03
 OK converged final_rsq= 0.0098 (cf 0.016) rel = 1 (cf 0) restarts = 1 iters= 4
GFTIME:   time = 8.401084e-02 (Symanzik1) mflops = 4.196140e+03
FFTIME:  time = 2.769761e-01 (asqtad3) terms = 2 mflops = 3.609922e+03
CONGRAD5: time = 4.610062e-03 (fn F) masses = 1 iters = 4 mflops = 2.372938e+03
 OK converged final_rsq= 0.014 (cf 0.016) rel = 1 (cf 0) restarts = 1 iters= 4
CONGRAD5: time = 4.507065e-03 (fn F) masses = 1 iters = 4 mflops = 2.427165e+03
 OK converged final_rsq= 0.014 (cf 0.016) rel = 1 (cf 0) restarts = 1 iters= 4
GFTIME:   time = 8.369279e-02 (Symanzik1) mflops = 4.212086e+03
FFTIME:  time = 2.771580e-01 (asqtad3) terms = 2 mflops = 3.607553e+03
CONGRAD5: time = 4.680157e-03 (fn F) masses = 1 iters = 4 mflops = 2.337399e+03
 OK converged final_rsq= 0.013 (cf 0.016) rel = 1 (cf 0) restarts = 1 iters= 4
CONGRAD5: time = 4.588842e-03 (fn F) masses = 1 iters = 4 mflops = 2.383911e+03
 OK converged final_rsq= 0.013 (cf 0.016) rel = 1 (cf 0) restarts = 1 iters= 4
GFTIME:   time = 8.398604e-02 (Symanzik1) mflops = 4.197379e+03
FFTIME:  time = 2.765861e-01 (asqtad3) terms = 2 mflops = 3.615013e+03
CONGRAD5: time = 4.614115e-03 (fn F) masses = 1 iters = 4 mflops = 2.370854e+03
 OK converged final_rsq= 0.011 (cf 0.016) rel = 1 (cf 0) restarts = 1 iters= 4
CONGRAD5: time = 4.474163e-03 (fn F) masses = 1 iters = 4 mflops = 2.445014e+03
 OK converged final_rsq= 0.011 (cf 0.016) rel = 1 (cf 0) restarts = 1 iters= 4
GFTIME:   time = 8.332896e-02 (Symanzik1) mflops = 4.230476e+03
FFTIME:  time = 2.787519e-01 (asqtad3) terms = 2 mflops = 3.586926e+03
PLAQ:	2.348046	2.347861
P_LOOP:	-6.323030e-03	-1.925636e-02
G_LOOP:  0  0  4   	2.346897e+00	( 0 1 7 6  )
G_LOOP:  0  1  4   	2.347695e+00	( 0 2 7 5  )
G_LOOP:  0  2  4   	2.348610e+00	( 0 3 7 4  )
G_LOOP:  0  3  4   	2.349546e+00	( 1 2 6 5  )
G_LOOP:  0  4  4   	2.347450e+00	( 1 3 6 4  )
G_LOOP:  0  5  4   	2.347524e+00	( 2 3 5 4  )
G_LOOP:  1  0  6   	1.770886e+00	( 0 0 1 7 7 6  )
G_LOOP:  1  1  6   	1.772085e+00	( 0 0 2 7 7 5  )
G_LOOP:  1  2  6   	1.772683e+00	( 0 0 3 7 7 4  )
G_LOOP:  1  3  6   	1.772206e+00	( 1 1 0 6 6 7  )
G_LOOP:  1  4  6   	1.778615e+00	( 1 1 2 6 6 5  )
G_LOOP:  1  5  6   	1.772779e+00	( 1 1 3 6 6 4  )
G_LOOP:  1  6  6   	1.774422e+00	( 2 2 0 5 5 7  )
G_LOOP:  1  7  6   	1.776307e+00	( 2 2 1 5 5 6  )
G_LOOP:  1  8  6   	1.772614e+00	( 2 2 3 5 5 4  )
G_LOOP:  1  9  6   	1.773361e+00	( 3 3 0 4 4 7  )
G_LOOP:  1  10  6   	1.772005e+00	( 3 3 1 4 4 6  )
G_LOOP:  1  11  6   	1.772996e+00	( 3 3 2 4 4 5  )
G_LOOP:  2  0  6   	1.819044e+00	( 0 1 2 7 6 5  )
G_LOOP:  2  1  6   	1.821657e+00	( 0 1 5 7 6 2  )
G_LOOP:  2  2  6   	1.822819e+00	( 0 6 2 7 1 5  )
G_LOOP:  2  3  6   	1.821404e+00	( 0 6 5 7 1 2  )
G_LOOP:  2  4  6   	1.821922e+00	( 0 1 3 7 6 4  )
G_LOOP:  2  5  6   	1.817338e+00	( 0 1 4 7 6 3  )
G_LOOP:  2  6  6   	1.820607e+00	( 0 6 3 7 1 4  )
G_LOOP:  2  7  6   	1.823181e+00	( 0 6 4 7 1 3  )
G_LOOP:  2  8  6   	1.818823e+00	( 0 2 3 7 5 4  )
G_LOOP:  2  9  6   	1.819541e+00	( 0 2 4 7 5 3  )
G_LOOP:  2  10  6   	1.822350e+00	( 0 5 3 7 2 4  )
G_LOOP:  2  11  6   	1.817598e+00	( 0 5 4 7 2 3  )
G_LOOP:  2  12  6   	1.821659e+00	( 1 2 3 6 5 4  )
G_LOOP:  2  13  6   	1.824220e+00	( 1 2 4 6 5 3  )
G_LOOP:  2  14  6   	1.821604e+00	( 1 5 3 6 2 4  )
G_LOOP:  2  15  6   	1.824104e+00	( 1 5 4 6 2 3  )
GACTION: 2.575211e+00
CONGRAD5: time = 4.688025e-03 (fn F) masses = 1 iters = 4 mflops = 2.333476e+03
 OK converged final_rsq= 0.01 (cf 0.016) rel = 1 (cf 0) restarts = 1 iters= 4
CONGRAD5: time = 5.922794e-03 (fn F) masses = 1 iters = 6 mflops = 2.770498e+03
 OK converged final_rsq= 0.0087 (cf 0.016) rel = 1 (cf 0) restarts = 1 iters= 6
PBP: mass 1.250000e-01     6.839631e-02  1.024361e-01  -6.252925e-04  -1.562877e-03 ( 1 of 1 )
FACTION: mass = 1.250000e-01,  1.470003e+00 ( 1 of 1 )
CONGRAD5: time = 4.603863e-03 (fn F) masses = 1 iters = 4 mflops = 2.376133e+03
 OK converged final_rsq= 0.01 (cf 0.016) rel = 1 (cf 0) restarts = 1 iters= 4
CONGRAD5: time = 5.981922e-03 (fn F) masses = 1 iters = 6 mflops = 2.743113e+03
 OK converged final_rsq= 0.0087 (cf 0.016) rel = 1 (cf 0) restarts = 1 iters= 6
PBP: mass 1.250000e-01     7.042779e-02  1.006423e-01  -2.239626e-03  -2.553548e-03 ( 1 of 1 )
FACTION: mass = 1.250000e-01,  1.472298e+00 ( 1 of 1 )
CONGRAD5: time = 4.611969e-03 (fn F) masses = 1 iters = 4 mflops = 2.371957e+03
 OK converged final_rsq= 0.012 (cf 0.016) rel = 1 (cf 0) restarts = 1 iters= 4
CONGRAD5: time = 4.488945e-03 (fn F) masses = 1 iters = 4 mflops = 2.436963e+03
 OK converged final_rsq= 0.011 (cf 0.016) rel = 1 (cf 0) restarts = 1 iters= 4
GFTIME:   time = 8.334804e-02 (Symanzik1) mflops = 4.229508e+03
FFTIME:  time = 2.800722e-01 (asqtad3) terms = 2 mflops = 3.570016e+03
CONGRAD5: time = 5.394936e-03 (fn F) masses = 1 iters = 5 mflops = 2.534644e+03
 OK converged final_rsq= 0.0069 (cf 0.016) rel = 1 (cf 0) restarts = 1 iters= 5
CONGRAD5: time = 4.527807e-03 (fn F) masses = 1 iters = 4 mflops = 2.416046e+03
 OK converged final_rsq= 0.015 (cf 0.016) rel = 1 (cf 0) restarts = 1 iters= 4
GFTIME:   time = 8.370590e-02 (Symanzik1) mflops = 4.211426e+03
FFTIME:  time = 2.786131e-01 (asqtad3) terms = 2 mflops = 3.588712e+03
CONGRAD5: time = 5.311966e-03 (fn F) masses = 1 iters = 5 mflops = 2.574233e+03
 OK converged final_rsq= 0.0088 (cf 0.016) rel = 1 (cf 0) restarts = 1 iters= 5
CONGRAD5: time = 5.194902e-03 (fn F) masses = 1 iters = 5 mflops = 2.632242e+03
 OK converged final_rsq= 0.0084 (cf 0.016) rel = 1 (cf 0) restarts = 1 iters= 5
GFTIME:   time = 8.312416e-02 (Symanzik1) mflops = 4.240900e+03
FFTIME:  time = 2.772939e-01 (asqtad3) terms = 2 mflops = 3.605785e+03
CONGRAD5: time = 5.239010e-03 (fn F) masses = 1 iters = 5 mflops = 2.610081e+03
 OK converged final_rsq= 0.0085 (cf 0.016) rel = 1 (cf 0) restarts = 1 iters= 5
CONGRAD5: time = 5.186081e-03 (fn F) masses = 1 iters = 5 mflops = 2.636719e+03
 OK converged final_rsq= 0.0083 (cf 0.016) rel = 1 (cf 0) restarts = 1 iters= 5
GFTIME:   time = 8.369994e-02 (Symanzik1) mflops = 4.211726e+03
FFTIME:  time = 2.760901e-01 (asqtad3) terms = 2 mflops = 3.621507e+03
CONGRAD5: time = 5.324125e-03 (fn F) masses = 1 iters = 5 mflops = 2.568354e+03
 OK converged final_rsq= 0.0074 (cf 0.016) rel = 1 (cf 0) restarts = 1 iters= 5
CONGRAD5: time = 4.490137e-03 (fn F) masses = 1 iters = 4 mflops = 2.436316e+03
 OK converged final_rsq= 0.015 (cf 0.016) rel = 1 (cf 0) restarts = 1 iters= 4
GFTIME:   time = 8.280110e-02 (Symanzik1) mflops = 4.257446e+03
FFTIME:  time = 2.780151e-01 (asqtad3) terms = 2 mflops = 3.596431e+03
PLAQ:	2.013197	2.012697
P_LOOP:	-9.701259e-03	-3.360078e-02
G_LOOP:  0  0  4   	2.010792e+00	( 0 1 7 6  )
G_LOOP:  0  1  4   	2.013326e+00	( 0 2 7 5  )
G_LOOP:  0  2  4   	2.011958e+00	( 0 3 7 4  )
G_LOOP:  0  3  4   	2.015472e+00	( 1 2 6 5  )
G_LOOP:  0  4  4   	2.013512e+00	( 1 3 6 4  )
G_LOOP:  0  5  4   	2.012622e+00	( 2 3 5 4  )
G_LOOP:  1  0  6   	1.296020e+00	( 0 0 1 7 7 6  )
G_LOOP:  1  1  6   	1.302380e+00	( 0 0 2 7 7 5  )
G_LOOP:  1  2  6   	1.300113e+00	( 0 0 3 7 7 4  )
G_LOOP:  1  3  6   	1.297978e+00	( 1 1 0 6 6 7  )
G_LOOP:  1  4  6   	1.302920e+00	( 1 1 2 6 6 5  )
G_LOOP:  1  5  6   	1.301147e+00	( 1 1 3 6 6 4  )
G_LOOP:  1  6  6   	1.301421e+00	( 2 2 0 5 5 7  )
G_LOOP:  1  7  6   	1.302576e+00	( 2 2 1 5 5 6  )
G_LOOP:  1  8  6   	1.298934e+00	( 2 2 3 5 5 4  )
G_LOOP:  1  9  6   	1.299910e+00	( 3 3 0 4 4 7  )
G_LOOP:  1  10  6   	1.299603e+00	( 3 3 1 4 4 6  )
G_LOOP:  1  11  6   	1.299806e+00	( 3 3 2 4 4 5  )
G_LOOP:  2  0  6   	1.339921e+00	( 0 1 2 7 6 5  )
G_LOOP:  2  1  6   	1.347332e+00	( 0 1 5 7 6 2  )
G_LOOP:  2  2  6   	1.347822e+00	( 0 6 2 7 1 5  )
G_LOOP:  2  3  6   	1.345578e+00	( 0 6 5 7 1 2  )
G_LOOP:  2  4  6   	1.348037e+00	( 0 1 3 7 6 4  )
G_LOOP:  2  5  6   	1.342259e+00	( 0 1 4 7 6 3  )
G_LOOP:  2  6  6   	1.341849e+00	( 0 6 3 7 1 4  )
G_LOOP:  2  7  6   	1.343166e+00	( 0 6 4 7 1 3  )
G_LOOP:  2  8  6   	1.344500e+00	( 0 2 3 7 5 4  )
G_LOOP:  2  9  6   	1.342721e+00	( 0 2 4 7 5 3  )
G_LOOP:  2  10  6   	1.346118e+00	( 0 5 3 7 2 4  )
G_LOOP:  2  11  6   	1.343245e+00	( 0 5 4 7 2 3  )
G_LOOP:  2  12  6   	1.346085e+00	( 1 2 3 6 5 4  )
G_LOOP:  2  13  6   	1.347991e+00	( 1 2 4 6 5 3  )
G_LOOP:  2  14  6   	1.347405e+00	( 1 5 3 6 2 4  )
G_LOOP:  2  15  6   	1.344994e+00	( 1 5 4 6 2 3  )
GACTION: 4.065920e+00
CONGRAD5: time = 4.645109e-03 (fn F) masses = 1 iters = 4 mflops = 2.355034e+03
 OK converged final_rsq= 0.014 (cf 0.016) rel = 1 (cf 0) restarts = 1 iters= 4
CONGRAD5: time = 5.944014e-03 (fn F) masses = 1 iters = 6 mflops = 2.760607e+03
 OK converged final_rsq= 0.013 (cf 0.016) rel = 1 (cf 0) restarts = 1 iters= 6
PBP: mass 1.250000e-01     8.666703e-02  1.656794e-01  8.855824e-04  1.540118e-03 ( 1 of 1 )
FACTION: mass = 1.250000e-01,  1.448829e+00 ( 1 of 1 )
CONGRAD5: time = 4.518032e-03 (fn F) masses = 1 iters = 4 mflops = 2.421274e+03
 OK converged final_rsq= 0.014 (cf 0.016) rel = 1 (cf 0) restarts = 1 iters= 4
CONGRAD5: time = 5.937099e-03 (fn F) masses = 1 iters = 6 mflops = 2.763822e+03
 OK converged final_rsq= 0.013 (cf 0.016) rel = 1 (cf 0) restarts = 1 iters= 6
PBP: mass 1.250000e-01     8.854628e-02  1.707834e-01  -1.891601e-04  1.187543e-04 ( 1 of 1 )
FACTION: mass = 1.250000e-01,  1.441431e+00 ( 1 of 1 )
CONGRAD5: time = 5.288839e-03 (fn F) masses = 1 iters = 5 mflops = 2.585490e+03
 OK converged final_rsq= 0.0075 (cf 0.016) rel = 1 (cf 0) restarts = 1 iters= 5
CONGRAD5: time = 4.547119e-03 (fn F) masses = 1 iters = 4 mflops = 2.405785e+03
 OK converged final_rsq= 0.015 (cf 0.016) rel = 1 (cf 0) restarts = 1 iters= 4
GFTIME:   time = 8.335781e-02 (Symanzik1) mflops = 4.229012e+03
FFTIME:  time = 2.799001e-01 (asqtad3) terms = 2 mflops = 3.572212e+03
CONGRAD5: time = 5.352974e-03 (fn F) masses = 1 iters = 5 mflops = 2.554513e+03
 OK converged final_rsq= 0.0094 (cf 0.016) rel = 1 (cf 0) restarts = 1 iters= 5
CONGRAD5: time = 5.168915e-03 (fn F) masses = 1 iters = 5 mflops = 2.645476e+03
 OK converged final_rsq= 0.0087 (cf 0.016) rel = 1 (cf 0) restarts = 1 iters= 5
GFTIME:   time = 8.319902e-02 (Symanzik1) mflops = 4.237084e+03
FFTIME:  time = 2.767611e-01 (asqtad3) terms = 2 mflops = 3.612727e+03
CONGRAD5: time = 5.347967e-03 (fn F) masses = 1 iters = 5 mflops = 2.556904e+03
 OK converged final_rsq= 0.011 (cf 0.016) rel = 1 (cf 0) restarts = 1 iters= 5
CONGRAD5: time = 5.234957e-03 (fn F) masses = 1 iters = 5 mflops = 2.612102e+03
 OK converged final_rsq= 0.01 (cf 0.016) rel = 1 (cf 0) restarts = 1 iters= 5
GFTIME:   time = 8.350110e-02 (Symanzik1) mflops = 4.221755e+03
FFTIME:  time = 2.782400e-01 (asqtad3) terms = 2 mflops = 3.593525e+03
CONGRAD5: time = 5.297184e-03 (fn F) masses = 1 iters = 5 mflops = 2.581417e+03
 OK converged final_rsq= 0.011 (cf 0.016) rel = 1 (cf 0) restarts = 1 iters= 5
CONGRAD5: time = 5.194902e-03 (fn F) masses = 1 iters = 5 mflops = 2.632242e+03
 OK converged final_rsq= 0.01 (cf 0.016) rel = 1 (cf 0) restarts = 1 iters= 5
GFTIME:   time = 8.362603e-02 (Symanzik1) mflops = 4.215448e+03
FFTIME:  time = 2.769990e-01 (asqtad3) terms = 2 mflops = 3.609624e+03
CONGRAD5: time = 5.383015e-03 (fn F) masses = 1 iters = 5 mflops = 2.540257e+03
 OK converged final_rsq= 0.0099 (cf 0.016) rel = 1 (cf 0) restarts = 1 iters= 5
CONGRAD5: time = 5.316973e-03 (fn F) masses = 1 iters = 5 mflops = 2.571809e+03
 OK converged final_rsq= 0.0095 (cf 0.016) rel = 1 (cf 0) restarts = 1 iters= 5
GFTIME:   time = 8.494091e-02 (Symanzik1) mflops = 4.150194e+03
FFTIME:  time = 2.839260e-01 (asqtad3) terms = 2 mflops = 3.521559e+03
PLAQ:	1.791285	1.791269
P_LOOP:	-6.432482e-03	-5.703914e-03
G_LOOP:  0  0  4   	1.790148e+00	( 0 1 7 6  )
G_LOOP:  0  1  4   	1.791518e+00	( 0 2 7 5  )
G_LOOP:  0  2  4   	1.792043e+00	( 0 3 7 4  )
G_LOOP:  0  3  4   	1.792188e+00	( 1 2 6 5  )
G_LOOP:  0  4  4   	1.790762e+00	( 1 3 6 4  )
G_LOOP:  0  5  4   	1.791001e+00	( 2 3 5 4  )
G_LOOP:  1  0  6   	1.019748e+00	( 0 0 1 7 7 6  )
G_LOOP:  1  1  6   	1.025132e+00	( 0 0 2 7 7 5  )
G_LOOP:  1  2  6   	1.023343e+00	( 0 0 3 7 7 4  )
G_LOOP:  1  3  6   	1.020574e+00	( 1 1 0 6 6 7  )
G_LOOP:  1  4  6   	1.021528e+00	( 1 1 2 6 6 5  )
G_LOOP:  1  5  6   	1.025131e+00	( 1 1 3 6 6 4  )
G_LOOP:  1  6  6   	1.026650e+00	( 2 2 0 5 5 7  )
G_LOOP:  1  7  6   	1.018998e+00	( 2 2 1 5 5 6  )
G_LOOP:  1  8  6   	1.019490e+00	( 2 2 3 5 5 4  )
G_LOOP:  1  9  6   	1.025211e+00	( 3 3 0 4 4 7  )
G_LOOP:  1  10  6   	1.026625e+00	( 3 3 1 4 4 6  )
G_LOOP:  1  11  6   	1.022026e+00	( 3 3 2 4 4 5  )
G_LOOP:  2  0  6   	1.057034e+00	( 0 1 2 7 6 5  )
G_LOOP:  2  1  6   	1.059629e+00	( 0 1 5 7 6 2  )
G_LOOP:  2  2  6   	1.056571e+00	( 0 6 2 7 1 5  )
G_LOOP:  2  3  6   	1.053607e+00	( 0 6 5 7 1 2  )
G_LOOP:  2  4  6   	1.063099e+00	( 0 1 3 7 6 4  )
G_LOOP:  2  5  6   	1.054479e+00	( 0 1 4 7 6 3  )
G_LOOP:  2  6  6   	1.050944e+00	( 0 6 3 7 1 4  )
G_LOOP:  2  7  6   	1.056895e+00	( 0 6 4 7 1 3  )
G_LOOP:  2  8  6   	1.054540e+00	( 0 2 3 7 5 4  )
G_LOOP:  2  9  6   	1.059955e+00	( 0 2 4 7 5 3  )
G_LOOP:  2  10  6   	1.063218e+00	( 0 5 3 7 2 4  )
G_LOOP:  2  11  6   	1.057845e+00	( 0 5 4 7 2 3  )
G_LOOP:  2  12  6   	1.060030e+00	( 1 2 3 6 5 4  )
G_LOOP:  2  13  6   	1.055929e+00	( 1 2 4 6 5 3  )
G_LOOP:  2  14  6   	1.056636e+00	( 1 5 3 6 2 4  )
G_LOOP:  2  15  6   	1.057973e+00	( 1 5 4 6 2 3  )
GACTION: 5.090137e+00
CONGRAD5: time = 5.303860e-03 (fn F) masses = 1 iters = 5 mflops = 2.578168e+03
 OK converged final_rsq= 0.0085 (cf 0.016) rel = 1 (cf 0) restarts = 1 iters= 5
CONGRAD5: time = 5.957842e-03 (fn F) masses = 1 iters = 6 mflops = 2.754200e+03
 OK converged final_rsq= 0.015 (cf 0.016) rel = 1 (cf 0) restarts = 1 iters= 6
PBP: mass 1.250000e-01     1.097814e-01  3.050916e-01  6.159745e-04  1.073530e-03 ( 1 of 1 )
FACTION: mass = 1.250000e-01,  1.454408e+00 ( 1 of 1 )
CONGRAD5: time = 5.201817e-03 (fn F) masses = 1 iters = 5 mflops = 2.628743e+03
 OK converged final_rsq= 0.0085 (cf 0.016) rel = 1 (cf 0) restarts = 1 iters= 5
CONGRAD5: time = 5.929947e-03 (fn F) masses = 1 iters = 6 mflops = 2.767156e+03
 OK converged final_rsq= 0.015 (cf 0.016) rel = 1 (cf 0) restarts = 1 iters= 6
PBP: mass 1.250000e-01     1.050922e-01  3.076434e-01  3.700241e-03  3.379920e-03 ( 1 of 1 )
FACTION: mass = 1.250000e-01,  1.453909e+00 ( 1 of 1 )
CONGRAD5: time = 5.453110e-03 (fn F) masses = 1 iters = 5 mflops = 2.507604e+03
 OK converged final_rsq= 0.01 (cf 0.016) rel = 1 (cf 0) restarts = 1 iters= 5
CONGRAD5: time = 5.331993e-03 (fn F) masses = 1 iters = 5 mflops = 2.564564e+03
 OK converged final_rsq= 0.0097 (cf 0.016) rel = 1 (cf 0) restarts = 1 iters= 5
GFTIME:   time = 8.492112e-02 (Symanzik1) mflops = 4.151161e+03
FFTIME:  time = 2.844400e-01 (asqtad3) terms = 2 mflops = 3.515195e+03
CONGRAD5: time = 5.406141e-03 (fn F) masses = 1 iters = 5 mflops = 2.529390e+03
 OK converged final_rsq= 0.012 (cf 0.016) rel = 1 (cf 0) restarts = 1 iters= 5
CONGRAD5: time = 5.310059e-03 (fn F) masses = 1 iters = 5 mflops = 2.575158e+03
 OK converged final_rsq= 0.011 (cf 0.016) rel = 1 (cf 0) restarts = 1 iters= 5
GFTIME:   time = 8.482504e-02 (Symanzik1) mflops = 4.155863e+03
FFTIME:  time = 2.833612e-01 (asqtad3) terms = 2 mflops = 3.528579e+03
CONGRAD5: time = 5.424976e-03 (fn F) masses = 1 iters = 5 mflops = 2.520608e+03
 OK converged final_rsq= 0.012 (cf 0.016) rel = 1 (cf 0) restarts = 1 iters= 5
CONGRAD5: time = 5.373001e-03 (fn F) masses = 1 iters = 5 mflops = 2.544991e+03
 OK converged final_rsq= 0.012 (cf 0.016) rel = 1 (cf 0) restarts = 1 iters= 5
GFTIME:   time = 8.482099e-02 (Symanzik1) mflops = 4.156061e+03
FFTIME:  time = 2.854369e-01 (asqtad3) terms = 2 mflops = 3.502919e+03
CONGRAD5: time = 5.410194e-03 (fn F) masses = 1 iters = 5 mflops = 2.527495e+03
 OK converged final_rsq= 0.012 (cf 0.016) rel = 1 (cf 0) restarts = 1 iters= 5
CONGRAD5: time = 5.270958e-03 (fn F) masses = 1 iters = 5 mflops = 2.594261e+03
 OK converged final_rsq= 0.012 (cf 0.016) rel = 1 (cf 0) restarts = 1 iters= 5
GFTIME:   time = 8.495808e-02 (Symanzik1) mflops = 4.149355e+03
FFTIME:  time = 2.832520e-01 (asqtad3) terms = 2 mflops = 3.529939e+03
CONGRAD5: time = 5.420923e-03 (fn F) masses = 1 iters = 5 mflops = 2.522493e+03
 OK converged final_rsq= 0.012 (cf 0.016) rel = 1 (cf 0) restarts = 1 iters= 5
CONGRAD5: time = 5.319834e-03 (fn F) masses = 1 iters = 5 mflops = 2.570426e+03
 OK converged final_rsq= 0.011 (cf 0.016) rel = 1 (cf 0) restarts = 1 iters= 5
GFTIME:   time = 8.481812e-02 (Symanzik1) mflops = 4.156201e+03
FFTIME:  time = 2.851169e-01 (asqtad3) terms = 2 mflops = 3.506850e+03
PLAQ:	1.644329	1.645266
P_LOOP:	-6.709792e-03	2.457538e-02
G_LOOP:  0  0  4   	1.645259e+00	( 0 1 7 6  )
G_LOOP:  0  1  4   	1.644887e+00	( 0 2 7 5  )
G_LOOP:  0  2  4   	1.648300e+00	( 0 3 7 4  )
G_LOOP:  0  3  4   	1.642841e+00	( 1 2 6 5  )
G_LOOP:  0  4  4   	1.643302e+00	( 1 3 6 4  )
G_LOOP:  0  5  4   	1.644196e+00	( 2 3 5 4  )
G_LOOP:  1  0  6   	8.570332e-01	( 0 0 1 7 7 6  )
G_LOOP:  1  1  6   	8.564349e-01	( 0 0 2 7 7 5  )
G_LOOP:  1  2  6   	8.575904e-01	( 0 0 3 7 7 4  )
G_LOOP:  1  3  6   	8.546200e-01	( 1 1 0 6 6 7  )
G_LOOP:  1  4  6   	8.518105e-01	( 1 1 2 6 6 5  )
G_LOOP:  1  5  6   	8.528352e-01	( 1 1 3 6 6 4  )
G_LOOP:  1  6  6   	8.522190e-01	( 2 2 0 5 5 7  )
G_LOOP:  1  7  6   	8.538568e-01	( 2 2 1 5 5 6  )
G_LOOP:  1  8  6   	8.539536e-01	( 2 2 3 5 5 4  )
G_LOOP:  1  9  6   	8.538749e-01	( 3 3 0 4 4 7  )
G_LOOP:  1  10  6   	8.509052e-01	( 3 3 1 4 4 6  )
G_LOOP:  1  11  6   	8.542319e-01	( 3 3 2 4 4 5  )
G_LOOP:  2  0  6   	8.757616e-01	( 0 1 2 7 6 5  )
G_LOOP:  2  1  6   	8.783519e-01	( 0 1 5 7 6 2  )
G_LOOP:  2  2  6   	8.732871e-01	( 0 6 2 7 1 5  )
G_LOOP:  2  3  6   	8.757185e-01	( 0 6 5 7 1 2  )
G_LOOP:  2  4  6   	8.808826e-01	( 0 1 3 7 6 4  )
G_LOOP:  2  5  6   	8.805856e-01	( 0 1 4 7 6 3  )
G_LOOP:  2  6  6   	8.736942e-01	( 0 6 3 7 1 4  )
G_LOOP:  2  7  6   	8.766187e-01	( 0 6 4 7 1 3  )
G_LOOP:  2  8  6   	8.765765e-01	( 0 2 3 7 5 4  )
G_LOOP:  2  9  6   	8.804759e-01	( 0 2 4 7 5 3  )
G_LOOP:  2  10  6   	8.758448e-01	( 0 5 3 7 2 4  )
G_LOOP:  2  11  6   	8.745625e-01	( 0 5 4 7 2 3  )
G_LOOP:  2  12  6   	8.722904e-01	( 1 2 3 6 5 4  )
G_LOOP:  2  13  6   	8.801306e-01	( 1 2 4 6 5 3  )
G_LOOP:  2  14  6   	8.763059e-01	( 1 5 3 6 2 4  )
G_LOOP:  2  15  6   	8.742140e-01	( 1 5 4 6 2 3  )
GACTION: 5.781983e+00
CONGRAD5: time = 5.235910e-03 (fn F) masses = 1 iters = 5 mflops = 2.611626e+03
 OK converged final_rsq= 0.01 (cf 0.016) rel = 1 (cf 0) restarts = 1 iters= 5
CONGRAD5: time = 6.614923e-03 (fn F) masses = 1 iters = 7 mflops = 2.894053e+03
 OK converged final_rsq= 0.0082 (cf 0.016) rel = 1 (cf 0) restarts = 1 iters= 7
PBP: mass 1.250000e-01     1.244008e-01  3.278295e-01  1.524636e-03  4.785546e-05 ( 1 of 1 )
FACTION: mass = 1.250000e-01,  1.429116e+00 ( 1 of 1 )
CONGRAD5: time = 5.247831e-03 (fn F) masses = 1 iters = 5 mflops = 2.605693e+03
 OK converged final_rsq= 0.01 (cf 0.016) rel = 1 (cf 0) restarts = 1 iters= 5
CONGRAD5: time = 6.572962e-03 (fn F) masses = 1 iters = 7 mflops = 2.912528e+03
 OK converged final_rsq= 0.0083 (cf 0.016) rel = 1 (cf 0) restarts = 1 iters= 7
PBP: mass 1.250000e-01     1.240261e-01  3.300110e-01  -6.302996e-04  -4.874612e-04 ( 1 of 1 )
FACTION: mass = 1.250000e-01,  1.440693e+00 ( 1 of 1 )
RUNNING COMPLETED
average cg iters for step= 1.100000e+01
Time = 1.103014e+01 seconds
total_iters = 552
Checksums eb39cb37 375da3b2
Saved gauge configuration in parallel to binary file lat_p64_size64_1
Time stamp Thu May 19 10:07:33 2022
Wrote info file lat_p64_size64_1.info
Time to save = 3.014803e-02
CHECK PLAQ: 1.644329e+00 1.645266e+00
CHECK NERSC LINKTR: 1.712149e-01 CKSUM: b2397a8b


warms 0
trajecs 4
traj_between_meas 1
beta 5.6
mass1 0.01
mass2 0.01
u0 0.8441
microcanonical_time_step 0.02
steps_per_trajectory 15
max_cg_iterations 300
max_cg_restarts 5
error_per_site 1e-05
error_for_propagator 1e-05
npbp_reps 1
prec_pbp 1
reload_parallel lat_p64_size64_1
save_parallel lat_p64_size64_2
Restored binary gauge configuration in parallel from file lat_p64_size64_1
Time stamp Thu May 19 10:07:33 2022
Checksums eb39cb37 375da3b2 OK
Time to reload gauge configuration = 1.820493e-02
CHECK PLAQ: 1.644329e+00 1.645266e+00
CHECK NERSC LINKTR: 1.712149e-01 CKSUM: b2397a8b
Unitarity checked.  Max deviation 2.98e-07
Time to check unitarity = 3.829002e-04
"O(a^2): couplings(pi)=0, Naik term, No O(a^2) errors, tadpole weights"
path coefficients: npath  path_coeff  multiplicity
                    0      6.250000e-01     8
                    1      -5.847914e-02     8
                    2      -8.771871e-02     48
                    3      3.077829e-02     192
                    4      -7.199551e-03     384
                    5      -1.231132e-01     48
Symanzik 1x1 + 1x2 + 1x1x1 action
gauge_action: total_dyn_flavors = 3
loop coefficients: nloop rep loop_coeff  multiplicity
                    0 0      1.000000e+00     6
                    1 0      -7.762509e-02     12
                    2 0      -1.031171e-02     16
WARMUPS COMPLETED
CONGRAD5: time = 4.129131e-01 (fn F) masses = 1 iters = 602 mflops = 3.987228e+03
 OK converged final_rsq= 8.7e-11 (cf 1e-10) rel = 1 (cf 0) restarts = 3 iters= 602
CONGRAD5: time = 4.121819e-01 (fn F) masses = 1 iters = 602 mflops = 3.994301e+03
 OK converged final_rsq= 5.9e-11 (cf 1e-10) rel = 1 (cf 0) restarts = 3 iters= 602
GFTIME:   time = 8.450294e-02 (Symanzik1) mflops = 4.171704e+03
FFTIME:  time = 2.870209e-01 (asqtad3) terms = 2 mflops = 3.483587e+03
CONGRAD5: time = 4.776251e-01 (fn F) masses = 1 iters = 697 mflops = 3.990973e+03
 OK converged final_rsq= 1e-10 (cf 1e-10) rel = 1 (cf 0) restarts = 3 iters= 697
CONGRAD5: time = 4.122221e-01 (fn F) masses = 1 iters = 602 mflops = 3.993911e+03
 OK converged final_rsq= 8.1e-11 (cf 1e-10) rel = 1 (cf 0) restarts = 3 iters= 602
GFTIME:   time = 8.441591e-02 (Symanzik1) mflops = 4.176004e+03
FFTIME:  time = 2.847931e-01 (asqtad3) terms = 2 mflops = 3.510837e+03
CONGRAD5: time = 4.781680e-01 (fn F) masses = 1 iters = 696 mflops = 3.980723e+03
 OK converged final_rsq= 9.8e-11 (cf 1e-10) rel = 1 (cf 0) restarts = 3 iters= 696
CONGRAD5: time = 4.126210e-01 (fn F) masses = 1 iters = 602 mflops = 3.990050e+03
 OK converged final_rsq= 4.9e-11 (cf 1e-10) rel = 1 (cf 0) restarts = 3 iters= 602
GFTIME:   time = 8.434081e-02 (Symanzik1) mflops = 4.179723e+03
FFTIME:  time = 2.840610e-01 (asqtad3) terms = 2 mflops = 3.519886e+03
CONGRAD5: time = 5.047960e-01 (fn F) masses = 1 iters = 736 mflops = 3.987448e+03
 OK converged final_rsq= 5e-11 (cf 1e-10) rel = 1 (cf 0) restarts = 4 iters= 736
CONGRAD5: time = 4.117901e-01 (fn F) masses = 1 iters = 602 mflops = 3.998101e+03
 OK converged final_rsq= 6.1e-11 (cf 1e-10) rel = 1 (cf 0) restarts = 3 iters= 602
GFTIME:   time = 8.468413e-02 (Symanzik1) mflops = 4.162778e+03
FFTIME:  time = 2.875922e-01 (asqtad3) terms = 2 mflops = 3.476667e+03
CONGRAD5: time = 4.884698e-01 (fn F) masses = 1 iters = 712 mflops = 3.986350e+03
 OK converged final_rsq= 9.9e-11 (cf 1e-10) rel = 1 (cf 0) restarts = 3 iters= 712
CONGRAD5: time = 4.123521e-01 (fn F) masses = 1 iters = 602 mflops = 3.992652e+03
 OK converged final_rsq= 4.4e-11 (cf 1e-10) rel = 1 (cf 0) restarts = 3 iters= 602
GFTIME:   time = 8.449697e-02 (Symanzik1) mflops = 4.171998e+03
FFTIME:  time = 2.838042e-01 (asqtad3) terms = 2 mflops = 3.523071e+03
CONGRAD5: time = 4.951091e-01 (fn F) masses = 1 iters = 723 mflops = 3.993655e+03
 OK converged final_rsq= 9.9e-11 (cf 1e-10) rel = 1 (cf 0) restarts = 3 iters= 723
CONGRAD5: time = 4.750390e-01 (fn F) masses = 1 iters = 694 mflops = 3.995429e+03
 OK converged final_rsq= 9.9e-11 (cf 1e-10) rel = 1 (cf 0) restarts = 3 iters= 694
GFTIME:   time = 8.486795e-02 (Symanzik1) mflops = 4.153761e+03
FFTIME:  time = 2.834640e-01 (asqtad3) terms = 2 mflops = 3.527300e+03
CONGRAD5: time = 4.808061e-01 (fn F) masses = 1 iters = 702 mflops = 3.993009e+03
 OK converged final_rsq= 9.9e-11 (cf 1e-10) rel = 1 (cf 0) restarts = 3 iters= 702
CONGRAD5: time = 4.731500e-01 (fn F) masses = 1 iters = 691 mflops = 3.994040e+03
 OK converged final_rsq= 9.9e-11 (cf 1e-10) rel = 1 (cf 0) restarts = 3 iters= 691
GFTIME:   time = 8.456492e-02 (Symanzik1) mflops = 4.168646e+03
FFTIME:  time = 2.832351e-01 (asqtad3) terms = 2 mflops = 3.530150e+03
CONGRAD5: time = 5.132959e-01 (fn F) masses = 1 iters = 747 mflops = 3.980027e+03
 OK converged final_rsq= 5e-11 (cf 1e-10) rel = 1 (cf 0) restarts = 4 iters= 747
CONGRAD5: time = 4.783840e-01 (fn F) masses = 1 iters = 698 mflops = 3.990359e+03
 OK converged final_rsq= 9.9e-11 (cf 1e-10) rel = 1 (cf 0) restarts = 3 iters= 698
GFTIME:   time = 8.411193e-02 (Symanzik1) mflops = 4.191097e+03
FFTIME:  time = 2.850111e-01 (asqtad3) terms = 2 mflops = 3.508153e+03
CONGRAD5: time = 4.132361e-01 (fn F) masses = 1 iters = 602 mflops = 3.984111e+03
 OK converged final_rsq= 6.1e-11 (cf 1e-10) rel = 1 (cf 0) restarts = 3 iters= 602
CONGRAD5: time = 4.122639e-01 (fn F) masses = 1 iters = 602 mflops = 3.993507e+03
 OK converged final_rsq= 8.1e-11 (cf 1e-10) rel = 1 (cf 0) restarts = 3 iters= 602
GFTIME:   time = 8.410501e-02 (Symanzik1) mflops = 4.191441e+03
FFTIME:  time = 2.836599e-01 (asqtad3) terms = 2 mflops = 3.524863e+03
CONGRAD5: time = 5.015092e-01 (fn F) masses = 1 iters = 733 mflops = 3.997222e+03
 OK converged final_rsq= 1e-10 (cf 1e-10) rel = 1 (cf 0) restarts = 3 iters= 733
CONGRAD5: time = 4.707298e-01 (fn F) masses = 1 iters = 687 mflops = 3.991335e+03
 OK converged final_rsq= 5e-11 (cf 1e-10) rel = 1 (cf 0) restarts = 4 iters= 687
GFTIME:   time = 8.407187e-02 (Symanzik1) mflops = 4.193093e+03
FFTIME:  time = 2.841589e-01 (asqtad3) terms = 2 mflops = 3.518673e+03
CONGRAD5: time = 4.819992e-01 (fn F) masses = 1 iters = 702 mflops = 3.983126e+03
 OK converged final_rsq= 1e-10 (cf 1e-10) rel = 1 (cf 0) restarts = 3 iters= 702
CONGRAD5: time = 4.891241e-01 (fn F) masses = 1 iters = 714 mflops = 3.992201e+03
 OK converged final_rsq= 9.9e-11 (cf 1e-10) rel = 1 (cf 0) restarts = 3 iters= 714
GFTIME:   time = 8.453202e-02 (Symanzik1) mflops = 4.170268e+03
FFTIME:  time = 2.826471e-01 (asqtad3) terms = 2 mflops = 3.537493e+03
CONGRAD5: time = 5.053079e-01 (fn F) masses = 1 iters = 736 mflops = 3.983409e+03
 OK converged final_rsq= 5e-11 (cf 1e-10) rel = 1 (cf 0) restarts = 4 iters= 736
CONGRAD5: time = 4.734712e-01 (fn F) masses = 1 iters = 691 mflops = 3.991331e+03
 OK converged final_rsq= 1e-10 (cf 1e-10) rel = 1 (cf 0) restarts = 3 iters= 691
GFTIME:   time = 8.426309e-02 (Symanzik1) mflops = 4.183578e+03
FFTIME:  time = 2.855968e-01 (asqtad3) terms = 2 mflops = 3.500957e+03
CONGRAD5: time = 4.128950e-01 (fn F) masses = 1 iters = 602 mflops = 3.987403e+03
 OK converged final_rsq= 5.9e-11 (cf 1e-10) rel = 1 (cf 0) restarts = 3 iters= 602
CONGRAD5: time = 4.823110e-01 (fn F) masses = 1 iters = 704 mflops = 3.991891e+03
 OK converged final_rsq= 9.9e-11 (cf 1e-10) rel = 1 (cf 0) restarts = 3 iters= 704
GFTIME:   time = 8.453798e-02 (Symanzik1) mflops = 4.169974e+03
FFTIME:  time = 2.989490e-01 (asqtad3) terms = 2 mflops = 3.344591e+03
CONGRAD5: time = 4.950721e-01 (fn F) masses = 1 iters = 722 mflops = 3.988429e+03
 OK converged final_rsq= 1e-10 (cf 1e-10) rel = 1 (cf 0) restarts = 3 iters= 722
CONGRAD5: time = 4.883151e-01 (fn F) masses = 1 iters = 714 mflops = 3.998814e+03
 OK converged final_rsq= 9.9e-11 (cf 1e-10) rel = 1 (cf 0) restarts = 3 iters= 714
GFTIME:   time = 8.410501e-02 (Symanzik1) mflops = 4.191441e+03
FFTIME:  time = 2.852621e-01 (asqtad3) terms = 2 mflops = 3.505065e+03
CONGRAD5: time = 5.040879e-01 (fn F) masses = 1 iters = 734 mflops = 3.982199e+03
 OK converged final_rsq= 5e-11 (cf 1e-10) rel = 1 (cf 0) restarts = 4 iters= 734
CONGRAD5: time = 4.991879e-01 (fn F) masses = 1 iters = 730 mflops = 3.999373e+03
 OK converged final_rsq= 5e-11 (cf 1e-10) rel = 1 (cf 0) restarts = 4 iters= 730
GFTIME:   time = 8.428907e-02 (Symanzik1) mflops = 4.182288e+03
FFTIME:  time = 2.852530e-01 (asqtad3) terms = 2 mflops = 3.505176e+03
PLAQ:	1.539774	1.537947
P_LOOP:	2.137525e-02	-1.868548e-03
G_LOOP:  0  0  4   	1.540746e+00	( 0 1 7 6  )
G_LOOP:  0  1  4   	1.540140e+00	( 0 2 7 5  )
G_LOOP:  0  2  4   	1.541719e+00	( 0 3 7 4  )
G_LOOP:  0  3  4   	1.538434e+00	( 1 2 6 5  )
G_LOOP:  0  4  4   	1.537550e+00	( 1 3 6 4  )
G_LOOP:  0  5  4   	1.534573e+00	( 2 3 5 4  )
G_LOOP:  1  0  6   	7.790819e-01	( 0 0 1 7 7 6  )
G_LOOP:  1  1  6   	7.799391e-01	( 0 0 2 7 7 5  )
G_LOOP:  1  2  6   	7.791043e-01	( 0 0 3 7 7 4  )
G_LOOP:  1  3  6   	7.764447e-01	( 1 1 0 6 6 7  )
G_LOOP:  1  4  6   	7.782270e-01	( 1 1 2 6 6 5  )
G_LOOP:  1  5  6   	7.747586e-01	( 1 1 3 6 6 4  )
G_LOOP:  1  6  6   	7.836418e-01	( 2 2 0 5 5 7  )
G_LOOP:  1  7  6   	7.799032e-01	( 2 2 1 5 5 6  )
G_LOOP:  1  8  6   	7.734723e-01	( 2 2 3 5 5 4  )
G_LOOP:  1  9  6   	7.777085e-01	( 3 3 0 4 4 7  )
G_LOOP:  1  10  6   	7.756252e-01	( 3 3 1 4 4 6  )
G_LOOP:  1  11  6   	7.764703e-01	( 3 3 2 4 4 5  )
G_LOOP:  2  0  6   	7.994985e-01	( 0 1 2 7 6 5  )
G_LOOP:  2  1  6   	7.979915e-01	( 0 1 5 7 6 2  )
G_LOOP:  2  2  6   	7.953705e-01	( 0 6 2 7 1 5  )
G_LOOP:  2  3  6   	8.003053e-01	( 0 6 5 7 1 2  )
G_LOOP:  2  4  6   	8.009586e-01	( 0 1 3 7 6 4  )
G_LOOP:  2  5  6   	7.984360e-01	( 0 1 4 7 6 3  )
G_LOOP:  2  6  6   	7.979490e-01	( 0 6 3 7 1 4  )
G_LOOP:  2  7  6   	7.995333e-01	( 0 6 4 7 1 3  )
G_LOOP:  2  8  6   	7.957329e-01	( 0 2 3 7 5 4  )
G_LOOP:  2  9  6   	7.977878e-01	( 0 2 4 7 5 3  )
G_LOOP:  2  10  6   	7.963617e-01	( 0 5 3 7 2 4  )
G_LOOP:  2  11  6   	7.972991e-01	( 0 5 4 7 2 3  )
G_LOOP:  2  12  6   	7.945366e-01	( 1 2 3 6 5 4  )
G_LOOP:  2  13  6   	8.011747e-01	( 1 2 4 6 5 3  )
G_LOOP:  2  14  6   	7.986753e-01	( 1 5 3 6 2 4  )
G_LOOP:  2  15  6   	7.990682e-01	( 1 5 4 6 2 3  )
GACTION: 6.333642e+00
CONGRAD5: time = 4.848261e-01 (fn F) masses = 1 iters = 710 mflops = 4.005028e+03
 OK converged final_rsq= 9.9e-11 (cf 1e-10) rel = 1 (cf 0) restarts = 3 iters= 710
CONGRAD5: time = 5.545998e-02 (fn F) masses = 1 iters = 79 mflops = 3.895656e+03
 OK converged final_rsq= 9.7e-11 (cf 1e-10) rel = 1 (cf 0) restarts = 1 iters= 79
PBP: mass 1.000000e-02     5.439549e-02  3.149370e-02  7.460282e-03  7.456457e-03 ( 1 of 1 )
FACTION: mass = 1.000000e-02,  1.500299e+00 ( 1 of 1 )
CONGRAD5: time = 4.803741e-01 (fn F) masses = 1 iters = 701 mflops = 3.990907e+03
 OK converged final_rsq= 5e-11 (cf 1e-10) rel = 1 (cf 0) restarts = 4 iters= 701
CONGRAD5: time = 5.150795e-02 (fn F) masses = 1 iters = 73 mflops = 3.875982e+03
 OK converged final_rsq= 9.9e-11 (cf 1e-10) rel = 1 (cf 0) restarts = 1 iters= 73
PBP: mass 1.000000e-02     5.045901e-02  4.403169e-02  -3.122000e-03  -3.124954e-03 ( 1 of 1 )
FACTION: mass = 1.000000e-02,  1.498603e+00 ( 1 of 1 )
CONGRAD5: time = 4.951541e-01 (fn F) masses = 1 iters = 724 mflops = 3.998815e+03
 OK converged final_rsq= 9.8e-11 (cf 1e-10) rel = 1 (cf 0) restarts = 3 iters= 724
CONGRAD5: time = 4.681430e-01 (fn F) masses = 1 iters = 685 mflops = 4.001707e+03
 OK converged final_rsq= 9.8e-11 (cf 1e-10) rel = 1 (cf 0) restarts = 3 iters= 685
GFTIME:   time = 8.389497e-02 (Symanzik1) mflops = 4.201935e+03
FFTIME:  time = 2.845340e-01 (asqtad3) terms = 2 mflops = 3.514035e+03
CONGRAD5: time = 5.117130e-01 (fn F) masses = 1 iters = 746 mflops = 3.986994e+03
 OK converged final_rsq= 5e-11 (cf 1e-10) rel = 1 (cf 0) restarts = 4 iters= 746
CONGRAD5: time = 4.122689e-01 (fn F) masses = 1 iters = 602 mflops = 3.993458e+03
 OK converged final_rsq= 7.6e-11 (cf 1e-10) rel = 1 (cf 0) restarts = 3 iters= 602
GFTIME:   time = 8.459806e-02 (Symanzik1) mflops = 4.167013e+03
FFTIME:  time = 2.841959e-01 (asqtad3) terms = 2 mflops = 3.518215e+03
CONGRAD5: time = 5.002310e-01 (fn F) masses = 1 iters = 729 mflops = 3.985567e+03
 OK converged final_rsq= 5e-11 (cf 1e-10) rel = 1 (cf 0) restarts = 4 iters= 729
CONGRAD5: time = 4.883142e-01 (fn F) masses = 1 iters = 711 mflops = 3.982020e+03
 OK converged final_rsq= 5e-11 (cf 1e-10) rel = 1 (cf 0) restarts = 4 iters= 711
GFTIME:   time = 8.363605e-02 (Symanzik1) mflops = 4.214944e+03
FFTIME:  time = 2.843249e-01 (asqtad3) terms = 2 mflops = 3.516619e+03
CONGRAD5: time = 4.793830e-01 (fn F) masses = 1 iters = 699 mflops = 3.987748e+03
 OK converged final_rsq= 5e-11 (cf 1e-10) rel = 1 (cf 0) restarts = 4 iters= 699
CONGRAD5: time = 4.911392e-01 (fn F) masses = 1 iters = 719 mflops = 4.003663e+03
 OK converged final_rsq= 1e-10 (cf 1e-10) rel = 1 (cf 0) restarts = 3 iters= 719
GFTIME:   time = 8.445311e-02 (Symanzik1) mflops = 4.174165e+03
FFTIME:  time = 2.863860e-01 (asqtad3) terms = 2 mflops = 3.491310e+03
CONGRAD5: time = 5.020418e-01 (fn F) masses = 1 iters = 731 mflops = 3.982086e+03
 OK converged final_rsq= 1e-10 (cf 1e-10) rel = 1 (cf 0) restarts = 3 iters= 731
CONGRAD5: time = 4.686599e-01 (fn F) masses = 1 iters = 683 mflops = 3.985622e+03
 OK converged final_rsq= 5e-11 (cf 1e-10) rel = 1 (cf 0) restarts = 4 iters= 683
GFTIME:   time = 8.506799e-02 (Symanzik1) mflops = 4.143994e+03
FFTIME:  time = 2.832031e-01 (asqtad3) terms = 2 mflops = 3.530548e+03
CONGRAD5: time = 5.303080e-01 (fn F) masses = 1 iters = 771 mflops = 3.976119e+03
 OK converged final_rsq= 5e-11 (cf 1e-10) rel = 1 (cf 0) restarts = 4 iters= 771
CONGRAD5: time = 4.872122e-01 (fn F) masses = 1 iters = 712 mflops = 3.996640e+03
 OK converged final_rsq= 1e-10 (cf 1e-10) rel = 1 (cf 0) restarts = 3 iters= 712
GFTIME:   time = 8.413601e-02 (Symanzik1) mflops = 4.189897e+03
FFTIME:  time = 2.839611e-01 (asqtad3) terms = 2 mflops = 3.521125e+03
CONGRAD5: time = 4.894600e-01 (fn F) masses = 1 iters = 714 mflops = 3.989461e+03
 OK converged final_rsq= 5e-11 (cf 1e-10) rel = 1 (cf 0) restarts = 4 iters= 714
CONGRAD5: time = 4.118040e-01 (fn F) masses = 1 iters = 602 mflops = 3.997967e+03
 OK converged final_rsq= 7.4e-11 (cf 1e-10) rel = 1 (cf 0) restarts = 3 iters= 602
GFTIME:   time = 8.399296e-02 (Symanzik1) mflops = 4.197033e+03
FFTIME:  time = 2.856688e-01 (asqtad3) terms = 2 mflops = 3.500075e+03
CONGRAD5: time = 5.029609e-01 (fn F) masses = 1 iters = 735 mflops = 3.996560e+03
 OK converged final_rsq= 9.8e-11 (cf 1e-10) rel = 1 (cf 0) restarts = 3 iters= 735
CONGRAD5: time = 4.836509e-01 (fn F) masses = 1 iters = 706 mflops = 3.992141e+03
 OK converged final_rsq= 5e-11 (cf 1e-10) rel = 1 (cf 0) restarts = 4 iters= 706
GFTIME:   time = 8.415508e-02 (Symanzik1) mflops = 4.188947e+03
FFTIME:  time = 2.835078e-01 (asqtad3) terms = 2 mflops = 3.526754e+03
CONGRAD5: time = 4.942901e-01 (fn F) masses = 1 iters = 721 mflops = 3.989207e+03
 OK converged final_rsq= 5e-11 (cf 1e-10) rel = 1 (cf 0) restarts = 4 iters= 721
CONGRAD5: time = 5.109401e-01 (fn F) masses = 1 iters = 747 mflops = 3.998378e+03
 OK converged final_rsq= 5e-11 (cf 1e-10) rel = 1 (cf 0) restarts = 4 iters= 747
GFTIME:   time = 8.411312e-02 (Symanzik1) mflops = 4.191037e+03
FFTIME:  time = 2.836950e-01 (asqtad3) terms = 2 mflops = 3.524427e+03
CONGRAD5: time = 5.067408e-01 (fn F) masses = 1 iters = 739 mflops = 3.988336e+03
 OK converged final_rsq= 5e-11 (cf 1e-10) rel = 1 (cf 0) restarts = 4 iters= 739
CONGRAD5: time = 4.703209e-01 (fn F) masses = 1 iters = 688 mflops = 4.000620e+03
 OK converged final_rsq= 9.9e-11 (cf 1e-10) rel = 1 (cf 0) restarts = 3 iters= 688
GFTIME:   time = 8.379078e-02 (Symanzik1) mflops = 4.207160e+03
FFTIME:  time = 2.848899e-01 (asqtad3) terms = 2 mflops = 3.509644e+03
CONGRAD5: time = 5.102830e-01 (fn F) masses = 1 iters = 745 mflops = 3.992807e+03
 OK converged final_rsq= 5e-11 (cf 1e-10) rel = 1 (cf 0) restarts = 4 iters= 745
CONGRAD5: time = 4.910381e-01 (fn F) masses = 1 iters = 716 mflops = 3.987779e+03
 OK converged final_rsq= 1e-10 (cf 1e-10) rel = 1 (cf 0) restarts = 3 iters= 716
GFTIME:   time = 8.433795e-02 (Symanzik1) mflops = 4.179865e+03
FFTIME:  time = 2.849779e-01 (asqtad3) terms = 2 mflops = 3.508561e+03
CONGRAD5: time = 5.291650e-01 (fn F) masses = 1 iters = 772 mflops = 3.989876e+03
 OK converged final_rsq= 5e-11 (cf 1e-10) rel = 1 (cf 0) restarts = 4 iters= 772
CONGRAD5: time = 5.012681e-01 (fn F) masses = 1 iters = 733 mflops = 3.999144e+03
 OK converged final_rsq= 5e-11 (cf 1e-10) rel = 1 (cf 0) restarts = 4 iters= 733
GFTIME:   time = 8.388996e-02 (Symanzik1) mflops = 4.202186e+03
FFTIME:  time = 2.828810e-01 (asqtad3) terms = 2 mflops = 3.534568e+03
CONGRAD5: time = 4.940300e-01 (fn F) masses = 1 iters = 721 mflops = 3.991307e+03
 OK converged final_rsq= 5e-11 (cf 1e-10) rel = 1 (cf 0) restarts = 4 iters= 721
CONGRAD5: time = 4.954062e-01 (fn F) masses = 1 iters = 724 mflops = 3.996781e+03
 OK converged final_rsq= 5e-11 (cf 1e-10) rel = 1 (cf 0) restarts = 4 iters= 724
GFTIME:   time = 8.408904e-02 (Symanzik1) mflops = 4.192237e+03
FFTIME:  time = 2.939951e-01 (asqtad3) terms = 2 mflops = 3.400948e+03
CONGRAD5: time = 5.210700e-01 (fn F) masses = 1 iters = 759 mflops = 3.983629e+03
 OK converged final_rsq= 5e-11 (cf 1e-10) rel = 1 (cf 0) restarts = 4 iters= 759
CONGRAD5: time = 4.969471e-01 (fn F) masses = 1 iters = 727 mflops = 4.000898e+03
 OK converged final_rsq= 1e-10 (cf 1e-10) rel = 1 (cf 0) restarts = 3 iters= 727
GFTIME:   time = 8.437610e-02 (Symanzik1) mflops = 4.177975e+03
FFTIME:  time = 2.837870e-01 (asqtad3) terms = 2 mflops = 3.523284e+03
CONGRAD5: time = 5.170820e-01 (fn F) masses = 1 iters = 754 mflops = 3.987908e+03
 OK converged final_rsq= 4.9e-11 (cf 1e-10) rel = 1 (cf 0) restarts = 4 iters= 754
CONGRAD5: time = 4.126139e-01 (fn F) masses = 1 iters = 602 mflops = 3.990119e+03
 OK converged final_rsq= 9.2e-11 (cf 1e-10) rel = 1 (cf 0) restarts = 3 iters= 602
GFTIME:   time = 8.481383e-02 (Symanzik1) mflops = 4.156412e+03
FFTIME:  time = 2.837610e-01 (asqtad3) terms = 2 mflops = 3.523607e+03
PLAQ:	1.497626	1.498130
P_LOOP:	1.991909e-02	-1.379642e-02
G_LOOP:  0  0  4   	1.497047e+00	( 0 1 7 6  )
G_LOOP:  0  1  4   	1.498616e+00	( 0 2 7 5  )
G_LOOP:  0  2  4   	1.498145e+00	( 0 3 7 4  )
G_LOOP:  0  3  4   	1.497214e+00	( 1 2 6 5  )
G_LOOP:  0  4  4   	1.496954e+00	( 1 3 6 4  )
G_LOOP:  0  5  4   	1.499291e+00	( 2 3 5 4  )
G_LOOP:  1  0  6   	7.398073e-01	( 0 0 1 7 7 6  )
G_LOOP:  1  1  6   	7.422374e-01	( 0 0 2 7 7 5  )
G_LOOP:  1  2  6   	7.394495e-01	( 0 0 3 7 7 4  )
G_LOOP:  1  3  6   	7.382840e-01	( 1 1 0 6 6 7  )
G_LOOP:  1  4  6   	7.365532e-01	( 1 1 2 6 6 5  )
G_LOOP:  1  5  6   	7.371902e-01	( 1 1 3 6 6 4  )
G_LOOP:  1  6  6   	7.456752e-01	( 2 2 0 5 5 7  )
G_LOOP:  1  7  6   	7.428936e-01	( 2 2 1 5 5 6  )
G_LOOP:  1  8  6   	7.390187e-01	( 2 2 3 5 5 4  )
G_LOOP:  1  9  6   	7.398111e-01	( 3 3 0 4 4 7  )
G_LOOP:  1  10  6   	7.389642e-01	( 3 3 1 4 4 6  )
G_LOOP:  1  11  6   	7.400356e-01	( 3 3 2 4 4 5  )
G_LOOP:  2  0  6   	7.607733e-01	( 0 1 2 7 6 5  )
G_LOOP:  2  1  6   	7.581736e-01	( 0 1 5 7 6 2  )
G_LOOP:  2  2  6   	7.537819e-01	( 0 6 2 7 1 5  )
G_LOOP:  2  3  6   	7.623529e-01	( 0 6 5 7 1 2  )
G_LOOP:  2  4  6   	7.597389e-01	( 0 1 3 7 6 4  )
G_LOOP:  2  5  6   	7.537096e-01	( 0 1 4 7 6 3  )
G_LOOP:  2  6  6   	7.572606e-01	( 0 6 3 7 1 4  )
G_LOOP:  2  7  6   	7.594713e-01	( 0 6 4 7 1 3  )
G_LOOP:  2  8  6   	7.558015e-01	( 0 2 3 7 5 4  )
G_LOOP:  2  9  6   	7.618569e-01	( 0 2 4 7 5 3  )
G_LOOP:  2  10  6   	7.589309e-01	( 0 5 3 7 2 4  )
G_LOOP:  2  11  6   	7.602545e-01	( 0 5 4 7 2 3  )
G_LOOP:  2  12  6   	7.595571e-01	( 1 2 3 6 5 4  )
G_LOOP:  2  13  6   	7.632494e-01	( 1 2 4 6 5 3  )
G_LOOP:  2  14  6   	7.579410e-01	( 1 5 3 6 2 4  )
G_LOOP:  2  15  6   	7.601606e-01	( 1 5 4 6 2 3  )
GACTION: 6.537787e+00
CONGRAD5: time = 4.126089e-01 (fn F) masses = 1 iters = 602 mflops = 3.990168e+03
 OK converged final_rsq= 1e-10 (cf 1e-10) rel = 1 (cf 0) restarts = 3 iters= 602
CONGRAD5: time = 9.317803e-02 (fn F) masses = 1 iters = 133 mflops = 3.903654e+03
 OK converged final_rsq= 5e-11 (cf 1e-10) rel = 1 (cf 0) restarts = 2 iters= 133
PBP: mass 1.000000e-02     4.180596e-02  5.650046e-02  6.282065e-03  6.257703e-03 ( 1 of 1 )
FACTION: mass = 1.000000e-02,  1.499623e+00 ( 1 of 1 )
CONGRAD5: time = 4.865489e-01 (fn F) masses = 1 iters = 709 mflops = 3.985226e+03
 OK converged final_rsq= 5e-11 (cf 1e-10) rel = 1 (cf 0) restarts = 4 iters= 709
CONGRAD5: time = 5.306792e-02 (fn F) masses = 1 iters = 75 mflops = 3.865115e+03
 OK converged final_rsq= 1e-10 (cf 1e-10) rel = 1 (cf 0) restarts = 1 iters= 75
PBP: mass 1.000000e-02     4.935784e-02  4.621076e-02  -8.936203e-03  -8.936002e-03 ( 1 of 1 )
FACTION: mass = 1.000000e-02,  1.495237e+00 ( 1 of 1 )
CONGRAD5: time = 5.214691e-01 (fn F) masses = 1 iters = 758 mflops = 3.975336e+03
 OK converged final_rsq= 5e-11 (cf 1e-10) rel = 1 (cf 0) restarts = 4 iters= 758
CONGRAD5: time = 5.032711e-01 (fn F) masses = 1 iters = 735 mflops = 3.994096e+03
 OK converged final_rsq= 1e-10 (cf 1e-10) rel = 1 (cf 0) restarts = 3 iters= 735
GFTIME:   time = 8.464479e-02 (Symanzik1) mflops = 4.164712e+03
FFTIME:  time = 2.834589e-01 (asqtad3) terms = 2 mflops = 3.527362e+03
CONGRAD5: time = 5.202298e-01 (fn F) masses = 1 iters = 759 mflops = 3.990063e+03
 OK converged final_rsq= 9.9e-11 (cf 1e-10) rel = 1 (cf 0) restarts = 3 iters= 759
CONGRAD5: time = 4.752059e-01 (fn F) masses = 1 iters = 693 mflops = 3.988270e+03
 OK converged final_rsq= 9.9e-11 (cf 1e-10) rel = 1 (cf 0) restarts = 3 iters= 693
GFTIME:   time = 8.445597e-02 (Symanzik1) mflops = 4.174024e+03
FFTIME:  time = 2.854519e-01 (asqtad3) terms = 2 mflops = 3.502735e+03
CONGRAD5: time = 5.322990e-01 (fn F) masses = 1 iters = 777 mflops = 3.992073e+03
 OK converged final_rsq= 1e-10 (cf 1e-10) rel = 1 (cf 0) restarts = 3 iters= 777
CONGRAD5: time = 4.928751e-01 (fn F) masses = 1 iters = 715 mflops = 3.967367e+03
 OK converged final_rsq= 1e-10 (cf 1e-10) rel = 1 (cf 0) restarts = 3 iters= 715
GFTIME:   time = 8.454204e-02 (Symanzik1) mflops = 4.169774e+03
FFTIME:  time = 2.841680e-01 (asqtad3) terms = 2 mflops = 3.518560e+03
CONGRAD5: time = 5.177231e-01 (fn F) masses = 1 iters = 755 mflops = 3.988252e+03
 OK converged final_rsq= 4.9e-11 (cf 1e-10) rel = 1 (cf 0) restarts = 4 iters= 755
CONGRAD5: time = 4.848411e-01 (fn F) masses = 1 iters = 709 mflops = 3.999263e+03
 OK converged final_rsq= 9.9e-11 (cf 1e-10) rel = 1 (cf 0) restarts = 3 iters= 709
GFTIME:   time = 8.428788e-02 (Symanzik1) mflops = 4.182348e+03
FFTIME:  time = 2.855811e-01 (asqtad3) terms = 2 mflops = 3.501150e+03
CONGRAD5: time = 5.284152e-01 (fn F) masses = 1 iters = 769 mflops = 3.980011e+03
 OK converged final_rsq= 5e-11 (cf 1e-10) rel = 1 (cf 0) restarts = 4 iters= 769
CONGRAD5: time = 5.053098e-01 (fn F) masses = 1 iters = 737 mflops = 3.988806e+03
 OK converged final_rsq= 1e-10 (cf 1e-10) rel = 1 (cf 0) restarts = 3 iters= 737
GFTIME:   time = 8.403802e-02 (Symanzik1) mflops = 4.194783e+03
FFTIME:  time = 2.850158e-01 (asqtad3) terms = 2 mflops = 3.508094e+03
CONGRAD5: time = 5.142219e-01 (fn F) masses = 1 iters = 749 mflops = 3.983496e+03
 OK converged final_rsq= 1e-10 (cf 1e-10) rel = 1 (cf 0) restarts = 3 iters= 749
CONGRAD5: time = 5.151880e-01 (fn F) masses = 1 iters = 752 mflops = 3.991952e+03
 OK converged final_rsq= 5e-11 (cf 1e-10) rel = 1 (cf 0) restarts = 4 iters= 752
GFTIME:   time = 8.415604e-02 (Symanzik1) mflops = 4.188900e+03
FFTIME:  time = 2.854481e-01 (asqtad3) terms = 2 mflops = 3.502782e+03
CONGRAD5: time = 5.217061e-01 (fn F) masses = 1 iters = 761 mflops = 3.989256e+03
 OK converged final_rsq= 5e-11 (cf 1e-10) rel = 1 (cf 0) restarts = 4 iters= 761
CONGRAD5: time = 5.002010e-01 (fn F) masses = 1 iters = 731 mflops = 3.996741e+03
 OK converged final_rsq= 1e-10 (cf 1e-10) rel = 1 (cf 0) restarts = 3 iters= 731
GFTIME:   time = 8.371806e-02 (Symanzik1) mflops = 4.210814e+03
FFTIME:  time = 2.845790e-01 (asqtad3) terms = 2 mflops = 3.513478e+03
CONGRAD5: time = 5.153849e-01 (fn F) masses = 1 iters = 750 mflops = 3.979814e+03
 OK converged final_rsq= 4.9e-11 (cf 1e-10) rel = 1 (cf 0) restarts = 4 iters= 750
CONGRAD5: time = 5.210660e-01 (fn F) masses = 1 iters = 735 mflops = 3.857695e+03
 OK converged final_rsq= 5e-11 (cf 1e-10) rel = 1 (cf 0) restarts = 4 iters= 735
GFTIME:   time = 9.340382e-02 (Symanzik1) mflops = 3.774163e+03
FFTIME:  time = 2.842071e-01 (asqtad3) terms = 2 mflops = 3.518076e+03
CONGRAD5: time = 5.356820e-01 (fn F) masses = 1 iters = 782 mflops = 3.992390e+03
 OK converged final_rsq= 4.9e-11 (cf 1e-10) rel = 1 (cf 0) restarts = 4 iters= 782
CONGRAD5: time = 5.257609e-01 (fn F) masses = 1 iters = 767 mflops = 3.989700e+03
 OK converged final_rsq= 5e-11 (cf 1e-10) rel = 1 (cf 0) restarts = 4 iters= 767
GFTIME:   time = 8.450007e-02 (Symanzik1) mflops = 4.171845e+03
FFTIME:  time = 2.869880e-01 (asqtad3) terms = 2 mflops = 3.483986e+03
CONGRAD5: time = 5.229330e-01 (fn F) masses = 1 iters = 762 mflops = 3.985126e+03
 OK converged final_rsq= 5e-11 (cf 1e-10) rel = 1 (cf 0) restarts = 4 iters= 762
CONGRAD5: time = 4.963899e-01 (fn F) masses = 1 iters = 725 mflops = 3.994370e+03
 OK converged final_rsq= 9.9e-11 (cf 1e-10) rel = 1 (cf 0) restarts = 3 iters= 725
GFTIME:   time = 8.461905e-02 (Symanzik1) mflops = 4.165980e+03
FFTIME:  time = 2.843809e-01 (asqtad3) terms = 2 mflops = 3.515926e+03
CONGRAD5: time = 5.192559e-01 (fn F) masses = 1 iters = 756 mflops = 3.981746e+03
 OK converged final_rsq= 5e-11 (cf 1e-10) rel = 1 (cf 0) restarts = 4 iters= 756
CONGRAD5: time = 5.256062e-01 (fn F) masses = 1 iters = 766 mflops = 3.985672e+03
 OK converged final_rsq= 5e-11 (cf 1e-10) rel = 1 (cf 0) restarts = 4 iters= 766
GFTIME:   time = 8.438587e-02 (Symanzik1) mflops = 4.177491e+03
FFTIME:  time = 2.835100e-01 (asqtad3) terms = 2 mflops = 3.526727e+03
CONGRAD5: time = 5.195320e-01 (fn F) masses = 1 iters = 757 mflops = 3.984894e+03
 OK converged final_rsq= 5e-11 (cf 1e-10) rel = 1 (cf 0) restarts = 4 iters= 757
CONGRAD5: time = 4.908218e-01 (fn F) masses = 1 iters = 715 mflops = 3.983964e+03
 OK converged final_rsq= 5e-11 (cf 1e-10) rel = 1 (cf 0) restarts = 4 iters= 715
GFTIME:   time = 8.451605e-02 (Symanzik1) mflops = 4.171057e+03
FFTIME:  time = 2.832260e-01 (asqtad3) terms = 2 mflops = 3.530263e+03
CONGRAD5: time = 5.314991e-01 (fn F) masses = 1 iters = 774 mflops = 3.982645e+03
 OK converged final_rsq= 5e-11 (cf 1e-10) rel = 1 (cf 0) restarts = 4 iters= 774
CONGRAD5: time = 4.918890e-01 (fn F) masses = 1 iters = 719 mflops = 3.997560e+03
 OK converged final_rsq= 1e-10 (cf 1e-10) rel = 1 (cf 0) restarts = 3 iters= 719
GFTIME:   time = 8.459592e-02 (Symanzik1) mflops = 4.167118e+03
FFTIME:  time = 2.864671e-01 (asqtad3) terms = 2 mflops = 3.490322e+03
CONGRAD5: time = 5.364590e-01 (fn F) masses = 1 iters = 783 mflops = 3.991705e+03
 OK converged final_rsq= 5e-11 (cf 1e-10) rel = 1 (cf 0) restarts = 4 iters= 783
CONGRAD5: time = 5.055540e-01 (fn F) masses = 1 iters = 738 mflops = 3.992290e+03
 OK converged final_rsq= 5e-11 (cf 1e-10) rel = 1 (cf 0) restarts = 4 iters= 738
GFTIME:   time = 8.394909e-02 (Symanzik1) mflops = 4.199226e+03
FFTIME:  time = 2.866910e-01 (asqtad3) terms = 2 mflops = 3.487596e+03
CONGRAD5: time = 5.359130e-01 (fn F) masses = 1 iters = 781 mflops = 3.985565e+03
 OK converged final_rsq= 5e-11 (cf 1e-10) rel = 1 (cf 0) restarts = 4 iters= 781
CONGRAD5: time = 5.048470e-01 (fn F) masses = 1 iters = 737 mflops = 3.992463e+03
 OK converged final_rsq= 1e-10 (cf 1e-10) rel = 1 (cf 0) restarts = 3 iters= 737
GFTIME:   time = 8.400083e-02 (Symanzik1) mflops = 4.196640e+03
FFTIME:  time = 2.835581e-01 (asqtad3) terms = 2 mflops = 3.526128e+03
PLAQ:	1.473963	1.473385
P_LOOP:	-7.764093e-03	6.219712e-03
G_LOOP:  0  0  4   	1.474057e+00	( 0 1 7 6  )
G_LOOP:  0  1  4   	1.476495e+00	( 0 2 7 5  )
G_LOOP:  0  2  4   	1.473365e+00	( 0 3 7 4  )
G_LOOP:  0  3  4   	1.471338e+00	( 1 2 6 5  )
G_LOOP:  0  4  4   	1.472826e+00	( 1 3 6 4  )
G_LOOP:  0  5  4   	1.473963e+00	( 2 3 5 4  )
G_LOOP:  1  0  6   	7.133980e-01	( 0 0 1 7 7 6  )
G_LOOP:  1  1  6   	7.231318e-01	( 0 0 2 7 7 5  )
G_LOOP:  1  2  6   	7.177161e-01	( 0 0 3 7 7 4  )
G_LOOP:  1  3  6   	7.170766e-01	( 1 1 0 6 6 7  )
G_LOOP:  1  4  6   	7.130472e-01	( 1 1 2 6 6 5  )
G_LOOP:  1  5  6   	7.151839e-01	( 1 1 3 6 6 4  )
G_LOOP:  1  6  6   	7.140978e-01	( 2 2 0 5 5 7  )
G_LOOP:  1  7  6   	7.130462e-01	( 2 2 1 5 5 6  )
G_LOOP:  1  8  6   	7.153132e-01	( 2 2 3 5 5 4  )
G_LOOP:  1  9  6   	7.117251e-01	( 3 3 0 4 4 7  )
G_LOOP:  1  10  6   	7.125768e-01	( 3 3 1 4 4 6  )
G_LOOP:  1  11  6   	7.086897e-01	( 3 3 2 4 4 5  )
G_LOOP:  2  0  6   	7.351040e-01	( 0 1 2 7 6 5  )
G_LOOP:  2  1  6   	7.280939e-01	( 0 1 5 7 6 2  )
G_LOOP:  2  2  6   	7.308180e-01	( 0 6 2 7 1 5  )
G_LOOP:  2  3  6   	7.304092e-01	( 0 6 5 7 1 2  )
G_LOOP:  2  4  6   	7.341810e-01	( 0 1 3 7 6 4  )
G_LOOP:  2  5  6   	7.318136e-01	( 0 1 4 7 6 3  )
G_LOOP:  2  6  6   	7.295944e-01	( 0 6 3 7 1 4  )
G_LOOP:  2  7  6   	7.277577e-01	( 0 6 4 7 1 3  )
G_LOOP:  2  8  6   	7.329565e-01	( 0 2 3 7 5 4  )
G_LOOP:  2  9  6   	7.324030e-01	( 0 2 4 7 5 3  )
G_LOOP:  2  10  6   	7.299320e-01	( 0 5 3 7 2 4  )
G_LOOP:  2  11  6   	7.308683e-01	( 0 5 4 7 2 3  )
G_LOOP:  2  12  6   	7.322426e-01	( 1 2 3 6 5 4  )
G_LOOP:  2  13  6   	7.340319e-01	( 1 2 4 6 5 3  )
G_LOOP:  2  14  6   	7.346669e-01	( 1 5 3 6 2 4  )
G_LOOP:  2  15  6   	7.309851e-01	( 1 5 4 6 2 3  )
GACTION: 6.654834e+00
CONGRAD5: time = 4.133770e-01 (fn F) masses = 1 iters = 602 mflops = 3.982753e+03
 OK converged final_rsq= 7.5e-11 (cf 1e-10) rel = 1 (cf 0) restarts = 3 iters= 602
CONGRAD5: time = 9.165287e-02 (fn F) masses = 1 iters = 130 mflops = 3.879096e+03
 OK converged final_rsq= 5e-11 (cf 1e-10) rel = 1 (cf 0) restarts = 2 iters= 130
PBP: mass 1.000000e-02     5.172191e-02  3.967773e-02  -4.749448e-03  -4.752535e-03 ( 1 of 1 )
FACTION: mass = 1.000000e-02,  1.499391e+00 ( 1 of 1 )
CONGRAD5: time = 5.101578e-01 (fn F) masses = 1 iters = 740 mflops = 3.966983e+03
 OK converged final_rsq= 5e-11 (cf 1e-10) rel = 1 (cf 0) restarts = 4 iters= 740
CONGRAD5: time = 5.472708e-02 (fn F) masses = 1 iters = 78 mflops = 3.897854e+03
 OK converged final_rsq= 9.9e-11 (cf 1e-10) rel = 1 (cf 0) restarts = 1 iters= 78
PBP: mass 1.000000e-02     4.471490e-02  6.322165e-02  -1.728046e-04  -1.750247e-04 ( 1 of 1 )
FACTION: mass = 1.000000e-02,  1.497018e+00 ( 1 of 1 )
CONGRAD5: time = 5.268011e-01 (fn F) masses = 1 iters = 768 mflops = 3.987014e+03
 OK converged final_rsq= 4.9e-11 (cf 1e-10) rel = 1 (cf 0) restarts = 4 iters= 768
CONGRAD5: time = 4.978840e-01 (fn F) masses = 1 iters = 727 mflops = 3.993369e+03
 OK converged final_rsq= 9.9e-11 (cf 1e-10) rel = 1 (cf 0) restarts = 3 iters= 727
GFTIME:   time = 8.468413e-02 (Symanzik1) mflops = 4.162778e+03
FFTIME:  time = 2.834771e-01 (asqtad3) terms = 2 mflops = 3.527136e+03
CONGRAD5: time = 5.403540e-01 (fn F) masses = 1 iters = 787 mflops = 3.983176e+03
 OK converged final_rsq= 5e-11 (cf 1e-10) rel = 1 (cf 0) restarts = 4 iters= 787
CONGRAD5: time = 5.284841e-01 (fn F) masses = 1 iters = 772 mflops = 3.995016e+03
 OK converged final_rsq= 5e-11 (cf 1e-10) rel = 1 (cf 0) restarts = 4 iters= 772
GFTIME:   time = 8.491302e-02 (Symanzik1) mflops = 4.151557e+03
FFTIME:  time = 2.860062e-01 (asqtad3) terms = 2 mflops = 3.495946e+03
CONGRAD5: time = 5.400999e-01 (fn F) masses = 1 iters = 785 mflops = 3.974924e+03
 OK converged final_rsq= 1e-10 (cf 1e-10) rel = 1 (cf 0) restarts = 3 iters= 785
CONGRAD5: time = 5.036411e-01 (fn F) masses = 1 iters = 734 mflops = 3.985732e+03
 OK converged final_rsq= 5e-11 (cf 1e-10) rel = 1 (cf 0) restarts = 4 iters= 734
GFTIME:   time = 8.419895e-02 (Symanzik1) mflops = 4.186765e+03
FFTIME:  time = 2.835572e-01 (asqtad3) terms = 2 mflops = 3.526140e+03
CONGRAD5: time = 5.300171e-01 (fn F) masses = 1 iters = 774 mflops = 3.993781e+03
 OK converged final_rsq= 5e-11 (cf 1e-10) rel = 1 (cf 0) restarts = 4 iters= 774
CONGRAD5: time = 5.039091e-01 (fn F) masses = 1 iters = 738 mflops = 4.005321e+03
 OK converged final_rsq= 1e-10 (cf 1e-10) rel = 1 (cf 0) restarts = 3 iters= 738
GFTIME:   time = 8.464098e-02 (Symanzik1) mflops = 4.164900e+03
FFTIME:  time = 2.848148e-01 (asqtad3) terms = 2 mflops = 3.510570e+03
CONGRAD5: time = 5.249701e-01 (fn F) masses = 1 iters = 766 mflops = 3.990501e+03
 OK converged final_rsq= 5e-11 (cf 1e-10) rel = 1 (cf 0) restarts = 4 iters= 766
CONGRAD5: time = 5.023320e-01 (fn F) masses = 1 iters = 734 mflops = 3.996119e+03
 OK converged final_rsq= 9.9e-11 (cf 1e-10) rel = 1 (cf 0) restarts = 3 iters= 734
GFTIME:   time = 8.452415e-02 (Symanzik1) mflops = 4.170657e+03
FFTIME:  time = 2.836130e-01 (asqtad3) terms = 2 mflops = 3.525446e+03
CONGRAD5: time = 5.313499e-01 (fn F) masses = 1 iters = 775 mflops = 3.988911e+03
 OK converged final_rsq= 5e-11 (cf 1e-10) rel = 1 (cf 0) restarts = 4 iters= 775
CONGRAD5: time = 5.088351e-01 (fn F) masses = 1 iters = 742 mflops = 3.988045e+03
 OK converged final_rsq= 5e-11 (cf 1e-10) rel = 1 (cf 0) restarts = 4 iters= 742
GFTIME:   time = 8.401489e-02 (Symanzik1) mflops = 4.195937e+03
FFTIME:  time = 2.831700e-01 (asqtad3) terms = 2 mflops = 3.530961e+03
CONGRAD5: time = 5.384340e-01 (fn F) masses = 1 iters = 786 mflops = 3.992301e+03
 OK converged final_rsq= 5e-11 (cf 1e-10) rel = 1 (cf 0) restarts = 4 iters= 786
CONGRAD5: time = 5.235770e-01 (fn F) masses = 1 iters = 765 mflops = 3.995895e+03
 OK converged final_rsq= 5e-11 (cf 1e-10) rel = 1 (cf 0) restarts = 4 iters= 765
GFTIME:   time = 8.456302e-02 (Symanzik1) mflops = 4.168740e+03
FFTIME:  time = 2.833240e-01 (asqtad3) terms = 2 mflops = 3.529042e+03
CONGRAD5: time = 5.100479e-01 (fn F) masses = 1 iters = 743 mflops = 3.983924e+03
 OK converged final_rsq= 5e-11 (cf 1e-10) rel = 1 (cf 0) restarts = 4 iters= 743
CONGRAD5: time = 5.157530e-01 (fn F) masses = 1 iters = 753 mflops = 3.992881e+03
 OK converged final_rsq= 1e-10 (cf 1e-10) rel = 1 (cf 0) restarts = 3 iters= 753
GFTIME:   time = 8.411217e-02 (Symanzik1) mflops = 4.191085e+03
FFTIME:  time = 2.845500e-01 (asqtad3) terms = 2 mflops = 3.513837e+03
CONGRAD5: time = 5.279949e-01 (fn F) masses = 1 iters = 770 mflops = 3.988359e+03
 OK converged final_rsq= 5e-11 (cf 1e-10) rel = 1 (cf 0) restarts = 4 iters= 770
CONGRAD5: time = 5.029719e-01 (fn F) masses = 1 iters = 731 mflops = 3.974723e+03
 OK converged final_rsq= 9.9e-11 (cf 1e-10) rel = 1 (cf 0) restarts = 3 iters= 731
GFTIME:   time = 8.415008e-02 (Symanzik1) mflops = 4.189197e+03
FFTIME:  time = 2.830939e-01 (asqtad3) terms = 2 mflops = 3.531910e+03
CONGRAD5: time = 5.278220e-01 (fn F) masses = 1 iters = 771 mflops = 3.994846e+03
 OK converged final_rsq= 5e-11 (cf 1e-10) rel = 1 (cf 0) restarts = 4 iters= 771
CONGRAD5: time = 4.975760e-01 (fn F) masses = 1 iters = 726 mflops = 3.990344e+03
 OK converged final_rsq= 9.9e-11 (cf 1e-10) rel = 1 (cf 0) restarts = 3 iters= 726
GFTIME:   time = 8.409381e-02 (Symanzik1) mflops = 4.192000e+03
FFTIME:  time = 2.843649e-01 (asqtad3) terms = 2 mflops = 3.516124e+03
CONGRAD5: time = 5.310512e-01 (fn F) masses = 1 iters = 774 mflops = 3.986005e+03
 OK converged final_rsq= 5e-11 (cf 1e-10) rel = 1 (cf 0) restarts = 4 iters= 774
CONGRAD5: time = 5.115609e-01 (fn F) masses = 1 iters = 747 mflops = 3.993525e+03
 OK converged final_rsq= 5e-11 (cf 1e-10) rel = 1 (cf 0) restarts = 4 iters= 747
GFTIME:   time = 8.422017e-02 (Symanzik1) mflops = 4.185710e+03
FFTIME:  time = 2.858560e-01 (asqtad3) terms = 2 mflops = 3.497783e+03
CONGRAD5: time = 5.394130e-01 (fn F) masses = 1 iters = 788 mflops = 3.995195e+03
 OK converged final_rsq= 4.9e-11 (cf 1e-10) rel = 1 (cf 0) restarts = 4 iters= 788
CONGRAD5: time = 5.046930e-01 (fn F) masses = 1 iters = 739 mflops = 4.004519e+03
 OK converged final_rsq= 9.9e-11 (cf 1e-10) rel = 1 (cf 0) restarts = 3 iters= 739
GFTIME:   time = 8.439708e-02 (Symanzik1) mflops = 4.176936e+03
FFTIME:  time = 2.839420e-01 (asqtad3) terms = 2 mflops = 3.521361e+03
CONGRAD5: time = 5.211740e-01 (fn F) masses = 1 iters = 757 mflops = 3.972340e+03
 OK converged final_rsq= 5e-11 (cf 1e-10) rel = 1 (cf 0) restarts = 4 iters= 757
CONGRAD5: time = 5.202541e-01 (fn F) masses = 1 iters = 758 mflops = 3.984620e+03
 OK converged final_rsq= 5e-11 (cf 1e-10) rel = 1 (cf 0) restarts = 4 iters= 758
GFTIME:   time = 8.427095e-02 (Symanzik1) mflops = 4.183188e+03
FFTIME:  time = 2.831881e-01 (asqtad3) terms = 2 mflops = 3.530735e+03
CONGRAD5: time = 5.277560e-01 (fn F) masses = 1 iters = 770 mflops = 3.990164e+03
 OK converged final_rsq= 5e-11 (cf 1e-10) rel = 1 (cf 0) restarts = 4 iters= 770
CONGRAD5: time = 5.107710e-01 (fn F) masses = 1 iters = 746 mflops = 3.994347e+03
 OK converged final_rsq= 5e-11 (cf 1e-10) rel = 1 (cf 0) restarts = 4 iters= 746
GFTIME:   time = 8.386397e-02 (Symanzik1) mflops = 4.203488e+03
FFTIME:  time = 2.839150e-01 (asqtad3) terms = 2 mflops = 3.521695e+03
CONGRAD5: time = 5.230730e-01 (fn F) masses = 1 iters = 763 mflops = 3.989289e+03
 OK converged final_rsq= 5e-11 (cf 1e-10) rel = 1 (cf 0) restarts = 4 iters= 763
CONGRAD5: time = 5.152841e-01 (fn F) masses = 1 iters = 753 mflops = 3.996515e+03
 OK converged final_rsq= 1e-10 (cf 1e-10) rel = 1 (cf 0) restarts = 3 iters= 753
GFTIME:   time = 8.461404e-02 (Symanzik1) mflops = 4.166226e+03
FFTIME:  time = 2.836940e-01 (asqtad3) terms = 2 mflops = 3.524439e+03
PLAQ:	1.459433	1.458465
P_LOOP:	1.615889e-02	-8.026718e-03
G_LOOP:  0  0  4   	1.459195e+00	( 0 1 7 6  )
G_LOOP:  0  1  4   	1.460791e+00	( 0 2 7 5  )
G_LOOP:  0  2  4   	1.460614e+00	( 0 3 7 4  )
G_LOOP:  0  3  4   	1.458314e+00	( 1 2 6 5  )
G_LOOP:  0  4  4   	1.457892e+00	( 1 3 6 4  )
G_LOOP:  0  5  4   	1.456888e+00	( 2 3 5 4  )
G_LOOP:  1  0  6   	6.983939e-01	( 0 0 1 7 7 6  )
G_LOOP:  1  1  6   	7.042719e-01	( 0 0 2 7 7 5  )
G_LOOP:  1  2  6   	7.000097e-01	( 0 0 3 7 7 4  )
G_LOOP:  1  3  6   	6.967192e-01	( 1 1 0 6 6 7  )
G_LOOP:  1  4  6   	6.984864e-01	( 1 1 2 6 6 5  )
G_LOOP:  1  5  6   	6.968441e-01	( 1 1 3 6 6 4  )
G_LOOP:  1  6  6   	6.998432e-01	( 2 2 0 5 5 7  )
G_LOOP:  1  7  6   	6.985943e-01	( 2 2 1 5 5 6  )
G_LOOP:  1  8  6   	6.990863e-01	( 2 2 3 5 5 4  )
G_LOOP:  1  9  6   	6.999809e-01	( 3 3 0 4 4 7  )
G_LOOP:  1  10  6   	6.973355e-01	( 3 3 1 4 4 6  )
G_LOOP:  1  11  6   	6.941445e-01	( 3 3 2 4 4 5  )
G_LOOP:  2  0  6   	7.139080e-01	( 0 1 2 7 6 5  )
G_LOOP:  2  1  6   	7.119920e-01	( 0 1 5 7 6 2  )
G_LOOP:  2  2  6   	7.117254e-01	( 0 6 2 7 1 5  )
G_LOOP:  2  3  6   	7.124687e-01	( 0 6 5 7 1 2  )
G_LOOP:  2  4  6   	7.159880e-01	( 0 1 3 7 6 4  )
G_LOOP:  2  5  6   	7.136556e-01	( 0 1 4 7 6 3  )
G_LOOP:  2  6  6   	7.124254e-01	( 0 6 3 7 1 4  )
G_LOOP:  2  7  6   	7.110729e-01	( 0 6 4 7 1 3  )
G_LOOP:  2  8  6   	7.144444e-01	( 0 2 3 7 5 4  )
G_LOOP:  2  9  6   	7.125228e-01	( 0 2 4 7 5 3  )
G_LOOP:  2  10  6   	7.149983e-01	( 0 5 3 7 2 4  )
G_LOOP:  2  11  6   	7.100563e-01	( 0 5 4 7 2 3  )
G_LOOP:  2  12  6   	7.109843e-01	( 1 2 3 6 5 4  )
G_LOOP:  2  13  6   	7.097229e-01	( 1 2 4 6 5 3  )
G_LOOP:  2  14  6   	7.117955e-01	( 1 5 3 6 2 4  )
G_LOOP:  2  15  6   	7.069325e-01	( 1 5 4 6 2 3  )
GACTION: 6.725127e+00
CONGRAD5: time = 4.919040e-01 (fn F) masses = 1 iters = 718 mflops = 3.991878e+03
 OK converged final_rsq= 5e-11 (cf 1e-10) rel = 1 (cf 0) restarts = 4 iters= 718
CONGRAD5: time = 5.263019e-02 (fn F) masses = 1 iters = 75 mflops = 3.897262e+03
 OK converged final_rsq= 1e-10 (cf 1e-10) rel = 1 (cf 0) restarts = 1 iters= 75
PBP: mass 1.000000e-02     6.464430e-02  5.646403e-02  3.676150e-03  3.676061e-03 ( 1 of 1 )
FACTION: mass = 1.000000e-02,  1.503793e+00 ( 1 of 1 )
CONGRAD5: time = 5.162210e-01 (fn F) masses = 1 iters = 755 mflops = 3.999857e+03
 OK converged final_rsq= 5e-11 (cf 1e-10) rel = 1 (cf 0) restarts = 4 iters= 755
CONGRAD5: time = 5.335808e-02 (fn F) masses = 1 iters = 76 mflops = 3.895351e+03
 OK converged final_rsq= 9.8e-11 (cf 1e-10) rel = 1 (cf 0) restarts = 1 iters= 76
PBP: mass 1.000000e-02     6.353492e-02  4.823133e-02  -5.438112e-03  -5.433117e-03 ( 1 of 1 )
FACTION: mass = 1.000000e-02,  1.504196e+00 ( 1 of 1 )
RUNNING COMPLETED
average cg iters for step= 1.451250e+03
Time = 9.590807e+01 seconds
total_iters = 181038
Checksums f5dc514d a700d500
Saved gauge configuration in parallel to binary file lat_p64_size64_2
Time stamp Thu May 19 10:09:09 2022
Wrote info file lat_p64_size64_2.info
Time to save = 2.908111e-02
CHECK PLAQ: 1.459433e+00 1.458465e+00
CHECK NERSC LINKTR: 1.436480e-01 CKSUM: 409d2cae


get_i(0): EOF on input.
Elapsed total time: 107.101449
exit: Thu May 19 10:09:09 2022

