SU3 with improved KS action
Microcanonical simulation with refreshing
R algorithm
MIMD version 7.8.1
Machine = MPI (portable), with 32 nodes
Host(0) = ault03.cscs.ch
Username = mcopik
Options selected...
Generic single precision
C_GLOBAL_INLINE
DBLSTORE_FN
D_FN_GATHER13
FEWSUMS
KS_MULTIFF=FNMAT
VECLENGTH=4
type 0 for no prompts, 1 for prompts, or 2 for proofreading
nflavors1 2
nflavors2 1
nx 16
ny 8
nz 8
nt 36
iseed 5682304
LAYOUT = Hypercubes, options = hyper_prime,
automatic hyper_prime layout
ON EACH NODE 4 x 4 x 8 x 9
Mallocing 1.1 MBytes per node for lattice
WARNING!!: Resetting random seed
Made lattice
Made nn gathers
Made 3nn gathers
Finished setup


warms 0
trajecs 4
traj_between_meas 1
beta 5.6
mass1 0.125
mass2 0.125
u0 0.8441
microcanonical_time_step 0.2
steps_per_trajectory 5
max_cg_iterations 100
max_cg_restarts 5
error_per_site 0.125
error_for_propagator 0.125
npbp_reps 1
prec_pbp 1
fresh 
save_parallel lat_p64_size64_1
unit gauge configuration loaded
CHECK PLAQ: 3.000000e+00 3.000000e+00
CHECK NERSC LINKTR: 1.000000e+00 CKSUM: 0
Unitarity checked.  Max deviation 0.00e+00
Time to check unitarity = 3.509521e-04
"O(a^2): couplings(pi)=0, Naik term, No O(a^2) errors, tadpole weights"
path coefficients: npath  path_coeff  multiplicity
                    0      6.250000e-01     8
                    1      -5.847914e-02     8
                    2      -8.771871e-02     48
                    3      3.077829e-02     192
                    4      -7.199551e-03     384
                    5      -1.231132e-01     48
Symanzik 1x1 + 1x2 + 1x1x1 action
gauge_action: total_dyn_flavors = 3
loop coefficients: nloop rep loop_coeff  multiplicity
                    0 0      1.000000e+00     6
                    1 0      -7.762509e-02     12
                    2 0      -1.031171e-02     16
WARMUPS COMPLETED
CONGRAD5: time = 2.343893e-03 (fn F) masses = 1 iters = 4 mflops = 2.333595e+03
 OK converged final_rsq= 0.0061 (cf 0.016) rel = 1 (cf 0) restarts = 1 iters= 4
CONGRAD5: time = 2.245903e-03 (fn F) masses = 1 iters = 4 mflops = 2.435411e+03
 OK converged final_rsq= 0.006 (cf 0.016) rel = 1 (cf 0) restarts = 1 iters= 4
GFTIME:   time = 4.113698e-02 (Symanzik1) mflops = 4.284724e+03
FFTIME:  time = 1.045029e-01 (asqtad3) terms = 2 mflops = 4.783897e+03
CONGRAD5: time = 2.195835e-03 (fn F) masses = 1 iters = 4 mflops = 2.490941e+03
 OK converged final_rsq= 0.01 (cf 0.016) rel = 1 (cf 0) restarts = 1 iters= 4
CONGRAD5: time = 2.167940e-03 (fn F) masses = 1 iters = 4 mflops = 2.522992e+03
 OK converged final_rsq= 0.0097 (cf 0.016) rel = 1 (cf 0) restarts = 1 iters= 4
GFTIME:   time = 4.104280e-02 (Symanzik1) mflops = 4.294556e+03
FFTIME:  time = 1.043811e-01 (asqtad3) terms = 2 mflops = 4.789480e+03
CONGRAD5: time = 2.187967e-03 (fn F) masses = 1 iters = 4 mflops = 2.499898e+03
 OK converged final_rsq= 0.014 (cf 0.016) rel = 1 (cf 0) restarts = 1 iters= 4
CONGRAD5: time = 2.093077e-03 (fn F) masses = 1 iters = 4 mflops = 2.613232e+03
 OK converged final_rsq= 0.014 (cf 0.016) rel = 1 (cf 0) restarts = 1 iters= 4
GFTIME:   time = 4.141402e-02 (Symanzik1) mflops = 4.256061e+03
FFTIME:  time = 1.044209e-01 (asqtad3) terms = 2 mflops = 4.787654e+03
CONGRAD5: time = 2.197027e-03 (fn F) masses = 1 iters = 4 mflops = 2.489590e+03
 OK converged final_rsq= 0.013 (cf 0.016) rel = 1 (cf 0) restarts = 1 iters= 4
CONGRAD5: time = 2.171040e-03 (fn F) masses = 1 iters = 4 mflops = 2.519390e+03
 OK converged final_rsq= 0.013 (cf 0.016) rel = 1 (cf 0) restarts = 1 iters= 4
GFTIME:   time = 4.100895e-02 (Symanzik1) mflops = 4.298101e+03
FFTIME:  time = 1.050651e-01 (asqtad3) terms = 2 mflops = 4.758298e+03
CONGRAD5: time = 2.156019e-03 (fn F) masses = 1 iters = 4 mflops = 2.536942e+03
 OK converged final_rsq= 0.011 (cf 0.016) rel = 1 (cf 0) restarts = 1 iters= 4
CONGRAD5: time = 2.172947e-03 (fn F) masses = 1 iters = 4 mflops = 2.517179e+03
 OK converged final_rsq= 0.011 (cf 0.016) rel = 1 (cf 0) restarts = 1 iters= 4
GFTIME:   time = 4.060888e-02 (Symanzik1) mflops = 4.340445e+03
FFTIME:  time = 1.043980e-01 (asqtad3) terms = 2 mflops = 4.788704e+03
PLAQ:	2.349601	2.349835
P_LOOP:	-8.084806e-03	8.713320e-03
G_LOOP:  0  0  4   	2.349396e+00	( 0 1 7 6  )
G_LOOP:  0  1  4   	2.350077e+00	( 0 2 7 5  )
G_LOOP:  0  2  4   	2.345959e+00	( 0 3 7 4  )
G_LOOP:  0  3  4   	2.349329e+00	( 1 2 6 5  )
G_LOOP:  0  4  4   	2.353793e+00	( 1 3 6 4  )
G_LOOP:  0  5  4   	2.349753e+00	( 2 3 5 4  )
G_LOOP:  1  0  6   	1.776418e+00	( 0 0 1 7 7 6  )
G_LOOP:  1  1  6   	1.775458e+00	( 0 0 2 7 7 5  )
G_LOOP:  1  2  6   	1.771841e+00	( 0 0 3 7 7 4  )
G_LOOP:  1  3  6   	1.776159e+00	( 1 1 0 6 6 7  )
G_LOOP:  1  4  6   	1.777992e+00	( 1 1 2 6 6 5  )
G_LOOP:  1  5  6   	1.780394e+00	( 1 1 3 6 6 4  )
G_LOOP:  1  6  6   	1.775600e+00	( 2 2 0 5 5 7  )
G_LOOP:  1  7  6   	1.773827e+00	( 2 2 1 5 5 6  )
G_LOOP:  1  8  6   	1.774903e+00	( 2 2 3 5 5 4  )
G_LOOP:  1  9  6   	1.766301e+00	( 3 3 0 4 4 7  )
G_LOOP:  1  10  6   	1.784863e+00	( 3 3 1 4 4 6  )
G_LOOP:  1  11  6   	1.775867e+00	( 3 3 2 4 4 5  )
G_LOOP:  2  0  6   	1.821945e+00	( 0 1 2 7 6 5  )
G_LOOP:  2  1  6   	1.820811e+00	( 0 1 5 7 6 2  )
G_LOOP:  2  2  6   	1.824942e+00	( 0 6 2 7 1 5  )
G_LOOP:  2  3  6   	1.822656e+00	( 0 6 5 7 1 2  )
G_LOOP:  2  4  6   	1.818289e+00	( 0 1 3 7 6 4  )
G_LOOP:  2  5  6   	1.824846e+00	( 0 1 4 7 6 3  )
G_LOOP:  2  6  6   	1.825465e+00	( 0 6 3 7 1 4  )
G_LOOP:  2  7  6   	1.821118e+00	( 0 6 4 7 1 3  )
G_LOOP:  2  8  6   	1.821953e+00	( 0 2 3 7 5 4  )
G_LOOP:  2  9  6   	1.817864e+00	( 0 2 4 7 5 3  )
G_LOOP:  2  10  6   	1.822062e+00	( 0 5 3 7 2 4  )
G_LOOP:  2  11  6   	1.817336e+00	( 0 5 4 7 2 3  )
G_LOOP:  2  12  6   	1.824341e+00	( 1 2 3 6 5 4  )
G_LOOP:  2  13  6   	1.819176e+00	( 1 2 4 6 5 3  )
G_LOOP:  2  14  6   	1.830293e+00	( 1 5 3 6 2 4  )
G_LOOP:  2  15  6   	1.827528e+00	( 1 5 4 6 2 3  )
GACTION: 2.567086e+00
CONGRAD5: time = 2.223015e-03 (fn F) masses = 1 iters = 4 mflops = 2.460486e+03
 OK converged final_rsq= 0.01 (cf 0.016) rel = 1 (cf 0) restarts = 1 iters= 4
CONGRAD5: time = 2.811909e-03 (fn F) masses = 1 iters = 6 mflops = 2.917785e+03
 OK converged final_rsq= 0.0078 (cf 0.016) rel = 1 (cf 0) restarts = 1 iters= 6
PBP: mass 1.250000e-01     6.951406e-02  1.076963e-01  -1.588555e-03  -2.674904e-03 ( 1 of 1 )
FACTION: mass = 1.250000e-01,  1.460881e+00 ( 1 of 1 )
CONGRAD5: time = 2.140045e-03 (fn F) masses = 1 iters = 4 mflops = 2.555879e+03
 OK converged final_rsq= 0.01 (cf 0.016) rel = 1 (cf 0) restarts = 1 iters= 4
CONGRAD5: time = 2.797842e-03 (fn F) masses = 1 iters = 6 mflops = 2.932454e+03
 OK converged final_rsq= 0.0082 (cf 0.016) rel = 1 (cf 0) restarts = 1 iters= 6
PBP: mass 1.250000e-01     6.688204e-02  1.132018e-01  2.818129e-03  3.788318e-03 ( 1 of 1 )
FACTION: mass = 1.250000e-01,  1.478037e+00 ( 1 of 1 )
CONGRAD5: time = 2.154112e-03 (fn F) masses = 1 iters = 4 mflops = 2.539188e+03
 OK converged final_rsq= 0.011 (cf 0.016) rel = 1 (cf 0) restarts = 1 iters= 4
CONGRAD5: time = 2.101183e-03 (fn F) masses = 1 iters = 4 mflops = 2.603151e+03
 OK converged final_rsq= 0.011 (cf 0.016) rel = 1 (cf 0) restarts = 1 iters= 4
GFTIME:   time = 4.039407e-02 (Symanzik1) mflops = 4.363527e+03
FFTIME:  time = 1.049049e-01 (asqtad3) terms = 2 mflops = 4.765566e+03
CONGRAD5: time = 2.492189e-03 (fn F) masses = 1 iters = 5 mflops = 2.743419e+03
 OK converged final_rsq= 0.0069 (cf 0.016) rel = 1 (cf 0) restarts = 1 iters= 5
CONGRAD5: time = 2.192020e-03 (fn F) masses = 1 iters = 4 mflops = 2.495276e+03
 OK converged final_rsq= 0.015 (cf 0.016) rel = 1 (cf 0) restarts = 1 iters= 4
GFTIME:   time = 4.112411e-02 (Symanzik1) mflops = 4.286065e+03
FFTIME:  time = 1.052880e-01 (asqtad3) terms = 2 mflops = 4.748224e+03
CONGRAD5: time = 2.506971e-03 (fn F) masses = 1 iters = 5 mflops = 2.727243e+03
 OK converged final_rsq= 0.0087 (cf 0.016) rel = 1 (cf 0) restarts = 1 iters= 5
CONGRAD5: time = 2.406836e-03 (fn F) masses = 1 iters = 5 mflops = 2.840709e+03
 OK converged final_rsq= 0.0084 (cf 0.016) rel = 1 (cf 0) restarts = 1 iters= 5
GFTIME:   time = 4.053998e-02 (Symanzik1) mflops = 4.347822e+03
FFTIME:  time = 1.043580e-01 (asqtad3) terms = 2 mflops = 4.790542e+03
CONGRAD5: time = 2.469063e-03 (fn F) masses = 1 iters = 5 mflops = 2.769115e+03
 OK converged final_rsq= 0.0084 (cf 0.016) rel = 1 (cf 0) restarts = 1 iters= 5
CONGRAD5: time = 2.537012e-03 (fn F) masses = 1 iters = 5 mflops = 2.694950e+03
 OK converged final_rsq= 0.0082 (cf 0.016) rel = 1 (cf 0) restarts = 1 iters= 5
GFTIME:   time = 4.071999e-02 (Symanzik1) mflops = 4.328602e+03
FFTIME:  time = 1.050801e-01 (asqtad3) terms = 2 mflops = 4.757618e+03
CONGRAD5: time = 2.182007e-03 (fn F) masses = 1 iters = 4 mflops = 2.506727e+03
 OK converged final_rsq= 0.015 (cf 0.016) rel = 1 (cf 0) restarts = 1 iters= 4
CONGRAD5: time = 2.098083e-03 (fn F) masses = 1 iters = 4 mflops = 2.606996e+03
 OK converged final_rsq= 0.015 (cf 0.016) rel = 1 (cf 0) restarts = 1 iters= 4
GFTIME:   time = 4.100299e-02 (Symanzik1) mflops = 4.298726e+03
FFTIME:  time = 1.047049e-01 (asqtad3) terms = 2 mflops = 4.774670e+03
PLAQ:	2.013172	2.017219
P_LOOP:	1.960852e-02	-2.494796e-02
G_LOOP:  0  0  4   	2.017202e+00	( 0 1 7 6  )
G_LOOP:  0  1  4   	2.013733e+00	( 0 2 7 5  )
G_LOOP:  0  2  4   	2.019144e+00	( 0 3 7 4  )
G_LOOP:  0  3  4   	2.008581e+00	( 1 2 6 5  )
G_LOOP:  0  4  4   	2.017523e+00	( 1 3 6 4  )
G_LOOP:  0  5  4   	2.014990e+00	( 2 3 5 4  )
G_LOOP:  1  0  6   	1.304672e+00	( 0 0 1 7 7 6  )
G_LOOP:  1  1  6   	1.302535e+00	( 0 0 2 7 7 5  )
G_LOOP:  1  2  6   	1.309334e+00	( 0 0 3 7 7 4  )
G_LOOP:  1  3  6   	1.308088e+00	( 1 1 0 6 6 7  )
G_LOOP:  1  4  6   	1.293703e+00	( 1 1 2 6 6 5  )
G_LOOP:  1  5  6   	1.305435e+00	( 1 1 3 6 6 4  )
G_LOOP:  1  6  6   	1.305355e+00	( 2 2 0 5 5 7  )
G_LOOP:  1  7  6   	1.297786e+00	( 2 2 1 5 5 6  )
G_LOOP:  1  8  6   	1.302078e+00	( 2 2 3 5 5 4  )
G_LOOP:  1  9  6   	1.310564e+00	( 3 3 0 4 4 7  )
G_LOOP:  1  10  6   	1.307580e+00	( 3 3 1 4 4 6  )
G_LOOP:  1  11  6   	1.308746e+00	( 3 3 2 4 4 5  )
G_LOOP:  2  0  6   	1.344830e+00	( 0 1 2 7 6 5  )
G_LOOP:  2  1  6   	1.341135e+00	( 0 1 5 7 6 2  )
G_LOOP:  2  2  6   	1.352155e+00	( 0 6 2 7 1 5  )
G_LOOP:  2  3  6   	1.342497e+00	( 0 6 5 7 1 2  )
G_LOOP:  2  4  6   	1.349918e+00	( 0 1 3 7 6 4  )
G_LOOP:  2  5  6   	1.355072e+00	( 0 1 4 7 6 3  )
G_LOOP:  2  6  6   	1.352955e+00	( 0 6 3 7 1 4  )
G_LOOP:  2  7  6   	1.354463e+00	( 0 6 4 7 1 3  )
G_LOOP:  2  8  6   	1.349836e+00	( 0 2 3 7 5 4  )
G_LOOP:  2  9  6   	1.344382e+00	( 0 2 4 7 5 3  )
G_LOOP:  2  10  6   	1.347910e+00	( 0 5 3 7 2 4  )
G_LOOP:  2  11  6   	1.345573e+00	( 0 5 4 7 2 3  )
G_LOOP:  2  12  6   	1.348588e+00	( 1 2 3 6 5 4  )
G_LOOP:  2  13  6   	1.343335e+00	( 1 2 4 6 5 3  )
G_LOOP:  2  14  6   	1.341432e+00	( 1 5 3 6 2 4  )
G_LOOP:  2  15  6   	1.347296e+00	( 1 5 4 6 2 3  )
GACTION: 4.056985e+00
CONGRAD5: time = 2.125025e-03 (fn F) masses = 1 iters = 4 mflops = 2.573945e+03
 OK converged final_rsq= 0.014 (cf 0.016) rel = 1 (cf 0) restarts = 1 iters= 4
CONGRAD5: time = 2.874851e-03 (fn F) masses = 1 iters = 6 mflops = 2.853902e+03
 OK converged final_rsq= 0.013 (cf 0.016) rel = 1 (cf 0) restarts = 1 iters= 6
PBP: mass 1.250000e-01     8.690378e-02  1.716741e-01  -2.287688e-03  -1.246880e-03 ( 1 of 1 )
FACTION: mass = 1.250000e-01,  1.453105e+00 ( 1 of 1 )
CONGRAD5: time = 2.111912e-03 (fn F) masses = 1 iters = 4 mflops = 2.589926e+03
 OK converged final_rsq= 0.014 (cf 0.016) rel = 1 (cf 0) restarts = 1 iters= 4
CONGRAD5: time = 2.830982e-03 (fn F) masses = 1 iters = 6 mflops = 2.898126e+03
 OK converged final_rsq= 0.013 (cf 0.016) rel = 1 (cf 0) restarts = 1 iters= 6
PBP: mass 1.250000e-01     9.176318e-02  1.607143e-01  -4.144179e-03  -3.913468e-03 ( 1 of 1 )
FACTION: mass = 1.250000e-01,  1.441279e+00 ( 1 of 1 )
CONGRAD5: time = 2.510071e-03 (fn F) masses = 1 iters = 5 mflops = 2.723875e+03
 OK converged final_rsq= 0.0074 (cf 0.016) rel = 1 (cf 0) restarts = 1 iters= 5
CONGRAD5: time = 2.168179e-03 (fn F) masses = 1 iters = 4 mflops = 2.522715e+03
 OK converged final_rsq= 0.015 (cf 0.016) rel = 1 (cf 0) restarts = 1 iters= 4
GFTIME:   time = 4.171515e-02 (Symanzik1) mflops = 4.225338e+03
FFTIME:  time = 1.046751e-01 (asqtad3) terms = 2 mflops = 4.776029e+03
CONGRAD5: time = 2.507925e-03 (fn F) masses = 1 iters = 5 mflops = 2.726206e+03
 OK converged final_rsq= 0.0094 (cf 0.016) rel = 1 (cf 0) restarts = 1 iters= 5
CONGRAD5: time = 2.443075e-03 (fn F) masses = 1 iters = 5 mflops = 2.798571e+03
 OK converged final_rsq= 0.0086 (cf 0.016) rel = 1 (cf 0) restarts = 1 iters= 5
GFTIME:   time = 4.147100e-02 (Symanzik1) mflops = 4.250213e+03
FFTIME:  time = 1.046269e-01 (asqtad3) terms = 2 mflops = 4.778228e+03
CONGRAD5: time = 2.506018e-03 (fn F) masses = 1 iters = 5 mflops = 2.728281e+03
 OK converged final_rsq= 0.011 (cf 0.016) rel = 1 (cf 0) restarts = 1 iters= 5
CONGRAD5: time = 2.516031e-03 (fn F) masses = 1 iters = 5 mflops = 2.717423e+03
 OK converged final_rsq= 0.01 (cf 0.016) rel = 1 (cf 0) restarts = 1 iters= 5
GFTIME:   time = 4.115915e-02 (Symanzik1) mflops = 4.282416e+03
FFTIME:  time = 1.048729e-01 (asqtad3) terms = 2 mflops = 4.767017e+03
CONGRAD5: time = 2.504110e-03 (fn F) masses = 1 iters = 5 mflops = 2.730359e+03
 OK converged final_rsq= 0.01 (cf 0.016) rel = 1 (cf 0) restarts = 1 iters= 5
CONGRAD5: time = 2.408028e-03 (fn F) masses = 1 iters = 5 mflops = 2.839303e+03
 OK converged final_rsq= 0.01 (cf 0.016) rel = 1 (cf 0) restarts = 1 iters= 5
GFTIME:   time = 4.102206e-02 (Symanzik1) mflops = 4.296727e+03
FFTIME:  time = 1.052032e-01 (asqtad3) terms = 2 mflops = 4.752055e+03
CONGRAD5: time = 2.444983e-03 (fn F) masses = 1 iters = 5 mflops = 2.796388e+03
 OK converged final_rsq= 0.01 (cf 0.016) rel = 1 (cf 0) restarts = 1 iters= 5
CONGRAD5: time = 2.386808e-03 (fn F) masses = 1 iters = 5 mflops = 2.864545e+03
 OK converged final_rsq= 0.0096 (cf 0.016) rel = 1 (cf 0) restarts = 1 iters= 5
GFTIME:   time = 4.059696e-02 (Symanzik1) mflops = 4.341719e+03
FFTIME:  time = 1.047630e-01 (asqtad3) terms = 2 mflops = 4.772019e+03
PLAQ:	1.794639	1.794439
P_LOOP:	2.967754e-02	-1.808640e-02
G_LOOP:  0  0  4   	1.799420e+00	( 0 1 7 6  )
G_LOOP:  0  1  4   	1.790888e+00	( 0 2 7 5  )
G_LOOP:  0  2  4   	1.793695e+00	( 0 3 7 4  )
G_LOOP:  0  3  4   	1.793609e+00	( 1 2 6 5  )
G_LOOP:  0  4  4   	1.798660e+00	( 1 3 6 4  )
G_LOOP:  0  5  4   	1.790963e+00	( 2 3 5 4  )
G_LOOP:  1  0  6   	1.039154e+00	( 0 0 1 7 7 6  )
G_LOOP:  1  1  6   	1.024794e+00	( 0 0 2 7 7 5  )
G_LOOP:  1  2  6   	1.023798e+00	( 0 0 3 7 7 4  )
G_LOOP:  1  3  6   	1.034941e+00	( 1 1 0 6 6 7  )
G_LOOP:  1  4  6   	1.029027e+00	( 1 1 2 6 6 5  )
G_LOOP:  1  5  6   	1.034595e+00	( 1 1 3 6 6 4  )
G_LOOP:  1  6  6   	1.022471e+00	( 2 2 0 5 5 7  )
G_LOOP:  1  7  6   	1.024796e+00	( 2 2 1 5 5 6  )
G_LOOP:  1  8  6   	1.018340e+00	( 2 2 3 5 5 4  )
G_LOOP:  1  9  6   	1.030807e+00	( 3 3 0 4 4 7  )
G_LOOP:  1  10  6   	1.039294e+00	( 3 3 1 4 4 6  )
G_LOOP:  1  11  6   	1.019778e+00	( 3 3 2 4 4 5  )
G_LOOP:  2  0  6   	1.053655e+00	( 0 1 2 7 6 5  )
G_LOOP:  2  1  6   	1.063683e+00	( 0 1 5 7 6 2  )
G_LOOP:  2  2  6   	1.062778e+00	( 0 6 2 7 1 5  )
G_LOOP:  2  3  6   	1.061709e+00	( 0 6 5 7 1 2  )
G_LOOP:  2  4  6   	1.061796e+00	( 0 1 3 7 6 4  )
G_LOOP:  2  5  6   	1.069225e+00	( 0 1 4 7 6 3  )
G_LOOP:  2  6  6   	1.062380e+00	( 0 6 3 7 1 4  )
G_LOOP:  2  7  6   	1.069684e+00	( 0 6 4 7 1 3  )
G_LOOP:  2  8  6   	1.057541e+00	( 0 2 3 7 5 4  )
G_LOOP:  2  9  6   	1.062605e+00	( 0 2 4 7 5 3  )
G_LOOP:  2  10  6   	1.055512e+00	( 0 5 3 7 2 4  )
G_LOOP:  2  11  6   	1.058250e+00	( 0 5 4 7 2 3  )
G_LOOP:  2  12  6   	1.062194e+00	( 1 2 3 6 5 4  )
G_LOOP:  2  13  6   	1.061215e+00	( 1 2 4 6 5 3  )
G_LOOP:  2  14  6   	1.058760e+00	( 1 5 3 6 2 4  )
G_LOOP:  2  15  6   	1.056663e+00	( 1 5 4 6 2 3  )
GACTION: 5.076400e+00
CONGRAD5: time = 2.403975e-03 (fn F) masses = 1 iters = 5 mflops = 2.844090e+03
 OK converged final_rsq= 0.0085 (cf 0.016) rel = 1 (cf 0) restarts = 1 iters= 5
CONGRAD5: time = 2.779007e-03 (fn F) masses = 1 iters = 6 mflops = 2.952329e+03
 OK converged final_rsq= 0.015 (cf 0.016) rel = 1 (cf 0) restarts = 1 iters= 6
PBP: mass 1.250000e-01     1.066392e-01  3.081026e-01  4.654740e-03  3.557145e-03 ( 1 of 1 )
FACTION: mass = 1.250000e-01,  1.448462e+00 ( 1 of 1 )
CONGRAD5: time = 2.350092e-03 (fn F) masses = 1 iters = 5 mflops = 2.909299e+03
 OK converged final_rsq= 0.0084 (cf 0.016) rel = 1 (cf 0) restarts = 1 iters= 5
CONGRAD5: time = 2.804041e-03 (fn F) masses = 1 iters = 6 mflops = 2.925972e+03
 OK converged final_rsq= 0.015 (cf 0.016) rel = 1 (cf 0) restarts = 1 iters= 6
PBP: mass 1.250000e-01     1.025752e-01  3.140966e-01  -6.163071e-04  -7.534923e-04 ( 1 of 1 )
FACTION: mass = 1.250000e-01,  1.444132e+00 ( 1 of 1 )
CONGRAD5: time = 2.514124e-03 (fn F) masses = 1 iters = 5 mflops = 2.719484e+03
 OK converged final_rsq= 0.0099 (cf 0.016) rel = 1 (cf 0) restarts = 1 iters= 5
CONGRAD5: time = 2.502918e-03 (fn F) masses = 1 iters = 5 mflops = 2.731659e+03
 OK converged final_rsq= 0.0096 (cf 0.016) rel = 1 (cf 0) restarts = 1 iters= 5
GFTIME:   time = 4.154205e-02 (Symanzik1) mflops = 4.242944e+03
FFTIME:  time = 1.044259e-01 (asqtad3) terms = 2 mflops = 4.787424e+03
CONGRAD5: time = 2.502918e-03 (fn F) masses = 1 iters = 5 mflops = 2.731659e+03
 OK converged final_rsq= 0.011 (cf 0.016) rel = 1 (cf 0) restarts = 1 iters= 5
CONGRAD5: time = 2.496958e-03 (fn F) masses = 1 iters = 5 mflops = 2.738180e+03
 OK converged final_rsq= 0.011 (cf 0.016) rel = 1 (cf 0) restarts = 1 iters= 5
GFTIME:   time = 4.142714e-02 (Symanzik1) mflops = 4.254714e+03
FFTIME:  time = 1.057060e-01 (asqtad3) terms = 2 mflops = 4.729450e+03
CONGRAD5: time = 2.483130e-03 (fn F) masses = 1 iters = 5 mflops = 2.753429e+03
 OK converged final_rsq= 0.012 (cf 0.016) rel = 1 (cf 0) restarts = 1 iters= 5
CONGRAD5: time = 2.418041e-03 (fn F) masses = 1 iters = 5 mflops = 2.827545e+03
 OK converged final_rsq= 0.012 (cf 0.016) rel = 1 (cf 0) restarts = 1 iters= 5
GFTIME:   time = 4.123616e-02 (Symanzik1) mflops = 4.274418e+03
FFTIME:  time = 1.046000e-01 (asqtad3) terms = 2 mflops = 4.779459e+03
CONGRAD5: time = 2.487898e-03 (fn F) masses = 1 iters = 5 mflops = 2.748151e+03
 OK converged final_rsq= 0.013 (cf 0.016) rel = 1 (cf 0) restarts = 1 iters= 5
CONGRAD5: time = 2.449989e-03 (fn F) masses = 1 iters = 5 mflops = 2.790673e+03
 OK converged final_rsq= 0.012 (cf 0.016) rel = 1 (cf 0) restarts = 1 iters= 5
GFTIME:   time = 4.106307e-02 (Symanzik1) mflops = 4.292436e+03
FFTIME:  time = 1.049352e-01 (asqtad3) terms = 2 mflops = 4.764190e+03
CONGRAD5: time = 2.449036e-03 (fn F) masses = 1 iters = 5 mflops = 2.791760e+03
 OK converged final_rsq= 0.012 (cf 0.016) rel = 1 (cf 0) restarts = 1 iters= 5
CONGRAD5: time = 2.480030e-03 (fn F) masses = 1 iters = 5 mflops = 2.756870e+03
 OK converged final_rsq= 0.011 (cf 0.016) rel = 1 (cf 0) restarts = 1 iters= 5
GFTIME:   time = 4.071093e-02 (Symanzik1) mflops = 4.329565e+03
FFTIME:  time = 1.042368e-01 (asqtad3) terms = 2 mflops = 4.796108e+03
PLAQ:	1.645792	1.643904
P_LOOP:	-8.197186e-03	5.077758e-02
G_LOOP:  0  0  4   	1.650007e+00	( 0 1 7 6  )
G_LOOP:  0  1  4   	1.645946e+00	( 0 2 7 5  )
G_LOOP:  0  2  4   	1.649325e+00	( 0 3 7 4  )
G_LOOP:  0  3  4   	1.641424e+00	( 1 2 6 5  )
G_LOOP:  0  4  4   	1.644123e+00	( 1 3 6 4  )
G_LOOP:  0  5  4   	1.638263e+00	( 2 3 5 4  )
G_LOOP:  1  0  6   	8.645052e-01	( 0 0 1 7 7 6  )
G_LOOP:  1  1  6   	8.604069e-01	( 0 0 2 7 7 5  )
G_LOOP:  1  2  6   	8.604076e-01	( 0 0 3 7 7 4  )
G_LOOP:  1  3  6   	8.649686e-01	( 1 1 0 6 6 7  )
G_LOOP:  1  4  6   	8.485101e-01	( 1 1 2 6 6 5  )
G_LOOP:  1  5  6   	8.500264e-01	( 1 1 3 6 6 4  )
G_LOOP:  1  6  6   	8.576334e-01	( 2 2 0 5 5 7  )
G_LOOP:  1  7  6   	8.497820e-01	( 2 2 1 5 5 6  )
G_LOOP:  1  8  6   	8.487023e-01	( 2 2 3 5 5 4  )
G_LOOP:  1  9  6   	8.548094e-01	( 3 3 0 4 4 7  )
G_LOOP:  1  10  6   	8.516216e-01	( 3 3 1 4 4 6  )
G_LOOP:  1  11  6   	8.489936e-01	( 3 3 2 4 4 5  )
G_LOOP:  2  0  6   	8.770076e-01	( 0 1 2 7 6 5  )
G_LOOP:  2  1  6   	8.790823e-01	( 0 1 5 7 6 2  )
G_LOOP:  2  2  6   	8.813909e-01	( 0 6 2 7 1 5  )
G_LOOP:  2  3  6   	8.765040e-01	( 0 6 5 7 1 2  )
G_LOOP:  2  4  6   	8.733976e-01	( 0 1 3 7 6 4  )
G_LOOP:  2  5  6   	8.860708e-01	( 0 1 4 7 6 3  )
G_LOOP:  2  6  6   	8.837483e-01	( 0 6 3 7 1 4  )
G_LOOP:  2  7  6   	8.815830e-01	( 0 6 4 7 1 3  )
G_LOOP:  2  8  6   	8.733226e-01	( 0 2 3 7 5 4  )
G_LOOP:  2  9  6   	8.755202e-01	( 0 2 4 7 5 3  )
G_LOOP:  2  10  6   	8.772982e-01	( 0 5 3 7 2 4  )
G_LOOP:  2  11  6   	8.789451e-01	( 0 5 4 7 2 3  )
G_LOOP:  2  12  6   	8.759352e-01	( 1 2 3 6 5 4  )
G_LOOP:  2  13  6   	8.759785e-01	( 1 2 4 6 5 3  )
G_LOOP:  2  14  6   	8.814232e-01	( 1 5 3 6 2 4  )
G_LOOP:  2  15  6   	8.648005e-01	( 1 5 4 6 2 3  )
GACTION: 5.782705e+00
CONGRAD5: time = 2.413034e-03 (fn F) masses = 1 iters = 5 mflops = 2.833412e+03
 OK converged final_rsq= 0.01 (cf 0.016) rel = 1 (cf 0) restarts = 1 iters= 5
CONGRAD5: time = 3.057003e-03 (fn F) masses = 1 iters = 7 mflops = 3.131161e+03
 OK converged final_rsq= 0.0081 (cf 0.016) rel = 1 (cf 0) restarts = 1 iters= 7
PBP: mass 1.250000e-01     1.244798e-01  3.169711e-01  -3.379830e-03  -2.741972e-03 ( 1 of 1 )
FACTION: mass = 1.250000e-01,  1.439485e+00 ( 1 of 1 )
CONGRAD5: time = 2.371073e-03 (fn F) masses = 1 iters = 5 mflops = 2.883556e+03
 OK converged final_rsq= 0.01 (cf 0.016) rel = 1 (cf 0) restarts = 1 iters= 5
CONGRAD5: time = 3.119946e-03 (fn F) masses = 1 iters = 7 mflops = 3.067992e+03
 OK converged final_rsq= 0.0083 (cf 0.016) rel = 1 (cf 0) restarts = 1 iters= 7
PBP: mass 1.250000e-01     1.328154e-01  3.117547e-01  -2.365459e-03  -1.909385e-03 ( 1 of 1 )
FACTION: mass = 1.250000e-01,  1.439103e+00 ( 1 of 1 )
RUNNING COMPLETED
average cg iters for step= 1.100000e+01
Time = 4.611988e+00 seconds
total_iters = 550
Checksums 27ed4bcd decec819
Saved gauge configuration in parallel to binary file lat_p64_size64_1
Time stamp Thu May 19 09:59:27 2022
Wrote info file lat_p64_size64_1.info
Time to save = 2.457500e-02
CHECK PLAQ: 1.645792e+00 1.643904e+00
CHECK NERSC LINKTR: 1.721335e-01 CKSUM: ec2a4db8


warms 0
trajecs 4
traj_between_meas 1
beta 5.6
mass1 0.01
mass2 0.01
u0 0.8441
microcanonical_time_step 0.02
steps_per_trajectory 15
max_cg_iterations 300
max_cg_restarts 5
error_per_site 1e-05
error_for_propagator 1e-05
npbp_reps 1
prec_pbp 1
reload_parallel lat_p64_size64_1
save_parallel lat_p64_size64_2
Restored binary gauge configuration in parallel from file lat_p64_size64_1
Time stamp Thu May 19 09:59:27 2022
Checksums 27ed4bcd decec819 OK
Time to reload gauge configuration = 7.344961e-03
CHECK PLAQ: 1.645792e+00 1.643904e+00
CHECK NERSC LINKTR: 1.721335e-01 CKSUM: ec2a4db8
Unitarity checked.  Max deviation 2.98e-07
Time to check unitarity = 1.511574e-04
"O(a^2): couplings(pi)=0, Naik term, No O(a^2) errors, tadpole weights"
path coefficients: npath  path_coeff  multiplicity
                    0      6.250000e-01     8
                    1      -5.847914e-02     8
                    2      -8.771871e-02     48
                    3      3.077829e-02     192
                    4      -7.199551e-03     384
                    5      -1.231132e-01     48
Symanzik 1x1 + 1x2 + 1x1x1 action
gauge_action: total_dyn_flavors = 3
loop coefficients: nloop rep loop_coeff  multiplicity
                    0 0      1.000000e+00     6
                    1 0      -7.762509e-02     12
                    2 0      -1.031171e-02     16
WARMUPS COMPLETED
CONGRAD5: time = 2.680750e-01 (fn F) masses = 1 iters = 833 mflops = 4.249051e+03
 OK converged final_rsq= 5e-11 (cf 1e-10) rel = 1 (cf 0) restarts = 4 iters= 833
CONGRAD5: time = 2.618370e-01 (fn F) masses = 1 iters = 808 mflops = 4.219719e+03
 OK converged final_rsq= 5e-11 (cf 1e-10) rel = 1 (cf 0) restarts = 4 iters= 808
GFTIME:   time = 4.161692e-02 (Symanzik1) mflops = 4.235312e+03
FFTIME:  time = 1.045070e-01 (asqtad3) terms = 2 mflops = 4.783711e+03
CONGRAD5: time = 2.521100e-01 (fn F) masses = 1 iters = 778 mflops = 4.219808e+03
 OK converged final_rsq= 5e-11 (cf 1e-10) rel = 1 (cf 0) restarts = 4 iters= 778
CONGRAD5: time = 2.522070e-01 (fn F) masses = 1 iters = 775 mflops = 4.201919e+03
 OK converged final_rsq= 5e-11 (cf 1e-10) rel = 1 (cf 0) restarts = 4 iters= 775
GFTIME:   time = 4.142809e-02 (Symanzik1) mflops = 4.254616e+03
FFTIME:  time = 1.046710e-01 (asqtad3) terms = 2 mflops = 4.776214e+03
CONGRAD5: time = 2.583570e-01 (fn F) masses = 1 iters = 800 mflops = 4.234215e+03
 OK converged final_rsq= 5e-11 (cf 1e-10) rel = 1 (cf 0) restarts = 4 iters= 800
CONGRAD5: time = 2.388320e-01 (fn F) masses = 1 iters = 739 mflops = 4.231118e+03
 OK converged final_rsq= 9.9e-11 (cf 1e-10) rel = 1 (cf 0) restarts = 3 iters= 739
GFTIME:   time = 4.147696e-02 (Symanzik1) mflops = 4.249602e+03
FFTIME:  time = 1.047781e-01 (asqtad3) terms = 2 mflops = 4.771335e+03
CONGRAD5: time = 2.397890e-01 (fn F) masses = 1 iters = 743 mflops = 4.237042e+03
 OK converged final_rsq= 5e-11 (cf 1e-10) rel = 1 (cf 0) restarts = 4 iters= 743
CONGRAD5: time = 2.550380e-01 (fn F) masses = 1 iters = 790 mflops = 4.235702e+03
 OK converged final_rsq= 4.9e-11 (cf 1e-10) rel = 1 (cf 0) restarts = 4 iters= 790
GFTIME:   time = 4.153895e-02 (Symanzik1) mflops = 4.243261e+03
FFTIME:  time = 1.036410e-01 (asqtad3) terms = 2 mflops = 4.823680e+03
CONGRAD5: time = 2.698841e-01 (fn F) masses = 1 iters = 835 mflops = 4.230701e+03
 OK converged final_rsq= 4.9e-11 (cf 1e-10) rel = 1 (cf 0) restarts = 4 iters= 835
CONGRAD5: time = 2.546420e-01 (fn F) masses = 1 iters = 788 mflops = 4.231549e+03
 OK converged final_rsq= 4.9e-11 (cf 1e-10) rel = 1 (cf 0) restarts = 4 iters= 788
GFTIME:   time = 4.125404e-02 (Symanzik1) mflops = 4.272566e+03
FFTIME:  time = 1.044731e-01 (asqtad3) terms = 2 mflops = 4.785261e+03
CONGRAD5: time = 2.412679e-01 (fn F) masses = 1 iters = 745 mflops = 4.222405e+03
 OK converged final_rsq= 5e-11 (cf 1e-10) rel = 1 (cf 0) restarts = 4 iters= 745
CONGRAD5: time = 2.586789e-01 (fn F) masses = 1 iters = 782 mflops = 4.133795e+03
 OK converged final_rsq= 5e-11 (cf 1e-10) rel = 1 (cf 0) restarts = 4 iters= 782
GFTIME:   time = 4.204607e-02 (Symanzik1) mflops = 4.192083e+03
FFTIME:  time = 1.037898e-01 (asqtad3) terms = 2 mflops = 4.816765e+03
CONGRAD5: time = 2.519629e-01 (fn F) masses = 1 iters = 776 mflops = 4.211418e+03
 OK converged final_rsq= 5e-11 (cf 1e-10) rel = 1 (cf 0) restarts = 4 iters= 776
CONGRAD5: time = 2.427530e-01 (fn F) masses = 1 iters = 748 mflops = 4.213472e+03
 OK converged final_rsq= 9.9e-11 (cf 1e-10) rel = 1 (cf 0) restarts = 3 iters= 748
GFTIME:   time = 4.179287e-02 (Symanzik1) mflops = 4.217480e+03
FFTIME:  time = 1.048028e-01 (asqtad3) terms = 2 mflops = 4.770206e+03
CONGRAD5: time = 2.561529e-01 (fn F) masses = 1 iters = 788 mflops = 4.206590e+03
 OK converged final_rsq= 5e-11 (cf 1e-10) rel = 1 (cf 0) restarts = 4 iters= 788
CONGRAD5: time = 2.738419e-01 (fn F) masses = 1 iters = 776 mflops = 3.874941e+03
 OK converged final_rsq= 5e-11 (cf 1e-10) rel = 1 (cf 0) restarts = 4 iters= 776
GFTIME:   time = 4.572082e-02 (Symanzik1) mflops = 3.855150e+03
FFTIME:  time = 1.042831e-01 (asqtad3) terms = 2 mflops = 4.793981e+03
CONGRAD5: time = 2.496610e-01 (fn F) masses = 1 iters = 774 mflops = 4.239294e+03
 OK converged final_rsq= 9.9e-11 (cf 1e-10) rel = 1 (cf 0) restarts = 3 iters= 774
CONGRAD5: time = 2.522480e-01 (fn F) masses = 1 iters = 781 mflops = 4.233762e+03
 OK converged final_rsq= 9.9e-11 (cf 1e-10) rel = 1 (cf 0) restarts = 3 iters= 781
GFTIME:   time = 4.119205e-02 (Symanzik1) mflops = 4.278995e+03
FFTIME:  time = 1.049809e-01 (asqtad3) terms = 2 mflops = 4.762113e+03
CONGRAD5: time = 2.414680e-01 (fn F) masses = 1 iters = 748 mflops = 4.235896e+03
 OK converged final_rsq= 5e-11 (cf 1e-10) rel = 1 (cf 0) restarts = 4 iters= 748
CONGRAD5: time = 2.438450e-01 (fn F) masses = 1 iters = 754 mflops = 4.228251e+03
 OK converged final_rsq= 5e-11 (cf 1e-10) rel = 1 (cf 0) restarts = 4 iters= 754
GFTIME:   time = 4.115605e-02 (Symanzik1) mflops = 4.282738e+03
FFTIME:  time = 1.062028e-01 (asqtad3) terms = 2 mflops = 4.707324e+03
CONGRAD5: time = 2.493808e-01 (fn F) masses = 1 iters = 773 mflops = 4.238573e+03
 OK converged final_rsq= 5e-11 (cf 1e-10) rel = 1 (cf 0) restarts = 4 iters= 773
CONGRAD5: time = 2.477772e-01 (fn F) masses = 1 iters = 766 mflops = 4.227373e+03
 OK converged final_rsq= 5e-11 (cf 1e-10) rel = 1 (cf 0) restarts = 4 iters= 766
GFTIME:   time = 4.170108e-02 (Symanzik1) mflops = 4.226764e+03
FFTIME:  time = 1.040349e-01 (asqtad3) terms = 2 mflops = 4.805418e+03
CONGRAD5: time = 2.444730e-01 (fn F) masses = 1 iters = 758 mflops = 4.239763e+03
 OK converged final_rsq= 1e-10 (cf 1e-10) rel = 1 (cf 0) restarts = 3 iters= 758
CONGRAD5: time = 2.420969e-01 (fn F) masses = 1 iters = 750 mflops = 4.236188e+03
 OK converged final_rsq= 1e-10 (cf 1e-10) rel = 1 (cf 0) restarts = 3 iters= 750
GFTIME:   time = 4.164791e-02 (Symanzik1) mflops = 4.232160e+03
FFTIME:  time = 1.040490e-01 (asqtad3) terms = 2 mflops = 4.804768e+03
CONGRAD5: time = 2.721660e-01 (fn F) masses = 1 iters = 835 mflops = 4.195230e+03
 OK converged final_rsq= 5e-11 (cf 1e-10) rel = 1 (cf 0) restarts = 4 iters= 835
CONGRAD5: time = 2.388840e-01 (fn F) masses = 1 iters = 738 mflops = 4.224473e+03
 OK converged final_rsq= 5e-11 (cf 1e-10) rel = 1 (cf 0) restarts = 4 iters= 738
GFTIME:   time = 4.157710e-02 (Symanzik1) mflops = 4.239367e+03
FFTIME:  time = 1.038399e-01 (asqtad3) terms = 2 mflops = 4.814443e+03
CONGRAD5: time = 2.721660e-01 (fn F) masses = 1 iters = 791 mflops = 3.974164e+03
 OK converged final_rsq= 5e-11 (cf 1e-10) rel = 1 (cf 0) restarts = 4 iters= 791
CONGRAD5: time = 2.738581e-01 (fn F) masses = 1 iters = 770 mflops = 3.844752e+03
 OK converged final_rsq= 5e-11 (cf 1e-10) rel = 1 (cf 0) restarts = 4 iters= 770
GFTIME:   time = 4.617596e-02 (Symanzik1) mflops = 3.817151e+03
FFTIME:  time = 1.041160e-01 (asqtad3) terms = 2 mflops = 4.801676e+03
CONGRAD5: time = 2.547441e-01 (fn F) masses = 1 iters = 786 mflops = 4.219118e+03
 OK converged final_rsq= 5e-11 (cf 1e-10) rel = 1 (cf 0) restarts = 4 iters= 786
CONGRAD5: time = 2.451720e-01 (fn F) masses = 1 iters = 758 mflops = 4.227674e+03
 OK converged final_rsq= 5e-11 (cf 1e-10) rel = 1 (cf 0) restarts = 4 iters= 758
GFTIME:   time = 4.143405e-02 (Symanzik1) mflops = 4.254004e+03
FFTIME:  time = 1.051111e-01 (asqtad3) terms = 2 mflops = 4.756215e+03
PLAQ:	1.543834	1.540653
P_LOOP:	1.983617e-02	-1.473066e-02
G_LOOP:  0  0  4   	1.546035e+00	( 0 1 7 6  )
G_LOOP:  0  1  4   	1.542847e+00	( 0 2 7 5  )
G_LOOP:  0  2  4   	1.544938e+00	( 0 3 7 4  )
G_LOOP:  0  3  4   	1.542621e+00	( 1 2 6 5  )
G_LOOP:  0  4  4   	1.538985e+00	( 1 3 6 4  )
G_LOOP:  0  5  4   	1.538037e+00	( 2 3 5 4  )
G_LOOP:  1  0  6   	7.958931e-01	( 0 0 1 7 7 6  )
G_LOOP:  1  1  6   	7.793788e-01	( 0 0 2 7 7 5  )
G_LOOP:  1  2  6   	7.867843e-01	( 0 0 3 7 7 4  )
G_LOOP:  1  3  6   	7.877806e-01	( 1 1 0 6 6 7  )
G_LOOP:  1  4  6   	7.828170e-01	( 1 1 2 6 6 5  )
G_LOOP:  1  5  6   	7.739697e-01	( 1 1 3 6 6 4  )
G_LOOP:  1  6  6   	7.819269e-01	( 2 2 0 5 5 7  )
G_LOOP:  1  7  6   	7.815797e-01	( 2 2 1 5 5 6  )
G_LOOP:  1  8  6   	7.772782e-01	( 2 2 3 5 5 4  )
G_LOOP:  1  9  6   	7.810675e-01	( 3 3 0 4 4 7  )
G_LOOP:  1  10  6   	7.753647e-01	( 3 3 1 4 4 6  )
G_LOOP:  1  11  6   	7.773759e-01	( 3 3 2 4 4 5  )
G_LOOP:  2  0  6   	8.017822e-01	( 0 1 2 7 6 5  )
G_LOOP:  2  1  6   	8.053125e-01	( 0 1 5 7 6 2  )
G_LOOP:  2  2  6   	8.103233e-01	( 0 6 2 7 1 5  )
G_LOOP:  2  3  6   	8.010332e-01	( 0 6 5 7 1 2  )
G_LOOP:  2  4  6   	8.031932e-01	( 0 1 3 7 6 4  )
G_LOOP:  2  5  6   	8.131550e-01	( 0 1 4 7 6 3  )
G_LOOP:  2  6  6   	8.036287e-01	( 0 6 3 7 1 4  )
G_LOOP:  2  7  6   	8.036874e-01	( 0 6 4 7 1 3  )
G_LOOP:  2  8  6   	8.017114e-01	( 0 2 3 7 5 4  )
G_LOOP:  2  9  6   	8.037356e-01	( 0 2 4 7 5 3  )
G_LOOP:  2  10  6   	8.002903e-01	( 0 5 3 7 2 4  )
G_LOOP:  2  11  6   	8.062432e-01	( 0 5 4 7 2 3  )
G_LOOP:  2  12  6   	8.003423e-01	( 1 2 3 6 5 4  )
G_LOOP:  2  13  6   	7.972471e-01	( 1 2 4 6 5 3  )
G_LOOP:  2  14  6   	8.022769e-01	( 1 5 3 6 2 4  )
G_LOOP:  2  15  6   	8.029453e-01	( 1 5 4 6 2 3  )
GACTION: 6.317866e+00
CONGRAD5: time = 2.532170e-01 (fn F) masses = 1 iters = 781 mflops = 4.217561e+03
 OK converged final_rsq= 5e-11 (cf 1e-10) rel = 1 (cf 0) restarts = 4 iters= 781
CONGRAD5: time = 2.532697e-02 (fn F) masses = 1 iters = 76 mflops = 4.103303e+03
 OK converged final_rsq= 9.8e-11 (cf 1e-10) rel = 1 (cf 0) restarts = 1 iters= 76
PBP: mass 1.000000e-02     8.057977e-02  5.500840e-02  5.105122e-03  5.105786e-03 ( 1 of 1 )
FACTION: mass = 1.000000e-02,  1.504849e+00 ( 1 of 1 )
CONGRAD5: time = 2.403250e-01 (fn F) masses = 1 iters = 738 mflops = 4.199143e+03
 OK converged final_rsq= 5e-11 (cf 1e-10) rel = 1 (cf 0) restarts = 4 iters= 738
CONGRAD5: time = 2.597404e-02 (fn F) masses = 1 iters = 78 mflops = 4.106373e+03
 OK converged final_rsq= 9.8e-11 (cf 1e-10) rel = 1 (cf 0) restarts = 1 iters= 78
PBP: mass 1.000000e-02     6.155567e-02  7.046086e-02  3.039757e-03  3.040164e-03 ( 1 of 1 )
FACTION: mass = 1.000000e-02,  1.504748e+00 ( 1 of 1 )
CONGRAD5: time = 2.526331e-01 (fn F) masses = 1 iters = 777 mflops = 4.205658e+03
 OK converged final_rsq= 5e-11 (cf 1e-10) rel = 1 (cf 0) restarts = 4 iters= 777
CONGRAD5: time = 2.488561e-01 (fn F) masses = 1 iters = 766 mflops = 4.209047e+03
 OK converged final_rsq= 9.8e-11 (cf 1e-10) rel = 1 (cf 0) restarts = 3 iters= 766
GFTIME:   time = 4.181719e-02 (Symanzik1) mflops = 4.215028e+03
FFTIME:  time = 1.050389e-01 (asqtad3) terms = 2 mflops = 4.759486e+03
CONGRAD5: time = 2.487850e-01 (fn F) masses = 1 iters = 763 mflops = 4.193759e+03
 OK converged final_rsq= 5e-11 (cf 1e-10) rel = 1 (cf 0) restarts = 4 iters= 763
CONGRAD5: time = 2.398012e-01 (fn F) masses = 1 iters = 738 mflops = 4.208315e+03
 OK converged final_rsq= 9.9e-11 (cf 1e-10) rel = 1 (cf 0) restarts = 3 iters= 738
GFTIME:   time = 4.143190e-02 (Symanzik1) mflops = 4.254224e+03
FFTIME:  time = 1.043971e-01 (asqtad3) terms = 2 mflops = 4.788747e+03
CONGRAD5: time = 2.621131e-01 (fn F) masses = 1 iters = 805 mflops = 4.199624e+03
 OK converged final_rsq= 5e-11 (cf 1e-10) rel = 1 (cf 0) restarts = 4 iters= 805
CONGRAD5: time = 2.505379e-01 (fn F) masses = 1 iters = 771 mflops = 4.208082e+03
 OK converged final_rsq= 5e-11 (cf 1e-10) rel = 1 (cf 0) restarts = 4 iters= 771
GFTIME:   time = 4.162502e-02 (Symanzik1) mflops = 4.234487e+03
FFTIME:  time = 1.053689e-01 (asqtad3) terms = 2 mflops = 4.744582e+03
CONGRAD5: time = 2.717261e-01 (fn F) masses = 1 iters = 823 mflops = 4.141633e+03
 OK converged final_rsq= 4.9e-11 (cf 1e-10) rel = 1 (cf 0) restarts = 4 iters= 823
CONGRAD5: time = 2.448571e-01 (fn F) masses = 1 iters = 752 mflops = 4.199604e+03
 OK converged final_rsq= 5e-11 (cf 1e-10) rel = 1 (cf 0) restarts = 4 iters= 752
GFTIME:   time = 4.178905e-02 (Symanzik1) mflops = 4.217865e+03
FFTIME:  time = 1.054349e-01 (asqtad3) terms = 2 mflops = 4.741610e+03
CONGRAD5: time = 2.502251e-01 (fn F) masses = 1 iters = 769 mflops = 4.202413e+03
 OK converged final_rsq= 9.9e-11 (cf 1e-10) rel = 1 (cf 0) restarts = 3 iters= 769
CONGRAD5: time = 2.567141e-01 (fn F) masses = 1 iters = 778 mflops = 4.144127e+03
 OK converged final_rsq= 5e-11 (cf 1e-10) rel = 1 (cf 0) restarts = 4 iters= 778
GFTIME:   time = 4.147005e-02 (Symanzik1) mflops = 4.250311e+03
FFTIME:  time = 1.053169e-01 (asqtad3) terms = 2 mflops = 4.746923e+03
CONGRAD5: time = 2.585411e-01 (fn F) masses = 1 iters = 794 mflops = 4.199466e+03
 OK converged final_rsq= 5e-11 (cf 1e-10) rel = 1 (cf 0) restarts = 4 iters= 794
CONGRAD5: time = 2.448220e-01 (fn F) masses = 1 iters = 752 mflops = 4.200206e+03
 OK converged final_rsq= 5e-11 (cf 1e-10) rel = 1 (cf 0) restarts = 4 iters= 752
GFTIME:   time = 4.152417e-02 (Symanzik1) mflops = 4.244771e+03
FFTIME:  time = 1.059651e-01 (asqtad3) terms = 2 mflops = 4.717883e+03
CONGRAD5: time = 2.465651e-01 (fn F) masses = 1 iters = 756 mflops = 4.192696e+03
 OK converged final_rsq= 5e-11 (cf 1e-10) rel = 1 (cf 0) restarts = 4 iters= 756
CONGRAD5: time = 2.407789e-01 (fn F) masses = 1 iters = 740 mflops = 4.202584e+03
 OK converged final_rsq= 5e-11 (cf 1e-10) rel = 1 (cf 0) restarts = 4 iters= 740
GFTIME:   time = 4.153585e-02 (Symanzik1) mflops = 4.243577e+03
FFTIME:  time = 1.057329e-01 (asqtad3) terms = 2 mflops = 4.728245e+03
CONGRAD5: time = 2.434919e-01 (fn F) masses = 1 iters = 748 mflops = 4.200687e+03
 OK converged final_rsq= 5e-11 (cf 1e-10) rel = 1 (cf 0) restarts = 4 iters= 748
CONGRAD5: time = 2.292590e-01 (fn F) masses = 1 iters = 705 mflops = 4.204999e+03
 OK converged final_rsq= 1e-10 (cf 1e-10) rel = 1 (cf 0) restarts = 3 iters= 705
GFTIME:   time = 4.142904e-02 (Symanzik1) mflops = 4.254518e+03
FFTIME:  time = 1.059830e-01 (asqtad3) terms = 2 mflops = 4.717087e+03
CONGRAD5: time = 2.528391e-01 (fn F) masses = 1 iters = 776 mflops = 4.196823e+03
 OK converged final_rsq= 4.9e-11 (cf 1e-10) rel = 1 (cf 0) restarts = 4 iters= 776
CONGRAD5: time = 2.560618e-01 (fn F) masses = 1 iters = 787 mflops = 4.202746e+03
 OK converged final_rsq= 5e-11 (cf 1e-10) rel = 1 (cf 0) restarts = 4 iters= 787
GFTIME:   time = 4.170203e-02 (Symanzik1) mflops = 4.226667e+03
FFTIME:  time = 1.052668e-01 (asqtad3) terms = 2 mflops = 4.749181e+03
CONGRAD5: time = 2.467308e-01 (fn F) masses = 1 iters = 756 mflops = 4.189880e+03
 OK converged final_rsq= 5e-11 (cf 1e-10) rel = 1 (cf 0) restarts = 4 iters= 756
CONGRAD5: time = 2.504451e-01 (fn F) masses = 1 iters = 771 mflops = 4.209640e+03
 OK converged final_rsq= 5e-11 (cf 1e-10) rel = 1 (cf 0) restarts = 4 iters= 771
GFTIME:   time = 4.404092e-02 (Symanzik1) mflops = 4.002201e+03
FFTIME:  time = 1.048300e-01 (asqtad3) terms = 2 mflops = 4.768969e+03
CONGRAD5: time = 2.568488e-01 (fn F) masses = 1 iters = 788 mflops = 4.195192e+03
 OK converged final_rsq= 5e-11 (cf 1e-10) rel = 1 (cf 0) restarts = 4 iters= 788
CONGRAD5: time = 2.521691e-01 (fn F) masses = 1 iters = 774 mflops = 4.197128e+03
 OK converged final_rsq= 5e-11 (cf 1e-10) rel = 1 (cf 0) restarts = 4 iters= 774
GFTIME:   time = 4.188108e-02 (Symanzik1) mflops = 4.208597e+03
FFTIME:  time = 1.053910e-01 (asqtad3) terms = 2 mflops = 4.743584e+03
CONGRAD5: time = 2.536879e-01 (fn F) masses = 1 iters = 778 mflops = 4.193562e+03
 OK converged final_rsq= 5e-11 (cf 1e-10) rel = 1 (cf 0) restarts = 4 iters= 778
CONGRAD5: time = 2.535040e-01 (fn F) masses = 1 iters = 778 mflops = 4.196603e+03
 OK converged final_rsq= 4.9e-11 (cf 1e-10) rel = 1 (cf 0) restarts = 4 iters= 778
GFTIME:   time = 4.144907e-02 (Symanzik1) mflops = 4.252462e+03
FFTIME:  time = 1.049089e-01 (asqtad3) terms = 2 mflops = 4.765381e+03
CONGRAD5: time = 2.601221e-01 (fn F) masses = 1 iters = 798 mflops = 4.194970e+03
 OK converged final_rsq= 5e-11 (cf 1e-10) rel = 1 (cf 0) restarts = 4 iters= 798
CONGRAD5: time = 2.621691e-01 (fn F) masses = 1 iters = 802 mflops = 4.183079e+03
 OK converged final_rsq= 5e-11 (cf 1e-10) rel = 1 (cf 0) restarts = 4 iters= 802
GFTIME:   time = 4.140711e-02 (Symanzik1) mflops = 4.256772e+03
FFTIME:  time = 1.052811e-01 (asqtad3) terms = 2 mflops = 4.748536e+03
CONGRAD5: time = 2.663360e-01 (fn F) masses = 1 iters = 806 mflops = 4.138171e+03
 OK converged final_rsq= 5e-11 (cf 1e-10) rel = 1 (cf 0) restarts = 4 iters= 806
CONGRAD5: time = 2.571390e-01 (fn F) masses = 1 iters = 790 mflops = 4.201094e+03
 OK converged final_rsq= 5e-11 (cf 1e-10) rel = 1 (cf 0) restarts = 4 iters= 790
GFTIME:   time = 4.139805e-02 (Symanzik1) mflops = 4.257703e+03
FFTIME:  time = 1.058869e-01 (asqtad3) terms = 2 mflops = 4.721367e+03
CONGRAD5: time = 2.587020e-01 (fn F) masses = 1 iters = 794 mflops = 4.196854e+03
 OK converged final_rsq= 4.9e-11 (cf 1e-10) rel = 1 (cf 0) restarts = 4 iters= 794
CONGRAD5: time = 2.396519e-01 (fn F) masses = 1 iters = 735 mflops = 4.193818e+03
 OK converged final_rsq= 5e-11 (cf 1e-10) rel = 1 (cf 0) restarts = 4 iters= 735
GFTIME:   time = 4.152608e-02 (Symanzik1) mflops = 4.244576e+03
FFTIME:  time = 1.055050e-01 (asqtad3) terms = 2 mflops = 4.738460e+03
PLAQ:	1.499718	1.498448
P_LOOP:	4.247256e-02	3.370666e-02
G_LOOP:  0  0  4   	1.502541e+00	( 0 1 7 6  )
G_LOOP:  0  1  4   	1.501138e+00	( 0 2 7 5  )
G_LOOP:  0  2  4   	1.503322e+00	( 0 3 7 4  )
G_LOOP:  0  3  4   	1.495474e+00	( 1 2 6 5  )
G_LOOP:  0  4  4   	1.493737e+00	( 1 3 6 4  )
G_LOOP:  0  5  4   	1.498285e+00	( 2 3 5 4  )
G_LOOP:  1  0  6   	7.455162e-01	( 0 0 1 7 7 6  )
G_LOOP:  1  1  6   	7.399786e-01	( 0 0 2 7 7 5  )
G_LOOP:  1  2  6   	7.456360e-01	( 0 0 3 7 7 4  )
G_LOOP:  1  3  6   	7.467038e-01	( 1 1 0 6 6 7  )
G_LOOP:  1  4  6   	7.429654e-01	( 1 1 2 6 6 5  )
G_LOOP:  1  5  6   	7.306268e-01	( 1 1 3 6 6 4  )
G_LOOP:  1  6  6   	7.464339e-01	( 2 2 0 5 5 7  )
G_LOOP:  1  7  6   	7.408326e-01	( 2 2 1 5 5 6  )
G_LOOP:  1  8  6   	7.382699e-01	( 2 2 3 5 5 4  )
G_LOOP:  1  9  6   	7.443722e-01	( 3 3 0 4 4 7  )
G_LOOP:  1  10  6   	7.351263e-01	( 3 3 1 4 4 6  )
G_LOOP:  1  11  6   	7.399194e-01	( 3 3 2 4 4 5  )
G_LOOP:  2  0  6   	7.636310e-01	( 0 1 2 7 6 5  )
G_LOOP:  2  1  6   	7.581956e-01	( 0 1 5 7 6 2  )
G_LOOP:  2  2  6   	7.643480e-01	( 0 6 2 7 1 5  )
G_LOOP:  2  3  6   	7.553394e-01	( 0 6 5 7 1 2  )
G_LOOP:  2  4  6   	7.581247e-01	( 0 1 3 7 6 4  )
G_LOOP:  2  5  6   	7.589073e-01	( 0 1 4 7 6 3  )
G_LOOP:  2  6  6   	7.605937e-01	( 0 6 3 7 1 4  )
G_LOOP:  2  7  6   	7.657403e-01	( 0 6 4 7 1 3  )
G_LOOP:  2  8  6   	7.617429e-01	( 0 2 3 7 5 4  )
G_LOOP:  2  9  6   	7.646808e-01	( 0 2 4 7 5 3  )
G_LOOP:  2  10  6   	7.608517e-01	( 0 5 3 7 2 4  )
G_LOOP:  2  11  6   	7.640243e-01	( 0 5 4 7 2 3  )
G_LOOP:  2  12  6   	7.594221e-01	( 1 2 3 6 5 4  )
G_LOOP:  2  13  6   	7.567566e-01	( 1 2 4 6 5 3  )
G_LOOP:  2  14  6   	7.561183e-01	( 1 5 3 6 2 4  )
G_LOOP:  2  15  6   	7.594491e-01	( 1 5 4 6 2 3  )
GACTION: 6.532093e+00
CONGRAD5: time = 2.518299e-01 (fn F) masses = 1 iters = 774 mflops = 4.202783e+03
 OK converged final_rsq= 9.9e-11 (cf 1e-10) rel = 1 (cf 0) restarts = 3 iters= 774
CONGRAD5: time = 2.643394e-02 (fn F) masses = 1 iters = 79 mflops = 4.086658e+03
 OK converged final_rsq= 9.9e-11 (cf 1e-10) rel = 1 (cf 0) restarts = 1 iters= 79
PBP: mass 1.000000e-02     7.025286e-02  6.957341e-02  3.612763e-03  3.608188e-03 ( 1 of 1 )
FACTION: mass = 1.000000e-02,  1.497696e+00 ( 1 of 1 )
CONGRAD5: time = 2.460511e-01 (fn F) masses = 1 iters = 757 mflops = 4.207013e+03
 OK converged final_rsq= 9.9e-11 (cf 1e-10) rel = 1 (cf 0) restarts = 3 iters= 757
CONGRAD5: time = 2.546883e-02 (fn F) masses = 1 iters = 76 mflops = 4.080448e+03
 OK converged final_rsq= 9.9e-11 (cf 1e-10) rel = 1 (cf 0) restarts = 1 iters= 76
PBP: mass 1.000000e-02     5.441487e-02  8.531050e-02  -1.211491e-02  -1.211350e-02 ( 1 of 1 )
FACTION: mass = 1.000000e-02,  1.507285e+00 ( 1 of 1 )
CONGRAD5: time = 2.518110e-01 (fn F) masses = 1 iters = 772 mflops = 4.192236e+03
 OK converged final_rsq= 4.9e-11 (cf 1e-10) rel = 1 (cf 0) restarts = 4 iters= 772
CONGRAD5: time = 2.594080e-01 (fn F) masses = 1 iters = 773 mflops = 4.074735e+03
 OK converged final_rsq= 5e-11 (cf 1e-10) rel = 1 (cf 0) restarts = 4 iters= 773
GFTIME:   time = 4.157090e-02 (Symanzik1) mflops = 4.240000e+03
FFTIME:  time = 1.050510e-01 (asqtad3) terms = 2 mflops = 4.758936e+03
CONGRAD5: time = 2.660441e-01 (fn F) masses = 1 iters = 793 mflops = 4.075892e+03
 OK converged final_rsq= 5e-11 (cf 1e-10) rel = 1 (cf 0) restarts = 4 iters= 793
CONGRAD5: time = 2.820640e-01 (fn F) masses = 1 iters = 791 mflops = 3.834706e+03
 OK converged final_rsq= 4.9e-11 (cf 1e-10) rel = 1 (cf 0) restarts = 4 iters= 791
GFTIME:   time = 4.645395e-02 (Symanzik1) mflops = 3.794308e+03
FFTIME:  time = 1.038282e-01 (asqtad3) terms = 2 mflops = 4.814985e+03
CONGRAD5: time = 2.664490e-01 (fn F) masses = 1 iters = 819 mflops = 4.203132e+03
 OK converged final_rsq= 4.9e-11 (cf 1e-10) rel = 1 (cf 0) restarts = 4 iters= 819
CONGRAD5: time = 2.508900e-01 (fn F) masses = 1 iters = 770 mflops = 4.196725e+03
 OK converged final_rsq= 5e-11 (cf 1e-10) rel = 1 (cf 0) restarts = 4 iters= 770
GFTIME:   time = 4.138303e-02 (Symanzik1) mflops = 4.259249e+03
FFTIME:  time = 1.060569e-01 (asqtad3) terms = 2 mflops = 4.713800e+03
CONGRAD5: time = 2.476311e-01 (fn F) masses = 1 iters = 762 mflops = 4.207780e+03
 OK converged final_rsq= 5e-11 (cf 1e-10) rel = 1 (cf 0) restarts = 4 iters= 762
CONGRAD5: time = 2.756710e-01 (fn F) masses = 1 iters = 784 mflops = 3.888912e+03
 OK converged final_rsq= 4.9e-11 (cf 1e-10) rel = 1 (cf 0) restarts = 4 iters= 784
GFTIME:   time = 4.597807e-02 (Symanzik1) mflops = 3.833580e+03
FFTIME:  time = 1.048422e-01 (asqtad3) terms = 2 mflops = 4.768416e+03
CONGRAD5: time = 2.588060e-01 (fn F) masses = 1 iters = 797 mflops = 4.211019e+03
 OK converged final_rsq= 4.9e-11 (cf 1e-10) rel = 1 (cf 0) restarts = 4 iters= 797
CONGRAD5: time = 2.425818e-01 (fn F) masses = 1 iters = 749 mflops = 4.222083e+03
 OK converged final_rsq= 1e-10 (cf 1e-10) rel = 1 (cf 0) restarts = 3 iters= 749
GFTIME:   time = 4.162478e-02 (Symanzik1) mflops = 4.234511e+03
FFTIME:  time = 1.054361e-01 (asqtad3) terms = 2 mflops = 4.741556e+03
CONGRAD5: time = 2.546051e-01 (fn F) masses = 1 iters = 783 mflops = 4.205309e+03
 OK converged final_rsq= 5e-11 (cf 1e-10) rel = 1 (cf 0) restarts = 4 iters= 783
CONGRAD5: time = 2.433419e-01 (fn F) masses = 1 iters = 750 mflops = 4.214514e+03
 OK converged final_rsq= 5e-11 (cf 1e-10) rel = 1 (cf 0) restarts = 4 iters= 750
GFTIME:   time = 4.146719e-02 (Symanzik1) mflops = 4.250604e+03
FFTIME:  time = 1.061242e-01 (asqtad3) terms = 2 mflops = 4.710813e+03
CONGRAD5: time = 2.505100e-01 (fn F) masses = 1 iters = 773 mflops = 4.219468e+03
 OK converged final_rsq= 9.9e-11 (cf 1e-10) rel = 1 (cf 0) restarts = 3 iters= 773
CONGRAD5: time = 2.579179e-01 (fn F) masses = 1 iters = 760 mflops = 4.029353e+03
 OK converged final_rsq= 5e-11 (cf 1e-10) rel = 1 (cf 0) restarts = 4 iters= 760
GFTIME:   time = 4.743886e-02 (Symanzik1) mflops = 3.715532e+03
FFTIME:  time = 1.050069e-01 (asqtad3) terms = 2 mflops = 4.760935e+03
CONGRAD5: time = 2.394319e-01 (fn F) masses = 1 iters = 737 mflops = 4.209095e+03
 OK converged final_rsq= 5e-11 (cf 1e-10) rel = 1 (cf 0) restarts = 4 iters= 737
CONGRAD5: time = 2.624810e-01 (fn F) masses = 1 iters = 798 mflops = 4.157270e+03
 OK converged final_rsq= 5e-11 (cf 1e-10) rel = 1 (cf 0) restarts = 4 iters= 798
GFTIME:   time = 4.127789e-02 (Symanzik1) mflops = 4.270098e+03
FFTIME:  time = 1.053879e-01 (asqtad3) terms = 2 mflops = 4.743723e+03
CONGRAD5: time = 2.671230e-01 (fn F) masses = 1 iters = 820 mflops = 4.197646e+03
 OK converged final_rsq= 5e-11 (cf 1e-10) rel = 1 (cf 0) restarts = 4 iters= 820
CONGRAD5: time = 2.527571e-01 (fn F) masses = 1 iters = 777 mflops = 4.203595e+03
 OK converged final_rsq= 4.9e-11 (cf 1e-10) rel = 1 (cf 0) restarts = 4 iters= 777
GFTIME:   time = 4.164600e-02 (Symanzik1) mflops = 4.232353e+03
FFTIME:  time = 1.051300e-01 (asqtad3) terms = 2 mflops = 4.755363e+03
CONGRAD5: time = 2.516990e-01 (fn F) masses = 1 iters = 774 mflops = 4.204968e+03
 OK converged final_rsq= 5e-11 (cf 1e-10) rel = 1 (cf 0) restarts = 4 iters= 774
CONGRAD5: time = 2.511001e-01 (fn F) masses = 1 iters = 775 mflops = 4.220443e+03
 OK converged final_rsq= 1e-10 (cf 1e-10) rel = 1 (cf 0) restarts = 3 iters= 775
GFTIME:   time = 4.135418e-02 (Symanzik1) mflops = 4.262220e+03
FFTIME:  time = 1.054339e-01 (asqtad3) terms = 2 mflops = 4.741653e+03
CONGRAD5: time = 2.755370e-01 (fn F) masses = 1 iters = 848 mflops = 4.208420e+03
 OK converged final_rsq= 5e-11 (cf 1e-10) rel = 1 (cf 0) restarts = 4 iters= 848
CONGRAD5: time = 2.381151e-01 (fn F) masses = 1 iters = 734 mflops = 4.215144e+03
 OK converged final_rsq= 5e-11 (cf 1e-10) rel = 1 (cf 0) restarts = 4 iters= 734
GFTIME:   time = 4.145908e-02 (Symanzik1) mflops = 4.251435e+03
FFTIME:  time = 1.049390e-01 (asqtad3) terms = 2 mflops = 4.764017e+03
CONGRAD5: time = 2.626429e-01 (fn F) masses = 1 iters = 808 mflops = 4.206772e+03
 OK converged final_rsq= 5e-11 (cf 1e-10) rel = 1 (cf 0) restarts = 4 iters= 808
CONGRAD5: time = 2.416701e-01 (fn F) masses = 1 iters = 743 mflops = 4.204061e+03
 OK converged final_rsq= 5e-11 (cf 1e-10) rel = 1 (cf 0) restarts = 4 iters= 743
GFTIME:   time = 4.113293e-02 (Symanzik1) mflops = 4.285146e+03
FFTIME:  time = 1.051002e-01 (asqtad3) terms = 2 mflops = 4.756712e+03
CONGRAD5: time = 2.607310e-01 (fn F) masses = 1 iters = 800 mflops = 4.195662e+03
 OK converged final_rsq= 5e-11 (cf 1e-10) rel = 1 (cf 0) restarts = 4 iters= 800
CONGRAD5: time = 2.455111e-01 (fn F) masses = 1 iters = 755 mflops = 4.205127e+03
 OK converged final_rsq= 5e-11 (cf 1e-10) rel = 1 (cf 0) restarts = 4 iters= 755
GFTIME:   time = 4.133201e-02 (Symanzik1) mflops = 4.264506e+03
FFTIME:  time = 1.056938e-01 (asqtad3) terms = 2 mflops = 4.729994e+03
CONGRAD5: time = 2.583060e-01 (fn F) masses = 1 iters = 795 mflops = 4.208582e+03
 OK converged final_rsq= 5e-11 (cf 1e-10) rel = 1 (cf 0) restarts = 4 iters= 795
CONGRAD5: time = 2.602000e-01 (fn F) masses = 1 iters = 759 mflops = 3.988758e+03
 OK converged final_rsq= 5e-11 (cf 1e-10) rel = 1 (cf 0) restarts = 4 iters= 759
GFTIME:   time = 4.567099e-02 (Symanzik1) mflops = 3.859356e+03
FFTIME:  time = 1.059930e-01 (asqtad3) terms = 2 mflops = 4.716642e+03
CONGRAD5: time = 2.510979e-01 (fn F) masses = 1 iters = 772 mflops = 4.204142e+03
 OK converged final_rsq= 5e-11 (cf 1e-10) rel = 1 (cf 0) restarts = 4 iters= 772
CONGRAD5: time = 2.492108e-01 (fn F) masses = 1 iters = 767 mflops = 4.208542e+03
 OK converged final_rsq= 5e-11 (cf 1e-10) rel = 1 (cf 0) restarts = 4 iters= 767
GFTIME:   time = 4.158902e-02 (Symanzik1) mflops = 4.238152e+03
FFTIME:  time = 1.046109e-01 (asqtad3) terms = 2 mflops = 4.778957e+03
PLAQ:	1.476697	1.477073
P_LOOP:	2.486254e-02	2.278989e-02
G_LOOP:  0  0  4   	1.475437e+00	( 0 1 7 6  )
G_LOOP:  0  1  4   	1.475616e+00	( 0 2 7 5  )
G_LOOP:  0  2  4   	1.481018e+00	( 0 3 7 4  )
G_LOOP:  0  3  4   	1.479037e+00	( 1 2 6 5  )
G_LOOP:  0  4  4   	1.473967e+00	( 1 3 6 4  )
G_LOOP:  0  5  4   	1.476234e+00	( 2 3 5 4  )
G_LOOP:  1  0  6   	7.134409e-01	( 0 0 1 7 7 6  )
G_LOOP:  1  1  6   	7.176435e-01	( 0 0 2 7 7 5  )
G_LOOP:  1  2  6   	7.225661e-01	( 0 0 3 7 7 4  )
G_LOOP:  1  3  6   	7.211161e-01	( 1 1 0 6 6 7  )
G_LOOP:  1  4  6   	7.214377e-01	( 1 1 2 6 6 5  )
G_LOOP:  1  5  6   	7.135637e-01	( 1 1 3 6 6 4  )
G_LOOP:  1  6  6   	7.193459e-01	( 2 2 0 5 5 7  )
G_LOOP:  1  7  6   	7.220931e-01	( 2 2 1 5 5 6  )
G_LOOP:  1  8  6   	7.200063e-01	( 2 2 3 5 5 4  )
G_LOOP:  1  9  6   	7.168352e-01	( 3 3 0 4 4 7  )
G_LOOP:  1  10  6   	7.190252e-01	( 3 3 1 4 4 6  )
G_LOOP:  1  11  6   	7.138585e-01	( 3 3 2 4 4 5  )
G_LOOP:  2  0  6   	7.357768e-01	( 0 1 2 7 6 5  )
G_LOOP:  2  1  6   	7.320123e-01	( 0 1 5 7 6 2  )
G_LOOP:  2  2  6   	7.364613e-01	( 0 6 2 7 1 5  )
G_LOOP:  2  3  6   	7.320867e-01	( 0 6 5 7 1 2  )
G_LOOP:  2  4  6   	7.361091e-01	( 0 1 3 7 6 4  )
G_LOOP:  2  5  6   	7.303063e-01	( 0 1 4 7 6 3  )
G_LOOP:  2  6  6   	7.390924e-01	( 0 6 3 7 1 4  )
G_LOOP:  2  7  6   	7.347055e-01	( 0 6 4 7 1 3  )
G_LOOP:  2  8  6   	7.348431e-01	( 0 2 3 7 5 4  )
G_LOOP:  2  9  6   	7.360243e-01	( 0 2 4 7 5 3  )
G_LOOP:  2  10  6   	7.385204e-01	( 0 5 3 7 2 4  )
G_LOOP:  2  11  6   	7.324487e-01	( 0 5 4 7 2 3  )
G_LOOP:  2  12  6   	7.403301e-01	( 1 2 3 6 5 4  )
G_LOOP:  2  13  6   	7.324345e-01	( 1 2 4 6 5 3  )
G_LOOP:  2  14  6   	7.357652e-01	( 1 5 3 6 2 4  )
G_LOOP:  2  15  6   	7.261701e-01	( 1 5 4 6 2 3  )
GACTION: 6.639620e+00
CONGRAD5: time = 2.480450e-01 (fn F) masses = 1 iters = 764 mflops = 4.211784e+03
 OK converged final_rsq= 5e-11 (cf 1e-10) rel = 1 (cf 0) restarts = 4 iters= 764
CONGRAD5: time = 2.537704e-02 (fn F) masses = 1 iters = 76 mflops = 4.095207e+03
 OK converged final_rsq= 9.9e-11 (cf 1e-10) rel = 1 (cf 0) restarts = 1 iters= 76
PBP: mass 1.000000e-02     6.420434e-02  6.865546e-02  7.113004e-03  7.106347e-03 ( 1 of 1 )
FACTION: mass = 1.000000e-02,  1.503057e+00 ( 1 of 1 )
CONGRAD5: time = 2.483711e-01 (fn F) masses = 1 iters = 764 mflops = 4.206254e+03
 OK converged final_rsq= 5e-11 (cf 1e-10) rel = 1 (cf 0) restarts = 4 iters= 764
CONGRAD5: time = 2.645493e-02 (fn F) masses = 1 iters = 77 mflops = 3.980039e+03
 OK converged final_rsq= 5e-11 (cf 1e-10) rel = 1 (cf 0) restarts = 2 iters= 77
PBP: mass 1.000000e-02     7.130495e-02  5.894589e-02  4.583319e-03  4.586109e-03 ( 1 of 1 )
FACTION: mass = 1.000000e-02,  1.488793e+00 ( 1 of 1 )
CONGRAD5: time = 2.695272e-01 (fn F) masses = 1 iters = 827 mflops = 4.195716e+03
 OK converged final_rsq= 4.9e-11 (cf 1e-10) rel = 1 (cf 0) restarts = 4 iters= 827
CONGRAD5: time = 2.551761e-01 (fn F) masses = 1 iters = 783 mflops = 4.195899e+03
 OK converged final_rsq= 5e-11 (cf 1e-10) rel = 1 (cf 0) restarts = 4 iters= 783
GFTIME:   time = 4.173708e-02 (Symanzik1) mflops = 4.223118e+03
FFTIME:  time = 1.052608e-01 (asqtad3) terms = 2 mflops = 4.749450e+03
CONGRAD5: time = 2.657020e-01 (fn F) masses = 1 iters = 818 mflops = 4.209802e+03
 OK converged final_rsq= 5e-11 (cf 1e-10) rel = 1 (cf 0) restarts = 4 iters= 818
CONGRAD5: time = 2.572341e-01 (fn F) masses = 1 iters = 792 mflops = 4.210172e+03
 OK converged final_rsq= 4.9e-11 (cf 1e-10) rel = 1 (cf 0) restarts = 4 iters= 792
GFTIME:   time = 4.153299e-02 (Symanzik1) mflops = 4.243870e+03
FFTIME:  time = 1.057341e-01 (asqtad3) terms = 2 mflops = 4.728192e+03
CONGRAD5: time = 2.628551e-01 (fn F) masses = 1 iters = 808 mflops = 4.203376e+03
 OK converged final_rsq= 4.9e-11 (cf 1e-10) rel = 1 (cf 0) restarts = 4 iters= 808
CONGRAD5: time = 2.403500e-01 (fn F) masses = 1 iters = 739 mflops = 4.204395e+03
 OK converged final_rsq= 5e-11 (cf 1e-10) rel = 1 (cf 0) restarts = 4 iters= 739
GFTIME:   time = 4.147196e-02 (Symanzik1) mflops = 4.250115e+03
FFTIME:  time = 1.060591e-01 (asqtad3) terms = 2 mflops = 4.713704e+03
CONGRAD5: time = 2.581990e-01 (fn F) masses = 1 iters = 791 mflops = 4.189143e+03
 OK converged final_rsq= 5e-11 (cf 1e-10) rel = 1 (cf 0) restarts = 4 iters= 791
CONGRAD5: time = 2.537630e-01 (fn F) masses = 1 iters = 781 mflops = 4.208487e+03
 OK converged final_rsq= 1e-10 (cf 1e-10) rel = 1 (cf 0) restarts = 3 iters= 781
GFTIME:   time = 4.136896e-02 (Symanzik1) mflops = 4.260697e+03
FFTIME:  time = 1.061759e-01 (asqtad3) terms = 2 mflops = 4.708518e+03
CONGRAD5: time = 2.484651e-01 (fn F) masses = 1 iters = 764 mflops = 4.204663e+03
 OK converged final_rsq= 4.9e-11 (cf 1e-10) rel = 1 (cf 0) restarts = 4 iters= 764
CONGRAD5: time = 2.464218e-01 (fn F) masses = 1 iters = 759 mflops = 4.211781e+03
 OK converged final_rsq= 5e-11 (cf 1e-10) rel = 1 (cf 0) restarts = 4 iters= 759
GFTIME:   time = 4.133701e-02 (Symanzik1) mflops = 4.263990e+03
FFTIME:  time = 1.061790e-01 (asqtad3) terms = 2 mflops = 4.708381e+03
CONGRAD5: time = 2.613821e-01 (fn F) masses = 1 iters = 805 mflops = 4.211368e+03
 OK converged final_rsq= 5e-11 (cf 1e-10) rel = 1 (cf 0) restarts = 4 iters= 805
CONGRAD5: time = 2.480540e-01 (fn F) masses = 1 iters = 763 mflops = 4.206118e+03
 OK converged final_rsq= 9.9e-11 (cf 1e-10) rel = 1 (cf 0) restarts = 3 iters= 763
GFTIME:   time = 4.164791e-02 (Symanzik1) mflops = 4.232160e+03
FFTIME:  time = 1.050189e-01 (asqtad3) terms = 2 mflops = 4.760394e+03
CONGRAD5: time = 2.541349e-01 (fn F) masses = 1 iters = 781 mflops = 4.202328e+03
 OK converged final_rsq= 4.9e-11 (cf 1e-10) rel = 1 (cf 0) restarts = 4 iters= 781
CONGRAD5: time = 2.486010e-01 (fn F) masses = 1 iters = 767 mflops = 4.218866e+03
 OK converged final_rsq= 5e-11 (cf 1e-10) rel = 1 (cf 0) restarts = 4 iters= 767
GFTIME:   time = 4.160690e-02 (Symanzik1) mflops = 4.236331e+03
FFTIME:  time = 1.051259e-01 (asqtad3) terms = 2 mflops = 4.755547e+03
CONGRAD5: time = 2.551131e-01 (fn F) masses = 1 iters = 785 mflops = 4.207654e+03
 OK converged final_rsq= 5e-11 (cf 1e-10) rel = 1 (cf 0) restarts = 4 iters= 785
CONGRAD5: time = 2.487240e-01 (fn F) masses = 1 iters = 764 mflops = 4.200286e+03
 OK converged final_rsq= 5e-11 (cf 1e-10) rel = 1 (cf 0) restarts = 4 iters= 764
GFTIME:   time = 4.184890e-02 (Symanzik1) mflops = 4.211834e+03
FFTIME:  time = 1.058800e-01 (asqtad3) terms = 2 mflops = 4.721676e+03
CONGRAD5: time = 2.644060e-01 (fn F) masses = 1 iters = 808 mflops = 4.178720e+03
 OK converged final_rsq= 5e-11 (cf 1e-10) rel = 1 (cf 0) restarts = 4 iters= 808
CONGRAD5: time = 2.407799e-01 (fn F) masses = 1 iters = 741 mflops = 4.208247e+03
 OK converged final_rsq= 1e-10 (cf 1e-10) rel = 1 (cf 0) restarts = 3 iters= 741
GFTIME:   time = 4.174018e-02 (Symanzik1) mflops = 4.222804e+03
FFTIME:  time = 1.055341e-01 (asqtad3) terms = 2 mflops = 4.737154e+03
CONGRAD5: time = 2.525270e-01 (fn F) masses = 1 iters = 777 mflops = 4.207425e+03
 OK converged final_rsq= 1e-10 (cf 1e-10) rel = 1 (cf 0) restarts = 3 iters= 777
CONGRAD5: time = 2.515850e-01 (fn F) masses = 1 iters = 774 mflops = 4.206873e+03
 OK converged final_rsq= 4.9e-11 (cf 1e-10) rel = 1 (cf 0) restarts = 4 iters= 774
GFTIME:   time = 4.144907e-02 (Symanzik1) mflops = 4.252462e+03
FFTIME:  time = 1.049759e-01 (asqtad3) terms = 2 mflops = 4.762340e+03
CONGRAD5: time = 2.648308e-01 (fn F) masses = 1 iters = 804 mflops = 4.151363e+03
 OK converged final_rsq= 5e-11 (cf 1e-10) rel = 1 (cf 0) restarts = 4 iters= 804
CONGRAD5: time = 2.531281e-01 (fn F) masses = 1 iters = 778 mflops = 4.202837e+03
 OK converged final_rsq= 5e-11 (cf 1e-10) rel = 1 (cf 0) restarts = 4 iters= 778
GFTIME:   time = 4.161501e-02 (Symanzik1) mflops = 4.235506e+03
FFTIME:  time = 1.057889e-01 (asqtad3) terms = 2 mflops = 4.725741e+03
CONGRAD5: time = 2.459090e-01 (fn F) masses = 1 iters = 757 mflops = 4.209444e+03
 OK converged final_rsq= 5e-11 (cf 1e-10) rel = 1 (cf 0) restarts = 4 iters= 757
CONGRAD5: time = 2.501061e-01 (fn F) masses = 1 iters = 770 mflops = 4.209879e+03
 OK converged final_rsq= 1e-10 (cf 1e-10) rel = 1 (cf 0) restarts = 3 iters= 770
GFTIME:   time = 4.154420e-02 (Symanzik1) mflops = 4.242725e+03
FFTIME:  time = 1.055310e-01 (asqtad3) terms = 2 mflops = 4.737293e+03
CONGRAD5: time = 2.542019e-01 (fn F) masses = 1 iters = 783 mflops = 4.211979e+03
 OK converged final_rsq= 4.9e-11 (cf 1e-10) rel = 1 (cf 0) restarts = 4 iters= 783
CONGRAD5: time = 2.569399e-01 (fn F) masses = 1 iters = 789 mflops = 4.199027e+03
 OK converged final_rsq= 5e-11 (cf 1e-10) rel = 1 (cf 0) restarts = 4 iters= 789
GFTIME:   time = 4.149580e-02 (Symanzik1) mflops = 4.247673e+03
FFTIME:  time = 1.052141e-01 (asqtad3) terms = 2 mflops = 4.751559e+03
CONGRAD5: time = 2.656400e-01 (fn F) masses = 1 iters = 818 mflops = 4.210784e+03
 OK converged final_rsq= 4.9e-11 (cf 1e-10) rel = 1 (cf 0) restarts = 4 iters= 818
CONGRAD5: time = 2.407529e-01 (fn F) masses = 1 iters = 741 mflops = 4.208718e+03
 OK converged final_rsq= 5e-11 (cf 1e-10) rel = 1 (cf 0) restarts = 4 iters= 741
GFTIME:   time = 4.154015e-02 (Symanzik1) mflops = 4.243139e+03
FFTIME:  time = 1.049991e-01 (asqtad3) terms = 2 mflops = 4.761291e+03
CONGRAD5: time = 2.591112e-01 (fn F) masses = 1 iters = 795 mflops = 4.195505e+03
 OK converged final_rsq= 5e-11 (cf 1e-10) rel = 1 (cf 0) restarts = 4 iters= 795
CONGRAD5: time = 2.514851e-01 (fn F) masses = 1 iters = 773 mflops = 4.203107e+03
 OK converged final_rsq= 5e-11 (cf 1e-10) rel = 1 (cf 0) restarts = 4 iters= 773
GFTIME:   time = 4.168510e-02 (Symanzik1) mflops = 4.228384e+03
FFTIME:  time = 1.047440e-01 (asqtad3) terms = 2 mflops = 4.772888e+03
PLAQ:	1.462236	1.460401
P_LOOP:	1.276701e-02	3.453969e-03
G_LOOP:  0  0  4   	1.463826e+00	( 0 1 7 6  )
G_LOOP:  0  1  4   	1.460304e+00	( 0 2 7 5  )
G_LOOP:  0  2  4   	1.464253e+00	( 0 3 7 4  )
G_LOOP:  0  3  4   	1.462579e+00	( 1 2 6 5  )
G_LOOP:  0  4  4   	1.456563e+00	( 1 3 6 4  )
G_LOOP:  0  5  4   	1.460386e+00	( 2 3 5 4  )
G_LOOP:  1  0  6   	7.017775e-01	( 0 0 1 7 7 6  )
G_LOOP:  1  1  6   	7.023723e-01	( 0 0 2 7 7 5  )
G_LOOP:  1  2  6   	7.037111e-01	( 0 0 3 7 7 4  )
G_LOOP:  1  3  6   	7.065365e-01	( 1 1 0 6 6 7  )
G_LOOP:  1  4  6   	6.995083e-01	( 1 1 2 6 6 5  )
G_LOOP:  1  5  6   	6.896880e-01	( 1 1 3 6 6 4  )
G_LOOP:  1  6  6   	7.042121e-01	( 2 2 0 5 5 7  )
G_LOOP:  1  7  6   	7.073770e-01	( 2 2 1 5 5 6  )
G_LOOP:  1  8  6   	7.045932e-01	( 2 2 3 5 5 4  )
G_LOOP:  1  9  6   	7.047967e-01	( 3 3 0 4 4 7  )
G_LOOP:  1  10  6   	6.928340e-01	( 3 3 1 4 4 6  )
G_LOOP:  1  11  6   	6.948841e-01	( 3 3 2 4 4 5  )
G_LOOP:  2  0  6   	7.152677e-01	( 0 1 2 7 6 5  )
G_LOOP:  2  1  6   	7.164710e-01	( 0 1 5 7 6 2  )
G_LOOP:  2  2  6   	7.173081e-01	( 0 6 2 7 1 5  )
G_LOOP:  2  3  6   	7.200611e-01	( 0 6 5 7 1 2  )
G_LOOP:  2  4  6   	7.170067e-01	( 0 1 3 7 6 4  )
G_LOOP:  2  5  6   	7.096881e-01	( 0 1 4 7 6 3  )
G_LOOP:  2  6  6   	7.169673e-01	( 0 6 3 7 1 4  )
G_LOOP:  2  7  6   	7.130129e-01	( 0 6 4 7 1 3  )
G_LOOP:  2  8  6   	7.180031e-01	( 0 2 3 7 5 4  )
G_LOOP:  2  9  6   	7.169947e-01	( 0 2 4 7 5 3  )
G_LOOP:  2  10  6   	7.161922e-01	( 0 5 3 7 2 4  )
G_LOOP:  2  11  6   	7.124404e-01	( 0 5 4 7 2 3  )
G_LOOP:  2  12  6   	7.211011e-01	( 1 2 3 6 5 4  )
G_LOOP:  2  13  6   	7.136098e-01	( 1 2 4 6 5 3  )
G_LOOP:  2  14  6   	7.140464e-01	( 1 5 3 6 2 4  )
G_LOOP:  2  15  6   	7.080867e-01	( 1 5 4 6 2 3  )
GACTION: 6.713659e+00
CONGRAD5: time = 2.505150e-01 (fn F) masses = 1 iters = 770 mflops = 4.203008e+03
 OK converged final_rsq= 5e-11 (cf 1e-10) rel = 1 (cf 0) restarts = 4 iters= 770
CONGRAD5: time = 2.407098e-02 (fn F) masses = 1 iters = 72 mflops = 4.090176e+03
 OK converged final_rsq= 9.8e-11 (cf 1e-10) rel = 1 (cf 0) restarts = 1 iters= 72
PBP: mass 1.000000e-02     7.277992e-02  6.930018e-02  9.039820e-03  9.040758e-03 ( 1 of 1 )
FACTION: mass = 1.000000e-02,  1.505396e+00 ( 1 of 1 )
CONGRAD5: time = 2.576962e-01 (fn F) masses = 1 iters = 793 mflops = 4.207929e+03
 OK converged final_rsq= 5e-11 (cf 1e-10) rel = 1 (cf 0) restarts = 4 iters= 793
CONGRAD5: time = 2.408195e-02 (fn F) masses = 1 iters = 72 mflops = 4.088313e+03
 OK converged final_rsq= 9.9e-11 (cf 1e-10) rel = 1 (cf 0) restarts = 1 iters= 72
PBP: mass 1.000000e-02     7.839385e-02  8.529664e-02  -1.602402e-03  -1.602854e-03 ( 1 of 1 )
FACTION: mass = 1.000000e-02,  1.499793e+00 ( 1 of 1 )
RUNNING COMPLETED
average cg iters for step= 1.555250e+03
Time = 4.582497e+01 seconds
total_iters = 194011
Checksums b129cef7 7d5651f0
Saved gauge configuration in parallel to binary file lat_p64_size64_2
Time stamp Thu May 19 10:00:13 2022
Wrote info file lat_p64_size64_2.info
Time to save = 2.591610e-02
CHECK PLAQ: 1.462236e+00 1.460401e+00
CHECK NERSC LINKTR: 1.448985e-01 CKSUM: 853ed984


get_i(0): EOF on input.
Elapsed total time: 50.539043
exit: Thu May 19 10:00:13 2022

