SU3 with improved KS action
Microcanonical simulation with refreshing
R algorithm
MIMD version 7.8.1
Machine = MPI (portable), with 64 nodes
Host(0) = ault01.cscs.ch
Username = mcopik
Options selected...
Generic single precision
C_GLOBAL_INLINE
DBLSTORE_FN
D_FN_GATHER13
FEWSUMS
KS_MULTIFF=FNMAT
VECLENGTH=4
type 0 for no prompts, 1 for prompts, or 2 for proofreading
nflavors1 2
nflavors2 1
nx 16
ny 16
nz 16
nt 36
iseed 5682304
LAYOUT = Hypercubes, options = hyper_prime,
automatic hyper_prime layout
ON EACH NODE 4 x 8 x 8 x 9
Mallocing 2.3 MBytes per node for lattice
WARNING!!: Resetting random seed
Made lattice
Made nn gathers
Made 3nn gathers
Finished setup


warms 0
trajecs 4
traj_between_meas 1
beta 5.6
mass1 0.125
mass2 0.125
u0 0.8441
microcanonical_time_step 0.2
steps_per_trajectory 5
max_cg_iterations 100
max_cg_restarts 5
error_per_site 0.125
error_for_propagator 0.125
npbp_reps 1
prec_pbp 1
fresh 
save_parallel lat_p64_size64_1
unit gauge configuration loaded
CHECK PLAQ: 3.000000e+00 3.000000e+00
CHECK NERSC LINKTR: 1.000000e+00 CKSUM: 0
Unitarity checked.  Max deviation 0.00e+00
Time to check unitarity = 1.033068e-03
"O(a^2): couplings(pi)=0, Naik term, No O(a^2) errors, tadpole weights"
path coefficients: npath  path_coeff  multiplicity
                    0      6.250000e-01     8
                    1      -5.847914e-02     8
                    2      -8.771871e-02     48
                    3      3.077829e-02     192
                    4      -7.199551e-03     384
                    5      -1.231132e-01     48
Symanzik 1x1 + 1x2 + 1x1x1 action
gauge_action: total_dyn_flavors = 3
loop coefficients: nloop rep loop_coeff  multiplicity
                    0 0      1.000000e+00     6
                    1 0      -7.762509e-02     12
                    2 0      -1.031171e-02     16
WARMUPS COMPLETED
CONGRAD5: time = 7.563829e-03 (fn F) masses = 1 iters = 4 mflops = 1.446277e+03
 OK converged final_rsq= 0.006 (cf 0.016) rel = 1 (cf 0) restarts = 1 iters= 4
CONGRAD5: time = 7.256985e-03 (fn F) masses = 1 iters = 4 mflops = 1.507429e+03
 OK converged final_rsq= 0.0059 (cf 0.016) rel = 1 (cf 0) restarts = 1 iters= 4
GFTIME:   time = 1.752930e-01 (Symanzik1) mflops = 2.011040e+03
FFTIME:  time = 3.803558e-01 (asqtad3) terms = 2 mflops = 2.628755e+03
CONGRAD5: time = 7.308006e-03 (fn F) masses = 1 iters = 4 mflops = 1.496905e+03
 OK converged final_rsq= 0.01 (cf 0.016) rel = 1 (cf 0) restarts = 1 iters= 4
CONGRAD5: time = 7.312059e-03 (fn F) masses = 1 iters = 4 mflops = 1.496075e+03
 OK converged final_rsq= 0.0097 (cf 0.016) rel = 1 (cf 0) restarts = 1 iters= 4
GFTIME:   time = 1.772890e-01 (Symanzik1) mflops = 1.988399e+03
FFTIME:  time = 3.768730e-01 (asqtad3) terms = 2 mflops = 2.653048e+03
CONGRAD5: time = 7.435799e-03 (fn F) masses = 1 iters = 4 mflops = 1.471179e+03
 OK converged final_rsq= 0.014 (cf 0.016) rel = 1 (cf 0) restarts = 1 iters= 4
CONGRAD5: time = 7.205009e-03 (fn F) masses = 1 iters = 4 mflops = 1.518304e+03
 OK converged final_rsq= 0.014 (cf 0.016) rel = 1 (cf 0) restarts = 1 iters= 4
GFTIME:   time = 1.764839e-01 (Symanzik1) mflops = 1.997470e+03
FFTIME:  time = 3.790109e-01 (asqtad3) terms = 2 mflops = 2.638083e+03
CONGRAD5: time = 7.329941e-03 (fn F) masses = 1 iters = 4 mflops = 1.492426e+03
 OK converged final_rsq= 0.013 (cf 0.016) rel = 1 (cf 0) restarts = 1 iters= 4
CONGRAD5: time = 7.193089e-03 (fn F) masses = 1 iters = 4 mflops = 1.520820e+03
 OK converged final_rsq= 0.013 (cf 0.016) rel = 1 (cf 0) restarts = 1 iters= 4
GFTIME:   time = 1.750591e-01 (Symanzik1) mflops = 2.013727e+03
FFTIME:  time = 3.816221e-01 (asqtad3) terms = 2 mflops = 2.620033e+03
CONGRAD5: time = 7.354975e-03 (fn F) masses = 1 iters = 4 mflops = 1.487346e+03
 OK converged final_rsq= 0.011 (cf 0.016) rel = 1 (cf 0) restarts = 1 iters= 4
CONGRAD5: time = 7.277012e-03 (fn F) masses = 1 iters = 4 mflops = 1.503281e+03
 OK converged final_rsq= 0.011 (cf 0.016) rel = 1 (cf 0) restarts = 1 iters= 4
GFTIME:   time = 1.733758e-01 (Symanzik1) mflops = 2.033278e+03
FFTIME:  time = 3.824751e-01 (asqtad3) terms = 2 mflops = 2.614189e+03
PLAQ:	2.348688	2.349026
P_LOOP:	2.691400e-03	4.211935e-03
G_LOOP:  0  0  4   	2.347009e+00	( 0 1 7 6  )
G_LOOP:  0  1  4   	2.349642e+00	( 0 2 7 5  )
G_LOOP:  0  2  4   	2.349649e+00	( 0 3 7 4  )
G_LOOP:  0  3  4   	2.349413e+00	( 1 2 6 5  )
G_LOOP:  0  4  4   	2.348984e+00	( 1 3 6 4  )
G_LOOP:  0  5  4   	2.348445e+00	( 2 3 5 4  )
G_LOOP:  1  0  6   	1.771316e+00	( 0 0 1 7 7 6  )
G_LOOP:  1  1  6   	1.776566e+00	( 0 0 2 7 7 5  )
G_LOOP:  1  2  6   	1.776867e+00	( 0 0 3 7 7 4  )
G_LOOP:  1  3  6   	1.770503e+00	( 1 1 0 6 6 7  )
G_LOOP:  1  4  6   	1.777199e+00	( 1 1 2 6 6 5  )
G_LOOP:  1  5  6   	1.774381e+00	( 1 1 3 6 6 4  )
G_LOOP:  1  6  6   	1.775959e+00	( 2 2 0 5 5 7  )
G_LOOP:  1  7  6   	1.775263e+00	( 2 2 1 5 5 6  )
G_LOOP:  1  8  6   	1.775328e+00	( 2 2 3 5 5 4  )
G_LOOP:  1  9  6   	1.777224e+00	( 3 3 0 4 4 7  )
G_LOOP:  1  10  6   	1.775937e+00	( 3 3 1 4 4 6  )
G_LOOP:  1  11  6   	1.773587e+00	( 3 3 2 4 4 5  )
G_LOOP:  2  0  6   	1.821641e+00	( 0 1 2 7 6 5  )
G_LOOP:  2  1  6   	1.822607e+00	( 0 1 5 7 6 2  )
G_LOOP:  2  2  6   	1.821059e+00	( 0 6 2 7 1 5  )
G_LOOP:  2  3  6   	1.820510e+00	( 0 6 5 7 1 2  )
G_LOOP:  2  4  6   	1.821227e+00	( 0 1 3 7 6 4  )
G_LOOP:  2  5  6   	1.818580e+00	( 0 1 4 7 6 3  )
G_LOOP:  2  6  6   	1.821414e+00	( 0 6 3 7 1 4  )
G_LOOP:  2  7  6   	1.820217e+00	( 0 6 4 7 1 3  )
G_LOOP:  2  8  6   	1.822495e+00	( 0 2 3 7 5 4  )
G_LOOP:  2  9  6   	1.822749e+00	( 0 2 4 7 5 3  )
G_LOOP:  2  10  6   	1.824359e+00	( 0 5 3 7 2 4  )
G_LOOP:  2  11  6   	1.822564e+00	( 0 5 4 7 2 3  )
G_LOOP:  2  12  6   	1.823449e+00	( 1 2 3 6 5 4  )
G_LOOP:  2  13  6   	1.821729e+00	( 1 2 4 6 5 3  )
G_LOOP:  2  14  6   	1.821191e+00	( 1 5 3 6 2 4  )
G_LOOP:  2  15  6   	1.821120e+00	( 1 5 4 6 2 3  )
GACTION: 2.571373e+00
CONGRAD5: time = 7.342815e-03 (fn F) masses = 1 iters = 4 mflops = 1.489809e+03
 OK converged final_rsq= 0.01 (cf 0.016) rel = 1 (cf 0) restarts = 1 iters= 4
CONGRAD5: time = 9.845972e-03 (fn F) masses = 1 iters = 6 mflops = 1.666579e+03
 OK converged final_rsq= 0.0091 (cf 0.016) rel = 1 (cf 0) restarts = 1 iters= 6
PBP: mass 1.250000e-01     6.812841e-02  9.727044e-02  2.709919e-03  2.812244e-03 ( 1 of 1 )
FACTION: mass = 1.250000e-01,  1.464836e+00 ( 1 of 1 )
CONGRAD5: time = 7.275820e-03 (fn F) masses = 1 iters = 4 mflops = 1.503527e+03
 OK converged final_rsq= 0.01 (cf 0.016) rel = 1 (cf 0) restarts = 1 iters= 4
CONGRAD5: time = 9.884119e-03 (fn F) masses = 1 iters = 6 mflops = 1.660147e+03
 OK converged final_rsq= 0.009 (cf 0.016) rel = 1 (cf 0) restarts = 1 iters= 6
PBP: mass 1.250000e-01     7.051055e-02  9.381208e-02  -7.107934e-04  -4.977023e-04 ( 1 of 1 )
FACTION: mass = 1.250000e-01,  1.468086e+00 ( 1 of 1 )
CONGRAD5: time = 7.397175e-03 (fn F) masses = 1 iters = 4 mflops = 1.478861e+03
 OK converged final_rsq= 0.011 (cf 0.016) rel = 1 (cf 0) restarts = 1 iters= 4
CONGRAD5: time = 7.235050e-03 (fn F) masses = 1 iters = 4 mflops = 1.511999e+03
 OK converged final_rsq= 0.011 (cf 0.016) rel = 1 (cf 0) restarts = 1 iters= 4
GFTIME:   time = 1.741891e-01 (Symanzik1) mflops = 2.023785e+03
FFTIME:  time = 3.781030e-01 (asqtad3) terms = 2 mflops = 2.644418e+03
CONGRAD5: time = 8.583069e-03 (fn F) masses = 1 iters = 5 mflops = 1.593164e+03
 OK converged final_rsq= 0.007 (cf 0.016) rel = 1 (cf 0) restarts = 1 iters= 5
CONGRAD5: time = 7.276058e-03 (fn F) masses = 1 iters = 4 mflops = 1.503478e+03
 OK converged final_rsq= 0.015 (cf 0.016) rel = 1 (cf 0) restarts = 1 iters= 4
GFTIME:   time = 1.752741e-01 (Symanzik1) mflops = 2.011256e+03
FFTIME:  time = 3.798020e-01 (asqtad3) terms = 2 mflops = 2.632588e+03
CONGRAD5: time = 8.513927e-03 (fn F) masses = 1 iters = 5 mflops = 1.606102e+03
 OK converged final_rsq= 0.0089 (cf 0.016) rel = 1 (cf 0) restarts = 1 iters= 5
CONGRAD5: time = 8.512020e-03 (fn F) masses = 1 iters = 5 mflops = 1.606462e+03
 OK converged final_rsq= 0.0085 (cf 0.016) rel = 1 (cf 0) restarts = 1 iters= 5
GFTIME:   time = 1.749270e-01 (Symanzik1) mflops = 2.015248e+03
FFTIME:  time = 3.806849e-01 (asqtad3) terms = 2 mflops = 2.626483e+03
CONGRAD5: time = 8.354902e-03 (fn F) masses = 1 iters = 5 mflops = 1.636673e+03
 OK converged final_rsq= 0.0085 (cf 0.016) rel = 1 (cf 0) restarts = 1 iters= 5
CONGRAD5: time = 8.427858e-03 (fn F) masses = 1 iters = 5 mflops = 1.622505e+03
 OK converged final_rsq= 0.0082 (cf 0.016) rel = 1 (cf 0) restarts = 1 iters= 5
GFTIME:   time = 1.753719e-01 (Symanzik1) mflops = 2.010135e+03
FFTIME:  time = 3.774562e-01 (asqtad3) terms = 2 mflops = 2.648949e+03
CONGRAD5: time = 8.599997e-03 (fn F) masses = 1 iters = 5 mflops = 1.590029e+03
 OK converged final_rsq= 0.0074 (cf 0.016) rel = 1 (cf 0) restarts = 1 iters= 5
CONGRAD5: time = 7.186174e-03 (fn F) masses = 1 iters = 4 mflops = 1.522283e+03
 OK converged final_rsq= 0.015 (cf 0.016) rel = 1 (cf 0) restarts = 1 iters= 4
GFTIME:   time = 1.757681e-01 (Symanzik1) mflops = 2.005604e+03
FFTIME:  time = 3.805220e-01 (asqtad3) terms = 2 mflops = 2.627607e+03
PLAQ:	2.014040	2.013665
P_LOOP:	1.283122e-02	1.480562e-02
G_LOOP:  0  0  4   	2.013689e+00	( 0 1 7 6  )
G_LOOP:  0  1  4   	2.013798e+00	( 0 2 7 5  )
G_LOOP:  0  2  4   	2.012642e+00	( 0 3 7 4  )
G_LOOP:  0  3  4   	2.014635e+00	( 1 2 6 5  )
G_LOOP:  0  4  4   	2.014011e+00	( 1 3 6 4  )
G_LOOP:  0  5  4   	2.014343e+00	( 2 3 5 4  )
G_LOOP:  1  0  6   	1.300633e+00	( 0 0 1 7 7 6  )
G_LOOP:  1  1  6   	1.303425e+00	( 0 0 2 7 7 5  )
G_LOOP:  1  2  6   	1.299099e+00	( 0 0 3 7 7 4  )
G_LOOP:  1  3  6   	1.303676e+00	( 1 1 0 6 6 7  )
G_LOOP:  1  4  6   	1.302897e+00	( 1 1 2 6 6 5  )
G_LOOP:  1  5  6   	1.303132e+00	( 1 1 3 6 6 4  )
G_LOOP:  1  6  6   	1.303209e+00	( 2 2 0 5 5 7  )
G_LOOP:  1  7  6   	1.303714e+00	( 2 2 1 5 5 6  )
G_LOOP:  1  8  6   	1.305115e+00	( 2 2 3 5 5 4  )
G_LOOP:  1  9  6   	1.302043e+00	( 3 3 0 4 4 7  )
G_LOOP:  1  10  6   	1.301676e+00	( 3 3 1 4 4 6  )
G_LOOP:  1  11  6   	1.300803e+00	( 3 3 2 4 4 5  )
G_LOOP:  2  0  6   	1.345070e+00	( 0 1 2 7 6 5  )
G_LOOP:  2  1  6   	1.347040e+00	( 0 1 5 7 6 2  )
G_LOOP:  2  2  6   	1.342372e+00	( 0 6 2 7 1 5  )
G_LOOP:  2  3  6   	1.343195e+00	( 0 6 5 7 1 2  )
G_LOOP:  2  4  6   	1.345218e+00	( 0 1 3 7 6 4  )
G_LOOP:  2  5  6   	1.345979e+00	( 0 1 4 7 6 3  )
G_LOOP:  2  6  6   	1.342793e+00	( 0 6 3 7 1 4  )
G_LOOP:  2  7  6   	1.343628e+00	( 0 6 4 7 1 3  )
G_LOOP:  2  8  6   	1.346200e+00	( 0 2 3 7 5 4  )
G_LOOP:  2  9  6   	1.344699e+00	( 0 2 4 7 5 3  )
G_LOOP:  2  10  6   	1.346948e+00	( 0 5 3 7 2 4  )
G_LOOP:  2  11  6   	1.344260e+00	( 0 5 4 7 2 3  )
G_LOOP:  2  12  6   	1.347968e+00	( 1 2 3 6 5 4  )
G_LOOP:  2  13  6   	1.348607e+00	( 1 2 4 6 5 3  )
G_LOOP:  2  14  6   	1.345432e+00	( 1 5 3 6 2 4  )
G_LOOP:  2  15  6   	1.349582e+00	( 1 5 4 6 2 3  )
GACTION: 4.062654e+00
CONGRAD5: time = 7.277966e-03 (fn F) masses = 1 iters = 4 mflops = 1.503084e+03
 OK converged final_rsq= 0.014 (cf 0.016) rel = 1 (cf 0) restarts = 1 iters= 4
CONGRAD5: time = 9.757996e-03 (fn F) masses = 1 iters = 6 mflops = 1.681604e+03
 OK converged final_rsq= 0.013 (cf 0.016) rel = 1 (cf 0) restarts = 1 iters= 6
PBP: mass 1.250000e-01     8.566921e-02  1.633068e-01  -1.732230e-03  -2.205862e-03 ( 1 of 1 )
FACTION: mass = 1.250000e-01,  1.449857e+00 ( 1 of 1 )
CONGRAD5: time = 7.167101e-03 (fn F) masses = 1 iters = 4 mflops = 1.526334e+03
 OK converged final_rsq= 0.014 (cf 0.016) rel = 1 (cf 0) restarts = 1 iters= 4
CONGRAD5: time = 9.585857e-03 (fn F) masses = 1 iters = 6 mflops = 1.711802e+03
 OK converged final_rsq= 0.013 (cf 0.016) rel = 1 (cf 0) restarts = 1 iters= 6
PBP: mass 1.250000e-01     8.497225e-02  1.671420e-01  1.389017e-03  1.363599e-03 ( 1 of 1 )
FACTION: mass = 1.250000e-01,  1.448984e+00 ( 1 of 1 )
CONGRAD5: time = 8.624077e-03 (fn F) masses = 1 iters = 5 mflops = 1.585589e+03
 OK converged final_rsq= 0.0074 (cf 0.016) rel = 1 (cf 0) restarts = 1 iters= 5
CONGRAD5: time = 7.294178e-03 (fn F) masses = 1 iters = 4 mflops = 1.499743e+03
 OK converged final_rsq= 0.016 (cf 0.016) rel = 1 (cf 0) restarts = 1 iters= 4
GFTIME:   time = 1.784611e-01 (Symanzik1) mflops = 1.975340e+03
FFTIME:  time = 3.862400e-01 (asqtad3) terms = 2 mflops = 2.588707e+03
CONGRAD5: time = 8.438110e-03 (fn F) masses = 1 iters = 5 mflops = 1.620533e+03
 OK converged final_rsq= 0.0093 (cf 0.016) rel = 1 (cf 0) restarts = 1 iters= 5
CONGRAD5: time = 8.388042e-03 (fn F) masses = 1 iters = 5 mflops = 1.630206e+03
 OK converged final_rsq= 0.0088 (cf 0.016) rel = 1 (cf 0) restarts = 1 iters= 5
GFTIME:   time = 1.750169e-01 (Symanzik1) mflops = 2.014213e+03
FFTIME:  time = 3.799620e-01 (asqtad3) terms = 2 mflops = 2.631480e+03
CONGRAD5: time = 8.582115e-03 (fn F) masses = 1 iters = 5 mflops = 1.593341e+03
 OK converged final_rsq= 0.011 (cf 0.016) rel = 1 (cf 0) restarts = 1 iters= 5
CONGRAD5: time = 8.345127e-03 (fn F) masses = 1 iters = 5 mflops = 1.638590e+03
 OK converged final_rsq= 0.01 (cf 0.016) rel = 1 (cf 0) restarts = 1 iters= 5
GFTIME:   time = 1.761241e-01 (Symanzik1) mflops = 2.001550e+03
FFTIME:  time = 3.793540e-01 (asqtad3) terms = 2 mflops = 2.635697e+03
CONGRAD5: time = 8.645058e-03 (fn F) masses = 1 iters = 5 mflops = 1.581741e+03
 OK converged final_rsq= 0.011 (cf 0.016) rel = 1 (cf 0) restarts = 1 iters= 5
CONGRAD5: time = 8.444071e-03 (fn F) masses = 1 iters = 5 mflops = 1.619390e+03
 OK converged final_rsq= 0.01 (cf 0.016) rel = 1 (cf 0) restarts = 1 iters= 5
GFTIME:   time = 1.755390e-01 (Symanzik1) mflops = 2.008221e+03
FFTIME:  time = 3.796430e-01 (asqtad3) terms = 2 mflops = 2.633691e+03
CONGRAD5: time = 8.463860e-03 (fn F) masses = 1 iters = 5 mflops = 1.615603e+03
 OK converged final_rsq= 0.01 (cf 0.016) rel = 1 (cf 0) restarts = 1 iters= 5
CONGRAD5: time = 8.448124e-03 (fn F) masses = 1 iters = 5 mflops = 1.618613e+03
 OK converged final_rsq= 0.0096 (cf 0.016) rel = 1 (cf 0) restarts = 1 iters= 5
GFTIME:   time = 1.749980e-01 (Symanzik1) mflops = 2.014429e+03
FFTIME:  time = 3.801301e-01 (asqtad3) terms = 2 mflops = 2.630316e+03
PLAQ:	1.792886	1.793338
P_LOOP:	-6.524748e-03	1.741557e-02
G_LOOP:  0  0  4   	1.792911e+00	( 0 1 7 6  )
G_LOOP:  0  1  4   	1.793237e+00	( 0 2 7 5  )
G_LOOP:  0  2  4   	1.793946e+00	( 0 3 7 4  )
G_LOOP:  0  3  4   	1.792510e+00	( 1 2 6 5  )
G_LOOP:  0  4  4   	1.793205e+00	( 1 3 6 4  )
G_LOOP:  0  5  4   	1.792863e+00	( 2 3 5 4  )
G_LOOP:  1  0  6   	1.024582e+00	( 0 0 1 7 7 6  )
G_LOOP:  1  1  6   	1.026102e+00	( 0 0 2 7 7 5  )
G_LOOP:  1  2  6   	1.028519e+00	( 0 0 3 7 7 4  )
G_LOOP:  1  3  6   	1.026685e+00	( 1 1 0 6 6 7  )
G_LOOP:  1  4  6   	1.026546e+00	( 1 1 2 6 6 5  )
G_LOOP:  1  5  6   	1.025324e+00	( 1 1 3 6 6 4  )
G_LOOP:  1  6  6   	1.026597e+00	( 2 2 0 5 5 7  )
G_LOOP:  1  7  6   	1.025157e+00	( 2 2 1 5 5 6  )
G_LOOP:  1  8  6   	1.024633e+00	( 2 2 3 5 5 4  )
G_LOOP:  1  9  6   	1.026735e+00	( 3 3 0 4 4 7  )
G_LOOP:  1  10  6   	1.026101e+00	( 3 3 1 4 4 6  )
G_LOOP:  1  11  6   	1.022430e+00	( 3 3 2 4 4 5  )
G_LOOP:  2  0  6   	1.059812e+00	( 0 1 2 7 6 5  )
G_LOOP:  2  1  6   	1.060557e+00	( 0 1 5 7 6 2  )
G_LOOP:  2  2  6   	1.058756e+00	( 0 6 2 7 1 5  )
G_LOOP:  2  3  6   	1.060241e+00	( 0 6 5 7 1 2  )
G_LOOP:  2  4  6   	1.062470e+00	( 0 1 3 7 6 4  )
G_LOOP:  2  5  6   	1.060506e+00	( 0 1 4 7 6 3  )
G_LOOP:  2  6  6   	1.058976e+00	( 0 6 3 7 1 4  )
G_LOOP:  2  7  6   	1.061780e+00	( 0 6 4 7 1 3  )
G_LOOP:  2  8  6   	1.065268e+00	( 0 2 3 7 5 4  )
G_LOOP:  2  9  6   	1.058724e+00	( 0 2 4 7 5 3  )
G_LOOP:  2  10  6   	1.058503e+00	( 0 5 3 7 2 4  )
G_LOOP:  2  11  6   	1.058115e+00	( 0 5 4 7 2 3  )
G_LOOP:  2  12  6   	1.060545e+00	( 1 2 3 6 5 4  )
G_LOOP:  2  13  6   	1.059196e+00	( 1 2 4 6 5 3  )
G_LOOP:  2  14  6   	1.059034e+00	( 1 5 3 6 2 4  )
G_LOOP:  2  15  6   	1.061206e+00	( 1 5 4 6 2 3  )
GACTION: 5.082307e+00
CONGRAD5: time = 8.507013e-03 (fn F) masses = 1 iters = 5 mflops = 1.607408e+03
 OK converged final_rsq= 0.0086 (cf 0.016) rel = 1 (cf 0) restarts = 1 iters= 5
CONGRAD5: time = 9.808064e-03 (fn F) masses = 1 iters = 6 mflops = 1.673020e+03
 OK converged final_rsq= 0.015 (cf 0.016) rel = 1 (cf 0) restarts = 1 iters= 6
PBP: mass 1.250000e-01     1.094033e-01  3.030200e-01  -1.112299e-03  -4.992905e-04 ( 1 of 1 )
FACTION: mass = 1.250000e-01,  1.451542e+00 ( 1 of 1 )
CONGRAD5: time = 8.461952e-03 (fn F) masses = 1 iters = 5 mflops = 1.615968e+03
 OK converged final_rsq= 0.0085 (cf 0.016) rel = 1 (cf 0) restarts = 1 iters= 5
CONGRAD5: time = 9.790897e-03 (fn F) masses = 1 iters = 6 mflops = 1.675953e+03
 OK converged final_rsq= 0.015 (cf 0.016) rel = 1 (cf 0) restarts = 1 iters= 6
PBP: mass 1.250000e-01     1.075303e-01  2.973076e-01  8.333416e-04  3.848426e-04 ( 1 of 1 )
FACTION: mass = 1.250000e-01,  1.457298e+00 ( 1 of 1 )
CONGRAD5: time = 8.447886e-03 (fn F) masses = 1 iters = 5 mflops = 1.618658e+03
 OK converged final_rsq= 0.01 (cf 0.016) rel = 1 (cf 0) restarts = 1 iters= 5
CONGRAD5: time = 8.438110e-03 (fn F) masses = 1 iters = 5 mflops = 1.620533e+03
 OK converged final_rsq= 0.0096 (cf 0.016) rel = 1 (cf 0) restarts = 1 iters= 5
GFTIME:   time = 1.750190e-01 (Symanzik1) mflops = 2.014188e+03
FFTIME:  time = 3.790472e-01 (asqtad3) terms = 2 mflops = 2.637831e+03
CONGRAD5: time = 8.424997e-03 (fn F) masses = 1 iters = 5 mflops = 1.623056e+03
 OK converged final_rsq= 0.011 (cf 0.016) rel = 1 (cf 0) restarts = 1 iters= 5
CONGRAD5: time = 8.379936e-03 (fn F) masses = 1 iters = 5 mflops = 1.631783e+03
 OK converged final_rsq= 0.011 (cf 0.016) rel = 1 (cf 0) restarts = 1 iters= 5
GFTIME:   time = 1.773660e-01 (Symanzik1) mflops = 1.987535e+03
FFTIME:  time = 3.790541e-01 (asqtad3) terms = 2 mflops = 2.637783e+03
CONGRAD5: time = 8.557081e-03 (fn F) masses = 1 iters = 5 mflops = 1.598003e+03
 OK converged final_rsq= 0.012 (cf 0.016) rel = 1 (cf 0) restarts = 1 iters= 5
CONGRAD5: time = 8.455992e-03 (fn F) masses = 1 iters = 5 mflops = 1.617107e+03
 OK converged final_rsq= 0.012 (cf 0.016) rel = 1 (cf 0) restarts = 1 iters= 5
GFTIME:   time = 1.769810e-01 (Symanzik1) mflops = 1.991859e+03
FFTIME:  time = 3.787560e-01 (asqtad3) terms = 2 mflops = 2.639858e+03
CONGRAD5: time = 8.494854e-03 (fn F) masses = 1 iters = 5 mflops = 1.609709e+03
 OK converged final_rsq= 0.012 (cf 0.016) rel = 1 (cf 0) restarts = 1 iters= 5
CONGRAD5: time = 8.419991e-03 (fn F) masses = 1 iters = 5 mflops = 1.624021e+03
 OK converged final_rsq= 0.012 (cf 0.016) rel = 1 (cf 0) restarts = 1 iters= 5
GFTIME:   time = 1.742122e-01 (Symanzik1) mflops = 2.023516e+03
FFTIME:  time = 3.773079e-01 (asqtad3) terms = 2 mflops = 2.649990e+03
CONGRAD5: time = 8.452892e-03 (fn F) masses = 1 iters = 5 mflops = 1.617700e+03
 OK converged final_rsq= 0.012 (cf 0.016) rel = 1 (cf 0) restarts = 1 iters= 5
CONGRAD5: time = 8.398056e-03 (fn F) masses = 1 iters = 5 mflops = 1.628263e+03
 OK converged final_rsq= 0.012 (cf 0.016) rel = 1 (cf 0) restarts = 1 iters= 5
GFTIME:   time = 1.738110e-01 (Symanzik1) mflops = 2.028188e+03
FFTIME:  time = 3.794420e-01 (asqtad3) terms = 2 mflops = 2.635086e+03
PLAQ:	1.646692	1.646320
P_LOOP:	-1.809260e-03	-4.192978e-03
G_LOOP:  0  0  4   	1.645426e+00	( 0 1 7 6  )
G_LOOP:  0  1  4   	1.646758e+00	( 0 2 7 5  )
G_LOOP:  0  2  4   	1.647351e+00	( 0 3 7 4  )
G_LOOP:  0  3  4   	1.647890e+00	( 1 2 6 5  )
G_LOOP:  0  4  4   	1.646412e+00	( 1 3 6 4  )
G_LOOP:  0  5  4   	1.645196e+00	( 2 3 5 4  )
G_LOOP:  1  0  6   	8.568941e-01	( 0 0 1 7 7 6  )
G_LOOP:  1  1  6   	8.550501e-01	( 0 0 2 7 7 5  )
G_LOOP:  1  2  6   	8.602824e-01	( 0 0 3 7 7 4  )
G_LOOP:  1  3  6   	8.545273e-01	( 1 1 0 6 6 7  )
G_LOOP:  1  4  6   	8.581203e-01	( 1 1 2 6 6 5  )
G_LOOP:  1  5  6   	8.559285e-01	( 1 1 3 6 6 4  )
G_LOOP:  1  6  6   	8.565518e-01	( 2 2 0 5 5 7  )
G_LOOP:  1  7  6   	8.590375e-01	( 2 2 1 5 5 6  )
G_LOOP:  1  8  6   	8.532167e-01	( 2 2 3 5 5 4  )
G_LOOP:  1  9  6   	8.567114e-01	( 3 3 0 4 4 7  )
G_LOOP:  1  10  6   	8.563252e-01	( 3 3 1 4 4 6  )
G_LOOP:  1  11  6   	8.547166e-01	( 3 3 2 4 4 5  )
G_LOOP:  2  0  6   	8.837449e-01	( 0 1 2 7 6 5  )
G_LOOP:  2  1  6   	8.789823e-01	( 0 1 5 7 6 2  )
G_LOOP:  2  2  6   	8.808471e-01	( 0 6 2 7 1 5  )
G_LOOP:  2  3  6   	8.791515e-01	( 0 6 5 7 1 2  )
G_LOOP:  2  4  6   	8.778932e-01	( 0 1 3 7 6 4  )
G_LOOP:  2  5  6   	8.760607e-01	( 0 1 4 7 6 3  )
G_LOOP:  2  6  6   	8.773932e-01	( 0 6 3 7 1 4  )
G_LOOP:  2  7  6   	8.813887e-01	( 0 6 4 7 1 3  )
G_LOOP:  2  8  6   	8.788943e-01	( 0 2 3 7 5 4  )
G_LOOP:  2  9  6   	8.775574e-01	( 0 2 4 7 5 3  )
G_LOOP:  2  10  6   	8.799924e-01	( 0 5 3 7 2 4  )
G_LOOP:  2  11  6   	8.794070e-01	( 0 5 4 7 2 3  )
G_LOOP:  2  12  6   	8.783629e-01	( 1 2 3 6 5 4  )
G_LOOP:  2  13  6   	8.771963e-01	( 1 2 4 6 5 3  )
G_LOOP:  2  14  6   	8.786813e-01	( 1 5 3 6 2 4  )
G_LOOP:  2  15  6   	8.823708e-01	( 1 5 4 6 2 3  )
GACTION: 5.774347e+00
CONGRAD5: time = 8.431911e-03 (fn F) masses = 1 iters = 5 mflops = 1.621725e+03
 OK converged final_rsq= 0.01 (cf 0.016) rel = 1 (cf 0) restarts = 1 iters= 5
CONGRAD5: time = 1.094007e-02 (fn F) masses = 1 iters = 7 mflops = 1.749891e+03
 OK converged final_rsq= 0.0082 (cf 0.016) rel = 1 (cf 0) restarts = 1 iters= 7
PBP: mass 1.250000e-01     1.254022e-01  3.229574e-01  -1.733885e-04  6.277636e-04 ( 1 of 1 )
FACTION: mass = 1.250000e-01,  1.431768e+00 ( 1 of 1 )
CONGRAD5: time = 8.522987e-03 (fn F) masses = 1 iters = 5 mflops = 1.604395e+03
 OK converged final_rsq= 0.01 (cf 0.016) rel = 1 (cf 0) restarts = 1 iters= 5
CONGRAD5: time = 1.084185e-02 (fn F) masses = 1 iters = 7 mflops = 1.765745e+03
 OK converged final_rsq= 0.0082 (cf 0.016) rel = 1 (cf 0) restarts = 1 iters= 7
PBP: mass 1.250000e-01     1.243262e-01  3.214422e-01  3.359670e-03  2.962813e-03 ( 1 of 1 )
FACTION: mass = 1.250000e-01,  1.434419e+00 ( 1 of 1 )
RUNNING COMPLETED
average cg iters for step= 1.100000e+01
Time = 1.700903e+01 seconds
total_iters = 552
Checksums 68a6789c 82d88bfb
Saved gauge configuration in parallel to binary file lat_p64_size64_1
Time stamp Wed Aug 17 01:57:47 2022
Wrote info file lat_p64_size64_1.info
Time to save = 3.300190e-01
CHECK PLAQ: 1.646692e+00 1.646320e+00
CHECK NERSC LINKTR: 1.712179e-01 CKSUM: c4a5534f


warms 0
trajecs 4
traj_between_meas 1
beta 5.6
mass1 0.01
mass2 0.01
u0 0.8441
microcanonical_time_step 0.02
steps_per_trajectory 15
max_cg_iterations 300
max_cg_restarts 5
error_per_site 1e-05
error_for_propagator 1e-05
npbp_reps 1
prec_pbp 1
reload_parallel lat_p64_size64_1
save_parallel lat_p64_size64_2
Restored binary gauge configuration in parallel from file lat_p64_size64_1
Time stamp Wed Aug 17 01:57:47 2022
Checksums 68a6789c 82d88bfb OK
Time to reload gauge configuration = 6.521401e-01
CHECK PLAQ: 1.646692e+00 1.646320e+00
CHECK NERSC LINKTR: 1.712179e-01 CKSUM: c4a5534f
Unitarity checked.  Max deviation 2.98e-07
Time to check unitarity = 1.099825e-03
"O(a^2): couplings(pi)=0, Naik term, No O(a^2) errors, tadpole weights"
path coefficients: npath  path_coeff  multiplicity
                    0      6.250000e-01     8
                    1      -5.847914e-02     8
                    2      -8.771871e-02     48
                    3      3.077829e-02     192
                    4      -7.199551e-03     384
                    5      -1.231132e-01     48
Symanzik 1x1 + 1x2 + 1x1x1 action
gauge_action: total_dyn_flavors = 3
loop coefficients: nloop rep loop_coeff  multiplicity
                    0 0      1.000000e+00     6
                    1 0      -7.762509e-02     12
                    2 0      -1.031171e-02     16
WARMUPS COMPLETED
CONGRAD5: time = 6.746480e-01 (fn F) masses = 1 iters = 573 mflops = 2.322793e+03
 OK converged final_rsq= 1e-10 (cf 1e-10) rel = 1 (cf 0) restarts = 2 iters= 573
CONGRAD5: time = 6.622539e-01 (fn F) masses = 1 iters = 563 mflops = 2.324969e+03
 OK converged final_rsq= 9.9e-11 (cf 1e-10) rel = 1 (cf 0) restarts = 2 iters= 563
GFTIME:   time = 1.742749e-01 (Symanzik1) mflops = 2.022788e+03
FFTIME:  time = 3.822031e-01 (asqtad3) terms = 2 mflops = 2.616050e+03
CONGRAD5: time = 6.993320e-01 (fn F) masses = 1 iters = 595 mflops = 2.326841e+03
 OK converged final_rsq= 1e-10 (cf 1e-10) rel = 1 (cf 0) restarts = 2 iters= 595
CONGRAD5: time = 6.725340e-01 (fn F) masses = 1 iters = 572 mflops = 2.326028e+03
 OK converged final_rsq= 5e-11 (cf 1e-10) rel = 1 (cf 0) restarts = 3 iters= 572
GFTIME:   time = 1.740980e-01 (Symanzik1) mflops = 2.024843e+03
FFTIME:  time = 3.781581e-01 (asqtad3) terms = 2 mflops = 2.644032e+03
CONGRAD5: time = 7.014241e-01 (fn F) masses = 1 iters = 596 mflops = 2.323800e+03
 OK converged final_rsq= 9.4e-11 (cf 1e-10) rel = 1 (cf 0) restarts = 2 iters= 596
CONGRAD5: time = 6.573269e-01 (fn F) masses = 1 iters = 558 mflops = 2.321592e+03
 OK converged final_rsq= 1e-10 (cf 1e-10) rel = 1 (cf 0) restarts = 2 iters= 558
GFTIME:   time = 1.749859e-01 (Symanzik1) mflops = 2.014569e+03
FFTIME:  time = 3.819358e-01 (asqtad3) terms = 2 mflops = 2.617880e+03
CONGRAD5: time = 6.899619e-01 (fn F) masses = 1 iters = 587 mflops = 2.326731e+03
 OK converged final_rsq= 1e-10 (cf 1e-10) rel = 1 (cf 0) restarts = 2 iters= 587
CONGRAD5: time = 6.785669e-01 (fn F) masses = 1 iters = 577 mflops = 2.325500e+03
 OK converged final_rsq= 9.9e-11 (cf 1e-10) rel = 1 (cf 0) restarts = 2 iters= 577
GFTIME:   time = 1.738679e-01 (Symanzik1) mflops = 2.027523e+03
FFTIME:  time = 3.819759e-01 (asqtad3) terms = 2 mflops = 2.617606e+03
CONGRAD5: time = 7.061958e-01 (fn F) masses = 1 iters = 596 mflops = 2.308098e+03
 OK converged final_rsq= 1e-10 (cf 1e-10) rel = 1 (cf 0) restarts = 2 iters= 596
CONGRAD5: time = 6.906149e-01 (fn F) masses = 1 iters = 587 mflops = 2.324531e+03
 OK converged final_rsq= 1e-10 (cf 1e-10) rel = 1 (cf 0) restarts = 2 iters= 587
GFTIME:   time = 1.727219e-01 (Symanzik1) mflops = 2.040976e+03
FFTIME:  time = 3.811700e-01 (asqtad3) terms = 2 mflops = 2.623140e+03
CONGRAD5: time = 7.036569e-01 (fn F) masses = 1 iters = 596 mflops = 2.316426e+03
 OK converged final_rsq= 4.9e-11 (cf 1e-10) rel = 1 (cf 0) restarts = 3 iters= 596
CONGRAD5: time = 6.734509e-01 (fn F) masses = 1 iters = 572 mflops = 2.322861e+03
 OK converged final_rsq= 9.9e-11 (cf 1e-10) rel = 1 (cf 0) restarts = 2 iters= 572
GFTIME:   time = 1.754799e-01 (Symanzik1) mflops = 2.008898e+03
FFTIME:  time = 3.795619e-01 (asqtad3) terms = 2 mflops = 2.634254e+03
CONGRAD5: time = 6.739471e-01 (fn F) masses = 1 iters = 572 mflops = 2.321151e+03
 OK converged final_rsq= 9.9e-11 (cf 1e-10) rel = 1 (cf 0) restarts = 2 iters= 572
CONGRAD5: time = 6.742609e-01 (fn F) masses = 1 iters = 573 mflops = 2.324127e+03
 OK converged final_rsq= 9.9e-11 (cf 1e-10) rel = 1 (cf 0) restarts = 2 iters= 573
GFTIME:   time = 1.729500e-01 (Symanzik1) mflops = 2.038284e+03
FFTIME:  time = 3.803301e-01 (asqtad3) terms = 2 mflops = 2.628933e+03
CONGRAD5: time = 7.026551e-01 (fn F) masses = 1 iters = 597 mflops = 2.323621e+03
 OK converged final_rsq= 9.3e-11 (cf 1e-10) rel = 1 (cf 0) restarts = 2 iters= 597
CONGRAD5: time = 6.877429e-01 (fn F) masses = 1 iters = 584 mflops = 2.322308e+03
 OK converged final_rsq= 9.7e-11 (cf 1e-10) rel = 1 (cf 0) restarts = 2 iters= 584
GFTIME:   time = 1.757030e-01 (Symanzik1) mflops = 2.006347e+03
FFTIME:  time = 3.798470e-01 (asqtad3) terms = 2 mflops = 2.632276e+03
CONGRAD5: time = 6.582971e-01 (fn F) masses = 1 iters = 559 mflops = 2.322325e+03
 OK converged final_rsq= 5e-11 (cf 1e-10) rel = 1 (cf 0) restarts = 3 iters= 559
CONGRAD5: time = 6.722591e-01 (fn F) masses = 1 iters = 572 mflops = 2.326979e+03
 OK converged final_rsq= 9.9e-11 (cf 1e-10) rel = 1 (cf 0) restarts = 2 iters= 572
GFTIME:   time = 1.756179e-01 (Symanzik1) mflops = 2.007319e+03
FFTIME:  time = 3.790340e-01 (asqtad3) terms = 2 mflops = 2.637922e+03
CONGRAD5: time = 6.833241e-01 (fn F) masses = 1 iters = 581 mflops = 2.325319e+03
 OK converged final_rsq= 9.8e-11 (cf 1e-10) rel = 1 (cf 0) restarts = 2 iters= 581
CONGRAD5: time = 6.610131e-01 (fn F) masses = 1 iters = 561 mflops = 2.321058e+03
 OK converged final_rsq= 5e-11 (cf 1e-10) rel = 1 (cf 0) restarts = 3 iters= 561
GFTIME:   time = 1.722641e-01 (Symanzik1) mflops = 2.046400e+03
FFTIME:  time = 3.810201e-01 (asqtad3) terms = 2 mflops = 2.624172e+03
CONGRAD5: time = 7.015150e-01 (fn F) masses = 1 iters = 589 mflops = 2.296210e+03
 OK converged final_rsq= 5e-11 (cf 1e-10) rel = 1 (cf 0) restarts = 3 iters= 589
CONGRAD5: time = 6.260960e-01 (fn F) masses = 1 iters = 527 mflops = 2.301987e+03
 OK converged final_rsq= 1e-10 (cf 1e-10) rel = 1 (cf 0) restarts = 2 iters= 527
GFTIME:   time = 1.834462e-01 (Symanzik1) mflops = 1.921660e+03
FFTIME:  time = 3.787711e-01 (asqtad3) terms = 2 mflops = 2.639754e+03
CONGRAD5: time = 6.357861e-01 (fn F) masses = 1 iters = 538 mflops = 2.314219e+03
 OK converged final_rsq= 5e-11 (cf 1e-10) rel = 1 (cf 0) restarts = 3 iters= 538
CONGRAD5: time = 6.733949e-01 (fn F) masses = 1 iters = 572 mflops = 2.323054e+03
 OK converged final_rsq= 9.9e-11 (cf 1e-10) rel = 1 (cf 0) restarts = 2 iters= 572
GFTIME:   time = 1.762700e-01 (Symanzik1) mflops = 1.999893e+03
FFTIME:  time = 3.781331e-01 (asqtad3) terms = 2 mflops = 2.644208e+03
CONGRAD5: time = 6.986151e-01 (fn F) masses = 1 iters = 594 mflops = 2.325314e+03
 OK converged final_rsq= 4.9e-11 (cf 1e-10) rel = 1 (cf 0) restarts = 3 iters= 594
CONGRAD5: time = 6.652849e-01 (fn F) masses = 1 iters = 566 mflops = 2.326709e+03
 OK converged final_rsq= 5e-11 (cf 1e-10) rel = 1 (cf 0) restarts = 3 iters= 566
GFTIME:   time = 1.735239e-01 (Symanzik1) mflops = 2.031543e+03
FFTIME:  time = 3.780429e-01 (asqtad3) terms = 2 mflops = 2.644838e+03
CONGRAD5: time = 6.876640e-01 (fn F) masses = 1 iters = 583 mflops = 2.318598e+03
 OK converged final_rsq= 9.9e-11 (cf 1e-10) rel = 1 (cf 0) restarts = 2 iters= 583
CONGRAD5: time = 6.710689e-01 (fn F) masses = 1 iters = 570 mflops = 2.322956e+03
 OK converged final_rsq= 1e-10 (cf 1e-10) rel = 1 (cf 0) restarts = 2 iters= 570
GFTIME:   time = 1.715622e-01 (Symanzik1) mflops = 2.054772e+03
FFTIME:  time = 3.810370e-01 (asqtad3) terms = 2 mflops = 2.624056e+03
CONGRAD5: time = 6.964769e-01 (fn F) masses = 1 iters = 593 mflops = 2.328526e+03
 OK converged final_rsq= 9.7e-11 (cf 1e-10) rel = 1 (cf 0) restarts = 2 iters= 593
CONGRAD5: time = 6.689501e-01 (fn F) masses = 1 iters = 569 mflops = 2.326225e+03
 OK converged final_rsq= 4.9e-11 (cf 1e-10) rel = 1 (cf 0) restarts = 3 iters= 569
GFTIME:   time = 1.733589e-01 (Symanzik1) mflops = 2.033476e+03
FFTIME:  time = 3.787310e-01 (asqtad3) terms = 2 mflops = 2.640033e+03
PLAQ:	1.541187	1.539437
P_LOOP:	-1.141752e-03	-1.306813e-02
G_LOOP:  0  0  4   	1.541648e+00	( 0 1 7 6  )
G_LOOP:  0  1  4   	1.539963e+00	( 0 2 7 5  )
G_LOOP:  0  2  4   	1.540131e+00	( 0 3 7 4  )
G_LOOP:  0  3  4   	1.541949e+00	( 1 2 6 5  )
G_LOOP:  0  4  4   	1.538898e+00	( 1 3 6 4  )
G_LOOP:  0  5  4   	1.539281e+00	( 2 3 5 4  )
G_LOOP:  1  0  6   	7.830470e-01	( 0 0 1 7 7 6  )
G_LOOP:  1  1  6   	7.774833e-01	( 0 0 2 7 7 5  )
G_LOOP:  1  2  6   	7.808380e-01	( 0 0 3 7 7 4  )
G_LOOP:  1  3  6   	7.790779e-01	( 1 1 0 6 6 7  )
G_LOOP:  1  4  6   	7.815992e-01	( 1 1 2 6 6 5  )
G_LOOP:  1  5  6   	7.768085e-01	( 1 1 3 6 6 4  )
G_LOOP:  1  6  6   	7.791801e-01	( 2 2 0 5 5 7  )
G_LOOP:  1  7  6   	7.849183e-01	( 2 2 1 5 5 6  )
G_LOOP:  1  8  6   	7.778554e-01	( 2 2 3 5 5 4  )
G_LOOP:  1  9  6   	7.772978e-01	( 3 3 0 4 4 7  )
G_LOOP:  1  10  6   	7.810393e-01	( 3 3 1 4 4 6  )
G_LOOP:  1  11  6   	7.788501e-01	( 3 3 2 4 4 5  )
G_LOOP:  2  0  6   	8.020517e-01	( 0 1 2 7 6 5  )
G_LOOP:  2  1  6   	8.001462e-01	( 0 1 5 7 6 2  )
G_LOOP:  2  2  6   	8.013429e-01	( 0 6 2 7 1 5  )
G_LOOP:  2  3  6   	8.030511e-01	( 0 6 5 7 1 2  )
G_LOOP:  2  4  6   	8.007939e-01	( 0 1 3 7 6 4  )
G_LOOP:  2  5  6   	7.963894e-01	( 0 1 4 7 6 3  )
G_LOOP:  2  6  6   	7.978835e-01	( 0 6 3 7 1 4  )
G_LOOP:  2  7  6   	8.024131e-01	( 0 6 4 7 1 3  )
G_LOOP:  2  8  6   	7.987494e-01	( 0 2 3 7 5 4  )
G_LOOP:  2  9  6   	7.991384e-01	( 0 2 4 7 5 3  )
G_LOOP:  2  10  6   	7.988639e-01	( 0 5 3 7 2 4  )
G_LOOP:  2  11  6   	7.985226e-01	( 0 5 4 7 2 3  )
G_LOOP:  2  12  6   	7.973328e-01	( 1 2 3 6 5 4  )
G_LOOP:  2  13  6   	7.974677e-01	( 1 2 4 6 5 3  )
G_LOOP:  2  14  6   	8.000052e-01	( 1 5 3 6 2 4  )
G_LOOP:  2  15  6   	8.015423e-01	( 1 5 4 6 2 3  )
GACTION: 6.327025e+00
CONGRAD5: time = 6.511471e-01 (fn F) masses = 1 iters = 549 mflops = 2.305825e+03
 OK converged final_rsq= 5e-11 (cf 1e-10) rel = 1 (cf 0) restarts = 3 iters= 549
CONGRAD5: time = 8.851600e-02 (fn F) masses = 1 iters = 73 mflops = 2.255456e+03
 OK converged final_rsq= 9.9e-11 (cf 1e-10) rel = 1 (cf 0) restarts = 1 iters= 73
PBP: mass 1.000000e-02     3.264870e-02  3.450378e-02  -2.495902e-03  -2.496758e-03 ( 1 of 1 )
FACTION: mass = 1.000000e-02,  1.495516e+00 ( 1 of 1 )
CONGRAD5: time = 6.982291e-01 (fn F) masses = 1 iters = 591 mflops = 2.314849e+03
 OK converged final_rsq= 9.7e-11 (cf 1e-10) rel = 1 (cf 0) restarts = 2 iters= 591
CONGRAD5: time = 8.810902e-02 (fn F) masses = 1 iters = 73 mflops = 2.265874e+03
 OK converged final_rsq= 1e-10 (cf 1e-10) rel = 1 (cf 0) restarts = 1 iters= 73
PBP: mass 1.000000e-02     3.933426e-02  2.958555e-02  5.085964e-03  5.083389e-03 ( 1 of 1 )
FACTION: mass = 1.000000e-02,  1.498178e+00 ( 1 of 1 )
CONGRAD5: time = 7.043650e-01 (fn F) masses = 1 iters = 596 mflops = 2.314098e+03
 OK converged final_rsq= 4.9e-11 (cf 1e-10) rel = 1 (cf 0) restarts = 3 iters= 596
CONGRAD5: time = 6.845710e-01 (fn F) masses = 1 iters = 580 mflops = 2.317089e+03
 OK converged final_rsq= 9.8e-11 (cf 1e-10) rel = 1 (cf 0) restarts = 2 iters= 580
GFTIME:   time = 1.753130e-01 (Symanzik1) mflops = 2.010811e+03
FFTIME:  time = 3.777251e-01 (asqtad3) terms = 2 mflops = 2.647063e+03
CONGRAD5: time = 6.801250e-01 (fn F) masses = 1 iters = 578 mflops = 2.324194e+03
 OK converged final_rsq= 5e-11 (cf 1e-10) rel = 1 (cf 0) restarts = 3 iters= 578
CONGRAD5: time = 6.792140e-01 (fn F) masses = 1 iters = 578 mflops = 2.327311e+03
 OK converged final_rsq= 9.9e-11 (cf 1e-10) rel = 1 (cf 0) restarts = 2 iters= 578
GFTIME:   time = 1.750698e-01 (Symanzik1) mflops = 2.013604e+03
FFTIME:  time = 3.839772e-01 (asqtad3) terms = 2 mflops = 2.603963e+03
CONGRAD5: time = 7.011580e-01 (fn F) masses = 1 iters = 593 mflops = 2.312980e+03
 OK converged final_rsq= 9.7e-11 (cf 1e-10) rel = 1 (cf 0) restarts = 2 iters= 593
CONGRAD5: time = 6.679120e-01 (fn F) masses = 1 iters = 567 mflops = 2.321651e+03
 OK converged final_rsq= 9.9e-11 (cf 1e-10) rel = 1 (cf 0) restarts = 2 iters= 567
GFTIME:   time = 1.741970e-01 (Symanzik1) mflops = 2.023693e+03
FFTIME:  time = 3.786752e-01 (asqtad3) terms = 2 mflops = 2.640422e+03
CONGRAD5: time = 6.961801e-01 (fn F) masses = 1 iters = 593 mflops = 2.329519e+03
 OK converged final_rsq= 1e-10 (cf 1e-10) rel = 1 (cf 0) restarts = 2 iters= 593
CONGRAD5: time = 6.786680e-01 (fn F) masses = 1 iters = 578 mflops = 2.329183e+03
 OK converged final_rsq= 1e-10 (cf 1e-10) rel = 1 (cf 0) restarts = 2 iters= 578
GFTIME:   time = 1.751430e-01 (Symanzik1) mflops = 2.012762e+03
FFTIME:  time = 3.792610e-01 (asqtad3) terms = 2 mflops = 2.636343e+03
CONGRAD5: time = 6.962669e-01 (fn F) masses = 1 iters = 592 mflops = 2.325301e+03
 OK converged final_rsq= 4.9e-11 (cf 1e-10) rel = 1 (cf 0) restarts = 3 iters= 592
CONGRAD5: time = 6.795490e-01 (fn F) masses = 1 iters = 578 mflops = 2.326164e+03
 OK converged final_rsq= 1e-10 (cf 1e-10) rel = 1 (cf 0) restarts = 2 iters= 578
GFTIME:   time = 1.740949e-01 (Symanzik1) mflops = 2.024879e+03
FFTIME:  time = 3.855860e-01 (asqtad3) terms = 2 mflops = 2.593098e+03
CONGRAD5: time = 6.983771e-01 (fn F) masses = 1 iters = 594 mflops = 2.326107e+03
 OK converged final_rsq= 9.8e-11 (cf 1e-10) rel = 1 (cf 0) restarts = 2 iters= 594
CONGRAD5: time = 6.827462e-01 (fn F) masses = 1 iters = 580 mflops = 2.323282e+03
 OK converged final_rsq= 4.9e-11 (cf 1e-10) rel = 1 (cf 0) restarts = 3 iters= 580
GFTIME:   time = 1.732070e-01 (Symanzik1) mflops = 2.035259e+03
FFTIME:  time = 3.843679e-01 (asqtad3) terms = 2 mflops = 2.601315e+03
CONGRAD5: time = 6.981230e-01 (fn F) masses = 1 iters = 593 mflops = 2.323036e+03
 OK converged final_rsq= 9.5e-11 (cf 1e-10) rel = 1 (cf 0) restarts = 2 iters= 593
CONGRAD5: time = 6.959770e-01 (fn F) masses = 1 iters = 592 mflops = 2.326270e+03
 OK converged final_rsq= 9.9e-11 (cf 1e-10) rel = 1 (cf 0) restarts = 2 iters= 592
GFTIME:   time = 1.723831e-01 (Symanzik1) mflops = 2.044987e+03
FFTIME:  time = 3.811250e-01 (asqtad3) terms = 2 mflops = 2.623450e+03
CONGRAD5: time = 6.947401e-01 (fn F) masses = 1 iters = 590 mflops = 2.322538e+03
 OK converged final_rsq= 4.9e-11 (cf 1e-10) rel = 1 (cf 0) restarts = 3 iters= 590
CONGRAD5: time = 6.836400e-01 (fn F) masses = 1 iters = 579 mflops = 2.316244e+03
 OK converged final_rsq= 1e-10 (cf 1e-10) rel = 1 (cf 0) restarts = 2 iters= 579
GFTIME:   time = 1.755381e-01 (Symanzik1) mflops = 2.008232e+03
FFTIME:  time = 3.771491e-01 (asqtad3) terms = 2 mflops = 2.651106e+03
CONGRAD5: time = 6.981142e-01 (fn F) masses = 1 iters = 593 mflops = 2.323065e+03
 OK converged final_rsq= 1e-10 (cf 1e-10) rel = 1 (cf 0) restarts = 2 iters= 593
CONGRAD5: time = 6.728468e-01 (fn F) masses = 1 iters = 571 mflops = 2.320882e+03
 OK converged final_rsq= 9.9e-11 (cf 1e-10) rel = 1 (cf 0) restarts = 2 iters= 571
GFTIME:   time = 1.705909e-01 (Symanzik1) mflops = 2.066472e+03
FFTIME:  time = 3.817639e-01 (asqtad3) terms = 2 mflops = 2.619059e+03
CONGRAD5: time = 6.960039e-01 (fn F) masses = 1 iters = 592 mflops = 2.326179e+03
 OK converged final_rsq= 9.8e-11 (cf 1e-10) rel = 1 (cf 0) restarts = 2 iters= 592
CONGRAD5: time = 6.980178e-01 (fn F) masses = 1 iters = 593 mflops = 2.323386e+03
 OK converged final_rsq= 5e-11 (cf 1e-10) rel = 1 (cf 0) restarts = 3 iters= 593
GFTIME:   time = 1.709962e-01 (Symanzik1) mflops = 2.061574e+03
FFTIME:  time = 3.792551e-01 (asqtad3) terms = 2 mflops = 2.636385e+03
CONGRAD5: time = 6.949871e-01 (fn F) masses = 1 iters = 589 mflops = 2.317778e+03
 OK converged final_rsq= 9.8e-11 (cf 1e-10) rel = 1 (cf 0) restarts = 2 iters= 589
CONGRAD5: time = 6.812279e-01 (fn F) masses = 1 iters = 578 mflops = 2.320431e+03
 OK converged final_rsq= 9.9e-11 (cf 1e-10) rel = 1 (cf 0) restarts = 2 iters= 578
GFTIME:   time = 1.722391e-01 (Symanzik1) mflops = 2.046697e+03
FFTIME:  time = 3.800700e-01 (asqtad3) terms = 2 mflops = 2.630732e+03
CONGRAD5: time = 7.034190e-01 (fn F) masses = 1 iters = 597 mflops = 2.321098e+03
 OK converged final_rsq= 9.5e-11 (cf 1e-10) rel = 1 (cf 0) restarts = 2 iters= 597
CONGRAD5: time = 7.009249e-01 (fn F) masses = 1 iters = 595 mflops = 2.321553e+03
 OK converged final_rsq= 9.4e-11 (cf 1e-10) rel = 1 (cf 0) restarts = 2 iters= 595
GFTIME:   time = 1.716890e-01 (Symanzik1) mflops = 2.053254e+03
FFTIME:  time = 3.792131e-01 (asqtad3) terms = 2 mflops = 2.636677e+03
CONGRAD5: time = 7.078719e-01 (fn F) masses = 1 iters = 600 mflops = 2.318087e+03
 OK converged final_rsq= 9.7e-11 (cf 1e-10) rel = 1 (cf 0) restarts = 2 iters= 600
CONGRAD5: time = 7.029269e-01 (fn F) masses = 1 iters = 597 mflops = 2.322723e+03
 OK converged final_rsq= 9.4e-11 (cf 1e-10) rel = 1 (cf 0) restarts = 2 iters= 597
GFTIME:   time = 1.746972e-01 (Symanzik1) mflops = 2.017899e+03
FFTIME:  time = 3.787410e-01 (asqtad3) terms = 2 mflops = 2.639963e+03
CONGRAD5: time = 6.950591e-01 (fn F) masses = 1 iters = 591 mflops = 2.325407e+03
 OK converged final_rsq= 9.6e-11 (cf 1e-10) rel = 1 (cf 0) restarts = 2 iters= 591
CONGRAD5: time = 6.952291e-01 (fn F) masses = 1 iters = 591 mflops = 2.324838e+03
 OK converged final_rsq= 4.9e-11 (cf 1e-10) rel = 1 (cf 0) restarts = 3 iters= 591
GFTIME:   time = 1.730709e-01 (Symanzik1) mflops = 2.036860e+03
FFTIME:  time = 3.821650e-01 (asqtad3) terms = 2 mflops = 2.616311e+03
CONGRAD5: time = 7.058890e-01 (fn F) masses = 1 iters = 598 mflops = 2.316850e+03
 OK converged final_rsq= 9.4e-11 (cf 1e-10) rel = 1 (cf 0) restarts = 2 iters= 598
CONGRAD5: time = 7.016621e-01 (fn F) masses = 1 iters = 595 mflops = 2.319114e+03
 OK converged final_rsq= 9.7e-11 (cf 1e-10) rel = 1 (cf 0) restarts = 2 iters= 595
GFTIME:   time = 1.745448e-01 (Symanzik1) mflops = 2.019660e+03
FFTIME:  time = 3.796690e-01 (asqtad3) terms = 2 mflops = 2.633511e+03
PLAQ:	1.498580	1.498366
P_LOOP:	-9.362459e-03	-1.518849e-02
G_LOOP:  0  0  4   	1.499101e+00	( 0 1 7 6  )
G_LOOP:  0  1  4   	1.497604e+00	( 0 2 7 5  )
G_LOOP:  0  2  4   	1.498743e+00	( 0 3 7 4  )
G_LOOP:  0  3  4   	1.499035e+00	( 1 2 6 5  )
G_LOOP:  0  4  4   	1.498258e+00	( 1 3 6 4  )
G_LOOP:  0  5  4   	1.498098e+00	( 2 3 5 4  )
G_LOOP:  1  0  6   	7.395123e-01	( 0 0 1 7 7 6  )
G_LOOP:  1  1  6   	7.376781e-01	( 0 0 2 7 7 5  )
G_LOOP:  1  2  6   	7.435045e-01	( 0 0 3 7 7 4  )
G_LOOP:  1  3  6   	7.406574e-01	( 1 1 0 6 6 7  )
G_LOOP:  1  4  6   	7.434037e-01	( 1 1 2 6 6 5  )
G_LOOP:  1  5  6   	7.406324e-01	( 1 1 3 6 6 4  )
G_LOOP:  1  6  6   	7.401077e-01	( 2 2 0 5 5 7  )
G_LOOP:  1  7  6   	7.442130e-01	( 2 2 1 5 5 6  )
G_LOOP:  1  8  6   	7.391238e-01	( 2 2 3 5 5 4  )
G_LOOP:  1  9  6   	7.384941e-01	( 3 3 0 4 4 7  )
G_LOOP:  1  10  6   	7.392203e-01	( 3 3 1 4 4 6  )
G_LOOP:  1  11  6   	7.403361e-01	( 3 3 2 4 4 5  )
G_LOOP:  2  0  6   	7.628318e-01	( 0 1 2 7 6 5  )
G_LOOP:  2  1  6   	7.608475e-01	( 0 1 5 7 6 2  )
G_LOOP:  2  2  6   	7.571566e-01	( 0 6 2 7 1 5  )
G_LOOP:  2  3  6   	7.599215e-01	( 0 6 5 7 1 2  )
G_LOOP:  2  4  6   	7.578938e-01	( 0 1 3 7 6 4  )
G_LOOP:  2  5  6   	7.569695e-01	( 0 1 4 7 6 3  )
G_LOOP:  2  6  6   	7.575471e-01	( 0 6 3 7 1 4  )
G_LOOP:  2  7  6   	7.594470e-01	( 0 6 4 7 1 3  )
G_LOOP:  2  8  6   	7.598450e-01	( 0 2 3 7 5 4  )
G_LOOP:  2  9  6   	7.594236e-01	( 0 2 4 7 5 3  )
G_LOOP:  2  10  6   	7.573897e-01	( 0 5 3 7 2 4  )
G_LOOP:  2  11  6   	7.594762e-01	( 0 5 4 7 2 3  )
G_LOOP:  2  12  6   	7.605993e-01	( 1 2 3 6 5 4  )
G_LOOP:  2  13  6   	7.580096e-01	( 1 2 4 6 5 3  )
G_LOOP:  2  14  6   	7.596792e-01	( 1 5 3 6 2 4  )
G_LOOP:  2  15  6   	7.599017e-01	( 1 5 4 6 2 3  )
GACTION: 6.534796e+00
CONGRAD5: time = 6.927981e-01 (fn F) masses = 1 iters = 585 mflops = 2.309311e+03
 OK converged final_rsq= 9.8e-11 (cf 1e-10) rel = 1 (cf 0) restarts = 2 iters= 585
CONGRAD5: time = 8.755493e-02 (fn F) masses = 1 iters = 72 mflops = 2.248977e+03
 OK converged final_rsq= 9.9e-11 (cf 1e-10) rel = 1 (cf 0) restarts = 1 iters= 72
PBP: mass 1.000000e-02     3.857641e-02  3.545636e-02  1.922859e-03  1.922105e-03 ( 1 of 1 )
FACTION: mass = 1.000000e-02,  1.499606e+00 ( 1 of 1 )
CONGRAD5: time = 7.009442e-01 (fn F) masses = 1 iters = 592 mflops = 2.309785e+03
 OK converged final_rsq= 9.7e-11 (cf 1e-10) rel = 1 (cf 0) restarts = 2 iters= 592
CONGRAD5: time = 9.347296e-02 (fn F) masses = 1 iters = 77 mflops = 2.252879e+03
 OK converged final_rsq= 1e-10 (cf 1e-10) rel = 1 (cf 0) restarts = 1 iters= 77
PBP: mass 1.000000e-02     3.377239e-02  4.241263e-02  8.153259e-03  8.156381e-03 ( 1 of 1 )
FACTION: mass = 1.000000e-02,  1.500867e+00 ( 1 of 1 )
CONGRAD5: time = 6.928411e-01 (fn F) masses = 1 iters = 588 mflops = 2.321009e+03
 OK converged final_rsq= 9.7e-11 (cf 1e-10) rel = 1 (cf 0) restarts = 2 iters= 588
CONGRAD5: time = 6.877940e-01 (fn F) masses = 1 iters = 585 mflops = 2.326112e+03
 OK converged final_rsq= 1e-10 (cf 1e-10) rel = 1 (cf 0) restarts = 2 iters= 585
GFTIME:   time = 1.750870e-01 (Symanzik1) mflops = 2.013406e+03
FFTIME:  time = 3.818772e-01 (asqtad3) terms = 2 mflops = 2.618282e+03
CONGRAD5: time = 7.038951e-01 (fn F) masses = 1 iters = 597 mflops = 2.319528e+03
 OK converged final_rsq= 9.5e-11 (cf 1e-10) rel = 1 (cf 0) restarts = 2 iters= 597
CONGRAD5: time = 7.006450e-01 (fn F) masses = 1 iters = 594 mflops = 2.318578e+03
 OK converged final_rsq= 9.6e-11 (cf 1e-10) rel = 1 (cf 0) restarts = 2 iters= 594
GFTIME:   time = 1.710179e-01 (Symanzik1) mflops = 2.061312e+03
FFTIME:  time = 3.822522e-01 (asqtad3) terms = 2 mflops = 2.615713e+03
CONGRAD5: time = 7.055190e-01 (fn F) masses = 1 iters = 598 mflops = 2.318065e+03
 OK converged final_rsq= 9.4e-11 (cf 1e-10) rel = 1 (cf 0) restarts = 2 iters= 598
CONGRAD5: time = 7.050240e-01 (fn F) masses = 1 iters = 598 mflops = 2.319693e+03
 OK converged final_rsq= 9.2e-11 (cf 1e-10) rel = 1 (cf 0) restarts = 2 iters= 598
GFTIME:   time = 1.720841e-01 (Symanzik1) mflops = 2.048540e+03
FFTIME:  time = 3.782449e-01 (asqtad3) terms = 2 mflops = 2.643426e+03
CONGRAD5: time = 7.059529e-01 (fn F) masses = 1 iters = 598 mflops = 2.316641e+03
 OK converged final_rsq= 9.5e-11 (cf 1e-10) rel = 1 (cf 0) restarts = 2 iters= 598
CONGRAD5: time = 6.922400e-01 (fn F) masses = 1 iters = 587 mflops = 2.319074e+03
 OK converged final_rsq= 9.7e-11 (cf 1e-10) rel = 1 (cf 0) restarts = 2 iters= 587
GFTIME:   time = 1.729040e-01 (Symanzik1) mflops = 2.038826e+03
FFTIME:  time = 3.781619e-01 (asqtad3) terms = 2 mflops = 2.644006e+03
CONGRAD5: time = 6.994569e-01 (fn F) masses = 1 iters = 594 mflops = 2.322516e+03
 OK converged final_rsq= 1e-10 (cf 1e-10) rel = 1 (cf 0) restarts = 2 iters= 594
CONGRAD5: time = 6.937389e-01 (fn F) masses = 1 iters = 588 mflops = 2.318005e+03
 OK converged final_rsq= 4.9e-11 (cf 1e-10) rel = 1 (cf 0) restarts = 3 iters= 588
GFTIME:   time = 1.704152e-01 (Symanzik1) mflops = 2.068602e+03
FFTIME:  time = 3.788071e-01 (asqtad3) terms = 2 mflops = 2.639503e+03
CONGRAD5: time = 7.075541e-01 (fn F) masses = 1 iters = 599 mflops = 2.315263e+03
 OK converged final_rsq= 9.2e-11 (cf 1e-10) rel = 1 (cf 0) restarts = 2 iters= 599
CONGRAD5: time = 7.082260e-01 (fn F) masses = 1 iters = 600 mflops = 2.316928e+03
 OK converged final_rsq= 8.1e-11 (cf 1e-10) rel = 1 (cf 0) restarts = 2 iters= 600
GFTIME:   time = 1.734550e-01 (Symanzik1) mflops = 2.032350e+03
FFTIME:  time = 3.799219e-01 (asqtad3) terms = 2 mflops = 2.631757e+03
CONGRAD5: time = 6.982789e-01 (fn F) masses = 1 iters = 593 mflops = 2.322517e+03
 OK converged final_rsq= 5e-11 (cf 1e-10) rel = 1 (cf 0) restarts = 3 iters= 593
CONGRAD5: time = 6.932240e-01 (fn F) masses = 1 iters = 590 mflops = 2.327618e+03
 OK converged final_rsq= 9.9e-11 (cf 1e-10) rel = 1 (cf 0) restarts = 2 iters= 590
GFTIME:   time = 1.730821e-01 (Symanzik1) mflops = 2.036728e+03
FFTIME:  time = 3.780289e-01 (asqtad3) terms = 2 mflops = 2.644936e+03
CONGRAD5: time = 7.085879e-01 (fn F) masses = 1 iters = 600 mflops = 2.315745e+03
 OK converged final_rsq= 9.5e-11 (cf 1e-10) rel = 1 (cf 0) restarts = 2 iters= 600
CONGRAD5: time = 6.815460e-01 (fn F) masses = 1 iters = 577 mflops = 2.315335e+03
 OK converged final_rsq= 5e-11 (cf 1e-10) rel = 1 (cf 0) restarts = 3 iters= 577
GFTIME:   time = 1.746771e-01 (Symanzik1) mflops = 2.018130e+03
FFTIME:  time = 3.809030e-01 (asqtad3) terms = 2 mflops = 2.624979e+03
CONGRAD5: time = 7.111180e-01 (fn F) masses = 1 iters = 602 mflops = 2.315197e+03
 OK converged final_rsq= 4.2e-11 (cf 1e-10) rel = 1 (cf 0) restarts = 3 iters= 602
CONGRAD5: time = 7.024260e-01 (fn F) masses = 1 iters = 594 mflops = 2.312699e+03
 OK converged final_rsq= 5e-11 (cf 1e-10) rel = 1 (cf 0) restarts = 3 iters= 594
GFTIME:   time = 1.741581e-01 (Symanzik1) mflops = 2.024145e+03
FFTIME:  time = 3.824160e-01 (asqtad3) terms = 2 mflops = 2.614593e+03
CONGRAD5: time = 6.918271e-01 (fn F) masses = 1 iters = 585 mflops = 2.312552e+03
 OK converged final_rsq= 9.8e-11 (cf 1e-10) rel = 1 (cf 0) restarts = 2 iters= 585
CONGRAD5: time = 6.826358e-01 (fn F) masses = 1 iters = 577 mflops = 2.311639e+03
 OK converged final_rsq= 1e-10 (cf 1e-10) rel = 1 (cf 0) restarts = 2 iters= 577
GFTIME:   time = 1.726980e-01 (Symanzik1) mflops = 2.041258e+03
FFTIME:  time = 3.813541e-01 (asqtad3) terms = 2 mflops = 2.621874e+03
CONGRAD5: time = 7.044370e-01 (fn F) masses = 1 iters = 597 mflops = 2.317743e+03
 OK converged final_rsq= 1e-10 (cf 1e-10) rel = 1 (cf 0) restarts = 2 iters= 597
CONGRAD5: time = 6.882460e-01 (fn F) masses = 1 iters = 582 mflops = 2.312664e+03
 OK converged final_rsq= 4.9e-11 (cf 1e-10) rel = 1 (cf 0) restarts = 3 iters= 582
GFTIME:   time = 1.726630e-01 (Symanzik1) mflops = 2.041672e+03
FFTIME:  time = 3.805380e-01 (asqtad3) terms = 2 mflops = 2.627497e+03
CONGRAD5: time = 7.067051e-01 (fn F) masses = 1 iters = 600 mflops = 2.321914e+03
 OK converged final_rsq= 8.6e-11 (cf 1e-10) rel = 1 (cf 0) restarts = 2 iters= 600
CONGRAD5: time = 7.051299e-01 (fn F) masses = 1 iters = 599 mflops = 2.323223e+03
 OK converged final_rsq= 8.8e-11 (cf 1e-10) rel = 1 (cf 0) restarts = 2 iters= 599
GFTIME:   time = 1.749382e-01 (Symanzik1) mflops = 2.015119e+03
FFTIME:  time = 3.783488e-01 (asqtad3) terms = 2 mflops = 2.642700e+03
CONGRAD5: time = 7.029610e-01 (fn F) masses = 1 iters = 595 mflops = 2.314829e+03
 OK converged final_rsq= 9.9e-11 (cf 1e-10) rel = 1 (cf 0) restarts = 2 iters= 595
CONGRAD5: time = 7.094738e-01 (fn F) masses = 1 iters = 600 mflops = 2.312853e+03
 OK converged final_rsq= 4.9e-11 (cf 1e-10) rel = 1 (cf 0) restarts = 3 iters= 600
GFTIME:   time = 1.739089e-01 (Symanzik1) mflops = 2.027045e+03
FFTIME:  time = 3.793800e-01 (asqtad3) terms = 2 mflops = 2.635517e+03
CONGRAD5: time = 7.058201e-01 (fn F) masses = 1 iters = 598 mflops = 2.317076e+03
 OK converged final_rsq= 9.3e-11 (cf 1e-10) rel = 1 (cf 0) restarts = 2 iters= 598
CONGRAD5: time = 6.948481e-01 (fn F) masses = 1 iters = 588 mflops = 2.314305e+03
 OK converged final_rsq= 9.8e-11 (cf 1e-10) rel = 1 (cf 0) restarts = 2 iters= 588
GFTIME:   time = 1.741250e-01 (Symanzik1) mflops = 2.024530e+03
FFTIME:  time = 3.838651e-01 (asqtad3) terms = 2 mflops = 2.604723e+03
CONGRAD5: time = 7.079968e-01 (fn F) masses = 1 iters = 600 mflops = 2.317678e+03
 OK converged final_rsq= 1e-10 (cf 1e-10) rel = 1 (cf 0) restarts = 2 iters= 600
CONGRAD5: time = 6.981990e-01 (fn F) masses = 1 iters = 594 mflops = 2.326700e+03
 OK converged final_rsq= 1e-10 (cf 1e-10) rel = 1 (cf 0) restarts = 2 iters= 594
GFTIME:   time = 1.720068e-01 (Symanzik1) mflops = 2.049460e+03
FFTIME:  time = 3.772769e-01 (asqtad3) terms = 2 mflops = 2.650208e+03
PLAQ:	1.475018	1.474765
P_LOOP:	1.583968e-03	8.888763e-03
G_LOOP:  0  0  4   	1.475200e+00	( 0 1 7 6  )
G_LOOP:  0  1  4   	1.473302e+00	( 0 2 7 5  )
G_LOOP:  0  2  4   	1.474447e+00	( 0 3 7 4  )
G_LOOP:  0  3  4   	1.476551e+00	( 1 2 6 5  )
G_LOOP:  0  4  4   	1.473466e+00	( 1 3 6 4  )
G_LOOP:  0  5  4   	1.476382e+00	( 2 3 5 4  )
G_LOOP:  1  0  6   	7.168152e-01	( 0 0 1 7 7 6  )
G_LOOP:  1  1  6   	7.143560e-01	( 0 0 2 7 7 5  )
G_LOOP:  1  2  6   	7.200913e-01	( 0 0 3 7 7 4  )
G_LOOP:  1  3  6   	7.156780e-01	( 1 1 0 6 6 7  )
G_LOOP:  1  4  6   	7.181522e-01	( 1 1 2 6 6 5  )
G_LOOP:  1  5  6   	7.148206e-01	( 1 1 3 6 6 4  )
G_LOOP:  1  6  6   	7.170349e-01	( 2 2 0 5 5 7  )
G_LOOP:  1  7  6   	7.201545e-01	( 2 2 1 5 5 6  )
G_LOOP:  1  8  6   	7.182823e-01	( 2 2 3 5 5 4  )
G_LOOP:  1  9  6   	7.158960e-01	( 3 3 0 4 4 7  )
G_LOOP:  1  10  6   	7.152688e-01	( 3 3 1 4 4 6  )
G_LOOP:  1  11  6   	7.163844e-01	( 3 3 2 4 4 5  )
G_LOOP:  2  0  6   	7.356671e-01	( 0 1 2 7 6 5  )
G_LOOP:  2  1  6   	7.328274e-01	( 0 1 5 7 6 2  )
G_LOOP:  2  2  6   	7.315874e-01	( 0 6 2 7 1 5  )
G_LOOP:  2  3  6   	7.323769e-01	( 0 6 5 7 1 2  )
G_LOOP:  2  4  6   	7.306019e-01	( 0 1 3 7 6 4  )
G_LOOP:  2  5  6   	7.319978e-01	( 0 1 4 7 6 3  )
G_LOOP:  2  6  6   	7.344427e-01	( 0 6 3 7 1 4  )
G_LOOP:  2  7  6   	7.355533e-01	( 0 6 4 7 1 3  )
G_LOOP:  2  8  6   	7.341856e-01	( 0 2 3 7 5 4  )
G_LOOP:  2  9  6   	7.352679e-01	( 0 2 4 7 5 3  )
G_LOOP:  2  10  6   	7.323827e-01	( 0 5 3 7 2 4  )
G_LOOP:  2  11  6   	7.358148e-01	( 0 5 4 7 2 3  )
G_LOOP:  2  12  6   	7.352626e-01	( 1 2 3 6 5 4  )
G_LOOP:  2  13  6   	7.335346e-01	( 1 2 4 6 5 3  )
G_LOOP:  2  14  6   	7.329657e-01	( 1 5 3 6 2 4  )
G_LOOP:  2  15  6   	7.343445e-01	( 1 5 4 6 2 3  )
GACTION: 6.650037e+00
CONGRAD5: time = 6.999300e-01 (fn F) masses = 1 iters = 594 mflops = 2.320946e+03
 OK converged final_rsq= 9.6e-11 (cf 1e-10) rel = 1 (cf 0) restarts = 2 iters= 594
CONGRAD5: time = 9.083509e-02 (fn F) masses = 1 iters = 75 mflops = 2.258088e+03
 OK converged final_rsq= 9.8e-11 (cf 1e-10) rel = 1 (cf 0) restarts = 1 iters= 75
PBP: mass 1.000000e-02     4.191618e-02  3.939040e-02  -2.735264e-03  -2.734107e-03 ( 1 of 1 )
FACTION: mass = 1.000000e-02,  1.498802e+00 ( 1 of 1 )
CONGRAD5: time = 7.035990e-01 (fn F) masses = 1 iters = 597 mflops = 2.320504e+03
 OK converged final_rsq= 9.6e-11 (cf 1e-10) rel = 1 (cf 0) restarts = 2 iters= 597
CONGRAD5: time = 9.776807e-02 (fn F) masses = 1 iters = 81 mflops = 2.265798e+03
 OK converged final_rsq= 1e-10 (cf 1e-10) rel = 1 (cf 0) restarts = 1 iters= 81
PBP: mass 1.000000e-02     3.659735e-02  4.621624e-02  -2.733654e-03  -2.734212e-03 ( 1 of 1 )
FACTION: mass = 1.000000e-02,  1.497408e+00 ( 1 of 1 )
CONGRAD5: time = 7.092299e-01 (fn F) masses = 1 iters = 602 mflops = 2.321361e+03
 OK converged final_rsq= 5e-11 (cf 1e-10) rel = 1 (cf 0) restarts = 3 iters= 602
CONGRAD5: time = 7.062061e-01 (fn F) masses = 1 iters = 600 mflops = 2.323555e+03
 OK converged final_rsq= 9.6e-11 (cf 1e-10) rel = 1 (cf 0) restarts = 2 iters= 600
GFTIME:   time = 1.751990e-01 (Symanzik1) mflops = 2.012119e+03
FFTIME:  time = 3.822801e-01 (asqtad3) terms = 2 mflops = 2.615523e+03
CONGRAD5: time = 7.092319e-01 (fn F) masses = 1 iters = 600 mflops = 2.313642e+03
 OK converged final_rsq= 8.6e-11 (cf 1e-10) rel = 1 (cf 0) restarts = 2 iters= 600
CONGRAD5: time = 7.041869e-01 (fn F) masses = 1 iters = 596 mflops = 2.314683e+03
 OK converged final_rsq= 9.5e-11 (cf 1e-10) rel = 1 (cf 0) restarts = 2 iters= 596
GFTIME:   time = 1.709790e-01 (Symanzik1) mflops = 2.061781e+03
FFTIME:  time = 3.770671e-01 (asqtad3) terms = 2 mflops = 2.651683e+03
CONGRAD5: time = 7.064040e-01 (fn F) masses = 1 iters = 598 mflops = 2.315161e+03
 OK converged final_rsq= 9.8e-11 (cf 1e-10) rel = 1 (cf 0) restarts = 2 iters= 598
CONGRAD5: time = 7.105360e-01 (fn F) masses = 1 iters = 602 mflops = 2.317094e+03
 OK converged final_rsq= 3.8e-11 (cf 1e-10) rel = 1 (cf 0) restarts = 3 iters= 602
GFTIME:   time = 1.754489e-01 (Symanzik1) mflops = 2.009253e+03
FFTIME:  time = 3.791790e-01 (asqtad3) terms = 2 mflops = 2.636914e+03
CONGRAD5: time = 7.068770e-01 (fn F) masses = 1 iters = 600 mflops = 2.321350e+03
 OK converged final_rsq= 8.9e-11 (cf 1e-10) rel = 1 (cf 0) restarts = 2 iters= 600
CONGRAD5: time = 7.018399e-01 (fn F) masses = 1 iters = 592 mflops = 2.306837e+03
 OK converged final_rsq= 4.9e-11 (cf 1e-10) rel = 1 (cf 0) restarts = 3 iters= 592
GFTIME:   time = 1.730652e-01 (Symanzik1) mflops = 2.036927e+03
FFTIME:  time = 3.820410e-01 (asqtad3) terms = 2 mflops = 2.617160e+03
CONGRAD5: time = 7.061300e-01 (fn F) masses = 1 iters = 599 mflops = 2.319932e+03
 OK converged final_rsq= 9.1e-11 (cf 1e-10) rel = 1 (cf 0) restarts = 2 iters= 599
CONGRAD5: time = 7.073131e-01 (fn F) masses = 1 iters = 601 mflops = 2.323785e+03
 OK converged final_rsq= 4.7e-11 (cf 1e-10) rel = 1 (cf 0) restarts = 3 iters= 601
GFTIME:   time = 1.735990e-01 (Symanzik1) mflops = 2.030664e+03
FFTIME:  time = 3.800602e-01 (asqtad3) terms = 2 mflops = 2.630800e+03
CONGRAD5: time = 7.130969e-01 (fn F) masses = 1 iters = 602 mflops = 2.308773e+03
 OK converged final_rsq= 4.7e-11 (cf 1e-10) rel = 1 (cf 0) restarts = 3 iters= 602
CONGRAD5: time = 6.839769e-01 (fn F) masses = 1 iters = 582 mflops = 2.327098e+03
 OK converged final_rsq= 9.8e-11 (cf 1e-10) rel = 1 (cf 0) restarts = 2 iters= 582
GFTIME:   time = 1.727850e-01 (Symanzik1) mflops = 2.040230e+03
FFTIME:  time = 3.772788e-01 (asqtad3) terms = 2 mflops = 2.650195e+03
CONGRAD5: time = 7.800739e-01 (fn F) masses = 1 iters = 660 mflops = 2.313883e+03
 OK converged final_rsq= 9.9e-11 (cf 1e-10) rel = 1 (cf 0) restarts = 3 iters= 660
CONGRAD5: time = 6.977060e-01 (fn F) masses = 1 iters = 592 mflops = 2.320505e+03
 OK converged final_rsq= 9.8e-11 (cf 1e-10) rel = 1 (cf 0) restarts = 2 iters= 592
GFTIME:   time = 1.753221e-01 (Symanzik1) mflops = 2.010707e+03
FFTIME:  time = 3.808708e-01 (asqtad3) terms = 2 mflops = 2.625201e+03
CONGRAD5: time = 7.090850e-01 (fn F) masses = 1 iters = 602 mflops = 2.321835e+03
 OK converged final_rsq= 5.6e-11 (cf 1e-10) rel = 1 (cf 0) restarts = 3 iters= 602
CONGRAD5: time = 7.047451e-01 (fn F) masses = 1 iters = 600 mflops = 2.328372e+03
 OK converged final_rsq= 9.2e-11 (cf 1e-10) rel = 1 (cf 0) restarts = 2 iters= 600
GFTIME:   time = 1.718071e-01 (Symanzik1) mflops = 2.051844e+03
FFTIME:  time = 3.781779e-01 (asqtad3) terms = 2 mflops = 2.643894e+03
CONGRAD5: time = 7.082059e-01 (fn F) masses = 1 iters = 600 mflops = 2.316994e+03
 OK converged final_rsq= 9.6e-11 (cf 1e-10) rel = 1 (cf 0) restarts = 2 iters= 600
CONGRAD5: time = 7.060740e-01 (fn F) masses = 1 iters = 600 mflops = 2.323990e+03
 OK converged final_rsq= 8.5e-11 (cf 1e-10) rel = 1 (cf 0) restarts = 2 iters= 600
GFTIME:   time = 1.726930e-01 (Symanzik1) mflops = 2.041317e+03
FFTIME:  time = 3.769610e-01 (asqtad3) terms = 2 mflops = 2.652429e+03
CONGRAD5: time = 7.095549e-01 (fn F) masses = 1 iters = 602 mflops = 2.320298e+03
 OK converged final_rsq= 4.3e-11 (cf 1e-10) rel = 1 (cf 0) restarts = 3 iters= 602
CONGRAD5: time = 7.091660e-01 (fn F) masses = 1 iters = 602 mflops = 2.321570e+03
 OK converged final_rsq= 5.4e-11 (cf 1e-10) rel = 1 (cf 0) restarts = 3 iters= 602
GFTIME:   time = 1.746562e-01 (Symanzik1) mflops = 2.018373e+03
FFTIME:  time = 3.778491e-01 (asqtad3) terms = 2 mflops = 2.646195e+03
CONGRAD5: time = 7.093489e-01 (fn F) masses = 1 iters = 602 mflops = 2.320971e+03
 OK converged final_rsq= 9.4e-11 (cf 1e-10) rel = 1 (cf 0) restarts = 3 iters= 602
CONGRAD5: time = 7.061119e-01 (fn F) masses = 1 iters = 599 mflops = 2.319992e+03
 OK converged final_rsq= 9.5e-11 (cf 1e-10) rel = 1 (cf 0) restarts = 2 iters= 599
GFTIME:   time = 1.713560e-01 (Symanzik1) mflops = 2.057245e+03
FFTIME:  time = 3.808060e-01 (asqtad3) terms = 2 mflops = 2.625648e+03
CONGRAD5: time = 7.142029e-01 (fn F) masses = 1 iters = 602 mflops = 2.305197e+03
 OK converged final_rsq= 7.7e-11 (cf 1e-10) rel = 1 (cf 0) restarts = 3 iters= 602
CONGRAD5: time = 7.096949e-01 (fn F) masses = 1 iters = 602 mflops = 2.319840e+03
 OK converged final_rsq= 3.8e-11 (cf 1e-10) rel = 1 (cf 0) restarts = 3 iters= 602
GFTIME:   time = 1.781919e-01 (Symanzik1) mflops = 1.978323e+03
FFTIME:  time = 3.794019e-01 (asqtad3) terms = 2 mflops = 2.635364e+03
CONGRAD5: time = 7.118289e-01 (fn F) masses = 1 iters = 602 mflops = 2.312885e+03
 OK converged final_rsq= 5e-11 (cf 1e-10) rel = 1 (cf 0) restarts = 3 iters= 602
CONGRAD5: time = 7.128282e-01 (fn F) masses = 1 iters = 602 mflops = 2.309643e+03
 OK converged final_rsq= 5.8e-11 (cf 1e-10) rel = 1 (cf 0) restarts = 3 iters= 602
GFTIME:   time = 1.722350e-01 (Symanzik1) mflops = 2.046745e+03
FFTIME:  time = 3.773530e-01 (asqtad3) terms = 2 mflops = 2.649674e+03
CONGRAD5: time = 7.116320e-01 (fn F) masses = 1 iters = 602 mflops = 2.313525e+03
 OK converged final_rsq= 4e-11 (cf 1e-10) rel = 1 (cf 0) restarts = 3 iters= 602
CONGRAD5: time = 7.065630e-01 (fn F) masses = 1 iters = 600 mflops = 2.322381e+03
 OK converged final_rsq= 9.8e-11 (cf 1e-10) rel = 1 (cf 0) restarts = 2 iters= 600
GFTIME:   time = 1.737230e-01 (Symanzik1) mflops = 2.029215e+03
FFTIME:  time = 3.770571e-01 (asqtad3) terms = 2 mflops = 2.651753e+03
CONGRAD5: time = 7.121100e-01 (fn F) masses = 1 iters = 602 mflops = 2.311972e+03
 OK converged final_rsq= 7.1e-11 (cf 1e-10) rel = 1 (cf 0) restarts = 3 iters= 602
CONGRAD5: time = 7.110560e-01 (fn F) masses = 1 iters = 602 mflops = 2.315399e+03
 OK converged final_rsq= 5.1e-11 (cf 1e-10) rel = 1 (cf 0) restarts = 3 iters= 602
GFTIME:   time = 1.753070e-01 (Symanzik1) mflops = 2.010879e+03
FFTIME:  time = 3.796248e-01 (asqtad3) terms = 2 mflops = 2.633817e+03
PLAQ:	1.458367	1.460052
P_LOOP:	1.011200e-02	-3.870468e-03
G_LOOP:  0  0  4   	1.457649e+00	( 0 1 7 6  )
G_LOOP:  0  1  4   	1.460337e+00	( 0 2 7 5  )
G_LOOP:  0  2  4   	1.459907e+00	( 0 3 7 4  )
G_LOOP:  0  3  4   	1.457116e+00	( 1 2 6 5  )
G_LOOP:  0  4  4   	1.459338e+00	( 1 3 6 4  )
G_LOOP:  0  5  4   	1.460910e+00	( 2 3 5 4  )
G_LOOP:  1  0  6   	6.963547e-01	( 0 0 1 7 7 6  )
G_LOOP:  1  1  6   	7.006467e-01	( 0 0 2 7 7 5  )
G_LOOP:  1  2  6   	6.973474e-01	( 0 0 3 7 7 4  )
G_LOOP:  1  3  6   	6.966182e-01	( 1 1 0 6 6 7  )
G_LOOP:  1  4  6   	6.982516e-01	( 1 1 2 6 6 5  )
G_LOOP:  1  5  6   	6.989510e-01	( 1 1 3 6 6 4  )
G_LOOP:  1  6  6   	7.036480e-01	( 2 2 0 5 5 7  )
G_LOOP:  1  7  6   	6.974191e-01	( 2 2 1 5 5 6  )
G_LOOP:  1  8  6   	7.036013e-01	( 2 2 3 5 5 4  )
G_LOOP:  1  9  6   	6.996095e-01	( 3 3 0 4 4 7  )
G_LOOP:  1  10  6   	6.980197e-01	( 3 3 1 4 4 6  )
G_LOOP:  1  11  6   	7.032359e-01	( 3 3 2 4 4 5  )
G_LOOP:  2  0  6   	7.138192e-01	( 0 1 2 7 6 5  )
G_LOOP:  2  1  6   	7.152912e-01	( 0 1 5 7 6 2  )
G_LOOP:  2  2  6   	7.137783e-01	( 0 6 2 7 1 5  )
G_LOOP:  2  3  6   	7.167190e-01	( 0 6 5 7 1 2  )
G_LOOP:  2  4  6   	7.141562e-01	( 0 1 3 7 6 4  )
G_LOOP:  2  5  6   	7.104113e-01	( 0 1 4 7 6 3  )
G_LOOP:  2  6  6   	7.120237e-01	( 0 6 3 7 1 4  )
G_LOOP:  2  7  6   	7.161655e-01	( 0 6 4 7 1 3  )
G_LOOP:  2  8  6   	7.144114e-01	( 0 2 3 7 5 4  )
G_LOOP:  2  9  6   	7.154319e-01	( 0 2 4 7 5 3  )
G_LOOP:  2  10  6   	7.155286e-01	( 0 5 3 7 2 4  )
G_LOOP:  2  11  6   	7.151513e-01	( 0 5 4 7 2 3  )
G_LOOP:  2  12  6   	7.150617e-01	( 1 2 3 6 5 4  )
G_LOOP:  2  13  6   	7.172743e-01	( 1 2 4 6 5 3  )
G_LOOP:  2  14  6   	7.141801e-01	( 1 5 3 6 2 4  )
G_LOOP:  2  15  6   	7.111596e-01	( 1 5 4 6 2 3  )
GACTION: 6.724708e+00
CONGRAD5: time = 7.076252e-01 (fn F) masses = 1 iters = 600 mflops = 2.318896e+03
 OK converged final_rsq= 9.1e-11 (cf 1e-10) rel = 1 (cf 0) restarts = 2 iters= 600
CONGRAD5: time = 1.147921e-01 (fn F) masses = 1 iters = 96 mflops = 2.287138e+03
 OK converged final_rsq= 9.9e-11 (cf 1e-10) rel = 1 (cf 0) restarts = 1 iters= 96
PBP: mass 1.000000e-02     3.839806e-02  5.051406e-02  6.025208e-03  6.024647e-03 ( 1 of 1 )
FACTION: mass = 1.000000e-02,  1.500697e+00 ( 1 of 1 )
CONGRAD5: time = 7.080061e-01 (fn F) masses = 1 iters = 602 mflops = 2.325373e+03
 OK converged final_rsq= 4e-11 (cf 1e-10) rel = 1 (cf 0) restarts = 3 iters= 602
CONGRAD5: time = 1.241441e-01 (fn F) masses = 1 iters = 104 mflops = 2.291081e+03
 OK converged final_rsq= 9.9e-11 (cf 1e-10) rel = 1 (cf 0) restarts = 1 iters= 104
PBP: mass 1.000000e-02     4.677702e-02  4.116680e-02  -8.326679e-04  -8.283313e-04 ( 1 of 1 )
FACTION: mass = 1.000000e-02,  1.500646e+00 ( 1 of 1 )
RUNNING COMPLETED
average cg iters for step= 1.181000e+03
Time = 1.380081e+02 seconds
total_iters = 147683
Checksums 8b320b36 d4728e60
Saved gauge configuration in parallel to binary file lat_p64_size64_2
Time stamp Wed Aug 17 02:00:07 2022
Wrote info file lat_p64_size64_2.info
Time to save = 3.266671e-01
CHECK PLAQ: 1.458367e+00 1.460052e+00
CHECK NERSC LINKTR: 1.434110e-01 CKSUM: d7ca6bf8


get_i(0): EOF on input.
Elapsed total time: 156.464727
exit: Wed Aug 17 02:00:07 2022

