SU3 with improved KS action
Microcanonical simulation with refreshing
R algorithm
MIMD version 7.8.1
Machine = MPI (portable), with 64 nodes
Host(0) = nid00232
Username = mcopik
Options selected...
Generic single precision
C_GLOBAL_INLINE
DBLSTORE_FN
D_FN_GATHER13
FEWSUMS
KS_MULTIFF=FNMAT
VECLENGTH=4
type 0 for no prompts, 1 for prompts, or 2 for proofreading
nflavors1 2
nflavors2 1
nx 24
ny 16
nz 16
nt 36
iseed 5682304
LAYOUT = Hypercubes, options = hyper_prime,
automatic hyper_prime layout
ON EACH NODE 6 x 8 x 8 x 9
Mallocing 3.4 MBytes per node for lattice
WARNING!!: Resetting random seed
Made lattice
Made nn gathers
Made 3nn gathers
Finished setup


warms 0
trajecs 4
traj_between_meas 1
beta 5.6
mass1 0.125
mass2 0.125
u0 0.8441
microcanonical_time_step 0.2
steps_per_trajectory 5
max_cg_iterations 100
max_cg_restarts 5
error_per_site 0.125
error_for_propagator 0.125
npbp_reps 1
prec_pbp 1
fresh 
save_parallel lat_p64_size128_1
unit gauge configuration loaded
CHECK PLAQ: 3.000000e+00 3.000000e+00
CHECK NERSC LINKTR: 1.000000e+00 CKSUM: 0
Unitarity checked.  Max deviation 0.00e+00
Time to check unitarity = 8.869171e-04
"O(a^2): couplings(pi)=0, Naik term, No O(a^2) errors, tadpole weights"
path coefficients: npath  path_coeff  multiplicity
                    0      6.250000e-01     8
                    1      -5.847914e-02     8
                    2      -8.771871e-02     48
                    3      3.077829e-02     192
                    4      -7.199551e-03     384
                    5      -1.231132e-01     48
Symanzik 1x1 + 1x2 + 1x1x1 action
gauge_action: total_dyn_flavors = 3
loop coefficients: nloop rep loop_coeff  multiplicity
                    0 0      1.000000e+00     6
                    1 0      -7.762509e-02     12
                    2 0      -1.031171e-02     16
WARMUPS COMPLETED
CONGRAD5: time = 1.401591e-02 (fn F) masses = 1 iters = 4 mflops = 1.170747e+03
 OK converged final_rsq= 0.006 (cf 0.016) rel = 1 (cf 0) restarts = 1 iters= 4
CONGRAD5: time = 1.302814e-02 (fn F) masses = 1 iters = 4 mflops = 1.259511e+03
 OK converged final_rsq= 0.0059 (cf 0.016) rel = 1 (cf 0) restarts = 1 iters= 4
GFTIME:   time = 2.082040e-01 (Symanzik1) mflops = 2.539729e+03
FFTIME:  time = 7.485721e-01 (asqtad3) terms = 2 mflops = 2.003539e+03
CONGRAD5: time = 1.307893e-02 (fn F) masses = 1 iters = 4 mflops = 1.254620e+03
 OK converged final_rsq= 0.01 (cf 0.016) rel = 1 (cf 0) restarts = 1 iters= 4
CONGRAD5: time = 1.145983e-02 (fn F) masses = 1 iters = 4 mflops = 1.431879e+03
 OK converged final_rsq= 0.0097 (cf 0.016) rel = 1 (cf 0) restarts = 1 iters= 4
GFTIME:   time = 2.025912e-01 (Symanzik1) mflops = 2.610093e+03
FFTIME:  time = 7.411649e-01 (asqtad3) terms = 2 mflops = 2.023562e+03
CONGRAD5: time = 1.185703e-02 (fn F) masses = 1 iters = 4 mflops = 1.383912e+03
 OK converged final_rsq= 0.014 (cf 0.016) rel = 1 (cf 0) restarts = 1 iters= 4
CONGRAD5: time = 1.142788e-02 (fn F) masses = 1 iters = 4 mflops = 1.435882e+03
 OK converged final_rsq= 0.014 (cf 0.016) rel = 1 (cf 0) restarts = 1 iters= 4
GFTIME:   time = 2.035661e-01 (Symanzik1) mflops = 2.597593e+03
FFTIME:  time = 7.418098e-01 (asqtad3) terms = 2 mflops = 2.021803e+03
CONGRAD5: time = 1.174903e-02 (fn F) masses = 1 iters = 4 mflops = 1.396634e+03
 OK converged final_rsq= 0.013 (cf 0.016) rel = 1 (cf 0) restarts = 1 iters= 4
CONGRAD5: time = 1.131010e-02 (fn F) masses = 1 iters = 4 mflops = 1.450835e+03
 OK converged final_rsq= 0.013 (cf 0.016) rel = 1 (cf 0) restarts = 1 iters= 4
GFTIME:   time = 2.036471e-01 (Symanzik1) mflops = 2.596559e+03
FFTIME:  time = 7.430651e-01 (asqtad3) terms = 2 mflops = 2.018388e+03
CONGRAD5: time = 1.168799e-02 (fn F) masses = 1 iters = 4 mflops = 1.403927e+03
 OK converged final_rsq= 0.011 (cf 0.016) rel = 1 (cf 0) restarts = 1 iters= 4
CONGRAD5: time = 1.143098e-02 (fn F) masses = 1 iters = 4 mflops = 1.435493e+03
 OK converged final_rsq= 0.011 (cf 0.016) rel = 1 (cf 0) restarts = 1 iters= 4
GFTIME:   time = 2.032580e-01 (Symanzik1) mflops = 2.601530e+03
FFTIME:  time = 7.418029e-01 (asqtad3) terms = 2 mflops = 2.021822e+03
PLAQ:	2.347595	2.347761
P_LOOP:	-1.412683e-03	1.077207e-02
G_LOOP:  0  0  4   	2.347511e+00	( 0 1 7 6  )
G_LOOP:  0  1  4   	2.346866e+00	( 0 2 7 5  )
G_LOOP:  0  2  4   	2.347636e+00	( 0 3 7 4  )
G_LOOP:  0  3  4   	2.348407e+00	( 1 2 6 5  )
G_LOOP:  0  4  4   	2.348585e+00	( 1 3 6 4  )
G_LOOP:  0  5  4   	2.347063e+00	( 2 3 5 4  )
G_LOOP:  1  0  6   	1.771126e+00	( 0 0 1 7 7 6  )
G_LOOP:  1  1  6   	1.770876e+00	( 0 0 2 7 7 5  )
G_LOOP:  1  2  6   	1.771757e+00	( 0 0 3 7 7 4  )
G_LOOP:  1  3  6   	1.772400e+00	( 1 1 0 6 6 7  )
G_LOOP:  1  4  6   	1.774227e+00	( 1 1 2 6 6 5  )
G_LOOP:  1  5  6   	1.774609e+00	( 1 1 3 6 6 4  )
G_LOOP:  1  6  6   	1.771289e+00	( 2 2 0 5 5 7  )
G_LOOP:  1  7  6   	1.773846e+00	( 2 2 1 5 5 6  )
G_LOOP:  1  8  6   	1.770555e+00	( 2 2 3 5 5 4  )
G_LOOP:  1  9  6   	1.773177e+00	( 3 3 0 4 4 7  )
G_LOOP:  1  10  6   	1.775556e+00	( 3 3 1 4 4 6  )
G_LOOP:  1  11  6   	1.771902e+00	( 3 3 2 4 4 5  )
G_LOOP:  2  0  6   	1.819594e+00	( 0 1 2 7 6 5  )
G_LOOP:  2  1  6   	1.819962e+00	( 0 1 5 7 6 2  )
G_LOOP:  2  2  6   	1.818833e+00	( 0 6 2 7 1 5  )
G_LOOP:  2  3  6   	1.819953e+00	( 0 6 5 7 1 2  )
G_LOOP:  2  4  6   	1.820495e+00	( 0 1 3 7 6 4  )
G_LOOP:  2  5  6   	1.819196e+00	( 0 1 4 7 6 3  )
G_LOOP:  2  6  6   	1.822044e+00	( 0 6 3 7 1 4  )
G_LOOP:  2  7  6   	1.819517e+00	( 0 6 4 7 1 3  )
G_LOOP:  2  8  6   	1.818988e+00	( 0 2 3 7 5 4  )
G_LOOP:  2  9  6   	1.817915e+00	( 0 2 4 7 5 3  )
G_LOOP:  2  10  6   	1.818282e+00	( 0 5 3 7 2 4  )
G_LOOP:  2  11  6   	1.817962e+00	( 0 5 4 7 2 3  )
G_LOOP:  2  12  6   	1.821160e+00	( 1 2 3 6 5 4  )
G_LOOP:  2  13  6   	1.821849e+00	( 1 2 4 6 5 3  )
G_LOOP:  2  14  6   	1.818364e+00	( 1 5 3 6 2 4  )
G_LOOP:  2  15  6   	1.819830e+00	( 1 5 4 6 2 3  )
GACTION: 2.575869e+00
CONGRAD5: time = 1.207900e-02 (fn F) masses = 1 iters = 4 mflops = 1.358481e+03
 OK converged final_rsq= 0.01 (cf 0.016) rel = 1 (cf 0) restarts = 1 iters= 4
CONGRAD5: time = 1.519799e-02 (fn F) masses = 1 iters = 6 mflops = 1.619532e+03
 OK converged final_rsq= 0.0089 (cf 0.016) rel = 1 (cf 0) restarts = 1 iters= 6
PBP: mass 1.250000e-01     6.825752e-02  9.608316e-02  1.095450e-03  1.306653e-03 ( 1 of 1 )
FACTION: mass = 1.250000e-01,  1.460506e+00 ( 1 of 1 )
CONGRAD5: time = 1.155400e-02 (fn F) masses = 1 iters = 4 mflops = 1.420208e+03
 OK converged final_rsq= 0.01 (cf 0.016) rel = 1 (cf 0) restarts = 1 iters= 4
CONGRAD5: time = 1.507211e-02 (fn F) masses = 1 iters = 6 mflops = 1.633058e+03
 OK converged final_rsq= 0.009 (cf 0.016) rel = 1 (cf 0) restarts = 1 iters= 6
PBP: mass 1.250000e-01     7.083853e-02  9.489771e-02  5.481260e-04  7.284072e-04 ( 1 of 1 )
FACTION: mass = 1.250000e-01,  1.466257e+00 ( 1 of 1 )
CONGRAD5: time = 1.206493e-02 (fn F) masses = 1 iters = 4 mflops = 1.360064e+03
 OK converged final_rsq= 0.011 (cf 0.016) rel = 1 (cf 0) restarts = 1 iters= 4
CONGRAD5: time = 1.135516e-02 (fn F) masses = 1 iters = 4 mflops = 1.445077e+03
 OK converged final_rsq= 0.011 (cf 0.016) rel = 1 (cf 0) restarts = 1 iters= 4
GFTIME:   time = 2.036340e-01 (Symanzik1) mflops = 2.596726e+03
FFTIME:  time = 7.406299e-01 (asqtad3) terms = 2 mflops = 2.025024e+03
CONGRAD5: time = 1.185107e-02 (fn F) masses = 1 iters = 4 mflops = 1.384608e+03
 OK converged final_rsq= 0.016 (cf 0.016) rel = 1 (cf 0) restarts = 1 iters= 4
CONGRAD5: time = 1.134920e-02 (fn F) masses = 1 iters = 4 mflops = 1.445836e+03
 OK converged final_rsq= 0.015 (cf 0.016) rel = 1 (cf 0) restarts = 1 iters= 4
GFTIME:   time = 2.032351e-01 (Symanzik1) mflops = 2.601823e+03
FFTIME:  time = 7.408860e-01 (asqtad3) terms = 2 mflops = 2.024324e+03
CONGRAD5: time = 1.382995e-02 (fn F) masses = 1 iters = 5 mflops = 1.483112e+03
 OK converged final_rsq= 0.009 (cf 0.016) rel = 1 (cf 0) restarts = 1 iters= 5
CONGRAD5: time = 1.341701e-02 (fn F) masses = 1 iters = 5 mflops = 1.528758e+03
 OK converged final_rsq= 0.0085 (cf 0.016) rel = 1 (cf 0) restarts = 1 iters= 5
GFTIME:   time = 2.032399e-01 (Symanzik1) mflops = 2.601762e+03
FFTIME:  time = 7.392292e-01 (asqtad3) terms = 2 mflops = 2.028861e+03
CONGRAD5: time = 1.357794e-02 (fn F) masses = 1 iters = 5 mflops = 1.510639e+03
 OK converged final_rsq= 0.0086 (cf 0.016) rel = 1 (cf 0) restarts = 1 iters= 5
CONGRAD5: time = 1.339316e-02 (fn F) masses = 1 iters = 5 mflops = 1.531480e+03
 OK converged final_rsq= 0.0083 (cf 0.016) rel = 1 (cf 0) restarts = 1 iters= 5
GFTIME:   time = 2.034070e-01 (Symanzik1) mflops = 2.599624e+03
FFTIME:  time = 7.416229e-01 (asqtad3) terms = 2 mflops = 2.022313e+03
CONGRAD5: time = 1.387906e-02 (fn F) masses = 1 iters = 5 mflops = 1.477864e+03
 OK converged final_rsq= 0.0074 (cf 0.016) rel = 1 (cf 0) restarts = 1 iters= 5
CONGRAD5: time = 1.145816e-02 (fn F) masses = 1 iters = 4 mflops = 1.432088e+03
 OK converged final_rsq= 0.016 (cf 0.016) rel = 1 (cf 0) restarts = 1 iters= 4
GFTIME:   time = 2.032230e-01 (Symanzik1) mflops = 2.601978e+03
FFTIME:  time = 7.369509e-01 (asqtad3) terms = 2 mflops = 2.035133e+03
PLAQ:	2.011111	2.012196
P_LOOP:	1.164183e-03	-1.302911e-02
G_LOOP:  0  0  4   	2.010542e+00	( 0 1 7 6  )
G_LOOP:  0  1  4   	2.011809e+00	( 0 2 7 5  )
G_LOOP:  0  2  4   	2.012118e+00	( 0 3 7 4  )
G_LOOP:  0  3  4   	2.010981e+00	( 1 2 6 5  )
G_LOOP:  0  4  4   	2.011686e+00	( 1 3 6 4  )
G_LOOP:  0  5  4   	2.012783e+00	( 2 3 5 4  )
G_LOOP:  1  0  6   	1.295557e+00	( 0 0 1 7 7 6  )
G_LOOP:  1  1  6   	1.298243e+00	( 0 0 2 7 7 5  )
G_LOOP:  1  2  6   	1.297637e+00	( 0 0 3 7 7 4  )
G_LOOP:  1  3  6   	1.296068e+00	( 1 1 0 6 6 7  )
G_LOOP:  1  4  6   	1.296646e+00	( 1 1 2 6 6 5  )
G_LOOP:  1  5  6   	1.297817e+00	( 1 1 3 6 6 4  )
G_LOOP:  1  6  6   	1.298153e+00	( 2 2 0 5 5 7  )
G_LOOP:  1  7  6   	1.295294e+00	( 2 2 1 5 5 6  )
G_LOOP:  1  8  6   	1.299809e+00	( 2 2 3 5 5 4  )
G_LOOP:  1  9  6   	1.298436e+00	( 3 3 0 4 4 7  )
G_LOOP:  1  10  6   	1.298930e+00	( 3 3 1 4 4 6  )
G_LOOP:  1  11  6   	1.299339e+00	( 3 3 2 4 4 5  )
G_LOOP:  2  0  6   	1.339895e+00	( 0 1 2 7 6 5  )
G_LOOP:  2  1  6   	1.340088e+00	( 0 1 5 7 6 2  )
G_LOOP:  2  2  6   	1.341902e+00	( 0 6 2 7 1 5  )
G_LOOP:  2  3  6   	1.340691e+00	( 0 6 5 7 1 2  )
G_LOOP:  2  4  6   	1.341110e+00	( 0 1 3 7 6 4  )
G_LOOP:  2  5  6   	1.338316e+00	( 0 1 4 7 6 3  )
G_LOOP:  2  6  6   	1.340759e+00	( 0 6 3 7 1 4  )
G_LOOP:  2  7  6   	1.339813e+00	( 0 6 4 7 1 3  )
G_LOOP:  2  8  6   	1.343492e+00	( 0 2 3 7 5 4  )
G_LOOP:  2  9  6   	1.340970e+00	( 0 2 4 7 5 3  )
G_LOOP:  2  10  6   	1.342519e+00	( 0 5 3 7 2 4  )
G_LOOP:  2  11  6   	1.342113e+00	( 0 5 4 7 2 3  )
G_LOOP:  2  12  6   	1.340802e+00	( 1 2 3 6 5 4  )
G_LOOP:  2  13  6   	1.342208e+00	( 1 2 4 6 5 3  )
G_LOOP:  2  14  6   	1.338394e+00	( 1 5 3 6 2 4  )
G_LOOP:  2  15  6   	1.340863e+00	( 1 5 4 6 2 3  )
GACTION: 4.070614e+00
CONGRAD5: time = 1.169395e-02 (fn F) masses = 1 iters = 4 mflops = 1.403211e+03
 OK converged final_rsq= 0.014 (cf 0.016) rel = 1 (cf 0) restarts = 1 iters= 4
CONGRAD5: time = 1.528502e-02 (fn F) masses = 1 iters = 6 mflops = 1.610311e+03
 OK converged final_rsq= 0.013 (cf 0.016) rel = 1 (cf 0) restarts = 1 iters= 6
PBP: mass 1.250000e-01     8.653191e-02  1.640120e-01  2.248929e-03  2.315767e-03 ( 1 of 1 )
FACTION: mass = 1.250000e-01,  1.444087e+00 ( 1 of 1 )
CONGRAD5: time = 1.156807e-02 (fn F) masses = 1 iters = 4 mflops = 1.418481e+03
 OK converged final_rsq= 0.014 (cf 0.016) rel = 1 (cf 0) restarts = 1 iters= 4
CONGRAD5: time = 1.520395e-02 (fn F) masses = 1 iters = 6 mflops = 1.618897e+03
 OK converged final_rsq= 0.014 (cf 0.016) rel = 1 (cf 0) restarts = 1 iters= 6
PBP: mass 1.250000e-01     8.449025e-02  1.684165e-01  2.084430e-04  -1.771375e-04 ( 1 of 1 )
FACTION: mass = 1.250000e-01,  1.446092e+00 ( 1 of 1 )
CONGRAD5: time = 1.337409e-02 (fn F) masses = 1 iters = 5 mflops = 1.533664e+03
 OK converged final_rsq= 0.0075 (cf 0.016) rel = 1 (cf 0) restarts = 1 iters= 5
CONGRAD5: time = 1.143909e-02 (fn F) masses = 1 iters = 4 mflops = 1.434476e+03
 OK converged final_rsq= 0.015 (cf 0.016) rel = 1 (cf 0) restarts = 1 iters= 4
GFTIME:   time = 2.036061e-01 (Symanzik1) mflops = 2.597082e+03
FFTIME:  time = 7.431190e-01 (asqtad3) terms = 2 mflops = 2.018241e+03
CONGRAD5: time = 1.353693e-02 (fn F) masses = 1 iters = 5 mflops = 1.515215e+03
 OK converged final_rsq= 0.0093 (cf 0.016) rel = 1 (cf 0) restarts = 1 iters= 5
CONGRAD5: time = 1.321697e-02 (fn F) masses = 1 iters = 5 mflops = 1.551896e+03
 OK converged final_rsq= 0.0088 (cf 0.016) rel = 1 (cf 0) restarts = 1 iters= 5
GFTIME:   time = 2.037311e-01 (Symanzik1) mflops = 2.595489e+03
FFTIME:  time = 7.423189e-01 (asqtad3) terms = 2 mflops = 2.020417e+03
CONGRAD5: time = 1.366305e-02 (fn F) masses = 1 iters = 5 mflops = 1.501228e+03
 OK converged final_rsq= 0.011 (cf 0.016) rel = 1 (cf 0) restarts = 1 iters= 5
CONGRAD5: time = 1.334906e-02 (fn F) masses = 1 iters = 5 mflops = 1.536540e+03
 OK converged final_rsq= 0.01 (cf 0.016) rel = 1 (cf 0) restarts = 1 iters= 5
GFTIME:   time = 2.035952e-01 (Symanzik1) mflops = 2.597222e+03
FFTIME:  time = 7.415650e-01 (asqtad3) terms = 2 mflops = 2.022471e+03
CONGRAD5: time = 1.363707e-02 (fn F) masses = 1 iters = 5 mflops = 1.504089e+03
 OK converged final_rsq= 0.011 (cf 0.016) rel = 1 (cf 0) restarts = 1 iters= 5
CONGRAD5: time = 1.321101e-02 (fn F) masses = 1 iters = 5 mflops = 1.552596e+03
 OK converged final_rsq= 0.01 (cf 0.016) rel = 1 (cf 0) restarts = 1 iters= 5
GFTIME:   time = 2.037730e-01 (Symanzik1) mflops = 2.594955e+03
FFTIME:  time = 7.432051e-01 (asqtad3) terms = 2 mflops = 2.018008e+03
CONGRAD5: time = 1.385093e-02 (fn F) masses = 1 iters = 5 mflops = 1.480865e+03
 OK converged final_rsq= 0.01 (cf 0.016) rel = 1 (cf 0) restarts = 1 iters= 5
CONGRAD5: time = 1.328611e-02 (fn F) masses = 1 iters = 5 mflops = 1.543819e+03
 OK converged final_rsq= 0.0096 (cf 0.016) rel = 1 (cf 0) restarts = 1 iters= 5
GFTIME:   time = 2.039032e-01 (Symanzik1) mflops = 2.593298e+03
FFTIME:  time = 7.277110e-01 (asqtad3) terms = 2 mflops = 2.060974e+03
PLAQ:	1.790745	1.792467
P_LOOP:	-1.917755e-04	-4.920262e-03
G_LOOP:  0  0  4   	1.789087e+00	( 0 1 7 6  )
G_LOOP:  0  1  4   	1.791690e+00	( 0 2 7 5  )
G_LOOP:  0  2  4   	1.792584e+00	( 0 3 7 4  )
G_LOOP:  0  3  4   	1.791457e+00	( 1 2 6 5  )
G_LOOP:  0  4  4   	1.791849e+00	( 1 3 6 4  )
G_LOOP:  0  5  4   	1.792968e+00	( 2 3 5 4  )
G_LOOP:  1  0  6   	1.021094e+00	( 0 0 1 7 7 6  )
G_LOOP:  1  1  6   	1.024960e+00	( 0 0 2 7 7 5  )
G_LOOP:  1  2  6   	1.026166e+00	( 0 0 3 7 7 4  )
G_LOOP:  1  3  6   	1.020805e+00	( 1 1 0 6 6 7  )
G_LOOP:  1  4  6   	1.023668e+00	( 1 1 2 6 6 5  )
G_LOOP:  1  5  6   	1.022670e+00	( 1 1 3 6 6 4  )
G_LOOP:  1  6  6   	1.021541e+00	( 2 2 0 5 5 7  )
G_LOOP:  1  7  6   	1.025184e+00	( 2 2 1 5 5 6  )
G_LOOP:  1  8  6   	1.026991e+00	( 2 2 3 5 5 4  )
G_LOOP:  1  9  6   	1.024792e+00	( 3 3 0 4 4 7  )
G_LOOP:  1  10  6   	1.023325e+00	( 3 3 1 4 4 6  )
G_LOOP:  1  11  6   	1.027138e+00	( 3 3 2 4 4 5  )
G_LOOP:  2  0  6   	1.057479e+00	( 0 1 2 7 6 5  )
G_LOOP:  2  1  6   	1.054795e+00	( 0 1 5 7 6 2  )
G_LOOP:  2  2  6   	1.056812e+00	( 0 6 2 7 1 5  )
G_LOOP:  2  3  6   	1.054203e+00	( 0 6 5 7 1 2  )
G_LOOP:  2  4  6   	1.056459e+00	( 0 1 3 7 6 4  )
G_LOOP:  2  5  6   	1.057329e+00	( 0 1 4 7 6 3  )
G_LOOP:  2  6  6   	1.055881e+00	( 0 6 3 7 1 4  )
G_LOOP:  2  7  6   	1.057281e+00	( 0 6 4 7 1 3  )
G_LOOP:  2  8  6   	1.056752e+00	( 0 2 3 7 5 4  )
G_LOOP:  2  9  6   	1.055486e+00	( 0 2 4 7 5 3  )
G_LOOP:  2  10  6   	1.056447e+00	( 0 5 3 7 2 4  )
G_LOOP:  2  11  6   	1.061817e+00	( 0 5 4 7 2 3  )
G_LOOP:  2  12  6   	1.059116e+00	( 1 2 3 6 5 4  )
G_LOOP:  2  13  6   	1.055844e+00	( 1 2 4 6 5 3  )
G_LOOP:  2  14  6   	1.055744e+00	( 1 5 3 6 2 4  )
G_LOOP:  2  15  6   	1.057354e+00	( 1 5 4 6 2 3  )
GACTION: 5.089141e+00
CONGRAD5: time = 2.089906e-02 (fn F) masses = 1 iters = 5 mflops = 9.814490e+02
 OK converged final_rsq= 0.0085 (cf 0.016) rel = 1 (cf 0) restarts = 1 iters= 5
CONGRAD5: time = 2.134299e-02 (fn F) masses = 1 iters = 6 mflops = 1.153242e+03
 OK converged final_rsq= 0.015 (cf 0.016) rel = 1 (cf 0) restarts = 1 iters= 6
PBP: mass 1.250000e-01     1.118677e-01  2.954556e-01  -4.300555e-04  9.395341e-05 ( 1 of 1 )
FACTION: mass = 1.250000e-01,  1.454471e+00 ( 1 of 1 )
CONGRAD5: time = 2.200699e-02 (fn F) masses = 1 iters = 5 mflops = 9.320385e+02
 OK converged final_rsq= 0.0086 (cf 0.016) rel = 1 (cf 0) restarts = 1 iters= 5
CONGRAD5: time = 2.230000e-02 (fn F) masses = 1 iters = 6 mflops = 1.103750e+03
 OK converged final_rsq= 0.015 (cf 0.016) rel = 1 (cf 0) restarts = 1 iters= 6
PBP: mass 1.250000e-01     1.105973e-01  3.002362e-01  -5.283041e-04  -6.620538e-04 ( 1 of 1 )
FACTION: mass = 1.250000e-01,  1.451145e+00 ( 1 of 1 )
CONGRAD5: time = 1.481390e-02 (fn F) masses = 1 iters = 5 mflops = 1.384602e+03
 OK converged final_rsq= 0.01 (cf 0.016) rel = 1 (cf 0) restarts = 1 iters= 5
CONGRAD5: time = 1.315093e-02 (fn F) masses = 1 iters = 5 mflops = 1.559689e+03
 OK converged final_rsq= 0.0096 (cf 0.016) rel = 1 (cf 0) restarts = 1 iters= 5
GFTIME:   time = 2.033219e-01 (Symanzik1) mflops = 2.600712e+03
FFTIME:  time = 7.266951e-01 (asqtad3) terms = 2 mflops = 2.063855e+03
CONGRAD5: time = 1.399088e-02 (fn F) masses = 1 iters = 5 mflops = 1.466052e+03
 OK converged final_rsq= 0.011 (cf 0.016) rel = 1 (cf 0) restarts = 1 iters= 5
CONGRAD5: time = 1.336503e-02 (fn F) masses = 1 iters = 5 mflops = 1.534704e+03
 OK converged final_rsq= 0.011 (cf 0.016) rel = 1 (cf 0) restarts = 1 iters= 5
GFTIME:   time = 2.036810e-01 (Symanzik1) mflops = 2.596127e+03
FFTIME:  time = 7.348800e-01 (asqtad3) terms = 2 mflops = 2.040869e+03
CONGRAD5: time = 1.434684e-02 (fn F) masses = 1 iters = 5 mflops = 1.429678e+03
 OK converged final_rsq= 0.012 (cf 0.016) rel = 1 (cf 0) restarts = 1 iters= 5
CONGRAD5: time = 1.372194e-02 (fn F) masses = 1 iters = 5 mflops = 1.494785e+03
 OK converged final_rsq= 0.011 (cf 0.016) rel = 1 (cf 0) restarts = 1 iters= 5
GFTIME:   time = 2.043390e-01 (Symanzik1) mflops = 2.587767e+03
FFTIME:  time = 7.364709e-01 (asqtad3) terms = 2 mflops = 2.036460e+03
CONGRAD5: time = 1.466393e-02 (fn F) masses = 1 iters = 5 mflops = 1.398762e+03
 OK converged final_rsq= 0.012 (cf 0.016) rel = 1 (cf 0) restarts = 1 iters= 5
CONGRAD5: time = 1.321697e-02 (fn F) masses = 1 iters = 5 mflops = 1.551896e+03
 OK converged final_rsq= 0.012 (cf 0.016) rel = 1 (cf 0) restarts = 1 iters= 5
GFTIME:   time = 2.036560e-01 (Symanzik1) mflops = 2.596447e+03
FFTIME:  time = 7.426229e-01 (asqtad3) terms = 2 mflops = 2.019590e+03
CONGRAD5: time = 1.386404e-02 (fn F) masses = 1 iters = 5 mflops = 1.479465e+03
 OK converged final_rsq= 0.012 (cf 0.016) rel = 1 (cf 0) restarts = 1 iters= 5
CONGRAD5: time = 1.344609e-02 (fn F) masses = 1 iters = 5 mflops = 1.525451e+03
 OK converged final_rsq= 0.011 (cf 0.016) rel = 1 (cf 0) restarts = 1 iters= 5
GFTIME:   time = 2.036970e-01 (Symanzik1) mflops = 2.595924e+03
FFTIME:  time = 7.418861e-01 (asqtad3) terms = 2 mflops = 2.021595e+03
PLAQ:	1.644813	1.645910
P_LOOP:	3.517893e-03	-6.785171e-03
G_LOOP:  0  0  4   	1.643697e+00	( 0 1 7 6  )
G_LOOP:  0  1  4   	1.645492e+00	( 0 2 7 5  )
G_LOOP:  0  2  4   	1.646565e+00	( 0 3 7 4  )
G_LOOP:  0  3  4   	1.645251e+00	( 1 2 6 5  )
G_LOOP:  0  4  4   	1.646085e+00	( 1 3 6 4  )
G_LOOP:  0  5  4   	1.645079e+00	( 2 3 5 4  )
G_LOOP:  1  0  6   	8.536272e-01	( 0 0 1 7 7 6  )
G_LOOP:  1  1  6   	8.570721e-01	( 0 0 2 7 7 5  )
G_LOOP:  1  2  6   	8.559980e-01	( 0 0 3 7 7 4  )
G_LOOP:  1  3  6   	8.513719e-01	( 1 1 0 6 6 7  )
G_LOOP:  1  4  6   	8.548773e-01	( 1 1 2 6 6 5  )
G_LOOP:  1  5  6   	8.559575e-01	( 1 1 3 6 6 4  )
G_LOOP:  1  6  6   	8.563919e-01	( 2 2 0 5 5 7  )
G_LOOP:  1  7  6   	8.573651e-01	( 2 2 1 5 5 6  )
G_LOOP:  1  8  6   	8.552518e-01	( 2 2 3 5 5 4  )
G_LOOP:  1  9  6   	8.590436e-01	( 3 3 0 4 4 7  )
G_LOOP:  1  10  6   	8.563156e-01	( 3 3 1 4 4 6  )
G_LOOP:  1  11  6   	8.552455e-01	( 3 3 2 4 4 5  )
G_LOOP:  2  0  6   	8.769052e-01	( 0 1 2 7 6 5  )
G_LOOP:  2  1  6   	8.775728e-01	( 0 1 5 7 6 2  )
G_LOOP:  2  2  6   	8.775268e-01	( 0 6 2 7 1 5  )
G_LOOP:  2  3  6   	8.774933e-01	( 0 6 5 7 1 2  )
G_LOOP:  2  4  6   	8.780000e-01	( 0 1 3 7 6 4  )
G_LOOP:  2  5  6   	8.808810e-01	( 0 1 4 7 6 3  )
G_LOOP:  2  6  6   	8.766411e-01	( 0 6 3 7 1 4  )
G_LOOP:  2  7  6   	8.765984e-01	( 0 6 4 7 1 3  )
G_LOOP:  2  8  6   	8.783221e-01	( 0 2 3 7 5 4  )
G_LOOP:  2  9  6   	8.774300e-01	( 0 2 4 7 5 3  )
G_LOOP:  2  10  6   	8.759553e-01	( 0 5 3 7 2 4  )
G_LOOP:  2  11  6   	8.806796e-01	( 0 5 4 7 2 3  )
G_LOOP:  2  12  6   	8.798484e-01	( 1 2 3 6 5 4  )
G_LOOP:  2  13  6   	8.751524e-01	( 1 2 4 6 5 3  )
G_LOOP:  2  14  6   	8.770529e-01	( 1 5 3 6 2 4  )
G_LOOP:  2  15  6   	8.804209e-01	( 1 5 4 6 2 3  )
GACTION: 5.780302e+00
CONGRAD5: time = 1.651692e-02 (fn F) masses = 1 iters = 5 mflops = 1.241839e+03
 OK converged final_rsq= 0.01 (cf 0.016) rel = 1 (cf 0) restarts = 1 iters= 5
CONGRAD5: time = 1.857209e-02 (fn F) masses = 1 iters = 7 mflops = 1.546186e+03
 OK converged final_rsq= 0.0082 (cf 0.016) rel = 1 (cf 0) restarts = 1 iters= 7
PBP: mass 1.250000e-01     1.267671e-01  3.194774e-01  -4.833170e-04  -1.081211e-03 ( 1 of 1 )
FACTION: mass = 1.250000e-01,  1.432869e+00 ( 1 of 1 )
CONGRAD5: time = 1.530814e-02 (fn F) masses = 1 iters = 5 mflops = 1.339899e+03
 OK converged final_rsq= 0.01 (cf 0.016) rel = 1 (cf 0) restarts = 1 iters= 5
CONGRAD5: time = 1.847816e-02 (fn F) masses = 1 iters = 7 mflops = 1.554046e+03
 OK converged final_rsq= 0.008 (cf 0.016) rel = 1 (cf 0) restarts = 1 iters= 7
PBP: mass 1.250000e-01     1.239260e-01  3.195190e-01  8.115391e-04  2.827003e-04 ( 1 of 1 )
FACTION: mass = 1.250000e-01,  1.436823e+00 ( 1 of 1 )
RUNNING COMPLETED
average cg iters for step= 1.100000e+01
Time = 2.777356e+01 seconds
total_iters = 550
Checksums f9a6baac 63d9c86e
Saved gauge configuration in parallel to binary file lat_p64_size128_1
Time stamp Fri Aug 12 22:20:53 2022
Wrote info file lat_p64_size128_1.info
Time to save = 4.829330e-01
CHECK PLAQ: 1.644813e+00 1.645910e+00
CHECK NERSC LINKTR: 1.703356e-01 CKSUM: 4e6bfb13


warms 0
trajecs 4
traj_between_meas 1
beta 5.6
mass1 0.01
mass2 0.01
u0 0.8441
microcanonical_time_step 0.02
steps_per_trajectory 15
max_cg_iterations 300
max_cg_restarts 5
error_per_site 1e-05
error_for_propagator 1e-05
npbp_reps 1
prec_pbp 1
reload_parallel lat_p64_size128_1
save_parallel lat_p64_size128_2
Restored binary gauge configuration in parallel from file lat_p64_size128_1
Time stamp Fri Aug 12 22:20:53 2022
Checksums f9a6baac 63d9c86e OK
Time to reload gauge configuration = 2.430718e-01
CHECK PLAQ: 1.644813e+00 1.645910e+00
CHECK NERSC LINKTR: 1.703356e-01 CKSUM: 4e6bfb13
Unitarity checked.  Max deviation 2.98e-07
Time to check unitarity = 1.811981e-03
"O(a^2): couplings(pi)=0, Naik term, No O(a^2) errors, tadpole weights"
path coefficients: npath  path_coeff  multiplicity
                    0      6.250000e-01     8
                    1      -5.847914e-02     8
                    2      -8.771871e-02     48
                    3      3.077829e-02     192
                    4      -7.199551e-03     384
                    5      -1.231132e-01     48
Symanzik 1x1 + 1x2 + 1x1x1 action
gauge_action: total_dyn_flavors = 3
loop coefficients: nloop rep loop_coeff  multiplicity
                    0 0      1.000000e+00     6
                    1 0      -7.762509e-02     12
                    2 0      -1.031171e-02     16
WARMUPS COMPLETED
CONGRAD5: time = 1.147886e+00 (fn F) masses = 1 iters = 589 mflops = 2.104946e+03
 OK converged final_rsq= 5e-11 (cf 1e-10) rel = 1 (cf 0) restarts = 3 iters= 589
CONGRAD5: time = 1.084824e+00 (fn F) masses = 1 iters = 573 mflops = 2.166805e+03
 OK converged final_rsq= 9.9e-11 (cf 1e-10) rel = 1 (cf 0) restarts = 2 iters= 573
GFTIME:   time = 2.041562e-01 (Symanzik1) mflops = 2.590085e+03
FFTIME:  time = 7.442911e-01 (asqtad3) terms = 2 mflops = 2.015063e+03
CONGRAD5: time = 1.047173e+00 (fn F) masses = 1 iters = 552 mflops = 2.162445e+03
 OK converged final_rsq= 5e-11 (cf 1e-10) rel = 1 (cf 0) restarts = 3 iters= 552
CONGRAD5: time = 1.050578e+00 (fn F) masses = 1 iters = 553 mflops = 2.159342e+03
 OK converged final_rsq= 5e-11 (cf 1e-10) rel = 1 (cf 0) restarts = 3 iters= 553
GFTIME:   time = 2.045879e-01 (Symanzik1) mflops = 2.584619e+03
FFTIME:  time = 7.407172e-01 (asqtad3) terms = 2 mflops = 2.024786e+03
CONGRAD5: time = 1.054889e+00 (fn F) masses = 1 iters = 555 mflops = 2.158294e+03
 OK converged final_rsq= 4.9e-11 (cf 1e-10) rel = 1 (cf 0) restarts = 3 iters= 555
CONGRAD5: time = 9.579060e-01 (fn F) masses = 1 iters = 504 mflops = 2.158401e+03
 OK converged final_rsq= 5e-11 (cf 1e-10) rel = 1 (cf 0) restarts = 3 iters= 504
GFTIME:   time = 2.042089e-01 (Symanzik1) mflops = 2.589417e+03
FFTIME:  time = 7.413650e-01 (asqtad3) terms = 2 mflops = 2.023016e+03
CONGRAD5: time = 1.055368e+00 (fn F) masses = 1 iters = 557 mflops = 2.165088e+03
 OK converged final_rsq= 1e-10 (cf 1e-10) rel = 1 (cf 0) restarts = 2 iters= 557
CONGRAD5: time = 9.584200e-01 (fn F) masses = 1 iters = 505 mflops = 2.161523e+03
 OK converged final_rsq= 5e-11 (cf 1e-10) rel = 1 (cf 0) restarts = 3 iters= 505
GFTIME:   time = 2.043681e-01 (Symanzik1) mflops = 2.587399e+03
FFTIME:  time = 7.395020e-01 (asqtad3) terms = 2 mflops = 2.028113e+03
CONGRAD5: time = 1.056409e+00 (fn F) masses = 1 iters = 556 mflops = 2.159072e+03
 OK converged final_rsq= 5e-11 (cf 1e-10) rel = 1 (cf 0) restarts = 3 iters= 556
CONGRAD5: time = 9.606168e-01 (fn F) masses = 1 iters = 506 mflops = 2.160851e+03
 OK converged final_rsq= 9.9e-11 (cf 1e-10) rel = 1 (cf 0) restarts = 2 iters= 506
GFTIME:   time = 2.041221e-01 (Symanzik1) mflops = 2.590518e+03
FFTIME:  time = 7.427061e-01 (asqtad3) terms = 2 mflops = 2.019363e+03
CONGRAD5: time = 1.178877e+00 (fn F) masses = 1 iters = 566 mflops = 1.969574e+03
 OK converged final_rsq= 4.9e-11 (cf 1e-10) rel = 1 (cf 0) restarts = 3 iters= 566
CONGRAD5: time = 1.061173e+00 (fn F) masses = 1 iters = 523 mflops = 2.021808e+03
 OK converged final_rsq= 9.9e-11 (cf 1e-10) rel = 1 (cf 0) restarts = 2 iters= 523
GFTIME:   time = 2.223489e-01 (Symanzik1) mflops = 2.378162e+03
FFTIME:  time = 7.835951e-01 (asqtad3) terms = 2 mflops = 1.913990e+03
CONGRAD5: time = 1.021655e+00 (fn F) masses = 1 iters = 520 mflops = 2.087967e+03
 OK converged final_rsq= 5e-11 (cf 1e-10) rel = 1 (cf 0) restarts = 3 iters= 520
CONGRAD5: time = 1.052195e+00 (fn F) masses = 1 iters = 554 mflops = 2.159921e+03
 OK converged final_rsq= 5e-11 (cf 1e-10) rel = 1 (cf 0) restarts = 3 iters= 554
GFTIME:   time = 2.050109e-01 (Symanzik1) mflops = 2.579287e+03
FFTIME:  time = 7.411959e-01 (asqtad3) terms = 2 mflops = 2.023478e+03
CONGRAD5: time = 1.073245e+00 (fn F) masses = 1 iters = 548 mflops = 2.094624e+03
 OK converged final_rsq= 5e-11 (cf 1e-10) rel = 1 (cf 0) restarts = 3 iters= 548
CONGRAD5: time = 1.015502e+00 (fn F) masses = 1 iters = 534 mflops = 2.157173e+03
 OK converged final_rsq= 1e-10 (cf 1e-10) rel = 1 (cf 0) restarts = 2 iters= 534
GFTIME:   time = 2.041259e-01 (Symanzik1) mflops = 2.590469e+03
FFTIME:  time = 7.755749e-01 (asqtad3) terms = 2 mflops = 1.933783e+03
CONGRAD5: time = 1.003518e+00 (fn F) masses = 1 iters = 527 mflops = 2.154319e+03
 OK converged final_rsq= 5e-11 (cf 1e-10) rel = 1 (cf 0) restarts = 3 iters= 527
CONGRAD5: time = 1.006412e+00 (fn F) masses = 1 iters = 528 mflops = 2.152200e+03
 OK converged final_rsq= 5e-11 (cf 1e-10) rel = 1 (cf 0) restarts = 3 iters= 528
GFTIME:   time = 2.046812e-01 (Symanzik1) mflops = 2.583442e+03
FFTIME:  time = 7.394912e-01 (asqtad3) terms = 2 mflops = 2.028142e+03
CONGRAD5: time = 1.063220e+00 (fn F) masses = 1 iters = 559 mflops = 2.156816e+03
 OK converged final_rsq= 1e-10 (cf 1e-10) rel = 1 (cf 0) restarts = 2 iters= 559
CONGRAD5: time = 9.858558e-01 (fn F) masses = 1 iters = 519 mflops = 2.159625e+03
 OK converged final_rsq= 1e-10 (cf 1e-10) rel = 1 (cf 0) restarts = 2 iters= 519
GFTIME:   time = 2.046859e-01 (Symanzik1) mflops = 2.583381e+03
FFTIME:  time = 7.417071e-01 (asqtad3) terms = 2 mflops = 2.022083e+03
CONGRAD5: time = 1.052088e+00 (fn F) masses = 1 iters = 553 mflops = 2.156242e+03
 OK converged final_rsq= 5e-11 (cf 1e-10) rel = 1 (cf 0) restarts = 3 iters= 553
CONGRAD5: time = 1.027737e+00 (fn F) masses = 1 iters = 540 mflops = 2.155441e+03
 OK converged final_rsq= 5e-11 (cf 1e-10) rel = 1 (cf 0) restarts = 3 iters= 540
GFTIME:   time = 2.043180e-01 (Symanzik1) mflops = 2.588033e+03
FFTIME:  time = 7.407150e-01 (asqtad3) terms = 2 mflops = 2.024791e+03
CONGRAD5: time = 1.070617e+00 (fn F) masses = 1 iters = 562 mflops = 2.153410e+03
 OK converged final_rsq= 5e-11 (cf 1e-10) rel = 1 (cf 0) restarts = 3 iters= 562
CONGRAD5: time = 1.055072e+00 (fn F) masses = 1 iters = 555 mflops = 2.157920e+03
 OK converged final_rsq= 9.9e-11 (cf 1e-10) rel = 1 (cf 0) restarts = 2 iters= 555
GFTIME:   time = 2.054069e-01 (Symanzik1) mflops = 2.574314e+03
FFTIME:  time = 7.413521e-01 (asqtad3) terms = 2 mflops = 2.023051e+03
CONGRAD5: time = 1.022205e+00 (fn F) masses = 1 iters = 538 mflops = 2.159080e+03
 OK converged final_rsq= 1e-10 (cf 1e-10) rel = 1 (cf 0) restarts = 2 iters= 538
CONGRAD5: time = 1.072389e+00 (fn F) masses = 1 iters = 565 mflops = 2.161327e+03
 OK converged final_rsq= 1e-10 (cf 1e-10) rel = 1 (cf 0) restarts = 2 iters= 565
GFTIME:   time = 2.032001e-01 (Symanzik1) mflops = 2.602271e+03
FFTIME:  time = 7.760999e-01 (asqtad3) terms = 2 mflops = 1.932475e+03
CONGRAD5: time = 1.197779e+00 (fn F) masses = 1 iters = 579 mflops = 1.983017e+03
 OK converged final_rsq= 9.9e-11 (cf 1e-10) rel = 1 (cf 0) restarts = 2 iters= 579
CONGRAD5: time = 1.145882e+00 (fn F) masses = 1 iters = 573 mflops = 2.051347e+03
 OK converged final_rsq= 5e-11 (cf 1e-10) rel = 1 (cf 0) restarts = 3 iters= 573
GFTIME:   time = 2.187271e-01 (Symanzik1) mflops = 2.417541e+03
FFTIME:  time = 7.946460e-01 (asqtad3) terms = 2 mflops = 1.887373e+03
CONGRAD5: time = 1.101191e+00 (fn F) masses = 1 iters = 578 mflops = 2.153226e+03
 OK converged final_rsq= 5e-11 (cf 1e-10) rel = 1 (cf 0) restarts = 3 iters= 578
CONGRAD5: time = 1.093189e+00 (fn F) masses = 1 iters = 574 mflops = 2.153977e+03
 OK converged final_rsq= 5e-11 (cf 1e-10) rel = 1 (cf 0) restarts = 3 iters= 574
GFTIME:   time = 2.049479e-01 (Symanzik1) mflops = 2.580079e+03
FFTIME:  time = 7.361960e-01 (asqtad3) terms = 2 mflops = 2.037220e+03
PLAQ:	1.540043	1.539646
P_LOOP:	-1.470258e-02	-7.463607e-03
G_LOOP:  0  0  4   	1.540270e+00	( 0 1 7 6  )
G_LOOP:  0  1  4   	1.539303e+00	( 0 2 7 5  )
G_LOOP:  0  2  4   	1.540042e+00	( 0 3 7 4  )
G_LOOP:  0  3  4   	1.540557e+00	( 1 2 6 5  )
G_LOOP:  0  4  4   	1.539431e+00	( 1 3 6 4  )
G_LOOP:  0  5  4   	1.539466e+00	( 2 3 5 4  )
G_LOOP:  1  0  6   	7.798987e-01	( 0 0 1 7 7 6  )
G_LOOP:  1  1  6   	7.792347e-01	( 0 0 2 7 7 5  )
G_LOOP:  1  2  6   	7.795719e-01	( 0 0 3 7 7 4  )
G_LOOP:  1  3  6   	7.767896e-01	( 1 1 0 6 6 7  )
G_LOOP:  1  4  6   	7.771025e-01	( 1 1 2 6 6 5  )
G_LOOP:  1  5  6   	7.802369e-01	( 1 1 3 6 6 4  )
G_LOOP:  1  6  6   	7.773278e-01	( 2 2 0 5 5 7  )
G_LOOP:  1  7  6   	7.811866e-01	( 2 2 1 5 5 6  )
G_LOOP:  1  8  6   	7.778146e-01	( 2 2 3 5 5 4  )
G_LOOP:  1  9  6   	7.812695e-01	( 3 3 0 4 4 7  )
G_LOOP:  1  10  6   	7.794457e-01	( 3 3 1 4 4 6  )
G_LOOP:  1  11  6   	7.796804e-01	( 3 3 2 4 4 5  )
G_LOOP:  2  0  6   	7.989290e-01	( 0 1 2 7 6 5  )
G_LOOP:  2  1  6   	7.994120e-01	( 0 1 5 7 6 2  )
G_LOOP:  2  2  6   	7.995382e-01	( 0 6 2 7 1 5  )
G_LOOP:  2  3  6   	8.023482e-01	( 0 6 5 7 1 2  )
G_LOOP:  2  4  6   	7.983686e-01	( 0 1 3 7 6 4  )
G_LOOP:  2  5  6   	7.988594e-01	( 0 1 4 7 6 3  )
G_LOOP:  2  6  6   	7.985442e-01	( 0 6 3 7 1 4  )
G_LOOP:  2  7  6   	8.015172e-01	( 0 6 4 7 1 3  )
G_LOOP:  2  8  6   	7.967786e-01	( 0 2 3 7 5 4  )
G_LOOP:  2  9  6   	7.991136e-01	( 0 2 4 7 5 3  )
G_LOOP:  2  10  6   	7.979871e-01	( 0 5 3 7 2 4  )
G_LOOP:  2  11  6   	8.001564e-01	( 0 5 4 7 2 3  )
G_LOOP:  2  12  6   	8.026151e-01	( 1 2 3 6 5 4  )
G_LOOP:  2  13  6   	7.963586e-01	( 1 2 4 6 5 3  )
G_LOOP:  2  14  6   	7.991857e-01	( 1 5 3 6 2 4  )
G_LOOP:  2  15  6   	8.004856e-01	( 1 5 4 6 2 3  )
GACTION: 6.329114e+00
CONGRAD5: time = 1.136028e+00 (fn F) masses = 1 iters = 562 mflops = 2.029419e+03
 OK converged final_rsq= 5e-11 (cf 1e-10) rel = 1 (cf 0) restarts = 3 iters= 562
CONGRAD5: time = 1.402521e-01 (fn F) masses = 1 iters = 72 mflops = 2.105947e+03
 OK converged final_rsq= 9.9e-11 (cf 1e-10) rel = 1 (cf 0) restarts = 1 iters= 72
PBP: mass 1.000000e-02     2.689375e-02  3.605375e-02  -1.735238e-03  -1.736032e-03 ( 1 of 1 )
FACTION: mass = 1.000000e-02,  1.496733e+00 ( 1 of 1 )
CONGRAD5: time = 1.104961e+00 (fn F) masses = 1 iters = 584 mflops = 2.168155e+03
 OK converged final_rsq= 9.9e-11 (cf 1e-10) rel = 1 (cf 0) restarts = 2 iters= 584
CONGRAD5: time = 1.359940e-01 (fn F) masses = 1 iters = 70 mflops = 2.111557e+03
 OK converged final_rsq= 9.8e-11 (cf 1e-10) rel = 1 (cf 0) restarts = 1 iters= 70
PBP: mass 1.000000e-02     2.993896e-02  3.458992e-02  2.750435e-03  2.751798e-03 ( 1 of 1 )
FACTION: mass = 1.000000e-02,  1.493824e+00 ( 1 of 1 )
CONGRAD5: time = 1.108220e+00 (fn F) masses = 1 iters = 583 mflops = 2.158078e+03
 OK converged final_rsq= 1e-10 (cf 1e-10) rel = 1 (cf 0) restarts = 2 iters= 583
CONGRAD5: time = 1.089471e+00 (fn F) masses = 1 iters = 573 mflops = 2.157563e+03
 OK converged final_rsq= 9.8e-11 (cf 1e-10) rel = 1 (cf 0) restarts = 2 iters= 573
GFTIME:   time = 2.049670e-01 (Symanzik1) mflops = 2.579839e+03
FFTIME:  time = 7.438059e-01 (asqtad3) terms = 2 mflops = 2.016377e+03
CONGRAD5: time = 1.117323e+00 (fn F) masses = 1 iters = 587 mflops = 2.155181e+03
 OK converged final_rsq= 9.9e-11 (cf 1e-10) rel = 1 (cf 0) restarts = 2 iters= 587
CONGRAD5: time = 1.101663e+00 (fn F) masses = 1 iters = 579 mflops = 2.156028e+03
 OK converged final_rsq= 9.8e-11 (cf 1e-10) rel = 1 (cf 0) restarts = 2 iters= 579
GFTIME:   time = 2.044780e-01 (Symanzik1) mflops = 2.586008e+03
FFTIME:  time = 7.436290e-01 (asqtad3) terms = 2 mflops = 2.016857e+03
CONGRAD5: time = 1.053460e+00 (fn F) masses = 1 iters = 553 mflops = 2.153434e+03
 OK converged final_rsq= 9.9e-11 (cf 1e-10) rel = 1 (cf 0) restarts = 2 iters= 553
CONGRAD5: time = 1.100402e+00 (fn F) masses = 1 iters = 578 mflops = 2.154770e+03
 OK converged final_rsq= 9.8e-11 (cf 1e-10) rel = 1 (cf 0) restarts = 2 iters= 578
GFTIME:   time = 2.040930e-01 (Symanzik1) mflops = 2.590887e+03
FFTIME:  time = 7.441220e-01 (asqtad3) terms = 2 mflops = 2.015521e+03
CONGRAD5: time = 1.112875e+00 (fn F) masses = 1 iters = 585 mflops = 2.156423e+03
 OK converged final_rsq= 1e-10 (cf 1e-10) rel = 1 (cf 0) restarts = 2 iters= 585
CONGRAD5: time = 1.041898e+00 (fn F) masses = 1 iters = 548 mflops = 2.157644e+03
 OK converged final_rsq= 9.9e-11 (cf 1e-10) rel = 1 (cf 0) restarts = 2 iters= 548
GFTIME:   time = 2.044439e-01 (Symanzik1) mflops = 2.586439e+03
FFTIME:  time = 7.426610e-01 (asqtad3) terms = 2 mflops = 2.019486e+03
CONGRAD5: time = 1.226713e+00 (fn F) masses = 1 iters = 591 mflops = 1.976373e+03
 OK converged final_rsq= 9.9e-11 (cf 1e-10) rel = 1 (cf 0) restarts = 2 iters= 591
CONGRAD5: time = 1.032461e+00 (fn F) masses = 1 iters = 544 mflops = 2.161473e+03
 OK converged final_rsq= 1e-10 (cf 1e-10) rel = 1 (cf 0) restarts = 2 iters= 544
GFTIME:   time = 2.196329e-01 (Symanzik1) mflops = 2.407572e+03
FFTIME:  time = 7.694719e-01 (asqtad3) terms = 2 mflops = 1.949120e+03
CONGRAD5: time = 1.151596e+00 (fn F) masses = 1 iters = 585 mflops = 2.083916e+03
 OK converged final_rsq= 5e-11 (cf 1e-10) rel = 1 (cf 0) restarts = 3 iters= 585
CONGRAD5: time = 1.036128e+00 (fn F) masses = 1 iters = 552 mflops = 2.185496e+03
 OK converged final_rsq= 9.9e-11 (cf 1e-10) rel = 1 (cf 0) restarts = 2 iters= 552
GFTIME:   time = 2.034709e-01 (Symanzik1) mflops = 2.598808e+03
FFTIME:  time = 7.154341e-01 (asqtad3) terms = 2 mflops = 2.096340e+03
CONGRAD5: time = 1.096113e+00 (fn F) masses = 1 iters = 577 mflops = 2.159459e+03
 OK converged final_rsq= 9.8e-11 (cf 1e-10) rel = 1 (cf 0) restarts = 2 iters= 577
CONGRAD5: time = 1.126691e+00 (fn F) masses = 1 iters = 569 mflops = 2.071724e+03
 OK converged final_rsq= 1e-10 (cf 1e-10) rel = 1 (cf 0) restarts = 2 iters= 569
GFTIME:   time = 2.049830e-01 (Symanzik1) mflops = 2.579638e+03
FFTIME:  time = 7.293630e-01 (asqtad3) terms = 2 mflops = 2.056306e+03
CONGRAD5: time = 1.125983e+00 (fn F) masses = 1 iters = 591 mflops = 2.153179e+03
 OK converged final_rsq= 5e-11 (cf 1e-10) rel = 1 (cf 0) restarts = 3 iters= 591
CONGRAD5: time = 1.063654e+00 (fn F) masses = 1 iters = 559 mflops = 2.155936e+03
 OK converged final_rsq= 9.9e-11 (cf 1e-10) rel = 1 (cf 0) restarts = 2 iters= 559
GFTIME:   time = 2.053728e-01 (Symanzik1) mflops = 2.574741e+03
FFTIME:  time = 7.407081e-01 (asqtad3) terms = 2 mflops = 2.024810e+03
CONGRAD5: time = 1.103449e+00 (fn F) masses = 1 iters = 579 mflops = 2.152537e+03
 OK converged final_rsq= 4.9e-11 (cf 1e-10) rel = 1 (cf 0) restarts = 3 iters= 579
CONGRAD5: time = 1.073473e+00 (fn F) masses = 1 iters = 564 mflops = 2.155323e+03
 OK converged final_rsq= 9.9e-11 (cf 1e-10) rel = 1 (cf 0) restarts = 2 iters= 564
GFTIME:   time = 2.047050e-01 (Symanzik1) mflops = 2.583141e+03
FFTIME:  time = 7.412770e-01 (asqtad3) terms = 2 mflops = 2.023256e+03
CONGRAD5: time = 1.056792e+00 (fn F) masses = 1 iters = 553 mflops = 2.146644e+03
 OK converged final_rsq= 5e-11 (cf 1e-10) rel = 1 (cf 0) restarts = 3 iters= 553
CONGRAD5: time = 1.027813e+00 (fn F) masses = 1 iters = 539 mflops = 2.151291e+03
 OK converged final_rsq= 5e-11 (cf 1e-10) rel = 1 (cf 0) restarts = 3 iters= 539
GFTIME:   time = 2.049460e-01 (Symanzik1) mflops = 2.580103e+03
FFTIME:  time = 7.409890e-01 (asqtad3) terms = 2 mflops = 2.024043e+03
CONGRAD5: time = 1.101938e+00 (fn F) masses = 1 iters = 579 mflops = 2.155489e+03
 OK converged final_rsq= 9.9e-11 (cf 1e-10) rel = 1 (cf 0) restarts = 2 iters= 579
CONGRAD5: time = 1.076836e+00 (fn F) masses = 1 iters = 566 mflops = 2.156211e+03
 OK converged final_rsq= 1e-10 (cf 1e-10) rel = 1 (cf 0) restarts = 2 iters= 566
GFTIME:   time = 2.046001e-01 (Symanzik1) mflops = 2.584465e+03
FFTIME:  time = 7.422922e-01 (asqtad3) terms = 2 mflops = 2.020489e+03
CONGRAD5: time = 1.122469e+00 (fn F) masses = 1 iters = 588 mflops = 2.148956e+03
 OK converged final_rsq= 5e-11 (cf 1e-10) rel = 1 (cf 0) restarts = 3 iters= 588
CONGRAD5: time = 1.048134e+00 (fn F) masses = 1 iters = 550 mflops = 2.152635e+03
 OK converged final_rsq= 1e-10 (cf 1e-10) rel = 1 (cf 0) restarts = 2 iters= 550
GFTIME:   time = 2.047899e-01 (Symanzik1) mflops = 2.582070e+03
FFTIME:  time = 7.405581e-01 (asqtad3) terms = 2 mflops = 2.025220e+03
CONGRAD5: time = 1.106783e+00 (fn F) masses = 1 iters = 581 mflops = 2.153467e+03
 OK converged final_rsq= 9.9e-11 (cf 1e-10) rel = 1 (cf 0) restarts = 2 iters= 581
CONGRAD5: time = 1.109620e+00 (fn F) masses = 1 iters = 582 mflops = 2.151658e+03
 OK converged final_rsq= 4.9e-11 (cf 1e-10) rel = 1 (cf 0) restarts = 3 iters= 582
GFTIME:   time = 2.040470e-01 (Symanzik1) mflops = 2.591471e+03
FFTIME:  time = 7.402239e-01 (asqtad3) terms = 2 mflops = 2.026135e+03
CONGRAD5: time = 1.122193e+00 (fn F) masses = 1 iters = 590 mflops = 2.156795e+03
 OK converged final_rsq= 4.9e-11 (cf 1e-10) rel = 1 (cf 0) restarts = 3 iters= 590
CONGRAD5: time = 1.167168e+00 (fn F) masses = 1 iters = 570 mflops = 2.003392e+03
 OK converged final_rsq= 9.9e-11 (cf 1e-10) rel = 1 (cf 0) restarts = 2 iters= 570
GFTIME:   time = 2.161779e-01 (Symanzik1) mflops = 2.446049e+03
FFTIME:  time = 7.398989e-01 (asqtad3) terms = 2 mflops = 2.027025e+03
CONGRAD5: time = 1.151307e+00 (fn F) masses = 1 iters = 586 mflops = 2.088002e+03
 OK converged final_rsq= 9.9e-11 (cf 1e-10) rel = 1 (cf 0) restarts = 2 iters= 586
CONGRAD5: time = 1.089436e+00 (fn F) masses = 1 iters = 575 mflops = 2.165163e+03
 OK converged final_rsq= 5e-11 (cf 1e-10) rel = 1 (cf 0) restarts = 3 iters= 575
GFTIME:   time = 2.029340e-01 (Symanzik1) mflops = 2.605683e+03
FFTIME:  time = 7.167020e-01 (asqtad3) terms = 2 mflops = 2.092632e+03
PLAQ:	1.498378	1.498315
P_LOOP:	-1.425405e-03	7.212264e-04
G_LOOP:  0  0  4   	1.497059e+00	( 0 1 7 6  )
G_LOOP:  0  1  4   	1.499274e+00	( 0 2 7 5  )
G_LOOP:  0  2  4   	1.498785e+00	( 0 3 7 4  )
G_LOOP:  0  3  4   	1.498802e+00	( 1 2 6 5  )
G_LOOP:  0  4  4   	1.497425e+00	( 1 3 6 4  )
G_LOOP:  0  5  4   	1.498736e+00	( 2 3 5 4  )
G_LOOP:  1  0  6   	7.399194e-01	( 0 0 1 7 7 6  )
G_LOOP:  1  1  6   	7.430089e-01	( 0 0 2 7 7 5  )
G_LOOP:  1  2  6   	7.414591e-01	( 0 0 3 7 7 4  )
G_LOOP:  1  3  6   	7.389217e-01	( 1 1 0 6 6 7  )
G_LOOP:  1  4  6   	7.400724e-01	( 1 1 2 6 6 5  )
G_LOOP:  1  5  6   	7.395153e-01	( 1 1 3 6 6 4  )
G_LOOP:  1  6  6   	7.405115e-01	( 2 2 0 5 5 7  )
G_LOOP:  1  7  6   	7.402333e-01	( 2 2 1 5 5 6  )
G_LOOP:  1  8  6   	7.377243e-01	( 2 2 3 5 5 4  )
G_LOOP:  1  9  6   	7.409357e-01	( 3 3 0 4 4 7  )
G_LOOP:  1  10  6   	7.395942e-01	( 3 3 1 4 4 6  )
G_LOOP:  1  11  6   	7.404489e-01	( 3 3 2 4 4 5  )
G_LOOP:  2  0  6   	7.594122e-01	( 0 1 2 7 6 5  )
G_LOOP:  2  1  6   	7.596657e-01	( 0 1 5 7 6 2  )
G_LOOP:  2  2  6   	7.601597e-01	( 0 6 2 7 1 5  )
G_LOOP:  2  3  6   	7.595904e-01	( 0 6 5 7 1 2  )
G_LOOP:  2  4  6   	7.588343e-01	( 0 1 3 7 6 4  )
G_LOOP:  2  5  6   	7.582933e-01	( 0 1 4 7 6 3  )
G_LOOP:  2  6  6   	7.584304e-01	( 0 6 3 7 1 4  )
G_LOOP:  2  7  6   	7.608729e-01	( 0 6 4 7 1 3  )
G_LOOP:  2  8  6   	7.603688e-01	( 0 2 3 7 5 4  )
G_LOOP:  2  9  6   	7.582701e-01	( 0 2 4 7 5 3  )
G_LOOP:  2  10  6   	7.571766e-01	( 0 5 3 7 2 4  )
G_LOOP:  2  11  6   	7.618436e-01	( 0 5 4 7 2 3  )
G_LOOP:  2  12  6   	7.616134e-01	( 1 2 3 6 5 4  )
G_LOOP:  2  13  6   	7.587059e-01	( 1 2 4 6 5 3  )
G_LOOP:  2  14  6   	7.583470e-01	( 1 5 3 6 2 4  )
G_LOOP:  2  15  6   	7.592684e-01	( 1 5 4 6 2 3  )
GACTION: 6.535243e+00
CONGRAD5: time = 1.149653e+00 (fn F) masses = 1 iters = 572 mflops = 2.041050e+03
 OK converged final_rsq= 9.9e-11 (cf 1e-10) rel = 1 (cf 0) restarts = 2 iters= 572
CONGRAD5: time = 1.337800e-01 (fn F) masses = 1 iters = 69 mflops = 2.115838e+03
 OK converged final_rsq= 9.8e-11 (cf 1e-10) rel = 1 (cf 0) restarts = 1 iters= 69
PBP: mass 1.000000e-02     3.374096e-02  3.650988e-02  3.180395e-03  3.180186e-03 ( 1 of 1 )
FACTION: mass = 1.000000e-02,  1.498849e+00 ( 1 of 1 )
CONGRAD5: time = 1.111994e+00 (fn F) masses = 1 iters = 584 mflops = 2.154442e+03
 OK converged final_rsq= 9.8e-11 (cf 1e-10) rel = 1 (cf 0) restarts = 2 iters= 584
CONGRAD5: time = 1.399240e-01 (fn F) masses = 1 iters = 72 mflops = 2.110885e+03
 OK converged final_rsq= 1e-10 (cf 1e-10) rel = 1 (cf 0) restarts = 1 iters= 72
PBP: mass 1.000000e-02     3.551763e-02  3.366062e-02  3.023770e-03  3.024664e-03 ( 1 of 1 )
FACTION: mass = 1.000000e-02,  1.498357e+00 ( 1 of 1 )
CONGRAD5: time = 1.139446e+00 (fn F) masses = 1 iters = 598 mflops = 2.152940e+03
 OK converged final_rsq= 9.5e-11 (cf 1e-10) rel = 1 (cf 0) restarts = 2 iters= 598
CONGRAD5: time = 1.111957e+00 (fn F) masses = 1 iters = 584 mflops = 2.154514e+03
 OK converged final_rsq= 9.9e-11 (cf 1e-10) rel = 1 (cf 0) restarts = 2 iters= 584
GFTIME:   time = 2.041991e-01 (Symanzik1) mflops = 2.589541e+03
FFTIME:  time = 7.443690e-01 (asqtad3) terms = 2 mflops = 2.014852e+03
CONGRAD5: time = 1.125082e+00 (fn F) masses = 1 iters = 590 mflops = 2.151257e+03
 OK converged final_rsq= 1e-10 (cf 1e-10) rel = 1 (cf 0) restarts = 2 iters= 590
CONGRAD5: time = 1.120762e+00 (fn F) masses = 1 iters = 588 mflops = 2.152229e+03
 OK converged final_rsq= 9.9e-11 (cf 1e-10) rel = 1 (cf 0) restarts = 2 iters= 588
GFTIME:   time = 2.047601e-01 (Symanzik1) mflops = 2.582446e+03
FFTIME:  time = 7.450230e-01 (asqtad3) terms = 2 mflops = 2.013083e+03
CONGRAD5: time = 1.148282e+00 (fn F) masses = 1 iters = 602 mflops = 2.150663e+03
 OK converged final_rsq= 5.6e-11 (cf 1e-10) rel = 1 (cf 0) restarts = 3 iters= 602
CONGRAD5: time = 1.147372e+00 (fn F) masses = 1 iters = 602 mflops = 2.152369e+03
 OK converged final_rsq= 3.9e-11 (cf 1e-10) rel = 1 (cf 0) restarts = 3 iters= 602
GFTIME:   time = 2.046421e-01 (Symanzik1) mflops = 2.583935e+03
FFTIME:  time = 7.443349e-01 (asqtad3) terms = 2 mflops = 2.014944e+03
CONGRAD5: time = 1.144573e+00 (fn F) masses = 1 iters = 600 mflops = 2.150464e+03
 OK converged final_rsq= 8.2e-11 (cf 1e-10) rel = 1 (cf 0) restarts = 2 iters= 600
CONGRAD5: time = 1.112796e+00 (fn F) masses = 1 iters = 584 mflops = 2.152890e+03
 OK converged final_rsq= 9.9e-11 (cf 1e-10) rel = 1 (cf 0) restarts = 2 iters= 584
GFTIME:   time = 2.045860e-01 (Symanzik1) mflops = 2.584643e+03
FFTIME:  time = 7.474930e-01 (asqtad3) terms = 2 mflops = 2.006431e+03
CONGRAD5: time = 1.145110e+00 (fn F) masses = 1 iters = 600 mflops = 2.149456e+03
 OK converged final_rsq= 9e-11 (cf 1e-10) rel = 1 (cf 0) restarts = 2 iters= 600
CONGRAD5: time = 1.095752e+00 (fn F) masses = 1 iters = 575 mflops = 2.152683e+03
 OK converged final_rsq= 9.8e-11 (cf 1e-10) rel = 1 (cf 0) restarts = 2 iters= 575
GFTIME:   time = 2.043989e-01 (Symanzik1) mflops = 2.587010e+03
FFTIME:  time = 7.466090e-01 (asqtad3) terms = 2 mflops = 2.008807e+03
CONGRAD5: time = 1.141468e+00 (fn F) masses = 1 iters = 599 mflops = 2.152720e+03
 OK converged final_rsq= 9.2e-11 (cf 1e-10) rel = 1 (cf 0) restarts = 2 iters= 599
CONGRAD5: time = 1.119521e+00 (fn F) masses = 1 iters = 590 mflops = 2.161943e+03
 OK converged final_rsq= 5e-11 (cf 1e-10) rel = 1 (cf 0) restarts = 3 iters= 590
GFTIME:   time = 2.341118e-01 (Symanzik1) mflops = 2.258672e+03
FFTIME:  time = 7.237759e-01 (asqtad3) terms = 2 mflops = 2.072179e+03
CONGRAD5: time = 1.168486e+00 (fn F) masses = 1 iters = 593 mflops = 2.081880e+03
 OK converged final_rsq= 9.8e-11 (cf 1e-10) rel = 1 (cf 0) restarts = 2 iters= 593
CONGRAD5: time = 1.127822e+00 (fn F) masses = 1 iters = 590 mflops = 2.146030e+03
 OK converged final_rsq= 1e-10 (cf 1e-10) rel = 1 (cf 0) restarts = 2 iters= 590
GFTIME:   time = 2.142780e-01 (Symanzik1) mflops = 2.467738e+03
FFTIME:  time = 7.653089e-01 (asqtad3) terms = 2 mflops = 1.959723e+03
CONGRAD5: time = 1.134681e+00 (fn F) masses = 1 iters = 595 mflops = 2.151135e+03
 OK converged final_rsq= 9.8e-11 (cf 1e-10) rel = 1 (cf 0) restarts = 2 iters= 595
CONGRAD5: time = 1.106983e+00 (fn F) masses = 1 iters = 580 mflops = 2.149372e+03
 OK converged final_rsq= 5e-11 (cf 1e-10) rel = 1 (cf 0) restarts = 3 iters= 580
GFTIME:   time = 2.050130e-01 (Symanzik1) mflops = 2.579260e+03
FFTIME:  time = 7.446761e-01 (asqtad3) terms = 2 mflops = 2.014021e+03
CONGRAD5: time = 1.139254e+00 (fn F) masses = 1 iters = 597 mflops = 2.149702e+03
 OK converged final_rsq= 5e-11 (cf 1e-10) rel = 1 (cf 0) restarts = 3 iters= 597
CONGRAD5: time = 1.132361e+00 (fn F) masses = 1 iters = 595 mflops = 2.155542e+03
 OK converged final_rsq= 9.7e-11 (cf 1e-10) rel = 1 (cf 0) restarts = 2 iters= 595
GFTIME:   time = 2.048590e-01 (Symanzik1) mflops = 2.581199e+03
FFTIME:  time = 7.448850e-01 (asqtad3) terms = 2 mflops = 2.013456e+03
CONGRAD5: time = 1.136630e+00 (fn F) masses = 1 iters = 597 mflops = 2.154664e+03
 OK converged final_rsq= 9.5e-11 (cf 1e-10) rel = 1 (cf 0) restarts = 2 iters= 597
CONGRAD5: time = 1.127791e+00 (fn F) masses = 1 iters = 592 mflops = 2.153365e+03
 OK converged final_rsq= 9.9e-11 (cf 1e-10) rel = 1 (cf 0) restarts = 2 iters= 592
GFTIME:   time = 2.045398e-01 (Symanzik1) mflops = 2.585227e+03
FFTIME:  time = 7.456222e-01 (asqtad3) terms = 2 mflops = 2.011466e+03
CONGRAD5: time = 1.134525e+00 (fn F) masses = 1 iters = 594 mflops = 2.147815e+03
 OK converged final_rsq= 5e-11 (cf 1e-10) rel = 1 (cf 0) restarts = 3 iters= 594
CONGRAD5: time = 1.136900e+00 (fn F) masses = 1 iters = 597 mflops = 2.154153e+03
 OK converged final_rsq= 9.7e-11 (cf 1e-10) rel = 1 (cf 0) restarts = 2 iters= 597
GFTIME:   time = 2.046809e-01 (Symanzik1) mflops = 2.583445e+03
FFTIME:  time = 7.439840e-01 (asqtad3) terms = 2 mflops = 2.015895e+03
CONGRAD5: time = 1.145332e+00 (fn F) masses = 1 iters = 600 mflops = 2.149039e+03
 OK converged final_rsq= 1e-10 (cf 1e-10) rel = 1 (cf 0) restarts = 2 iters= 600
CONGRAD5: time = 1.142602e+00 (fn F) masses = 1 iters = 599 mflops = 2.150583e+03
 OK converged final_rsq= 4.9e-11 (cf 1e-10) rel = 1 (cf 0) restarts = 3 iters= 599
GFTIME:   time = 2.046430e-01 (Symanzik1) mflops = 2.583923e+03
FFTIME:  time = 7.424510e-01 (asqtad3) terms = 2 mflops = 2.020057e+03
CONGRAD5: time = 1.145202e+00 (fn F) masses = 1 iters = 600 mflops = 2.149283e+03
 OK converged final_rsq= 4.8e-11 (cf 1e-10) rel = 1 (cf 0) restarts = 3 iters= 600
CONGRAD5: time = 1.136672e+00 (fn F) masses = 1 iters = 596 mflops = 2.150976e+03
 OK converged final_rsq= 4.9e-11 (cf 1e-10) rel = 1 (cf 0) restarts = 3 iters= 596
GFTIME:   time = 2.041881e-01 (Symanzik1) mflops = 2.589680e+03
FFTIME:  time = 7.359419e-01 (asqtad3) terms = 2 mflops = 2.037924e+03
CONGRAD5: time = 1.276385e+00 (fn F) masses = 1 iters = 600 mflops = 1.928386e+03
 OK converged final_rsq= 9.2e-11 (cf 1e-10) rel = 1 (cf 0) restarts = 2 iters= 600
CONGRAD5: time = 1.211915e+00 (fn F) masses = 1 iters = 599 mflops = 2.027585e+03
 OK converged final_rsq= 9.4e-11 (cf 1e-10) rel = 1 (cf 0) restarts = 2 iters= 599
GFTIME:   time = 2.266281e-01 (Symanzik1) mflops = 2.333258e+03
FFTIME:  time = 7.930388e-01 (asqtad3) terms = 2 mflops = 1.891198e+03
CONGRAD5: time = 1.187442e+00 (fn F) masses = 1 iters = 600 mflops = 2.072828e+03
 OK converged final_rsq= 9.2e-11 (cf 1e-10) rel = 1 (cf 0) restarts = 2 iters= 600
CONGRAD5: time = 1.127679e+00 (fn F) masses = 1 iters = 592 mflops = 2.153578e+03
 OK converged final_rsq= 9.7e-11 (cf 1e-10) rel = 1 (cf 0) restarts = 2 iters= 592
GFTIME:   time = 2.046151e-01 (Symanzik1) mflops = 2.584275e+03
FFTIME:  time = 7.412720e-01 (asqtad3) terms = 2 mflops = 2.023270e+03
PLAQ:	1.475001	1.474998
P_LOOP:	-1.313892e-02	2.530224e-03
G_LOOP:  0  0  4   	1.475017e+00	( 0 1 7 6  )
G_LOOP:  0  1  4   	1.473948e+00	( 0 2 7 5  )
G_LOOP:  0  2  4   	1.474896e+00	( 0 3 7 4  )
G_LOOP:  0  3  4   	1.476039e+00	( 1 2 6 5  )
G_LOOP:  0  4  4   	1.476774e+00	( 1 3 6 4  )
G_LOOP:  0  5  4   	1.473323e+00	( 2 3 5 4  )
G_LOOP:  1  0  6   	7.149324e-01	( 0 0 1 7 7 6  )
G_LOOP:  1  1  6   	7.167106e-01	( 0 0 2 7 7 5  )
G_LOOP:  1  2  6   	7.178131e-01	( 0 0 3 7 7 4  )
G_LOOP:  1  3  6   	7.154572e-01	( 1 1 0 6 6 7  )
G_LOOP:  1  4  6   	7.162602e-01	( 1 1 2 6 6 5  )
G_LOOP:  1  5  6   	7.185347e-01	( 1 1 3 6 6 4  )
G_LOOP:  1  6  6   	7.157772e-01	( 2 2 0 5 5 7  )
G_LOOP:  1  7  6   	7.152655e-01	( 2 2 1 5 5 6  )
G_LOOP:  1  8  6   	7.138774e-01	( 2 2 3 5 5 4  )
G_LOOP:  1  9  6   	7.165554e-01	( 3 3 0 4 4 7  )
G_LOOP:  1  10  6   	7.177976e-01	( 3 3 1 4 4 6  )
G_LOOP:  1  11  6   	7.130163e-01	( 3 3 2 4 4 5  )
G_LOOP:  2  0  6   	7.314737e-01	( 0 1 2 7 6 5  )
G_LOOP:  2  1  6   	7.353478e-01	( 0 1 5 7 6 2  )
G_LOOP:  2  2  6   	7.333324e-01	( 0 6 2 7 1 5  )
G_LOOP:  2  3  6   	7.329360e-01	( 0 6 5 7 1 2  )
G_LOOP:  2  4  6   	7.307580e-01	( 0 1 3 7 6 4  )
G_LOOP:  2  5  6   	7.349583e-01	( 0 1 4 7 6 3  )
G_LOOP:  2  6  6   	7.343502e-01	( 0 6 3 7 1 4  )
G_LOOP:  2  7  6   	7.348435e-01	( 0 6 4 7 1 3  )
G_LOOP:  2  8  6   	7.343590e-01	( 0 2 3 7 5 4  )
G_LOOP:  2  9  6   	7.326620e-01	( 0 2 4 7 5 3  )
G_LOOP:  2  10  6   	7.321860e-01	( 0 5 3 7 2 4  )
G_LOOP:  2  11  6   	7.354777e-01	( 0 5 4 7 2 3  )
G_LOOP:  2  12  6   	7.344863e-01	( 1 2 3 6 5 4  )
G_LOOP:  2  13  6   	7.280802e-01	( 1 2 4 6 5 3  )
G_LOOP:  2  14  6   	7.326231e-01	( 1 5 3 6 2 4  )
G_LOOP:  2  15  6   	7.326480e-01	( 1 5 4 6 2 3  )
GACTION: 6.648454e+00
CONGRAD5: time = 1.209023e+00 (fn F) masses = 1 iters = 596 mflops = 2.022256e+03
 OK converged final_rsq= 9.9e-11 (cf 1e-10) rel = 1 (cf 0) restarts = 2 iters= 596
CONGRAD5: time = 1.625550e-01 (fn F) masses = 1 iters = 84 mflops = 2.119842e+03
 OK converged final_rsq= 9.8e-11 (cf 1e-10) rel = 1 (cf 0) restarts = 1 iters= 84
PBP: mass 1.000000e-02     3.889787e-02  3.935750e-02  2.640128e-04  2.661513e-04 ( 1 of 1 )
FACTION: mass = 1.000000e-02,  1.504667e+00 ( 1 of 1 )
CONGRAD5: time = 1.130442e+00 (fn F) masses = 1 iters = 594 mflops = 2.155573e+03
 OK converged final_rsq= 9.8e-11 (cf 1e-10) rel = 1 (cf 0) restarts = 2 iters= 594
CONGRAD5: time = 1.649909e-01 (fn F) masses = 1 iters = 85 mflops = 2.113408e+03
 OK converged final_rsq= 9.9e-11 (cf 1e-10) rel = 1 (cf 0) restarts = 1 iters= 85
PBP: mass 1.000000e-02     3.917227e-02  3.686174e-02  9.128790e-04  9.101117e-04 ( 1 of 1 )
FACTION: mass = 1.000000e-02,  1.497929e+00 ( 1 of 1 )
CONGRAD5: time = 1.117856e+00 (fn F) masses = 1 iters = 587 mflops = 2.154154e+03
 OK converged final_rsq= 9.9e-11 (cf 1e-10) rel = 1 (cf 0) restarts = 2 iters= 587
CONGRAD5: time = 1.143153e+00 (fn F) masses = 1 iters = 600 mflops = 2.153135e+03
 OK converged final_rsq= 8.2e-11 (cf 1e-10) rel = 1 (cf 0) restarts = 2 iters= 600
GFTIME:   time = 2.043309e-01 (Symanzik1) mflops = 2.587870e+03
FFTIME:  time = 7.419090e-01 (asqtad3) terms = 2 mflops = 2.021533e+03
CONGRAD5: time = 1.136814e+00 (fn F) masses = 1 iters = 597 mflops = 2.154316e+03
 OK converged final_rsq= 9.6e-11 (cf 1e-10) rel = 1 (cf 0) restarts = 2 iters= 597
CONGRAD5: time = 1.109765e+00 (fn F) masses = 1 iters = 583 mflops = 2.155073e+03
 OK converged final_rsq= 9.8e-11 (cf 1e-10) rel = 1 (cf 0) restarts = 2 iters= 583
GFTIME:   time = 2.041390e-01 (Symanzik1) mflops = 2.590303e+03
FFTIME:  time = 7.425680e-01 (asqtad3) terms = 2 mflops = 2.019739e+03
CONGRAD5: time = 1.146644e+00 (fn F) masses = 1 iters = 601 mflops = 2.150158e+03
 OK converged final_rsq= 4.7e-11 (cf 1e-10) rel = 1 (cf 0) restarts = 3 iters= 601
CONGRAD5: time = 1.138648e+00 (fn F) masses = 1 iters = 597 mflops = 2.150846e+03
 OK converged final_rsq= 9.5e-11 (cf 1e-10) rel = 1 (cf 0) restarts = 2 iters= 597
GFTIME:   time = 2.046111e-01 (Symanzik1) mflops = 2.584327e+03
FFTIME:  time = 7.431850e-01 (asqtad3) terms = 2 mflops = 2.018062e+03
CONGRAD5: time = 1.138386e+00 (fn F) masses = 1 iters = 597 mflops = 2.151341e+03
 OK converged final_rsq= 9.6e-11 (cf 1e-10) rel = 1 (cf 0) restarts = 2 iters= 597
CONGRAD5: time = 1.109403e+00 (fn F) masses = 1 iters = 582 mflops = 2.152078e+03
 OK converged final_rsq= 9.8e-11 (cf 1e-10) rel = 1 (cf 0) restarts = 2 iters= 582
GFTIME:   time = 2.042961e-01 (Symanzik1) mflops = 2.588311e+03
FFTIME:  time = 7.428851e-01 (asqtad3) terms = 2 mflops = 2.018877e+03
CONGRAD5: time = 1.130809e+00 (fn F) masses = 1 iters = 594 mflops = 2.154873e+03
 OK converged final_rsq= 9.6e-11 (cf 1e-10) rel = 1 (cf 0) restarts = 2 iters= 594
CONGRAD5: time = 1.171912e+00 (fn F) masses = 1 iters = 585 mflops = 2.047790e+03
 OK converged final_rsq= 5e-11 (cf 1e-10) rel = 1 (cf 0) restarts = 3 iters= 585
GFTIME:   time = 2.186158e-01 (Symanzik1) mflops = 2.418773e+03
FFTIME:  time = 7.380888e-01 (asqtad3) terms = 2 mflops = 2.031996e+03
CONGRAD5: time = 1.167459e+00 (fn F) masses = 1 iters = 593 mflops = 2.083711e+03
 OK converged final_rsq= 9.9e-11 (cf 1e-10) rel = 1 (cf 0) restarts = 2 iters= 593
CONGRAD5: time = 1.136985e+00 (fn F) masses = 1 iters = 594 mflops = 2.143168e+03
 OK converged final_rsq= 9.8e-11 (cf 1e-10) rel = 1 (cf 0) restarts = 2 iters= 594
GFTIME:   time = 2.045391e-01 (Symanzik1) mflops = 2.585236e+03
FFTIME:  time = 7.430902e-01 (asqtad3) terms = 2 mflops = 2.018320e+03
CONGRAD5: time = 1.126870e+00 (fn F) masses = 1 iters = 590 mflops = 2.147844e+03
 OK converged final_rsq= 1e-10 (cf 1e-10) rel = 1 (cf 0) restarts = 2 iters= 590
CONGRAD5: time = 1.119874e+00 (fn F) masses = 1 iters = 588 mflops = 2.153935e+03
 OK converged final_rsq= 9.8e-11 (cf 1e-10) rel = 1 (cf 0) restarts = 2 iters= 588
GFTIME:   time = 2.050390e-01 (Symanzik1) mflops = 2.578933e+03
FFTIME:  time = 7.446401e-01 (asqtad3) terms = 2 mflops = 2.014118e+03
CONGRAD5: time = 1.138540e+00 (fn F) masses = 1 iters = 597 mflops = 2.151050e+03
 OK converged final_rsq= 4.9e-11 (cf 1e-10) rel = 1 (cf 0) restarts = 3 iters= 597
CONGRAD5: time = 1.135105e+00 (fn F) masses = 1 iters = 596 mflops = 2.153946e+03
 OK converged final_rsq= 9.7e-11 (cf 1e-10) rel = 1 (cf 0) restarts = 2 iters= 596
GFTIME:   time = 2.045648e-01 (Symanzik1) mflops = 2.584911e+03
FFTIME:  time = 7.414670e-01 (asqtad3) terms = 2 mflops = 2.022738e+03
CONGRAD5: time = 1.143670e+00 (fn F) masses = 1 iters = 599 mflops = 2.148575e+03
 OK converged final_rsq= 9.4e-11 (cf 1e-10) rel = 1 (cf 0) restarts = 2 iters= 599
CONGRAD5: time = 1.141534e+00 (fn F) masses = 1 iters = 599 mflops = 2.152595e+03
 OK converged final_rsq= 8.7e-11 (cf 1e-10) rel = 1 (cf 0) restarts = 2 iters= 599
GFTIME:   time = 2.046609e-01 (Symanzik1) mflops = 2.583697e+03
FFTIME:  time = 7.416260e-01 (asqtad3) terms = 2 mflops = 2.022304e+03
CONGRAD5: time = 1.143453e+00 (fn F) masses = 1 iters = 600 mflops = 2.152571e+03
 OK converged final_rsq= 9.5e-11 (cf 1e-10) rel = 1 (cf 0) restarts = 2 iters= 600
CONGRAD5: time = 1.148438e+00 (fn F) masses = 1 iters = 602 mflops = 2.150371e+03
 OK converged final_rsq= 4.2e-11 (cf 1e-10) rel = 1 (cf 0) restarts = 3 iters= 602
GFTIME:   time = 2.041080e-01 (Symanzik1) mflops = 2.590696e+03
FFTIME:  time = 7.413261e-01 (asqtad3) terms = 2 mflops = 2.023122e+03
CONGRAD5: time = 1.132962e+00 (fn F) masses = 1 iters = 595 mflops = 2.154399e+03
 OK converged final_rsq= 9.8e-11 (cf 1e-10) rel = 1 (cf 0) restarts = 2 iters= 595
CONGRAD5: time = 1.141954e+00 (fn F) masses = 1 iters = 599 mflops = 2.151804e+03
 OK converged final_rsq= 9.3e-11 (cf 1e-10) rel = 1 (cf 0) restarts = 2 iters= 599
GFTIME:   time = 2.043989e-01 (Symanzik1) mflops = 2.587010e+03
FFTIME:  time = 7.435291e-01 (asqtad3) terms = 2 mflops = 2.017128e+03
CONGRAD5: time = 1.150032e+00 (fn F) masses = 1 iters = 602 mflops = 2.147390e+03
 OK converged final_rsq= 7.5e-11 (cf 1e-10) rel = 1 (cf 0) restarts = 3 iters= 602
CONGRAD5: time = 1.137859e+00 (fn F) masses = 1 iters = 597 mflops = 2.152337e+03
 OK converged final_rsq= 9.7e-11 (cf 1e-10) rel = 1 (cf 0) restarts = 2 iters= 597
GFTIME:   time = 2.033789e-01 (Symanzik1) mflops = 2.599983e+03
FFTIME:  time = 7.614019e-01 (asqtad3) terms = 2 mflops = 1.969779e+03
CONGRAD5: time = 1.211269e+00 (fn F) masses = 1 iters = 602 mflops = 2.038827e+03
 OK converged final_rsq= 5.3e-11 (cf 1e-10) rel = 1 (cf 0) restarts = 3 iters= 602
CONGRAD5: time = 1.195657e+00 (fn F) masses = 1 iters = 600 mflops = 2.058586e+03
 OK converged final_rsq= 9e-11 (cf 1e-10) rel = 1 (cf 0) restarts = 2 iters= 600
GFTIME:   time = 2.269211e-01 (Symanzik1) mflops = 2.330245e+03
FFTIME:  time = 7.951810e-01 (asqtad3) terms = 2 mflops = 1.886103e+03
CONGRAD5: time = 1.148788e+00 (fn F) masses = 1 iters = 602 mflops = 2.149716e+03
 OK converged final_rsq= 5e-11 (cf 1e-10) rel = 1 (cf 0) restarts = 3 iters= 602
CONGRAD5: time = 1.137257e+00 (fn F) masses = 1 iters = 596 mflops = 2.149869e+03
 OK converged final_rsq= 4.9e-11 (cf 1e-10) rel = 1 (cf 0) restarts = 3 iters= 596
GFTIME:   time = 2.043231e-01 (Symanzik1) mflops = 2.587969e+03
FFTIME:  time = 7.432740e-01 (asqtad3) terms = 2 mflops = 2.017820e+03
CONGRAD5: time = 1.147988e+00 (fn F) masses = 1 iters = 602 mflops = 2.151214e+03
 OK converged final_rsq= 7.4e-11 (cf 1e-10) rel = 1 (cf 0) restarts = 3 iters= 602
CONGRAD5: time = 1.191556e+00 (fn F) masses = 1 iters = 602 mflops = 2.072557e+03
 OK converged final_rsq= 4.3e-11 (cf 1e-10) rel = 1 (cf 0) restarts = 3 iters= 602
GFTIME:   time = 2.043490e-01 (Symanzik1) mflops = 2.587640e+03
FFTIME:  time = 7.434170e-01 (asqtad3) terms = 2 mflops = 2.017432e+03
PLAQ:	1.458382	1.459244
P_LOOP:	-7.236382e-03	2.135054e-03
G_LOOP:  0  0  4   	1.459041e+00	( 0 1 7 6  )
G_LOOP:  0  1  4   	1.459592e+00	( 0 2 7 5  )
G_LOOP:  0  2  4   	1.460741e+00	( 0 3 7 4  )
G_LOOP:  0  3  4   	1.456512e+00	( 1 2 6 5  )
G_LOOP:  0  4  4   	1.459949e+00	( 1 3 6 4  )
G_LOOP:  0  5  4   	1.457043e+00	( 2 3 5 4  )
G_LOOP:  1  0  6   	7.008437e-01	( 0 0 1 7 7 6  )
G_LOOP:  1  1  6   	7.024422e-01	( 0 0 2 7 7 5  )
G_LOOP:  1  2  6   	7.022045e-01	( 0 0 3 7 7 4  )
G_LOOP:  1  3  6   	6.981945e-01	( 1 1 0 6 6 7  )
G_LOOP:  1  4  6   	6.967423e-01	( 1 1 2 6 6 5  )
G_LOOP:  1  5  6   	6.998570e-01	( 1 1 3 6 6 4  )
G_LOOP:  1  6  6   	6.974073e-01	( 2 2 0 5 5 7  )
G_LOOP:  1  7  6   	6.967411e-01	( 2 2 1 5 5 6  )
G_LOOP:  1  8  6   	6.947241e-01	( 2 2 3 5 5 4  )
G_LOOP:  1  9  6   	7.018607e-01	( 3 3 0 4 4 7  )
G_LOOP:  1  10  6   	6.997974e-01	( 3 3 1 4 4 6  )
G_LOOP:  1  11  6   	6.979917e-01	( 3 3 2 4 4 5  )
G_LOOP:  2  0  6   	7.120689e-01	( 0 1 2 7 6 5  )
G_LOOP:  2  1  6   	7.130694e-01	( 0 1 5 7 6 2  )
G_LOOP:  2  2  6   	7.118460e-01	( 0 6 2 7 1 5  )
G_LOOP:  2  3  6   	7.144478e-01	( 0 6 5 7 1 2  )
G_LOOP:  2  4  6   	7.107637e-01	( 0 1 3 7 6 4  )
G_LOOP:  2  5  6   	7.152958e-01	( 0 1 4 7 6 3  )
G_LOOP:  2  6  6   	7.168571e-01	( 0 6 3 7 1 4  )
G_LOOP:  2  7  6   	7.159872e-01	( 0 6 4 7 1 3  )
G_LOOP:  2  8  6   	7.144638e-01	( 0 2 3 7 5 4  )
G_LOOP:  2  9  6   	7.136637e-01	( 0 2 4 7 5 3  )
G_LOOP:  2  10  6   	7.141741e-01	( 0 5 3 7 2 4  )
G_LOOP:  2  11  6   	7.158655e-01	( 0 5 4 7 2 3  )
G_LOOP:  2  12  6   	7.132711e-01	( 1 2 3 6 5 4  )
G_LOOP:  2  13  6   	7.129264e-01	( 1 2 4 6 5 3  )
G_LOOP:  2  14  6   	7.138391e-01	( 1 5 3 6 2 4  )
G_LOOP:  2  15  6   	7.128541e-01	( 1 5 4 6 2 3  )
GACTION: 6.726613e+00
CONGRAD5: time = 1.210408e+00 (fn F) masses = 1 iters = 600 mflops = 2.033499e+03
 OK converged final_rsq= 9.6e-11 (cf 1e-10) rel = 1 (cf 0) restarts = 2 iters= 600
CONGRAD5: time = 2.028630e-01 (fn F) masses = 1 iters = 104 mflops = 2.103076e+03
 OK converged final_rsq= 5e-11 (cf 1e-10) rel = 1 (cf 0) restarts = 2 iters= 104
PBP: mass 1.000000e-02     4.449007e-02  4.190511e-02  -5.189667e-03  -5.185780e-03 ( 1 of 1 )
FACTION: mass = 1.000000e-02,  1.497726e+00 ( 1 of 1 )
CONGRAD5: time = 1.134215e+00 (fn F) masses = 1 iters = 596 mflops = 2.155635e+03
 OK converged final_rsq= 9.8e-11 (cf 1e-10) rel = 1 (cf 0) restarts = 2 iters= 596
CONGRAD5: time = 1.529448e-01 (fn F) masses = 1 iters = 79 mflops = 2.118931e+03
 OK converged final_rsq= 9.9e-11 (cf 1e-10) rel = 1 (cf 0) restarts = 1 iters= 79
PBP: mass 1.000000e-02     4.199659e-02  4.043856e-02  -1.511896e-03  -1.510417e-03 ( 1 of 1 )
FACTION: mass = 1.000000e-02,  1.500399e+00 ( 1 of 1 )
RUNNING COMPLETED
average cg iters for step= 1.156500e+03
Time = 2.243148e+02 seconds
total_iters = 144743
Checksums e2893c0a 4fa69452
Saved gauge configuration in parallel to binary file lat_p64_size128_2
Time stamp Fri Aug 12 22:24:38 2022
Wrote info file lat_p64_size128_2.info
Time to save = 6.011620e-01
CHECK PLAQ: 1.458382e+00 1.459244e+00
CHECK NERSC LINKTR: 1.429972e-01 CKSUM: 32bc4a48


get_i(0): EOF on input.
Elapsed total time: 253.650695
exit: Fri Aug 12 22:24:39 2022

