SU3 with improved KS action
Microcanonical simulation with refreshing
R algorithm
MIMD version 7.8.1
Machine = MPI (portable), with 32 nodes
Host(0) = ault04.cscs.ch
Username = mcopik
Options selected...
Generic single precision
C_GLOBAL_INLINE
DBLSTORE_FN
D_FN_GATHER13
FEWSUMS
KS_MULTIFF=FNMAT
VECLENGTH=4
type 0 for no prompts, 1 for prompts, or 2 for proofreading
nflavors1 2
nflavors2 1
nx 24
ny 16
nz 8
nt 36
iseed 5682304
LAYOUT = Hypercubes, options = hyper_prime,
automatic hyper_prime layout
ON EACH NODE 6 x 8 x 8 x 9
Mallocing 3.4 MBytes per node for lattice
WARNING!!: Resetting random seed
Made lattice
Made nn gathers
Made 3nn gathers
Finished setup


warms 0
trajecs 4
traj_between_meas 1
beta 5.6
mass1 0.125
mass2 0.125
u0 0.8441
microcanonical_time_step 0.2
steps_per_trajectory 5
max_cg_iterations 100
max_cg_restarts 5
error_per_site 0.125
error_for_propagator 0.125
npbp_reps 1
prec_pbp 1
fresh 
save_parallel lat_p64_size128_1
unit gauge configuration loaded
CHECK PLAQ: 3.000000e+00 3.000000e+00
CHECK NERSC LINKTR: 1.000000e+00 CKSUM: 0
Unitarity checked.  Max deviation 0.00e+00
Time to check unitarity = 7.388592e-04
"O(a^2): couplings(pi)=0, Naik term, No O(a^2) errors, tadpole weights"
path coefficients: npath  path_coeff  multiplicity
                    0      6.250000e-01     8
                    1      -5.847914e-02     8
                    2      -8.771871e-02     48
                    3      3.077829e-02     192
                    4      -7.199551e-03     384
                    5      -1.231132e-01     48
Symanzik 1x1 + 1x2 + 1x1x1 action
gauge_action: total_dyn_flavors = 3
loop coefficients: nloop rep loop_coeff  multiplicity
                    0 0      1.000000e+00     6
                    1 0      -7.762509e-02     12
                    2 0      -1.031171e-02     16
WARMUPS COMPLETED
CONGRAD5: time = 6.611109e-03 (fn F) masses = 1 iters = 4 mflops = 2.482048e+03
 OK converged final_rsq= 0.006 (cf 0.016) rel = 1 (cf 0) restarts = 1 iters= 4
CONGRAD5: time = 6.209850e-03 (fn F) masses = 1 iters = 4 mflops = 2.642429e+03
 OK converged final_rsq= 0.0059 (cf 0.016) rel = 1 (cf 0) restarts = 1 iters= 4
GFTIME:   time = 1.303740e-01 (Symanzik1) mflops = 4.055885e+03
FFTIME:  time = 4.657700e-01 (asqtad3) terms = 2 mflops = 3.220030e+03
CONGRAD5: time = 6.374121e-03 (fn F) masses = 1 iters = 4 mflops = 2.574330e+03
 OK converged final_rsq= 0.01 (cf 0.016) rel = 1 (cf 0) restarts = 1 iters= 4
CONGRAD5: time = 6.163120e-03 (fn F) masses = 1 iters = 4 mflops = 2.662464e+03
 OK converged final_rsq= 0.0098 (cf 0.016) rel = 1 (cf 0) restarts = 1 iters= 4
GFTIME:   time = 1.311359e-01 (Symanzik1) mflops = 4.032318e+03
FFTIME:  time = 4.663289e-01 (asqtad3) terms = 2 mflops = 3.216171e+03
CONGRAD5: time = 6.429911e-03 (fn F) masses = 1 iters = 4 mflops = 2.551993e+03
 OK converged final_rsq= 0.014 (cf 0.016) rel = 1 (cf 0) restarts = 1 iters= 4
CONGRAD5: time = 6.201982e-03 (fn F) masses = 1 iters = 4 mflops = 2.645781e+03
 OK converged final_rsq= 0.014 (cf 0.016) rel = 1 (cf 0) restarts = 1 iters= 4
GFTIME:   time = 1.288569e-01 (Symanzik1) mflops = 4.103636e+03
FFTIME:  time = 4.654739e-01 (asqtad3) terms = 2 mflops = 3.222078e+03
CONGRAD5: time = 6.368160e-03 (fn F) masses = 1 iters = 4 mflops = 2.576739e+03
 OK converged final_rsq= 0.013 (cf 0.016) rel = 1 (cf 0) restarts = 1 iters= 4
CONGRAD5: time = 6.152868e-03 (fn F) masses = 1 iters = 4 mflops = 2.666901e+03
 OK converged final_rsq= 0.013 (cf 0.016) rel = 1 (cf 0) restarts = 1 iters= 4
GFTIME:   time = 1.320689e-01 (Symanzik1) mflops = 4.003834e+03
FFTIME:  time = 4.662919e-01 (asqtad3) terms = 2 mflops = 3.216426e+03
CONGRAD5: time = 6.362915e-03 (fn F) masses = 1 iters = 4 mflops = 2.578863e+03
 OK converged final_rsq= 0.011 (cf 0.016) rel = 1 (cf 0) restarts = 1 iters= 4
CONGRAD5: time = 6.228924e-03 (fn F) masses = 1 iters = 4 mflops = 2.634338e+03
 OK converged final_rsq= 0.011 (cf 0.016) rel = 1 (cf 0) restarts = 1 iters= 4
GFTIME:   time = 1.293221e-01 (Symanzik1) mflops = 4.088876e+03
FFTIME:  time = 4.651470e-01 (asqtad3) terms = 2 mflops = 3.224343e+03
PLAQ:	2.349198	2.348190
P_LOOP:	2.786892e-03	-1.250431e-02
G_LOOP:  0  0  4   	2.348389e+00	( 0 1 7 6  )
G_LOOP:  0  1  4   	2.349309e+00	( 0 2 7 5  )
G_LOOP:  0  2  4   	2.348361e+00	( 0 3 7 4  )
G_LOOP:  0  3  4   	2.349895e+00	( 1 2 6 5  )
G_LOOP:  0  4  4   	2.348625e+00	( 1 3 6 4  )
G_LOOP:  0  5  4   	2.347583e+00	( 2 3 5 4  )
G_LOOP:  1  0  6   	1.773790e+00	( 0 0 1 7 7 6  )
G_LOOP:  1  1  6   	1.776646e+00	( 0 0 2 7 7 5  )
G_LOOP:  1  2  6   	1.774103e+00	( 0 0 3 7 7 4  )
G_LOOP:  1  3  6   	1.776491e+00	( 1 1 0 6 6 7  )
G_LOOP:  1  4  6   	1.777582e+00	( 1 1 2 6 6 5  )
G_LOOP:  1  5  6   	1.775662e+00	( 1 1 3 6 6 4  )
G_LOOP:  1  6  6   	1.775503e+00	( 2 2 0 5 5 7  )
G_LOOP:  1  7  6   	1.778237e+00	( 2 2 1 5 5 6  )
G_LOOP:  1  8  6   	1.771448e+00	( 2 2 3 5 5 4  )
G_LOOP:  1  9  6   	1.773505e+00	( 3 3 0 4 4 7  )
G_LOOP:  1  10  6   	1.774021e+00	( 3 3 1 4 4 6  )
G_LOOP:  1  11  6   	1.774669e+00	( 3 3 2 4 4 5  )
G_LOOP:  2  0  6   	1.825091e+00	( 0 1 2 7 6 5  )
G_LOOP:  2  1  6   	1.823287e+00	( 0 1 5 7 6 2  )
G_LOOP:  2  2  6   	1.821088e+00	( 0 6 2 7 1 5  )
G_LOOP:  2  3  6   	1.822105e+00	( 0 6 5 7 1 2  )
G_LOOP:  2  4  6   	1.824212e+00	( 0 1 3 7 6 4  )
G_LOOP:  2  5  6   	1.820812e+00	( 0 1 4 7 6 3  )
G_LOOP:  2  6  6   	1.819790e+00	( 0 6 3 7 1 4  )
G_LOOP:  2  7  6   	1.820252e+00	( 0 6 4 7 1 3  )
G_LOOP:  2  8  6   	1.823634e+00	( 0 2 3 7 5 4  )
G_LOOP:  2  9  6   	1.819915e+00	( 0 2 4 7 5 3  )
G_LOOP:  2  10  6   	1.821587e+00	( 0 5 3 7 2 4  )
G_LOOP:  2  11  6   	1.821800e+00	( 0 5 4 7 2 3  )
G_LOOP:  2  12  6   	1.820839e+00	( 1 2 3 6 5 4  )
G_LOOP:  2  13  6   	1.823189e+00	( 1 2 4 6 5 3  )
G_LOOP:  2  14  6   	1.819091e+00	( 1 5 3 6 2 4  )
G_LOOP:  2  15  6   	1.822278e+00	( 1 5 4 6 2 3  )
GACTION: 2.572492e+00
CONGRAD5: time = 6.567001e-03 (fn F) masses = 1 iters = 4 mflops = 2.498719e+03
 OK converged final_rsq= 0.01 (cf 0.016) rel = 1 (cf 0) restarts = 1 iters= 4
CONGRAD5: time = 8.162022e-03 (fn F) masses = 1 iters = 6 mflops = 3.015629e+03
 OK converged final_rsq= 0.0087 (cf 0.016) rel = 1 (cf 0) restarts = 1 iters= 6
PBP: mass 1.250000e-01     6.806275e-02  1.030895e-01  8.483080e-04  9.597723e-04 ( 1 of 1 )
FACTION: mass = 1.250000e-01,  1.463830e+00 ( 1 of 1 )
CONGRAD5: time = 6.351948e-03 (fn F) masses = 1 iters = 4 mflops = 2.583316e+03
 OK converged final_rsq= 0.01 (cf 0.016) rel = 1 (cf 0) restarts = 1 iters= 4
CONGRAD5: time = 8.059025e-03 (fn F) masses = 1 iters = 6 mflops = 3.054170e+03
 OK converged final_rsq= 0.0085 (cf 0.016) rel = 1 (cf 0) restarts = 1 iters= 6
PBP: mass 1.250000e-01     6.882193e-02  1.016555e-01  -1.014163e-03  -6.058347e-04 ( 1 of 1 )
FACTION: mass = 1.250000e-01,  1.471104e+00 ( 1 of 1 )
CONGRAD5: time = 6.361008e-03 (fn F) masses = 1 iters = 4 mflops = 2.579637e+03
 OK converged final_rsq= 0.011 (cf 0.016) rel = 1 (cf 0) restarts = 1 iters= 4
CONGRAD5: time = 6.206989e-03 (fn F) masses = 1 iters = 4 mflops = 2.643647e+03
 OK converged final_rsq= 0.011 (cf 0.016) rel = 1 (cf 0) restarts = 1 iters= 4
GFTIME:   time = 1.312890e-01 (Symanzik1) mflops = 4.027617e+03
FFTIME:  time = 4.652081e-01 (asqtad3) terms = 2 mflops = 3.223920e+03
CONGRAD5: time = 7.447958e-03 (fn F) masses = 1 iters = 5 mflops = 2.753958e+03
 OK converged final_rsq= 0.007 (cf 0.016) rel = 1 (cf 0) restarts = 1 iters= 5
CONGRAD5: time = 6.182909e-03 (fn F) masses = 1 iters = 4 mflops = 2.653943e+03
 OK converged final_rsq= 0.015 (cf 0.016) rel = 1 (cf 0) restarts = 1 iters= 4
GFTIME:   time = 1.299150e-01 (Symanzik1) mflops = 4.070214e+03
FFTIME:  time = 4.634910e-01 (asqtad3) terms = 2 mflops = 3.235863e+03
CONGRAD5: time = 7.316113e-03 (fn F) masses = 1 iters = 5 mflops = 2.803587e+03
 OK converged final_rsq= 0.0088 (cf 0.016) rel = 1 (cf 0) restarts = 1 iters= 5
CONGRAD5: time = 7.131100e-03 (fn F) masses = 1 iters = 5 mflops = 2.876325e+03
 OK converged final_rsq= 0.0085 (cf 0.016) rel = 1 (cf 0) restarts = 1 iters= 5
GFTIME:   time = 1.297281e-01 (Symanzik1) mflops = 4.076078e+03
FFTIME:  time = 4.667468e-01 (asqtad3) terms = 2 mflops = 3.213291e+03
CONGRAD5: time = 7.265091e-03 (fn F) masses = 1 iters = 5 mflops = 2.823276e+03
 OK converged final_rsq= 0.0085 (cf 0.016) rel = 1 (cf 0) restarts = 1 iters= 5
CONGRAD5: time = 7.235050e-03 (fn F) masses = 1 iters = 5 mflops = 2.834999e+03
 OK converged final_rsq= 0.0081 (cf 0.016) rel = 1 (cf 0) restarts = 1 iters= 5
GFTIME:   time = 1.309161e-01 (Symanzik1) mflops = 4.039089e+03
FFTIME:  time = 4.660249e-01 (asqtad3) terms = 2 mflops = 3.218269e+03
CONGRAD5: time = 6.350994e-03 (fn F) masses = 1 iters = 4 mflops = 2.583704e+03
 OK converged final_rsq= 0.016 (cf 0.016) rel = 1 (cf 0) restarts = 1 iters= 4
CONGRAD5: time = 6.183147e-03 (fn F) masses = 1 iters = 4 mflops = 2.653841e+03
 OK converged final_rsq= 0.015 (cf 0.016) rel = 1 (cf 0) restarts = 1 iters= 4
GFTIME:   time = 1.296461e-01 (Symanzik1) mflops = 4.078657e+03
FFTIME:  time = 4.654140e-01 (asqtad3) terms = 2 mflops = 3.222493e+03
PLAQ:	2.013451	2.012694
P_LOOP:	1.848458e-02	-2.834589e-03
G_LOOP:  0  0  4   	2.013605e+00	( 0 1 7 6  )
G_LOOP:  0  1  4   	2.012726e+00	( 0 2 7 5  )
G_LOOP:  0  2  4   	2.012660e+00	( 0 3 7 4  )
G_LOOP:  0  3  4   	2.014021e+00	( 1 2 6 5  )
G_LOOP:  0  4  4   	2.011083e+00	( 1 3 6 4  )
G_LOOP:  0  5  4   	2.014340e+00	( 2 3 5 4  )
G_LOOP:  1  0  6   	1.300613e+00	( 0 0 1 7 7 6  )
G_LOOP:  1  1  6   	1.300842e+00	( 0 0 2 7 7 5  )
G_LOOP:  1  2  6   	1.298253e+00	( 0 0 3 7 7 4  )
G_LOOP:  1  3  6   	1.302963e+00	( 1 1 0 6 6 7  )
G_LOOP:  1  4  6   	1.302157e+00	( 1 1 2 6 6 5  )
G_LOOP:  1  5  6   	1.297503e+00	( 1 1 3 6 6 4  )
G_LOOP:  1  6  6   	1.301427e+00	( 2 2 0 5 5 7  )
G_LOOP:  1  7  6   	1.304927e+00	( 2 2 1 5 5 6  )
G_LOOP:  1  8  6   	1.304792e+00	( 2 2 3 5 5 4  )
G_LOOP:  1  9  6   	1.298713e+00	( 3 3 0 4 4 7  )
G_LOOP:  1  10  6   	1.299108e+00	( 3 3 1 4 4 6  )
G_LOOP:  1  11  6   	1.299223e+00	( 3 3 2 4 4 5  )
G_LOOP:  2  0  6   	1.348445e+00	( 0 1 2 7 6 5  )
G_LOOP:  2  1  6   	1.343089e+00	( 0 1 5 7 6 2  )
G_LOOP:  2  2  6   	1.346329e+00	( 0 6 2 7 1 5  )
G_LOOP:  2  3  6   	1.345030e+00	( 0 6 5 7 1 2  )
G_LOOP:  2  4  6   	1.343380e+00	( 0 1 3 7 6 4  )
G_LOOP:  2  5  6   	1.344257e+00	( 0 1 4 7 6 3  )
G_LOOP:  2  6  6   	1.343157e+00	( 0 6 3 7 1 4  )
G_LOOP:  2  7  6   	1.342065e+00	( 0 6 4 7 1 3  )
G_LOOP:  2  8  6   	1.346172e+00	( 0 2 3 7 5 4  )
G_LOOP:  2  9  6   	1.342668e+00	( 0 2 4 7 5 3  )
G_LOOP:  2  10  6   	1.348706e+00	( 0 5 3 7 2 4  )
G_LOOP:  2  11  6   	1.343122e+00	( 0 5 4 7 2 3  )
G_LOOP:  2  12  6   	1.345732e+00	( 1 2 3 6 5 4  )
G_LOOP:  2  13  6   	1.341834e+00	( 1 2 4 6 5 3  )
G_LOOP:  2  14  6   	1.347041e+00	( 1 5 3 6 2 4  )
G_LOOP:  2  15  6   	1.345153e+00	( 1 5 4 6 2 3  )
GACTION: 4.065737e+00
CONGRAD5: time = 6.283998e-03 (fn F) masses = 1 iters = 4 mflops = 2.611250e+03
 OK converged final_rsq= 0.014 (cf 0.016) rel = 1 (cf 0) restarts = 1 iters= 4
CONGRAD5: time = 8.239031e-03 (fn F) masses = 1 iters = 6 mflops = 2.987443e+03
 OK converged final_rsq= 0.013 (cf 0.016) rel = 1 (cf 0) restarts = 1 iters= 6
PBP: mass 1.250000e-01     8.497467e-02  1.688522e-01  -5.301324e-04  -5.047567e-04 ( 1 of 1 )
FACTION: mass = 1.250000e-01,  1.446208e+00 ( 1 of 1 )
CONGRAD5: time = 6.242990e-03 (fn F) masses = 1 iters = 4 mflops = 2.628402e+03
 OK converged final_rsq= 0.014 (cf 0.016) rel = 1 (cf 0) restarts = 1 iters= 4
CONGRAD5: time = 8.181095e-03 (fn F) masses = 1 iters = 6 mflops = 3.008599e+03
 OK converged final_rsq= 0.013 (cf 0.016) rel = 1 (cf 0) restarts = 1 iters= 6
PBP: mass 1.250000e-01     8.481228e-02  1.712648e-01  2.146663e-03  2.408056e-03 ( 1 of 1 )
FACTION: mass = 1.250000e-01,  1.442460e+00 ( 1 of 1 )
CONGRAD5: time = 7.353067e-03 (fn F) masses = 1 iters = 5 mflops = 2.789497e+03
 OK converged final_rsq= 0.0075 (cf 0.016) rel = 1 (cf 0) restarts = 1 iters= 5
CONGRAD5: time = 6.205082e-03 (fn F) masses = 1 iters = 4 mflops = 2.644460e+03
 OK converged final_rsq= 0.016 (cf 0.016) rel = 1 (cf 0) restarts = 1 iters= 4
GFTIME:   time = 1.292589e-01 (Symanzik1) mflops = 4.090875e+03
FFTIME:  time = 4.666791e-01 (asqtad3) terms = 2 mflops = 3.213757e+03
CONGRAD5: time = 7.345915e-03 (fn F) masses = 1 iters = 5 mflops = 2.792213e+03
 OK converged final_rsq= 0.0092 (cf 0.016) rel = 1 (cf 0) restarts = 1 iters= 5
CONGRAD5: time = 7.105827e-03 (fn F) masses = 1 iters = 5 mflops = 2.886555e+03
 OK converged final_rsq= 0.0087 (cf 0.016) rel = 1 (cf 0) restarts = 1 iters= 5
GFTIME:   time = 1.301239e-01 (Symanzik1) mflops = 4.063681e+03
FFTIME:  time = 4.668891e-01 (asqtad3) terms = 2 mflops = 3.212312e+03
CONGRAD5: time = 7.365942e-03 (fn F) masses = 1 iters = 5 mflops = 2.784621e+03
 OK converged final_rsq= 0.011 (cf 0.016) rel = 1 (cf 0) restarts = 1 iters= 5
CONGRAD5: time = 7.191896e-03 (fn F) masses = 1 iters = 5 mflops = 2.852010e+03
 OK converged final_rsq= 0.01 (cf 0.016) rel = 1 (cf 0) restarts = 1 iters= 5
GFTIME:   time = 1.302891e-01 (Symanzik1) mflops = 4.058528e+03
FFTIME:  time = 4.670382e-01 (asqtad3) terms = 2 mflops = 3.211287e+03
CONGRAD5: time = 7.316113e-03 (fn F) masses = 1 iters = 5 mflops = 2.803587e+03
 OK converged final_rsq= 0.011 (cf 0.016) rel = 1 (cf 0) restarts = 1 iters= 5
CONGRAD5: time = 7.232904e-03 (fn F) masses = 1 iters = 5 mflops = 2.835840e+03
 OK converged final_rsq= 0.01 (cf 0.016) rel = 1 (cf 0) restarts = 1 iters= 5
GFTIME:   time = 1.320210e-01 (Symanzik1) mflops = 4.005287e+03
FFTIME:  time = 4.672961e-01 (asqtad3) terms = 2 mflops = 3.209514e+03
CONGRAD5: time = 7.407188e-03 (fn F) masses = 1 iters = 5 mflops = 2.769115e+03
 OK converged final_rsq= 0.0099 (cf 0.016) rel = 1 (cf 0) restarts = 1 iters= 5
CONGRAD5: time = 7.178068e-03 (fn F) masses = 1 iters = 5 mflops = 2.857504e+03
 OK converged final_rsq= 0.0095 (cf 0.016) rel = 1 (cf 0) restarts = 1 iters= 5
GFTIME:   time = 1.301401e-01 (Symanzik1) mflops = 4.063175e+03
FFTIME:  time = 4.647810e-01 (asqtad3) terms = 2 mflops = 3.226882e+03
PLAQ:	1.791483	1.792157
P_LOOP:	-5.625045e-03	-1.410870e-02
G_LOOP:  0  0  4   	1.791594e+00	( 0 1 7 6  )
G_LOOP:  0  1  4   	1.792323e+00	( 0 2 7 5  )
G_LOOP:  0  2  4   	1.792407e+00	( 0 3 7 4  )
G_LOOP:  0  3  4   	1.790532e+00	( 1 2 6 5  )
G_LOOP:  0  4  4   	1.793364e+00	( 1 3 6 4  )
G_LOOP:  0  5  4   	1.790701e+00	( 2 3 5 4  )
G_LOOP:  1  0  6   	1.025456e+00	( 0 0 1 7 7 6  )
G_LOOP:  1  1  6   	1.026012e+00	( 0 0 2 7 7 5  )
G_LOOP:  1  2  6   	1.024732e+00	( 0 0 3 7 7 4  )
G_LOOP:  1  3  6   	1.025410e+00	( 1 1 0 6 6 7  )
G_LOOP:  1  4  6   	1.024953e+00	( 1 1 2 6 6 5  )
G_LOOP:  1  5  6   	1.022938e+00	( 1 1 3 6 6 4  )
G_LOOP:  1  6  6   	1.024038e+00	( 2 2 0 5 5 7  )
G_LOOP:  1  7  6   	1.024894e+00	( 2 2 1 5 5 6  )
G_LOOP:  1  8  6   	1.022412e+00	( 2 2 3 5 5 4  )
G_LOOP:  1  9  6   	1.027185e+00	( 3 3 0 4 4 7  )
G_LOOP:  1  10  6   	1.025144e+00	( 3 3 1 4 4 6  )
G_LOOP:  1  11  6   	1.025040e+00	( 3 3 2 4 4 5  )
G_LOOP:  2  0  6   	1.061102e+00	( 0 1 2 7 6 5  )
G_LOOP:  2  1  6   	1.057245e+00	( 0 1 5 7 6 2  )
G_LOOP:  2  2  6   	1.056138e+00	( 0 6 2 7 1 5  )
G_LOOP:  2  3  6   	1.056679e+00	( 0 6 5 7 1 2  )
G_LOOP:  2  4  6   	1.053658e+00	( 0 1 3 7 6 4  )
G_LOOP:  2  5  6   	1.057752e+00	( 0 1 4 7 6 3  )
G_LOOP:  2  6  6   	1.058101e+00	( 0 6 3 7 1 4  )
G_LOOP:  2  7  6   	1.058884e+00	( 0 6 4 7 1 3  )
G_LOOP:  2  8  6   	1.056078e+00	( 0 2 3 7 5 4  )
G_LOOP:  2  9  6   	1.059393e+00	( 0 2 4 7 5 3  )
G_LOOP:  2  10  6   	1.057076e+00	( 0 5 3 7 2 4  )
G_LOOP:  2  11  6   	1.062819e+00	( 0 5 4 7 2 3  )
G_LOOP:  2  12  6   	1.057843e+00	( 1 2 3 6 5 4  )
G_LOOP:  2  13  6   	1.058616e+00	( 1 2 4 6 5 3  )
G_LOOP:  2  14  6   	1.053119e+00	( 1 5 3 6 2 4  )
G_LOOP:  2  15  6   	1.057944e+00	( 1 5 4 6 2 3  )
GACTION: 5.088764e+00
CONGRAD5: time = 7.230997e-03 (fn F) masses = 1 iters = 5 mflops = 2.836588e+03
 OK converged final_rsq= 0.0086 (cf 0.016) rel = 1 (cf 0) restarts = 1 iters= 5
CONGRAD5: time = 8.141994e-03 (fn F) masses = 1 iters = 6 mflops = 3.023047e+03
 OK converged final_rsq= 0.015 (cf 0.016) rel = 1 (cf 0) restarts = 1 iters= 6
PBP: mass 1.250000e-01     1.111279e-01  3.023810e-01  2.452463e-03  2.404104e-03 ( 1 of 1 )
FACTION: mass = 1.250000e-01,  1.456062e+00 ( 1 of 1 )
CONGRAD5: time = 7.226944e-03 (fn F) masses = 1 iters = 5 mflops = 2.838179e+03
 OK converged final_rsq= 0.0085 (cf 0.016) rel = 1 (cf 0) restarts = 1 iters= 5
CONGRAD5: time = 8.202076e-03 (fn F) masses = 1 iters = 6 mflops = 3.000903e+03
 OK converged final_rsq= 0.015 (cf 0.016) rel = 1 (cf 0) restarts = 1 iters= 6
PBP: mass 1.250000e-01     1.104930e-01  3.003512e-01  6.282960e-05  9.094552e-04 ( 1 of 1 )
FACTION: mass = 1.250000e-01,  1.455075e+00 ( 1 of 1 )
CONGRAD5: time = 7.305861e-03 (fn F) masses = 1 iters = 5 mflops = 2.807521e+03
 OK converged final_rsq= 0.01 (cf 0.016) rel = 1 (cf 0) restarts = 1 iters= 5
CONGRAD5: time = 7.268906e-03 (fn F) masses = 1 iters = 5 mflops = 2.821795e+03
 OK converged final_rsq= 0.0095 (cf 0.016) rel = 1 (cf 0) restarts = 1 iters= 5
GFTIME:   time = 1.331000e-01 (Symanzik1) mflops = 3.972815e+03
FFTIME:  time = 4.670238e-01 (asqtad3) terms = 2 mflops = 3.211385e+03
CONGRAD5: time = 7.311106e-03 (fn F) masses = 1 iters = 5 mflops = 2.805507e+03
 OK converged final_rsq= 0.011 (cf 0.016) rel = 1 (cf 0) restarts = 1 iters= 5
CONGRAD5: time = 7.164955e-03 (fn F) masses = 1 iters = 5 mflops = 2.862734e+03
 OK converged final_rsq= 0.011 (cf 0.016) rel = 1 (cf 0) restarts = 1 iters= 5
GFTIME:   time = 1.300220e-01 (Symanzik1) mflops = 4.066863e+03
FFTIME:  time = 4.659209e-01 (asqtad3) terms = 2 mflops = 3.218987e+03
CONGRAD5: time = 7.350922e-03 (fn F) masses = 1 iters = 5 mflops = 2.790311e+03
 OK converged final_rsq= 0.012 (cf 0.016) rel = 1 (cf 0) restarts = 1 iters= 5
CONGRAD5: time = 7.108927e-03 (fn F) masses = 1 iters = 5 mflops = 2.885296e+03
 OK converged final_rsq= 0.012 (cf 0.016) rel = 1 (cf 0) restarts = 1 iters= 5
GFTIME:   time = 1.301341e-01 (Symanzik1) mflops = 4.063361e+03
FFTIME:  time = 4.702768e-01 (asqtad3) terms = 2 mflops = 3.189171e+03
CONGRAD5: time = 7.398129e-03 (fn F) masses = 1 iters = 5 mflops = 2.772507e+03
 OK converged final_rsq= 0.012 (cf 0.016) rel = 1 (cf 0) restarts = 1 iters= 5
CONGRAD5: time = 7.275105e-03 (fn F) masses = 1 iters = 5 mflops = 2.819390e+03
 OK converged final_rsq= 0.012 (cf 0.016) rel = 1 (cf 0) restarts = 1 iters= 5
GFTIME:   time = 1.300950e-01 (Symanzik1) mflops = 4.064582e+03
FFTIME:  time = 4.664080e-01 (asqtad3) terms = 2 mflops = 3.215625e+03
CONGRAD5: time = 7.339954e-03 (fn F) masses = 1 iters = 5 mflops = 2.794481e+03
 OK converged final_rsq= 0.012 (cf 0.016) rel = 1 (cf 0) restarts = 1 iters= 5
CONGRAD5: time = 7.204056e-03 (fn F) masses = 1 iters = 5 mflops = 2.847196e+03
 OK converged final_rsq= 0.011 (cf 0.016) rel = 1 (cf 0) restarts = 1 iters= 5
GFTIME:   time = 1.303740e-01 (Symanzik1) mflops = 4.055885e+03
FFTIME:  time = 4.662189e-01 (asqtad3) terms = 2 mflops = 3.216929e+03
PLAQ:	1.645902	1.647369
P_LOOP:	-1.143113e-02	-2.267756e-03
G_LOOP:  0  0  4   	1.645709e+00	( 0 1 7 6  )
G_LOOP:  0  1  4   	1.644737e+00	( 0 2 7 5  )
G_LOOP:  0  2  4   	1.647218e+00	( 0 3 7 4  )
G_LOOP:  0  3  4   	1.647258e+00	( 1 2 6 5  )
G_LOOP:  0  4  4   	1.649003e+00	( 1 3 6 4  )
G_LOOP:  0  5  4   	1.645887e+00	( 2 3 5 4  )
G_LOOP:  1  0  6   	8.580218e-01	( 0 0 1 7 7 6  )
G_LOOP:  1  1  6   	8.541604e-01	( 0 0 2 7 7 5  )
G_LOOP:  1  2  6   	8.595779e-01	( 0 0 3 7 7 4  )
G_LOOP:  1  3  6   	8.582930e-01	( 1 1 0 6 6 7  )
G_LOOP:  1  4  6   	8.580090e-01	( 1 1 2 6 6 5  )
G_LOOP:  1  5  6   	8.579565e-01	( 1 1 3 6 6 4  )
G_LOOP:  1  6  6   	8.503308e-01	( 2 2 0 5 5 7  )
G_LOOP:  1  7  6   	8.559146e-01	( 2 2 1 5 5 6  )
G_LOOP:  1  8  6   	8.569176e-01	( 2 2 3 5 5 4  )
G_LOOP:  1  9  6   	8.593230e-01	( 3 3 0 4 4 7  )
G_LOOP:  1  10  6   	8.598535e-01	( 3 3 1 4 4 6  )
G_LOOP:  1  11  6   	8.616721e-01	( 3 3 2 4 4 5  )
G_LOOP:  2  0  6   	8.789153e-01	( 0 1 2 7 6 5  )
G_LOOP:  2  1  6   	8.791288e-01	( 0 1 5 7 6 2  )
G_LOOP:  2  2  6   	8.810073e-01	( 0 6 2 7 1 5  )
G_LOOP:  2  3  6   	8.768704e-01	( 0 6 5 7 1 2  )
G_LOOP:  2  4  6   	8.798489e-01	( 0 1 3 7 6 4  )
G_LOOP:  2  5  6   	8.801400e-01	( 0 1 4 7 6 3  )
G_LOOP:  2  6  6   	8.826417e-01	( 0 6 3 7 1 4  )
G_LOOP:  2  7  6   	8.788818e-01	( 0 6 4 7 1 3  )
G_LOOP:  2  8  6   	8.816597e-01	( 0 2 3 7 5 4  )
G_LOOP:  2  9  6   	8.763485e-01	( 0 2 4 7 5 3  )
G_LOOP:  2  10  6   	8.789559e-01	( 0 5 3 7 2 4  )
G_LOOP:  2  11  6   	8.814330e-01	( 0 5 4 7 2 3  )
G_LOOP:  2  12  6   	8.771350e-01	( 1 2 3 6 5 4  )
G_LOOP:  2  13  6   	8.797539e-01	( 1 2 4 6 5 3  )
G_LOOP:  2  14  6   	8.777674e-01	( 1 5 3 6 2 4  )
G_LOOP:  2  15  6   	8.827374e-01	( 1 5 4 6 2 3  )
GACTION: 5.774606e+00
CONGRAD5: time = 7.282972e-03 (fn F) masses = 1 iters = 5 mflops = 2.816345e+03
 OK converged final_rsq= 0.01 (cf 0.016) rel = 1 (cf 0) restarts = 1 iters= 5
CONGRAD5: time = 9.269953e-03 (fn F) masses = 1 iters = 7 mflops = 3.097740e+03
 OK converged final_rsq= 0.008 (cf 0.016) rel = 1 (cf 0) restarts = 1 iters= 7
PBP: mass 1.250000e-01     1.265012e-01  3.213337e-01  -2.075054e-03  -2.155931e-03 ( 1 of 1 )
FACTION: mass = 1.250000e-01,  1.436267e+00 ( 1 of 1 )
CONGRAD5: time = 7.117033e-03 (fn F) masses = 1 iters = 5 mflops = 2.882010e+03
 OK converged final_rsq= 0.01 (cf 0.016) rel = 1 (cf 0) restarts = 1 iters= 5
CONGRAD5: time = 9.224892e-03 (fn F) masses = 1 iters = 7 mflops = 3.112872e+03
 OK converged final_rsq= 0.0081 (cf 0.016) rel = 1 (cf 0) restarts = 1 iters= 7
PBP: mass 1.250000e-01     1.253157e-01  3.200521e-01  5.918009e-04  2.751183e-04 ( 1 of 1 )
FACTION: mass = 1.250000e-01,  1.432563e+00 ( 1 of 1 )
RUNNING COMPLETED
average cg iters for step= 1.100000e+01
Time = 1.822923e+01 seconds
total_iters = 550
Checksums 41e6b2b3 a5e7c44
Saved gauge configuration in parallel to binary file lat_p64_size128_1
Time stamp Fri Aug 19 02:42:15 2022
Wrote info file lat_p64_size128_1.info
Time to save = 3.857589e-02
CHECK PLAQ: 1.645902e+00 1.647369e+00
CHECK NERSC LINKTR: 1.706465e-01 CKSUM: 85c71d91


warms 0
trajecs 4
traj_between_meas 1
beta 5.6
mass1 0.01
mass2 0.01
u0 0.8441
microcanonical_time_step 0.02
steps_per_trajectory 15
max_cg_iterations 300
max_cg_restarts 5
error_per_site 1e-05
error_for_propagator 1e-05
npbp_reps 1
prec_pbp 1
reload_parallel lat_p64_size128_1
save_parallel lat_p64_size128_2
Restored binary gauge configuration in parallel from file lat_p64_size128_1
Time stamp Fri Aug 19 02:42:15 2022
Checksums 41e6b2b3 a5e7c44 OK
Time to reload gauge configuration = 2.217102e-02
CHECK PLAQ: 1.645902e+00 1.647369e+00
CHECK NERSC LINKTR: 1.706465e-01 CKSUM: 85c71d91
Unitarity checked.  Max deviation 2.98e-07
Time to check unitarity = 6.129742e-04
"O(a^2): couplings(pi)=0, Naik term, No O(a^2) errors, tadpole weights"
path coefficients: npath  path_coeff  multiplicity
                    0      6.250000e-01     8
                    1      -5.847914e-02     8
                    2      -8.771871e-02     48
                    3      3.077829e-02     192
                    4      -7.199551e-03     384
                    5      -1.231132e-01     48
Symanzik 1x1 + 1x2 + 1x1x1 action
gauge_action: total_dyn_flavors = 3
loop coefficients: nloop rep loop_coeff  multiplicity
                    0 0      1.000000e+00     6
                    1 0      -7.762509e-02     12
                    2 0      -1.031171e-02     16
WARMUPS COMPLETED
CONGRAD5: time = 5.878410e-01 (fn F) masses = 1 iters = 600 mflops = 4.187124e+03
 OK converged final_rsq= 9.6e-11 (cf 1e-10) rel = 1 (cf 0) restarts = 2 iters= 600
CONGRAD5: time = 5.872750e-01 (fn F) masses = 1 iters = 602 mflops = 4.205130e+03
 OK converged final_rsq= 7.3e-11 (cf 1e-10) rel = 1 (cf 0) restarts = 3 iters= 602
GFTIME:   time = 1.286421e-01 (Symanzik1) mflops = 4.110489e+03
FFTIME:  time = 4.683950e-01 (asqtad3) terms = 2 mflops = 3.201984e+03
CONGRAD5: time = 5.771699e-01 (fn F) masses = 1 iters = 591 mflops = 4.200570e+03
 OK converged final_rsq= 1e-10 (cf 1e-10) rel = 1 (cf 0) restarts = 2 iters= 591
CONGRAD5: time = 5.806611e-01 (fn F) masses = 1 iters = 593 mflops = 4.189445e+03
 OK converged final_rsq= 1e-10 (cf 1e-10) rel = 1 (cf 0) restarts = 2 iters= 593
GFTIME:   time = 1.320708e-01 (Symanzik1) mflops = 4.003776e+03
FFTIME:  time = 4.685202e-01 (asqtad3) terms = 2 mflops = 3.201129e+03
CONGRAD5: time = 5.833120e-01 (fn F) masses = 1 iters = 597 mflops = 4.198536e+03
 OK converged final_rsq= 4.9e-11 (cf 1e-10) rel = 1 (cf 0) restarts = 3 iters= 597
CONGRAD5: time = 5.489271e-01 (fn F) masses = 1 iters = 563 mflops = 4.207443e+03
 OK converged final_rsq= 4.9e-11 (cf 1e-10) rel = 1 (cf 0) restarts = 3 iters= 563
GFTIME:   time = 1.286709e-01 (Symanzik1) mflops = 4.109567e+03
FFTIME:  time = 4.674830e-01 (asqtad3) terms = 2 mflops = 3.208231e+03
CONGRAD5: time = 5.733778e-01 (fn F) masses = 1 iters = 590 mflops = 4.221196e+03
 OK converged final_rsq= 9.8e-11 (cf 1e-10) rel = 1 (cf 0) restarts = 2 iters= 590
CONGRAD5: time = 5.633111e-01 (fn F) masses = 1 iters = 578 mflops = 4.209243e+03
 OK converged final_rsq= 9.8e-11 (cf 1e-10) rel = 1 (cf 0) restarts = 2 iters= 578
GFTIME:   time = 1.288979e-01 (Symanzik1) mflops = 4.102331e+03
FFTIME:  time = 4.671600e-01 (asqtad3) terms = 2 mflops = 3.210449e+03
CONGRAD5: time = 5.894070e-01 (fn F) masses = 1 iters = 598 mflops = 4.162080e+03
 OK converged final_rsq= 9e-11 (cf 1e-10) rel = 1 (cf 0) restarts = 2 iters= 598
CONGRAD5: time = 5.469210e-01 (fn F) masses = 1 iters = 562 mflops = 4.215374e+03
 OK converged final_rsq= 9.9e-11 (cf 1e-10) rel = 1 (cf 0) restarts = 2 iters= 562
GFTIME:   time = 1.279888e-01 (Symanzik1) mflops = 4.131469e+03
FFTIME:  time = 4.657850e-01 (asqtad3) terms = 2 mflops = 3.219926e+03
CONGRAD5: time = 5.844870e-01 (fn F) masses = 1 iters = 600 mflops = 4.211152e+03
 OK converged final_rsq= 9.2e-11 (cf 1e-10) rel = 1 (cf 0) restarts = 2 iters= 600
CONGRAD5: time = 5.799632e-01 (fn F) masses = 1 iters = 594 mflops = 4.201559e+03
 OK converged final_rsq= 9.6e-11 (cf 1e-10) rel = 1 (cf 0) restarts = 2 iters= 594
GFTIME:   time = 1.327760e-01 (Symanzik1) mflops = 3.982510e+03
FFTIME:  time = 4.664130e-01 (asqtad3) terms = 2 mflops = 3.215591e+03
CONGRAD5: time = 5.736239e-01 (fn F) masses = 1 iters = 590 mflops = 4.219386e+03
 OK converged final_rsq= 9.8e-11 (cf 1e-10) rel = 1 (cf 0) restarts = 2 iters= 590
CONGRAD5: time = 5.760889e-01 (fn F) masses = 1 iters = 590 mflops = 4.201332e+03
 OK converged final_rsq= 9.7e-11 (cf 1e-10) rel = 1 (cf 0) restarts = 2 iters= 590
GFTIME:   time = 1.326978e-01 (Symanzik1) mflops = 3.984857e+03
FFTIME:  time = 4.666340e-01 (asqtad3) terms = 2 mflops = 3.214068e+03
CONGRAD5: time = 5.872140e-01 (fn F) masses = 1 iters = 602 mflops = 4.205567e+03
 OK converged final_rsq= 4.2e-11 (cf 1e-10) rel = 1 (cf 0) restarts = 3 iters= 602
CONGRAD5: time = 5.747440e-01 (fn F) masses = 1 iters = 590 mflops = 4.211163e+03
 OK converged final_rsq= 5e-11 (cf 1e-10) rel = 1 (cf 0) restarts = 3 iters= 590
GFTIME:   time = 1.311450e-01 (Symanzik1) mflops = 4.032040e+03
FFTIME:  time = 4.647322e-01 (asqtad3) terms = 2 mflops = 3.227221e+03
CONGRAD5: time = 5.865750e-01 (fn F) masses = 1 iters = 602 mflops = 4.210148e+03
 OK converged final_rsq= 4.8e-11 (cf 1e-10) rel = 1 (cf 0) restarts = 3 iters= 602
CONGRAD5: time = 5.746679e-01 (fn F) masses = 1 iters = 590 mflops = 4.211720e+03
 OK converged final_rsq= 9.8e-11 (cf 1e-10) rel = 1 (cf 0) restarts = 2 iters= 590
GFTIME:   time = 1.297681e-01 (Symanzik1) mflops = 4.074820e+03
FFTIME:  time = 4.665630e-01 (asqtad3) terms = 2 mflops = 3.214557e+03
CONGRAD5: time = 5.867760e-01 (fn F) masses = 1 iters = 602 mflops = 4.208706e+03
 OK converged final_rsq= 4.2e-11 (cf 1e-10) rel = 1 (cf 0) restarts = 3 iters= 602
CONGRAD5: time = 5.844600e-01 (fn F) masses = 1 iters = 600 mflops = 4.211346e+03
 OK converged final_rsq= 7.9e-11 (cf 1e-10) rel = 1 (cf 0) restarts = 2 iters= 600
GFTIME:   time = 1.278050e-01 (Symanzik1) mflops = 4.137411e+03
FFTIME:  time = 4.655550e-01 (asqtad3) terms = 2 mflops = 3.221517e+03
CONGRAD5: time = 5.846350e-01 (fn F) masses = 1 iters = 600 mflops = 4.210085e+03
 OK converged final_rsq= 8.4e-11 (cf 1e-10) rel = 1 (cf 0) restarts = 2 iters= 600
CONGRAD5: time = 5.832479e-01 (fn F) masses = 1 iters = 598 mflops = 4.206031e+03
 OK converged final_rsq= 9.2e-11 (cf 1e-10) rel = 1 (cf 0) restarts = 2 iters= 598
GFTIME:   time = 1.324091e-01 (Symanzik1) mflops = 3.993546e+03
FFTIME:  time = 4.785910e-01 (asqtad3) terms = 2 mflops = 3.133769e+03
CONGRAD5: time = 5.882800e-01 (fn F) masses = 1 iters = 598 mflops = 4.170053e+03
 OK converged final_rsq= 9.2e-11 (cf 1e-10) rel = 1 (cf 0) restarts = 2 iters= 598
CONGRAD5: time = 5.877540e-01 (fn F) masses = 1 iters = 600 mflops = 4.187744e+03
 OK converged final_rsq= 8.9e-11 (cf 1e-10) rel = 1 (cf 0) restarts = 2 iters= 600
GFTIME:   time = 1.302781e-01 (Symanzik1) mflops = 4.058869e+03
FFTIME:  time = 4.659581e-01 (asqtad3) terms = 2 mflops = 3.218730e+03
CONGRAD5: time = 5.886211e-01 (fn F) masses = 1 iters = 602 mflops = 4.195513e+03
 OK converged final_rsq= 5e-11 (cf 1e-10) rel = 1 (cf 0) restarts = 3 iters= 602
CONGRAD5: time = 5.845761e-01 (fn F) masses = 1 iters = 594 mflops = 4.168404e+03
 OK converged final_rsq= 4.9e-11 (cf 1e-10) rel = 1 (cf 0) restarts = 3 iters= 594
GFTIME:   time = 1.322629e-01 (Symanzik1) mflops = 3.997959e+03
FFTIME:  time = 4.653158e-01 (asqtad3) terms = 2 mflops = 3.223173e+03
CONGRAD5: time = 5.869660e-01 (fn F) masses = 1 iters = 602 mflops = 4.207344e+03
 OK converged final_rsq= 5.6e-11 (cf 1e-10) rel = 1 (cf 0) restarts = 3 iters= 602
CONGRAD5: time = 5.868380e-01 (fn F) masses = 1 iters = 600 mflops = 4.194280e+03
 OK converged final_rsq= 4.8e-11 (cf 1e-10) rel = 1 (cf 0) restarts = 3 iters= 600
GFTIME:   time = 1.340141e-01 (Symanzik1) mflops = 3.945717e+03
FFTIME:  time = 4.674230e-01 (asqtad3) terms = 2 mflops = 3.208643e+03
CONGRAD5: time = 5.849962e-01 (fn F) masses = 1 iters = 599 mflops = 4.200473e+03
 OK converged final_rsq= 1e-10 (cf 1e-10) rel = 1 (cf 0) restarts = 2 iters= 599
CONGRAD5: time = 5.866950e-01 (fn F) masses = 1 iters = 600 mflops = 4.195303e+03
 OK converged final_rsq= 9.6e-11 (cf 1e-10) rel = 1 (cf 0) restarts = 2 iters= 600
GFTIME:   time = 1.319680e-01 (Symanzik1) mflops = 4.006894e+03
FFTIME:  time = 4.658949e-01 (asqtad3) terms = 2 mflops = 3.219167e+03
PLAQ:	1.539870	1.540983
P_LOOP:	2.341213e-03	1.164436e-02
G_LOOP:  0  0  4   	1.542867e+00	( 0 1 7 6  )
G_LOOP:  0  1  4   	1.537272e+00	( 0 2 7 5  )
G_LOOP:  0  2  4   	1.541847e+00	( 0 3 7 4  )
G_LOOP:  0  3  4   	1.539470e+00	( 1 2 6 5  )
G_LOOP:  0  4  4   	1.541731e+00	( 1 3 6 4  )
G_LOOP:  0  5  4   	1.539371e+00	( 2 3 5 4  )
G_LOOP:  1  0  6   	7.833462e-01	( 0 0 1 7 7 6  )
G_LOOP:  1  1  6   	7.762624e-01	( 0 0 2 7 7 5  )
G_LOOP:  1  2  6   	7.838242e-01	( 0 0 3 7 7 4  )
G_LOOP:  1  3  6   	7.835679e-01	( 1 1 0 6 6 7  )
G_LOOP:  1  4  6   	7.791536e-01	( 1 1 2 6 6 5  )
G_LOOP:  1  5  6   	7.769763e-01	( 1 1 3 6 6 4  )
G_LOOP:  1  6  6   	7.748242e-01	( 2 2 0 5 5 7  )
G_LOOP:  1  7  6   	7.780153e-01	( 2 2 1 5 5 6  )
G_LOOP:  1  8  6   	7.802333e-01	( 2 2 3 5 5 4  )
G_LOOP:  1  9  6   	7.800279e-01	( 3 3 0 4 4 7  )
G_LOOP:  1  10  6   	7.797631e-01	( 3 3 1 4 4 6  )
G_LOOP:  1  11  6   	7.809500e-01	( 3 3 2 4 4 5  )
G_LOOP:  2  0  6   	7.992281e-01	( 0 1 2 7 6 5  )
G_LOOP:  2  1  6   	7.976546e-01	( 0 1 5 7 6 2  )
G_LOOP:  2  2  6   	8.026440e-01	( 0 6 2 7 1 5  )
G_LOOP:  2  3  6   	7.979111e-01	( 0 6 5 7 1 2  )
G_LOOP:  2  4  6   	8.020918e-01	( 0 1 3 7 6 4  )
G_LOOP:  2  5  6   	8.041203e-01	( 0 1 4 7 6 3  )
G_LOOP:  2  6  6   	8.028141e-01	( 0 6 3 7 1 4  )
G_LOOP:  2  7  6   	8.037676e-01	( 0 6 4 7 1 3  )
G_LOOP:  2  8  6   	7.983431e-01	( 0 2 3 7 5 4  )
G_LOOP:  2  9  6   	7.983456e-01	( 0 2 4 7 5 3  )
G_LOOP:  2  10  6   	7.998412e-01	( 0 5 3 7 2 4  )
G_LOOP:  2  11  6   	8.027047e-01	( 0 5 4 7 2 3  )
G_LOOP:  2  12  6   	7.993306e-01	( 1 2 3 6 5 4  )
G_LOOP:  2  13  6   	7.995266e-01	( 1 2 4 6 5 3  )
G_LOOP:  2  14  6   	7.962881e-01	( 1 5 3 6 2 4  )
G_LOOP:  2  15  6   	8.045871e-01	( 1 5 4 6 2 3  )
GACTION: 6.326396e+00
CONGRAD5: time = 5.843532e-01 (fn F) masses = 1 iters = 600 mflops = 4.212115e+03
 OK converged final_rsq= 8.3e-11 (cf 1e-10) rel = 1 (cf 0) restarts = 2 iters= 600
CONGRAD5: time = 9.705496e-02 (fn F) masses = 1 iters = 96 mflops = 4.057682e+03
 OK converged final_rsq= 9.8e-11 (cf 1e-10) rel = 1 (cf 0) restarts = 1 iters= 96
PBP: mass 1.000000e-02     3.354812e-02  4.058975e-02  -2.196691e-04  -2.219500e-04 ( 1 of 1 )
FACTION: mass = 1.000000e-02,  1.496073e+00 ( 1 of 1 )
CONGRAD5: time = 5.830929e-01 (fn F) masses = 1 iters = 599 mflops = 4.214184e+03
 OK converged final_rsq= 8.7e-11 (cf 1e-10) rel = 1 (cf 0) restarts = 2 iters= 599
CONGRAD5: time = 8.822083e-02 (fn F) masses = 1 iters = 88 mflops = 4.092003e+03
 OK converged final_rsq= 9.9e-11 (cf 1e-10) rel = 1 (cf 0) restarts = 1 iters= 88
PBP: mass 1.000000e-02     3.817999e-02  3.451439e-02  3.792468e-03  3.793978e-03 ( 1 of 1 )
FACTION: mass = 1.000000e-02,  1.499155e+00 ( 1 of 1 )
CONGRAD5: time = 5.835268e-01 (fn F) masses = 1 iters = 599 mflops = 4.211050e+03
 OK converged final_rsq= 9.5e-11 (cf 1e-10) rel = 1 (cf 0) restarts = 2 iters= 599
CONGRAD5: time = 5.895181e-01 (fn F) masses = 1 iters = 601 mflops = 4.182171e+03
 OK converged final_rsq= 4.8e-11 (cf 1e-10) rel = 1 (cf 0) restarts = 3 iters= 601
GFTIME:   time = 1.302719e-01 (Symanzik1) mflops = 4.059062e+03
FFTIME:  time = 4.670491e-01 (asqtad3) terms = 2 mflops = 3.211211e+03
CONGRAD5: time = 5.906889e-01 (fn F) masses = 1 iters = 602 mflops = 4.180826e+03
 OK converged final_rsq= 6.8e-11 (cf 1e-10) rel = 1 (cf 0) restarts = 3 iters= 602
CONGRAD5: time = 5.884349e-01 (fn F) masses = 1 iters = 602 mflops = 4.196841e+03
 OK converged final_rsq= 3.8e-11 (cf 1e-10) rel = 1 (cf 0) restarts = 3 iters= 602
GFTIME:   time = 1.294739e-01 (Symanzik1) mflops = 4.084080e+03
FFTIME:  time = 4.675491e-01 (asqtad3) terms = 2 mflops = 3.207777e+03
CONGRAD5: time = 5.846319e-01 (fn F) masses = 1 iters = 597 mflops = 4.189057e+03
 OK converged final_rsq= 9.7e-11 (cf 1e-10) rel = 1 (cf 0) restarts = 2 iters= 597
CONGRAD5: time = 5.858741e-01 (fn F) masses = 1 iters = 599 mflops = 4.194179e+03
 OK converged final_rsq= 9.4e-11 (cf 1e-10) rel = 1 (cf 0) restarts = 2 iters= 599
GFTIME:   time = 1.284380e-01 (Symanzik1) mflops = 4.117020e+03
FFTIME:  time = 4.680431e-01 (asqtad3) terms = 2 mflops = 3.204392e+03
CONGRAD5: time = 5.974629e-01 (fn F) masses = 1 iters = 602 mflops = 4.133424e+03
 OK converged final_rsq= 6.7e-11 (cf 1e-10) rel = 1 (cf 0) restarts = 3 iters= 602
CONGRAD5: time = 5.788660e-01 (fn F) masses = 1 iters = 594 mflops = 4.209523e+03
 OK converged final_rsq= 4.9e-11 (cf 1e-10) rel = 1 (cf 0) restarts = 3 iters= 594
GFTIME:   time = 1.298668e-01 (Symanzik1) mflops = 4.071723e+03
FFTIME:  time = 4.661369e-01 (asqtad3) terms = 2 mflops = 3.217495e+03
CONGRAD5: time = 5.880802e-01 (fn F) masses = 1 iters = 602 mflops = 4.199373e+03
 OK converged final_rsq= 4.3e-11 (cf 1e-10) rel = 1 (cf 0) restarts = 3 iters= 602
CONGRAD5: time = 5.865810e-01 (fn F) masses = 1 iters = 602 mflops = 4.210105e+03
 OK converged final_rsq= 4.2e-11 (cf 1e-10) rel = 1 (cf 0) restarts = 3 iters= 602
GFTIME:   time = 1.290650e-01 (Symanzik1) mflops = 4.097018e+03
FFTIME:  time = 4.647150e-01 (asqtad3) terms = 2 mflops = 3.227340e+03
CONGRAD5: time = 5.884621e-01 (fn F) masses = 1 iters = 602 mflops = 4.196647e+03
 OK converged final_rsq= 4.2e-11 (cf 1e-10) rel = 1 (cf 0) restarts = 3 iters= 602
CONGRAD5: time = 5.851009e-01 (fn F) masses = 1 iters = 599 mflops = 4.199722e+03
 OK converged final_rsq= 9.7e-11 (cf 1e-10) rel = 1 (cf 0) restarts = 2 iters= 599
GFTIME:   time = 1.296329e-01 (Symanzik1) mflops = 4.079070e+03
FFTIME:  time = 4.668460e-01 (asqtad3) terms = 2 mflops = 3.212609e+03
CONGRAD5: time = 5.861399e-01 (fn F) masses = 1 iters = 598 mflops = 4.185278e+03
 OK converged final_rsq= 9.1e-11 (cf 1e-10) rel = 1 (cf 0) restarts = 2 iters= 598
CONGRAD5: time = 5.867851e-01 (fn F) masses = 1 iters = 601 mflops = 4.201650e+03
 OK converged final_rsq= 4.8e-11 (cf 1e-10) rel = 1 (cf 0) restarts = 3 iters= 601
GFTIME:   time = 1.284871e-01 (Symanzik1) mflops = 4.115446e+03
FFTIME:  time = 4.675388e-01 (asqtad3) terms = 2 mflops = 3.207848e+03
CONGRAD5: time = 5.826831e-01 (fn F) masses = 1 iters = 597 mflops = 4.203068e+03
 OK converged final_rsq= 9.4e-11 (cf 1e-10) rel = 1 (cf 0) restarts = 2 iters= 597
CONGRAD5: time = 5.873079e-01 (fn F) masses = 1 iters = 600 mflops = 4.190925e+03
 OK converged final_rsq= 4.9e-11 (cf 1e-10) rel = 1 (cf 0) restarts = 3 iters= 600
GFTIME:   time = 1.296608e-01 (Symanzik1) mflops = 4.078192e+03
FFTIME:  time = 4.663460e-01 (asqtad3) terms = 2 mflops = 3.216053e+03
CONGRAD5: time = 5.904350e-01 (fn F) masses = 1 iters = 602 mflops = 4.182624e+03
 OK converged final_rsq= 6.7e-11 (cf 1e-10) rel = 1 (cf 0) restarts = 3 iters= 602
CONGRAD5: time = 5.766559e-01 (fn F) masses = 1 iters = 590 mflops = 4.197201e+03
 OK converged final_rsq= 9.8e-11 (cf 1e-10) rel = 1 (cf 0) restarts = 2 iters= 590
GFTIME:   time = 1.288331e-01 (Symanzik1) mflops = 4.104396e+03
FFTIME:  time = 4.669302e-01 (asqtad3) terms = 2 mflops = 3.212029e+03
CONGRAD5: time = 5.923839e-01 (fn F) masses = 1 iters = 602 mflops = 4.168864e+03
 OK converged final_rsq= 7.4e-11 (cf 1e-10) rel = 1 (cf 0) restarts = 3 iters= 602
CONGRAD5: time = 5.864129e-01 (fn F) masses = 1 iters = 600 mflops = 4.197321e+03
 OK converged final_rsq= 9.4e-11 (cf 1e-10) rel = 1 (cf 0) restarts = 2 iters= 600
GFTIME:   time = 1.336629e-01 (Symanzik1) mflops = 3.956084e+03
FFTIME:  time = 4.682000e-01 (asqtad3) terms = 2 mflops = 3.203318e+03
CONGRAD5: time = 5.843351e-01 (fn F) masses = 1 iters = 600 mflops = 4.212246e+03
 OK converged final_rsq= 8.7e-11 (cf 1e-10) rel = 1 (cf 0) restarts = 2 iters= 600
CONGRAD5: time = 5.880880e-01 (fn F) masses = 1 iters = 602 mflops = 4.199316e+03
 OK converged final_rsq= 4.7e-11 (cf 1e-10) rel = 1 (cf 0) restarts = 3 iters= 602
GFTIME:   time = 1.295609e-01 (Symanzik1) mflops = 4.081337e+03
FFTIME:  time = 4.663582e-01 (asqtad3) terms = 2 mflops = 3.215969e+03
CONGRAD5: time = 5.884781e-01 (fn F) masses = 1 iters = 602 mflops = 4.196533e+03
 OK converged final_rsq= 4.6e-11 (cf 1e-10) rel = 1 (cf 0) restarts = 3 iters= 602
CONGRAD5: time = 5.833950e-01 (fn F) masses = 1 iters = 598 mflops = 4.204970e+03
 OK converged final_rsq= 9.8e-11 (cf 1e-10) rel = 1 (cf 0) restarts = 2 iters= 598
GFTIME:   time = 1.283829e-01 (Symanzik1) mflops = 4.118786e+03
FFTIME:  time = 4.665930e-01 (asqtad3) terms = 2 mflops = 3.214350e+03
CONGRAD5: time = 5.885549e-01 (fn F) masses = 1 iters = 602 mflops = 4.195986e+03
 OK converged final_rsq= 7.9e-11 (cf 1e-10) rel = 1 (cf 0) restarts = 3 iters= 602
CONGRAD5: time = 5.861578e-01 (fn F) masses = 1 iters = 600 mflops = 4.199148e+03
 OK converged final_rsq= 9e-11 (cf 1e-10) rel = 1 (cf 0) restarts = 2 iters= 600
GFTIME:   time = 1.277509e-01 (Symanzik1) mflops = 4.139164e+03
FFTIME:  time = 4.667149e-01 (asqtad3) terms = 2 mflops = 3.213511e+03
CONGRAD5: time = 5.879450e-01 (fn F) masses = 1 iters = 602 mflops = 4.200338e+03
 OK converged final_rsq= 5.7e-11 (cf 1e-10) rel = 1 (cf 0) restarts = 3 iters= 602
CONGRAD5: time = 5.879810e-01 (fn F) masses = 1 iters = 602 mflops = 4.200081e+03
 OK converged final_rsq= 3.9e-11 (cf 1e-10) rel = 1 (cf 0) restarts = 3 iters= 602
GFTIME:   time = 1.276238e-01 (Symanzik1) mflops = 4.143285e+03
FFTIME:  time = 4.660640e-01 (asqtad3) terms = 2 mflops = 3.217999e+03
CONGRAD5: time = 5.895081e-01 (fn F) masses = 1 iters = 602 mflops = 4.189201e+03
 OK converged final_rsq= 6.6e-11 (cf 1e-10) rel = 1 (cf 0) restarts = 3 iters= 602
CONGRAD5: time = 6.006429e-01 (fn F) masses = 1 iters = 600 mflops = 4.097881e+03
 OK converged final_rsq= 8.2e-11 (cf 1e-10) rel = 1 (cf 0) restarts = 2 iters= 600
GFTIME:   time = 1.327939e-01 (Symanzik1) mflops = 3.981974e+03
FFTIME:  time = 4.673469e-01 (asqtad3) terms = 2 mflops = 3.209165e+03
PLAQ:	1.497886	1.500338
P_LOOP:	-1.391577e-02	-1.178132e-02
G_LOOP:  0  0  4   	1.500068e+00	( 0 1 7 6  )
G_LOOP:  0  1  4   	1.494129e+00	( 0 2 7 5  )
G_LOOP:  0  2  4   	1.501872e+00	( 0 3 7 4  )
G_LOOP:  0  3  4   	1.499460e+00	( 1 2 6 5  )
G_LOOP:  0  4  4   	1.499716e+00	( 1 3 6 4  )
G_LOOP:  0  5  4   	1.499427e+00	( 2 3 5 4  )
G_LOOP:  1  0  6   	7.443911e-01	( 0 0 1 7 7 6  )
G_LOOP:  1  1  6   	7.363440e-01	( 0 0 2 7 7 5  )
G_LOOP:  1  2  6   	7.451287e-01	( 0 0 3 7 7 4  )
G_LOOP:  1  3  6   	7.429316e-01	( 1 1 0 6 6 7  )
G_LOOP:  1  4  6   	7.374183e-01	( 1 1 2 6 6 5  )
G_LOOP:  1  5  6   	7.396254e-01	( 1 1 3 6 6 4  )
G_LOOP:  1  6  6   	7.350054e-01	( 2 2 0 5 5 7  )
G_LOOP:  1  7  6   	7.395602e-01	( 2 2 1 5 5 6  )
G_LOOP:  1  8  6   	7.422656e-01	( 2 2 3 5 5 4  )
G_LOOP:  1  9  6   	7.457821e-01	( 3 3 0 4 4 7  )
G_LOOP:  1  10  6   	7.440980e-01	( 3 3 1 4 4 6  )
G_LOOP:  1  11  6   	7.435065e-01	( 3 3 2 4 4 5  )
G_LOOP:  2  0  6   	7.580413e-01	( 0 1 2 7 6 5  )
G_LOOP:  2  1  6   	7.594399e-01	( 0 1 5 7 6 2  )
G_LOOP:  2  2  6   	7.602800e-01	( 0 6 2 7 1 5  )
G_LOOP:  2  3  6   	7.603390e-01	( 0 6 5 7 1 2  )
G_LOOP:  2  4  6   	7.621794e-01	( 0 1 3 7 6 4  )
G_LOOP:  2  5  6   	7.652648e-01	( 0 1 4 7 6 3  )
G_LOOP:  2  6  6   	7.622968e-01	( 0 6 3 7 1 4  )
G_LOOP:  2  7  6   	7.616749e-01	( 0 6 4 7 1 3  )
G_LOOP:  2  8  6   	7.563729e-01	( 0 2 3 7 5 4  )
G_LOOP:  2  9  6   	7.595969e-01	( 0 2 4 7 5 3  )
G_LOOP:  2  10  6   	7.609918e-01	( 0 5 3 7 2 4  )
G_LOOP:  2  11  6   	7.607973e-01	( 0 5 4 7 2 3  )
G_LOOP:  2  12  6   	7.604965e-01	( 1 2 3 6 5 4  )
G_LOOP:  2  13  6   	7.608241e-01	( 1 2 4 6 5 3  )
G_LOOP:  2  14  6   	7.583448e-01	( 1 5 3 6 2 4  )
G_LOOP:  2  15  6   	7.602719e-01	( 1 5 4 6 2 3  )
GACTION: 6.531885e+00
CONGRAD5: time = 5.861440e-01 (fn F) masses = 1 iters = 600 mflops = 4.199247e+03
 OK converged final_rsq= 8e-11 (cf 1e-10) rel = 1 (cf 0) restarts = 2 iters= 600
CONGRAD5: time = 8.756995e-02 (fn F) masses = 1 iters = 88 mflops = 4.122418e+03
 OK converged final_rsq= 1e-10 (cf 1e-10) rel = 1 (cf 0) restarts = 1 iters= 88
PBP: mass 1.000000e-02     3.617167e-02  4.242414e-02  8.969963e-03  8.972030e-03 ( 1 of 1 )
FACTION: mass = 1.000000e-02,  1.499519e+00 ( 1 of 1 )
CONGRAD5: time = 5.928769e-01 (fn F) masses = 1 iters = 602 mflops = 4.165397e+03
 OK converged final_rsq= 4.6e-11 (cf 1e-10) rel = 1 (cf 0) restarts = 3 iters= 602
CONGRAD5: time = 1.045880e-01 (fn F) masses = 1 iters = 104 mflops = 4.079208e+03
 OK converged final_rsq= 5e-11 (cf 1e-10) rel = 1 (cf 0) restarts = 2 iters= 104
PBP: mass 1.000000e-02     4.708103e-02  3.575377e-02  3.605491e-03  3.613895e-03 ( 1 of 1 )
FACTION: mass = 1.000000e-02,  1.498510e+00 ( 1 of 1 )
CONGRAD5: time = 5.916729e-01 (fn F) masses = 1 iters = 602 mflops = 4.173873e+03
 OK converged final_rsq= 6.5e-11 (cf 1e-10) rel = 1 (cf 0) restarts = 3 iters= 602
CONGRAD5: time = 5.897572e-01 (fn F) masses = 1 iters = 602 mflops = 4.187431e+03
 OK converged final_rsq= 6.2e-11 (cf 1e-10) rel = 1 (cf 0) restarts = 3 iters= 602
GFTIME:   time = 1.284239e-01 (Symanzik1) mflops = 4.117471e+03
FFTIME:  time = 4.660370e-01 (asqtad3) terms = 2 mflops = 3.218185e+03
CONGRAD5: time = 5.887671e-01 (fn F) masses = 1 iters = 602 mflops = 4.194473e+03
 OK converged final_rsq= 6e-11 (cf 1e-10) rel = 1 (cf 0) restarts = 3 iters= 602
CONGRAD5: time = 5.858819e-01 (fn F) masses = 1 iters = 600 mflops = 4.201125e+03
 OK converged final_rsq= 9.9e-11 (cf 1e-10) rel = 1 (cf 0) restarts = 2 iters= 600
GFTIME:   time = 1.284549e-01 (Symanzik1) mflops = 4.116478e+03
FFTIME:  time = 4.673569e-01 (asqtad3) terms = 2 mflops = 3.209096e+03
CONGRAD5: time = 5.967379e-01 (fn F) masses = 1 iters = 602 mflops = 4.138447e+03
 OK converged final_rsq= 5.5e-11 (cf 1e-10) rel = 1 (cf 0) restarts = 3 iters= 602
CONGRAD5: time = 5.874550e-01 (fn F) masses = 1 iters = 599 mflops = 4.182892e+03
 OK converged final_rsq= 9.2e-11 (cf 1e-10) rel = 1 (cf 0) restarts = 2 iters= 599
GFTIME:   time = 1.295788e-01 (Symanzik1) mflops = 4.080773e+03
FFTIME:  time = 4.665370e-01 (asqtad3) terms = 2 mflops = 3.214736e+03
CONGRAD5: time = 5.875611e-01 (fn F) masses = 1 iters = 602 mflops = 4.203082e+03
 OK converged final_rsq= 9.5e-11 (cf 1e-10) rel = 1 (cf 0) restarts = 3 iters= 602
CONGRAD5: time = 5.891500e-01 (fn F) masses = 1 iters = 602 mflops = 4.191747e+03
 OK converged final_rsq= 8.5e-11 (cf 1e-10) rel = 1 (cf 0) restarts = 3 iters= 602
GFTIME:   time = 1.290240e-01 (Symanzik1) mflops = 4.098321e+03
FFTIME:  time = 4.692302e-01 (asqtad3) terms = 2 mflops = 3.196285e+03
CONGRAD5: time = 5.897510e-01 (fn F) masses = 1 iters = 602 mflops = 4.187475e+03
 OK converged final_rsq= 5.4e-11 (cf 1e-10) rel = 1 (cf 0) restarts = 3 iters= 602
CONGRAD5: time = 5.878561e-01 (fn F) masses = 1 iters = 602 mflops = 4.200974e+03
 OK converged final_rsq= 6.4e-11 (cf 1e-10) rel = 1 (cf 0) restarts = 3 iters= 602
GFTIME:   time = 1.288970e-01 (Symanzik1) mflops = 4.102361e+03
FFTIME:  time = 4.667749e-01 (asqtad3) terms = 2 mflops = 3.213098e+03
CONGRAD5: time = 5.895860e-01 (fn F) masses = 1 iters = 602 mflops = 4.188647e+03
 OK converged final_rsq= 5.1e-11 (cf 1e-10) rel = 1 (cf 0) restarts = 3 iters= 602
CONGRAD5: time = 5.954850e-01 (fn F) masses = 1 iters = 602 mflops = 4.147154e+03
 OK converged final_rsq= 4.4e-11 (cf 1e-10) rel = 1 (cf 0) restarts = 3 iters= 602
GFTIME:   time = 1.289940e-01 (Symanzik1) mflops = 4.099275e+03
FFTIME:  time = 4.680400e-01 (asqtad3) terms = 2 mflops = 3.204413e+03
CONGRAD5: time = 5.890598e-01 (fn F) masses = 1 iters = 602 mflops = 4.192389e+03
 OK converged final_rsq= 7.2e-11 (cf 1e-10) rel = 1 (cf 0) restarts = 3 iters= 602
CONGRAD5: time = 5.913410e-01 (fn F) masses = 1 iters = 602 mflops = 4.176216e+03
 OK converged final_rsq= 3.9e-11 (cf 1e-10) rel = 1 (cf 0) restarts = 3 iters= 602
GFTIME:   time = 1.303751e-01 (Symanzik1) mflops = 4.055848e+03
FFTIME:  time = 4.677620e-01 (asqtad3) terms = 2 mflops = 3.206317e+03
CONGRAD5: time = 5.876770e-01 (fn F) masses = 1 iters = 602 mflops = 4.202254e+03
 OK converged final_rsq= 4.9e-11 (cf 1e-10) rel = 1 (cf 0) restarts = 3 iters= 602
CONGRAD5: time = 5.898499e-01 (fn F) masses = 1 iters = 602 mflops = 4.186773e+03
 OK converged final_rsq= 7e-11 (cf 1e-10) rel = 1 (cf 0) restarts = 3 iters= 602
GFTIME:   time = 1.286900e-01 (Symanzik1) mflops = 4.108958e+03
FFTIME:  time = 4.671121e-01 (asqtad3) terms = 2 mflops = 3.210779e+03
CONGRAD5: time = 5.868032e-01 (fn F) masses = 1 iters = 602 mflops = 4.208511e+03
 OK converged final_rsq= 9.4e-11 (cf 1e-10) rel = 1 (cf 0) restarts = 3 iters= 602
CONGRAD5: time = 5.894332e-01 (fn F) masses = 1 iters = 602 mflops = 4.189733e+03
 OK converged final_rsq= 7.1e-11 (cf 1e-10) rel = 1 (cf 0) restarts = 3 iters= 602
GFTIME:   time = 1.286490e-01 (Symanzik1) mflops = 4.110268e+03
FFTIME:  time = 4.707470e-01 (asqtad3) terms = 2 mflops = 3.185986e+03
CONGRAD5: time = 5.901549e-01 (fn F) masses = 1 iters = 602 mflops = 4.184610e+03
 OK converged final_rsq= 8.6e-11 (cf 1e-10) rel = 1 (cf 0) restarts = 3 iters= 602
CONGRAD5: time = 5.856681e-01 (fn F) masses = 1 iters = 600 mflops = 4.202659e+03
 OK converged final_rsq= 8.2e-11 (cf 1e-10) rel = 1 (cf 0) restarts = 2 iters= 600
GFTIME:   time = 1.296551e-01 (Symanzik1) mflops = 4.078372e+03
FFTIME:  time = 4.670460e-01 (asqtad3) terms = 2 mflops = 3.211233e+03
CONGRAD5: time = 5.893290e-01 (fn F) masses = 1 iters = 602 mflops = 4.190474e+03
 OK converged final_rsq= 7.3e-11 (cf 1e-10) rel = 1 (cf 0) restarts = 3 iters= 602
CONGRAD5: time = 5.865049e-01 (fn F) masses = 1 iters = 600 mflops = 4.196662e+03
 OK converged final_rsq= 9.7e-11 (cf 1e-10) rel = 1 (cf 0) restarts = 2 iters= 600
GFTIME:   time = 1.274581e-01 (Symanzik1) mflops = 4.148672e+03
FFTIME:  time = 4.654360e-01 (asqtad3) terms = 2 mflops = 3.222341e+03
CONGRAD5: time = 5.896401e-01 (fn F) masses = 1 iters = 602 mflops = 4.188263e+03
 OK converged final_rsq= 4.1e-11 (cf 1e-10) rel = 1 (cf 0) restarts = 3 iters= 602
CONGRAD5: time = 5.913532e-01 (fn F) masses = 1 iters = 602 mflops = 4.176130e+03
 OK converged final_rsq= 4.3e-11 (cf 1e-10) rel = 1 (cf 0) restarts = 3 iters= 602
GFTIME:   time = 1.329100e-01 (Symanzik1) mflops = 3.978495e+03
FFTIME:  time = 4.665611e-01 (asqtad3) terms = 2 mflops = 3.214570e+03
CONGRAD5: time = 6.563759e-01 (fn F) masses = 1 iters = 669 mflops = 4.181171e+03
 OK converged final_rsq= 9.9e-11 (cf 1e-10) rel = 1 (cf 0) restarts = 3 iters= 669
CONGRAD5: time = 5.919950e-01 (fn F) masses = 1 iters = 602 mflops = 4.171602e+03
 OK converged final_rsq= 6.7e-11 (cf 1e-10) rel = 1 (cf 0) restarts = 3 iters= 602
GFTIME:   time = 1.289170e-01 (Symanzik1) mflops = 4.101724e+03
FFTIME:  time = 4.670100e-01 (asqtad3) terms = 2 mflops = 3.211480e+03
CONGRAD5: time = 6.622100e-01 (fn F) masses = 1 iters = 676 mflops = 4.187699e+03
 OK converged final_rsq= 1e-10 (cf 1e-10) rel = 1 (cf 0) restarts = 3 iters= 676
CONGRAD5: time = 6.149690e-01 (fn F) masses = 1 iters = 602 mflops = 4.015760e+03
 OK converged final_rsq= 4.5e-11 (cf 1e-10) rel = 1 (cf 0) restarts = 3 iters= 602
GFTIME:   time = 1.305921e-01 (Symanzik1) mflops = 4.049110e+03
FFTIME:  time = 4.671249e-01 (asqtad3) terms = 2 mflops = 3.210690e+03
CONGRAD5: time = 6.641572e-01 (fn F) masses = 1 iters = 678 mflops = 4.187775e+03
 OK converged final_rsq= 9.8e-11 (cf 1e-10) rel = 1 (cf 0) restarts = 3 iters= 678
CONGRAD5: time = 5.876670e-01 (fn F) masses = 1 iters = 600 mflops = 4.188364e+03
 OK converged final_rsq= 9.1e-11 (cf 1e-10) rel = 1 (cf 0) restarts = 2 iters= 600
GFTIME:   time = 1.323280e-01 (Symanzik1) mflops = 3.995992e+03
FFTIME:  time = 4.668250e-01 (asqtad3) terms = 2 mflops = 3.212753e+03
PLAQ:	1.474744	1.476482
P_LOOP:	-2.052642e-02	-2.969863e-03
G_LOOP:  0  0  4   	1.475984e+00	( 0 1 7 6  )
G_LOOP:  0  1  4   	1.473090e+00	( 0 2 7 5  )
G_LOOP:  0  2  4   	1.479607e+00	( 0 3 7 4  )
G_LOOP:  0  3  4   	1.475158e+00	( 1 2 6 5  )
G_LOOP:  0  4  4   	1.475008e+00	( 1 3 6 4  )
G_LOOP:  0  5  4   	1.474829e+00	( 2 3 5 4  )
G_LOOP:  1  0  6   	7.184971e-01	( 0 0 1 7 7 6  )
G_LOOP:  1  1  6   	7.159353e-01	( 0 0 2 7 7 5  )
G_LOOP:  1  2  6   	7.240807e-01	( 0 0 3 7 7 4  )
G_LOOP:  1  3  6   	7.200422e-01	( 1 1 0 6 6 7  )
G_LOOP:  1  4  6   	7.173547e-01	( 1 1 2 6 6 5  )
G_LOOP:  1  5  6   	7.152072e-01	( 1 1 3 6 6 4  )
G_LOOP:  1  6  6   	7.124169e-01	( 2 2 0 5 5 7  )
G_LOOP:  1  7  6   	7.127769e-01	( 2 2 1 5 5 6  )
G_LOOP:  1  8  6   	7.156942e-01	( 2 2 3 5 5 4  )
G_LOOP:  1  9  6   	7.235363e-01	( 3 3 0 4 4 7  )
G_LOOP:  1  10  6   	7.168376e-01	( 3 3 1 4 4 6  )
G_LOOP:  1  11  6   	7.184888e-01	( 3 3 2 4 4 5  )
G_LOOP:  2  0  6   	7.309402e-01	( 0 1 2 7 6 5  )
G_LOOP:  2  1  6   	7.334683e-01	( 0 1 5 7 6 2  )
G_LOOP:  2  2  6   	7.358878e-01	( 0 6 2 7 1 5  )
G_LOOP:  2  3  6   	7.311164e-01	( 0 6 5 7 1 2  )
G_LOOP:  2  4  6   	7.339033e-01	( 0 1 3 7 6 4  )
G_LOOP:  2  5  6   	7.386881e-01	( 0 1 4 7 6 3  )
G_LOOP:  2  6  6   	7.380549e-01	( 0 6 3 7 1 4  )
G_LOOP:  2  7  6   	7.320259e-01	( 0 6 4 7 1 3  )
G_LOOP:  2  8  6   	7.381620e-01	( 0 2 3 7 5 4  )
G_LOOP:  2  9  6   	7.344164e-01	( 0 2 4 7 5 3  )
G_LOOP:  2  10  6   	7.362792e-01	( 0 5 3 7 2 4  )
G_LOOP:  2  11  6   	7.341192e-01	( 0 5 4 7 2 3  )
G_LOOP:  2  12  6   	7.332222e-01	( 1 2 3 6 5 4  )
G_LOOP:  2  13  6   	7.315865e-01	( 1 2 4 6 5 3  )
G_LOOP:  2  14  6   	7.331640e-01	( 1 5 3 6 2 4  )
G_LOOP:  2  15  6   	7.295510e-01	( 1 5 4 6 2 3  )
GACTION: 6.646384e+00
CONGRAD5: time = 5.854809e-01 (fn F) masses = 1 iters = 599 mflops = 4.196996e+03
 OK converged final_rsq= 1e-10 (cf 1e-10) rel = 1 (cf 0) restarts = 2 iters= 599
CONGRAD5: time = 9.070015e-02 (fn F) masses = 1 iters = 91 mflops = 4.115834e+03
 OK converged final_rsq= 1e-10 (cf 1e-10) rel = 1 (cf 0) restarts = 1 iters= 91
PBP: mass 1.000000e-02     4.339416e-02  3.936487e-02  7.421302e-03  7.418751e-03 ( 1 of 1 )
FACTION: mass = 1.000000e-02,  1.502066e+00 ( 1 of 1 )
CONGRAD5: time = 5.903840e-01 (fn F) masses = 1 iters = 602 mflops = 4.182986e+03
 OK converged final_rsq= 7.1e-11 (cf 1e-10) rel = 1 (cf 0) restarts = 3 iters= 602
CONGRAD5: time = 1.249580e-01 (fn F) masses = 1 iters = 126 mflops = 4.136479e+03
 OK converged final_rsq= 9.9e-11 (cf 1e-10) rel = 1 (cf 0) restarts = 1 iters= 126
PBP: mass 1.000000e-02     4.858556e-02  4.277414e-02  -1.701513e-03  -1.703251e-03 ( 1 of 1 )
FACTION: mass = 1.000000e-02,  1.501393e+00 ( 1 of 1 )
CONGRAD5: time = 6.159999e-01 (fn F) masses = 1 iters = 602 mflops = 4.009039e+03
 OK converged final_rsq= 8.2e-11 (cf 1e-10) rel = 1 (cf 0) restarts = 3 iters= 602
CONGRAD5: time = 5.905299e-01 (fn F) masses = 1 iters = 602 mflops = 4.181952e+03
 OK converged final_rsq= 5.4e-11 (cf 1e-10) rel = 1 (cf 0) restarts = 3 iters= 602
GFTIME:   time = 1.291730e-01 (Symanzik1) mflops = 4.093593e+03
FFTIME:  time = 4.663360e-01 (asqtad3) terms = 2 mflops = 3.216122e+03
CONGRAD5: time = 6.742508e-01 (fn F) masses = 1 iters = 683 mflops = 4.155504e+03
 OK converged final_rsq= 9.9e-11 (cf 1e-10) rel = 1 (cf 0) restarts = 3 iters= 683
CONGRAD5: time = 5.916979e-01 (fn F) masses = 1 iters = 602 mflops = 4.173697e+03
 OK converged final_rsq= 7.6e-11 (cf 1e-10) rel = 1 (cf 0) restarts = 3 iters= 602
GFTIME:   time = 1.293230e-01 (Symanzik1) mflops = 4.088846e+03
FFTIME:  time = 4.671850e-01 (asqtad3) terms = 2 mflops = 3.210277e+03
CONGRAD5: time = 5.919828e-01 (fn F) masses = 1 iters = 602 mflops = 4.171688e+03
 OK converged final_rsq= 6.9e-11 (cf 1e-10) rel = 1 (cf 0) restarts = 3 iters= 602
CONGRAD5: time = 5.907371e-01 (fn F) masses = 1 iters = 602 mflops = 4.180485e+03
 OK converged final_rsq= 7.2e-11 (cf 1e-10) rel = 1 (cf 0) restarts = 3 iters= 602
GFTIME:   time = 1.316938e-01 (Symanzik1) mflops = 4.015236e+03
FFTIME:  time = 4.658251e-01 (asqtad3) terms = 2 mflops = 3.219649e+03
CONGRAD5: time = 5.913968e-01 (fn F) masses = 1 iters = 602 mflops = 4.175822e+03
 OK converged final_rsq= 8.2e-11 (cf 1e-10) rel = 1 (cf 0) restarts = 3 iters= 602
CONGRAD5: time = 5.908661e-01 (fn F) masses = 1 iters = 602 mflops = 4.179573e+03
 OK converged final_rsq= 4.8e-11 (cf 1e-10) rel = 1 (cf 0) restarts = 3 iters= 602
GFTIME:   time = 1.294930e-01 (Symanzik1) mflops = 4.083478e+03
FFTIME:  time = 4.670281e-01 (asqtad3) terms = 2 mflops = 3.211356e+03
CONGRAD5: time = 6.469951e-01 (fn F) masses = 1 iters = 661 mflops = 4.191070e+03
 OK converged final_rsq= 9.9e-11 (cf 1e-10) rel = 1 (cf 0) restarts = 3 iters= 661
CONGRAD5: time = 5.913310e-01 (fn F) masses = 1 iters = 602 mflops = 4.176287e+03
 OK converged final_rsq= 8.3e-11 (cf 1e-10) rel = 1 (cf 0) restarts = 3 iters= 602
GFTIME:   time = 1.277421e-01 (Symanzik1) mflops = 4.139450e+03
FFTIME:  time = 4.666378e-01 (asqtad3) terms = 2 mflops = 3.214041e+03
CONGRAD5: time = 6.608222e-01 (fn F) masses = 1 iters = 674 mflops = 4.184078e+03
 OK converged final_rsq= 9.9e-11 (cf 1e-10) rel = 1 (cf 0) restarts = 3 iters= 674
CONGRAD5: time = 5.923262e-01 (fn F) masses = 1 iters = 602 mflops = 4.169270e+03
 OK converged final_rsq= 6.3e-11 (cf 1e-10) rel = 1 (cf 0) restarts = 3 iters= 602
GFTIME:   time = 1.276121e-01 (Symanzik1) mflops = 4.143665e+03
FFTIME:  time = 4.661231e-01 (asqtad3) terms = 2 mflops = 3.217591e+03
CONGRAD5: time = 5.911560e-01 (fn F) masses = 1 iters = 602 mflops = 4.177523e+03
 OK converged final_rsq= 9.3e-11 (cf 1e-10) rel = 1 (cf 0) restarts = 3 iters= 602
CONGRAD5: time = 5.900319e-01 (fn F) masses = 1 iters = 602 mflops = 4.185482e+03
 OK converged final_rsq= 5.5e-11 (cf 1e-10) rel = 1 (cf 0) restarts = 3 iters= 602
GFTIME:   time = 1.286640e-01 (Symanzik1) mflops = 4.109788e+03
FFTIME:  time = 4.674470e-01 (asqtad3) terms = 2 mflops = 3.208478e+03
CONGRAD5: time = 5.911160e-01 (fn F) masses = 1 iters = 602 mflops = 4.177806e+03
 OK converged final_rsq= 4.9e-11 (cf 1e-10) rel = 1 (cf 0) restarts = 3 iters= 602
CONGRAD5: time = 6.513081e-01 (fn F) masses = 1 iters = 666 mflops = 4.194809e+03
 OK converged final_rsq= 9.8e-11 (cf 1e-10) rel = 1 (cf 0) restarts = 3 iters= 666
GFTIME:   time = 1.323690e-01 (Symanzik1) mflops = 3.994755e+03
FFTIME:  time = 4.664130e-01 (asqtad3) terms = 2 mflops = 3.215591e+03
CONGRAD5: time = 6.491148e-01 (fn F) masses = 1 iters = 660 mflops = 4.171064e+03
 OK converged final_rsq= 5e-11 (cf 1e-10) rel = 1 (cf 0) restarts = 4 iters= 660
CONGRAD5: time = 5.897741e-01 (fn F) masses = 1 iters = 602 mflops = 4.187311e+03
 OK converged final_rsq= 4.4e-11 (cf 1e-10) rel = 1 (cf 0) restarts = 3 iters= 602
GFTIME:   time = 1.289442e-01 (Symanzik1) mflops = 4.100859e+03
FFTIME:  time = 4.670830e-01 (asqtad3) terms = 2 mflops = 3.210979e+03
CONGRAD5: time = 5.885370e-01 (fn F) masses = 1 iters = 602 mflops = 4.196113e+03
 OK converged final_rsq= 9e-11 (cf 1e-10) rel = 1 (cf 0) restarts = 3 iters= 602
CONGRAD5: time = 5.913630e-01 (fn F) masses = 1 iters = 602 mflops = 4.176061e+03
 OK converged final_rsq= 6.8e-11 (cf 1e-10) rel = 1 (cf 0) restarts = 3 iters= 602
GFTIME:   time = 1.289270e-01 (Symanzik1) mflops = 4.101405e+03
FFTIME:  time = 4.678922e-01 (asqtad3) terms = 2 mflops = 3.205425e+03
CONGRAD5: time = 7.025802e-01 (fn F) masses = 1 iters = 713 mflops = 4.163112e+03
 OK converged final_rsq= 9.9e-11 (cf 1e-10) rel = 1 (cf 0) restarts = 3 iters= 713
CONGRAD5: time = 5.944490e-01 (fn F) masses = 1 iters = 602 mflops = 4.154381e+03
 OK converged final_rsq= 5.9e-11 (cf 1e-10) rel = 1 (cf 0) restarts = 3 iters= 602
GFTIME:   time = 1.323011e-01 (Symanzik1) mflops = 3.996806e+03
FFTIME:  time = 4.677610e-01 (asqtad3) terms = 2 mflops = 3.206324e+03
CONGRAD5: time = 6.919601e-01 (fn F) masses = 1 iters = 708 mflops = 4.197364e+03
 OK converged final_rsq= 9.9e-11 (cf 1e-10) rel = 1 (cf 0) restarts = 3 iters= 708
CONGRAD5: time = 5.916660e-01 (fn F) masses = 1 iters = 602 mflops = 4.173922e+03
 OK converged final_rsq= 4.6e-11 (cf 1e-10) rel = 1 (cf 0) restarts = 3 iters= 602
GFTIME:   time = 1.280680e-01 (Symanzik1) mflops = 4.128915e+03
FFTIME:  time = 4.667799e-01 (asqtad3) terms = 2 mflops = 3.213063e+03
CONGRAD5: time = 5.912011e-01 (fn F) masses = 1 iters = 602 mflops = 4.177204e+03
 OK converged final_rsq= 5.7e-11 (cf 1e-10) rel = 1 (cf 0) restarts = 3 iters= 602
CONGRAD5: time = 6.646080e-01 (fn F) masses = 1 iters = 680 mflops = 4.197279e+03
 OK converged final_rsq= 9.9e-11 (cf 1e-10) rel = 1 (cf 0) restarts = 3 iters= 680
GFTIME:   time = 1.283879e-01 (Symanzik1) mflops = 4.118626e+03
FFTIME:  time = 4.667199e-01 (asqtad3) terms = 2 mflops = 3.213477e+03
CONGRAD5: time = 6.541641e-01 (fn F) masses = 1 iters = 666 mflops = 4.176495e+03
 OK converged final_rsq= 5e-11 (cf 1e-10) rel = 1 (cf 0) restarts = 4 iters= 666
CONGRAD5: time = 5.905530e-01 (fn F) masses = 1 iters = 602 mflops = 4.181788e+03
 OK converged final_rsq= 8.6e-11 (cf 1e-10) rel = 1 (cf 0) restarts = 3 iters= 602
GFTIME:   time = 1.295671e-01 (Symanzik1) mflops = 4.081141e+03
FFTIME:  time = 4.680350e-01 (asqtad3) terms = 2 mflops = 3.204447e+03
CONGRAD5: time = 6.908882e-01 (fn F) masses = 1 iters = 703 mflops = 4.174188e+03
 OK converged final_rsq= 1e-10 (cf 1e-10) rel = 1 (cf 0) restarts = 3 iters= 703
CONGRAD5: time = 6.902320e-01 (fn F) masses = 1 iters = 704 mflops = 4.184099e+03
 OK converged final_rsq= 5e-11 (cf 1e-10) rel = 1 (cf 0) restarts = 4 iters= 704
GFTIME:   time = 1.273181e-01 (Symanzik1) mflops = 4.153232e+03
FFTIME:  time = 4.670260e-01 (asqtad3) terms = 2 mflops = 3.211370e+03
PLAQ:	1.460193	1.460439
P_LOOP:	-5.681515e-03	1.470983e-02
G_LOOP:  0  0  4   	1.462860e+00	( 0 1 7 6  )
G_LOOP:  0  1  4   	1.459667e+00	( 0 2 7 5  )
G_LOOP:  0  2  4   	1.464225e+00	( 0 3 7 4  )
G_LOOP:  0  3  4   	1.458053e+00	( 1 2 6 5  )
G_LOOP:  0  4  4   	1.458102e+00	( 1 3 6 4  )
G_LOOP:  0  5  4   	1.458991e+00	( 2 3 5 4  )
G_LOOP:  1  0  6   	7.044114e-01	( 0 0 1 7 7 6  )
G_LOOP:  1  1  6   	7.001683e-01	( 0 0 2 7 7 5  )
G_LOOP:  1  2  6   	7.064534e-01	( 0 0 3 7 7 4  )
G_LOOP:  1  3  6   	7.046912e-01	( 1 1 0 6 6 7  )
G_LOOP:  1  4  6   	6.971760e-01	( 1 1 2 6 6 5  )
G_LOOP:  1  5  6   	6.963067e-01	( 1 1 3 6 6 4  )
G_LOOP:  1  6  6   	6.973758e-01	( 2 2 0 5 5 7  )
G_LOOP:  1  7  6   	6.981232e-01	( 2 2 1 5 5 6  )
G_LOOP:  1  8  6   	6.977841e-01	( 2 2 3 5 5 4  )
G_LOOP:  1  9  6   	7.051219e-01	( 3 3 0 4 4 7  )
G_LOOP:  1  10  6   	7.012289e-01	( 3 3 1 4 4 6  )
G_LOOP:  1  11  6   	6.983391e-01	( 3 3 2 4 4 5  )
G_LOOP:  2  0  6   	7.119569e-01	( 0 1 2 7 6 5  )
G_LOOP:  2  1  6   	7.136081e-01	( 0 1 5 7 6 2  )
G_LOOP:  2  2  6   	7.205864e-01	( 0 6 2 7 1 5  )
G_LOOP:  2  3  6   	7.129568e-01	( 0 6 5 7 1 2  )
G_LOOP:  2  4  6   	7.151807e-01	( 0 1 3 7 6 4  )
G_LOOP:  2  5  6   	7.179215e-01	( 0 1 4 7 6 3  )
G_LOOP:  2  6  6   	7.225979e-01	( 0 6 3 7 1 4  )
G_LOOP:  2  7  6   	7.152602e-01	( 0 6 4 7 1 3  )
G_LOOP:  2  8  6   	7.193233e-01	( 0 2 3 7 5 4  )
G_LOOP:  2  9  6   	7.155409e-01	( 0 2 4 7 5 3  )
G_LOOP:  2  10  6   	7.174311e-01	( 0 5 3 7 2 4  )
G_LOOP:  2  11  6   	7.158922e-01	( 0 5 4 7 2 3  )
G_LOOP:  2  12  6   	7.121399e-01	( 1 2 3 6 5 4  )
G_LOOP:  2  13  6   	7.112940e-01	( 1 2 4 6 5 3  )
G_LOOP:  2  14  6   	7.106608e-01	( 1 5 3 6 2 4  )
G_LOOP:  2  15  6   	7.096770e-01	( 1 5 4 6 2 3  )
GACTION: 6.719232e+00
CONGRAD5: time = 5.890689e-01 (fn F) masses = 1 iters = 602 mflops = 4.192324e+03
 OK converged final_rsq= 8.8e-11 (cf 1e-10) rel = 1 (cf 0) restarts = 3 iters= 602
CONGRAD5: time = 1.210899e-01 (fn F) masses = 1 iters = 122 mflops = 4.133103e+03
 OK converged final_rsq= 9.9e-11 (cf 1e-10) rel = 1 (cf 0) restarts = 1 iters= 122
PBP: mass 1.000000e-02     5.555199e-02  4.368940e-02  -4.331524e-03  -4.348939e-03 ( 1 of 1 )
FACTION: mass = 1.000000e-02,  1.501287e+00 ( 1 of 1 )
CONGRAD5: time = 5.985761e-01 (fn F) masses = 1 iters = 602 mflops = 4.125738e+03
 OK converged final_rsq= 6.4e-11 (cf 1e-10) rel = 1 (cf 0) restarts = 3 iters= 602
CONGRAD5: time = 1.103609e-01 (fn F) masses = 1 iters = 110 mflops = 4.088858e+03
 OK converged final_rsq= 1e-10 (cf 1e-10) rel = 1 (cf 0) restarts = 1 iters= 110
PBP: mass 1.000000e-02     5.376833e-02  4.562878e-02  -5.653563e-03  -5.648705e-03 ( 1 of 1 )
FACTION: mass = 1.000000e-02,  1.501514e+00 ( 1 of 1 )
RUNNING COMPLETED
average cg iters for step= 1.219000e+03
Time = 1.294022e+02 seconds
total_iters = 152537
Checksums 7bb45b68 d977e3c0
Saved gauge configuration in parallel to binary file lat_p64_size128_2
Time stamp Fri Aug 19 02:44:24 2022
Wrote info file lat_p64_size128_2.info
Time to save = 3.880501e-02
CHECK PLAQ: 1.460193e+00 1.460439e+00
CHECK NERSC LINKTR: 1.427689e-01 CKSUM: 5cf947c6


get_i(0): EOF on input.
Elapsed total time: 147.881446
exit: Fri Aug 19 02:44:24 2022

