SU3 with improved KS action
Microcanonical simulation with refreshing
R algorithm
MIMD version 7.8.1
Machine = MPI (portable), with 32 nodes
Host(0) = ault04.cscs.ch
Username = mcopik
Options selected...
Generic single precision
C_GLOBAL_INLINE
DBLSTORE_FN
D_FN_GATHER13
FEWSUMS
KS_MULTIFF=FNMAT
VECLENGTH=4
type 0 for no prompts, 1 for prompts, or 2 for proofreading
nflavors1 2
nflavors2 1
nx 16
ny 8
nz 8
nt 36
iseed 5682304
LAYOUT = Hypercubes, options = hyper_prime,
automatic hyper_prime layout
ON EACH NODE 4 x 4 x 8 x 9
Mallocing 1.1 MBytes per node for lattice
WARNING!!: Resetting random seed
Made lattice
Made nn gathers
Made 3nn gathers
Finished setup


warms 0
trajecs 4
traj_between_meas 1
beta 5.6
mass1 0.125
mass2 0.125
u0 0.8441
microcanonical_time_step 0.2
steps_per_trajectory 5
max_cg_iterations 100
max_cg_restarts 5
error_per_site 0.125
error_for_propagator 0.125
npbp_reps 1
prec_pbp 1
fresh 
save_parallel lat_p64_size64_1
unit gauge configuration loaded
CHECK PLAQ: 3.000000e+00 3.000000e+00
CHECK NERSC LINKTR: 1.000000e+00 CKSUM: 0
Unitarity checked.  Max deviation 0.00e+00
Time to check unitarity = 2.529621e-04
"O(a^2): couplings(pi)=0, Naik term, No O(a^2) errors, tadpole weights"
path coefficients: npath  path_coeff  multiplicity
                    0      6.250000e-01     8
                    1      -5.847914e-02     8
                    2      -8.771871e-02     48
                    3      3.077829e-02     192
                    4      -7.199551e-03     384
                    5      -1.231132e-01     48
Symanzik 1x1 + 1x2 + 1x1x1 action
gauge_action: total_dyn_flavors = 3
loop coefficients: nloop rep loop_coeff  multiplicity
                    0 0      1.000000e+00     6
                    1 0      -7.762509e-02     12
                    2 0      -1.031171e-02     16
WARMUPS COMPLETED
CONGRAD5: time = 2.276897e-03 (fn F) masses = 1 iters = 4 mflops = 2.402258e+03
 OK converged final_rsq= 0.0061 (cf 0.016) rel = 1 (cf 0) restarts = 1 iters= 4
CONGRAD5: time = 2.267122e-03 (fn F) masses = 1 iters = 4 mflops = 2.412616e+03
 OK converged final_rsq= 0.006 (cf 0.016) rel = 1 (cf 0) restarts = 1 iters= 4
GFTIME:   time = 4.072809e-02 (Symanzik1) mflops = 4.327740e+03
FFTIME:  time = 1.041241e-01 (asqtad3) terms = 2 mflops = 4.801302e+03
CONGRAD5: time = 2.201080e-03 (fn F) masses = 1 iters = 4 mflops = 2.485005e+03
 OK converged final_rsq= 0.01 (cf 0.016) rel = 1 (cf 0) restarts = 1 iters= 4
CONGRAD5: time = 2.089024e-03 (fn F) masses = 1 iters = 4 mflops = 2.618303e+03
 OK converged final_rsq= 0.0097 (cf 0.016) rel = 1 (cf 0) restarts = 1 iters= 4
GFTIME:   time = 4.086614e-02 (Symanzik1) mflops = 4.313121e+03
FFTIME:  time = 1.050429e-01 (asqtad3) terms = 2 mflops = 4.759303e+03
CONGRAD5: time = 2.143860e-03 (fn F) masses = 1 iters = 4 mflops = 2.551331e+03
 OK converged final_rsq= 0.014 (cf 0.016) rel = 1 (cf 0) restarts = 1 iters= 4
CONGRAD5: time = 2.142191e-03 (fn F) masses = 1 iters = 4 mflops = 2.553319e+03
 OK converged final_rsq= 0.014 (cf 0.016) rel = 1 (cf 0) restarts = 1 iters= 4
GFTIME:   time = 4.067302e-02 (Symanzik1) mflops = 4.333600e+03
FFTIME:  time = 1.038771e-01 (asqtad3) terms = 2 mflops = 4.812719e+03
CONGRAD5: time = 2.181053e-03 (fn F) masses = 1 iters = 4 mflops = 2.507823e+03
 OK converged final_rsq= 0.013 (cf 0.016) rel = 1 (cf 0) restarts = 1 iters= 4
CONGRAD5: time = 2.076864e-03 (fn F) masses = 1 iters = 4 mflops = 2.633632e+03
 OK converged final_rsq= 0.013 (cf 0.016) rel = 1 (cf 0) restarts = 1 iters= 4
GFTIME:   time = 4.079318e-02 (Symanzik1) mflops = 4.320835e+03
FFTIME:  time = 1.039829e-01 (asqtad3) terms = 2 mflops = 4.807819e+03
CONGRAD5: time = 2.143860e-03 (fn F) masses = 1 iters = 4 mflops = 2.551331e+03
 OK converged final_rsq= 0.011 (cf 0.016) rel = 1 (cf 0) restarts = 1 iters= 4
CONGRAD5: time = 2.131939e-03 (fn F) masses = 1 iters = 4 mflops = 2.565597e+03
 OK converged final_rsq= 0.011 (cf 0.016) rel = 1 (cf 0) restarts = 1 iters= 4
GFTIME:   time = 4.037404e-02 (Symanzik1) mflops = 4.365692e+03
FFTIME:  time = 1.047559e-01 (asqtad3) terms = 2 mflops = 4.772344e+03
PLAQ:	2.349601	2.349835
P_LOOP:	-8.084806e-03	8.713320e-03
G_LOOP:  0  0  4   	2.349396e+00	( 0 1 7 6  )
G_LOOP:  0  1  4   	2.350077e+00	( 0 2 7 5  )
G_LOOP:  0  2  4   	2.345959e+00	( 0 3 7 4  )
G_LOOP:  0  3  4   	2.349329e+00	( 1 2 6 5  )
G_LOOP:  0  4  4   	2.353793e+00	( 1 3 6 4  )
G_LOOP:  0  5  4   	2.349753e+00	( 2 3 5 4  )
G_LOOP:  1  0  6   	1.776418e+00	( 0 0 1 7 7 6  )
G_LOOP:  1  1  6   	1.775458e+00	( 0 0 2 7 7 5  )
G_LOOP:  1  2  6   	1.771841e+00	( 0 0 3 7 7 4  )
G_LOOP:  1  3  6   	1.776159e+00	( 1 1 0 6 6 7  )
G_LOOP:  1  4  6   	1.777992e+00	( 1 1 2 6 6 5  )
G_LOOP:  1  5  6   	1.780394e+00	( 1 1 3 6 6 4  )
G_LOOP:  1  6  6   	1.775600e+00	( 2 2 0 5 5 7  )
G_LOOP:  1  7  6   	1.773827e+00	( 2 2 1 5 5 6  )
G_LOOP:  1  8  6   	1.774903e+00	( 2 2 3 5 5 4  )
G_LOOP:  1  9  6   	1.766301e+00	( 3 3 0 4 4 7  )
G_LOOP:  1  10  6   	1.784863e+00	( 3 3 1 4 4 6  )
G_LOOP:  1  11  6   	1.775867e+00	( 3 3 2 4 4 5  )
G_LOOP:  2  0  6   	1.821945e+00	( 0 1 2 7 6 5  )
G_LOOP:  2  1  6   	1.820811e+00	( 0 1 5 7 6 2  )
G_LOOP:  2  2  6   	1.824942e+00	( 0 6 2 7 1 5  )
G_LOOP:  2  3  6   	1.822656e+00	( 0 6 5 7 1 2  )
G_LOOP:  2  4  6   	1.818289e+00	( 0 1 3 7 6 4  )
G_LOOP:  2  5  6   	1.824846e+00	( 0 1 4 7 6 3  )
G_LOOP:  2  6  6   	1.825465e+00	( 0 6 3 7 1 4  )
G_LOOP:  2  7  6   	1.821118e+00	( 0 6 4 7 1 3  )
G_LOOP:  2  8  6   	1.821953e+00	( 0 2 3 7 5 4  )
G_LOOP:  2  9  6   	1.817864e+00	( 0 2 4 7 5 3  )
G_LOOP:  2  10  6   	1.822062e+00	( 0 5 3 7 2 4  )
G_LOOP:  2  11  6   	1.817336e+00	( 0 5 4 7 2 3  )
G_LOOP:  2  12  6   	1.824341e+00	( 1 2 3 6 5 4  )
G_LOOP:  2  13  6   	1.819176e+00	( 1 2 4 6 5 3  )
G_LOOP:  2  14  6   	1.830293e+00	( 1 5 3 6 2 4  )
G_LOOP:  2  15  6   	1.827528e+00	( 1 5 4 6 2 3  )
GACTION: 2.567086e+00
CONGRAD5: time = 2.372026e-03 (fn F) masses = 1 iters = 4 mflops = 2.305917e+03
 OK converged final_rsq= 0.01 (cf 0.016) rel = 1 (cf 0) restarts = 1 iters= 4
CONGRAD5: time = 2.797842e-03 (fn F) masses = 1 iters = 6 mflops = 2.932454e+03
 OK converged final_rsq= 0.0078 (cf 0.016) rel = 1 (cf 0) restarts = 1 iters= 6
PBP: mass 1.250000e-01     6.951406e-02  1.076963e-01  -1.588555e-03  -2.674904e-03 ( 1 of 1 )
FACTION: mass = 1.250000e-01,  1.460881e+00 ( 1 of 1 )
CONGRAD5: time = 2.331018e-03 (fn F) masses = 1 iters = 4 mflops = 2.346483e+03
 OK converged final_rsq= 0.01 (cf 0.016) rel = 1 (cf 0) restarts = 1 iters= 4
CONGRAD5: time = 2.941132e-03 (fn F) masses = 1 iters = 6 mflops = 2.789588e+03
 OK converged final_rsq= 0.0082 (cf 0.016) rel = 1 (cf 0) restarts = 1 iters= 6
PBP: mass 1.250000e-01     6.688204e-02  1.132018e-01  2.818129e-03  3.788318e-03 ( 1 of 1 )
FACTION: mass = 1.250000e-01,  1.478037e+00 ( 1 of 1 )
CONGRAD5: time = 2.125025e-03 (fn F) masses = 1 iters = 4 mflops = 2.573945e+03
 OK converged final_rsq= 0.011 (cf 0.016) rel = 1 (cf 0) restarts = 1 iters= 4
CONGRAD5: time = 2.017021e-03 (fn F) masses = 1 iters = 4 mflops = 2.711769e+03
 OK converged final_rsq= 0.011 (cf 0.016) rel = 1 (cf 0) restarts = 1 iters= 4
GFTIME:   time = 4.034209e-02 (Symanzik1) mflops = 4.369149e+03
FFTIME:  time = 1.032350e-01 (asqtad3) terms = 2 mflops = 4.842651e+03
CONGRAD5: time = 2.575874e-03 (fn F) masses = 1 iters = 5 mflops = 2.654291e+03
 OK converged final_rsq= 0.0069 (cf 0.016) rel = 1 (cf 0) restarts = 1 iters= 5
CONGRAD5: time = 2.164841e-03 (fn F) masses = 1 iters = 4 mflops = 2.526604e+03
 OK converged final_rsq= 0.015 (cf 0.016) rel = 1 (cf 0) restarts = 1 iters= 4
GFTIME:   time = 4.111099e-02 (Symanzik1) mflops = 4.287433e+03
FFTIME:  time = 1.036749e-01 (asqtad3) terms = 2 mflops = 4.822104e+03
CONGRAD5: time = 2.456188e-03 (fn F) masses = 1 iters = 5 mflops = 2.783630e+03
 OK converged final_rsq= 0.0087 (cf 0.016) rel = 1 (cf 0) restarts = 1 iters= 5
CONGRAD5: time = 2.542973e-03 (fn F) masses = 1 iters = 5 mflops = 2.688633e+03
 OK converged final_rsq= 0.0084 (cf 0.016) rel = 1 (cf 0) restarts = 1 iters= 5
GFTIME:   time = 4.070878e-02 (Symanzik1) mflops = 4.329793e+03
FFTIME:  time = 1.046431e-01 (asqtad3) terms = 2 mflops = 4.777488e+03
CONGRAD5: time = 2.454042e-03 (fn F) masses = 1 iters = 5 mflops = 2.786064e+03
 OK converged final_rsq= 0.0084 (cf 0.016) rel = 1 (cf 0) restarts = 1 iters= 5
CONGRAD5: time = 2.465010e-03 (fn F) masses = 1 iters = 5 mflops = 2.773669e+03
 OK converged final_rsq= 0.0082 (cf 0.016) rel = 1 (cf 0) restarts = 1 iters= 5
GFTIME:   time = 4.082799e-02 (Symanzik1) mflops = 4.317151e+03
FFTIME:  time = 1.039591e-01 (asqtad3) terms = 2 mflops = 4.808922e+03
CONGRAD5: time = 2.146959e-03 (fn F) masses = 1 iters = 4 mflops = 2.547648e+03
 OK converged final_rsq= 0.015 (cf 0.016) rel = 1 (cf 0) restarts = 1 iters= 4
CONGRAD5: time = 2.228022e-03 (fn F) masses = 1 iters = 4 mflops = 2.454956e+03
 OK converged final_rsq= 0.015 (cf 0.016) rel = 1 (cf 0) restarts = 1 iters= 4
GFTIME:   time = 4.071403e-02 (Symanzik1) mflops = 4.329236e+03
FFTIME:  time = 1.041040e-01 (asqtad3) terms = 2 mflops = 4.802226e+03
PLAQ:	2.013172	2.017219
P_LOOP:	1.960852e-02	-2.494796e-02
G_LOOP:  0  0  4   	2.017202e+00	( 0 1 7 6  )
G_LOOP:  0  1  4   	2.013733e+00	( 0 2 7 5  )
G_LOOP:  0  2  4   	2.019144e+00	( 0 3 7 4  )
G_LOOP:  0  3  4   	2.008581e+00	( 1 2 6 5  )
G_LOOP:  0  4  4   	2.017523e+00	( 1 3 6 4  )
G_LOOP:  0  5  4   	2.014990e+00	( 2 3 5 4  )
G_LOOP:  1  0  6   	1.304672e+00	( 0 0 1 7 7 6  )
G_LOOP:  1  1  6   	1.302535e+00	( 0 0 2 7 7 5  )
G_LOOP:  1  2  6   	1.309334e+00	( 0 0 3 7 7 4  )
G_LOOP:  1  3  6   	1.308088e+00	( 1 1 0 6 6 7  )
G_LOOP:  1  4  6   	1.293703e+00	( 1 1 2 6 6 5  )
G_LOOP:  1  5  6   	1.305435e+00	( 1 1 3 6 6 4  )
G_LOOP:  1  6  6   	1.305355e+00	( 2 2 0 5 5 7  )
G_LOOP:  1  7  6   	1.297786e+00	( 2 2 1 5 5 6  )
G_LOOP:  1  8  6   	1.302078e+00	( 2 2 3 5 5 4  )
G_LOOP:  1  9  6   	1.310564e+00	( 3 3 0 4 4 7  )
G_LOOP:  1  10  6   	1.307580e+00	( 3 3 1 4 4 6  )
G_LOOP:  1  11  6   	1.308746e+00	( 3 3 2 4 4 5  )
G_LOOP:  2  0  6   	1.344830e+00	( 0 1 2 7 6 5  )
G_LOOP:  2  1  6   	1.341135e+00	( 0 1 5 7 6 2  )
G_LOOP:  2  2  6   	1.352155e+00	( 0 6 2 7 1 5  )
G_LOOP:  2  3  6   	1.342497e+00	( 0 6 5 7 1 2  )
G_LOOP:  2  4  6   	1.349918e+00	( 0 1 3 7 6 4  )
G_LOOP:  2  5  6   	1.355072e+00	( 0 1 4 7 6 3  )
G_LOOP:  2  6  6   	1.352955e+00	( 0 6 3 7 1 4  )
G_LOOP:  2  7  6   	1.354463e+00	( 0 6 4 7 1 3  )
G_LOOP:  2  8  6   	1.349836e+00	( 0 2 3 7 5 4  )
G_LOOP:  2  9  6   	1.344382e+00	( 0 2 4 7 5 3  )
G_LOOP:  2  10  6   	1.347910e+00	( 0 5 3 7 2 4  )
G_LOOP:  2  11  6   	1.345573e+00	( 0 5 4 7 2 3  )
G_LOOP:  2  12  6   	1.348588e+00	( 1 2 3 6 5 4  )
G_LOOP:  2  13  6   	1.343335e+00	( 1 2 4 6 5 3  )
G_LOOP:  2  14  6   	1.341432e+00	( 1 5 3 6 2 4  )
G_LOOP:  2  15  6   	1.347296e+00	( 1 5 4 6 2 3  )
GACTION: 4.056985e+00
CONGRAD5: time = 2.184868e-03 (fn F) masses = 1 iters = 4 mflops = 2.503445e+03
 OK converged final_rsq= 0.014 (cf 0.016) rel = 1 (cf 0) restarts = 1 iters= 4
CONGRAD5: time = 2.838135e-03 (fn F) masses = 1 iters = 6 mflops = 2.890823e+03
 OK converged final_rsq= 0.013 (cf 0.016) rel = 1 (cf 0) restarts = 1 iters= 6
PBP: mass 1.250000e-01     8.690378e-02  1.716741e-01  -2.287688e-03  -1.246880e-03 ( 1 of 1 )
FACTION: mass = 1.250000e-01,  1.453105e+00 ( 1 of 1 )
CONGRAD5: time = 2.017021e-03 (fn F) masses = 1 iters = 4 mflops = 2.711769e+03
 OK converged final_rsq= 0.014 (cf 0.016) rel = 1 (cf 0) restarts = 1 iters= 4
CONGRAD5: time = 2.943993e-03 (fn F) masses = 1 iters = 6 mflops = 2.786877e+03
 OK converged final_rsq= 0.013 (cf 0.016) rel = 1 (cf 0) restarts = 1 iters= 6
PBP: mass 1.250000e-01     9.176318e-02  1.607143e-01  -4.144179e-03  -3.913468e-03 ( 1 of 1 )
FACTION: mass = 1.250000e-01,  1.441279e+00 ( 1 of 1 )
CONGRAD5: time = 2.474070e-03 (fn F) masses = 1 iters = 5 mflops = 2.763512e+03
 OK converged final_rsq= 0.0074 (cf 0.016) rel = 1 (cf 0) restarts = 1 iters= 5
CONGRAD5: time = 2.090931e-03 (fn F) masses = 1 iters = 4 mflops = 2.615914e+03
 OK converged final_rsq= 0.015 (cf 0.016) rel = 1 (cf 0) restarts = 1 iters= 4
GFTIME:   time = 4.089117e-02 (Symanzik1) mflops = 4.310481e+03
FFTIME:  time = 1.038861e-01 (asqtad3) terms = 2 mflops = 4.812299e+03
CONGRAD5: time = 2.447128e-03 (fn F) masses = 1 iters = 5 mflops = 2.793936e+03
 OK converged final_rsq= 0.0094 (cf 0.016) rel = 1 (cf 0) restarts = 1 iters= 5
CONGRAD5: time = 2.526999e-03 (fn F) masses = 1 iters = 5 mflops = 2.705629e+03
 OK converged final_rsq= 0.0086 (cf 0.016) rel = 1 (cf 0) restarts = 1 iters= 5
GFTIME:   time = 4.061198e-02 (Symanzik1) mflops = 4.340113e+03
FFTIME:  time = 1.034179e-01 (asqtad3) terms = 2 mflops = 4.834088e+03
CONGRAD5: time = 2.472878e-03 (fn F) masses = 1 iters = 5 mflops = 2.764844e+03
 OK converged final_rsq= 0.011 (cf 0.016) rel = 1 (cf 0) restarts = 1 iters= 5
CONGRAD5: time = 2.463102e-03 (fn F) masses = 1 iters = 5 mflops = 2.775816e+03
 OK converged final_rsq= 0.01 (cf 0.016) rel = 1 (cf 0) restarts = 1 iters= 5
GFTIME:   time = 4.096985e-02 (Symanzik1) mflops = 4.302203e+03
FFTIME:  time = 1.042471e-01 (asqtad3) terms = 2 mflops = 4.795636e+03
CONGRAD5: time = 2.475023e-03 (fn F) masses = 1 iters = 5 mflops = 2.762447e+03
 OK converged final_rsq= 0.01 (cf 0.016) rel = 1 (cf 0) restarts = 1 iters= 5
CONGRAD5: time = 2.394915e-03 (fn F) masses = 1 iters = 5 mflops = 2.854849e+03
 OK converged final_rsq= 0.01 (cf 0.016) rel = 1 (cf 0) restarts = 1 iters= 5
GFTIME:   time = 4.080701e-02 (Symanzik1) mflops = 4.319371e+03
FFTIME:  time = 1.038768e-01 (asqtad3) terms = 2 mflops = 4.812730e+03
CONGRAD5: time = 2.482176e-03 (fn F) masses = 1 iters = 5 mflops = 2.754487e+03
 OK converged final_rsq= 0.01 (cf 0.016) rel = 1 (cf 0) restarts = 1 iters= 5
CONGRAD5: time = 2.534151e-03 (fn F) masses = 1 iters = 5 mflops = 2.697992e+03
 OK converged final_rsq= 0.0096 (cf 0.016) rel = 1 (cf 0) restarts = 1 iters= 5
GFTIME:   time = 4.081511e-02 (Symanzik1) mflops = 4.318513e+03
FFTIME:  time = 1.039379e-01 (asqtad3) terms = 2 mflops = 4.809904e+03
PLAQ:	1.794639	1.794439
P_LOOP:	2.967754e-02	-1.808640e-02
G_LOOP:  0  0  4   	1.799420e+00	( 0 1 7 6  )
G_LOOP:  0  1  4   	1.790888e+00	( 0 2 7 5  )
G_LOOP:  0  2  4   	1.793695e+00	( 0 3 7 4  )
G_LOOP:  0  3  4   	1.793609e+00	( 1 2 6 5  )
G_LOOP:  0  4  4   	1.798660e+00	( 1 3 6 4  )
G_LOOP:  0  5  4   	1.790963e+00	( 2 3 5 4  )
G_LOOP:  1  0  6   	1.039154e+00	( 0 0 1 7 7 6  )
G_LOOP:  1  1  6   	1.024794e+00	( 0 0 2 7 7 5  )
G_LOOP:  1  2  6   	1.023798e+00	( 0 0 3 7 7 4  )
G_LOOP:  1  3  6   	1.034941e+00	( 1 1 0 6 6 7  )
G_LOOP:  1  4  6   	1.029027e+00	( 1 1 2 6 6 5  )
G_LOOP:  1  5  6   	1.034595e+00	( 1 1 3 6 6 4  )
G_LOOP:  1  6  6   	1.022471e+00	( 2 2 0 5 5 7  )
G_LOOP:  1  7  6   	1.024796e+00	( 2 2 1 5 5 6  )
G_LOOP:  1  8  6   	1.018340e+00	( 2 2 3 5 5 4  )
G_LOOP:  1  9  6   	1.030807e+00	( 3 3 0 4 4 7  )
G_LOOP:  1  10  6   	1.039294e+00	( 3 3 1 4 4 6  )
G_LOOP:  1  11  6   	1.019778e+00	( 3 3 2 4 4 5  )
G_LOOP:  2  0  6   	1.053655e+00	( 0 1 2 7 6 5  )
G_LOOP:  2  1  6   	1.063683e+00	( 0 1 5 7 6 2  )
G_LOOP:  2  2  6   	1.062778e+00	( 0 6 2 7 1 5  )
G_LOOP:  2  3  6   	1.061709e+00	( 0 6 5 7 1 2  )
G_LOOP:  2  4  6   	1.061796e+00	( 0 1 3 7 6 4  )
G_LOOP:  2  5  6   	1.069225e+00	( 0 1 4 7 6 3  )
G_LOOP:  2  6  6   	1.062380e+00	( 0 6 3 7 1 4  )
G_LOOP:  2  7  6   	1.069684e+00	( 0 6 4 7 1 3  )
G_LOOP:  2  8  6   	1.057541e+00	( 0 2 3 7 5 4  )
G_LOOP:  2  9  6   	1.062605e+00	( 0 2 4 7 5 3  )
G_LOOP:  2  10  6   	1.055512e+00	( 0 5 3 7 2 4  )
G_LOOP:  2  11  6   	1.058250e+00	( 0 5 4 7 2 3  )
G_LOOP:  2  12  6   	1.062194e+00	( 1 2 3 6 5 4  )
G_LOOP:  2  13  6   	1.061215e+00	( 1 2 4 6 5 3  )
G_LOOP:  2  14  6   	1.058760e+00	( 1 5 3 6 2 4  )
G_LOOP:  2  15  6   	1.056663e+00	( 1 5 4 6 2 3  )
GACTION: 5.076400e+00
CONGRAD5: time = 2.485037e-03 (fn F) masses = 1 iters = 5 mflops = 2.751315e+03
 OK converged final_rsq= 0.0085 (cf 0.016) rel = 1 (cf 0) restarts = 1 iters= 5
CONGRAD5: time = 2.816916e-03 (fn F) masses = 1 iters = 6 mflops = 2.912599e+03
 OK converged final_rsq= 0.015 (cf 0.016) rel = 1 (cf 0) restarts = 1 iters= 6
PBP: mass 1.250000e-01     1.066392e-01  3.081026e-01  4.654740e-03  3.557145e-03 ( 1 of 1 )
FACTION: mass = 1.250000e-01,  1.448462e+00 ( 1 of 1 )
CONGRAD5: time = 2.434969e-03 (fn F) masses = 1 iters = 5 mflops = 2.807888e+03
 OK converged final_rsq= 0.0084 (cf 0.016) rel = 1 (cf 0) restarts = 1 iters= 5
CONGRAD5: time = 2.723932e-03 (fn F) masses = 1 iters = 6 mflops = 3.012022e+03
 OK converged final_rsq= 0.015 (cf 0.016) rel = 1 (cf 0) restarts = 1 iters= 6
PBP: mass 1.250000e-01     1.025752e-01  3.140966e-01  -6.163071e-04  -7.534923e-04 ( 1 of 1 )
FACTION: mass = 1.250000e-01,  1.444132e+00 ( 1 of 1 )
CONGRAD5: time = 2.470016e-03 (fn F) masses = 1 iters = 5 mflops = 2.768046e+03
 OK converged final_rsq= 0.0099 (cf 0.016) rel = 1 (cf 0) restarts = 1 iters= 5
CONGRAD5: time = 2.541065e-03 (fn F) masses = 1 iters = 5 mflops = 2.690651e+03
 OK converged final_rsq= 0.0096 (cf 0.016) rel = 1 (cf 0) restarts = 1 iters= 5
GFTIME:   time = 4.079199e-02 (Symanzik1) mflops = 4.320961e+03
FFTIME:  time = 1.057620e-01 (asqtad3) terms = 2 mflops = 4.726945e+03
CONGRAD5: time = 2.484798e-03 (fn F) masses = 1 iters = 5 mflops = 2.751579e+03
 OK converged final_rsq= 0.011 (cf 0.016) rel = 1 (cf 0) restarts = 1 iters= 5
CONGRAD5: time = 2.461910e-03 (fn F) masses = 1 iters = 5 mflops = 2.777161e+03
 OK converged final_rsq= 0.011 (cf 0.016) rel = 1 (cf 0) restarts = 1 iters= 5
GFTIME:   time = 4.062200e-02 (Symanzik1) mflops = 4.339044e+03
FFTIME:  time = 1.036861e-01 (asqtad3) terms = 2 mflops = 4.821583e+03
CONGRAD5: time = 2.563953e-03 (fn F) masses = 1 iters = 5 mflops = 2.666632e+03
 OK converged final_rsq= 0.012 (cf 0.016) rel = 1 (cf 0) restarts = 1 iters= 5
CONGRAD5: time = 2.671003e-03 (fn F) masses = 1 iters = 5 mflops = 2.559757e+03
 OK converged final_rsq= 0.012 (cf 0.016) rel = 1 (cf 0) restarts = 1 iters= 5
GFTIME:   time = 4.092884e-02 (Symanzik1) mflops = 4.306514e+03
FFTIME:  time = 1.036122e-01 (asqtad3) terms = 2 mflops = 4.825023e+03
CONGRAD5: time = 2.522945e-03 (fn F) masses = 1 iters = 5 mflops = 2.709975e+03
 OK converged final_rsq= 0.013 (cf 0.016) rel = 1 (cf 0) restarts = 1 iters= 5
CONGRAD5: time = 2.461910e-03 (fn F) masses = 1 iters = 5 mflops = 2.777161e+03
 OK converged final_rsq= 0.012 (cf 0.016) rel = 1 (cf 0) restarts = 1 iters= 5
GFTIME:   time = 4.084492e-02 (Symanzik1) mflops = 4.315362e+03
FFTIME:  time = 1.036990e-01 (asqtad3) terms = 2 mflops = 4.820985e+03
CONGRAD5: time = 2.516985e-03 (fn F) masses = 1 iters = 5 mflops = 2.716393e+03
 OK converged final_rsq= 0.012 (cf 0.016) rel = 1 (cf 0) restarts = 1 iters= 5
CONGRAD5: time = 2.467871e-03 (fn F) masses = 1 iters = 5 mflops = 2.770453e+03
 OK converged final_rsq= 0.011 (cf 0.016) rel = 1 (cf 0) restarts = 1 iters= 5
GFTIME:   time = 4.056191e-02 (Symanzik1) mflops = 4.345471e+03
FFTIME:  time = 1.043150e-01 (asqtad3) terms = 2 mflops = 4.792512e+03
PLAQ:	1.645792	1.643904
P_LOOP:	-8.197186e-03	5.077758e-02
G_LOOP:  0  0  4   	1.650007e+00	( 0 1 7 6  )
G_LOOP:  0  1  4   	1.645946e+00	( 0 2 7 5  )
G_LOOP:  0  2  4   	1.649325e+00	( 0 3 7 4  )
G_LOOP:  0  3  4   	1.641424e+00	( 1 2 6 5  )
G_LOOP:  0  4  4   	1.644123e+00	( 1 3 6 4  )
G_LOOP:  0  5  4   	1.638263e+00	( 2 3 5 4  )
G_LOOP:  1  0  6   	8.645052e-01	( 0 0 1 7 7 6  )
G_LOOP:  1  1  6   	8.604069e-01	( 0 0 2 7 7 5  )
G_LOOP:  1  2  6   	8.604076e-01	( 0 0 3 7 7 4  )
G_LOOP:  1  3  6   	8.649686e-01	( 1 1 0 6 6 7  )
G_LOOP:  1  4  6   	8.485101e-01	( 1 1 2 6 6 5  )
G_LOOP:  1  5  6   	8.500264e-01	( 1 1 3 6 6 4  )
G_LOOP:  1  6  6   	8.576334e-01	( 2 2 0 5 5 7  )
G_LOOP:  1  7  6   	8.497820e-01	( 2 2 1 5 5 6  )
G_LOOP:  1  8  6   	8.487023e-01	( 2 2 3 5 5 4  )
G_LOOP:  1  9  6   	8.548094e-01	( 3 3 0 4 4 7  )
G_LOOP:  1  10  6   	8.516216e-01	( 3 3 1 4 4 6  )
G_LOOP:  1  11  6   	8.489936e-01	( 3 3 2 4 4 5  )
G_LOOP:  2  0  6   	8.770076e-01	( 0 1 2 7 6 5  )
G_LOOP:  2  1  6   	8.790823e-01	( 0 1 5 7 6 2  )
G_LOOP:  2  2  6   	8.813909e-01	( 0 6 2 7 1 5  )
G_LOOP:  2  3  6   	8.765040e-01	( 0 6 5 7 1 2  )
G_LOOP:  2  4  6   	8.733976e-01	( 0 1 3 7 6 4  )
G_LOOP:  2  5  6   	8.860708e-01	( 0 1 4 7 6 3  )
G_LOOP:  2  6  6   	8.837483e-01	( 0 6 3 7 1 4  )
G_LOOP:  2  7  6   	8.815830e-01	( 0 6 4 7 1 3  )
G_LOOP:  2  8  6   	8.733226e-01	( 0 2 3 7 5 4  )
G_LOOP:  2  9  6   	8.755202e-01	( 0 2 4 7 5 3  )
G_LOOP:  2  10  6   	8.772982e-01	( 0 5 3 7 2 4  )
G_LOOP:  2  11  6   	8.789451e-01	( 0 5 4 7 2 3  )
G_LOOP:  2  12  6   	8.759352e-01	( 1 2 3 6 5 4  )
G_LOOP:  2  13  6   	8.759785e-01	( 1 2 4 6 5 3  )
G_LOOP:  2  14  6   	8.814232e-01	( 1 5 3 6 2 4  )
G_LOOP:  2  15  6   	8.648005e-01	( 1 5 4 6 2 3  )
GACTION: 5.782705e+00
CONGRAD5: time = 2.517939e-03 (fn F) masses = 1 iters = 5 mflops = 2.715364e+03
 OK converged final_rsq= 0.01 (cf 0.016) rel = 1 (cf 0) restarts = 1 iters= 5
CONGRAD5: time = 3.202915e-03 (fn F) masses = 1 iters = 7 mflops = 2.988517e+03
 OK converged final_rsq= 0.0081 (cf 0.016) rel = 1 (cf 0) restarts = 1 iters= 7
PBP: mass 1.250000e-01     1.244798e-01  3.169711e-01  -3.379830e-03  -2.741972e-03 ( 1 of 1 )
FACTION: mass = 1.250000e-01,  1.439485e+00 ( 1 of 1 )
CONGRAD5: time = 2.457142e-03 (fn F) masses = 1 iters = 5 mflops = 2.782550e+03
 OK converged final_rsq= 0.01 (cf 0.016) rel = 1 (cf 0) restarts = 1 iters= 5
CONGRAD5: time = 3.073931e-03 (fn F) masses = 1 iters = 7 mflops = 3.113918e+03
 OK converged final_rsq= 0.0083 (cf 0.016) rel = 1 (cf 0) restarts = 1 iters= 7
PBP: mass 1.250000e-01     1.328154e-01  3.117547e-01  -2.365459e-03  -1.909385e-03 ( 1 of 1 )
FACTION: mass = 1.250000e-01,  1.439103e+00 ( 1 of 1 )
RUNNING COMPLETED
average cg iters for step= 1.100000e+01
Time = 4.598921e+00 seconds
total_iters = 550
Checksums 27ed4bcd decec819
Saved gauge configuration in parallel to binary file lat_p64_size64_1
Time stamp Fri Aug 19 02:48:08 2022
Wrote info file lat_p64_size64_1.info
Time to save = 2.446103e-02
CHECK PLAQ: 1.645792e+00 1.643904e+00
CHECK NERSC LINKTR: 1.721335e-01 CKSUM: ec2a4db8


warms 0
trajecs 4
traj_between_meas 1
beta 5.6
mass1 0.01
mass2 0.01
u0 0.8441
microcanonical_time_step 0.02
steps_per_trajectory 15
max_cg_iterations 300
max_cg_restarts 5
error_per_site 1e-05
error_for_propagator 1e-05
npbp_reps 1
prec_pbp 1
reload_parallel lat_p64_size64_1
save_parallel lat_p64_size64_2
Restored binary gauge configuration in parallel from file lat_p64_size64_1
Time stamp Fri Aug 19 02:48:08 2022
Checksums 27ed4bcd decec819 OK
Time to reload gauge configuration = 9.817123e-03
CHECK PLAQ: 1.645792e+00 1.643904e+00
CHECK NERSC LINKTR: 1.721335e-01 CKSUM: ec2a4db8
Unitarity checked.  Max deviation 2.98e-07
Time to check unitarity = 1.578331e-04
"O(a^2): couplings(pi)=0, Naik term, No O(a^2) errors, tadpole weights"
path coefficients: npath  path_coeff  multiplicity
                    0      6.250000e-01     8
                    1      -5.847914e-02     8
                    2      -8.771871e-02     48
                    3      3.077829e-02     192
                    4      -7.199551e-03     384
                    5      -1.231132e-01     48
Symanzik 1x1 + 1x2 + 1x1x1 action
gauge_action: total_dyn_flavors = 3
loop coefficients: nloop rep loop_coeff  multiplicity
                    0 0      1.000000e+00     6
                    1 0      -7.762509e-02     12
                    2 0      -1.031171e-02     16
WARMUPS COMPLETED
CONGRAD5: time = 2.743099e-01 (fn F) masses = 1 iters = 833 mflops = 4.152472e+03
 OK converged final_rsq= 5e-11 (cf 1e-10) rel = 1 (cf 0) restarts = 4 iters= 833
CONGRAD5: time = 2.661390e-01 (fn F) masses = 1 iters = 808 mflops = 4.151509e+03
 OK converged final_rsq= 5e-11 (cf 1e-10) rel = 1 (cf 0) restarts = 4 iters= 808
GFTIME:   time = 4.121494e-02 (Symanzik1) mflops = 4.276619e+03
FFTIME:  time = 1.034710e-01 (asqtad3) terms = 2 mflops = 4.831604e+03
CONGRAD5: time = 2.572761e-01 (fn F) masses = 1 iters = 778 mflops = 4.135075e+03
 OK converged final_rsq= 5e-11 (cf 1e-10) rel = 1 (cf 0) restarts = 4 iters= 778
CONGRAD5: time = 2.553589e-01 (fn F) masses = 1 iters = 775 mflops = 4.150055e+03
 OK converged final_rsq= 5e-11 (cf 1e-10) rel = 1 (cf 0) restarts = 4 iters= 775
GFTIME:   time = 4.131413e-02 (Symanzik1) mflops = 4.266352e+03
FFTIME:  time = 1.032629e-01 (asqtad3) terms = 2 mflops = 4.841343e+03
CONGRAD5: time = 2.634180e-01 (fn F) masses = 1 iters = 800 mflops = 4.152865e+03
 OK converged final_rsq= 5e-11 (cf 1e-10) rel = 1 (cf 0) restarts = 4 iters= 800
CONGRAD5: time = 2.431090e-01 (fn F) masses = 1 iters = 739 mflops = 4.156680e+03
 OK converged final_rsq= 9.9e-11 (cf 1e-10) rel = 1 (cf 0) restarts = 3 iters= 739
GFTIME:   time = 4.144096e-02 (Symanzik1) mflops = 4.253294e+03
FFTIME:  time = 1.033580e-01 (asqtad3) terms = 2 mflops = 4.836887e+03
CONGRAD5: time = 2.508650e-01 (fn F) masses = 1 iters = 743 mflops = 4.049972e+03
 OK converged final_rsq= 5e-11 (cf 1e-10) rel = 1 (cf 0) restarts = 4 iters= 743
CONGRAD5: time = 2.604809e-01 (fn F) masses = 1 iters = 790 mflops = 4.147195e+03
 OK converged final_rsq= 4.9e-11 (cf 1e-10) rel = 1 (cf 0) restarts = 4 iters= 790
GFTIME:   time = 4.123592e-02 (Symanzik1) mflops = 4.274443e+03
FFTIME:  time = 1.033049e-01 (asqtad3) terms = 2 mflops = 4.839377e+03
CONGRAD5: time = 2.743859e-01 (fn F) masses = 1 iters = 835 mflops = 4.161289e+03
 OK converged final_rsq= 4.9e-11 (cf 1e-10) rel = 1 (cf 0) restarts = 4 iters= 835
CONGRAD5: time = 2.592289e-01 (fn F) masses = 1 iters = 788 mflops = 4.156674e+03
 OK converged final_rsq= 4.9e-11 (cf 1e-10) rel = 1 (cf 0) restarts = 4 iters= 788
GFTIME:   time = 4.120684e-02 (Symanzik1) mflops = 4.277460e+03
FFTIME:  time = 1.043861e-01 (asqtad3) terms = 2 mflops = 4.789250e+03
CONGRAD5: time = 2.451549e-01 (fn F) masses = 1 iters = 745 mflops = 4.155459e+03
 OK converged final_rsq= 5e-11 (cf 1e-10) rel = 1 (cf 0) restarts = 4 iters= 745
CONGRAD5: time = 2.576721e-01 (fn F) masses = 1 iters = 782 mflops = 4.149947e+03
 OK converged final_rsq= 5e-11 (cf 1e-10) rel = 1 (cf 0) restarts = 4 iters= 782
GFTIME:   time = 4.118204e-02 (Symanzik1) mflops = 4.280036e+03
FFTIME:  time = 1.035309e-01 (asqtad3) terms = 2 mflops = 4.828812e+03
CONGRAD5: time = 2.550719e-01 (fn F) masses = 1 iters = 776 mflops = 4.160086e+03
 OK converged final_rsq= 5e-11 (cf 1e-10) rel = 1 (cf 0) restarts = 4 iters= 776
CONGRAD5: time = 2.441709e-01 (fn F) masses = 1 iters = 748 mflops = 4.189005e+03
 OK converged final_rsq= 9.9e-11 (cf 1e-10) rel = 1 (cf 0) restarts = 3 iters= 748
GFTIME:   time = 4.121709e-02 (Symanzik1) mflops = 4.276396e+03
FFTIME:  time = 1.037810e-01 (asqtad3) terms = 2 mflops = 4.817175e+03
CONGRAD5: time = 2.584481e-01 (fn F) masses = 1 iters = 788 mflops = 4.169232e+03
 OK converged final_rsq= 5e-11 (cf 1e-10) rel = 1 (cf 0) restarts = 4 iters= 788
CONGRAD5: time = 2.550991e-01 (fn F) masses = 1 iters = 776 mflops = 4.159643e+03
 OK converged final_rsq= 5e-11 (cf 1e-10) rel = 1 (cf 0) restarts = 4 iters= 776
GFTIME:   time = 4.124904e-02 (Symanzik1) mflops = 4.273084e+03
FFTIME:  time = 1.033900e-01 (asqtad3) terms = 2 mflops = 4.835393e+03
CONGRAD5: time = 2.535439e-01 (fn F) masses = 1 iters = 774 mflops = 4.174371e+03
 OK converged final_rsq= 9.9e-11 (cf 1e-10) rel = 1 (cf 0) restarts = 3 iters= 774
CONGRAD5: time = 2.565680e-01 (fn F) masses = 1 iters = 781 mflops = 4.162477e+03
 OK converged final_rsq= 9.9e-11 (cf 1e-10) rel = 1 (cf 0) restarts = 3 iters= 781
GFTIME:   time = 4.118800e-02 (Symanzik1) mflops = 4.279416e+03
FFTIME:  time = 1.032231e-01 (asqtad3) terms = 2 mflops = 4.843211e+03
CONGRAD5: time = 2.455590e-01 (fn F) masses = 1 iters = 748 mflops = 4.165326e+03
 OK converged final_rsq= 5e-11 (cf 1e-10) rel = 1 (cf 0) restarts = 4 iters= 748
CONGRAD5: time = 2.481709e-01 (fn F) masses = 1 iters = 754 mflops = 4.154548e+03
 OK converged final_rsq= 5e-11 (cf 1e-10) rel = 1 (cf 0) restarts = 4 iters= 754
GFTIME:   time = 4.116583e-02 (Symanzik1) mflops = 4.281721e+03
FFTIME:  time = 1.037419e-01 (asqtad3) terms = 2 mflops = 4.818990e+03
CONGRAD5: time = 2.533062e-01 (fn F) masses = 1 iters = 773 mflops = 4.172890e+03
 OK converged final_rsq= 5e-11 (cf 1e-10) rel = 1 (cf 0) restarts = 4 iters= 773
CONGRAD5: time = 2.515209e-01 (fn F) masses = 1 iters = 766 mflops = 4.164453e+03
 OK converged final_rsq= 5e-11 (cf 1e-10) rel = 1 (cf 0) restarts = 4 iters= 766
GFTIME:   time = 4.125595e-02 (Symanzik1) mflops = 4.272368e+03
FFTIME:  time = 1.037960e-01 (asqtad3) terms = 2 mflops = 4.816478e+03
CONGRAD5: time = 2.485149e-01 (fn F) masses = 1 iters = 758 mflops = 4.170806e+03
 OK converged final_rsq= 1e-10 (cf 1e-10) rel = 1 (cf 0) restarts = 3 iters= 758
CONGRAD5: time = 2.452850e-01 (fn F) masses = 1 iters = 750 mflops = 4.181127e+03
 OK converged final_rsq= 1e-10 (cf 1e-10) rel = 1 (cf 0) restarts = 3 iters= 750
GFTIME:   time = 4.145789e-02 (Symanzik1) mflops = 4.251557e+03
FFTIME:  time = 1.039472e-01 (asqtad3) terms = 2 mflops = 4.809474e+03
CONGRAD5: time = 2.738991e-01 (fn F) masses = 1 iters = 835 mflops = 4.168685e+03
 OK converged final_rsq= 5e-11 (cf 1e-10) rel = 1 (cf 0) restarts = 4 iters= 835
CONGRAD5: time = 2.438722e-01 (fn F) masses = 1 iters = 738 mflops = 4.138065e+03
 OK converged final_rsq= 5e-11 (cf 1e-10) rel = 1 (cf 0) restarts = 4 iters= 738
GFTIME:   time = 4.122519e-02 (Symanzik1) mflops = 4.275555e+03
FFTIME:  time = 1.039269e-01 (asqtad3) terms = 2 mflops = 4.810411e+03
CONGRAD5: time = 2.624390e-01 (fn F) masses = 1 iters = 791 mflops = 4.121462e+03
 OK converged final_rsq= 5e-11 (cf 1e-10) rel = 1 (cf 0) restarts = 4 iters= 791
CONGRAD5: time = 2.541480e-01 (fn F) masses = 1 iters = 770 mflops = 4.142926e+03
 OK converged final_rsq= 5e-11 (cf 1e-10) rel = 1 (cf 0) restarts = 4 iters= 770
GFTIME:   time = 4.131603e-02 (Symanzik1) mflops = 4.266155e+03
FFTIME:  time = 1.029410e-01 (asqtad3) terms = 2 mflops = 4.856481e+03
CONGRAD5: time = 2.582240e-01 (fn F) masses = 1 iters = 786 mflops = 4.162259e+03
 OK converged final_rsq= 5e-11 (cf 1e-10) rel = 1 (cf 0) restarts = 4 iters= 786
CONGRAD5: time = 2.498350e-01 (fn F) masses = 1 iters = 758 mflops = 4.148768e+03
 OK converged final_rsq= 5e-11 (cf 1e-10) rel = 1 (cf 0) restarts = 4 iters= 758
GFTIME:   time = 4.122305e-02 (Symanzik1) mflops = 4.275778e+03
FFTIME:  time = 1.037021e-01 (asqtad3) terms = 2 mflops = 4.820841e+03
PLAQ:	1.543834	1.540653
P_LOOP:	1.983617e-02	-1.473066e-02
G_LOOP:  0  0  4   	1.546035e+00	( 0 1 7 6  )
G_LOOP:  0  1  4   	1.542847e+00	( 0 2 7 5  )
G_LOOP:  0  2  4   	1.544938e+00	( 0 3 7 4  )
G_LOOP:  0  3  4   	1.542621e+00	( 1 2 6 5  )
G_LOOP:  0  4  4   	1.538985e+00	( 1 3 6 4  )
G_LOOP:  0  5  4   	1.538037e+00	( 2 3 5 4  )
G_LOOP:  1  0  6   	7.958931e-01	( 0 0 1 7 7 6  )
G_LOOP:  1  1  6   	7.793788e-01	( 0 0 2 7 7 5  )
G_LOOP:  1  2  6   	7.867843e-01	( 0 0 3 7 7 4  )
G_LOOP:  1  3  6   	7.877806e-01	( 1 1 0 6 6 7  )
G_LOOP:  1  4  6   	7.828170e-01	( 1 1 2 6 6 5  )
G_LOOP:  1  5  6   	7.739697e-01	( 1 1 3 6 6 4  )
G_LOOP:  1  6  6   	7.819269e-01	( 2 2 0 5 5 7  )
G_LOOP:  1  7  6   	7.815797e-01	( 2 2 1 5 5 6  )
G_LOOP:  1  8  6   	7.772782e-01	( 2 2 3 5 5 4  )
G_LOOP:  1  9  6   	7.810675e-01	( 3 3 0 4 4 7  )
G_LOOP:  1  10  6   	7.753647e-01	( 3 3 1 4 4 6  )
G_LOOP:  1  11  6   	7.773759e-01	( 3 3 2 4 4 5  )
G_LOOP:  2  0  6   	8.017822e-01	( 0 1 2 7 6 5  )
G_LOOP:  2  1  6   	8.053125e-01	( 0 1 5 7 6 2  )
G_LOOP:  2  2  6   	8.103233e-01	( 0 6 2 7 1 5  )
G_LOOP:  2  3  6   	8.010332e-01	( 0 6 5 7 1 2  )
G_LOOP:  2  4  6   	8.031932e-01	( 0 1 3 7 6 4  )
G_LOOP:  2  5  6   	8.131550e-01	( 0 1 4 7 6 3  )
G_LOOP:  2  6  6   	8.036287e-01	( 0 6 3 7 1 4  )
G_LOOP:  2  7  6   	8.036874e-01	( 0 6 4 7 1 3  )
G_LOOP:  2  8  6   	8.017114e-01	( 0 2 3 7 5 4  )
G_LOOP:  2  9  6   	8.037356e-01	( 0 2 4 7 5 3  )
G_LOOP:  2  10  6   	8.002903e-01	( 0 5 3 7 2 4  )
G_LOOP:  2  11  6   	8.062432e-01	( 0 5 4 7 2 3  )
G_LOOP:  2  12  6   	8.003423e-01	( 1 2 3 6 5 4  )
G_LOOP:  2  13  6   	7.972471e-01	( 1 2 4 6 5 3  )
G_LOOP:  2  14  6   	8.022769e-01	( 1 5 3 6 2 4  )
G_LOOP:  2  15  6   	8.029453e-01	( 1 5 4 6 2 3  )
GACTION: 6.317866e+00
CONGRAD5: time = 2.575619e-01 (fn F) masses = 1 iters = 781 mflops = 4.146413e+03
 OK converged final_rsq= 5e-11 (cf 1e-10) rel = 1 (cf 0) restarts = 4 iters= 781
CONGRAD5: time = 2.571201e-02 (fn F) masses = 1 iters = 76 mflops = 4.041855e+03
 OK converged final_rsq= 9.8e-11 (cf 1e-10) rel = 1 (cf 0) restarts = 1 iters= 76
PBP: mass 1.000000e-02     8.057977e-02  5.500840e-02  5.105122e-03  5.105786e-03 ( 1 of 1 )
FACTION: mass = 1.000000e-02,  1.504849e+00 ( 1 of 1 )
CONGRAD5: time = 2.430451e-01 (fn F) masses = 1 iters = 738 mflops = 4.152147e+03
 OK converged final_rsq= 5e-11 (cf 1e-10) rel = 1 (cf 0) restarts = 4 iters= 738
CONGRAD5: time = 2.624893e-02 (fn F) masses = 1 iters = 78 mflops = 4.063368e+03
 OK converged final_rsq= 9.8e-11 (cf 1e-10) rel = 1 (cf 0) restarts = 1 iters= 78
PBP: mass 1.000000e-02     6.155567e-02  7.046086e-02  3.039757e-03  3.040164e-03 ( 1 of 1 )
FACTION: mass = 1.000000e-02,  1.504748e+00 ( 1 of 1 )
CONGRAD5: time = 2.549360e-01 (fn F) masses = 1 iters = 777 mflops = 4.167668e+03
 OK converged final_rsq= 5e-11 (cf 1e-10) rel = 1 (cf 0) restarts = 4 iters= 777
CONGRAD5: time = 2.513192e-01 (fn F) masses = 1 iters = 766 mflops = 4.167795e+03
 OK converged final_rsq= 9.8e-11 (cf 1e-10) rel = 1 (cf 0) restarts = 3 iters= 766
GFTIME:   time = 4.130006e-02 (Symanzik1) mflops = 4.267805e+03
FFTIME:  time = 1.038051e-01 (asqtad3) terms = 2 mflops = 4.816057e+03
CONGRAD5: time = 2.507319e-01 (fn F) masses = 1 iters = 763 mflops = 4.161195e+03
 OK converged final_rsq= 5e-11 (cf 1e-10) rel = 1 (cf 0) restarts = 4 iters= 763
CONGRAD5: time = 2.492511e-01 (fn F) masses = 1 iters = 738 mflops = 4.048764e+03
 OK converged final_rsq= 9.9e-11 (cf 1e-10) rel = 1 (cf 0) restarts = 3 iters= 738
GFTIME:   time = 4.136801e-02 (Symanzik1) mflops = 4.260795e+03
FFTIME:  time = 1.035452e-01 (asqtad3) terms = 2 mflops = 4.828145e+03
CONGRAD5: time = 2.651050e-01 (fn F) masses = 1 iters = 805 mflops = 4.152228e+03
 OK converged final_rsq= 5e-11 (cf 1e-10) rel = 1 (cf 0) restarts = 4 iters= 805
CONGRAD5: time = 2.537291e-01 (fn F) masses = 1 iters = 771 mflops = 4.155156e+03
 OK converged final_rsq= 5e-11 (cf 1e-10) rel = 1 (cf 0) restarts = 4 iters= 771
GFTIME:   time = 4.127407e-02 (Symanzik1) mflops = 4.270492e+03
FFTIME:  time = 1.038201e-01 (asqtad3) terms = 2 mflops = 4.815360e+03
CONGRAD5: time = 2.701230e-01 (fn F) masses = 1 iters = 823 mflops = 4.166213e+03
 OK converged final_rsq= 4.9e-11 (cf 1e-10) rel = 1 (cf 0) restarts = 4 iters= 823
CONGRAD5: time = 2.469392e-01 (fn F) masses = 1 iters = 752 mflops = 4.164195e+03
 OK converged final_rsq= 5e-11 (cf 1e-10) rel = 1 (cf 0) restarts = 4 iters= 752
GFTIME:   time = 4.118800e-02 (Symanzik1) mflops = 4.279416e+03
FFTIME:  time = 1.039779e-01 (asqtad3) terms = 2 mflops = 4.808051e+03
CONGRAD5: time = 2.536099e-01 (fn F) masses = 1 iters = 769 mflops = 4.146325e+03
 OK converged final_rsq= 9.9e-11 (cf 1e-10) rel = 1 (cf 0) restarts = 3 iters= 769
CONGRAD5: time = 2.570410e-01 (fn F) masses = 1 iters = 778 mflops = 4.138857e+03
 OK converged final_rsq= 5e-11 (cf 1e-10) rel = 1 (cf 0) restarts = 4 iters= 778
GFTIME:   time = 4.117417e-02 (Symanzik1) mflops = 4.280854e+03
FFTIME:  time = 1.044171e-01 (asqtad3) terms = 2 mflops = 4.787829e+03
CONGRAD5: time = 2.624850e-01 (fn F) masses = 1 iters = 794 mflops = 4.136368e+03
 OK converged final_rsq= 5e-11 (cf 1e-10) rel = 1 (cf 0) restarts = 4 iters= 794
CONGRAD5: time = 2.470660e-01 (fn F) masses = 1 iters = 752 mflops = 4.162057e+03
 OK converged final_rsq= 5e-11 (cf 1e-10) rel = 1 (cf 0) restarts = 4 iters= 752
GFTIME:   time = 4.117608e-02 (Symanzik1) mflops = 4.280655e+03
FFTIME:  time = 1.037121e-01 (asqtad3) terms = 2 mflops = 4.820375e+03
CONGRAD5: time = 2.488830e-01 (fn F) masses = 1 iters = 756 mflops = 4.153649e+03
 OK converged final_rsq= 5e-11 (cf 1e-10) rel = 1 (cf 0) restarts = 4 iters= 756
CONGRAD5: time = 2.436140e-01 (fn F) masses = 1 iters = 740 mflops = 4.153677e+03
 OK converged final_rsq= 5e-11 (cf 1e-10) rel = 1 (cf 0) restarts = 4 iters= 740
GFTIME:   time = 4.132390e-02 (Symanzik1) mflops = 4.265343e+03
FFTIME:  time = 1.033821e-01 (asqtad3) terms = 2 mflops = 4.835761e+03
CONGRAD5: time = 2.467699e-01 (fn F) masses = 1 iters = 748 mflops = 4.144886e+03
 OK converged final_rsq= 5e-11 (cf 1e-10) rel = 1 (cf 0) restarts = 4 iters= 748
CONGRAD5: time = 2.319601e-01 (fn F) masses = 1 iters = 705 mflops = 4.156034e+03
 OK converged final_rsq= 1e-10 (cf 1e-10) rel = 1 (cf 0) restarts = 3 iters= 705
GFTIME:   time = 4.131293e-02 (Symanzik1) mflops = 4.266475e+03
FFTIME:  time = 1.031890e-01 (asqtad3) terms = 2 mflops = 4.844811e+03
CONGRAD5: time = 2.544661e-01 (fn F) masses = 1 iters = 776 mflops = 4.169990e+03
 OK converged final_rsq= 4.9e-11 (cf 1e-10) rel = 1 (cf 0) restarts = 4 iters= 776
CONGRAD5: time = 2.607839e-01 (fn F) masses = 1 iters = 787 mflops = 4.126645e+03
 OK converged final_rsq= 5e-11 (cf 1e-10) rel = 1 (cf 0) restarts = 4 iters= 787
GFTIME:   time = 4.114413e-02 (Symanzik1) mflops = 4.283979e+03
FFTIME:  time = 1.033859e-01 (asqtad3) terms = 2 mflops = 4.835582e+03
CONGRAD5: time = 2.494678e-01 (fn F) masses = 1 iters = 756 mflops = 4.143911e+03
 OK converged final_rsq= 5e-11 (cf 1e-10) rel = 1 (cf 0) restarts = 4 iters= 756
CONGRAD5: time = 2.547920e-01 (fn F) masses = 1 iters = 771 mflops = 4.137822e+03
 OK converged final_rsq= 5e-11 (cf 1e-10) rel = 1 (cf 0) restarts = 4 iters= 771
GFTIME:   time = 4.095197e-02 (Symanzik1) mflops = 4.304082e+03
FFTIME:  time = 1.041009e-01 (asqtad3) terms = 2 mflops = 4.802369e+03
CONGRAD5: time = 2.609429e-01 (fn F) masses = 1 iters = 788 mflops = 4.129371e+03
 OK converged final_rsq= 5e-11 (cf 1e-10) rel = 1 (cf 0) restarts = 4 iters= 788
CONGRAD5: time = 2.554271e-01 (fn F) masses = 1 iters = 774 mflops = 4.143594e+03
 OK converged final_rsq= 5e-11 (cf 1e-10) rel = 1 (cf 0) restarts = 4 iters= 774
GFTIME:   time = 4.131007e-02 (Symanzik1) mflops = 4.266771e+03
FFTIME:  time = 1.034269e-01 (asqtad3) terms = 2 mflops = 4.833665e+03
CONGRAD5: time = 2.561350e-01 (fn F) masses = 1 iters = 778 mflops = 4.153497e+03
 OK converged final_rsq= 5e-11 (cf 1e-10) rel = 1 (cf 0) restarts = 4 iters= 778
CONGRAD5: time = 2.558291e-01 (fn F) masses = 1 iters = 778 mflops = 4.158463e+03
 OK converged final_rsq= 4.9e-11 (cf 1e-10) rel = 1 (cf 0) restarts = 4 iters= 778
GFTIME:   time = 4.123902e-02 (Symanzik1) mflops = 4.274122e+03
FFTIME:  time = 1.037891e-01 (asqtad3) terms = 2 mflops = 4.816798e+03
CONGRAD5: time = 2.635260e-01 (fn F) masses = 1 iters = 798 mflops = 4.140785e+03
 OK converged final_rsq= 5e-11 (cf 1e-10) rel = 1 (cf 0) restarts = 4 iters= 798
CONGRAD5: time = 2.695360e-01 (fn F) masses = 1 iters = 802 mflops = 4.068748e+03
 OK converged final_rsq= 5e-11 (cf 1e-10) rel = 1 (cf 0) restarts = 4 iters= 802
GFTIME:   time = 4.640889e-02 (Symanzik1) mflops = 3.797992e+03
FFTIME:  time = 1.038461e-01 (asqtad3) terms = 2 mflops = 4.814155e+03
CONGRAD5: time = 2.660379e-01 (fn F) masses = 1 iters = 806 mflops = 4.142807e+03
 OK converged final_rsq= 5e-11 (cf 1e-10) rel = 1 (cf 0) restarts = 4 iters= 806
CONGRAD5: time = 2.811761e-01 (fn F) masses = 1 iters = 790 mflops = 3.841952e+03
 OK converged final_rsq= 5e-11 (cf 1e-10) rel = 1 (cf 0) restarts = 4 iters= 790
GFTIME:   time = 4.631400e-02 (Symanzik1) mflops = 3.805774e+03
FFTIME:  time = 1.044219e-01 (asqtad3) terms = 2 mflops = 4.787610e+03
CONGRAD5: time = 2.615831e-01 (fn F) masses = 1 iters = 794 mflops = 4.150630e+03
 OK converged final_rsq= 4.9e-11 (cf 1e-10) rel = 1 (cf 0) restarts = 4 iters= 794
CONGRAD5: time = 2.410719e-01 (fn F) masses = 1 iters = 735 mflops = 4.169115e+03
 OK converged final_rsq= 5e-11 (cf 1e-10) rel = 1 (cf 0) restarts = 4 iters= 735
GFTIME:   time = 4.107404e-02 (Symanzik1) mflops = 4.291290e+03
FFTIME:  time = 1.038861e-01 (asqtad3) terms = 2 mflops = 4.812299e+03
PLAQ:	1.499718	1.498448
P_LOOP:	4.247256e-02	3.370666e-02
G_LOOP:  0  0  4   	1.502541e+00	( 0 1 7 6  )
G_LOOP:  0  1  4   	1.501138e+00	( 0 2 7 5  )
G_LOOP:  0  2  4   	1.503322e+00	( 0 3 7 4  )
G_LOOP:  0  3  4   	1.495474e+00	( 1 2 6 5  )
G_LOOP:  0  4  4   	1.493737e+00	( 1 3 6 4  )
G_LOOP:  0  5  4   	1.498285e+00	( 2 3 5 4  )
G_LOOP:  1  0  6   	7.455162e-01	( 0 0 1 7 7 6  )
G_LOOP:  1  1  6   	7.399786e-01	( 0 0 2 7 7 5  )
G_LOOP:  1  2  6   	7.456360e-01	( 0 0 3 7 7 4  )
G_LOOP:  1  3  6   	7.467038e-01	( 1 1 0 6 6 7  )
G_LOOP:  1  4  6   	7.429654e-01	( 1 1 2 6 6 5  )
G_LOOP:  1  5  6   	7.306268e-01	( 1 1 3 6 6 4  )
G_LOOP:  1  6  6   	7.464339e-01	( 2 2 0 5 5 7  )
G_LOOP:  1  7  6   	7.408326e-01	( 2 2 1 5 5 6  )
G_LOOP:  1  8  6   	7.382699e-01	( 2 2 3 5 5 4  )
G_LOOP:  1  9  6   	7.443722e-01	( 3 3 0 4 4 7  )
G_LOOP:  1  10  6   	7.351263e-01	( 3 3 1 4 4 6  )
G_LOOP:  1  11  6   	7.399194e-01	( 3 3 2 4 4 5  )
G_LOOP:  2  0  6   	7.636310e-01	( 0 1 2 7 6 5  )
G_LOOP:  2  1  6   	7.581956e-01	( 0 1 5 7 6 2  )
G_LOOP:  2  2  6   	7.643480e-01	( 0 6 2 7 1 5  )
G_LOOP:  2  3  6   	7.553394e-01	( 0 6 5 7 1 2  )
G_LOOP:  2  4  6   	7.581247e-01	( 0 1 3 7 6 4  )
G_LOOP:  2  5  6   	7.589073e-01	( 0 1 4 7 6 3  )
G_LOOP:  2  6  6   	7.605937e-01	( 0 6 3 7 1 4  )
G_LOOP:  2  7  6   	7.657403e-01	( 0 6 4 7 1 3  )
G_LOOP:  2  8  6   	7.617429e-01	( 0 2 3 7 5 4  )
G_LOOP:  2  9  6   	7.646808e-01	( 0 2 4 7 5 3  )
G_LOOP:  2  10  6   	7.608517e-01	( 0 5 3 7 2 4  )
G_LOOP:  2  11  6   	7.640243e-01	( 0 5 4 7 2 3  )
G_LOOP:  2  12  6   	7.594221e-01	( 1 2 3 6 5 4  )
G_LOOP:  2  13  6   	7.567566e-01	( 1 2 4 6 5 3  )
G_LOOP:  2  14  6   	7.561183e-01	( 1 5 3 6 2 4  )
G_LOOP:  2  15  6   	7.594491e-01	( 1 5 4 6 2 3  )
GACTION: 6.532093e+00
CONGRAD5: time = 2.573931e-01 (fn F) masses = 1 iters = 774 mflops = 4.111944e+03
 OK converged final_rsq= 9.9e-11 (cf 1e-10) rel = 1 (cf 0) restarts = 3 iters= 774
CONGRAD5: time = 2.658606e-02 (fn F) masses = 1 iters = 79 mflops = 4.063277e+03
 OK converged final_rsq= 9.9e-11 (cf 1e-10) rel = 1 (cf 0) restarts = 1 iters= 79
PBP: mass 1.000000e-02     7.025286e-02  6.957341e-02  3.612763e-03  3.608188e-03 ( 1 of 1 )
FACTION: mass = 1.000000e-02,  1.497696e+00 ( 1 of 1 )
CONGRAD5: time = 2.559831e-01 (fn F) masses = 1 iters = 757 mflops = 4.043782e+03
 OK converged final_rsq= 9.9e-11 (cf 1e-10) rel = 1 (cf 0) restarts = 3 iters= 757
CONGRAD5: time = 2.558184e-02 (fn F) masses = 1 iters = 76 mflops = 4.062422e+03
 OK converged final_rsq= 9.9e-11 (cf 1e-10) rel = 1 (cf 0) restarts = 1 iters= 76
PBP: mass 1.000000e-02     5.441487e-02  8.531050e-02  -1.211491e-02  -1.211350e-02 ( 1 of 1 )
FACTION: mass = 1.000000e-02,  1.507285e+00 ( 1 of 1 )
CONGRAD5: time = 2.540472e-01 (fn F) masses = 1 iters = 772 mflops = 4.155336e+03
 OK converged final_rsq= 4.9e-11 (cf 1e-10) rel = 1 (cf 0) restarts = 4 iters= 772
CONGRAD5: time = 2.563431e-01 (fn F) masses = 1 iters = 773 mflops = 4.123453e+03
 OK converged final_rsq= 5e-11 (cf 1e-10) rel = 1 (cf 0) restarts = 4 iters= 773
GFTIME:   time = 4.130697e-02 (Symanzik1) mflops = 4.267091e+03
FFTIME:  time = 1.030319e-01 (asqtad3) terms = 2 mflops = 4.852199e+03
CONGRAD5: time = 2.612541e-01 (fn F) masses = 1 iters = 793 mflops = 4.150623e+03
 OK converged final_rsq= 5e-11 (cf 1e-10) rel = 1 (cf 0) restarts = 4 iters= 793
CONGRAD5: time = 2.600760e-01 (fn F) masses = 1 iters = 791 mflops = 4.158908e+03
 OK converged final_rsq= 4.9e-11 (cf 1e-10) rel = 1 (cf 0) restarts = 4 iters= 791
GFTIME:   time = 4.128289e-02 (Symanzik1) mflops = 4.269580e+03
FFTIME:  time = 1.047640e-01 (asqtad3) terms = 2 mflops = 4.771975e+03
CONGRAD5: time = 2.690699e-01 (fn F) masses = 1 iters = 819 mflops = 4.162191e+03
 OK converged final_rsq= 4.9e-11 (cf 1e-10) rel = 1 (cf 0) restarts = 4 iters= 819
CONGRAD5: time = 2.523000e-01 (fn F) masses = 1 iters = 770 mflops = 4.173271e+03
 OK converged final_rsq= 5e-11 (cf 1e-10) rel = 1 (cf 0) restarts = 4 iters= 770
GFTIME:   time = 4.126620e-02 (Symanzik1) mflops = 4.271307e+03
FFTIME:  time = 1.031899e-01 (asqtad3) terms = 2 mflops = 4.844766e+03
CONGRAD5: time = 2.491400e-01 (fn F) masses = 1 iters = 762 mflops = 4.182295e+03
 OK converged final_rsq= 5e-11 (cf 1e-10) rel = 1 (cf 0) restarts = 4 iters= 762
CONGRAD5: time = 2.575688e-01 (fn F) masses = 1 iters = 784 mflops = 4.162229e+03
 OK converged final_rsq= 4.9e-11 (cf 1e-10) rel = 1 (cf 0) restarts = 4 iters= 784
GFTIME:   time = 4.119992e-02 (Symanzik1) mflops = 4.278178e+03
FFTIME:  time = 1.035690e-01 (asqtad3) terms = 2 mflops = 4.827033e+03
CONGRAD5: time = 2.630830e-01 (fn F) masses = 1 iters = 797 mflops = 4.142560e+03
 OK converged final_rsq= 4.9e-11 (cf 1e-10) rel = 1 (cf 0) restarts = 4 iters= 797
CONGRAD5: time = 2.468619e-01 (fn F) masses = 1 iters = 749 mflops = 4.148880e+03
 OK converged final_rsq= 1e-10 (cf 1e-10) rel = 1 (cf 0) restarts = 3 iters= 749
GFTIME:   time = 4.096007e-02 (Symanzik1) mflops = 4.303230e+03
FFTIME:  time = 1.031830e-01 (asqtad3) terms = 2 mflops = 4.845091e+03
CONGRAD5: time = 2.570980e-01 (fn F) masses = 1 iters = 783 mflops = 4.164533e+03
 OK converged final_rsq= 5e-11 (cf 1e-10) rel = 1 (cf 0) restarts = 4 iters= 783
CONGRAD5: time = 2.474020e-01 (fn F) masses = 1 iters = 750 mflops = 4.145351e+03
 OK converged final_rsq= 5e-11 (cf 1e-10) rel = 1 (cf 0) restarts = 4 iters= 750
GFTIME:   time = 4.120994e-02 (Symanzik1) mflops = 4.277139e+03
FFTIME:  time = 1.037612e-01 (asqtad3) terms = 2 mflops = 4.818093e+03
CONGRAD5: time = 2.524180e-01 (fn F) masses = 1 iters = 773 mflops = 4.187572e+03
 OK converged final_rsq= 9.9e-11 (cf 1e-10) rel = 1 (cf 0) restarts = 3 iters= 773
CONGRAD5: time = 2.484670e-01 (fn F) masses = 1 iters = 760 mflops = 4.182617e+03
 OK converged final_rsq= 5e-11 (cf 1e-10) rel = 1 (cf 0) restarts = 4 iters= 760
GFTIME:   time = 4.129100e-02 (Symanzik1) mflops = 4.268742e+03
FFTIME:  time = 1.037591e-01 (asqtad3) terms = 2 mflops = 4.818193e+03
CONGRAD5: time = 2.424650e-01 (fn F) masses = 1 iters = 737 mflops = 4.156441e+03
 OK converged final_rsq= 5e-11 (cf 1e-10) rel = 1 (cf 0) restarts = 4 iters= 737
CONGRAD5: time = 2.624300e-01 (fn F) masses = 1 iters = 798 mflops = 4.158079e+03
 OK converged final_rsq= 5e-11 (cf 1e-10) rel = 1 (cf 0) restarts = 4 iters= 798
GFTIME:   time = 4.138088e-02 (Symanzik1) mflops = 4.259470e+03
FFTIME:  time = 1.031699e-01 (asqtad3) terms = 2 mflops = 4.845706e+03
CONGRAD5: time = 2.696729e-01 (fn F) masses = 1 iters = 820 mflops = 4.157955e+03
 OK converged final_rsq= 5e-11 (cf 1e-10) rel = 1 (cf 0) restarts = 4 iters= 820
CONGRAD5: time = 2.548339e-01 (fn F) masses = 1 iters = 777 mflops = 4.169337e+03
 OK converged final_rsq= 4.9e-11 (cf 1e-10) rel = 1 (cf 0) restarts = 4 iters= 777
GFTIME:   time = 4.097891e-02 (Symanzik1) mflops = 4.301252e+03
FFTIME:  time = 1.033370e-01 (asqtad3) terms = 2 mflops = 4.837869e+03
CONGRAD5: time = 2.540660e-01 (fn F) masses = 1 iters = 774 mflops = 4.165792e+03
 OK converged final_rsq= 5e-11 (cf 1e-10) rel = 1 (cf 0) restarts = 4 iters= 774
CONGRAD5: time = 2.536149e-01 (fn F) masses = 1 iters = 775 mflops = 4.178594e+03
 OK converged final_rsq= 1e-10 (cf 1e-10) rel = 1 (cf 0) restarts = 3 iters= 775
GFTIME:   time = 4.131603e-02 (Symanzik1) mflops = 4.266155e+03
FFTIME:  time = 1.035969e-01 (asqtad3) terms = 2 mflops = 4.825733e+03
CONGRAD5: time = 2.785521e-01 (fn F) masses = 1 iters = 848 mflops = 4.162868e+03
 OK converged final_rsq= 5e-11 (cf 1e-10) rel = 1 (cf 0) restarts = 4 iters= 848
CONGRAD5: time = 2.479031e-01 (fn F) masses = 1 iters = 734 mflops = 4.048716e+03
 OK converged final_rsq= 5e-11 (cf 1e-10) rel = 1 (cf 0) restarts = 4 iters= 734
GFTIME:   time = 4.560900e-02 (Symanzik1) mflops = 3.864602e+03
FFTIME:  time = 1.034451e-01 (asqtad3) terms = 2 mflops = 4.832818e+03
CONGRAD5: time = 2.644579e-01 (fn F) masses = 1 iters = 808 mflops = 4.177899e+03
 OK converged final_rsq= 5e-11 (cf 1e-10) rel = 1 (cf 0) restarts = 4 iters= 808
CONGRAD5: time = 2.441559e-01 (fn F) masses = 1 iters = 743 mflops = 4.161260e+03
 OK converged final_rsq= 5e-11 (cf 1e-10) rel = 1 (cf 0) restarts = 4 iters= 743
GFTIME:   time = 4.119205e-02 (Symanzik1) mflops = 4.278995e+03
FFTIME:  time = 1.033661e-01 (asqtad3) terms = 2 mflops = 4.836508e+03
CONGRAD5: time = 2.641540e-01 (fn F) masses = 1 iters = 800 mflops = 4.141294e+03
 OK converged final_rsq= 5e-11 (cf 1e-10) rel = 1 (cf 0) restarts = 4 iters= 800
CONGRAD5: time = 2.486989e-01 (fn F) masses = 1 iters = 755 mflops = 4.151224e+03
 OK converged final_rsq= 5e-11 (cf 1e-10) rel = 1 (cf 0) restarts = 4 iters= 755
GFTIME:   time = 4.128218e-02 (Symanzik1) mflops = 4.269654e+03
FFTIME:  time = 1.037691e-01 (asqtad3) terms = 2 mflops = 4.817728e+03
CONGRAD5: time = 2.616990e-01 (fn F) masses = 1 iters = 795 mflops = 4.154018e+03
 OK converged final_rsq= 5e-11 (cf 1e-10) rel = 1 (cf 0) restarts = 4 iters= 795
CONGRAD5: time = 2.489719e-01 (fn F) masses = 1 iters = 759 mflops = 4.168642e+03
 OK converged final_rsq= 5e-11 (cf 1e-10) rel = 1 (cf 0) restarts = 4 iters= 759
GFTIME:   time = 4.116511e-02 (Symanzik1) mflops = 4.281796e+03
FFTIME:  time = 1.076190e-01 (asqtad3) terms = 2 mflops = 4.645378e+03
CONGRAD5: time = 2.518029e-01 (fn F) masses = 1 iters = 772 mflops = 4.192371e+03
 OK converged final_rsq= 5e-11 (cf 1e-10) rel = 1 (cf 0) restarts = 4 iters= 772
CONGRAD5: time = 2.501152e-01 (fn F) masses = 1 iters = 767 mflops = 4.193325e+03
 OK converged final_rsq= 5e-11 (cf 1e-10) rel = 1 (cf 0) restarts = 4 iters= 767
GFTIME:   time = 4.126501e-02 (Symanzik1) mflops = 4.271430e+03
FFTIME:  time = 1.034188e-01 (asqtad3) terms = 2 mflops = 4.834044e+03
PLAQ:	1.476697	1.477073
P_LOOP:	2.486254e-02	2.278989e-02
G_LOOP:  0  0  4   	1.475437e+00	( 0 1 7 6  )
G_LOOP:  0  1  4   	1.475616e+00	( 0 2 7 5  )
G_LOOP:  0  2  4   	1.481018e+00	( 0 3 7 4  )
G_LOOP:  0  3  4   	1.479037e+00	( 1 2 6 5  )
G_LOOP:  0  4  4   	1.473967e+00	( 1 3 6 4  )
G_LOOP:  0  5  4   	1.476234e+00	( 2 3 5 4  )
G_LOOP:  1  0  6   	7.134409e-01	( 0 0 1 7 7 6  )
G_LOOP:  1  1  6   	7.176435e-01	( 0 0 2 7 7 5  )
G_LOOP:  1  2  6   	7.225661e-01	( 0 0 3 7 7 4  )
G_LOOP:  1  3  6   	7.211161e-01	( 1 1 0 6 6 7  )
G_LOOP:  1  4  6   	7.214377e-01	( 1 1 2 6 6 5  )
G_LOOP:  1  5  6   	7.135637e-01	( 1 1 3 6 6 4  )
G_LOOP:  1  6  6   	7.193459e-01	( 2 2 0 5 5 7  )
G_LOOP:  1  7  6   	7.220931e-01	( 2 2 1 5 5 6  )
G_LOOP:  1  8  6   	7.200063e-01	( 2 2 3 5 5 4  )
G_LOOP:  1  9  6   	7.168352e-01	( 3 3 0 4 4 7  )
G_LOOP:  1  10  6   	7.190252e-01	( 3 3 1 4 4 6  )
G_LOOP:  1  11  6   	7.138585e-01	( 3 3 2 4 4 5  )
G_LOOP:  2  0  6   	7.357768e-01	( 0 1 2 7 6 5  )
G_LOOP:  2  1  6   	7.320123e-01	( 0 1 5 7 6 2  )
G_LOOP:  2  2  6   	7.364613e-01	( 0 6 2 7 1 5  )
G_LOOP:  2  3  6   	7.320867e-01	( 0 6 5 7 1 2  )
G_LOOP:  2  4  6   	7.361091e-01	( 0 1 3 7 6 4  )
G_LOOP:  2  5  6   	7.303063e-01	( 0 1 4 7 6 3  )
G_LOOP:  2  6  6   	7.390924e-01	( 0 6 3 7 1 4  )
G_LOOP:  2  7  6   	7.347055e-01	( 0 6 4 7 1 3  )
G_LOOP:  2  8  6   	7.348431e-01	( 0 2 3 7 5 4  )
G_LOOP:  2  9  6   	7.360243e-01	( 0 2 4 7 5 3  )
G_LOOP:  2  10  6   	7.385204e-01	( 0 5 3 7 2 4  )
G_LOOP:  2  11  6   	7.324487e-01	( 0 5 4 7 2 3  )
G_LOOP:  2  12  6   	7.403301e-01	( 1 2 3 6 5 4  )
G_LOOP:  2  13  6   	7.324345e-01	( 1 2 4 6 5 3  )
G_LOOP:  2  14  6   	7.357652e-01	( 1 5 3 6 2 4  )
G_LOOP:  2  15  6   	7.261701e-01	( 1 5 4 6 2 3  )
GACTION: 6.639620e+00
CONGRAD5: time = 2.504280e-01 (fn F) masses = 1 iters = 764 mflops = 4.171706e+03
 OK converged final_rsq= 5e-11 (cf 1e-10) rel = 1 (cf 0) restarts = 4 iters= 764
CONGRAD5: time = 2.583694e-02 (fn F) masses = 1 iters = 76 mflops = 4.022311e+03
 OK converged final_rsq= 9.9e-11 (cf 1e-10) rel = 1 (cf 0) restarts = 1 iters= 76
PBP: mass 1.000000e-02     6.420434e-02  6.865546e-02  7.113004e-03  7.106347e-03 ( 1 of 1 )
FACTION: mass = 1.000000e-02,  1.503057e+00 ( 1 of 1 )
CONGRAD5: time = 2.515140e-01 (fn F) masses = 1 iters = 764 mflops = 4.153694e+03
 OK converged final_rsq= 5e-11 (cf 1e-10) rel = 1 (cf 0) restarts = 4 iters= 764
CONGRAD5: time = 2.634907e-02 (fn F) masses = 1 iters = 77 mflops = 3.996029e+03
 OK converged final_rsq= 5e-11 (cf 1e-10) rel = 1 (cf 0) restarts = 2 iters= 77
PBP: mass 1.000000e-02     7.130495e-02  5.894589e-02  4.583319e-03  4.586109e-03 ( 1 of 1 )
FACTION: mass = 1.000000e-02,  1.488793e+00 ( 1 of 1 )
CONGRAD5: time = 2.709138e-01 (fn F) masses = 1 iters = 827 mflops = 4.174241e+03
 OK converged final_rsq= 4.9e-11 (cf 1e-10) rel = 1 (cf 0) restarts = 4 iters= 827
CONGRAD5: time = 2.561560e-01 (fn F) masses = 1 iters = 783 mflops = 4.179848e+03
 OK converged final_rsq= 5e-11 (cf 1e-10) rel = 1 (cf 0) restarts = 4 iters= 783
GFTIME:   time = 4.118490e-02 (Symanzik1) mflops = 4.279738e+03
FFTIME:  time = 1.032689e-01 (asqtad3) terms = 2 mflops = 4.841064e+03
CONGRAD5: time = 2.679331e-01 (fn F) masses = 1 iters = 818 mflops = 4.174746e+03
 OK converged final_rsq= 5e-11 (cf 1e-10) rel = 1 (cf 0) restarts = 4 iters= 818
CONGRAD5: time = 2.603061e-01 (fn F) masses = 1 iters = 792 mflops = 4.160485e+03
 OK converged final_rsq= 4.9e-11 (cf 1e-10) rel = 1 (cf 0) restarts = 4 iters= 792
GFTIME:   time = 4.114890e-02 (Symanzik1) mflops = 4.283483e+03
FFTIME:  time = 1.033959e-01 (asqtad3) terms = 2 mflops = 4.835114e+03
CONGRAD5: time = 2.643802e-01 (fn F) masses = 1 iters = 808 mflops = 4.179127e+03
 OK converged final_rsq= 4.9e-11 (cf 1e-10) rel = 1 (cf 0) restarts = 4 iters= 808
CONGRAD5: time = 2.417781e-01 (fn F) masses = 1 iters = 739 mflops = 4.179560e+03
 OK converged final_rsq= 5e-11 (cf 1e-10) rel = 1 (cf 0) restarts = 4 iters= 739
GFTIME:   time = 4.120183e-02 (Symanzik1) mflops = 4.277980e+03
FFTIME:  time = 1.035480e-01 (asqtad3) terms = 2 mflops = 4.828011e+03
CONGRAD5: time = 2.592690e-01 (fn F) masses = 1 iters = 791 mflops = 4.171854e+03
 OK converged final_rsq= 5e-11 (cf 1e-10) rel = 1 (cf 0) restarts = 4 iters= 791
CONGRAD5: time = 2.573452e-01 (fn F) masses = 1 iters = 781 mflops = 4.149905e+03
 OK converged final_rsq= 1e-10 (cf 1e-10) rel = 1 (cf 0) restarts = 3 iters= 781
GFTIME:   time = 4.147077e-02 (Symanzik1) mflops = 4.250238e+03
FFTIME:  time = 1.039481e-01 (asqtad3) terms = 2 mflops = 4.809429e+03
CONGRAD5: time = 2.498009e-01 (fn F) masses = 1 iters = 764 mflops = 4.182178e+03
 OK converged final_rsq= 4.9e-11 (cf 1e-10) rel = 1 (cf 0) restarts = 4 iters= 764
CONGRAD5: time = 2.488801e-01 (fn F) masses = 1 iters = 759 mflops = 4.170179e+03
 OK converged final_rsq= 5e-11 (cf 1e-10) rel = 1 (cf 0) restarts = 4 iters= 759
GFTIME:   time = 4.119611e-02 (Symanzik1) mflops = 4.278574e+03
FFTIME:  time = 1.032631e-01 (asqtad3) terms = 2 mflops = 4.841332e+03
CONGRAD5: time = 2.647600e-01 (fn F) masses = 1 iters = 805 mflops = 4.157638e+03
 OK converged final_rsq= 5e-11 (cf 1e-10) rel = 1 (cf 0) restarts = 4 iters= 805
CONGRAD5: time = 2.506890e-01 (fn F) masses = 1 iters = 763 mflops = 4.161907e+03
 OK converged final_rsq= 9.9e-11 (cf 1e-10) rel = 1 (cf 0) restarts = 3 iters= 763
GFTIME:   time = 4.127789e-02 (Symanzik1) mflops = 4.270098e+03
FFTIME:  time = 1.038749e-01 (asqtad3) terms = 2 mflops = 4.812818e+03
CONGRAD5: time = 2.565858e-01 (fn F) masses = 1 iters = 781 mflops = 4.162187e+03
 OK converged final_rsq= 4.9e-11 (cf 1e-10) rel = 1 (cf 0) restarts = 4 iters= 781
CONGRAD5: time = 2.520509e-01 (fn F) masses = 1 iters = 767 mflops = 4.161121e+03
 OK converged final_rsq= 5e-11 (cf 1e-10) rel = 1 (cf 0) restarts = 4 iters= 767
GFTIME:   time = 4.126000e-02 (Symanzik1) mflops = 4.271948e+03
FFTIME:  time = 1.052349e-01 (asqtad3) terms = 2 mflops = 4.750623e+03
CONGRAD5: time = 2.564979e-01 (fn F) masses = 1 iters = 785 mflops = 4.184939e+03
 OK converged final_rsq= 5e-11 (cf 1e-10) rel = 1 (cf 0) restarts = 4 iters= 785
CONGRAD5: time = 2.593341e-01 (fn F) masses = 1 iters = 764 mflops = 4.028440e+03
 OK converged final_rsq= 5e-11 (cf 1e-10) rel = 1 (cf 0) restarts = 4 iters= 764
GFTIME:   time = 4.607797e-02 (Symanzik1) mflops = 3.825269e+03
FFTIME:  time = 1.033480e-01 (asqtad3) terms = 2 mflops = 4.837356e+03
CONGRAD5: time = 2.643800e-01 (fn F) masses = 1 iters = 808 mflops = 4.179131e+03
 OK converged final_rsq= 5e-11 (cf 1e-10) rel = 1 (cf 0) restarts = 4 iters= 808
CONGRAD5: time = 2.422242e-01 (fn F) masses = 1 iters = 741 mflops = 4.183154e+03
 OK converged final_rsq= 1e-10 (cf 1e-10) rel = 1 (cf 0) restarts = 3 iters= 741
GFTIME:   time = 4.129410e-02 (Symanzik1) mflops = 4.268421e+03
FFTIME:  time = 1.037872e-01 (asqtad3) terms = 2 mflops = 4.816887e+03
CONGRAD5: time = 2.542932e-01 (fn F) masses = 1 iters = 777 mflops = 4.178202e+03
 OK converged final_rsq= 1e-10 (cf 1e-10) rel = 1 (cf 0) restarts = 3 iters= 777
CONGRAD5: time = 2.537751e-01 (fn F) masses = 1 iters = 774 mflops = 4.170567e+03
 OK converged final_rsq= 4.9e-11 (cf 1e-10) rel = 1 (cf 0) restarts = 4 iters= 774
GFTIME:   time = 4.095197e-02 (Symanzik1) mflops = 4.304082e+03
FFTIME:  time = 1.042950e-01 (asqtad3) terms = 2 mflops = 4.793433e+03
CONGRAD5: time = 2.641780e-01 (fn F) masses = 1 iters = 804 mflops = 4.161621e+03
 OK converged final_rsq= 5e-11 (cf 1e-10) rel = 1 (cf 0) restarts = 4 iters= 804
CONGRAD5: time = 2.543790e-01 (fn F) masses = 1 iters = 778 mflops = 4.182168e+03
 OK converged final_rsq= 5e-11 (cf 1e-10) rel = 1 (cf 0) restarts = 4 iters= 778
GFTIME:   time = 4.102707e-02 (Symanzik1) mflops = 4.296203e+03
FFTIME:  time = 1.040359e-01 (asqtad3) terms = 2 mflops = 4.805373e+03
CONGRAD5: time = 2.480710e-01 (fn F) masses = 1 iters = 757 mflops = 4.172758e+03
 OK converged final_rsq= 5e-11 (cf 1e-10) rel = 1 (cf 0) restarts = 4 iters= 757
CONGRAD5: time = 2.561162e-01 (fn F) masses = 1 iters = 770 mflops = 4.111090e+03
 OK converged final_rsq= 1e-10 (cf 1e-10) rel = 1 (cf 0) restarts = 3 iters= 770
GFTIME:   time = 4.598999e-02 (Symanzik1) mflops = 3.832586e+03
FFTIME:  time = 1.034291e-01 (asqtad3) terms = 2 mflops = 4.833565e+03
CONGRAD5: time = 2.622921e-01 (fn F) masses = 1 iters = 783 mflops = 4.082063e+03
 OK converged final_rsq= 4.9e-11 (cf 1e-10) rel = 1 (cf 0) restarts = 4 iters= 783
CONGRAD5: time = 2.614939e-01 (fn F) masses = 1 iters = 789 mflops = 4.125899e+03
 OK converged final_rsq= 5e-11 (cf 1e-10) rel = 1 (cf 0) restarts = 4 iters= 789
GFTIME:   time = 4.120088e-02 (Symanzik1) mflops = 4.278079e+03
FFTIME:  time = 1.041970e-01 (asqtad3) terms = 2 mflops = 4.797941e+03
CONGRAD5: time = 2.680271e-01 (fn F) masses = 1 iters = 818 mflops = 4.173283e+03
 OK converged final_rsq= 4.9e-11 (cf 1e-10) rel = 1 (cf 0) restarts = 4 iters= 818
CONGRAD5: time = 2.447722e-01 (fn F) masses = 1 iters = 741 mflops = 4.139609e+03
 OK converged final_rsq= 5e-11 (cf 1e-10) rel = 1 (cf 0) restarts = 4 iters= 741
GFTIME:   time = 4.132009e-02 (Symanzik1) mflops = 4.265737e+03
FFTIME:  time = 1.040440e-01 (asqtad3) terms = 2 mflops = 4.804999e+03
CONGRAD5: time = 2.608080e-01 (fn F) masses = 1 iters = 795 mflops = 4.168208e+03
 OK converged final_rsq= 5e-11 (cf 1e-10) rel = 1 (cf 0) restarts = 4 iters= 795
CONGRAD5: time = 2.532101e-01 (fn F) masses = 1 iters = 773 mflops = 4.174474e+03
 OK converged final_rsq= 5e-11 (cf 1e-10) rel = 1 (cf 0) restarts = 4 iters= 773
GFTIME:   time = 4.128695e-02 (Symanzik1) mflops = 4.269161e+03
FFTIME:  time = 1.041851e-01 (asqtad3) terms = 2 mflops = 4.798490e+03
PLAQ:	1.462236	1.460401
P_LOOP:	1.276701e-02	3.453969e-03
G_LOOP:  0  0  4   	1.463826e+00	( 0 1 7 6  )
G_LOOP:  0  1  4   	1.460304e+00	( 0 2 7 5  )
G_LOOP:  0  2  4   	1.464253e+00	( 0 3 7 4  )
G_LOOP:  0  3  4   	1.462579e+00	( 1 2 6 5  )
G_LOOP:  0  4  4   	1.456563e+00	( 1 3 6 4  )
G_LOOP:  0  5  4   	1.460386e+00	( 2 3 5 4  )
G_LOOP:  1  0  6   	7.017775e-01	( 0 0 1 7 7 6  )
G_LOOP:  1  1  6   	7.023723e-01	( 0 0 2 7 7 5  )
G_LOOP:  1  2  6   	7.037111e-01	( 0 0 3 7 7 4  )
G_LOOP:  1  3  6   	7.065365e-01	( 1 1 0 6 6 7  )
G_LOOP:  1  4  6   	6.995083e-01	( 1 1 2 6 6 5  )
G_LOOP:  1  5  6   	6.896880e-01	( 1 1 3 6 6 4  )
G_LOOP:  1  6  6   	7.042121e-01	( 2 2 0 5 5 7  )
G_LOOP:  1  7  6   	7.073770e-01	( 2 2 1 5 5 6  )
G_LOOP:  1  8  6   	7.045932e-01	( 2 2 3 5 5 4  )
G_LOOP:  1  9  6   	7.047967e-01	( 3 3 0 4 4 7  )
G_LOOP:  1  10  6   	6.928340e-01	( 3 3 1 4 4 6  )
G_LOOP:  1  11  6   	6.948841e-01	( 3 3 2 4 4 5  )
G_LOOP:  2  0  6   	7.152677e-01	( 0 1 2 7 6 5  )
G_LOOP:  2  1  6   	7.164710e-01	( 0 1 5 7 6 2  )
G_LOOP:  2  2  6   	7.173081e-01	( 0 6 2 7 1 5  )
G_LOOP:  2  3  6   	7.200611e-01	( 0 6 5 7 1 2  )
G_LOOP:  2  4  6   	7.170067e-01	( 0 1 3 7 6 4  )
G_LOOP:  2  5  6   	7.096881e-01	( 0 1 4 7 6 3  )
G_LOOP:  2  6  6   	7.169673e-01	( 0 6 3 7 1 4  )
G_LOOP:  2  7  6   	7.130129e-01	( 0 6 4 7 1 3  )
G_LOOP:  2  8  6   	7.180031e-01	( 0 2 3 7 5 4  )
G_LOOP:  2  9  6   	7.169947e-01	( 0 2 4 7 5 3  )
G_LOOP:  2  10  6   	7.161922e-01	( 0 5 3 7 2 4  )
G_LOOP:  2  11  6   	7.124404e-01	( 0 5 4 7 2 3  )
G_LOOP:  2  12  6   	7.211011e-01	( 1 2 3 6 5 4  )
G_LOOP:  2  13  6   	7.136098e-01	( 1 2 4 6 5 3  )
G_LOOP:  2  14  6   	7.140464e-01	( 1 5 3 6 2 4  )
G_LOOP:  2  15  6   	7.080867e-01	( 1 5 4 6 2 3  )
GACTION: 6.713659e+00
CONGRAD5: time = 2.564919e-01 (fn F) masses = 1 iters = 770 mflops = 4.105067e+03
 OK converged final_rsq= 5e-11 (cf 1e-10) rel = 1 (cf 0) restarts = 4 iters= 770
CONGRAD5: time = 2.392101e-02 (fn F) masses = 1 iters = 72 mflops = 4.115818e+03
 OK converged final_rsq= 9.8e-11 (cf 1e-10) rel = 1 (cf 0) restarts = 1 iters= 72
PBP: mass 1.000000e-02     7.277992e-02  6.930018e-02  9.039820e-03  9.040758e-03 ( 1 of 1 )
FACTION: mass = 1.000000e-02,  1.505396e+00 ( 1 of 1 )
CONGRAD5: time = 2.628450e-01 (fn F) masses = 1 iters = 793 mflops = 4.125500e+03
 OK converged final_rsq= 5e-11 (cf 1e-10) rel = 1 (cf 0) restarts = 4 iters= 793
CONGRAD5: time = 2.422214e-02 (fn F) masses = 1 iters = 72 mflops = 4.064651e+03
 OK converged final_rsq= 9.9e-11 (cf 1e-10) rel = 1 (cf 0) restarts = 1 iters= 72
PBP: mass 1.000000e-02     7.839385e-02  8.529664e-02  -1.602402e-03  -1.602854e-03 ( 1 of 1 )
FACTION: mass = 1.000000e-02,  1.499793e+00 ( 1 of 1 )
RUNNING COMPLETED
average cg iters for step= 1.555250e+03
Time = 4.594144e+01 seconds
total_iters = 194011
Checksums b129cef7 7d5651f0
Saved gauge configuration in parallel to binary file lat_p64_size64_2
Time stamp Fri Aug 19 02:48:54 2022
Wrote info file lat_p64_size64_2.info
Time to save = 2.413988e-02
CHECK PLAQ: 1.462236e+00 1.460401e+00
CHECK NERSC LINKTR: 1.448985e-01 CKSUM: 853ed984


get_i(0): EOF on input.
Elapsed total time: 50.640926
exit: Fri Aug 19 02:48:54 2022

