cpu-bind=MASK - ault02, task  7  7 [1108506]: mask 0x200000000200000 set
cpu-bind=MASK - ault02, task  0  0 [1108499]: mask 0x2000000002 set
cpu-bind=MASK - ault02, task  6  6 [1108505]: mask 0x10000000010 set
cpu-bind=MASK - ault02, task  4  4 [1108503]: mask 0x8000000008 set
cpu-bind=MASK - ault02, task 14 14 [1108513]: mask 0x100000000100 set
cpu-bind=MASK - ault02, task 16 16 [1108515]: mask 0x200000000200 set
cpu-bind=MASK - ault02, task  3  3 [1108502]: mask 0x80000000080000 set
cpu-bind=MASK - ault02, task  5  5 [1108504]: mask 0x100000000100000 set
cpu-bind=MASK - ault02, task  2  2 [1108501]: mask 0x4000000004 set
cpu-bind=MASK - ault02, task  9  9 [1108508]: mask 0x400000000400000 set
cpu-bind=MASK - ault02, task 10 10 [1108509]: mask 0x40000000040 set
cpu-bind=MASK - ault02, task 22 22 [1108521]: mask 0x2000000002000 set
cpu-bind=MASK - ault02, task 23 23 [1108522]: mask 0x4000000004000 set
cpu-bind=MASK - ault02, task 26 26 [1108525]: mask 0x20000000020000 set
cpu-bind=MASK - ault02, task  8  8 [1108507]: mask 0x20000000020 set
cpu-bind=MASK - ault02, task 11 11 [1108510]: mask 0x800000000800000 set
cpu-bind=MASK - ault02, task 12 12 [1108511]: mask 0x80000000080 set
cpu-bind=MASK - ault02, task 13 13 [1108512]: mask 0x1000000001000000 set
cpu-bind=MASK - ault02, task 15 15 [1108514]: mask 0x2000000002000000 set
cpu-bind=MASK - ault02, task 17 17 [1108516]: mask 0x4000000004000000 set
cpu-bind=MASK - ault02, task 19 19 [1108518]: mask 0x8000000008000000 set
cpu-bind=MASK - ault02, task 20 20 [1108519]: mask 0x800000000800 set
cpu-bind=MASK - ault02, task 21 21 [1108520]: mask 0x1000000001000 set
cpu-bind=MASK - ault02, task 24 24 [1108523]: mask 0x8000000008000 set
cpu-bind=MASK - ault02, task 25 25 [1108524]: mask 0x10000000010000 set
cpu-bind=MASK - ault02, task  1  1 [1108500]: mask 0x40000000040000 set
cpu-bind=MASK - ault02, task 18 18 [1108517]: mask 0x400000000400 set
Running problem size 20^3 per domain until completion
Num processors: 27
Num threads: 1
Total number of elements: 216000 

To run other sizes, use -s <integer>.
To run a fixed number of iterations, use -i <integer>.
To run a more or less balanced region set, use -b <integer>.
To change the relative costs of regions, use -c <integer>.
To print out progress, use -p
To write an output file for VisIt, use -v
See help (-h) for more options

Run completed:
   Problem size        =  20
   MPI tasks           =  27
   Iteration count     =  2031
   Final Origin Energy =  7.130703e+05
   Testing Plane 0 of Energy Array on rank 0:
        MaxAbsDiff   = 2.910383e-10
        TotalAbsDiff = 2.750312e-09
        MaxRelDiff   = 1.979550e-14

Elapsed time         = 73.93484727 (s)
Grind time (us/z/c)  =  4.5503968 (per dom)  ( 73.934847 overall)
FOM                  =  5933.5485 (z/s)

