cpu-bind=MASK - ault04, task  0  0 [1747599]: mask 0x2000000002 set
cpu-bind=MASK - ault04, task  2  2 [1747601]: mask 0x4000000004 set
cpu-bind=MASK - ault04, task 18 18 [1747617]: mask 0x400000000400 set
cpu-bind=MASK - ault04, task  1  1 [1747600]: mask 0x40000000040000 set
cpu-bind=MASK - ault04, task  3  3 [1747602]: mask 0x80000000080000 set
cpu-bind=MASK - ault04, task  7  7 [1747606]: mask 0x200000000200000 set
cpu-bind=MASK - ault04, task 15 15 [1747614]: mask 0x2000000002000000 set
cpu-bind=MASK - ault04, task  4  4 [1747603]: mask 0x8000000008 set
cpu-bind=MASK - ault04, task 11 11 [1747610]: mask 0x800000000800000 set
cpu-bind=MASK - ault04, task  6  6 [1747605]: mask 0x10000000010 set
cpu-bind=MASK - ault04, task  8  8 [1747607]: mask 0x20000000020 set
cpu-bind=MASK - ault04, task 10 10 [1747609]: mask 0x40000000040 set
cpu-bind=MASK - ault04, task 21 21 [1747620]: mask 0x1000000001000 set
cpu-bind=MASK - ault04, task 26 26 [1747625]: mask 0x20000000020000 set
cpu-bind=MASK - ault04, task  9  9 [1747608]: mask 0x400000000400000 set
cpu-bind=MASK - ault04, task 12 12 [1747611]: mask 0x80000000080 set
cpu-bind=MASK - ault04, task 13 13 [1747612]: mask 0x1000000001000000 set
cpu-bind=MASK - ault04, task 17 17 [1747616]: mask 0x4000000004000000 set
cpu-bind=MASK - ault04, task 19 19 [1747618]: mask 0x8000000008000000 set
cpu-bind=MASK - ault04, task 22 22 [1747621]: mask 0x2000000002000 set
cpu-bind=MASK - ault04, task 24 24 [1747623]: mask 0x8000000008000 set
cpu-bind=MASK - ault04, task 25 25 [1747624]: mask 0x10000000010000 set
cpu-bind=MASK - ault04, task  5  5 [1747604]: mask 0x100000000100000 set
cpu-bind=MASK - ault04, task 16 16 [1747615]: mask 0x200000000200 set
cpu-bind=MASK - ault04, task 23 23 [1747622]: mask 0x4000000004000 set
cpu-bind=MASK - ault04, task 14 14 [1747613]: mask 0x100000000100 set
cpu-bind=MASK - ault04, task 20 20 [1747619]: mask 0x800000000800 set
Running problem size 25^3 per domain until completion
Num processors: 27
Num threads: 1
Total number of elements: 421875 

To run other sizes, use -s <integer>.
To run a fixed number of iterations, use -i <integer>.
To run a more or less balanced region set, use -b <integer>.
To change the relative costs of regions, use -c <integer>.
To print out progress, use -p
To write an output file for VisIt, use -v
See help (-h) for more options

Run completed:
   Problem size        =  25
   MPI tasks           =  27
   Iteration count     =  2588
   Final Origin Energy =  1.067042e+06
   Testing Plane 0 of Energy Array on rank 0:
        MaxAbsDiff   = 3.565219e-10
        TotalAbsDiff = 6.068149e-09
        MaxRelDiff   = 4.142565e-14

Elapsed time         = 182.9047692 (s)
Grind time (us/z/c)  =  4.5231473 (per dom)  ( 182.90477 overall)
FOM                  =  5969.2949 (z/s)

