srun: Warning: can't honor --ntasks-per-node set to 32 which doesn't match the requested tasks 125 with the number of requested nodes 4. Ignoring --ntasks-per-node.
cpu-bind=MASK - ault03, task 67  4 [210814]: mask 0x8000000008 set
cpu-bind=MASK - ault03, task 80 17 [210827]: mask 0x4000000004000000 set
cpu-bind=MASK - ault03, task 81 18 [210828]: mask 0x400000000400 set
cpu-bind=MASK - ault03, task 87 24 [210834]: mask 0x2000000002000 set
cpu-bind=MASK - ault03, task 66  3 [210813]: mask 0x80000000080000 set
cpu-bind=MASK - ault03, task 68  5 [210815]: mask 0x100000000100000 set
cpu-bind=MASK - ault03, task 71  8 [210818]: mask 0x20000000020 set
cpu-bind=MASK - ault03, task 72  9 [210819]: mask 0x400000000400000 set
cpu-bind=MASK - ault03, task 73 10 [210820]: mask 0x40000000040 set
cpu-bind=MASK - ault03, task 76 13 [210823]: mask 0x1000000001000000 set
cpu-bind=MASK - ault03, task 78 15 [210825]: mask 0x2000000002000000 set
cpu-bind=MASK - ault03, task 79 16 [210826]: mask 0x200000000200 set
cpu-bind=MASK - ault03, task 82 19 [210829]: mask 0x8000000008000000 set
cpu-bind=MASK - ault03, task 84 21 [210831]: mask 0x10000000010000000 set
cpu-bind=MASK - ault03, task 85 22 [210832]: mask 0x1000000001000 set
cpu-bind=MASK - ault03, task 88 25 [210835]: mask 0x40000000040000000 set
cpu-bind=MASK - ault03, task 89 26 [210836]: mask 0x4000000004000 set
cpu-bind=MASK - ault03, task 91 28 [210838]: mask 0x8000000008000 set
cpu-bind=MASK - ault03, task 92 29 [210839]: mask 0x100000000100000000 set
cpu-bind=MASK - ault03, task 93 30 [210840]: mask 0x10000000010000 set
cpu-bind=MASK - ault03, task 63  0 [210810]: mask 0x2000000002 set
cpu-bind=MASK - ault03, task 64  1 [210811]: mask 0x40000000040000 set
cpu-bind=MASK - ault03, task 65  2 [210812]: mask 0x4000000004 set
cpu-bind=MASK - ault03, task 70  7 [210817]: mask 0x200000000200000 set
cpu-bind=MASK - ault03, task 74 11 [210821]: mask 0x800000000800000 set
cpu-bind=MASK - ault03, task 75 12 [210822]: mask 0x80000000080 set
cpu-bind=MASK - ault03, task 77 14 [210824]: mask 0x100000000100 set
cpu-bind=MASK - ault03, task 83 20 [210830]: mask 0x800000000800 set
cpu-bind=MASK - ault03, task 86 23 [210833]: mask 0x20000000020000000 set
cpu-bind=MASK - ault03, task 90 27 [210837]: mask 0x80000000080000000 set
cpu-bind=MASK - ault03, task 69  6 [210816]: mask 0x10000000010 set
cpu-bind=MASK - ault02, task 52 20 [147071]: mask 0x800000000800 set
cpu-bind=MASK - ault02, task 57 25 [147076]: mask 0x40000000040000000 set
cpu-bind=MASK - ault02, task 32  0 [147051]: mask 0x2000000002 set
cpu-bind=MASK - ault04, task 112 18 [3111110]: mask 0x400000000400 set
cpu-bind=MASK - ault02, task 34  2 [147053]: mask 0x4000000004 set
cpu-bind=MASK - ault04, task 95  1 [3111093]: mask 0x40000000040000 set
cpu-bind=MASK - ault02, task 35  3 [147054]: mask 0x80000000080000 set
cpu-bind=MASK - ault04, task 101  7 [3111099]: mask 0x200000000200000 set
cpu-bind=MASK - ault02, task 59 27 [147078]: mask 0x80000000080000000 set
cpu-bind=MASK - ault04, task 115 21 [3111113]: mask 0x10000000010000000 set
cpu-bind=MASK - ault02, task 58 26 [147077]: mask 0x4000000004000 set
cpu-bind=MASK - ault04, task 102  8 [3111100]: mask 0x20000000020 set
cpu-bind=MASK - ault02, task 36  4 [147055]: mask 0x8000000008 set
cpu-bind=MASK - ault04, task 94  0 [3111092]: mask 0x2000000002 set
cpu-bind=MASK - ault02, task 42 10 [147061]: mask 0x40000000040 set
cpu-bind=MASK - ault04, task 97  3 [3111095]: mask 0x80000000080000 set
cpu-bind=MASK - ault02, task 54 22 [147073]: mask 0x1000000001000 set
cpu-bind=MASK - ault04, task 99  5 [3111097]: mask 0x100000000100000 set
cpu-bind=MASK - ault02, task 55 23 [147074]: mask 0x20000000020000000 set
cpu-bind=MASK - ault04, task 114 20 [3111112]: mask 0x800000000800 set
cpu-bind=MASK - ault02, task 44 12 [147063]: mask 0x80000000080 set
cpu-bind=MASK - ault04, task 118 24 [3111116]: mask 0x2000000002000 set
cpu-bind=MASK - ault02, task 46 14 [147065]: mask 0x100000000100 set
cpu-bind=MASK - ault04, task 122 28 [3111120]: mask 0x8000000008000 set
cpu-bind=MASK - ault02, task 47 15 [147066]: mask 0x2000000002000000 set
cpu-bind=MASK - ault04, task 123 29 [3111121]: mask 0x100000000100000000 set
cpu-bind=MASK - ault02, task 50 18 [147069]: mask 0x400000000400 set
cpu-bind=MASK - ault04, task 96  2 [3111094]: mask 0x4000000004 set
cpu-bind=MASK - ault02, task 51 19 [147070]: mask 0x8000000008000000 set
cpu-bind=MASK - ault04, task 98  4 [3111096]: mask 0x8000000008 set
cpu-bind=MASK - ault02, task 56 24 [147075]: mask 0x2000000002000 set
cpu-bind=MASK - ault04, task 100  6 [3111098]: mask 0x10000000010 set
cpu-bind=MASK - ault02, task 61 29 [147080]: mask 0x100000000100000000 set
cpu-bind=MASK - ault04, task 103  9 [3111101]: mask 0x400000000400000 set
cpu-bind=MASK - ault02, task 33  1 [147052]: mask 0x40000000040000 set
cpu-bind=MASK - ault04, task 104 10 [3111102]: mask 0x40000000040 set
cpu-bind=MASK - ault02, task 37  5 [147056]: mask 0x100000000100000 set
cpu-bind=MASK - ault04, task 105 11 [3111103]: mask 0x800000000800000 set
cpu-bind=MASK - ault02, task 38  6 [147057]: mask 0x10000000010 set
cpu-bind=MASK - ault04, task 107 13 [3111105]: mask 0x1000000001000000 set
cpu-bind=MASK - ault02, task 39  7 [147058]: mask 0x200000000200000 set
cpu-bind=MASK - ault04, task 108 14 [3111106]: mask 0x100000000100 set
cpu-bind=MASK - ault02, task 40  8 [147059]: mask 0x20000000020 set
cpu-bind=MASK - ault04, task 109 15 [3111107]: mask 0x2000000002000000 set
cpu-bind=MASK - ault02, task 41  9 [147060]: mask 0x400000000400000 set
cpu-bind=MASK - ault04, task 110 16 [3111108]: mask 0x200000000200 set
cpu-bind=MASK - ault02, task 43 11 [147062]: mask 0x800000000800000 set
cpu-bind=MASK - ault04, task 111 17 [3111109]: mask 0x4000000004000000 set
cpu-bind=MASK - ault02, task 48 16 [147067]: mask 0x200000000200 set
cpu-bind=MASK - ault04, task 113 19 [3111111]: mask 0x8000000008000000 set
cpu-bind=MASK - ault02, task 49 17 [147068]: mask 0x4000000004000000 set
cpu-bind=MASK - ault04, task 116 22 [3111114]: mask 0x1000000001000 set
cpu-bind=MASK - ault02, task 53 21 [147072]: mask 0x10000000010000000 set
cpu-bind=MASK - ault04, task 117 23 [3111115]: mask 0x20000000020000000 set
cpu-bind=MASK - ault02, task 60 28 [147079]: mask 0x8000000008000 set
cpu-bind=MASK - ault04, task 119 25 [3111117]: mask 0x40000000040000000 set
cpu-bind=MASK - ault02, task 62 30 [147081]: mask 0x10000000010000 set
cpu-bind=MASK - ault04, task 120 26 [3111118]: mask 0x4000000004000 set
cpu-bind=MASK - ault02, task 45 13 [147064]: mask 0x1000000001000000 set
cpu-bind=MASK - ault04, task 124 30 [3111122]: mask 0x10000000010000 set
cpu-bind=MASK - ault04, task 106 12 [3111104]: mask 0x80000000080 set
cpu-bind=MASK - ault04, task 121 27 [3111119]: mask 0x80000000080000000 set
cpu-bind=MASK - ault01, task  5  5 [345713]: mask 0x100000000100000 set
cpu-bind=MASK - ault01, task  9  9 [345717]: mask 0x400000000400000 set
cpu-bind=MASK - ault01, task  2  2 [345710]: mask 0x4000000004 set
cpu-bind=MASK - ault01, task  8  8 [345716]: mask 0x20000000020 set
cpu-bind=MASK - ault01, task 11 11 [345719]: mask 0x800000000800000 set
cpu-bind=MASK - ault01, task 13 13 [345721]: mask 0x1000000001000000 set
cpu-bind=MASK - ault01, task 20 20 [345728]: mask 0x800000000800 set
cpu-bind=MASK - ault01, task  0  0 [345708]: mask 0x2000000002 set
cpu-bind=MASK - ault01, task  1  1 [345709]: mask 0x40000000040000 set
cpu-bind=MASK - ault01, task  3  3 [345711]: mask 0x80000000080000 set
cpu-bind=MASK - ault01, task  4  4 [345712]: mask 0x8000000008 set
cpu-bind=MASK - ault01, task  6  6 [345714]: mask 0x10000000010 set
cpu-bind=MASK - ault01, task  7  7 [345715]: mask 0x200000000200000 set
cpu-bind=MASK - ault01, task 10 10 [345718]: mask 0x40000000040 set
cpu-bind=MASK - ault01, task 12 12 [345720]: mask 0x80000000080 set
cpu-bind=MASK - ault01, task 14 14 [345722]: mask 0x100000000100 set
cpu-bind=MASK - ault01, task 15 15 [345723]: mask 0x2000000002000000 set
cpu-bind=MASK - ault01, task 16 16 [345724]: mask 0x200000000200 set
cpu-bind=MASK - ault01, task 17 17 [345725]: mask 0x4000000004000000 set
cpu-bind=MASK - ault01, task 18 18 [345726]: mask 0x400000000400 set
cpu-bind=MASK - ault01, task 19 19 [345727]: mask 0x8000000008000000 set
cpu-bind=MASK - ault01, task 21 21 [345729]: mask 0x10000000010000000 set
cpu-bind=MASK - ault01, task 22 22 [345730]: mask 0x1000000001000 set
cpu-bind=MASK - ault01, task 23 23 [345731]: mask 0x20000000020000000 set
cpu-bind=MASK - ault01, task 24 24 [345732]: mask 0x2000000002000 set
cpu-bind=MASK - ault01, task 25 25 [345733]: mask 0x40000000040000000 set
cpu-bind=MASK - ault01, task 26 26 [345734]: mask 0x4000000004000 set
cpu-bind=MASK - ault01, task 27 27 [345735]: mask 0x80000000080000000 set
cpu-bind=MASK - ault01, task 28 28 [345736]: mask 0x8000000008000 set
cpu-bind=MASK - ault01, task 29 29 [345737]: mask 0x100000000100000000 set
cpu-bind=MASK - ault01, task 30 30 [345738]: mask 0x10000000010000 set
cpu-bind=MASK - ault01, task 31 31 [345739]: mask 0x20000000020000 set
Running problem size 20^3 per domain until completion
Num processors: 125
Num threads: 1
Total number of elements: 1000000 

To run other sizes, use -s <integer>.
To run a fixed number of iterations, use -i <integer>.
To run a more or less balanced region set, use -b <integer>.
To change the relative costs of regions, use -c <integer>.
To print out progress, use -p
To write an output file for VisIt, use -v
See help (-h) for more options

Run completed:
   Problem size        =  20
   MPI tasks           =  125
   Iteration count     =  3517
   Final Origin Energy =  1.791828e+06
   Testing Plane 0 of Energy Array on rank 0:
        MaxAbsDiff   = 1.135049e-09
        TotalAbsDiff = 1.028366e-08
        MaxRelDiff   = 2.474559e-14

Elapsed time         = 135.2242111 (s)
Grind time (us/z/c)  =  4.8060922 (per dom)  ( 135.22421 overall)
FOM                  =  26008.656 (z/s)

