srun: Warning: can't honor --ntasks-per-node set to 32 which doesn't match the requested tasks 125 with the number of requested nodes 4. Ignoring --ntasks-per-node.
cpu-bind=MASK - ault03, task 67  4 [204285]: mask 0x8000000008 set
cpu-bind=MASK - ault03, task 65  2 [204283]: mask 0x4000000004 set
cpu-bind=MASK - ault03, task 64  1 [204282]: mask 0x40000000040000 set
cpu-bind=MASK - ault03, task 63  0 [204281]: mask 0x2000000002 set
cpu-bind=MASK - ault03, task 74 11 [204292]: mask 0x800000000800000 set
cpu-bind=MASK - ault03, task 87 24 [204305]: mask 0x2000000002000 set
cpu-bind=MASK - ault03, task 88 25 [204306]: mask 0x40000000040000000 set
cpu-bind=MASK - ault03, task 66  3 [204284]: mask 0x80000000080000 set
cpu-bind=MASK - ault03, task 70  7 [204288]: mask 0x200000000200000 set
cpu-bind=MASK - ault03, task 71  8 [204289]: mask 0x20000000020 set
cpu-bind=MASK - ault03, task 77 14 [204295]: mask 0x100000000100 set
cpu-bind=MASK - ault03, task 78 15 [204296]: mask 0x2000000002000000 set
cpu-bind=MASK - ault03, task 79 16 [204297]: mask 0x200000000200 set
cpu-bind=MASK - ault03, task 90 27 [204308]: mask 0x80000000080000000 set
cpu-bind=MASK - ault03, task 91 28 [204309]: mask 0x8000000008000 set
cpu-bind=MASK - ault03, task 69  6 [204287]: mask 0x10000000010 set
cpu-bind=MASK - ault03, task 72  9 [204290]: mask 0x400000000400000 set
cpu-bind=MASK - ault03, task 73 10 [204291]: mask 0x40000000040 set
cpu-bind=MASK - ault03, task 76 13 [204294]: mask 0x1000000001000000 set
cpu-bind=MASK - ault03, task 80 17 [204298]: mask 0x4000000004000000 set
cpu-bind=MASK - ault03, task 81 18 [204299]: mask 0x400000000400 set
cpu-bind=MASK - ault03, task 82 19 [204300]: mask 0x8000000008000000 set
cpu-bind=MASK - ault03, task 86 23 [204304]: mask 0x20000000020000000 set
cpu-bind=MASK - ault03, task 89 26 [204307]: mask 0x4000000004000 set
cpu-bind=MASK - ault03, task 68  5 [204286]: mask 0x100000000100000 set
cpu-bind=MASK - ault03, task 75 12 [204293]: mask 0x80000000080 set
cpu-bind=MASK - ault03, task 83 20 [204301]: mask 0x800000000800 set
cpu-bind=MASK - ault03, task 84 21 [204302]: mask 0x10000000010000000 set
cpu-bind=MASK - ault03, task 85 22 [204303]: mask 0x1000000001000 set
cpu-bind=MASK - ault03, task 92 29 [204310]: mask 0x100000000100000000 set
cpu-bind=MASK - ault03, task 93 30 [204311]: mask 0x10000000010000 set
cpu-bind=MASK - ault02, task 50 18 [140702]: mask 0x400000000400 set
cpu-bind=MASK - ault02, task 33  1 [140685]: mask 0x40000000040000 set
cpu-bind=MASK - ault02, task 41  9 [140693]: mask 0x400000000400000 set
cpu-bind=MASK - ault02, task 51 19 [140703]: mask 0x8000000008000000 set
cpu-bind=MASK - ault02, task 47 15 [140699]: mask 0x2000000002000000 set
cpu-bind=MASK - ault02, task 44 12 [140696]: mask 0x80000000080 set
cpu-bind=MASK - ault02, task 32  0 [140684]: mask 0x2000000002 set
cpu-bind=MASK - ault02, task 36  4 [140688]: mask 0x8000000008 set
cpu-bind=MASK - ault02, task 52 20 [140704]: mask 0x800000000800 set
cpu-bind=MASK - ault02, task 56 24 [140708]: mask 0x2000000002000 set
cpu-bind=MASK - ault02, task 35  3 [140687]: mask 0x80000000080000 set
cpu-bind=MASK - ault02, task 37  5 [140689]: mask 0x100000000100000 set
cpu-bind=MASK - ault02, task 58 26 [140710]: mask 0x4000000004000 set
cpu-bind=MASK - ault02, task 48 16 [140700]: mask 0x200000000200 set
cpu-bind=MASK - ault02, task 59 27 [140711]: mask 0x80000000080000000 set
cpu-bind=MASK - ault02, task 61 29 [140713]: mask 0x100000000100000000 set
cpu-bind=MASK - ault02, task 62 30 [140714]: mask 0x10000000010000 set
cpu-bind=MASK - ault02, task 38  6 [140690]: mask 0x10000000010 set
cpu-bind=MASK - ault02, task 39  7 [140691]: mask 0x200000000200000 set
cpu-bind=MASK - ault02, task 40  8 [140692]: mask 0x20000000020 set
cpu-bind=MASK - ault02, task 46 14 [140698]: mask 0x100000000100 set
cpu-bind=MASK - ault02, task 49 17 [140701]: mask 0x4000000004000000 set
cpu-bind=MASK - ault02, task 53 21 [140705]: mask 0x10000000010000000 set
cpu-bind=MASK - ault02, task 54 22 [140706]: mask 0x1000000001000 set
cpu-bind=MASK - ault02, task 57 25 [140709]: mask 0x40000000040000000 set
cpu-bind=MASK - ault02, task 60 28 [140712]: mask 0x8000000008000 set
cpu-bind=MASK - ault02, task 42 10 [140694]: mask 0x40000000040 set
cpu-bind=MASK - ault02, task 43 11 [140695]: mask 0x800000000800000 set
cpu-bind=MASK - ault02, task 34  2 [140686]: mask 0x4000000004 set
cpu-bind=MASK - ault02, task 55 23 [140707]: mask 0x20000000020000000 set
cpu-bind=MASK - ault02, task 45 13 [140697]: mask 0x1000000001000000 set
cpu-bind=MASK - ault04, task 112 18 [3104678]: mask 0x400000000400 set
cpu-bind=MASK - ault04, task 95  1 [3104661]: mask 0x40000000040000 set
cpu-bind=MASK - ault04, task 105 11 [3104671]: mask 0x800000000800000 set
cpu-bind=MASK - ault04, task 114 20 [3104680]: mask 0x800000000800 set
cpu-bind=MASK - ault04, task 122 28 [3104688]: mask 0x8000000008000 set
cpu-bind=MASK - ault04, task 100  6 [3104666]: mask 0x10000000010 set
cpu-bind=MASK - ault04, task 101  7 [3104667]: mask 0x200000000200000 set
cpu-bind=MASK - ault04, task 104 10 [3104670]: mask 0x40000000040 set
cpu-bind=MASK - ault04, task 110 16 [3104676]: mask 0x200000000200 set
cpu-bind=MASK - ault04, task 118 24 [3104684]: mask 0x2000000002000 set
cpu-bind=MASK - ault04, task 108 14 [3104674]: mask 0x100000000100 set
cpu-bind=MASK - ault04, task 115 21 [3104681]: mask 0x10000000010000000 set
cpu-bind=MASK - ault04, task 116 22 [3104682]: mask 0x1000000001000 set
cpu-bind=MASK - ault04, task 119 25 [3104685]: mask 0x40000000040000000 set
cpu-bind=MASK - ault04, task 120 26 [3104686]: mask 0x4000000004000 set
cpu-bind=MASK - ault04, task 123 29 [3104689]: mask 0x100000000100000000 set
cpu-bind=MASK - ault04, task 124 30 [3104690]: mask 0x10000000010000 set
cpu-bind=MASK - ault04, task 94  0 [3104660]: mask 0x2000000002 set
cpu-bind=MASK - ault04, task 96  2 [3104662]: mask 0x4000000004 set
cpu-bind=MASK - ault04, task 98  4 [3104664]: mask 0x8000000008 set
cpu-bind=MASK - ault04, task 99  5 [3104665]: mask 0x100000000100000 set
cpu-bind=MASK - ault04, task 102  8 [3104668]: mask 0x20000000020 set
cpu-bind=MASK - ault04, task 103  9 [3104669]: mask 0x400000000400000 set
cpu-bind=MASK - ault04, task 106 12 [3104672]: mask 0x80000000080 set
cpu-bind=MASK - ault04, task 107 13 [3104673]: mask 0x1000000001000000 set
cpu-bind=MASK - ault04, task 109 15 [3104675]: mask 0x2000000002000000 set
cpu-bind=MASK - ault04, task 111 17 [3104677]: mask 0x4000000004000000 set
cpu-bind=MASK - ault04, task 113 19 [3104679]: mask 0x8000000008000000 set
cpu-bind=MASK - ault04, task 117 23 [3104683]: mask 0x20000000020000000 set
cpu-bind=MASK - ault04, task 121 27 [3104687]: mask 0x80000000080000000 set
cpu-bind=MASK - ault04, task 97  3 [3104663]: mask 0x80000000080000 set
cpu-bind=MASK - ault01, task  1  1 [338743]: mask 0x40000000040000 set
cpu-bind=MASK - ault01, task 19 19 [338761]: mask 0x8000000008000000 set
cpu-bind=MASK - ault01, task  3  3 [338745]: mask 0x80000000080000 set
cpu-bind=MASK - ault01, task 17 17 [338759]: mask 0x4000000004000000 set
cpu-bind=MASK - ault01, task  2  2 [338744]: mask 0x4000000004 set
cpu-bind=MASK - ault01, task  8  8 [338750]: mask 0x20000000020 set
cpu-bind=MASK - ault01, task  9  9 [338751]: mask 0x400000000400000 set
cpu-bind=MASK - ault01, task 11 11 [338753]: mask 0x800000000800000 set
cpu-bind=MASK - ault01, task 14 14 [338756]: mask 0x100000000100 set
cpu-bind=MASK - ault01, task 20 20 [338762]: mask 0x800000000800 set
cpu-bind=MASK - ault01, task 24 24 [338766]: mask 0x2000000002000 set
cpu-bind=MASK - ault01, task 26 26 [338768]: mask 0x4000000004000 set
cpu-bind=MASK - ault01, task 27 27 [338769]: mask 0x80000000080000000 set
cpu-bind=MASK - ault01, task  0  0 [338742]: mask 0x2000000002 set
cpu-bind=MASK - ault01, task  4  4 [338746]: mask 0x8000000008 set
cpu-bind=MASK - ault01, task  5  5 [338747]: mask 0x100000000100000 set
cpu-bind=MASK - ault01, task  6  6 [338748]: mask 0x10000000010 set
cpu-bind=MASK - ault01, task  7  7 [338749]: mask 0x200000000200000 set
cpu-bind=MASK - ault01, task 10 10 [338752]: mask 0x40000000040 set
cpu-bind=MASK - ault01, task 12 12 [338754]: mask 0x80000000080 set
cpu-bind=MASK - ault01, task 13 13 [338755]: mask 0x1000000001000000 set
cpu-bind=MASK - ault01, task 15 15 [338757]: mask 0x2000000002000000 set
cpu-bind=MASK - ault01, task 16 16 [338758]: mask 0x200000000200 set
cpu-bind=MASK - ault01, task 18 18 [338760]: mask 0x400000000400 set
cpu-bind=MASK - ault01, task 21 21 [338763]: mask 0x10000000010000000 set
cpu-bind=MASK - ault01, task 22 22 [338764]: mask 0x1000000001000 set
cpu-bind=MASK - ault01, task 23 23 [338765]: mask 0x20000000020000000 set
cpu-bind=MASK - ault01, task 25 25 [338767]: mask 0x40000000040000000 set
cpu-bind=MASK - ault01, task 28 28 [338770]: mask 0x8000000008000 set
cpu-bind=MASK - ault01, task 29 29 [338771]: mask 0x100000000100000000 set
cpu-bind=MASK - ault01, task 30 30 [338772]: mask 0x10000000010000 set
cpu-bind=MASK - ault01, task 31 31 [338773]: mask 0x20000000020000 set
Running problem size 18^3 per domain until completion
Num processors: 125
Num threads: 1
Total number of elements: 729000 

To run other sizes, use -s <integer>.
To run a fixed number of iterations, use -i <integer>.
To run a more or less balanced region set, use -b <integer>.
To change the relative costs of regions, use -c <integer>.
To print out progress, use -p
To write an output file for VisIt, use -v
See help (-h) for more options

Run completed:
   Problem size        =  18
   MPI tasks           =  125
   Iteration count     =  3145
   Final Origin Energy =  1.482403e+06
   Testing Plane 0 of Energy Array on rank 0:
        MaxAbsDiff   = 1.629815e-09
        TotalAbsDiff = 8.115194e-09
        MaxRelDiff   = 2.613022e-14

Elapsed time         = 92.28446749 (s)
Grind time (us/z/c)  =  5.0314185 (per dom)  ( 92.284467 overall)
FOM                  =  24843.888 (z/s)

