SU3 with improved KS action
Microcanonical simulation with refreshing
R algorithm
MIMD version 7.8.1
Machine = MPI (portable), with 128 nodes
Host(0) = ault01.cscs.ch
Username = mcopik
Options selected...
Generic single precision
C_GLOBAL_INLINE
DBLSTORE_FN
D_FN_GATHER13
FEWSUMS
KS_MULTIFF=FNMAT
VECLENGTH=4
type 0 for no prompts, 1 for prompts, or 2 for proofreading
nflavors1 2
nflavors2 1
nx 32
ny 32
nz 16
nt 36
iseed 5682304
LAYOUT = Hypercubes, options = hyper_prime,
automatic hyper_prime layout
ON EACH NODE 8 x 8 x 8 x 9
Mallocing 4.5 MBytes per node for lattice
WARNING!!: Resetting random seed
Made lattice
Made nn gathers
Made 3nn gathers
Finished setup


warms 0
trajecs 4
traj_between_meas 1
beta 5.6
mass1 0.125
mass2 0.125
u0 0.8441
microcanonical_time_step 0.2
steps_per_trajectory 5
max_cg_iterations 100
max_cg_restarts 5
error_per_site 0.125
error_for_propagator 0.125
npbp_reps 1
prec_pbp 1
fresh 
save_parallel lat_p64_size128_1
unit gauge configuration loaded
CHECK PLAQ: 3.000000e+00 3.000000e+00
CHECK NERSC LINKTR: 1.000000e+00 CKSUM: 0
Unitarity checked.  Max deviation 0.00e+00
Time to check unitarity = 3.343105e-03
"O(a^2): couplings(pi)=0, Naik term, No O(a^2) errors, tadpole weights"
path coefficients: npath  path_coeff  multiplicity
                    0      6.250000e-01     8
                    1      -5.847914e-02     8
                    2      -8.771871e-02     48
                    3      3.077829e-02     192
                    4      -7.199551e-03     384
                    5      -1.231132e-01     48
Symanzik 1x1 + 1x2 + 1x1x1 action
gauge_action: total_dyn_flavors = 3
loop coefficients: nloop rep loop_coeff  multiplicity
                    0 0      1.000000e+00     6
                    1 0      -7.762509e-02     12
                    2 0      -1.031171e-02     16
WARMUPS COMPLETED
CONGRAD5: time = 1.677084e-02 (fn F) masses = 1 iters = 4 mflops = 1.304573e+03
 OK converged final_rsq= 0.006 (cf 0.016) rel = 1 (cf 0) restarts = 1 iters= 4
CONGRAD5: time = 1.699305e-02 (fn F) masses = 1 iters = 4 mflops = 1.287514e+03
 OK converged final_rsq= 0.0059 (cf 0.016) rel = 1 (cf 0) restarts = 1 iters= 4
GFTIME:   time = 3.695660e-01 (Symanzik1) mflops = 1.907758e+03
FFTIME:  time = 8.839662e-01 (asqtad3) terms = 2 mflops = 2.262218e+03
CONGRAD5: time = 1.690698e-02 (fn F) masses = 1 iters = 4 mflops = 1.294068e+03
 OK converged final_rsq= 0.01 (cf 0.016) rel = 1 (cf 0) restarts = 1 iters= 4
CONGRAD5: time = 1.697898e-02 (fn F) masses = 1 iters = 4 mflops = 1.288581e+03
 OK converged final_rsq= 0.0097 (cf 0.016) rel = 1 (cf 0) restarts = 1 iters= 4
GFTIME:   time = 3.662169e-01 (Symanzik1) mflops = 1.925205e+03
FFTIME:  time = 8.836069e-01 (asqtad3) terms = 2 mflops = 2.263138e+03
CONGRAD5: time = 1.693487e-02 (fn F) masses = 1 iters = 4 mflops = 1.291937e+03
 OK converged final_rsq= 0.014 (cf 0.016) rel = 1 (cf 0) restarts = 1 iters= 4
CONGRAD5: time = 1.687813e-02 (fn F) masses = 1 iters = 4 mflops = 1.296280e+03
 OK converged final_rsq= 0.014 (cf 0.016) rel = 1 (cf 0) restarts = 1 iters= 4
GFTIME:   time = 3.659379e-01 (Symanzik1) mflops = 1.926672e+03
FFTIME:  time = 8.832159e-01 (asqtad3) terms = 2 mflops = 2.264140e+03
CONGRAD5: time = 1.694679e-02 (fn F) masses = 1 iters = 4 mflops = 1.291028e+03
 OK converged final_rsq= 0.013 (cf 0.016) rel = 1 (cf 0) restarts = 1 iters= 4
CONGRAD5: time = 1.683998e-02 (fn F) masses = 1 iters = 4 mflops = 1.299217e+03
 OK converged final_rsq= 0.013 (cf 0.016) rel = 1 (cf 0) restarts = 1 iters= 4
GFTIME:   time = 3.677759e-01 (Symanzik1) mflops = 1.917044e+03
FFTIME:  time = 8.834720e-01 (asqtad3) terms = 2 mflops = 2.263484e+03
CONGRAD5: time = 1.681590e-02 (fn F) masses = 1 iters = 4 mflops = 1.301077e+03
 OK converged final_rsq= 0.011 (cf 0.016) rel = 1 (cf 0) restarts = 1 iters= 4
CONGRAD5: time = 1.682806e-02 (fn F) masses = 1 iters = 4 mflops = 1.300137e+03
 OK converged final_rsq= 0.011 (cf 0.016) rel = 1 (cf 0) restarts = 1 iters= 4
GFTIME:   time = 3.668308e-01 (Symanzik1) mflops = 1.921983e+03
FFTIME:  time = 8.827450e-01 (asqtad3) terms = 2 mflops = 2.265348e+03
PLAQ:	2.349265	2.348269
P_LOOP:	-6.682193e-03	9.773446e-04
G_LOOP:  0  0  4   	2.348559e+00	( 0 1 7 6  )
G_LOOP:  0  1  4   	2.349252e+00	( 0 2 7 5  )
G_LOOP:  0  2  4   	2.348348e+00	( 0 3 7 4  )
G_LOOP:  0  3  4   	2.349984e+00	( 1 2 6 5  )
G_LOOP:  0  4  4   	2.348541e+00	( 1 3 6 4  )
G_LOOP:  0  5  4   	2.347916e+00	( 2 3 5 4  )
G_LOOP:  1  0  6   	1.774483e+00	( 0 0 1 7 7 6  )
G_LOOP:  1  1  6   	1.775297e+00	( 0 0 2 7 7 5  )
G_LOOP:  1  2  6   	1.774250e+00	( 0 0 3 7 7 4  )
G_LOOP:  1  3  6   	1.774996e+00	( 1 1 0 6 6 7  )
G_LOOP:  1  4  6   	1.777638e+00	( 1 1 2 6 6 5  )
G_LOOP:  1  5  6   	1.774902e+00	( 1 1 3 6 6 4  )
G_LOOP:  1  6  6   	1.775524e+00	( 2 2 0 5 5 7  )
G_LOOP:  1  7  6   	1.776742e+00	( 2 2 1 5 5 6  )
G_LOOP:  1  8  6   	1.773753e+00	( 2 2 3 5 5 4  )
G_LOOP:  1  9  6   	1.773417e+00	( 3 3 0 4 4 7  )
G_LOOP:  1  10  6   	1.773749e+00	( 3 3 1 4 4 6  )
G_LOOP:  1  11  6   	1.772733e+00	( 3 3 2 4 4 5  )
G_LOOP:  2  0  6   	1.822665e+00	( 0 1 2 7 6 5  )
G_LOOP:  2  1  6   	1.822071e+00	( 0 1 5 7 6 2  )
G_LOOP:  2  2  6   	1.822493e+00	( 0 6 2 7 1 5  )
G_LOOP:  2  3  6   	1.823732e+00	( 0 6 5 7 1 2  )
G_LOOP:  2  4  6   	1.820724e+00	( 0 1 3 7 6 4  )
G_LOOP:  2  5  6   	1.822804e+00	( 0 1 4 7 6 3  )
G_LOOP:  2  6  6   	1.820916e+00	( 0 6 3 7 1 4  )
G_LOOP:  2  7  6   	1.821044e+00	( 0 6 4 7 1 3  )
G_LOOP:  2  8  6   	1.821923e+00	( 0 2 3 7 5 4  )
G_LOOP:  2  9  6   	1.821556e+00	( 0 2 4 7 5 3  )
G_LOOP:  2  10  6   	1.820782e+00	( 0 5 3 7 2 4  )
G_LOOP:  2  11  6   	1.821740e+00	( 0 5 4 7 2 3  )
G_LOOP:  2  12  6   	1.821947e+00	( 1 2 3 6 5 4  )
G_LOOP:  2  13  6   	1.822804e+00	( 1 2 4 6 5 3  )
G_LOOP:  2  14  6   	1.820627e+00	( 1 5 3 6 2 4  )
G_LOOP:  2  15  6   	1.821858e+00	( 1 5 4 6 2 3  )
GACTION: 2.571736e+00
CONGRAD5: time = 1.632309e-02 (fn F) masses = 1 iters = 4 mflops = 1.340358e+03
 OK converged final_rsq= 0.01 (cf 0.016) rel = 1 (cf 0) restarts = 1 iters= 4
CONGRAD5: time = 2.251410e-02 (fn F) masses = 1 iters = 6 mflops = 1.457672e+03
 OK converged final_rsq= 0.0089 (cf 0.016) rel = 1 (cf 0) restarts = 1 iters= 6
PBP: mass 1.250000e-01     6.872155e-02  9.520512e-02  1.028678e-03  1.342415e-03 ( 1 of 1 )
FACTION: mass = 1.250000e-01,  1.463764e+00 ( 1 of 1 )
CONGRAD5: time = 1.673508e-02 (fn F) masses = 1 iters = 4 mflops = 1.307361e+03
 OK converged final_rsq= 0.01 (cf 0.016) rel = 1 (cf 0) restarts = 1 iters= 4
CONGRAD5: time = 2.227902e-02 (fn F) masses = 1 iters = 6 mflops = 1.473053e+03
 OK converged final_rsq= 0.009 (cf 0.016) rel = 1 (cf 0) restarts = 1 iters= 6
PBP: mass 1.250000e-01     7.027510e-02  9.397566e-02  -5.049845e-04  -4.720721e-04 ( 1 of 1 )
FACTION: mass = 1.250000e-01,  1.465242e+00 ( 1 of 1 )
CONGRAD5: time = 1.715302e-02 (fn F) masses = 1 iters = 4 mflops = 1.275506e+03
 OK converged final_rsq= 0.012 (cf 0.016) rel = 1 (cf 0) restarts = 1 iters= 4
CONGRAD5: time = 1.699901e-02 (fn F) masses = 1 iters = 4 mflops = 1.287063e+03
 OK converged final_rsq= 0.011 (cf 0.016) rel = 1 (cf 0) restarts = 1 iters= 4
GFTIME:   time = 3.680439e-01 (Symanzik1) mflops = 1.915648e+03
FFTIME:  time = 8.802011e-01 (asqtad3) terms = 2 mflops = 2.271895e+03
CONGRAD5: time = 1.985383e-02 (fn F) masses = 1 iters = 5 mflops = 1.377491e+03
 OK converged final_rsq= 0.0069 (cf 0.016) rel = 1 (cf 0) restarts = 1 iters= 5
CONGRAD5: time = 1.699209e-02 (fn F) masses = 1 iters = 4 mflops = 1.287586e+03
 OK converged final_rsq= 0.015 (cf 0.016) rel = 1 (cf 0) restarts = 1 iters= 4
GFTIME:   time = 3.670800e-01 (Symanzik1) mflops = 1.920678e+03
FFTIME:  time = 8.807681e-01 (asqtad3) terms = 2 mflops = 2.270433e+03
CONGRAD5: time = 1.963401e-02 (fn F) masses = 1 iters = 5 mflops = 1.392914e+03
 OK converged final_rsq= 0.0089 (cf 0.016) rel = 1 (cf 0) restarts = 1 iters= 5
CONGRAD5: time = 1.990509e-02 (fn F) masses = 1 iters = 5 mflops = 1.373944e+03
 OK converged final_rsq= 0.0084 (cf 0.016) rel = 1 (cf 0) restarts = 1 iters= 5
GFTIME:   time = 3.709240e-01 (Symanzik1) mflops = 1.900773e+03
FFTIME:  time = 8.804910e-01 (asqtad3) terms = 2 mflops = 2.271147e+03
CONGRAD5: time = 1.968908e-02 (fn F) masses = 1 iters = 5 mflops = 1.389017e+03
 OK converged final_rsq= 0.0085 (cf 0.016) rel = 1 (cf 0) restarts = 1 iters= 5
CONGRAD5: time = 1.978111e-02 (fn F) masses = 1 iters = 5 mflops = 1.382555e+03
 OK converged final_rsq= 0.0082 (cf 0.016) rel = 1 (cf 0) restarts = 1 iters= 5
GFTIME:   time = 3.671770e-01 (Symanzik1) mflops = 1.920170e+03
FFTIME:  time = 8.818920e-01 (asqtad3) terms = 2 mflops = 2.267539e+03
CONGRAD5: time = 1.978588e-02 (fn F) masses = 1 iters = 5 mflops = 1.382222e+03
 OK converged final_rsq= 0.0074 (cf 0.016) rel = 1 (cf 0) restarts = 1 iters= 5
CONGRAD5: time = 1.719308e-02 (fn F) masses = 1 iters = 4 mflops = 1.272534e+03
 OK converged final_rsq= 0.015 (cf 0.016) rel = 1 (cf 0) restarts = 1 iters= 4
GFTIME:   time = 3.682840e-01 (Symanzik1) mflops = 1.914399e+03
FFTIME:  time = 8.811541e-01 (asqtad3) terms = 2 mflops = 2.269438e+03
PLAQ:	2.014486	2.013632
P_LOOP:	2.581220e-03	-2.103911e-03
G_LOOP:  0  0  4   	2.015156e+00	( 0 1 7 6  )
G_LOOP:  0  1  4   	2.013650e+00	( 0 2 7 5  )
G_LOOP:  0  2  4   	2.013350e+00	( 0 3 7 4  )
G_LOOP:  0  3  4   	2.014651e+00	( 1 2 6 5  )
G_LOOP:  0  4  4   	2.014742e+00	( 1 3 6 4  )
G_LOOP:  0  5  4   	2.012805e+00	( 2 3 5 4  )
G_LOOP:  1  0  6   	1.303704e+00	( 0 0 1 7 7 6  )
G_LOOP:  1  1  6   	1.302054e+00	( 0 0 2 7 7 5  )
G_LOOP:  1  2  6   	1.301816e+00	( 0 0 3 7 7 4  )
G_LOOP:  1  3  6   	1.304647e+00	( 1 1 0 6 6 7  )
G_LOOP:  1  4  6   	1.303914e+00	( 1 1 2 6 6 5  )
G_LOOP:  1  5  6   	1.302718e+00	( 1 1 3 6 6 4  )
G_LOOP:  1  6  6   	1.301598e+00	( 2 2 0 5 5 7  )
G_LOOP:  1  7  6   	1.303268e+00	( 2 2 1 5 5 6  )
G_LOOP:  1  8  6   	1.301066e+00	( 2 2 3 5 5 4  )
G_LOOP:  1  9  6   	1.300961e+00	( 3 3 0 4 4 7  )
G_LOOP:  1  10  6   	1.303999e+00	( 3 3 1 4 4 6  )
G_LOOP:  1  11  6   	1.299717e+00	( 3 3 2 4 4 5  )
G_LOOP:  2  0  6   	1.346088e+00	( 0 1 2 7 6 5  )
G_LOOP:  2  1  6   	1.347219e+00	( 0 1 5 7 6 2  )
G_LOOP:  2  2  6   	1.345574e+00	( 0 6 2 7 1 5  )
G_LOOP:  2  3  6   	1.344948e+00	( 0 6 5 7 1 2  )
G_LOOP:  2  4  6   	1.345418e+00	( 0 1 3 7 6 4  )
G_LOOP:  2  5  6   	1.346750e+00	( 0 1 4 7 6 3  )
G_LOOP:  2  6  6   	1.345525e+00	( 0 6 3 7 1 4  )
G_LOOP:  2  7  6   	1.343740e+00	( 0 6 4 7 1 3  )
G_LOOP:  2  8  6   	1.345224e+00	( 0 2 3 7 5 4  )
G_LOOP:  2  9  6   	1.343742e+00	( 0 2 4 7 5 3  )
G_LOOP:  2  10  6   	1.343805e+00	( 0 5 3 7 2 4  )
G_LOOP:  2  11  6   	1.343888e+00	( 0 5 4 7 2 3  )
G_LOOP:  2  12  6   	1.345325e+00	( 1 2 3 6 5 4  )
G_LOOP:  2  13  6   	1.344464e+00	( 1 2 4 6 5 3  )
G_LOOP:  2  14  6   	1.345986e+00	( 1 5 3 6 2 4  )
G_LOOP:  2  15  6   	1.345179e+00	( 1 5 4 6 2 3  )
GACTION: 4.061357e+00
CONGRAD5: time = 1.636195e-02 (fn F) masses = 1 iters = 4 mflops = 1.337174e+03
 OK converged final_rsq= 0.014 (cf 0.016) rel = 1 (cf 0) restarts = 1 iters= 4
CONGRAD5: time = 2.236104e-02 (fn F) masses = 1 iters = 6 mflops = 1.467650e+03
 OK converged final_rsq= 0.014 (cf 0.016) rel = 1 (cf 0) restarts = 1 iters= 6
PBP: mass 1.250000e-01     8.549070e-02  1.670017e-01  -4.173799e-04  -4.588971e-04 ( 1 of 1 )
FACTION: mass = 1.250000e-01,  1.443735e+00 ( 1 of 1 )
CONGRAD5: time = 1.666903e-02 (fn F) masses = 1 iters = 4 mflops = 1.312541e+03
 OK converged final_rsq= 0.014 (cf 0.016) rel = 1 (cf 0) restarts = 1 iters= 4
CONGRAD5: time = 2.222681e-02 (fn F) masses = 1 iters = 6 mflops = 1.476513e+03
 OK converged final_rsq= 0.013 (cf 0.016) rel = 1 (cf 0) restarts = 1 iters= 6
PBP: mass 1.250000e-01     8.586372e-02  1.639501e-01  -1.776839e-04  -1.137767e-04 ( 1 of 1 )
FACTION: mass = 1.250000e-01,  1.445605e+00 ( 1 of 1 )
CONGRAD5: time = 1.975012e-02 (fn F) masses = 1 iters = 5 mflops = 1.384725e+03
 OK converged final_rsq= 0.0075 (cf 0.016) rel = 1 (cf 0) restarts = 1 iters= 5
CONGRAD5: time = 1.706100e-02 (fn F) masses = 1 iters = 4 mflops = 1.282386e+03
 OK converged final_rsq= 0.015 (cf 0.016) rel = 1 (cf 0) restarts = 1 iters= 4
GFTIME:   time = 3.686669e-01 (Symanzik1) mflops = 1.912411e+03
FFTIME:  time = 8.786318e-01 (asqtad3) terms = 2 mflops = 2.275953e+03
CONGRAD5: time = 1.966500e-02 (fn F) masses = 1 iters = 5 mflops = 1.390718e+03
 OK converged final_rsq= 0.0093 (cf 0.016) rel = 1 (cf 0) restarts = 1 iters= 5
CONGRAD5: time = 1.978397e-02 (fn F) masses = 1 iters = 5 mflops = 1.382355e+03
 OK converged final_rsq= 0.0087 (cf 0.016) rel = 1 (cf 0) restarts = 1 iters= 5
GFTIME:   time = 3.676429e-01 (Symanzik1) mflops = 1.917737e+03
FFTIME:  time = 8.816710e-01 (asqtad3) terms = 2 mflops = 2.268108e+03
CONGRAD5: time = 1.976109e-02 (fn F) masses = 1 iters = 5 mflops = 1.383956e+03
 OK converged final_rsq= 0.011 (cf 0.016) rel = 1 (cf 0) restarts = 1 iters= 5
CONGRAD5: time = 1.999617e-02 (fn F) masses = 1 iters = 5 mflops = 1.367686e+03
 OK converged final_rsq= 0.01 (cf 0.016) rel = 1 (cf 0) restarts = 1 iters= 5
GFTIME:   time = 3.681641e-01 (Symanzik1) mflops = 1.915022e+03
FFTIME:  time = 8.820431e-01 (asqtad3) terms = 2 mflops = 2.267151e+03
CONGRAD5: time = 1.945210e-02 (fn F) masses = 1 iters = 5 mflops = 1.405940e+03
 OK converged final_rsq= 0.011 (cf 0.016) rel = 1 (cf 0) restarts = 1 iters= 5
CONGRAD5: time = 1.975179e-02 (fn F) masses = 1 iters = 5 mflops = 1.384608e+03
 OK converged final_rsq= 0.01 (cf 0.016) rel = 1 (cf 0) restarts = 1 iters= 5
GFTIME:   time = 3.687420e-01 (Symanzik1) mflops = 1.912021e+03
FFTIME:  time = 8.841140e-01 (asqtad3) terms = 2 mflops = 2.261840e+03
CONGRAD5: time = 1.948094e-02 (fn F) masses = 1 iters = 5 mflops = 1.403858e+03
 OK converged final_rsq= 0.01 (cf 0.016) rel = 1 (cf 0) restarts = 1 iters= 5
CONGRAD5: time = 1.979589e-02 (fn F) masses = 1 iters = 5 mflops = 1.381523e+03
 OK converged final_rsq= 0.0095 (cf 0.016) rel = 1 (cf 0) restarts = 1 iters= 5
GFTIME:   time = 3.677781e-01 (Symanzik1) mflops = 1.917032e+03
FFTIME:  time = 8.820481e-01 (asqtad3) terms = 2 mflops = 2.267138e+03
PLAQ:	1.793272	1.792819
P_LOOP:	7.150354e-03	3.644856e-03
G_LOOP:  0  0  4   	1.794027e+00	( 0 1 7 6  )
G_LOOP:  0  1  4   	1.792666e+00	( 0 2 7 5  )
G_LOOP:  0  2  4   	1.792806e+00	( 0 3 7 4  )
G_LOOP:  0  3  4   	1.793121e+00	( 1 2 6 5  )
G_LOOP:  0  4  4   	1.793389e+00	( 1 3 6 4  )
G_LOOP:  0  5  4   	1.792260e+00	( 2 3 5 4  )
G_LOOP:  1  0  6   	1.026727e+00	( 0 0 1 7 7 6  )
G_LOOP:  1  1  6   	1.025528e+00	( 0 0 2 7 7 5  )
G_LOOP:  1  2  6   	1.025770e+00	( 0 0 3 7 7 4  )
G_LOOP:  1  3  6   	1.026611e+00	( 1 1 0 6 6 7  )
G_LOOP:  1  4  6   	1.025958e+00	( 1 1 2 6 6 5  )
G_LOOP:  1  5  6   	1.026533e+00	( 1 1 3 6 6 4  )
G_LOOP:  1  6  6   	1.025096e+00	( 2 2 0 5 5 7  )
G_LOOP:  1  7  6   	1.025914e+00	( 2 2 1 5 5 6  )
G_LOOP:  1  8  6   	1.024420e+00	( 2 2 3 5 5 4  )
G_LOOP:  1  9  6   	1.024433e+00	( 3 3 0 4 4 7  )
G_LOOP:  1  10  6   	1.026094e+00	( 3 3 1 4 4 6  )
G_LOOP:  1  11  6   	1.025461e+00	( 3 3 2 4 4 5  )
G_LOOP:  2  0  6   	1.059879e+00	( 0 1 2 7 6 5  )
G_LOOP:  2  1  6   	1.061188e+00	( 0 1 5 7 6 2  )
G_LOOP:  2  2  6   	1.058528e+00	( 0 6 2 7 1 5  )
G_LOOP:  2  3  6   	1.059794e+00	( 0 6 5 7 1 2  )
G_LOOP:  2  4  6   	1.061257e+00	( 0 1 3 7 6 4  )
G_LOOP:  2  5  6   	1.059771e+00	( 0 1 4 7 6 3  )
G_LOOP:  2  6  6   	1.061515e+00	( 0 6 3 7 1 4  )
G_LOOP:  2  7  6   	1.058730e+00	( 0 6 4 7 1 3  )
G_LOOP:  2  8  6   	1.058221e+00	( 0 2 3 7 5 4  )
G_LOOP:  2  9  6   	1.059017e+00	( 0 2 4 7 5 3  )
G_LOOP:  2  10  6   	1.059367e+00	( 0 5 3 7 2 4  )
G_LOOP:  2  11  6   	1.059908e+00	( 0 5 4 7 2 3  )
G_LOOP:  2  12  6   	1.059420e+00	( 1 2 3 6 5 4  )
G_LOOP:  2  13  6   	1.058911e+00	( 1 2 4 6 5 3  )
G_LOOP:  2  14  6   	1.059254e+00	( 1 5 3 6 2 4  )
G_LOOP:  2  15  6   	1.059261e+00	( 1 5 4 6 2 3  )
GACTION: 5.082541e+00
CONGRAD5: time = 1.911402e-02 (fn F) masses = 1 iters = 5 mflops = 1.430808e+03
 OK converged final_rsq= 0.0085 (cf 0.016) rel = 1 (cf 0) restarts = 1 iters= 5
CONGRAD5: time = 2.218199e-02 (fn F) masses = 1 iters = 6 mflops = 1.479497e+03
 OK converged final_rsq= 0.015 (cf 0.016) rel = 1 (cf 0) restarts = 1 iters= 6
PBP: mass 1.250000e-01     1.112220e-01  2.991668e-01  5.983273e-05  3.126152e-04 ( 1 of 1 )
FACTION: mass = 1.250000e-01,  1.454923e+00 ( 1 of 1 )
CONGRAD5: time = 1.929188e-02 (fn F) masses = 1 iters = 5 mflops = 1.417616e+03
 OK converged final_rsq= 0.0085 (cf 0.016) rel = 1 (cf 0) restarts = 1 iters= 5
CONGRAD5: time = 2.236891e-02 (fn F) masses = 1 iters = 6 mflops = 1.467134e+03
 OK converged final_rsq= 0.015 (cf 0.016) rel = 1 (cf 0) restarts = 1 iters= 6
PBP: mass 1.250000e-01     1.111731e-01  2.970791e-01  4.691644e-04  5.745189e-04 ( 1 of 1 )
FACTION: mass = 1.250000e-01,  1.454557e+00 ( 1 of 1 )
CONGRAD5: time = 1.978302e-02 (fn F) masses = 1 iters = 5 mflops = 1.382422e+03
 OK converged final_rsq= 0.01 (cf 0.016) rel = 1 (cf 0) restarts = 1 iters= 5
CONGRAD5: time = 1.985693e-02 (fn F) masses = 1 iters = 5 mflops = 1.377276e+03
 OK converged final_rsq= 0.0096 (cf 0.016) rel = 1 (cf 0) restarts = 1 iters= 5
GFTIME:   time = 3.676891e-01 (Symanzik1) mflops = 1.917496e+03
FFTIME:  time = 8.811598e-01 (asqtad3) terms = 2 mflops = 2.269423e+03
CONGRAD5: time = 1.990390e-02 (fn F) masses = 1 iters = 5 mflops = 1.374026e+03
 OK converged final_rsq= 0.011 (cf 0.016) rel = 1 (cf 0) restarts = 1 iters= 5
CONGRAD5: time = 1.977587e-02 (fn F) masses = 1 iters = 5 mflops = 1.382922e+03
 OK converged final_rsq= 0.011 (cf 0.016) rel = 1 (cf 0) restarts = 1 iters= 5
GFTIME:   time = 3.682110e-01 (Symanzik1) mflops = 1.914778e+03
FFTIME:  time = 8.802891e-01 (asqtad3) terms = 2 mflops = 2.271668e+03
CONGRAD5: time = 2.001810e-02 (fn F) masses = 1 iters = 5 mflops = 1.366188e+03
 OK converged final_rsq= 0.012 (cf 0.016) rel = 1 (cf 0) restarts = 1 iters= 5
CONGRAD5: time = 1.973104e-02 (fn F) masses = 1 iters = 5 mflops = 1.386063e+03
 OK converged final_rsq= 0.012 (cf 0.016) rel = 1 (cf 0) restarts = 1 iters= 5
GFTIME:   time = 3.674572e-01 (Symanzik1) mflops = 1.918707e+03
FFTIME:  time = 8.810320e-01 (asqtad3) terms = 2 mflops = 2.269752e+03
CONGRAD5: time = 1.985312e-02 (fn F) masses = 1 iters = 5 mflops = 1.377541e+03
 OK converged final_rsq= 0.012 (cf 0.016) rel = 1 (cf 0) restarts = 1 iters= 5
CONGRAD5: time = 1.985192e-02 (fn F) masses = 1 iters = 5 mflops = 1.377624e+03
 OK converged final_rsq= 0.012 (cf 0.016) rel = 1 (cf 0) restarts = 1 iters= 5
GFTIME:   time = 3.687410e-01 (Symanzik1) mflops = 1.912026e+03
FFTIME:  time = 8.816650e-01 (asqtad3) terms = 2 mflops = 2.268123e+03
CONGRAD5: time = 1.975203e-02 (fn F) masses = 1 iters = 5 mflops = 1.384591e+03
 OK converged final_rsq= 0.012 (cf 0.016) rel = 1 (cf 0) restarts = 1 iters= 5
CONGRAD5: time = 1.982188e-02 (fn F) masses = 1 iters = 5 mflops = 1.379712e+03
 OK converged final_rsq= 0.011 (cf 0.016) rel = 1 (cf 0) restarts = 1 iters= 5
GFTIME:   time = 3.679969e-01 (Symanzik1) mflops = 1.915892e+03
FFTIME:  time = 8.798878e-01 (asqtad3) terms = 2 mflops = 2.272704e+03
PLAQ:	1.646357	1.646116
P_LOOP:	-2.627107e-03	-8.645575e-04
G_LOOP:  0  0  4   	1.645880e+00	( 0 1 7 6  )
G_LOOP:  0  1  4   	1.646649e+00	( 0 2 7 5  )
G_LOOP:  0  2  4   	1.645383e+00	( 0 3 7 4  )
G_LOOP:  0  3  4   	1.646540e+00	( 1 2 6 5  )
G_LOOP:  0  4  4   	1.646314e+00	( 1 3 6 4  )
G_LOOP:  0  5  4   	1.646651e+00	( 2 3 5 4  )
G_LOOP:  1  0  6   	8.555323e-01	( 0 0 1 7 7 6  )
G_LOOP:  1  1  6   	8.564159e-01	( 0 0 2 7 7 5  )
G_LOOP:  1  2  6   	8.565902e-01	( 0 0 3 7 7 4  )
G_LOOP:  1  3  6   	8.571896e-01	( 1 1 0 6 6 7  )
G_LOOP:  1  4  6   	8.561781e-01	( 1 1 2 6 6 5  )
G_LOOP:  1  5  6   	8.571007e-01	( 1 1 3 6 6 4  )
G_LOOP:  1  6  6   	8.568850e-01	( 2 2 0 5 5 7  )
G_LOOP:  1  7  6   	8.553333e-01	( 2 2 1 5 5 6  )
G_LOOP:  1  8  6   	8.562763e-01	( 2 2 3 5 5 4  )
G_LOOP:  1  9  6   	8.548957e-01	( 3 3 0 4 4 7  )
G_LOOP:  1  10  6   	8.561042e-01	( 3 3 1 4 4 6  )
G_LOOP:  1  11  6   	8.568226e-01	( 3 3 2 4 4 5  )
G_LOOP:  2  0  6   	8.779593e-01	( 0 1 2 7 6 5  )
G_LOOP:  2  1  6   	8.790561e-01	( 0 1 5 7 6 2  )
G_LOOP:  2  2  6   	8.769193e-01	( 0 6 2 7 1 5  )
G_LOOP:  2  3  6   	8.808735e-01	( 0 6 5 7 1 2  )
G_LOOP:  2  4  6   	8.777905e-01	( 0 1 3 7 6 4  )
G_LOOP:  2  5  6   	8.790031e-01	( 0 1 4 7 6 3  )
G_LOOP:  2  6  6   	8.785204e-01	( 0 6 3 7 1 4  )
G_LOOP:  2  7  6   	8.791454e-01	( 0 6 4 7 1 3  )
G_LOOP:  2  8  6   	8.788436e-01	( 0 2 3 7 5 4  )
G_LOOP:  2  9  6   	8.798929e-01	( 0 2 4 7 5 3  )
G_LOOP:  2  10  6   	8.784663e-01	( 0 5 3 7 2 4  )
G_LOOP:  2  11  6   	8.788794e-01	( 0 5 4 7 2 3  )
G_LOOP:  2  12  6   	8.787776e-01	( 1 2 3 6 5 4  )
G_LOOP:  2  13  6   	8.793971e-01	( 1 2 4 6 5 3  )
G_LOOP:  2  14  6   	8.771253e-01	( 1 5 3 6 2 4  )
G_LOOP:  2  15  6   	8.774148e-01	( 1 5 4 6 2 3  )
GACTION: 5.775703e+00
CONGRAD5: time = 1.928782e-02 (fn F) masses = 1 iters = 5 mflops = 1.417914e+03
 OK converged final_rsq= 0.01 (cf 0.016) rel = 1 (cf 0) restarts = 1 iters= 5
CONGRAD5: time = 2.542496e-02 (fn F) masses = 1 iters = 7 mflops = 1.505917e+03
 OK converged final_rsq= 0.0081 (cf 0.016) rel = 1 (cf 0) restarts = 1 iters= 7
PBP: mass 1.250000e-01     1.237703e-01  3.231978e-01  1.788150e-04  5.087599e-04 ( 1 of 1 )
FACTION: mass = 1.250000e-01,  1.436706e+00 ( 1 of 1 )
CONGRAD5: time = 1.936603e-02 (fn F) masses = 1 iters = 5 mflops = 1.412189e+03
 OK converged final_rsq= 0.01 (cf 0.016) rel = 1 (cf 0) restarts = 1 iters= 5
CONGRAD5: time = 2.487898e-02 (fn F) masses = 1 iters = 7 mflops = 1.538965e+03
 OK converged final_rsq= 0.0081 (cf 0.016) rel = 1 (cf 0) restarts = 1 iters= 7
PBP: mass 1.250000e-01     1.257172e-01  3.208080e-01  6.484815e-04  6.893575e-04 ( 1 of 1 )
FACTION: mass = 1.250000e-01,  1.437196e+00 ( 1 of 1 )
RUNNING COMPLETED
average cg iters for step= 1.100000e+01
Time = 3.984928e+01 seconds
total_iters = 552
Checksums 5439f3d9 8b1dc636
Saved gauge configuration in parallel to binary file lat_p64_size128_1
Time stamp Fri Aug 19 22:04:03 2022
Wrote info file lat_p64_size128_1.info
Time to save = 9.243150e-01
CHECK PLAQ: 1.646357e+00 1.646116e+00
CHECK NERSC LINKTR: 1.710538e-01 CKSUM: 952a9f5


warms 0
trajecs 4
traj_between_meas 1
beta 5.6
mass1 0.01
mass2 0.01
u0 0.8441
microcanonical_time_step 0.02
steps_per_trajectory 15
max_cg_iterations 300
max_cg_restarts 5
error_per_site 1e-05
error_for_propagator 1e-05
npbp_reps 1
prec_pbp 1
reload_parallel lat_p64_size128_1
save_parallel lat_p64_size128_2
Restored binary gauge configuration in parallel from file lat_p64_size128_1
Time stamp Fri Aug 19 22:04:03 2022
Checksums 5439f3d9 8b1dc636 OK
Time to reload gauge configuration = 2.211389e+00
CHECK PLAQ: 1.646357e+00 1.646116e+00
CHECK NERSC LINKTR: 1.710538e-01 CKSUM: 952a9f5
Unitarity checked.  Max deviation 2.98e-07
Time to check unitarity = 3.253937e-03
"O(a^2): couplings(pi)=0, Naik term, No O(a^2) errors, tadpole weights"
path coefficients: npath  path_coeff  multiplicity
                    0      6.250000e-01     8
                    1      -5.847914e-02     8
                    2      -8.771871e-02     48
                    3      3.077829e-02     192
                    4      -7.199551e-03     384
                    5      -1.231132e-01     48
Symanzik 1x1 + 1x2 + 1x1x1 action
gauge_action: total_dyn_flavors = 3
loop coefficients: nloop rep loop_coeff  multiplicity
                    0 0      1.000000e+00     6
                    1 0      -7.762509e-02     12
                    2 0      -1.031171e-02     16
WARMUPS COMPLETED
CONGRAD5: time = 1.559368e+00 (fn F) masses = 1 iters = 555 mflops = 1.946738e+03
 OK converged final_rsq= 9.9e-11 (cf 1e-10) rel = 1 (cf 0) restarts = 2 iters= 555
CONGRAD5: time = 1.338197e+00 (fn F) masses = 1 iters = 476 mflops = 1.945584e+03
 OK converged final_rsq= 1e-10 (cf 1e-10) rel = 1 (cf 0) restarts = 2 iters= 476
GFTIME:   time = 3.655729e-01 (Symanzik1) mflops = 1.928596e+03
FFTIME:  time = 8.796082e-01 (asqtad3) terms = 2 mflops = 2.273427e+03
CONGRAD5: time = 1.594590e+00 (fn F) masses = 1 iters = 567 mflops = 1.944900e+03
 OK converged final_rsq= 5e-11 (cf 1e-10) rel = 1 (cf 0) restarts = 3 iters= 567
CONGRAD5: time = 1.635762e+00 (fn F) masses = 1 iters = 583 mflops = 1.949448e+03
 OK converged final_rsq= 9.8e-11 (cf 1e-10) rel = 1 (cf 0) restarts = 2 iters= 583
GFTIME:   time = 3.675489e-01 (Symanzik1) mflops = 1.918227e+03
FFTIME:  time = 8.802750e-01 (asqtad3) terms = 2 mflops = 2.271704e+03
CONGRAD5: time = 1.489829e+00 (fn F) masses = 1 iters = 529 mflops = 1.942148e+03
 OK converged final_rsq= 5e-11 (cf 1e-10) rel = 1 (cf 0) restarts = 3 iters= 529
CONGRAD5: time = 1.551686e+00 (fn F) masses = 1 iters = 553 mflops = 1.949326e+03
 OK converged final_rsq= 9.9e-11 (cf 1e-10) rel = 1 (cf 0) restarts = 2 iters= 553
GFTIME:   time = 3.663299e-01 (Symanzik1) mflops = 1.924611e+03
FFTIME:  time = 8.778300e-01 (asqtad3) terms = 2 mflops = 2.278032e+03
CONGRAD5: time = 1.651196e+00 (fn F) masses = 1 iters = 587 mflops = 1.944476e+03
 OK converged final_rsq= 5e-11 (cf 1e-10) rel = 1 (cf 0) restarts = 3 iters= 587
CONGRAD5: time = 1.579775e+00 (fn F) masses = 1 iters = 562 mflops = 1.945827e+03
 OK converged final_rsq= 9.8e-11 (cf 1e-10) rel = 1 (cf 0) restarts = 2 iters= 562
GFTIME:   time = 3.680172e-01 (Symanzik1) mflops = 1.915787e+03
FFTIME:  time = 8.806908e-01 (asqtad3) terms = 2 mflops = 2.270632e+03
CONGRAD5: time = 1.558604e+00 (fn F) masses = 1 iters = 554 mflops = 1.944183e+03
 OK converged final_rsq= 5e-11 (cf 1e-10) rel = 1 (cf 0) restarts = 3 iters= 554
CONGRAD5: time = 1.640641e+00 (fn F) masses = 1 iters = 584 mflops = 1.946984e+03
 OK converged final_rsq= 9.7e-11 (cf 1e-10) rel = 1 (cf 0) restarts = 2 iters= 584
GFTIME:   time = 3.672788e-01 (Symanzik1) mflops = 1.919638e+03
FFTIME:  time = 8.813999e-01 (asqtad3) terms = 2 mflops = 2.268805e+03
CONGRAD5: time = 1.618008e+00 (fn F) masses = 1 iters = 574 mflops = 1.940414e+03
 OK converged final_rsq= 1e-10 (cf 1e-10) rel = 1 (cf 0) restarts = 2 iters= 574
CONGRAD5: time = 1.591957e+00 (fn F) masses = 1 iters = 566 mflops = 1.944681e+03
 OK converged final_rsq= 5e-11 (cf 1e-10) rel = 1 (cf 0) restarts = 3 iters= 566
GFTIME:   time = 3.658040e-01 (Symanzik1) mflops = 1.927378e+03
FFTIME:  time = 8.807750e-01 (asqtad3) terms = 2 mflops = 2.270415e+03
CONGRAD5: time = 1.583685e+00 (fn F) masses = 1 iters = 563 mflops = 1.944477e+03
 OK converged final_rsq= 5e-11 (cf 1e-10) rel = 1 (cf 0) restarts = 3 iters= 563
CONGRAD5: time = 1.567330e+00 (fn F) masses = 1 iters = 557 mflops = 1.943828e+03
 OK converged final_rsq= 9.9e-11 (cf 1e-10) rel = 1 (cf 0) restarts = 2 iters= 557
GFTIME:   time = 3.666930e-01 (Symanzik1) mflops = 1.922705e+03
FFTIME:  time = 8.797469e-01 (asqtad3) terms = 2 mflops = 2.273068e+03
CONGRAD5: time = 1.559925e+00 (fn F) masses = 1 iters = 555 mflops = 1.946043e+03
 OK converged final_rsq= 5e-11 (cf 1e-10) rel = 1 (cf 0) restarts = 3 iters= 555
CONGRAD5: time = 1.525577e+00 (fn F) masses = 1 iters = 544 mflops = 1.950419e+03
 OK converged final_rsq= 9.9e-11 (cf 1e-10) rel = 1 (cf 0) restarts = 2 iters= 544
GFTIME:   time = 3.664889e-01 (Symanzik1) mflops = 1.923776e+03
FFTIME:  time = 8.811529e-01 (asqtad3) terms = 2 mflops = 2.269441e+03
CONGRAD5: time = 1.613152e+00 (fn F) masses = 1 iters = 574 mflops = 1.946255e+03
 OK converged final_rsq= 5e-11 (cf 1e-10) rel = 1 (cf 0) restarts = 3 iters= 574
CONGRAD5: time = 1.590998e+00 (fn F) masses = 1 iters = 566 mflops = 1.945853e+03
 OK converged final_rsq= 5e-11 (cf 1e-10) rel = 1 (cf 0) restarts = 3 iters= 566
GFTIME:   time = 3.665290e-01 (Symanzik1) mflops = 1.923565e+03
FFTIME:  time = 8.808959e-01 (asqtad3) terms = 2 mflops = 2.270103e+03
CONGRAD5: time = 1.630859e+00 (fn F) masses = 1 iters = 579 mflops = 1.941893e+03
 OK converged final_rsq= 5e-11 (cf 1e-10) rel = 1 (cf 0) restarts = 3 iters= 579
CONGRAD5: time = 1.500112e+00 (fn F) masses = 1 iters = 533 mflops = 1.943420e+03
 OK converged final_rsq= 1e-10 (cf 1e-10) rel = 1 (cf 0) restarts = 2 iters= 533
GFTIME:   time = 3.659751e-01 (Symanzik1) mflops = 1.926476e+03
FFTIME:  time = 8.798101e-01 (asqtad3) terms = 2 mflops = 2.272905e+03
CONGRAD5: time = 1.492221e+00 (fn F) masses = 1 iters = 531 mflops = 1.946366e+03
 OK converged final_rsq= 5e-11 (cf 1e-10) rel = 1 (cf 0) restarts = 3 iters= 531
CONGRAD5: time = 1.628210e+00 (fn F) masses = 1 iters = 579 mflops = 1.945052e+03
 OK converged final_rsq= 9.7e-11 (cf 1e-10) rel = 1 (cf 0) restarts = 2 iters= 579
GFTIME:   time = 3.655059e-01 (Symanzik1) mflops = 1.928949e+03
FFTIME:  time = 8.794298e-01 (asqtad3) terms = 2 mflops = 2.273888e+03
CONGRAD5: time = 1.659670e+00 (fn F) masses = 1 iters = 590 mflops = 1.944435e+03
 OK converged final_rsq= 9.9e-11 (cf 1e-10) rel = 1 (cf 0) restarts = 2 iters= 590
CONGRAD5: time = 1.656467e+00 (fn F) masses = 1 iters = 589 mflops = 1.944893e+03
 OK converged final_rsq= 9.7e-11 (cf 1e-10) rel = 1 (cf 0) restarts = 2 iters= 589
GFTIME:   time = 3.676221e-01 (Symanzik1) mflops = 1.917845e+03
FFTIME:  time = 8.796260e-01 (asqtad3) terms = 2 mflops = 2.273380e+03
CONGRAD5: time = 1.560237e+00 (fn F) masses = 1 iters = 554 mflops = 1.942148e+03
 OK converged final_rsq= 5e-11 (cf 1e-10) rel = 1 (cf 0) restarts = 3 iters= 554
CONGRAD5: time = 1.651164e+00 (fn F) masses = 1 iters = 588 mflops = 1.947827e+03
 OK converged final_rsq= 9.8e-11 (cf 1e-10) rel = 1 (cf 0) restarts = 2 iters= 588
GFTIME:   time = 3.661718e-01 (Symanzik1) mflops = 1.925441e+03
FFTIME:  time = 8.791399e-01 (asqtad3) terms = 2 mflops = 2.274637e+03
CONGRAD5: time = 1.596994e+00 (fn F) masses = 1 iters = 568 mflops = 1.945397e+03
 OK converged final_rsq= 5e-11 (cf 1e-10) rel = 1 (cf 0) restarts = 3 iters= 568
CONGRAD5: time = 1.447442e+00 (fn F) masses = 1 iters = 514 mflops = 1.942339e+03
 OK converged final_rsq= 5e-11 (cf 1e-10) rel = 1 (cf 0) restarts = 3 iters= 514
GFTIME:   time = 3.655331e-01 (Symanzik1) mflops = 1.928806e+03
FFTIME:  time = 8.794370e-01 (asqtad3) terms = 2 mflops = 2.273869e+03
CONGRAD5: time = 1.654749e+00 (fn F) masses = 1 iters = 589 mflops = 1.946912e+03
 OK converged final_rsq= 1e-10 (cf 1e-10) rel = 1 (cf 0) restarts = 2 iters= 589
CONGRAD5: time = 1.659608e+00 (fn F) masses = 1 iters = 590 mflops = 1.944508e+03
 OK converged final_rsq= 9.7e-11 (cf 1e-10) rel = 1 (cf 0) restarts = 2 iters= 590
GFTIME:   time = 3.681269e-01 (Symanzik1) mflops = 1.915216e+03
FFTIME:  time = 8.795300e-01 (asqtad3) terms = 2 mflops = 2.273629e+03
PLAQ:	1.540304	1.539554
P_LOOP:	-8.606859e-03	-9.050474e-03
G_LOOP:  0  0  4   	1.540962e+00	( 0 1 7 6  )
G_LOOP:  0  1  4   	1.540345e+00	( 0 2 7 5  )
G_LOOP:  0  2  4   	1.539725e+00	( 0 3 7 4  )
G_LOOP:  0  3  4   	1.539605e+00	( 1 2 6 5  )
G_LOOP:  0  4  4   	1.539432e+00	( 1 3 6 4  )
G_LOOP:  0  5  4   	1.539505e+00	( 2 3 5 4  )
G_LOOP:  1  0  6   	7.796314e-01	( 0 0 1 7 7 6  )
G_LOOP:  1  1  6   	7.805472e-01	( 0 0 2 7 7 5  )
G_LOOP:  1  2  6   	7.795607e-01	( 0 0 3 7 7 4  )
G_LOOP:  1  3  6   	7.814585e-01	( 1 1 0 6 6 7  )
G_LOOP:  1  4  6   	7.794541e-01	( 1 1 2 6 6 5  )
G_LOOP:  1  5  6   	7.806129e-01	( 1 1 3 6 6 4  )
G_LOOP:  1  6  6   	7.791214e-01	( 2 2 0 5 5 7  )
G_LOOP:  1  7  6   	7.792979e-01	( 2 2 1 5 5 6  )
G_LOOP:  1  8  6   	7.785828e-01	( 2 2 3 5 5 4  )
G_LOOP:  1  9  6   	7.781056e-01	( 3 3 0 4 4 7  )
G_LOOP:  1  10  6   	7.764944e-01	( 3 3 1 4 4 6  )
G_LOOP:  1  11  6   	7.777862e-01	( 3 3 2 4 4 5  )
G_LOOP:  2  0  6   	8.003195e-01	( 0 1 2 7 6 5  )
G_LOOP:  2  1  6   	8.005551e-01	( 0 1 5 7 6 2  )
G_LOOP:  2  2  6   	7.986149e-01	( 0 6 2 7 1 5  )
G_LOOP:  2  3  6   	8.018737e-01	( 0 6 5 7 1 2  )
G_LOOP:  2  4  6   	7.997614e-01	( 0 1 3 7 6 4  )
G_LOOP:  2  5  6   	7.990572e-01	( 0 1 4 7 6 3  )
G_LOOP:  2  6  6   	8.001247e-01	( 0 6 3 7 1 4  )
G_LOOP:  2  7  6   	8.000822e-01	( 0 6 4 7 1 3  )
G_LOOP:  2  8  6   	8.007214e-01	( 0 2 3 7 5 4  )
G_LOOP:  2  9  6   	8.002515e-01	( 0 2 4 7 5 3  )
G_LOOP:  2  10  6   	7.986452e-01	( 0 5 3 7 2 4  )
G_LOOP:  2  11  6   	7.984950e-01	( 0 5 4 7 2 3  )
G_LOOP:  2  12  6   	7.993767e-01	( 1 2 3 6 5 4  )
G_LOOP:  2  13  6   	7.995776e-01	( 1 2 4 6 5 3  )
G_LOOP:  2  14  6   	7.967220e-01	( 1 5 3 6 2 4  )
G_LOOP:  2  15  6   	7.980324e-01	( 1 5 4 6 2 3  )
GACTION: 6.328716e+00
CONGRAD5: time = 1.523650e+00 (fn F) masses = 1 iters = 543 mflops = 1.949296e+03
 OK converged final_rsq= 9.9e-11 (cf 1e-10) rel = 1 (cf 0) restarts = 2 iters= 543
CONGRAD5: time = 2.084601e-01 (fn F) masses = 1 iters = 72 mflops = 1.889177e+03
 OK converged final_rsq= 9.8e-11 (cf 1e-10) rel = 1 (cf 0) restarts = 1 iters= 72
PBP: mass 1.000000e-02     2.924843e-02  3.041586e-02  -1.514282e-03  -1.514811e-03 ( 1 of 1 )
FACTION: mass = 1.000000e-02,  1.499860e+00 ( 1 of 1 )
CONGRAD5: time = 1.620778e+00 (fn F) masses = 1 iters = 578 mflops = 1.950597e+03
 OK converged final_rsq= 1e-10 (cf 1e-10) rel = 1 (cf 0) restarts = 2 iters= 578
CONGRAD5: time = 2.034349e-01 (fn F) masses = 1 iters = 71 mflops = 1.908956e+03
 OK converged final_rsq= 9.8e-11 (cf 1e-10) rel = 1 (cf 0) restarts = 1 iters= 71
PBP: mass 1.000000e-02     3.012837e-02  3.051956e-02  -5.021274e-04  -5.026141e-04 ( 1 of 1 )
FACTION: mass = 1.000000e-02,  1.499388e+00 ( 1 of 1 )
CONGRAD5: time = 1.566844e+00 (fn F) masses = 1 iters = 557 mflops = 1.944431e+03
 OK converged final_rsq= 5e-11 (cf 1e-10) rel = 1 (cf 0) restarts = 3 iters= 557
CONGRAD5: time = 1.534015e+00 (fn F) masses = 1 iters = 547 mflops = 1.950388e+03
 OK converged final_rsq= 9.9e-11 (cf 1e-10) rel = 1 (cf 0) restarts = 2 iters= 547
GFTIME:   time = 3.662930e-01 (Symanzik1) mflops = 1.924805e+03
FFTIME:  time = 8.807909e-01 (asqtad3) terms = 2 mflops = 2.270374e+03
CONGRAD5: time = 1.636295e+00 (fn F) masses = 1 iters = 584 mflops = 1.952156e+03
 OK converged final_rsq= 9.8e-11 (cf 1e-10) rel = 1 (cf 0) restarts = 2 iters= 584
CONGRAD5: time = 1.623417e+00 (fn F) masses = 1 iters = 576 mflops = 1.940688e+03
 OK converged final_rsq= 1e-10 (cf 1e-10) rel = 1 (cf 0) restarts = 2 iters= 576
GFTIME:   time = 3.668780e-01 (Symanzik1) mflops = 1.921735e+03
FFTIME:  time = 8.789320e-01 (asqtad3) terms = 2 mflops = 2.275175e+03
CONGRAD5: time = 1.513589e+00 (fn F) masses = 1 iters = 538 mflops = 1.944184e+03
 OK converged final_rsq= 9.9e-11 (cf 1e-10) rel = 1 (cf 0) restarts = 2 iters= 538
CONGRAD5: time = 1.554702e+00 (fn F) masses = 1 iters = 554 mflops = 1.949063e+03
 OK converged final_rsq= 1e-10 (cf 1e-10) rel = 1 (cf 0) restarts = 2 iters= 554
GFTIME:   time = 3.686941e-01 (Symanzik1) mflops = 1.912270e+03
FFTIME:  time = 8.812761e-01 (asqtad3) terms = 2 mflops = 2.269124e+03
CONGRAD5: time = 1.414467e+00 (fn F) masses = 1 iters = 503 mflops = 1.945084e+03
 OK converged final_rsq= 5e-11 (cf 1e-10) rel = 1 (cf 0) restarts = 3 iters= 503
CONGRAD5: time = 1.420768e+00 (fn F) masses = 1 iters = 506 mflops = 1.948007e+03
 OK converged final_rsq= 9.9e-11 (cf 1e-10) rel = 1 (cf 0) restarts = 2 iters= 506
GFTIME:   time = 3.683209e-01 (Symanzik1) mflops = 1.914207e+03
FFTIME:  time = 8.795521e-01 (asqtad3) terms = 2 mflops = 2.273571e+03
CONGRAD5: time = 1.423290e+00 (fn F) masses = 1 iters = 507 mflops = 1.948398e+03
 OK converged final_rsq= 9.9e-11 (cf 1e-10) rel = 1 (cf 0) restarts = 2 iters= 507
CONGRAD5: time = 1.532689e+00 (fn F) masses = 1 iters = 546 mflops = 1.948506e+03
 OK converged final_rsq= 5e-11 (cf 1e-10) rel = 1 (cf 0) restarts = 3 iters= 546
GFTIME:   time = 3.648381e-01 (Symanzik1) mflops = 1.932480e+03
FFTIME:  time = 8.807681e-01 (asqtad3) terms = 2 mflops = 2.270433e+03
CONGRAD5: time = 1.409282e+00 (fn F) masses = 1 iters = 501 mflops = 1.944478e+03
 OK converged final_rsq= 5e-11 (cf 1e-10) rel = 1 (cf 0) restarts = 3 iters= 501
CONGRAD5: time = 1.479236e+00 (fn F) masses = 1 iters = 526 mflops = 1.944964e+03
 OK converged final_rsq= 5e-11 (cf 1e-10) rel = 1 (cf 0) restarts = 3 iters= 526
GFTIME:   time = 3.677499e-01 (Symanzik1) mflops = 1.917179e+03
FFTIME:  time = 8.842731e-01 (asqtad3) terms = 2 mflops = 2.261433e+03
CONGRAD5: time = 1.466615e+00 (fn F) masses = 1 iters = 522 mflops = 1.946783e+03
 OK converged final_rsq= 5e-11 (cf 1e-10) rel = 1 (cf 0) restarts = 3 iters= 522
CONGRAD5: time = 1.491142e+00 (fn F) masses = 1 iters = 530 mflops = 1.944106e+03
 OK converged final_rsq= 5e-11 (cf 1e-10) rel = 1 (cf 0) restarts = 3 iters= 530
GFTIME:   time = 3.671050e-01 (Symanzik1) mflops = 1.920547e+03
FFTIME:  time = 8.799200e-01 (asqtad3) terms = 2 mflops = 2.272621e+03
CONGRAD5: time = 1.414231e+00 (fn F) masses = 1 iters = 503 mflops = 1.945409e+03
 OK converged final_rsq= 9.9e-11 (cf 1e-10) rel = 1 (cf 0) restarts = 2 iters= 503
CONGRAD5: time = 1.384529e+00 (fn F) masses = 1 iters = 492 mflops = 1.943687e+03
 OK converged final_rsq= 5e-11 (cf 1e-10) rel = 1 (cf 0) restarts = 3 iters= 492
GFTIME:   time = 3.666990e-01 (Symanzik1) mflops = 1.922674e+03
FFTIME:  time = 8.801742e-01 (asqtad3) terms = 2 mflops = 2.271965e+03
CONGRAD5: time = 1.430929e+00 (fn F) masses = 1 iters = 509 mflops = 1.945642e+03
 OK converged final_rsq= 1e-10 (cf 1e-10) rel = 1 (cf 0) restarts = 2 iters= 509
CONGRAD5: time = 1.314529e+00 (fn F) masses = 1 iters = 468 mflops = 1.947327e+03
 OK converged final_rsq= 1e-10 (cf 1e-10) rel = 1 (cf 0) restarts = 2 iters= 468
GFTIME:   time = 3.698459e-01 (Symanzik1) mflops = 1.906314e+03
FFTIME:  time = 8.780739e-01 (asqtad3) terms = 2 mflops = 2.277399e+03
CONGRAD5: time = 1.434064e+00 (fn F) masses = 1 iters = 509 mflops = 1.941388e+03
 OK converged final_rsq= 5e-11 (cf 1e-10) rel = 1 (cf 0) restarts = 3 iters= 509
CONGRAD5: time = 1.389793e+00 (fn F) masses = 1 iters = 494 mflops = 1.944196e+03
 OK converged final_rsq= 5e-11 (cf 1e-10) rel = 1 (cf 0) restarts = 3 iters= 494
GFTIME:   time = 3.687050e-01 (Symanzik1) mflops = 1.912213e+03
FFTIME:  time = 8.783431e-01 (asqtad3) terms = 2 mflops = 2.276701e+03
CONGRAD5: time = 1.410587e+00 (fn F) masses = 1 iters = 501 mflops = 1.942679e+03
 OK converged final_rsq= 9.9e-11 (cf 1e-10) rel = 1 (cf 0) restarts = 2 iters= 501
CONGRAD5: time = 1.394746e+00 (fn F) masses = 1 iters = 495 mflops = 1.941213e+03
 OK converged final_rsq= 1e-10 (cf 1e-10) rel = 1 (cf 0) restarts = 2 iters= 495
GFTIME:   time = 3.696470e-01 (Symanzik1) mflops = 1.907340e+03
FFTIME:  time = 8.795750e-01 (asqtad3) terms = 2 mflops = 2.273512e+03
CONGRAD5: time = 1.497903e+00 (fn F) masses = 1 iters = 534 mflops = 1.949938e+03
 OK converged final_rsq= 5e-11 (cf 1e-10) rel = 1 (cf 0) restarts = 3 iters= 534
CONGRAD5: time = 1.449918e+00 (fn F) masses = 1 iters = 517 mflops = 1.950340e+03
 OK converged final_rsq= 9.9e-11 (cf 1e-10) rel = 1 (cf 0) restarts = 2 iters= 517
GFTIME:   time = 3.688490e-01 (Symanzik1) mflops = 1.911466e+03
FFTIME:  time = 8.786058e-01 (asqtad3) terms = 2 mflops = 2.276020e+03
CONGRAD5: time = 1.486365e+00 (fn F) masses = 1 iters = 528 mflops = 1.942995e+03
 OK converged final_rsq= 5e-11 (cf 1e-10) rel = 1 (cf 0) restarts = 3 iters= 528
CONGRAD5: time = 1.482831e+00 (fn F) masses = 1 iters = 525 mflops = 1.936559e+03
 OK converged final_rsq= 5e-11 (cf 1e-10) rel = 1 (cf 0) restarts = 3 iters= 525
GFTIME:   time = 3.715060e-01 (Symanzik1) mflops = 1.897796e+03
FFTIME:  time = 8.796480e-01 (asqtad3) terms = 2 mflops = 2.273324e+03
CONGRAD5: time = 1.502516e+00 (fn F) masses = 1 iters = 534 mflops = 1.943951e+03
 OK converged final_rsq= 5e-11 (cf 1e-10) rel = 1 (cf 0) restarts = 3 iters= 534
CONGRAD5: time = 1.467525e+00 (fn F) masses = 1 iters = 522 mflops = 1.945576e+03
 OK converged final_rsq= 5e-11 (cf 1e-10) rel = 1 (cf 0) restarts = 3 iters= 522
GFTIME:   time = 3.701410e-01 (Symanzik1) mflops = 1.904794e+03
FFTIME:  time = 8.789141e-01 (asqtad3) terms = 2 mflops = 2.275222e+03
CONGRAD5: time = 1.625221e+00 (fn F) masses = 1 iters = 579 mflops = 1.948630e+03
 OK converged final_rsq= 9.8e-11 (cf 1e-10) rel = 1 (cf 0) restarts = 2 iters= 579
CONGRAD5: time = 1.560268e+00 (fn F) masses = 1 iters = 554 mflops = 1.942110e+03
 OK converged final_rsq= 1e-10 (cf 1e-10) rel = 1 (cf 0) restarts = 2 iters= 554
GFTIME:   time = 3.748939e-01 (Symanzik1) mflops = 1.880645e+03
FFTIME:  time = 8.782980e-01 (asqtad3) terms = 2 mflops = 2.276818e+03
PLAQ:	1.499046	1.498995
P_LOOP:	1.114898e-02	-5.191802e-03
G_LOOP:  0  0  4   	1.499461e+00	( 0 1 7 6  )
G_LOOP:  0  1  4   	1.499346e+00	( 0 2 7 5  )
G_LOOP:  0  2  4   	1.499342e+00	( 0 3 7 4  )
G_LOOP:  0  3  4   	1.498331e+00	( 1 2 6 5  )
G_LOOP:  0  4  4   	1.498857e+00	( 1 3 6 4  )
G_LOOP:  0  5  4   	1.498787e+00	( 2 3 5 4  )
G_LOOP:  1  0  6   	7.416997e-01	( 0 0 1 7 7 6  )
G_LOOP:  1  1  6   	7.422280e-01	( 0 0 2 7 7 5  )
G_LOOP:  1  2  6   	7.421175e-01	( 0 0 3 7 7 4  )
G_LOOP:  1  3  6   	7.429256e-01	( 1 1 0 6 6 7  )
G_LOOP:  1  4  6   	7.416345e-01	( 1 1 2 6 6 5  )
G_LOOP:  1  5  6   	7.419855e-01	( 1 1 3 6 6 4  )
G_LOOP:  1  6  6   	7.415447e-01	( 2 2 0 5 5 7  )
G_LOOP:  1  7  6   	7.408703e-01	( 2 2 1 5 5 6  )
G_LOOP:  1  8  6   	7.401874e-01	( 2 2 3 5 5 4  )
G_LOOP:  1  9  6   	7.401731e-01	( 3 3 0 4 4 7  )
G_LOOP:  1  10  6   	7.415413e-01	( 3 3 1 4 4 6  )
G_LOOP:  1  11  6   	7.409750e-01	( 3 3 2 4 4 5  )
G_LOOP:  2  0  6   	7.590878e-01	( 0 1 2 7 6 5  )
G_LOOP:  2  1  6   	7.593117e-01	( 0 1 5 7 6 2  )
G_LOOP:  2  2  6   	7.582163e-01	( 0 6 2 7 1 5  )
G_LOOP:  2  3  6   	7.588173e-01	( 0 6 5 7 1 2  )
G_LOOP:  2  4  6   	7.589131e-01	( 0 1 3 7 6 4  )
G_LOOP:  2  5  6   	7.606765e-01	( 0 1 4 7 6 3  )
G_LOOP:  2  6  6   	7.599138e-01	( 0 6 3 7 1 4  )
G_LOOP:  2  7  6   	7.594311e-01	( 0 6 4 7 1 3  )
G_LOOP:  2  8  6   	7.603040e-01	( 0 2 3 7 5 4  )
G_LOOP:  2  9  6   	7.602168e-01	( 0 2 4 7 5 3  )
G_LOOP:  2  10  6   	7.593744e-01	( 0 5 3 7 2 4  )
G_LOOP:  2  11  6   	7.582645e-01	( 0 5 4 7 2 3  )
G_LOOP:  2  12  6   	7.596730e-01	( 1 2 3 6 5 4  )
G_LOOP:  2  13  6   	7.583503e-01	( 1 2 4 6 5 3  )
G_LOOP:  2  14  6   	7.587683e-01	( 1 5 3 6 2 4  )
G_LOOP:  2  15  6   	7.573271e-01	( 1 5 4 6 2 3  )
GACTION: 6.532362e+00
CONGRAD5: time = 1.437301e+00 (fn F) masses = 1 iters = 513 mflops = 1.952238e+03
 OK converged final_rsq= 9.9e-11 (cf 1e-10) rel = 1 (cf 0) restarts = 2 iters= 513
CONGRAD5: time = 2.607510e-01 (fn F) masses = 1 iters = 91 mflops = 1.908880e+03
 OK converged final_rsq= 8.9e-11 (cf 1e-10) rel = 1 (cf 0) restarts = 1 iters= 91
PBP: mass 1.000000e-02     3.154454e-02  3.397684e-02  -2.870810e-04  -2.874227e-04 ( 1 of 1 )
FACTION: mass = 1.000000e-02,  1.498667e+00 ( 1 of 1 )
CONGRAD5: time = 1.449809e+00 (fn F) masses = 1 iters = 517 mflops = 1.950486e+03
 OK converged final_rsq= 5e-11 (cf 1e-10) rel = 1 (cf 0) restarts = 3 iters= 517
CONGRAD5: time = 2.512019e-01 (fn F) masses = 1 iters = 88 mflops = 1.916121e+03
 OK converged final_rsq= 9.3e-11 (cf 1e-10) rel = 1 (cf 0) restarts = 1 iters= 88
PBP: mass 1.000000e-02     3.326070e-02  3.269015e-02  -6.462305e-04  -6.483149e-04 ( 1 of 1 )
FACTION: mass = 1.000000e-02,  1.501176e+00 ( 1 of 1 )
CONGRAD5: time = 1.483237e+00 (fn F) masses = 1 iters = 528 mflops = 1.947092e+03
 OK converged final_rsq= 9.9e-11 (cf 1e-10) rel = 1 (cf 0) restarts = 2 iters= 528
CONGRAD5: time = 1.529678e+00 (fn F) masses = 1 iters = 545 mflops = 1.948766e+03
 OK converged final_rsq= 9.9e-11 (cf 1e-10) rel = 1 (cf 0) restarts = 2 iters= 545
GFTIME:   time = 3.694041e-01 (Symanzik1) mflops = 1.908594e+03
FFTIME:  time = 8.788660e-01 (asqtad3) terms = 2 mflops = 2.275346e+03
CONGRAD5: time = 1.483222e+00 (fn F) masses = 1 iters = 525 mflops = 1.936049e+03
 OK converged final_rsq= 9.9e-11 (cf 1e-10) rel = 1 (cf 0) restarts = 2 iters= 525
CONGRAD5: time = 1.452618e+00 (fn F) masses = 1 iters = 516 mflops = 1.942949e+03
 OK converged final_rsq= 5e-11 (cf 1e-10) rel = 1 (cf 0) restarts = 3 iters= 516
GFTIME:   time = 3.683801e-01 (Symanzik1) mflops = 1.913900e+03
FFTIME:  time = 8.785920e-01 (asqtad3) terms = 2 mflops = 2.276056e+03
CONGRAD5: time = 1.441882e+00 (fn F) masses = 1 iters = 513 mflops = 1.946036e+03
 OK converged final_rsq= 1e-10 (cf 1e-10) rel = 1 (cf 0) restarts = 2 iters= 513
CONGRAD5: time = 1.422609e+00 (fn F) masses = 1 iters = 506 mflops = 1.945486e+03
 OK converged final_rsq= 5e-11 (cf 1e-10) rel = 1 (cf 0) restarts = 3 iters= 506
GFTIME:   time = 3.687510e-01 (Symanzik1) mflops = 1.911974e+03
FFTIME:  time = 8.786011e-01 (asqtad3) terms = 2 mflops = 2.276032e+03
CONGRAD5: time = 1.443819e+00 (fn F) masses = 1 iters = 512 mflops = 1.939637e+03
 OK converged final_rsq= 9.9e-11 (cf 1e-10) rel = 1 (cf 0) restarts = 2 iters= 512
CONGRAD5: time = 1.442899e+00 (fn F) masses = 1 iters = 514 mflops = 1.948455e+03
 OK converged final_rsq= 9.9e-11 (cf 1e-10) rel = 1 (cf 0) restarts = 2 iters= 514
GFTIME:   time = 3.673921e-01 (Symanzik1) mflops = 1.919046e+03
FFTIME:  time = 8.786659e-01 (asqtad3) terms = 2 mflops = 2.275864e+03
CONGRAD5: time = 1.458754e+00 (fn F) masses = 1 iters = 519 mflops = 1.946025e+03
 OK converged final_rsq= 1e-10 (cf 1e-10) rel = 1 (cf 0) restarts = 2 iters= 519
CONGRAD5: time = 1.483059e+00 (fn F) masses = 1 iters = 528 mflops = 1.947326e+03
 OK converged final_rsq= 5e-11 (cf 1e-10) rel = 1 (cf 0) restarts = 3 iters= 528
GFTIME:   time = 3.665671e-01 (Symanzik1) mflops = 1.923365e+03
FFTIME:  time = 8.798470e-01 (asqtad3) terms = 2 mflops = 2.272809e+03
CONGRAD5: time = 1.495200e+00 (fn F) masses = 1 iters = 531 mflops = 1.942488e+03
 OK converged final_rsq= 5e-11 (cf 1e-10) rel = 1 (cf 0) restarts = 3 iters= 531
CONGRAD5: time = 1.418249e+00 (fn F) masses = 1 iters = 502 mflops = 1.936040e+03
 OK converged final_rsq= 9.9e-11 (cf 1e-10) rel = 1 (cf 0) restarts = 2 iters= 502
GFTIME:   time = 3.685160e-01 (Symanzik1) mflops = 1.913194e+03
FFTIME:  time = 8.801241e-01 (asqtad3) terms = 2 mflops = 2.272094e+03
CONGRAD5: time = 1.464295e+00 (fn F) masses = 1 iters = 521 mflops = 1.946132e+03
 OK converged final_rsq= 1e-10 (cf 1e-10) rel = 1 (cf 0) restarts = 2 iters= 521
CONGRAD5: time = 1.396401e+00 (fn F) masses = 1 iters = 497 mflops = 1.946746e+03
 OK converged final_rsq= 1e-10 (cf 1e-10) rel = 1 (cf 0) restarts = 2 iters= 497
GFTIME:   time = 3.672180e-01 (Symanzik1) mflops = 1.919956e+03
FFTIME:  time = 8.768361e-01 (asqtad3) terms = 2 mflops = 2.280614e+03
CONGRAD5: time = 1.495772e+00 (fn F) masses = 1 iters = 532 mflops = 1.945402e+03
 OK converged final_rsq= 1e-10 (cf 1e-10) rel = 1 (cf 0) restarts = 2 iters= 532
CONGRAD5: time = 1.421413e+00 (fn F) masses = 1 iters = 502 mflops = 1.931731e+03
 OK converged final_rsq= 5e-11 (cf 1e-10) rel = 1 (cf 0) restarts = 3 iters= 502
GFTIME:   time = 3.659039e-01 (Symanzik1) mflops = 1.926852e+03
FFTIME:  time = 8.773520e-01 (asqtad3) terms = 2 mflops = 2.279273e+03
CONGRAD5: time = 1.457886e+00 (fn F) masses = 1 iters = 517 mflops = 1.939680e+03
 OK converged final_rsq= 5e-11 (cf 1e-10) rel = 1 (cf 0) restarts = 3 iters= 517
CONGRAD5: time = 1.446348e+00 (fn F) masses = 1 iters = 514 mflops = 1.943809e+03
 OK converged final_rsq= 5e-11 (cf 1e-10) rel = 1 (cf 0) restarts = 3 iters= 514
GFTIME:   time = 3.658638e-01 (Symanzik1) mflops = 1.927063e+03
FFTIME:  time = 8.772931e-01 (asqtad3) terms = 2 mflops = 2.279426e+03
CONGRAD5: time = 1.543888e+00 (fn F) masses = 1 iters = 549 mflops = 1.945000e+03
 OK converged final_rsq= 9.9e-11 (cf 1e-10) rel = 1 (cf 0) restarts = 2 iters= 549
CONGRAD5: time = 1.451182e+00 (fn F) masses = 1 iters = 514 mflops = 1.937333e+03
 OK converged final_rsq= 5e-11 (cf 1e-10) rel = 1 (cf 0) restarts = 3 iters= 514
GFTIME:   time = 3.662469e-01 (Symanzik1) mflops = 1.925047e+03
FFTIME:  time = 8.781829e-01 (asqtad3) terms = 2 mflops = 2.277116e+03
CONGRAD5: time = 1.547637e+00 (fn F) masses = 1 iters = 550 mflops = 1.943823e+03
 OK converged final_rsq= 5e-11 (cf 1e-10) rel = 1 (cf 0) restarts = 3 iters= 550
CONGRAD5: time = 1.479907e+00 (fn F) masses = 1 iters = 527 mflops = 1.947778e+03
 OK converged final_rsq= 9.9e-11 (cf 1e-10) rel = 1 (cf 0) restarts = 2 iters= 527
GFTIME:   time = 3.667939e-01 (Symanzik1) mflops = 1.922176e+03
FFTIME:  time = 8.801961e-01 (asqtad3) terms = 2 mflops = 2.271908e+03
CONGRAD5: time = 1.456410e+00 (fn F) masses = 1 iters = 519 mflops = 1.949157e+03
 OK converged final_rsq= 9.9e-11 (cf 1e-10) rel = 1 (cf 0) restarts = 2 iters= 519
CONGRAD5: time = 1.545616e+00 (fn F) masses = 1 iters = 550 mflops = 1.946365e+03
 OK converged final_rsq= 9.9e-11 (cf 1e-10) rel = 1 (cf 0) restarts = 2 iters= 550
GFTIME:   time = 3.671920e-01 (Symanzik1) mflops = 1.920092e+03
FFTIME:  time = 8.784821e-01 (asqtad3) terms = 2 mflops = 2.276341e+03
CONGRAD5: time = 1.676550e+00 (fn F) masses = 1 iters = 594 mflops = 1.937908e+03
 OK converged final_rsq= 9.8e-11 (cf 1e-10) rel = 1 (cf 0) restarts = 2 iters= 594
CONGRAD5: time = 1.620331e+00 (fn F) masses = 1 iters = 577 mflops = 1.947759e+03
 OK converged final_rsq= 5e-11 (cf 1e-10) rel = 1 (cf 0) restarts = 3 iters= 577
GFTIME:   time = 3.670580e-01 (Symanzik1) mflops = 1.920793e+03
FFTIME:  time = 8.785930e-01 (asqtad3) terms = 2 mflops = 2.276053e+03
CONGRAD5: time = 1.614812e+00 (fn F) masses = 1 iters = 575 mflops = 1.947642e+03
 OK converged final_rsq= 1e-10 (cf 1e-10) rel = 1 (cf 0) restarts = 2 iters= 575
CONGRAD5: time = 1.607706e+00 (fn F) masses = 1 iters = 572 mflops = 1.946044e+03
 OK converged final_rsq= 4.9e-11 (cf 1e-10) rel = 1 (cf 0) restarts = 3 iters= 572
GFTIME:   time = 3.664489e-01 (Symanzik1) mflops = 1.923986e+03
FFTIME:  time = 8.789580e-01 (asqtad3) terms = 2 mflops = 2.275108e+03
CONGRAD5: time = 1.692494e+00 (fn F) masses = 1 iters = 600 mflops = 1.939042e+03
 OK converged final_rsq= 9.6e-11 (cf 1e-10) rel = 1 (cf 0) restarts = 2 iters= 600
CONGRAD5: time = 1.674047e+00 (fn F) masses = 1 iters = 595 mflops = 1.944073e+03
 OK converged final_rsq= 1e-10 (cf 1e-10) rel = 1 (cf 0) restarts = 2 iters= 595
GFTIME:   time = 3.667741e-01 (Symanzik1) mflops = 1.922280e+03
FFTIME:  time = 8.794911e-01 (asqtad3) terms = 2 mflops = 2.273729e+03
PLAQ:	1.475121	1.473997
P_LOOP:	-5.985143e-03	1.091140e-03
G_LOOP:  0  0  4   	1.476007e+00	( 0 1 7 6  )
G_LOOP:  0  1  4   	1.474760e+00	( 0 2 7 5  )
G_LOOP:  0  2  4   	1.474359e+00	( 0 3 7 4  )
G_LOOP:  0  3  4   	1.474595e+00	( 1 2 6 5  )
G_LOOP:  0  4  4   	1.473285e+00	( 1 3 6 4  )
G_LOOP:  0  5  4   	1.474346e+00	( 2 3 5 4  )
G_LOOP:  1  0  6   	7.172940e-01	( 0 0 1 7 7 6  )
G_LOOP:  1  1  6   	7.167182e-01	( 0 0 2 7 7 5  )
G_LOOP:  1  2  6   	7.170499e-01	( 0 0 3 7 7 4  )
G_LOOP:  1  3  6   	7.186590e-01	( 1 1 0 6 6 7  )
G_LOOP:  1  4  6   	7.155838e-01	( 1 1 2 6 6 5  )
G_LOOP:  1  5  6   	7.149026e-01	( 1 1 3 6 6 4  )
G_LOOP:  1  6  6   	7.160588e-01	( 2 2 0 5 5 7  )
G_LOOP:  1  7  6   	7.157118e-01	( 2 2 1 5 5 6  )
G_LOOP:  1  8  6   	7.149404e-01	( 2 2 3 5 5 4  )
G_LOOP:  1  9  6   	7.139532e-01	( 3 3 0 4 4 7  )
G_LOOP:  1  10  6   	7.140834e-01	( 3 3 1 4 4 6  )
G_LOOP:  1  11  6   	7.146703e-01	( 3 3 2 4 4 5  )
G_LOOP:  2  0  6   	7.336378e-01	( 0 1 2 7 6 5  )
G_LOOP:  2  1  6   	7.326816e-01	( 0 1 5 7 6 2  )
G_LOOP:  2  2  6   	7.323096e-01	( 0 6 2 7 1 5  )
G_LOOP:  2  3  6   	7.321986e-01	( 0 6 5 7 1 2  )
G_LOOP:  2  4  6   	7.316263e-01	( 0 1 3 7 6 4  )
G_LOOP:  2  5  6   	7.335737e-01	( 0 1 4 7 6 3  )
G_LOOP:  2  6  6   	7.339710e-01	( 0 6 3 7 1 4  )
G_LOOP:  2  7  6   	7.323113e-01	( 0 6 4 7 1 3  )
G_LOOP:  2  8  6   	7.345271e-01	( 0 2 3 7 5 4  )
G_LOOP:  2  9  6   	7.323829e-01	( 0 2 4 7 5 3  )
G_LOOP:  2  10  6   	7.332124e-01	( 0 5 3 7 2 4  )
G_LOOP:  2  11  6   	7.302598e-01	( 0 5 4 7 2 3  )
G_LOOP:  2  12  6   	7.328225e-01	( 1 2 3 6 5 4  )
G_LOOP:  2  13  6   	7.326582e-01	( 1 2 4 6 5 3  )
G_LOOP:  2  14  6   	7.333339e-01	( 1 5 3 6 2 4  )
G_LOOP:  2  15  6   	7.321467e-01	( 1 5 4 6 2 3  )
GACTION: 6.650845e+00
CONGRAD5: time = 1.571544e+00 (fn F) masses = 1 iters = 560 mflops = 1.949058e+03
 OK converged final_rsq= 1e-10 (cf 1e-10) rel = 1 (cf 0) restarts = 2 iters= 560
CONGRAD5: time = 1.985180e-01 (fn F) masses = 1 iters = 69 mflops = 1.901132e+03
 OK converged final_rsq= 1e-10 (cf 1e-10) rel = 1 (cf 0) restarts = 1 iters= 69
PBP: mass 1.000000e-02     3.434224e-02  3.764863e-02  -5.007923e-04  -5.016482e-04 ( 1 of 1 )
FACTION: mass = 1.000000e-02,  1.500814e+00 ( 1 of 1 )
CONGRAD5: time = 1.529198e+00 (fn F) masses = 1 iters = 545 mflops = 1.949378e+03
 OK converged final_rsq= 5e-11 (cf 1e-10) rel = 1 (cf 0) restarts = 3 iters= 545
CONGRAD5: time = 2.132061e-01 (fn F) masses = 1 iters = 74 mflops = 1.898433e+03
 OK converged final_rsq= 9.9e-11 (cf 1e-10) rel = 1 (cf 0) restarts = 1 iters= 74
PBP: mass 1.000000e-02     3.494905e-02  3.652285e-02  2.797266e-03  2.797811e-03 ( 1 of 1 )
FACTION: mass = 1.000000e-02,  1.500466e+00 ( 1 of 1 )
CONGRAD5: time = 1.557545e+00 (fn F) masses = 1 iters = 555 mflops = 1.949017e+03
 OK converged final_rsq= 9.9e-11 (cf 1e-10) rel = 1 (cf 0) restarts = 2 iters= 555
CONGRAD5: time = 1.670958e+00 (fn F) masses = 1 iters = 594 mflops = 1.944393e+03
 OK converged final_rsq= 1e-10 (cf 1e-10) rel = 1 (cf 0) restarts = 2 iters= 594
GFTIME:   time = 3.678780e-01 (Symanzik1) mflops = 1.916512e+03
FFTIME:  time = 8.760180e-01 (asqtad3) terms = 2 mflops = 2.282744e+03
CONGRAD5: time = 1.684345e+00 (fn F) masses = 1 iters = 600 mflops = 1.948424e+03
 OK converged final_rsq= 8.6e-11 (cf 1e-10) rel = 1 (cf 0) restarts = 2 iters= 600
CONGRAD5: time = 1.579307e+00 (fn F) masses = 1 iters = 563 mflops = 1.949867e+03
 OK converged final_rsq= 5e-11 (cf 1e-10) rel = 1 (cf 0) restarts = 3 iters= 563
GFTIME:   time = 3.668270e-01 (Symanzik1) mflops = 1.922002e+03
FFTIME:  time = 8.802741e-01 (asqtad3) terms = 2 mflops = 2.271707e+03
CONGRAD5: time = 1.640004e+00 (fn F) masses = 1 iters = 582 mflops = 1.941070e+03
 OK converged final_rsq= 4.9e-11 (cf 1e-10) rel = 1 (cf 0) restarts = 3 iters= 582
CONGRAD5: time = 1.625674e+00 (fn F) masses = 1 iters = 578 mflops = 1.944722e+03
 OK converged final_rsq= 9.9e-11 (cf 1e-10) rel = 1 (cf 0) restarts = 2 iters= 578
GFTIME:   time = 3.669541e-01 (Symanzik1) mflops = 1.921337e+03
FFTIME:  time = 8.812790e-01 (asqtad3) terms = 2 mflops = 2.269116e+03
CONGRAD5: time = 1.677568e+00 (fn F) masses = 1 iters = 598 mflops = 1.949774e+03
 OK converged final_rsq= 9.4e-11 (cf 1e-10) rel = 1 (cf 0) restarts = 2 iters= 598
CONGRAD5: time = 1.670283e+00 (fn F) masses = 1 iters = 595 mflops = 1.948454e+03
 OK converged final_rsq= 5e-11 (cf 1e-10) rel = 1 (cf 0) restarts = 3 iters= 595
GFTIME:   time = 3.710558e-01 (Symanzik1) mflops = 1.900098e+03
FFTIME:  time = 8.773940e-01 (asqtad3) terms = 2 mflops = 2.279164e+03
CONGRAD5: time = 1.645107e+00 (fn F) masses = 1 iters = 586 mflops = 1.948349e+03
 OK converged final_rsq= 5e-11 (cf 1e-10) rel = 1 (cf 0) restarts = 3 iters= 586
CONGRAD5: time = 1.672990e+00 (fn F) masses = 1 iters = 595 mflops = 1.945301e+03
 OK converged final_rsq= 4.9e-11 (cf 1e-10) rel = 1 (cf 0) restarts = 3 iters= 595
GFTIME:   time = 3.672919e-01 (Symanzik1) mflops = 1.919570e+03
FFTIME:  time = 8.803151e-01 (asqtad3) terms = 2 mflops = 2.271601e+03
CONGRAD5: time = 1.622696e+00 (fn F) masses = 1 iters = 579 mflops = 1.951662e+03
 OK converged final_rsq= 9.9e-11 (cf 1e-10) rel = 1 (cf 0) restarts = 2 iters= 579
CONGRAD5: time = 1.676955e+00 (fn F) masses = 1 iters = 597 mflops = 1.947225e+03
 OK converged final_rsq= 9.5e-11 (cf 1e-10) rel = 1 (cf 0) restarts = 2 iters= 597
GFTIME:   time = 3.689461e-01 (Symanzik1) mflops = 1.910963e+03
FFTIME:  time = 8.801620e-01 (asqtad3) terms = 2 mflops = 2.271996e+03
CONGRAD5: time = 1.635295e+00 (fn F) masses = 1 iters = 584 mflops = 1.953349e+03
 OK converged final_rsq= 5e-11 (cf 1e-10) rel = 1 (cf 0) restarts = 3 iters= 584
CONGRAD5: time = 1.618757e+00 (fn F) masses = 1 iters = 576 mflops = 1.946274e+03
 OK converged final_rsq= 4.9e-11 (cf 1e-10) rel = 1 (cf 0) restarts = 3 iters= 576
GFTIME:   time = 3.687329e-01 (Symanzik1) mflops = 1.912068e+03
FFTIME:  time = 8.800039e-01 (asqtad3) terms = 2 mflops = 2.272404e+03
CONGRAD5: time = 1.632104e+00 (fn F) masses = 1 iters = 583 mflops = 1.953817e+03
 OK converged final_rsq= 9.9e-11 (cf 1e-10) rel = 1 (cf 0) restarts = 2 iters= 583
CONGRAD5: time = 1.592609e+00 (fn F) masses = 1 iters = 567 mflops = 1.947319e+03
 OK converged final_rsq= 4.9e-11 (cf 1e-10) rel = 1 (cf 0) restarts = 3 iters= 567
GFTIME:   time = 3.707860e-01 (Symanzik1) mflops = 1.901481e+03
FFTIME:  time = 8.798380e-01 (asqtad3) terms = 2 mflops = 2.272833e+03
CONGRAD5: time = 1.659134e+00 (fn F) masses = 1 iters = 591 mflops = 1.948360e+03
 OK converged final_rsq= 1e-10 (cf 1e-10) rel = 1 (cf 0) restarts = 2 iters= 591
CONGRAD5: time = 1.806188e+00 (fn F) masses = 1 iters = 570 mflops = 1.726136e+03
 OK converged final_rsq= 9.9e-11 (cf 1e-10) rel = 1 (cf 0) restarts = 2 iters= 570
GFTIME:   time = 3.689568e-01 (Symanzik1) mflops = 1.910908e+03
FFTIME:  time = 8.770099e-01 (asqtad3) terms = 2 mflops = 2.280162e+03
CONGRAD5: time = 1.672437e+00 (fn F) masses = 1 iters = 597 mflops = 1.952485e+03
 OK converged final_rsq= 9.6e-11 (cf 1e-10) rel = 1 (cf 0) restarts = 2 iters= 597
CONGRAD5: time = 1.595738e+00 (fn F) masses = 1 iters = 568 mflops = 1.946928e+03
 OK converged final_rsq= 9.9e-11 (cf 1e-10) rel = 1 (cf 0) restarts = 2 iters= 568
GFTIME:   time = 3.666451e-01 (Symanzik1) mflops = 1.922956e+03
FFTIME:  time = 8.826439e-01 (asqtad3) terms = 2 mflops = 2.265607e+03
CONGRAD5: time = 1.643584e+00 (fn F) masses = 1 iters = 587 mflops = 1.953482e+03
 OK converged final_rsq= 5e-11 (cf 1e-10) rel = 1 (cf 0) restarts = 3 iters= 587
CONGRAD5: time = 1.646378e+00 (fn F) masses = 1 iters = 587 mflops = 1.950167e+03
 OK converged final_rsq= 9.8e-11 (cf 1e-10) rel = 1 (cf 0) restarts = 2 iters= 587
GFTIME:   time = 3.676341e-01 (Symanzik1) mflops = 1.917783e+03
FFTIME:  time = 8.771179e-01 (asqtad3) terms = 2 mflops = 2.279881e+03
CONGRAD5: time = 1.678116e+00 (fn F) masses = 1 iters = 599 mflops = 1.952396e+03
 OK converged final_rsq= 4.9e-11 (cf 1e-10) rel = 1 (cf 0) restarts = 3 iters= 599
CONGRAD5: time = 1.649761e+00 (fn F) masses = 1 iters = 587 mflops = 1.946168e+03
 OK converged final_rsq= 4.9e-11 (cf 1e-10) rel = 1 (cf 0) restarts = 3 iters= 587
GFTIME:   time = 3.672071e-01 (Symanzik1) mflops = 1.920013e+03
FFTIME:  time = 8.787670e-01 (asqtad3) terms = 2 mflops = 2.275603e+03
CONGRAD5: time = 1.667801e+00 (fn F) masses = 1 iters = 595 mflops = 1.951353e+03
 OK converged final_rsq= 9.8e-11 (cf 1e-10) rel = 1 (cf 0) restarts = 2 iters= 595
CONGRAD5: time = 1.668983e+00 (fn F) masses = 1 iters = 594 mflops = 1.946694e+03
 OK converged final_rsq= 9.9e-11 (cf 1e-10) rel = 1 (cf 0) restarts = 2 iters= 594
GFTIME:   time = 3.675969e-01 (Symanzik1) mflops = 1.917977e+03
FFTIME:  time = 8.790221e-01 (asqtad3) terms = 2 mflops = 2.274942e+03
CONGRAD5: time = 1.621799e+00 (fn F) masses = 1 iters = 578 mflops = 1.949369e+03
 OK converged final_rsq= 1e-10 (cf 1e-10) rel = 1 (cf 0) restarts = 2 iters= 578
CONGRAD5: time = 1.640532e+00 (fn F) masses = 1 iters = 584 mflops = 1.947114e+03
 OK converged final_rsq= 5e-11 (cf 1e-10) rel = 1 (cf 0) restarts = 3 iters= 584
GFTIME:   time = 3.693800e-01 (Symanzik1) mflops = 1.908718e+03
FFTIME:  time = 8.791580e-01 (asqtad3) terms = 2 mflops = 2.274591e+03
CONGRAD5: time = 1.676274e+00 (fn F) masses = 1 iters = 598 mflops = 1.951279e+03
 OK converged final_rsq= 4.9e-11 (cf 1e-10) rel = 1 (cf 0) restarts = 3 iters= 598
CONGRAD5: time = 1.653167e+00 (fn F) masses = 1 iters = 587 mflops = 1.942158e+03
 OK converged final_rsq= 9.9e-11 (cf 1e-10) rel = 1 (cf 0) restarts = 2 iters= 587
GFTIME:   time = 3.682270e-01 (Symanzik1) mflops = 1.914695e+03
FFTIME:  time = 8.789430e-01 (asqtad3) terms = 2 mflops = 2.275147e+03
PLAQ:	1.459904	1.458779
P_LOOP:	-1.853650e-03	7.911302e-04
G_LOOP:  0  0  4   	1.459978e+00	( 0 1 7 6  )
G_LOOP:  0  1  4   	1.460429e+00	( 0 2 7 5  )
G_LOOP:  0  2  4   	1.459517e+00	( 0 3 7 4  )
G_LOOP:  0  3  4   	1.459305e+00	( 1 2 6 5  )
G_LOOP:  0  4  4   	1.458412e+00	( 1 3 6 4  )
G_LOOP:  0  5  4   	1.458406e+00	( 2 3 5 4  )
G_LOOP:  1  0  6   	7.014389e-01	( 0 0 1 7 7 6  )
G_LOOP:  1  1  6   	7.000549e-01	( 0 0 2 7 7 5  )
G_LOOP:  1  2  6   	7.001699e-01	( 0 0 3 7 7 4  )
G_LOOP:  1  3  6   	7.001308e-01	( 1 1 0 6 6 7  )
G_LOOP:  1  4  6   	6.991508e-01	( 1 1 2 6 6 5  )
G_LOOP:  1  5  6   	6.984763e-01	( 1 1 3 6 6 4  )
G_LOOP:  1  6  6   	7.001755e-01	( 2 2 0 5 5 7  )
G_LOOP:  1  7  6   	6.994916e-01	( 2 2 1 5 5 6  )
G_LOOP:  1  8  6   	6.989763e-01	( 2 2 3 5 5 4  )
G_LOOP:  1  9  6   	6.971906e-01	( 3 3 0 4 4 7  )
G_LOOP:  1  10  6   	6.977047e-01	( 3 3 1 4 4 6  )
G_LOOP:  1  11  6   	6.973743e-01	( 3 3 2 4 4 5  )
G_LOOP:  2  0  6   	7.148741e-01	( 0 1 2 7 6 5  )
G_LOOP:  2  1  6   	7.147142e-01	( 0 1 5 7 6 2  )
G_LOOP:  2  2  6   	7.131921e-01	( 0 6 2 7 1 5  )
G_LOOP:  2  3  6   	7.133240e-01	( 0 6 5 7 1 2  )
G_LOOP:  2  4  6   	7.150910e-01	( 0 1 3 7 6 4  )
G_LOOP:  2  5  6   	7.135494e-01	( 0 1 4 7 6 3  )
G_LOOP:  2  6  6   	7.157726e-01	( 0 6 3 7 1 4  )
G_LOOP:  2  7  6   	7.142525e-01	( 0 6 4 7 1 3  )
G_LOOP:  2  8  6   	7.145356e-01	( 0 2 3 7 5 4  )
G_LOOP:  2  9  6   	7.157740e-01	( 0 2 4 7 5 3  )
G_LOOP:  2  10  6   	7.126602e-01	( 0 5 3 7 2 4  )
G_LOOP:  2  11  6   	7.140754e-01	( 0 5 4 7 2 3  )
G_LOOP:  2  12  6   	7.138906e-01	( 1 2 3 6 5 4  )
G_LOOP:  2  13  6   	7.137023e-01	( 1 2 4 6 5 3  )
G_LOOP:  2  14  6   	7.141318e-01	( 1 5 3 6 2 4  )
G_LOOP:  2  15  6   	7.131181e-01	( 1 5 4 6 2 3  )
GACTION: 6.723616e+00
CONGRAD5: time = 1.627887e+00 (fn F) masses = 1 iters = 583 mflops = 1.958878e+03
 OK converged final_rsq= 9.8e-11 (cf 1e-10) rel = 1 (cf 0) restarts = 2 iters= 583
CONGRAD5: time = 2.099731e-01 (fn F) masses = 1 iters = 73 mflops = 1.901614e+03
 OK converged final_rsq= 1e-10 (cf 1e-10) rel = 1 (cf 0) restarts = 1 iters= 73
PBP: mass 1.000000e-02     3.898942e-02  3.916292e-02  -1.695175e-03  -1.694673e-03 ( 1 of 1 )
FACTION: mass = 1.000000e-02,  1.499744e+00 ( 1 of 1 )
CONGRAD5: time = 1.649250e+00 (fn F) masses = 1 iters = 586 mflops = 1.943454e+03
 OK converged final_rsq= 5e-11 (cf 1e-10) rel = 1 (cf 0) restarts = 3 iters= 586
CONGRAD5: time = 2.007790e-01 (fn F) masses = 1 iters = 70 mflops = 1.906966e+03
 OK converged final_rsq= 1e-10 (cf 1e-10) rel = 1 (cf 0) restarts = 1 iters= 70
PBP: mass 1.000000e-02     3.688135e-02  4.163052e-02  4.808223e-04  4.812181e-04 ( 1 of 1 )
FACTION: mass = 1.000000e-02,  1.500306e+00 ( 1 of 1 )
RUNNING COMPLETED
average cg iters for step= 1.105000e+03
Time = 3.133729e+02 seconds
total_iters = 138265
Checksums 4041c232 e0d1ec91
Saved gauge configuration in parallel to binary file lat_p64_size128_2
Time stamp Fri Aug 19 22:09:20 2022
Wrote info file lat_p64_size128_2.info
Time to save = 9.328818e-01
CHECK PLAQ: 1.459904e+00 1.458779e+00
CHECK NERSC LINKTR: 1.433033e-01 CKSUM: 4e611941


get_i(0): EOF on input.
Elapsed total time: 357.643977
exit: Fri Aug 19 22:09:20 2022

