SU3 with improved KS action
Microcanonical simulation with refreshing
R algorithm
MIMD version 7.8.1
Machine = MPI (portable), with 64 nodes
Host(0) = nid00236
Username = mcopik
Options selected...
Generic single precision
C_GLOBAL_INLINE
DBLSTORE_FN
D_FN_GATHER13
FEWSUMS
KS_MULTIFF=FNMAT
VECLENGTH=4
type 0 for no prompts, 1 for prompts, or 2 for proofreading
nflavors1 2
nflavors2 1
nx 16
ny 16
nz 8
nt 36
iseed 5682304
LAYOUT = Hypercubes, options = hyper_prime,
automatic hyper_prime layout
ON EACH NODE 4 x 4 x 8 x 9
Mallocing 1.1 MBytes per node for lattice
WARNING!!: Resetting random seed
Made lattice
Made nn gathers
Made 3nn gathers
Finished setup


warms 0
trajecs 4
traj_between_meas 1
beta 5.6
mass1 0.125
mass2 0.125
u0 0.8441
microcanonical_time_step 0.2
steps_per_trajectory 5
max_cg_iterations 100
max_cg_restarts 5
error_per_site 0.125
error_for_propagator 0.125
npbp_reps 1
prec_pbp 1
fresh 
save_parallel lat_p64_size64_1
unit gauge configuration loaded
CHECK PLAQ: 3.000000e+00 3.000000e+00
CHECK NERSC LINKTR: 1.000000e+00 CKSUM: 0
Unitarity checked.  Max deviation 0.00e+00
Time to check unitarity = 3.240108e-04
"O(a^2): couplings(pi)=0, Naik term, No O(a^2) errors, tadpole weights"
path coefficients: npath  path_coeff  multiplicity
                    0      6.250000e-01     8
                    1      -5.847914e-02     8
                    2      -8.771871e-02     48
                    3      3.077829e-02     192
                    4      -7.199551e-03     384
                    5      -1.231132e-01     48
Symanzik 1x1 + 1x2 + 1x1x1 action
gauge_action: total_dyn_flavors = 3
loop coefficients: nloop rep loop_coeff  multiplicity
                    0 0      1.000000e+00     6
                    1 0      -7.762509e-02     12
                    2 0      -1.031171e-02     16
WARMUPS COMPLETED
CONGRAD5: time = 4.521132e-03 (fn F) masses = 1 iters = 4 mflops = 1.209807e+03
 OK converged final_rsq= 0.006 (cf 0.016) rel = 1 (cf 0) restarts = 1 iters= 4
CONGRAD5: time = 3.921032e-03 (fn F) masses = 1 iters = 4 mflops = 1.394963e+03
 OK converged final_rsq= 0.0059 (cf 0.016) rel = 1 (cf 0) restarts = 1 iters= 4
GFTIME:   time = 7.337403e-02 (Symanzik1) mflops = 2.402221e+03
FFTIME:  time = 1.667089e-01 (asqtad3) terms = 2 mflops = 2.998826e+03
CONGRAD5: time = 4.022121e-03 (fn F) masses = 1 iters = 4 mflops = 1.359903e+03
 OK converged final_rsq= 0.01 (cf 0.016) rel = 1 (cf 0) restarts = 1 iters= 4
CONGRAD5: time = 3.669024e-03 (fn F) masses = 1 iters = 4 mflops = 1.490777e+03
 OK converged final_rsq= 0.0098 (cf 0.016) rel = 1 (cf 0) restarts = 1 iters= 4
GFTIME:   time = 7.267404e-02 (Symanzik1) mflops = 2.425359e+03
FFTIME:  time = 1.631660e-01 (asqtad3) terms = 2 mflops = 3.063941e+03
CONGRAD5: time = 3.919125e-03 (fn F) masses = 1 iters = 4 mflops = 1.395642e+03
 OK converged final_rsq= 0.014 (cf 0.016) rel = 1 (cf 0) restarts = 1 iters= 4
CONGRAD5: time = 3.623962e-03 (fn F) masses = 1 iters = 4 mflops = 1.509314e+03
 OK converged final_rsq= 0.014 (cf 0.016) rel = 1 (cf 0) restarts = 1 iters= 4
GFTIME:   time = 7.025719e-02 (Symanzik1) mflops = 2.508791e+03
FFTIME:  time = 1.536150e-01 (asqtad3) terms = 2 mflops = 3.254442e+03
CONGRAD5: time = 3.859043e-03 (fn F) masses = 1 iters = 4 mflops = 1.417371e+03
 OK converged final_rsq= 0.013 (cf 0.016) rel = 1 (cf 0) restarts = 1 iters= 4
CONGRAD5: time = 3.614902e-03 (fn F) masses = 1 iters = 4 mflops = 1.513096e+03
 OK converged final_rsq= 0.013 (cf 0.016) rel = 1 (cf 0) restarts = 1 iters= 4
GFTIME:   time = 7.034898e-02 (Symanzik1) mflops = 2.505518e+03
FFTIME:  time = 1.527910e-01 (asqtad3) terms = 2 mflops = 3.271993e+03
CONGRAD5: time = 3.879786e-03 (fn F) masses = 1 iters = 4 mflops = 1.409793e+03
 OK converged final_rsq= 0.011 (cf 0.016) rel = 1 (cf 0) restarts = 1 iters= 4
CONGRAD5: time = 3.592014e-03 (fn F) masses = 1 iters = 4 mflops = 1.522738e+03
 OK converged final_rsq= 0.011 (cf 0.016) rel = 1 (cf 0) restarts = 1 iters= 4
GFTIME:   time = 7.087803e-02 (Symanzik1) mflops = 2.486816e+03
FFTIME:  time = 1.531560e-01 (asqtad3) terms = 2 mflops = 3.264195e+03
PLAQ:	2.348046	2.347861
P_LOOP:	-6.323028e-03	-1.925636e-02
G_LOOP:  0  0  4   	2.346897e+00	( 0 1 7 6  )
G_LOOP:  0  1  4   	2.347695e+00	( 0 2 7 5  )
G_LOOP:  0  2  4   	2.348610e+00	( 0 3 7 4  )
G_LOOP:  0  3  4   	2.349546e+00	( 1 2 6 5  )
G_LOOP:  0  4  4   	2.347450e+00	( 1 3 6 4  )
G_LOOP:  0  5  4   	2.347524e+00	( 2 3 5 4  )
G_LOOP:  1  0  6   	1.770886e+00	( 0 0 1 7 7 6  )
G_LOOP:  1  1  6   	1.772085e+00	( 0 0 2 7 7 5  )
G_LOOP:  1  2  6   	1.772683e+00	( 0 0 3 7 7 4  )
G_LOOP:  1  3  6   	1.772206e+00	( 1 1 0 6 6 7  )
G_LOOP:  1  4  6   	1.778615e+00	( 1 1 2 6 6 5  )
G_LOOP:  1  5  6   	1.772779e+00	( 1 1 3 6 6 4  )
G_LOOP:  1  6  6   	1.774422e+00	( 2 2 0 5 5 7  )
G_LOOP:  1  7  6   	1.776307e+00	( 2 2 1 5 5 6  )
G_LOOP:  1  8  6   	1.772614e+00	( 2 2 3 5 5 4  )
G_LOOP:  1  9  6   	1.773361e+00	( 3 3 0 4 4 7  )
G_LOOP:  1  10  6   	1.772005e+00	( 3 3 1 4 4 6  )
G_LOOP:  1  11  6   	1.772996e+00	( 3 3 2 4 4 5  )
G_LOOP:  2  0  6   	1.819044e+00	( 0 1 2 7 6 5  )
G_LOOP:  2  1  6   	1.821657e+00	( 0 1 5 7 6 2  )
G_LOOP:  2  2  6   	1.822819e+00	( 0 6 2 7 1 5  )
G_LOOP:  2  3  6   	1.821404e+00	( 0 6 5 7 1 2  )
G_LOOP:  2  4  6   	1.821922e+00	( 0 1 3 7 6 4  )
G_LOOP:  2  5  6   	1.817338e+00	( 0 1 4 7 6 3  )
G_LOOP:  2  6  6   	1.820607e+00	( 0 6 3 7 1 4  )
G_LOOP:  2  7  6   	1.823181e+00	( 0 6 4 7 1 3  )
G_LOOP:  2  8  6   	1.818823e+00	( 0 2 3 7 5 4  )
G_LOOP:  2  9  6   	1.819541e+00	( 0 2 4 7 5 3  )
G_LOOP:  2  10  6   	1.822350e+00	( 0 5 3 7 2 4  )
G_LOOP:  2  11  6   	1.817598e+00	( 0 5 4 7 2 3  )
G_LOOP:  2  12  6   	1.821659e+00	( 1 2 3 6 5 4  )
G_LOOP:  2  13  6   	1.824220e+00	( 1 2 4 6 5 3  )
G_LOOP:  2  14  6   	1.821604e+00	( 1 5 3 6 2 4  )
G_LOOP:  2  15  6   	1.824104e+00	( 1 5 4 6 2 3  )
GACTION: 2.575211e+00
CONGRAD5: time = 3.780842e-03 (fn F) masses = 1 iters = 4 mflops = 1.446687e+03
 OK converged final_rsq= 0.01 (cf 0.016) rel = 1 (cf 0) restarts = 1 iters= 4
CONGRAD5: time = 4.780054e-03 (fn F) masses = 1 iters = 6 mflops = 1.716412e+03
 OK converged final_rsq= 0.0087 (cf 0.016) rel = 1 (cf 0) restarts = 1 iters= 6
PBP: mass 1.250000e-01     6.839631e-02  1.024361e-01  -6.252925e-04  -1.562877e-03 ( 1 of 1 )
FACTION: mass = 1.250000e-01,  1.470003e+00 ( 1 of 1 )
CONGRAD5: time = 3.602028e-03 (fn F) masses = 1 iters = 4 mflops = 1.518505e+03
 OK converged final_rsq= 0.01 (cf 0.016) rel = 1 (cf 0) restarts = 1 iters= 4
CONGRAD5: time = 4.753828e-03 (fn F) masses = 1 iters = 6 mflops = 1.725882e+03
 OK converged final_rsq= 0.0087 (cf 0.016) rel = 1 (cf 0) restarts = 1 iters= 6
PBP: mass 1.250000e-01     7.042779e-02  1.006423e-01  -2.239626e-03  -2.553548e-03 ( 1 of 1 )
FACTION: mass = 1.250000e-01,  1.472298e+00 ( 1 of 1 )
CONGRAD5: time = 3.803015e-03 (fn F) masses = 1 iters = 4 mflops = 1.438253e+03
 OK converged final_rsq= 0.012 (cf 0.016) rel = 1 (cf 0) restarts = 1 iters= 4
CONGRAD5: time = 3.535032e-03 (fn F) masses = 1 iters = 4 mflops = 1.547283e+03
 OK converged final_rsq= 0.011 (cf 0.016) rel = 1 (cf 0) restarts = 1 iters= 4
GFTIME:   time = 7.069182e-02 (Symanzik1) mflops = 2.493366e+03
FFTIME:  time = 1.529632e-01 (asqtad3) terms = 2 mflops = 3.268311e+03
CONGRAD5: time = 4.439116e-03 (fn F) masses = 1 iters = 5 mflops = 1.540199e+03
 OK converged final_rsq= 0.0069 (cf 0.016) rel = 1 (cf 0) restarts = 1 iters= 5
CONGRAD5: time = 3.541946e-03 (fn F) masses = 1 iters = 4 mflops = 1.544263e+03
 OK converged final_rsq= 0.015 (cf 0.016) rel = 1 (cf 0) restarts = 1 iters= 4
GFTIME:   time = 7.079983e-02 (Symanzik1) mflops = 2.489563e+03
FFTIME:  time = 1.530509e-01 (asqtad3) terms = 2 mflops = 3.266437e+03
CONGRAD5: time = 4.414082e-03 (fn F) masses = 1 iters = 5 mflops = 1.548934e+03
 OK converged final_rsq= 0.0088 (cf 0.016) rel = 1 (cf 0) restarts = 1 iters= 5
CONGRAD5: time = 4.139185e-03 (fn F) masses = 1 iters = 5 mflops = 1.651803e+03
 OK converged final_rsq= 0.0084 (cf 0.016) rel = 1 (cf 0) restarts = 1 iters= 5
GFTIME:   time = 7.068586e-02 (Symanzik1) mflops = 2.493576e+03
FFTIME:  time = 1.537912e-01 (asqtad3) terms = 2 mflops = 3.250714e+03
CONGRAD5: time = 4.390955e-03 (fn F) masses = 1 iters = 5 mflops = 1.557092e+03
 OK converged final_rsq= 0.0085 (cf 0.016) rel = 1 (cf 0) restarts = 1 iters= 5
CONGRAD5: time = 4.164934e-03 (fn F) masses = 1 iters = 5 mflops = 1.641591e+03
 OK converged final_rsq= 0.0083 (cf 0.016) rel = 1 (cf 0) restarts = 1 iters= 5
GFTIME:   time = 7.061696e-02 (Symanzik1) mflops = 2.496010e+03
FFTIME:  time = 1.531091e-01 (asqtad3) terms = 2 mflops = 3.265196e+03
CONGRAD5: time = 4.415035e-03 (fn F) masses = 1 iters = 5 mflops = 1.548599e+03
 OK converged final_rsq= 0.0074 (cf 0.016) rel = 1 (cf 0) restarts = 1 iters= 5
CONGRAD5: time = 3.546000e-03 (fn F) masses = 1 iters = 4 mflops = 1.542498e+03
 OK converged final_rsq= 0.015 (cf 0.016) rel = 1 (cf 0) restarts = 1 iters= 4
GFTIME:   time = 7.092309e-02 (Symanzik1) mflops = 2.485236e+03
FFTIME:  time = 1.530139e-01 (asqtad3) terms = 2 mflops = 3.267226e+03
PLAQ:	2.013197	2.012697
P_LOOP:	-9.701269e-03	-3.360078e-02
G_LOOP:  0  0  4   	2.010792e+00	( 0 1 7 6  )
G_LOOP:  0  1  4   	2.013326e+00	( 0 2 7 5  )
G_LOOP:  0  2  4   	2.011958e+00	( 0 3 7 4  )
G_LOOP:  0  3  4   	2.015472e+00	( 1 2 6 5  )
G_LOOP:  0  4  4   	2.013512e+00	( 1 3 6 4  )
G_LOOP:  0  5  4   	2.012622e+00	( 2 3 5 4  )
G_LOOP:  1  0  6   	1.296020e+00	( 0 0 1 7 7 6  )
G_LOOP:  1  1  6   	1.302380e+00	( 0 0 2 7 7 5  )
G_LOOP:  1  2  6   	1.300113e+00	( 0 0 3 7 7 4  )
G_LOOP:  1  3  6   	1.297978e+00	( 1 1 0 6 6 7  )
G_LOOP:  1  4  6   	1.302920e+00	( 1 1 2 6 6 5  )
G_LOOP:  1  5  6   	1.301147e+00	( 1 1 3 6 6 4  )
G_LOOP:  1  6  6   	1.301421e+00	( 2 2 0 5 5 7  )
G_LOOP:  1  7  6   	1.302576e+00	( 2 2 1 5 5 6  )
G_LOOP:  1  8  6   	1.298934e+00	( 2 2 3 5 5 4  )
G_LOOP:  1  9  6   	1.299910e+00	( 3 3 0 4 4 7  )
G_LOOP:  1  10  6   	1.299603e+00	( 3 3 1 4 4 6  )
G_LOOP:  1  11  6   	1.299806e+00	( 3 3 2 4 4 5  )
G_LOOP:  2  0  6   	1.339921e+00	( 0 1 2 7 6 5  )
G_LOOP:  2  1  6   	1.347332e+00	( 0 1 5 7 6 2  )
G_LOOP:  2  2  6   	1.347822e+00	( 0 6 2 7 1 5  )
G_LOOP:  2  3  6   	1.345578e+00	( 0 6 5 7 1 2  )
G_LOOP:  2  4  6   	1.348037e+00	( 0 1 3 7 6 4  )
G_LOOP:  2  5  6   	1.342259e+00	( 0 1 4 7 6 3  )
G_LOOP:  2  6  6   	1.341849e+00	( 0 6 3 7 1 4  )
G_LOOP:  2  7  6   	1.343166e+00	( 0 6 4 7 1 3  )
G_LOOP:  2  8  6   	1.344500e+00	( 0 2 3 7 5 4  )
G_LOOP:  2  9  6   	1.342721e+00	( 0 2 4 7 5 3  )
G_LOOP:  2  10  6   	1.346118e+00	( 0 5 3 7 2 4  )
G_LOOP:  2  11  6   	1.343245e+00	( 0 5 4 7 2 3  )
G_LOOP:  2  12  6   	1.346085e+00	( 1 2 3 6 5 4  )
G_LOOP:  2  13  6   	1.347991e+00	( 1 2 4 6 5 3  )
G_LOOP:  2  14  6   	1.347405e+00	( 1 5 3 6 2 4  )
G_LOOP:  2  15  6   	1.344994e+00	( 1 5 4 6 2 3  )
GACTION: 4.065920e+00
CONGRAD5: time = 3.616095e-03 (fn F) masses = 1 iters = 4 mflops = 1.512598e+03
 OK converged final_rsq= 0.014 (cf 0.016) rel = 1 (cf 0) restarts = 1 iters= 4
CONGRAD5: time = 4.754066e-03 (fn F) masses = 1 iters = 6 mflops = 1.725795e+03
 OK converged final_rsq= 0.013 (cf 0.016) rel = 1 (cf 0) restarts = 1 iters= 6
PBP: mass 1.250000e-01     8.666703e-02  1.656794e-01  8.855824e-04  1.540118e-03 ( 1 of 1 )
FACTION: mass = 1.250000e-01,  1.448829e+00 ( 1 of 1 )
CONGRAD5: time = 3.618956e-03 (fn F) masses = 1 iters = 4 mflops = 1.511402e+03
 OK converged final_rsq= 0.014 (cf 0.016) rel = 1 (cf 0) restarts = 1 iters= 4
CONGRAD5: time = 4.741907e-03 (fn F) masses = 1 iters = 6 mflops = 1.730220e+03
 OK converged final_rsq= 0.013 (cf 0.016) rel = 1 (cf 0) restarts = 1 iters= 6
PBP: mass 1.250000e-01     8.854628e-02  1.707834e-01  -1.891601e-04  1.187543e-04 ( 1 of 1 )
FACTION: mass = 1.250000e-01,  1.441431e+00 ( 1 of 1 )
CONGRAD5: time = 4.420042e-03 (fn F) masses = 1 iters = 5 mflops = 1.546845e+03
 OK converged final_rsq= 0.0075 (cf 0.016) rel = 1 (cf 0) restarts = 1 iters= 5
CONGRAD5: time = 3.530025e-03 (fn F) masses = 1 iters = 4 mflops = 1.549478e+03
 OK converged final_rsq= 0.015 (cf 0.016) rel = 1 (cf 0) restarts = 1 iters= 4
GFTIME:   time = 7.058501e-02 (Symanzik1) mflops = 2.497139e+03
FFTIME:  time = 1.533489e-01 (asqtad3) terms = 2 mflops = 3.260089e+03
CONGRAD5: time = 4.335165e-03 (fn F) masses = 1 iters = 5 mflops = 1.577130e+03
 OK converged final_rsq= 0.0094 (cf 0.016) rel = 1 (cf 0) restarts = 1 iters= 5
CONGRAD5: time = 4.143000e-03 (fn F) masses = 1 iters = 5 mflops = 1.650283e+03
 OK converged final_rsq= 0.0087 (cf 0.016) rel = 1 (cf 0) restarts = 1 iters= 5
GFTIME:   time = 7.079911e-02 (Symanzik1) mflops = 2.489588e+03
FFTIME:  time = 1.530430e-01 (asqtad3) terms = 2 mflops = 3.266605e+03
CONGRAD5: time = 4.415989e-03 (fn F) masses = 1 iters = 5 mflops = 1.548265e+03
 OK converged final_rsq= 0.011 (cf 0.016) rel = 1 (cf 0) restarts = 1 iters= 5
CONGRAD5: time = 4.147053e-03 (fn F) masses = 1 iters = 5 mflops = 1.648670e+03
 OK converged final_rsq= 0.01 (cf 0.016) rel = 1 (cf 0) restarts = 1 iters= 5
GFTIME:   time = 7.058597e-02 (Symanzik1) mflops = 2.497106e+03
FFTIME:  time = 1.530991e-01 (asqtad3) terms = 2 mflops = 3.265410e+03
CONGRAD5: time = 4.415035e-03 (fn F) masses = 1 iters = 5 mflops = 1.548599e+03
 OK converged final_rsq= 0.011 (cf 0.016) rel = 1 (cf 0) restarts = 1 iters= 5
CONGRAD5: time = 4.126072e-03 (fn F) masses = 1 iters = 5 mflops = 1.657053e+03
 OK converged final_rsq= 0.01 (cf 0.016) rel = 1 (cf 0) restarts = 1 iters= 5
GFTIME:   time = 7.066083e-02 (Symanzik1) mflops = 2.494460e+03
FFTIME:  time = 1.538291e-01 (asqtad3) terms = 2 mflops = 3.249913e+03
CONGRAD5: time = 4.390001e-03 (fn F) masses = 1 iters = 5 mflops = 1.557430e+03
 OK converged final_rsq= 0.0099 (cf 0.016) rel = 1 (cf 0) restarts = 1 iters= 5
CONGRAD5: time = 4.156113e-03 (fn F) masses = 1 iters = 5 mflops = 1.645076e+03
 OK converged final_rsq= 0.0095 (cf 0.016) rel = 1 (cf 0) restarts = 1 iters= 5
GFTIME:   time = 7.073998e-02 (Symanzik1) mflops = 2.491669e+03
FFTIME:  time = 1.528740e-01 (asqtad3) terms = 2 mflops = 3.270217e+03
PLAQ:	1.791285	1.791269
P_LOOP:	-6.432488e-03	-5.703920e-03
G_LOOP:  0  0  4   	1.790148e+00	( 0 1 7 6  )
G_LOOP:  0  1  4   	1.791518e+00	( 0 2 7 5  )
G_LOOP:  0  2  4   	1.792043e+00	( 0 3 7 4  )
G_LOOP:  0  3  4   	1.792188e+00	( 1 2 6 5  )
G_LOOP:  0  4  4   	1.790762e+00	( 1 3 6 4  )
G_LOOP:  0  5  4   	1.791001e+00	( 2 3 5 4  )
G_LOOP:  1  0  6   	1.019748e+00	( 0 0 1 7 7 6  )
G_LOOP:  1  1  6   	1.025132e+00	( 0 0 2 7 7 5  )
G_LOOP:  1  2  6   	1.023343e+00	( 0 0 3 7 7 4  )
G_LOOP:  1  3  6   	1.020574e+00	( 1 1 0 6 6 7  )
G_LOOP:  1  4  6   	1.021528e+00	( 1 1 2 6 6 5  )
G_LOOP:  1  5  6   	1.025131e+00	( 1 1 3 6 6 4  )
G_LOOP:  1  6  6   	1.026650e+00	( 2 2 0 5 5 7  )
G_LOOP:  1  7  6   	1.018998e+00	( 2 2 1 5 5 6  )
G_LOOP:  1  8  6   	1.019490e+00	( 2 2 3 5 5 4  )
G_LOOP:  1  9  6   	1.025211e+00	( 3 3 0 4 4 7  )
G_LOOP:  1  10  6   	1.026625e+00	( 3 3 1 4 4 6  )
G_LOOP:  1  11  6   	1.022026e+00	( 3 3 2 4 4 5  )
G_LOOP:  2  0  6   	1.057034e+00	( 0 1 2 7 6 5  )
G_LOOP:  2  1  6   	1.059629e+00	( 0 1 5 7 6 2  )
G_LOOP:  2  2  6   	1.056571e+00	( 0 6 2 7 1 5  )
G_LOOP:  2  3  6   	1.053607e+00	( 0 6 5 7 1 2  )
G_LOOP:  2  4  6   	1.063099e+00	( 0 1 3 7 6 4  )
G_LOOP:  2  5  6   	1.054479e+00	( 0 1 4 7 6 3  )
G_LOOP:  2  6  6   	1.050944e+00	( 0 6 3 7 1 4  )
G_LOOP:  2  7  6   	1.056895e+00	( 0 6 4 7 1 3  )
G_LOOP:  2  8  6   	1.054540e+00	( 0 2 3 7 5 4  )
G_LOOP:  2  9  6   	1.059955e+00	( 0 2 4 7 5 3  )
G_LOOP:  2  10  6   	1.063218e+00	( 0 5 3 7 2 4  )
G_LOOP:  2  11  6   	1.057845e+00	( 0 5 4 7 2 3  )
G_LOOP:  2  12  6   	1.060030e+00	( 1 2 3 6 5 4  )
G_LOOP:  2  13  6   	1.055929e+00	( 1 2 4 6 5 3  )
G_LOOP:  2  14  6   	1.056636e+00	( 1 5 3 6 2 4  )
G_LOOP:  2  15  6   	1.057973e+00	( 1 5 4 6 2 3  )
GACTION: 5.090137e+00
CONGRAD5: time = 4.240036e-03 (fn F) masses = 1 iters = 5 mflops = 1.612515e+03
 OK converged final_rsq= 0.0085 (cf 0.016) rel = 1 (cf 0) restarts = 1 iters= 5
CONGRAD5: time = 4.712105e-03 (fn F) masses = 1 iters = 6 mflops = 1.741163e+03
 OK converged final_rsq= 0.015 (cf 0.016) rel = 1 (cf 0) restarts = 1 iters= 6
PBP: mass 1.250000e-01     1.097814e-01  3.050916e-01  6.159745e-04  1.073530e-03 ( 1 of 1 )
FACTION: mass = 1.250000e-01,  1.454408e+00 ( 1 of 1 )
CONGRAD5: time = 4.215956e-03 (fn F) masses = 1 iters = 5 mflops = 1.621725e+03
 OK converged final_rsq= 0.0085 (cf 0.016) rel = 1 (cf 0) restarts = 1 iters= 5
CONGRAD5: time = 4.936934e-03 (fn F) masses = 1 iters = 6 mflops = 1.661870e+03
 OK converged final_rsq= 0.015 (cf 0.016) rel = 1 (cf 0) restarts = 1 iters= 6
PBP: mass 1.250000e-01     1.050922e-01  3.076434e-01  3.700241e-03  3.379920e-03 ( 1 of 1 )
FACTION: mass = 1.250000e-01,  1.453909e+00 ( 1 of 1 )
CONGRAD5: time = 4.404068e-03 (fn F) masses = 1 iters = 5 mflops = 1.552456e+03
 OK converged final_rsq= 0.01 (cf 0.016) rel = 1 (cf 0) restarts = 1 iters= 5
CONGRAD5: time = 4.129887e-03 (fn F) masses = 1 iters = 5 mflops = 1.655522e+03
 OK converged final_rsq= 0.0097 (cf 0.016) rel = 1 (cf 0) restarts = 1 iters= 5
GFTIME:   time = 7.079196e-02 (Symanzik1) mflops = 2.489839e+03
FFTIME:  time = 1.528759e-01 (asqtad3) terms = 2 mflops = 3.270176e+03
CONGRAD5: time = 4.399061e-03 (fn F) masses = 1 iters = 5 mflops = 1.554223e+03
 OK converged final_rsq= 0.012 (cf 0.016) rel = 1 (cf 0) restarts = 1 iters= 5
CONGRAD5: time = 4.131079e-03 (fn F) masses = 1 iters = 5 mflops = 1.655045e+03
 OK converged final_rsq= 0.011 (cf 0.016) rel = 1 (cf 0) restarts = 1 iters= 5
GFTIME:   time = 7.066083e-02 (Symanzik1) mflops = 2.494460e+03
FFTIME:  time = 1.530089e-01 (asqtad3) terms = 2 mflops = 3.267333e+03
CONGRAD5: time = 4.415989e-03 (fn F) masses = 1 iters = 5 mflops = 1.548265e+03
 OK converged final_rsq= 0.012 (cf 0.016) rel = 1 (cf 0) restarts = 1 iters= 5
CONGRAD5: time = 4.138947e-03 (fn F) masses = 1 iters = 5 mflops = 1.651899e+03
 OK converged final_rsq= 0.012 (cf 0.016) rel = 1 (cf 0) restarts = 1 iters= 5
GFTIME:   time = 7.056284e-02 (Symanzik1) mflops = 2.497924e+03
FFTIME:  time = 1.529729e-01 (asqtad3) terms = 2 mflops = 3.268102e+03
CONGRAD5: time = 4.416943e-03 (fn F) masses = 1 iters = 5 mflops = 1.547930e+03
 OK converged final_rsq= 0.012 (cf 0.016) rel = 1 (cf 0) restarts = 1 iters= 5
CONGRAD5: time = 4.138947e-03 (fn F) masses = 1 iters = 5 mflops = 1.651899e+03
 OK converged final_rsq= 0.012 (cf 0.016) rel = 1 (cf 0) restarts = 1 iters= 5
GFTIME:   time = 7.150102e-02 (Symanzik1) mflops = 2.465148e+03
FFTIME:  time = 1.547801e-01 (asqtad3) terms = 2 mflops = 3.229943e+03
CONGRAD5: time = 4.395008e-03 (fn F) masses = 1 iters = 5 mflops = 1.555656e+03
 OK converged final_rsq= 0.012 (cf 0.016) rel = 1 (cf 0) restarts = 1 iters= 5
CONGRAD5: time = 4.137993e-03 (fn F) masses = 1 iters = 5 mflops = 1.652279e+03
 OK converged final_rsq= 0.011 (cf 0.016) rel = 1 (cf 0) restarts = 1 iters= 5
GFTIME:   time = 7.048917e-02 (Symanzik1) mflops = 2.500535e+03
FFTIME:  time = 1.529360e-01 (asqtad3) terms = 2 mflops = 3.268892e+03
PLAQ:	1.644329	1.645266
P_LOOP:	-6.709790e-03	2.457538e-02
G_LOOP:  0  0  4   	1.645259e+00	( 0 1 7 6  )
G_LOOP:  0  1  4   	1.644887e+00	( 0 2 7 5  )
G_LOOP:  0  2  4   	1.648300e+00	( 0 3 7 4  )
G_LOOP:  0  3  4   	1.642841e+00	( 1 2 6 5  )
G_LOOP:  0  4  4   	1.643302e+00	( 1 3 6 4  )
G_LOOP:  0  5  4   	1.644196e+00	( 2 3 5 4  )
G_LOOP:  1  0  6   	8.570332e-01	( 0 0 1 7 7 6  )
G_LOOP:  1  1  6   	8.564349e-01	( 0 0 2 7 7 5  )
G_LOOP:  1  2  6   	8.575904e-01	( 0 0 3 7 7 4  )
G_LOOP:  1  3  6   	8.546200e-01	( 1 1 0 6 6 7  )
G_LOOP:  1  4  6   	8.518105e-01	( 1 1 2 6 6 5  )
G_LOOP:  1  5  6   	8.528352e-01	( 1 1 3 6 6 4  )
G_LOOP:  1  6  6   	8.522190e-01	( 2 2 0 5 5 7  )
G_LOOP:  1  7  6   	8.538568e-01	( 2 2 1 5 5 6  )
G_LOOP:  1  8  6   	8.539536e-01	( 2 2 3 5 5 4  )
G_LOOP:  1  9  6   	8.538749e-01	( 3 3 0 4 4 7  )
G_LOOP:  1  10  6   	8.509052e-01	( 3 3 1 4 4 6  )
G_LOOP:  1  11  6   	8.542319e-01	( 3 3 2 4 4 5  )
G_LOOP:  2  0  6   	8.757616e-01	( 0 1 2 7 6 5  )
G_LOOP:  2  1  6   	8.783519e-01	( 0 1 5 7 6 2  )
G_LOOP:  2  2  6   	8.732871e-01	( 0 6 2 7 1 5  )
G_LOOP:  2  3  6   	8.757185e-01	( 0 6 5 7 1 2  )
G_LOOP:  2  4  6   	8.808826e-01	( 0 1 3 7 6 4  )
G_LOOP:  2  5  6   	8.805856e-01	( 0 1 4 7 6 3  )
G_LOOP:  2  6  6   	8.736942e-01	( 0 6 3 7 1 4  )
G_LOOP:  2  7  6   	8.766187e-01	( 0 6 4 7 1 3  )
G_LOOP:  2  8  6   	8.765765e-01	( 0 2 3 7 5 4  )
G_LOOP:  2  9  6   	8.804759e-01	( 0 2 4 7 5 3  )
G_LOOP:  2  10  6   	8.758448e-01	( 0 5 3 7 2 4  )
G_LOOP:  2  11  6   	8.745625e-01	( 0 5 4 7 2 3  )
G_LOOP:  2  12  6   	8.722904e-01	( 1 2 3 6 5 4  )
G_LOOP:  2  13  6   	8.801306e-01	( 1 2 4 6 5 3  )
G_LOOP:  2  14  6   	8.763059e-01	( 1 5 3 6 2 4  )
G_LOOP:  2  15  6   	8.742140e-01	( 1 5 4 6 2 3  )
GACTION: 5.781983e+00
CONGRAD5: time = 4.230976e-03 (fn F) masses = 1 iters = 5 mflops = 1.615968e+03
 OK converged final_rsq= 0.01 (cf 0.016) rel = 1 (cf 0) restarts = 1 iters= 5
CONGRAD5: time = 5.342007e-03 (fn F) masses = 1 iters = 7 mflops = 1.791830e+03
 OK converged final_rsq= 0.0082 (cf 0.016) rel = 1 (cf 0) restarts = 1 iters= 7
PBP: mass 1.250000e-01     1.244008e-01  3.278295e-01  1.524636e-03  4.785546e-05 ( 1 of 1 )
FACTION: mass = 1.250000e-01,  1.429116e+00 ( 1 of 1 )
CONGRAD5: time = 4.170179e-03 (fn F) masses = 1 iters = 5 mflops = 1.639527e+03
 OK converged final_rsq= 0.01 (cf 0.016) rel = 1 (cf 0) restarts = 1 iters= 5
CONGRAD5: time = 5.331993e-03 (fn F) masses = 1 iters = 7 mflops = 1.795195e+03
 OK converged final_rsq= 0.0083 (cf 0.016) rel = 1 (cf 0) restarts = 1 iters= 7
PBP: mass 1.250000e-01     1.240261e-01  3.300110e-01  -6.302996e-04  -4.874612e-04 ( 1 of 1 )
FACTION: mass = 1.250000e-01,  1.440693e+00 ( 1 of 1 )
RUNNING COMPLETED
average cg iters for step= 1.100000e+01
Time = 7.111444e+00 seconds
total_iters = 552
Checksums eb39cb37 375da3b2
Saved gauge configuration in parallel to binary file lat_p64_size64_1
Time stamp Fri Aug 12 23:41:40 2022
Wrote info file lat_p64_size64_1.info
Time to save = 2.290349e-01
CHECK PLAQ: 1.644329e+00 1.645266e+00
CHECK NERSC LINKTR: 1.712149e-01 CKSUM: b2397a8b


warms 0
trajecs 4
traj_between_meas 1
beta 5.6
mass1 0.01
mass2 0.01
u0 0.8441
microcanonical_time_step 0.02
steps_per_trajectory 15
max_cg_iterations 300
max_cg_restarts 5
error_per_site 1e-05
error_for_propagator 1e-05
npbp_reps 1
prec_pbp 1
reload_parallel lat_p64_size64_1
save_parallel lat_p64_size64_2
Restored binary gauge configuration in parallel from file lat_p64_size64_1
Time stamp Fri Aug 12 23:41:40 2022
Checksums eb39cb37 375da3b2 OK
Time to reload gauge configuration = 2.419689e-01
CHECK PLAQ: 1.644329e+00 1.645266e+00
CHECK NERSC LINKTR: 1.712149e-01 CKSUM: b2397a8b
Unitarity checked.  Max deviation 2.98e-07
Time to check unitarity = 2.250671e-04
"O(a^2): couplings(pi)=0, Naik term, No O(a^2) errors, tadpole weights"
path coefficients: npath  path_coeff  multiplicity
                    0      6.250000e-01     8
                    1      -5.847914e-02     8
                    2      -8.771871e-02     48
                    3      3.077829e-02     192
                    4      -7.199551e-03     384
                    5      -1.231132e-01     48
Symanzik 1x1 + 1x2 + 1x1x1 action
gauge_action: total_dyn_flavors = 3
loop coefficients: nloop rep loop_coeff  multiplicity
                    0 0      1.000000e+00     6
                    1 0      -7.762509e-02     12
                    2 0      -1.031171e-02     16
WARMUPS COMPLETED
CONGRAD5: time = 3.663979e-01 (fn F) masses = 1 iters = 602 mflops = 2.246709e+03
 OK converged final_rsq= 8.7e-11 (cf 1e-10) rel = 1 (cf 0) restarts = 3 iters= 602
CONGRAD5: time = 3.657830e-01 (fn F) masses = 1 iters = 602 mflops = 2.250485e+03
 OK converged final_rsq= 5.9e-11 (cf 1e-10) rel = 1 (cf 0) restarts = 3 iters= 602
GFTIME:   time = 7.151413e-02 (Symanzik1) mflops = 2.464696e+03
FFTIME:  time = 1.532109e-01 (asqtad3) terms = 2 mflops = 3.263026e+03
CONGRAD5: time = 4.231241e-01 (fn F) masses = 1 iters = 697 mflops = 2.252518e+03
 OK converged final_rsq= 1e-10 (cf 1e-10) rel = 1 (cf 0) restarts = 3 iters= 697
CONGRAD5: time = 3.672152e-01 (fn F) masses = 1 iters = 602 mflops = 2.241708e+03
 OK converged final_rsq= 8.1e-11 (cf 1e-10) rel = 1 (cf 0) restarts = 3 iters= 602
GFTIME:   time = 7.075191e-02 (Symanzik1) mflops = 2.491249e+03
FFTIME:  time = 1.542161e-01 (asqtad3) terms = 2 mflops = 3.241758e+03
CONGRAD5: time = 4.245939e-01 (fn F) masses = 1 iters = 696 mflops = 2.241500e+03
 OK converged final_rsq= 9.8e-11 (cf 1e-10) rel = 1 (cf 0) restarts = 3 iters= 696
CONGRAD5: time = 3.662641e-01 (fn F) masses = 1 iters = 602 mflops = 2.247529e+03
 OK converged final_rsq= 4.9e-11 (cf 1e-10) rel = 1 (cf 0) restarts = 3 iters= 602
GFTIME:   time = 7.175779e-02 (Symanzik1) mflops = 2.456327e+03
FFTIME:  time = 1.529651e-01 (asqtad3) terms = 2 mflops = 3.268270e+03
CONGRAD5: time = 4.475210e-01 (fn F) masses = 1 iters = 736 mflops = 2.248887e+03
 OK converged final_rsq= 5e-11 (cf 1e-10) rel = 1 (cf 0) restarts = 4 iters= 736
CONGRAD5: time = 3.683190e-01 (fn F) masses = 1 iters = 602 mflops = 2.234990e+03
 OK converged final_rsq= 6.1e-11 (cf 1e-10) rel = 1 (cf 0) restarts = 3 iters= 602
GFTIME:   time = 7.413697e-02 (Symanzik1) mflops = 2.377499e+03
FFTIME:  time = 1.922460e-01 (asqtad3) terms = 2 mflops = 2.600477e+03
CONGRAD5: time = 4.485791e-01 (fn F) masses = 1 iters = 712 mflops = 2.170422e+03
 OK converged final_rsq= 9.9e-11 (cf 1e-10) rel = 1 (cf 0) restarts = 3 iters= 712
CONGRAD5: time = 3.791361e-01 (fn F) masses = 1 iters = 602 mflops = 2.171224e+03
 OK converged final_rsq= 4.4e-11 (cf 1e-10) rel = 1 (cf 0) restarts = 3 iters= 602
GFTIME:   time = 7.414794e-02 (Symanzik1) mflops = 2.377148e+03
FFTIME:  time = 1.645710e-01 (asqtad3) terms = 2 mflops = 3.037783e+03
CONGRAD5: time = 4.385788e-01 (fn F) masses = 1 iters = 723 mflops = 2.254207e+03
 OK converged final_rsq= 9.9e-11 (cf 1e-10) rel = 1 (cf 0) restarts = 3 iters= 723
CONGRAD5: time = 4.211578e-01 (fn F) masses = 1 iters = 694 mflops = 2.253294e+03
 OK converged final_rsq= 9.9e-11 (cf 1e-10) rel = 1 (cf 0) restarts = 3 iters= 694
GFTIME:   time = 7.157207e-02 (Symanzik1) mflops = 2.462701e+03
FFTIME:  time = 1.527731e-01 (asqtad3) terms = 2 mflops = 3.272376e+03
CONGRAD5: time = 4.256980e-01 (fn F) masses = 1 iters = 702 mflops = 2.254959e+03
 OK converged final_rsq= 9.9e-11 (cf 1e-10) rel = 1 (cf 0) restarts = 3 iters= 702
CONGRAD5: time = 4.193940e-01 (fn F) masses = 1 iters = 691 mflops = 2.252989e+03
 OK converged final_rsq= 9.9e-11 (cf 1e-10) rel = 1 (cf 0) restarts = 3 iters= 691
GFTIME:   time = 7.135177e-02 (Symanzik1) mflops = 2.470305e+03
FFTIME:  time = 1.525970e-01 (asqtad3) terms = 2 mflops = 3.276154e+03
CONGRAD5: time = 4.543481e-01 (fn F) masses = 1 iters = 747 mflops = 2.248201e+03
 OK converged final_rsq= 5e-11 (cf 1e-10) rel = 1 (cf 0) restarts = 4 iters= 747
CONGRAD5: time = 4.232879e-01 (fn F) masses = 1 iters = 698 mflops = 2.254877e+03
 OK converged final_rsq= 9.9e-11 (cf 1e-10) rel = 1 (cf 0) restarts = 3 iters= 698
GFTIME:   time = 7.101083e-02 (Symanzik1) mflops = 2.482165e+03
FFTIME:  time = 1.536040e-01 (asqtad3) terms = 2 mflops = 3.254675e+03
CONGRAD5: time = 3.661458e-01 (fn F) masses = 1 iters = 602 mflops = 2.248255e+03
 OK converged final_rsq= 6.1e-11 (cf 1e-10) rel = 1 (cf 0) restarts = 3 iters= 602
CONGRAD5: time = 3.654959e-01 (fn F) masses = 1 iters = 602 mflops = 2.252253e+03
 OK converged final_rsq= 8.1e-11 (cf 1e-10) rel = 1 (cf 0) restarts = 3 iters= 602
GFTIME:   time = 7.068992e-02 (Symanzik1) mflops = 2.493434e+03
FFTIME:  time = 1.537480e-01 (asqtad3) terms = 2 mflops = 3.251626e+03
CONGRAD5: time = 4.450259e-01 (fn F) masses = 1 iters = 733 mflops = 2.252277e+03
 OK converged final_rsq= 1e-10 (cf 1e-10) rel = 1 (cf 0) restarts = 3 iters= 733
CONGRAD5: time = 4.174690e-01 (fn F) masses = 1 iters = 687 mflops = 2.250275e+03
 OK converged final_rsq= 5e-11 (cf 1e-10) rel = 1 (cf 0) restarts = 4 iters= 687
GFTIME:   time = 7.064199e-02 (Symanzik1) mflops = 2.495125e+03
FFTIME:  time = 1.530280e-01 (asqtad3) terms = 2 mflops = 3.266926e+03
CONGRAD5: time = 4.256859e-01 (fn F) masses = 1 iters = 702 mflops = 2.255023e+03
 OK converged final_rsq= 1e-10 (cf 1e-10) rel = 1 (cf 0) restarts = 3 iters= 702
CONGRAD5: time = 4.357748e-01 (fn F) masses = 1 iters = 714 mflops = 2.240471e+03
 OK converged final_rsq= 9.9e-11 (cf 1e-10) rel = 1 (cf 0) restarts = 3 iters= 714
GFTIME:   time = 7.213712e-02 (Symanzik1) mflops = 2.443411e+03
FFTIME:  time = 1.527848e-01 (asqtad3) terms = 2 mflops = 3.272126e+03
CONGRAD5: time = 4.471381e-01 (fn F) masses = 1 iters = 736 mflops = 2.250813e+03
 OK converged final_rsq= 5e-11 (cf 1e-10) rel = 1 (cf 0) restarts = 4 iters= 736
CONGRAD5: time = 4.196031e-01 (fn F) masses = 1 iters = 691 mflops = 2.251866e+03
 OK converged final_rsq= 1e-10 (cf 1e-10) rel = 1 (cf 0) restarts = 3 iters= 691
GFTIME:   time = 7.082677e-02 (Symanzik1) mflops = 2.488616e+03
FFTIME:  time = 1.538231e-01 (asqtad3) terms = 2 mflops = 3.250039e+03
CONGRAD5: time = 3.657079e-01 (fn F) masses = 1 iters = 602 mflops = 2.250948e+03
 OK converged final_rsq= 5.9e-11 (cf 1e-10) rel = 1 (cf 0) restarts = 3 iters= 602
CONGRAD5: time = 4.277439e-01 (fn F) masses = 1 iters = 704 mflops = 2.250567e+03
 OK converged final_rsq= 9.9e-11 (cf 1e-10) rel = 1 (cf 0) restarts = 3 iters= 704
GFTIME:   time = 7.228398e-02 (Symanzik1) mflops = 2.438446e+03
FFTIME:  time = 1.533160e-01 (asqtad3) terms = 2 mflops = 3.260789e+03
CONGRAD5: time = 4.396501e-01 (fn F) masses = 1 iters = 722 mflops = 2.245604e+03
 OK converged final_rsq= 1e-10 (cf 1e-10) rel = 1 (cf 0) restarts = 3 iters= 722
CONGRAD5: time = 4.348102e-01 (fn F) masses = 1 iters = 714 mflops = 2.245441e+03
 OK converged final_rsq= 9.9e-11 (cf 1e-10) rel = 1 (cf 0) restarts = 3 iters= 714
GFTIME:   time = 7.073402e-02 (Symanzik1) mflops = 2.491879e+03
FFTIME:  time = 1.530442e-01 (asqtad3) terms = 2 mflops = 3.266580e+03
CONGRAD5: time = 4.466791e-01 (fn F) masses = 1 iters = 734 mflops = 2.247003e+03
 OK converged final_rsq= 5e-11 (cf 1e-10) rel = 1 (cf 0) restarts = 4 iters= 734
CONGRAD5: time = 4.445219e-01 (fn F) masses = 1 iters = 730 mflops = 2.245603e+03
 OK converged final_rsq= 5e-11 (cf 1e-10) rel = 1 (cf 0) restarts = 4 iters= 730
GFTIME:   time = 7.079387e-02 (Symanzik1) mflops = 2.489772e+03
FFTIME:  time = 1.558039e-01 (asqtad3) terms = 2 mflops = 3.208720e+03
PLAQ:	1.539774	1.537947
P_LOOP:	2.137524e-02	-1.868550e-03
G_LOOP:  0  0  4   	1.540746e+00	( 0 1 7 6  )
G_LOOP:  0  1  4   	1.540140e+00	( 0 2 7 5  )
G_LOOP:  0  2  4   	1.541719e+00	( 0 3 7 4  )
G_LOOP:  0  3  4   	1.538434e+00	( 1 2 6 5  )
G_LOOP:  0  4  4   	1.537550e+00	( 1 3 6 4  )
G_LOOP:  0  5  4   	1.534573e+00	( 2 3 5 4  )
G_LOOP:  1  0  6   	7.790819e-01	( 0 0 1 7 7 6  )
G_LOOP:  1  1  6   	7.799391e-01	( 0 0 2 7 7 5  )
G_LOOP:  1  2  6   	7.791043e-01	( 0 0 3 7 7 4  )
G_LOOP:  1  3  6   	7.764447e-01	( 1 1 0 6 6 7  )
G_LOOP:  1  4  6   	7.782270e-01	( 1 1 2 6 6 5  )
G_LOOP:  1  5  6   	7.747586e-01	( 1 1 3 6 6 4  )
G_LOOP:  1  6  6   	7.836418e-01	( 2 2 0 5 5 7  )
G_LOOP:  1  7  6   	7.799032e-01	( 2 2 1 5 5 6  )
G_LOOP:  1  8  6   	7.734723e-01	( 2 2 3 5 5 4  )
G_LOOP:  1  9  6   	7.777085e-01	( 3 3 0 4 4 7  )
G_LOOP:  1  10  6   	7.756252e-01	( 3 3 1 4 4 6  )
G_LOOP:  1  11  6   	7.764703e-01	( 3 3 2 4 4 5  )
G_LOOP:  2  0  6   	7.994985e-01	( 0 1 2 7 6 5  )
G_LOOP:  2  1  6   	7.979915e-01	( 0 1 5 7 6 2  )
G_LOOP:  2  2  6   	7.953705e-01	( 0 6 2 7 1 5  )
G_LOOP:  2  3  6   	8.003053e-01	( 0 6 5 7 1 2  )
G_LOOP:  2  4  6   	8.009586e-01	( 0 1 3 7 6 4  )
G_LOOP:  2  5  6   	7.984360e-01	( 0 1 4 7 6 3  )
G_LOOP:  2  6  6   	7.979490e-01	( 0 6 3 7 1 4  )
G_LOOP:  2  7  6   	7.995333e-01	( 0 6 4 7 1 3  )
G_LOOP:  2  8  6   	7.957329e-01	( 0 2 3 7 5 4  )
G_LOOP:  2  9  6   	7.977878e-01	( 0 2 4 7 5 3  )
G_LOOP:  2  10  6   	7.963617e-01	( 0 5 3 7 2 4  )
G_LOOP:  2  11  6   	7.972991e-01	( 0 5 4 7 2 3  )
G_LOOP:  2  12  6   	7.945366e-01	( 1 2 3 6 5 4  )
G_LOOP:  2  13  6   	8.011747e-01	( 1 2 4 6 5 3  )
G_LOOP:  2  14  6   	7.986753e-01	( 1 5 3 6 2 4  )
G_LOOP:  2  15  6   	7.990682e-01	( 1 5 4 6 2 3  )
GACTION: 6.333642e+00
CONGRAD5: time = 4.376271e-01 (fn F) masses = 1 iters = 710 mflops = 2.218489e+03
 OK converged final_rsq= 9.9e-11 (cf 1e-10) rel = 1 (cf 0) restarts = 3 iters= 710
CONGRAD5: time = 4.881501e-02 (fn F) masses = 1 iters = 79 mflops = 2.212977e+03
 OK converged final_rsq= 9.7e-11 (cf 1e-10) rel = 1 (cf 0) restarts = 1 iters= 79
PBP: mass 1.000000e-02     5.439549e-02  3.149370e-02  7.460282e-03  7.456457e-03 ( 1 of 1 )
FACTION: mass = 1.000000e-02,  1.500299e+00 ( 1 of 1 )
CONGRAD5: time = 4.263740e-01 (fn F) masses = 1 iters = 701 mflops = 2.248177e+03
 OK converged final_rsq= 5e-11 (cf 1e-10) rel = 1 (cf 0) restarts = 4 iters= 701
CONGRAD5: time = 4.519296e-02 (fn F) masses = 1 iters = 73 mflops = 2.208794e+03
 OK converged final_rsq= 9.9e-11 (cf 1e-10) rel = 1 (cf 0) restarts = 1 iters= 73
PBP: mass 1.000000e-02     5.045901e-02  4.403169e-02  -3.122000e-03  -3.124954e-03 ( 1 of 1 )
FACTION: mass = 1.000000e-02,  1.498603e+00 ( 1 of 1 )
CONGRAD5: time = 4.390690e-01 (fn F) masses = 1 iters = 724 mflops = 2.254805e+03
 OK converged final_rsq= 9.8e-11 (cf 1e-10) rel = 1 (cf 0) restarts = 3 iters= 724
CONGRAD5: time = 4.149601e-01 (fn F) masses = 1 iters = 685 mflops = 2.257290e+03
 OK converged final_rsq= 9.8e-11 (cf 1e-10) rel = 1 (cf 0) restarts = 3 iters= 685
GFTIME:   time = 7.081699e-02 (Symanzik1) mflops = 2.488959e+03
FFTIME:  time = 1.529119e-01 (asqtad3) terms = 2 mflops = 3.269406e+03
CONGRAD5: time = 4.537711e-01 (fn F) masses = 1 iters = 746 mflops = 2.248046e+03
 OK converged final_rsq= 5e-11 (cf 1e-10) rel = 1 (cf 0) restarts = 4 iters= 746
CONGRAD5: time = 3.657351e-01 (fn F) masses = 1 iters = 602 mflops = 2.250780e+03
 OK converged final_rsq= 7.6e-11 (cf 1e-10) rel = 1 (cf 0) restarts = 3 iters= 602
GFTIME:   time = 7.148004e-02 (Symanzik1) mflops = 2.465872e+03
FFTIME:  time = 1.564610e-01 (asqtad3) terms = 2 mflops = 3.195244e+03
CONGRAD5: time = 4.563141e-01 (fn F) masses = 1 iters = 729 mflops = 2.184574e+03
 OK converged final_rsq= 5e-11 (cf 1e-10) rel = 1 (cf 0) restarts = 4 iters= 729
CONGRAD5: time = 4.525552e-01 (fn F) masses = 1 iters = 711 mflops = 2.148331e+03
 OK converged final_rsq= 5e-11 (cf 1e-10) rel = 1 (cf 0) restarts = 4 iters= 711
GFTIME:   time = 7.063484e-02 (Symanzik1) mflops = 2.495378e+03
FFTIME:  time = 1.528301e-01 (asqtad3) terms = 2 mflops = 3.271156e+03
CONGRAD5: time = 4.245911e-01 (fn F) masses = 1 iters = 699 mflops = 2.251176e+03
 OK converged final_rsq= 5e-11 (cf 1e-10) rel = 1 (cf 0) restarts = 4 iters= 699
CONGRAD5: time = 4.362888e-01 (fn F) masses = 1 iters = 719 mflops = 2.253502e+03
 OK converged final_rsq= 1e-10 (cf 1e-10) rel = 1 (cf 0) restarts = 3 iters= 719
GFTIME:   time = 7.057023e-02 (Symanzik1) mflops = 2.497662e+03
FFTIME:  time = 1.525891e-01 (asqtad3) terms = 2 mflops = 3.276323e+03
CONGRAD5: time = 4.445121e-01 (fn F) masses = 1 iters = 731 mflops = 2.248728e+03
 OK converged final_rsq= 1e-10 (cf 1e-10) rel = 1 (cf 0) restarts = 3 iters= 731
CONGRAD5: time = 4.149201e-01 (fn F) masses = 1 iters = 683 mflops = 2.250917e+03
 OK converged final_rsq= 5e-11 (cf 1e-10) rel = 1 (cf 0) restarts = 4 iters= 683
GFTIME:   time = 7.079101e-02 (Symanzik1) mflops = 2.489873e+03
FFTIME:  time = 1.527882e-01 (asqtad3) terms = 2 mflops = 3.272054e+03
CONGRAD5: time = 4.692979e-01 (fn F) masses = 1 iters = 771 mflops = 2.246513e+03
 OK converged final_rsq= 5e-11 (cf 1e-10) rel = 1 (cf 0) restarts = 4 iters= 771
CONGRAD5: time = 4.314961e-01 (fn F) masses = 1 iters = 712 mflops = 2.256349e+03
 OK converged final_rsq= 1e-10 (cf 1e-10) rel = 1 (cf 0) restarts = 3 iters= 712
GFTIME:   time = 7.065892e-02 (Symanzik1) mflops = 2.494527e+03
FFTIME:  time = 1.533930e-01 (asqtad3) terms = 2 mflops = 3.259152e+03
CONGRAD5: time = 4.333949e-01 (fn F) masses = 1 iters = 714 mflops = 2.252774e+03
 OK converged final_rsq= 5e-11 (cf 1e-10) rel = 1 (cf 0) restarts = 4 iters= 714
CONGRAD5: time = 3.650239e-01 (fn F) masses = 1 iters = 602 mflops = 2.255166e+03
 OK converged final_rsq= 7.4e-11 (cf 1e-10) rel = 1 (cf 0) restarts = 3 iters= 602
GFTIME:   time = 7.088804e-02 (Symanzik1) mflops = 2.486465e+03
FFTIME:  time = 1.532040e-01 (asqtad3) terms = 2 mflops = 3.263174e+03
CONGRAD5: time = 4.456348e-01 (fn F) masses = 1 iters = 735 mflops = 2.255337e+03
 OK converged final_rsq= 9.8e-11 (cf 1e-10) rel = 1 (cf 0) restarts = 3 iters= 735
CONGRAD5: time = 4.310851e-01 (fn F) masses = 1 iters = 706 mflops = 2.239468e+03
 OK converged final_rsq= 5e-11 (cf 1e-10) rel = 1 (cf 0) restarts = 4 iters= 706
GFTIME:   time = 7.075310e-02 (Symanzik1) mflops = 2.491207e+03
FFTIME:  time = 1.526239e-01 (asqtad3) terms = 2 mflops = 3.275576e+03
CONGRAD5: time = 4.377570e-01 (fn F) masses = 1 iters = 721 mflops = 2.252192e+03
 OK converged final_rsq= 5e-11 (cf 1e-10) rel = 1 (cf 0) restarts = 4 iters= 721
CONGRAD5: time = 4.527211e-01 (fn F) masses = 1 iters = 747 mflops = 2.256280e+03
 OK converged final_rsq= 5e-11 (cf 1e-10) rel = 1 (cf 0) restarts = 4 iters= 747
GFTIME:   time = 7.052088e-02 (Symanzik1) mflops = 2.499410e+03
FFTIME:  time = 1.535208e-01 (asqtad3) terms = 2 mflops = 3.256439e+03
CONGRAD5: time = 4.491160e-01 (fn F) masses = 1 iters = 739 mflops = 2.250034e+03
 OK converged final_rsq= 5e-11 (cf 1e-10) rel = 1 (cf 0) restarts = 4 iters= 739
CONGRAD5: time = 4.192090e-01 (fn F) masses = 1 iters = 688 mflops = 2.244197e+03
 OK converged final_rsq= 9.9e-11 (cf 1e-10) rel = 1 (cf 0) restarts = 3 iters= 688
GFTIME:   time = 7.045293e-02 (Symanzik1) mflops = 2.501821e+03
FFTIME:  time = 1.540830e-01 (asqtad3) terms = 2 mflops = 3.244557e+03
CONGRAD5: time = 4.541740e-01 (fn F) masses = 1 iters = 745 mflops = 2.243041e+03
 OK converged final_rsq= 5e-11 (cf 1e-10) rel = 1 (cf 0) restarts = 4 iters= 745
CONGRAD5: time = 4.349561e-01 (fn F) masses = 1 iters = 716 mflops = 2.250976e+03
 OK converged final_rsq= 1e-10 (cf 1e-10) rel = 1 (cf 0) restarts = 3 iters= 716
GFTIME:   time = 7.080603e-02 (Symanzik1) mflops = 2.489345e+03
FFTIME:  time = 1.527641e-01 (asqtad3) terms = 2 mflops = 3.272570e+03
CONGRAD5: time = 4.696660e-01 (fn F) masses = 1 iters = 772 mflops = 2.247664e+03
 OK converged final_rsq= 5e-11 (cf 1e-10) rel = 1 (cf 0) restarts = 4 iters= 772
CONGRAD5: time = 4.630959e-01 (fn F) masses = 1 iters = 733 mflops = 2.164394e+03
 OK converged final_rsq= 5e-11 (cf 1e-10) rel = 1 (cf 0) restarts = 4 iters= 733
GFTIME:   time = 9.353495e-02 (Symanzik1) mflops = 1.884436e+03
FFTIME:  time = 1.609461e-01 (asqtad3) terms = 2 mflops = 3.106202e+03
CONGRAD5: time = 4.384801e-01 (fn F) masses = 1 iters = 721 mflops = 2.248477e+03
 OK converged final_rsq= 5e-11 (cf 1e-10) rel = 1 (cf 0) restarts = 4 iters= 721
CONGRAD5: time = 4.388919e-01 (fn F) masses = 1 iters = 724 mflops = 2.255715e+03
 OK converged final_rsq= 5e-11 (cf 1e-10) rel = 1 (cf 0) restarts = 4 iters= 724
GFTIME:   time = 7.072496e-02 (Symanzik1) mflops = 2.492198e+03
FFTIME:  time = 1.526601e-01 (asqtad3) terms = 2 mflops = 3.274798e+03
CONGRAD5: time = 4.599860e-01 (fn F) masses = 1 iters = 759 mflops = 2.256318e+03
 OK converged final_rsq= 5e-11 (cf 1e-10) rel = 1 (cf 0) restarts = 4 iters= 759
CONGRAD5: time = 4.416029e-01 (fn F) masses = 1 iters = 727 mflops = 2.251156e+03
 OK converged final_rsq= 1e-10 (cf 1e-10) rel = 1 (cf 0) restarts = 3 iters= 727
GFTIME:   time = 7.070804e-02 (Symanzik1) mflops = 2.492795e+03
FFTIME:  time = 1.532440e-01 (asqtad3) terms = 2 mflops = 3.262321e+03
CONGRAD5: time = 4.738350e-01 (fn F) masses = 1 iters = 754 mflops = 2.175943e+03
 OK converged final_rsq= 4.9e-11 (cf 1e-10) rel = 1 (cf 0) restarts = 4 iters= 754
CONGRAD5: time = 3.660922e-01 (fn F) masses = 1 iters = 602 mflops = 2.248584e+03
 OK converged final_rsq= 9.2e-11 (cf 1e-10) rel = 1 (cf 0) restarts = 3 iters= 602
GFTIME:   time = 7.083511e-02 (Symanzik1) mflops = 2.488323e+03
FFTIME:  time = 1.525681e-01 (asqtad3) terms = 2 mflops = 3.276774e+03
PLAQ:	1.497626	1.498130
P_LOOP:	1.991909e-02	-1.379641e-02
G_LOOP:  0  0  4   	1.497047e+00	( 0 1 7 6  )
G_LOOP:  0  1  4   	1.498616e+00	( 0 2 7 5  )
G_LOOP:  0  2  4   	1.498145e+00	( 0 3 7 4  )
G_LOOP:  0  3  4   	1.497214e+00	( 1 2 6 5  )
G_LOOP:  0  4  4   	1.496954e+00	( 1 3 6 4  )
G_LOOP:  0  5  4   	1.499291e+00	( 2 3 5 4  )
G_LOOP:  1  0  6   	7.398073e-01	( 0 0 1 7 7 6  )
G_LOOP:  1  1  6   	7.422374e-01	( 0 0 2 7 7 5  )
G_LOOP:  1  2  6   	7.394495e-01	( 0 0 3 7 7 4  )
G_LOOP:  1  3  6   	7.382840e-01	( 1 1 0 6 6 7  )
G_LOOP:  1  4  6   	7.365532e-01	( 1 1 2 6 6 5  )
G_LOOP:  1  5  6   	7.371902e-01	( 1 1 3 6 6 4  )
G_LOOP:  1  6  6   	7.456752e-01	( 2 2 0 5 5 7  )
G_LOOP:  1  7  6   	7.428936e-01	( 2 2 1 5 5 6  )
G_LOOP:  1  8  6   	7.390187e-01	( 2 2 3 5 5 4  )
G_LOOP:  1  9  6   	7.398111e-01	( 3 3 0 4 4 7  )
G_LOOP:  1  10  6   	7.389642e-01	( 3 3 1 4 4 6  )
G_LOOP:  1  11  6   	7.400356e-01	( 3 3 2 4 4 5  )
G_LOOP:  2  0  6   	7.607733e-01	( 0 1 2 7 6 5  )
G_LOOP:  2  1  6   	7.581736e-01	( 0 1 5 7 6 2  )
G_LOOP:  2  2  6   	7.537819e-01	( 0 6 2 7 1 5  )
G_LOOP:  2  3  6   	7.623529e-01	( 0 6 5 7 1 2  )
G_LOOP:  2  4  6   	7.597389e-01	( 0 1 3 7 6 4  )
G_LOOP:  2  5  6   	7.537096e-01	( 0 1 4 7 6 3  )
G_LOOP:  2  6  6   	7.572606e-01	( 0 6 3 7 1 4  )
G_LOOP:  2  7  6   	7.594713e-01	( 0 6 4 7 1 3  )
G_LOOP:  2  8  6   	7.558015e-01	( 0 2 3 7 5 4  )
G_LOOP:  2  9  6   	7.618569e-01	( 0 2 4 7 5 3  )
G_LOOP:  2  10  6   	7.589309e-01	( 0 5 3 7 2 4  )
G_LOOP:  2  11  6   	7.602545e-01	( 0 5 4 7 2 3  )
G_LOOP:  2  12  6   	7.595571e-01	( 1 2 3 6 5 4  )
G_LOOP:  2  13  6   	7.632494e-01	( 1 2 4 6 5 3  )
G_LOOP:  2  14  6   	7.579410e-01	( 1 5 3 6 2 4  )
G_LOOP:  2  15  6   	7.601606e-01	( 1 5 4 6 2 3  )
GACTION: 6.537787e+00
CONGRAD5: time = 3.673930e-01 (fn F) masses = 1 iters = 602 mflops = 2.240623e+03
 OK converged final_rsq= 1e-10 (cf 1e-10) rel = 1 (cf 0) restarts = 3 iters= 602
CONGRAD5: time = 8.237004e-02 (fn F) masses = 1 iters = 133 mflops = 2.207931e+03
 OK converged final_rsq= 5e-11 (cf 1e-10) rel = 1 (cf 0) restarts = 2 iters= 133
PBP: mass 1.000000e-02     4.180596e-02  5.650046e-02  6.282065e-03  6.257703e-03 ( 1 of 1 )
FACTION: mass = 1.000000e-02,  1.499623e+00 ( 1 of 1 )
CONGRAD5: time = 4.307029e-01 (fn F) masses = 1 iters = 709 mflops = 2.250980e+03
 OK converged final_rsq= 5e-11 (cf 1e-10) rel = 1 (cf 0) restarts = 4 iters= 709
CONGRAD5: time = 4.631019e-02 (fn F) masses = 1 iters = 75 mflops = 2.214562e+03
 OK converged final_rsq= 1e-10 (cf 1e-10) rel = 1 (cf 0) restarts = 1 iters= 75
PBP: mass 1.000000e-02     4.935784e-02  4.621076e-02  -8.936203e-03  -8.936002e-03 ( 1 of 1 )
FACTION: mass = 1.000000e-02,  1.495237e+00 ( 1 of 1 )
CONGRAD5: time = 4.604340e-01 (fn F) masses = 1 iters = 758 mflops = 2.251153e+03
 OK converged final_rsq= 5e-11 (cf 1e-10) rel = 1 (cf 0) restarts = 4 iters= 758
CONGRAD5: time = 4.458621e-01 (fn F) masses = 1 iters = 735 mflops = 2.254187e+03
 OK converged final_rsq= 1e-10 (cf 1e-10) rel = 1 (cf 0) restarts = 3 iters= 735
GFTIME:   time = 7.064891e-02 (Symanzik1) mflops = 2.494881e+03
FFTIME:  time = 1.527090e-01 (asqtad3) terms = 2 mflops = 3.273750e+03
CONGRAD5: time = 4.611402e-01 (fn F) masses = 1 iters = 759 mflops = 2.250671e+03
 OK converged final_rsq= 9.9e-11 (cf 1e-10) rel = 1 (cf 0) restarts = 3 iters= 759
CONGRAD5: time = 4.208629e-01 (fn F) masses = 1 iters = 693 mflops = 2.251624e+03
 OK converged final_rsq= 9.9e-11 (cf 1e-10) rel = 1 (cf 0) restarts = 3 iters= 693
GFTIME:   time = 7.059598e-02 (Symanzik1) mflops = 2.496751e+03
FFTIME:  time = 1.529980e-01 (asqtad3) terms = 2 mflops = 3.267567e+03
CONGRAD5: time = 4.723859e-01 (fn F) masses = 1 iters = 777 mflops = 2.249196e+03
 OK converged final_rsq= 1e-10 (cf 1e-10) rel = 1 (cf 0) restarts = 3 iters= 777
CONGRAD5: time = 4.343569e-01 (fn F) masses = 1 iters = 715 mflops = 2.250933e+03
 OK converged final_rsq= 1e-10 (cf 1e-10) rel = 1 (cf 0) restarts = 3 iters= 715
GFTIME:   time = 7.051802e-02 (Symanzik1) mflops = 2.499512e+03
FFTIME:  time = 1.534171e-01 (asqtad3) terms = 2 mflops = 3.258640e+03
CONGRAD5: time = 4.585421e-01 (fn F) masses = 1 iters = 755 mflops = 2.251495e+03
 OK converged final_rsq= 4.9e-11 (cf 1e-10) rel = 1 (cf 0) restarts = 4 iters= 755
CONGRAD5: time = 4.293370e-01 (fn F) masses = 1 iters = 709 mflops = 2.258141e+03
 OK converged final_rsq= 9.9e-11 (cf 1e-10) rel = 1 (cf 0) restarts = 3 iters= 709
GFTIME:   time = 7.032299e-02 (Symanzik1) mflops = 2.506444e+03
FFTIME:  time = 1.528780e-01 (asqtad3) terms = 2 mflops = 3.270130e+03
CONGRAD5: time = 4.706330e-01 (fn F) masses = 1 iters = 769 mflops = 2.234329e+03
 OK converged final_rsq= 5e-11 (cf 1e-10) rel = 1 (cf 0) restarts = 4 iters= 769
CONGRAD5: time = 4.470739e-01 (fn F) masses = 1 iters = 737 mflops = 2.254194e+03
 OK converged final_rsq= 1e-10 (cf 1e-10) rel = 1 (cf 0) restarts = 3 iters= 737
GFTIME:   time = 7.057214e-02 (Symanzik1) mflops = 2.497595e+03
FFTIME:  time = 1.526382e-01 (asqtad3) terms = 2 mflops = 3.275269e+03
CONGRAD5: time = 4.546499e-01 (fn F) masses = 1 iters = 749 mflops = 2.252724e+03
 OK converged final_rsq= 1e-10 (cf 1e-10) rel = 1 (cf 0) restarts = 3 iters= 749
CONGRAD5: time = 4.558709e-01 (fn F) masses = 1 iters = 752 mflops = 2.255689e+03
 OK converged final_rsq= 5e-11 (cf 1e-10) rel = 1 (cf 0) restarts = 4 iters= 752
GFTIME:   time = 7.204294e-02 (Symanzik1) mflops = 2.446605e+03
FFTIME:  time = 1.527450e-01 (asqtad3) terms = 2 mflops = 3.272979e+03
CONGRAD5: time = 4.637039e-01 (fn F) masses = 1 iters = 761 mflops = 2.244125e+03
 OK converged final_rsq= 5e-11 (cf 1e-10) rel = 1 (cf 0) restarts = 4 iters= 761
CONGRAD5: time = 4.446042e-01 (fn F) masses = 1 iters = 731 mflops = 2.248263e+03
 OK converged final_rsq= 1e-10 (cf 1e-10) rel = 1 (cf 0) restarts = 3 iters= 731
GFTIME:   time = 7.066989e-02 (Symanzik1) mflops = 2.494140e+03
FFTIME:  time = 1.534851e-01 (asqtad3) terms = 2 mflops = 3.257197e+03
CONGRAD5: time = 4.568110e-01 (fn F) masses = 1 iters = 750 mflops = 2.245060e+03
 OK converged final_rsq= 4.9e-11 (cf 1e-10) rel = 1 (cf 0) restarts = 4 iters= 750
CONGRAD5: time = 4.474039e-01 (fn F) masses = 1 iters = 735 mflops = 2.246419e+03
 OK converged final_rsq= 5e-11 (cf 1e-10) rel = 1 (cf 0) restarts = 4 iters= 735
GFTIME:   time = 7.057905e-02 (Symanzik1) mflops = 2.497350e+03
FFTIME:  time = 1.538651e-01 (asqtad3) terms = 2 mflops = 3.249152e+03
CONGRAD5: time = 5.657570e-01 (fn F) masses = 1 iters = 782 mflops = 1.890079e+03
 OK converged final_rsq= 4.9e-11 (cf 1e-10) rel = 1 (cf 0) restarts = 4 iters= 782
CONGRAD5: time = 4.699521e-01 (fn F) masses = 1 iters = 767 mflops = 2.231747e+03
 OK converged final_rsq= 5e-11 (cf 1e-10) rel = 1 (cf 0) restarts = 4 iters= 767
GFTIME:   time = 7.923102e-02 (Symanzik1) mflops = 2.224641e+03
FFTIME:  time = 1.694539e-01 (asqtad3) terms = 2 mflops = 2.950249e+03
CONGRAD5: time = 4.635150e-01 (fn F) masses = 1 iters = 762 mflops = 2.247990e+03
 OK converged final_rsq= 5e-11 (cf 1e-10) rel = 1 (cf 0) restarts = 4 iters= 762
CONGRAD5: time = 4.398580e-01 (fn F) masses = 1 iters = 725 mflops = 2.253869e+03
 OK converged final_rsq= 9.9e-11 (cf 1e-10) rel = 1 (cf 0) restarts = 3 iters= 725
GFTIME:   time = 7.125187e-02 (Symanzik1) mflops = 2.473768e+03
FFTIME:  time = 1.525741e-01 (asqtad3) terms = 2 mflops = 3.276646e+03
CONGRAD5: time = 4.587359e-01 (fn F) masses = 1 iters = 756 mflops = 2.253524e+03
 OK converged final_rsq= 5e-11 (cf 1e-10) rel = 1 (cf 0) restarts = 4 iters= 756
CONGRAD5: time = 4.652839e-01 (fn F) masses = 1 iters = 766 mflops = 2.251199e+03
 OK converged final_rsq= 5e-11 (cf 1e-10) rel = 1 (cf 0) restarts = 4 iters= 766
GFTIME:   time = 7.077003e-02 (Symanzik1) mflops = 2.490611e+03
FFTIME:  time = 1.528108e-01 (asqtad3) terms = 2 mflops = 3.271569e+03
CONGRAD5: time = 4.806161e-01 (fn F) masses = 1 iters = 757 mflops = 2.153777e+03
 OK converged final_rsq= 5e-11 (cf 1e-10) rel = 1 (cf 0) restarts = 4 iters= 757
CONGRAD5: time = 4.342139e-01 (fn F) masses = 1 iters = 715 mflops = 2.251674e+03
 OK converged final_rsq= 5e-11 (cf 1e-10) rel = 1 (cf 0) restarts = 4 iters= 715
GFTIME:   time = 7.062197e-02 (Symanzik1) mflops = 2.495833e+03
FFTIME:  time = 1.527541e-01 (asqtad3) terms = 2 mflops = 3.272784e+03
CONGRAD5: time = 4.702940e-01 (fn F) masses = 1 iters = 774 mflops = 2.250478e+03
 OK converged final_rsq= 5e-11 (cf 1e-10) rel = 1 (cf 0) restarts = 4 iters= 774
CONGRAD5: time = 4.358869e-01 (fn F) masses = 1 iters = 719 mflops = 2.255580e+03
 OK converged final_rsq= 1e-10 (cf 1e-10) rel = 1 (cf 0) restarts = 3 iters= 719
GFTIME:   time = 7.054090e-02 (Symanzik1) mflops = 2.498701e+03
FFTIME:  time = 1.529472e-01 (asqtad3) terms = 2 mflops = 3.268652e+03
CONGRAD5: time = 4.755001e-01 (fn F) masses = 1 iters = 783 mflops = 2.251720e+03
 OK converged final_rsq= 5e-11 (cf 1e-10) rel = 1 (cf 0) restarts = 4 iters= 783
CONGRAD5: time = 4.476931e-01 (fn F) masses = 1 iters = 738 mflops = 2.254131e+03
 OK converged final_rsq= 5e-11 (cf 1e-10) rel = 1 (cf 0) restarts = 4 iters= 738
GFTIME:   time = 7.050610e-02 (Symanzik1) mflops = 2.499934e+03
FFTIME:  time = 1.536720e-01 (asqtad3) terms = 2 mflops = 3.253235e+03
CONGRAD5: time = 4.743309e-01 (fn F) masses = 1 iters = 781 mflops = 2.251504e+03
 OK converged final_rsq= 5e-11 (cf 1e-10) rel = 1 (cf 0) restarts = 4 iters= 781
CONGRAD5: time = 4.473970e-01 (fn F) masses = 1 iters = 737 mflops = 2.252567e+03
 OK converged final_rsq= 1e-10 (cf 1e-10) rel = 1 (cf 0) restarts = 3 iters= 737
GFTIME:   time = 7.049608e-02 (Symanzik1) mflops = 2.500289e+03
FFTIME:  time = 1.527629e-01 (asqtad3) terms = 2 mflops = 3.272595e+03
PLAQ:	1.473963	1.473385
P_LOOP:	-7.764089e-03	6.219714e-03
G_LOOP:  0  0  4   	1.474057e+00	( 0 1 7 6  )
G_LOOP:  0  1  4   	1.476495e+00	( 0 2 7 5  )
G_LOOP:  0  2  4   	1.473365e+00	( 0 3 7 4  )
G_LOOP:  0  3  4   	1.471338e+00	( 1 2 6 5  )
G_LOOP:  0  4  4   	1.472826e+00	( 1 3 6 4  )
G_LOOP:  0  5  4   	1.473963e+00	( 2 3 5 4  )
G_LOOP:  1  0  6   	7.133980e-01	( 0 0 1 7 7 6  )
G_LOOP:  1  1  6   	7.231318e-01	( 0 0 2 7 7 5  )
G_LOOP:  1  2  6   	7.177161e-01	( 0 0 3 7 7 4  )
G_LOOP:  1  3  6   	7.170766e-01	( 1 1 0 6 6 7  )
G_LOOP:  1  4  6   	7.130472e-01	( 1 1 2 6 6 5  )
G_LOOP:  1  5  6   	7.151839e-01	( 1 1 3 6 6 4  )
G_LOOP:  1  6  6   	7.140978e-01	( 2 2 0 5 5 7  )
G_LOOP:  1  7  6   	7.130462e-01	( 2 2 1 5 5 6  )
G_LOOP:  1  8  6   	7.153132e-01	( 2 2 3 5 5 4  )
G_LOOP:  1  9  6   	7.117251e-01	( 3 3 0 4 4 7  )
G_LOOP:  1  10  6   	7.125768e-01	( 3 3 1 4 4 6  )
G_LOOP:  1  11  6   	7.086897e-01	( 3 3 2 4 4 5  )
G_LOOP:  2  0  6   	7.351040e-01	( 0 1 2 7 6 5  )
G_LOOP:  2  1  6   	7.280939e-01	( 0 1 5 7 6 2  )
G_LOOP:  2  2  6   	7.308180e-01	( 0 6 2 7 1 5  )
G_LOOP:  2  3  6   	7.304092e-01	( 0 6 5 7 1 2  )
G_LOOP:  2  4  6   	7.341810e-01	( 0 1 3 7 6 4  )
G_LOOP:  2  5  6   	7.318136e-01	( 0 1 4 7 6 3  )
G_LOOP:  2  6  6   	7.295944e-01	( 0 6 3 7 1 4  )
G_LOOP:  2  7  6   	7.277577e-01	( 0 6 4 7 1 3  )
G_LOOP:  2  8  6   	7.329565e-01	( 0 2 3 7 5 4  )
G_LOOP:  2  9  6   	7.324030e-01	( 0 2 4 7 5 3  )
G_LOOP:  2  10  6   	7.299320e-01	( 0 5 3 7 2 4  )
G_LOOP:  2  11  6   	7.308683e-01	( 0 5 4 7 2 3  )
G_LOOP:  2  12  6   	7.322426e-01	( 1 2 3 6 5 4  )
G_LOOP:  2  13  6   	7.340319e-01	( 1 2 4 6 5 3  )
G_LOOP:  2  14  6   	7.346669e-01	( 1 5 3 6 2 4  )
G_LOOP:  2  15  6   	7.309851e-01	( 1 5 4 6 2 3  )
GACTION: 6.654834e+00
CONGRAD5: time = 3.679090e-01 (fn F) masses = 1 iters = 602 mflops = 2.237481e+03
 OK converged final_rsq= 7.5e-11 (cf 1e-10) rel = 1 (cf 0) restarts = 3 iters= 602
CONGRAD5: time = 8.032489e-02 (fn F) masses = 1 iters = 130 mflops = 2.213076e+03
 OK converged final_rsq= 5e-11 (cf 1e-10) rel = 1 (cf 0) restarts = 2 iters= 130
PBP: mass 1.000000e-02     5.172191e-02  3.967773e-02  -4.749448e-03  -4.752535e-03 ( 1 of 1 )
FACTION: mass = 1.000000e-02,  1.499391e+00 ( 1 of 1 )
CONGRAD5: time = 4.512231e-01 (fn F) masses = 1 iters = 740 mflops = 2.242557e+03
 OK converged final_rsq= 5e-11 (cf 1e-10) rel = 1 (cf 0) restarts = 4 iters= 740
CONGRAD5: time = 4.982305e-02 (fn F) masses = 1 iters = 78 mflops = 2.140758e+03
 OK converged final_rsq= 9.9e-11 (cf 1e-10) rel = 1 (cf 0) restarts = 1 iters= 78
PBP: mass 1.000000e-02     4.471490e-02  6.322165e-02  -1.728046e-04  -1.750247e-04 ( 1 of 1 )
FACTION: mass = 1.000000e-02,  1.497018e+00 ( 1 of 1 )
CONGRAD5: time = 4.678090e-01 (fn F) masses = 1 iters = 768 mflops = 2.244894e+03
 OK converged final_rsq= 4.9e-11 (cf 1e-10) rel = 1 (cf 0) restarts = 4 iters= 768
CONGRAD5: time = 4.425652e-01 (fn F) masses = 1 iters = 727 mflops = 2.246262e+03
 OK converged final_rsq= 9.9e-11 (cf 1e-10) rel = 1 (cf 0) restarts = 3 iters= 727
GFTIME:   time = 7.060909e-02 (Symanzik1) mflops = 2.496288e+03
FFTIME:  time = 1.533740e-01 (asqtad3) terms = 2 mflops = 3.259557e+03
CONGRAD5: time = 4.782400e-01 (fn F) masses = 1 iters = 787 mflops = 2.250256e+03
 OK converged final_rsq= 5e-11 (cf 1e-10) rel = 1 (cf 0) restarts = 4 iters= 787
CONGRAD5: time = 4.701030e-01 (fn F) masses = 1 iters = 772 mflops = 2.245574e+03
 OK converged final_rsq= 5e-11 (cf 1e-10) rel = 1 (cf 0) restarts = 4 iters= 772
GFTIME:   time = 7.070589e-02 (Symanzik1) mflops = 2.492870e+03
FFTIME:  time = 1.558731e-01 (asqtad3) terms = 2 mflops = 3.207297e+03
CONGRAD5: time = 4.933951e-01 (fn F) masses = 1 iters = 785 mflops = 2.175595e+03
 OK converged final_rsq= 1e-10 (cf 1e-10) rel = 1 (cf 0) restarts = 3 iters= 785
CONGRAD5: time = 4.464250e-01 (fn F) masses = 1 iters = 734 mflops = 2.248282e+03
 OK converged final_rsq= 5e-11 (cf 1e-10) rel = 1 (cf 0) restarts = 4 iters= 734
GFTIME:   time = 7.679081e-02 (Symanzik1) mflops = 2.295335e+03
FFTIME:  time = 1.973269e-01 (asqtad3) terms = 2 mflops = 2.533517e+03
CONGRAD5: time = 4.706578e-01 (fn F) masses = 1 iters = 774 mflops = 2.248738e+03
 OK converged final_rsq= 5e-11 (cf 1e-10) rel = 1 (cf 0) restarts = 4 iters= 774
CONGRAD5: time = 4.479530e-01 (fn F) masses = 1 iters = 738 mflops = 2.252823e+03
 OK converged final_rsq= 1e-10 (cf 1e-10) rel = 1 (cf 0) restarts = 3 iters= 738
GFTIME:   time = 7.064295e-02 (Symanzik1) mflops = 2.495091e+03
FFTIME:  time = 1.526692e-01 (asqtad3) terms = 2 mflops = 3.274604e+03
CONGRAD5: time = 4.654031e-01 (fn F) masses = 1 iters = 766 mflops = 2.250623e+03
 OK converged final_rsq= 5e-11 (cf 1e-10) rel = 1 (cf 0) restarts = 4 iters= 766
CONGRAD5: time = 4.444449e-01 (fn F) masses = 1 iters = 734 mflops = 2.258298e+03
 OK converged final_rsq= 9.9e-11 (cf 1e-10) rel = 1 (cf 0) restarts = 3 iters= 734
GFTIME:   time = 7.039499e-02 (Symanzik1) mflops = 2.503880e+03
FFTIME:  time = 1.530120e-01 (asqtad3) terms = 2 mflops = 3.267267e+03
CONGRAD5: time = 4.701800e-01 (fn F) masses = 1 iters = 775 mflops = 2.253932e+03
 OK converged final_rsq= 5e-11 (cf 1e-10) rel = 1 (cf 0) restarts = 4 iters= 775
CONGRAD5: time = 4.494162e-01 (fn F) masses = 1 iters = 742 mflops = 2.257659e+03
 OK converged final_rsq= 5e-11 (cf 1e-10) rel = 1 (cf 0) restarts = 4 iters= 742
GFTIME:   time = 7.061911e-02 (Symanzik1) mflops = 2.495934e+03
FFTIME:  time = 1.527081e-01 (asqtad3) terms = 2 mflops = 3.273771e+03
CONGRAD5: time = 4.775150e-01 (fn F) masses = 1 iters = 786 mflops = 2.250810e+03
 OK converged final_rsq= 5e-11 (cf 1e-10) rel = 1 (cf 0) restarts = 4 iters= 786
CONGRAD5: time = 4.643540e-01 (fn F) masses = 1 iters = 765 mflops = 2.252762e+03
 OK converged final_rsq= 5e-11 (cf 1e-10) rel = 1 (cf 0) restarts = 4 iters= 765
GFTIME:   time = 7.043099e-02 (Symanzik1) mflops = 2.502600e+03
FFTIME:  time = 1.567521e-01 (asqtad3) terms = 2 mflops = 3.189310e+03
CONGRAD5: time = 4.644730e-01 (fn F) masses = 1 iters = 743 mflops = 2.187417e+03
 OK converged final_rsq= 5e-11 (cf 1e-10) rel = 1 (cf 0) restarts = 4 iters= 743
CONGRAD5: time = 4.565098e-01 (fn F) masses = 1 iters = 753 mflops = 2.255527e+03
 OK converged final_rsq= 1e-10 (cf 1e-10) rel = 1 (cf 0) restarts = 3 iters= 753
GFTIME:   time = 7.049203e-02 (Symanzik1) mflops = 2.500433e+03
FFTIME:  time = 1.524220e-01 (asqtad3) terms = 2 mflops = 3.279916e+03
CONGRAD5: time = 4.684000e-01 (fn F) masses = 1 iters = 770 mflops = 2.247900e+03
 OK converged final_rsq= 5e-11 (cf 1e-10) rel = 1 (cf 0) restarts = 4 iters= 770
CONGRAD5: time = 4.436400e-01 (fn F) masses = 1 iters = 731 mflops = 2.253149e+03
 OK converged final_rsq= 9.9e-11 (cf 1e-10) rel = 1 (cf 0) restarts = 3 iters= 731
GFTIME:   time = 7.055092e-02 (Symanzik1) mflops = 2.498346e+03
FFTIME:  time = 1.524839e-01 (asqtad3) terms = 2 mflops = 3.278582e+03
CONGRAD5: time = 4.693310e-01 (fn F) masses = 1 iters = 771 mflops = 2.246355e+03
 OK converged final_rsq= 5e-11 (cf 1e-10) rel = 1 (cf 0) restarts = 4 iters= 771
CONGRAD5: time = 4.401779e-01 (fn F) masses = 1 iters = 726 mflops = 2.255338e+03
 OK converged final_rsq= 9.9e-11 (cf 1e-10) rel = 1 (cf 0) restarts = 3 iters= 726
GFTIME:   time = 7.105517e-02 (Symanzik1) mflops = 2.480616e+03
FFTIME:  time = 1.525850e-01 (asqtad3) terms = 2 mflops = 3.276410e+03
CONGRAD5: time = 4.703891e-01 (fn F) masses = 1 iters = 774 mflops = 2.250023e+03
 OK converged final_rsq= 5e-11 (cf 1e-10) rel = 1 (cf 0) restarts = 4 iters= 774
CONGRAD5: time = 4.534810e-01 (fn F) masses = 1 iters = 747 mflops = 2.252500e+03
 OK converged final_rsq= 5e-11 (cf 1e-10) rel = 1 (cf 0) restarts = 4 iters= 747
GFTIME:   time = 7.033205e-02 (Symanzik1) mflops = 2.506121e+03
FFTIME:  time = 1.526589e-01 (asqtad3) terms = 2 mflops = 3.274824e+03
CONGRAD5: time = 4.784729e-01 (fn F) masses = 1 iters = 788 mflops = 2.252019e+03
 OK converged final_rsq= 4.9e-11 (cf 1e-10) rel = 1 (cf 0) restarts = 4 iters= 788
CONGRAD5: time = 4.482899e-01 (fn F) masses = 1 iters = 739 mflops = 2.254181e+03
 OK converged final_rsq= 9.9e-11 (cf 1e-10) rel = 1 (cf 0) restarts = 3 iters= 739
GFTIME:   time = 7.053304e-02 (Symanzik1) mflops = 2.498979e+03
FFTIME:  time = 1.533451e-01 (asqtad3) terms = 2 mflops = 3.260170e+03
CONGRAD5: time = 4.634461e-01 (fn F) masses = 1 iters = 757 mflops = 2.233571e+03
 OK converged final_rsq= 5e-11 (cf 1e-10) rel = 1 (cf 0) restarts = 4 iters= 757
CONGRAD5: time = 4.613669e-01 (fn F) masses = 1 iters = 758 mflops = 2.246601e+03
 OK converged final_rsq= 5e-11 (cf 1e-10) rel = 1 (cf 0) restarts = 4 iters= 758
GFTIME:   time = 7.047391e-02 (Symanzik1) mflops = 2.501076e+03
FFTIME:  time = 1.532362e-01 (asqtad3) terms = 2 mflops = 3.262488e+03
CONGRAD5: time = 4.683878e-01 (fn F) masses = 1 iters = 770 mflops = 2.247959e+03
 OK converged final_rsq= 5e-11 (cf 1e-10) rel = 1 (cf 0) restarts = 4 iters= 770
CONGRAD5: time = 4.545491e-01 (fn F) masses = 1 iters = 746 mflops = 2.244198e+03
 OK converged final_rsq= 5e-11 (cf 1e-10) rel = 1 (cf 0) restarts = 4 iters= 746
GFTIME:   time = 7.068706e-02 (Symanzik1) mflops = 2.493534e+03
FFTIME:  time = 1.577258e-01 (asqtad3) terms = 2 mflops = 3.169622e+03
CONGRAD5: time = 5.147538e-01 (fn F) masses = 1 iters = 763 mflops = 2.026881e+03
 OK converged final_rsq= 5e-11 (cf 1e-10) rel = 1 (cf 0) restarts = 4 iters= 763
CONGRAD5: time = 4.609320e-01 (fn F) masses = 1 iters = 753 mflops = 2.233888e+03
 OK converged final_rsq= 1e-10 (cf 1e-10) rel = 1 (cf 0) restarts = 3 iters= 753
GFTIME:   time = 7.743001e-02 (Symanzik1) mflops = 2.276386e+03
FFTIME:  time = 1.699781e-01 (asqtad3) terms = 2 mflops = 2.941150e+03
PLAQ:	1.459433	1.458465
P_LOOP:	1.615890e-02	-8.026712e-03
G_LOOP:  0  0  4   	1.459195e+00	( 0 1 7 6  )
G_LOOP:  0  1  4   	1.460791e+00	( 0 2 7 5  )
G_LOOP:  0  2  4   	1.460614e+00	( 0 3 7 4  )
G_LOOP:  0  3  4   	1.458314e+00	( 1 2 6 5  )
G_LOOP:  0  4  4   	1.457892e+00	( 1 3 6 4  )
G_LOOP:  0  5  4   	1.456888e+00	( 2 3 5 4  )
G_LOOP:  1  0  6   	6.983939e-01	( 0 0 1 7 7 6  )
G_LOOP:  1  1  6   	7.042719e-01	( 0 0 2 7 7 5  )
G_LOOP:  1  2  6   	7.000097e-01	( 0 0 3 7 7 4  )
G_LOOP:  1  3  6   	6.967192e-01	( 1 1 0 6 6 7  )
G_LOOP:  1  4  6   	6.984864e-01	( 1 1 2 6 6 5  )
G_LOOP:  1  5  6   	6.968441e-01	( 1 1 3 6 6 4  )
G_LOOP:  1  6  6   	6.998432e-01	( 2 2 0 5 5 7  )
G_LOOP:  1  7  6   	6.985943e-01	( 2 2 1 5 5 6  )
G_LOOP:  1  8  6   	6.990863e-01	( 2 2 3 5 5 4  )
G_LOOP:  1  9  6   	6.999809e-01	( 3 3 0 4 4 7  )
G_LOOP:  1  10  6   	6.973355e-01	( 3 3 1 4 4 6  )
G_LOOP:  1  11  6   	6.941445e-01	( 3 3 2 4 4 5  )
G_LOOP:  2  0  6   	7.139080e-01	( 0 1 2 7 6 5  )
G_LOOP:  2  1  6   	7.119920e-01	( 0 1 5 7 6 2  )
G_LOOP:  2  2  6   	7.117254e-01	( 0 6 2 7 1 5  )
G_LOOP:  2  3  6   	7.124687e-01	( 0 6 5 7 1 2  )
G_LOOP:  2  4  6   	7.159880e-01	( 0 1 3 7 6 4  )
G_LOOP:  2  5  6   	7.136556e-01	( 0 1 4 7 6 3  )
G_LOOP:  2  6  6   	7.124254e-01	( 0 6 3 7 1 4  )
G_LOOP:  2  7  6   	7.110729e-01	( 0 6 4 7 1 3  )
G_LOOP:  2  8  6   	7.144444e-01	( 0 2 3 7 5 4  )
G_LOOP:  2  9  6   	7.125228e-01	( 0 2 4 7 5 3  )
G_LOOP:  2  10  6   	7.149983e-01	( 0 5 3 7 2 4  )
G_LOOP:  2  11  6   	7.100563e-01	( 0 5 4 7 2 3  )
G_LOOP:  2  12  6   	7.109843e-01	( 1 2 3 6 5 4  )
G_LOOP:  2  13  6   	7.097229e-01	( 1 2 4 6 5 3  )
G_LOOP:  2  14  6   	7.117955e-01	( 1 5 3 6 2 4  )
G_LOOP:  2  15  6   	7.069325e-01	( 1 5 4 6 2 3  )
GACTION: 6.725127e+00
CONGRAD5: time = 4.392521e-01 (fn F) masses = 1 iters = 718 mflops = 2.235186e+03
 OK converged final_rsq= 5e-11 (cf 1e-10) rel = 1 (cf 0) restarts = 4 iters= 718
CONGRAD5: time = 4.654098e-02 (fn F) masses = 1 iters = 75 mflops = 2.203581e+03
 OK converged final_rsq= 1e-10 (cf 1e-10) rel = 1 (cf 0) restarts = 1 iters= 75
PBP: mass 1.000000e-02     6.464430e-02  5.646403e-02  3.676150e-03  3.676061e-03 ( 1 of 1 )
FACTION: mass = 1.000000e-02,  1.503793e+00 ( 1 of 1 )
CONGRAD5: time = 4.590800e-01 (fn F) masses = 1 iters = 755 mflops = 2.248857e+03
 OK converged final_rsq= 5e-11 (cf 1e-10) rel = 1 (cf 0) restarts = 4 iters= 755
CONGRAD5: time = 4.698586e-02 (fn F) masses = 1 iters = 76 mflops = 2.211819e+03
 OK converged final_rsq= 9.8e-11 (cf 1e-10) rel = 1 (cf 0) restarts = 1 iters= 76
PBP: mass 1.000000e-02     6.353492e-02  4.823133e-02  -5.438112e-03  -5.433117e-03 ( 1 of 1 )
FACTION: mass = 1.000000e-02,  1.504196e+00 ( 1 of 1 )
RUNNING COMPLETED
average cg iters for step= 1.451250e+03
Time = 7.754455e+01 seconds
total_iters = 181038
Checksums f5dc514d a700d500
Saved gauge configuration in parallel to binary file lat_p64_size64_2
Time stamp Fri Aug 12 23:42:58 2022
Wrote info file lat_p64_size64_2.info
Time to save = 1.741650e-01
CHECK PLAQ: 1.459433e+00 1.458465e+00
CHECK NERSC LINKTR: 1.436480e-01 CKSUM: 409d2cae


get_i(0): EOF on input.
Elapsed total time: 85.382079
exit: Fri Aug 12 23:42:58 2022

