SU3 with improved KS action
Microcanonical simulation with refreshing
R algorithm
MIMD version 7.8.1
Machine = MPI (portable), with 64 nodes
Host(0) = nid01534
Username = mcopik
Options selected...
Generic single precision
C_GLOBAL_INLINE
DBLSTORE_FN
D_FN_GATHER13
FEWSUMS
KS_MULTIFF=FNMAT
VECLENGTH=4
type 0 for no prompts, 1 for prompts, or 2 for proofreading
nflavors1 2
nflavors2 1
nx 16
ny 16
nz 8
nt 36
iseed 5682304
LAYOUT = Hypercubes, options = hyper_prime,
automatic hyper_prime layout
ON EACH NODE 4 x 4 x 8 x 9
Mallocing 1.1 MBytes per node for lattice
WARNING!!: Resetting random seed
Made lattice
Made nn gathers
Made 3nn gathers
Finished setup


warms 0
trajecs 4
traj_between_meas 1
beta 5.6
mass1 0.125
mass2 0.125
u0 0.8441
microcanonical_time_step 0.2
steps_per_trajectory 5
max_cg_iterations 100
max_cg_restarts 5
error_per_site 0.125
error_for_propagator 0.125
npbp_reps 1
prec_pbp 1
fresh 
save_parallel lat_p64_size64_1
unit gauge configuration loaded
CHECK PLAQ: 3.000000e+00 3.000000e+00
CHECK NERSC LINKTR: 1.000000e+00 CKSUM: 0
Unitarity checked.  Max deviation 0.00e+00
Time to check unitarity = 3.149509e-04
"O(a^2): couplings(pi)=0, Naik term, No O(a^2) errors, tadpole weights"
path coefficients: npath  path_coeff  multiplicity
                    0      6.250000e-01     8
                    1      -5.847914e-02     8
                    2      -8.771871e-02     48
                    3      3.077829e-02     192
                    4      -7.199551e-03     384
                    5      -1.231132e-01     48
Symanzik 1x1 + 1x2 + 1x1x1 action
gauge_action: total_dyn_flavors = 3
loop coefficients: nloop rep loop_coeff  multiplicity
                    0 0      1.000000e+00     6
                    1 0      -7.762509e-02     12
                    2 0      -1.031171e-02     16
WARMUPS COMPLETED
CONGRAD5: time = 4.506111e-03 (fn F) masses = 1 iters = 4 mflops = 1.213840e+03
 OK converged final_rsq= 0.006 (cf 0.016) rel = 1 (cf 0) restarts = 1 iters= 4
CONGRAD5: time = 3.896952e-03 (fn F) masses = 1 iters = 4 mflops = 1.403583e+03
 OK converged final_rsq= 0.0059 (cf 0.016) rel = 1 (cf 0) restarts = 1 iters= 4
GFTIME:   time = 7.337308e-02 (Symanzik1) mflops = 2.402252e+03
FFTIME:  time = 1.670129e-01 (asqtad3) terms = 2 mflops = 2.993368e+03
CONGRAD5: time = 4.032135e-03 (fn F) masses = 1 iters = 4 mflops = 1.356526e+03
 OK converged final_rsq= 0.01 (cf 0.016) rel = 1 (cf 0) restarts = 1 iters= 4
CONGRAD5: time = 3.686905e-03 (fn F) masses = 1 iters = 4 mflops = 1.483547e+03
 OK converged final_rsq= 0.0098 (cf 0.016) rel = 1 (cf 0) restarts = 1 iters= 4
GFTIME:   time = 7.220292e-02 (Symanzik1) mflops = 2.441184e+03
FFTIME:  time = 1.623290e-01 (asqtad3) terms = 2 mflops = 3.079741e+03
CONGRAD5: time = 3.884792e-03 (fn F) masses = 1 iters = 4 mflops = 1.407976e+03
 OK converged final_rsq= 0.014 (cf 0.016) rel = 1 (cf 0) restarts = 1 iters= 4
CONGRAD5: time = 3.644943e-03 (fn F) masses = 1 iters = 4 mflops = 1.500626e+03
 OK converged final_rsq= 0.014 (cf 0.016) rel = 1 (cf 0) restarts = 1 iters= 4
GFTIME:   time = 7.026887e-02 (Symanzik1) mflops = 2.508374e+03
FFTIME:  time = 1.524220e-01 (asqtad3) terms = 2 mflops = 3.279916e+03
CONGRAD5: time = 3.837109e-03 (fn F) masses = 1 iters = 4 mflops = 1.425473e+03
 OK converged final_rsq= 0.013 (cf 0.016) rel = 1 (cf 0) restarts = 1 iters= 4
CONGRAD5: time = 3.612041e-03 (fn F) masses = 1 iters = 4 mflops = 1.514295e+03
 OK converged final_rsq= 0.013 (cf 0.016) rel = 1 (cf 0) restarts = 1 iters= 4
GFTIME:   time = 7.007599e-02 (Symanzik1) mflops = 2.515278e+03
FFTIME:  time = 1.530249e-01 (asqtad3) terms = 2 mflops = 3.266992e+03
CONGRAD5: time = 3.829002e-03 (fn F) masses = 1 iters = 4 mflops = 1.428491e+03
 OK converged final_rsq= 0.011 (cf 0.016) rel = 1 (cf 0) restarts = 1 iters= 4
CONGRAD5: time = 3.684044e-03 (fn F) masses = 1 iters = 4 mflops = 1.484699e+03
 OK converged final_rsq= 0.011 (cf 0.016) rel = 1 (cf 0) restarts = 1 iters= 4
GFTIME:   time = 7.078409e-02 (Symanzik1) mflops = 2.490116e+03
FFTIME:  time = 1.543171e-01 (asqtad3) terms = 2 mflops = 3.239635e+03
PLAQ:	2.348046	2.347861
P_LOOP:	-6.323028e-03	-1.925636e-02
G_LOOP:  0  0  4   	2.346897e+00	( 0 1 7 6  )
G_LOOP:  0  1  4   	2.347695e+00	( 0 2 7 5  )
G_LOOP:  0  2  4   	2.348610e+00	( 0 3 7 4  )
G_LOOP:  0  3  4   	2.349546e+00	( 1 2 6 5  )
G_LOOP:  0  4  4   	2.347450e+00	( 1 3 6 4  )
G_LOOP:  0  5  4   	2.347524e+00	( 2 3 5 4  )
G_LOOP:  1  0  6   	1.770886e+00	( 0 0 1 7 7 6  )
G_LOOP:  1  1  6   	1.772085e+00	( 0 0 2 7 7 5  )
G_LOOP:  1  2  6   	1.772683e+00	( 0 0 3 7 7 4  )
G_LOOP:  1  3  6   	1.772206e+00	( 1 1 0 6 6 7  )
G_LOOP:  1  4  6   	1.778615e+00	( 1 1 2 6 6 5  )
G_LOOP:  1  5  6   	1.772779e+00	( 1 1 3 6 6 4  )
G_LOOP:  1  6  6   	1.774422e+00	( 2 2 0 5 5 7  )
G_LOOP:  1  7  6   	1.776307e+00	( 2 2 1 5 5 6  )
G_LOOP:  1  8  6   	1.772614e+00	( 2 2 3 5 5 4  )
G_LOOP:  1  9  6   	1.773361e+00	( 3 3 0 4 4 7  )
G_LOOP:  1  10  6   	1.772005e+00	( 3 3 1 4 4 6  )
G_LOOP:  1  11  6   	1.772996e+00	( 3 3 2 4 4 5  )
G_LOOP:  2  0  6   	1.819044e+00	( 0 1 2 7 6 5  )
G_LOOP:  2  1  6   	1.821657e+00	( 0 1 5 7 6 2  )
G_LOOP:  2  2  6   	1.822819e+00	( 0 6 2 7 1 5  )
G_LOOP:  2  3  6   	1.821404e+00	( 0 6 5 7 1 2  )
G_LOOP:  2  4  6   	1.821922e+00	( 0 1 3 7 6 4  )
G_LOOP:  2  5  6   	1.817338e+00	( 0 1 4 7 6 3  )
G_LOOP:  2  6  6   	1.820607e+00	( 0 6 3 7 1 4  )
G_LOOP:  2  7  6   	1.823181e+00	( 0 6 4 7 1 3  )
G_LOOP:  2  8  6   	1.818823e+00	( 0 2 3 7 5 4  )
G_LOOP:  2  9  6   	1.819541e+00	( 0 2 4 7 5 3  )
G_LOOP:  2  10  6   	1.822350e+00	( 0 5 3 7 2 4  )
G_LOOP:  2  11  6   	1.817598e+00	( 0 5 4 7 2 3  )
G_LOOP:  2  12  6   	1.821659e+00	( 1 2 3 6 5 4  )
G_LOOP:  2  13  6   	1.824220e+00	( 1 2 4 6 5 3  )
G_LOOP:  2  14  6   	1.821604e+00	( 1 5 3 6 2 4  )
G_LOOP:  2  15  6   	1.824104e+00	( 1 5 4 6 2 3  )
GACTION: 2.575211e+00
CONGRAD5: time = 6.645918e-03 (fn F) masses = 1 iters = 4 mflops = 8.230159e+02
 OK converged final_rsq= 0.01 (cf 0.016) rel = 1 (cf 0) restarts = 1 iters= 4
CONGRAD5: time = 4.823923e-03 (fn F) masses = 1 iters = 6 mflops = 1.700803e+03
 OK converged final_rsq= 0.0087 (cf 0.016) rel = 1 (cf 0) restarts = 1 iters= 6
PBP: mass 1.250000e-01     6.839631e-02  1.024361e-01  -6.252925e-04  -1.562877e-03 ( 1 of 1 )
FACTION: mass = 1.250000e-01,  1.470003e+00 ( 1 of 1 )
CONGRAD5: time = 4.165888e-03 (fn F) masses = 1 iters = 4 mflops = 1.312972e+03
 OK converged final_rsq= 0.01 (cf 0.016) rel = 1 (cf 0) restarts = 1 iters= 4
CONGRAD5: time = 4.740953e-03 (fn F) masses = 1 iters = 6 mflops = 1.730568e+03
 OK converged final_rsq= 0.0087 (cf 0.016) rel = 1 (cf 0) restarts = 1 iters= 6
PBP: mass 1.250000e-01     7.042779e-02  1.006423e-01  -2.239626e-03  -2.553548e-03 ( 1 of 1 )
FACTION: mass = 1.250000e-01,  1.472298e+00 ( 1 of 1 )
CONGRAD5: time = 3.839016e-03 (fn F) masses = 1 iters = 4 mflops = 1.424765e+03
 OK converged final_rsq= 0.012 (cf 0.016) rel = 1 (cf 0) restarts = 1 iters= 4
CONGRAD5: time = 3.540039e-03 (fn F) masses = 1 iters = 4 mflops = 1.545095e+03
 OK converged final_rsq= 0.011 (cf 0.016) rel = 1 (cf 0) restarts = 1 iters= 4
GFTIME:   time = 7.080197e-02 (Symanzik1) mflops = 2.489487e+03
FFTIME:  time = 2.423840e-01 (asqtad3) terms = 2 mflops = 2.062559e+03
CONGRAD5: time = 5.021095e-03 (fn F) masses = 1 iters = 5 mflops = 1.361679e+03
 OK converged final_rsq= 0.0069 (cf 0.016) rel = 1 (cf 0) restarts = 1 iters= 5
CONGRAD5: time = 3.795147e-03 (fn F) masses = 1 iters = 4 mflops = 1.441234e+03
 OK converged final_rsq= 0.015 (cf 0.016) rel = 1 (cf 0) restarts = 1 iters= 4
GFTIME:   time = 7.509780e-02 (Symanzik1) mflops = 2.347081e+03
FFTIME:  time = 1.554022e-01 (asqtad3) terms = 2 mflops = 3.217015e+03
CONGRAD5: time = 4.458904e-03 (fn F) masses = 1 iters = 5 mflops = 1.533363e+03
 OK converged final_rsq= 0.0088 (cf 0.016) rel = 1 (cf 0) restarts = 1 iters= 5
CONGRAD5: time = 4.163980e-03 (fn F) masses = 1 iters = 5 mflops = 1.641967e+03
 OK converged final_rsq= 0.0084 (cf 0.016) rel = 1 (cf 0) restarts = 1 iters= 5
GFTIME:   time = 7.060289e-02 (Symanzik1) mflops = 2.496507e+03
FFTIME:  time = 1.557410e-01 (asqtad3) terms = 2 mflops = 3.210017e+03
CONGRAD5: time = 4.595995e-03 (fn F) masses = 1 iters = 5 mflops = 1.487626e+03
 OK converged final_rsq= 0.0085 (cf 0.016) rel = 1 (cf 0) restarts = 1 iters= 5
CONGRAD5: time = 4.290104e-03 (fn F) masses = 1 iters = 5 mflops = 1.593696e+03
 OK converged final_rsq= 0.0083 (cf 0.016) rel = 1 (cf 0) restarts = 1 iters= 5
GFTIME:   time = 7.118607e-02 (Symanzik1) mflops = 2.476055e+03
FFTIME:  time = 1.630330e-01 (asqtad3) terms = 2 mflops = 3.066441e+03
CONGRAD5: time = 4.433155e-03 (fn F) masses = 1 iters = 5 mflops = 1.542270e+03
 OK converged final_rsq= 0.0074 (cf 0.016) rel = 1 (cf 0) restarts = 1 iters= 5
CONGRAD5: time = 3.746986e-03 (fn F) masses = 1 iters = 4 mflops = 1.459759e+03
 OK converged final_rsq= 0.015 (cf 0.016) rel = 1 (cf 0) restarts = 1 iters= 4
GFTIME:   time = 7.345510e-02 (Symanzik1) mflops = 2.399570e+03
FFTIME:  time = 1.525691e-01 (asqtad3) terms = 2 mflops = 3.276753e+03
PLAQ:	2.013197	2.012697
P_LOOP:	-9.701269e-03	-3.360078e-02
G_LOOP:  0  0  4   	2.010792e+00	( 0 1 7 6  )
G_LOOP:  0  1  4   	2.013326e+00	( 0 2 7 5  )
G_LOOP:  0  2  4   	2.011958e+00	( 0 3 7 4  )
G_LOOP:  0  3  4   	2.015472e+00	( 1 2 6 5  )
G_LOOP:  0  4  4   	2.013512e+00	( 1 3 6 4  )
G_LOOP:  0  5  4   	2.012622e+00	( 2 3 5 4  )
G_LOOP:  1  0  6   	1.296020e+00	( 0 0 1 7 7 6  )
G_LOOP:  1  1  6   	1.302380e+00	( 0 0 2 7 7 5  )
G_LOOP:  1  2  6   	1.300113e+00	( 0 0 3 7 7 4  )
G_LOOP:  1  3  6   	1.297978e+00	( 1 1 0 6 6 7  )
G_LOOP:  1  4  6   	1.302920e+00	( 1 1 2 6 6 5  )
G_LOOP:  1  5  6   	1.301147e+00	( 1 1 3 6 6 4  )
G_LOOP:  1  6  6   	1.301421e+00	( 2 2 0 5 5 7  )
G_LOOP:  1  7  6   	1.302576e+00	( 2 2 1 5 5 6  )
G_LOOP:  1  8  6   	1.298934e+00	( 2 2 3 5 5 4  )
G_LOOP:  1  9  6   	1.299910e+00	( 3 3 0 4 4 7  )
G_LOOP:  1  10  6   	1.299603e+00	( 3 3 1 4 4 6  )
G_LOOP:  1  11  6   	1.299806e+00	( 3 3 2 4 4 5  )
G_LOOP:  2  0  6   	1.339921e+00	( 0 1 2 7 6 5  )
G_LOOP:  2  1  6   	1.347332e+00	( 0 1 5 7 6 2  )
G_LOOP:  2  2  6   	1.347822e+00	( 0 6 2 7 1 5  )
G_LOOP:  2  3  6   	1.345578e+00	( 0 6 5 7 1 2  )
G_LOOP:  2  4  6   	1.348037e+00	( 0 1 3 7 6 4  )
G_LOOP:  2  5  6   	1.342259e+00	( 0 1 4 7 6 3  )
G_LOOP:  2  6  6   	1.341849e+00	( 0 6 3 7 1 4  )
G_LOOP:  2  7  6   	1.343166e+00	( 0 6 4 7 1 3  )
G_LOOP:  2  8  6   	1.344500e+00	( 0 2 3 7 5 4  )
G_LOOP:  2  9  6   	1.342721e+00	( 0 2 4 7 5 3  )
G_LOOP:  2  10  6   	1.346118e+00	( 0 5 3 7 2 4  )
G_LOOP:  2  11  6   	1.343245e+00	( 0 5 4 7 2 3  )
G_LOOP:  2  12  6   	1.346085e+00	( 1 2 3 6 5 4  )
G_LOOP:  2  13  6   	1.347991e+00	( 1 2 4 6 5 3  )
G_LOOP:  2  14  6   	1.347405e+00	( 1 5 3 6 2 4  )
G_LOOP:  2  15  6   	1.344994e+00	( 1 5 4 6 2 3  )
GACTION: 4.065920e+00
CONGRAD5: time = 3.865957e-03 (fn F) masses = 1 iters = 4 mflops = 1.414836e+03
 OK converged final_rsq= 0.014 (cf 0.016) rel = 1 (cf 0) restarts = 1 iters= 4
CONGRAD5: time = 4.796982e-03 (fn F) masses = 1 iters = 6 mflops = 1.710355e+03
 OK converged final_rsq= 0.013 (cf 0.016) rel = 1 (cf 0) restarts = 1 iters= 6
PBP: mass 1.250000e-01     8.666703e-02  1.656794e-01  8.855824e-04  1.540118e-03 ( 1 of 1 )
FACTION: mass = 1.250000e-01,  1.448829e+00 ( 1 of 1 )
CONGRAD5: time = 3.890038e-03 (fn F) masses = 1 iters = 4 mflops = 1.406078e+03
 OK converged final_rsq= 0.014 (cf 0.016) rel = 1 (cf 0) restarts = 1 iters= 4
CONGRAD5: time = 4.801989e-03 (fn F) masses = 1 iters = 6 mflops = 1.708572e+03
 OK converged final_rsq= 0.013 (cf 0.016) rel = 1 (cf 0) restarts = 1 iters= 6
PBP: mass 1.250000e-01     8.854628e-02  1.707834e-01  -1.891601e-04  1.187543e-04 ( 1 of 1 )
FACTION: mass = 1.250000e-01,  1.441431e+00 ( 1 of 1 )
CONGRAD5: time = 4.480839e-03 (fn F) masses = 1 iters = 5 mflops = 1.525857e+03
 OK converged final_rsq= 0.0075 (cf 0.016) rel = 1 (cf 0) restarts = 1 iters= 5
CONGRAD5: time = 3.580093e-03 (fn F) masses = 1 iters = 4 mflops = 1.527808e+03
 OK converged final_rsq= 0.015 (cf 0.016) rel = 1 (cf 0) restarts = 1 iters= 4
GFTIME:   time = 7.287097e-02 (Symanzik1) mflops = 2.418804e+03
FFTIME:  time = 1.659441e-01 (asqtad3) terms = 2 mflops = 3.012648e+03
CONGRAD5: time = 4.431009e-03 (fn F) masses = 1 iters = 5 mflops = 1.543016e+03
 OK converged final_rsq= 0.0094 (cf 0.016) rel = 1 (cf 0) restarts = 1 iters= 5
CONGRAD5: time = 4.152775e-03 (fn F) masses = 1 iters = 5 mflops = 1.646398e+03
 OK converged final_rsq= 0.0087 (cf 0.016) rel = 1 (cf 0) restarts = 1 iters= 5
GFTIME:   time = 7.296300e-02 (Symanzik1) mflops = 2.415753e+03
FFTIME:  time = 1.657429e-01 (asqtad3) terms = 2 mflops = 3.016305e+03
CONGRAD5: time = 4.400015e-03 (fn F) masses = 1 iters = 5 mflops = 1.553886e+03
 OK converged final_rsq= 0.011 (cf 0.016) rel = 1 (cf 0) restarts = 1 iters= 5
CONGRAD5: time = 4.149914e-03 (fn F) masses = 1 iters = 5 mflops = 1.647533e+03
 OK converged final_rsq= 0.01 (cf 0.016) rel = 1 (cf 0) restarts = 1 iters= 5
GFTIME:   time = 7.075191e-02 (Symanzik1) mflops = 2.491249e+03
FFTIME:  time = 1.536210e-01 (asqtad3) terms = 2 mflops = 3.254316e+03
CONGRAD5: time = 4.399061e-03 (fn F) masses = 1 iters = 5 mflops = 1.554223e+03
 OK converged final_rsq= 0.011 (cf 0.016) rel = 1 (cf 0) restarts = 1 iters= 5
CONGRAD5: time = 4.160166e-03 (fn F) masses = 1 iters = 5 mflops = 1.643473e+03
 OK converged final_rsq= 0.01 (cf 0.016) rel = 1 (cf 0) restarts = 1 iters= 5
GFTIME:   time = 7.119203e-02 (Symanzik1) mflops = 2.475848e+03
FFTIME:  time = 1.568601e-01 (asqtad3) terms = 2 mflops = 3.187114e+03
CONGRAD5: time = 4.383087e-03 (fn F) masses = 1 iters = 5 mflops = 1.559887e+03
 OK converged final_rsq= 0.0099 (cf 0.016) rel = 1 (cf 0) restarts = 1 iters= 5
CONGRAD5: time = 4.108906e-03 (fn F) masses = 1 iters = 5 mflops = 1.663976e+03
 OK converged final_rsq= 0.0095 (cf 0.016) rel = 1 (cf 0) restarts = 1 iters= 5
GFTIME:   time = 7.071805e-02 (Symanzik1) mflops = 2.492442e+03
FFTIME:  time = 2.383840e-01 (asqtad3) terms = 2 mflops = 2.097167e+03
PLAQ:	1.791285	1.791269
P_LOOP:	-6.432488e-03	-5.703920e-03
G_LOOP:  0  0  4   	1.790148e+00	( 0 1 7 6  )
G_LOOP:  0  1  4   	1.791518e+00	( 0 2 7 5  )
G_LOOP:  0  2  4   	1.792043e+00	( 0 3 7 4  )
G_LOOP:  0  3  4   	1.792188e+00	( 1 2 6 5  )
G_LOOP:  0  4  4   	1.790762e+00	( 1 3 6 4  )
G_LOOP:  0  5  4   	1.791001e+00	( 2 3 5 4  )
G_LOOP:  1  0  6   	1.019748e+00	( 0 0 1 7 7 6  )
G_LOOP:  1  1  6   	1.025132e+00	( 0 0 2 7 7 5  )
G_LOOP:  1  2  6   	1.023343e+00	( 0 0 3 7 7 4  )
G_LOOP:  1  3  6   	1.020574e+00	( 1 1 0 6 6 7  )
G_LOOP:  1  4  6   	1.021528e+00	( 1 1 2 6 6 5  )
G_LOOP:  1  5  6   	1.025131e+00	( 1 1 3 6 6 4  )
G_LOOP:  1  6  6   	1.026650e+00	( 2 2 0 5 5 7  )
G_LOOP:  1  7  6   	1.018998e+00	( 2 2 1 5 5 6  )
G_LOOP:  1  8  6   	1.019490e+00	( 2 2 3 5 5 4  )
G_LOOP:  1  9  6   	1.025211e+00	( 3 3 0 4 4 7  )
G_LOOP:  1  10  6   	1.026625e+00	( 3 3 1 4 4 6  )
G_LOOP:  1  11  6   	1.022026e+00	( 3 3 2 4 4 5  )
G_LOOP:  2  0  6   	1.057034e+00	( 0 1 2 7 6 5  )
G_LOOP:  2  1  6   	1.059629e+00	( 0 1 5 7 6 2  )
G_LOOP:  2  2  6   	1.056571e+00	( 0 6 2 7 1 5  )
G_LOOP:  2  3  6   	1.053607e+00	( 0 6 5 7 1 2  )
G_LOOP:  2  4  6   	1.063099e+00	( 0 1 3 7 6 4  )
G_LOOP:  2  5  6   	1.054479e+00	( 0 1 4 7 6 3  )
G_LOOP:  2  6  6   	1.050944e+00	( 0 6 3 7 1 4  )
G_LOOP:  2  7  6   	1.056895e+00	( 0 6 4 7 1 3  )
G_LOOP:  2  8  6   	1.054540e+00	( 0 2 3 7 5 4  )
G_LOOP:  2  9  6   	1.059955e+00	( 0 2 4 7 5 3  )
G_LOOP:  2  10  6   	1.063218e+00	( 0 5 3 7 2 4  )
G_LOOP:  2  11  6   	1.057845e+00	( 0 5 4 7 2 3  )
G_LOOP:  2  12  6   	1.060030e+00	( 1 2 3 6 5 4  )
G_LOOP:  2  13  6   	1.055929e+00	( 1 2 4 6 5 3  )
G_LOOP:  2  14  6   	1.056636e+00	( 1 5 3 6 2 4  )
G_LOOP:  2  15  6   	1.057973e+00	( 1 5 4 6 2 3  )
GACTION: 5.090137e+00
CONGRAD5: time = 4.485130e-03 (fn F) masses = 1 iters = 5 mflops = 1.524397e+03
 OK converged final_rsq= 0.0085 (cf 0.016) rel = 1 (cf 0) restarts = 1 iters= 5
CONGRAD5: time = 4.728079e-03 (fn F) masses = 1 iters = 6 mflops = 1.735281e+03
 OK converged final_rsq= 0.015 (cf 0.016) rel = 1 (cf 0) restarts = 1 iters= 6
PBP: mass 1.250000e-01     1.097814e-01  3.050916e-01  6.159745e-04  1.073530e-03 ( 1 of 1 )
FACTION: mass = 1.250000e-01,  1.454408e+00 ( 1 of 1 )
CONGRAD5: time = 5.199909e-03 (fn F) masses = 1 iters = 5 mflops = 1.314854e+03
 OK converged final_rsq= 0.0085 (cf 0.016) rel = 1 (cf 0) restarts = 1 iters= 5
CONGRAD5: time = 4.709959e-03 (fn F) masses = 1 iters = 6 mflops = 1.741957e+03
 OK converged final_rsq= 0.015 (cf 0.016) rel = 1 (cf 0) restarts = 1 iters= 6
PBP: mass 1.250000e-01     1.050922e-01  3.076434e-01  3.700241e-03  3.379920e-03 ( 1 of 1 )
FACTION: mass = 1.250000e-01,  1.453909e+00 ( 1 of 1 )
CONGRAD5: time = 4.366875e-03 (fn F) masses = 1 iters = 5 mflops = 1.565678e+03
 OK converged final_rsq= 0.01 (cf 0.016) rel = 1 (cf 0) restarts = 1 iters= 5
CONGRAD5: time = 4.123926e-03 (fn F) masses = 1 iters = 5 mflops = 1.657915e+03
 OK converged final_rsq= 0.0097 (cf 0.016) rel = 1 (cf 0) restarts = 1 iters= 5
GFTIME:   time = 7.171702e-02 (Symanzik1) mflops = 2.457723e+03
FFTIME:  time = 1.523709e-01 (asqtad3) terms = 2 mflops = 3.281014e+03
CONGRAD5: time = 4.390001e-03 (fn F) masses = 1 iters = 5 mflops = 1.557430e+03
 OK converged final_rsq= 0.012 (cf 0.016) rel = 1 (cf 0) restarts = 1 iters= 5
CONGRAD5: time = 4.113913e-03 (fn F) masses = 1 iters = 5 mflops = 1.661951e+03
 OK converged final_rsq= 0.011 (cf 0.016) rel = 1 (cf 0) restarts = 1 iters= 5
GFTIME:   time = 7.053208e-02 (Symanzik1) mflops = 2.499013e+03
FFTIME:  time = 1.552839e-01 (asqtad3) terms = 2 mflops = 3.219465e+03
CONGRAD5: time = 4.357100e-03 (fn F) masses = 1 iters = 5 mflops = 1.569191e+03
 OK converged final_rsq= 0.012 (cf 0.016) rel = 1 (cf 0) restarts = 1 iters= 5
CONGRAD5: time = 4.123926e-03 (fn F) masses = 1 iters = 5 mflops = 1.657915e+03
 OK converged final_rsq= 0.012 (cf 0.016) rel = 1 (cf 0) restarts = 1 iters= 5
GFTIME:   time = 7.060814e-02 (Symanzik1) mflops = 2.496321e+03
FFTIME:  time = 1.664989e-01 (asqtad3) terms = 2 mflops = 3.002609e+03
CONGRAD5: time = 5.291939e-03 (fn F) masses = 1 iters = 5 mflops = 1.291988e+03
 OK converged final_rsq= 0.012 (cf 0.016) rel = 1 (cf 0) restarts = 1 iters= 5
CONGRAD5: time = 4.137039e-03 (fn F) masses = 1 iters = 5 mflops = 1.652660e+03
 OK converged final_rsq= 0.012 (cf 0.016) rel = 1 (cf 0) restarts = 1 iters= 5
GFTIME:   time = 7.046294e-02 (Symanzik1) mflops = 2.501465e+03
FFTIME:  time = 1.548378e-01 (asqtad3) terms = 2 mflops = 3.228740e+03
CONGRAD5: time = 4.384041e-03 (fn F) masses = 1 iters = 5 mflops = 1.559548e+03
 OK converged final_rsq= 0.012 (cf 0.016) rel = 1 (cf 0) restarts = 1 iters= 5
CONGRAD5: time = 4.148006e-03 (fn F) masses = 1 iters = 5 mflops = 1.648291e+03
 OK converged final_rsq= 0.011 (cf 0.016) rel = 1 (cf 0) restarts = 1 iters= 5
GFTIME:   time = 7.057285e-02 (Symanzik1) mflops = 2.497570e+03
FFTIME:  time = 1.529911e-01 (asqtad3) terms = 2 mflops = 3.267715e+03
PLAQ:	1.644329	1.645266
P_LOOP:	-6.709790e-03	2.457538e-02
G_LOOP:  0  0  4   	1.645259e+00	( 0 1 7 6  )
G_LOOP:  0  1  4   	1.644887e+00	( 0 2 7 5  )
G_LOOP:  0  2  4   	1.648300e+00	( 0 3 7 4  )
G_LOOP:  0  3  4   	1.642841e+00	( 1 2 6 5  )
G_LOOP:  0  4  4   	1.643302e+00	( 1 3 6 4  )
G_LOOP:  0  5  4   	1.644196e+00	( 2 3 5 4  )
G_LOOP:  1  0  6   	8.570332e-01	( 0 0 1 7 7 6  )
G_LOOP:  1  1  6   	8.564349e-01	( 0 0 2 7 7 5  )
G_LOOP:  1  2  6   	8.575904e-01	( 0 0 3 7 7 4  )
G_LOOP:  1  3  6   	8.546200e-01	( 1 1 0 6 6 7  )
G_LOOP:  1  4  6   	8.518105e-01	( 1 1 2 6 6 5  )
G_LOOP:  1  5  6   	8.528352e-01	( 1 1 3 6 6 4  )
G_LOOP:  1  6  6   	8.522190e-01	( 2 2 0 5 5 7  )
G_LOOP:  1  7  6   	8.538568e-01	( 2 2 1 5 5 6  )
G_LOOP:  1  8  6   	8.539536e-01	( 2 2 3 5 5 4  )
G_LOOP:  1  9  6   	8.538749e-01	( 3 3 0 4 4 7  )
G_LOOP:  1  10  6   	8.509052e-01	( 3 3 1 4 4 6  )
G_LOOP:  1  11  6   	8.542319e-01	( 3 3 2 4 4 5  )
G_LOOP:  2  0  6   	8.757616e-01	( 0 1 2 7 6 5  )
G_LOOP:  2  1  6   	8.783519e-01	( 0 1 5 7 6 2  )
G_LOOP:  2  2  6   	8.732871e-01	( 0 6 2 7 1 5  )
G_LOOP:  2  3  6   	8.757185e-01	( 0 6 5 7 1 2  )
G_LOOP:  2  4  6   	8.808826e-01	( 0 1 3 7 6 4  )
G_LOOP:  2  5  6   	8.805856e-01	( 0 1 4 7 6 3  )
G_LOOP:  2  6  6   	8.736942e-01	( 0 6 3 7 1 4  )
G_LOOP:  2  7  6   	8.766187e-01	( 0 6 4 7 1 3  )
G_LOOP:  2  8  6   	8.765765e-01	( 0 2 3 7 5 4  )
G_LOOP:  2  9  6   	8.804759e-01	( 0 2 4 7 5 3  )
G_LOOP:  2  10  6   	8.758448e-01	( 0 5 3 7 2 4  )
G_LOOP:  2  11  6   	8.745625e-01	( 0 5 4 7 2 3  )
G_LOOP:  2  12  6   	8.722904e-01	( 1 2 3 6 5 4  )
G_LOOP:  2  13  6   	8.801306e-01	( 1 2 4 6 5 3  )
G_LOOP:  2  14  6   	8.763059e-01	( 1 5 3 6 2 4  )
G_LOOP:  2  15  6   	8.742140e-01	( 1 5 4 6 2 3  )
GACTION: 5.781983e+00
CONGRAD5: time = 4.251957e-03 (fn F) masses = 1 iters = 5 mflops = 1.607994e+03
 OK converged final_rsq= 0.01 (cf 0.016) rel = 1 (cf 0) restarts = 1 iters= 5
CONGRAD5: time = 5.390882e-03 (fn F) masses = 1 iters = 7 mflops = 1.775585e+03
 OK converged final_rsq= 0.0082 (cf 0.016) rel = 1 (cf 0) restarts = 1 iters= 7
PBP: mass 1.250000e-01     1.244008e-01  3.278295e-01  1.524636e-03  4.785546e-05 ( 1 of 1 )
FACTION: mass = 1.250000e-01,  1.429116e+00 ( 1 of 1 )
CONGRAD5: time = 4.225016e-03 (fn F) masses = 1 iters = 5 mflops = 1.618247e+03
 OK converged final_rsq= 0.01 (cf 0.016) rel = 1 (cf 0) restarts = 1 iters= 5
CONGRAD5: time = 5.373001e-03 (fn F) masses = 1 iters = 7 mflops = 1.781494e+03
 OK converged final_rsq= 0.0083 (cf 0.016) rel = 1 (cf 0) restarts = 1 iters= 7
PBP: mass 1.250000e-01     1.240261e-01  3.300110e-01  -6.302996e-04  -4.874612e-04 ( 1 of 1 )
FACTION: mass = 1.250000e-01,  1.440693e+00 ( 1 of 1 )
RUNNING COMPLETED
average cg iters for step= 1.100000e+01
Time = 7.457706e+00 seconds
total_iters = 552
Checksums eb39cb37 375da3b2
Saved gauge configuration in parallel to binary file lat_p64_size64_1
Time stamp Tue Aug 16 01:17:24 2022
Wrote info file lat_p64_size64_1.info
Time to save = 5.094440e-01
CHECK PLAQ: 1.644329e+00 1.645266e+00
CHECK NERSC LINKTR: 1.712149e-01 CKSUM: b2397a8b


warms 0
trajecs 4
traj_between_meas 1
beta 5.6
mass1 0.01
mass2 0.01
u0 0.8441
microcanonical_time_step 0.02
steps_per_trajectory 15
max_cg_iterations 300
max_cg_restarts 5
error_per_site 1e-05
error_for_propagator 1e-05
npbp_reps 1
prec_pbp 1
reload_parallel lat_p64_size64_1
save_parallel lat_p64_size64_2
Restored binary gauge configuration in parallel from file lat_p64_size64_1
Time stamp Tue Aug 16 01:17:24 2022
Checksums eb39cb37 375da3b2 OK
Time to reload gauge configuration = 2.159181e-01
CHECK PLAQ: 1.644329e+00 1.645266e+00
CHECK NERSC LINKTR: 1.712149e-01 CKSUM: b2397a8b
Unitarity checked.  Max deviation 2.98e-07
Time to check unitarity = 3.571510e-04
"O(a^2): couplings(pi)=0, Naik term, No O(a^2) errors, tadpole weights"
path coefficients: npath  path_coeff  multiplicity
                    0      6.250000e-01     8
                    1      -5.847914e-02     8
                    2      -8.771871e-02     48
                    3      3.077829e-02     192
                    4      -7.199551e-03     384
                    5      -1.231132e-01     48
Symanzik 1x1 + 1x2 + 1x1x1 action
gauge_action: total_dyn_flavors = 3
loop coefficients: nloop rep loop_coeff  multiplicity
                    0 0      1.000000e+00     6
                    1 0      -7.762509e-02     12
                    2 0      -1.031171e-02     16
WARMUPS COMPLETED
CONGRAD5: time = 3.672142e-01 (fn F) masses = 1 iters = 602 mflops = 2.241714e+03
 OK converged final_rsq= 8.7e-11 (cf 1e-10) rel = 1 (cf 0) restarts = 3 iters= 602
CONGRAD5: time = 3.686979e-01 (fn F) masses = 1 iters = 602 mflops = 2.232693e+03
 OK converged final_rsq= 5.9e-11 (cf 1e-10) rel = 1 (cf 0) restarts = 3 iters= 602
GFTIME:   time = 1.598699e-01 (Symanzik1) mflops = 1.102525e+03
FFTIME:  time = 1.650159e-01 (asqtad3) terms = 2 mflops = 3.029593e+03
CONGRAD5: time = 4.257860e-01 (fn F) masses = 1 iters = 697 mflops = 2.238435e+03
 OK converged final_rsq= 1e-10 (cf 1e-10) rel = 1 (cf 0) restarts = 3 iters= 697
CONGRAD5: time = 3.703849e-01 (fn F) masses = 1 iters = 602 mflops = 2.222524e+03
 OK converged final_rsq= 8.1e-11 (cf 1e-10) rel = 1 (cf 0) restarts = 3 iters= 602
GFTIME:   time = 8.315992e-02 (Symanzik1) mflops = 2.119538e+03
FFTIME:  time = 1.528549e-01 (asqtad3) terms = 2 mflops = 3.270625e+03
CONGRAD5: time = 4.224029e-01 (fn F) masses = 1 iters = 696 mflops = 2.253127e+03
 OK converged final_rsq= 9.8e-11 (cf 1e-10) rel = 1 (cf 0) restarts = 3 iters= 696
CONGRAD5: time = 3.663650e-01 (fn F) masses = 1 iters = 602 mflops = 2.246910e+03
 OK converged final_rsq= 4.9e-11 (cf 1e-10) rel = 1 (cf 0) restarts = 3 iters= 602
GFTIME:   time = 7.069588e-02 (Symanzik1) mflops = 2.493223e+03
FFTIME:  time = 1.532700e-01 (asqtad3) terms = 2 mflops = 3.261768e+03
CONGRAD5: time = 4.466548e-01 (fn F) masses = 1 iters = 736 mflops = 2.253248e+03
 OK converged final_rsq= 5e-11 (cf 1e-10) rel = 1 (cf 0) restarts = 4 iters= 736
CONGRAD5: time = 3.652380e-01 (fn F) masses = 1 iters = 602 mflops = 2.253844e+03
 OK converged final_rsq= 6.1e-11 (cf 1e-10) rel = 1 (cf 0) restarts = 3 iters= 602
GFTIME:   time = 7.332206e-02 (Symanzik1) mflops = 2.403923e+03
FFTIME:  time = 2.000692e-01 (asqtad3) terms = 2 mflops = 2.498791e+03
CONGRAD5: time = 4.389379e-01 (fn F) masses = 1 iters = 712 mflops = 2.218095e+03
 OK converged final_rsq= 9.9e-11 (cf 1e-10) rel = 1 (cf 0) restarts = 3 iters= 712
CONGRAD5: time = 3.637381e-01 (fn F) masses = 1 iters = 602 mflops = 2.263138e+03
 OK converged final_rsq= 4.4e-11 (cf 1e-10) rel = 1 (cf 0) restarts = 3 iters= 602
GFTIME:   time = 7.558799e-02 (Symanzik1) mflops = 2.331860e+03
FFTIME:  time = 1.664660e-01 (asqtad3) terms = 2 mflops = 3.003203e+03
CONGRAD5: time = 4.423969e-01 (fn F) masses = 1 iters = 723 mflops = 2.234753e+03
 OK converged final_rsq= 9.9e-11 (cf 1e-10) rel = 1 (cf 0) restarts = 3 iters= 723
CONGRAD5: time = 4.406440e-01 (fn F) masses = 1 iters = 694 mflops = 2.153648e+03
 OK converged final_rsq= 9.9e-11 (cf 1e-10) rel = 1 (cf 0) restarts = 3 iters= 694
GFTIME:   time = 7.071495e-02 (Symanzik1) mflops = 2.492551e+03
FFTIME:  time = 1.542490e-01 (asqtad3) terms = 2 mflops = 3.241067e+03
CONGRAD5: time = 4.274950e-01 (fn F) masses = 1 iters = 702 mflops = 2.245480e+03
 OK converged final_rsq= 9.9e-11 (cf 1e-10) rel = 1 (cf 0) restarts = 3 iters= 702
CONGRAD5: time = 4.186110e-01 (fn F) masses = 1 iters = 691 mflops = 2.257203e+03
 OK converged final_rsq= 9.9e-11 (cf 1e-10) rel = 1 (cf 0) restarts = 3 iters= 691
GFTIME:   time = 7.143402e-02 (Symanzik1) mflops = 2.467460e+03
FFTIME:  time = 1.527541e-01 (asqtad3) terms = 2 mflops = 3.272784e+03
CONGRAD5: time = 4.539461e-01 (fn F) masses = 1 iters = 747 mflops = 2.250192e+03
 OK converged final_rsq= 5e-11 (cf 1e-10) rel = 1 (cf 0) restarts = 4 iters= 747
CONGRAD5: time = 5.017560e-01 (fn F) masses = 1 iters = 698 mflops = 1.902243e+03
 OK converged final_rsq= 9.9e-11 (cf 1e-10) rel = 1 (cf 0) restarts = 3 iters= 698
GFTIME:   time = 7.604790e-02 (Symanzik1) mflops = 2.317758e+03
FFTIME:  time = 1.570470e-01 (asqtad3) terms = 2 mflops = 3.183321e+03
CONGRAD5: time = 3.817320e-01 (fn F) masses = 1 iters = 602 mflops = 2.156459e+03
 OK converged final_rsq= 6.1e-11 (cf 1e-10) rel = 1 (cf 0) restarts = 3 iters= 602
CONGRAD5: time = 3.710802e-01 (fn F) masses = 1 iters = 602 mflops = 2.218360e+03
 OK converged final_rsq= 8.1e-11 (cf 1e-10) rel = 1 (cf 0) restarts = 3 iters= 602
GFTIME:   time = 7.060003e-02 (Symanzik1) mflops = 2.496608e+03
FFTIME:  time = 1.532800e-01 (asqtad3) terms = 2 mflops = 3.261554e+03
CONGRAD5: time = 4.442532e-01 (fn F) masses = 1 iters = 733 mflops = 2.256195e+03
 OK converged final_rsq= 1e-10 (cf 1e-10) rel = 1 (cf 0) restarts = 3 iters= 733
CONGRAD5: time = 4.178312e-01 (fn F) masses = 1 iters = 687 mflops = 2.248325e+03
 OK converged final_rsq= 5e-11 (cf 1e-10) rel = 1 (cf 0) restarts = 4 iters= 687
GFTIME:   time = 7.071686e-02 (Symanzik1) mflops = 2.492484e+03
FFTIME:  time = 1.554370e-01 (asqtad3) terms = 2 mflops = 3.216294e+03
CONGRAD5: time = 4.408560e-01 (fn F) masses = 1 iters = 702 mflops = 2.177427e+03
 OK converged final_rsq= 1e-10 (cf 1e-10) rel = 1 (cf 0) restarts = 3 iters= 702
CONGRAD5: time = 4.397001e-01 (fn F) masses = 1 iters = 714 mflops = 2.220470e+03
 OK converged final_rsq= 9.9e-11 (cf 1e-10) rel = 1 (cf 0) restarts = 3 iters= 714
GFTIME:   time = 7.646298e-02 (Symanzik1) mflops = 2.305176e+03
FFTIME:  time = 1.605089e-01 (asqtad3) terms = 2 mflops = 3.114664e+03
CONGRAD5: time = 4.619131e-01 (fn F) masses = 1 iters = 736 mflops = 2.178817e+03
 OK converged final_rsq= 5e-11 (cf 1e-10) rel = 1 (cf 0) restarts = 4 iters= 736
CONGRAD5: time = 4.189708e-01 (fn F) masses = 1 iters = 691 mflops = 2.255264e+03
 OK converged final_rsq= 1e-10 (cf 1e-10) rel = 1 (cf 0) restarts = 3 iters= 691
GFTIME:   time = 7.130480e-02 (Symanzik1) mflops = 2.471932e+03
FFTIME:  time = 1.530681e-01 (asqtad3) terms = 2 mflops = 3.266071e+03
CONGRAD5: time = 3.647940e-01 (fn F) masses = 1 iters = 602 mflops = 2.256586e+03
 OK converged final_rsq= 5.9e-11 (cf 1e-10) rel = 1 (cf 0) restarts = 3 iters= 602
CONGRAD5: time = 4.269960e-01 (fn F) masses = 1 iters = 704 mflops = 2.254509e+03
 OK converged final_rsq= 9.9e-11 (cf 1e-10) rel = 1 (cf 0) restarts = 3 iters= 704
GFTIME:   time = 7.146597e-02 (Symanzik1) mflops = 2.466357e+03
FFTIME:  time = 1.546919e-01 (asqtad3) terms = 2 mflops = 3.231785e+03
CONGRAD5: time = 5.131829e-01 (fn F) masses = 1 iters = 722 mflops = 1.923837e+03
 OK converged final_rsq= 1e-10 (cf 1e-10) rel = 1 (cf 0) restarts = 3 iters= 722
CONGRAD5: time = 4.365489e-01 (fn F) masses = 1 iters = 714 mflops = 2.236498e+03
 OK converged final_rsq= 9.9e-11 (cf 1e-10) rel = 1 (cf 0) restarts = 3 iters= 714
GFTIME:   time = 7.558417e-02 (Symanzik1) mflops = 2.331978e+03
FFTIME:  time = 1.732390e-01 (asqtad3) terms = 2 mflops = 2.885789e+03
CONGRAD5: time = 4.519262e-01 (fn F) masses = 1 iters = 734 mflops = 2.220914e+03
 OK converged final_rsq= 5e-11 (cf 1e-10) rel = 1 (cf 0) restarts = 4 iters= 734
CONGRAD5: time = 4.434180e-01 (fn F) masses = 1 iters = 730 mflops = 2.251193e+03
 OK converged final_rsq= 5e-11 (cf 1e-10) rel = 1 (cf 0) restarts = 4 iters= 730
GFTIME:   time = 7.090998e-02 (Symanzik1) mflops = 2.485695e+03
FFTIME:  time = 1.526771e-01 (asqtad3) terms = 2 mflops = 3.274435e+03
PLAQ:	1.539774	1.537947
P_LOOP:	2.137524e-02	-1.868550e-03
G_LOOP:  0  0  4   	1.540746e+00	( 0 1 7 6  )
G_LOOP:  0  1  4   	1.540140e+00	( 0 2 7 5  )
G_LOOP:  0  2  4   	1.541719e+00	( 0 3 7 4  )
G_LOOP:  0  3  4   	1.538434e+00	( 1 2 6 5  )
G_LOOP:  0  4  4   	1.537550e+00	( 1 3 6 4  )
G_LOOP:  0  5  4   	1.534573e+00	( 2 3 5 4  )
G_LOOP:  1  0  6   	7.790819e-01	( 0 0 1 7 7 6  )
G_LOOP:  1  1  6   	7.799391e-01	( 0 0 2 7 7 5  )
G_LOOP:  1  2  6   	7.791043e-01	( 0 0 3 7 7 4  )
G_LOOP:  1  3  6   	7.764447e-01	( 1 1 0 6 6 7  )
G_LOOP:  1  4  6   	7.782270e-01	( 1 1 2 6 6 5  )
G_LOOP:  1  5  6   	7.747586e-01	( 1 1 3 6 6 4  )
G_LOOP:  1  6  6   	7.836418e-01	( 2 2 0 5 5 7  )
G_LOOP:  1  7  6   	7.799032e-01	( 2 2 1 5 5 6  )
G_LOOP:  1  8  6   	7.734723e-01	( 2 2 3 5 5 4  )
G_LOOP:  1  9  6   	7.777085e-01	( 3 3 0 4 4 7  )
G_LOOP:  1  10  6   	7.756252e-01	( 3 3 1 4 4 6  )
G_LOOP:  1  11  6   	7.764703e-01	( 3 3 2 4 4 5  )
G_LOOP:  2  0  6   	7.994985e-01	( 0 1 2 7 6 5  )
G_LOOP:  2  1  6   	7.979915e-01	( 0 1 5 7 6 2  )
G_LOOP:  2  2  6   	7.953705e-01	( 0 6 2 7 1 5  )
G_LOOP:  2  3  6   	8.003053e-01	( 0 6 5 7 1 2  )
G_LOOP:  2  4  6   	8.009586e-01	( 0 1 3 7 6 4  )
G_LOOP:  2  5  6   	7.984360e-01	( 0 1 4 7 6 3  )
G_LOOP:  2  6  6   	7.979490e-01	( 0 6 3 7 1 4  )
G_LOOP:  2  7  6   	7.995333e-01	( 0 6 4 7 1 3  )
G_LOOP:  2  8  6   	7.957329e-01	( 0 2 3 7 5 4  )
G_LOOP:  2  9  6   	7.977878e-01	( 0 2 4 7 5 3  )
G_LOOP:  2  10  6   	7.963617e-01	( 0 5 3 7 2 4  )
G_LOOP:  2  11  6   	7.972991e-01	( 0 5 4 7 2 3  )
G_LOOP:  2  12  6   	7.945366e-01	( 1 2 3 6 5 4  )
G_LOOP:  2  13  6   	8.011747e-01	( 1 2 4 6 5 3  )
G_LOOP:  2  14  6   	7.986753e-01	( 1 5 3 6 2 4  )
G_LOOP:  2  15  6   	7.990682e-01	( 1 5 4 6 2 3  )
GACTION: 6.333642e+00
CONGRAD5: time = 4.324858e-01 (fn F) masses = 1 iters = 710 mflops = 2.244862e+03
 OK converged final_rsq= 9.9e-11 (cf 1e-10) rel = 1 (cf 0) restarts = 3 iters= 710
CONGRAD5: time = 4.884887e-02 (fn F) masses = 1 iters = 79 mflops = 2.211443e+03
 OK converged final_rsq= 9.7e-11 (cf 1e-10) rel = 1 (cf 0) restarts = 1 iters= 79
PBP: mass 1.000000e-02     5.439549e-02  3.149370e-02  7.460282e-03  7.456457e-03 ( 1 of 1 )
FACTION: mass = 1.000000e-02,  1.500299e+00 ( 1 of 1 )
CONGRAD5: time = 4.294980e-01 (fn F) masses = 1 iters = 701 mflops = 2.231825e+03
 OK converged final_rsq= 5e-11 (cf 1e-10) rel = 1 (cf 0) restarts = 4 iters= 701
CONGRAD5: time = 5.864501e-02 (fn F) masses = 1 iters = 73 mflops = 1.702139e+03
 OK converged final_rsq= 9.9e-11 (cf 1e-10) rel = 1 (cf 0) restarts = 1 iters= 73
PBP: mass 1.000000e-02     5.045901e-02  4.403169e-02  -3.122000e-03  -3.124954e-03 ( 1 of 1 )
FACTION: mass = 1.000000e-02,  1.498603e+00 ( 1 of 1 )
CONGRAD5: time = 4.420011e-01 (fn F) masses = 1 iters = 724 mflops = 2.239847e+03
 OK converged final_rsq= 9.8e-11 (cf 1e-10) rel = 1 (cf 0) restarts = 3 iters= 724
CONGRAD5: time = 4.307759e-01 (fn F) masses = 1 iters = 685 mflops = 2.174415e+03
 OK converged final_rsq= 9.8e-11 (cf 1e-10) rel = 1 (cf 0) restarts = 3 iters= 685
GFTIME:   time = 7.778096e-02 (Symanzik1) mflops = 2.266115e+03
FFTIME:  time = 1.543059e-01 (asqtad3) terms = 2 mflops = 3.239870e+03
CONGRAD5: time = 4.528329e-01 (fn F) masses = 1 iters = 746 mflops = 2.252703e+03
 OK converged final_rsq= 5e-11 (cf 1e-10) rel = 1 (cf 0) restarts = 4 iters= 746
CONGRAD5: time = 3.657322e-01 (fn F) masses = 1 iters = 602 mflops = 2.250798e+03
 OK converged final_rsq= 7.6e-11 (cf 1e-10) rel = 1 (cf 0) restarts = 3 iters= 602
GFTIME:   time = 7.072496e-02 (Symanzik1) mflops = 2.492198e+03
FFTIME:  time = 1.743460e-01 (asqtad3) terms = 2 mflops = 2.867466e+03
CONGRAD5: time = 4.439158e-01 (fn F) masses = 1 iters = 729 mflops = 2.245588e+03
 OK converged final_rsq= 5e-11 (cf 1e-10) rel = 1 (cf 0) restarts = 4 iters= 729
CONGRAD5: time = 5.037689e-01 (fn F) masses = 1 iters = 711 mflops = 1.929929e+03
 OK converged final_rsq= 5e-11 (cf 1e-10) rel = 1 (cf 0) restarts = 4 iters= 711
GFTIME:   time = 8.086586e-02 (Symanzik1) mflops = 2.179667e+03
FFTIME:  time = 1.606150e-01 (asqtad3) terms = 2 mflops = 3.112606e+03
CONGRAD5: time = 4.240599e-01 (fn F) masses = 1 iters = 699 mflops = 2.253996e+03
 OK converged final_rsq= 5e-11 (cf 1e-10) rel = 1 (cf 0) restarts = 4 iters= 699
CONGRAD5: time = 4.401081e-01 (fn F) masses = 1 iters = 719 mflops = 2.233946e+03
 OK converged final_rsq= 1e-10 (cf 1e-10) rel = 1 (cf 0) restarts = 3 iters= 719
GFTIME:   time = 7.729316e-02 (Symanzik1) mflops = 2.280417e+03
FFTIME:  time = 1.528659e-01 (asqtad3) terms = 2 mflops = 3.270390e+03
CONGRAD5: time = 4.444351e-01 (fn F) masses = 1 iters = 731 mflops = 2.249118e+03
 OK converged final_rsq= 1e-10 (cf 1e-10) rel = 1 (cf 0) restarts = 3 iters= 731
CONGRAD5: time = 4.148748e-01 (fn F) masses = 1 iters = 683 mflops = 2.251163e+03
 OK converged final_rsq= 5e-11 (cf 1e-10) rel = 1 (cf 0) restarts = 4 iters= 683
GFTIME:   time = 7.067609e-02 (Symanzik1) mflops = 2.493921e+03
FFTIME:  time = 1.527970e-01 (asqtad3) terms = 2 mflops = 3.271865e+03
CONGRAD5: time = 4.692509e-01 (fn F) masses = 1 iters = 771 mflops = 2.246738e+03
 OK converged final_rsq= 5e-11 (cf 1e-10) rel = 1 (cf 0) restarts = 4 iters= 771
CONGRAD5: time = 4.631770e-01 (fn F) masses = 1 iters = 712 mflops = 2.102017e+03
 OK converged final_rsq= 1e-10 (cf 1e-10) rel = 1 (cf 0) restarts = 3 iters= 712
GFTIME:   time = 1.011581e-01 (Symanzik1) mflops = 1.742426e+03
FFTIME:  time = 1.593349e-01 (asqtad3) terms = 2 mflops = 3.137612e+03
CONGRAD5: time = 4.405010e-01 (fn F) masses = 1 iters = 714 mflops = 2.216433e+03
 OK converged final_rsq= 5e-11 (cf 1e-10) rel = 1 (cf 0) restarts = 4 iters= 714
CONGRAD5: time = 3.803780e-01 (fn F) masses = 1 iters = 602 mflops = 2.164135e+03
 OK converged final_rsq= 7.4e-11 (cf 1e-10) rel = 1 (cf 0) restarts = 3 iters= 602
GFTIME:   time = 7.065201e-02 (Symanzik1) mflops = 2.494771e+03
FFTIME:  time = 1.534889e-01 (asqtad3) terms = 2 mflops = 3.257116e+03
CONGRAD5: time = 4.466748e-01 (fn F) masses = 1 iters = 735 mflops = 2.250086e+03
 OK converged final_rsq= 9.8e-11 (cf 1e-10) rel = 1 (cf 0) restarts = 3 iters= 735
CONGRAD5: time = 4.297719e-01 (fn F) masses = 1 iters = 706 mflops = 2.246311e+03
 OK converged final_rsq= 5e-11 (cf 1e-10) rel = 1 (cf 0) restarts = 4 iters= 706
GFTIME:   time = 7.050514e-02 (Symanzik1) mflops = 2.499968e+03
FFTIME:  time = 1.545510e-01 (asqtad3) terms = 2 mflops = 3.234732e+03
CONGRAD5: time = 4.384499e-01 (fn F) masses = 1 iters = 721 mflops = 2.248633e+03
 OK converged final_rsq= 5e-11 (cf 1e-10) rel = 1 (cf 0) restarts = 4 iters= 721
CONGRAD5: time = 5.240970e-01 (fn F) masses = 1 iters = 747 mflops = 1.949001e+03
 OK converged final_rsq= 5e-11 (cf 1e-10) rel = 1 (cf 0) restarts = 4 iters= 747
GFTIME:   time = 9.281301e-02 (Symanzik1) mflops = 1.899094e+03
FFTIME:  time = 1.720519e-01 (asqtad3) terms = 2 mflops = 2.905699e+03
CONGRAD5: time = 4.582150e-01 (fn F) masses = 1 iters = 739 mflops = 2.205354e+03
 OK converged final_rsq= 5e-11 (cf 1e-10) rel = 1 (cf 0) restarts = 4 iters= 739
CONGRAD5: time = 4.333870e-01 (fn F) masses = 1 iters = 688 mflops = 2.170780e+03
 OK converged final_rsq= 9.9e-11 (cf 1e-10) rel = 1 (cf 0) restarts = 3 iters= 688
GFTIME:   time = 7.084298e-02 (Symanzik1) mflops = 2.488046e+03
FFTIME:  time = 1.528800e-01 (asqtad3) terms = 2 mflops = 3.270090e+03
CONGRAD5: time = 4.533689e-01 (fn F) masses = 1 iters = 745 mflops = 2.247024e+03
 OK converged final_rsq= 5e-11 (cf 1e-10) rel = 1 (cf 0) restarts = 4 iters= 745
CONGRAD5: time = 4.349601e-01 (fn F) masses = 1 iters = 716 mflops = 2.250955e+03
 OK converged final_rsq= 1e-10 (cf 1e-10) rel = 1 (cf 0) restarts = 3 iters= 716
GFTIME:   time = 7.082605e-02 (Symanzik1) mflops = 2.488641e+03
FFTIME:  time = 1.530299e-01 (asqtad3) terms = 2 mflops = 3.266885e+03
CONGRAD5: time = 4.974339e-01 (fn F) masses = 1 iters = 772 mflops = 2.122194e+03
 OK converged final_rsq= 5e-11 (cf 1e-10) rel = 1 (cf 0) restarts = 4 iters= 772
CONGRAD5: time = 4.913299e-01 (fn F) masses = 1 iters = 733 mflops = 2.040018e+03
 OK converged final_rsq= 5e-11 (cf 1e-10) rel = 1 (cf 0) restarts = 4 iters= 733
GFTIME:   time = 8.138990e-02 (Symanzik1) mflops = 2.165632e+03
FFTIME:  time = 1.653481e-01 (asqtad3) terms = 2 mflops = 3.023508e+03
CONGRAD5: time = 4.436209e-01 (fn F) masses = 1 iters = 721 mflops = 2.222422e+03
 OK converged final_rsq= 5e-11 (cf 1e-10) rel = 1 (cf 0) restarts = 4 iters= 721
CONGRAD5: time = 4.399190e-01 (fn F) masses = 1 iters = 724 mflops = 2.250448e+03
 OK converged final_rsq= 5e-11 (cf 1e-10) rel = 1 (cf 0) restarts = 4 iters= 724
GFTIME:   time = 7.087398e-02 (Symanzik1) mflops = 2.486958e+03
FFTIME:  time = 1.536410e-01 (asqtad3) terms = 2 mflops = 3.253892e+03
CONGRAD5: time = 4.611950e-01 (fn F) masses = 1 iters = 759 mflops = 2.250403e+03
 OK converged final_rsq= 5e-11 (cf 1e-10) rel = 1 (cf 0) restarts = 4 iters= 759
CONGRAD5: time = 4.412630e-01 (fn F) masses = 1 iters = 727 mflops = 2.252891e+03
 OK converged final_rsq= 1e-10 (cf 1e-10) rel = 1 (cf 0) restarts = 3 iters= 727
GFTIME:   time = 7.332683e-02 (Symanzik1) mflops = 2.403767e+03
FFTIME:  time = 2.229171e-01 (asqtad3) terms = 2 mflops = 2.242678e+03
CONGRAD5: time = 4.582939e-01 (fn F) masses = 1 iters = 754 mflops = 2.249730e+03
 OK converged final_rsq= 4.9e-11 (cf 1e-10) rel = 1 (cf 0) restarts = 4 iters= 754
CONGRAD5: time = 3.655190e-01 (fn F) masses = 1 iters = 602 mflops = 2.252110e+03
 OK converged final_rsq= 9.2e-11 (cf 1e-10) rel = 1 (cf 0) restarts = 3 iters= 602
GFTIME:   time = 7.254887e-02 (Symanzik1) mflops = 2.429543e+03
FFTIME:  time = 1.603961e-01 (asqtad3) terms = 2 mflops = 3.116853e+03
PLAQ:	1.497626	1.498130
P_LOOP:	1.991909e-02	-1.379641e-02
G_LOOP:  0  0  4   	1.497047e+00	( 0 1 7 6  )
G_LOOP:  0  1  4   	1.498616e+00	( 0 2 7 5  )
G_LOOP:  0  2  4   	1.498145e+00	( 0 3 7 4  )
G_LOOP:  0  3  4   	1.497214e+00	( 1 2 6 5  )
G_LOOP:  0  4  4   	1.496954e+00	( 1 3 6 4  )
G_LOOP:  0  5  4   	1.499291e+00	( 2 3 5 4  )
G_LOOP:  1  0  6   	7.398073e-01	( 0 0 1 7 7 6  )
G_LOOP:  1  1  6   	7.422374e-01	( 0 0 2 7 7 5  )
G_LOOP:  1  2  6   	7.394495e-01	( 0 0 3 7 7 4  )
G_LOOP:  1  3  6   	7.382840e-01	( 1 1 0 6 6 7  )
G_LOOP:  1  4  6   	7.365532e-01	( 1 1 2 6 6 5  )
G_LOOP:  1  5  6   	7.371902e-01	( 1 1 3 6 6 4  )
G_LOOP:  1  6  6   	7.456752e-01	( 2 2 0 5 5 7  )
G_LOOP:  1  7  6   	7.428936e-01	( 2 2 1 5 5 6  )
G_LOOP:  1  8  6   	7.390187e-01	( 2 2 3 5 5 4  )
G_LOOP:  1  9  6   	7.398111e-01	( 3 3 0 4 4 7  )
G_LOOP:  1  10  6   	7.389642e-01	( 3 3 1 4 4 6  )
G_LOOP:  1  11  6   	7.400356e-01	( 3 3 2 4 4 5  )
G_LOOP:  2  0  6   	7.607733e-01	( 0 1 2 7 6 5  )
G_LOOP:  2  1  6   	7.581736e-01	( 0 1 5 7 6 2  )
G_LOOP:  2  2  6   	7.537819e-01	( 0 6 2 7 1 5  )
G_LOOP:  2  3  6   	7.623529e-01	( 0 6 5 7 1 2  )
G_LOOP:  2  4  6   	7.597389e-01	( 0 1 3 7 6 4  )
G_LOOP:  2  5  6   	7.537096e-01	( 0 1 4 7 6 3  )
G_LOOP:  2  6  6   	7.572606e-01	( 0 6 3 7 1 4  )
G_LOOP:  2  7  6   	7.594713e-01	( 0 6 4 7 1 3  )
G_LOOP:  2  8  6   	7.558015e-01	( 0 2 3 7 5 4  )
G_LOOP:  2  9  6   	7.618569e-01	( 0 2 4 7 5 3  )
G_LOOP:  2  10  6   	7.589309e-01	( 0 5 3 7 2 4  )
G_LOOP:  2  11  6   	7.602545e-01	( 0 5 4 7 2 3  )
G_LOOP:  2  12  6   	7.595571e-01	( 1 2 3 6 5 4  )
G_LOOP:  2  13  6   	7.632494e-01	( 1 2 4 6 5 3  )
G_LOOP:  2  14  6   	7.579410e-01	( 1 5 3 6 2 4  )
G_LOOP:  2  15  6   	7.601606e-01	( 1 5 4 6 2 3  )
GACTION: 6.537787e+00
CONGRAD5: time = 3.824859e-01 (fn F) masses = 1 iters = 602 mflops = 2.152208e+03
 OK converged final_rsq= 1e-10 (cf 1e-10) rel = 1 (cf 0) restarts = 3 iters= 602
CONGRAD5: time = 8.527589e-02 (fn F) masses = 1 iters = 133 mflops = 2.132694e+03
 OK converged final_rsq= 5e-11 (cf 1e-10) rel = 1 (cf 0) restarts = 2 iters= 133
PBP: mass 1.000000e-02     4.180596e-02  5.650046e-02  6.282065e-03  6.257703e-03 ( 1 of 1 )
FACTION: mass = 1.000000e-02,  1.499623e+00 ( 1 of 1 )
CONGRAD5: time = 4.330368e-01 (fn F) masses = 1 iters = 709 mflops = 2.238848e+03
 OK converged final_rsq= 5e-11 (cf 1e-10) rel = 1 (cf 0) restarts = 4 iters= 709
CONGRAD5: time = 4.659295e-02 (fn F) masses = 1 iters = 75 mflops = 2.201123e+03
 OK converged final_rsq= 1e-10 (cf 1e-10) rel = 1 (cf 0) restarts = 1 iters= 75
PBP: mass 1.000000e-02     4.935784e-02  4.621076e-02  -8.936203e-03  -8.936002e-03 ( 1 of 1 )
FACTION: mass = 1.000000e-02,  1.495237e+00 ( 1 of 1 )
CONGRAD5: time = 4.608479e-01 (fn F) masses = 1 iters = 758 mflops = 2.249131e+03
 OK converged final_rsq= 5e-11 (cf 1e-10) rel = 1 (cf 0) restarts = 4 iters= 758
CONGRAD5: time = 4.461119e-01 (fn F) masses = 1 iters = 735 mflops = 2.252925e+03
 OK converged final_rsq= 1e-10 (cf 1e-10) rel = 1 (cf 0) restarts = 3 iters= 735
GFTIME:   time = 7.151294e-02 (Symanzik1) mflops = 2.464737e+03
FFTIME:  time = 1.566322e-01 (asqtad3) terms = 2 mflops = 3.191752e+03
CONGRAD5: time = 5.320790e-01 (fn F) masses = 1 iters = 759 mflops = 1.950603e+03
 OK converged final_rsq= 9.9e-11 (cf 1e-10) rel = 1 (cf 0) restarts = 3 iters= 759
CONGRAD5: time = 4.231532e-01 (fn F) masses = 1 iters = 693 mflops = 2.239437e+03
 OK converged final_rsq= 9.9e-11 (cf 1e-10) rel = 1 (cf 0) restarts = 3 iters= 693
GFTIME:   time = 7.601690e-02 (Symanzik1) mflops = 2.318703e+03
FFTIME:  time = 1.719160e-01 (asqtad3) terms = 2 mflops = 2.907996e+03
CONGRAD5: time = 4.752030e-01 (fn F) masses = 1 iters = 777 mflops = 2.235862e+03
 OK converged final_rsq= 1e-10 (cf 1e-10) rel = 1 (cf 0) restarts = 3 iters= 777
CONGRAD5: time = 4.336278e-01 (fn F) masses = 1 iters = 715 mflops = 2.254717e+03
 OK converged final_rsq= 1e-10 (cf 1e-10) rel = 1 (cf 0) restarts = 3 iters= 715
GFTIME:   time = 7.079911e-02 (Symanzik1) mflops = 2.489588e+03
FFTIME:  time = 1.526570e-01 (asqtad3) terms = 2 mflops = 3.274865e+03
CONGRAD5: time = 4.582419e-01 (fn F) masses = 1 iters = 755 mflops = 2.252970e+03
 OK converged final_rsq= 4.9e-11 (cf 1e-10) rel = 1 (cf 0) restarts = 4 iters= 755
CONGRAD5: time = 4.327149e-01 (fn F) masses = 1 iters = 709 mflops = 2.240513e+03
 OK converged final_rsq= 9.9e-11 (cf 1e-10) rel = 1 (cf 0) restarts = 3 iters= 709
GFTIME:   time = 8.523989e-02 (Symanzik1) mflops = 2.067818e+03
FFTIME:  time = 1.945181e-01 (asqtad3) terms = 2 mflops = 2.570101e+03
CONGRAD5: time = 4.726069e-01 (fn F) masses = 1 iters = 769 mflops = 2.224997e+03
 OK converged final_rsq= 5e-11 (cf 1e-10) rel = 1 (cf 0) restarts = 4 iters= 769
CONGRAD5: time = 4.655530e-01 (fn F) masses = 1 iters = 737 mflops = 2.164719e+03
 OK converged final_rsq= 1e-10 (cf 1e-10) rel = 1 (cf 0) restarts = 3 iters= 737
GFTIME:   time = 7.119489e-02 (Symanzik1) mflops = 2.475748e+03
FFTIME:  time = 1.532419e-01 (asqtad3) terms = 2 mflops = 3.262366e+03
CONGRAD5: time = 4.545691e-01 (fn F) masses = 1 iters = 749 mflops = 2.253124e+03
 OK converged final_rsq= 1e-10 (cf 1e-10) rel = 1 (cf 0) restarts = 3 iters= 749
CONGRAD5: time = 4.566400e-01 (fn F) masses = 1 iters = 752 mflops = 2.251890e+03
 OK converged final_rsq= 5e-11 (cf 1e-10) rel = 1 (cf 0) restarts = 4 iters= 752
GFTIME:   time = 7.180214e-02 (Symanzik1) mflops = 2.454810e+03
FFTIME:  time = 1.523969e-01 (asqtad3) terms = 2 mflops = 3.280454e+03
CONGRAD5: time = 4.957540e-01 (fn F) masses = 1 iters = 761 mflops = 2.099044e+03
 OK converged final_rsq= 5e-11 (cf 1e-10) rel = 1 (cf 0) restarts = 4 iters= 761
CONGRAD5: time = 4.746571e-01 (fn F) masses = 1 iters = 731 mflops = 2.105914e+03
 OK converged final_rsq= 1e-10 (cf 1e-10) rel = 1 (cf 0) restarts = 3 iters= 731
GFTIME:   time = 7.411385e-02 (Symanzik1) mflops = 2.378241e+03
FFTIME:  time = 1.523180e-01 (asqtad3) terms = 2 mflops = 3.282154e+03
CONGRAD5: time = 4.550591e-01 (fn F) masses = 1 iters = 750 mflops = 2.253703e+03
 OK converged final_rsq= 4.9e-11 (cf 1e-10) rel = 1 (cf 0) restarts = 4 iters= 750
CONGRAD5: time = 4.455681e-01 (fn F) masses = 1 iters = 735 mflops = 2.255675e+03
 OK converged final_rsq= 5e-11 (cf 1e-10) rel = 1 (cf 0) restarts = 4 iters= 735
GFTIME:   time = 7.069802e-02 (Symanzik1) mflops = 2.493148e+03
FFTIME:  time = 1.520169e-01 (asqtad3) terms = 2 mflops = 3.288655e+03
CONGRAD5: time = 4.737639e-01 (fn F) masses = 1 iters = 782 mflops = 2.257085e+03
 OK converged final_rsq= 4.9e-11 (cf 1e-10) rel = 1 (cf 0) restarts = 4 iters= 782
CONGRAD5: time = 4.638300e-01 (fn F) masses = 1 iters = 767 mflops = 2.261204e+03
 OK converged final_rsq= 5e-11 (cf 1e-10) rel = 1 (cf 0) restarts = 4 iters= 767
GFTIME:   time = 7.086992e-02 (Symanzik1) mflops = 2.487100e+03
FFTIME:  time = 1.521420e-01 (asqtad3) terms = 2 mflops = 3.285950e+03
CONGRAD5: time = 4.616511e-01 (fn F) masses = 1 iters = 762 mflops = 2.257066e+03
 OK converged final_rsq= 5e-11 (cf 1e-10) rel = 1 (cf 0) restarts = 4 iters= 762
CONGRAD5: time = 4.389510e-01 (fn F) masses = 1 iters = 725 mflops = 2.258526e+03
 OK converged final_rsq= 9.9e-11 (cf 1e-10) rel = 1 (cf 0) restarts = 3 iters= 725
GFTIME:   time = 7.040286e-02 (Symanzik1) mflops = 2.503600e+03
FFTIME:  time = 1.521120e-01 (asqtad3) terms = 2 mflops = 3.286599e+03
CONGRAD5: time = 4.581449e-01 (fn F) masses = 1 iters = 756 mflops = 2.256431e+03
 OK converged final_rsq= 5e-11 (cf 1e-10) rel = 1 (cf 0) restarts = 4 iters= 756
CONGRAD5: time = 4.643970e-01 (fn F) masses = 1 iters = 766 mflops = 2.255499e+03
 OK converged final_rsq= 5e-11 (cf 1e-10) rel = 1 (cf 0) restarts = 4 iters= 766
GFTIME:   time = 7.087588e-02 (Symanzik1) mflops = 2.486891e+03
FFTIME:  time = 1.531510e-01 (asqtad3) terms = 2 mflops = 3.264301e+03
CONGRAD5: time = 4.761350e-01 (fn F) masses = 1 iters = 757 mflops = 2.174047e+03
 OK converged final_rsq= 5e-11 (cf 1e-10) rel = 1 (cf 0) restarts = 4 iters= 757
CONGRAD5: time = 4.343209e-01 (fn F) masses = 1 iters = 715 mflops = 2.251119e+03
 OK converged final_rsq= 5e-11 (cf 1e-10) rel = 1 (cf 0) restarts = 4 iters= 715
GFTIME:   time = 7.110596e-02 (Symanzik1) mflops = 2.478844e+03
FFTIME:  time = 1.527729e-01 (asqtad3) terms = 2 mflops = 3.272381e+03
CONGRAD5: time = 4.707282e-01 (fn F) masses = 1 iters = 774 mflops = 2.248402e+03
 OK converged final_rsq= 5e-11 (cf 1e-10) rel = 1 (cf 0) restarts = 4 iters= 774
CONGRAD5: time = 4.363589e-01 (fn F) masses = 1 iters = 719 mflops = 2.253140e+03
 OK converged final_rsq= 1e-10 (cf 1e-10) rel = 1 (cf 0) restarts = 3 iters= 719
GFTIME:   time = 7.058311e-02 (Symanzik1) mflops = 2.497207e+03
FFTIME:  time = 1.553190e-01 (asqtad3) terms = 2 mflops = 3.218738e+03
CONGRAD5: time = 5.132830e-01 (fn F) masses = 1 iters = 783 mflops = 2.085970e+03
 OK converged final_rsq= 5e-11 (cf 1e-10) rel = 1 (cf 0) restarts = 4 iters= 783
CONGRAD5: time = 4.474430e-01 (fn F) masses = 1 iters = 738 mflops = 2.255391e+03
 OK converged final_rsq= 5e-11 (cf 1e-10) rel = 1 (cf 0) restarts = 4 iters= 738
GFTIME:   time = 7.501411e-02 (Symanzik1) mflops = 2.349699e+03
FFTIME:  time = 1.700339e-01 (asqtad3) terms = 2 mflops = 2.940185e+03
CONGRAD5: time = 4.891491e-01 (fn F) masses = 1 iters = 781 mflops = 2.183298e+03
 OK converged final_rsq= 5e-11 (cf 1e-10) rel = 1 (cf 0) restarts = 4 iters= 781
CONGRAD5: time = 4.531958e-01 (fn F) masses = 1 iters = 737 mflops = 2.223744e+03
 OK converged final_rsq= 1e-10 (cf 1e-10) rel = 1 (cf 0) restarts = 3 iters= 737
GFTIME:   time = 7.055497e-02 (Symanzik1) mflops = 2.498203e+03
FFTIME:  time = 1.530561e-01 (asqtad3) terms = 2 mflops = 3.266325e+03
PLAQ:	1.473963	1.473385
P_LOOP:	-7.764089e-03	6.219714e-03
G_LOOP:  0  0  4   	1.474057e+00	( 0 1 7 6  )
G_LOOP:  0  1  4   	1.476495e+00	( 0 2 7 5  )
G_LOOP:  0  2  4   	1.473365e+00	( 0 3 7 4  )
G_LOOP:  0  3  4   	1.471338e+00	( 1 2 6 5  )
G_LOOP:  0  4  4   	1.472826e+00	( 1 3 6 4  )
G_LOOP:  0  5  4   	1.473963e+00	( 2 3 5 4  )
G_LOOP:  1  0  6   	7.133980e-01	( 0 0 1 7 7 6  )
G_LOOP:  1  1  6   	7.231318e-01	( 0 0 2 7 7 5  )
G_LOOP:  1  2  6   	7.177161e-01	( 0 0 3 7 7 4  )
G_LOOP:  1  3  6   	7.170766e-01	( 1 1 0 6 6 7  )
G_LOOP:  1  4  6   	7.130472e-01	( 1 1 2 6 6 5  )
G_LOOP:  1  5  6   	7.151839e-01	( 1 1 3 6 6 4  )
G_LOOP:  1  6  6   	7.140978e-01	( 2 2 0 5 5 7  )
G_LOOP:  1  7  6   	7.130462e-01	( 2 2 1 5 5 6  )
G_LOOP:  1  8  6   	7.153132e-01	( 2 2 3 5 5 4  )
G_LOOP:  1  9  6   	7.117251e-01	( 3 3 0 4 4 7  )
G_LOOP:  1  10  6   	7.125768e-01	( 3 3 1 4 4 6  )
G_LOOP:  1  11  6   	7.086897e-01	( 3 3 2 4 4 5  )
G_LOOP:  2  0  6   	7.351040e-01	( 0 1 2 7 6 5  )
G_LOOP:  2  1  6   	7.280939e-01	( 0 1 5 7 6 2  )
G_LOOP:  2  2  6   	7.308180e-01	( 0 6 2 7 1 5  )
G_LOOP:  2  3  6   	7.304092e-01	( 0 6 5 7 1 2  )
G_LOOP:  2  4  6   	7.341810e-01	( 0 1 3 7 6 4  )
G_LOOP:  2  5  6   	7.318136e-01	( 0 1 4 7 6 3  )
G_LOOP:  2  6  6   	7.295944e-01	( 0 6 3 7 1 4  )
G_LOOP:  2  7  6   	7.277577e-01	( 0 6 4 7 1 3  )
G_LOOP:  2  8  6   	7.329565e-01	( 0 2 3 7 5 4  )
G_LOOP:  2  9  6   	7.324030e-01	( 0 2 4 7 5 3  )
G_LOOP:  2  10  6   	7.299320e-01	( 0 5 3 7 2 4  )
G_LOOP:  2  11  6   	7.308683e-01	( 0 5 4 7 2 3  )
G_LOOP:  2  12  6   	7.322426e-01	( 1 2 3 6 5 4  )
G_LOOP:  2  13  6   	7.340319e-01	( 1 2 4 6 5 3  )
G_LOOP:  2  14  6   	7.346669e-01	( 1 5 3 6 2 4  )
G_LOOP:  2  15  6   	7.309851e-01	( 1 5 4 6 2 3  )
GACTION: 6.654834e+00
CONGRAD5: time = 3.675098e-01 (fn F) masses = 1 iters = 602 mflops = 2.239911e+03
 OK converged final_rsq= 7.5e-11 (cf 1e-10) rel = 1 (cf 0) restarts = 3 iters= 602
CONGRAD5: time = 8.018804e-02 (fn F) masses = 1 iters = 130 mflops = 2.216853e+03
 OK converged final_rsq= 5e-11 (cf 1e-10) rel = 1 (cf 0) restarts = 2 iters= 130
PBP: mass 1.000000e-02     5.172191e-02  3.967773e-02  -4.749448e-03  -4.752535e-03 ( 1 of 1 )
FACTION: mass = 1.000000e-02,  1.499391e+00 ( 1 of 1 )
CONGRAD5: time = 4.536769e-01 (fn F) masses = 1 iters = 740 mflops = 2.230428e+03
 OK converged final_rsq= 5e-11 (cf 1e-10) rel = 1 (cf 0) restarts = 4 iters= 740
CONGRAD5: time = 4.801416e-02 (fn F) masses = 1 iters = 78 mflops = 2.221409e+03
 OK converged final_rsq= 9.9e-11 (cf 1e-10) rel = 1 (cf 0) restarts = 1 iters= 78
PBP: mass 1.000000e-02     4.471490e-02  6.322165e-02  -1.728046e-04  -1.750247e-04 ( 1 of 1 )
FACTION: mass = 1.000000e-02,  1.497018e+00 ( 1 of 1 )
CONGRAD5: time = 4.692211e-01 (fn F) masses = 1 iters = 768 mflops = 2.238138e+03
 OK converged final_rsq= 4.9e-11 (cf 1e-10) rel = 1 (cf 0) restarts = 4 iters= 768
CONGRAD5: time = 5.179288e-01 (fn F) masses = 1 iters = 727 mflops = 1.919409e+03
 OK converged final_rsq= 9.9e-11 (cf 1e-10) rel = 1 (cf 0) restarts = 3 iters= 727
GFTIME:   time = 7.498813e-02 (Symanzik1) mflops = 2.350514e+03
FFTIME:  time = 1.678040e-01 (asqtad3) terms = 2 mflops = 2.979256e+03
CONGRAD5: time = 4.953671e-01 (fn F) masses = 1 iters = 787 mflops = 2.172455e+03
 OK converged final_rsq= 5e-11 (cf 1e-10) rel = 1 (cf 0) restarts = 4 iters= 787
CONGRAD5: time = 4.754691e-01 (fn F) masses = 1 iters = 772 mflops = 2.220231e+03
 OK converged final_rsq= 5e-11 (cf 1e-10) rel = 1 (cf 0) restarts = 4 iters= 772
GFTIME:   time = 7.057810e-02 (Symanzik1) mflops = 2.497384e+03
FFTIME:  time = 1.526601e-01 (asqtad3) terms = 2 mflops = 3.274798e+03
CONGRAD5: time = 4.759991e-01 (fn F) masses = 1 iters = 785 mflops = 2.255105e+03
 OK converged final_rsq= 1e-10 (cf 1e-10) rel = 1 (cf 0) restarts = 3 iters= 785
CONGRAD5: time = 4.446239e-01 (fn F) masses = 1 iters = 734 mflops = 2.257389e+03
 OK converged final_rsq= 5e-11 (cf 1e-10) rel = 1 (cf 0) restarts = 4 iters= 734
GFTIME:   time = 7.070708e-02 (Symanzik1) mflops = 2.492828e+03
FFTIME:  time = 1.546681e-01 (asqtad3) terms = 2 mflops = 3.232284e+03
CONGRAD5: time = 4.683402e-01 (fn F) masses = 1 iters = 774 mflops = 2.259866e+03
 OK converged final_rsq= 5e-11 (cf 1e-10) rel = 1 (cf 0) restarts = 4 iters= 774
CONGRAD5: time = 4.613490e-01 (fn F) masses = 1 iters = 738 mflops = 2.187409e+03
 OK converged final_rsq= 1e-10 (cf 1e-10) rel = 1 (cf 0) restarts = 3 iters= 738
GFTIME:   time = 7.521796e-02 (Symanzik1) mflops = 2.343331e+03
FFTIME:  time = 1.564870e-01 (asqtad3) terms = 2 mflops = 3.194714e+03
CONGRAD5: time = 4.640019e-01 (fn F) masses = 1 iters = 766 mflops = 2.257419e+03
 OK converged final_rsq= 5e-11 (cf 1e-10) rel = 1 (cf 0) restarts = 4 iters= 766
CONGRAD5: time = 4.592230e-01 (fn F) masses = 1 iters = 734 mflops = 2.185625e+03
 OK converged final_rsq= 9.9e-11 (cf 1e-10) rel = 1 (cf 0) restarts = 3 iters= 734
GFTIME:   time = 7.066989e-02 (Symanzik1) mflops = 2.494140e+03
FFTIME:  time = 1.565619e-01 (asqtad3) terms = 2 mflops = 3.193186e+03
CONGRAD5: time = 4.718859e-01 (fn F) masses = 1 iters = 775 mflops = 2.245783e+03
 OK converged final_rsq= 5e-11 (cf 1e-10) rel = 1 (cf 0) restarts = 4 iters= 775
CONGRAD5: time = 4.509480e-01 (fn F) masses = 1 iters = 742 mflops = 2.249990e+03
 OK converged final_rsq= 5e-11 (cf 1e-10) rel = 1 (cf 0) restarts = 4 iters= 742
GFTIME:   time = 7.079196e-02 (Symanzik1) mflops = 2.489839e+03
FFTIME:  time = 1.528041e-01 (asqtad3) terms = 2 mflops = 3.271712e+03
CONGRAD5: time = 4.782150e-01 (fn F) masses = 1 iters = 786 mflops = 2.247515e+03
 OK converged final_rsq= 5e-11 (cf 1e-10) rel = 1 (cf 0) restarts = 4 iters= 786
CONGRAD5: time = 5.356951e-01 (fn F) masses = 1 iters = 765 mflops = 1.952751e+03
 OK converged final_rsq= 5e-11 (cf 1e-10) rel = 1 (cf 0) restarts = 4 iters= 765
GFTIME:   time = 7.621598e-02 (Symanzik1) mflops = 2.312646e+03
FFTIME:  time = 1.573429e-01 (asqtad3) terms = 2 mflops = 3.177335e+03
CONGRAD5: time = 4.678259e-01 (fn F) masses = 1 iters = 743 mflops = 2.171740e+03
 OK converged final_rsq= 5e-11 (cf 1e-10) rel = 1 (cf 0) restarts = 4 iters= 743
CONGRAD5: time = 4.584470e-01 (fn F) masses = 1 iters = 753 mflops = 2.245996e+03
 OK converged final_rsq= 1e-10 (cf 1e-10) rel = 1 (cf 0) restarts = 3 iters= 753
GFTIME:   time = 7.072592e-02 (Symanzik1) mflops = 2.492164e+03
FFTIME:  time = 1.529660e-01 (asqtad3) terms = 2 mflops = 3.268250e+03
CONGRAD5: time = 4.685199e-01 (fn F) masses = 1 iters = 770 mflops = 2.247325e+03
 OK converged final_rsq= 5e-11 (cf 1e-10) rel = 1 (cf 0) restarts = 4 iters= 770
CONGRAD5: time = 4.433379e-01 (fn F) masses = 1 iters = 731 mflops = 2.254684e+03
 OK converged final_rsq= 9.9e-11 (cf 1e-10) rel = 1 (cf 0) restarts = 3 iters= 731
GFTIME:   time = 7.140303e-02 (Symanzik1) mflops = 2.468531e+03
FFTIME:  time = 1.545770e-01 (asqtad3) terms = 2 mflops = 3.234188e+03
CONGRAD5: time = 5.365210e-01 (fn F) masses = 1 iters = 771 mflops = 1.965038e+03
 OK converged final_rsq= 5e-11 (cf 1e-10) rel = 1 (cf 0) restarts = 4 iters= 771
CONGRAD5: time = 4.551401e-01 (fn F) masses = 1 iters = 726 mflops = 2.181196e+03
 OK converged final_rsq= 9.9e-11 (cf 1e-10) rel = 1 (cf 0) restarts = 3 iters= 726
GFTIME:   time = 8.333802e-02 (Symanzik1) mflops = 2.115008e+03
FFTIME:  time = 1.713691e-01 (asqtad3) terms = 2 mflops = 2.917277e+03
CONGRAD5: time = 4.708478e-01 (fn F) masses = 1 iters = 774 mflops = 2.247831e+03
 OK converged final_rsq= 5e-11 (cf 1e-10) rel = 1 (cf 0) restarts = 4 iters= 774
CONGRAD5: time = 4.542758e-01 (fn F) masses = 1 iters = 747 mflops = 2.248558e+03
 OK converged final_rsq= 5e-11 (cf 1e-10) rel = 1 (cf 0) restarts = 4 iters= 747
GFTIME:   time = 7.076097e-02 (Symanzik1) mflops = 2.490930e+03
FFTIME:  time = 1.532521e-01 (asqtad3) terms = 2 mflops = 3.262148e+03
CONGRAD5: time = 4.782691e-01 (fn F) masses = 1 iters = 788 mflops = 2.252979e+03
 OK converged final_rsq= 4.9e-11 (cf 1e-10) rel = 1 (cf 0) restarts = 4 iters= 788
CONGRAD5: time = 5.268710e-01 (fn F) masses = 1 iters = 739 mflops = 1.917977e+03
 OK converged final_rsq= 9.9e-11 (cf 1e-10) rel = 1 (cf 0) restarts = 3 iters= 739
GFTIME:   time = 7.612014e-02 (Symanzik1) mflops = 2.315558e+03
FFTIME:  time = 1.700900e-01 (asqtad3) terms = 2 mflops = 2.939216e+03
CONGRAD5: time = 4.752672e-01 (fn F) masses = 1 iters = 757 mflops = 2.178017e+03
 OK converged final_rsq= 5e-11 (cf 1e-10) rel = 1 (cf 0) restarts = 4 iters= 757
CONGRAD5: time = 4.683549e-01 (fn F) masses = 1 iters = 758 mflops = 2.213081e+03
 OK converged final_rsq= 5e-11 (cf 1e-10) rel = 1 (cf 0) restarts = 4 iters= 758
GFTIME:   time = 7.101798e-02 (Symanzik1) mflops = 2.481915e+03
FFTIME:  time = 1.526232e-01 (asqtad3) terms = 2 mflops = 3.275591e+03
CONGRAD5: time = 4.674971e-01 (fn F) masses = 1 iters = 770 mflops = 2.252242e+03
 OK converged final_rsq= 5e-11 (cf 1e-10) rel = 1 (cf 0) restarts = 4 iters= 770
CONGRAD5: time = 4.538300e-01 (fn F) masses = 1 iters = 746 mflops = 2.247754e+03
 OK converged final_rsq= 5e-11 (cf 1e-10) rel = 1 (cf 0) restarts = 4 iters= 746
GFTIME:   time = 7.046008e-02 (Symanzik1) mflops = 2.501567e+03
FFTIME:  time = 1.545930e-01 (asqtad3) terms = 2 mflops = 3.233854e+03
CONGRAD5: time = 5.373862e-01 (fn F) masses = 1 iters = 763 mflops = 1.941517e+03
 OK converged final_rsq= 5e-11 (cf 1e-10) rel = 1 (cf 0) restarts = 4 iters= 763
CONGRAD5: time = 4.650979e-01 (fn F) masses = 1 iters = 753 mflops = 2.213879e+03
 OK converged final_rsq= 1e-10 (cf 1e-10) rel = 1 (cf 0) restarts = 3 iters= 753
GFTIME:   time = 8.111286e-02 (Symanzik1) mflops = 2.173029e+03
FFTIME:  time = 1.598411e-01 (asqtad3) terms = 2 mflops = 3.127677e+03
PLAQ:	1.459433	1.458465
P_LOOP:	1.615890e-02	-8.026712e-03
G_LOOP:  0  0  4   	1.459195e+00	( 0 1 7 6  )
G_LOOP:  0  1  4   	1.460791e+00	( 0 2 7 5  )
G_LOOP:  0  2  4   	1.460614e+00	( 0 3 7 4  )
G_LOOP:  0  3  4   	1.458314e+00	( 1 2 6 5  )
G_LOOP:  0  4  4   	1.457892e+00	( 1 3 6 4  )
G_LOOP:  0  5  4   	1.456888e+00	( 2 3 5 4  )
G_LOOP:  1  0  6   	6.983939e-01	( 0 0 1 7 7 6  )
G_LOOP:  1  1  6   	7.042719e-01	( 0 0 2 7 7 5  )
G_LOOP:  1  2  6   	7.000097e-01	( 0 0 3 7 7 4  )
G_LOOP:  1  3  6   	6.967192e-01	( 1 1 0 6 6 7  )
G_LOOP:  1  4  6   	6.984864e-01	( 1 1 2 6 6 5  )
G_LOOP:  1  5  6   	6.968441e-01	( 1 1 3 6 6 4  )
G_LOOP:  1  6  6   	6.998432e-01	( 2 2 0 5 5 7  )
G_LOOP:  1  7  6   	6.985943e-01	( 2 2 1 5 5 6  )
G_LOOP:  1  8  6   	6.990863e-01	( 2 2 3 5 5 4  )
G_LOOP:  1  9  6   	6.999809e-01	( 3 3 0 4 4 7  )
G_LOOP:  1  10  6   	6.973355e-01	( 3 3 1 4 4 6  )
G_LOOP:  1  11  6   	6.941445e-01	( 3 3 2 4 4 5  )
G_LOOP:  2  0  6   	7.139080e-01	( 0 1 2 7 6 5  )
G_LOOP:  2  1  6   	7.119920e-01	( 0 1 5 7 6 2  )
G_LOOP:  2  2  6   	7.117254e-01	( 0 6 2 7 1 5  )
G_LOOP:  2  3  6   	7.124687e-01	( 0 6 5 7 1 2  )
G_LOOP:  2  4  6   	7.159880e-01	( 0 1 3 7 6 4  )
G_LOOP:  2  5  6   	7.136556e-01	( 0 1 4 7 6 3  )
G_LOOP:  2  6  6   	7.124254e-01	( 0 6 3 7 1 4  )
G_LOOP:  2  7  6   	7.110729e-01	( 0 6 4 7 1 3  )
G_LOOP:  2  8  6   	7.144444e-01	( 0 2 3 7 5 4  )
G_LOOP:  2  9  6   	7.125228e-01	( 0 2 4 7 5 3  )
G_LOOP:  2  10  6   	7.149983e-01	( 0 5 3 7 2 4  )
G_LOOP:  2  11  6   	7.100563e-01	( 0 5 4 7 2 3  )
G_LOOP:  2  12  6   	7.109843e-01	( 1 2 3 6 5 4  )
G_LOOP:  2  13  6   	7.097229e-01	( 1 2 4 6 5 3  )
G_LOOP:  2  14  6   	7.117955e-01	( 1 5 3 6 2 4  )
G_LOOP:  2  15  6   	7.069325e-01	( 1 5 4 6 2 3  )
GACTION: 6.725127e+00
CONGRAD5: time = 4.392500e-01 (fn F) masses = 1 iters = 718 mflops = 2.235197e+03
 OK converged final_rsq= 5e-11 (cf 1e-10) rel = 1 (cf 0) restarts = 4 iters= 718
CONGRAD5: time = 4.643011e-02 (fn F) masses = 1 iters = 75 mflops = 2.208842e+03
 OK converged final_rsq= 1e-10 (cf 1e-10) rel = 1 (cf 0) restarts = 1 iters= 75
PBP: mass 1.000000e-02     6.464430e-02  5.646403e-02  3.676150e-03  3.676061e-03 ( 1 of 1 )
FACTION: mass = 1.000000e-02,  1.503793e+00 ( 1 of 1 )
CONGRAD5: time = 4.603500e-01 (fn F) masses = 1 iters = 755 mflops = 2.242652e+03
 OK converged final_rsq= 5e-11 (cf 1e-10) rel = 1 (cf 0) restarts = 4 iters= 755
CONGRAD5: time = 4.724097e-02 (fn F) masses = 1 iters = 76 mflops = 2.199875e+03
 OK converged final_rsq= 9.8e-11 (cf 1e-10) rel = 1 (cf 0) restarts = 1 iters= 76
PBP: mass 1.000000e-02     6.353492e-02  4.823133e-02  -5.438112e-03  -5.433117e-03 ( 1 of 1 )
FACTION: mass = 1.000000e-02,  1.504196e+00 ( 1 of 1 )
RUNNING COMPLETED
average cg iters for step= 1.451250e+03
Time = 7.946372e+01 seconds
total_iters = 181038
Checksums f5dc514d a700d500
Saved gauge configuration in parallel to binary file lat_p64_size64_2
Time stamp Tue Aug 16 01:18:44 2022
Wrote info file lat_p64_size64_2.info
Time to save = 1.439950e-01
CHECK PLAQ: 1.459433e+00 1.458465e+00
CHECK NERSC LINKTR: 1.436480e-01 CKSUM: 409d2cae


get_i(0): EOF on input.
Elapsed total time: 87.878819
exit: Tue Aug 16 01:18:44 2022

