SU3 with improved KS action
Microcanonical simulation with refreshing
R algorithm
MIMD version 7.8.1
Machine = MPI (portable), with 64 nodes
Host(0) = nid00236
Username = mcopik
Options selected...
Generic single precision
C_GLOBAL_INLINE
DBLSTORE_FN
D_FN_GATHER13
FEWSUMS
KS_MULTIFF=FNMAT
VECLENGTH=4
type 0 for no prompts, 1 for prompts, or 2 for proofreading
nflavors1 2
nflavors2 1
nx 16
ny 16
nz 8
nt 36
iseed 5682304
LAYOUT = Hypercubes, options = hyper_prime,
automatic hyper_prime layout
ON EACH NODE 4 x 4 x 8 x 9
Mallocing 1.1 MBytes per node for lattice
WARNING!!: Resetting random seed
Made lattice
Made nn gathers
Made 3nn gathers
Finished setup


warms 0
trajecs 4
traj_between_meas 1
beta 5.6
mass1 0.125
mass2 0.125
u0 0.8441
microcanonical_time_step 0.2
steps_per_trajectory 5
max_cg_iterations 100
max_cg_restarts 5
error_per_site 0.125
error_for_propagator 0.125
npbp_reps 1
prec_pbp 1
fresh 
save_parallel lat_p64_size64_1
unit gauge configuration loaded
CHECK PLAQ: 3.000000e+00 3.000000e+00
CHECK NERSC LINKTR: 1.000000e+00 CKSUM: 0
Unitarity checked.  Max deviation 0.00e+00
Time to check unitarity = 3.120899e-04
"O(a^2): couplings(pi)=0, Naik term, No O(a^2) errors, tadpole weights"
path coefficients: npath  path_coeff  multiplicity
                    0      6.250000e-01     8
                    1      -5.847914e-02     8
                    2      -8.771871e-02     48
                    3      3.077829e-02     192
                    4      -7.199551e-03     384
                    5      -1.231132e-01     48
Symanzik 1x1 + 1x2 + 1x1x1 action
gauge_action: total_dyn_flavors = 3
loop coefficients: nloop rep loop_coeff  multiplicity
                    0 0      1.000000e+00     6
                    1 0      -7.762509e-02     12
                    2 0      -1.031171e-02     16
WARMUPS COMPLETED
CONGRAD5: time = 4.648924e-03 (fn F) masses = 1 iters = 4 mflops = 1.176551e+03
 OK converged final_rsq= 0.006 (cf 0.016) rel = 1 (cf 0) restarts = 1 iters= 4
CONGRAD5: time = 4.081011e-03 (fn F) masses = 1 iters = 4 mflops = 1.340280e+03
 OK converged final_rsq= 0.0059 (cf 0.016) rel = 1 (cf 0) restarts = 1 iters= 4
GFTIME:   time = 7.350492e-02 (Symanzik1) mflops = 2.397943e+03
FFTIME:  time = 1.702480e-01 (asqtad3) terms = 2 mflops = 2.936487e+03
CONGRAD5: time = 8.735895e-03 (fn F) masses = 1 iters = 4 mflops = 6.261174e+02
 OK converged final_rsq= 0.01 (cf 0.016) rel = 1 (cf 0) restarts = 1 iters= 4
CONGRAD5: time = 5.755901e-03 (fn F) masses = 1 iters = 4 mflops = 9.502762e+02
 OK converged final_rsq= 0.0098 (cf 0.016) rel = 1 (cf 0) restarts = 1 iters= 4
GFTIME:   time = 1.017349e-01 (Symanzik1) mflops = 1.732549e+03
FFTIME:  time = 1.677229e-01 (asqtad3) terms = 2 mflops = 2.980696e+03
CONGRAD5: time = 3.932953e-03 (fn F) masses = 1 iters = 4 mflops = 1.390735e+03
 OK converged final_rsq= 0.014 (cf 0.016) rel = 1 (cf 0) restarts = 1 iters= 4
CONGRAD5: time = 3.643990e-03 (fn F) masses = 1 iters = 4 mflops = 1.501019e+03
 OK converged final_rsq= 0.014 (cf 0.016) rel = 1 (cf 0) restarts = 1 iters= 4
GFTIME:   time = 7.126498e-02 (Symanzik1) mflops = 2.473313e+03
FFTIME:  time = 1.538429e-01 (asqtad3) terms = 2 mflops = 3.249621e+03
CONGRAD5: time = 3.898859e-03 (fn F) masses = 1 iters = 4 mflops = 1.402897e+03
 OK converged final_rsq= 0.013 (cf 0.016) rel = 1 (cf 0) restarts = 1 iters= 4
CONGRAD5: time = 3.808975e-03 (fn F) masses = 1 iters = 4 mflops = 1.436002e+03
 OK converged final_rsq= 0.013 (cf 0.016) rel = 1 (cf 0) restarts = 1 iters= 4
GFTIME:   time = 7.091594e-02 (Symanzik1) mflops = 2.485487e+03
FFTIME:  time = 1.549079e-01 (asqtad3) terms = 2 mflops = 3.227279e+03
CONGRAD5: time = 3.870964e-03 (fn F) masses = 1 iters = 4 mflops = 1.413006e+03
 OK converged final_rsq= 0.011 (cf 0.016) rel = 1 (cf 0) restarts = 1 iters= 4
CONGRAD5: time = 3.635883e-03 (fn F) masses = 1 iters = 4 mflops = 1.504365e+03
 OK converged final_rsq= 0.011 (cf 0.016) rel = 1 (cf 0) restarts = 1 iters= 4
GFTIME:   time = 7.341409e-02 (Symanzik1) mflops = 2.400910e+03
FFTIME:  time = 1.688468e-01 (asqtad3) terms = 2 mflops = 2.960856e+03
PLAQ:	2.348046	2.347861
P_LOOP:	-6.323028e-03	-1.925636e-02
G_LOOP:  0  0  4   	2.346897e+00	( 0 1 7 6  )
G_LOOP:  0  1  4   	2.347695e+00	( 0 2 7 5  )
G_LOOP:  0  2  4   	2.348610e+00	( 0 3 7 4  )
G_LOOP:  0  3  4   	2.349546e+00	( 1 2 6 5  )
G_LOOP:  0  4  4   	2.347450e+00	( 1 3 6 4  )
G_LOOP:  0  5  4   	2.347524e+00	( 2 3 5 4  )
G_LOOP:  1  0  6   	1.770886e+00	( 0 0 1 7 7 6  )
G_LOOP:  1  1  6   	1.772085e+00	( 0 0 2 7 7 5  )
G_LOOP:  1  2  6   	1.772683e+00	( 0 0 3 7 7 4  )
G_LOOP:  1  3  6   	1.772206e+00	( 1 1 0 6 6 7  )
G_LOOP:  1  4  6   	1.778615e+00	( 1 1 2 6 6 5  )
G_LOOP:  1  5  6   	1.772779e+00	( 1 1 3 6 6 4  )
G_LOOP:  1  6  6   	1.774422e+00	( 2 2 0 5 5 7  )
G_LOOP:  1  7  6   	1.776307e+00	( 2 2 1 5 5 6  )
G_LOOP:  1  8  6   	1.772614e+00	( 2 2 3 5 5 4  )
G_LOOP:  1  9  6   	1.773361e+00	( 3 3 0 4 4 7  )
G_LOOP:  1  10  6   	1.772005e+00	( 3 3 1 4 4 6  )
G_LOOP:  1  11  6   	1.772996e+00	( 3 3 2 4 4 5  )
G_LOOP:  2  0  6   	1.819044e+00	( 0 1 2 7 6 5  )
G_LOOP:  2  1  6   	1.821657e+00	( 0 1 5 7 6 2  )
G_LOOP:  2  2  6   	1.822819e+00	( 0 6 2 7 1 5  )
G_LOOP:  2  3  6   	1.821404e+00	( 0 6 5 7 1 2  )
G_LOOP:  2  4  6   	1.821922e+00	( 0 1 3 7 6 4  )
G_LOOP:  2  5  6   	1.817338e+00	( 0 1 4 7 6 3  )
G_LOOP:  2  6  6   	1.820607e+00	( 0 6 3 7 1 4  )
G_LOOP:  2  7  6   	1.823181e+00	( 0 6 4 7 1 3  )
G_LOOP:  2  8  6   	1.818823e+00	( 0 2 3 7 5 4  )
G_LOOP:  2  9  6   	1.819541e+00	( 0 2 4 7 5 3  )
G_LOOP:  2  10  6   	1.822350e+00	( 0 5 3 7 2 4  )
G_LOOP:  2  11  6   	1.817598e+00	( 0 5 4 7 2 3  )
G_LOOP:  2  12  6   	1.821659e+00	( 1 2 3 6 5 4  )
G_LOOP:  2  13  6   	1.824220e+00	( 1 2 4 6 5 3  )
G_LOOP:  2  14  6   	1.821604e+00	( 1 5 3 6 2 4  )
G_LOOP:  2  15  6   	1.824104e+00	( 1 5 4 6 2 3  )
GACTION: 2.575211e+00
CONGRAD5: time = 3.807068e-03 (fn F) masses = 1 iters = 4 mflops = 1.436721e+03
 OK converged final_rsq= 0.01 (cf 0.016) rel = 1 (cf 0) restarts = 1 iters= 4
CONGRAD5: time = 4.793882e-03 (fn F) masses = 1 iters = 6 mflops = 1.711461e+03
 OK converged final_rsq= 0.0087 (cf 0.016) rel = 1 (cf 0) restarts = 1 iters= 6
PBP: mass 1.250000e-01     6.839631e-02  1.024361e-01  -6.252925e-04  -1.562877e-03 ( 1 of 1 )
FACTION: mass = 1.250000e-01,  1.470003e+00 ( 1 of 1 )
CONGRAD5: time = 3.707886e-03 (fn F) masses = 1 iters = 4 mflops = 1.475152e+03
 OK converged final_rsq= 0.01 (cf 0.016) rel = 1 (cf 0) restarts = 1 iters= 4
CONGRAD5: time = 4.848003e-03 (fn F) masses = 1 iters = 6 mflops = 1.692355e+03
 OK converged final_rsq= 0.0087 (cf 0.016) rel = 1 (cf 0) restarts = 1 iters= 6
PBP: mass 1.250000e-01     7.042779e-02  1.006423e-01  -2.239626e-03  -2.553548e-03 ( 1 of 1 )
FACTION: mass = 1.250000e-01,  1.472298e+00 ( 1 of 1 )
CONGRAD5: time = 4.621029e-03 (fn F) masses = 1 iters = 4 mflops = 1.183653e+03
 OK converged final_rsq= 0.012 (cf 0.016) rel = 1 (cf 0) restarts = 1 iters= 4
CONGRAD5: time = 4.333019e-03 (fn F) masses = 1 iters = 4 mflops = 1.262329e+03
 OK converged final_rsq= 0.011 (cf 0.016) rel = 1 (cf 0) restarts = 1 iters= 4
GFTIME:   time = 7.568789e-02 (Symanzik1) mflops = 2.328782e+03
FFTIME:  time = 1.645000e-01 (asqtad3) terms = 2 mflops = 3.039095e+03
CONGRAD5: time = 4.508972e-03 (fn F) masses = 1 iters = 5 mflops = 1.516337e+03
 OK converged final_rsq= 0.0069 (cf 0.016) rel = 1 (cf 0) restarts = 1 iters= 5
CONGRAD5: time = 3.974915e-03 (fn F) masses = 1 iters = 4 mflops = 1.376054e+03
 OK converged final_rsq= 0.015 (cf 0.016) rel = 1 (cf 0) restarts = 1 iters= 4
GFTIME:   time = 7.429123e-02 (Symanzik1) mflops = 2.372563e+03
FFTIME:  time = 1.743948e-01 (asqtad3) terms = 2 mflops = 2.866662e+03
CONGRAD5: time = 4.549026e-03 (fn F) masses = 1 iters = 5 mflops = 1.502985e+03
 OK converged final_rsq= 0.0088 (cf 0.016) rel = 1 (cf 0) restarts = 1 iters= 5
CONGRAD5: time = 4.201889e-03 (fn F) masses = 1 iters = 5 mflops = 1.627154e+03
 OK converged final_rsq= 0.0084 (cf 0.016) rel = 1 (cf 0) restarts = 1 iters= 5
GFTIME:   time = 7.857609e-02 (Symanzik1) mflops = 2.243184e+03
FFTIME:  time = 1.701469e-01 (asqtad3) terms = 2 mflops = 2.938232e+03
CONGRAD5: time = 5.520821e-03 (fn F) masses = 1 iters = 5 mflops = 1.238425e+03
 OK converged final_rsq= 0.0085 (cf 0.016) rel = 1 (cf 0) restarts = 1 iters= 5
CONGRAD5: time = 5.310059e-03 (fn F) masses = 1 iters = 5 mflops = 1.287579e+03
 OK converged final_rsq= 0.0083 (cf 0.016) rel = 1 (cf 0) restarts = 1 iters= 5
GFTIME:   time = 7.250786e-02 (Symanzik1) mflops = 2.430917e+03
FFTIME:  time = 1.735361e-01 (asqtad3) terms = 2 mflops = 2.880849e+03
CONGRAD5: time = 4.456997e-03 (fn F) masses = 1 iters = 5 mflops = 1.534019e+03
 OK converged final_rsq= 0.0074 (cf 0.016) rel = 1 (cf 0) restarts = 1 iters= 5
CONGRAD5: time = 3.586054e-03 (fn F) masses = 1 iters = 4 mflops = 1.525269e+03
 OK converged final_rsq= 0.015 (cf 0.016) rel = 1 (cf 0) restarts = 1 iters= 4
GFTIME:   time = 7.422090e-02 (Symanzik1) mflops = 2.374811e+03
FFTIME:  time = 1.551261e-01 (asqtad3) terms = 2 mflops = 3.222740e+03
PLAQ:	2.013197	2.012697
P_LOOP:	-9.701269e-03	-3.360078e-02
G_LOOP:  0  0  4   	2.010792e+00	( 0 1 7 6  )
G_LOOP:  0  1  4   	2.013326e+00	( 0 2 7 5  )
G_LOOP:  0  2  4   	2.011958e+00	( 0 3 7 4  )
G_LOOP:  0  3  4   	2.015472e+00	( 1 2 6 5  )
G_LOOP:  0  4  4   	2.013512e+00	( 1 3 6 4  )
G_LOOP:  0  5  4   	2.012622e+00	( 2 3 5 4  )
G_LOOP:  1  0  6   	1.296020e+00	( 0 0 1 7 7 6  )
G_LOOP:  1  1  6   	1.302380e+00	( 0 0 2 7 7 5  )
G_LOOP:  1  2  6   	1.300113e+00	( 0 0 3 7 7 4  )
G_LOOP:  1  3  6   	1.297978e+00	( 1 1 0 6 6 7  )
G_LOOP:  1  4  6   	1.302920e+00	( 1 1 2 6 6 5  )
G_LOOP:  1  5  6   	1.301147e+00	( 1 1 3 6 6 4  )
G_LOOP:  1  6  6   	1.301421e+00	( 2 2 0 5 5 7  )
G_LOOP:  1  7  6   	1.302576e+00	( 2 2 1 5 5 6  )
G_LOOP:  1  8  6   	1.298934e+00	( 2 2 3 5 5 4  )
G_LOOP:  1  9  6   	1.299910e+00	( 3 3 0 4 4 7  )
G_LOOP:  1  10  6   	1.299603e+00	( 3 3 1 4 4 6  )
G_LOOP:  1  11  6   	1.299806e+00	( 3 3 2 4 4 5  )
G_LOOP:  2  0  6   	1.339921e+00	( 0 1 2 7 6 5  )
G_LOOP:  2  1  6   	1.347332e+00	( 0 1 5 7 6 2  )
G_LOOP:  2  2  6   	1.347822e+00	( 0 6 2 7 1 5  )
G_LOOP:  2  3  6   	1.345578e+00	( 0 6 5 7 1 2  )
G_LOOP:  2  4  6   	1.348037e+00	( 0 1 3 7 6 4  )
G_LOOP:  2  5  6   	1.342259e+00	( 0 1 4 7 6 3  )
G_LOOP:  2  6  6   	1.341849e+00	( 0 6 3 7 1 4  )
G_LOOP:  2  7  6   	1.343166e+00	( 0 6 4 7 1 3  )
G_LOOP:  2  8  6   	1.344500e+00	( 0 2 3 7 5 4  )
G_LOOP:  2  9  6   	1.342721e+00	( 0 2 4 7 5 3  )
G_LOOP:  2  10  6   	1.346118e+00	( 0 5 3 7 2 4  )
G_LOOP:  2  11  6   	1.343245e+00	( 0 5 4 7 2 3  )
G_LOOP:  2  12  6   	1.346085e+00	( 1 2 3 6 5 4  )
G_LOOP:  2  13  6   	1.347991e+00	( 1 2 4 6 5 3  )
G_LOOP:  2  14  6   	1.347405e+00	( 1 5 3 6 2 4  )
G_LOOP:  2  15  6   	1.344994e+00	( 1 5 4 6 2 3  )
GACTION: 4.065920e+00
CONGRAD5: time = 3.883123e-03 (fn F) masses = 1 iters = 4 mflops = 1.408582e+03
 OK converged final_rsq= 0.014 (cf 0.016) rel = 1 (cf 0) restarts = 1 iters= 4
CONGRAD5: time = 4.982948e-03 (fn F) masses = 1 iters = 6 mflops = 1.646524e+03
 OK converged final_rsq= 0.013 (cf 0.016) rel = 1 (cf 0) restarts = 1 iters= 6
PBP: mass 1.250000e-01     8.666703e-02  1.656794e-01  8.855824e-04  1.540118e-03 ( 1 of 1 )
FACTION: mass = 1.250000e-01,  1.448829e+00 ( 1 of 1 )
CONGRAD5: time = 3.651142e-03 (fn F) masses = 1 iters = 4 mflops = 1.498078e+03
 OK converged final_rsq= 0.014 (cf 0.016) rel = 1 (cf 0) restarts = 1 iters= 4
CONGRAD5: time = 4.758120e-03 (fn F) masses = 1 iters = 6 mflops = 1.724325e+03
 OK converged final_rsq= 0.013 (cf 0.016) rel = 1 (cf 0) restarts = 1 iters= 6
PBP: mass 1.250000e-01     8.854628e-02  1.707834e-01  -1.891601e-04  1.187543e-04 ( 1 of 1 )
FACTION: mass = 1.250000e-01,  1.441431e+00 ( 1 of 1 )
CONGRAD5: time = 4.703999e-03 (fn F) masses = 1 iters = 5 mflops = 1.453470e+03
 OK converged final_rsq= 0.0075 (cf 0.016) rel = 1 (cf 0) restarts = 1 iters= 5
CONGRAD5: time = 3.761053e-03 (fn F) masses = 1 iters = 4 mflops = 1.454299e+03
 OK converged final_rsq= 0.015 (cf 0.016) rel = 1 (cf 0) restarts = 1 iters= 4
GFTIME:   time = 7.131696e-02 (Symanzik1) mflops = 2.471510e+03
FFTIME:  time = 1.563890e-01 (asqtad3) terms = 2 mflops = 3.196716e+03
CONGRAD5: time = 4.418850e-03 (fn F) masses = 1 iters = 5 mflops = 1.547262e+03
 OK converged final_rsq= 0.0094 (cf 0.016) rel = 1 (cf 0) restarts = 1 iters= 5
CONGRAD5: time = 4.223824e-03 (fn F) masses = 1 iters = 5 mflops = 1.618704e+03
 OK converged final_rsq= 0.0087 (cf 0.016) rel = 1 (cf 0) restarts = 1 iters= 5
GFTIME:   time = 1.023419e-01 (Symanzik1) mflops = 1.722272e+03
FFTIME:  time = 1.663961e-01 (asqtad3) terms = 2 mflops = 3.004464e+03
CONGRAD5: time = 4.495859e-03 (fn F) masses = 1 iters = 5 mflops = 1.520759e+03
 OK converged final_rsq= 0.011 (cf 0.016) rel = 1 (cf 0) restarts = 1 iters= 5
CONGRAD5: time = 4.215956e-03 (fn F) masses = 1 iters = 5 mflops = 1.621725e+03
 OK converged final_rsq= 0.01 (cf 0.016) rel = 1 (cf 0) restarts = 1 iters= 5
GFTIME:   time = 7.369113e-02 (Symanzik1) mflops = 2.391884e+03
FFTIME:  time = 1.659999e-01 (asqtad3) terms = 2 mflops = 3.011635e+03
CONGRAD5: time = 4.555941e-03 (fn F) masses = 1 iters = 5 mflops = 1.500704e+03
 OK converged final_rsq= 0.011 (cf 0.016) rel = 1 (cf 0) restarts = 1 iters= 5
CONGRAD5: time = 4.299879e-03 (fn F) masses = 1 iters = 5 mflops = 1.590073e+03
 OK converged final_rsq= 0.01 (cf 0.016) rel = 1 (cf 0) restarts = 1 iters= 5
GFTIME:   time = 7.558203e-02 (Symanzik1) mflops = 2.332044e+03
FFTIME:  time = 1.534839e-01 (asqtad3) terms = 2 mflops = 3.257223e+03
CONGRAD5: time = 4.400969e-03 (fn F) masses = 1 iters = 5 mflops = 1.553549e+03
 OK converged final_rsq= 0.0099 (cf 0.016) rel = 1 (cf 0) restarts = 1 iters= 5
CONGRAD5: time = 4.221916e-03 (fn F) masses = 1 iters = 5 mflops = 1.619435e+03
 OK converged final_rsq= 0.0095 (cf 0.016) rel = 1 (cf 0) restarts = 1 iters= 5
GFTIME:   time = 7.084584e-02 (Symanzik1) mflops = 2.487946e+03
FFTIME:  time = 1.575539e-01 (asqtad3) terms = 2 mflops = 3.173080e+03
PLAQ:	1.791285	1.791269
P_LOOP:	-6.432488e-03	-5.703920e-03
G_LOOP:  0  0  4   	1.790148e+00	( 0 1 7 6  )
G_LOOP:  0  1  4   	1.791518e+00	( 0 2 7 5  )
G_LOOP:  0  2  4   	1.792043e+00	( 0 3 7 4  )
G_LOOP:  0  3  4   	1.792188e+00	( 1 2 6 5  )
G_LOOP:  0  4  4   	1.790762e+00	( 1 3 6 4  )
G_LOOP:  0  5  4   	1.791001e+00	( 2 3 5 4  )
G_LOOP:  1  0  6   	1.019748e+00	( 0 0 1 7 7 6  )
G_LOOP:  1  1  6   	1.025132e+00	( 0 0 2 7 7 5  )
G_LOOP:  1  2  6   	1.023343e+00	( 0 0 3 7 7 4  )
G_LOOP:  1  3  6   	1.020574e+00	( 1 1 0 6 6 7  )
G_LOOP:  1  4  6   	1.021528e+00	( 1 1 2 6 6 5  )
G_LOOP:  1  5  6   	1.025131e+00	( 1 1 3 6 6 4  )
G_LOOP:  1  6  6   	1.026650e+00	( 2 2 0 5 5 7  )
G_LOOP:  1  7  6   	1.018998e+00	( 2 2 1 5 5 6  )
G_LOOP:  1  8  6   	1.019490e+00	( 2 2 3 5 5 4  )
G_LOOP:  1  9  6   	1.025211e+00	( 3 3 0 4 4 7  )
G_LOOP:  1  10  6   	1.026625e+00	( 3 3 1 4 4 6  )
G_LOOP:  1  11  6   	1.022026e+00	( 3 3 2 4 4 5  )
G_LOOP:  2  0  6   	1.057034e+00	( 0 1 2 7 6 5  )
G_LOOP:  2  1  6   	1.059629e+00	( 0 1 5 7 6 2  )
G_LOOP:  2  2  6   	1.056571e+00	( 0 6 2 7 1 5  )
G_LOOP:  2  3  6   	1.053607e+00	( 0 6 5 7 1 2  )
G_LOOP:  2  4  6   	1.063099e+00	( 0 1 3 7 6 4  )
G_LOOP:  2  5  6   	1.054479e+00	( 0 1 4 7 6 3  )
G_LOOP:  2  6  6   	1.050944e+00	( 0 6 3 7 1 4  )
G_LOOP:  2  7  6   	1.056895e+00	( 0 6 4 7 1 3  )
G_LOOP:  2  8  6   	1.054540e+00	( 0 2 3 7 5 4  )
G_LOOP:  2  9  6   	1.059955e+00	( 0 2 4 7 5 3  )
G_LOOP:  2  10  6   	1.063218e+00	( 0 5 3 7 2 4  )
G_LOOP:  2  11  6   	1.057845e+00	( 0 5 4 7 2 3  )
G_LOOP:  2  12  6   	1.060030e+00	( 1 2 3 6 5 4  )
G_LOOP:  2  13  6   	1.055929e+00	( 1 2 4 6 5 3  )
G_LOOP:  2  14  6   	1.056636e+00	( 1 5 3 6 2 4  )
G_LOOP:  2  15  6   	1.057973e+00	( 1 5 4 6 2 3  )
GACTION: 5.090137e+00
CONGRAD5: time = 4.412889e-03 (fn F) masses = 1 iters = 5 mflops = 1.549352e+03
 OK converged final_rsq= 0.0085 (cf 0.016) rel = 1 (cf 0) restarts = 1 iters= 5
CONGRAD5: time = 4.761934e-03 (fn F) masses = 1 iters = 6 mflops = 1.722944e+03
 OK converged final_rsq= 0.015 (cf 0.016) rel = 1 (cf 0) restarts = 1 iters= 6
PBP: mass 1.250000e-01     1.097814e-01  3.050916e-01  6.159745e-04  1.073530e-03 ( 1 of 1 )
FACTION: mass = 1.250000e-01,  1.454408e+00 ( 1 of 1 )
CONGRAD5: time = 4.199982e-03 (fn F) masses = 1 iters = 5 mflops = 1.627893e+03
 OK converged final_rsq= 0.0085 (cf 0.016) rel = 1 (cf 0) restarts = 1 iters= 5
CONGRAD5: time = 4.746914e-03 (fn F) masses = 1 iters = 6 mflops = 1.728395e+03
 OK converged final_rsq= 0.015 (cf 0.016) rel = 1 (cf 0) restarts = 1 iters= 6
PBP: mass 1.250000e-01     1.050922e-01  3.076434e-01  3.700241e-03  3.379920e-03 ( 1 of 1 )
FACTION: mass = 1.250000e-01,  1.453909e+00 ( 1 of 1 )
CONGRAD5: time = 4.418850e-03 (fn F) masses = 1 iters = 5 mflops = 1.547262e+03
 OK converged final_rsq= 0.01 (cf 0.016) rel = 1 (cf 0) restarts = 1 iters= 5
CONGRAD5: time = 4.225016e-03 (fn F) masses = 1 iters = 5 mflops = 1.618247e+03
 OK converged final_rsq= 0.0097 (cf 0.016) rel = 1 (cf 0) restarts = 1 iters= 5
GFTIME:   time = 7.367802e-02 (Symanzik1) mflops = 2.392309e+03
FFTIME:  time = 1.661360e-01 (asqtad3) terms = 2 mflops = 3.009168e+03
CONGRAD5: time = 4.456997e-03 (fn F) masses = 1 iters = 5 mflops = 1.534019e+03
 OK converged final_rsq= 0.012 (cf 0.016) rel = 1 (cf 0) restarts = 1 iters= 5
CONGRAD5: time = 4.222870e-03 (fn F) masses = 1 iters = 5 mflops = 1.619070e+03
 OK converged final_rsq= 0.011 (cf 0.016) rel = 1 (cf 0) restarts = 1 iters= 5
GFTIME:   time = 7.263803e-02 (Symanzik1) mflops = 2.426561e+03
FFTIME:  time = 1.647701e-01 (asqtad3) terms = 2 mflops = 3.034113e+03
CONGRAD5: time = 4.438162e-03 (fn F) masses = 1 iters = 5 mflops = 1.540530e+03
 OK converged final_rsq= 0.012 (cf 0.016) rel = 1 (cf 0) restarts = 1 iters= 5
CONGRAD5: time = 4.224062e-03 (fn F) masses = 1 iters = 5 mflops = 1.618613e+03
 OK converged final_rsq= 0.012 (cf 0.016) rel = 1 (cf 0) restarts = 1 iters= 5
GFTIME:   time = 7.163501e-02 (Symanzik1) mflops = 2.460537e+03
FFTIME:  time = 1.550100e-01 (asqtad3) terms = 2 mflops = 3.225154e+03
CONGRAD5: time = 4.462957e-03 (fn F) masses = 1 iters = 5 mflops = 1.531971e+03
 OK converged final_rsq= 0.012 (cf 0.016) rel = 1 (cf 0) restarts = 1 iters= 5
CONGRAD5: time = 4.209042e-03 (fn F) masses = 1 iters = 5 mflops = 1.624389e+03
 OK converged final_rsq= 0.012 (cf 0.016) rel = 1 (cf 0) restarts = 1 iters= 5
GFTIME:   time = 7.070804e-02 (Symanzik1) mflops = 2.492795e+03
FFTIME:  time = 1.528170e-01 (asqtad3) terms = 2 mflops = 3.271436e+03
CONGRAD5: time = 4.558086e-03 (fn F) masses = 1 iters = 5 mflops = 1.499998e+03
 OK converged final_rsq= 0.012 (cf 0.016) rel = 1 (cf 0) restarts = 1 iters= 5
CONGRAD5: time = 4.188061e-03 (fn F) masses = 1 iters = 5 mflops = 1.632526e+03
 OK converged final_rsq= 0.011 (cf 0.016) rel = 1 (cf 0) restarts = 1 iters= 5
GFTIME:   time = 7.097793e-02 (Symanzik1) mflops = 2.483316e+03
FFTIME:  time = 1.532371e-01 (asqtad3) terms = 2 mflops = 3.262468e+03
PLAQ:	1.644329	1.645266
P_LOOP:	-6.709790e-03	2.457538e-02
G_LOOP:  0  0  4   	1.645259e+00	( 0 1 7 6  )
G_LOOP:  0  1  4   	1.644887e+00	( 0 2 7 5  )
G_LOOP:  0  2  4   	1.648300e+00	( 0 3 7 4  )
G_LOOP:  0  3  4   	1.642841e+00	( 1 2 6 5  )
G_LOOP:  0  4  4   	1.643302e+00	( 1 3 6 4  )
G_LOOP:  0  5  4   	1.644196e+00	( 2 3 5 4  )
G_LOOP:  1  0  6   	8.570332e-01	( 0 0 1 7 7 6  )
G_LOOP:  1  1  6   	8.564349e-01	( 0 0 2 7 7 5  )
G_LOOP:  1  2  6   	8.575904e-01	( 0 0 3 7 7 4  )
G_LOOP:  1  3  6   	8.546200e-01	( 1 1 0 6 6 7  )
G_LOOP:  1  4  6   	8.518105e-01	( 1 1 2 6 6 5  )
G_LOOP:  1  5  6   	8.528352e-01	( 1 1 3 6 6 4  )
G_LOOP:  1  6  6   	8.522190e-01	( 2 2 0 5 5 7  )
G_LOOP:  1  7  6   	8.538568e-01	( 2 2 1 5 5 6  )
G_LOOP:  1  8  6   	8.539536e-01	( 2 2 3 5 5 4  )
G_LOOP:  1  9  6   	8.538749e-01	( 3 3 0 4 4 7  )
G_LOOP:  1  10  6   	8.509052e-01	( 3 3 1 4 4 6  )
G_LOOP:  1  11  6   	8.542319e-01	( 3 3 2 4 4 5  )
G_LOOP:  2  0  6   	8.757616e-01	( 0 1 2 7 6 5  )
G_LOOP:  2  1  6   	8.783519e-01	( 0 1 5 7 6 2  )
G_LOOP:  2  2  6   	8.732871e-01	( 0 6 2 7 1 5  )
G_LOOP:  2  3  6   	8.757185e-01	( 0 6 5 7 1 2  )
G_LOOP:  2  4  6   	8.808826e-01	( 0 1 3 7 6 4  )
G_LOOP:  2  5  6   	8.805856e-01	( 0 1 4 7 6 3  )
G_LOOP:  2  6  6   	8.736942e-01	( 0 6 3 7 1 4  )
G_LOOP:  2  7  6   	8.766187e-01	( 0 6 4 7 1 3  )
G_LOOP:  2  8  6   	8.765765e-01	( 0 2 3 7 5 4  )
G_LOOP:  2  9  6   	8.804759e-01	( 0 2 4 7 5 3  )
G_LOOP:  2  10  6   	8.758448e-01	( 0 5 3 7 2 4  )
G_LOOP:  2  11  6   	8.745625e-01	( 0 5 4 7 2 3  )
G_LOOP:  2  12  6   	8.722904e-01	( 1 2 3 6 5 4  )
G_LOOP:  2  13  6   	8.801306e-01	( 1 2 4 6 5 3  )
G_LOOP:  2  14  6   	8.763059e-01	( 1 5 3 6 2 4  )
G_LOOP:  2  15  6   	8.742140e-01	( 1 5 4 6 2 3  )
GACTION: 5.781983e+00
CONGRAD5: time = 4.292965e-03 (fn F) masses = 1 iters = 5 mflops = 1.592634e+03
 OK converged final_rsq= 0.01 (cf 0.016) rel = 1 (cf 0) restarts = 1 iters= 5
CONGRAD5: time = 5.418062e-03 (fn F) masses = 1 iters = 7 mflops = 1.766677e+03
 OK converged final_rsq= 0.0082 (cf 0.016) rel = 1 (cf 0) restarts = 1 iters= 7
PBP: mass 1.250000e-01     1.244008e-01  3.278295e-01  1.524636e-03  4.785546e-05 ( 1 of 1 )
FACTION: mass = 1.250000e-01,  1.429116e+00 ( 1 of 1 )
CONGRAD5: time = 4.197121e-03 (fn F) masses = 1 iters = 5 mflops = 1.629002e+03
 OK converged final_rsq= 0.01 (cf 0.016) rel = 1 (cf 0) restarts = 1 iters= 5
CONGRAD5: time = 5.549908e-03 (fn F) masses = 1 iters = 7 mflops = 1.724708e+03
 OK converged final_rsq= 0.0083 (cf 0.016) rel = 1 (cf 0) restarts = 1 iters= 7
PBP: mass 1.250000e-01     1.240261e-01  3.300110e-01  -6.302996e-04  -4.874612e-04 ( 1 of 1 )
FACTION: mass = 1.250000e-01,  1.440693e+00 ( 1 of 1 )
RUNNING COMPLETED
average cg iters for step= 1.100000e+01
Time = 7.574804e+00 seconds
total_iters = 552
Checksums eb39cb37 375da3b2
Saved gauge configuration in parallel to binary file lat_p64_size64_1
Time stamp Sat Aug 13 00:40:00 2022
Wrote info file lat_p64_size64_1.info
Time to save = 1.908948e-01
CHECK PLAQ: 1.644329e+00 1.645266e+00
CHECK NERSC LINKTR: 1.712149e-01 CKSUM: b2397a8b


warms 0
trajecs 4
traj_between_meas 1
beta 5.6
mass1 0.01
mass2 0.01
u0 0.8441
microcanonical_time_step 0.02
steps_per_trajectory 15
max_cg_iterations 300
max_cg_restarts 5
error_per_site 1e-05
error_for_propagator 1e-05
npbp_reps 1
prec_pbp 1
reload_parallel lat_p64_size64_1
save_parallel lat_p64_size64_2
Restored binary gauge configuration in parallel from file lat_p64_size64_1
Time stamp Sat Aug 13 00:40:00 2022
Checksums eb39cb37 375da3b2 OK
Time to reload gauge configuration = 1.717889e-01
CHECK PLAQ: 1.644329e+00 1.645266e+00
CHECK NERSC LINKTR: 1.712149e-01 CKSUM: b2397a8b
Unitarity checked.  Max deviation 2.98e-07
Time to check unitarity = 8.201122e-03
"O(a^2): couplings(pi)=0, Naik term, No O(a^2) errors, tadpole weights"
path coefficients: npath  path_coeff  multiplicity
                    0      6.250000e-01     8
                    1      -5.847914e-02     8
                    2      -8.771871e-02     48
                    3      3.077829e-02     192
                    4      -7.199551e-03     384
                    5      -1.231132e-01     48
Symanzik 1x1 + 1x2 + 1x1x1 action
gauge_action: total_dyn_flavors = 3
loop coefficients: nloop rep loop_coeff  multiplicity
                    0 0      1.000000e+00     6
                    1 0      -7.762509e-02     12
                    2 0      -1.031171e-02     16
WARMUPS COMPLETED
CONGRAD5: time = 3.797030e-01 (fn F) masses = 1 iters = 602 mflops = 2.167982e+03
 OK converged final_rsq= 8.7e-11 (cf 1e-10) rel = 1 (cf 0) restarts = 3 iters= 602
CONGRAD5: time = 3.826120e-01 (fn F) masses = 1 iters = 602 mflops = 2.151499e+03
 OK converged final_rsq= 5.9e-11 (cf 1e-10) rel = 1 (cf 0) restarts = 3 iters= 602
GFTIME:   time = 7.678699e-02 (Symanzik1) mflops = 2.295449e+03
FFTIME:  time = 1.759501e-01 (asqtad3) terms = 2 mflops = 2.841324e+03
CONGRAD5: time = 4.633191e-01 (fn F) masses = 1 iters = 697 mflops = 2.057102e+03
 OK converged final_rsq= 1e-10 (cf 1e-10) rel = 1 (cf 0) restarts = 3 iters= 697
CONGRAD5: time = 4.035089e-01 (fn F) masses = 1 iters = 602 mflops = 2.040077e+03
 OK converged final_rsq= 8.1e-11 (cf 1e-10) rel = 1 (cf 0) restarts = 3 iters= 602
GFTIME:   time = 7.118797e-02 (Symanzik1) mflops = 2.475989e+03
FFTIME:  time = 1.541781e-01 (asqtad3) terms = 2 mflops = 3.242555e+03
CONGRAD5: time = 4.255080e-01 (fn F) masses = 1 iters = 696 mflops = 2.236684e+03
 OK converged final_rsq= 9.8e-11 (cf 1e-10) rel = 1 (cf 0) restarts = 3 iters= 696
CONGRAD5: time = 3.698220e-01 (fn F) masses = 1 iters = 602 mflops = 2.225906e+03
 OK converged final_rsq= 4.9e-11 (cf 1e-10) rel = 1 (cf 0) restarts = 3 iters= 602
GFTIME:   time = 1.098630e-01 (Symanzik1) mflops = 1.604367e+03
FFTIME:  time = 1.638639e-01 (asqtad3) terms = 2 mflops = 3.050893e+03
CONGRAD5: time = 4.512801e-01 (fn F) masses = 1 iters = 736 mflops = 2.230154e+03
 OK converged final_rsq= 5e-11 (cf 1e-10) rel = 1 (cf 0) restarts = 4 iters= 736
CONGRAD5: time = 3.665190e-01 (fn F) masses = 1 iters = 602 mflops = 2.245966e+03
 OK converged final_rsq= 6.1e-11 (cf 1e-10) rel = 1 (cf 0) restarts = 3 iters= 602
GFTIME:   time = 7.329202e-02 (Symanzik1) mflops = 2.404909e+03
FFTIME:  time = 1.590450e-01 (asqtad3) terms = 2 mflops = 3.143332e+03
CONGRAD5: time = 4.319918e-01 (fn F) masses = 1 iters = 712 mflops = 2.253760e+03
 OK converged final_rsq= 9.9e-11 (cf 1e-10) rel = 1 (cf 0) restarts = 3 iters= 712
CONGRAD5: time = 3.651738e-01 (fn F) masses = 1 iters = 602 mflops = 2.254240e+03
 OK converged final_rsq= 4.4e-11 (cf 1e-10) rel = 1 (cf 0) restarts = 3 iters= 602
GFTIME:   time = 7.082200e-02 (Symanzik1) mflops = 2.488783e+03
FFTIME:  time = 1.528270e-01 (asqtad3) terms = 2 mflops = 3.271222e+03
CONGRAD5: time = 4.385581e-01 (fn F) masses = 1 iters = 723 mflops = 2.254314e+03
 OK converged final_rsq= 9.9e-11 (cf 1e-10) rel = 1 (cf 0) restarts = 3 iters= 723
CONGRAD5: time = 4.207220e-01 (fn F) masses = 1 iters = 694 mflops = 2.255628e+03
 OK converged final_rsq= 9.9e-11 (cf 1e-10) rel = 1 (cf 0) restarts = 3 iters= 694
GFTIME:   time = 7.092619e-02 (Symanzik1) mflops = 2.485127e+03
FFTIME:  time = 1.533780e-01 (asqtad3) terms = 2 mflops = 3.259471e+03
CONGRAD5: time = 4.257350e-01 (fn F) masses = 1 iters = 702 mflops = 2.254763e+03
 OK converged final_rsq= 9.9e-11 (cf 1e-10) rel = 1 (cf 0) restarts = 3 iters= 702
CONGRAD5: time = 4.190359e-01 (fn F) masses = 1 iters = 691 mflops = 2.254914e+03
 OK converged final_rsq= 9.9e-11 (cf 1e-10) rel = 1 (cf 0) restarts = 3 iters= 691
GFTIME:   time = 7.075906e-02 (Symanzik1) mflops = 2.490997e+03
FFTIME:  time = 1.529598e-01 (asqtad3) terms = 2 mflops = 3.268382e+03
CONGRAD5: time = 4.683650e-01 (fn F) masses = 1 iters = 747 mflops = 2.180918e+03
 OK converged final_rsq= 5e-11 (cf 1e-10) rel = 1 (cf 0) restarts = 4 iters= 747
CONGRAD5: time = 4.657550e-01 (fn F) masses = 1 iters = 698 mflops = 2.049279e+03
 OK converged final_rsq= 9.9e-11 (cf 1e-10) rel = 1 (cf 0) restarts = 3 iters= 698
GFTIME:   time = 7.854295e-02 (Symanzik1) mflops = 2.244130e+03
FFTIME:  time = 1.639550e-01 (asqtad3) terms = 2 mflops = 3.049198e+03
CONGRAD5: time = 4.144540e-01 (fn F) masses = 1 iters = 602 mflops = 1.986202e+03
 OK converged final_rsq= 6.1e-11 (cf 1e-10) rel = 1 (cf 0) restarts = 3 iters= 602
CONGRAD5: time = 4.044831e-01 (fn F) masses = 1 iters = 602 mflops = 2.035164e+03
 OK converged final_rsq= 8.1e-11 (cf 1e-10) rel = 1 (cf 0) restarts = 3 iters= 602
GFTIME:   time = 7.256389e-02 (Symanzik1) mflops = 2.429040e+03
FFTIME:  time = 1.541550e-01 (asqtad3) terms = 2 mflops = 3.243042e+03
CONGRAD5: time = 4.494200e-01 (fn F) masses = 1 iters = 733 mflops = 2.230256e+03
 OK converged final_rsq= 1e-10 (cf 1e-10) rel = 1 (cf 0) restarts = 3 iters= 733
CONGRAD5: time = 4.875312e-01 (fn F) masses = 1 iters = 687 mflops = 1.926893e+03
 OK converged final_rsq= 5e-11 (cf 1e-10) rel = 1 (cf 0) restarts = 4 iters= 687
GFTIME:   time = 7.750916e-02 (Symanzik1) mflops = 2.274062e+03
FFTIME:  time = 1.672881e-01 (asqtad3) terms = 2 mflops = 2.988445e+03
CONGRAD5: time = 4.677880e-01 (fn F) masses = 1 iters = 702 mflops = 2.052066e+03
 OK converged final_rsq= 1e-10 (cf 1e-10) rel = 1 (cf 0) restarts = 3 iters= 702
CONGRAD5: time = 4.864402e-01 (fn F) masses = 1 iters = 714 mflops = 2.007114e+03
 OK converged final_rsq= 9.9e-11 (cf 1e-10) rel = 1 (cf 0) restarts = 3 iters= 714
GFTIME:   time = 7.793999e-02 (Symanzik1) mflops = 2.261491e+03
FFTIME:  time = 1.689560e-01 (asqtad3) terms = 2 mflops = 2.958942e+03
CONGRAD5: time = 4.715140e-01 (fn F) masses = 1 iters = 736 mflops = 2.134452e+03
 OK converged final_rsq= 5e-11 (cf 1e-10) rel = 1 (cf 0) restarts = 4 iters= 736
CONGRAD5: time = 4.241588e-01 (fn F) masses = 1 iters = 691 mflops = 2.227680e+03
 OK converged final_rsq= 1e-10 (cf 1e-10) rel = 1 (cf 0) restarts = 3 iters= 691
GFTIME:   time = 7.074785e-02 (Symanzik1) mflops = 2.491392e+03
FFTIME:  time = 1.987669e-01 (asqtad3) terms = 2 mflops = 2.515162e+03
CONGRAD5: time = 3.676260e-01 (fn F) masses = 1 iters = 602 mflops = 2.239203e+03
 OK converged final_rsq= 5.9e-11 (cf 1e-10) rel = 1 (cf 0) restarts = 3 iters= 602
CONGRAD5: time = 4.277201e-01 (fn F) masses = 1 iters = 704 mflops = 2.250693e+03
 OK converged final_rsq= 9.9e-11 (cf 1e-10) rel = 1 (cf 0) restarts = 3 iters= 704
GFTIME:   time = 7.444906e-02 (Symanzik1) mflops = 2.367533e+03
FFTIME:  time = 1.652770e-01 (asqtad3) terms = 2 mflops = 3.024808e+03
CONGRAD5: time = 4.386652e-01 (fn F) masses = 1 iters = 722 mflops = 2.250646e+03
 OK converged final_rsq= 1e-10 (cf 1e-10) rel = 1 (cf 0) restarts = 3 iters= 722
CONGRAD5: time = 4.330180e-01 (fn F) masses = 1 iters = 714 mflops = 2.254735e+03
 OK converged final_rsq= 9.9e-11 (cf 1e-10) rel = 1 (cf 0) restarts = 3 iters= 714
GFTIME:   time = 7.068896e-02 (Symanzik1) mflops = 2.493467e+03
FFTIME:  time = 1.534379e-01 (asqtad3) terms = 2 mflops = 3.258200e+03
CONGRAD5: time = 4.459090e-01 (fn F) masses = 1 iters = 734 mflops = 2.250883e+03
 OK converged final_rsq= 5e-11 (cf 1e-10) rel = 1 (cf 0) restarts = 4 iters= 734
CONGRAD5: time = 4.427760e-01 (fn F) masses = 1 iters = 730 mflops = 2.254457e+03
 OK converged final_rsq= 5e-11 (cf 1e-10) rel = 1 (cf 0) restarts = 4 iters= 730
GFTIME:   time = 7.083893e-02 (Symanzik1) mflops = 2.488189e+03
FFTIME:  time = 1.527619e-01 (asqtad3) terms = 2 mflops = 3.272616e+03
PLAQ:	1.539774	1.537947
P_LOOP:	2.137524e-02	-1.868550e-03
G_LOOP:  0  0  4   	1.540746e+00	( 0 1 7 6  )
G_LOOP:  0  1  4   	1.540140e+00	( 0 2 7 5  )
G_LOOP:  0  2  4   	1.541719e+00	( 0 3 7 4  )
G_LOOP:  0  3  4   	1.538434e+00	( 1 2 6 5  )
G_LOOP:  0  4  4   	1.537550e+00	( 1 3 6 4  )
G_LOOP:  0  5  4   	1.534573e+00	( 2 3 5 4  )
G_LOOP:  1  0  6   	7.790819e-01	( 0 0 1 7 7 6  )
G_LOOP:  1  1  6   	7.799391e-01	( 0 0 2 7 7 5  )
G_LOOP:  1  2  6   	7.791043e-01	( 0 0 3 7 7 4  )
G_LOOP:  1  3  6   	7.764447e-01	( 1 1 0 6 6 7  )
G_LOOP:  1  4  6   	7.782270e-01	( 1 1 2 6 6 5  )
G_LOOP:  1  5  6   	7.747586e-01	( 1 1 3 6 6 4  )
G_LOOP:  1  6  6   	7.836418e-01	( 2 2 0 5 5 7  )
G_LOOP:  1  7  6   	7.799032e-01	( 2 2 1 5 5 6  )
G_LOOP:  1  8  6   	7.734723e-01	( 2 2 3 5 5 4  )
G_LOOP:  1  9  6   	7.777085e-01	( 3 3 0 4 4 7  )
G_LOOP:  1  10  6   	7.756252e-01	( 3 3 1 4 4 6  )
G_LOOP:  1  11  6   	7.764703e-01	( 3 3 2 4 4 5  )
G_LOOP:  2  0  6   	7.994985e-01	( 0 1 2 7 6 5  )
G_LOOP:  2  1  6   	7.979915e-01	( 0 1 5 7 6 2  )
G_LOOP:  2  2  6   	7.953705e-01	( 0 6 2 7 1 5  )
G_LOOP:  2  3  6   	8.003053e-01	( 0 6 5 7 1 2  )
G_LOOP:  2  4  6   	8.009586e-01	( 0 1 3 7 6 4  )
G_LOOP:  2  5  6   	7.984360e-01	( 0 1 4 7 6 3  )
G_LOOP:  2  6  6   	7.979490e-01	( 0 6 3 7 1 4  )
G_LOOP:  2  7  6   	7.995333e-01	( 0 6 4 7 1 3  )
G_LOOP:  2  8  6   	7.957329e-01	( 0 2 3 7 5 4  )
G_LOOP:  2  9  6   	7.977878e-01	( 0 2 4 7 5 3  )
G_LOOP:  2  10  6   	7.963617e-01	( 0 5 3 7 2 4  )
G_LOOP:  2  11  6   	7.972991e-01	( 0 5 4 7 2 3  )
G_LOOP:  2  12  6   	7.945366e-01	( 1 2 3 6 5 4  )
G_LOOP:  2  13  6   	8.011747e-01	( 1 2 4 6 5 3  )
G_LOOP:  2  14  6   	7.986753e-01	( 1 5 3 6 2 4  )
G_LOOP:  2  15  6   	7.990682e-01	( 1 5 4 6 2 3  )
GACTION: 6.333642e+00
CONGRAD5: time = 4.473751e-01 (fn F) masses = 1 iters = 710 mflops = 2.170150e+03
 OK converged final_rsq= 9.9e-11 (cf 1e-10) rel = 1 (cf 0) restarts = 3 iters= 710
CONGRAD5: time = 4.938412e-02 (fn F) masses = 1 iters = 79 mflops = 2.187474e+03
 OK converged final_rsq= 9.7e-11 (cf 1e-10) rel = 1 (cf 0) restarts = 1 iters= 79
PBP: mass 1.000000e-02     5.439549e-02  3.149370e-02  7.460282e-03  7.456457e-03 ( 1 of 1 )
FACTION: mass = 1.000000e-02,  1.500299e+00 ( 1 of 1 )
CONGRAD5: time = 4.876840e-01 (fn F) masses = 1 iters = 701 mflops = 1.965544e+03
 OK converged final_rsq= 5e-11 (cf 1e-10) rel = 1 (cf 0) restarts = 4 iters= 701
CONGRAD5: time = 4.749203e-02 (fn F) masses = 1 iters = 73 mflops = 2.101868e+03
 OK converged final_rsq= 9.9e-11 (cf 1e-10) rel = 1 (cf 0) restarts = 1 iters= 73
PBP: mass 1.000000e-02     5.045901e-02  4.403169e-02  -3.122000e-03  -3.124954e-03 ( 1 of 1 )
FACTION: mass = 1.000000e-02,  1.498603e+00 ( 1 of 1 )
CONGRAD5: time = 4.762990e-01 (fn F) masses = 1 iters = 724 mflops = 2.078558e+03
 OK converged final_rsq= 9.8e-11 (cf 1e-10) rel = 1 (cf 0) restarts = 3 iters= 724
CONGRAD5: time = 4.432001e-01 (fn F) masses = 1 iters = 685 mflops = 2.113459e+03
 OK converged final_rsq= 9.8e-11 (cf 1e-10) rel = 1 (cf 0) restarts = 3 iters= 685
GFTIME:   time = 7.088399e-02 (Symanzik1) mflops = 2.486607e+03
FFTIME:  time = 1.538801e-01 (asqtad3) terms = 2 mflops = 3.248835e+03
CONGRAD5: time = 4.563150e-01 (fn F) masses = 1 iters = 746 mflops = 2.235513e+03
 OK converged final_rsq= 5e-11 (cf 1e-10) rel = 1 (cf 0) restarts = 4 iters= 746
CONGRAD5: time = 4.657171e-01 (fn F) masses = 1 iters = 602 mflops = 1.767574e+03
 OK converged final_rsq= 7.6e-11 (cf 1e-10) rel = 1 (cf 0) restarts = 3 iters= 602
GFTIME:   time = 7.730198e-02 (Symanzik1) mflops = 2.280156e+03
FFTIME:  time = 1.700490e-01 (asqtad3) terms = 2 mflops = 2.939925e+03
CONGRAD5: time = 4.598501e-01 (fn F) masses = 1 iters = 729 mflops = 2.167776e+03
 OK converged final_rsq= 5e-11 (cf 1e-10) rel = 1 (cf 0) restarts = 4 iters= 729
CONGRAD5: time = 4.561219e-01 (fn F) masses = 1 iters = 711 mflops = 2.131532e+03
 OK converged final_rsq= 5e-11 (cf 1e-10) rel = 1 (cf 0) restarts = 4 iters= 711
GFTIME:   time = 7.843614e-02 (Symanzik1) mflops = 2.247186e+03
FFTIME:  time = 1.654902e-01 (asqtad3) terms = 2 mflops = 3.020912e+03
CONGRAD5: time = 4.767110e-01 (fn F) masses = 1 iters = 699 mflops = 2.005050e+03
 OK converged final_rsq= 5e-11 (cf 1e-10) rel = 1 (cf 0) restarts = 4 iters= 699
CONGRAD5: time = 4.874270e-01 (fn F) masses = 1 iters = 719 mflops = 2.017077e+03
 OK converged final_rsq= 1e-10 (cf 1e-10) rel = 1 (cf 0) restarts = 3 iters= 719
GFTIME:   time = 7.503295e-02 (Symanzik1) mflops = 2.349109e+03
FFTIME:  time = 1.577761e-01 (asqtad3) terms = 2 mflops = 3.168611e+03
CONGRAD5: time = 4.480140e-01 (fn F) masses = 1 iters = 731 mflops = 2.231151e+03
 OK converged final_rsq= 1e-10 (cf 1e-10) rel = 1 (cf 0) restarts = 3 iters= 731
CONGRAD5: time = 4.696310e-01 (fn F) masses = 1 iters = 683 mflops = 1.988690e+03
 OK converged final_rsq= 5e-11 (cf 1e-10) rel = 1 (cf 0) restarts = 4 iters= 683
GFTIME:   time = 7.845592e-02 (Symanzik1) mflops = 2.246619e+03
FFTIME:  time = 1.533189e-01 (asqtad3) terms = 2 mflops = 3.260728e+03
CONGRAD5: time = 5.039709e-01 (fn F) masses = 1 iters = 771 mflops = 2.091954e+03
 OK converged final_rsq= 5e-11 (cf 1e-10) rel = 1 (cf 0) restarts = 4 iters= 771
CONGRAD5: time = 4.738638e-01 (fn F) masses = 1 iters = 712 mflops = 2.054611e+03
 OK converged final_rsq= 1e-10 (cf 1e-10) rel = 1 (cf 0) restarts = 3 iters= 712
GFTIME:   time = 7.913804e-02 (Symanzik1) mflops = 2.227255e+03
FFTIME:  time = 1.699228e-01 (asqtad3) terms = 2 mflops = 2.942107e+03
CONGRAD5: time = 4.642210e-01 (fn F) masses = 1 iters = 714 mflops = 2.103181e+03
 OK converged final_rsq= 5e-11 (cf 1e-10) rel = 1 (cf 0) restarts = 4 iters= 714
CONGRAD5: time = 3.668189e-01 (fn F) masses = 1 iters = 602 mflops = 2.244130e+03
 OK converged final_rsq= 7.4e-11 (cf 1e-10) rel = 1 (cf 0) restarts = 3 iters= 602
GFTIME:   time = 7.157493e-02 (Symanzik1) mflops = 2.462603e+03
FFTIME:  time = 1.559281e-01 (asqtad3) terms = 2 mflops = 3.206164e+03
CONGRAD5: time = 4.925520e-01 (fn F) masses = 1 iters = 735 mflops = 2.040509e+03
 OK converged final_rsq= 9.8e-11 (cf 1e-10) rel = 1 (cf 0) restarts = 3 iters= 735
CONGRAD5: time = 4.298761e-01 (fn F) masses = 1 iters = 706 mflops = 2.245767e+03
 OK converged final_rsq= 5e-11 (cf 1e-10) rel = 1 (cf 0) restarts = 4 iters= 706
GFTIME:   time = 7.827497e-02 (Symanzik1) mflops = 2.251813e+03
FFTIME:  time = 1.726921e-01 (asqtad3) terms = 2 mflops = 2.894928e+03
CONGRAD5: time = 4.420481e-01 (fn F) masses = 1 iters = 721 mflops = 2.230329e+03
 OK converged final_rsq= 5e-11 (cf 1e-10) rel = 1 (cf 0) restarts = 4 iters= 721
CONGRAD5: time = 4.556239e-01 (fn F) masses = 1 iters = 747 mflops = 2.241906e+03
 OK converged final_rsq= 5e-11 (cf 1e-10) rel = 1 (cf 0) restarts = 4 iters= 747
GFTIME:   time = 7.083797e-02 (Symanzik1) mflops = 2.488222e+03
FFTIME:  time = 1.548350e-01 (asqtad3) terms = 2 mflops = 3.228800e+03
CONGRAD5: time = 4.517810e-01 (fn F) masses = 1 iters = 739 mflops = 2.236761e+03
 OK converged final_rsq= 5e-11 (cf 1e-10) rel = 1 (cf 0) restarts = 4 iters= 739
CONGRAD5: time = 4.198010e-01 (fn F) masses = 1 iters = 688 mflops = 2.241033e+03
 OK converged final_rsq= 9.9e-11 (cf 1e-10) rel = 1 (cf 0) restarts = 3 iters= 688
GFTIME:   time = 7.184005e-02 (Symanzik1) mflops = 2.453515e+03
FFTIME:  time = 1.561079e-01 (asqtad3) terms = 2 mflops = 3.202472e+03
CONGRAD5: time = 4.990530e-01 (fn F) masses = 1 iters = 745 mflops = 2.041328e+03
 OK converged final_rsq= 5e-11 (cf 1e-10) rel = 1 (cf 0) restarts = 4 iters= 745
CONGRAD5: time = 4.491160e-01 (fn F) masses = 1 iters = 716 mflops = 2.180006e+03
 OK converged final_rsq= 1e-10 (cf 1e-10) rel = 1 (cf 0) restarts = 3 iters= 716
GFTIME:   time = 8.443499e-02 (Symanzik1) mflops = 2.087530e+03
FFTIME:  time = 1.715670e-01 (asqtad3) terms = 2 mflops = 2.913913e+03
CONGRAD5: time = 4.707611e-01 (fn F) masses = 1 iters = 772 mflops = 2.242436e+03
 OK converged final_rsq= 5e-11 (cf 1e-10) rel = 1 (cf 0) restarts = 4 iters= 772
CONGRAD5: time = 4.465539e-01 (fn F) masses = 1 iters = 733 mflops = 2.244570e+03
 OK converged final_rsq= 5e-11 (cf 1e-10) rel = 1 (cf 0) restarts = 4 iters= 733
GFTIME:   time = 7.108402e-02 (Symanzik1) mflops = 2.479609e+03
FFTIME:  time = 1.547241e-01 (asqtad3) terms = 2 mflops = 3.231113e+03
CONGRAD5: time = 4.424880e-01 (fn F) masses = 1 iters = 721 mflops = 2.228112e+03
 OK converged final_rsq= 5e-11 (cf 1e-10) rel = 1 (cf 0) restarts = 4 iters= 721
CONGRAD5: time = 4.870851e-01 (fn F) masses = 1 iters = 724 mflops = 2.032530e+03
 OK converged final_rsq= 5e-11 (cf 1e-10) rel = 1 (cf 0) restarts = 4 iters= 724
GFTIME:   time = 7.753205e-02 (Symanzik1) mflops = 2.273390e+03
FFTIME:  time = 1.730270e-01 (asqtad3) terms = 2 mflops = 2.889324e+03
CONGRAD5: time = 4.787312e-01 (fn F) masses = 1 iters = 759 mflops = 2.167970e+03
 OK converged final_rsq= 5e-11 (cf 1e-10) rel = 1 (cf 0) restarts = 4 iters= 759
CONGRAD5: time = 4.453809e-01 (fn F) masses = 1 iters = 727 mflops = 2.232061e+03
 OK converged final_rsq= 1e-10 (cf 1e-10) rel = 1 (cf 0) restarts = 3 iters= 727
GFTIME:   time = 7.073998e-02 (Symanzik1) mflops = 2.491669e+03
FFTIME:  time = 1.544621e-01 (asqtad3) terms = 2 mflops = 3.236594e+03
CONGRAD5: time = 4.601400e-01 (fn F) masses = 1 iters = 754 mflops = 2.240704e+03
 OK converged final_rsq= 4.9e-11 (cf 1e-10) rel = 1 (cf 0) restarts = 4 iters= 754
CONGRAD5: time = 3.670702e-01 (fn F) masses = 1 iters = 602 mflops = 2.242594e+03
 OK converged final_rsq= 9.2e-11 (cf 1e-10) rel = 1 (cf 0) restarts = 3 iters= 602
GFTIME:   time = 7.150221e-02 (Symanzik1) mflops = 2.465107e+03
FFTIME:  time = 1.576591e-01 (asqtad3) terms = 2 mflops = 3.170964e+03
PLAQ:	1.497626	1.498130
P_LOOP:	1.991909e-02	-1.379641e-02
G_LOOP:  0  0  4   	1.497047e+00	( 0 1 7 6  )
G_LOOP:  0  1  4   	1.498616e+00	( 0 2 7 5  )
G_LOOP:  0  2  4   	1.498145e+00	( 0 3 7 4  )
G_LOOP:  0  3  4   	1.497214e+00	( 1 2 6 5  )
G_LOOP:  0  4  4   	1.496954e+00	( 1 3 6 4  )
G_LOOP:  0  5  4   	1.499291e+00	( 2 3 5 4  )
G_LOOP:  1  0  6   	7.398073e-01	( 0 0 1 7 7 6  )
G_LOOP:  1  1  6   	7.422374e-01	( 0 0 2 7 7 5  )
G_LOOP:  1  2  6   	7.394495e-01	( 0 0 3 7 7 4  )
G_LOOP:  1  3  6   	7.382840e-01	( 1 1 0 6 6 7  )
G_LOOP:  1  4  6   	7.365532e-01	( 1 1 2 6 6 5  )
G_LOOP:  1  5  6   	7.371902e-01	( 1 1 3 6 6 4  )
G_LOOP:  1  6  6   	7.456752e-01	( 2 2 0 5 5 7  )
G_LOOP:  1  7  6   	7.428936e-01	( 2 2 1 5 5 6  )
G_LOOP:  1  8  6   	7.390187e-01	( 2 2 3 5 5 4  )
G_LOOP:  1  9  6   	7.398111e-01	( 3 3 0 4 4 7  )
G_LOOP:  1  10  6   	7.389642e-01	( 3 3 1 4 4 6  )
G_LOOP:  1  11  6   	7.400356e-01	( 3 3 2 4 4 5  )
G_LOOP:  2  0  6   	7.607733e-01	( 0 1 2 7 6 5  )
G_LOOP:  2  1  6   	7.581736e-01	( 0 1 5 7 6 2  )
G_LOOP:  2  2  6   	7.537819e-01	( 0 6 2 7 1 5  )
G_LOOP:  2  3  6   	7.623529e-01	( 0 6 5 7 1 2  )
G_LOOP:  2  4  6   	7.597389e-01	( 0 1 3 7 6 4  )
G_LOOP:  2  5  6   	7.537096e-01	( 0 1 4 7 6 3  )
G_LOOP:  2  6  6   	7.572606e-01	( 0 6 3 7 1 4  )
G_LOOP:  2  7  6   	7.594713e-01	( 0 6 4 7 1 3  )
G_LOOP:  2  8  6   	7.558015e-01	( 0 2 3 7 5 4  )
G_LOOP:  2  9  6   	7.618569e-01	( 0 2 4 7 5 3  )
G_LOOP:  2  10  6   	7.589309e-01	( 0 5 3 7 2 4  )
G_LOOP:  2  11  6   	7.602545e-01	( 0 5 4 7 2 3  )
G_LOOP:  2  12  6   	7.595571e-01	( 1 2 3 6 5 4  )
G_LOOP:  2  13  6   	7.632494e-01	( 1 2 4 6 5 3  )
G_LOOP:  2  14  6   	7.579410e-01	( 1 5 3 6 2 4  )
G_LOOP:  2  15  6   	7.601606e-01	( 1 5 4 6 2 3  )
GACTION: 6.537787e+00
CONGRAD5: time = 4.111040e-01 (fn F) masses = 1 iters = 602 mflops = 2.002387e+03
 OK converged final_rsq= 1e-10 (cf 1e-10) rel = 1 (cf 0) restarts = 3 iters= 602
CONGRAD5: time = 8.290386e-02 (fn F) masses = 1 iters = 133 mflops = 2.193714e+03
 OK converged final_rsq= 5e-11 (cf 1e-10) rel = 1 (cf 0) restarts = 2 iters= 133
PBP: mass 1.000000e-02     4.180596e-02  5.650046e-02  6.282065e-03  6.257703e-03 ( 1 of 1 )
FACTION: mass = 1.000000e-02,  1.499623e+00 ( 1 of 1 )
CONGRAD5: time = 4.342790e-01 (fn F) masses = 1 iters = 709 mflops = 2.232444e+03
 OK converged final_rsq= 5e-11 (cf 1e-10) rel = 1 (cf 0) restarts = 4 iters= 709
CONGRAD5: time = 4.635787e-02 (fn F) masses = 1 iters = 75 mflops = 2.212285e+03
 OK converged final_rsq= 1e-10 (cf 1e-10) rel = 1 (cf 0) restarts = 1 iters= 75
PBP: mass 1.000000e-02     4.935784e-02  4.621076e-02  -8.936203e-03  -8.936002e-03 ( 1 of 1 )
FACTION: mass = 1.000000e-02,  1.495237e+00 ( 1 of 1 )
CONGRAD5: time = 4.736681e-01 (fn F) masses = 1 iters = 758 mflops = 2.188257e+03
 OK converged final_rsq= 5e-11 (cf 1e-10) rel = 1 (cf 0) restarts = 4 iters= 758
CONGRAD5: time = 4.471951e-01 (fn F) masses = 1 iters = 735 mflops = 2.247468e+03
 OK converged final_rsq= 1e-10 (cf 1e-10) rel = 1 (cf 0) restarts = 3 iters= 735
GFTIME:   time = 7.512808e-02 (Symanzik1) mflops = 2.346135e+03
FFTIME:  time = 1.668131e-01 (asqtad3) terms = 2 mflops = 2.996953e+03
CONGRAD5: time = 4.653630e-01 (fn F) masses = 1 iters = 759 mflops = 2.230248e+03
 OK converged final_rsq= 9.9e-11 (cf 1e-10) rel = 1 (cf 0) restarts = 3 iters= 759
CONGRAD5: time = 4.231641e-01 (fn F) masses = 1 iters = 693 mflops = 2.239379e+03
 OK converged final_rsq= 9.9e-11 (cf 1e-10) rel = 1 (cf 0) restarts = 3 iters= 693
GFTIME:   time = 7.097387e-02 (Symanzik1) mflops = 2.483458e+03
FFTIME:  time = 1.885569e-01 (asqtad3) terms = 2 mflops = 2.651354e+03
CONGRAD5: time = 4.768689e-01 (fn F) masses = 1 iters = 777 mflops = 2.228052e+03
 OK converged final_rsq= 1e-10 (cf 1e-10) rel = 1 (cf 0) restarts = 3 iters= 777
CONGRAD5: time = 4.498370e-01 (fn F) masses = 1 iters = 715 mflops = 2.173472e+03
 OK converged final_rsq= 1e-10 (cf 1e-10) rel = 1 (cf 0) restarts = 3 iters= 715
GFTIME:   time = 7.576203e-02 (Symanzik1) mflops = 2.326503e+03
FFTIME:  time = 1.660221e-01 (asqtad3) terms = 2 mflops = 3.011233e+03
CONGRAD5: time = 4.597640e-01 (fn F) masses = 1 iters = 755 mflops = 2.245511e+03
 OK converged final_rsq= 4.9e-11 (cf 1e-10) rel = 1 (cf 0) restarts = 4 iters= 755
CONGRAD5: time = 4.310169e-01 (fn F) masses = 1 iters = 709 mflops = 2.249340e+03
 OK converged final_rsq= 9.9e-11 (cf 1e-10) rel = 1 (cf 0) restarts = 3 iters= 709
GFTIME:   time = 7.104421e-02 (Symanzik1) mflops = 2.480999e+03
FFTIME:  time = 1.534460e-01 (asqtad3) terms = 2 mflops = 3.258027e+03
CONGRAD5: time = 5.190651e-01 (fn F) masses = 1 iters = 769 mflops = 2.025852e+03
 OK converged final_rsq= 5e-11 (cf 1e-10) rel = 1 (cf 0) restarts = 4 iters= 769
CONGRAD5: time = 4.570751e-01 (fn F) masses = 1 iters = 737 mflops = 2.204871e+03
 OK converged final_rsq= 1e-10 (cf 1e-10) rel = 1 (cf 0) restarts = 3 iters= 737
GFTIME:   time = 7.944608e-02 (Symanzik1) mflops = 2.218619e+03
FFTIME:  time = 1.686690e-01 (asqtad3) terms = 2 mflops = 2.963978e+03
CONGRAD5: time = 4.736950e-01 (fn F) masses = 1 iters = 749 mflops = 2.162152e+03
 OK converged final_rsq= 1e-10 (cf 1e-10) rel = 1 (cf 0) restarts = 3 iters= 749
CONGRAD5: time = 4.591560e-01 (fn F) masses = 1 iters = 752 mflops = 2.239550e+03
 OK converged final_rsq= 5e-11 (cf 1e-10) rel = 1 (cf 0) restarts = 4 iters= 752
GFTIME:   time = 7.066298e-02 (Symanzik1) mflops = 2.494384e+03
FFTIME:  time = 1.536920e-01 (asqtad3) terms = 2 mflops = 3.252812e+03
CONGRAD5: time = 4.635811e-01 (fn F) masses = 1 iters = 761 mflops = 2.244720e+03
 OK converged final_rsq= 5e-11 (cf 1e-10) rel = 1 (cf 0) restarts = 4 iters= 761
CONGRAD5: time = 4.463010e-01 (fn F) masses = 1 iters = 731 mflops = 2.239715e+03
 OK converged final_rsq= 1e-10 (cf 1e-10) rel = 1 (cf 0) restarts = 3 iters= 731
GFTIME:   time = 7.162285e-02 (Symanzik1) mflops = 2.460955e+03
FFTIME:  time = 1.542158e-01 (asqtad3) terms = 2 mflops = 3.241763e+03
CONGRAD5: time = 5.230780e-01 (fn F) masses = 1 iters = 750 mflops = 1.960641e+03
 OK converged final_rsq= 4.9e-11 (cf 1e-10) rel = 1 (cf 0) restarts = 4 iters= 750
CONGRAD5: time = 4.656270e-01 (fn F) masses = 1 iters = 735 mflops = 2.158502e+03
 OK converged final_rsq= 5e-11 (cf 1e-10) rel = 1 (cf 0) restarts = 4 iters= 735
GFTIME:   time = 8.133698e-02 (Symanzik1) mflops = 2.167042e+03
FFTIME:  time = 1.595380e-01 (asqtad3) terms = 2 mflops = 3.133617e+03
CONGRAD5: time = 4.771230e-01 (fn F) masses = 1 iters = 782 mflops = 2.241195e+03
 OK converged final_rsq= 4.9e-11 (cf 1e-10) rel = 1 (cf 0) restarts = 4 iters= 782
CONGRAD5: time = 4.671829e-01 (fn F) masses = 1 iters = 767 mflops = 2.244976e+03
 OK converged final_rsq= 5e-11 (cf 1e-10) rel = 1 (cf 0) restarts = 4 iters= 767
GFTIME:   time = 7.090092e-02 (Symanzik1) mflops = 2.486013e+03
FFTIME:  time = 1.537030e-01 (asqtad3) terms = 2 mflops = 3.252579e+03
CONGRAD5: time = 4.664059e-01 (fn F) masses = 1 iters = 762 mflops = 2.234057e+03
 OK converged final_rsq= 5e-11 (cf 1e-10) rel = 1 (cf 0) restarts = 4 iters= 762
CONGRAD5: time = 4.865880e-01 (fn F) masses = 1 iters = 725 mflops = 2.037416e+03
 OK converged final_rsq= 9.9e-11 (cf 1e-10) rel = 1 (cf 0) restarts = 3 iters= 725
GFTIME:   time = 9.024906e-02 (Symanzik1) mflops = 1.953046e+03
FFTIME:  time = 1.670511e-01 (asqtad3) terms = 2 mflops = 2.992684e+03
CONGRAD5: time = 4.674609e-01 (fn F) masses = 1 iters = 756 mflops = 2.211463e+03
 OK converged final_rsq= 5e-11 (cf 1e-10) rel = 1 (cf 0) restarts = 4 iters= 756
CONGRAD5: time = 4.669080e-01 (fn F) masses = 1 iters = 766 mflops = 2.243369e+03
 OK converged final_rsq= 5e-11 (cf 1e-10) rel = 1 (cf 0) restarts = 4 iters= 766
GFTIME:   time = 7.123804e-02 (Symanzik1) mflops = 2.474248e+03
FFTIME:  time = 1.531720e-01 (asqtad3) terms = 2 mflops = 3.263854e+03
CONGRAD5: time = 4.626229e-01 (fn F) masses = 1 iters = 757 mflops = 2.237546e+03
 OK converged final_rsq= 5e-11 (cf 1e-10) rel = 1 (cf 0) restarts = 4 iters= 757
CONGRAD5: time = 4.355221e-01 (fn F) masses = 1 iters = 715 mflops = 2.244911e+03
 OK converged final_rsq= 5e-11 (cf 1e-10) rel = 1 (cf 0) restarts = 4 iters= 715
GFTIME:   time = 7.404995e-02 (Symanzik1) mflops = 2.380293e+03
FFTIME:  time = 1.917520e-01 (asqtad3) terms = 2 mflops = 2.607176e+03
CONGRAD5: time = 4.877088e-01 (fn F) masses = 1 iters = 774 mflops = 2.170119e+03
 OK converged final_rsq= 5e-11 (cf 1e-10) rel = 1 (cf 0) restarts = 4 iters= 774
CONGRAD5: time = 4.411101e-01 (fn F) masses = 1 iters = 719 mflops = 2.228872e+03
 OK converged final_rsq= 1e-10 (cf 1e-10) rel = 1 (cf 0) restarts = 3 iters= 719
GFTIME:   time = 7.577705e-02 (Symanzik1) mflops = 2.326042e+03
FFTIME:  time = 1.648450e-01 (asqtad3) terms = 2 mflops = 3.032735e+03
CONGRAD5: time = 4.769480e-01 (fn F) masses = 1 iters = 783 mflops = 2.244884e+03
 OK converged final_rsq= 5e-11 (cf 1e-10) rel = 1 (cf 0) restarts = 4 iters= 783
CONGRAD5: time = 4.501760e-01 (fn F) masses = 1 iters = 738 mflops = 2.241699e+03
 OK converged final_rsq= 5e-11 (cf 1e-10) rel = 1 (cf 0) restarts = 4 iters= 738
GFTIME:   time = 7.171106e-02 (Symanzik1) mflops = 2.457928e+03
FFTIME:  time = 1.564500e-01 (asqtad3) terms = 2 mflops = 3.195468e+03
CONGRAD5: time = 5.226851e-01 (fn F) masses = 1 iters = 781 mflops = 2.043215e+03
 OK converged final_rsq= 5e-11 (cf 1e-10) rel = 1 (cf 0) restarts = 4 iters= 781
CONGRAD5: time = 4.482000e-01 (fn F) masses = 1 iters = 737 mflops = 2.248531e+03
 OK converged final_rsq= 1e-10 (cf 1e-10) rel = 1 (cf 0) restarts = 3 iters= 737
GFTIME:   time = 1.058431e-01 (Symanzik1) mflops = 1.665301e+03
FFTIME:  time = 1.657300e-01 (asqtad3) terms = 2 mflops = 3.016540e+03
PLAQ:	1.473963	1.473385
P_LOOP:	-7.764089e-03	6.219714e-03
G_LOOP:  0  0  4   	1.474057e+00	( 0 1 7 6  )
G_LOOP:  0  1  4   	1.476495e+00	( 0 2 7 5  )
G_LOOP:  0  2  4   	1.473365e+00	( 0 3 7 4  )
G_LOOP:  0  3  4   	1.471338e+00	( 1 2 6 5  )
G_LOOP:  0  4  4   	1.472826e+00	( 1 3 6 4  )
G_LOOP:  0  5  4   	1.473963e+00	( 2 3 5 4  )
G_LOOP:  1  0  6   	7.133980e-01	( 0 0 1 7 7 6  )
G_LOOP:  1  1  6   	7.231318e-01	( 0 0 2 7 7 5  )
G_LOOP:  1  2  6   	7.177161e-01	( 0 0 3 7 7 4  )
G_LOOP:  1  3  6   	7.170766e-01	( 1 1 0 6 6 7  )
G_LOOP:  1  4  6   	7.130472e-01	( 1 1 2 6 6 5  )
G_LOOP:  1  5  6   	7.151839e-01	( 1 1 3 6 6 4  )
G_LOOP:  1  6  6   	7.140978e-01	( 2 2 0 5 5 7  )
G_LOOP:  1  7  6   	7.130462e-01	( 2 2 1 5 5 6  )
G_LOOP:  1  8  6   	7.153132e-01	( 2 2 3 5 5 4  )
G_LOOP:  1  9  6   	7.117251e-01	( 3 3 0 4 4 7  )
G_LOOP:  1  10  6   	7.125768e-01	( 3 3 1 4 4 6  )
G_LOOP:  1  11  6   	7.086897e-01	( 3 3 2 4 4 5  )
G_LOOP:  2  0  6   	7.351040e-01	( 0 1 2 7 6 5  )
G_LOOP:  2  1  6   	7.280939e-01	( 0 1 5 7 6 2  )
G_LOOP:  2  2  6   	7.308180e-01	( 0 6 2 7 1 5  )
G_LOOP:  2  3  6   	7.304092e-01	( 0 6 5 7 1 2  )
G_LOOP:  2  4  6   	7.341810e-01	( 0 1 3 7 6 4  )
G_LOOP:  2  5  6   	7.318136e-01	( 0 1 4 7 6 3  )
G_LOOP:  2  6  6   	7.295944e-01	( 0 6 3 7 1 4  )
G_LOOP:  2  7  6   	7.277577e-01	( 0 6 4 7 1 3  )
G_LOOP:  2  8  6   	7.329565e-01	( 0 2 3 7 5 4  )
G_LOOP:  2  9  6   	7.324030e-01	( 0 2 4 7 5 3  )
G_LOOP:  2  10  6   	7.299320e-01	( 0 5 3 7 2 4  )
G_LOOP:  2  11  6   	7.308683e-01	( 0 5 4 7 2 3  )
G_LOOP:  2  12  6   	7.322426e-01	( 1 2 3 6 5 4  )
G_LOOP:  2  13  6   	7.340319e-01	( 1 2 4 6 5 3  )
G_LOOP:  2  14  6   	7.346669e-01	( 1 5 3 6 2 4  )
G_LOOP:  2  15  6   	7.309851e-01	( 1 5 4 6 2 3  )
GACTION: 6.654834e+00
CONGRAD5: time = 3.662360e-01 (fn F) masses = 1 iters = 602 mflops = 2.247702e+03
 OK converged final_rsq= 7.5e-11 (cf 1e-10) rel = 1 (cf 0) restarts = 3 iters= 602
CONGRAD5: time = 8.082700e-02 (fn F) masses = 1 iters = 130 mflops = 2.199329e+03
 OK converged final_rsq= 5e-11 (cf 1e-10) rel = 1 (cf 0) restarts = 2 iters= 130
PBP: mass 1.000000e-02     5.172191e-02  3.967773e-02  -4.749448e-03  -4.752535e-03 ( 1 of 1 )
FACTION: mass = 1.000000e-02,  1.499391e+00 ( 1 of 1 )
CONGRAD5: time = 4.501369e-01 (fn F) masses = 1 iters = 740 mflops = 2.247969e+03
 OK converged final_rsq= 5e-11 (cf 1e-10) rel = 1 (cf 0) restarts = 4 iters= 740
CONGRAD5: time = 4.820609e-02 (fn F) masses = 1 iters = 78 mflops = 2.212564e+03
 OK converged final_rsq= 9.9e-11 (cf 1e-10) rel = 1 (cf 0) restarts = 1 iters= 78
PBP: mass 1.000000e-02     4.471490e-02  6.322165e-02  -1.728046e-04  -1.750247e-04 ( 1 of 1 )
FACTION: mass = 1.000000e-02,  1.497018e+00 ( 1 of 1 )
CONGRAD5: time = 4.672039e-01 (fn F) masses = 1 iters = 768 mflops = 2.247802e+03
 OK converged final_rsq= 4.9e-11 (cf 1e-10) rel = 1 (cf 0) restarts = 4 iters= 768
CONGRAD5: time = 4.422410e-01 (fn F) masses = 1 iters = 727 mflops = 2.247909e+03
 OK converged final_rsq= 9.9e-11 (cf 1e-10) rel = 1 (cf 0) restarts = 3 iters= 727
GFTIME:   time = 7.098794e-02 (Symanzik1) mflops = 2.482966e+03
FFTIME:  time = 1.529710e-01 (asqtad3) terms = 2 mflops = 3.268143e+03
CONGRAD5: time = 4.779689e-01 (fn F) masses = 1 iters = 787 mflops = 2.251533e+03
 OK converged final_rsq= 5e-11 (cf 1e-10) rel = 1 (cf 0) restarts = 4 iters= 787
CONGRAD5: time = 4.682739e-01 (fn F) masses = 1 iters = 772 mflops = 2.254346e+03
 OK converged final_rsq= 5e-11 (cf 1e-10) rel = 1 (cf 0) restarts = 4 iters= 772
GFTIME:   time = 7.069802e-02 (Symanzik1) mflops = 2.493148e+03
FFTIME:  time = 1.525841e-01 (asqtad3) terms = 2 mflops = 3.276431e+03
CONGRAD5: time = 4.763510e-01 (fn F) masses = 1 iters = 785 mflops = 2.253439e+03
 OK converged final_rsq= 1e-10 (cf 1e-10) rel = 1 (cf 0) restarts = 3 iters= 785
CONGRAD5: time = 4.458489e-01 (fn F) masses = 1 iters = 734 mflops = 2.251187e+03
 OK converged final_rsq= 5e-11 (cf 1e-10) rel = 1 (cf 0) restarts = 4 iters= 734
GFTIME:   time = 7.076693e-02 (Symanzik1) mflops = 2.490720e+03
FFTIME:  time = 1.563082e-01 (asqtad3) terms = 2 mflops = 3.198368e+03
CONGRAD5: time = 4.931669e-01 (fn F) masses = 1 iters = 774 mflops = 2.146101e+03
 OK converged final_rsq= 5e-11 (cf 1e-10) rel = 1 (cf 0) restarts = 4 iters= 774
CONGRAD5: time = 4.501801e-01 (fn F) masses = 1 iters = 738 mflops = 2.241678e+03
 OK converged final_rsq= 1e-10 (cf 1e-10) rel = 1 (cf 0) restarts = 3 iters= 738
GFTIME:   time = 7.189298e-02 (Symanzik1) mflops = 2.451708e+03
FFTIME:  time = 1.533139e-01 (asqtad3) terms = 2 mflops = 3.260834e+03
CONGRAD5: time = 4.664800e-01 (fn F) masses = 1 iters = 766 mflops = 2.245427e+03
 OK converged final_rsq= 5e-11 (cf 1e-10) rel = 1 (cf 0) restarts = 4 iters= 766
CONGRAD5: time = 4.483531e-01 (fn F) masses = 1 iters = 734 mflops = 2.238614e+03
 OK converged final_rsq= 9.9e-11 (cf 1e-10) rel = 1 (cf 0) restarts = 3 iters= 734
GFTIME:   time = 7.261896e-02 (Symanzik1) mflops = 2.427198e+03
FFTIME:  time = 1.543369e-01 (asqtad3) terms = 2 mflops = 3.239219e+03
CONGRAD5: time = 5.201020e-01 (fn F) masses = 1 iters = 775 mflops = 2.037588e+03
 OK converged final_rsq= 5e-11 (cf 1e-10) rel = 1 (cf 0) restarts = 4 iters= 775
CONGRAD5: time = 4.582140e-01 (fn F) masses = 1 iters = 742 mflops = 2.214311e+03
 OK converged final_rsq= 5e-11 (cf 1e-10) rel = 1 (cf 0) restarts = 4 iters= 742
GFTIME:   time = 8.392096e-02 (Symanzik1) mflops = 2.100317e+03
FFTIME:  time = 1.699491e-01 (asqtad3) terms = 2 mflops = 2.941653e+03
CONGRAD5: time = 4.818678e-01 (fn F) masses = 1 iters = 786 mflops = 2.230477e+03
 OK converged final_rsq= 5e-11 (cf 1e-10) rel = 1 (cf 0) restarts = 4 iters= 786
CONGRAD5: time = 4.670758e-01 (fn F) masses = 1 iters = 765 mflops = 2.239635e+03
 OK converged final_rsq= 5e-11 (cf 1e-10) rel = 1 (cf 0) restarts = 4 iters= 765
GFTIME:   time = 7.084703e-02 (Symanzik1) mflops = 2.487904e+03
FFTIME:  time = 1.536930e-01 (asqtad3) terms = 2 mflops = 3.252791e+03
CONGRAD5: time = 4.540710e-01 (fn F) masses = 1 iters = 743 mflops = 2.237527e+03
 OK converged final_rsq= 5e-11 (cf 1e-10) rel = 1 (cf 0) restarts = 4 iters= 743
CONGRAD5: time = 5.131230e-01 (fn F) masses = 1 iters = 753 mflops = 2.006673e+03
 OK converged final_rsq= 1e-10 (cf 1e-10) rel = 1 (cf 0) restarts = 3 iters= 753
GFTIME:   time = 7.722402e-02 (Symanzik1) mflops = 2.282458e+03
FFTIME:  time = 1.695170e-01 (asqtad3) terms = 2 mflops = 2.949150e+03
CONGRAD5: time = 4.842851e-01 (fn F) masses = 1 iters = 770 mflops = 2.174167e+03
 OK converged final_rsq= 5e-11 (cf 1e-10) rel = 1 (cf 0) restarts = 4 iters= 770
CONGRAD5: time = 4.465959e-01 (fn F) masses = 1 iters = 731 mflops = 2.238236e+03
 OK converged final_rsq= 9.9e-11 (cf 1e-10) rel = 1 (cf 0) restarts = 3 iters= 731
GFTIME:   time = 7.091784e-02 (Symanzik1) mflops = 2.485420e+03
FFTIME:  time = 1.535220e-01 (asqtad3) terms = 2 mflops = 3.256413e+03
CONGRAD5: time = 4.697671e-01 (fn F) masses = 1 iters = 771 mflops = 2.244269e+03
 OK converged final_rsq= 5e-11 (cf 1e-10) rel = 1 (cf 0) restarts = 4 iters= 771
CONGRAD5: time = 4.416690e-01 (fn F) masses = 1 iters = 726 mflops = 2.247724e+03
 OK converged final_rsq= 9.9e-11 (cf 1e-10) rel = 1 (cf 0) restarts = 3 iters= 726
GFTIME:   time = 7.176995e-02 (Symanzik1) mflops = 2.455911e+03
FFTIME:  time = 1.565599e-01 (asqtad3) terms = 2 mflops = 3.193225e+03
CONGRAD5: time = 5.185800e-01 (fn F) masses = 1 iters = 774 mflops = 2.040932e+03
 OK converged final_rsq= 5e-11 (cf 1e-10) rel = 1 (cf 0) restarts = 4 iters= 774
CONGRAD5: time = 4.703860e-01 (fn F) masses = 1 iters = 747 mflops = 2.171548e+03
 OK converged final_rsq= 5e-11 (cf 1e-10) rel = 1 (cf 0) restarts = 4 iters= 747
GFTIME:   time = 7.938290e-02 (Symanzik1) mflops = 2.220385e+03
FFTIME:  time = 1.624420e-01 (asqtad3) terms = 2 mflops = 3.077598e+03
CONGRAD5: time = 4.803710e-01 (fn F) masses = 1 iters = 788 mflops = 2.243121e+03
 OK converged final_rsq= 4.9e-11 (cf 1e-10) rel = 1 (cf 0) restarts = 4 iters= 788
CONGRAD5: time = 4.516399e-01 (fn F) masses = 1 iters = 739 mflops = 2.237460e+03
 OK converged final_rsq= 9.9e-11 (cf 1e-10) rel = 1 (cf 0) restarts = 3 iters= 739
GFTIME:   time = 7.078791e-02 (Symanzik1) mflops = 2.489982e+03
FFTIME:  time = 1.539400e-01 (asqtad3) terms = 2 mflops = 3.247572e+03
CONGRAD5: time = 4.612992e-01 (fn F) masses = 1 iters = 757 mflops = 2.243967e+03
 OK converged final_rsq= 5e-11 (cf 1e-10) rel = 1 (cf 0) restarts = 4 iters= 757
CONGRAD5: time = 5.101109e-01 (fn F) masses = 1 iters = 758 mflops = 2.031926e+03
 OK converged final_rsq= 5e-11 (cf 1e-10) rel = 1 (cf 0) restarts = 4 iters= 758
GFTIME:   time = 7.576895e-02 (Symanzik1) mflops = 2.326291e+03
FFTIME:  time = 1.569488e-01 (asqtad3) terms = 2 mflops = 3.185313e+03
CONGRAD5: time = 4.694428e-01 (fn F) masses = 1 iters = 770 mflops = 2.242907e+03
 OK converged final_rsq= 5e-11 (cf 1e-10) rel = 1 (cf 0) restarts = 4 iters= 770
CONGRAD5: time = 4.717550e-01 (fn F) masses = 1 iters = 746 mflops = 2.162347e+03
 OK converged final_rsq= 5e-11 (cf 1e-10) rel = 1 (cf 0) restarts = 4 iters= 746
GFTIME:   time = 7.181406e-02 (Symanzik1) mflops = 2.454402e+03
FFTIME:  time = 1.532609e-01 (asqtad3) terms = 2 mflops = 3.261960e+03
CONGRAD5: time = 4.651260e-01 (fn F) masses = 1 iters = 763 mflops = 2.243144e+03
 OK converged final_rsq= 5e-11 (cf 1e-10) rel = 1 (cf 0) restarts = 4 iters= 763
CONGRAD5: time = 4.799440e-01 (fn F) masses = 1 iters = 753 mflops = 2.145397e+03
 OK converged final_rsq= 1e-10 (cf 1e-10) rel = 1 (cf 0) restarts = 3 iters= 753
GFTIME:   time = 7.087207e-02 (Symanzik1) mflops = 2.487025e+03
FFTIME:  time = 1.530840e-01 (asqtad3) terms = 2 mflops = 3.265730e+03
PLAQ:	1.459433	1.458465
P_LOOP:	1.615890e-02	-8.026712e-03
G_LOOP:  0  0  4   	1.459195e+00	( 0 1 7 6  )
G_LOOP:  0  1  4   	1.460791e+00	( 0 2 7 5  )
G_LOOP:  0  2  4   	1.460614e+00	( 0 3 7 4  )
G_LOOP:  0  3  4   	1.458314e+00	( 1 2 6 5  )
G_LOOP:  0  4  4   	1.457892e+00	( 1 3 6 4  )
G_LOOP:  0  5  4   	1.456888e+00	( 2 3 5 4  )
G_LOOP:  1  0  6   	6.983939e-01	( 0 0 1 7 7 6  )
G_LOOP:  1  1  6   	7.042719e-01	( 0 0 2 7 7 5  )
G_LOOP:  1  2  6   	7.000097e-01	( 0 0 3 7 7 4  )
G_LOOP:  1  3  6   	6.967192e-01	( 1 1 0 6 6 7  )
G_LOOP:  1  4  6   	6.984864e-01	( 1 1 2 6 6 5  )
G_LOOP:  1  5  6   	6.968441e-01	( 1 1 3 6 6 4  )
G_LOOP:  1  6  6   	6.998432e-01	( 2 2 0 5 5 7  )
G_LOOP:  1  7  6   	6.985943e-01	( 2 2 1 5 5 6  )
G_LOOP:  1  8  6   	6.990863e-01	( 2 2 3 5 5 4  )
G_LOOP:  1  9  6   	6.999809e-01	( 3 3 0 4 4 7  )
G_LOOP:  1  10  6   	6.973355e-01	( 3 3 1 4 4 6  )
G_LOOP:  1  11  6   	6.941445e-01	( 3 3 2 4 4 5  )
G_LOOP:  2  0  6   	7.139080e-01	( 0 1 2 7 6 5  )
G_LOOP:  2  1  6   	7.119920e-01	( 0 1 5 7 6 2  )
G_LOOP:  2  2  6   	7.117254e-01	( 0 6 2 7 1 5  )
G_LOOP:  2  3  6   	7.124687e-01	( 0 6 5 7 1 2  )
G_LOOP:  2  4  6   	7.159880e-01	( 0 1 3 7 6 4  )
G_LOOP:  2  5  6   	7.136556e-01	( 0 1 4 7 6 3  )
G_LOOP:  2  6  6   	7.124254e-01	( 0 6 3 7 1 4  )
G_LOOP:  2  7  6   	7.110729e-01	( 0 6 4 7 1 3  )
G_LOOP:  2  8  6   	7.144444e-01	( 0 2 3 7 5 4  )
G_LOOP:  2  9  6   	7.125228e-01	( 0 2 4 7 5 3  )
G_LOOP:  2  10  6   	7.149983e-01	( 0 5 3 7 2 4  )
G_LOOP:  2  11  6   	7.100563e-01	( 0 5 4 7 2 3  )
G_LOOP:  2  12  6   	7.109843e-01	( 1 2 3 6 5 4  )
G_LOOP:  2  13  6   	7.097229e-01	( 1 2 4 6 5 3  )
G_LOOP:  2  14  6   	7.117955e-01	( 1 5 3 6 2 4  )
G_LOOP:  2  15  6   	7.069325e-01	( 1 5 4 6 2 3  )
GACTION: 6.725127e+00
CONGRAD5: time = 4.393148e-01 (fn F) masses = 1 iters = 718 mflops = 2.234867e+03
 OK converged final_rsq= 5e-11 (cf 1e-10) rel = 1 (cf 0) restarts = 4 iters= 718
CONGRAD5: time = 4.643488e-02 (fn F) masses = 1 iters = 75 mflops = 2.208616e+03
 OK converged final_rsq= 1e-10 (cf 1e-10) rel = 1 (cf 0) restarts = 1 iters= 75
PBP: mass 1.000000e-02     6.464430e-02  5.646403e-02  3.676150e-03  3.676061e-03 ( 1 of 1 )
FACTION: mass = 1.000000e-02,  1.503793e+00 ( 1 of 1 )
CONGRAD5: time = 5.070729e-01 (fn F) masses = 1 iters = 755 mflops = 2.036009e+03
 OK converged final_rsq= 5e-11 (cf 1e-10) rel = 1 (cf 0) restarts = 4 iters= 755
CONGRAD5: time = 4.769707e-02 (fn F) masses = 1 iters = 76 mflops = 2.178839e+03
 OK converged final_rsq= 9.8e-11 (cf 1e-10) rel = 1 (cf 0) restarts = 1 iters= 76
PBP: mass 1.000000e-02     6.353492e-02  4.823133e-02  -5.438112e-03  -5.433117e-03 ( 1 of 1 )
FACTION: mass = 1.000000e-02,  1.504196e+00 ( 1 of 1 )
RUNNING COMPLETED
average cg iters for step= 1.451250e+03
Time = 8.041907e+01 seconds
total_iters = 181038
Checksums f5dc514d a700d500
Saved gauge configuration in parallel to binary file lat_p64_size64_2
Time stamp Sat Aug 13 00:41:20 2022
Wrote info file lat_p64_size64_2.info
Time to save = 3.069420e-01
CHECK PLAQ: 1.459433e+00 1.458465e+00
CHECK NERSC LINKTR: 1.436480e-01 CKSUM: 409d2cae


get_i(0): EOF on input.
Elapsed total time: 88.791994
exit: Sat Aug 13 00:41:21 2022

