[1333613.627617667] [nid00208-59307] [Runtime] [WARN] Mounting /dev/pts without the gid=<gid of tty group> option, because no tty gid was found. Some programs, e.g. sshd, might run into errors because of this.
[1333613.628329592] [nid00208-59308] [Runtime] [WARN] Mounting /dev/pts without the gid=<gid of tty group> option, because no tty gid was found. Some programs, e.g. sshd, might run into errors because of this.
[1333613.644115289] [nid00208-59304] [Runtime] [WARN] Mounting /dev/pts without the gid=<gid of tty group> option, because no tty gid was found. Some programs, e.g. sshd, might run into errors because of this.
[1333613.675467782] [nid00208-59305] [Runtime] [WARN] Mounting /dev/pts without the gid=<gid of tty group> option, because no tty gid was found. Some programs, e.g. sshd, might run into errors because of this.
[1333613.714290157] [nid00208-59301] [Runtime] [WARN] Mounting /dev/pts without the gid=<gid of tty group> option, because no tty gid was found. Some programs, e.g. sshd, might run into errors because of this.
[1333613.728762356] [nid00208-59303] [Runtime] [WARN] Mounting /dev/pts without the gid=<gid of tty group> option, because no tty gid was found. Some programs, e.g. sshd, might run into errors because of this.
[1333613.749382229] [nid00208-59306] [Runtime] [WARN] Mounting /dev/pts without the gid=<gid of tty group> option, because no tty gid was found. Some programs, e.g. sshd, might run into errors because of this.
[1333613.751499360] [nid00208-59302] [Runtime] [WARN] Mounting /dev/pts without the gid=<gid of tty group> option, because no tty gid was found. Some programs, e.g. sshd, might run into errors because of this.
shell-init: error retrieving current directory: getcwd: cannot access parent directories: No such file or directory
shell-init: error retrieving current directory: getcwd: cannot access parent directories: No such file or directory
shell-init: error retrieving current directory: getcwd: cannot access parent directories: No such file or directory
shell-init: error retrieving current directory: getcwd: cannot access parent directories: No such file or directory
shell-init: error retrieving current directory: getcwd: cannot access parent directories: No such file or directory
shell-init: error retrieving current directory: getcwd: cannot access parent directories: No such file or directory
shell-init: error retrieving current directory: getcwd: cannot access parent directories: No such file or directory
shell-init: error retrieving current directory: getcwd: cannot access parent directories: No such file or directory
[1333614.927025110] [nid00208-61614] [MPI hook] [WARN] WARNING: could not find ABI-compatible counterpart for host lib ("/usr/lib64/libpcre.so.1") inside container (best candidate found: "/lib/x86_64-linux-gnu/libpcre.so.3") => adding host lib ("/usr/lib64/libpcre.so.1") into container's /lib via bind mount 
[1333614.927099017] [nid00208-61609] [MPI hook] [WARN] WARNING: could not find ABI-compatible counterpart for host lib ("/usr/lib64/libpcre.so.1") inside container (best candidate found: "/lib/x86_64-linux-gnu/libpcre.so.3") => adding host lib ("/usr/lib64/libpcre.so.1") into container's /lib via bind mount 
[1333614.927267319] [nid00208-61611] [MPI hook] [WARN] WARNING: could not find ABI-compatible counterpart for host lib ("/usr/lib64/libpcre.so.1") inside container (best candidate found: "/lib/x86_64-linux-gnu/libpcre.so.3") => adding host lib ("/usr/lib64/libpcre.so.1") into container's /lib via bind mount 
[1333614.927899348] [nid00208-61608] [MPI hook] [WARN] WARNING: could not find ABI-compatible counterpart for host lib ("/usr/lib64/libpcre.so.1") inside container (best candidate found: "/lib/x86_64-linux-gnu/libpcre.so.3") => adding host lib ("/usr/lib64/libpcre.so.1") into container's /lib via bind mount 
[1333614.928478509] [nid00208-61607] [MPI hook] [WARN] WARNING: could not find ABI-compatible counterpart for host lib ("/usr/lib64/libpcre.so.1") inside container (best candidate found: "/lib/x86_64-linux-gnu/libpcre.so.3") => adding host lib ("/usr/lib64/libpcre.so.1") into container's /lib via bind mount 
[1333614.928796906] [nid00208-61610] [MPI hook] [WARN] WARNING: could not find ABI-compatible counterpart for host lib ("/usr/lib64/libpcre.so.1") inside container (best candidate found: "/lib/x86_64-linux-gnu/libpcre.so.3") => adding host lib ("/usr/lib64/libpcre.so.1") into container's /lib via bind mount 
[1333614.938020335] [nid00208-61612] [MPI hook] [WARN] WARNING: could not find ABI-compatible counterpart for host lib ("/usr/lib64/libpcre.so.1") inside container (best candidate found: "/lib/x86_64-linux-gnu/libpcre.so.3") => adding host lib ("/usr/lib64/libpcre.so.1") into container's /lib via bind mount 
[1333614.938019632] [nid00208-61613] [MPI hook] [WARN] WARNING: could not find ABI-compatible counterpart for host lib ("/usr/lib64/libpcre.so.1") inside container (best candidate found: "/lib/x86_64-linux-gnu/libpcre.so.3") => adding host lib ("/usr/lib64/libpcre.so.1") into container's /lib via bind mount 

 NAS Parallel Benchmarks 3.4 -- EP Benchmark

 Number of random numbers generated:        67108864  (class W)
 Total number of processes:                        8

EP Benchmark Results:

CPU Time =     0.097
N = 2^   25
No. Gaussian Pairs =      26354769.
Sums =     2.102505525182371D+07    2.103162209578764D+07
Counts:
  0      12281576.
  1      11729692.
  2       2202726.
  3        137368.
  4          3371.
  5            36.
  6             0.
  7             0.
  8             0.
  9             0.


 EP Benchmark Completed.
 Class           =                        W
 Size            =                 67108864
 Iterations      =                        0
 Time in seconds =                 0.097244
 Total processes =                        8
 Active processes=                        8
 Mop/s total     =                   690.11
 Mop/s/process   =                    86.26
 Operation type  = Random numbers generated
 Verification    =               SUCCESSFUL
 Version         =                    3.4.2
 Compile date    =              01 Apr 2022

 Compile options:
    MPIFC        = mpif90
    FLINK        = $(MPIFC)
    FMPI_LIB     = (none)
    FMPI_INC     = (none)
    FFLAGS       = -O3
    FLINKFLAGS   = $(FFLAGS)
    RAND         = randi8


 Please send feedbacks and/or the results of this run to:

 NPB Development Team 
 Internet: npb@nas.nasa.gov


