cpu-bind=MASK - ault02, task 32  0 [1321411]: mask 0x1000000001 set
cpu-bind=MASK - ault02, task 34  2 [1321413]: mask 0x2000000002 set
cpu-bind=MASK - ault02, task 54 22 [1321433]: mask 0x800000000800 set
cpu-bind=MASK - ault02, task 60 28 [1321439]: mask 0x4000000004000 set
cpu-bind=MASK - ault02, task 37  5 [1321416]: mask 0x100000000100000 set
cpu-bind=MASK - ault02, task 41  9 [1321420]: mask 0x400000000400000 set
cpu-bind=MASK - ault02, task 33  1 [1321412]: mask 0x40000000040000 set
cpu-bind=MASK - ault02, task 38  6 [1321417]: mask 0x8000000008 set
cpu-bind=MASK - ault02, task 39  7 [1321418]: mask 0x200000000200000 set
cpu-bind=MASK - ault02, task 40  8 [1321419]: mask 0x10000000010 set
cpu-bind=MASK - ault02, task 42 10 [1321421]: mask 0x20000000020 set
cpu-bind=MASK - ault02, task 44 12 [1321423]: mask 0x40000000040 set
cpu-bind=MASK - ault02, task 49 17 [1321428]: mask 0x4000000004000000 set
cpu-bind=MASK - ault02, task 53 21 [1321432]: mask 0x10000000010000000 set
cpu-bind=MASK - ault02, task 55 23 [1321434]: mask 0x20000000020000000 set
cpu-bind=MASK - ault02, task 56 24 [1321435]: mask 0x1000000001000 set
cpu-bind=MASK - ault02, task 57 25 [1321436]: mask 0x40000000040000000 set
cpu-bind=MASK - ault02, task 58 26 [1321437]: mask 0x2000000002000 set
cpu-bind=MASK - ault02, task 59 27 [1321438]: mask 0x80000000080000000 set
cpu-bind=MASK - ault02, task 61 29 [1321440]: mask 0x100000000100000000 set
cpu-bind=MASK - ault02, task 62 30 [1321441]: mask 0x8000000008000 set
cpu-bind=MASK - ault02, task 35  3 [1321414]: mask 0x80000000080000 set
cpu-bind=MASK - ault02, task 36  4 [1321415]: mask 0x4000000004 set
cpu-bind=MASK - ault02, task 45 13 [1321424]: mask 0x1000000001000000 set
cpu-bind=MASK - ault02, task 46 14 [1321425]: mask 0x80000000080 set
cpu-bind=MASK - ault02, task 47 15 [1321426]: mask 0x2000000002000000 set
cpu-bind=MASK - ault02, task 48 16 [1321427]: mask 0x100000000100 set
cpu-bind=MASK - ault02, task 50 18 [1321429]: mask 0x200000000200 set
cpu-bind=MASK - ault02, task 51 19 [1321430]: mask 0x8000000008000000 set
cpu-bind=MASK - ault02, task 52 20 [1321431]: mask 0x400000000400 set
cpu-bind=MASK - ault02, task 63 31 [1321442]: mask 0x200000000200000000 set
cpu-bind=MASK - ault02, task 43 11 [1321422]: mask 0x800000000800000 set
cpu-bind=MASK - ault01, task 11 11 [3555377]: mask 0x800000000800000 set
cpu-bind=MASK - ault01, task 27 27 [3555393]: mask 0x80000000080000000 set
cpu-bind=MASK - ault01, task  3  3 [3555369]: mask 0x80000000080000 set
cpu-bind=MASK - ault01, task 28 28 [3555394]: mask 0x4000000004000 set
cpu-bind=MASK - ault01, task  0  0 [3555366]: mask 0x1000000001 set
cpu-bind=MASK - ault01, task 14 14 [3555380]: mask 0x80000000080 set
cpu-bind=MASK - ault01, task 15 15 [3555381]: mask 0x2000000002000000 set
cpu-bind=MASK - ault01, task 16 16 [3555382]: mask 0x100000000100 set
cpu-bind=MASK - ault01, task 19 19 [3555385]: mask 0x8000000008000000 set
cpu-bind=MASK - ault01, task 24 24 [3555390]: mask 0x1000000001000 set
cpu-bind=MASK - ault01, task  1  1 [3555367]: mask 0x40000000040000 set
cpu-bind=MASK - ault01, task  2  2 [3555368]: mask 0x2000000002 set
cpu-bind=MASK - ault01, task  4  4 [3555370]: mask 0x4000000004 set
cpu-bind=MASK - ault01, task  6  6 [3555372]: mask 0x8000000008 set
cpu-bind=MASK - ault01, task  8  8 [3555374]: mask 0x10000000010 set
cpu-bind=MASK - ault01, task  9  9 [3555375]: mask 0x400000000400000 set
cpu-bind=MASK - ault01, task 12 12 [3555378]: mask 0x40000000040 set
cpu-bind=MASK - ault01, task 18 18 [3555384]: mask 0x200000000200 set
cpu-bind=MASK - ault01, task 20 20 [3555386]: mask 0x400000000400 set
cpu-bind=MASK - ault01, task 22 22 [3555388]: mask 0x800000000800 set
cpu-bind=MASK - ault01, task 23 23 [3555389]: mask 0x20000000020000000 set
cpu-bind=MASK - ault01, task 25 25 [3555391]: mask 0x40000000040000000 set
cpu-bind=MASK - ault01, task 26 26 [3555392]: mask 0x2000000002000 set
cpu-bind=MASK - ault01, task  5  5 [3555371]: mask 0x100000000100000 set
cpu-bind=MASK - ault01, task  7  7 [3555373]: mask 0x200000000200000 set
cpu-bind=MASK - ault01, task 10 10 [3555376]: mask 0x20000000020 set
cpu-bind=MASK - ault01, task 17 17 [3555383]: mask 0x4000000004000000 set
cpu-bind=MASK - ault01, task 21 21 [3555387]: mask 0x10000000010000000 set
cpu-bind=MASK - ault01, task 29 29 [3555395]: mask 0x100000000100000000 set
cpu-bind=MASK - ault01, task 30 30 [3555396]: mask 0x8000000008000 set
cpu-bind=MASK - ault01, task 31 31 [3555397]: mask 0x200000000200000000 set
cpu-bind=MASK - ault01, task 13 13 [3555379]: mask 0x1000000001000000 set
Running problem size 15^3 per domain until completion
Num processors: 64
Total number of elements: 216000 

To run other sizes, use -s <integer>.
To run a fixed number of iterations, use -i <integer>.
To run a more or less balanced region set, use -b <integer>.
To change the relative costs of regions, use -c <integer>.
To print out progress, use -p
To write an output file for VisIt, use -v
See help (-h) for more options

Run completed:
   Problem size        =  15
   MPI tasks           =  64
   Iteration count     =  2031
   Final Origin Energy =  7.130703e+05
   Testing Plane 0 of Energy Array on rank 0:
        MaxAbsDiff   = 1.455192e-10
        TotalAbsDiff = 2.454499e-09
        MaxRelDiff   = 1.434172e-14

Elapsed time         = 32.79495054 (s)
Grind time (us/z/c)  =  4.7843537 (per dom)  ( 32.794951 overall)
FOM                  =  13376.937 (z/s)

