cpu-bind=MASK - ault02, task 32  0 [1350440]: mask 0x1000000001 set
cpu-bind=MASK - ault02, task 34  2 [1350442]: mask 0x2000000002 set
cpu-bind=MASK - ault02, task 54 22 [1350462]: mask 0x800000000800 set
cpu-bind=MASK - ault02, task 35  3 [1350443]: mask 0x80000000080000 set
cpu-bind=MASK - ault02, task 36  4 [1350444]: mask 0x4000000004 set
cpu-bind=MASK - ault02, task 38  6 [1350446]: mask 0x8000000008 set
cpu-bind=MASK - ault02, task 40  8 [1350448]: mask 0x10000000010 set
cpu-bind=MASK - ault02, task 58 26 [1350466]: mask 0x2000000002000 set
cpu-bind=MASK - ault02, task 60 28 [1350468]: mask 0x4000000004000 set
cpu-bind=MASK - ault02, task 62 30 [1350470]: mask 0x8000000008000 set
cpu-bind=MASK - ault02, task 39  7 [1350447]: mask 0x200000000200000 set
cpu-bind=MASK - ault02, task 46 14 [1350454]: mask 0x80000000080 set
cpu-bind=MASK - ault02, task 48 16 [1350456]: mask 0x100000000100 set
cpu-bind=MASK - ault02, task 41  9 [1350449]: mask 0x400000000400000 set
cpu-bind=MASK - ault02, task 59 27 [1350467]: mask 0x80000000080000000 set
cpu-bind=MASK - ault02, task 44 12 [1350452]: mask 0x40000000040 set
cpu-bind=MASK - ault02, task 45 13 [1350453]: mask 0x1000000001000000 set
cpu-bind=MASK - ault02, task 49 17 [1350457]: mask 0x4000000004000000 set
cpu-bind=MASK - ault02, task 51 19 [1350459]: mask 0x8000000008000000 set
cpu-bind=MASK - ault02, task 53 21 [1350461]: mask 0x10000000010000000 set
cpu-bind=MASK - ault02, task 55 23 [1350463]: mask 0x20000000020000000 set
cpu-bind=MASK - ault02, task 57 25 [1350465]: mask 0x40000000040000000 set
cpu-bind=MASK - ault02, task 61 29 [1350469]: mask 0x100000000100000000 set
cpu-bind=MASK - ault02, task 33  1 [1350441]: mask 0x40000000040000 set
cpu-bind=MASK - ault02, task 37  5 [1350445]: mask 0x100000000100000 set
cpu-bind=MASK - ault02, task 43 11 [1350451]: mask 0x800000000800000 set
cpu-bind=MASK - ault02, task 47 15 [1350455]: mask 0x2000000002000000 set
cpu-bind=MASK - ault02, task 50 18 [1350458]: mask 0x200000000200 set
cpu-bind=MASK - ault02, task 52 20 [1350460]: mask 0x400000000400 set
cpu-bind=MASK - ault02, task 56 24 [1350464]: mask 0x1000000001000 set
cpu-bind=MASK - ault02, task 63 31 [1350471]: mask 0x200000000200000000 set
cpu-bind=MASK - ault02, task 42 10 [1350450]: mask 0x20000000020 set
cpu-bind=MASK - ault01, task 22 22 [3587745]: mask 0x800000000800 set
cpu-bind=MASK - ault01, task  3  3 [3587726]: mask 0x80000000080000 set
cpu-bind=MASK - ault01, task 21 21 [3587744]: mask 0x10000000010000000 set
cpu-bind=MASK - ault01, task  1  1 [3587724]: mask 0x40000000040000 set
cpu-bind=MASK - ault01, task  2  2 [3587725]: mask 0x2000000002 set
cpu-bind=MASK - ault01, task 20 20 [3587743]: mask 0x400000000400 set
cpu-bind=MASK - ault01, task 28 28 [3587751]: mask 0x4000000004000 set
cpu-bind=MASK - ault01, task 31 31 [3587754]: mask 0x200000000200000000 set
cpu-bind=MASK - ault01, task  0  0 [3587723]: mask 0x1000000001 set
cpu-bind=MASK - ault01, task  4  4 [3587727]: mask 0x4000000004 set
cpu-bind=MASK - ault01, task  5  5 [3587728]: mask 0x100000000100000 set
cpu-bind=MASK - ault01, task  6  6 [3587729]: mask 0x8000000008 set
cpu-bind=MASK - ault01, task  7  7 [3587730]: mask 0x200000000200000 set
cpu-bind=MASK - ault01, task  8  8 [3587731]: mask 0x10000000010 set
cpu-bind=MASK - ault01, task  9  9 [3587732]: mask 0x400000000400000 set
cpu-bind=MASK - ault01, task 11 11 [3587734]: mask 0x800000000800000 set
cpu-bind=MASK - ault01, task 12 12 [3587735]: mask 0x40000000040 set
cpu-bind=MASK - ault01, task 13 13 [3587736]: mask 0x1000000001000000 set
cpu-bind=MASK - ault01, task 14 14 [3587737]: mask 0x80000000080 set
cpu-bind=MASK - ault01, task 17 17 [3587740]: mask 0x4000000004000000 set
cpu-bind=MASK - ault01, task 18 18 [3587741]: mask 0x200000000200 set
cpu-bind=MASK - ault01, task 19 19 [3587742]: mask 0x8000000008000000 set
cpu-bind=MASK - ault01, task 23 23 [3587746]: mask 0x20000000020000000 set
cpu-bind=MASK - ault01, task 24 24 [3587747]: mask 0x1000000001000 set
cpu-bind=MASK - ault01, task 25 25 [3587748]: mask 0x40000000040000000 set
cpu-bind=MASK - ault01, task 26 26 [3587749]: mask 0x2000000002000 set
cpu-bind=MASK - ault01, task 27 27 [3587750]: mask 0x80000000080000000 set
cpu-bind=MASK - ault01, task 29 29 [3587752]: mask 0x100000000100000000 set
cpu-bind=MASK - ault01, task 30 30 [3587753]: mask 0x8000000008000 set
cpu-bind=MASK - ault01, task 10 10 [3587733]: mask 0x20000000020 set
cpu-bind=MASK - ault01, task 15 15 [3587738]: mask 0x2000000002000000 set
cpu-bind=MASK - ault01, task 16 16 [3587739]: mask 0x100000000100 set
Running problem size 20^3 per domain until completion
Num processors: 64
Total number of elements: 512000 

To run other sizes, use -s <integer>.
To run a fixed number of iterations, use -i <integer>.
To run a more or less balanced region set, use -b <integer>.
To change the relative costs of regions, use -c <integer>.
To print out progress, use -p
To write an output file for VisIt, use -v
See help (-h) for more options

Run completed:
   Problem size        =  20
   MPI tasks           =  64
   Iteration count     =  2774
   Final Origin Energy =  1.198525e+06
   Testing Plane 0 of Energy Array on rank 0:
        MaxAbsDiff   = 9.022187e-10
        TotalAbsDiff = 5.974698e-09
        MaxRelDiff   = 2.970873e-14

Elapsed time         = 97.73981202 (s)
Grind time (us/z/c)  =  4.4042814 (per dom)  ( 97.739812 overall)
FOM                  =  14531.315 (z/s)

