cpu-bind=MASK - ault01, task  6  6 [3412626]: mask 0x8000000008 set
cpu-bind=MASK - ault01, task 15 15 [3412635]: mask 0x2000000002000000 set
cpu-bind=MASK - ault01, task 21 21 [3412641]: mask 0x10000000010000000 set
cpu-bind=MASK - ault01, task 25 25 [3412645]: mask 0x40000000040000000 set
cpu-bind=MASK - ault01, task  1  1 [3412621]: mask 0x40000000040000 set
cpu-bind=MASK - ault01, task 30 30 [3412650]: mask 0x8000000008000 set
cpu-bind=MASK - ault01, task 31 31 [3412651]: mask 0x200000000200000000 set
cpu-bind=MASK - ault01, task  0  0 [3412620]: mask 0x1000000001 set
cpu-bind=MASK - ault01, task  2  2 [3412622]: mask 0x2000000002 set
cpu-bind=MASK - ault01, task  3  3 [3412623]: mask 0x80000000080000 set
cpu-bind=MASK - ault01, task 26 26 [3412646]: mask 0x2000000002000 set
cpu-bind=MASK - ault01, task 27 27 [3412647]: mask 0x80000000080000000 set
cpu-bind=MASK - ault01, task 28 28 [3412648]: mask 0x4000000004000 set
cpu-bind=MASK - ault01, task 29 29 [3412649]: mask 0x100000000100000000 set
cpu-bind=MASK - ault01, task  4  4 [3412624]: mask 0x4000000004 set
cpu-bind=MASK - ault01, task  7  7 [3412627]: mask 0x200000000200000 set
cpu-bind=MASK - ault01, task 10 10 [3412630]: mask 0x20000000020 set
cpu-bind=MASK - ault01, task 11 11 [3412631]: mask 0x800000000800000 set
cpu-bind=MASK - ault01, task 12 12 [3412632]: mask 0x40000000040 set
cpu-bind=MASK - ault01, task 14 14 [3412634]: mask 0x80000000080 set
cpu-bind=MASK - ault01, task 16 16 [3412636]: mask 0x100000000100 set
cpu-bind=MASK - ault01, task 18 18 [3412638]: mask 0x200000000200 set
cpu-bind=MASK - ault01, task 19 19 [3412639]: mask 0x8000000008000000 set
cpu-bind=MASK - ault01, task 20 20 [3412640]: mask 0x400000000400 set
cpu-bind=MASK - ault01, task 22 22 [3412642]: mask 0x800000000800 set
cpu-bind=MASK - ault01, task 24 24 [3412644]: mask 0x1000000001000 set
cpu-bind=MASK - ault01, task  5  5 [3412625]: mask 0x100000000100000 set
cpu-bind=MASK - ault01, task  8  8 [3412628]: mask 0x10000000010 set
cpu-bind=MASK - ault01, task  9  9 [3412629]: mask 0x400000000400000 set
cpu-bind=MASK - ault01, task 13 13 [3412633]: mask 0x1000000001000000 set
cpu-bind=MASK - ault01, task 17 17 [3412637]: mask 0x4000000004000000 set
cpu-bind=MASK - ault01, task 23 23 [3412643]: mask 0x20000000020000000 set
cpu-bind=MASK - ault02, task 38  6 [1191182]: mask 0x8000000008 set
cpu-bind=MASK - ault02, task 37  5 [1191181]: mask 0x100000000100000 set
cpu-bind=MASK - ault02, task 61 29 [1191205]: mask 0x100000000100000000 set
cpu-bind=MASK - ault02, task 35  3 [1191179]: mask 0x80000000080000 set
cpu-bind=MASK - ault02, task 49 17 [1191193]: mask 0x4000000004000000 set
cpu-bind=MASK - ault02, task 54 22 [1191198]: mask 0x800000000800 set
cpu-bind=MASK - ault02, task 43 11 [1191187]: mask 0x800000000800000 set
cpu-bind=MASK - ault02, task 55 23 [1191199]: mask 0x20000000020000000 set
cpu-bind=MASK - ault02, task 62 30 [1191206]: mask 0x8000000008000 set
cpu-bind=MASK - ault02, task 63 31 [1191207]: mask 0x200000000200000000 set
cpu-bind=MASK - ault02, task 33  1 [1191177]: mask 0x40000000040000 set
cpu-bind=MASK - ault02, task 47 15 [1191191]: mask 0x2000000002000000 set
cpu-bind=MASK - ault02, task 51 19 [1191195]: mask 0x8000000008000000 set
cpu-bind=MASK - ault02, task 59 27 [1191203]: mask 0x80000000080000000 set
cpu-bind=MASK - ault02, task 32  0 [1191176]: mask 0x1000000001 set
cpu-bind=MASK - ault02, task 34  2 [1191178]: mask 0x2000000002 set
cpu-bind=MASK - ault02, task 40  8 [1191184]: mask 0x10000000010 set
cpu-bind=MASK - ault02, task 45 13 [1191189]: mask 0x1000000001000000 set
cpu-bind=MASK - ault02, task 48 16 [1191192]: mask 0x100000000100 set
cpu-bind=MASK - ault02, task 52 20 [1191196]: mask 0x400000000400 set
cpu-bind=MASK - ault02, task 53 21 [1191197]: mask 0x10000000010000000 set
cpu-bind=MASK - ault02, task 36  4 [1191180]: mask 0x4000000004 set
cpu-bind=MASK - ault02, task 39  7 [1191183]: mask 0x200000000200000 set
cpu-bind=MASK - ault02, task 41  9 [1191185]: mask 0x400000000400000 set
cpu-bind=MASK - ault02, task 42 10 [1191186]: mask 0x20000000020 set
cpu-bind=MASK - ault02, task 44 12 [1191188]: mask 0x40000000040 set
cpu-bind=MASK - ault02, task 50 18 [1191194]: mask 0x200000000200 set
cpu-bind=MASK - ault02, task 56 24 [1191200]: mask 0x1000000001000 set
cpu-bind=MASK - ault02, task 57 25 [1191201]: mask 0x40000000040000000 set
cpu-bind=MASK - ault02, task 58 26 [1191202]: mask 0x2000000002000 set
cpu-bind=MASK - ault02, task 60 28 [1191204]: mask 0x4000000004000 set
cpu-bind=MASK - ault02, task 46 14 [1191190]: mask 0x80000000080 set
Running problem size 10^3 per domain until completion
Num processors: 64
Total number of elements: 64000 

To run other sizes, use -s <integer>.
To run a fixed number of iterations, use -i <integer>.
To run a more or less balanced region set, use -b <integer>.
To change the relative costs of regions, use -c <integer>.
To print out progress, use -p
To write an output file for VisIt, use -v
See help (-h) for more options

Run completed:
   Problem size        =  10
   MPI tasks           =  64
   Iteration count     =  1294
   Final Origin Energy =  3.423679e+05
   Testing Plane 0 of Energy Array on rank 0:
        MaxAbsDiff   = 6.184564e-11
        TotalAbsDiff = 6.225491e-10
        MaxRelDiff   = 6.399752e-15

Elapsed time         = 7.255501966 (s)
Grind time (us/z/c)  =   5.607034 (per dom)  (  7.255502 overall)
FOM                  =  11414.234 (z/s)

