cpu-bind=MASK - ault02, task 34  2 [1185161]: mask 0x2000000002 set
cpu-bind=MASK - ault02, task 52 20 [1185179]: mask 0x400000000400 set
cpu-bind=MASK - ault02, task 54 22 [1185181]: mask 0x800000000800 set
cpu-bind=MASK - ault02, task 60 28 [1185187]: mask 0x4000000004000 set
cpu-bind=MASK - ault02, task 38  6 [1185165]: mask 0x8000000008 set
cpu-bind=MASK - ault02, task 40  8 [1185167]: mask 0x10000000010 set
cpu-bind=MASK - ault02, task 49 17 [1185176]: mask 0x4000000004000000 set
cpu-bind=MASK - ault02, task 63 31 [1185190]: mask 0x200000000200000000 set
cpu-bind=MASK - ault02, task 62 30 [1185189]: mask 0x8000000008000 set
cpu-bind=MASK - ault02, task 41  9 [1185168]: mask 0x400000000400000 set
cpu-bind=MASK - ault02, task 47 15 [1185174]: mask 0x2000000002000000 set
cpu-bind=MASK - ault02, task 50 18 [1185177]: mask 0x200000000200 set
cpu-bind=MASK - ault02, task 45 13 [1185172]: mask 0x1000000001000000 set
cpu-bind=MASK - ault02, task 53 21 [1185180]: mask 0x10000000010000000 set
cpu-bind=MASK - ault02, task 55 23 [1185182]: mask 0x20000000020000000 set
cpu-bind=MASK - ault02, task 56 24 [1185183]: mask 0x1000000001000 set
cpu-bind=MASK - ault02, task 61 29 [1185188]: mask 0x100000000100000000 set
cpu-bind=MASK - ault02, task 32  0 [1185159]: mask 0x1000000001 set
cpu-bind=MASK - ault02, task 33  1 [1185160]: mask 0x40000000040000 set
cpu-bind=MASK - ault02, task 35  3 [1185162]: mask 0x80000000080000 set
cpu-bind=MASK - ault02, task 37  5 [1185164]: mask 0x100000000100000 set
cpu-bind=MASK - ault02, task 39  7 [1185166]: mask 0x200000000200000 set
cpu-bind=MASK - ault02, task 42 10 [1185169]: mask 0x20000000020 set
cpu-bind=MASK - ault02, task 43 11 [1185170]: mask 0x800000000800000 set
cpu-bind=MASK - ault02, task 44 12 [1185171]: mask 0x40000000040 set
cpu-bind=MASK - ault02, task 46 14 [1185173]: mask 0x80000000080 set
cpu-bind=MASK - ault02, task 48 16 [1185175]: mask 0x100000000100 set
cpu-bind=MASK - ault02, task 51 19 [1185178]: mask 0x8000000008000000 set
cpu-bind=MASK - ault02, task 57 25 [1185184]: mask 0x40000000040000000 set
cpu-bind=MASK - ault02, task 58 26 [1185185]: mask 0x2000000002000 set
cpu-bind=MASK - ault02, task 59 27 [1185186]: mask 0x80000000080000000 set
cpu-bind=MASK - ault02, task 36  4 [1185163]: mask 0x4000000004 set
cpu-bind=MASK - ault01, task  8  8 [3405963]: mask 0x10000000010 set
cpu-bind=MASK - ault01, task 10 10 [3405965]: mask 0x20000000020 set
cpu-bind=MASK - ault01, task 16 16 [3405971]: mask 0x100000000100 set
cpu-bind=MASK - ault01, task  0  0 [3405955]: mask 0x1000000001 set
cpu-bind=MASK - ault01, task  2  2 [3405957]: mask 0x2000000002 set
cpu-bind=MASK - ault01, task 21 21 [3405976]: mask 0x10000000010000000 set
cpu-bind=MASK - ault01, task  5  5 [3405960]: mask 0x100000000100000 set
cpu-bind=MASK - ault01, task  6  6 [3405961]: mask 0x8000000008 set
cpu-bind=MASK - ault01, task  7  7 [3405962]: mask 0x200000000200000 set
cpu-bind=MASK - ault01, task 12 12 [3405967]: mask 0x40000000040 set
cpu-bind=MASK - ault01, task 15 15 [3405970]: mask 0x2000000002000000 set
cpu-bind=MASK - ault01, task 24 24 [3405979]: mask 0x1000000001000 set
cpu-bind=MASK - ault01, task 26 26 [3405981]: mask 0x2000000002000 set
cpu-bind=MASK - ault01, task 27 27 [3405982]: mask 0x80000000080000000 set
cpu-bind=MASK - ault01, task 28 28 [3405983]: mask 0x4000000004000 set
cpu-bind=MASK - ault01, task 30 30 [3405985]: mask 0x8000000008000 set
cpu-bind=MASK - ault01, task 31 31 [3405986]: mask 0x200000000200000000 set
cpu-bind=MASK - ault01, task  1  1 [3405956]: mask 0x40000000040000 set
cpu-bind=MASK - ault01, task  3  3 [3405958]: mask 0x80000000080000 set
cpu-bind=MASK - ault01, task  4  4 [3405959]: mask 0x4000000004 set
cpu-bind=MASK - ault01, task  9  9 [3405964]: mask 0x400000000400000 set
cpu-bind=MASK - ault01, task 11 11 [3405966]: mask 0x800000000800000 set
cpu-bind=MASK - ault01, task 13 13 [3405968]: mask 0x1000000001000000 set
cpu-bind=MASK - ault01, task 14 14 [3405969]: mask 0x80000000080 set
cpu-bind=MASK - ault01, task 17 17 [3405972]: mask 0x4000000004000000 set
cpu-bind=MASK - ault01, task 18 18 [3405973]: mask 0x200000000200 set
cpu-bind=MASK - ault01, task 19 19 [3405974]: mask 0x8000000008000000 set
cpu-bind=MASK - ault01, task 20 20 [3405975]: mask 0x400000000400 set
cpu-bind=MASK - ault01, task 22 22 [3405977]: mask 0x800000000800 set
cpu-bind=MASK - ault01, task 25 25 [3405980]: mask 0x40000000040000000 set
cpu-bind=MASK - ault01, task 29 29 [3405984]: mask 0x100000000100000000 set
cpu-bind=MASK - ault01, task 23 23 [3405978]: mask 0x20000000020000000 set
Running problem size 18^3 per domain until completion
Num processors: 64
Total number of elements: 373248 

To run other sizes, use -s <integer>.
To run a fixed number of iterations, use -i <integer>.
To run a more or less balanced region set, use -b <integer>.
To change the relative costs of regions, use -c <integer>.
To print out progress, use -p
To write an output file for VisIt, use -v
See help (-h) for more options

Run completed:
   Problem size        =  18
   MPI tasks           =  64
   Iteration count     =  2477
   Final Origin Energy =  9.910021e+05
   Testing Plane 0 of Energy Array on rank 0:
        MaxAbsDiff   = 3.492460e-10
        TotalAbsDiff = 4.795538e-09
        MaxRelDiff   = 4.714887e-14

Elapsed time         = 64.15120027 (s)
Grind time (us/z/c)  =  4.4408005 (per dom)  (   64.1512 overall)
FOM                  =  14411.816 (z/s)

