cpu-bind=MASK - ault01, task  1  1 [3401968]: mask 0x40000000040000 set
cpu-bind=MASK - ault01, task 19 19 [3401986]: mask 0x8000000008000000 set
cpu-bind=MASK - ault01, task 20 20 [3401987]: mask 0x400000000400 set
cpu-bind=MASK - ault01, task  2  2 [3401969]: mask 0x2000000002 set
cpu-bind=MASK - ault01, task  5  5 [3401972]: mask 0x100000000100000 set
cpu-bind=MASK - ault01, task 18 18 [3401985]: mask 0x200000000200 set
cpu-bind=MASK - ault01, task  6  6 [3401973]: mask 0x8000000008 set
cpu-bind=MASK - ault01, task  7  7 [3401974]: mask 0x200000000200000 set
cpu-bind=MASK - ault01, task 11 11 [3401978]: mask 0x800000000800000 set
cpu-bind=MASK - ault01, task  0  0 [3401967]: mask 0x1000000001 set
cpu-bind=MASK - ault01, task  4  4 [3401971]: mask 0x4000000004 set
cpu-bind=MASK - ault01, task  8  8 [3401975]: mask 0x10000000010 set
cpu-bind=MASK - ault01, task 22 22 [3401989]: mask 0x800000000800 set
cpu-bind=MASK - ault01, task 25 25 [3401992]: mask 0x40000000040000000 set
cpu-bind=MASK - ault01, task 31 31 [3401998]: mask 0x200000000200000000 set
cpu-bind=MASK - ault01, task  9  9 [3401976]: mask 0x400000000400000 set
cpu-bind=MASK - ault01, task 10 10 [3401977]: mask 0x20000000020 set
cpu-bind=MASK - ault01, task 12 12 [3401979]: mask 0x40000000040 set
cpu-bind=MASK - ault01, task 21 21 [3401988]: mask 0x10000000010000000 set
cpu-bind=MASK - ault01, task 24 24 [3401991]: mask 0x1000000001000 set
cpu-bind=MASK - ault01, task 26 26 [3401993]: mask 0x2000000002000 set
cpu-bind=MASK - ault01, task 27 27 [3401994]: mask 0x80000000080000000 set
cpu-bind=MASK - ault01, task 28 28 [3401995]: mask 0x4000000004000 set
cpu-bind=MASK - ault01, task 29 29 [3401996]: mask 0x100000000100000000 set
cpu-bind=MASK - ault01, task 30 30 [3401997]: mask 0x8000000008000 set
cpu-bind=MASK - ault01, task  3  3 [3401970]: mask 0x80000000080000 set
cpu-bind=MASK - ault01, task 13 13 [3401980]: mask 0x1000000001000000 set
cpu-bind=MASK - ault01, task 15 15 [3401982]: mask 0x2000000002000000 set
cpu-bind=MASK - ault01, task 16 16 [3401983]: mask 0x100000000100 set
cpu-bind=MASK - ault01, task 17 17 [3401984]: mask 0x4000000004000000 set
cpu-bind=MASK - ault01, task 23 23 [3401990]: mask 0x20000000020000000 set
cpu-bind=MASK - ault01, task 14 14 [3401981]: mask 0x80000000080 set
cpu-bind=MASK - ault02, task 59 27 [1181522]: mask 0x80000000080000000 set
cpu-bind=MASK - ault02, task 38  6 [1181501]: mask 0x8000000008 set
cpu-bind=MASK - ault02, task 34  2 [1181497]: mask 0x2000000002 set
cpu-bind=MASK - ault02, task 37  5 [1181500]: mask 0x100000000100000 set
cpu-bind=MASK - ault02, task 32  0 [1181495]: mask 0x1000000001 set
cpu-bind=MASK - ault02, task 36  4 [1181499]: mask 0x4000000004 set
cpu-bind=MASK - ault02, task 40  8 [1181503]: mask 0x10000000010 set
cpu-bind=MASK - ault02, task 41  9 [1181504]: mask 0x400000000400000 set
cpu-bind=MASK - ault02, task 53 21 [1181516]: mask 0x10000000010000000 set
cpu-bind=MASK - ault02, task 54 22 [1181517]: mask 0x800000000800 set
cpu-bind=MASK - ault02, task 57 25 [1181520]: mask 0x40000000040000000 set
cpu-bind=MASK - ault02, task 58 26 [1181521]: mask 0x2000000002000 set
cpu-bind=MASK - ault02, task 62 30 [1181525]: mask 0x8000000008000 set
cpu-bind=MASK - ault02, task 63 31 [1181526]: mask 0x200000000200000000 set
cpu-bind=MASK - ault02, task 33  1 [1181496]: mask 0x40000000040000 set
cpu-bind=MASK - ault02, task 35  3 [1181498]: mask 0x80000000080000 set
cpu-bind=MASK - ault02, task 39  7 [1181502]: mask 0x200000000200000 set
cpu-bind=MASK - ault02, task 43 11 [1181506]: mask 0x800000000800000 set
cpu-bind=MASK - ault02, task 45 13 [1181508]: mask 0x1000000001000000 set
cpu-bind=MASK - ault02, task 46 14 [1181509]: mask 0x80000000080 set
cpu-bind=MASK - ault02, task 47 15 [1181510]: mask 0x2000000002000000 set
cpu-bind=MASK - ault02, task 48 16 [1181511]: mask 0x100000000100 set
cpu-bind=MASK - ault02, task 49 17 [1181512]: mask 0x4000000004000000 set
cpu-bind=MASK - ault02, task 50 18 [1181513]: mask 0x200000000200 set
cpu-bind=MASK - ault02, task 51 19 [1181514]: mask 0x8000000008000000 set
cpu-bind=MASK - ault02, task 55 23 [1181518]: mask 0x20000000020000000 set
cpu-bind=MASK - ault02, task 56 24 [1181519]: mask 0x1000000001000 set
cpu-bind=MASK - ault02, task 61 29 [1181524]: mask 0x100000000100000000 set
cpu-bind=MASK - ault02, task 44 12 [1181507]: mask 0x40000000040 set
cpu-bind=MASK - ault02, task 52 20 [1181515]: mask 0x400000000400 set
cpu-bind=MASK - ault02, task 60 28 [1181523]: mask 0x4000000004000 set
cpu-bind=MASK - ault02, task 42 10 [1181505]: mask 0x20000000020 set
Running problem size 18^3 per domain until completion
Num processors: 64
Total number of elements: 373248 

To run other sizes, use -s <integer>.
To run a fixed number of iterations, use -i <integer>.
To run a more or less balanced region set, use -b <integer>.
To change the relative costs of regions, use -c <integer>.
To print out progress, use -p
To write an output file for VisIt, use -v
See help (-h) for more options

Run completed:
   Problem size        =  18
   MPI tasks           =  64
   Iteration count     =  2477
   Final Origin Energy =  9.910021e+05
   Testing Plane 0 of Energy Array on rank 0:
        MaxAbsDiff   = 3.492460e-10
        TotalAbsDiff = 4.795538e-09
        MaxRelDiff   = 4.714887e-14

Elapsed time         = 64.11805028 (s)
Grind time (us/z/c)  =  4.4385057 (per dom)  (  64.11805 overall)
FOM                  =  14419.267 (z/s)

