SU3 with improved KS action
Microcanonical simulation with refreshing
R algorithm
MIMD version 7.8.1
Machine = MPI (portable), with 32 nodes
Host(0) = nid05109
Username = mcopik
Options selected...
Generic single precision
C_GLOBAL_INLINE
DBLSTORE_FN
D_FN_GATHER13
FEWSUMS
KS_MULTIFF=FNMAT
VECLENGTH=4
type 0 for no prompts, 1 for prompts, or 2 for proofreading
nflavors1 2
nflavors2 1
nx 16
ny 16
nz 8
nt 36
iseed 5682304
LAYOUT = Hypercubes, options = hyper_prime,
automatic hyper_prime layout
ON EACH NODE 4 x 8 x 8 x 9
Mallocing 2.3 MBytes per node for lattice
WARNING!!: Resetting random seed
Made lattice
Made nn gathers
Made 3nn gathers
Finished setup


warms 0
trajecs 4
traj_between_meas 1
beta 5.6
mass1 0.125
mass2 0.125
u0 0.8441
microcanonical_time_step 0.2
steps_per_trajectory 5
max_cg_iterations 100
max_cg_restarts 5
error_per_site 0.125
error_for_propagator 0.125
npbp_reps 1
prec_pbp 1
fresh 
save_parallel lat_p64_size64_1
unit gauge configuration loaded
CHECK PLAQ: 3.000000e+00 3.000000e+00
CHECK NERSC LINKTR: 1.000000e+00 CKSUM: 0
Unitarity checked.  Max deviation 0.00e+00
Time to check unitarity = 5.168915e-04
"O(a^2): couplings(pi)=0, Naik term, No O(a^2) errors, tadpole weights"
path coefficients: npath  path_coeff  multiplicity
                    0      6.250000e-01     8
                    1      -5.847914e-02     8
                    2      -8.771871e-02     48
                    3      3.077829e-02     192
                    4      -7.199551e-03     384
                    5      -1.231132e-01     48
Symanzik 1x1 + 1x2 + 1x1x1 action
gauge_action: total_dyn_flavors = 3
loop coefficients: nloop rep loop_coeff  multiplicity
                    0 0      1.000000e+00     6
                    1 0      -7.762509e-02     12
                    2 0      -1.031171e-02     16
WARMUPS COMPLETED
CONGRAD5: time = 8.354902e-03 (fn F) masses = 1 iters = 4 mflops = 1.309338e+03
 OK converged final_rsq= 0.006 (cf 0.016) rel = 1 (cf 0) restarts = 1 iters= 4
CONGRAD5: time = 7.390022e-03 (fn F) masses = 1 iters = 4 mflops = 1.480292e+03
 OK converged final_rsq= 0.0059 (cf 0.016) rel = 1 (cf 0) restarts = 1 iters= 4
GFTIME:   time = 1.158440e-01 (Symanzik1) mflops = 3.043068e+03
FFTIME:  time = 3.438270e-01 (asqtad3) terms = 2 mflops = 2.908039e+03
CONGRAD5: time = 7.713079e-03 (fn F) masses = 1 iters = 4 mflops = 1.418291e+03
 OK converged final_rsq= 0.01 (cf 0.016) rel = 1 (cf 0) restarts = 1 iters= 4
CONGRAD5: time = 7.134914e-03 (fn F) masses = 1 iters = 4 mflops = 1.533220e+03
 OK converged final_rsq= 0.0098 (cf 0.016) rel = 1 (cf 0) restarts = 1 iters= 4
GFTIME:   time = 1.152411e-01 (Symanzik1) mflops = 3.058990e+03
FFTIME:  time = 3.397670e-01 (asqtad3) terms = 2 mflops = 2.942788e+03
CONGRAD5: time = 7.277966e-03 (fn F) masses = 1 iters = 4 mflops = 1.503084e+03
 OK converged final_rsq= 0.014 (cf 0.016) rel = 1 (cf 0) restarts = 1 iters= 4
CONGRAD5: time = 7.164955e-03 (fn F) masses = 1 iters = 4 mflops = 1.526791e+03
 OK converged final_rsq= 0.014 (cf 0.016) rel = 1 (cf 0) restarts = 1 iters= 4
GFTIME:   time = 1.137450e-01 (Symanzik1) mflops = 3.099225e+03
FFTIME:  time = 3.416312e-01 (asqtad3) terms = 2 mflops = 2.926730e+03
CONGRAD5: time = 7.260084e-03 (fn F) masses = 1 iters = 4 mflops = 1.506786e+03
 OK converged final_rsq= 0.013 (cf 0.016) rel = 1 (cf 0) restarts = 1 iters= 4
CONGRAD5: time = 7.223129e-03 (fn F) masses = 1 iters = 4 mflops = 1.514495e+03
 OK converged final_rsq= 0.013 (cf 0.016) rel = 1 (cf 0) restarts = 1 iters= 4
GFTIME:   time = 1.149709e-01 (Symanzik1) mflops = 3.066177e+03
FFTIME:  time = 3.497159e-01 (asqtad3) terms = 2 mflops = 2.859070e+03
CONGRAD5: time = 7.171869e-03 (fn F) masses = 1 iters = 4 mflops = 1.525319e+03
 OK converged final_rsq= 0.011 (cf 0.016) rel = 1 (cf 0) restarts = 1 iters= 4
CONGRAD5: time = 7.070065e-03 (fn F) masses = 1 iters = 4 mflops = 1.547283e+03
 OK converged final_rsq= 0.011 (cf 0.016) rel = 1 (cf 0) restarts = 1 iters= 4
GFTIME:   time = 1.128449e-01 (Symanzik1) mflops = 3.123943e+03
FFTIME:  time = 3.435459e-01 (asqtad3) terms = 2 mflops = 2.910418e+03
PLAQ:	2.348046	2.347861
P_LOOP:	-6.323030e-03	-1.925636e-02
G_LOOP:  0  0  4   	2.346897e+00	( 0 1 7 6  )
G_LOOP:  0  1  4   	2.347695e+00	( 0 2 7 5  )
G_LOOP:  0  2  4   	2.348610e+00	( 0 3 7 4  )
G_LOOP:  0  3  4   	2.349546e+00	( 1 2 6 5  )
G_LOOP:  0  4  4   	2.347450e+00	( 1 3 6 4  )
G_LOOP:  0  5  4   	2.347524e+00	( 2 3 5 4  )
G_LOOP:  1  0  6   	1.770886e+00	( 0 0 1 7 7 6  )
G_LOOP:  1  1  6   	1.772085e+00	( 0 0 2 7 7 5  )
G_LOOP:  1  2  6   	1.772683e+00	( 0 0 3 7 7 4  )
G_LOOP:  1  3  6   	1.772206e+00	( 1 1 0 6 6 7  )
G_LOOP:  1  4  6   	1.778615e+00	( 1 1 2 6 6 5  )
G_LOOP:  1  5  6   	1.772779e+00	( 1 1 3 6 6 4  )
G_LOOP:  1  6  6   	1.774422e+00	( 2 2 0 5 5 7  )
G_LOOP:  1  7  6   	1.776307e+00	( 2 2 1 5 5 6  )
G_LOOP:  1  8  6   	1.772614e+00	( 2 2 3 5 5 4  )
G_LOOP:  1  9  6   	1.773361e+00	( 3 3 0 4 4 7  )
G_LOOP:  1  10  6   	1.772005e+00	( 3 3 1 4 4 6  )
G_LOOP:  1  11  6   	1.772996e+00	( 3 3 2 4 4 5  )
G_LOOP:  2  0  6   	1.819044e+00	( 0 1 2 7 6 5  )
G_LOOP:  2  1  6   	1.821657e+00	( 0 1 5 7 6 2  )
G_LOOP:  2  2  6   	1.822819e+00	( 0 6 2 7 1 5  )
G_LOOP:  2  3  6   	1.821404e+00	( 0 6 5 7 1 2  )
G_LOOP:  2  4  6   	1.821922e+00	( 0 1 3 7 6 4  )
G_LOOP:  2  5  6   	1.817338e+00	( 0 1 4 7 6 3  )
G_LOOP:  2  6  6   	1.820607e+00	( 0 6 3 7 1 4  )
G_LOOP:  2  7  6   	1.823181e+00	( 0 6 4 7 1 3  )
G_LOOP:  2  8  6   	1.818823e+00	( 0 2 3 7 5 4  )
G_LOOP:  2  9  6   	1.819541e+00	( 0 2 4 7 5 3  )
G_LOOP:  2  10  6   	1.822350e+00	( 0 5 3 7 2 4  )
G_LOOP:  2  11  6   	1.817598e+00	( 0 5 4 7 2 3  )
G_LOOP:  2  12  6   	1.821659e+00	( 1 2 3 6 5 4  )
G_LOOP:  2  13  6   	1.824220e+00	( 1 2 4 6 5 3  )
G_LOOP:  2  14  6   	1.821604e+00	( 1 5 3 6 2 4  )
G_LOOP:  2  15  6   	1.824104e+00	( 1 5 4 6 2 3  )
GACTION: 2.575211e+00
CONGRAD5: time = 7.153034e-03 (fn F) masses = 1 iters = 4 mflops = 1.529336e+03
 OK converged final_rsq= 0.01 (cf 0.016) rel = 1 (cf 0) restarts = 1 iters= 4
CONGRAD5: time = 9.505033e-03 (fn F) masses = 1 iters = 6 mflops = 1.726358e+03
 OK converged final_rsq= 0.0087 (cf 0.016) rel = 1 (cf 0) restarts = 1 iters= 6
PBP: mass 1.250000e-01     6.839631e-02  1.024361e-01  -6.252925e-04  -1.562877e-03 ( 1 of 1 )
FACTION: mass = 1.250000e-01,  1.470003e+00 ( 1 of 1 )
CONGRAD5: time = 7.014036e-03 (fn F) masses = 1 iters = 4 mflops = 1.559643e+03
 OK converged final_rsq= 0.01 (cf 0.016) rel = 1 (cf 0) restarts = 1 iters= 4
CONGRAD5: time = 9.495020e-03 (fn F) masses = 1 iters = 6 mflops = 1.728178e+03
 OK converged final_rsq= 0.0087 (cf 0.016) rel = 1 (cf 0) restarts = 1 iters= 6
PBP: mass 1.250000e-01     7.042779e-02  1.006423e-01  -2.239626e-03  -2.553548e-03 ( 1 of 1 )
FACTION: mass = 1.250000e-01,  1.472298e+00 ( 1 of 1 )
CONGRAD5: time = 7.143974e-03 (fn F) masses = 1 iters = 4 mflops = 1.531275e+03
 OK converged final_rsq= 0.012 (cf 0.016) rel = 1 (cf 0) restarts = 1 iters= 4
CONGRAD5: time = 7.025003e-03 (fn F) masses = 1 iters = 4 mflops = 1.557208e+03
 OK converged final_rsq= 0.011 (cf 0.016) rel = 1 (cf 0) restarts = 1 iters= 4
GFTIME:   time = 1.133931e-01 (Symanzik1) mflops = 3.108843e+03
FFTIME:  time = 3.937850e-01 (asqtad3) terms = 2 mflops = 2.539107e+03
CONGRAD5: time = 1.101089e-02 (fn F) masses = 1 iters = 5 mflops = 1.241884e+03
 OK converged final_rsq= 0.0069 (cf 0.016) rel = 1 (cf 0) restarts = 1 iters= 5
CONGRAD5: time = 7.055998e-03 (fn F) masses = 1 iters = 4 mflops = 1.550368e+03
 OK converged final_rsq= 0.015 (cf 0.016) rel = 1 (cf 0) restarts = 1 iters= 4
GFTIME:   time = 1.157260e-01 (Symanzik1) mflops = 3.046171e+03
FFTIME:  time = 3.378570e-01 (asqtad3) terms = 2 mflops = 2.959424e+03
CONGRAD5: time = 8.445024e-03 (fn F) masses = 1 iters = 5 mflops = 1.619207e+03
 OK converged final_rsq= 0.0088 (cf 0.016) rel = 1 (cf 0) restarts = 1 iters= 5
CONGRAD5: time = 8.253098e-03 (fn F) masses = 1 iters = 5 mflops = 1.656862e+03
 OK converged final_rsq= 0.0084 (cf 0.016) rel = 1 (cf 0) restarts = 1 iters= 5
GFTIME:   time = 1.130400e-01 (Symanzik1) mflops = 3.118554e+03
FFTIME:  time = 3.426330e-01 (asqtad3) terms = 2 mflops = 2.918173e+03
CONGRAD5: time = 8.919954e-03 (fn F) masses = 1 iters = 5 mflops = 1.532994e+03
 OK converged final_rsq= 0.0085 (cf 0.016) rel = 1 (cf 0) restarts = 1 iters= 5
CONGRAD5: time = 8.345842e-03 (fn F) masses = 1 iters = 5 mflops = 1.638449e+03
 OK converged final_rsq= 0.0083 (cf 0.016) rel = 1 (cf 0) restarts = 1 iters= 5
GFTIME:   time = 1.130879e-01 (Symanzik1) mflops = 3.117232e+03
FFTIME:  time = 3.449280e-01 (asqtad3) terms = 2 mflops = 2.898756e+03
CONGRAD5: time = 8.656025e-03 (fn F) masses = 1 iters = 5 mflops = 1.579737e+03
 OK converged final_rsq= 0.0074 (cf 0.016) rel = 1 (cf 0) restarts = 1 iters= 5
CONGRAD5: time = 6.981134e-03 (fn F) masses = 1 iters = 4 mflops = 1.566993e+03
 OK converged final_rsq= 0.015 (cf 0.016) rel = 1 (cf 0) restarts = 1 iters= 4
GFTIME:   time = 1.144290e-01 (Symanzik1) mflops = 3.080698e+03
FFTIME:  time = 3.685491e-01 (asqtad3) terms = 2 mflops = 2.712969e+03
PLAQ:	2.013197	2.012697
P_LOOP:	-9.701261e-03	-3.360078e-02
G_LOOP:  0  0  4   	2.010792e+00	( 0 1 7 6  )
G_LOOP:  0  1  4   	2.013326e+00	( 0 2 7 5  )
G_LOOP:  0  2  4   	2.011958e+00	( 0 3 7 4  )
G_LOOP:  0  3  4   	2.015472e+00	( 1 2 6 5  )
G_LOOP:  0  4  4   	2.013512e+00	( 1 3 6 4  )
G_LOOP:  0  5  4   	2.012622e+00	( 2 3 5 4  )
G_LOOP:  1  0  6   	1.296020e+00	( 0 0 1 7 7 6  )
G_LOOP:  1  1  6   	1.302380e+00	( 0 0 2 7 7 5  )
G_LOOP:  1  2  6   	1.300113e+00	( 0 0 3 7 7 4  )
G_LOOP:  1  3  6   	1.297978e+00	( 1 1 0 6 6 7  )
G_LOOP:  1  4  6   	1.302920e+00	( 1 1 2 6 6 5  )
G_LOOP:  1  5  6   	1.301147e+00	( 1 1 3 6 6 4  )
G_LOOP:  1  6  6   	1.301421e+00	( 2 2 0 5 5 7  )
G_LOOP:  1  7  6   	1.302576e+00	( 2 2 1 5 5 6  )
G_LOOP:  1  8  6   	1.298934e+00	( 2 2 3 5 5 4  )
G_LOOP:  1  9  6   	1.299910e+00	( 3 3 0 4 4 7  )
G_LOOP:  1  10  6   	1.299603e+00	( 3 3 1 4 4 6  )
G_LOOP:  1  11  6   	1.299806e+00	( 3 3 2 4 4 5  )
G_LOOP:  2  0  6   	1.339921e+00	( 0 1 2 7 6 5  )
G_LOOP:  2  1  6   	1.347332e+00	( 0 1 5 7 6 2  )
G_LOOP:  2  2  6   	1.347822e+00	( 0 6 2 7 1 5  )
G_LOOP:  2  3  6   	1.345578e+00	( 0 6 5 7 1 2  )
G_LOOP:  2  4  6   	1.348037e+00	( 0 1 3 7 6 4  )
G_LOOP:  2  5  6   	1.342259e+00	( 0 1 4 7 6 3  )
G_LOOP:  2  6  6   	1.341849e+00	( 0 6 3 7 1 4  )
G_LOOP:  2  7  6   	1.343166e+00	( 0 6 4 7 1 3  )
G_LOOP:  2  8  6   	1.344500e+00	( 0 2 3 7 5 4  )
G_LOOP:  2  9  6   	1.342721e+00	( 0 2 4 7 5 3  )
G_LOOP:  2  10  6   	1.346118e+00	( 0 5 3 7 2 4  )
G_LOOP:  2  11  6   	1.343245e+00	( 0 5 4 7 2 3  )
G_LOOP:  2  12  6   	1.346085e+00	( 1 2 3 6 5 4  )
G_LOOP:  2  13  6   	1.347991e+00	( 1 2 4 6 5 3  )
G_LOOP:  2  14  6   	1.347405e+00	( 1 5 3 6 2 4  )
G_LOOP:  2  15  6   	1.344994e+00	( 1 5 4 6 2 3  )
GACTION: 4.065920e+00
CONGRAD5: time = 9.252071e-03 (fn F) masses = 1 iters = 4 mflops = 1.182372e+03
 OK converged final_rsq= 0.014 (cf 0.016) rel = 1 (cf 0) restarts = 1 iters= 4
CONGRAD5: time = 1.173496e-02 (fn F) masses = 1 iters = 6 mflops = 1.398308e+03
 OK converged final_rsq= 0.013 (cf 0.016) rel = 1 (cf 0) restarts = 1 iters= 6
PBP: mass 1.250000e-01     8.666703e-02  1.656794e-01  8.855824e-04  1.540118e-03 ( 1 of 1 )
FACTION: mass = 1.250000e-01,  1.448829e+00 ( 1 of 1 )
CONGRAD5: time = 9.347916e-03 (fn F) masses = 1 iters = 4 mflops = 1.170249e+03
 OK converged final_rsq= 0.014 (cf 0.016) rel = 1 (cf 0) restarts = 1 iters= 4
CONGRAD5: time = 1.128507e-02 (fn F) masses = 1 iters = 6 mflops = 1.454053e+03
 OK converged final_rsq= 0.013 (cf 0.016) rel = 1 (cf 0) restarts = 1 iters= 6
PBP: mass 1.250000e-01     8.854628e-02  1.707834e-01  -1.891601e-04  1.187543e-04 ( 1 of 1 )
FACTION: mass = 1.250000e-01,  1.441431e+00 ( 1 of 1 )
CONGRAD5: time = 8.491993e-03 (fn F) masses = 1 iters = 5 mflops = 1.610251e+03
 OK converged final_rsq= 0.0075 (cf 0.016) rel = 1 (cf 0) restarts = 1 iters= 5
CONGRAD5: time = 7.041931e-03 (fn F) masses = 1 iters = 4 mflops = 1.553465e+03
 OK converged final_rsq= 0.015 (cf 0.016) rel = 1 (cf 0) restarts = 1 iters= 4
GFTIME:   time = 1.133840e-01 (Symanzik1) mflops = 3.109091e+03
FFTIME:  time = 3.452601e-01 (asqtad3) terms = 2 mflops = 2.895968e+03
CONGRAD5: time = 1.195383e-02 (fn F) masses = 1 iters = 5 mflops = 1.143921e+03
 OK converged final_rsq= 0.0094 (cf 0.016) rel = 1 (cf 0) restarts = 1 iters= 5
CONGRAD5: time = 1.184201e-02 (fn F) masses = 1 iters = 5 mflops = 1.154723e+03
 OK converged final_rsq= 0.0087 (cf 0.016) rel = 1 (cf 0) restarts = 1 iters= 5
GFTIME:   time = 1.644049e-01 (Symanzik1) mflops = 2.144226e+03
FFTIME:  time = 4.150538e-01 (asqtad3) terms = 2 mflops = 2.408994e+03
CONGRAD5: time = 1.071191e-02 (fn F) masses = 1 iters = 5 mflops = 1.276546e+03
 OK converged final_rsq= 0.011 (cf 0.016) rel = 1 (cf 0) restarts = 1 iters= 5
CONGRAD5: time = 8.605957e-03 (fn F) masses = 1 iters = 5 mflops = 1.588927e+03
 OK converged final_rsq= 0.01 (cf 0.016) rel = 1 (cf 0) restarts = 1 iters= 5
GFTIME:   time = 1.193569e-01 (Symanzik1) mflops = 2.953506e+03
FFTIME:  time = 3.390269e-01 (asqtad3) terms = 2 mflops = 2.949212e+03
CONGRAD5: time = 9.099960e-03 (fn F) masses = 1 iters = 5 mflops = 1.502670e+03
 OK converged final_rsq= 0.011 (cf 0.016) rel = 1 (cf 0) restarts = 1 iters= 5
CONGRAD5: time = 8.573055e-03 (fn F) masses = 1 iters = 5 mflops = 1.595025e+03
 OK converged final_rsq= 0.01 (cf 0.016) rel = 1 (cf 0) restarts = 1 iters= 5
GFTIME:   time = 1.149919e-01 (Symanzik1) mflops = 3.065618e+03
FFTIME:  time = 3.416600e-01 (asqtad3) terms = 2 mflops = 2.926483e+03
CONGRAD5: time = 8.455992e-03 (fn F) masses = 1 iters = 5 mflops = 1.617107e+03
 OK converged final_rsq= 0.0099 (cf 0.016) rel = 1 (cf 0) restarts = 1 iters= 5
CONGRAD5: time = 8.322001e-03 (fn F) masses = 1 iters = 5 mflops = 1.643143e+03
 OK converged final_rsq= 0.0095 (cf 0.016) rel = 1 (cf 0) restarts = 1 iters= 5
GFTIME:   time = 1.154459e-01 (Symanzik1) mflops = 3.053563e+03
FFTIME:  time = 3.458610e-01 (asqtad3) terms = 2 mflops = 2.890937e+03
PLAQ:	1.791285	1.791269
P_LOOP:	-6.432483e-03	-5.703914e-03
G_LOOP:  0  0  4   	1.790148e+00	( 0 1 7 6  )
G_LOOP:  0  1  4   	1.791518e+00	( 0 2 7 5  )
G_LOOP:  0  2  4   	1.792043e+00	( 0 3 7 4  )
G_LOOP:  0  3  4   	1.792188e+00	( 1 2 6 5  )
G_LOOP:  0  4  4   	1.790762e+00	( 1 3 6 4  )
G_LOOP:  0  5  4   	1.791001e+00	( 2 3 5 4  )
G_LOOP:  1  0  6   	1.019748e+00	( 0 0 1 7 7 6  )
G_LOOP:  1  1  6   	1.025132e+00	( 0 0 2 7 7 5  )
G_LOOP:  1  2  6   	1.023343e+00	( 0 0 3 7 7 4  )
G_LOOP:  1  3  6   	1.020574e+00	( 1 1 0 6 6 7  )
G_LOOP:  1  4  6   	1.021528e+00	( 1 1 2 6 6 5  )
G_LOOP:  1  5  6   	1.025131e+00	( 1 1 3 6 6 4  )
G_LOOP:  1  6  6   	1.026650e+00	( 2 2 0 5 5 7  )
G_LOOP:  1  7  6   	1.018998e+00	( 2 2 1 5 5 6  )
G_LOOP:  1  8  6   	1.019490e+00	( 2 2 3 5 5 4  )
G_LOOP:  1  9  6   	1.025211e+00	( 3 3 0 4 4 7  )
G_LOOP:  1  10  6   	1.026625e+00	( 3 3 1 4 4 6  )
G_LOOP:  1  11  6   	1.022026e+00	( 3 3 2 4 4 5  )
G_LOOP:  2  0  6   	1.057034e+00	( 0 1 2 7 6 5  )
G_LOOP:  2  1  6   	1.059629e+00	( 0 1 5 7 6 2  )
G_LOOP:  2  2  6   	1.056571e+00	( 0 6 2 7 1 5  )
G_LOOP:  2  3  6   	1.053607e+00	( 0 6 5 7 1 2  )
G_LOOP:  2  4  6   	1.063099e+00	( 0 1 3 7 6 4  )
G_LOOP:  2  5  6   	1.054479e+00	( 0 1 4 7 6 3  )
G_LOOP:  2  6  6   	1.050944e+00	( 0 6 3 7 1 4  )
G_LOOP:  2  7  6   	1.056895e+00	( 0 6 4 7 1 3  )
G_LOOP:  2  8  6   	1.054540e+00	( 0 2 3 7 5 4  )
G_LOOP:  2  9  6   	1.059955e+00	( 0 2 4 7 5 3  )
G_LOOP:  2  10  6   	1.063218e+00	( 0 5 3 7 2 4  )
G_LOOP:  2  11  6   	1.057845e+00	( 0 5 4 7 2 3  )
G_LOOP:  2  12  6   	1.060030e+00	( 1 2 3 6 5 4  )
G_LOOP:  2  13  6   	1.055929e+00	( 1 2 4 6 5 3  )
G_LOOP:  2  14  6   	1.056636e+00	( 1 5 3 6 2 4  )
G_LOOP:  2  15  6   	1.057973e+00	( 1 5 4 6 2 3  )
GACTION: 5.090137e+00
CONGRAD5: time = 9.238005e-03 (fn F) masses = 1 iters = 5 mflops = 1.480216e+03
 OK converged final_rsq= 0.0085 (cf 0.016) rel = 1 (cf 0) restarts = 1 iters= 5
CONGRAD5: time = 9.814978e-03 (fn F) masses = 1 iters = 6 mflops = 1.671842e+03
 OK converged final_rsq= 0.015 (cf 0.016) rel = 1 (cf 0) restarts = 1 iters= 6
PBP: mass 1.250000e-01     1.097814e-01  3.050916e-01  6.159745e-04  1.073530e-03 ( 1 of 1 )
FACTION: mass = 1.250000e-01,  1.454408e+00 ( 1 of 1 )
CONGRAD5: time = 8.648157e-03 (fn F) masses = 1 iters = 5 mflops = 1.581174e+03
 OK converged final_rsq= 0.0085 (cf 0.016) rel = 1 (cf 0) restarts = 1 iters= 5
CONGRAD5: time = 1.047802e-02 (fn F) masses = 1 iters = 6 mflops = 1.566049e+03
 OK converged final_rsq= 0.015 (cf 0.016) rel = 1 (cf 0) restarts = 1 iters= 6
PBP: mass 1.250000e-01     1.050922e-01  3.076434e-01  3.700241e-03  3.379920e-03 ( 1 of 1 )
FACTION: mass = 1.250000e-01,  1.453909e+00 ( 1 of 1 )
CONGRAD5: time = 9.911060e-03 (fn F) masses = 1 iters = 5 mflops = 1.379695e+03
 OK converged final_rsq= 0.01 (cf 0.016) rel = 1 (cf 0) restarts = 1 iters= 5
CONGRAD5: time = 9.979010e-03 (fn F) masses = 1 iters = 5 mflops = 1.370300e+03
 OK converged final_rsq= 0.0097 (cf 0.016) rel = 1 (cf 0) restarts = 1 iters= 5
GFTIME:   time = 1.138740e-01 (Symanzik1) mflops = 3.095714e+03
FFTIME:  time = 3.404651e-01 (asqtad3) terms = 2 mflops = 2.936754e+03
CONGRAD5: time = 8.404970e-03 (fn F) masses = 1 iters = 5 mflops = 1.626923e+03
 OK converged final_rsq= 0.012 (cf 0.016) rel = 1 (cf 0) restarts = 1 iters= 5
CONGRAD5: time = 8.230925e-03 (fn F) masses = 1 iters = 5 mflops = 1.661325e+03
 OK converged final_rsq= 0.011 (cf 0.016) rel = 1 (cf 0) restarts = 1 iters= 5
GFTIME:   time = 1.138299e-01 (Symanzik1) mflops = 3.096914e+03
FFTIME:  time = 3.944941e-01 (asqtad3) terms = 2 mflops = 2.534543e+03
CONGRAD5: time = 1.000881e-02 (fn F) masses = 1 iters = 5 mflops = 1.366220e+03
 OK converged final_rsq= 0.012 (cf 0.016) rel = 1 (cf 0) restarts = 1 iters= 5
CONGRAD5: time = 8.793116e-03 (fn F) masses = 1 iters = 5 mflops = 1.555107e+03
 OK converged final_rsq= 0.012 (cf 0.016) rel = 1 (cf 0) restarts = 1 iters= 5
GFTIME:   time = 1.163421e-01 (Symanzik1) mflops = 3.030041e+03
FFTIME:  time = 3.395779e-01 (asqtad3) terms = 2 mflops = 2.944427e+03
CONGRAD5: time = 8.342981e-03 (fn F) masses = 1 iters = 5 mflops = 1.639011e+03
 OK converged final_rsq= 0.012 (cf 0.016) rel = 1 (cf 0) restarts = 1 iters= 5
CONGRAD5: time = 8.384943e-03 (fn F) masses = 1 iters = 5 mflops = 1.630809e+03
 OK converged final_rsq= 0.012 (cf 0.016) rel = 1 (cf 0) restarts = 1 iters= 5
GFTIME:   time = 1.176441e-01 (Symanzik1) mflops = 2.996506e+03
FFTIME:  time = 3.428240e-01 (asqtad3) terms = 2 mflops = 2.916547e+03
CONGRAD5: time = 8.370161e-03 (fn F) masses = 1 iters = 5 mflops = 1.633689e+03
 OK converged final_rsq= 0.012 (cf 0.016) rel = 1 (cf 0) restarts = 1 iters= 5
CONGRAD5: time = 8.222103e-03 (fn F) masses = 1 iters = 5 mflops = 1.663107e+03
 OK converged final_rsq= 0.011 (cf 0.016) rel = 1 (cf 0) restarts = 1 iters= 5
GFTIME:   time = 1.148400e-01 (Symanzik1) mflops = 3.069672e+03
FFTIME:  time = 3.439581e-01 (asqtad3) terms = 2 mflops = 2.906930e+03
PLAQ:	1.644329	1.645266
P_LOOP:	-6.709792e-03	2.457538e-02
G_LOOP:  0  0  4   	1.645259e+00	( 0 1 7 6  )
G_LOOP:  0  1  4   	1.644887e+00	( 0 2 7 5  )
G_LOOP:  0  2  4   	1.648300e+00	( 0 3 7 4  )
G_LOOP:  0  3  4   	1.642841e+00	( 1 2 6 5  )
G_LOOP:  0  4  4   	1.643302e+00	( 1 3 6 4  )
G_LOOP:  0  5  4   	1.644196e+00	( 2 3 5 4  )
G_LOOP:  1  0  6   	8.570332e-01	( 0 0 1 7 7 6  )
G_LOOP:  1  1  6   	8.564349e-01	( 0 0 2 7 7 5  )
G_LOOP:  1  2  6   	8.575904e-01	( 0 0 3 7 7 4  )
G_LOOP:  1  3  6   	8.546200e-01	( 1 1 0 6 6 7  )
G_LOOP:  1  4  6   	8.518105e-01	( 1 1 2 6 6 5  )
G_LOOP:  1  5  6   	8.528352e-01	( 1 1 3 6 6 4  )
G_LOOP:  1  6  6   	8.522190e-01	( 2 2 0 5 5 7  )
G_LOOP:  1  7  6   	8.538568e-01	( 2 2 1 5 5 6  )
G_LOOP:  1  8  6   	8.539536e-01	( 2 2 3 5 5 4  )
G_LOOP:  1  9  6   	8.538749e-01	( 3 3 0 4 4 7  )
G_LOOP:  1  10  6   	8.509052e-01	( 3 3 1 4 4 6  )
G_LOOP:  1  11  6   	8.542319e-01	( 3 3 2 4 4 5  )
G_LOOP:  2  0  6   	8.757616e-01	( 0 1 2 7 6 5  )
G_LOOP:  2  1  6   	8.783519e-01	( 0 1 5 7 6 2  )
G_LOOP:  2  2  6   	8.732871e-01	( 0 6 2 7 1 5  )
G_LOOP:  2  3  6   	8.757185e-01	( 0 6 5 7 1 2  )
G_LOOP:  2  4  6   	8.808826e-01	( 0 1 3 7 6 4  )
G_LOOP:  2  5  6   	8.805856e-01	( 0 1 4 7 6 3  )
G_LOOP:  2  6  6   	8.736942e-01	( 0 6 3 7 1 4  )
G_LOOP:  2  7  6   	8.766187e-01	( 0 6 4 7 1 3  )
G_LOOP:  2  8  6   	8.765765e-01	( 0 2 3 7 5 4  )
G_LOOP:  2  9  6   	8.804759e-01	( 0 2 4 7 5 3  )
G_LOOP:  2  10  6   	8.758448e-01	( 0 5 3 7 2 4  )
G_LOOP:  2  11  6   	8.745625e-01	( 0 5 4 7 2 3  )
G_LOOP:  2  12  6   	8.722904e-01	( 1 2 3 6 5 4  )
G_LOOP:  2  13  6   	8.801306e-01	( 1 2 4 6 5 3  )
G_LOOP:  2  14  6   	8.763059e-01	( 1 5 3 6 2 4  )
G_LOOP:  2  15  6   	8.742140e-01	( 1 5 4 6 2 3  )
GACTION: 5.781983e+00
CONGRAD5: time = 8.666039e-03 (fn F) masses = 1 iters = 5 mflops = 1.577911e+03
 OK converged final_rsq= 0.01 (cf 0.016) rel = 1 (cf 0) restarts = 1 iters= 5
CONGRAD5: time = 1.132298e-02 (fn F) masses = 1 iters = 7 mflops = 1.690716e+03
 OK converged final_rsq= 0.0082 (cf 0.016) rel = 1 (cf 0) restarts = 1 iters= 7
PBP: mass 1.250000e-01     1.244008e-01  3.278295e-01  1.524636e-03  4.785546e-05 ( 1 of 1 )
FACTION: mass = 1.250000e-01,  1.429116e+00 ( 1 of 1 )
CONGRAD5: time = 8.877039e-03 (fn F) masses = 1 iters = 5 mflops = 1.540406e+03
 OK converged final_rsq= 0.01 (cf 0.016) rel = 1 (cf 0) restarts = 1 iters= 5
CONGRAD5: time = 1.124597e-02 (fn F) masses = 1 iters = 7 mflops = 1.702294e+03
 OK converged final_rsq= 0.0083 (cf 0.016) rel = 1 (cf 0) restarts = 1 iters= 7
PBP: mass 1.250000e-01     1.240261e-01  3.300110e-01  -6.302996e-04  -4.874612e-04 ( 1 of 1 )
FACTION: mass = 1.250000e-01,  1.440693e+00 ( 1 of 1 )
RUNNING COMPLETED
average cg iters for step= 1.100000e+01
Time = 1.395616e+01 seconds
total_iters = 552
Checksums eb39cb37 375da3b2
Saved gauge configuration in parallel to binary file lat_p64_size64_1
Time stamp Wed May 18 19:12:38 2022
Wrote info file lat_p64_size64_1.info
Time to save = 2.452650e-01
CHECK PLAQ: 1.644329e+00 1.645266e+00
CHECK NERSC LINKTR: 1.712149e-01 CKSUM: b2397a8b


warms 0
trajecs 4
traj_between_meas 1
beta 5.6
mass1 0.01
mass2 0.01
u0 0.8441
microcanonical_time_step 0.02
steps_per_trajectory 15
max_cg_iterations 300
max_cg_restarts 5
error_per_site 1e-05
error_for_propagator 1e-05
npbp_reps 1
prec_pbp 1
reload_parallel lat_p64_size64_1
save_parallel lat_p64_size64_2
Restored binary gauge configuration in parallel from file lat_p64_size64_1
Time stamp Wed May 18 19:12:38 2022
Checksums eb39cb37 375da3b2 OK
Time to reload gauge configuration = 1.567478e-01
CHECK PLAQ: 1.644329e+00 1.645266e+00
CHECK NERSC LINKTR: 1.712149e-01 CKSUM: b2397a8b
Unitarity checked.  Max deviation 2.98e-07
Time to check unitarity = 3.876925e-03
"O(a^2): couplings(pi)=0, Naik term, No O(a^2) errors, tadpole weights"
path coefficients: npath  path_coeff  multiplicity
                    0      6.250000e-01     8
                    1      -5.847914e-02     8
                    2      -8.771871e-02     48
                    3      3.077829e-02     192
                    4      -7.199551e-03     384
                    5      -1.231132e-01     48
Symanzik 1x1 + 1x2 + 1x1x1 action
gauge_action: total_dyn_flavors = 3
loop coefficients: nloop rep loop_coeff  multiplicity
                    0 0      1.000000e+00     6
                    1 0      -7.762509e-02     12
                    2 0      -1.031171e-02     16
WARMUPS COMPLETED
CONGRAD5: time = 8.058271e-01 (fn F) masses = 1 iters = 602 mflops = 2.043091e+03
 OK converged final_rsq= 8.7e-11 (cf 1e-10) rel = 1 (cf 0) restarts = 3 iters= 602
CONGRAD5: time = 7.514451e-01 (fn F) masses = 1 iters = 602 mflops = 2.190950e+03
 OK converged final_rsq= 5.9e-11 (cf 1e-10) rel = 1 (cf 0) restarts = 3 iters= 602
GFTIME:   time = 1.178880e-01 (Symanzik1) mflops = 2.990307e+03
FFTIME:  time = 3.571110e-01 (asqtad3) terms = 2 mflops = 2.799864e+03
CONGRAD5: time = 8.910179e-01 (fn F) masses = 1 iters = 697 mflops = 2.139339e+03
 OK converged final_rsq= 1e-10 (cf 1e-10) rel = 1 (cf 0) restarts = 3 iters= 697
CONGRAD5: time = 7.865849e-01 (fn F) masses = 1 iters = 602 mflops = 2.093072e+03
 OK converged final_rsq= 8.1e-11 (cf 1e-10) rel = 1 (cf 0) restarts = 3 iters= 602
GFTIME:   time = 1.134169e-01 (Symanzik1) mflops = 3.108189e+03
FFTIME:  time = 4.003000e-01 (asqtad3) terms = 2 mflops = 2.497782e+03
CONGRAD5: time = 8.714390e-01 (fn F) masses = 1 iters = 696 mflops = 2.184266e+03
 OK converged final_rsq= 9.8e-11 (cf 1e-10) rel = 1 (cf 0) restarts = 3 iters= 696
CONGRAD5: time = 7.667022e-01 (fn F) masses = 1 iters = 602 mflops = 2.147351e+03
 OK converged final_rsq= 4.9e-11 (cf 1e-10) rel = 1 (cf 0) restarts = 3 iters= 602
GFTIME:   time = 1.320071e-01 (Symanzik1) mflops = 2.670471e+03
FFTIME:  time = 3.683381e-01 (asqtad3) terms = 2 mflops = 2.714523e+03
CONGRAD5: time = 9.260659e-01 (fn F) masses = 1 iters = 736 mflops = 2.173547e+03
 OK converged final_rsq= 5e-11 (cf 1e-10) rel = 1 (cf 0) restarts = 4 iters= 736
CONGRAD5: time = 7.889490e-01 (fn F) masses = 1 iters = 602 mflops = 2.086800e+03
 OK converged final_rsq= 6.1e-11 (cf 1e-10) rel = 1 (cf 0) restarts = 3 iters= 602
GFTIME:   time = 1.410720e-01 (Symanzik1) mflops = 2.498874e+03
FFTIME:  time = 3.599401e-01 (asqtad3) terms = 2 mflops = 2.777858e+03
CONGRAD5: time = 9.090509e-01 (fn F) masses = 1 iters = 712 mflops = 2.142027e+03
 OK converged final_rsq= 9.9e-11 (cf 1e-10) rel = 1 (cf 0) restarts = 3 iters= 712
CONGRAD5: time = 8.354890e-01 (fn F) masses = 1 iters = 602 mflops = 1.970557e+03
 OK converged final_rsq= 4.4e-11 (cf 1e-10) rel = 1 (cf 0) restarts = 3 iters= 602
GFTIME:   time = 1.334040e-01 (Symanzik1) mflops = 2.642508e+03
FFTIME:  time = 3.677649e-01 (asqtad3) terms = 2 mflops = 2.718754e+03
CONGRAD5: time = 9.651451e-01 (fn F) masses = 1 iters = 723 mflops = 2.048702e+03
 OK converged final_rsq= 9.9e-11 (cf 1e-10) rel = 1 (cf 0) restarts = 3 iters= 723
CONGRAD5: time = 8.705108e-01 (fn F) masses = 1 iters = 694 mflops = 2.180311e+03
 OK converged final_rsq= 9.9e-11 (cf 1e-10) rel = 1 (cf 0) restarts = 3 iters= 694
GFTIME:   time = 1.192420e-01 (Symanzik1) mflops = 2.956352e+03
FFTIME:  time = 3.405950e-01 (asqtad3) terms = 2 mflops = 2.935634e+03
CONGRAD5: time = 8.906920e-01 (fn F) masses = 1 iters = 702 mflops = 2.155474e+03
 OK converged final_rsq= 9.9e-11 (cf 1e-10) rel = 1 (cf 0) restarts = 3 iters= 702
CONGRAD5: time = 8.656712e-01 (fn F) masses = 1 iters = 691 mflops = 2.183023e+03
 OK converged final_rsq= 9.9e-11 (cf 1e-10) rel = 1 (cf 0) restarts = 3 iters= 691
GFTIME:   time = 1.129780e-01 (Symanzik1) mflops = 3.120265e+03
FFTIME:  time = 3.765349e-01 (asqtad3) terms = 2 mflops = 2.655430e+03
CONGRAD5: time = 9.331110e-01 (fn F) masses = 1 iters = 747 mflops = 2.189377e+03
 OK converged final_rsq= 5e-11 (cf 1e-10) rel = 1 (cf 0) restarts = 4 iters= 747
CONGRAD5: time = 8.795068e-01 (fn F) masses = 1 iters = 698 mflops = 2.170448e+03
 OK converged final_rsq= 9.9e-11 (cf 1e-10) rel = 1 (cf 0) restarts = 3 iters= 698
GFTIME:   time = 1.196709e-01 (Symanzik1) mflops = 2.945756e+03
FFTIME:  time = 3.604081e-01 (asqtad3) terms = 2 mflops = 2.774251e+03
CONGRAD5: time = 7.502730e-01 (fn F) masses = 1 iters = 602 mflops = 2.194373e+03
 OK converged final_rsq= 6.1e-11 (cf 1e-10) rel = 1 (cf 0) restarts = 3 iters= 602
CONGRAD5: time = 8.204150e-01 (fn F) masses = 1 iters = 602 mflops = 2.006763e+03
 OK converged final_rsq= 8.1e-11 (cf 1e-10) rel = 1 (cf 0) restarts = 3 iters= 602
GFTIME:   time = 1.390169e-01 (Symanzik1) mflops = 2.535816e+03
FFTIME:  time = 3.665230e-01 (asqtad3) terms = 2 mflops = 2.727966e+03
CONGRAD5: time = 9.408460e-01 (fn F) masses = 1 iters = 733 mflops = 2.130682e+03
 OK converged final_rsq= 1e-10 (cf 1e-10) rel = 1 (cf 0) restarts = 3 iters= 733
CONGRAD5: time = 8.883290e-01 (fn F) masses = 1 iters = 687 mflops = 2.115028e+03
 OK converged final_rsq= 5e-11 (cf 1e-10) rel = 1 (cf 0) restarts = 4 iters= 687
GFTIME:   time = 1.242518e-01 (Symanzik1) mflops = 2.837151e+03
FFTIME:  time = 3.399589e-01 (asqtad3) terms = 2 mflops = 2.941127e+03
CONGRAD5: time = 9.248331e-01 (fn F) masses = 1 iters = 702 mflops = 2.075903e+03
 OK converged final_rsq= 1e-10 (cf 1e-10) rel = 1 (cf 0) restarts = 3 iters= 702
CONGRAD5: time = 8.966830e-01 (fn F) masses = 1 iters = 714 mflops = 2.177672e+03
 OK converged final_rsq= 9.9e-11 (cf 1e-10) rel = 1 (cf 0) restarts = 3 iters= 714
GFTIME:   time = 1.211300e-01 (Symanzik1) mflops = 2.910272e+03
FFTIME:  time = 3.463352e-01 (asqtad3) terms = 2 mflops = 2.886979e+03
CONGRAD5: time = 9.940190e-01 (fn F) masses = 1 iters = 736 mflops = 2.024959e+03
 OK converged final_rsq= 5e-11 (cf 1e-10) rel = 1 (cf 0) restarts = 4 iters= 736
CONGRAD5: time = 9.208319e-01 (fn F) masses = 1 iters = 691 mflops = 2.052253e+03
 OK converged final_rsq= 1e-10 (cf 1e-10) rel = 1 (cf 0) restarts = 3 iters= 691
GFTIME:   time = 1.432121e-01 (Symanzik1) mflops = 2.461533e+03
FFTIME:  time = 3.654850e-01 (asqtad3) terms = 2 mflops = 2.735714e+03
CONGRAD5: time = 7.680960e-01 (fn F) masses = 1 iters = 602 mflops = 2.143454e+03
 OK converged final_rsq= 5.9e-11 (cf 1e-10) rel = 1 (cf 0) restarts = 3 iters= 602
CONGRAD5: time = 8.876781e-01 (fn F) masses = 1 iters = 704 mflops = 2.168954e+03
 OK converged final_rsq= 9.9e-11 (cf 1e-10) rel = 1 (cf 0) restarts = 3 iters= 704
GFTIME:   time = 1.159730e-01 (Symanzik1) mflops = 3.039684e+03
FFTIME:  time = 3.422389e-01 (asqtad3) terms = 2 mflops = 2.921533e+03
CONGRAD5: time = 9.103260e-01 (fn F) masses = 1 iters = 722 mflops = 2.169069e+03
 OK converged final_rsq= 1e-10 (cf 1e-10) rel = 1 (cf 0) restarts = 3 iters= 722
CONGRAD5: time = 8.912630e-01 (fn F) masses = 1 iters = 714 mflops = 2.190915e+03
 OK converged final_rsq= 9.9e-11 (cf 1e-10) rel = 1 (cf 0) restarts = 3 iters= 714
GFTIME:   time = 1.394150e-01 (Symanzik1) mflops = 2.528574e+03
FFTIME:  time = 3.495281e-01 (asqtad3) terms = 2 mflops = 2.860606e+03
CONGRAD5: time = 9.327271e-01 (fn F) masses = 1 iters = 734 mflops = 2.152161e+03
 OK converged final_rsq= 5e-11 (cf 1e-10) rel = 1 (cf 0) restarts = 4 iters= 734
CONGRAD5: time = 9.208798e-01 (fn F) masses = 1 iters = 730 mflops = 2.167969e+03
 OK converged final_rsq= 5e-11 (cf 1e-10) rel = 1 (cf 0) restarts = 4 iters= 730
GFTIME:   time = 1.130230e-01 (Symanzik1) mflops = 3.119021e+03
FFTIME:  time = 3.374510e-01 (asqtad3) terms = 2 mflops = 2.962985e+03
PLAQ:	1.539774	1.537947
P_LOOP:	2.137525e-02	-1.868548e-03
G_LOOP:  0  0  4   	1.540746e+00	( 0 1 7 6  )
G_LOOP:  0  1  4   	1.540140e+00	( 0 2 7 5  )
G_LOOP:  0  2  4   	1.541719e+00	( 0 3 7 4  )
G_LOOP:  0  3  4   	1.538434e+00	( 1 2 6 5  )
G_LOOP:  0  4  4   	1.537550e+00	( 1 3 6 4  )
G_LOOP:  0  5  4   	1.534573e+00	( 2 3 5 4  )
G_LOOP:  1  0  6   	7.790819e-01	( 0 0 1 7 7 6  )
G_LOOP:  1  1  6   	7.799391e-01	( 0 0 2 7 7 5  )
G_LOOP:  1  2  6   	7.791043e-01	( 0 0 3 7 7 4  )
G_LOOP:  1  3  6   	7.764447e-01	( 1 1 0 6 6 7  )
G_LOOP:  1  4  6   	7.782270e-01	( 1 1 2 6 6 5  )
G_LOOP:  1  5  6   	7.747586e-01	( 1 1 3 6 6 4  )
G_LOOP:  1  6  6   	7.836418e-01	( 2 2 0 5 5 7  )
G_LOOP:  1  7  6   	7.799032e-01	( 2 2 1 5 5 6  )
G_LOOP:  1  8  6   	7.734723e-01	( 2 2 3 5 5 4  )
G_LOOP:  1  9  6   	7.777085e-01	( 3 3 0 4 4 7  )
G_LOOP:  1  10  6   	7.756252e-01	( 3 3 1 4 4 6  )
G_LOOP:  1  11  6   	7.764703e-01	( 3 3 2 4 4 5  )
G_LOOP:  2  0  6   	7.994985e-01	( 0 1 2 7 6 5  )
G_LOOP:  2  1  6   	7.979915e-01	( 0 1 5 7 6 2  )
G_LOOP:  2  2  6   	7.953705e-01	( 0 6 2 7 1 5  )
G_LOOP:  2  3  6   	8.003053e-01	( 0 6 5 7 1 2  )
G_LOOP:  2  4  6   	8.009586e-01	( 0 1 3 7 6 4  )
G_LOOP:  2  5  6   	7.984360e-01	( 0 1 4 7 6 3  )
G_LOOP:  2  6  6   	7.979490e-01	( 0 6 3 7 1 4  )
G_LOOP:  2  7  6   	7.995333e-01	( 0 6 4 7 1 3  )
G_LOOP:  2  8  6   	7.957329e-01	( 0 2 3 7 5 4  )
G_LOOP:  2  9  6   	7.977878e-01	( 0 2 4 7 5 3  )
G_LOOP:  2  10  6   	7.963617e-01	( 0 5 3 7 2 4  )
G_LOOP:  2  11  6   	7.972991e-01	( 0 5 4 7 2 3  )
G_LOOP:  2  12  6   	7.945366e-01	( 1 2 3 6 5 4  )
G_LOOP:  2  13  6   	8.011747e-01	( 1 2 4 6 5 3  )
G_LOOP:  2  14  6   	7.986753e-01	( 1 5 3 6 2 4  )
G_LOOP:  2  15  6   	7.990682e-01	( 1 5 4 6 2 3  )
GACTION: 6.333642e+00
CONGRAD5: time = 9.401751e-01 (fn F) masses = 1 iters = 710 mflops = 2.065298e+03
 OK converged final_rsq= 9.9e-11 (cf 1e-10) rel = 1 (cf 0) restarts = 3 iters= 710
CONGRAD5: time = 1.045148e-01 (fn F) masses = 1 iters = 79 mflops = 2.067199e+03
 OK converged final_rsq= 9.7e-11 (cf 1e-10) rel = 1 (cf 0) restarts = 1 iters= 79
PBP: mass 1.000000e-02     5.439549e-02  3.149370e-02  7.460282e-03  7.456457e-03 ( 1 of 1 )
FACTION: mass = 1.000000e-02,  1.500299e+00 ( 1 of 1 )
CONGRAD5: time = 8.867571e-01 (fn F) masses = 1 iters = 701 mflops = 2.161954e+03
 OK converged final_rsq= 5e-11 (cf 1e-10) rel = 1 (cf 0) restarts = 4 iters= 701
CONGRAD5: time = 9.247303e-02 (fn F) masses = 1 iters = 73 mflops = 2.158942e+03
 OK converged final_rsq= 9.9e-11 (cf 1e-10) rel = 1 (cf 0) restarts = 1 iters= 73
PBP: mass 1.000000e-02     5.045901e-02  4.403169e-02  -3.122000e-03  -3.124954e-03 ( 1 of 1 )
FACTION: mass = 1.000000e-02,  1.498603e+00 ( 1 of 1 )
CONGRAD5: time = 9.144652e-01 (fn F) masses = 1 iters = 724 mflops = 2.165233e+03
 OK converged final_rsq= 9.8e-11 (cf 1e-10) rel = 1 (cf 0) restarts = 3 iters= 724
CONGRAD5: time = 8.540189e-01 (fn F) masses = 1 iters = 685 mflops = 2.193594e+03
 OK converged final_rsq= 9.8e-11 (cf 1e-10) rel = 1 (cf 0) restarts = 3 iters= 685
GFTIME:   time = 1.165709e-01 (Symanzik1) mflops = 3.024091e+03
FFTIME:  time = 3.909481e-01 (asqtad3) terms = 2 mflops = 2.557532e+03
CONGRAD5: time = 9.531260e-01 (fn F) masses = 1 iters = 746 mflops = 2.140532e+03
 OK converged final_rsq= 5e-11 (cf 1e-10) rel = 1 (cf 0) restarts = 4 iters= 746
CONGRAD5: time = 7.693670e-01 (fn F) masses = 1 iters = 602 mflops = 2.139913e+03
 OK converged final_rsq= 7.6e-11 (cf 1e-10) rel = 1 (cf 0) restarts = 3 iters= 602
GFTIME:   time = 1.198878e-01 (Symanzik1) mflops = 2.940425e+03
FFTIME:  time = 3.448250e-01 (asqtad3) terms = 2 mflops = 2.899622e+03
CONGRAD5: time = 9.111972e-01 (fn F) masses = 1 iters = 729 mflops = 2.188005e+03
 OK converged final_rsq= 5e-11 (cf 1e-10) rel = 1 (cf 0) restarts = 4 iters= 729
CONGRAD5: time = 9.415901e-01 (fn F) masses = 1 iters = 711 mflops = 2.065099e+03
 OK converged final_rsq= 5e-11 (cf 1e-10) rel = 1 (cf 0) restarts = 4 iters= 711
GFTIME:   time = 1.554720e-01 (Symanzik1) mflops = 2.267425e+03
FFTIME:  time = 3.489871e-01 (asqtad3) terms = 2 mflops = 2.865041e+03
CONGRAD5: time = 8.869770e-01 (fn F) masses = 1 iters = 699 mflops = 2.155252e+03
 OK converged final_rsq= 5e-11 (cf 1e-10) rel = 1 (cf 0) restarts = 4 iters= 699
CONGRAD5: time = 9.095759e-01 (fn F) masses = 1 iters = 719 mflops = 2.161838e+03
 OK converged final_rsq= 1e-10 (cf 1e-10) rel = 1 (cf 0) restarts = 3 iters= 719
GFTIME:   time = 1.131661e-01 (Symanzik1) mflops = 3.115078e+03
FFTIME:  time = 3.378820e-01 (asqtad3) terms = 2 mflops = 2.959205e+03
CONGRAD5: time = 9.752531e-01 (fn F) masses = 1 iters = 731 mflops = 2.049903e+03
 OK converged final_rsq= 1e-10 (cf 1e-10) rel = 1 (cf 0) restarts = 3 iters= 731
CONGRAD5: time = 8.646240e-01 (fn F) masses = 1 iters = 683 mflops = 2.160362e+03
 OK converged final_rsq= 5e-11 (cf 1e-10) rel = 1 (cf 0) restarts = 4 iters= 683
GFTIME:   time = 1.251500e-01 (Symanzik1) mflops = 2.816790e+03
FFTIME:  time = 3.617010e-01 (asqtad3) terms = 2 mflops = 2.764334e+03
CONGRAD5: time = 9.861820e-01 (fn F) masses = 1 iters = 771 mflops = 2.138112e+03
 OK converged final_rsq= 5e-11 (cf 1e-10) rel = 1 (cf 0) restarts = 4 iters= 771
CONGRAD5: time = 8.995180e-01 (fn F) masses = 1 iters = 712 mflops = 2.164728e+03
 OK converged final_rsq= 1e-10 (cf 1e-10) rel = 1 (cf 0) restarts = 3 iters= 712
GFTIME:   time = 1.128390e-01 (Symanzik1) mflops = 3.124108e+03
FFTIME:  time = 3.417170e-01 (asqtad3) terms = 2 mflops = 2.925995e+03
CONGRAD5: time = 9.392309e-01 (fn F) masses = 1 iters = 714 mflops = 2.079022e+03
 OK converged final_rsq= 5e-11 (cf 1e-10) rel = 1 (cf 0) restarts = 4 iters= 714
CONGRAD5: time = 7.610142e-01 (fn F) masses = 1 iters = 602 mflops = 2.163400e+03
 OK converged final_rsq= 7.4e-11 (cf 1e-10) rel = 1 (cf 0) restarts = 3 iters= 602
GFTIME:   time = 1.359849e-01 (Symanzik1) mflops = 2.592356e+03
FFTIME:  time = 3.489840e-01 (asqtad3) terms = 2 mflops = 2.865066e+03
CONGRAD5: time = 1.046218e+00 (fn F) masses = 1 iters = 735 mflops = 1.921314e+03
 OK converged final_rsq= 9.8e-11 (cf 1e-10) rel = 1 (cf 0) restarts = 3 iters= 735
CONGRAD5: time = 9.194169e-01 (fn F) masses = 1 iters = 706 mflops = 2.100030e+03
 OK converged final_rsq= 5e-11 (cf 1e-10) rel = 1 (cf 0) restarts = 4 iters= 706
GFTIME:   time = 1.462469e-01 (Symanzik1) mflops = 2.410452e+03
FFTIME:  time = 3.403840e-01 (asqtad3) terms = 2 mflops = 2.937454e+03
CONGRAD5: time = 9.122601e-01 (fn F) masses = 1 iters = 721 mflops = 2.161473e+03
 OK converged final_rsq= 5e-11 (cf 1e-10) rel = 1 (cf 0) restarts = 4 iters= 721
CONGRAD5: time = 9.485900e-01 (fn F) masses = 1 iters = 747 mflops = 2.153651e+03
 OK converged final_rsq= 5e-11 (cf 1e-10) rel = 1 (cf 0) restarts = 4 iters= 747
GFTIME:   time = 1.127670e-01 (Symanzik1) mflops = 3.126103e+03
FFTIME:  time = 3.459880e-01 (asqtad3) terms = 2 mflops = 2.889875e+03
CONGRAD5: time = 9.863420e-01 (fn F) masses = 1 iters = 739 mflops = 2.049039e+03
 OK converged final_rsq= 5e-11 (cf 1e-10) rel = 1 (cf 0) restarts = 4 iters= 739
CONGRAD5: time = 8.690879e-01 (fn F) masses = 1 iters = 688 mflops = 2.165000e+03
 OK converged final_rsq= 9.9e-11 (cf 1e-10) rel = 1 (cf 0) restarts = 3 iters= 688
GFTIME:   time = 1.624920e-01 (Symanzik1) mflops = 2.169468e+03
FFTIME:  time = 3.453438e-01 (asqtad3) terms = 2 mflops = 2.895266e+03
CONGRAD5: time = 9.462569e-01 (fn F) masses = 1 iters = 745 mflops = 2.153180e+03
 OK converged final_rsq= 5e-11 (cf 1e-10) rel = 1 (cf 0) restarts = 4 iters= 745
CONGRAD5: time = 9.278910e-01 (fn F) masses = 1 iters = 716 mflops = 2.110325e+03
 OK converged final_rsq= 1e-10 (cf 1e-10) rel = 1 (cf 0) restarts = 3 iters= 716
GFTIME:   time = 1.167130e-01 (Symanzik1) mflops = 3.020410e+03
FFTIME:  time = 3.573098e-01 (asqtad3) terms = 2 mflops = 2.798306e+03
CONGRAD5: time = 1.000298e+00 (fn F) masses = 1 iters = 772 mflops = 2.110674e+03
 OK converged final_rsq= 5e-11 (cf 1e-10) rel = 1 (cf 0) restarts = 4 iters= 772
CONGRAD5: time = 9.231920e-01 (fn F) masses = 1 iters = 733 mflops = 2.171426e+03
 OK converged final_rsq= 5e-11 (cf 1e-10) rel = 1 (cf 0) restarts = 4 iters= 733
GFTIME:   time = 1.127038e-01 (Symanzik1) mflops = 3.127856e+03
FFTIME:  time = 3.432970e-01 (asqtad3) terms = 2 mflops = 2.912528e+03
CONGRAD5: time = 9.522669e-01 (fn F) masses = 1 iters = 721 mflops = 2.070665e+03
 OK converged final_rsq= 5e-11 (cf 1e-10) rel = 1 (cf 0) restarts = 4 iters= 721
CONGRAD5: time = 9.131958e-01 (fn F) masses = 1 iters = 724 mflops = 2.168242e+03
 OK converged final_rsq= 5e-11 (cf 1e-10) rel = 1 (cf 0) restarts = 4 iters= 724
GFTIME:   time = 1.169159e-01 (Symanzik1) mflops = 3.015168e+03
FFTIME:  time = 3.454130e-01 (asqtad3) terms = 2 mflops = 2.894687e+03
CONGRAD5: time = 9.696670e-01 (fn F) masses = 1 iters = 759 mflops = 2.140683e+03
 OK converged final_rsq= 5e-11 (cf 1e-10) rel = 1 (cf 0) restarts = 4 iters= 759
CONGRAD5: time = 9.268398e-01 (fn F) masses = 1 iters = 727 mflops = 2.145176e+03
 OK converged final_rsq= 1e-10 (cf 1e-10) rel = 1 (cf 0) restarts = 3 iters= 727
GFTIME:   time = 1.164949e-01 (Symanzik1) mflops = 3.026066e+03
FFTIME:  time = 3.441160e-01 (asqtad3) terms = 2 mflops = 2.905597e+03
CONGRAD5: time = 1.019681e+00 (fn F) masses = 1 iters = 754 mflops = 2.022275e+03
 OK converged final_rsq= 4.9e-11 (cf 1e-10) rel = 1 (cf 0) restarts = 4 iters= 754
CONGRAD5: time = 7.696710e-01 (fn F) masses = 1 iters = 602 mflops = 2.139068e+03
 OK converged final_rsq= 9.2e-11 (cf 1e-10) rel = 1 (cf 0) restarts = 3 iters= 602
GFTIME:   time = 1.132040e-01 (Symanzik1) mflops = 3.114035e+03
FFTIME:  time = 3.417101e-01 (asqtad3) terms = 2 mflops = 2.926054e+03
PLAQ:	1.497626	1.498130
P_LOOP:	1.991909e-02	-1.379642e-02
G_LOOP:  0  0  4   	1.497047e+00	( 0 1 7 6  )
G_LOOP:  0  1  4   	1.498616e+00	( 0 2 7 5  )
G_LOOP:  0  2  4   	1.498145e+00	( 0 3 7 4  )
G_LOOP:  0  3  4   	1.497214e+00	( 1 2 6 5  )
G_LOOP:  0  4  4   	1.496954e+00	( 1 3 6 4  )
G_LOOP:  0  5  4   	1.499291e+00	( 2 3 5 4  )
G_LOOP:  1  0  6   	7.398073e-01	( 0 0 1 7 7 6  )
G_LOOP:  1  1  6   	7.422374e-01	( 0 0 2 7 7 5  )
G_LOOP:  1  2  6   	7.394495e-01	( 0 0 3 7 7 4  )
G_LOOP:  1  3  6   	7.382840e-01	( 1 1 0 6 6 7  )
G_LOOP:  1  4  6   	7.365532e-01	( 1 1 2 6 6 5  )
G_LOOP:  1  5  6   	7.371902e-01	( 1 1 3 6 6 4  )
G_LOOP:  1  6  6   	7.456752e-01	( 2 2 0 5 5 7  )
G_LOOP:  1  7  6   	7.428936e-01	( 2 2 1 5 5 6  )
G_LOOP:  1  8  6   	7.390187e-01	( 2 2 3 5 5 4  )
G_LOOP:  1  9  6   	7.398111e-01	( 3 3 0 4 4 7  )
G_LOOP:  1  10  6   	7.389642e-01	( 3 3 1 4 4 6  )
G_LOOP:  1  11  6   	7.400356e-01	( 3 3 2 4 4 5  )
G_LOOP:  2  0  6   	7.607733e-01	( 0 1 2 7 6 5  )
G_LOOP:  2  1  6   	7.581736e-01	( 0 1 5 7 6 2  )
G_LOOP:  2  2  6   	7.537819e-01	( 0 6 2 7 1 5  )
G_LOOP:  2  3  6   	7.623529e-01	( 0 6 5 7 1 2  )
G_LOOP:  2  4  6   	7.597389e-01	( 0 1 3 7 6 4  )
G_LOOP:  2  5  6   	7.537096e-01	( 0 1 4 7 6 3  )
G_LOOP:  2  6  6   	7.572606e-01	( 0 6 3 7 1 4  )
G_LOOP:  2  7  6   	7.594713e-01	( 0 6 4 7 1 3  )
G_LOOP:  2  8  6   	7.558015e-01	( 0 2 3 7 5 4  )
G_LOOP:  2  9  6   	7.618569e-01	( 0 2 4 7 5 3  )
G_LOOP:  2  10  6   	7.589309e-01	( 0 5 3 7 2 4  )
G_LOOP:  2  11  6   	7.602545e-01	( 0 5 4 7 2 3  )
G_LOOP:  2  12  6   	7.595571e-01	( 1 2 3 6 5 4  )
G_LOOP:  2  13  6   	7.632494e-01	( 1 2 4 6 5 3  )
G_LOOP:  2  14  6   	7.579410e-01	( 1 5 3 6 2 4  )
G_LOOP:  2  15  6   	7.601606e-01	( 1 5 4 6 2 3  )
GACTION: 6.537787e+00
CONGRAD5: time = 8.072209e-01 (fn F) masses = 1 iters = 602 mflops = 2.039564e+03
 OK converged final_rsq= 1e-10 (cf 1e-10) rel = 1 (cf 0) restarts = 3 iters= 602
CONGRAD5: time = 1.672091e-01 (fn F) masses = 1 iters = 133 mflops = 2.175328e+03
 OK converged final_rsq= 5e-11 (cf 1e-10) rel = 1 (cf 0) restarts = 2 iters= 133
PBP: mass 1.000000e-02     4.180596e-02  5.650046e-02  6.282065e-03  6.257703e-03 ( 1 of 1 )
FACTION: mass = 1.000000e-02,  1.499623e+00 ( 1 of 1 )
CONGRAD5: time = 8.990331e-01 (fn F) masses = 1 iters = 709 mflops = 2.156770e+03
 OK converged final_rsq= 5e-11 (cf 1e-10) rel = 1 (cf 0) restarts = 4 iters= 709
CONGRAD5: time = 9.812808e-02 (fn F) masses = 1 iters = 75 mflops = 2.090264e+03
 OK converged final_rsq= 1e-10 (cf 1e-10) rel = 1 (cf 0) restarts = 1 iters= 75
PBP: mass 1.000000e-02     4.935784e-02  4.621076e-02  -8.936203e-03  -8.936002e-03 ( 1 of 1 )
FACTION: mass = 1.000000e-02,  1.495237e+00 ( 1 of 1 )
CONGRAD5: time = 1.066307e+00 (fn F) masses = 1 iters = 758 mflops = 1.944107e+03
 OK converged final_rsq= 5e-11 (cf 1e-10) rel = 1 (cf 0) restarts = 4 iters= 758
CONGRAD5: time = 9.361911e-01 (fn F) masses = 1 iters = 735 mflops = 2.147119e+03
 OK converged final_rsq= 1e-10 (cf 1e-10) rel = 1 (cf 0) restarts = 3 iters= 735
GFTIME:   time = 1.488380e-01 (Symanzik1) mflops = 2.368489e+03
FFTIME:  time = 3.407681e-01 (asqtad3) terms = 2 mflops = 2.934143e+03
CONGRAD5: time = 9.783392e-01 (fn F) masses = 1 iters = 759 mflops = 2.121708e+03
 OK converged final_rsq= 9.9e-11 (cf 1e-10) rel = 1 (cf 0) restarts = 3 iters= 759
CONGRAD5: time = 9.008040e-01 (fn F) masses = 1 iters = 693 mflops = 2.103953e+03
 OK converged final_rsq= 9.9e-11 (cf 1e-10) rel = 1 (cf 0) restarts = 3 iters= 693
GFTIME:   time = 1.320341e-01 (Symanzik1) mflops = 2.669926e+03
FFTIME:  time = 3.750110e-01 (asqtad3) terms = 2 mflops = 2.666221e+03
CONGRAD5: time = 1.041336e+00 (fn F) masses = 1 iters = 777 mflops = 2.040625e+03
 OK converged final_rsq= 1e-10 (cf 1e-10) rel = 1 (cf 0) restarts = 3 iters= 777
CONGRAD5: time = 9.081070e-01 (fn F) masses = 1 iters = 715 mflops = 2.153288e+03
 OK converged final_rsq= 1e-10 (cf 1e-10) rel = 1 (cf 0) restarts = 3 iters= 715
GFTIME:   time = 1.198990e-01 (Symanzik1) mflops = 2.940151e+03
FFTIME:  time = 3.631871e-01 (asqtad3) terms = 2 mflops = 2.753023e+03
CONGRAD5: time = 1.053101e+00 (fn F) masses = 1 iters = 755 mflops = 1.960695e+03
 OK converged final_rsq= 4.9e-11 (cf 1e-10) rel = 1 (cf 0) restarts = 4 iters= 755
CONGRAD5: time = 9.291201e-01 (fn F) masses = 1 iters = 709 mflops = 2.086929e+03
 OK converged final_rsq= 9.9e-11 (cf 1e-10) rel = 1 (cf 0) restarts = 3 iters= 709
GFTIME:   time = 1.135468e-01 (Symanzik1) mflops = 3.104632e+03
FFTIME:  time = 3.821919e-01 (asqtad3) terms = 2 mflops = 2.616126e+03
CONGRAD5: time = 9.824610e-01 (fn F) masses = 1 iters = 769 mflops = 2.140643e+03
 OK converged final_rsq= 5e-11 (cf 1e-10) rel = 1 (cf 0) restarts = 4 iters= 769
CONGRAD5: time = 1.008342e+00 (fn F) masses = 1 iters = 737 mflops = 1.998908e+03
 OK converged final_rsq= 1e-10 (cf 1e-10) rel = 1 (cf 0) restarts = 3 iters= 737
GFTIME:   time = 1.340730e-01 (Symanzik1) mflops = 2.629323e+03
FFTIME:  time = 3.729091e-01 (asqtad3) terms = 2 mflops = 2.681250e+03
CONGRAD5: time = 9.860640e-01 (fn F) masses = 1 iters = 749 mflops = 2.077351e+03
 OK converged final_rsq= 1e-10 (cf 1e-10) rel = 1 (cf 0) restarts = 3 iters= 749
CONGRAD5: time = 9.439721e-01 (fn F) masses = 1 iters = 752 mflops = 2.178672e+03
 OK converged final_rsq= 5e-11 (cf 1e-10) rel = 1 (cf 0) restarts = 4 iters= 752
GFTIME:   time = 1.465230e-01 (Symanzik1) mflops = 2.405910e+03
FFTIME:  time = 3.688068e-01 (asqtad3) terms = 2 mflops = 2.711073e+03
CONGRAD5: time = 9.745181e-01 (fn F) masses = 1 iters = 761 mflops = 2.135640e+03
 OK converged final_rsq= 5e-11 (cf 1e-10) rel = 1 (cf 0) restarts = 4 iters= 761
CONGRAD5: time = 9.125981e-01 (fn F) masses = 1 iters = 731 mflops = 2.190640e+03
 OK converged final_rsq= 1e-10 (cf 1e-10) rel = 1 (cf 0) restarts = 3 iters= 731
GFTIME:   time = 1.272430e-01 (Symanzik1) mflops = 2.770456e+03
FFTIME:  time = 3.516440e-01 (asqtad3) terms = 2 mflops = 2.843393e+03
CONGRAD5: time = 9.507339e-01 (fn F) masses = 1 iters = 750 mflops = 2.157424e+03
 OK converged final_rsq= 4.9e-11 (cf 1e-10) rel = 1 (cf 0) restarts = 4 iters= 750
CONGRAD5: time = 9.919271e-01 (fn F) masses = 1 iters = 735 mflops = 2.026473e+03
 OK converged final_rsq= 5e-11 (cf 1e-10) rel = 1 (cf 0) restarts = 4 iters= 735
GFTIME:   time = 1.200652e-01 (Symanzik1) mflops = 2.936081e+03
FFTIME:  time = 3.428090e-01 (asqtad3) terms = 2 mflops = 2.916675e+03
CONGRAD5: time = 1.112743e+00 (fn F) masses = 1 iters = 782 mflops = 1.921963e+03
 OK converged final_rsq= 4.9e-11 (cf 1e-10) rel = 1 (cf 0) restarts = 4 iters= 782
CONGRAD5: time = 9.915130e-01 (fn F) masses = 1 iters = 767 mflops = 2.115583e+03
 OK converged final_rsq= 5e-11 (cf 1e-10) rel = 1 (cf 0) restarts = 4 iters= 767
GFTIME:   time = 1.364119e-01 (Symanzik1) mflops = 2.584241e+03
FFTIME:  time = 3.814991e-01 (asqtad3) terms = 2 mflops = 2.620877e+03
CONGRAD5: time = 9.710650e-01 (fn F) masses = 1 iters = 762 mflops = 2.146050e+03
 OK converged final_rsq= 5e-11 (cf 1e-10) rel = 1 (cf 0) restarts = 4 iters= 762
CONGRAD5: time = 1.036912e+00 (fn F) masses = 1 iters = 725 mflops = 1.912182e+03
 OK converged final_rsq= 9.9e-11 (cf 1e-10) rel = 1 (cf 0) restarts = 3 iters= 725
GFTIME:   time = 1.237781e-01 (Symanzik1) mflops = 2.848009e+03
FFTIME:  time = 3.531880e-01 (asqtad3) terms = 2 mflops = 2.830963e+03
CONGRAD5: time = 9.601030e-01 (fn F) masses = 1 iters = 756 mflops = 2.153462e+03
 OK converged final_rsq= 5e-11 (cf 1e-10) rel = 1 (cf 0) restarts = 4 iters= 756
CONGRAD5: time = 9.646881e-01 (fn F) masses = 1 iters = 766 mflops = 2.171576e+03
 OK converged final_rsq= 5e-11 (cf 1e-10) rel = 1 (cf 0) restarts = 4 iters= 766
GFTIME:   time = 1.131420e-01 (Symanzik1) mflops = 3.115741e+03
FFTIME:  time = 3.427370e-01 (asqtad3) terms = 2 mflops = 2.917288e+03
CONGRAD5: time = 9.935460e-01 (fn F) masses = 1 iters = 757 mflops = 2.083728e+03
 OK converged final_rsq= 5e-11 (cf 1e-10) rel = 1 (cf 0) restarts = 4 iters= 757
CONGRAD5: time = 9.193990e-01 (fn F) masses = 1 iters = 715 mflops = 2.126842e+03
 OK converged final_rsq= 5e-11 (cf 1e-10) rel = 1 (cf 0) restarts = 4 iters= 715
GFTIME:   time = 1.204932e-01 (Symanzik1) mflops = 2.925653e+03
FFTIME:  time = 3.425691e-01 (asqtad3) terms = 2 mflops = 2.918717e+03
CONGRAD5: time = 1.019298e+00 (fn F) masses = 1 iters = 774 mflops = 2.076697e+03
 OK converged final_rsq= 5e-11 (cf 1e-10) rel = 1 (cf 0) restarts = 4 iters= 774
CONGRAD5: time = 9.127650e-01 (fn F) masses = 1 iters = 719 mflops = 2.154285e+03
 OK converged final_rsq= 1e-10 (cf 1e-10) rel = 1 (cf 0) restarts = 3 iters= 719
GFTIME:   time = 1.182539e-01 (Symanzik1) mflops = 2.981052e+03
FFTIME:  time = 3.519890e-01 (asqtad3) terms = 2 mflops = 2.840606e+03
CONGRAD5: time = 1.019234e+00 (fn F) masses = 1 iters = 783 mflops = 2.100975e+03
 OK converged final_rsq= 5e-11 (cf 1e-10) rel = 1 (cf 0) restarts = 4 iters= 783
CONGRAD5: time = 1.122269e+00 (fn F) masses = 1 iters = 738 mflops = 1.798426e+03
 OK converged final_rsq= 5e-11 (cf 1e-10) rel = 1 (cf 0) restarts = 4 iters= 738
GFTIME:   time = 1.242809e-01 (Symanzik1) mflops = 2.836487e+03
FFTIME:  time = 3.697240e-01 (asqtad3) terms = 2 mflops = 2.704348e+03
CONGRAD5: time = 9.888320e-01 (fn F) masses = 1 iters = 781 mflops = 2.160040e+03
 OK converged final_rsq= 5e-11 (cf 1e-10) rel = 1 (cf 0) restarts = 4 iters= 781
CONGRAD5: time = 9.364040e-01 (fn F) masses = 1 iters = 737 mflops = 2.152472e+03
 OK converged final_rsq= 1e-10 (cf 1e-10) rel = 1 (cf 0) restarts = 3 iters= 737
GFTIME:   time = 1.203148e-01 (Symanzik1) mflops = 2.929990e+03
FFTIME:  time = 3.435309e-01 (asqtad3) terms = 2 mflops = 2.910545e+03
PLAQ:	1.473963	1.473385
P_LOOP:	-7.764093e-03	6.219712e-03
G_LOOP:  0  0  4   	1.474057e+00	( 0 1 7 6  )
G_LOOP:  0  1  4   	1.476495e+00	( 0 2 7 5  )
G_LOOP:  0  2  4   	1.473365e+00	( 0 3 7 4  )
G_LOOP:  0  3  4   	1.471338e+00	( 1 2 6 5  )
G_LOOP:  0  4  4   	1.472826e+00	( 1 3 6 4  )
G_LOOP:  0  5  4   	1.473963e+00	( 2 3 5 4  )
G_LOOP:  1  0  6   	7.133980e-01	( 0 0 1 7 7 6  )
G_LOOP:  1  1  6   	7.231318e-01	( 0 0 2 7 7 5  )
G_LOOP:  1  2  6   	7.177161e-01	( 0 0 3 7 7 4  )
G_LOOP:  1  3  6   	7.170766e-01	( 1 1 0 6 6 7  )
G_LOOP:  1  4  6   	7.130472e-01	( 1 1 2 6 6 5  )
G_LOOP:  1  5  6   	7.151839e-01	( 1 1 3 6 6 4  )
G_LOOP:  1  6  6   	7.140978e-01	( 2 2 0 5 5 7  )
G_LOOP:  1  7  6   	7.130462e-01	( 2 2 1 5 5 6  )
G_LOOP:  1  8  6   	7.153132e-01	( 2 2 3 5 5 4  )
G_LOOP:  1  9  6   	7.117251e-01	( 3 3 0 4 4 7  )
G_LOOP:  1  10  6   	7.125768e-01	( 3 3 1 4 4 6  )
G_LOOP:  1  11  6   	7.086897e-01	( 3 3 2 4 4 5  )
G_LOOP:  2  0  6   	7.351040e-01	( 0 1 2 7 6 5  )
G_LOOP:  2  1  6   	7.280939e-01	( 0 1 5 7 6 2  )
G_LOOP:  2  2  6   	7.308180e-01	( 0 6 2 7 1 5  )
G_LOOP:  2  3  6   	7.304092e-01	( 0 6 5 7 1 2  )
G_LOOP:  2  4  6   	7.341810e-01	( 0 1 3 7 6 4  )
G_LOOP:  2  5  6   	7.318136e-01	( 0 1 4 7 6 3  )
G_LOOP:  2  6  6   	7.295944e-01	( 0 6 3 7 1 4  )
G_LOOP:  2  7  6   	7.277577e-01	( 0 6 4 7 1 3  )
G_LOOP:  2  8  6   	7.329565e-01	( 0 2 3 7 5 4  )
G_LOOP:  2  9  6   	7.324030e-01	( 0 2 4 7 5 3  )
G_LOOP:  2  10  6   	7.299320e-01	( 0 5 3 7 2 4  )
G_LOOP:  2  11  6   	7.308683e-01	( 0 5 4 7 2 3  )
G_LOOP:  2  12  6   	7.322426e-01	( 1 2 3 6 5 4  )
G_LOOP:  2  13  6   	7.340319e-01	( 1 2 4 6 5 3  )
G_LOOP:  2  14  6   	7.346669e-01	( 1 5 3 6 2 4  )
G_LOOP:  2  15  6   	7.309851e-01	( 1 5 4 6 2 3  )
GACTION: 6.654834e+00
CONGRAD5: time = 8.066640e-01 (fn F) masses = 1 iters = 602 mflops = 2.040972e+03
 OK converged final_rsq= 7.5e-11 (cf 1e-10) rel = 1 (cf 0) restarts = 3 iters= 602
CONGRAD5: time = 1.652579e-01 (fn F) masses = 1 iters = 130 mflops = 2.151366e+03
 OK converged final_rsq= 5e-11 (cf 1e-10) rel = 1 (cf 0) restarts = 2 iters= 130
PBP: mass 1.000000e-02     5.172191e-02  3.967773e-02  -4.749448e-03  -4.752535e-03 ( 1 of 1 )
FACTION: mass = 1.000000e-02,  1.499391e+00 ( 1 of 1 )
CONGRAD5: time = 9.349711e-01 (fn F) masses = 1 iters = 740 mflops = 2.164546e+03
 OK converged final_rsq= 5e-11 (cf 1e-10) rel = 1 (cf 0) restarts = 4 iters= 740
CONGRAD5: time = 1.052580e-01 (fn F) masses = 1 iters = 78 mflops = 2.026622e+03
 OK converged final_rsq= 9.9e-11 (cf 1e-10) rel = 1 (cf 0) restarts = 1 iters= 78
PBP: mass 1.000000e-02     4.471490e-02  6.322165e-02  -1.728046e-04  -1.750247e-04 ( 1 of 1 )
FACTION: mass = 1.000000e-02,  1.497018e+00 ( 1 of 1 )
CONGRAD5: time = 1.041996e+00 (fn F) masses = 1 iters = 768 mflops = 2.015711e+03
 OK converged final_rsq= 4.9e-11 (cf 1e-10) rel = 1 (cf 0) restarts = 4 iters= 768
CONGRAD5: time = 1.001760e+00 (fn F) masses = 1 iters = 727 mflops = 1.984741e+03
 OK converged final_rsq= 9.9e-11 (cf 1e-10) rel = 1 (cf 0) restarts = 3 iters= 727
GFTIME:   time = 1.231480e-01 (Symanzik1) mflops = 2.862583e+03
FFTIME:  time = 3.508492e-01 (asqtad3) terms = 2 mflops = 2.849835e+03
CONGRAD5: time = 1.009958e+00 (fn F) masses = 1 iters = 787 mflops = 2.131104e+03
 OK converged final_rsq= 5e-11 (cf 1e-10) rel = 1 (cf 0) restarts = 4 iters= 787
CONGRAD5: time = 1.000016e+00 (fn F) masses = 1 iters = 772 mflops = 2.111269e+03
 OK converged final_rsq= 5e-11 (cf 1e-10) rel = 1 (cf 0) restarts = 4 iters= 772
GFTIME:   time = 1.135309e-01 (Symanzik1) mflops = 3.105069e+03
FFTIME:  time = 3.423040e-01 (asqtad3) terms = 2 mflops = 2.920978e+03
CONGRAD5: time = 1.142165e+00 (fn F) masses = 1 iters = 785 mflops = 1.879637e+03
 OK converged final_rsq= 1e-10 (cf 1e-10) rel = 1 (cf 0) restarts = 3 iters= 785
CONGRAD5: time = 5.378544e+01 (fn F) masses = 1 iters = 734 mflops = 3.732197e+01
 OK converged final_rsq= 5e-11 (cf 1e-10) rel = 1 (cf 0) restarts = 4 iters= 734
GFTIME:   time = 2.064638e-01 (Symanzik1) mflops = 1.707424e+03
FFTIME:  time = 3.686941e-01 (asqtad3) terms = 2 mflops = 2.711902e+03
CONGRAD5: time = 1.089647e+00 (fn F) masses = 1 iters = 774 mflops = 1.942622e+03
 OK converged final_rsq= 5e-11 (cf 1e-10) rel = 1 (cf 0) restarts = 4 iters= 774
CONGRAD5: time = 9.797750e-01 (fn F) masses = 1 iters = 738 mflops = 2.059981e+03
 OK converged final_rsq= 1e-10 (cf 1e-10) rel = 1 (cf 0) restarts = 3 iters= 738
GFTIME:   time = 1.199040e-01 (Symanzik1) mflops = 2.940028e+03
FFTIME:  time = 3.717508e-01 (asqtad3) terms = 2 mflops = 2.689603e+03
CONGRAD5: time = 9.612401e-01 (fn F) masses = 1 iters = 766 mflops = 2.179366e+03
 OK converged final_rsq= 5e-11 (cf 1e-10) rel = 1 (cf 0) restarts = 4 iters= 766
CONGRAD5: time = 9.172189e-01 (fn F) masses = 1 iters = 734 mflops = 2.188549e+03
 OK converged final_rsq= 9.9e-11 (cf 1e-10) rel = 1 (cf 0) restarts = 3 iters= 734
GFTIME:   time = 1.127110e-01 (Symanzik1) mflops = 3.127657e+03
FFTIME:  time = 3.357222e-01 (asqtad3) terms = 2 mflops = 2.978243e+03
CONGRAD5: time = 9.679830e-01 (fn F) masses = 1 iters = 775 mflops = 2.189612e+03
 OK converged final_rsq= 5e-11 (cf 1e-10) rel = 1 (cf 0) restarts = 4 iters= 775
CONGRAD5: time = 9.331141e-01 (fn F) masses = 1 iters = 742 mflops = 2.174715e+03
 OK converged final_rsq= 5e-11 (cf 1e-10) rel = 1 (cf 0) restarts = 4 iters= 742
GFTIME:   time = 1.121938e-01 (Symanzik1) mflops = 3.142073e+03
FFTIME:  time = 3.353279e-01 (asqtad3) terms = 2 mflops = 2.981745e+03
CONGRAD5: time = 9.799819e-01 (fn F) masses = 1 iters = 786 mflops = 2.193500e+03
 OK converged final_rsq= 5e-11 (cf 1e-10) rel = 1 (cf 0) restarts = 4 iters= 786
CONGRAD5: time = 9.548471e-01 (fn F) masses = 1 iters = 765 mflops = 2.191093e+03
 OK converged final_rsq= 5e-11 (cf 1e-10) rel = 1 (cf 0) restarts = 4 iters= 765
GFTIME:   time = 1.129072e-01 (Symanzik1) mflops = 3.122222e+03
FFTIME:  time = 3.351810e-01 (asqtad3) terms = 2 mflops = 2.983052e+03
CONGRAD5: time = 9.273751e-01 (fn F) masses = 1 iters = 743 mflops = 2.191122e+03
 OK converged final_rsq= 5e-11 (cf 1e-10) rel = 1 (cf 0) restarts = 4 iters= 743
CONGRAD5: time = 9.429510e-01 (fn F) masses = 1 iters = 753 mflops = 2.183932e+03
 OK converged final_rsq= 1e-10 (cf 1e-10) rel = 1 (cf 0) restarts = 3 iters= 753
GFTIME:   time = 1.123202e-01 (Symanzik1) mflops = 3.138538e+03
FFTIME:  time = 3.344800e-01 (asqtad3) terms = 2 mflops = 2.989303e+03
CONGRAD5: time = 9.592180e-01 (fn F) masses = 1 iters = 770 mflops = 2.195364e+03
 OK converged final_rsq= 5e-11 (cf 1e-10) rel = 1 (cf 0) restarts = 4 iters= 770
CONGRAD5: time = 9.133160e-01 (fn F) masses = 1 iters = 731 mflops = 2.188918e+03
 OK converged final_rsq= 9.9e-11 (cf 1e-10) rel = 1 (cf 0) restarts = 3 iters= 731
GFTIME:   time = 1.122129e-01 (Symanzik1) mflops = 3.141539e+03
FFTIME:  time = 3.354831e-01 (asqtad3) terms = 2 mflops = 2.980366e+03
CONGRAD5: time = 9.611928e-01 (fn F) masses = 1 iters = 771 mflops = 2.193699e+03
 OK converged final_rsq= 5e-11 (cf 1e-10) rel = 1 (cf 0) restarts = 4 iters= 771
CONGRAD5: time = 9.036689e-01 (fn F) masses = 1 iters = 726 mflops = 2.197154e+03
 OK converged final_rsq= 9.9e-11 (cf 1e-10) rel = 1 (cf 0) restarts = 3 iters= 726
GFTIME:   time = 1.123171e-01 (Symanzik1) mflops = 3.138625e+03
FFTIME:  time = 3.352249e-01 (asqtad3) terms = 2 mflops = 2.982661e+03
CONGRAD5: time = 9.647300e-01 (fn F) masses = 1 iters = 774 mflops = 2.194160e+03
 OK converged final_rsq= 5e-11 (cf 1e-10) rel = 1 (cf 0) restarts = 4 iters= 774
CONGRAD5: time = 9.299068e-01 (fn F) masses = 1 iters = 747 mflops = 2.196921e+03
 OK converged final_rsq= 5e-11 (cf 1e-10) rel = 1 (cf 0) restarts = 4 iters= 747
GFTIME:   time = 1.122911e-01 (Symanzik1) mflops = 3.139351e+03
FFTIME:  time = 3.353460e-01 (asqtad3) terms = 2 mflops = 2.981584e+03
CONGRAD5: time = 9.819431e-01 (fn F) masses = 1 iters = 788 mflops = 2.194689e+03
 OK converged final_rsq= 4.9e-11 (cf 1e-10) rel = 1 (cf 0) restarts = 4 iters= 788
CONGRAD5: time = 9.204118e-01 (fn F) masses = 1 iters = 739 mflops = 2.195813e+03
 OK converged final_rsq= 9.9e-11 (cf 1e-10) rel = 1 (cf 0) restarts = 3 iters= 739
GFTIME:   time = 1.123080e-01 (Symanzik1) mflops = 3.138878e+03
FFTIME:  time = 3.349080e-01 (asqtad3) terms = 2 mflops = 2.985483e+03
CONGRAD5: time = 9.459310e-01 (fn F) masses = 1 iters = 757 mflops = 2.188616e+03
 OK converged final_rsq= 5e-11 (cf 1e-10) rel = 1 (cf 0) restarts = 4 iters= 757
CONGRAD5: time = 9.614320e-01 (fn F) masses = 1 iters = 758 mflops = 2.156174e+03
 OK converged final_rsq= 5e-11 (cf 1e-10) rel = 1 (cf 0) restarts = 4 iters= 758
GFTIME:   time = 1.146910e-01 (Symanzik1) mflops = 3.073660e+03
FFTIME:  time = 3.458312e-01 (asqtad3) terms = 2 mflops = 2.891186e+03
CONGRAD5: time = 9.639030e-01 (fn F) masses = 1 iters = 770 mflops = 2.184694e+03
 OK converged final_rsq= 5e-11 (cf 1e-10) rel = 1 (cf 0) restarts = 4 iters= 770
CONGRAD5: time = 9.787042e-01 (fn F) masses = 1 iters = 746 mflops = 2.084590e+03
 OK converged final_rsq= 5e-11 (cf 1e-10) rel = 1 (cf 0) restarts = 4 iters= 746
GFTIME:   time = 1.223359e-01 (Symanzik1) mflops = 2.881584e+03
FFTIME:  time = 3.830059e-01 (asqtad3) terms = 2 mflops = 2.610567e+03
CONGRAD5: time = 9.616899e-01 (fn F) masses = 1 iters = 763 mflops = 2.169815e+03
 OK converged final_rsq= 5e-11 (cf 1e-10) rel = 1 (cf 0) restarts = 4 iters= 763
CONGRAD5: time = 1.064841e+00 (fn F) masses = 1 iters = 753 mflops = 1.933942e+03
 OK converged final_rsq= 1e-10 (cf 1e-10) rel = 1 (cf 0) restarts = 3 iters= 753
GFTIME:   time = 1.255009e-01 (Symanzik1) mflops = 2.808913e+03
FFTIME:  time = 3.506801e-01 (asqtad3) terms = 2 mflops = 2.851209e+03
PLAQ:	1.459433	1.458465
P_LOOP:	1.615890e-02	-8.026718e-03
G_LOOP:  0  0  4   	1.459195e+00	( 0 1 7 6  )
G_LOOP:  0  1  4   	1.460791e+00	( 0 2 7 5  )
G_LOOP:  0  2  4   	1.460614e+00	( 0 3 7 4  )
G_LOOP:  0  3  4   	1.458314e+00	( 1 2 6 5  )
G_LOOP:  0  4  4   	1.457892e+00	( 1 3 6 4  )
G_LOOP:  0  5  4   	1.456888e+00	( 2 3 5 4  )
G_LOOP:  1  0  6   	6.983939e-01	( 0 0 1 7 7 6  )
G_LOOP:  1  1  6   	7.042719e-01	( 0 0 2 7 7 5  )
G_LOOP:  1  2  6   	7.000097e-01	( 0 0 3 7 7 4  )
G_LOOP:  1  3  6   	6.967192e-01	( 1 1 0 6 6 7  )
G_LOOP:  1  4  6   	6.984864e-01	( 1 1 2 6 6 5  )
G_LOOP:  1  5  6   	6.968441e-01	( 1 1 3 6 6 4  )
G_LOOP:  1  6  6   	6.998432e-01	( 2 2 0 5 5 7  )
G_LOOP:  1  7  6   	6.985943e-01	( 2 2 1 5 5 6  )
G_LOOP:  1  8  6   	6.990863e-01	( 2 2 3 5 5 4  )
G_LOOP:  1  9  6   	6.999809e-01	( 3 3 0 4 4 7  )
G_LOOP:  1  10  6   	6.973355e-01	( 3 3 1 4 4 6  )
G_LOOP:  1  11  6   	6.941445e-01	( 3 3 2 4 4 5  )
G_LOOP:  2  0  6   	7.139080e-01	( 0 1 2 7 6 5  )
G_LOOP:  2  1  6   	7.119920e-01	( 0 1 5 7 6 2  )
G_LOOP:  2  2  6   	7.117254e-01	( 0 6 2 7 1 5  )
G_LOOP:  2  3  6   	7.124687e-01	( 0 6 5 7 1 2  )
G_LOOP:  2  4  6   	7.159880e-01	( 0 1 3 7 6 4  )
G_LOOP:  2  5  6   	7.136556e-01	( 0 1 4 7 6 3  )
G_LOOP:  2  6  6   	7.124254e-01	( 0 6 3 7 1 4  )
G_LOOP:  2  7  6   	7.110729e-01	( 0 6 4 7 1 3  )
G_LOOP:  2  8  6   	7.144444e-01	( 0 2 3 7 5 4  )
G_LOOP:  2  9  6   	7.125228e-01	( 0 2 4 7 5 3  )
G_LOOP:  2  10  6   	7.149983e-01	( 0 5 3 7 2 4  )
G_LOOP:  2  11  6   	7.100563e-01	( 0 5 4 7 2 3  )
G_LOOP:  2  12  6   	7.109843e-01	( 1 2 3 6 5 4  )
G_LOOP:  2  13  6   	7.097229e-01	( 1 2 4 6 5 3  )
G_LOOP:  2  14  6   	7.117955e-01	( 1 5 3 6 2 4  )
G_LOOP:  2  15  6   	7.069325e-01	( 1 5 4 6 2 3  )
GACTION: 6.725127e+00
CONGRAD5: time = 9.252579e-01 (fn F) masses = 1 iters = 718 mflops = 2.122242e+03
 OK converged final_rsq= 5e-11 (cf 1e-10) rel = 1 (cf 0) restarts = 4 iters= 718
CONGRAD5: time = 9.661508e-02 (fn F) masses = 1 iters = 75 mflops = 2.122998e+03
 OK converged final_rsq= 1e-10 (cf 1e-10) rel = 1 (cf 0) restarts = 1 iters= 75
PBP: mass 1.000000e-02     6.464430e-02  5.646403e-02  3.676150e-03  3.676061e-03 ( 1 of 1 )
FACTION: mass = 1.000000e-02,  1.503793e+00 ( 1 of 1 )
CONGRAD5: time = 9.988711e-01 (fn F) masses = 1 iters = 755 mflops = 2.067144e+03
 OK converged final_rsq= 5e-11 (cf 1e-10) rel = 1 (cf 0) restarts = 4 iters= 755
CONGRAD5: time = 9.974599e-02 (fn F) masses = 1 iters = 76 mflops = 2.083778e+03
 OK converged final_rsq= 9.8e-11 (cf 1e-10) rel = 1 (cf 0) restarts = 1 iters= 76
PBP: mass 1.000000e-02     6.353492e-02  4.823133e-02  -5.438112e-03  -5.433117e-03 ( 1 of 1 )
FACTION: mass = 1.000000e-02,  1.504196e+00 ( 1 of 1 )
RUNNING COMPLETED
average cg iters for step= 1.451250e+03
Time = 2.186688e+02 seconds
total_iters = 181038
Checksums f5dc514d a700d500
Saved gauge configuration in parallel to binary file lat_p64_size64_2
Time stamp Wed May 18 19:16:18 2022
Wrote info file lat_p64_size64_2.info
Time to save = 2.354069e-01
CHECK PLAQ: 1.459433e+00 1.458465e+00
CHECK NERSC LINKTR: 1.436480e-01 CKSUM: 409d2cae


get_i(0): EOF on input.
Elapsed total time: 233.403265
exit: Wed May 18 19:16:18 2022

