SU3 with improved KS action
Microcanonical simulation with refreshing
R algorithm
MIMD version 7.8.1
Machine = MPI (portable), with 32 nodes
Host(0) = nid04619
Username = mcopik
Options selected...
Generic single precision
C_GLOBAL_INLINE
DBLSTORE_FN
D_FN_GATHER13
FEWSUMS
KS_MULTIFF=FNMAT
VECLENGTH=4
type 0 for no prompts, 1 for prompts, or 2 for proofreading
nflavors1 2
nflavors2 1
nx 24
ny 16
nz 8
nt 36
iseed 5682304
LAYOUT = Hypercubes, options = hyper_prime,
automatic hyper_prime layout
ON EACH NODE 6 x 8 x 8 x 9
Mallocing 3.4 MBytes per node for lattice
WARNING!!: Resetting random seed
Made lattice
Made nn gathers
Made 3nn gathers
Finished setup


warms 0
trajecs 4
traj_between_meas 1
beta 5.6
mass1 0.125
mass2 0.125
u0 0.8441
microcanonical_time_step 0.2
steps_per_trajectory 5
max_cg_iterations 100
max_cg_restarts 5
error_per_site 0.125
error_for_propagator 0.125
npbp_reps 1
prec_pbp 1
fresh 
save_parallel lat_p64_size128_1
unit gauge configuration loaded
CHECK PLAQ: 3.000000e+00 3.000000e+00
CHECK NERSC LINKTR: 1.000000e+00 CKSUM: 0
Unitarity checked.  Max deviation 0.00e+00
Time to check unitarity = 6.370544e-04
"O(a^2): couplings(pi)=0, Naik term, No O(a^2) errors, tadpole weights"
path coefficients: npath  path_coeff  multiplicity
                    0      6.250000e-01     8
                    1      -5.847914e-02     8
                    2      -8.771871e-02     48
                    3      3.077829e-02     192
                    4      -7.199551e-03     384
                    5      -1.231132e-01     48
Symanzik 1x1 + 1x2 + 1x1x1 action
gauge_action: total_dyn_flavors = 3
loop coefficients: nloop rep loop_coeff  multiplicity
                    0 0      1.000000e+00     6
                    1 0      -7.762509e-02     12
                    2 0      -1.031171e-02     16
WARMUPS COMPLETED
CONGRAD5: time = 1.136398e-02 (fn F) masses = 1 iters = 4 mflops = 1.443956e+03
 OK converged final_rsq= 0.006 (cf 0.016) rel = 1 (cf 0) restarts = 1 iters= 4
CONGRAD5: time = 1.107693e-02 (fn F) masses = 1 iters = 4 mflops = 1.481375e+03
 OK converged final_rsq= 0.0059 (cf 0.016) rel = 1 (cf 0) restarts = 1 iters= 4
GFTIME:   time = 1.936309e-01 (Symanzik1) mflops = 2.730875e+03
FFTIME:  time = 6.665349e-01 (asqtad3) terms = 2 mflops = 2.250135e+03
CONGRAD5: time = 1.055408e-02 (fn F) masses = 1 iters = 4 mflops = 1.554763e+03
 OK converged final_rsq= 0.01 (cf 0.016) rel = 1 (cf 0) restarts = 1 iters= 4
CONGRAD5: time = 1.073408e-02 (fn F) masses = 1 iters = 4 mflops = 1.528690e+03
 OK converged final_rsq= 0.0098 (cf 0.016) rel = 1 (cf 0) restarts = 1 iters= 4
GFTIME:   time = 1.755040e-01 (Symanzik1) mflops = 3.012934e+03
FFTIME:  time = 6.096280e-01 (asqtad3) terms = 2 mflops = 2.460178e+03
CONGRAD5: time = 1.610804e-02 (fn F) masses = 1 iters = 4 mflops = 1.018690e+03
 OK converged final_rsq= 0.014 (cf 0.016) rel = 1 (cf 0) restarts = 1 iters= 4
CONGRAD5: time = 1.211309e-02 (fn F) masses = 1 iters = 4 mflops = 1.354657e+03
 OK converged final_rsq= 0.014 (cf 0.016) rel = 1 (cf 0) restarts = 1 iters= 4
GFTIME:   time = 1.742489e-01 (Symanzik1) mflops = 3.034634e+03
FFTIME:  time = 6.243720e-01 (asqtad3) terms = 2 mflops = 2.402083e+03
CONGRAD5: time = 1.088214e-02 (fn F) masses = 1 iters = 4 mflops = 1.507892e+03
 OK converged final_rsq= 0.013 (cf 0.016) rel = 1 (cf 0) restarts = 1 iters= 4
CONGRAD5: time = 1.121998e-02 (fn F) masses = 1 iters = 4 mflops = 1.462488e+03
 OK converged final_rsq= 0.013 (cf 0.016) rel = 1 (cf 0) restarts = 1 iters= 4
GFTIME:   time = 1.898410e-01 (Symanzik1) mflops = 2.785393e+03
FFTIME:  time = 6.680839e-01 (asqtad3) terms = 2 mflops = 2.244918e+03
CONGRAD5: time = 1.273704e-02 (fn F) masses = 1 iters = 4 mflops = 1.288297e+03
 OK converged final_rsq= 0.011 (cf 0.016) rel = 1 (cf 0) restarts = 1 iters= 4
CONGRAD5: time = 1.137710e-02 (fn F) masses = 1 iters = 4 mflops = 1.442291e+03
 OK converged final_rsq= 0.011 (cf 0.016) rel = 1 (cf 0) restarts = 1 iters= 4
GFTIME:   time = 1.713190e-01 (Symanzik1) mflops = 3.086533e+03
FFTIME:  time = 6.104050e-01 (asqtad3) terms = 2 mflops = 2.457047e+03
PLAQ:	2.349198	2.348190
P_LOOP:	2.786892e-03	-1.250431e-02
G_LOOP:  0  0  4   	2.348389e+00	( 0 1 7 6  )
G_LOOP:  0  1  4   	2.349309e+00	( 0 2 7 5  )
G_LOOP:  0  2  4   	2.348361e+00	( 0 3 7 4  )
G_LOOP:  0  3  4   	2.349895e+00	( 1 2 6 5  )
G_LOOP:  0  4  4   	2.348625e+00	( 1 3 6 4  )
G_LOOP:  0  5  4   	2.347583e+00	( 2 3 5 4  )
G_LOOP:  1  0  6   	1.773790e+00	( 0 0 1 7 7 6  )
G_LOOP:  1  1  6   	1.776646e+00	( 0 0 2 7 7 5  )
G_LOOP:  1  2  6   	1.774103e+00	( 0 0 3 7 7 4  )
G_LOOP:  1  3  6   	1.776491e+00	( 1 1 0 6 6 7  )
G_LOOP:  1  4  6   	1.777582e+00	( 1 1 2 6 6 5  )
G_LOOP:  1  5  6   	1.775662e+00	( 1 1 3 6 6 4  )
G_LOOP:  1  6  6   	1.775503e+00	( 2 2 0 5 5 7  )
G_LOOP:  1  7  6   	1.778237e+00	( 2 2 1 5 5 6  )
G_LOOP:  1  8  6   	1.771448e+00	( 2 2 3 5 5 4  )
G_LOOP:  1  9  6   	1.773505e+00	( 3 3 0 4 4 7  )
G_LOOP:  1  10  6   	1.774021e+00	( 3 3 1 4 4 6  )
G_LOOP:  1  11  6   	1.774669e+00	( 3 3 2 4 4 5  )
G_LOOP:  2  0  6   	1.825091e+00	( 0 1 2 7 6 5  )
G_LOOP:  2  1  6   	1.823287e+00	( 0 1 5 7 6 2  )
G_LOOP:  2  2  6   	1.821088e+00	( 0 6 2 7 1 5  )
G_LOOP:  2  3  6   	1.822105e+00	( 0 6 5 7 1 2  )
G_LOOP:  2  4  6   	1.824212e+00	( 0 1 3 7 6 4  )
G_LOOP:  2  5  6   	1.820812e+00	( 0 1 4 7 6 3  )
G_LOOP:  2  6  6   	1.819790e+00	( 0 6 3 7 1 4  )
G_LOOP:  2  7  6   	1.820252e+00	( 0 6 4 7 1 3  )
G_LOOP:  2  8  6   	1.823634e+00	( 0 2 3 7 5 4  )
G_LOOP:  2  9  6   	1.819915e+00	( 0 2 4 7 5 3  )
G_LOOP:  2  10  6   	1.821587e+00	( 0 5 3 7 2 4  )
G_LOOP:  2  11  6   	1.821800e+00	( 0 5 4 7 2 3  )
G_LOOP:  2  12  6   	1.820839e+00	( 1 2 3 6 5 4  )
G_LOOP:  2  13  6   	1.823189e+00	( 1 2 4 6 5 3  )
G_LOOP:  2  14  6   	1.819091e+00	( 1 5 3 6 2 4  )
G_LOOP:  2  15  6   	1.822278e+00	( 1 5 4 6 2 3  )
GACTION: 2.572492e+00
CONGRAD5: time = 1.057005e-02 (fn F) masses = 1 iters = 4 mflops = 1.552414e+03
 OK converged final_rsq= 0.01 (cf 0.016) rel = 1 (cf 0) restarts = 1 iters= 4
CONGRAD5: time = 1.407290e-02 (fn F) masses = 1 iters = 6 mflops = 1.749010e+03
 OK converged final_rsq= 0.0087 (cf 0.016) rel = 1 (cf 0) restarts = 1 iters= 6
PBP: mass 1.250000e-01     6.806275e-02  1.030895e-01  8.483080e-04  9.597723e-04 ( 1 of 1 )
FACTION: mass = 1.250000e-01,  1.463830e+00 ( 1 of 1 )
CONGRAD5: time = 1.056695e-02 (fn F) masses = 1 iters = 4 mflops = 1.552869e+03
 OK converged final_rsq= 0.01 (cf 0.016) rel = 1 (cf 0) restarts = 1 iters= 4
CONGRAD5: time = 1.463199e-02 (fn F) masses = 1 iters = 6 mflops = 1.682180e+03
 OK converged final_rsq= 0.0085 (cf 0.016) rel = 1 (cf 0) restarts = 1 iters= 6
PBP: mass 1.250000e-01     6.882193e-02  1.016555e-01  -1.014163e-03  -6.058347e-04 ( 1 of 1 )
FACTION: mass = 1.250000e-01,  1.471104e+00 ( 1 of 1 )
CONGRAD5: time = 1.107693e-02 (fn F) masses = 1 iters = 4 mflops = 1.481375e+03
 OK converged final_rsq= 0.011 (cf 0.016) rel = 1 (cf 0) restarts = 1 iters= 4
CONGRAD5: time = 1.025200e-02 (fn F) masses = 1 iters = 4 mflops = 1.600574e+03
 OK converged final_rsq= 0.011 (cf 0.016) rel = 1 (cf 0) restarts = 1 iters= 4
GFTIME:   time = 1.933839e-01 (Symanzik1) mflops = 2.734363e+03
FFTIME:  time = 6.191010e-01 (asqtad3) terms = 2 mflops = 2.422534e+03
CONGRAD5: time = 1.538420e-02 (fn F) masses = 1 iters = 5 mflops = 1.333275e+03
 OK converged final_rsq= 0.007 (cf 0.016) rel = 1 (cf 0) restarts = 1 iters= 5
CONGRAD5: time = 1.311898e-02 (fn F) masses = 1 iters = 4 mflops = 1.250790e+03
 OK converged final_rsq= 0.015 (cf 0.016) rel = 1 (cf 0) restarts = 1 iters= 4
GFTIME:   time = 2.039571e-01 (Symanzik1) mflops = 2.592613e+03
FFTIME:  time = 6.730080e-01 (asqtad3) terms = 2 mflops = 2.228493e+03
CONGRAD5: time = 1.221800e-02 (fn F) masses = 1 iters = 5 mflops = 1.678782e+03
 OK converged final_rsq= 0.0088 (cf 0.016) rel = 1 (cf 0) restarts = 1 iters= 5
CONGRAD5: time = 1.213384e-02 (fn F) masses = 1 iters = 5 mflops = 1.690427e+03
 OK converged final_rsq= 0.0085 (cf 0.016) rel = 1 (cf 0) restarts = 1 iters= 5
GFTIME:   time = 1.706650e-01 (Symanzik1) mflops = 3.098361e+03
FFTIME:  time = 6.319530e-01 (asqtad3) terms = 2 mflops = 2.373267e+03
CONGRAD5: time = 1.303816e-02 (fn F) masses = 1 iters = 5 mflops = 1.573179e+03
 OK converged final_rsq= 0.0085 (cf 0.016) rel = 1 (cf 0) restarts = 1 iters= 5
CONGRAD5: time = 1.210618e-02 (fn F) masses = 1 iters = 5 mflops = 1.694288e+03
 OK converged final_rsq= 0.0081 (cf 0.016) rel = 1 (cf 0) restarts = 1 iters= 5
GFTIME:   time = 1.894112e-01 (Symanzik1) mflops = 2.791714e+03
FFTIME:  time = 6.129601e-01 (asqtad3) terms = 2 mflops = 2.446804e+03
CONGRAD5: time = 1.145792e-02 (fn F) masses = 1 iters = 4 mflops = 1.432118e+03
 OK converged final_rsq= 0.016 (cf 0.016) rel = 1 (cf 0) restarts = 1 iters= 4
CONGRAD5: time = 1.024795e-02 (fn F) masses = 1 iters = 4 mflops = 1.601208e+03
 OK converged final_rsq= 0.015 (cf 0.016) rel = 1 (cf 0) restarts = 1 iters= 4
GFTIME:   time = 2.011001e-01 (Symanzik1) mflops = 2.629446e+03
FFTIME:  time = 6.622729e-01 (asqtad3) terms = 2 mflops = 2.264615e+03
PLAQ:	2.013451	2.012694
P_LOOP:	1.848458e-02	-2.834589e-03
G_LOOP:  0  0  4   	2.013605e+00	( 0 1 7 6  )
G_LOOP:  0  1  4   	2.012726e+00	( 0 2 7 5  )
G_LOOP:  0  2  4   	2.012660e+00	( 0 3 7 4  )
G_LOOP:  0  3  4   	2.014021e+00	( 1 2 6 5  )
G_LOOP:  0  4  4   	2.011083e+00	( 1 3 6 4  )
G_LOOP:  0  5  4   	2.014340e+00	( 2 3 5 4  )
G_LOOP:  1  0  6   	1.300613e+00	( 0 0 1 7 7 6  )
G_LOOP:  1  1  6   	1.300842e+00	( 0 0 2 7 7 5  )
G_LOOP:  1  2  6   	1.298253e+00	( 0 0 3 7 7 4  )
G_LOOP:  1  3  6   	1.302963e+00	( 1 1 0 6 6 7  )
G_LOOP:  1  4  6   	1.302157e+00	( 1 1 2 6 6 5  )
G_LOOP:  1  5  6   	1.297503e+00	( 1 1 3 6 6 4  )
G_LOOP:  1  6  6   	1.301427e+00	( 2 2 0 5 5 7  )
G_LOOP:  1  7  6   	1.304927e+00	( 2 2 1 5 5 6  )
G_LOOP:  1  8  6   	1.304792e+00	( 2 2 3 5 5 4  )
G_LOOP:  1  9  6   	1.298713e+00	( 3 3 0 4 4 7  )
G_LOOP:  1  10  6   	1.299108e+00	( 3 3 1 4 4 6  )
G_LOOP:  1  11  6   	1.299223e+00	( 3 3 2 4 4 5  )
G_LOOP:  2  0  6   	1.348445e+00	( 0 1 2 7 6 5  )
G_LOOP:  2  1  6   	1.343089e+00	( 0 1 5 7 6 2  )
G_LOOP:  2  2  6   	1.346329e+00	( 0 6 2 7 1 5  )
G_LOOP:  2  3  6   	1.345030e+00	( 0 6 5 7 1 2  )
G_LOOP:  2  4  6   	1.343380e+00	( 0 1 3 7 6 4  )
G_LOOP:  2  5  6   	1.344257e+00	( 0 1 4 7 6 3  )
G_LOOP:  2  6  6   	1.343157e+00	( 0 6 3 7 1 4  )
G_LOOP:  2  7  6   	1.342065e+00	( 0 6 4 7 1 3  )
G_LOOP:  2  8  6   	1.346172e+00	( 0 2 3 7 5 4  )
G_LOOP:  2  9  6   	1.342668e+00	( 0 2 4 7 5 3  )
G_LOOP:  2  10  6   	1.348706e+00	( 0 5 3 7 2 4  )
G_LOOP:  2  11  6   	1.343122e+00	( 0 5 4 7 2 3  )
G_LOOP:  2  12  6   	1.345732e+00	( 1 2 3 6 5 4  )
G_LOOP:  2  13  6   	1.341834e+00	( 1 2 4 6 5 3  )
G_LOOP:  2  14  6   	1.347041e+00	( 1 5 3 6 2 4  )
G_LOOP:  2  15  6   	1.345153e+00	( 1 5 4 6 2 3  )
GACTION: 4.065737e+00
CONGRAD5: time = 1.347995e-02 (fn F) masses = 1 iters = 4 mflops = 1.217296e+03
 OK converged final_rsq= 0.014 (cf 0.016) rel = 1 (cf 0) restarts = 1 iters= 4
CONGRAD5: time = 1.613116e-02 (fn F) masses = 1 iters = 6 mflops = 1.525844e+03
 OK converged final_rsq= 0.013 (cf 0.016) rel = 1 (cf 0) restarts = 1 iters= 6
PBP: mass 1.250000e-01     8.497467e-02  1.688522e-01  -5.301324e-04  -5.047567e-04 ( 1 of 1 )
FACTION: mass = 1.250000e-01,  1.446208e+00 ( 1 of 1 )
CONGRAD5: time = 1.053596e-02 (fn F) masses = 1 iters = 4 mflops = 1.557437e+03
 OK converged final_rsq= 0.014 (cf 0.016) rel = 1 (cf 0) restarts = 1 iters= 4
CONGRAD5: time = 1.401496e-02 (fn F) masses = 1 iters = 6 mflops = 1.756240e+03
 OK converged final_rsq= 0.013 (cf 0.016) rel = 1 (cf 0) restarts = 1 iters= 6
PBP: mass 1.250000e-01     8.481228e-02  1.712648e-01  2.146663e-03  2.408056e-03 ( 1 of 1 )
FACTION: mass = 1.250000e-01,  1.442460e+00 ( 1 of 1 )
CONGRAD5: time = 1.225591e-02 (fn F) masses = 1 iters = 5 mflops = 1.673590e+03
 OK converged final_rsq= 0.0075 (cf 0.016) rel = 1 (cf 0) restarts = 1 iters= 5
CONGRAD5: time = 1.029110e-02 (fn F) masses = 1 iters = 4 mflops = 1.594493e+03
 OK converged final_rsq= 0.016 (cf 0.016) rel = 1 (cf 0) restarts = 1 iters= 4
GFTIME:   time = 1.686280e-01 (Symanzik1) mflops = 3.135789e+03
FFTIME:  time = 6.487868e-01 (asqtad3) terms = 2 mflops = 2.311689e+03
CONGRAD5: time = 1.313806e-02 (fn F) masses = 1 iters = 5 mflops = 1.561217e+03
 OK converged final_rsq= 0.0092 (cf 0.016) rel = 1 (cf 0) restarts = 1 iters= 5
CONGRAD5: time = 1.215506e-02 (fn F) masses = 1 iters = 5 mflops = 1.687476e+03
 OK converged final_rsq= 0.0087 (cf 0.016) rel = 1 (cf 0) restarts = 1 iters= 5
GFTIME:   time = 1.758819e-01 (Symanzik1) mflops = 3.006460e+03
FFTIME:  time = 6.203890e-01 (asqtad3) terms = 2 mflops = 2.417505e+03
CONGRAD5: time = 1.244497e-02 (fn F) masses = 1 iters = 5 mflops = 1.648164e+03
 OK converged final_rsq= 0.011 (cf 0.016) rel = 1 (cf 0) restarts = 1 iters= 5
CONGRAD5: time = 1.224208e-02 (fn F) masses = 1 iters = 5 mflops = 1.675480e+03
 OK converged final_rsq= 0.01 (cf 0.016) rel = 1 (cf 0) restarts = 1 iters= 5
GFTIME:   time = 1.722622e-01 (Symanzik1) mflops = 3.069634e+03
FFTIME:  time = 6.682131e-01 (asqtad3) terms = 2 mflops = 2.244484e+03
CONGRAD5: time = 1.584601e-02 (fn F) masses = 1 iters = 5 mflops = 1.294418e+03
 OK converged final_rsq= 0.011 (cf 0.016) rel = 1 (cf 0) restarts = 1 iters= 5
CONGRAD5: time = 1.389313e-02 (fn F) masses = 1 iters = 5 mflops = 1.476367e+03
 OK converged final_rsq= 0.01 (cf 0.016) rel = 1 (cf 0) restarts = 1 iters= 5
GFTIME:   time = 1.863759e-01 (Symanzik1) mflops = 2.837180e+03
FFTIME:  time = 6.075249e-01 (asqtad3) terms = 2 mflops = 2.468695e+03
CONGRAD5: time = 1.224589e-02 (fn F) masses = 1 iters = 5 mflops = 1.674958e+03
 OK converged final_rsq= 0.0099 (cf 0.016) rel = 1 (cf 0) restarts = 1 iters= 5
CONGRAD5: time = 1.215911e-02 (fn F) masses = 1 iters = 5 mflops = 1.686913e+03
 OK converged final_rsq= 0.0095 (cf 0.016) rel = 1 (cf 0) restarts = 1 iters= 5
GFTIME:   time = 2.199011e-01 (Symanzik1) mflops = 2.404635e+03
FFTIME:  time = 6.054780e-01 (asqtad3) terms = 2 mflops = 2.477040e+03
PLAQ:	1.791483	1.792157
P_LOOP:	-5.625045e-03	-1.410870e-02
G_LOOP:  0  0  4   	1.791594e+00	( 0 1 7 6  )
G_LOOP:  0  1  4   	1.792323e+00	( 0 2 7 5  )
G_LOOP:  0  2  4   	1.792407e+00	( 0 3 7 4  )
G_LOOP:  0  3  4   	1.790532e+00	( 1 2 6 5  )
G_LOOP:  0  4  4   	1.793364e+00	( 1 3 6 4  )
G_LOOP:  0  5  4   	1.790701e+00	( 2 3 5 4  )
G_LOOP:  1  0  6   	1.025456e+00	( 0 0 1 7 7 6  )
G_LOOP:  1  1  6   	1.026012e+00	( 0 0 2 7 7 5  )
G_LOOP:  1  2  6   	1.024732e+00	( 0 0 3 7 7 4  )
G_LOOP:  1  3  6   	1.025410e+00	( 1 1 0 6 6 7  )
G_LOOP:  1  4  6   	1.024953e+00	( 1 1 2 6 6 5  )
G_LOOP:  1  5  6   	1.022938e+00	( 1 1 3 6 6 4  )
G_LOOP:  1  6  6   	1.024038e+00	( 2 2 0 5 5 7  )
G_LOOP:  1  7  6   	1.024894e+00	( 2 2 1 5 5 6  )
G_LOOP:  1  8  6   	1.022412e+00	( 2 2 3 5 5 4  )
G_LOOP:  1  9  6   	1.027185e+00	( 3 3 0 4 4 7  )
G_LOOP:  1  10  6   	1.025144e+00	( 3 3 1 4 4 6  )
G_LOOP:  1  11  6   	1.025040e+00	( 3 3 2 4 4 5  )
G_LOOP:  2  0  6   	1.061102e+00	( 0 1 2 7 6 5  )
G_LOOP:  2  1  6   	1.057245e+00	( 0 1 5 7 6 2  )
G_LOOP:  2  2  6   	1.056138e+00	( 0 6 2 7 1 5  )
G_LOOP:  2  3  6   	1.056679e+00	( 0 6 5 7 1 2  )
G_LOOP:  2  4  6   	1.053658e+00	( 0 1 3 7 6 4  )
G_LOOP:  2  5  6   	1.057752e+00	( 0 1 4 7 6 3  )
G_LOOP:  2  6  6   	1.058101e+00	( 0 6 3 7 1 4  )
G_LOOP:  2  7  6   	1.058884e+00	( 0 6 4 7 1 3  )
G_LOOP:  2  8  6   	1.056078e+00	( 0 2 3 7 5 4  )
G_LOOP:  2  9  6   	1.059393e+00	( 0 2 4 7 5 3  )
G_LOOP:  2  10  6   	1.057076e+00	( 0 5 3 7 2 4  )
G_LOOP:  2  11  6   	1.062819e+00	( 0 5 4 7 2 3  )
G_LOOP:  2  12  6   	1.057843e+00	( 1 2 3 6 5 4  )
G_LOOP:  2  13  6   	1.058616e+00	( 1 2 4 6 5 3  )
G_LOOP:  2  14  6   	1.053119e+00	( 1 5 3 6 2 4  )
G_LOOP:  2  15  6   	1.057944e+00	( 1 5 4 6 2 3  )
GACTION: 5.088764e+00
CONGRAD5: time = 1.337981e-02 (fn F) masses = 1 iters = 5 mflops = 1.533008e+03
 OK converged final_rsq= 0.0086 (cf 0.016) rel = 1 (cf 0) restarts = 1 iters= 5
CONGRAD5: time = 1.453400e-02 (fn F) masses = 1 iters = 6 mflops = 1.693521e+03
 OK converged final_rsq= 0.015 (cf 0.016) rel = 1 (cf 0) restarts = 1 iters= 6
PBP: mass 1.250000e-01     1.111279e-01  3.023810e-01  2.452463e-03  2.404104e-03 ( 1 of 1 )
FACTION: mass = 1.250000e-01,  1.456062e+00 ( 1 of 1 )
CONGRAD5: time = 1.277804e-02 (fn F) masses = 1 iters = 5 mflops = 1.605203e+03
 OK converged final_rsq= 0.0085 (cf 0.016) rel = 1 (cf 0) restarts = 1 iters= 5
CONGRAD5: time = 1.467299e-02 (fn F) masses = 1 iters = 6 mflops = 1.677478e+03
 OK converged final_rsq= 0.015 (cf 0.016) rel = 1 (cf 0) restarts = 1 iters= 6
PBP: mass 1.250000e-01     1.104930e-01  3.003512e-01  6.282960e-05  9.094552e-04 ( 1 of 1 )
FACTION: mass = 1.250000e-01,  1.455075e+00 ( 1 of 1 )
CONGRAD5: time = 1.238990e-02 (fn F) masses = 1 iters = 5 mflops = 1.655491e+03
 OK converged final_rsq= 0.01 (cf 0.016) rel = 1 (cf 0) restarts = 1 iters= 5
CONGRAD5: time = 1.218915e-02 (fn F) masses = 1 iters = 5 mflops = 1.682756e+03
 OK converged final_rsq= 0.0095 (cf 0.016) rel = 1 (cf 0) restarts = 1 iters= 5
GFTIME:   time = 1.744111e-01 (Symanzik1) mflops = 3.031814e+03
FFTIME:  time = 6.322141e-01 (asqtad3) terms = 2 mflops = 2.372287e+03
CONGRAD5: time = 1.265287e-02 (fn F) masses = 1 iters = 5 mflops = 1.621083e+03
 OK converged final_rsq= 0.011 (cf 0.016) rel = 1 (cf 0) restarts = 1 iters= 5
CONGRAD5: time = 1.320100e-02 (fn F) masses = 1 iters = 5 mflops = 1.553773e+03
 OK converged final_rsq= 0.011 (cf 0.016) rel = 1 (cf 0) restarts = 1 iters= 5
GFTIME:   time = 1.979051e-01 (Symanzik1) mflops = 2.671896e+03
FFTIME:  time = 6.235499e-01 (asqtad3) terms = 2 mflops = 2.405250e+03
CONGRAD5: time = 1.222205e-02 (fn F) masses = 1 iters = 5 mflops = 1.678226e+03
 OK converged final_rsq= 0.012 (cf 0.016) rel = 1 (cf 0) restarts = 1 iters= 5
CONGRAD5: time = 1.213002e-02 (fn F) masses = 1 iters = 5 mflops = 1.690958e+03
 OK converged final_rsq= 0.012 (cf 0.016) rel = 1 (cf 0) restarts = 1 iters= 5
GFTIME:   time = 2.133760e-01 (Symanzik1) mflops = 2.478169e+03
FFTIME:  time = 6.819322e-01 (asqtad3) terms = 2 mflops = 2.199329e+03
CONGRAD5: time = 1.300287e-02 (fn F) masses = 1 iters = 5 mflops = 1.577448e+03
 OK converged final_rsq= 0.012 (cf 0.016) rel = 1 (cf 0) restarts = 1 iters= 5
CONGRAD5: time = 1.217389e-02 (fn F) masses = 1 iters = 5 mflops = 1.684865e+03
 OK converged final_rsq= 0.012 (cf 0.016) rel = 1 (cf 0) restarts = 1 iters= 5
GFTIME:   time = 1.692538e-01 (Symanzik1) mflops = 3.124194e+03
FFTIME:  time = 6.133490e-01 (asqtad3) terms = 2 mflops = 2.445253e+03
CONGRAD5: time = 1.272607e-02 (fn F) masses = 1 iters = 5 mflops = 1.611759e+03
 OK converged final_rsq= 0.012 (cf 0.016) rel = 1 (cf 0) restarts = 1 iters= 5
CONGRAD5: time = 1.288700e-02 (fn F) masses = 1 iters = 5 mflops = 1.591632e+03
 OK converged final_rsq= 0.011 (cf 0.016) rel = 1 (cf 0) restarts = 1 iters= 5
GFTIME:   time = 1.924379e-01 (Symanzik1) mflops = 2.747805e+03
FFTIME:  time = 6.732931e-01 (asqtad3) terms = 2 mflops = 2.227549e+03
PLAQ:	1.645902	1.647369
P_LOOP:	-1.143113e-02	-2.267756e-03
G_LOOP:  0  0  4   	1.645709e+00	( 0 1 7 6  )
G_LOOP:  0  1  4   	1.644737e+00	( 0 2 7 5  )
G_LOOP:  0  2  4   	1.647218e+00	( 0 3 7 4  )
G_LOOP:  0  3  4   	1.647258e+00	( 1 2 6 5  )
G_LOOP:  0  4  4   	1.649003e+00	( 1 3 6 4  )
G_LOOP:  0  5  4   	1.645887e+00	( 2 3 5 4  )
G_LOOP:  1  0  6   	8.580218e-01	( 0 0 1 7 7 6  )
G_LOOP:  1  1  6   	8.541604e-01	( 0 0 2 7 7 5  )
G_LOOP:  1  2  6   	8.595779e-01	( 0 0 3 7 7 4  )
G_LOOP:  1  3  6   	8.582930e-01	( 1 1 0 6 6 7  )
G_LOOP:  1  4  6   	8.580090e-01	( 1 1 2 6 6 5  )
G_LOOP:  1  5  6   	8.579565e-01	( 1 1 3 6 6 4  )
G_LOOP:  1  6  6   	8.503308e-01	( 2 2 0 5 5 7  )
G_LOOP:  1  7  6   	8.559146e-01	( 2 2 1 5 5 6  )
G_LOOP:  1  8  6   	8.569176e-01	( 2 2 3 5 5 4  )
G_LOOP:  1  9  6   	8.593230e-01	( 3 3 0 4 4 7  )
G_LOOP:  1  10  6   	8.598535e-01	( 3 3 1 4 4 6  )
G_LOOP:  1  11  6   	8.616721e-01	( 3 3 2 4 4 5  )
G_LOOP:  2  0  6   	8.789153e-01	( 0 1 2 7 6 5  )
G_LOOP:  2  1  6   	8.791288e-01	( 0 1 5 7 6 2  )
G_LOOP:  2  2  6   	8.810073e-01	( 0 6 2 7 1 5  )
G_LOOP:  2  3  6   	8.768704e-01	( 0 6 5 7 1 2  )
G_LOOP:  2  4  6   	8.798489e-01	( 0 1 3 7 6 4  )
G_LOOP:  2  5  6   	8.801400e-01	( 0 1 4 7 6 3  )
G_LOOP:  2  6  6   	8.826417e-01	( 0 6 3 7 1 4  )
G_LOOP:  2  7  6   	8.788818e-01	( 0 6 4 7 1 3  )
G_LOOP:  2  8  6   	8.816597e-01	( 0 2 3 7 5 4  )
G_LOOP:  2  9  6   	8.763485e-01	( 0 2 4 7 5 3  )
G_LOOP:  2  10  6   	8.789559e-01	( 0 5 3 7 2 4  )
G_LOOP:  2  11  6   	8.814330e-01	( 0 5 4 7 2 3  )
G_LOOP:  2  12  6   	8.771350e-01	( 1 2 3 6 5 4  )
G_LOOP:  2  13  6   	8.797539e-01	( 1 2 4 6 5 3  )
G_LOOP:  2  14  6   	8.777674e-01	( 1 5 3 6 2 4  )
G_LOOP:  2  15  6   	8.827374e-01	( 1 5 4 6 2 3  )
GACTION: 5.774606e+00
CONGRAD5: time = 1.585793e-02 (fn F) masses = 1 iters = 5 mflops = 1.293445e+03
 OK converged final_rsq= 0.01 (cf 0.016) rel = 1 (cf 0) restarts = 1 iters= 5
CONGRAD5: time = 1.943898e-02 (fn F) masses = 1 iters = 7 mflops = 1.477233e+03
 OK converged final_rsq= 0.008 (cf 0.016) rel = 1 (cf 0) restarts = 1 iters= 7
PBP: mass 1.250000e-01     1.265012e-01  3.213337e-01  -2.075054e-03  -2.155931e-03 ( 1 of 1 )
FACTION: mass = 1.250000e-01,  1.436267e+00 ( 1 of 1 )
CONGRAD5: time = 1.513600e-02 (fn F) masses = 1 iters = 5 mflops = 1.355137e+03
 OK converged final_rsq= 0.01 (cf 0.016) rel = 1 (cf 0) restarts = 1 iters= 5
CONGRAD5: time = 2.000999e-02 (fn F) masses = 1 iters = 7 mflops = 1.435078e+03
 OK converged final_rsq= 0.0081 (cf 0.016) rel = 1 (cf 0) restarts = 1 iters= 7
PBP: mass 1.250000e-01     1.253157e-01  3.200521e-01  5.918009e-04  2.751183e-04 ( 1 of 1 )
FACTION: mass = 1.250000e-01,  1.432563e+00 ( 1 of 1 )
RUNNING COMPLETED
average cg iters for step= 1.100000e+01
Time = 2.420189e+01 seconds
total_iters = 550
Checksums 41e6b2b3 a5e7c44
Saved gauge configuration in parallel to binary file lat_p64_size128_1
Time stamp Thu May 19 18:20:05 2022
Wrote info file lat_p64_size128_1.info
Time to save = 3.122151e-01
CHECK PLAQ: 1.645902e+00 1.647369e+00
CHECK NERSC LINKTR: 1.706465e-01 CKSUM: 85c71d91


warms 0
trajecs 4
traj_between_meas 1
beta 5.6
mass1 0.01
mass2 0.01
u0 0.8441
microcanonical_time_step 0.02
steps_per_trajectory 15
max_cg_iterations 300
max_cg_restarts 5
error_per_site 1e-05
error_for_propagator 1e-05
npbp_reps 1
prec_pbp 1
reload_parallel lat_p64_size128_1
save_parallel lat_p64_size128_2
Restored binary gauge configuration in parallel from file lat_p64_size128_1
Time stamp Thu May 19 18:20:05 2022
Checksums 41e6b2b3 a5e7c44 OK
Time to reload gauge configuration = 1.852469e-01
CHECK PLAQ: 1.645902e+00 1.647369e+00
CHECK NERSC LINKTR: 1.706465e-01 CKSUM: 85c71d91
Unitarity checked.  Max deviation 2.98e-07
Time to check unitarity = 1.321077e-03
"O(a^2): couplings(pi)=0, Naik term, No O(a^2) errors, tadpole weights"
path coefficients: npath  path_coeff  multiplicity
                    0      6.250000e-01     8
                    1      -5.847914e-02     8
                    2      -8.771871e-02     48
                    3      3.077829e-02     192
                    4      -7.199551e-03     384
                    5      -1.231132e-01     48
Symanzik 1x1 + 1x2 + 1x1x1 action
gauge_action: total_dyn_flavors = 3
loop coefficients: nloop rep loop_coeff  multiplicity
                    0 0      1.000000e+00     6
                    1 0      -7.762509e-02     12
                    2 0      -1.031171e-02     16
WARMUPS COMPLETED
CONGRAD5: time = 1.202261e+00 (fn F) masses = 1 iters = 600 mflops = 2.047279e+03
 OK converged final_rsq= 9.6e-11 (cf 1e-10) rel = 1 (cf 0) restarts = 2 iters= 600
CONGRAD5: time = 1.219825e+00 (fn F) masses = 1 iters = 602 mflops = 2.024526e+03
 OK converged final_rsq= 7.3e-11 (cf 1e-10) rel = 1 (cf 0) restarts = 3 iters= 602
GFTIME:   time = 2.071991e-01 (Symanzik1) mflops = 2.552047e+03
FFTIME:  time = 6.546509e-01 (asqtad3) terms = 2 mflops = 2.290982e+03
CONGRAD5: time = 1.171277e+00 (fn F) masses = 1 iters = 591 mflops = 2.069914e+03
 OK converged final_rsq= 1e-10 (cf 1e-10) rel = 1 (cf 0) restarts = 2 iters= 591
CONGRAD5: time = 1.151686e+00 (fn F) masses = 1 iters = 593 mflops = 2.112249e+03
 OK converged final_rsq= 1e-10 (cf 1e-10) rel = 1 (cf 0) restarts = 2 iters= 593
GFTIME:   time = 1.905959e-01 (Symanzik1) mflops = 2.774361e+03
FFTIME:  time = 6.512890e-01 (asqtad3) terms = 2 mflops = 2.302808e+03
CONGRAD5: time = 1.146334e+00 (fn F) masses = 1 iters = 597 mflops = 2.136425e+03
 OK converged final_rsq= 4.9e-11 (cf 1e-10) rel = 1 (cf 0) restarts = 3 iters= 597
CONGRAD5: time = 1.106372e+00 (fn F) masses = 1 iters = 563 mflops = 2.087525e+03
 OK converged final_rsq= 4.9e-11 (cf 1e-10) rel = 1 (cf 0) restarts = 3 iters= 563
GFTIME:   time = 1.772561e-01 (Symanzik1) mflops = 2.983152e+03
FFTIME:  time = 6.508100e-01 (asqtad3) terms = 2 mflops = 2.304503e+03
CONGRAD5: time = 1.229710e+00 (fn F) masses = 1 iters = 590 mflops = 1.968220e+03
 OK converged final_rsq= 9.8e-11 (cf 1e-10) rel = 1 (cf 0) restarts = 2 iters= 590
CONGRAD5: time = 1.126807e+00 (fn F) masses = 1 iters = 578 mflops = 2.104276e+03
 OK converged final_rsq= 9.8e-11 (cf 1e-10) rel = 1 (cf 0) restarts = 2 iters= 578
GFTIME:   time = 1.792591e-01 (Symanzik1) mflops = 2.949819e+03
FFTIME:  time = 6.048050e-01 (asqtad3) terms = 2 mflops = 2.479797e+03
CONGRAD5: time = 1.148942e+00 (fn F) masses = 1 iters = 598 mflops = 2.135146e+03
 OK converged final_rsq= 9e-11 (cf 1e-10) rel = 1 (cf 0) restarts = 2 iters= 598
CONGRAD5: time = 1.135716e+00 (fn F) masses = 1 iters = 562 mflops = 2.029976e+03
 OK converged final_rsq= 9.9e-11 (cf 1e-10) rel = 1 (cf 0) restarts = 2 iters= 562
GFTIME:   time = 1.838269e-01 (Symanzik1) mflops = 2.876520e+03
FFTIME:  time = 6.299682e-01 (asqtad3) terms = 2 mflops = 2.380745e+03
CONGRAD5: time = 1.184657e+00 (fn F) masses = 1 iters = 600 mflops = 2.077701e+03
 OK converged final_rsq= 9.2e-11 (cf 1e-10) rel = 1 (cf 0) restarts = 2 iters= 600
CONGRAD5: time = 1.129245e+00 (fn F) masses = 1 iters = 594 mflops = 2.157857e+03
 OK converged final_rsq= 9.6e-11 (cf 1e-10) rel = 1 (cf 0) restarts = 2 iters= 594
GFTIME:   time = 1.855590e-01 (Symanzik1) mflops = 2.849669e+03
FFTIME:  time = 6.356008e-01 (asqtad3) terms = 2 mflops = 2.359647e+03
CONGRAD5: time = 1.139003e+00 (fn F) masses = 1 iters = 590 mflops = 2.124964e+03
 OK converged final_rsq= 9.8e-11 (cf 1e-10) rel = 1 (cf 0) restarts = 2 iters= 590
CONGRAD5: time = 1.152040e+00 (fn F) masses = 1 iters = 590 mflops = 2.100917e+03
 OK converged final_rsq= 9.7e-11 (cf 1e-10) rel = 1 (cf 0) restarts = 2 iters= 590
GFTIME:   time = 1.747410e-01 (Symanzik1) mflops = 3.026089e+03
FFTIME:  time = 6.472621e-01 (asqtad3) terms = 2 mflops = 2.317135e+03
CONGRAD5: time = 1.177040e+00 (fn F) masses = 1 iters = 602 mflops = 2.098117e+03
 OK converged final_rsq= 4.2e-11 (cf 1e-10) rel = 1 (cf 0) restarts = 3 iters= 602
CONGRAD5: time = 1.140133e+00 (fn F) masses = 1 iters = 590 mflops = 2.122858e+03
 OK converged final_rsq= 5e-11 (cf 1e-10) rel = 1 (cf 0) restarts = 3 iters= 590
GFTIME:   time = 1.797161e-01 (Symanzik1) mflops = 2.942317e+03
FFTIME:  time = 6.224592e-01 (asqtad3) terms = 2 mflops = 2.409465e+03
CONGRAD5: time = 1.169664e+00 (fn F) masses = 1 iters = 602 mflops = 2.111348e+03
 OK converged final_rsq= 4.8e-11 (cf 1e-10) rel = 1 (cf 0) restarts = 3 iters= 602
CONGRAD5: time = 1.126581e+00 (fn F) masses = 1 iters = 590 mflops = 2.148395e+03
 OK converged final_rsq= 9.8e-11 (cf 1e-10) rel = 1 (cf 0) restarts = 2 iters= 590
GFTIME:   time = 1.722970e-01 (Symanzik1) mflops = 3.069014e+03
FFTIME:  time = 6.237409e-01 (asqtad3) terms = 2 mflops = 2.404513e+03
CONGRAD5: time = 1.225998e+00 (fn F) masses = 1 iters = 602 mflops = 2.014332e+03
 OK converged final_rsq= 4.2e-11 (cf 1e-10) rel = 1 (cf 0) restarts = 3 iters= 602
CONGRAD5: time = 1.162073e+00 (fn F) masses = 1 iters = 600 mflops = 2.118079e+03
 OK converged final_rsq= 7.9e-11 (cf 1e-10) rel = 1 (cf 0) restarts = 2 iters= 600
GFTIME:   time = 1.769640e-01 (Symanzik1) mflops = 2.988075e+03
FFTIME:  time = 6.060560e-01 (asqtad3) terms = 2 mflops = 2.474678e+03
CONGRAD5: time = 1.138905e+00 (fn F) masses = 1 iters = 600 mflops = 2.161166e+03
 OK converged final_rsq= 8.4e-11 (cf 1e-10) rel = 1 (cf 0) restarts = 2 iters= 600
CONGRAD5: time = 1.216644e+00 (fn F) masses = 1 iters = 598 mflops = 2.016332e+03
 OK converged final_rsq= 9.2e-11 (cf 1e-10) rel = 1 (cf 0) restarts = 2 iters= 598
GFTIME:   time = 1.797600e-01 (Symanzik1) mflops = 2.941599e+03
FFTIME:  time = 6.332381e-01 (asqtad3) terms = 2 mflops = 2.368451e+03
CONGRAD5: time = 1.149492e+00 (fn F) masses = 1 iters = 598 mflops = 2.134124e+03
 OK converged final_rsq= 9.2e-11 (cf 1e-10) rel = 1 (cf 0) restarts = 2 iters= 598
CONGRAD5: time = 1.150827e+00 (fn F) masses = 1 iters = 600 mflops = 2.138778e+03
 OK converged final_rsq= 8.9e-11 (cf 1e-10) rel = 1 (cf 0) restarts = 2 iters= 600
GFTIME:   time = 2.058239e-01 (Symanzik1) mflops = 2.569098e+03
FFTIME:  time = 6.716521e-01 (asqtad3) terms = 2 mflops = 2.232992e+03
CONGRAD5: time = 1.277906e+00 (fn F) masses = 1 iters = 602 mflops = 1.932511e+03
 OK converged final_rsq= 5e-11 (cf 1e-10) rel = 1 (cf 0) restarts = 3 iters= 602
CONGRAD5: time = 1.149401e+00 (fn F) masses = 1 iters = 594 mflops = 2.120017e+03
 OK converged final_rsq= 4.9e-11 (cf 1e-10) rel = 1 (cf 0) restarts = 3 iters= 594
GFTIME:   time = 1.894679e-01 (Symanzik1) mflops = 2.790878e+03
FFTIME:  time = 6.803322e-01 (asqtad3) terms = 2 mflops = 2.204502e+03
CONGRAD5: time = 1.182016e+00 (fn F) masses = 1 iters = 602 mflops = 2.089285e+03
 OK converged final_rsq= 5.6e-11 (cf 1e-10) rel = 1 (cf 0) restarts = 3 iters= 602
CONGRAD5: time = 1.196911e+00 (fn F) masses = 1 iters = 600 mflops = 2.056430e+03
 OK converged final_rsq= 4.8e-11 (cf 1e-10) rel = 1 (cf 0) restarts = 3 iters= 600
GFTIME:   time = 1.942780e-01 (Symanzik1) mflops = 2.721779e+03
FFTIME:  time = 6.499829e-01 (asqtad3) terms = 2 mflops = 2.307435e+03
CONGRAD5: time = 1.198244e+00 (fn F) masses = 1 iters = 599 mflops = 2.050718e+03
 OK converged final_rsq= 1e-10 (cf 1e-10) rel = 1 (cf 0) restarts = 2 iters= 599
CONGRAD5: time = 1.177743e+00 (fn F) masses = 1 iters = 600 mflops = 2.089898e+03
 OK converged final_rsq= 9.6e-11 (cf 1e-10) rel = 1 (cf 0) restarts = 2 iters= 600
GFTIME:   time = 1.776240e-01 (Symanzik1) mflops = 2.976973e+03
FFTIME:  time = 6.533101e-01 (asqtad3) terms = 2 mflops = 2.295684e+03
PLAQ:	1.539870	1.540983
P_LOOP:	2.341213e-03	1.164436e-02
G_LOOP:  0  0  4   	1.542867e+00	( 0 1 7 6  )
G_LOOP:  0  1  4   	1.537272e+00	( 0 2 7 5  )
G_LOOP:  0  2  4   	1.541847e+00	( 0 3 7 4  )
G_LOOP:  0  3  4   	1.539470e+00	( 1 2 6 5  )
G_LOOP:  0  4  4   	1.541731e+00	( 1 3 6 4  )
G_LOOP:  0  5  4   	1.539371e+00	( 2 3 5 4  )
G_LOOP:  1  0  6   	7.833462e-01	( 0 0 1 7 7 6  )
G_LOOP:  1  1  6   	7.762624e-01	( 0 0 2 7 7 5  )
G_LOOP:  1  2  6   	7.838242e-01	( 0 0 3 7 7 4  )
G_LOOP:  1  3  6   	7.835679e-01	( 1 1 0 6 6 7  )
G_LOOP:  1  4  6   	7.791536e-01	( 1 1 2 6 6 5  )
G_LOOP:  1  5  6   	7.769763e-01	( 1 1 3 6 6 4  )
G_LOOP:  1  6  6   	7.748242e-01	( 2 2 0 5 5 7  )
G_LOOP:  1  7  6   	7.780153e-01	( 2 2 1 5 5 6  )
G_LOOP:  1  8  6   	7.802333e-01	( 2 2 3 5 5 4  )
G_LOOP:  1  9  6   	7.800279e-01	( 3 3 0 4 4 7  )
G_LOOP:  1  10  6   	7.797631e-01	( 3 3 1 4 4 6  )
G_LOOP:  1  11  6   	7.809500e-01	( 3 3 2 4 4 5  )
G_LOOP:  2  0  6   	7.992281e-01	( 0 1 2 7 6 5  )
G_LOOP:  2  1  6   	7.976546e-01	( 0 1 5 7 6 2  )
G_LOOP:  2  2  6   	8.026440e-01	( 0 6 2 7 1 5  )
G_LOOP:  2  3  6   	7.979111e-01	( 0 6 5 7 1 2  )
G_LOOP:  2  4  6   	8.020918e-01	( 0 1 3 7 6 4  )
G_LOOP:  2  5  6   	8.041203e-01	( 0 1 4 7 6 3  )
G_LOOP:  2  6  6   	8.028141e-01	( 0 6 3 7 1 4  )
G_LOOP:  2  7  6   	8.037676e-01	( 0 6 4 7 1 3  )
G_LOOP:  2  8  6   	7.983431e-01	( 0 2 3 7 5 4  )
G_LOOP:  2  9  6   	7.983456e-01	( 0 2 4 7 5 3  )
G_LOOP:  2  10  6   	7.998412e-01	( 0 5 3 7 2 4  )
G_LOOP:  2  11  6   	8.027047e-01	( 0 5 4 7 2 3  )
G_LOOP:  2  12  6   	7.993306e-01	( 1 2 3 6 5 4  )
G_LOOP:  2  13  6   	7.995266e-01	( 1 2 4 6 5 3  )
G_LOOP:  2  14  6   	7.962881e-01	( 1 5 3 6 2 4  )
G_LOOP:  2  15  6   	8.045871e-01	( 1 5 4 6 2 3  )
GACTION: 6.326396e+00
CONGRAD5: time = 1.195918e+00 (fn F) masses = 1 iters = 600 mflops = 2.058137e+03
 OK converged final_rsq= 8.3e-11 (cf 1e-10) rel = 1 (cf 0) restarts = 2 iters= 600
CONGRAD5: time = 1.826580e-01 (fn F) masses = 1 iters = 96 mflops = 2.156041e+03
 OK converged final_rsq= 9.8e-11 (cf 1e-10) rel = 1 (cf 0) restarts = 1 iters= 96
PBP: mass 1.000000e-02     3.354812e-02  4.058975e-02  -2.196691e-04  -2.219500e-04 ( 1 of 1 )
FACTION: mass = 1.000000e-02,  1.496073e+00 ( 1 of 1 )
CONGRAD5: time = 1.194766e+00 (fn F) masses = 1 iters = 599 mflops = 2.056688e+03
 OK converged final_rsq= 8.7e-11 (cf 1e-10) rel = 1 (cf 0) restarts = 2 iters= 599
CONGRAD5: time = 1.967490e-01 (fn F) masses = 1 iters = 88 mflops = 1.834825e+03
 OK converged final_rsq= 9.9e-11 (cf 1e-10) rel = 1 (cf 0) restarts = 1 iters= 88
PBP: mass 1.000000e-02     3.817999e-02  3.451439e-02  3.792468e-03  3.793978e-03 ( 1 of 1 )
FACTION: mass = 1.000000e-02,  1.499155e+00 ( 1 of 1 )
CONGRAD5: time = 1.203006e+00 (fn F) masses = 1 iters = 599 mflops = 2.042601e+03
 OK converged final_rsq= 9.5e-11 (cf 1e-10) rel = 1 (cf 0) restarts = 2 iters= 599
CONGRAD5: time = 1.198323e+00 (fn F) masses = 1 iters = 601 mflops = 2.057430e+03
 OK converged final_rsq= 4.8e-11 (cf 1e-10) rel = 1 (cf 0) restarts = 3 iters= 601
GFTIME:   time = 1.880898e-01 (Symanzik1) mflops = 2.811326e+03
FFTIME:  time = 7.089579e-01 (asqtad3) terms = 2 mflops = 2.115490e+03
CONGRAD5: time = 1.180521e+00 (fn F) masses = 1 iters = 602 mflops = 2.091930e+03
 OK converged final_rsq= 6.8e-11 (cf 1e-10) rel = 1 (cf 0) restarts = 3 iters= 602
CONGRAD5: time = 1.211297e+00 (fn F) masses = 1 iters = 602 mflops = 2.038780e+03
 OK converged final_rsq= 3.8e-11 (cf 1e-10) rel = 1 (cf 0) restarts = 3 iters= 602
GFTIME:   time = 2.078431e-01 (Symanzik1) mflops = 2.544140e+03
FFTIME:  time = 6.469760e-01 (asqtad3) terms = 2 mflops = 2.318159e+03
CONGRAD5: time = 1.169826e+00 (fn F) masses = 1 iters = 597 mflops = 2.093522e+03
 OK converged final_rsq= 9.7e-11 (cf 1e-10) rel = 1 (cf 0) restarts = 2 iters= 597
CONGRAD5: time = 1.210747e+00 (fn F) masses = 1 iters = 599 mflops = 2.029541e+03
 OK converged final_rsq= 9.4e-11 (cf 1e-10) rel = 1 (cf 0) restarts = 2 iters= 599
GFTIME:   time = 2.108819e-01 (Symanzik1) mflops = 2.507478e+03
FFTIME:  time = 6.325159e-01 (asqtad3) terms = 2 mflops = 2.371155e+03
CONGRAD5: time = 1.165874e+00 (fn F) masses = 1 iters = 602 mflops = 2.118212e+03
 OK converged final_rsq= 6.7e-11 (cf 1e-10) rel = 1 (cf 0) restarts = 3 iters= 602
CONGRAD5: time = 1.121383e+00 (fn F) masses = 1 iters = 594 mflops = 2.172986e+03
 OK converged final_rsq= 4.9e-11 (cf 1e-10) rel = 1 (cf 0) restarts = 3 iters= 594
GFTIME:   time = 2.517409e-01 (Symanzik1) mflops = 2.100500e+03
FFTIME:  time = 6.864481e-01 (asqtad3) terms = 2 mflops = 2.184861e+03
CONGRAD5: time = 1.164484e+00 (fn F) masses = 1 iters = 602 mflops = 2.120740e+03
 OK converged final_rsq= 4.3e-11 (cf 1e-10) rel = 1 (cf 0) restarts = 3 iters= 602
CONGRAD5: time = 1.171455e+00 (fn F) masses = 1 iters = 602 mflops = 2.108120e+03
 OK converged final_rsq= 4.2e-11 (cf 1e-10) rel = 1 (cf 0) restarts = 3 iters= 602
GFTIME:   time = 1.895158e-01 (Symanzik1) mflops = 2.790172e+03
FFTIME:  time = 6.916950e-01 (asqtad3) terms = 2 mflops = 2.168287e+03
CONGRAD5: time = 1.138251e+00 (fn F) masses = 1 iters = 602 mflops = 2.169616e+03
 OK converged final_rsq= 4.2e-11 (cf 1e-10) rel = 1 (cf 0) restarts = 3 iters= 602
CONGRAD5: time = 1.107653e+00 (fn F) masses = 1 iters = 599 mflops = 2.218439e+03
 OK converged final_rsq= 9.7e-11 (cf 1e-10) rel = 1 (cf 0) restarts = 2 iters= 599
GFTIME:   time = 1.859250e-01 (Symanzik1) mflops = 2.844060e+03
FFTIME:  time = 6.206939e-01 (asqtad3) terms = 2 mflops = 2.416317e+03
CONGRAD5: time = 1.119072e+00 (fn F) masses = 1 iters = 598 mflops = 2.192137e+03
 OK converged final_rsq= 9.1e-11 (cf 1e-10) rel = 1 (cf 0) restarts = 2 iters= 598
CONGRAD5: time = 1.119734e+00 (fn F) masses = 1 iters = 601 mflops = 2.201831e+03
 OK converged final_rsq= 4.8e-11 (cf 1e-10) rel = 1 (cf 0) restarts = 3 iters= 601
GFTIME:   time = 1.700299e-01 (Symanzik1) mflops = 3.109935e+03
FFTIME:  time = 6.042628e-01 (asqtad3) terms = 2 mflops = 2.482022e+03
CONGRAD5: time = 1.103149e+00 (fn F) masses = 1 iters = 597 mflops = 2.220060e+03
 OK converged final_rsq= 9.4e-11 (cf 1e-10) rel = 1 (cf 0) restarts = 2 iters= 597
CONGRAD5: time = 1.111475e+00 (fn F) masses = 1 iters = 600 mflops = 2.214502e+03
 OK converged final_rsq= 4.9e-11 (cf 1e-10) rel = 1 (cf 0) restarts = 3 iters= 600
GFTIME:   time = 1.693649e-01 (Symanzik1) mflops = 3.122145e+03
FFTIME:  time = 6.047959e-01 (asqtad3) terms = 2 mflops = 2.479834e+03
CONGRAD5: time = 1.116641e+00 (fn F) masses = 1 iters = 602 mflops = 2.211604e+03
 OK converged final_rsq= 6.7e-11 (cf 1e-10) rel = 1 (cf 0) restarts = 3 iters= 602
CONGRAD5: time = 1.090912e+00 (fn F) masses = 1 iters = 590 mflops = 2.218639e+03
 OK converged final_rsq= 9.8e-11 (cf 1e-10) rel = 1 (cf 0) restarts = 2 iters= 590
GFTIME:   time = 1.693230e-01 (Symanzik1) mflops = 3.122918e+03
FFTIME:  time = 6.035230e-01 (asqtad3) terms = 2 mflops = 2.485064e+03
CONGRAD5: time = 1.113593e+00 (fn F) masses = 1 iters = 602 mflops = 2.217657e+03
 OK converged final_rsq= 7.4e-11 (cf 1e-10) rel = 1 (cf 0) restarts = 3 iters= 602
CONGRAD5: time = 1.116079e+00 (fn F) masses = 1 iters = 600 mflops = 2.205366e+03
 OK converged final_rsq= 9.4e-11 (cf 1e-10) rel = 1 (cf 0) restarts = 2 iters= 600
GFTIME:   time = 1.705890e-01 (Symanzik1) mflops = 3.099742e+03
FFTIME:  time = 6.018350e-01 (asqtad3) terms = 2 mflops = 2.492034e+03
CONGRAD5: time = 1.133610e+00 (fn F) masses = 1 iters = 600 mflops = 2.171261e+03
 OK converged final_rsq= 8.7e-11 (cf 1e-10) rel = 1 (cf 0) restarts = 2 iters= 600
CONGRAD5: time = 1.177038e+00 (fn F) masses = 1 iters = 602 mflops = 2.098121e+03
 OK converged final_rsq= 4.7e-11 (cf 1e-10) rel = 1 (cf 0) restarts = 3 iters= 602
GFTIME:   time = 1.898232e-01 (Symanzik1) mflops = 2.785655e+03
FFTIME:  time = 6.527340e-01 (asqtad3) terms = 2 mflops = 2.297710e+03
CONGRAD5: time = 1.181120e+00 (fn F) masses = 1 iters = 602 mflops = 2.090870e+03
 OK converged final_rsq= 4.6e-11 (cf 1e-10) rel = 1 (cf 0) restarts = 3 iters= 602
CONGRAD5: time = 1.216588e+00 (fn F) masses = 1 iters = 598 mflops = 2.016425e+03
 OK converged final_rsq= 9.8e-11 (cf 1e-10) rel = 1 (cf 0) restarts = 2 iters= 598
GFTIME:   time = 2.081151e-01 (Symanzik1) mflops = 2.540814e+03
FFTIME:  time = 6.324329e-01 (asqtad3) terms = 2 mflops = 2.371466e+03
CONGRAD5: time = 1.177860e+00 (fn F) masses = 1 iters = 602 mflops = 2.096656e+03
 OK converged final_rsq= 7.9e-11 (cf 1e-10) rel = 1 (cf 0) restarts = 3 iters= 602
CONGRAD5: time = 1.288876e+00 (fn F) masses = 1 iters = 600 mflops = 1.909697e+03
 OK converged final_rsq= 9e-11 (cf 1e-10) rel = 1 (cf 0) restarts = 2 iters= 600
GFTIME:   time = 1.849000e-01 (Symanzik1) mflops = 2.859825e+03
FFTIME:  time = 6.119120e-01 (asqtad3) terms = 2 mflops = 2.450995e+03
CONGRAD5: time = 1.192091e+00 (fn F) masses = 1 iters = 602 mflops = 2.071627e+03
 OK converged final_rsq= 5.7e-11 (cf 1e-10) rel = 1 (cf 0) restarts = 3 iters= 602
CONGRAD5: time = 1.276612e+00 (fn F) masses = 1 iters = 602 mflops = 1.934470e+03
 OK converged final_rsq= 3.9e-11 (cf 1e-10) rel = 1 (cf 0) restarts = 3 iters= 602
GFTIME:   time = 1.794200e-01 (Symanzik1) mflops = 2.947173e+03
FFTIME:  time = 6.435292e-01 (asqtad3) terms = 2 mflops = 2.330576e+03
CONGRAD5: time = 1.138916e+00 (fn F) masses = 1 iters = 602 mflops = 2.168349e+03
 OK converged final_rsq= 6.6e-11 (cf 1e-10) rel = 1 (cf 0) restarts = 3 iters= 602
CONGRAD5: time = 1.274846e+00 (fn F) masses = 1 iters = 600 mflops = 1.930714e+03
 OK converged final_rsq= 8.2e-11 (cf 1e-10) rel = 1 (cf 0) restarts = 2 iters= 600
GFTIME:   time = 1.821201e-01 (Symanzik1) mflops = 2.903479e+03
FFTIME:  time = 6.105931e-01 (asqtad3) terms = 2 mflops = 2.456290e+03
PLAQ:	1.497886	1.500338
P_LOOP:	-1.391577e-02	-1.178132e-02
G_LOOP:  0  0  4   	1.500068e+00	( 0 1 7 6  )
G_LOOP:  0  1  4   	1.494129e+00	( 0 2 7 5  )
G_LOOP:  0  2  4   	1.501872e+00	( 0 3 7 4  )
G_LOOP:  0  3  4   	1.499460e+00	( 1 2 6 5  )
G_LOOP:  0  4  4   	1.499716e+00	( 1 3 6 4  )
G_LOOP:  0  5  4   	1.499427e+00	( 2 3 5 4  )
G_LOOP:  1  0  6   	7.443911e-01	( 0 0 1 7 7 6  )
G_LOOP:  1  1  6   	7.363440e-01	( 0 0 2 7 7 5  )
G_LOOP:  1  2  6   	7.451287e-01	( 0 0 3 7 7 4  )
G_LOOP:  1  3  6   	7.429316e-01	( 1 1 0 6 6 7  )
G_LOOP:  1  4  6   	7.374183e-01	( 1 1 2 6 6 5  )
G_LOOP:  1  5  6   	7.396254e-01	( 1 1 3 6 6 4  )
G_LOOP:  1  6  6   	7.350054e-01	( 2 2 0 5 5 7  )
G_LOOP:  1  7  6   	7.395602e-01	( 2 2 1 5 5 6  )
G_LOOP:  1  8  6   	7.422656e-01	( 2 2 3 5 5 4  )
G_LOOP:  1  9  6   	7.457821e-01	( 3 3 0 4 4 7  )
G_LOOP:  1  10  6   	7.440980e-01	( 3 3 1 4 4 6  )
G_LOOP:  1  11  6   	7.435065e-01	( 3 3 2 4 4 5  )
G_LOOP:  2  0  6   	7.580413e-01	( 0 1 2 7 6 5  )
G_LOOP:  2  1  6   	7.594399e-01	( 0 1 5 7 6 2  )
G_LOOP:  2  2  6   	7.602800e-01	( 0 6 2 7 1 5  )
G_LOOP:  2  3  6   	7.603390e-01	( 0 6 5 7 1 2  )
G_LOOP:  2  4  6   	7.621794e-01	( 0 1 3 7 6 4  )
G_LOOP:  2  5  6   	7.652648e-01	( 0 1 4 7 6 3  )
G_LOOP:  2  6  6   	7.622968e-01	( 0 6 3 7 1 4  )
G_LOOP:  2  7  6   	7.616749e-01	( 0 6 4 7 1 3  )
G_LOOP:  2  8  6   	7.563729e-01	( 0 2 3 7 5 4  )
G_LOOP:  2  9  6   	7.595969e-01	( 0 2 4 7 5 3  )
G_LOOP:  2  10  6   	7.609918e-01	( 0 5 3 7 2 4  )
G_LOOP:  2  11  6   	7.607973e-01	( 0 5 4 7 2 3  )
G_LOOP:  2  12  6   	7.604965e-01	( 1 2 3 6 5 4  )
G_LOOP:  2  13  6   	7.608241e-01	( 1 2 4 6 5 3  )
G_LOOP:  2  14  6   	7.583448e-01	( 1 5 3 6 2 4  )
G_LOOP:  2  15  6   	7.602719e-01	( 1 5 4 6 2 3  )
GACTION: 6.531885e+00
CONGRAD5: time = 1.121535e+00 (fn F) masses = 1 iters = 600 mflops = 2.194638e+03
 OK converged final_rsq= 8e-11 (cf 1e-10) rel = 1 (cf 0) restarts = 2 iters= 600
CONGRAD5: time = 1.674490e-01 (fn F) masses = 1 iters = 88 mflops = 2.155880e+03
 OK converged final_rsq= 1e-10 (cf 1e-10) rel = 1 (cf 0) restarts = 1 iters= 88
PBP: mass 1.000000e-02     3.617167e-02  4.242414e-02  8.969963e-03  8.972030e-03 ( 1 of 1 )
FACTION: mass = 1.000000e-02,  1.499519e+00 ( 1 of 1 )
CONGRAD5: time = 1.116829e+00 (fn F) masses = 1 iters = 602 mflops = 2.211232e+03
 OK converged final_rsq= 4.6e-11 (cf 1e-10) rel = 1 (cf 0) restarts = 3 iters= 602
CONGRAD5: time = 1.944590e-01 (fn F) masses = 1 iters = 104 mflops = 2.193966e+03
 OK converged final_rsq= 5e-11 (cf 1e-10) rel = 1 (cf 0) restarts = 2 iters= 104
PBP: mass 1.000000e-02     4.708103e-02  3.575377e-02  3.605491e-03  3.613895e-03 ( 1 of 1 )
FACTION: mass = 1.000000e-02,  1.498510e+00 ( 1 of 1 )
CONGRAD5: time = 1.113438e+00 (fn F) masses = 1 iters = 602 mflops = 2.217966e+03
 OK converged final_rsq= 6.5e-11 (cf 1e-10) rel = 1 (cf 0) restarts = 3 iters= 602
CONGRAD5: time = 1.111323e+00 (fn F) masses = 1 iters = 602 mflops = 2.222187e+03
 OK converged final_rsq= 6.2e-11 (cf 1e-10) rel = 1 (cf 0) restarts = 3 iters= 602
GFTIME:   time = 1.689289e-01 (Symanzik1) mflops = 3.130204e+03
FFTIME:  time = 6.058428e-01 (asqtad3) terms = 2 mflops = 2.475549e+03
CONGRAD5: time = 1.111434e+00 (fn F) masses = 1 iters = 602 mflops = 2.221965e+03
 OK converged final_rsq= 6e-11 (cf 1e-10) rel = 1 (cf 0) restarts = 3 iters= 602
CONGRAD5: time = 1.107956e+00 (fn F) masses = 1 iters = 600 mflops = 2.221535e+03
 OK converged final_rsq= 9.9e-11 (cf 1e-10) rel = 1 (cf 0) restarts = 2 iters= 600
GFTIME:   time = 1.703229e-01 (Symanzik1) mflops = 3.104585e+03
FFTIME:  time = 6.013279e-01 (asqtad3) terms = 2 mflops = 2.494136e+03
CONGRAD5: time = 1.112911e+00 (fn F) masses = 1 iters = 602 mflops = 2.219016e+03
 OK converged final_rsq= 5.5e-11 (cf 1e-10) rel = 1 (cf 0) restarts = 3 iters= 602
CONGRAD5: time = 1.106257e+00 (fn F) masses = 1 iters = 599 mflops = 2.221239e+03
 OK converged final_rsq= 9.2e-11 (cf 1e-10) rel = 1 (cf 0) restarts = 2 iters= 599
GFTIME:   time = 1.703830e-01 (Symanzik1) mflops = 3.103490e+03
FFTIME:  time = 6.046259e-01 (asqtad3) terms = 2 mflops = 2.480531e+03
CONGRAD5: time = 1.113001e+00 (fn F) masses = 1 iters = 602 mflops = 2.218837e+03
 OK converged final_rsq= 9.5e-11 (cf 1e-10) rel = 1 (cf 0) restarts = 3 iters= 602
CONGRAD5: time = 1.140665e+00 (fn F) masses = 1 iters = 602 mflops = 2.165024e+03
 OK converged final_rsq= 8.5e-11 (cf 1e-10) rel = 1 (cf 0) restarts = 3 iters= 602
GFTIME:   time = 1.810238e-01 (Symanzik1) mflops = 2.921062e+03
FFTIME:  time = 6.515789e-01 (asqtad3) terms = 2 mflops = 2.301783e+03
CONGRAD5: time = 1.174218e+00 (fn F) masses = 1 iters = 602 mflops = 2.103160e+03
 OK converged final_rsq= 5.4e-11 (cf 1e-10) rel = 1 (cf 0) restarts = 3 iters= 602
CONGRAD5: time = 1.161565e+00 (fn F) masses = 1 iters = 602 mflops = 2.126070e+03
 OK converged final_rsq= 6.4e-11 (cf 1e-10) rel = 1 (cf 0) restarts = 3 iters= 602
GFTIME:   time = 1.809862e-01 (Symanzik1) mflops = 2.921670e+03
FFTIME:  time = 6.667531e-01 (asqtad3) terms = 2 mflops = 2.249399e+03
CONGRAD5: time = 1.220239e+00 (fn F) masses = 1 iters = 602 mflops = 2.023839e+03
 OK converged final_rsq= 5.1e-11 (cf 1e-10) rel = 1 (cf 0) restarts = 3 iters= 602
CONGRAD5: time = 1.236966e+00 (fn F) masses = 1 iters = 602 mflops = 1.996472e+03
 OK converged final_rsq= 4.4e-11 (cf 1e-10) rel = 1 (cf 0) restarts = 3 iters= 602
GFTIME:   time = 2.071459e-01 (Symanzik1) mflops = 2.552702e+03
FFTIME:  time = 6.671860e-01 (asqtad3) terms = 2 mflops = 2.247939e+03
CONGRAD5: time = 1.202406e+00 (fn F) masses = 1 iters = 602 mflops = 2.053855e+03
 OK converged final_rsq= 7.2e-11 (cf 1e-10) rel = 1 (cf 0) restarts = 3 iters= 602
CONGRAD5: time = 1.219926e+00 (fn F) masses = 1 iters = 602 mflops = 2.024359e+03
 OK converged final_rsq= 3.9e-11 (cf 1e-10) rel = 1 (cf 0) restarts = 3 iters= 602
GFTIME:   time = 1.874502e-01 (Symanzik1) mflops = 2.820919e+03
FFTIME:  time = 6.893740e-01 (asqtad3) terms = 2 mflops = 2.175588e+03
CONGRAD5: time = 1.188548e+00 (fn F) masses = 1 iters = 602 mflops = 2.077802e+03
 OK converged final_rsq= 4.9e-11 (cf 1e-10) rel = 1 (cf 0) restarts = 3 iters= 602
CONGRAD5: time = 1.147062e+00 (fn F) masses = 1 iters = 602 mflops = 2.152950e+03
 OK converged final_rsq= 7e-11 (cf 1e-10) rel = 1 (cf 0) restarts = 3 iters= 602
GFTIME:   time = 2.110851e-01 (Symanzik1) mflops = 2.505065e+03
FFTIME:  time = 6.955390e-01 (asqtad3) terms = 2 mflops = 2.156304e+03
CONGRAD5: time = 1.202902e+00 (fn F) masses = 1 iters = 602 mflops = 2.053008e+03
 OK converged final_rsq= 9.4e-11 (cf 1e-10) rel = 1 (cf 0) restarts = 3 iters= 602
CONGRAD5: time = 1.225580e+00 (fn F) masses = 1 iters = 602 mflops = 2.015020e+03
 OK converged final_rsq= 7.1e-11 (cf 1e-10) rel = 1 (cf 0) restarts = 3 iters= 602
GFTIME:   time = 2.095640e-01 (Symanzik1) mflops = 2.523248e+03
FFTIME:  time = 6.342461e-01 (asqtad3) terms = 2 mflops = 2.364687e+03
CONGRAD5: time = 1.193814e+00 (fn F) masses = 1 iters = 602 mflops = 2.068637e+03
 OK converged final_rsq= 8.6e-11 (cf 1e-10) rel = 1 (cf 0) restarts = 3 iters= 602
CONGRAD5: time = 1.285599e+00 (fn F) masses = 1 iters = 600 mflops = 1.914565e+03
 OK converged final_rsq= 8.2e-11 (cf 1e-10) rel = 1 (cf 0) restarts = 2 iters= 600
GFTIME:   time = 1.781919e-01 (Symanzik1) mflops = 2.967485e+03
FFTIME:  time = 6.751490e-01 (asqtad3) terms = 2 mflops = 2.221426e+03
CONGRAD5: time = 1.164832e+00 (fn F) masses = 1 iters = 602 mflops = 2.120106e+03
 OK converged final_rsq= 7.3e-11 (cf 1e-10) rel = 1 (cf 0) restarts = 3 iters= 602
CONGRAD5: time = 1.260544e+00 (fn F) masses = 1 iters = 600 mflops = 1.952620e+03
 OK converged final_rsq= 9.7e-11 (cf 1e-10) rel = 1 (cf 0) restarts = 2 iters= 600
GFTIME:   time = 1.819010e-01 (Symanzik1) mflops = 2.906976e+03
FFTIME:  time = 6.560640e-01 (asqtad3) terms = 2 mflops = 2.286047e+03
CONGRAD5: time = 1.178258e+00 (fn F) masses = 1 iters = 602 mflops = 2.095948e+03
 OK converged final_rsq= 4.1e-11 (cf 1e-10) rel = 1 (cf 0) restarts = 3 iters= 602
CONGRAD5: time = 1.282898e+00 (fn F) masses = 1 iters = 602 mflops = 1.924992e+03
 OK converged final_rsq= 4.3e-11 (cf 1e-10) rel = 1 (cf 0) restarts = 3 iters= 602
GFTIME:   time = 1.807470e-01 (Symanzik1) mflops = 2.925535e+03
FFTIME:  time = 7.412331e-01 (asqtad3) terms = 2 mflops = 2.023376e+03
CONGRAD5: time = 1.431998e+00 (fn F) masses = 1 iters = 669 mflops = 1.916497e+03
 OK converged final_rsq= 9.9e-11 (cf 1e-10) rel = 1 (cf 0) restarts = 3 iters= 669
CONGRAD5: time = 1.185866e+00 (fn F) masses = 1 iters = 602 mflops = 2.082502e+03
 OK converged final_rsq= 6.7e-11 (cf 1e-10) rel = 1 (cf 0) restarts = 3 iters= 602
GFTIME:   time = 2.207429e-01 (Symanzik1) mflops = 2.395464e+03
FFTIME:  time = 6.177149e-01 (asqtad3) terms = 2 mflops = 2.427970e+03
CONGRAD5: time = 1.386786e+00 (fn F) masses = 1 iters = 676 mflops = 1.999686e+03
 OK converged final_rsq= 1e-10 (cf 1e-10) rel = 1 (cf 0) restarts = 3 iters= 676
CONGRAD5: time = 1.277435e+00 (fn F) masses = 1 iters = 602 mflops = 1.933224e+03
 OK converged final_rsq= 4.5e-11 (cf 1e-10) rel = 1 (cf 0) restarts = 3 iters= 602
GFTIME:   time = 1.770349e-01 (Symanzik1) mflops = 2.986880e+03
FFTIME:  time = 6.966798e-01 (asqtad3) terms = 2 mflops = 2.152773e+03
CONGRAD5: time = 1.319487e+00 (fn F) masses = 1 iters = 678 mflops = 2.107895e+03
 OK converged final_rsq= 9.8e-11 (cf 1e-10) rel = 1 (cf 0) restarts = 3 iters= 678
CONGRAD5: time = 1.150962e+00 (fn F) masses = 1 iters = 600 mflops = 2.138527e+03
 OK converged final_rsq= 9.1e-11 (cf 1e-10) rel = 1 (cf 0) restarts = 2 iters= 600
GFTIME:   time = 2.147911e-01 (Symanzik1) mflops = 2.461843e+03
FFTIME:  time = 6.746120e-01 (asqtad3) terms = 2 mflops = 2.223194e+03
PLAQ:	1.474744	1.476482
P_LOOP:	-2.052642e-02	-2.969863e-03
G_LOOP:  0  0  4   	1.475984e+00	( 0 1 7 6  )
G_LOOP:  0  1  4   	1.473090e+00	( 0 2 7 5  )
G_LOOP:  0  2  4   	1.479607e+00	( 0 3 7 4  )
G_LOOP:  0  3  4   	1.475158e+00	( 1 2 6 5  )
G_LOOP:  0  4  4   	1.475008e+00	( 1 3 6 4  )
G_LOOP:  0  5  4   	1.474829e+00	( 2 3 5 4  )
G_LOOP:  1  0  6   	7.184971e-01	( 0 0 1 7 7 6  )
G_LOOP:  1  1  6   	7.159353e-01	( 0 0 2 7 7 5  )
G_LOOP:  1  2  6   	7.240807e-01	( 0 0 3 7 7 4  )
G_LOOP:  1  3  6   	7.200422e-01	( 1 1 0 6 6 7  )
G_LOOP:  1  4  6   	7.173547e-01	( 1 1 2 6 6 5  )
G_LOOP:  1  5  6   	7.152072e-01	( 1 1 3 6 6 4  )
G_LOOP:  1  6  6   	7.124169e-01	( 2 2 0 5 5 7  )
G_LOOP:  1  7  6   	7.127769e-01	( 2 2 1 5 5 6  )
G_LOOP:  1  8  6   	7.156942e-01	( 2 2 3 5 5 4  )
G_LOOP:  1  9  6   	7.235363e-01	( 3 3 0 4 4 7  )
G_LOOP:  1  10  6   	7.168376e-01	( 3 3 1 4 4 6  )
G_LOOP:  1  11  6   	7.184888e-01	( 3 3 2 4 4 5  )
G_LOOP:  2  0  6   	7.309402e-01	( 0 1 2 7 6 5  )
G_LOOP:  2  1  6   	7.334683e-01	( 0 1 5 7 6 2  )
G_LOOP:  2  2  6   	7.358878e-01	( 0 6 2 7 1 5  )
G_LOOP:  2  3  6   	7.311164e-01	( 0 6 5 7 1 2  )
G_LOOP:  2  4  6   	7.339033e-01	( 0 1 3 7 6 4  )
G_LOOP:  2  5  6   	7.386881e-01	( 0 1 4 7 6 3  )
G_LOOP:  2  6  6   	7.380549e-01	( 0 6 3 7 1 4  )
G_LOOP:  2  7  6   	7.320259e-01	( 0 6 4 7 1 3  )
G_LOOP:  2  8  6   	7.381620e-01	( 0 2 3 7 5 4  )
G_LOOP:  2  9  6   	7.344164e-01	( 0 2 4 7 5 3  )
G_LOOP:  2  10  6   	7.362792e-01	( 0 5 3 7 2 4  )
G_LOOP:  2  11  6   	7.341192e-01	( 0 5 4 7 2 3  )
G_LOOP:  2  12  6   	7.332222e-01	( 1 2 3 6 5 4  )
G_LOOP:  2  13  6   	7.315865e-01	( 1 2 4 6 5 3  )
G_LOOP:  2  14  6   	7.331640e-01	( 1 5 3 6 2 4  )
G_LOOP:  2  15  6   	7.295510e-01	( 1 5 4 6 2 3  )
GACTION: 6.646384e+00
CONGRAD5: time = 1.163600e+00 (fn F) masses = 1 iters = 599 mflops = 2.111775e+03
 OK converged final_rsq= 1e-10 (cf 1e-10) rel = 1 (cf 0) restarts = 2 iters= 599
CONGRAD5: time = 1.877208e-01 (fn F) masses = 1 iters = 91 mflops = 1.988628e+03
 OK converged final_rsq= 1e-10 (cf 1e-10) rel = 1 (cf 0) restarts = 1 iters= 91
PBP: mass 1.000000e-02     4.339416e-02  3.936487e-02  7.421302e-03  7.418751e-03 ( 1 of 1 )
FACTION: mass = 1.000000e-02,  1.502066e+00 ( 1 of 1 )
CONGRAD5: time = 1.229217e+00 (fn F) masses = 1 iters = 602 mflops = 2.009058e+03
 OK converged final_rsq= 7.1e-11 (cf 1e-10) rel = 1 (cf 0) restarts = 3 iters= 602
CONGRAD5: time = 2.892990e-01 (fn F) masses = 1 iters = 126 mflops = 1.786685e+03
 OK converged final_rsq= 9.9e-11 (cf 1e-10) rel = 1 (cf 0) restarts = 1 iters= 126
PBP: mass 1.000000e-02     4.858556e-02  4.277414e-02  -1.701513e-03  -1.703251e-03 ( 1 of 1 )
FACTION: mass = 1.000000e-02,  1.501393e+00 ( 1 of 1 )
CONGRAD5: time = 1.170893e+00 (fn F) masses = 1 iters = 602 mflops = 2.109132e+03
 OK converged final_rsq= 8.2e-11 (cf 1e-10) rel = 1 (cf 0) restarts = 3 iters= 602
CONGRAD5: time = 1.252027e+00 (fn F) masses = 1 iters = 602 mflops = 1.972456e+03
 OK converged final_rsq= 5.4e-11 (cf 1e-10) rel = 1 (cf 0) restarts = 3 iters= 602
GFTIME:   time = 2.204399e-01 (Symanzik1) mflops = 2.398757e+03
FFTIME:  time = 6.401250e-01 (asqtad3) terms = 2 mflops = 2.342969e+03
CONGRAD5: time = 1.340904e+00 (fn F) masses = 1 iters = 683 mflops = 2.089525e+03
 OK converged final_rsq= 9.9e-11 (cf 1e-10) rel = 1 (cf 0) restarts = 3 iters= 683
CONGRAD5: time = 1.302599e+00 (fn F) masses = 1 iters = 602 mflops = 1.895877e+03
 OK converged final_rsq= 7.6e-11 (cf 1e-10) rel = 1 (cf 0) restarts = 3 iters= 602
GFTIME:   time = 1.830409e-01 (Symanzik1) mflops = 2.888873e+03
FFTIME:  time = 6.071651e-01 (asqtad3) terms = 2 mflops = 2.470157e+03
CONGRAD5: time = 1.164241e+00 (fn F) masses = 1 iters = 602 mflops = 2.121182e+03
 OK converged final_rsq= 6.9e-11 (cf 1e-10) rel = 1 (cf 0) restarts = 3 iters= 602
CONGRAD5: time = 1.303459e+00 (fn F) masses = 1 iters = 602 mflops = 1.894626e+03
 OK converged final_rsq= 7.2e-11 (cf 1e-10) rel = 1 (cf 0) restarts = 3 iters= 602
GFTIME:   time = 1.811330e-01 (Symanzik1) mflops = 2.919301e+03
FFTIME:  time = 6.077111e-01 (asqtad3) terms = 2 mflops = 2.467938e+03
CONGRAD5: time = 1.219570e+00 (fn F) masses = 1 iters = 602 mflops = 2.024950e+03
 OK converged final_rsq= 8.2e-11 (cf 1e-10) rel = 1 (cf 0) restarts = 3 iters= 602
CONGRAD5: time = 1.283837e+00 (fn F) masses = 1 iters = 602 mflops = 1.923584e+03
 OK converged final_rsq= 4.8e-11 (cf 1e-10) rel = 1 (cf 0) restarts = 3 iters= 602
GFTIME:   time = 1.813190e-01 (Symanzik1) mflops = 2.916307e+03
FFTIME:  time = 6.619849e-01 (asqtad3) terms = 2 mflops = 2.265601e+03
CONGRAD5: time = 1.418301e+00 (fn F) masses = 1 iters = 661 mflops = 1.911866e+03
 OK converged final_rsq= 9.9e-11 (cf 1e-10) rel = 1 (cf 0) restarts = 3 iters= 661
CONGRAD5: time = 1.160077e+00 (fn F) masses = 1 iters = 602 mflops = 2.128796e+03
 OK converged final_rsq= 8.3e-11 (cf 1e-10) rel = 1 (cf 0) restarts = 3 iters= 602
GFTIME:   time = 2.296391e-01 (Symanzik1) mflops = 2.302665e+03
FFTIME:  time = 6.131570e-01 (asqtad3) terms = 2 mflops = 2.446018e+03
CONGRAD5: time = 1.346568e+00 (fn F) masses = 1 iters = 674 mflops = 2.053317e+03
 OK converged final_rsq= 9.9e-11 (cf 1e-10) rel = 1 (cf 0) restarts = 3 iters= 674
CONGRAD5: time = 1.232482e+00 (fn F) masses = 1 iters = 602 mflops = 2.003735e+03
 OK converged final_rsq= 6.3e-11 (cf 1e-10) rel = 1 (cf 0) restarts = 3 iters= 602
GFTIME:   time = 1.728511e-01 (Symanzik1) mflops = 3.059176e+03
FFTIME:  time = 6.585431e-01 (asqtad3) terms = 2 mflops = 2.277441e+03
CONGRAD5: time = 1.178152e+00 (fn F) masses = 1 iters = 602 mflops = 2.096137e+03
 OK converged final_rsq= 9.3e-11 (cf 1e-10) rel = 1 (cf 0) restarts = 3 iters= 602
CONGRAD5: time = 1.265515e+00 (fn F) masses = 1 iters = 602 mflops = 1.951433e+03
 OK converged final_rsq= 5.5e-11 (cf 1e-10) rel = 1 (cf 0) restarts = 3 iters= 602
GFTIME:   time = 1.836128e-01 (Symanzik1) mflops = 2.879874e+03
FFTIME:  time = 7.528400e-01 (asqtad3) terms = 2 mflops = 1.992181e+03
CONGRAD5: time = 1.232221e+00 (fn F) masses = 1 iters = 602 mflops = 2.004160e+03
 OK converged final_rsq= 4.9e-11 (cf 1e-10) rel = 1 (cf 0) restarts = 3 iters= 602
CONGRAD5: time = 1.349048e+00 (fn F) masses = 1 iters = 666 mflops = 2.025215e+03
 OK converged final_rsq= 9.8e-11 (cf 1e-10) rel = 1 (cf 0) restarts = 3 iters= 666
GFTIME:   time = 2.493181e-01 (Symanzik1) mflops = 2.120912e+03
FFTIME:  time = 6.536498e-01 (asqtad3) terms = 2 mflops = 2.294491e+03
CONGRAD5: time = 1.415277e+00 (fn F) masses = 1 iters = 660 mflops = 1.913053e+03
 OK converged final_rsq= 5e-11 (cf 1e-10) rel = 1 (cf 0) restarts = 4 iters= 660
CONGRAD5: time = 1.195255e+00 (fn F) masses = 1 iters = 602 mflops = 2.066143e+03
 OK converged final_rsq= 4.4e-11 (cf 1e-10) rel = 1 (cf 0) restarts = 3 iters= 602
GFTIME:   time = 1.728749e-01 (Symanzik1) mflops = 3.058754e+03
FFTIME:  time = 6.187949e-01 (asqtad3) terms = 2 mflops = 2.423733e+03
CONGRAD5: time = 1.286766e+00 (fn F) masses = 1 iters = 602 mflops = 1.919205e+03
 OK converged final_rsq= 9e-11 (cf 1e-10) rel = 1 (cf 0) restarts = 3 iters= 602
CONGRAD5: time = 1.228608e+00 (fn F) masses = 1 iters = 602 mflops = 2.010054e+03
 OK converged final_rsq= 6.8e-11 (cf 1e-10) rel = 1 (cf 0) restarts = 3 iters= 602
GFTIME:   time = 1.793010e-01 (Symanzik1) mflops = 2.949129e+03
FFTIME:  time = 6.547859e-01 (asqtad3) terms = 2 mflops = 2.290510e+03
CONGRAD5: time = 1.417809e+00 (fn F) masses = 1 iters = 713 mflops = 2.062986e+03
 OK converged final_rsq= 9.9e-11 (cf 1e-10) rel = 1 (cf 0) restarts = 3 iters= 713
CONGRAD5: time = 1.162440e+00 (fn F) masses = 1 iters = 602 mflops = 2.124469e+03
 OK converged final_rsq= 5.9e-11 (cf 1e-10) rel = 1 (cf 0) restarts = 3 iters= 602
GFTIME:   time = 1.994240e-01 (Symanzik1) mflops = 2.651545e+03
FFTIME:  time = 6.944978e-01 (asqtad3) terms = 2 mflops = 2.159537e+03
CONGRAD5: time = 1.371149e+00 (fn F) masses = 1 iters = 708 mflops = 2.118230e+03
 OK converged final_rsq= 9.9e-11 (cf 1e-10) rel = 1 (cf 0) restarts = 3 iters= 708
CONGRAD5: time = 1.174709e+00 (fn F) masses = 1 iters = 602 mflops = 2.102280e+03
 OK converged final_rsq= 4.6e-11 (cf 1e-10) rel = 1 (cf 0) restarts = 3 iters= 602
GFTIME:   time = 2.110350e-01 (Symanzik1) mflops = 2.505659e+03
FFTIME:  time = 6.615620e-01 (asqtad3) terms = 2 mflops = 2.267049e+03
CONGRAD5: time = 1.189683e+00 (fn F) masses = 1 iters = 602 mflops = 2.075820e+03
 OK converged final_rsq= 5.7e-11 (cf 1e-10) rel = 1 (cf 0) restarts = 3 iters= 602
CONGRAD5: time = 1.454310e+00 (fn F) masses = 1 iters = 680 mflops = 1.918122e+03
 OK converged final_rsq= 9.9e-11 (cf 1e-10) rel = 1 (cf 0) restarts = 3 iters= 680
GFTIME:   time = 1.844881e-01 (Symanzik1) mflops = 2.866212e+03
FFTIME:  time = 6.151152e-01 (asqtad3) terms = 2 mflops = 2.438232e+03
CONGRAD5: time = 1.337682e+00 (fn F) masses = 1 iters = 666 mflops = 2.042423e+03
 OK converged final_rsq= 5e-11 (cf 1e-10) rel = 1 (cf 0) restarts = 4 iters= 666
CONGRAD5: time = 1.290899e+00 (fn F) masses = 1 iters = 602 mflops = 1.913060e+03
 OK converged final_rsq= 8.6e-11 (cf 1e-10) rel = 1 (cf 0) restarts = 3 iters= 602
GFTIME:   time = 1.771579e-01 (Symanzik1) mflops = 2.984806e+03
FFTIME:  time = 6.171591e-01 (asqtad3) terms = 2 mflops = 2.430157e+03
CONGRAD5: time = 1.333826e+00 (fn F) masses = 1 iters = 703 mflops = 2.162124e+03
 OK converged final_rsq= 1e-10 (cf 1e-10) rel = 1 (cf 0) restarts = 3 iters= 703
CONGRAD5: time = 1.474375e+00 (fn F) masses = 1 iters = 704 mflops = 1.958796e+03
 OK converged final_rsq= 5e-11 (cf 1e-10) rel = 1 (cf 0) restarts = 4 iters= 704
GFTIME:   time = 1.800520e-01 (Symanzik1) mflops = 2.936828e+03
FFTIME:  time = 6.176779e-01 (asqtad3) terms = 2 mflops = 2.428116e+03
PLAQ:	1.460193	1.460439
P_LOOP:	-5.681515e-03	1.470983e-02
G_LOOP:  0  0  4   	1.462860e+00	( 0 1 7 6  )
G_LOOP:  0  1  4   	1.459667e+00	( 0 2 7 5  )
G_LOOP:  0  2  4   	1.464225e+00	( 0 3 7 4  )
G_LOOP:  0  3  4   	1.458053e+00	( 1 2 6 5  )
G_LOOP:  0  4  4   	1.458102e+00	( 1 3 6 4  )
G_LOOP:  0  5  4   	1.458991e+00	( 2 3 5 4  )
G_LOOP:  1  0  6   	7.044114e-01	( 0 0 1 7 7 6  )
G_LOOP:  1  1  6   	7.001683e-01	( 0 0 2 7 7 5  )
G_LOOP:  1  2  6   	7.064534e-01	( 0 0 3 7 7 4  )
G_LOOP:  1  3  6   	7.046912e-01	( 1 1 0 6 6 7  )
G_LOOP:  1  4  6   	6.971760e-01	( 1 1 2 6 6 5  )
G_LOOP:  1  5  6   	6.963067e-01	( 1 1 3 6 6 4  )
G_LOOP:  1  6  6   	6.973758e-01	( 2 2 0 5 5 7  )
G_LOOP:  1  7  6   	6.981232e-01	( 2 2 1 5 5 6  )
G_LOOP:  1  8  6   	6.977841e-01	( 2 2 3 5 5 4  )
G_LOOP:  1  9  6   	7.051219e-01	( 3 3 0 4 4 7  )
G_LOOP:  1  10  6   	7.012289e-01	( 3 3 1 4 4 6  )
G_LOOP:  1  11  6   	6.983391e-01	( 3 3 2 4 4 5  )
G_LOOP:  2  0  6   	7.119569e-01	( 0 1 2 7 6 5  )
G_LOOP:  2  1  6   	7.136081e-01	( 0 1 5 7 6 2  )
G_LOOP:  2  2  6   	7.205864e-01	( 0 6 2 7 1 5  )
G_LOOP:  2  3  6   	7.129568e-01	( 0 6 5 7 1 2  )
G_LOOP:  2  4  6   	7.151807e-01	( 0 1 3 7 6 4  )
G_LOOP:  2  5  6   	7.179215e-01	( 0 1 4 7 6 3  )
G_LOOP:  2  6  6   	7.225979e-01	( 0 6 3 7 1 4  )
G_LOOP:  2  7  6   	7.152602e-01	( 0 6 4 7 1 3  )
G_LOOP:  2  8  6   	7.193233e-01	( 0 2 3 7 5 4  )
G_LOOP:  2  9  6   	7.155409e-01	( 0 2 4 7 5 3  )
G_LOOP:  2  10  6   	7.174311e-01	( 0 5 3 7 2 4  )
G_LOOP:  2  11  6   	7.158922e-01	( 0 5 4 7 2 3  )
G_LOOP:  2  12  6   	7.121399e-01	( 1 2 3 6 5 4  )
G_LOOP:  2  13  6   	7.112940e-01	( 1 2 4 6 5 3  )
G_LOOP:  2  14  6   	7.106608e-01	( 1 5 3 6 2 4  )
G_LOOP:  2  15  6   	7.096770e-01	( 1 5 4 6 2 3  )
GACTION: 6.719232e+00
CONGRAD5: time = 1.174930e+00 (fn F) masses = 1 iters = 602 mflops = 2.101885e+03
 OK converged final_rsq= 8.8e-11 (cf 1e-10) rel = 1 (cf 0) restarts = 3 iters= 602
CONGRAD5: time = 2.811790e-01 (fn F) masses = 1 iters = 122 mflops = 1.779924e+03
 OK converged final_rsq= 9.9e-11 (cf 1e-10) rel = 1 (cf 0) restarts = 1 iters= 122
PBP: mass 1.000000e-02     5.555199e-02  4.368940e-02  -4.331524e-03  -4.348939e-03 ( 1 of 1 )
FACTION: mass = 1.000000e-02,  1.501287e+00 ( 1 of 1 )
CONGRAD5: time = 1.214793e+00 (fn F) masses = 1 iters = 602 mflops = 2.032912e+03
 OK converged final_rsq= 6.4e-11 (cf 1e-10) rel = 1 (cf 0) restarts = 3 iters= 602
CONGRAD5: time = 2.073290e-01 (fn F) masses = 1 iters = 110 mflops = 2.176492e+03
 OK converged final_rsq= 1e-10 (cf 1e-10) rel = 1 (cf 0) restarts = 1 iters= 110
PBP: mass 1.000000e-02     5.376833e-02  4.562878e-02  -5.653563e-03  -5.648705e-03 ( 1 of 1 )
FACTION: mass = 1.000000e-02,  1.501514e+00 ( 1 of 1 )
RUNNING COMPLETED
average cg iters for step= 1.219000e+03
Time = 2.271001e+02 seconds
total_iters = 152537
Checksums 7bb45b68 d977e3c0
Saved gauge configuration in parallel to binary file lat_p64_size128_2
Time stamp Thu May 19 18:23:53 2022
Wrote info file lat_p64_size128_2.info
Time to save = 3.966620e-01
CHECK PLAQ: 1.460193e+00 1.460439e+00
CHECK NERSC LINKTR: 1.427689e-01 CKSUM: 5cf947c6


get_i(0): EOF on input.
Elapsed total time: 252.400630
exit: Thu May 19 18:23:53 2022

