SU3 with improved KS action
Microcanonical simulation with refreshing
R algorithm
MIMD version 7.8.1
Machine = MPI (portable), with 32 nodes
Host(0) = ault03.cscs.ch
Username = mcopik
Options selected...
Generic single precision
C_GLOBAL_INLINE
DBLSTORE_FN
D_FN_GATHER13
FEWSUMS
KS_MULTIFF=FNMAT
VECLENGTH=4
type 0 for no prompts, 1 for prompts, or 2 for proofreading
nflavors1 2
nflavors2 1
nx 24
ny 16
nz 8
nt 36
iseed 5682304
LAYOUT = Hypercubes, options = hyper_prime,
automatic hyper_prime layout
ON EACH NODE 6 x 8 x 8 x 9
Mallocing 3.4 MBytes per node for lattice
WARNING!!: Resetting random seed
Made lattice
Made nn gathers
Made 3nn gathers
Finished setup


warms 0
trajecs 4
traj_between_meas 1
beta 5.6
mass1 0.125
mass2 0.125
u0 0.8441
microcanonical_time_step 0.2
steps_per_trajectory 5
max_cg_iterations 100
max_cg_restarts 5
error_per_site 0.125
error_for_propagator 0.125
npbp_reps 1
prec_pbp 1
fresh 
save_parallel lat_p64_size128_1
unit gauge configuration loaded
CHECK PLAQ: 3.000000e+00 3.000000e+00
CHECK NERSC LINKTR: 1.000000e+00 CKSUM: 0
Unitarity checked.  Max deviation 0.00e+00
Time to check unitarity = 7.879734e-04
"O(a^2): couplings(pi)=0, Naik term, No O(a^2) errors, tadpole weights"
path coefficients: npath  path_coeff  multiplicity
                    0      6.250000e-01     8
                    1      -5.847914e-02     8
                    2      -8.771871e-02     48
                    3      3.077829e-02     192
                    4      -7.199551e-03     384
                    5      -1.231132e-01     48
Symanzik 1x1 + 1x2 + 1x1x1 action
gauge_action: total_dyn_flavors = 3
loop coefficients: nloop rep loop_coeff  multiplicity
                    0 0      1.000000e+00     6
                    1 0      -7.762509e-02     12
                    2 0      -1.031171e-02     16
WARMUPS COMPLETED
CONGRAD5: time = 6.915092e-03 (fn F) masses = 1 iters = 4 mflops = 2.372938e+03
 OK converged final_rsq= 0.006 (cf 0.016) rel = 1 (cf 0) restarts = 1 iters= 4
CONGRAD5: time = 6.606102e-03 (fn F) masses = 1 iters = 4 mflops = 2.483929e+03
 OK converged final_rsq= 0.0059 (cf 0.016) rel = 1 (cf 0) restarts = 1 iters= 4
GFTIME:   time = 1.337669e-01 (Symanzik1) mflops = 3.953010e+03
FFTIME:  time = 5.027649e-01 (asqtad3) terms = 2 mflops = 2.983091e+03
CONGRAD5: time = 6.757021e-03 (fn F) masses = 1 iters = 4 mflops = 2.428450e+03
 OK converged final_rsq= 0.01 (cf 0.016) rel = 1 (cf 0) restarts = 1 iters= 4
CONGRAD5: time = 6.556988e-03 (fn F) masses = 1 iters = 4 mflops = 2.502534e+03
 OK converged final_rsq= 0.0098 (cf 0.016) rel = 1 (cf 0) restarts = 1 iters= 4
GFTIME:   time = 1.333821e-01 (Symanzik1) mflops = 3.964414e+03
FFTIME:  time = 4.984839e-01 (asqtad3) terms = 2 mflops = 3.008710e+03
CONGRAD5: time = 6.736994e-03 (fn F) masses = 1 iters = 4 mflops = 2.435669e+03
 OK converged final_rsq= 0.014 (cf 0.016) rel = 1 (cf 0) restarts = 1 iters= 4
CONGRAD5: time = 6.668091e-03 (fn F) masses = 1 iters = 4 mflops = 2.460838e+03
 OK converged final_rsq= 0.014 (cf 0.016) rel = 1 (cf 0) restarts = 1 iters= 4
GFTIME:   time = 1.344988e-01 (Symanzik1) mflops = 3.931497e+03
FFTIME:  time = 4.981849e-01 (asqtad3) terms = 2 mflops = 3.010515e+03
CONGRAD5: time = 6.808996e-03 (fn F) masses = 1 iters = 4 mflops = 2.409913e+03
 OK converged final_rsq= 0.013 (cf 0.016) rel = 1 (cf 0) restarts = 1 iters= 4
CONGRAD5: time = 6.598949e-03 (fn F) masses = 1 iters = 4 mflops = 2.486621e+03
 OK converged final_rsq= 0.013 (cf 0.016) rel = 1 (cf 0) restarts = 1 iters= 4
GFTIME:   time = 1.336911e-01 (Symanzik1) mflops = 3.955252e+03
FFTIME:  time = 4.994659e-01 (asqtad3) terms = 2 mflops = 3.002794e+03
CONGRAD5: time = 6.765127e-03 (fn F) masses = 1 iters = 4 mflops = 2.425540e+03
 OK converged final_rsq= 0.011 (cf 0.016) rel = 1 (cf 0) restarts = 1 iters= 4
CONGRAD5: time = 6.601095e-03 (fn F) masses = 1 iters = 4 mflops = 2.485813e+03
 OK converged final_rsq= 0.011 (cf 0.016) rel = 1 (cf 0) restarts = 1 iters= 4
GFTIME:   time = 1.365371e-01 (Symanzik1) mflops = 3.872808e+03
FFTIME:  time = 4.987600e-01 (asqtad3) terms = 2 mflops = 3.007044e+03
PLAQ:	2.349198	2.348190
P_LOOP:	2.786892e-03	-1.250431e-02
G_LOOP:  0  0  4   	2.348389e+00	( 0 1 7 6  )
G_LOOP:  0  1  4   	2.349309e+00	( 0 2 7 5  )
G_LOOP:  0  2  4   	2.348361e+00	( 0 3 7 4  )
G_LOOP:  0  3  4   	2.349895e+00	( 1 2 6 5  )
G_LOOP:  0  4  4   	2.348625e+00	( 1 3 6 4  )
G_LOOP:  0  5  4   	2.347583e+00	( 2 3 5 4  )
G_LOOP:  1  0  6   	1.773790e+00	( 0 0 1 7 7 6  )
G_LOOP:  1  1  6   	1.776646e+00	( 0 0 2 7 7 5  )
G_LOOP:  1  2  6   	1.774103e+00	( 0 0 3 7 7 4  )
G_LOOP:  1  3  6   	1.776491e+00	( 1 1 0 6 6 7  )
G_LOOP:  1  4  6   	1.777582e+00	( 1 1 2 6 6 5  )
G_LOOP:  1  5  6   	1.775662e+00	( 1 1 3 6 6 4  )
G_LOOP:  1  6  6   	1.775503e+00	( 2 2 0 5 5 7  )
G_LOOP:  1  7  6   	1.778237e+00	( 2 2 1 5 5 6  )
G_LOOP:  1  8  6   	1.771448e+00	( 2 2 3 5 5 4  )
G_LOOP:  1  9  6   	1.773505e+00	( 3 3 0 4 4 7  )
G_LOOP:  1  10  6   	1.774021e+00	( 3 3 1 4 4 6  )
G_LOOP:  1  11  6   	1.774669e+00	( 3 3 2 4 4 5  )
G_LOOP:  2  0  6   	1.825091e+00	( 0 1 2 7 6 5  )
G_LOOP:  2  1  6   	1.823287e+00	( 0 1 5 7 6 2  )
G_LOOP:  2  2  6   	1.821088e+00	( 0 6 2 7 1 5  )
G_LOOP:  2  3  6   	1.822105e+00	( 0 6 5 7 1 2  )
G_LOOP:  2  4  6   	1.824212e+00	( 0 1 3 7 6 4  )
G_LOOP:  2  5  6   	1.820812e+00	( 0 1 4 7 6 3  )
G_LOOP:  2  6  6   	1.819790e+00	( 0 6 3 7 1 4  )
G_LOOP:  2  7  6   	1.820252e+00	( 0 6 4 7 1 3  )
G_LOOP:  2  8  6   	1.823634e+00	( 0 2 3 7 5 4  )
G_LOOP:  2  9  6   	1.819915e+00	( 0 2 4 7 5 3  )
G_LOOP:  2  10  6   	1.821587e+00	( 0 5 3 7 2 4  )
G_LOOP:  2  11  6   	1.821800e+00	( 0 5 4 7 2 3  )
G_LOOP:  2  12  6   	1.820839e+00	( 1 2 3 6 5 4  )
G_LOOP:  2  13  6   	1.823189e+00	( 1 2 4 6 5 3  )
G_LOOP:  2  14  6   	1.819091e+00	( 1 5 3 6 2 4  )
G_LOOP:  2  15  6   	1.822278e+00	( 1 5 4 6 2 3  )
GACTION: 2.572492e+00
CONGRAD5: time = 6.658077e-03 (fn F) masses = 1 iters = 4 mflops = 2.464539e+03
 OK converged final_rsq= 0.01 (cf 0.016) rel = 1 (cf 0) restarts = 1 iters= 4
CONGRAD5: time = 8.663893e-03 (fn F) masses = 1 iters = 6 mflops = 2.840944e+03
 OK converged final_rsq= 0.0087 (cf 0.016) rel = 1 (cf 0) restarts = 1 iters= 6
PBP: mass 1.250000e-01     6.806275e-02  1.030895e-01  8.483080e-04  9.597723e-04 ( 1 of 1 )
FACTION: mass = 1.250000e-01,  1.463830e+00 ( 1 of 1 )
CONGRAD5: time = 6.604910e-03 (fn F) masses = 1 iters = 4 mflops = 2.484377e+03
 OK converged final_rsq= 0.01 (cf 0.016) rel = 1 (cf 0) restarts = 1 iters= 4
CONGRAD5: time = 8.586884e-03 (fn F) masses = 1 iters = 6 mflops = 2.866422e+03
 OK converged final_rsq= 0.0085 (cf 0.016) rel = 1 (cf 0) restarts = 1 iters= 6
PBP: mass 1.250000e-01     6.882193e-02  1.016555e-01  -1.014163e-03  -6.058347e-04 ( 1 of 1 )
FACTION: mass = 1.250000e-01,  1.471104e+00 ( 1 of 1 )
CONGRAD5: time = 6.798029e-03 (fn F) masses = 1 iters = 4 mflops = 2.413801e+03
 OK converged final_rsq= 0.011 (cf 0.016) rel = 1 (cf 0) restarts = 1 iters= 4
CONGRAD5: time = 6.633997e-03 (fn F) masses = 1 iters = 4 mflops = 2.473484e+03
 OK converged final_rsq= 0.011 (cf 0.016) rel = 1 (cf 0) restarts = 1 iters= 4
GFTIME:   time = 1.335070e-01 (Symanzik1) mflops = 3.960704e+03
FFTIME:  time = 5.011251e-01 (asqtad3) terms = 2 mflops = 2.992852e+03
CONGRAD5: time = 7.797003e-03 (fn F) masses = 1 iters = 5 mflops = 2.630672e+03
 OK converged final_rsq= 0.007 (cf 0.016) rel = 1 (cf 0) restarts = 1 iters= 5
CONGRAD5: time = 6.580830e-03 (fn F) masses = 1 iters = 4 mflops = 2.493468e+03
 OK converged final_rsq= 0.015 (cf 0.016) rel = 1 (cf 0) restarts = 1 iters= 4
GFTIME:   time = 1.347010e-01 (Symanzik1) mflops = 3.925596e+03
FFTIME:  time = 5.012960e-01 (asqtad3) terms = 2 mflops = 2.991832e+03
CONGRAD5: time = 7.726192e-03 (fn F) masses = 1 iters = 5 mflops = 2.654782e+03
 OK converged final_rsq= 0.0088 (cf 0.016) rel = 1 (cf 0) restarts = 1 iters= 5
CONGRAD5: time = 7.666826e-03 (fn F) masses = 1 iters = 5 mflops = 2.675339e+03
 OK converged final_rsq= 0.0085 (cf 0.016) rel = 1 (cf 0) restarts = 1 iters= 5
GFTIME:   time = 1.348760e-01 (Symanzik1) mflops = 3.920503e+03
FFTIME:  time = 5.014689e-01 (asqtad3) terms = 2 mflops = 2.990800e+03
CONGRAD5: time = 7.794142e-03 (fn F) masses = 1 iters = 5 mflops = 2.631638e+03
 OK converged final_rsq= 0.0085 (cf 0.016) rel = 1 (cf 0) restarts = 1 iters= 5
CONGRAD5: time = 7.612944e-03 (fn F) masses = 1 iters = 5 mflops = 2.694275e+03
 OK converged final_rsq= 0.0081 (cf 0.016) rel = 1 (cf 0) restarts = 1 iters= 5
GFTIME:   time = 1.354868e-01 (Symanzik1) mflops = 3.902828e+03
FFTIME:  time = 5.003870e-01 (asqtad3) terms = 2 mflops = 2.997267e+03
CONGRAD5: time = 6.875992e-03 (fn F) masses = 1 iters = 4 mflops = 2.386432e+03
 OK converged final_rsq= 0.016 (cf 0.016) rel = 1 (cf 0) restarts = 1 iters= 4
CONGRAD5: time = 6.685972e-03 (fn F) masses = 1 iters = 4 mflops = 2.454256e+03
 OK converged final_rsq= 0.015 (cf 0.016) rel = 1 (cf 0) restarts = 1 iters= 4
GFTIME:   time = 1.399028e-01 (Symanzik1) mflops = 3.779636e+03
FFTIME:  time = 5.062468e-01 (asqtad3) terms = 2 mflops = 2.962574e+03
PLAQ:	2.013451	2.012694
P_LOOP:	1.848458e-02	-2.834589e-03
G_LOOP:  0  0  4   	2.013605e+00	( 0 1 7 6  )
G_LOOP:  0  1  4   	2.012726e+00	( 0 2 7 5  )
G_LOOP:  0  2  4   	2.012660e+00	( 0 3 7 4  )
G_LOOP:  0  3  4   	2.014021e+00	( 1 2 6 5  )
G_LOOP:  0  4  4   	2.011083e+00	( 1 3 6 4  )
G_LOOP:  0  5  4   	2.014340e+00	( 2 3 5 4  )
G_LOOP:  1  0  6   	1.300613e+00	( 0 0 1 7 7 6  )
G_LOOP:  1  1  6   	1.300842e+00	( 0 0 2 7 7 5  )
G_LOOP:  1  2  6   	1.298253e+00	( 0 0 3 7 7 4  )
G_LOOP:  1  3  6   	1.302963e+00	( 1 1 0 6 6 7  )
G_LOOP:  1  4  6   	1.302157e+00	( 1 1 2 6 6 5  )
G_LOOP:  1  5  6   	1.297503e+00	( 1 1 3 6 6 4  )
G_LOOP:  1  6  6   	1.301427e+00	( 2 2 0 5 5 7  )
G_LOOP:  1  7  6   	1.304927e+00	( 2 2 1 5 5 6  )
G_LOOP:  1  8  6   	1.304792e+00	( 2 2 3 5 5 4  )
G_LOOP:  1  9  6   	1.298713e+00	( 3 3 0 4 4 7  )
G_LOOP:  1  10  6   	1.299108e+00	( 3 3 1 4 4 6  )
G_LOOP:  1  11  6   	1.299223e+00	( 3 3 2 4 4 5  )
G_LOOP:  2  0  6   	1.348445e+00	( 0 1 2 7 6 5  )
G_LOOP:  2  1  6   	1.343089e+00	( 0 1 5 7 6 2  )
G_LOOP:  2  2  6   	1.346329e+00	( 0 6 2 7 1 5  )
G_LOOP:  2  3  6   	1.345030e+00	( 0 6 5 7 1 2  )
G_LOOP:  2  4  6   	1.343380e+00	( 0 1 3 7 6 4  )
G_LOOP:  2  5  6   	1.344257e+00	( 0 1 4 7 6 3  )
G_LOOP:  2  6  6   	1.343157e+00	( 0 6 3 7 1 4  )
G_LOOP:  2  7  6   	1.342065e+00	( 0 6 4 7 1 3  )
G_LOOP:  2  8  6   	1.346172e+00	( 0 2 3 7 5 4  )
G_LOOP:  2  9  6   	1.342668e+00	( 0 2 4 7 5 3  )
G_LOOP:  2  10  6   	1.348706e+00	( 0 5 3 7 2 4  )
G_LOOP:  2  11  6   	1.343122e+00	( 0 5 4 7 2 3  )
G_LOOP:  2  12  6   	1.345732e+00	( 1 2 3 6 5 4  )
G_LOOP:  2  13  6   	1.341834e+00	( 1 2 4 6 5 3  )
G_LOOP:  2  14  6   	1.347041e+00	( 1 5 3 6 2 4  )
G_LOOP:  2  15  6   	1.345153e+00	( 1 5 4 6 2 3  )
GACTION: 4.065737e+00
CONGRAD5: time = 6.769896e-03 (fn F) masses = 1 iters = 4 mflops = 2.423832e+03
 OK converged final_rsq= 0.014 (cf 0.016) rel = 1 (cf 0) restarts = 1 iters= 4
CONGRAD5: time = 8.581877e-03 (fn F) masses = 1 iters = 6 mflops = 2.868094e+03
 OK converged final_rsq= 0.013 (cf 0.016) rel = 1 (cf 0) restarts = 1 iters= 6
PBP: mass 1.250000e-01     8.497467e-02  1.688522e-01  -5.301324e-04  -5.047567e-04 ( 1 of 1 )
FACTION: mass = 1.250000e-01,  1.446208e+00 ( 1 of 1 )
CONGRAD5: time = 6.656885e-03 (fn F) masses = 1 iters = 4 mflops = 2.464980e+03
 OK converged final_rsq= 0.014 (cf 0.016) rel = 1 (cf 0) restarts = 1 iters= 4
CONGRAD5: time = 8.706093e-03 (fn F) masses = 1 iters = 6 mflops = 2.827173e+03
 OK converged final_rsq= 0.013 (cf 0.016) rel = 1 (cf 0) restarts = 1 iters= 6
PBP: mass 1.250000e-01     8.481228e-02  1.712648e-01  2.146663e-03  2.408056e-03 ( 1 of 1 )
FACTION: mass = 1.250000e-01,  1.442460e+00 ( 1 of 1 )
CONGRAD5: time = 7.955074e-03 (fn F) masses = 1 iters = 5 mflops = 2.578400e+03
 OK converged final_rsq= 0.0075 (cf 0.016) rel = 1 (cf 0) restarts = 1 iters= 5
CONGRAD5: time = 6.706953e-03 (fn F) masses = 1 iters = 4 mflops = 2.446579e+03
 OK converged final_rsq= 0.016 (cf 0.016) rel = 1 (cf 0) restarts = 1 iters= 4
GFTIME:   time = 1.400120e-01 (Symanzik1) mflops = 3.776689e+03
FFTIME:  time = 5.065219e-01 (asqtad3) terms = 2 mflops = 2.960964e+03
CONGRAD5: time = 7.948875e-03 (fn F) masses = 1 iters = 5 mflops = 2.580410e+03
 OK converged final_rsq= 0.0092 (cf 0.016) rel = 1 (cf 0) restarts = 1 iters= 5
CONGRAD5: time = 7.712841e-03 (fn F) masses = 1 iters = 5 mflops = 2.659378e+03
 OK converged final_rsq= 0.0087 (cf 0.016) rel = 1 (cf 0) restarts = 1 iters= 5
GFTIME:   time = 1.407030e-01 (Symanzik1) mflops = 3.758143e+03
FFTIME:  time = 5.061150e-01 (asqtad3) terms = 2 mflops = 2.963345e+03
CONGRAD5: time = 7.900953e-03 (fn F) masses = 1 iters = 5 mflops = 2.596061e+03
 OK converged final_rsq= 0.011 (cf 0.016) rel = 1 (cf 0) restarts = 1 iters= 5
CONGRAD5: time = 7.791996e-03 (fn F) masses = 1 iters = 5 mflops = 2.632363e+03
 OK converged final_rsq= 0.01 (cf 0.016) rel = 1 (cf 0) restarts = 1 iters= 5
GFTIME:   time = 1.403999e-01 (Symanzik1) mflops = 3.766254e+03
FFTIME:  time = 5.057089e-01 (asqtad3) terms = 2 mflops = 2.965725e+03
CONGRAD5: time = 8.002996e-03 (fn F) masses = 1 iters = 5 mflops = 2.562960e+03
 OK converged final_rsq= 0.011 (cf 0.016) rel = 1 (cf 0) restarts = 1 iters= 5
CONGRAD5: time = 7.769108e-03 (fn F) masses = 1 iters = 5 mflops = 2.640118e+03
 OK converged final_rsq= 0.01 (cf 0.016) rel = 1 (cf 0) restarts = 1 iters= 5
GFTIME:   time = 1.399622e-01 (Symanzik1) mflops = 3.778033e+03
FFTIME:  time = 5.056870e-01 (asqtad3) terms = 2 mflops = 2.965853e+03
CONGRAD5: time = 7.891893e-03 (fn F) masses = 1 iters = 5 mflops = 2.599042e+03
 OK converged final_rsq= 0.0099 (cf 0.016) rel = 1 (cf 0) restarts = 1 iters= 5
CONGRAD5: time = 7.740021e-03 (fn F) masses = 1 iters = 5 mflops = 2.650039e+03
 OK converged final_rsq= 0.0095 (cf 0.016) rel = 1 (cf 0) restarts = 1 iters= 5
GFTIME:   time = 1.399069e-01 (Symanzik1) mflops = 3.779527e+03
FFTIME:  time = 5.064540e-01 (asqtad3) terms = 2 mflops = 2.961362e+03
PLAQ:	1.791483	1.792157
P_LOOP:	-5.625045e-03	-1.410870e-02
G_LOOP:  0  0  4   	1.791594e+00	( 0 1 7 6  )
G_LOOP:  0  1  4   	1.792323e+00	( 0 2 7 5  )
G_LOOP:  0  2  4   	1.792407e+00	( 0 3 7 4  )
G_LOOP:  0  3  4   	1.790532e+00	( 1 2 6 5  )
G_LOOP:  0  4  4   	1.793364e+00	( 1 3 6 4  )
G_LOOP:  0  5  4   	1.790701e+00	( 2 3 5 4  )
G_LOOP:  1  0  6   	1.025456e+00	( 0 0 1 7 7 6  )
G_LOOP:  1  1  6   	1.026012e+00	( 0 0 2 7 7 5  )
G_LOOP:  1  2  6   	1.024732e+00	( 0 0 3 7 7 4  )
G_LOOP:  1  3  6   	1.025410e+00	( 1 1 0 6 6 7  )
G_LOOP:  1  4  6   	1.024953e+00	( 1 1 2 6 6 5  )
G_LOOP:  1  5  6   	1.022938e+00	( 1 1 3 6 6 4  )
G_LOOP:  1  6  6   	1.024038e+00	( 2 2 0 5 5 7  )
G_LOOP:  1  7  6   	1.024894e+00	( 2 2 1 5 5 6  )
G_LOOP:  1  8  6   	1.022412e+00	( 2 2 3 5 5 4  )
G_LOOP:  1  9  6   	1.027185e+00	( 3 3 0 4 4 7  )
G_LOOP:  1  10  6   	1.025144e+00	( 3 3 1 4 4 6  )
G_LOOP:  1  11  6   	1.025040e+00	( 3 3 2 4 4 5  )
G_LOOP:  2  0  6   	1.061102e+00	( 0 1 2 7 6 5  )
G_LOOP:  2  1  6   	1.057245e+00	( 0 1 5 7 6 2  )
G_LOOP:  2  2  6   	1.056138e+00	( 0 6 2 7 1 5  )
G_LOOP:  2  3  6   	1.056679e+00	( 0 6 5 7 1 2  )
G_LOOP:  2  4  6   	1.053658e+00	( 0 1 3 7 6 4  )
G_LOOP:  2  5  6   	1.057752e+00	( 0 1 4 7 6 3  )
G_LOOP:  2  6  6   	1.058101e+00	( 0 6 3 7 1 4  )
G_LOOP:  2  7  6   	1.058884e+00	( 0 6 4 7 1 3  )
G_LOOP:  2  8  6   	1.056078e+00	( 0 2 3 7 5 4  )
G_LOOP:  2  9  6   	1.059393e+00	( 0 2 4 7 5 3  )
G_LOOP:  2  10  6   	1.057076e+00	( 0 5 3 7 2 4  )
G_LOOP:  2  11  6   	1.062819e+00	( 0 5 4 7 2 3  )
G_LOOP:  2  12  6   	1.057843e+00	( 1 2 3 6 5 4  )
G_LOOP:  2  13  6   	1.058616e+00	( 1 2 4 6 5 3  )
G_LOOP:  2  14  6   	1.053119e+00	( 1 5 3 6 2 4  )
G_LOOP:  2  15  6   	1.057944e+00	( 1 5 4 6 2 3  )
GACTION: 5.088764e+00
CONGRAD5: time = 7.699966e-03 (fn F) masses = 1 iters = 5 mflops = 2.663825e+03
 OK converged final_rsq= 0.0086 (cf 0.016) rel = 1 (cf 0) restarts = 1 iters= 5
CONGRAD5: time = 8.656025e-03 (fn F) masses = 1 iters = 6 mflops = 2.843526e+03
 OK converged final_rsq= 0.015 (cf 0.016) rel = 1 (cf 0) restarts = 1 iters= 6
PBP: mass 1.250000e-01     1.111279e-01  3.023810e-01  2.452463e-03  2.404104e-03 ( 1 of 1 )
FACTION: mass = 1.250000e-01,  1.456062e+00 ( 1 of 1 )
CONGRAD5: time = 7.643938e-03 (fn F) masses = 1 iters = 5 mflops = 2.683350e+03
 OK converged final_rsq= 0.0085 (cf 0.016) rel = 1 (cf 0) restarts = 1 iters= 5
CONGRAD5: time = 8.732080e-03 (fn F) masses = 1 iters = 6 mflops = 2.818759e+03
 OK converged final_rsq= 0.015 (cf 0.016) rel = 1 (cf 0) restarts = 1 iters= 6
PBP: mass 1.250000e-01     1.104930e-01  3.003512e-01  6.282960e-05  9.094552e-04 ( 1 of 1 )
FACTION: mass = 1.250000e-01,  1.455075e+00 ( 1 of 1 )
CONGRAD5: time = 7.912874e-03 (fn F) masses = 1 iters = 5 mflops = 2.592150e+03
 OK converged final_rsq= 0.01 (cf 0.016) rel = 1 (cf 0) restarts = 1 iters= 5
CONGRAD5: time = 7.731199e-03 (fn F) masses = 1 iters = 5 mflops = 2.653063e+03
 OK converged final_rsq= 0.0095 (cf 0.016) rel = 1 (cf 0) restarts = 1 iters= 5
GFTIME:   time = 1.405480e-01 (Symanzik1) mflops = 3.762287e+03
FFTIME:  time = 5.062821e-01 (asqtad3) terms = 2 mflops = 2.962367e+03
CONGRAD5: time = 7.917881e-03 (fn F) masses = 1 iters = 5 mflops = 2.590511e+03
 OK converged final_rsq= 0.011 (cf 0.016) rel = 1 (cf 0) restarts = 1 iters= 5
CONGRAD5: time = 7.729053e-03 (fn F) masses = 1 iters = 5 mflops = 2.653800e+03
 OK converged final_rsq= 0.011 (cf 0.016) rel = 1 (cf 0) restarts = 1 iters= 5
GFTIME:   time = 1.399541e-01 (Symanzik1) mflops = 3.778252e+03
FFTIME:  time = 5.054381e-01 (asqtad3) terms = 2 mflops = 2.967314e+03
CONGRAD5: time = 7.909060e-03 (fn F) masses = 1 iters = 5 mflops = 2.593401e+03
 OK converged final_rsq= 0.012 (cf 0.016) rel = 1 (cf 0) restarts = 1 iters= 5
CONGRAD5: time = 7.817030e-03 (fn F) masses = 1 iters = 5 mflops = 2.623933e+03
 OK converged final_rsq= 0.012 (cf 0.016) rel = 1 (cf 0) restarts = 1 iters= 5
GFTIME:   time = 1.399128e-01 (Symanzik1) mflops = 3.779366e+03
FFTIME:  time = 5.055830e-01 (asqtad3) terms = 2 mflops = 2.966463e+03
CONGRAD5: time = 8.032084e-03 (fn F) masses = 1 iters = 5 mflops = 2.553679e+03
 OK converged final_rsq= 0.012 (cf 0.016) rel = 1 (cf 0) restarts = 1 iters= 5
CONGRAD5: time = 7.723808e-03 (fn F) masses = 1 iters = 5 mflops = 2.655602e+03
 OK converged final_rsq= 0.012 (cf 0.016) rel = 1 (cf 0) restarts = 1 iters= 5
GFTIME:   time = 1.409431e-01 (Symanzik1) mflops = 3.751741e+03
FFTIME:  time = 5.065420e-01 (asqtad3) terms = 2 mflops = 2.960847e+03
CONGRAD5: time = 7.930040e-03 (fn F) masses = 1 iters = 5 mflops = 2.586539e+03
 OK converged final_rsq= 0.012 (cf 0.016) rel = 1 (cf 0) restarts = 1 iters= 5
CONGRAD5: time = 7.733822e-03 (fn F) masses = 1 iters = 5 mflops = 2.652163e+03
 OK converged final_rsq= 0.011 (cf 0.016) rel = 1 (cf 0) restarts = 1 iters= 5
GFTIME:   time = 1.400368e-01 (Symanzik1) mflops = 3.776020e+03
FFTIME:  time = 5.052950e-01 (asqtad3) terms = 2 mflops = 2.968154e+03
PLAQ:	1.645902	1.647369
P_LOOP:	-1.143113e-02	-2.267756e-03
G_LOOP:  0  0  4   	1.645709e+00	( 0 1 7 6  )
G_LOOP:  0  1  4   	1.644737e+00	( 0 2 7 5  )
G_LOOP:  0  2  4   	1.647218e+00	( 0 3 7 4  )
G_LOOP:  0  3  4   	1.647258e+00	( 1 2 6 5  )
G_LOOP:  0  4  4   	1.649003e+00	( 1 3 6 4  )
G_LOOP:  0  5  4   	1.645887e+00	( 2 3 5 4  )
G_LOOP:  1  0  6   	8.580218e-01	( 0 0 1 7 7 6  )
G_LOOP:  1  1  6   	8.541604e-01	( 0 0 2 7 7 5  )
G_LOOP:  1  2  6   	8.595779e-01	( 0 0 3 7 7 4  )
G_LOOP:  1  3  6   	8.582930e-01	( 1 1 0 6 6 7  )
G_LOOP:  1  4  6   	8.580090e-01	( 1 1 2 6 6 5  )
G_LOOP:  1  5  6   	8.579565e-01	( 1 1 3 6 6 4  )
G_LOOP:  1  6  6   	8.503308e-01	( 2 2 0 5 5 7  )
G_LOOP:  1  7  6   	8.559146e-01	( 2 2 1 5 5 6  )
G_LOOP:  1  8  6   	8.569176e-01	( 2 2 3 5 5 4  )
G_LOOP:  1  9  6   	8.593230e-01	( 3 3 0 4 4 7  )
G_LOOP:  1  10  6   	8.598535e-01	( 3 3 1 4 4 6  )
G_LOOP:  1  11  6   	8.616721e-01	( 3 3 2 4 4 5  )
G_LOOP:  2  0  6   	8.789153e-01	( 0 1 2 7 6 5  )
G_LOOP:  2  1  6   	8.791288e-01	( 0 1 5 7 6 2  )
G_LOOP:  2  2  6   	8.810073e-01	( 0 6 2 7 1 5  )
G_LOOP:  2  3  6   	8.768704e-01	( 0 6 5 7 1 2  )
G_LOOP:  2  4  6   	8.798489e-01	( 0 1 3 7 6 4  )
G_LOOP:  2  5  6   	8.801400e-01	( 0 1 4 7 6 3  )
G_LOOP:  2  6  6   	8.826417e-01	( 0 6 3 7 1 4  )
G_LOOP:  2  7  6   	8.788818e-01	( 0 6 4 7 1 3  )
G_LOOP:  2  8  6   	8.816597e-01	( 0 2 3 7 5 4  )
G_LOOP:  2  9  6   	8.763485e-01	( 0 2 4 7 5 3  )
G_LOOP:  2  10  6   	8.789559e-01	( 0 5 3 7 2 4  )
G_LOOP:  2  11  6   	8.814330e-01	( 0 5 4 7 2 3  )
G_LOOP:  2  12  6   	8.771350e-01	( 1 2 3 6 5 4  )
G_LOOP:  2  13  6   	8.797539e-01	( 1 2 4 6 5 3  )
G_LOOP:  2  14  6   	8.777674e-01	( 1 5 3 6 2 4  )
G_LOOP:  2  15  6   	8.827374e-01	( 1 5 4 6 2 3  )
GACTION: 5.774606e+00
CONGRAD5: time = 7.883787e-03 (fn F) masses = 1 iters = 5 mflops = 2.601714e+03
 OK converged final_rsq= 0.01 (cf 0.016) rel = 1 (cf 0) restarts = 1 iters= 5
CONGRAD5: time = 9.827852e-03 (fn F) masses = 1 iters = 7 mflops = 2.921890e+03
 OK converged final_rsq= 0.008 (cf 0.016) rel = 1 (cf 0) restarts = 1 iters= 7
PBP: mass 1.250000e-01     1.265012e-01  3.213337e-01  -2.075054e-03  -2.155931e-03 ( 1 of 1 )
FACTION: mass = 1.250000e-01,  1.436267e+00 ( 1 of 1 )
CONGRAD5: time = 7.685184e-03 (fn F) masses = 1 iters = 5 mflops = 2.668948e+03
 OK converged final_rsq= 0.01 (cf 0.016) rel = 1 (cf 0) restarts = 1 iters= 5
CONGRAD5: time = 9.808064e-03 (fn F) masses = 1 iters = 7 mflops = 2.927785e+03
 OK converged final_rsq= 0.0081 (cf 0.016) rel = 1 (cf 0) restarts = 1 iters= 7
PBP: mass 1.250000e-01     1.253157e-01  3.200521e-01  5.918009e-04  2.751183e-04 ( 1 of 1 )
FACTION: mass = 1.250000e-01,  1.432563e+00 ( 1 of 1 )
RUNNING COMPLETED
average cg iters for step= 1.100000e+01
Time = 1.963653e+01 seconds
total_iters = 550
Checksums 41e6b2b3 a5e7c44
Saved gauge configuration in parallel to binary file lat_p64_size128_1
Time stamp Thu May 19 17:03:19 2022
Wrote info file lat_p64_size128_1.info
Time to save = 4.196095e-02
CHECK PLAQ: 1.645902e+00 1.647369e+00
CHECK NERSC LINKTR: 1.706465e-01 CKSUM: 85c71d91


warms 0
trajecs 4
traj_between_meas 1
beta 5.6
mass1 0.01
mass2 0.01
u0 0.8441
microcanonical_time_step 0.02
steps_per_trajectory 15
max_cg_iterations 300
max_cg_restarts 5
error_per_site 1e-05
error_for_propagator 1e-05
npbp_reps 1
prec_pbp 1
reload_parallel lat_p64_size128_1
save_parallel lat_p64_size128_2
Restored binary gauge configuration in parallel from file lat_p64_size128_1
Time stamp Thu May 19 17:03:19 2022
Checksums 41e6b2b3 a5e7c44 OK
Time to reload gauge configuration = 2.356386e-02
CHECK PLAQ: 1.645902e+00 1.647369e+00
CHECK NERSC LINKTR: 1.706465e-01 CKSUM: 85c71d91
Unitarity checked.  Max deviation 2.98e-07
Time to check unitarity = 6.589890e-04
"O(a^2): couplings(pi)=0, Naik term, No O(a^2) errors, tadpole weights"
path coefficients: npath  path_coeff  multiplicity
                    0      6.250000e-01     8
                    1      -5.847914e-02     8
                    2      -8.771871e-02     48
                    3      3.077829e-02     192
                    4      -7.199551e-03     384
                    5      -1.231132e-01     48
Symanzik 1x1 + 1x2 + 1x1x1 action
gauge_action: total_dyn_flavors = 3
loop coefficients: nloop rep loop_coeff  multiplicity
                    0 0      1.000000e+00     6
                    1 0      -7.762509e-02     12
                    2 0      -1.031171e-02     16
WARMUPS COMPLETED
CONGRAD5: time = 6.158969e-01 (fn F) masses = 1 iters = 600 mflops = 3.996388e+03
 OK converged final_rsq= 9.6e-11 (cf 1e-10) rel = 1 (cf 0) restarts = 2 iters= 600
CONGRAD5: time = 6.277242e-01 (fn F) masses = 1 iters = 602 mflops = 3.934161e+03
 OK converged final_rsq= 7.3e-11 (cf 1e-10) rel = 1 (cf 0) restarts = 3 iters= 602
GFTIME:   time = 1.397769e-01 (Symanzik1) mflops = 3.783040e+03
FFTIME:  time = 5.072510e-01 (asqtad3) terms = 2 mflops = 2.956708e+03
CONGRAD5: time = 6.076920e-01 (fn F) masses = 1 iters = 591 mflops = 3.989591e+03
 OK converged final_rsq= 1e-10 (cf 1e-10) rel = 1 (cf 0) restarts = 2 iters= 591
CONGRAD5: time = 6.101391e-01 (fn F) masses = 1 iters = 593 mflops = 3.987037e+03
 OK converged final_rsq= 1e-10 (cf 1e-10) rel = 1 (cf 0) restarts = 2 iters= 593
GFTIME:   time = 1.409621e-01 (Symanzik1) mflops = 3.751233e+03
FFTIME:  time = 5.066180e-01 (asqtad3) terms = 2 mflops = 2.960403e+03
CONGRAD5: time = 6.149750e-01 (fn F) masses = 1 iters = 597 mflops = 3.982368e+03
 OK converged final_rsq= 4.9e-11 (cf 1e-10) rel = 1 (cf 0) restarts = 3 iters= 597
CONGRAD5: time = 5.804780e-01 (fn F) masses = 1 iters = 563 mflops = 3.978754e+03
 OK converged final_rsq= 4.9e-11 (cf 1e-10) rel = 1 (cf 0) restarts = 3 iters= 563
GFTIME:   time = 1.406729e-01 (Symanzik1) mflops = 3.758945e+03
FFTIME:  time = 5.062549e-01 (asqtad3) terms = 2 mflops = 2.962526e+03
CONGRAD5: time = 6.070631e-01 (fn F) masses = 1 iters = 590 mflops = 3.986967e+03
 OK converged final_rsq= 9.8e-11 (cf 1e-10) rel = 1 (cf 0) restarts = 2 iters= 590
CONGRAD5: time = 5.940831e-01 (fn F) masses = 1 iters = 578 mflops = 3.991215e+03
 OK converged final_rsq= 9.8e-11 (cf 1e-10) rel = 1 (cf 0) restarts = 2 iters= 578
GFTIME:   time = 1.405120e-01 (Symanzik1) mflops = 3.763251e+03
FFTIME:  time = 5.065331e-01 (asqtad3) terms = 2 mflops = 2.960899e+03
CONGRAD5: time = 6.160631e-01 (fn F) masses = 1 iters = 598 mflops = 3.981992e+03
 OK converged final_rsq= 9e-11 (cf 1e-10) rel = 1 (cf 0) restarts = 2 iters= 598
CONGRAD5: time = 5.779688e-01 (fn F) masses = 1 iters = 562 mflops = 3.988929e+03
 OK converged final_rsq= 9.9e-11 (cf 1e-10) rel = 1 (cf 0) restarts = 2 iters= 562
GFTIME:   time = 1.411729e-01 (Symanzik1) mflops = 3.745633e+03
FFTIME:  time = 5.052280e-01 (asqtad3) terms = 2 mflops = 2.968547e+03
CONGRAD5: time = 6.259971e-01 (fn F) masses = 1 iters = 600 mflops = 3.931909e+03
 OK converged final_rsq= 9.2e-11 (cf 1e-10) rel = 1 (cf 0) restarts = 2 iters= 600
CONGRAD5: time = 6.094639e-01 (fn F) masses = 1 iters = 594 mflops = 3.998185e+03
 OK converged final_rsq= 9.6e-11 (cf 1e-10) rel = 1 (cf 0) restarts = 2 iters= 594
GFTIME:   time = 1.395700e-01 (Symanzik1) mflops = 3.788650e+03
FFTIME:  time = 5.056579e-01 (asqtad3) terms = 2 mflops = 2.966024e+03
CONGRAD5: time = 6.057019e-01 (fn F) masses = 1 iters = 590 mflops = 3.995927e+03
 OK converged final_rsq= 9.8e-11 (cf 1e-10) rel = 1 (cf 0) restarts = 2 iters= 590
CONGRAD5: time = 6.040959e-01 (fn F) masses = 1 iters = 590 mflops = 4.006550e+03
 OK converged final_rsq= 9.7e-11 (cf 1e-10) rel = 1 (cf 0) restarts = 2 iters= 590
GFTIME:   time = 1.403000e-01 (Symanzik1) mflops = 3.768936e+03
FFTIME:  time = 5.089591e-01 (asqtad3) terms = 2 mflops = 2.946786e+03
CONGRAD5: time = 6.166971e-01 (fn F) masses = 1 iters = 602 mflops = 4.004507e+03
 OK converged final_rsq= 4.2e-11 (cf 1e-10) rel = 1 (cf 0) restarts = 3 iters= 602
CONGRAD5: time = 6.052229e-01 (fn F) masses = 1 iters = 590 mflops = 3.999089e+03
 OK converged final_rsq= 5e-11 (cf 1e-10) rel = 1 (cf 0) restarts = 3 iters= 590
GFTIME:   time = 1.408350e-01 (Symanzik1) mflops = 3.754618e+03
FFTIME:  time = 5.079041e-01 (asqtad3) terms = 2 mflops = 2.952907e+03
CONGRAD5: time = 6.184082e-01 (fn F) masses = 1 iters = 602 mflops = 3.993427e+03
 OK converged final_rsq= 4.8e-11 (cf 1e-10) rel = 1 (cf 0) restarts = 3 iters= 602
CONGRAD5: time = 6.053791e-01 (fn F) masses = 1 iters = 590 mflops = 3.998058e+03
 OK converged final_rsq= 9.8e-11 (cf 1e-10) rel = 1 (cf 0) restarts = 2 iters= 590
GFTIME:   time = 1.392760e-01 (Symanzik1) mflops = 3.796646e+03
FFTIME:  time = 5.061810e-01 (asqtad3) terms = 2 mflops = 2.962959e+03
CONGRAD5: time = 6.190741e-01 (fn F) masses = 1 iters = 602 mflops = 3.989131e+03
 OK converged final_rsq= 4.2e-11 (cf 1e-10) rel = 1 (cf 0) restarts = 3 iters= 602
CONGRAD5: time = 6.160421e-01 (fn F) masses = 1 iters = 600 mflops = 3.995446e+03
 OK converged final_rsq= 7.9e-11 (cf 1e-10) rel = 1 (cf 0) restarts = 2 iters= 600
GFTIME:   time = 1.401970e-01 (Symanzik1) mflops = 3.771705e+03
FFTIME:  time = 5.065629e-01 (asqtad3) terms = 2 mflops = 2.960725e+03
CONGRAD5: time = 6.160529e-01 (fn F) masses = 1 iters = 600 mflops = 3.995377e+03
 OK converged final_rsq= 8.4e-11 (cf 1e-10) rel = 1 (cf 0) restarts = 2 iters= 600
CONGRAD5: time = 6.143959e-01 (fn F) masses = 1 iters = 598 mflops = 3.992798e+03
 OK converged final_rsq= 9.2e-11 (cf 1e-10) rel = 1 (cf 0) restarts = 2 iters= 598
GFTIME:   time = 1.401141e-01 (Symanzik1) mflops = 3.773938e+03
FFTIME:  time = 5.049040e-01 (asqtad3) terms = 2 mflops = 2.970452e+03
CONGRAD5: time = 6.145091e-01 (fn F) masses = 1 iters = 598 mflops = 3.992062e+03
 OK converged final_rsq= 9.2e-11 (cf 1e-10) rel = 1 (cf 0) restarts = 2 iters= 598
CONGRAD5: time = 6.791089e-01 (fn F) masses = 1 iters = 600 mflops = 3.624402e+03
 OK converged final_rsq= 8.9e-11 (cf 1e-10) rel = 1 (cf 0) restarts = 2 iters= 600
GFTIME:   time = 1.393168e-01 (Symanzik1) mflops = 3.795535e+03
FFTIME:  time = 5.058951e-01 (asqtad3) terms = 2 mflops = 2.964633e+03
CONGRAD5: time = 6.180341e-01 (fn F) masses = 1 iters = 602 mflops = 3.995844e+03
 OK converged final_rsq= 5e-11 (cf 1e-10) rel = 1 (cf 0) restarts = 3 iters= 602
CONGRAD5: time = 6.097200e-01 (fn F) masses = 1 iters = 594 mflops = 3.996506e+03
 OK converged final_rsq= 4.9e-11 (cf 1e-10) rel = 1 (cf 0) restarts = 3 iters= 594
GFTIME:   time = 1.384749e-01 (Symanzik1) mflops = 3.818610e+03
FFTIME:  time = 5.063651e-01 (asqtad3) terms = 2 mflops = 2.961882e+03
CONGRAD5: time = 6.199889e-01 (fn F) masses = 1 iters = 602 mflops = 3.983245e+03
 OK converged final_rsq= 5.6e-11 (cf 1e-10) rel = 1 (cf 0) restarts = 3 iters= 602
CONGRAD5: time = 6.164491e-01 (fn F) masses = 1 iters = 600 mflops = 3.992808e+03
 OK converged final_rsq= 4.8e-11 (cf 1e-10) rel = 1 (cf 0) restarts = 3 iters= 600
GFTIME:   time = 1.385210e-01 (Symanzik1) mflops = 3.817342e+03
FFTIME:  time = 5.068719e-01 (asqtad3) terms = 2 mflops = 2.958920e+03
CONGRAD5: time = 6.153030e-01 (fn F) masses = 1 iters = 599 mflops = 3.993578e+03
 OK converged final_rsq= 1e-10 (cf 1e-10) rel = 1 (cf 0) restarts = 2 iters= 599
CONGRAD5: time = 6.150210e-01 (fn F) masses = 1 iters = 600 mflops = 4.002080e+03
 OK converged final_rsq= 9.6e-11 (cf 1e-10) rel = 1 (cf 0) restarts = 2 iters= 600
GFTIME:   time = 1.459730e-01 (Symanzik1) mflops = 3.622464e+03
FFTIME:  time = 5.068388e-01 (asqtad3) terms = 2 mflops = 2.959113e+03
PLAQ:	1.539870	1.540983
P_LOOP:	2.341213e-03	1.164436e-02
G_LOOP:  0  0  4   	1.542867e+00	( 0 1 7 6  )
G_LOOP:  0  1  4   	1.537272e+00	( 0 2 7 5  )
G_LOOP:  0  2  4   	1.541847e+00	( 0 3 7 4  )
G_LOOP:  0  3  4   	1.539470e+00	( 1 2 6 5  )
G_LOOP:  0  4  4   	1.541731e+00	( 1 3 6 4  )
G_LOOP:  0  5  4   	1.539371e+00	( 2 3 5 4  )
G_LOOP:  1  0  6   	7.833462e-01	( 0 0 1 7 7 6  )
G_LOOP:  1  1  6   	7.762624e-01	( 0 0 2 7 7 5  )
G_LOOP:  1  2  6   	7.838242e-01	( 0 0 3 7 7 4  )
G_LOOP:  1  3  6   	7.835679e-01	( 1 1 0 6 6 7  )
G_LOOP:  1  4  6   	7.791536e-01	( 1 1 2 6 6 5  )
G_LOOP:  1  5  6   	7.769763e-01	( 1 1 3 6 6 4  )
G_LOOP:  1  6  6   	7.748242e-01	( 2 2 0 5 5 7  )
G_LOOP:  1  7  6   	7.780153e-01	( 2 2 1 5 5 6  )
G_LOOP:  1  8  6   	7.802333e-01	( 2 2 3 5 5 4  )
G_LOOP:  1  9  6   	7.800279e-01	( 3 3 0 4 4 7  )
G_LOOP:  1  10  6   	7.797631e-01	( 3 3 1 4 4 6  )
G_LOOP:  1  11  6   	7.809500e-01	( 3 3 2 4 4 5  )
G_LOOP:  2  0  6   	7.992281e-01	( 0 1 2 7 6 5  )
G_LOOP:  2  1  6   	7.976546e-01	( 0 1 5 7 6 2  )
G_LOOP:  2  2  6   	8.026440e-01	( 0 6 2 7 1 5  )
G_LOOP:  2  3  6   	7.979111e-01	( 0 6 5 7 1 2  )
G_LOOP:  2  4  6   	8.020918e-01	( 0 1 3 7 6 4  )
G_LOOP:  2  5  6   	8.041203e-01	( 0 1 4 7 6 3  )
G_LOOP:  2  6  6   	8.028141e-01	( 0 6 3 7 1 4  )
G_LOOP:  2  7  6   	8.037676e-01	( 0 6 4 7 1 3  )
G_LOOP:  2  8  6   	7.983431e-01	( 0 2 3 7 5 4  )
G_LOOP:  2  9  6   	7.983456e-01	( 0 2 4 7 5 3  )
G_LOOP:  2  10  6   	7.998412e-01	( 0 5 3 7 2 4  )
G_LOOP:  2  11  6   	8.027047e-01	( 0 5 4 7 2 3  )
G_LOOP:  2  12  6   	7.993306e-01	( 1 2 3 6 5 4  )
G_LOOP:  2  13  6   	7.995266e-01	( 1 2 4 6 5 3  )
G_LOOP:  2  14  6   	7.962881e-01	( 1 5 3 6 2 4  )
G_LOOP:  2  15  6   	8.045871e-01	( 1 5 4 6 2 3  )
GACTION: 6.326396e+00
CONGRAD5: time = 6.130419e-01 (fn F) masses = 1 iters = 600 mflops = 4.015000e+03
 OK converged final_rsq= 8.3e-11 (cf 1e-10) rel = 1 (cf 0) restarts = 2 iters= 600
CONGRAD5: time = 1.000741e-01 (fn F) masses = 1 iters = 96 mflops = 3.935267e+03
 OK converged final_rsq= 9.8e-11 (cf 1e-10) rel = 1 (cf 0) restarts = 1 iters= 96
PBP: mass 1.000000e-02     3.354812e-02  4.058975e-02  -2.196691e-04  -2.219500e-04 ( 1 of 1 )
FACTION: mass = 1.000000e-02,  1.496073e+00 ( 1 of 1 )
CONGRAD5: time = 6.117001e-01 (fn F) masses = 1 iters = 599 mflops = 4.017101e+03
 OK converged final_rsq= 8.7e-11 (cf 1e-10) rel = 1 (cf 0) restarts = 2 iters= 599
CONGRAD5: time = 9.194207e-02 (fn F) masses = 1 iters = 88 mflops = 3.926385e+03
 OK converged final_rsq= 9.9e-11 (cf 1e-10) rel = 1 (cf 0) restarts = 1 iters= 88
PBP: mass 1.000000e-02     3.817999e-02  3.451439e-02  3.792468e-03  3.793978e-03 ( 1 of 1 )
FACTION: mass = 1.000000e-02,  1.499155e+00 ( 1 of 1 )
CONGRAD5: time = 6.138542e-01 (fn F) masses = 1 iters = 599 mflops = 4.003004e+03
 OK converged final_rsq= 9.5e-11 (cf 1e-10) rel = 1 (cf 0) restarts = 2 iters= 599
CONGRAD5: time = 6.160700e-01 (fn F) masses = 1 iters = 601 mflops = 4.001924e+03
 OK converged final_rsq= 4.8e-11 (cf 1e-10) rel = 1 (cf 0) restarts = 3 iters= 601
GFTIME:   time = 1.385410e-01 (Symanzik1) mflops = 3.816790e+03
FFTIME:  time = 5.072329e-01 (asqtad3) terms = 2 mflops = 2.956814e+03
CONGRAD5: time = 6.192861e-01 (fn F) masses = 1 iters = 602 mflops = 3.987766e+03
 OK converged final_rsq= 6.8e-11 (cf 1e-10) rel = 1 (cf 0) restarts = 3 iters= 602
CONGRAD5: time = 6.218731e-01 (fn F) masses = 1 iters = 602 mflops = 3.971176e+03
 OK converged final_rsq= 3.8e-11 (cf 1e-10) rel = 1 (cf 0) restarts = 3 iters= 602
GFTIME:   time = 1.384799e-01 (Symanzik1) mflops = 3.818472e+03
FFTIME:  time = 5.068831e-01 (asqtad3) terms = 2 mflops = 2.958854e+03
CONGRAD5: time = 6.132600e-01 (fn F) masses = 1 iters = 597 mflops = 3.993504e+03
 OK converged final_rsq= 9.7e-11 (cf 1e-10) rel = 1 (cf 0) restarts = 2 iters= 597
CONGRAD5: time = 6.151030e-01 (fn F) masses = 1 iters = 599 mflops = 3.994877e+03
 OK converged final_rsq= 9.4e-11 (cf 1e-10) rel = 1 (cf 0) restarts = 2 iters= 599
GFTIME:   time = 1.392949e-01 (Symanzik1) mflops = 3.796133e+03
FFTIME:  time = 5.063260e-01 (asqtad3) terms = 2 mflops = 2.962110e+03
CONGRAD5: time = 6.227939e-01 (fn F) masses = 1 iters = 602 mflops = 3.965305e+03
 OK converged final_rsq= 6.7e-11 (cf 1e-10) rel = 1 (cf 0) restarts = 3 iters= 602
CONGRAD5: time = 6.096911e-01 (fn F) masses = 1 iters = 594 mflops = 3.996695e+03
 OK converged final_rsq= 4.9e-11 (cf 1e-10) rel = 1 (cf 0) restarts = 3 iters= 594
GFTIME:   time = 1.454499e-01 (Symanzik1) mflops = 3.635492e+03
FFTIME:  time = 5.077429e-01 (asqtad3) terms = 2 mflops = 2.953844e+03
CONGRAD5: time = 6.189439e-01 (fn F) masses = 1 iters = 602 mflops = 3.989970e+03
 OK converged final_rsq= 4.3e-11 (cf 1e-10) rel = 1 (cf 0) restarts = 3 iters= 602
CONGRAD5: time = 6.185050e-01 (fn F) masses = 1 iters = 602 mflops = 3.992802e+03
 OK converged final_rsq= 4.2e-11 (cf 1e-10) rel = 1 (cf 0) restarts = 3 iters= 602
GFTIME:   time = 1.391501e-01 (Symanzik1) mflops = 3.800081e+03
FFTIME:  time = 5.050502e-01 (asqtad3) terms = 2 mflops = 2.969593e+03
CONGRAD5: time = 6.177430e-01 (fn F) masses = 1 iters = 602 mflops = 3.997727e+03
 OK converged final_rsq= 4.2e-11 (cf 1e-10) rel = 1 (cf 0) restarts = 3 iters= 602
CONGRAD5: time = 6.141610e-01 (fn F) masses = 1 iters = 599 mflops = 4.001004e+03
 OK converged final_rsq= 9.7e-11 (cf 1e-10) rel = 1 (cf 0) restarts = 2 iters= 599
GFTIME:   time = 1.395471e-01 (Symanzik1) mflops = 3.789271e+03
FFTIME:  time = 5.068898e-01 (asqtad3) terms = 2 mflops = 2.958815e+03
CONGRAD5: time = 6.133971e-01 (fn F) masses = 1 iters = 598 mflops = 3.999299e+03
 OK converged final_rsq= 9.1e-11 (cf 1e-10) rel = 1 (cf 0) restarts = 2 iters= 598
CONGRAD5: time = 6.173561e-01 (fn F) masses = 1 iters = 601 mflops = 3.993588e+03
 OK converged final_rsq= 4.8e-11 (cf 1e-10) rel = 1 (cf 0) restarts = 3 iters= 601
GFTIME:   time = 1.401188e-01 (Symanzik1) mflops = 3.773810e+03
FFTIME:  time = 5.060120e-01 (asqtad3) terms = 2 mflops = 2.963949e+03
CONGRAD5: time = 6.120160e-01 (fn F) masses = 1 iters = 597 mflops = 4.001622e+03
 OK converged final_rsq= 9.4e-11 (cf 1e-10) rel = 1 (cf 0) restarts = 2 iters= 597
CONGRAD5: time = 6.155291e-01 (fn F) masses = 1 iters = 600 mflops = 3.998777e+03
 OK converged final_rsq= 4.9e-11 (cf 1e-10) rel = 1 (cf 0) restarts = 3 iters= 600
GFTIME:   time = 1.398380e-01 (Symanzik1) mflops = 3.781389e+03
FFTIME:  time = 5.058241e-01 (asqtad3) terms = 2 mflops = 2.965049e+03
CONGRAD5: time = 6.174839e-01 (fn F) masses = 1 iters = 602 mflops = 3.999405e+03
 OK converged final_rsq= 6.7e-11 (cf 1e-10) rel = 1 (cf 0) restarts = 3 iters= 602
CONGRAD5: time = 6.139278e-01 (fn F) masses = 1 iters = 590 mflops = 3.942386e+03
 OK converged final_rsq= 9.8e-11 (cf 1e-10) rel = 1 (cf 0) restarts = 2 iters= 590
GFTIME:   time = 1.383660e-01 (Symanzik1) mflops = 3.821617e+03
FFTIME:  time = 5.064659e-01 (asqtad3) terms = 2 mflops = 2.961292e+03
CONGRAD5: time = 6.174290e-01 (fn F) masses = 1 iters = 602 mflops = 3.999760e+03
 OK converged final_rsq= 7.4e-11 (cf 1e-10) rel = 1 (cf 0) restarts = 3 iters= 602
CONGRAD5: time = 6.130250e-01 (fn F) masses = 1 iters = 600 mflops = 4.015111e+03
 OK converged final_rsq= 9.4e-11 (cf 1e-10) rel = 1 (cf 0) restarts = 2 iters= 600
GFTIME:   time = 1.383319e-01 (Symanzik1) mflops = 3.822559e+03
FFTIME:  time = 5.069280e-01 (asqtad3) terms = 2 mflops = 2.958593e+03
CONGRAD5: time = 6.157010e-01 (fn F) masses = 1 iters = 600 mflops = 3.997660e+03
 OK converged final_rsq= 8.7e-11 (cf 1e-10) rel = 1 (cf 0) restarts = 2 iters= 600
CONGRAD5: time = 6.186230e-01 (fn F) masses = 1 iters = 602 mflops = 3.992040e+03
 OK converged final_rsq= 4.7e-11 (cf 1e-10) rel = 1 (cf 0) restarts = 3 iters= 602
GFTIME:   time = 1.388080e-01 (Symanzik1) mflops = 3.809447e+03
FFTIME:  time = 5.082490e-01 (asqtad3) terms = 2 mflops = 2.950903e+03
CONGRAD5: time = 6.170969e-01 (fn F) masses = 1 iters = 602 mflops = 4.001912e+03
 OK converged final_rsq= 4.6e-11 (cf 1e-10) rel = 1 (cf 0) restarts = 3 iters= 602
CONGRAD5: time = 6.123140e-01 (fn F) masses = 1 iters = 598 mflops = 4.006374e+03
 OK converged final_rsq= 9.8e-11 (cf 1e-10) rel = 1 (cf 0) restarts = 2 iters= 598
GFTIME:   time = 1.376579e-01 (Symanzik1) mflops = 3.841275e+03
FFTIME:  time = 5.069251e-01 (asqtad3) terms = 2 mflops = 2.958609e+03
CONGRAD5: time = 6.182091e-01 (fn F) masses = 1 iters = 602 mflops = 3.994713e+03
 OK converged final_rsq= 7.9e-11 (cf 1e-10) rel = 1 (cf 0) restarts = 3 iters= 602
CONGRAD5: time = 6.158662e-01 (fn F) masses = 1 iters = 600 mflops = 3.996588e+03
 OK converged final_rsq= 9e-11 (cf 1e-10) rel = 1 (cf 0) restarts = 2 iters= 600
GFTIME:   time = 1.377490e-01 (Symanzik1) mflops = 3.838736e+03
FFTIME:  time = 5.060019e-01 (asqtad3) terms = 2 mflops = 2.964007e+03
CONGRAD5: time = 6.267459e-01 (fn F) masses = 1 iters = 602 mflops = 3.940301e+03
 OK converged final_rsq= 5.7e-11 (cf 1e-10) rel = 1 (cf 0) restarts = 3 iters= 602
CONGRAD5: time = 6.199470e-01 (fn F) masses = 1 iters = 602 mflops = 3.983515e+03
 OK converged final_rsq= 3.9e-11 (cf 1e-10) rel = 1 (cf 0) restarts = 3 iters= 602
GFTIME:   time = 1.369760e-01 (Symanzik1) mflops = 3.860398e+03
FFTIME:  time = 5.046692e-01 (asqtad3) terms = 2 mflops = 2.971835e+03
CONGRAD5: time = 6.192741e-01 (fn F) masses = 1 iters = 602 mflops = 3.987843e+03
 OK converged final_rsq= 6.6e-11 (cf 1e-10) rel = 1 (cf 0) restarts = 3 iters= 602
CONGRAD5: time = 6.152189e-01 (fn F) masses = 1 iters = 600 mflops = 4.000793e+03
 OK converged final_rsq= 8.2e-11 (cf 1e-10) rel = 1 (cf 0) restarts = 2 iters= 600
GFTIME:   time = 1.388268e-01 (Symanzik1) mflops = 3.808931e+03
FFTIME:  time = 5.059130e-01 (asqtad3) terms = 2 mflops = 2.964528e+03
PLAQ:	1.497886	1.500338
P_LOOP:	-1.391577e-02	-1.178132e-02
G_LOOP:  0  0  4   	1.500068e+00	( 0 1 7 6  )
G_LOOP:  0  1  4   	1.494129e+00	( 0 2 7 5  )
G_LOOP:  0  2  4   	1.501872e+00	( 0 3 7 4  )
G_LOOP:  0  3  4   	1.499460e+00	( 1 2 6 5  )
G_LOOP:  0  4  4   	1.499716e+00	( 1 3 6 4  )
G_LOOP:  0  5  4   	1.499427e+00	( 2 3 5 4  )
G_LOOP:  1  0  6   	7.443911e-01	( 0 0 1 7 7 6  )
G_LOOP:  1  1  6   	7.363440e-01	( 0 0 2 7 7 5  )
G_LOOP:  1  2  6   	7.451287e-01	( 0 0 3 7 7 4  )
G_LOOP:  1  3  6   	7.429316e-01	( 1 1 0 6 6 7  )
G_LOOP:  1  4  6   	7.374183e-01	( 1 1 2 6 6 5  )
G_LOOP:  1  5  6   	7.396254e-01	( 1 1 3 6 6 4  )
G_LOOP:  1  6  6   	7.350054e-01	( 2 2 0 5 5 7  )
G_LOOP:  1  7  6   	7.395602e-01	( 2 2 1 5 5 6  )
G_LOOP:  1  8  6   	7.422656e-01	( 2 2 3 5 5 4  )
G_LOOP:  1  9  6   	7.457821e-01	( 3 3 0 4 4 7  )
G_LOOP:  1  10  6   	7.440980e-01	( 3 3 1 4 4 6  )
G_LOOP:  1  11  6   	7.435065e-01	( 3 3 2 4 4 5  )
G_LOOP:  2  0  6   	7.580413e-01	( 0 1 2 7 6 5  )
G_LOOP:  2  1  6   	7.594399e-01	( 0 1 5 7 6 2  )
G_LOOP:  2  2  6   	7.602800e-01	( 0 6 2 7 1 5  )
G_LOOP:  2  3  6   	7.603390e-01	( 0 6 5 7 1 2  )
G_LOOP:  2  4  6   	7.621794e-01	( 0 1 3 7 6 4  )
G_LOOP:  2  5  6   	7.652648e-01	( 0 1 4 7 6 3  )
G_LOOP:  2  6  6   	7.622968e-01	( 0 6 3 7 1 4  )
G_LOOP:  2  7  6   	7.616749e-01	( 0 6 4 7 1 3  )
G_LOOP:  2  8  6   	7.563729e-01	( 0 2 3 7 5 4  )
G_LOOP:  2  9  6   	7.595969e-01	( 0 2 4 7 5 3  )
G_LOOP:  2  10  6   	7.609918e-01	( 0 5 3 7 2 4  )
G_LOOP:  2  11  6   	7.607973e-01	( 0 5 4 7 2 3  )
G_LOOP:  2  12  6   	7.604965e-01	( 1 2 3 6 5 4  )
G_LOOP:  2  13  6   	7.608241e-01	( 1 2 4 6 5 3  )
G_LOOP:  2  14  6   	7.583448e-01	( 1 5 3 6 2 4  )
G_LOOP:  2  15  6   	7.602719e-01	( 1 5 4 6 2 3  )
GACTION: 6.531885e+00
CONGRAD5: time = 6.188250e-01 (fn F) masses = 1 iters = 600 mflops = 3.977479e+03
 OK converged final_rsq= 8e-11 (cf 1e-10) rel = 1 (cf 0) restarts = 2 iters= 600
CONGRAD5: time = 9.209514e-02 (fn F) masses = 1 iters = 88 mflops = 3.919859e+03
 OK converged final_rsq= 1e-10 (cf 1e-10) rel = 1 (cf 0) restarts = 1 iters= 88
PBP: mass 1.000000e-02     3.617167e-02  4.242414e-02  8.969963e-03  8.972030e-03 ( 1 of 1 )
FACTION: mass = 1.000000e-02,  1.499519e+00 ( 1 of 1 )
CONGRAD5: time = 6.188722e-01 (fn F) masses = 1 iters = 602 mflops = 3.990433e+03
 OK converged final_rsq= 4.6e-11 (cf 1e-10) rel = 1 (cf 0) restarts = 3 iters= 602
CONGRAD5: time = 1.098089e-01 (fn F) masses = 1 iters = 104 mflops = 3.885261e+03
 OK converged final_rsq= 5e-11 (cf 1e-10) rel = 1 (cf 0) restarts = 2 iters= 104
PBP: mass 1.000000e-02     4.708103e-02  3.575377e-02  3.605491e-03  3.613895e-03 ( 1 of 1 )
FACTION: mass = 1.000000e-02,  1.498510e+00 ( 1 of 1 )
CONGRAD5: time = 6.206942e-01 (fn F) masses = 1 iters = 602 mflops = 3.978719e+03
 OK converged final_rsq= 6.5e-11 (cf 1e-10) rel = 1 (cf 0) restarts = 3 iters= 602
CONGRAD5: time = 6.174541e-01 (fn F) masses = 1 iters = 602 mflops = 3.999598e+03
 OK converged final_rsq= 6.2e-11 (cf 1e-10) rel = 1 (cf 0) restarts = 3 iters= 602
GFTIME:   time = 1.382298e-01 (Symanzik1) mflops = 3.825381e+03
FFTIME:  time = 5.043199e-01 (asqtad3) terms = 2 mflops = 2.973893e+03
CONGRAD5: time = 6.202111e-01 (fn F) masses = 1 iters = 602 mflops = 3.981818e+03
 OK converged final_rsq= 6e-11 (cf 1e-10) rel = 1 (cf 0) restarts = 3 iters= 602
CONGRAD5: time = 6.170881e-01 (fn F) masses = 1 iters = 600 mflops = 3.988674e+03
 OK converged final_rsq= 9.9e-11 (cf 1e-10) rel = 1 (cf 0) restarts = 2 iters= 600
GFTIME:   time = 1.386790e-01 (Symanzik1) mflops = 3.812991e+03
FFTIME:  time = 5.073960e-01 (asqtad3) terms = 2 mflops = 2.955864e+03
CONGRAD5: time = 6.295450e-01 (fn F) masses = 1 iters = 602 mflops = 3.922782e+03
 OK converged final_rsq= 5.5e-11 (cf 1e-10) rel = 1 (cf 0) restarts = 3 iters= 602
CONGRAD5: time = 6.150260e-01 (fn F) masses = 1 iters = 599 mflops = 3.995377e+03
 OK converged final_rsq= 9.2e-11 (cf 1e-10) rel = 1 (cf 0) restarts = 2 iters= 599
GFTIME:   time = 1.381710e-01 (Symanzik1) mflops = 3.827011e+03
FFTIME:  time = 5.065160e-01 (asqtad3) terms = 2 mflops = 2.960999e+03
CONGRAD5: time = 6.189220e-01 (fn F) masses = 1 iters = 602 mflops = 3.990111e+03
 OK converged final_rsq= 9.5e-11 (cf 1e-10) rel = 1 (cf 0) restarts = 3 iters= 602
CONGRAD5: time = 6.178939e-01 (fn F) masses = 1 iters = 602 mflops = 3.996750e+03
 OK converged final_rsq= 8.5e-11 (cf 1e-10) rel = 1 (cf 0) restarts = 3 iters= 602
GFTIME:   time = 1.385040e-01 (Symanzik1) mflops = 3.817808e+03
FFTIME:  time = 5.054581e-01 (asqtad3) terms = 2 mflops = 2.967196e+03
CONGRAD5: time = 6.205418e-01 (fn F) masses = 1 iters = 602 mflops = 3.979696e+03
 OK converged final_rsq= 5.4e-11 (cf 1e-10) rel = 1 (cf 0) restarts = 3 iters= 602
CONGRAD5: time = 6.204069e-01 (fn F) masses = 1 iters = 602 mflops = 3.980562e+03
 OK converged final_rsq= 6.4e-11 (cf 1e-10) rel = 1 (cf 0) restarts = 3 iters= 602
GFTIME:   time = 1.384659e-01 (Symanzik1) mflops = 3.818860e+03
FFTIME:  time = 5.060019e-01 (asqtad3) terms = 2 mflops = 2.964007e+03
CONGRAD5: time = 6.191931e-01 (fn F) masses = 1 iters = 602 mflops = 3.988365e+03
 OK converged final_rsq= 5.1e-11 (cf 1e-10) rel = 1 (cf 0) restarts = 3 iters= 602
CONGRAD5: time = 6.183500e-01 (fn F) masses = 1 iters = 602 mflops = 3.993802e+03
 OK converged final_rsq= 4.4e-11 (cf 1e-10) rel = 1 (cf 0) restarts = 3 iters= 602
GFTIME:   time = 1.386471e-01 (Symanzik1) mflops = 3.813869e+03
FFTIME:  time = 5.053561e-01 (asqtad3) terms = 2 mflops = 2.967795e+03
CONGRAD5: time = 6.191790e-01 (fn F) masses = 1 iters = 602 mflops = 3.988455e+03
 OK converged final_rsq= 7.2e-11 (cf 1e-10) rel = 1 (cf 0) restarts = 3 iters= 602
CONGRAD5: time = 6.180711e-01 (fn F) masses = 1 iters = 602 mflops = 3.995605e+03
 OK converged final_rsq= 3.9e-11 (cf 1e-10) rel = 1 (cf 0) restarts = 3 iters= 602
GFTIME:   time = 1.375389e-01 (Symanzik1) mflops = 3.844598e+03
FFTIME:  time = 5.108380e-01 (asqtad3) terms = 2 mflops = 2.935947e+03
CONGRAD5: time = 6.185150e-01 (fn F) masses = 1 iters = 602 mflops = 3.992737e+03
 OK converged final_rsq= 4.9e-11 (cf 1e-10) rel = 1 (cf 0) restarts = 3 iters= 602
CONGRAD5: time = 6.187229e-01 (fn F) masses = 1 iters = 602 mflops = 3.991395e+03
 OK converged final_rsq= 7e-11 (cf 1e-10) rel = 1 (cf 0) restarts = 3 iters= 602
GFTIME:   time = 1.387410e-01 (Symanzik1) mflops = 3.811287e+03
FFTIME:  time = 5.074410e-01 (asqtad3) terms = 2 mflops = 2.955601e+03
CONGRAD5: time = 6.201599e-01 (fn F) masses = 1 iters = 602 mflops = 3.982147e+03
 OK converged final_rsq= 9.4e-11 (cf 1e-10) rel = 1 (cf 0) restarts = 3 iters= 602
CONGRAD5: time = 6.177070e-01 (fn F) masses = 1 iters = 602 mflops = 3.997960e+03
 OK converged final_rsq= 7.1e-11 (cf 1e-10) rel = 1 (cf 0) restarts = 3 iters= 602
GFTIME:   time = 1.385419e-01 (Symanzik1) mflops = 3.816764e+03
FFTIME:  time = 5.064380e-01 (asqtad3) terms = 2 mflops = 2.961455e+03
CONGRAD5: time = 6.189930e-01 (fn F) masses = 1 iters = 602 mflops = 3.989653e+03
 OK converged final_rsq= 8.6e-11 (cf 1e-10) rel = 1 (cf 0) restarts = 3 iters= 602
CONGRAD5: time = 6.152449e-01 (fn F) masses = 1 iters = 600 mflops = 4.000624e+03
 OK converged final_rsq= 8.2e-11 (cf 1e-10) rel = 1 (cf 0) restarts = 2 iters= 600
GFTIME:   time = 1.390851e-01 (Symanzik1) mflops = 3.801859e+03
FFTIME:  time = 5.056469e-01 (asqtad3) terms = 2 mflops = 2.966088e+03
CONGRAD5: time = 6.181209e-01 (fn F) masses = 1 iters = 602 mflops = 3.995283e+03
 OK converged final_rsq= 7.3e-11 (cf 1e-10) rel = 1 (cf 0) restarts = 3 iters= 602
CONGRAD5: time = 6.152430e-01 (fn F) masses = 1 iters = 600 mflops = 4.000636e+03
 OK converged final_rsq= 9.7e-11 (cf 1e-10) rel = 1 (cf 0) restarts = 2 iters= 600
GFTIME:   time = 1.385560e-01 (Symanzik1) mflops = 3.816376e+03
FFTIME:  time = 5.065231e-01 (asqtad3) terms = 2 mflops = 2.960957e+03
CONGRAD5: time = 6.175880e-01 (fn F) masses = 1 iters = 602 mflops = 3.998730e+03
 OK converged final_rsq= 4.1e-11 (cf 1e-10) rel = 1 (cf 0) restarts = 3 iters= 602
CONGRAD5: time = 6.268642e-01 (fn F) masses = 1 iters = 602 mflops = 3.939558e+03
 OK converged final_rsq= 4.3e-11 (cf 1e-10) rel = 1 (cf 0) restarts = 3 iters= 602
GFTIME:   time = 1.393239e-01 (Symanzik1) mflops = 3.795340e+03
FFTIME:  time = 5.043409e-01 (asqtad3) terms = 2 mflops = 2.973769e+03
CONGRAD5: time = 6.872420e-01 (fn F) masses = 1 iters = 669 mflops = 3.993382e+03
 OK converged final_rsq= 9.9e-11 (cf 1e-10) rel = 1 (cf 0) restarts = 3 iters= 669
CONGRAD5: time = 6.198182e-01 (fn F) masses = 1 iters = 602 mflops = 3.984342e+03
 OK converged final_rsq= 6.7e-11 (cf 1e-10) rel = 1 (cf 0) restarts = 3 iters= 602
GFTIME:   time = 1.384480e-01 (Symanzik1) mflops = 3.819353e+03
FFTIME:  time = 5.065708e-01 (asqtad3) terms = 2 mflops = 2.960679e+03
CONGRAD5: time = 6.952260e-01 (fn F) masses = 1 iters = 676 mflops = 3.988827e+03
 OK converged final_rsq= 1e-10 (cf 1e-10) rel = 1 (cf 0) restarts = 3 iters= 676
CONGRAD5: time = 6.197960e-01 (fn F) masses = 1 iters = 602 mflops = 3.984485e+03
 OK converged final_rsq= 4.5e-11 (cf 1e-10) rel = 1 (cf 0) restarts = 3 iters= 602
GFTIME:   time = 1.394880e-01 (Symanzik1) mflops = 3.790877e+03
FFTIME:  time = 5.071032e-01 (asqtad3) terms = 2 mflops = 2.957570e+03
CONGRAD5: time = 7.214620e-01 (fn F) masses = 1 iters = 678 mflops = 3.855145e+03
 OK converged final_rsq= 9.8e-11 (cf 1e-10) rel = 1 (cf 0) restarts = 3 iters= 678
CONGRAD5: time = 6.327858e-01 (fn F) masses = 1 iters = 600 mflops = 3.889726e+03
 OK converged final_rsq= 9.1e-11 (cf 1e-10) rel = 1 (cf 0) restarts = 2 iters= 600
GFTIME:   time = 1.373250e-01 (Symanzik1) mflops = 3.850585e+03
FFTIME:  time = 5.064740e-01 (asqtad3) terms = 2 mflops = 2.961245e+03
PLAQ:	1.474744	1.476482
P_LOOP:	-2.052642e-02	-2.969863e-03
G_LOOP:  0  0  4   	1.475984e+00	( 0 1 7 6  )
G_LOOP:  0  1  4   	1.473090e+00	( 0 2 7 5  )
G_LOOP:  0  2  4   	1.479607e+00	( 0 3 7 4  )
G_LOOP:  0  3  4   	1.475158e+00	( 1 2 6 5  )
G_LOOP:  0  4  4   	1.475008e+00	( 1 3 6 4  )
G_LOOP:  0  5  4   	1.474829e+00	( 2 3 5 4  )
G_LOOP:  1  0  6   	7.184971e-01	( 0 0 1 7 7 6  )
G_LOOP:  1  1  6   	7.159353e-01	( 0 0 2 7 7 5  )
G_LOOP:  1  2  6   	7.240807e-01	( 0 0 3 7 7 4  )
G_LOOP:  1  3  6   	7.200422e-01	( 1 1 0 6 6 7  )
G_LOOP:  1  4  6   	7.173547e-01	( 1 1 2 6 6 5  )
G_LOOP:  1  5  6   	7.152072e-01	( 1 1 3 6 6 4  )
G_LOOP:  1  6  6   	7.124169e-01	( 2 2 0 5 5 7  )
G_LOOP:  1  7  6   	7.127769e-01	( 2 2 1 5 5 6  )
G_LOOP:  1  8  6   	7.156942e-01	( 2 2 3 5 5 4  )
G_LOOP:  1  9  6   	7.235363e-01	( 3 3 0 4 4 7  )
G_LOOP:  1  10  6   	7.168376e-01	( 3 3 1 4 4 6  )
G_LOOP:  1  11  6   	7.184888e-01	( 3 3 2 4 4 5  )
G_LOOP:  2  0  6   	7.309402e-01	( 0 1 2 7 6 5  )
G_LOOP:  2  1  6   	7.334683e-01	( 0 1 5 7 6 2  )
G_LOOP:  2  2  6   	7.358878e-01	( 0 6 2 7 1 5  )
G_LOOP:  2  3  6   	7.311164e-01	( 0 6 5 7 1 2  )
G_LOOP:  2  4  6   	7.339033e-01	( 0 1 3 7 6 4  )
G_LOOP:  2  5  6   	7.386881e-01	( 0 1 4 7 6 3  )
G_LOOP:  2  6  6   	7.380549e-01	( 0 6 3 7 1 4  )
G_LOOP:  2  7  6   	7.320259e-01	( 0 6 4 7 1 3  )
G_LOOP:  2  8  6   	7.381620e-01	( 0 2 3 7 5 4  )
G_LOOP:  2  9  6   	7.344164e-01	( 0 2 4 7 5 3  )
G_LOOP:  2  10  6   	7.362792e-01	( 0 5 3 7 2 4  )
G_LOOP:  2  11  6   	7.341192e-01	( 0 5 4 7 2 3  )
G_LOOP:  2  12  6   	7.332222e-01	( 1 2 3 6 5 4  )
G_LOOP:  2  13  6   	7.315865e-01	( 1 2 4 6 5 3  )
G_LOOP:  2  14  6   	7.331640e-01	( 1 5 3 6 2 4  )
G_LOOP:  2  15  6   	7.295510e-01	( 1 5 4 6 2 3  )
GACTION: 6.646384e+00
CONGRAD5: time = 6.113758e-01 (fn F) masses = 1 iters = 599 mflops = 4.019232e+03
 OK converged final_rsq= 1e-10 (cf 1e-10) rel = 1 (cf 0) restarts = 2 iters= 599
CONGRAD5: time = 9.469700e-02 (fn F) masses = 1 iters = 91 mflops = 3.942118e+03
 OK converged final_rsq= 1e-10 (cf 1e-10) rel = 1 (cf 0) restarts = 1 iters= 91
PBP: mass 1.000000e-02     4.339416e-02  3.936487e-02  7.421302e-03  7.418751e-03 ( 1 of 1 )
FACTION: mass = 1.000000e-02,  1.502066e+00 ( 1 of 1 )
CONGRAD5: time = 6.151049e-01 (fn F) masses = 1 iters = 602 mflops = 4.014872e+03
 OK converged final_rsq= 7.1e-11 (cf 1e-10) rel = 1 (cf 0) restarts = 3 iters= 602
CONGRAD5: time = 1.304431e-01 (fn F) masses = 1 iters = 126 mflops = 3.962542e+03
 OK converged final_rsq= 9.9e-11 (cf 1e-10) rel = 1 (cf 0) restarts = 1 iters= 126
PBP: mass 1.000000e-02     4.858556e-02  4.277414e-02  -1.701513e-03  -1.703251e-03 ( 1 of 1 )
FACTION: mass = 1.000000e-02,  1.501393e+00 ( 1 of 1 )
CONGRAD5: time = 6.175828e-01 (fn F) masses = 1 iters = 602 mflops = 3.998764e+03
 OK converged final_rsq= 8.2e-11 (cf 1e-10) rel = 1 (cf 0) restarts = 3 iters= 602
CONGRAD5: time = 6.265309e-01 (fn F) masses = 1 iters = 602 mflops = 3.941654e+03
 OK converged final_rsq= 5.4e-11 (cf 1e-10) rel = 1 (cf 0) restarts = 3 iters= 602
GFTIME:   time = 1.431768e-01 (Symanzik1) mflops = 3.693209e+03
FFTIME:  time = 5.054090e-01 (asqtad3) terms = 2 mflops = 2.967485e+03
CONGRAD5: time = 7.003341e-01 (fn F) masses = 1 iters = 683 mflops = 4.000736e+03
 OK converged final_rsq= 9.9e-11 (cf 1e-10) rel = 1 (cf 0) restarts = 3 iters= 683
CONGRAD5: time = 6.171830e-01 (fn F) masses = 1 iters = 602 mflops = 4.001354e+03
 OK converged final_rsq= 7.6e-11 (cf 1e-10) rel = 1 (cf 0) restarts = 3 iters= 602
GFTIME:   time = 1.397789e-01 (Symanzik1) mflops = 3.782989e+03
FFTIME:  time = 5.064859e-01 (asqtad3) terms = 2 mflops = 2.961175e+03
CONGRAD5: time = 6.223240e-01 (fn F) masses = 1 iters = 602 mflops = 3.968299e+03
 OK converged final_rsq= 6.9e-11 (cf 1e-10) rel = 1 (cf 0) restarts = 3 iters= 602
CONGRAD5: time = 6.192560e-01 (fn F) masses = 1 iters = 602 mflops = 3.987959e+03
 OK converged final_rsq= 7.2e-11 (cf 1e-10) rel = 1 (cf 0) restarts = 3 iters= 602
GFTIME:   time = 1.387661e-01 (Symanzik1) mflops = 3.810599e+03
FFTIME:  time = 5.062952e-01 (asqtad3) terms = 2 mflops = 2.962290e+03
CONGRAD5: time = 6.188159e-01 (fn F) masses = 1 iters = 602 mflops = 3.990796e+03
 OK converged final_rsq= 8.2e-11 (cf 1e-10) rel = 1 (cf 0) restarts = 3 iters= 602
CONGRAD5: time = 6.176569e-01 (fn F) masses = 1 iters = 602 mflops = 3.998284e+03
 OK converged final_rsq= 4.8e-11 (cf 1e-10) rel = 1 (cf 0) restarts = 3 iters= 602
GFTIME:   time = 1.392391e-01 (Symanzik1) mflops = 3.797654e+03
FFTIME:  time = 5.065961e-01 (asqtad3) terms = 2 mflops = 2.960531e+03
CONGRAD5: time = 6.777749e-01 (fn F) masses = 1 iters = 661 mflops = 4.000741e+03
 OK converged final_rsq= 9.9e-11 (cf 1e-10) rel = 1 (cf 0) restarts = 3 iters= 661
CONGRAD5: time = 6.187041e-01 (fn F) masses = 1 iters = 602 mflops = 3.991517e+03
 OK converged final_rsq= 8.3e-11 (cf 1e-10) rel = 1 (cf 0) restarts = 3 iters= 602
GFTIME:   time = 1.383369e-01 (Symanzik1) mflops = 3.822421e+03
FFTIME:  time = 5.069821e-01 (asqtad3) terms = 2 mflops = 2.958277e+03
CONGRAD5: time = 6.931229e-01 (fn F) masses = 1 iters = 674 mflops = 3.989093e+03
 OK converged final_rsq= 9.9e-11 (cf 1e-10) rel = 1 (cf 0) restarts = 3 iters= 674
CONGRAD5: time = 6.178639e-01 (fn F) masses = 1 iters = 602 mflops = 3.996945e+03
 OK converged final_rsq= 6.3e-11 (cf 1e-10) rel = 1 (cf 0) restarts = 3 iters= 602
GFTIME:   time = 1.374412e-01 (Symanzik1) mflops = 3.847332e+03
FFTIME:  time = 5.064139e-01 (asqtad3) terms = 2 mflops = 2.961596e+03
CONGRAD5: time = 6.196771e-01 (fn F) masses = 1 iters = 602 mflops = 3.985250e+03
 OK converged final_rsq= 9.3e-11 (cf 1e-10) rel = 1 (cf 0) restarts = 3 iters= 602
CONGRAD5: time = 6.193209e-01 (fn F) masses = 1 iters = 602 mflops = 3.987542e+03
 OK converged final_rsq= 5.5e-11 (cf 1e-10) rel = 1 (cf 0) restarts = 3 iters= 602
GFTIME:   time = 1.379101e-01 (Symanzik1) mflops = 3.834249e+03
FFTIME:  time = 5.075669e-01 (asqtad3) terms = 2 mflops = 2.954868e+03
CONGRAD5: time = 6.498799e-01 (fn F) masses = 1 iters = 602 mflops = 3.800037e+03
 OK converged final_rsq= 4.9e-11 (cf 1e-10) rel = 1 (cf 0) restarts = 3 iters= 602
CONGRAD5: time = 6.818671e-01 (fn F) masses = 1 iters = 666 mflops = 4.006812e+03
 OK converged final_rsq= 9.8e-11 (cf 1e-10) rel = 1 (cf 0) restarts = 3 iters= 666
GFTIME:   time = 1.416099e-01 (Symanzik1) mflops = 3.734074e+03
FFTIME:  time = 5.051439e-01 (asqtad3) terms = 2 mflops = 2.969042e+03
CONGRAD5: time = 7.048740e-01 (fn F) masses = 1 iters = 660 mflops = 3.841111e+03
 OK converged final_rsq= 5e-11 (cf 1e-10) rel = 1 (cf 0) restarts = 4 iters= 660
CONGRAD5: time = 6.192808e-01 (fn F) masses = 1 iters = 602 mflops = 3.987800e+03
 OK converged final_rsq= 4.4e-11 (cf 1e-10) rel = 1 (cf 0) restarts = 3 iters= 602
GFTIME:   time = 1.397140e-01 (Symanzik1) mflops = 3.784745e+03
FFTIME:  time = 5.074801e-01 (asqtad3) terms = 2 mflops = 2.955374e+03
CONGRAD5: time = 6.186001e-01 (fn F) masses = 1 iters = 602 mflops = 3.992188e+03
 OK converged final_rsq= 9e-11 (cf 1e-10) rel = 1 (cf 0) restarts = 3 iters= 602
CONGRAD5: time = 6.231489e-01 (fn F) masses = 1 iters = 602 mflops = 3.963046e+03
 OK converged final_rsq= 6.8e-11 (cf 1e-10) rel = 1 (cf 0) restarts = 3 iters= 602
GFTIME:   time = 1.421640e-01 (Symanzik1) mflops = 3.719520e+03
FFTIME:  time = 5.048580e-01 (asqtad3) terms = 2 mflops = 2.970723e+03
CONGRAD5: time = 7.324319e-01 (fn F) masses = 1 iters = 713 mflops = 3.993436e+03
 OK converged final_rsq= 9.9e-11 (cf 1e-10) rel = 1 (cf 0) restarts = 3 iters= 713
CONGRAD5: time = 6.195378e-01 (fn F) masses = 1 iters = 602 mflops = 3.986145e+03
 OK converged final_rsq= 5.9e-11 (cf 1e-10) rel = 1 (cf 0) restarts = 3 iters= 602
GFTIME:   time = 1.369300e-01 (Symanzik1) mflops = 3.861695e+03
FFTIME:  time = 5.070069e-01 (asqtad3) terms = 2 mflops = 2.958132e+03
CONGRAD5: time = 7.270041e-01 (fn F) masses = 1 iters = 708 mflops = 3.995038e+03
 OK converged final_rsq= 9.9e-11 (cf 1e-10) rel = 1 (cf 0) restarts = 3 iters= 708
CONGRAD5: time = 6.191139e-01 (fn F) masses = 1 iters = 602 mflops = 3.988875e+03
 OK converged final_rsq= 4.6e-11 (cf 1e-10) rel = 1 (cf 0) restarts = 3 iters= 602
GFTIME:   time = 1.408560e-01 (Symanzik1) mflops = 3.754059e+03
FFTIME:  time = 5.073061e-01 (asqtad3) terms = 2 mflops = 2.956387e+03
CONGRAD5: time = 6.193829e-01 (fn F) masses = 1 iters = 602 mflops = 3.987143e+03
 OK converged final_rsq= 5.7e-11 (cf 1e-10) rel = 1 (cf 0) restarts = 3 iters= 602
CONGRAD5: time = 6.993380e-01 (fn F) masses = 1 iters = 680 mflops = 3.988837e+03
 OK converged final_rsq= 9.9e-11 (cf 1e-10) rel = 1 (cf 0) restarts = 3 iters= 680
GFTIME:   time = 1.391072e-01 (Symanzik1) mflops = 3.801253e+03
FFTIME:  time = 5.069330e-01 (asqtad3) terms = 2 mflops = 2.958564e+03
CONGRAD5: time = 6.868091e-01 (fn F) masses = 1 iters = 666 mflops = 3.977981e+03
 OK converged final_rsq= 5e-11 (cf 1e-10) rel = 1 (cf 0) restarts = 4 iters= 666
CONGRAD5: time = 6.187630e-01 (fn F) masses = 1 iters = 602 mflops = 3.991137e+03
 OK converged final_rsq= 8.6e-11 (cf 1e-10) rel = 1 (cf 0) restarts = 3 iters= 602
GFTIME:   time = 1.426122e-01 (Symanzik1) mflops = 3.707830e+03
FFTIME:  time = 5.062890e-01 (asqtad3) terms = 2 mflops = 2.962327e+03
CONGRAD5: time = 7.322350e-01 (fn F) masses = 1 iters = 703 mflops = 3.938486e+03
 OK converged final_rsq= 1e-10 (cf 1e-10) rel = 1 (cf 0) restarts = 3 iters= 703
CONGRAD5: time = 7.236111e-01 (fn F) masses = 1 iters = 704 mflops = 3.991093e+03
 OK converged final_rsq= 5e-11 (cf 1e-10) rel = 1 (cf 0) restarts = 4 iters= 704
GFTIME:   time = 1.422241e-01 (Symanzik1) mflops = 3.717949e+03
FFTIME:  time = 5.090029e-01 (asqtad3) terms = 2 mflops = 2.946532e+03
PLAQ:	1.460193	1.460439
P_LOOP:	-5.681515e-03	1.470983e-02
G_LOOP:  0  0  4   	1.462860e+00	( 0 1 7 6  )
G_LOOP:  0  1  4   	1.459667e+00	( 0 2 7 5  )
G_LOOP:  0  2  4   	1.464225e+00	( 0 3 7 4  )
G_LOOP:  0  3  4   	1.458053e+00	( 1 2 6 5  )
G_LOOP:  0  4  4   	1.458102e+00	( 1 3 6 4  )
G_LOOP:  0  5  4   	1.458991e+00	( 2 3 5 4  )
G_LOOP:  1  0  6   	7.044114e-01	( 0 0 1 7 7 6  )
G_LOOP:  1  1  6   	7.001683e-01	( 0 0 2 7 7 5  )
G_LOOP:  1  2  6   	7.064534e-01	( 0 0 3 7 7 4  )
G_LOOP:  1  3  6   	7.046912e-01	( 1 1 0 6 6 7  )
G_LOOP:  1  4  6   	6.971760e-01	( 1 1 2 6 6 5  )
G_LOOP:  1  5  6   	6.963067e-01	( 1 1 3 6 6 4  )
G_LOOP:  1  6  6   	6.973758e-01	( 2 2 0 5 5 7  )
G_LOOP:  1  7  6   	6.981232e-01	( 2 2 1 5 5 6  )
G_LOOP:  1  8  6   	6.977841e-01	( 2 2 3 5 5 4  )
G_LOOP:  1  9  6   	7.051219e-01	( 3 3 0 4 4 7  )
G_LOOP:  1  10  6   	7.012289e-01	( 3 3 1 4 4 6  )
G_LOOP:  1  11  6   	6.983391e-01	( 3 3 2 4 4 5  )
G_LOOP:  2  0  6   	7.119569e-01	( 0 1 2 7 6 5  )
G_LOOP:  2  1  6   	7.136081e-01	( 0 1 5 7 6 2  )
G_LOOP:  2  2  6   	7.205864e-01	( 0 6 2 7 1 5  )
G_LOOP:  2  3  6   	7.129568e-01	( 0 6 5 7 1 2  )
G_LOOP:  2  4  6   	7.151807e-01	( 0 1 3 7 6 4  )
G_LOOP:  2  5  6   	7.179215e-01	( 0 1 4 7 6 3  )
G_LOOP:  2  6  6   	7.225979e-01	( 0 6 3 7 1 4  )
G_LOOP:  2  7  6   	7.152602e-01	( 0 6 4 7 1 3  )
G_LOOP:  2  8  6   	7.193233e-01	( 0 2 3 7 5 4  )
G_LOOP:  2  9  6   	7.155409e-01	( 0 2 4 7 5 3  )
G_LOOP:  2  10  6   	7.174311e-01	( 0 5 3 7 2 4  )
G_LOOP:  2  11  6   	7.158922e-01	( 0 5 4 7 2 3  )
G_LOOP:  2  12  6   	7.121399e-01	( 1 2 3 6 5 4  )
G_LOOP:  2  13  6   	7.112940e-01	( 1 2 4 6 5 3  )
G_LOOP:  2  14  6   	7.106608e-01	( 1 5 3 6 2 4  )
G_LOOP:  2  15  6   	7.096770e-01	( 1 5 4 6 2 3  )
GACTION: 6.719232e+00
CONGRAD5: time = 6.171451e-01 (fn F) masses = 1 iters = 602 mflops = 4.001600e+03
 OK converged final_rsq= 8.8e-11 (cf 1e-10) rel = 1 (cf 0) restarts = 3 iters= 602
CONGRAD5: time = 1.266520e-01 (fn F) masses = 1 iters = 122 mflops = 3.951593e+03
 OK converged final_rsq= 9.9e-11 (cf 1e-10) rel = 1 (cf 0) restarts = 1 iters= 122
PBP: mass 1.000000e-02     5.555199e-02  4.368940e-02  -4.331524e-03  -4.348939e-03 ( 1 of 1 )
FACTION: mass = 1.000000e-02,  1.501287e+00 ( 1 of 1 )
CONGRAD5: time = 6.182601e-01 (fn F) masses = 1 iters = 602 mflops = 3.994383e+03
 OK converged final_rsq= 6.4e-11 (cf 1e-10) rel = 1 (cf 0) restarts = 3 iters= 602
CONGRAD5: time = 1.143911e-01 (fn F) masses = 1 iters = 110 mflops = 3.944800e+03
 OK converged final_rsq= 1e-10 (cf 1e-10) rel = 1 (cf 0) restarts = 1 iters= 110
PBP: mass 1.000000e-02     5.376833e-02  4.562878e-02  -5.653563e-03  -5.648705e-03 ( 1 of 1 )
FACTION: mass = 1.000000e-02,  1.501514e+00 ( 1 of 1 )
RUNNING COMPLETED
average cg iters for step= 1.219000e+03
Time = 1.378780e+02 seconds
total_iters = 152537
Checksums 7bb45b68 d977e3c0
Saved gauge configuration in parallel to binary file lat_p64_size128_2
Time stamp Thu May 19 17:05:37 2022
Wrote info file lat_p64_size128_2.info
Time to save = 4.165602e-02
CHECK PLAQ: 1.460193e+00 1.460439e+00
CHECK NERSC LINKTR: 1.427689e-01 CKSUM: 5cf947c6


get_i(0): EOF on input.
Elapsed total time: 157.779419
exit: Thu May 19 17:05:37 2022

