SU3 with improved KS action
Microcanonical simulation with refreshing
R algorithm
MIMD version 7.8.1
Machine = MPI (portable), with 32 nodes
Host(0) = ault03.cscs.ch
Username = mcopik
Options selected...
Generic single precision
C_GLOBAL_INLINE
DBLSTORE_FN
D_FN_GATHER13
FEWSUMS
KS_MULTIFF=FNMAT
VECLENGTH=4
type 0 for no prompts, 1 for prompts, or 2 for proofreading
nflavors1 2
nflavors2 1
nx 16
ny 16
nz 8
nt 36
iseed 5682304
LAYOUT = Hypercubes, options = hyper_prime,
automatic hyper_prime layout
ON EACH NODE 4 x 8 x 8 x 9
Mallocing 2.3 MBytes per node for lattice
WARNING!!: Resetting random seed
Made lattice
Made nn gathers
Made 3nn gathers
Finished setup


warms 0
trajecs 4
traj_between_meas 1
beta 5.6
mass1 0.125
mass2 0.125
u0 0.8441
microcanonical_time_step 0.2
steps_per_trajectory 5
max_cg_iterations 100
max_cg_restarts 5
error_per_site 0.125
error_for_propagator 0.125
npbp_reps 1
prec_pbp 1
fresh 
save_parallel lat_p64_size64_1
unit gauge configuration loaded
CHECK PLAQ: 3.000000e+00 3.000000e+00
CHECK NERSC LINKTR: 1.000000e+00 CKSUM: 0
Unitarity checked.  Max deviation 0.00e+00
Time to check unitarity = 5.369186e-04
"O(a^2): couplings(pi)=0, Naik term, No O(a^2) errors, tadpole weights"
path coefficients: npath  path_coeff  multiplicity
                    0      6.250000e-01     8
                    1      -5.847914e-02     8
                    2      -8.771871e-02     48
                    3      3.077829e-02     192
                    4      -7.199551e-03     384
                    5      -1.231132e-01     48
Symanzik 1x1 + 1x2 + 1x1x1 action
gauge_action: total_dyn_flavors = 3
loop coefficients: nloop rep loop_coeff  multiplicity
                    0 0      1.000000e+00     6
                    1 0      -7.762509e-02     12
                    2 0      -1.031171e-02     16
WARMUPS COMPLETED
CONGRAD5: time = 4.786968e-03 (fn F) masses = 1 iters = 4 mflops = 2.285244e+03
 OK converged final_rsq= 0.006 (cf 0.016) rel = 1 (cf 0) restarts = 1 iters= 4
CONGRAD5: time = 4.517078e-03 (fn F) masses = 1 iters = 4 mflops = 2.421785e+03
 OK converged final_rsq= 0.0059 (cf 0.016) rel = 1 (cf 0) restarts = 1 iters= 4
GFTIME:   time = 8.343315e-02 (Symanzik1) mflops = 4.225194e+03
FFTIME:  time = 2.789311e-01 (asqtad3) terms = 2 mflops = 3.584620e+03
CONGRAD5: time = 4.778147e-03 (fn F) masses = 1 iters = 4 mflops = 2.289463e+03
 OK converged final_rsq= 0.01 (cf 0.016) rel = 1 (cf 0) restarts = 1 iters= 4
CONGRAD5: time = 4.555941e-03 (fn F) masses = 1 iters = 4 mflops = 2.401127e+03
 OK converged final_rsq= 0.0098 (cf 0.016) rel = 1 (cf 0) restarts = 1 iters= 4
GFTIME:   time = 8.377600e-02 (Symanzik1) mflops = 4.207902e+03
FFTIME:  time = 2.764981e-01 (asqtad3) terms = 2 mflops = 3.616164e+03
CONGRAD5: time = 4.750013e-03 (fn F) masses = 1 iters = 4 mflops = 2.303023e+03
 OK converged final_rsq= 0.014 (cf 0.016) rel = 1 (cf 0) restarts = 1 iters= 4
CONGRAD5: time = 4.492998e-03 (fn F) masses = 1 iters = 4 mflops = 2.434764e+03
 OK converged final_rsq= 0.014 (cf 0.016) rel = 1 (cf 0) restarts = 1 iters= 4
GFTIME:   time = 8.313704e-02 (Symanzik1) mflops = 4.240243e+03
FFTIME:  time = 2.769470e-01 (asqtad3) terms = 2 mflops = 3.610302e+03
CONGRAD5: time = 4.656076e-03 (fn F) masses = 1 iters = 4 mflops = 2.349487e+03
 OK converged final_rsq= 0.013 (cf 0.016) rel = 1 (cf 0) restarts = 1 iters= 4
CONGRAD5: time = 4.536867e-03 (fn F) masses = 1 iters = 4 mflops = 2.411222e+03
 OK converged final_rsq= 0.013 (cf 0.016) rel = 1 (cf 0) restarts = 1 iters= 4
GFTIME:   time = 8.363914e-02 (Symanzik1) mflops = 4.214787e+03
FFTIME:  time = 2.788851e-01 (asqtad3) terms = 2 mflops = 3.585212e+03
CONGRAD5: time = 4.673958e-03 (fn F) masses = 1 iters = 4 mflops = 2.340499e+03
 OK converged final_rsq= 0.011 (cf 0.016) rel = 1 (cf 0) restarts = 1 iters= 4
CONGRAD5: time = 4.477978e-03 (fn F) masses = 1 iters = 4 mflops = 2.442931e+03
 OK converged final_rsq= 0.011 (cf 0.016) rel = 1 (cf 0) restarts = 1 iters= 4
GFTIME:   time = 8.379102e-02 (Symanzik1) mflops = 4.207148e+03
FFTIME:  time = 2.766671e-01 (asqtad3) terms = 2 mflops = 3.613954e+03
PLAQ:	2.348046	2.347861
P_LOOP:	-6.323030e-03	-1.925636e-02
G_LOOP:  0  0  4   	2.346897e+00	( 0 1 7 6  )
G_LOOP:  0  1  4   	2.347695e+00	( 0 2 7 5  )
G_LOOP:  0  2  4   	2.348610e+00	( 0 3 7 4  )
G_LOOP:  0  3  4   	2.349546e+00	( 1 2 6 5  )
G_LOOP:  0  4  4   	2.347450e+00	( 1 3 6 4  )
G_LOOP:  0  5  4   	2.347524e+00	( 2 3 5 4  )
G_LOOP:  1  0  6   	1.770886e+00	( 0 0 1 7 7 6  )
G_LOOP:  1  1  6   	1.772085e+00	( 0 0 2 7 7 5  )
G_LOOP:  1  2  6   	1.772683e+00	( 0 0 3 7 7 4  )
G_LOOP:  1  3  6   	1.772206e+00	( 1 1 0 6 6 7  )
G_LOOP:  1  4  6   	1.778615e+00	( 1 1 2 6 6 5  )
G_LOOP:  1  5  6   	1.772779e+00	( 1 1 3 6 6 4  )
G_LOOP:  1  6  6   	1.774422e+00	( 2 2 0 5 5 7  )
G_LOOP:  1  7  6   	1.776307e+00	( 2 2 1 5 5 6  )
G_LOOP:  1  8  6   	1.772614e+00	( 2 2 3 5 5 4  )
G_LOOP:  1  9  6   	1.773361e+00	( 3 3 0 4 4 7  )
G_LOOP:  1  10  6   	1.772005e+00	( 3 3 1 4 4 6  )
G_LOOP:  1  11  6   	1.772996e+00	( 3 3 2 4 4 5  )
G_LOOP:  2  0  6   	1.819044e+00	( 0 1 2 7 6 5  )
G_LOOP:  2  1  6   	1.821657e+00	( 0 1 5 7 6 2  )
G_LOOP:  2  2  6   	1.822819e+00	( 0 6 2 7 1 5  )
G_LOOP:  2  3  6   	1.821404e+00	( 0 6 5 7 1 2  )
G_LOOP:  2  4  6   	1.821922e+00	( 0 1 3 7 6 4  )
G_LOOP:  2  5  6   	1.817338e+00	( 0 1 4 7 6 3  )
G_LOOP:  2  6  6   	1.820607e+00	( 0 6 3 7 1 4  )
G_LOOP:  2  7  6   	1.823181e+00	( 0 6 4 7 1 3  )
G_LOOP:  2  8  6   	1.818823e+00	( 0 2 3 7 5 4  )
G_LOOP:  2  9  6   	1.819541e+00	( 0 2 4 7 5 3  )
G_LOOP:  2  10  6   	1.822350e+00	( 0 5 3 7 2 4  )
G_LOOP:  2  11  6   	1.817598e+00	( 0 5 4 7 2 3  )
G_LOOP:  2  12  6   	1.821659e+00	( 1 2 3 6 5 4  )
G_LOOP:  2  13  6   	1.824220e+00	( 1 2 4 6 5 3  )
G_LOOP:  2  14  6   	1.821604e+00	( 1 5 3 6 2 4  )
G_LOOP:  2  15  6   	1.824104e+00	( 1 5 4 6 2 3  )
GACTION: 2.575211e+00
CONGRAD5: time = 4.791021e-03 (fn F) masses = 1 iters = 4 mflops = 2.283311e+03
 OK converged final_rsq= 0.01 (cf 0.016) rel = 1 (cf 0) restarts = 1 iters= 4
CONGRAD5: time = 5.929947e-03 (fn F) masses = 1 iters = 6 mflops = 2.767156e+03
 OK converged final_rsq= 0.0087 (cf 0.016) rel = 1 (cf 0) restarts = 1 iters= 6
PBP: mass 1.250000e-01     6.839631e-02  1.024361e-01  -6.252925e-04  -1.562877e-03 ( 1 of 1 )
FACTION: mass = 1.250000e-01,  1.470003e+00 ( 1 of 1 )
CONGRAD5: time = 4.542112e-03 (fn F) masses = 1 iters = 4 mflops = 2.408437e+03
 OK converged final_rsq= 0.01 (cf 0.016) rel = 1 (cf 0) restarts = 1 iters= 4
CONGRAD5: time = 5.955219e-03 (fn F) masses = 1 iters = 6 mflops = 2.755413e+03
 OK converged final_rsq= 0.0087 (cf 0.016) rel = 1 (cf 0) restarts = 1 iters= 6
PBP: mass 1.250000e-01     7.042779e-02  1.006423e-01  -2.239626e-03  -2.553548e-03 ( 1 of 1 )
FACTION: mass = 1.250000e-01,  1.472298e+00 ( 1 of 1 )
CONGRAD5: time = 4.687071e-03 (fn F) masses = 1 iters = 4 mflops = 2.333951e+03
 OK converged final_rsq= 0.012 (cf 0.016) rel = 1 (cf 0) restarts = 1 iters= 4
CONGRAD5: time = 4.554987e-03 (fn F) masses = 1 iters = 4 mflops = 2.401630e+03
 OK converged final_rsq= 0.011 (cf 0.016) rel = 1 (cf 0) restarts = 1 iters= 4
GFTIME:   time = 8.377504e-02 (Symanzik1) mflops = 4.207950e+03
FFTIME:  time = 2.777052e-01 (asqtad3) terms = 2 mflops = 3.600445e+03
CONGRAD5: time = 5.352020e-03 (fn F) masses = 1 iters = 5 mflops = 2.554968e+03
 OK converged final_rsq= 0.0069 (cf 0.016) rel = 1 (cf 0) restarts = 1 iters= 5
CONGRAD5: time = 4.465103e-03 (fn F) masses = 1 iters = 4 mflops = 2.449975e+03
 OK converged final_rsq= 0.015 (cf 0.016) rel = 1 (cf 0) restarts = 1 iters= 4
GFTIME:   time = 8.355188e-02 (Symanzik1) mflops = 4.219189e+03
FFTIME:  time = 2.770510e-01 (asqtad3) terms = 2 mflops = 3.608947e+03
CONGRAD5: time = 5.416870e-03 (fn F) masses = 1 iters = 5 mflops = 2.524380e+03
 OK converged final_rsq= 0.0088 (cf 0.016) rel = 1 (cf 0) restarts = 1 iters= 5
CONGRAD5: time = 5.186081e-03 (fn F) masses = 1 iters = 5 mflops = 2.636719e+03
 OK converged final_rsq= 0.0084 (cf 0.016) rel = 1 (cf 0) restarts = 1 iters= 5
GFTIME:   time = 8.362198e-02 (Symanzik1) mflops = 4.215653e+03
FFTIME:  time = 2.776198e-01 (asqtad3) terms = 2 mflops = 3.601552e+03
CONGRAD5: time = 5.332947e-03 (fn F) masses = 1 iters = 5 mflops = 2.564106e+03
 OK converged final_rsq= 0.0085 (cf 0.016) rel = 1 (cf 0) restarts = 1 iters= 5
CONGRAD5: time = 5.254984e-03 (fn F) masses = 1 iters = 5 mflops = 2.602147e+03
 OK converged final_rsq= 0.0083 (cf 0.016) rel = 1 (cf 0) restarts = 1 iters= 5
GFTIME:   time = 8.343792e-02 (Symanzik1) mflops = 4.224952e+03
FFTIME:  time = 2.796080e-01 (asqtad3) terms = 2 mflops = 3.575943e+03
CONGRAD5: time = 5.321980e-03 (fn F) masses = 1 iters = 5 mflops = 2.569390e+03
 OK converged final_rsq= 0.0074 (cf 0.016) rel = 1 (cf 0) restarts = 1 iters= 5
CONGRAD5: time = 4.482031e-03 (fn F) masses = 1 iters = 4 mflops = 2.440722e+03
 OK converged final_rsq= 0.015 (cf 0.016) rel = 1 (cf 0) restarts = 1 iters= 4
GFTIME:   time = 8.353209e-02 (Symanzik1) mflops = 4.220189e+03
FFTIME:  time = 2.778740e-01 (asqtad3) terms = 2 mflops = 3.598258e+03
PLAQ:	2.013197	2.012697
P_LOOP:	-9.701259e-03	-3.360078e-02
G_LOOP:  0  0  4   	2.010792e+00	( 0 1 7 6  )
G_LOOP:  0  1  4   	2.013326e+00	( 0 2 7 5  )
G_LOOP:  0  2  4   	2.011958e+00	( 0 3 7 4  )
G_LOOP:  0  3  4   	2.015472e+00	( 1 2 6 5  )
G_LOOP:  0  4  4   	2.013512e+00	( 1 3 6 4  )
G_LOOP:  0  5  4   	2.012622e+00	( 2 3 5 4  )
G_LOOP:  1  0  6   	1.296020e+00	( 0 0 1 7 7 6  )
G_LOOP:  1  1  6   	1.302380e+00	( 0 0 2 7 7 5  )
G_LOOP:  1  2  6   	1.300113e+00	( 0 0 3 7 7 4  )
G_LOOP:  1  3  6   	1.297978e+00	( 1 1 0 6 6 7  )
G_LOOP:  1  4  6   	1.302920e+00	( 1 1 2 6 6 5  )
G_LOOP:  1  5  6   	1.301147e+00	( 1 1 3 6 6 4  )
G_LOOP:  1  6  6   	1.301421e+00	( 2 2 0 5 5 7  )
G_LOOP:  1  7  6   	1.302576e+00	( 2 2 1 5 5 6  )
G_LOOP:  1  8  6   	1.298934e+00	( 2 2 3 5 5 4  )
G_LOOP:  1  9  6   	1.299910e+00	( 3 3 0 4 4 7  )
G_LOOP:  1  10  6   	1.299603e+00	( 3 3 1 4 4 6  )
G_LOOP:  1  11  6   	1.299806e+00	( 3 3 2 4 4 5  )
G_LOOP:  2  0  6   	1.339921e+00	( 0 1 2 7 6 5  )
G_LOOP:  2  1  6   	1.347332e+00	( 0 1 5 7 6 2  )
G_LOOP:  2  2  6   	1.347822e+00	( 0 6 2 7 1 5  )
G_LOOP:  2  3  6   	1.345578e+00	( 0 6 5 7 1 2  )
G_LOOP:  2  4  6   	1.348037e+00	( 0 1 3 7 6 4  )
G_LOOP:  2  5  6   	1.342259e+00	( 0 1 4 7 6 3  )
G_LOOP:  2  6  6   	1.341849e+00	( 0 6 3 7 1 4  )
G_LOOP:  2  7  6   	1.343166e+00	( 0 6 4 7 1 3  )
G_LOOP:  2  8  6   	1.344500e+00	( 0 2 3 7 5 4  )
G_LOOP:  2  9  6   	1.342721e+00	( 0 2 4 7 5 3  )
G_LOOP:  2  10  6   	1.346118e+00	( 0 5 3 7 2 4  )
G_LOOP:  2  11  6   	1.343245e+00	( 0 5 4 7 2 3  )
G_LOOP:  2  12  6   	1.346085e+00	( 1 2 3 6 5 4  )
G_LOOP:  2  13  6   	1.347991e+00	( 1 2 4 6 5 3  )
G_LOOP:  2  14  6   	1.347405e+00	( 1 5 3 6 2 4  )
G_LOOP:  2  15  6   	1.344994e+00	( 1 5 4 6 2 3  )
GACTION: 4.065920e+00
CONGRAD5: time = 4.616022e-03 (fn F) masses = 1 iters = 4 mflops = 2.369874e+03
 OK converged final_rsq= 0.014 (cf 0.016) rel = 1 (cf 0) restarts = 1 iters= 4
CONGRAD5: time = 5.908012e-03 (fn F) masses = 1 iters = 6 mflops = 2.777430e+03
 OK converged final_rsq= 0.013 (cf 0.016) rel = 1 (cf 0) restarts = 1 iters= 6
PBP: mass 1.250000e-01     8.666703e-02  1.656794e-01  8.855824e-04  1.540118e-03 ( 1 of 1 )
FACTION: mass = 1.250000e-01,  1.448829e+00 ( 1 of 1 )
CONGRAD5: time = 4.530907e-03 (fn F) masses = 1 iters = 4 mflops = 2.414394e+03
 OK converged final_rsq= 0.014 (cf 0.016) rel = 1 (cf 0) restarts = 1 iters= 4
CONGRAD5: time = 5.926847e-03 (fn F) masses = 1 iters = 6 mflops = 2.768603e+03
 OK converged final_rsq= 0.013 (cf 0.016) rel = 1 (cf 0) restarts = 1 iters= 6
PBP: mass 1.250000e-01     8.854628e-02  1.707834e-01  -1.891601e-04  1.187543e-04 ( 1 of 1 )
FACTION: mass = 1.250000e-01,  1.441431e+00 ( 1 of 1 )
CONGRAD5: time = 5.358934e-03 (fn F) masses = 1 iters = 5 mflops = 2.551671e+03
 OK converged final_rsq= 0.0075 (cf 0.016) rel = 1 (cf 0) restarts = 1 iters= 5
CONGRAD5: time = 4.512072e-03 (fn F) masses = 1 iters = 4 mflops = 2.424472e+03
 OK converged final_rsq= 0.015 (cf 0.016) rel = 1 (cf 0) restarts = 1 iters= 4
GFTIME:   time = 8.383584e-02 (Symanzik1) mflops = 4.204899e+03
FFTIME:  time = 2.784219e-01 (asqtad3) terms = 2 mflops = 3.591177e+03
CONGRAD5: time = 5.309105e-03 (fn F) masses = 1 iters = 5 mflops = 2.575621e+03
 OK converged final_rsq= 0.0094 (cf 0.016) rel = 1 (cf 0) restarts = 1 iters= 5
CONGRAD5: time = 5.281925e-03 (fn F) masses = 1 iters = 5 mflops = 2.588874e+03
 OK converged final_rsq= 0.0087 (cf 0.016) rel = 1 (cf 0) restarts = 1 iters= 5
GFTIME:   time = 8.385205e-02 (Symanzik1) mflops = 4.204086e+03
FFTIME:  time = 2.776902e-01 (asqtad3) terms = 2 mflops = 3.600640e+03
CONGRAD5: time = 5.312204e-03 (fn F) masses = 1 iters = 5 mflops = 2.574118e+03
 OK converged final_rsq= 0.011 (cf 0.016) rel = 1 (cf 0) restarts = 1 iters= 5
CONGRAD5: time = 5.209208e-03 (fn F) masses = 1 iters = 5 mflops = 2.625013e+03
 OK converged final_rsq= 0.01 (cf 0.016) rel = 1 (cf 0) restarts = 1 iters= 5
GFTIME:   time = 8.353496e-02 (Symanzik1) mflops = 4.220044e+03
FFTIME:  time = 2.800179e-01 (asqtad3) terms = 2 mflops = 3.570709e+03
CONGRAD5: time = 5.294085e-03 (fn F) masses = 1 iters = 5 mflops = 2.582928e+03
 OK converged final_rsq= 0.011 (cf 0.016) rel = 1 (cf 0) restarts = 1 iters= 5
CONGRAD5: time = 5.235195e-03 (fn F) masses = 1 iters = 5 mflops = 2.611983e+03
 OK converged final_rsq= 0.01 (cf 0.016) rel = 1 (cf 0) restarts = 1 iters= 5
GFTIME:   time = 8.353519e-02 (Symanzik1) mflops = 4.220032e+03
FFTIME:  time = 2.783968e-01 (asqtad3) terms = 2 mflops = 3.591500e+03
CONGRAD5: time = 5.297899e-03 (fn F) masses = 1 iters = 5 mflops = 2.581068e+03
 OK converged final_rsq= 0.0099 (cf 0.016) rel = 1 (cf 0) restarts = 1 iters= 5
CONGRAD5: time = 5.211830e-03 (fn F) masses = 1 iters = 5 mflops = 2.623693e+03
 OK converged final_rsq= 0.0095 (cf 0.016) rel = 1 (cf 0) restarts = 1 iters= 5
GFTIME:   time = 8.398914e-02 (Symanzik1) mflops = 4.197224e+03
FFTIME:  time = 2.844779e-01 (asqtad3) terms = 2 mflops = 3.514727e+03
PLAQ:	1.791285	1.791269
P_LOOP:	-6.432482e-03	-5.703914e-03
G_LOOP:  0  0  4   	1.790148e+00	( 0 1 7 6  )
G_LOOP:  0  1  4   	1.791518e+00	( 0 2 7 5  )
G_LOOP:  0  2  4   	1.792043e+00	( 0 3 7 4  )
G_LOOP:  0  3  4   	1.792188e+00	( 1 2 6 5  )
G_LOOP:  0  4  4   	1.790762e+00	( 1 3 6 4  )
G_LOOP:  0  5  4   	1.791001e+00	( 2 3 5 4  )
G_LOOP:  1  0  6   	1.019748e+00	( 0 0 1 7 7 6  )
G_LOOP:  1  1  6   	1.025132e+00	( 0 0 2 7 7 5  )
G_LOOP:  1  2  6   	1.023343e+00	( 0 0 3 7 7 4  )
G_LOOP:  1  3  6   	1.020574e+00	( 1 1 0 6 6 7  )
G_LOOP:  1  4  6   	1.021528e+00	( 1 1 2 6 6 5  )
G_LOOP:  1  5  6   	1.025131e+00	( 1 1 3 6 6 4  )
G_LOOP:  1  6  6   	1.026650e+00	( 2 2 0 5 5 7  )
G_LOOP:  1  7  6   	1.018998e+00	( 2 2 1 5 5 6  )
G_LOOP:  1  8  6   	1.019490e+00	( 2 2 3 5 5 4  )
G_LOOP:  1  9  6   	1.025211e+00	( 3 3 0 4 4 7  )
G_LOOP:  1  10  6   	1.026625e+00	( 3 3 1 4 4 6  )
G_LOOP:  1  11  6   	1.022026e+00	( 3 3 2 4 4 5  )
G_LOOP:  2  0  6   	1.057034e+00	( 0 1 2 7 6 5  )
G_LOOP:  2  1  6   	1.059629e+00	( 0 1 5 7 6 2  )
G_LOOP:  2  2  6   	1.056571e+00	( 0 6 2 7 1 5  )
G_LOOP:  2  3  6   	1.053607e+00	( 0 6 5 7 1 2  )
G_LOOP:  2  4  6   	1.063099e+00	( 0 1 3 7 6 4  )
G_LOOP:  2  5  6   	1.054479e+00	( 0 1 4 7 6 3  )
G_LOOP:  2  6  6   	1.050944e+00	( 0 6 3 7 1 4  )
G_LOOP:  2  7  6   	1.056895e+00	( 0 6 4 7 1 3  )
G_LOOP:  2  8  6   	1.054540e+00	( 0 2 3 7 5 4  )
G_LOOP:  2  9  6   	1.059955e+00	( 0 2 4 7 5 3  )
G_LOOP:  2  10  6   	1.063218e+00	( 0 5 3 7 2 4  )
G_LOOP:  2  11  6   	1.057845e+00	( 0 5 4 7 2 3  )
G_LOOP:  2  12  6   	1.060030e+00	( 1 2 3 6 5 4  )
G_LOOP:  2  13  6   	1.055929e+00	( 1 2 4 6 5 3  )
G_LOOP:  2  14  6   	1.056636e+00	( 1 5 3 6 2 4  )
G_LOOP:  2  15  6   	1.057973e+00	( 1 5 4 6 2 3  )
GACTION: 5.090137e+00
CONGRAD5: time = 5.294085e-03 (fn F) masses = 1 iters = 5 mflops = 2.582928e+03
 OK converged final_rsq= 0.0085 (cf 0.016) rel = 1 (cf 0) restarts = 1 iters= 5
CONGRAD5: time = 5.955935e-03 (fn F) masses = 1 iters = 6 mflops = 2.755082e+03
 OK converged final_rsq= 0.015 (cf 0.016) rel = 1 (cf 0) restarts = 1 iters= 6
PBP: mass 1.250000e-01     1.097814e-01  3.050916e-01  6.159745e-04  1.073530e-03 ( 1 of 1 )
FACTION: mass = 1.250000e-01,  1.454408e+00 ( 1 of 1 )
CONGRAD5: time = 5.258083e-03 (fn F) masses = 1 iters = 5 mflops = 2.600613e+03
 OK converged final_rsq= 0.0085 (cf 0.016) rel = 1 (cf 0) restarts = 1 iters= 5
CONGRAD5: time = 6.406069e-03 (fn F) masses = 1 iters = 6 mflops = 2.561491e+03
 OK converged final_rsq= 0.015 (cf 0.016) rel = 1 (cf 0) restarts = 1 iters= 6
PBP: mass 1.250000e-01     1.050922e-01  3.076434e-01  3.700241e-03  3.379920e-03 ( 1 of 1 )
FACTION: mass = 1.250000e-01,  1.453909e+00 ( 1 of 1 )
CONGRAD5: time = 5.481005e-03 (fn F) masses = 1 iters = 5 mflops = 2.494842e+03
 OK converged final_rsq= 0.01 (cf 0.016) rel = 1 (cf 0) restarts = 1 iters= 5
CONGRAD5: time = 5.313158e-03 (fn F) masses = 1 iters = 5 mflops = 2.573656e+03
 OK converged final_rsq= 0.0097 (cf 0.016) rel = 1 (cf 0) restarts = 1 iters= 5
GFTIME:   time = 8.441091e-02 (Symanzik1) mflops = 4.176252e+03
FFTIME:  time = 2.841730e-01 (asqtad3) terms = 2 mflops = 3.518498e+03
CONGRAD5: time = 5.411863e-03 (fn F) masses = 1 iters = 5 mflops = 2.526716e+03
 OK converged final_rsq= 0.012 (cf 0.016) rel = 1 (cf 0) restarts = 1 iters= 5
CONGRAD5: time = 5.377054e-03 (fn F) masses = 1 iters = 5 mflops = 2.543073e+03
 OK converged final_rsq= 0.011 (cf 0.016) rel = 1 (cf 0) restarts = 1 iters= 5
GFTIME:   time = 8.494902e-02 (Symanzik1) mflops = 4.149797e+03
FFTIME:  time = 2.840090e-01 (asqtad3) terms = 2 mflops = 3.520530e+03
CONGRAD5: time = 5.490065e-03 (fn F) masses = 1 iters = 5 mflops = 2.490725e+03
 OK converged final_rsq= 0.012 (cf 0.016) rel = 1 (cf 0) restarts = 1 iters= 5
CONGRAD5: time = 5.294800e-03 (fn F) masses = 1 iters = 5 mflops = 2.582579e+03
 OK converged final_rsq= 0.012 (cf 0.016) rel = 1 (cf 0) restarts = 1 iters= 5
GFTIME:   time = 8.438587e-02 (Symanzik1) mflops = 4.177491e+03
FFTIME:  time = 2.832921e-01 (asqtad3) terms = 2 mflops = 3.529440e+03
CONGRAD5: time = 5.411863e-03 (fn F) masses = 1 iters = 5 mflops = 2.526716e+03
 OK converged final_rsq= 0.012 (cf 0.016) rel = 1 (cf 0) restarts = 1 iters= 5
CONGRAD5: time = 5.267143e-03 (fn F) masses = 1 iters = 5 mflops = 2.596140e+03
 OK converged final_rsq= 0.012 (cf 0.016) rel = 1 (cf 0) restarts = 1 iters= 5
GFTIME:   time = 8.540010e-02 (Symanzik1) mflops = 4.127878e+03
FFTIME:  time = 2.835629e-01 (asqtad3) terms = 2 mflops = 3.526069e+03
CONGRAD5: time = 5.481958e-03 (fn F) masses = 1 iters = 5 mflops = 2.494408e+03
 OK converged final_rsq= 0.012 (cf 0.016) rel = 1 (cf 0) restarts = 1 iters= 5
CONGRAD5: time = 5.306959e-03 (fn F) masses = 1 iters = 5 mflops = 2.576662e+03
 OK converged final_rsq= 0.011 (cf 0.016) rel = 1 (cf 0) restarts = 1 iters= 5
GFTIME:   time = 8.498383e-02 (Symanzik1) mflops = 4.148098e+03
FFTIME:  time = 2.841301e-01 (asqtad3) terms = 2 mflops = 3.519030e+03
PLAQ:	1.644329	1.645266
P_LOOP:	-6.709792e-03	2.457538e-02
G_LOOP:  0  0  4   	1.645259e+00	( 0 1 7 6  )
G_LOOP:  0  1  4   	1.644887e+00	( 0 2 7 5  )
G_LOOP:  0  2  4   	1.648300e+00	( 0 3 7 4  )
G_LOOP:  0  3  4   	1.642841e+00	( 1 2 6 5  )
G_LOOP:  0  4  4   	1.643302e+00	( 1 3 6 4  )
G_LOOP:  0  5  4   	1.644196e+00	( 2 3 5 4  )
G_LOOP:  1  0  6   	8.570332e-01	( 0 0 1 7 7 6  )
G_LOOP:  1  1  6   	8.564349e-01	( 0 0 2 7 7 5  )
G_LOOP:  1  2  6   	8.575904e-01	( 0 0 3 7 7 4  )
G_LOOP:  1  3  6   	8.546200e-01	( 1 1 0 6 6 7  )
G_LOOP:  1  4  6   	8.518105e-01	( 1 1 2 6 6 5  )
G_LOOP:  1  5  6   	8.528352e-01	( 1 1 3 6 6 4  )
G_LOOP:  1  6  6   	8.522190e-01	( 2 2 0 5 5 7  )
G_LOOP:  1  7  6   	8.538568e-01	( 2 2 1 5 5 6  )
G_LOOP:  1  8  6   	8.539536e-01	( 2 2 3 5 5 4  )
G_LOOP:  1  9  6   	8.538749e-01	( 3 3 0 4 4 7  )
G_LOOP:  1  10  6   	8.509052e-01	( 3 3 1 4 4 6  )
G_LOOP:  1  11  6   	8.542319e-01	( 3 3 2 4 4 5  )
G_LOOP:  2  0  6   	8.757616e-01	( 0 1 2 7 6 5  )
G_LOOP:  2  1  6   	8.783519e-01	( 0 1 5 7 6 2  )
G_LOOP:  2  2  6   	8.732871e-01	( 0 6 2 7 1 5  )
G_LOOP:  2  3  6   	8.757185e-01	( 0 6 5 7 1 2  )
G_LOOP:  2  4  6   	8.808826e-01	( 0 1 3 7 6 4  )
G_LOOP:  2  5  6   	8.805856e-01	( 0 1 4 7 6 3  )
G_LOOP:  2  6  6   	8.736942e-01	( 0 6 3 7 1 4  )
G_LOOP:  2  7  6   	8.766187e-01	( 0 6 4 7 1 3  )
G_LOOP:  2  8  6   	8.765765e-01	( 0 2 3 7 5 4  )
G_LOOP:  2  9  6   	8.804759e-01	( 0 2 4 7 5 3  )
G_LOOP:  2  10  6   	8.758448e-01	( 0 5 3 7 2 4  )
G_LOOP:  2  11  6   	8.745625e-01	( 0 5 4 7 2 3  )
G_LOOP:  2  12  6   	8.722904e-01	( 1 2 3 6 5 4  )
G_LOOP:  2  13  6   	8.801306e-01	( 1 2 4 6 5 3  )
G_LOOP:  2  14  6   	8.763059e-01	( 1 5 3 6 2 4  )
G_LOOP:  2  15  6   	8.742140e-01	( 1 5 4 6 2 3  )
GACTION: 5.781983e+00
CONGRAD5: time = 5.300999e-03 (fn F) masses = 1 iters = 5 mflops = 2.579559e+03
 OK converged final_rsq= 0.01 (cf 0.016) rel = 1 (cf 0) restarts = 1 iters= 5
CONGRAD5: time = 6.596088e-03 (fn F) masses = 1 iters = 7 mflops = 2.902316e+03
 OK converged final_rsq= 0.0082 (cf 0.016) rel = 1 (cf 0) restarts = 1 iters= 7
PBP: mass 1.250000e-01     1.244008e-01  3.278295e-01  1.524636e-03  4.785546e-05 ( 1 of 1 )
FACTION: mass = 1.250000e-01,  1.429116e+00 ( 1 of 1 )
CONGRAD5: time = 5.244970e-03 (fn F) masses = 1 iters = 5 mflops = 2.607115e+03
 OK converged final_rsq= 0.01 (cf 0.016) rel = 1 (cf 0) restarts = 1 iters= 5
CONGRAD5: time = 6.628036e-03 (fn F) masses = 1 iters = 7 mflops = 2.888327e+03
 OK converged final_rsq= 0.0083 (cf 0.016) rel = 1 (cf 0) restarts = 1 iters= 7
PBP: mass 1.250000e-01     1.240261e-01  3.300110e-01  -6.302996e-04  -4.874612e-04 ( 1 of 1 )
FACTION: mass = 1.250000e-01,  1.440693e+00 ( 1 of 1 )
RUNNING COMPLETED
average cg iters for step= 1.100000e+01
Time = 1.102571e+01 seconds
total_iters = 552
Checksums eb39cb37 375da3b2
Saved gauge configuration in parallel to binary file lat_p64_size64_1
Time stamp Thu May 19 16:22:38 2022
Wrote info file lat_p64_size64_1.info
Time to save = 3.001904e-02
CHECK PLAQ: 1.644329e+00 1.645266e+00
CHECK NERSC LINKTR: 1.712149e-01 CKSUM: b2397a8b


warms 0
trajecs 4
traj_between_meas 1
beta 5.6
mass1 0.01
mass2 0.01
u0 0.8441
microcanonical_time_step 0.02
steps_per_trajectory 15
max_cg_iterations 300
max_cg_restarts 5
error_per_site 1e-05
error_for_propagator 1e-05
npbp_reps 1
prec_pbp 1
reload_parallel lat_p64_size64_1
save_parallel lat_p64_size64_2
Restored binary gauge configuration in parallel from file lat_p64_size64_1
Time stamp Thu May 19 16:22:38 2022
Checksums eb39cb37 375da3b2 OK
Time to reload gauge configuration = 1.820207e-02
CHECK PLAQ: 1.644329e+00 1.645266e+00
CHECK NERSC LINKTR: 1.712149e-01 CKSUM: b2397a8b
Unitarity checked.  Max deviation 2.98e-07
Time to check unitarity = 4.131794e-04
"O(a^2): couplings(pi)=0, Naik term, No O(a^2) errors, tadpole weights"
path coefficients: npath  path_coeff  multiplicity
                    0      6.250000e-01     8
                    1      -5.847914e-02     8
                    2      -8.771871e-02     48
                    3      3.077829e-02     192
                    4      -7.199551e-03     384
                    5      -1.231132e-01     48
Symanzik 1x1 + 1x2 + 1x1x1 action
gauge_action: total_dyn_flavors = 3
loop coefficients: nloop rep loop_coeff  multiplicity
                    0 0      1.000000e+00     6
                    1 0      -7.762509e-02     12
                    2 0      -1.031171e-02     16
WARMUPS COMPLETED
CONGRAD5: time = 4.278948e-01 (fn F) masses = 1 iters = 602 mflops = 3.847624e+03
 OK converged final_rsq= 8.7e-11 (cf 1e-10) rel = 1 (cf 0) restarts = 3 iters= 602
CONGRAD5: time = 4.440150e-01 (fn F) masses = 1 iters = 602 mflops = 3.707934e+03
 OK converged final_rsq= 5.9e-11 (cf 1e-10) rel = 1 (cf 0) restarts = 3 iters= 602
GFTIME:   time = 9.431791e-02 (Symanzik1) mflops = 3.737585e+03
FFTIME:  time = 2.849660e-01 (asqtad3) terms = 2 mflops = 3.508707e+03
CONGRAD5: time = 4.773800e-01 (fn F) masses = 1 iters = 697 mflops = 3.993022e+03
 OK converged final_rsq= 1e-10 (cf 1e-10) rel = 1 (cf 0) restarts = 3 iters= 697
CONGRAD5: time = 4.126329e-01 (fn F) masses = 1 iters = 602 mflops = 3.989935e+03
 OK converged final_rsq= 8.1e-11 (cf 1e-10) rel = 1 (cf 0) restarts = 3 iters= 602
GFTIME:   time = 8.418703e-02 (Symanzik1) mflops = 4.187358e+03
FFTIME:  time = 2.849782e-01 (asqtad3) terms = 2 mflops = 3.508558e+03
CONGRAD5: time = 4.759259e-01 (fn F) masses = 1 iters = 696 mflops = 3.999476e+03
 OK converged final_rsq= 9.8e-11 (cf 1e-10) rel = 1 (cf 0) restarts = 3 iters= 696
CONGRAD5: time = 4.124770e-01 (fn F) masses = 1 iters = 602 mflops = 3.991443e+03
 OK converged final_rsq= 4.9e-11 (cf 1e-10) rel = 1 (cf 0) restarts = 3 iters= 602
GFTIME:   time = 8.429408e-02 (Symanzik1) mflops = 4.182040e+03
FFTIME:  time = 2.844651e-01 (asqtad3) terms = 2 mflops = 3.514886e+03
CONGRAD5: time = 5.048642e-01 (fn F) masses = 1 iters = 736 mflops = 3.986910e+03
 OK converged final_rsq= 5e-11 (cf 1e-10) rel = 1 (cf 0) restarts = 4 iters= 736
CONGRAD5: time = 4.121330e-01 (fn F) masses = 1 iters = 602 mflops = 3.994775e+03
 OK converged final_rsq= 6.1e-11 (cf 1e-10) rel = 1 (cf 0) restarts = 3 iters= 602
GFTIME:   time = 8.423805e-02 (Symanzik1) mflops = 4.184822e+03
FFTIME:  time = 2.853119e-01 (asqtad3) terms = 2 mflops = 3.504453e+03
CONGRAD5: time = 4.881349e-01 (fn F) masses = 1 iters = 712 mflops = 3.989086e+03
 OK converged final_rsq= 9.9e-11 (cf 1e-10) rel = 1 (cf 0) restarts = 3 iters= 712
CONGRAD5: time = 4.112508e-01 (fn F) masses = 1 iters = 602 mflops = 4.003344e+03
 OK converged final_rsq= 4.4e-11 (cf 1e-10) rel = 1 (cf 0) restarts = 3 iters= 602
GFTIME:   time = 8.444381e-02 (Symanzik1) mflops = 4.174625e+03
FFTIME:  time = 2.859960e-01 (asqtad3) terms = 2 mflops = 3.496071e+03
CONGRAD5: time = 4.944360e-01 (fn F) masses = 1 iters = 723 mflops = 3.999092e+03
 OK converged final_rsq= 9.9e-11 (cf 1e-10) rel = 1 (cf 0) restarts = 3 iters= 723
CONGRAD5: time = 4.753799e-01 (fn F) masses = 1 iters = 694 mflops = 3.992563e+03
 OK converged final_rsq= 9.9e-11 (cf 1e-10) rel = 1 (cf 0) restarts = 3 iters= 694
GFTIME:   time = 8.390808e-02 (Symanzik1) mflops = 4.201278e+03
FFTIME:  time = 2.833872e-01 (asqtad3) terms = 2 mflops = 3.528255e+03
CONGRAD5: time = 4.805660e-01 (fn F) masses = 1 iters = 702 mflops = 3.995004e+03
 OK converged final_rsq= 9.9e-11 (cf 1e-10) rel = 1 (cf 0) restarts = 3 iters= 702
CONGRAD5: time = 4.767108e-01 (fn F) masses = 1 iters = 691 mflops = 3.964206e+03
 OK converged final_rsq= 9.9e-11 (cf 1e-10) rel = 1 (cf 0) restarts = 3 iters= 691
GFTIME:   time = 9.368014e-02 (Symanzik1) mflops = 3.763030e+03
FFTIME:  time = 2.850070e-01 (asqtad3) terms = 2 mflops = 3.508203e+03
CONGRAD5: time = 5.115209e-01 (fn F) masses = 1 iters = 747 mflops = 3.993838e+03
 OK converged final_rsq= 5e-11 (cf 1e-10) rel = 1 (cf 0) restarts = 4 iters= 747
CONGRAD5: time = 4.791501e-01 (fn F) masses = 1 iters = 698 mflops = 3.983979e+03
 OK converged final_rsq= 9.9e-11 (cf 1e-10) rel = 1 (cf 0) restarts = 3 iters= 698
GFTIME:   time = 8.412004e-02 (Symanzik1) mflops = 4.190693e+03
FFTIME:  time = 2.832861e-01 (asqtad3) terms = 2 mflops = 3.529514e+03
CONGRAD5: time = 4.128518e-01 (fn F) masses = 1 iters = 602 mflops = 3.987819e+03
 OK converged final_rsq= 6.1e-11 (cf 1e-10) rel = 1 (cf 0) restarts = 3 iters= 602
CONGRAD5: time = 4.124649e-01 (fn F) masses = 1 iters = 602 mflops = 3.991561e+03
 OK converged final_rsq= 8.1e-11 (cf 1e-10) rel = 1 (cf 0) restarts = 3 iters= 602
GFTIME:   time = 8.428502e-02 (Symanzik1) mflops = 4.182490e+03
FFTIME:  time = 2.847810e-01 (asqtad3) terms = 2 mflops = 3.510987e+03
CONGRAD5: time = 5.315828e-01 (fn F) masses = 1 iters = 733 mflops = 3.771084e+03
 OK converged final_rsq= 1e-10 (cf 1e-10) rel = 1 (cf 0) restarts = 3 iters= 733
CONGRAD5: time = 4.725749e-01 (fn F) masses = 1 iters = 687 mflops = 3.975752e+03
 OK converged final_rsq= 5e-11 (cf 1e-10) rel = 1 (cf 0) restarts = 4 iters= 687
GFTIME:   time = 8.415818e-02 (Symanzik1) mflops = 4.188793e+03
FFTIME:  time = 2.835438e-01 (asqtad3) terms = 2 mflops = 3.526306e+03
CONGRAD5: time = 4.817560e-01 (fn F) masses = 1 iters = 702 mflops = 3.985136e+03
 OK converged final_rsq= 1e-10 (cf 1e-10) rel = 1 (cf 0) restarts = 3 iters= 702
CONGRAD5: time = 4.885490e-01 (fn F) masses = 1 iters = 714 mflops = 3.996900e+03
 OK converged final_rsq= 9.9e-11 (cf 1e-10) rel = 1 (cf 0) restarts = 3 iters= 714
GFTIME:   time = 8.462501e-02 (Symanzik1) mflops = 4.165686e+03
FFTIME:  time = 2.848809e-01 (asqtad3) terms = 2 mflops = 3.509756e+03
CONGRAD5: time = 5.058680e-01 (fn F) masses = 1 iters = 736 mflops = 3.978999e+03
 OK converged final_rsq= 5e-11 (cf 1e-10) rel = 1 (cf 0) restarts = 4 iters= 736
CONGRAD5: time = 4.817579e-01 (fn F) masses = 1 iters = 691 mflops = 3.922676e+03
 OK converged final_rsq= 1e-10 (cf 1e-10) rel = 1 (cf 0) restarts = 3 iters= 691
GFTIME:   time = 8.446503e-02 (Symanzik1) mflops = 4.173576e+03
FFTIME:  time = 2.846148e-01 (asqtad3) terms = 2 mflops = 3.513037e+03
CONGRAD5: time = 4.133420e-01 (fn F) masses = 1 iters = 602 mflops = 3.983090e+03
 OK converged final_rsq= 5.9e-11 (cf 1e-10) rel = 1 (cf 0) restarts = 3 iters= 602
CONGRAD5: time = 4.826269e-01 (fn F) masses = 1 iters = 704 mflops = 3.989278e+03
 OK converged final_rsq= 9.9e-11 (cf 1e-10) rel = 1 (cf 0) restarts = 3 iters= 704
GFTIME:   time = 8.429003e-02 (Symanzik1) mflops = 4.182241e+03
FFTIME:  time = 2.859430e-01 (asqtad3) terms = 2 mflops = 3.496718e+03
CONGRAD5: time = 4.962389e-01 (fn F) masses = 1 iters = 722 mflops = 3.979051e+03
 OK converged final_rsq= 1e-10 (cf 1e-10) rel = 1 (cf 0) restarts = 3 iters= 722
CONGRAD5: time = 4.900031e-01 (fn F) masses = 1 iters = 714 mflops = 3.985039e+03
 OK converged final_rsq= 9.9e-11 (cf 1e-10) rel = 1 (cf 0) restarts = 3 iters= 714
GFTIME:   time = 8.470607e-02 (Symanzik1) mflops = 4.161700e+03
FFTIME:  time = 2.842011e-01 (asqtad3) terms = 2 mflops = 3.518150e+03
CONGRAD5: time = 5.039568e-01 (fn F) masses = 1 iters = 734 mflops = 3.983235e+03
 OK converged final_rsq= 5e-11 (cf 1e-10) rel = 1 (cf 0) restarts = 4 iters= 734
CONGRAD5: time = 5.013769e-01 (fn F) masses = 1 iters = 730 mflops = 3.981913e+03
 OK converged final_rsq= 5e-11 (cf 1e-10) rel = 1 (cf 0) restarts = 4 iters= 730
GFTIME:   time = 8.493400e-02 (Symanzik1) mflops = 4.150531e+03
FFTIME:  time = 2.861221e-01 (asqtad3) terms = 2 mflops = 3.494530e+03
PLAQ:	1.539774	1.537947
P_LOOP:	2.137525e-02	-1.868548e-03
G_LOOP:  0  0  4   	1.540746e+00	( 0 1 7 6  )
G_LOOP:  0  1  4   	1.540140e+00	( 0 2 7 5  )
G_LOOP:  0  2  4   	1.541719e+00	( 0 3 7 4  )
G_LOOP:  0  3  4   	1.538434e+00	( 1 2 6 5  )
G_LOOP:  0  4  4   	1.537550e+00	( 1 3 6 4  )
G_LOOP:  0  5  4   	1.534573e+00	( 2 3 5 4  )
G_LOOP:  1  0  6   	7.790819e-01	( 0 0 1 7 7 6  )
G_LOOP:  1  1  6   	7.799391e-01	( 0 0 2 7 7 5  )
G_LOOP:  1  2  6   	7.791043e-01	( 0 0 3 7 7 4  )
G_LOOP:  1  3  6   	7.764447e-01	( 1 1 0 6 6 7  )
G_LOOP:  1  4  6   	7.782270e-01	( 1 1 2 6 6 5  )
G_LOOP:  1  5  6   	7.747586e-01	( 1 1 3 6 6 4  )
G_LOOP:  1  6  6   	7.836418e-01	( 2 2 0 5 5 7  )
G_LOOP:  1  7  6   	7.799032e-01	( 2 2 1 5 5 6  )
G_LOOP:  1  8  6   	7.734723e-01	( 2 2 3 5 5 4  )
G_LOOP:  1  9  6   	7.777085e-01	( 3 3 0 4 4 7  )
G_LOOP:  1  10  6   	7.756252e-01	( 3 3 1 4 4 6  )
G_LOOP:  1  11  6   	7.764703e-01	( 3 3 2 4 4 5  )
G_LOOP:  2  0  6   	7.994985e-01	( 0 1 2 7 6 5  )
G_LOOP:  2  1  6   	7.979915e-01	( 0 1 5 7 6 2  )
G_LOOP:  2  2  6   	7.953705e-01	( 0 6 2 7 1 5  )
G_LOOP:  2  3  6   	8.003053e-01	( 0 6 5 7 1 2  )
G_LOOP:  2  4  6   	8.009586e-01	( 0 1 3 7 6 4  )
G_LOOP:  2  5  6   	7.984360e-01	( 0 1 4 7 6 3  )
G_LOOP:  2  6  6   	7.979490e-01	( 0 6 3 7 1 4  )
G_LOOP:  2  7  6   	7.995333e-01	( 0 6 4 7 1 3  )
G_LOOP:  2  8  6   	7.957329e-01	( 0 2 3 7 5 4  )
G_LOOP:  2  9  6   	7.977878e-01	( 0 2 4 7 5 3  )
G_LOOP:  2  10  6   	7.963617e-01	( 0 5 3 7 2 4  )
G_LOOP:  2  11  6   	7.972991e-01	( 0 5 4 7 2 3  )
G_LOOP:  2  12  6   	7.945366e-01	( 1 2 3 6 5 4  )
G_LOOP:  2  13  6   	8.011747e-01	( 1 2 4 6 5 3  )
G_LOOP:  2  14  6   	7.986753e-01	( 1 5 3 6 2 4  )
G_LOOP:  2  15  6   	7.990682e-01	( 1 5 4 6 2 3  )
GACTION: 6.333642e+00
CONGRAD5: time = 4.858210e-01 (fn F) masses = 1 iters = 710 mflops = 3.996826e+03
 OK converged final_rsq= 9.9e-11 (cf 1e-10) rel = 1 (cf 0) restarts = 3 iters= 710
CONGRAD5: time = 5.566382e-02 (fn F) masses = 1 iters = 79 mflops = 3.881390e+03
 OK converged final_rsq= 9.7e-11 (cf 1e-10) rel = 1 (cf 0) restarts = 1 iters= 79
PBP: mass 1.000000e-02     5.439549e-02  3.149370e-02  7.460282e-03  7.456457e-03 ( 1 of 1 )
FACTION: mass = 1.000000e-02,  1.500299e+00 ( 1 of 1 )
CONGRAD5: time = 4.811661e-01 (fn F) masses = 1 iters = 701 mflops = 3.984338e+03
 OK converged final_rsq= 5e-11 (cf 1e-10) rel = 1 (cf 0) restarts = 4 iters= 701
CONGRAD5: time = 5.150604e-02 (fn F) masses = 1 iters = 73 mflops = 3.876126e+03
 OK converged final_rsq= 9.9e-11 (cf 1e-10) rel = 1 (cf 0) restarts = 1 iters= 73
PBP: mass 1.000000e-02     5.045901e-02  4.403169e-02  -3.122000e-03  -3.124954e-03 ( 1 of 1 )
FACTION: mass = 1.000000e-02,  1.498603e+00 ( 1 of 1 )
CONGRAD5: time = 4.966810e-01 (fn F) masses = 1 iters = 724 mflops = 3.986523e+03
 OK converged final_rsq= 9.8e-11 (cf 1e-10) rel = 1 (cf 0) restarts = 3 iters= 724
CONGRAD5: time = 4.706790e-01 (fn F) masses = 1 iters = 685 mflops = 3.980145e+03
 OK converged final_rsq= 9.8e-11 (cf 1e-10) rel = 1 (cf 0) restarts = 3 iters= 685
GFTIME:   time = 8.455992e-02 (Symanzik1) mflops = 4.168893e+03
FFTIME:  time = 2.840490e-01 (asqtad3) terms = 2 mflops = 3.520034e+03
CONGRAD5: time = 5.130491e-01 (fn F) masses = 1 iters = 746 mflops = 3.976611e+03
 OK converged final_rsq= 5e-11 (cf 1e-10) rel = 1 (cf 0) restarts = 4 iters= 746
CONGRAD5: time = 4.139481e-01 (fn F) masses = 1 iters = 602 mflops = 3.977259e+03
 OK converged final_rsq= 7.6e-11 (cf 1e-10) rel = 1 (cf 0) restarts = 3 iters= 602
GFTIME:   time = 8.481216e-02 (Symanzik1) mflops = 4.156494e+03
FFTIME:  time = 2.849209e-01 (asqtad3) terms = 2 mflops = 3.509262e+03
CONGRAD5: time = 5.009370e-01 (fn F) masses = 1 iters = 729 mflops = 3.979950e+03
 OK converged final_rsq= 5e-11 (cf 1e-10) rel = 1 (cf 0) restarts = 4 iters= 729
CONGRAD5: time = 4.881840e-01 (fn F) masses = 1 iters = 711 mflops = 3.983082e+03
 OK converged final_rsq= 5e-11 (cf 1e-10) rel = 1 (cf 0) restarts = 4 iters= 711
GFTIME:   time = 8.477712e-02 (Symanzik1) mflops = 4.158212e+03
FFTIME:  time = 2.851069e-01 (asqtad3) terms = 2 mflops = 3.506973e+03
CONGRAD5: time = 4.800899e-01 (fn F) masses = 1 iters = 699 mflops = 3.981877e+03
 OK converged final_rsq= 5e-11 (cf 1e-10) rel = 1 (cf 0) restarts = 4 iters= 699
CONGRAD5: time = 4.923439e-01 (fn F) masses = 1 iters = 719 mflops = 3.993866e+03
 OK converged final_rsq= 1e-10 (cf 1e-10) rel = 1 (cf 0) restarts = 3 iters= 719
GFTIME:   time = 8.448195e-02 (Symanzik1) mflops = 4.172740e+03
FFTIME:  time = 2.848661e-01 (asqtad3) terms = 2 mflops = 3.509938e+03
CONGRAD5: time = 5.020461e-01 (fn F) masses = 1 iters = 731 mflops = 3.982052e+03
 OK converged final_rsq= 1e-10 (cf 1e-10) rel = 1 (cf 0) restarts = 3 iters= 731
CONGRAD5: time = 4.685011e-01 (fn F) masses = 1 iters = 683 mflops = 3.986973e+03
 OK converged final_rsq= 5e-11 (cf 1e-10) rel = 1 (cf 0) restarts = 4 iters= 683
GFTIME:   time = 8.436990e-02 (Symanzik1) mflops = 4.178282e+03
FFTIME:  time = 2.832780e-01 (asqtad3) terms = 2 mflops = 3.529615e+03
CONGRAD5: time = 5.291119e-01 (fn F) masses = 1 iters = 771 mflops = 3.985108e+03
 OK converged final_rsq= 5e-11 (cf 1e-10) rel = 1 (cf 0) restarts = 4 iters= 771
CONGRAD5: time = 4.866710e-01 (fn F) masses = 1 iters = 712 mflops = 4.001085e+03
 OK converged final_rsq= 1e-10 (cf 1e-10) rel = 1 (cf 0) restarts = 3 iters= 712
GFTIME:   time = 8.414507e-02 (Symanzik1) mflops = 4.189446e+03
FFTIME:  time = 2.835801e-01 (asqtad3) terms = 2 mflops = 3.525855e+03
CONGRAD5: time = 4.905841e-01 (fn F) masses = 1 iters = 714 mflops = 3.980319e+03
 OK converged final_rsq= 5e-11 (cf 1e-10) rel = 1 (cf 0) restarts = 4 iters= 714
CONGRAD5: time = 4.135931e-01 (fn F) masses = 1 iters = 602 mflops = 3.980673e+03
 OK converged final_rsq= 7.4e-11 (cf 1e-10) rel = 1 (cf 0) restarts = 3 iters= 602
GFTIME:   time = 8.469510e-02 (Symanzik1) mflops = 4.162239e+03
FFTIME:  time = 2.849510e-01 (asqtad3) terms = 2 mflops = 3.508892e+03
CONGRAD5: time = 5.041339e-01 (fn F) masses = 1 iters = 735 mflops = 3.987260e+03
 OK converged final_rsq= 9.8e-11 (cf 1e-10) rel = 1 (cf 0) restarts = 3 iters= 735
CONGRAD5: time = 4.836700e-01 (fn F) masses = 1 iters = 706 mflops = 3.991984e+03
 OK converged final_rsq= 5e-11 (cf 1e-10) rel = 1 (cf 0) restarts = 4 iters= 706
GFTIME:   time = 8.432198e-02 (Symanzik1) mflops = 4.180657e+03
FFTIME:  time = 2.849710e-01 (asqtad3) terms = 2 mflops = 3.508646e+03
CONGRAD5: time = 4.950659e-01 (fn F) masses = 1 iters = 721 mflops = 3.982955e+03
 OK converged final_rsq= 5e-11 (cf 1e-10) rel = 1 (cf 0) restarts = 4 iters= 721
CONGRAD5: time = 5.125968e-01 (fn F) masses = 1 iters = 747 mflops = 3.985455e+03
 OK converged final_rsq= 5e-11 (cf 1e-10) rel = 1 (cf 0) restarts = 4 iters= 747
GFTIME:   time = 8.403802e-02 (Symanzik1) mflops = 4.194783e+03
FFTIME:  time = 2.831461e-01 (asqtad3) terms = 2 mflops = 3.531259e+03
CONGRAD5: time = 5.069580e-01 (fn F) masses = 1 iters = 739 mflops = 3.986627e+03
 OK converged final_rsq= 5e-11 (cf 1e-10) rel = 1 (cf 0) restarts = 4 iters= 739
CONGRAD5: time = 4.715512e-01 (fn F) masses = 1 iters = 688 mflops = 3.990183e+03
 OK converged final_rsq= 9.9e-11 (cf 1e-10) rel = 1 (cf 0) restarts = 3 iters= 688
GFTIME:   time = 8.456016e-02 (Symanzik1) mflops = 4.168881e+03
FFTIME:  time = 2.836809e-01 (asqtad3) terms = 2 mflops = 3.524602e+03
CONGRAD5: time = 5.110888e-01 (fn F) masses = 1 iters = 745 mflops = 3.986512e+03
 OK converged final_rsq= 5e-11 (cf 1e-10) rel = 1 (cf 0) restarts = 4 iters= 745
CONGRAD5: time = 5.125029e-01 (fn F) masses = 1 iters = 716 mflops = 3.820761e+03
 OK converged final_rsq= 1e-10 (cf 1e-10) rel = 1 (cf 0) restarts = 3 iters= 716
GFTIME:   time = 9.286404e-02 (Symanzik1) mflops = 3.796101e+03
FFTIME:  time = 2.857060e-01 (asqtad3) terms = 2 mflops = 3.499619e+03
CONGRAD5: time = 5.295930e-01 (fn F) masses = 1 iters = 772 mflops = 3.986651e+03
 OK converged final_rsq= 5e-11 (cf 1e-10) rel = 1 (cf 0) restarts = 4 iters= 772
CONGRAD5: time = 5.015688e-01 (fn F) masses = 1 iters = 733 mflops = 3.996747e+03
 OK converged final_rsq= 5e-11 (cf 1e-10) rel = 1 (cf 0) restarts = 4 iters= 733
GFTIME:   time = 8.417702e-02 (Symanzik1) mflops = 4.187856e+03
FFTIME:  time = 2.842000e-01 (asqtad3) terms = 2 mflops = 3.518165e+03
CONGRAD5: time = 4.956100e-01 (fn F) masses = 1 iters = 721 mflops = 3.978583e+03
 OK converged final_rsq= 5e-11 (cf 1e-10) rel = 1 (cf 0) restarts = 4 iters= 721
CONGRAD5: time = 4.962761e-01 (fn F) masses = 1 iters = 724 mflops = 3.989775e+03
 OK converged final_rsq= 5e-11 (cf 1e-10) rel = 1 (cf 0) restarts = 4 iters= 724
GFTIME:   time = 8.429503e-02 (Symanzik1) mflops = 4.181993e+03
FFTIME:  time = 2.834558e-01 (asqtad3) terms = 2 mflops = 3.527400e+03
CONGRAD5: time = 5.503201e-01 (fn F) masses = 1 iters = 759 mflops = 3.771895e+03
 OK converged final_rsq= 5e-11 (cf 1e-10) rel = 1 (cf 0) restarts = 4 iters= 759
CONGRAD5: time = 4.977200e-01 (fn F) masses = 1 iters = 727 mflops = 3.994685e+03
 OK converged final_rsq= 1e-10 (cf 1e-10) rel = 1 (cf 0) restarts = 3 iters= 727
GFTIME:   time = 8.434105e-02 (Symanzik1) mflops = 4.179711e+03
FFTIME:  time = 2.843330e-01 (asqtad3) terms = 2 mflops = 3.516519e+03
CONGRAD5: time = 5.169621e-01 (fn F) masses = 1 iters = 754 mflops = 3.988833e+03
 OK converged final_rsq= 4.9e-11 (cf 1e-10) rel = 1 (cf 0) restarts = 4 iters= 754
CONGRAD5: time = 4.129310e-01 (fn F) masses = 1 iters = 602 mflops = 3.987055e+03
 OK converged final_rsq= 9.2e-11 (cf 1e-10) rel = 1 (cf 0) restarts = 3 iters= 602
GFTIME:   time = 8.427382e-02 (Symanzik1) mflops = 4.183046e+03
FFTIME:  time = 2.867351e-01 (asqtad3) terms = 2 mflops = 3.487060e+03
PLAQ:	1.497626	1.498130
P_LOOP:	1.991909e-02	-1.379642e-02
G_LOOP:  0  0  4   	1.497047e+00	( 0 1 7 6  )
G_LOOP:  0  1  4   	1.498616e+00	( 0 2 7 5  )
G_LOOP:  0  2  4   	1.498145e+00	( 0 3 7 4  )
G_LOOP:  0  3  4   	1.497214e+00	( 1 2 6 5  )
G_LOOP:  0  4  4   	1.496954e+00	( 1 3 6 4  )
G_LOOP:  0  5  4   	1.499291e+00	( 2 3 5 4  )
G_LOOP:  1  0  6   	7.398073e-01	( 0 0 1 7 7 6  )
G_LOOP:  1  1  6   	7.422374e-01	( 0 0 2 7 7 5  )
G_LOOP:  1  2  6   	7.394495e-01	( 0 0 3 7 7 4  )
G_LOOP:  1  3  6   	7.382840e-01	( 1 1 0 6 6 7  )
G_LOOP:  1  4  6   	7.365532e-01	( 1 1 2 6 6 5  )
G_LOOP:  1  5  6   	7.371902e-01	( 1 1 3 6 6 4  )
G_LOOP:  1  6  6   	7.456752e-01	( 2 2 0 5 5 7  )
G_LOOP:  1  7  6   	7.428936e-01	( 2 2 1 5 5 6  )
G_LOOP:  1  8  6   	7.390187e-01	( 2 2 3 5 5 4  )
G_LOOP:  1  9  6   	7.398111e-01	( 3 3 0 4 4 7  )
G_LOOP:  1  10  6   	7.389642e-01	( 3 3 1 4 4 6  )
G_LOOP:  1  11  6   	7.400356e-01	( 3 3 2 4 4 5  )
G_LOOP:  2  0  6   	7.607733e-01	( 0 1 2 7 6 5  )
G_LOOP:  2  1  6   	7.581736e-01	( 0 1 5 7 6 2  )
G_LOOP:  2  2  6   	7.537819e-01	( 0 6 2 7 1 5  )
G_LOOP:  2  3  6   	7.623529e-01	( 0 6 5 7 1 2  )
G_LOOP:  2  4  6   	7.597389e-01	( 0 1 3 7 6 4  )
G_LOOP:  2  5  6   	7.537096e-01	( 0 1 4 7 6 3  )
G_LOOP:  2  6  6   	7.572606e-01	( 0 6 3 7 1 4  )
G_LOOP:  2  7  6   	7.594713e-01	( 0 6 4 7 1 3  )
G_LOOP:  2  8  6   	7.558015e-01	( 0 2 3 7 5 4  )
G_LOOP:  2  9  6   	7.618569e-01	( 0 2 4 7 5 3  )
G_LOOP:  2  10  6   	7.589309e-01	( 0 5 3 7 2 4  )
G_LOOP:  2  11  6   	7.602545e-01	( 0 5 4 7 2 3  )
G_LOOP:  2  12  6   	7.595571e-01	( 1 2 3 6 5 4  )
G_LOOP:  2  13  6   	7.632494e-01	( 1 2 4 6 5 3  )
G_LOOP:  2  14  6   	7.579410e-01	( 1 5 3 6 2 4  )
G_LOOP:  2  15  6   	7.601606e-01	( 1 5 4 6 2 3  )
GACTION: 6.537787e+00
CONGRAD5: time = 4.127090e-01 (fn F) masses = 1 iters = 602 mflops = 3.989199e+03
 OK converged final_rsq= 1e-10 (cf 1e-10) rel = 1 (cf 0) restarts = 3 iters= 602
CONGRAD5: time = 9.265614e-02 (fn F) masses = 1 iters = 133 mflops = 3.925642e+03
 OK converged final_rsq= 5e-11 (cf 1e-10) rel = 1 (cf 0) restarts = 2 iters= 133
PBP: mass 1.000000e-02     4.180596e-02  5.650046e-02  6.282065e-03  6.257703e-03 ( 1 of 1 )
FACTION: mass = 1.000000e-02,  1.499623e+00 ( 1 of 1 )
CONGRAD5: time = 4.926169e-01 (fn F) masses = 1 iters = 709 mflops = 3.936136e+03
 OK converged final_rsq= 5e-11 (cf 1e-10) rel = 1 (cf 0) restarts = 4 iters= 709
CONGRAD5: time = 5.259991e-02 (fn F) masses = 1 iters = 75 mflops = 3.899505e+03
 OK converged final_rsq= 1e-10 (cf 1e-10) rel = 1 (cf 0) restarts = 1 iters= 75
PBP: mass 1.000000e-02     4.935784e-02  4.621076e-02  -8.936203e-03  -8.936002e-03 ( 1 of 1 )
FACTION: mass = 1.000000e-02,  1.495237e+00 ( 1 of 1 )
CONGRAD5: time = 5.181179e-01 (fn F) masses = 1 iters = 758 mflops = 4.001048e+03
 OK converged final_rsq= 5e-11 (cf 1e-10) rel = 1 (cf 0) restarts = 4 iters= 758
CONGRAD5: time = 5.016229e-01 (fn F) masses = 1 iters = 735 mflops = 4.007220e+03
 OK converged final_rsq= 1e-10 (cf 1e-10) rel = 1 (cf 0) restarts = 3 iters= 735
GFTIME:   time = 8.400702e-02 (Symanzik1) mflops = 4.196330e+03
FFTIME:  time = 2.827969e-01 (asqtad3) terms = 2 mflops = 3.535620e+03
CONGRAD5: time = 5.195150e-01 (fn F) masses = 1 iters = 759 mflops = 3.995553e+03
 OK converged final_rsq= 9.9e-11 (cf 1e-10) rel = 1 (cf 0) restarts = 3 iters= 759
CONGRAD5: time = 4.740119e-01 (fn F) masses = 1 iters = 693 mflops = 3.998317e+03
 OK converged final_rsq= 9.9e-11 (cf 1e-10) rel = 1 (cf 0) restarts = 3 iters= 693
GFTIME:   time = 8.509493e-02 (Symanzik1) mflops = 4.142682e+03
FFTIME:  time = 2.839339e-01 (asqtad3) terms = 2 mflops = 3.521462e+03
CONGRAD5: time = 5.304508e-01 (fn F) masses = 1 iters = 777 mflops = 4.005983e+03
 OK converged final_rsq= 1e-10 (cf 1e-10) rel = 1 (cf 0) restarts = 3 iters= 777
CONGRAD5: time = 4.881630e-01 (fn F) masses = 1 iters = 715 mflops = 4.005663e+03
 OK converged final_rsq= 1e-10 (cf 1e-10) rel = 1 (cf 0) restarts = 3 iters= 715
GFTIME:   time = 8.381891e-02 (Symanzik1) mflops = 4.205748e+03
FFTIME:  time = 2.838230e-01 (asqtad3) terms = 2 mflops = 3.522837e+03
CONGRAD5: time = 5.167890e-01 (fn F) masses = 1 iters = 755 mflops = 3.995461e+03
 OK converged final_rsq= 4.9e-11 (cf 1e-10) rel = 1 (cf 0) restarts = 4 iters= 755
CONGRAD5: time = 4.840472e-01 (fn F) masses = 1 iters = 709 mflops = 4.005823e+03
 OK converged final_rsq= 9.9e-11 (cf 1e-10) rel = 1 (cf 0) restarts = 3 iters= 709
GFTIME:   time = 8.411384e-02 (Symanzik1) mflops = 4.191002e+03
FFTIME:  time = 2.841899e-01 (asqtad3) terms = 2 mflops = 3.518289e+03
CONGRAD5: time = 5.263269e-01 (fn F) masses = 1 iters = 769 mflops = 3.995802e+03
 OK converged final_rsq= 5e-11 (cf 1e-10) rel = 1 (cf 0) restarts = 4 iters= 769
CONGRAD5: time = 5.026131e-01 (fn F) masses = 1 iters = 737 mflops = 4.010208e+03
 OK converged final_rsq= 1e-10 (cf 1e-10) rel = 1 (cf 0) restarts = 3 iters= 737
GFTIME:   time = 8.387899e-02 (Symanzik1) mflops = 4.202735e+03
FFTIME:  time = 2.838631e-01 (asqtad3) terms = 2 mflops = 3.522340e+03
CONGRAD5: time = 5.119350e-01 (fn F) masses = 1 iters = 749 mflops = 4.001292e+03
 OK converged final_rsq= 1e-10 (cf 1e-10) rel = 1 (cf 0) restarts = 3 iters= 749
CONGRAD5: time = 5.143290e-01 (fn F) masses = 1 iters = 752 mflops = 3.998619e+03
 OK converged final_rsq= 5e-11 (cf 1e-10) rel = 1 (cf 0) restarts = 4 iters= 752
GFTIME:   time = 8.416009e-02 (Symanzik1) mflops = 4.188698e+03
FFTIME:  time = 2.857811e-01 (asqtad3) terms = 2 mflops = 3.498699e+03
CONGRAD5: time = 5.202460e-01 (fn F) masses = 1 iters = 761 mflops = 4.000452e+03
 OK converged final_rsq= 5e-11 (cf 1e-10) rel = 1 (cf 0) restarts = 4 iters= 761
CONGRAD5: time = 5.386031e-01 (fn F) masses = 1 iters = 731 mflops = 3.711776e+03
 OK converged final_rsq= 1e-10 (cf 1e-10) rel = 1 (cf 0) restarts = 3 iters= 731
GFTIME:   time = 9.408712e-02 (Symanzik1) mflops = 3.746753e+03
FFTIME:  time = 2.850130e-01 (asqtad3) terms = 2 mflops = 3.508129e+03
CONGRAD5: time = 5.143478e-01 (fn F) masses = 1 iters = 750 mflops = 3.987839e+03
 OK converged final_rsq= 4.9e-11 (cf 1e-10) rel = 1 (cf 0) restarts = 4 iters= 750
CONGRAD5: time = 5.303171e-01 (fn F) masses = 1 iters = 735 mflops = 3.790399e+03
 OK converged final_rsq= 5e-11 (cf 1e-10) rel = 1 (cf 0) restarts = 4 iters= 735
GFTIME:   time = 8.378601e-02 (Symanzik1) mflops = 4.207399e+03
FFTIME:  time = 2.853091e-01 (asqtad3) terms = 2 mflops = 3.504488e+03
CONGRAD5: time = 5.349500e-01 (fn F) masses = 1 iters = 782 mflops = 3.997852e+03
 OK converged final_rsq= 4.9e-11 (cf 1e-10) rel = 1 (cf 0) restarts = 4 iters= 782
CONGRAD5: time = 5.246031e-01 (fn F) masses = 1 iters = 767 mflops = 3.998505e+03
 OK converged final_rsq= 5e-11 (cf 1e-10) rel = 1 (cf 0) restarts = 4 iters= 767
GFTIME:   time = 8.404803e-02 (Symanzik1) mflops = 4.194283e+03
FFTIME:  time = 2.835770e-01 (asqtad3) terms = 2 mflops = 3.525894e+03
CONGRAD5: time = 5.215940e-01 (fn F) masses = 1 iters = 762 mflops = 3.995357e+03
 OK converged final_rsq= 5e-11 (cf 1e-10) rel = 1 (cf 0) restarts = 4 iters= 762
CONGRAD5: time = 4.970038e-01 (fn F) masses = 1 iters = 725 mflops = 3.989436e+03
 OK converged final_rsq= 9.9e-11 (cf 1e-10) rel = 1 (cf 0) restarts = 3 iters= 725
GFTIME:   time = 8.434606e-02 (Symanzik1) mflops = 4.179463e+03
FFTIME:  time = 2.836001e-01 (asqtad3) terms = 2 mflops = 3.525606e+03
CONGRAD5: time = 5.184340e-01 (fn F) masses = 1 iters = 756 mflops = 3.988058e+03
 OK converged final_rsq= 5e-11 (cf 1e-10) rel = 1 (cf 0) restarts = 4 iters= 756
CONGRAD5: time = 5.232420e-01 (fn F) masses = 1 iters = 766 mflops = 4.003680e+03
 OK converged final_rsq= 5e-11 (cf 1e-10) rel = 1 (cf 0) restarts = 4 iters= 766
GFTIME:   time = 8.360600e-02 (Symanzik1) mflops = 4.216458e+03
FFTIME:  time = 2.836461e-01 (asqtad3) terms = 2 mflops = 3.525034e+03
CONGRAD5: time = 5.188529e-01 (fn F) masses = 1 iters = 757 mflops = 3.990109e+03
 OK converged final_rsq= 5e-11 (cf 1e-10) rel = 1 (cf 0) restarts = 4 iters= 757
CONGRAD5: time = 4.889719e-01 (fn F) masses = 1 iters = 715 mflops = 3.999036e+03
 OK converged final_rsq= 5e-11 (cf 1e-10) rel = 1 (cf 0) restarts = 4 iters= 715
GFTIME:   time = 8.406711e-02 (Symanzik1) mflops = 4.193331e+03
FFTIME:  time = 2.841549e-01 (asqtad3) terms = 2 mflops = 3.518723e+03
CONGRAD5: time = 5.306020e-01 (fn F) masses = 1 iters = 774 mflops = 3.989379e+03
 OK converged final_rsq= 5e-11 (cf 1e-10) rel = 1 (cf 0) restarts = 4 iters= 774
CONGRAD5: time = 4.913261e-01 (fn F) masses = 1 iters = 719 mflops = 4.002140e+03
 OK converged final_rsq= 1e-10 (cf 1e-10) rel = 1 (cf 0) restarts = 3 iters= 719
GFTIME:   time = 8.451986e-02 (Symanzik1) mflops = 4.170868e+03
FFTIME:  time = 2.831349e-01 (asqtad3) terms = 2 mflops = 3.531398e+03
CONGRAD5: time = 5.360520e-01 (fn F) masses = 1 iters = 783 mflops = 3.994736e+03
 OK converged final_rsq= 5e-11 (cf 1e-10) rel = 1 (cf 0) restarts = 4 iters= 783
CONGRAD5: time = 5.053229e-01 (fn F) masses = 1 iters = 738 mflops = 3.994115e+03
 OK converged final_rsq= 5e-11 (cf 1e-10) rel = 1 (cf 0) restarts = 4 iters= 738
GFTIME:   time = 8.473587e-02 (Symanzik1) mflops = 4.160236e+03
FFTIME:  time = 2.839360e-01 (asqtad3) terms = 2 mflops = 3.521435e+03
CONGRAD5: time = 5.373409e-01 (fn F) masses = 1 iters = 781 mflops = 3.974974e+03
 OK converged final_rsq= 5e-11 (cf 1e-10) rel = 1 (cf 0) restarts = 4 iters= 781
CONGRAD5: time = 5.045211e-01 (fn F) masses = 1 iters = 737 mflops = 3.995042e+03
 OK converged final_rsq= 1e-10 (cf 1e-10) rel = 1 (cf 0) restarts = 3 iters= 737
GFTIME:   time = 8.393002e-02 (Symanzik1) mflops = 4.200181e+03
FFTIME:  time = 2.860811e-01 (asqtad3) terms = 2 mflops = 3.495031e+03
PLAQ:	1.473963	1.473385
P_LOOP:	-7.764093e-03	6.219712e-03
G_LOOP:  0  0  4   	1.474057e+00	( 0 1 7 6  )
G_LOOP:  0  1  4   	1.476495e+00	( 0 2 7 5  )
G_LOOP:  0  2  4   	1.473365e+00	( 0 3 7 4  )
G_LOOP:  0  3  4   	1.471338e+00	( 1 2 6 5  )
G_LOOP:  0  4  4   	1.472826e+00	( 1 3 6 4  )
G_LOOP:  0  5  4   	1.473963e+00	( 2 3 5 4  )
G_LOOP:  1  0  6   	7.133980e-01	( 0 0 1 7 7 6  )
G_LOOP:  1  1  6   	7.231318e-01	( 0 0 2 7 7 5  )
G_LOOP:  1  2  6   	7.177161e-01	( 0 0 3 7 7 4  )
G_LOOP:  1  3  6   	7.170766e-01	( 1 1 0 6 6 7  )
G_LOOP:  1  4  6   	7.130472e-01	( 1 1 2 6 6 5  )
G_LOOP:  1  5  6   	7.151839e-01	( 1 1 3 6 6 4  )
G_LOOP:  1  6  6   	7.140978e-01	( 2 2 0 5 5 7  )
G_LOOP:  1  7  6   	7.130462e-01	( 2 2 1 5 5 6  )
G_LOOP:  1  8  6   	7.153132e-01	( 2 2 3 5 5 4  )
G_LOOP:  1  9  6   	7.117251e-01	( 3 3 0 4 4 7  )
G_LOOP:  1  10  6   	7.125768e-01	( 3 3 1 4 4 6  )
G_LOOP:  1  11  6   	7.086897e-01	( 3 3 2 4 4 5  )
G_LOOP:  2  0  6   	7.351040e-01	( 0 1 2 7 6 5  )
G_LOOP:  2  1  6   	7.280939e-01	( 0 1 5 7 6 2  )
G_LOOP:  2  2  6   	7.308180e-01	( 0 6 2 7 1 5  )
G_LOOP:  2  3  6   	7.304092e-01	( 0 6 5 7 1 2  )
G_LOOP:  2  4  6   	7.341810e-01	( 0 1 3 7 6 4  )
G_LOOP:  2  5  6   	7.318136e-01	( 0 1 4 7 6 3  )
G_LOOP:  2  6  6   	7.295944e-01	( 0 6 3 7 1 4  )
G_LOOP:  2  7  6   	7.277577e-01	( 0 6 4 7 1 3  )
G_LOOP:  2  8  6   	7.329565e-01	( 0 2 3 7 5 4  )
G_LOOP:  2  9  6   	7.324030e-01	( 0 2 4 7 5 3  )
G_LOOP:  2  10  6   	7.299320e-01	( 0 5 3 7 2 4  )
G_LOOP:  2  11  6   	7.308683e-01	( 0 5 4 7 2 3  )
G_LOOP:  2  12  6   	7.322426e-01	( 1 2 3 6 5 4  )
G_LOOP:  2  13  6   	7.340319e-01	( 1 2 4 6 5 3  )
G_LOOP:  2  14  6   	7.346669e-01	( 1 5 3 6 2 4  )
G_LOOP:  2  15  6   	7.309851e-01	( 1 5 4 6 2 3  )
GACTION: 6.654834e+00
CONGRAD5: time = 4.115372e-01 (fn F) masses = 1 iters = 602 mflops = 4.000558e+03
 OK converged final_rsq= 7.5e-11 (cf 1e-10) rel = 1 (cf 0) restarts = 3 iters= 602
CONGRAD5: time = 9.059906e-02 (fn F) masses = 1 iters = 130 mflops = 3.924216e+03
 OK converged final_rsq= 5e-11 (cf 1e-10) rel = 1 (cf 0) restarts = 2 iters= 130
PBP: mass 1.000000e-02     5.172191e-02  3.967773e-02  -4.749448e-03  -4.752535e-03 ( 1 of 1 )
FACTION: mass = 1.000000e-02,  1.499391e+00 ( 1 of 1 )
CONGRAD5: time = 5.058308e-01 (fn F) masses = 1 iters = 740 mflops = 4.000918e+03
 OK converged final_rsq= 5e-11 (cf 1e-10) rel = 1 (cf 0) restarts = 4 iters= 740
CONGRAD5: time = 5.467105e-02 (fn F) masses = 1 iters = 78 mflops = 3.901848e+03
 OK converged final_rsq= 9.9e-11 (cf 1e-10) rel = 1 (cf 0) restarts = 1 iters= 78
PBP: mass 1.000000e-02     4.471490e-02  6.322165e-02  -1.728046e-04  -1.750247e-04 ( 1 of 1 )
FACTION: mass = 1.000000e-02,  1.497018e+00 ( 1 of 1 )
CONGRAD5: time = 5.253220e-01 (fn F) masses = 1 iters = 768 mflops = 3.998240e+03
 OK converged final_rsq= 4.9e-11 (cf 1e-10) rel = 1 (cf 0) restarts = 4 iters= 768
CONGRAD5: time = 4.959519e-01 (fn F) masses = 1 iters = 727 mflops = 4.008926e+03
 OK converged final_rsq= 9.9e-11 (cf 1e-10) rel = 1 (cf 0) restarts = 3 iters= 727
GFTIME:   time = 8.383703e-02 (Symanzik1) mflops = 4.204839e+03
FFTIME:  time = 2.869029e-01 (asqtad3) terms = 2 mflops = 3.485020e+03
CONGRAD5: time = 5.398159e-01 (fn F) masses = 1 iters = 787 mflops = 3.987147e+03
 OK converged final_rsq= 5e-11 (cf 1e-10) rel = 1 (cf 0) restarts = 4 iters= 787
CONGRAD5: time = 5.286939e-01 (fn F) masses = 1 iters = 772 mflops = 3.993431e+03
 OK converged final_rsq= 5e-11 (cf 1e-10) rel = 1 (cf 0) restarts = 4 iters= 772
GFTIME:   time = 8.389306e-02 (Symanzik1) mflops = 4.202031e+03
FFTIME:  time = 2.847781e-01 (asqtad3) terms = 2 mflops = 3.511022e+03
CONGRAD5: time = 5.378909e-01 (fn F) masses = 1 iters = 785 mflops = 3.991247e+03
 OK converged final_rsq= 1e-10 (cf 1e-10) rel = 1 (cf 0) restarts = 3 iters= 785
CONGRAD5: time = 5.025830e-01 (fn F) masses = 1 iters = 734 mflops = 3.994123e+03
 OK converged final_rsq= 5e-11 (cf 1e-10) rel = 1 (cf 0) restarts = 4 iters= 734
GFTIME:   time = 8.434081e-02 (Symanzik1) mflops = 4.179723e+03
FFTIME:  time = 2.861831e-01 (asqtad3) terms = 2 mflops = 3.493785e+03
CONGRAD5: time = 5.350120e-01 (fn F) masses = 1 iters = 774 mflops = 3.956495e+03
 OK converged final_rsq= 5e-11 (cf 1e-10) rel = 1 (cf 0) restarts = 4 iters= 774
CONGRAD5: time = 5.048251e-01 (fn F) masses = 1 iters = 738 mflops = 3.998054e+03
 OK converged final_rsq= 1e-10 (cf 1e-10) rel = 1 (cf 0) restarts = 3 iters= 738
GFTIME:   time = 8.467603e-02 (Symanzik1) mflops = 4.163176e+03
FFTIME:  time = 2.849619e-01 (asqtad3) terms = 2 mflops = 3.508757e+03
CONGRAD5: time = 5.238781e-01 (fn F) masses = 1 iters = 766 mflops = 3.998819e+03
 OK converged final_rsq= 5e-11 (cf 1e-10) rel = 1 (cf 0) restarts = 4 iters= 766
CONGRAD5: time = 5.018761e-01 (fn F) masses = 1 iters = 734 mflops = 3.999749e+03
 OK converged final_rsq= 9.9e-11 (cf 1e-10) rel = 1 (cf 0) restarts = 3 iters= 734
GFTIME:   time = 8.429480e-02 (Symanzik1) mflops = 4.182004e+03
FFTIME:  time = 2.859149e-01 (asqtad3) terms = 2 mflops = 3.497063e+03
CONGRAD5: time = 5.310051e-01 (fn F) masses = 1 iters = 775 mflops = 3.991500e+03
 OK converged final_rsq= 5e-11 (cf 1e-10) rel = 1 (cf 0) restarts = 4 iters= 775
CONGRAD5: time = 5.069919e-01 (fn F) masses = 1 iters = 742 mflops = 4.002544e+03
 OK converged final_rsq= 5e-11 (cf 1e-10) rel = 1 (cf 0) restarts = 4 iters= 742
GFTIME:   time = 8.382392e-02 (Symanzik1) mflops = 4.205497e+03
FFTIME:  time = 2.834070e-01 (asqtad3) terms = 2 mflops = 3.528009e+03
CONGRAD5: time = 5.389819e-01 (fn F) masses = 1 iters = 786 mflops = 3.988242e+03
 OK converged final_rsq= 5e-11 (cf 1e-10) rel = 1 (cf 0) restarts = 4 iters= 786
CONGRAD5: time = 5.239081e-01 (fn F) masses = 1 iters = 765 mflops = 3.993369e+03
 OK converged final_rsq= 5e-11 (cf 1e-10) rel = 1 (cf 0) restarts = 4 iters= 765
GFTIME:   time = 8.391094e-02 (Symanzik1) mflops = 4.201135e+03
FFTIME:  time = 2.836130e-01 (asqtad3) terms = 2 mflops = 3.525446e+03
CONGRAD5: time = 5.098741e-01 (fn F) masses = 1 iters = 743 mflops = 3.985282e+03
 OK converged final_rsq= 5e-11 (cf 1e-10) rel = 1 (cf 0) restarts = 4 iters= 743
CONGRAD5: time = 5.152740e-01 (fn F) masses = 1 iters = 753 mflops = 3.996593e+03
 OK converged final_rsq= 1e-10 (cf 1e-10) rel = 1 (cf 0) restarts = 3 iters= 753
GFTIME:   time = 8.422589e-02 (Symanzik1) mflops = 4.185426e+03
FFTIME:  time = 2.848759e-01 (asqtad3) terms = 2 mflops = 3.509817e+03
CONGRAD5: time = 5.286429e-01 (fn F) masses = 1 iters = 770 mflops = 3.983470e+03
 OK converged final_rsq= 5e-11 (cf 1e-10) rel = 1 (cf 0) restarts = 4 iters= 770
CONGRAD5: time = 5.017340e-01 (fn F) masses = 1 iters = 731 mflops = 3.984529e+03
 OK converged final_rsq= 9.9e-11 (cf 1e-10) rel = 1 (cf 0) restarts = 3 iters= 731
GFTIME:   time = 8.392501e-02 (Symanzik1) mflops = 4.200431e+03
FFTIME:  time = 2.840369e-01 (asqtad3) terms = 2 mflops = 3.520185e+03
CONGRAD5: time = 5.560510e-01 (fn F) masses = 1 iters = 771 mflops = 3.792040e+03
 OK converged final_rsq= 5e-11 (cf 1e-10) rel = 1 (cf 0) restarts = 4 iters= 771
CONGRAD5: time = 5.044661e-01 (fn F) masses = 1 iters = 726 mflops = 3.935844e+03
 OK converged final_rsq= 9.9e-11 (cf 1e-10) rel = 1 (cf 0) restarts = 3 iters= 726
GFTIME:   time = 8.495188e-02 (Symanzik1) mflops = 4.149658e+03
FFTIME:  time = 2.846470e-01 (asqtad3) terms = 2 mflops = 3.512640e+03
CONGRAD5: time = 5.307119e-01 (fn F) masses = 1 iters = 774 mflops = 3.988553e+03
 OK converged final_rsq= 5e-11 (cf 1e-10) rel = 1 (cf 0) restarts = 4 iters= 774
CONGRAD5: time = 5.127349e-01 (fn F) masses = 1 iters = 747 mflops = 3.984382e+03
 OK converged final_rsq= 5e-11 (cf 1e-10) rel = 1 (cf 0) restarts = 4 iters= 747
GFTIME:   time = 8.416390e-02 (Symanzik1) mflops = 4.188508e+03
FFTIME:  time = 2.881269e-01 (asqtad3) terms = 2 mflops = 3.470214e+03
CONGRAD5: time = 5.411930e-01 (fn F) masses = 1 iters = 788 mflops = 3.982055e+03
 OK converged final_rsq= 4.9e-11 (cf 1e-10) rel = 1 (cf 0) restarts = 4 iters= 788
CONGRAD5: time = 5.065801e-01 (fn F) masses = 1 iters = 739 mflops = 3.989601e+03
 OK converged final_rsq= 9.9e-11 (cf 1e-10) rel = 1 (cf 0) restarts = 3 iters= 739
GFTIME:   time = 8.411002e-02 (Symanzik1) mflops = 4.191192e+03
FFTIME:  time = 2.846918e-01 (asqtad3) terms = 2 mflops = 3.512087e+03
CONGRAD5: time = 5.198410e-01 (fn F) masses = 1 iters = 757 mflops = 3.982526e+03
 OK converged final_rsq= 5e-11 (cf 1e-10) rel = 1 (cf 0) restarts = 4 iters= 757
CONGRAD5: time = 5.198770e-01 (fn F) masses = 1 iters = 758 mflops = 3.987510e+03
 OK converged final_rsq= 5e-11 (cf 1e-10) rel = 1 (cf 0) restarts = 4 iters= 758
GFTIME:   time = 8.415294e-02 (Symanzik1) mflops = 4.189054e+03
FFTIME:  time = 2.881339e-01 (asqtad3) terms = 2 mflops = 3.470131e+03
CONGRAD5: time = 5.285461e-01 (fn F) masses = 1 iters = 770 mflops = 3.984199e+03
 OK converged final_rsq= 5e-11 (cf 1e-10) rel = 1 (cf 0) restarts = 4 iters= 770
CONGRAD5: time = 5.124280e-01 (fn F) masses = 1 iters = 746 mflops = 3.981430e+03
 OK converged final_rsq= 5e-11 (cf 1e-10) rel = 1 (cf 0) restarts = 4 iters= 746
GFTIME:   time = 8.435392e-02 (Symanzik1) mflops = 4.179073e+03
FFTIME:  time = 2.833130e-01 (asqtad3) terms = 2 mflops = 3.529178e+03
CONGRAD5: time = 5.240610e-01 (fn F) masses = 1 iters = 763 mflops = 3.981768e+03
 OK converged final_rsq= 5e-11 (cf 1e-10) rel = 1 (cf 0) restarts = 4 iters= 763
CONGRAD5: time = 5.147200e-01 (fn F) masses = 1 iters = 753 mflops = 4.000895e+03
 OK converged final_rsq= 1e-10 (cf 1e-10) rel = 1 (cf 0) restarts = 3 iters= 753
GFTIME:   time = 8.412290e-02 (Symanzik1) mflops = 4.190550e+03
FFTIME:  time = 2.853911e-01 (asqtad3) terms = 2 mflops = 3.503481e+03
PLAQ:	1.459433	1.458465
P_LOOP:	1.615889e-02	-8.026718e-03
G_LOOP:  0  0  4   	1.459195e+00	( 0 1 7 6  )
G_LOOP:  0  1  4   	1.460791e+00	( 0 2 7 5  )
G_LOOP:  0  2  4   	1.460614e+00	( 0 3 7 4  )
G_LOOP:  0  3  4   	1.458314e+00	( 1 2 6 5  )
G_LOOP:  0  4  4   	1.457892e+00	( 1 3 6 4  )
G_LOOP:  0  5  4   	1.456888e+00	( 2 3 5 4  )
G_LOOP:  1  0  6   	6.983939e-01	( 0 0 1 7 7 6  )
G_LOOP:  1  1  6   	7.042719e-01	( 0 0 2 7 7 5  )
G_LOOP:  1  2  6   	7.000097e-01	( 0 0 3 7 7 4  )
G_LOOP:  1  3  6   	6.967192e-01	( 1 1 0 6 6 7  )
G_LOOP:  1  4  6   	6.984864e-01	( 1 1 2 6 6 5  )
G_LOOP:  1  5  6   	6.968441e-01	( 1 1 3 6 6 4  )
G_LOOP:  1  6  6   	6.998432e-01	( 2 2 0 5 5 7  )
G_LOOP:  1  7  6   	6.985943e-01	( 2 2 1 5 5 6  )
G_LOOP:  1  8  6   	6.990863e-01	( 2 2 3 5 5 4  )
G_LOOP:  1  9  6   	6.999809e-01	( 3 3 0 4 4 7  )
G_LOOP:  1  10  6   	6.973355e-01	( 3 3 1 4 4 6  )
G_LOOP:  1  11  6   	6.941445e-01	( 3 3 2 4 4 5  )
G_LOOP:  2  0  6   	7.139080e-01	( 0 1 2 7 6 5  )
G_LOOP:  2  1  6   	7.119920e-01	( 0 1 5 7 6 2  )
G_LOOP:  2  2  6   	7.117254e-01	( 0 6 2 7 1 5  )
G_LOOP:  2  3  6   	7.124687e-01	( 0 6 5 7 1 2  )
G_LOOP:  2  4  6   	7.159880e-01	( 0 1 3 7 6 4  )
G_LOOP:  2  5  6   	7.136556e-01	( 0 1 4 7 6 3  )
G_LOOP:  2  6  6   	7.124254e-01	( 0 6 3 7 1 4  )
G_LOOP:  2  7  6   	7.110729e-01	( 0 6 4 7 1 3  )
G_LOOP:  2  8  6   	7.144444e-01	( 0 2 3 7 5 4  )
G_LOOP:  2  9  6   	7.125228e-01	( 0 2 4 7 5 3  )
G_LOOP:  2  10  6   	7.149983e-01	( 0 5 3 7 2 4  )
G_LOOP:  2  11  6   	7.100563e-01	( 0 5 4 7 2 3  )
G_LOOP:  2  12  6   	7.109843e-01	( 1 2 3 6 5 4  )
G_LOOP:  2  13  6   	7.097229e-01	( 1 2 4 6 5 3  )
G_LOOP:  2  14  6   	7.117955e-01	( 1 5 3 6 2 4  )
G_LOOP:  2  15  6   	7.069325e-01	( 1 5 4 6 2 3  )
GACTION: 6.725127e+00
CONGRAD5: time = 4.921331e-01 (fn F) masses = 1 iters = 718 mflops = 3.990020e+03
 OK converged final_rsq= 5e-11 (cf 1e-10) rel = 1 (cf 0) restarts = 4 iters= 718
CONGRAD5: time = 5.271006e-02 (fn F) masses = 1 iters = 75 mflops = 3.891356e+03
 OK converged final_rsq= 1e-10 (cf 1e-10) rel = 1 (cf 0) restarts = 1 iters= 75
PBP: mass 1.000000e-02     6.464430e-02  5.646403e-02  3.676150e-03  3.676061e-03 ( 1 of 1 )
FACTION: mass = 1.000000e-02,  1.503793e+00 ( 1 of 1 )
CONGRAD5: time = 5.190330e-01 (fn F) masses = 1 iters = 755 mflops = 3.978187e+03
 OK converged final_rsq= 5e-11 (cf 1e-10) rel = 1 (cf 0) restarts = 4 iters= 755
CONGRAD5: time = 5.351114e-02 (fn F) masses = 1 iters = 76 mflops = 3.884209e+03
 OK converged final_rsq= 9.8e-11 (cf 1e-10) rel = 1 (cf 0) restarts = 1 iters= 76
PBP: mass 1.000000e-02     6.353492e-02  4.823133e-02  -5.438112e-03  -5.433117e-03 ( 1 of 1 )
FACTION: mass = 1.000000e-02,  1.504196e+00 ( 1 of 1 )
RUNNING COMPLETED
average cg iters for step= 1.451250e+03
Time = 9.612512e+01 seconds
total_iters = 181038
Checksums f5dc514d a700d500
Saved gauge configuration in parallel to binary file lat_p64_size64_2
Time stamp Thu May 19 16:24:14 2022
Wrote info file lat_p64_size64_2.info
Time to save = 3.204894e-02
CHECK PLAQ: 1.459433e+00 1.458465e+00
CHECK NERSC LINKTR: 1.436480e-01 CKSUM: 409d2cae


get_i(0): EOF on input.
Elapsed total time: 107.316929
exit: Thu May 19 16:24:14 2022

