SU3 with improved KS action
Microcanonical simulation with refreshing
R algorithm
MIMD version 7.8.1
Machine = MPI (portable), with 32 nodes
Host(0) = nid05573
Username = mcopik
Options selected...
Generic single precision
C_GLOBAL_INLINE
DBLSTORE_FN
D_FN_GATHER13
FEWSUMS
KS_MULTIFF=FNMAT
VECLENGTH=4
type 0 for no prompts, 1 for prompts, or 2 for proofreading
nflavors1 2
nflavors2 1
nx 16
ny 16
nz 16
nt 36
iseed 5682304
LAYOUT = Hypercubes, options = hyper_prime,
automatic hyper_prime layout
ON EACH NODE 8 x 8 x 8 x 9
Mallocing 4.5 MBytes per node for lattice
WARNING!!: Resetting random seed
Made lattice
Made nn gathers
Made 3nn gathers
Finished setup


warms 0
trajecs 4
traj_between_meas 1
beta 5.6
mass1 0.125
mass2 0.125
u0 0.8441
microcanonical_time_step 0.2
steps_per_trajectory 5
max_cg_iterations 100
max_cg_restarts 5
error_per_site 0.125
error_for_propagator 0.125
npbp_reps 1
prec_pbp 1
fresh 
save_parallel lat_p64_size128_1
unit gauge configuration loaded
CHECK PLAQ: 3.000000e+00 3.000000e+00
CHECK NERSC LINKTR: 1.000000e+00 CKSUM: 0
Unitarity checked.  Max deviation 0.00e+00
Time to check unitarity = 1.028061e-03
"O(a^2): couplings(pi)=0, Naik term, No O(a^2) errors, tadpole weights"
path coefficients: npath  path_coeff  multiplicity
                    0      6.250000e-01     8
                    1      -5.847914e-02     8
                    2      -8.771871e-02     48
                    3      3.077829e-02     192
                    4      -7.199551e-03     384
                    5      -1.231132e-01     48
Symanzik 1x1 + 1x2 + 1x1x1 action
gauge_action: total_dyn_flavors = 3
loop coefficients: nloop rep loop_coeff  multiplicity
                    0 0      1.000000e+00     6
                    1 0      -7.762509e-02     12
                    2 0      -1.031171e-02     16
WARMUPS COMPLETED
CONGRAD5: time = 1.490784e-02 (fn F) masses = 1 iters = 4 mflops = 1.467603e+03
 OK converged final_rsq= 0.006 (cf 0.016) rel = 1 (cf 0) restarts = 1 iters= 4
CONGRAD5: time = 1.413202e-02 (fn F) masses = 1 iters = 4 mflops = 1.548171e+03
 OK converged final_rsq= 0.0059 (cf 0.016) rel = 1 (cf 0) restarts = 1 iters= 4
GFTIME:   time = 2.829208e-01 (Symanzik1) mflops = 2.492013e+03
FFTIME:  time = 9.578052e-01 (asqtad3) terms = 2 mflops = 2.087820e+03
CONGRAD5: time = 1.672220e-02 (fn F) masses = 1 iters = 4 mflops = 1.308367e+03
 OK converged final_rsq= 0.01 (cf 0.016) rel = 1 (cf 0) restarts = 1 iters= 4
CONGRAD5: time = 1.414394e-02 (fn F) masses = 1 iters = 4 mflops = 1.546866e+03
 OK converged final_rsq= 0.0097 (cf 0.016) rel = 1 (cf 0) restarts = 1 iters= 4
GFTIME:   time = 2.592502e-01 (Symanzik1) mflops = 2.719545e+03
FFTIME:  time = 9.285920e-01 (asqtad3) terms = 2 mflops = 2.153502e+03
CONGRAD5: time = 1.506805e-02 (fn F) masses = 1 iters = 4 mflops = 1.451998e+03
 OK converged final_rsq= 0.014 (cf 0.016) rel = 1 (cf 0) restarts = 1 iters= 4
CONGRAD5: time = 1.443887e-02 (fn F) masses = 1 iters = 4 mflops = 1.515270e+03
 OK converged final_rsq= 0.014 (cf 0.016) rel = 1 (cf 0) restarts = 1 iters= 4
GFTIME:   time = 2.568140e-01 (Symanzik1) mflops = 2.745343e+03
FFTIME:  time = 9.412029e-01 (asqtad3) terms = 2 mflops = 2.124648e+03
CONGRAD5: time = 1.645184e-02 (fn F) masses = 1 iters = 4 mflops = 1.329869e+03
 OK converged final_rsq= 0.013 (cf 0.016) rel = 1 (cf 0) restarts = 1 iters= 4
CONGRAD5: time = 1.490498e-02 (fn F) masses = 1 iters = 4 mflops = 1.467885e+03
 OK converged final_rsq= 0.013 (cf 0.016) rel = 1 (cf 0) restarts = 1 iters= 4
GFTIME:   time = 2.556741e-01 (Symanzik1) mflops = 2.757582e+03
FFTIME:  time = 9.542789e-01 (asqtad3) terms = 2 mflops = 2.095535e+03
CONGRAD5: time = 1.850510e-02 (fn F) masses = 1 iters = 4 mflops = 1.182311e+03
 OK converged final_rsq= 0.011 (cf 0.016) rel = 1 (cf 0) restarts = 1 iters= 4
CONGRAD5: time = 1.464987e-02 (fn F) masses = 1 iters = 4 mflops = 1.493446e+03
 OK converged final_rsq= 0.011 (cf 0.016) rel = 1 (cf 0) restarts = 1 iters= 4
GFTIME:   time = 2.477760e-01 (Symanzik1) mflops = 2.845483e+03
FFTIME:  time = 9.471800e-01 (asqtad3) terms = 2 mflops = 2.111240e+03
PLAQ:	2.348688	2.349026
P_LOOP:	2.691398e-03	4.211928e-03
G_LOOP:  0  0  4   	2.347009e+00	( 0 1 7 6  )
G_LOOP:  0  1  4   	2.349642e+00	( 0 2 7 5  )
G_LOOP:  0  2  4   	2.349649e+00	( 0 3 7 4  )
G_LOOP:  0  3  4   	2.349413e+00	( 1 2 6 5  )
G_LOOP:  0  4  4   	2.348984e+00	( 1 3 6 4  )
G_LOOP:  0  5  4   	2.348445e+00	( 2 3 5 4  )
G_LOOP:  1  0  6   	1.771316e+00	( 0 0 1 7 7 6  )
G_LOOP:  1  1  6   	1.776566e+00	( 0 0 2 7 7 5  )
G_LOOP:  1  2  6   	1.776867e+00	( 0 0 3 7 7 4  )
G_LOOP:  1  3  6   	1.770503e+00	( 1 1 0 6 6 7  )
G_LOOP:  1  4  6   	1.777199e+00	( 1 1 2 6 6 5  )
G_LOOP:  1  5  6   	1.774381e+00	( 1 1 3 6 6 4  )
G_LOOP:  1  6  6   	1.775959e+00	( 2 2 0 5 5 7  )
G_LOOP:  1  7  6   	1.775263e+00	( 2 2 1 5 5 6  )
G_LOOP:  1  8  6   	1.775328e+00	( 2 2 3 5 5 4  )
G_LOOP:  1  9  6   	1.777224e+00	( 3 3 0 4 4 7  )
G_LOOP:  1  10  6   	1.775937e+00	( 3 3 1 4 4 6  )
G_LOOP:  1  11  6   	1.773587e+00	( 3 3 2 4 4 5  )
G_LOOP:  2  0  6   	1.821641e+00	( 0 1 2 7 6 5  )
G_LOOP:  2  1  6   	1.822607e+00	( 0 1 5 7 6 2  )
G_LOOP:  2  2  6   	1.821059e+00	( 0 6 2 7 1 5  )
G_LOOP:  2  3  6   	1.820510e+00	( 0 6 5 7 1 2  )
G_LOOP:  2  4  6   	1.821227e+00	( 0 1 3 7 6 4  )
G_LOOP:  2  5  6   	1.818580e+00	( 0 1 4 7 6 3  )
G_LOOP:  2  6  6   	1.821414e+00	( 0 6 3 7 1 4  )
G_LOOP:  2  7  6   	1.820217e+00	( 0 6 4 7 1 3  )
G_LOOP:  2  8  6   	1.822495e+00	( 0 2 3 7 5 4  )
G_LOOP:  2  9  6   	1.822749e+00	( 0 2 4 7 5 3  )
G_LOOP:  2  10  6   	1.824359e+00	( 0 5 3 7 2 4  )
G_LOOP:  2  11  6   	1.822564e+00	( 0 5 4 7 2 3  )
G_LOOP:  2  12  6   	1.823449e+00	( 1 2 3 6 5 4  )
G_LOOP:  2  13  6   	1.821729e+00	( 1 2 4 6 5 3  )
G_LOOP:  2  14  6   	1.821191e+00	( 1 5 3 6 2 4  )
G_LOOP:  2  15  6   	1.821120e+00	( 1 5 4 6 2 3  )
GACTION: 2.571373e+00
CONGRAD5: time = 1.422191e-02 (fn F) masses = 1 iters = 4 mflops = 1.538386e+03
 OK converged final_rsq= 0.01 (cf 0.016) rel = 1 (cf 0) restarts = 1 iters= 4
CONGRAD5: time = 1.901102e-02 (fn F) masses = 1 iters = 6 mflops = 1.726271e+03
 OK converged final_rsq= 0.0091 (cf 0.016) rel = 1 (cf 0) restarts = 1 iters= 6
PBP: mass 1.250000e-01     6.812841e-02  9.727044e-02  2.709919e-03  2.812244e-03 ( 1 of 1 )
FACTION: mass = 1.250000e-01,  1.464836e+00 ( 1 of 1 )
CONGRAD5: time = 1.420903e-02 (fn F) masses = 1 iters = 4 mflops = 1.539780e+03
 OK converged final_rsq= 0.01 (cf 0.016) rel = 1 (cf 0) restarts = 1 iters= 4
CONGRAD5: time = 1.900601e-02 (fn F) masses = 1 iters = 6 mflops = 1.726726e+03
 OK converged final_rsq= 0.009 (cf 0.016) rel = 1 (cf 0) restarts = 1 iters= 6
PBP: mass 1.250000e-01     7.051055e-02  9.381208e-02  -7.107934e-04  -4.977023e-04 ( 1 of 1 )
FACTION: mass = 1.250000e-01,  1.468086e+00 ( 1 of 1 )
CONGRAD5: time = 1.420999e-02 (fn F) masses = 1 iters = 4 mflops = 1.539677e+03
 OK converged final_rsq= 0.011 (cf 0.016) rel = 1 (cf 0) restarts = 1 iters= 4
CONGRAD5: time = 2.118111e-02 (fn F) masses = 1 iters = 4 mflops = 1.032939e+03
 OK converged final_rsq= 0.011 (cf 0.016) rel = 1 (cf 0) restarts = 1 iters= 4
GFTIME:   time = 3.085699e-01 (Symanzik1) mflops = 2.284871e+03
FFTIME:  time = 8.992200e-01 (asqtad3) terms = 2 mflops = 2.223844e+03
CONGRAD5: time = 2.022910e-02 (fn F) masses = 1 iters = 5 mflops = 1.351937e+03
 OK converged final_rsq= 0.007 (cf 0.016) rel = 1 (cf 0) restarts = 1 iters= 5
CONGRAD5: time = 1.544499e-02 (fn F) masses = 1 iters = 4 mflops = 1.416562e+03
 OK converged final_rsq= 0.015 (cf 0.016) rel = 1 (cf 0) restarts = 1 iters= 4
GFTIME:   time = 2.898431e-01 (Symanzik1) mflops = 2.432497e+03
FFTIME:  time = 9.350438e-01 (asqtad3) terms = 2 mflops = 2.138643e+03
CONGRAD5: time = 1.679111e-02 (fn F) masses = 1 iters = 5 mflops = 1.628748e+03
 OK converged final_rsq= 0.0089 (cf 0.016) rel = 1 (cf 0) restarts = 1 iters= 5
CONGRAD5: time = 1.653695e-02 (fn F) masses = 1 iters = 5 mflops = 1.653780e+03
 OK converged final_rsq= 0.0085 (cf 0.016) rel = 1 (cf 0) restarts = 1 iters= 5
GFTIME:   time = 2.686050e-01 (Symanzik1) mflops = 2.624830e+03
FFTIME:  time = 9.741440e-01 (asqtad3) terms = 2 mflops = 2.052802e+03
CONGRAD5: time = 1.820016e-02 (fn F) masses = 1 iters = 5 mflops = 1.502651e+03
 OK converged final_rsq= 0.0085 (cf 0.016) rel = 1 (cf 0) restarts = 1 iters= 5
CONGRAD5: time = 1.738000e-02 (fn F) masses = 1 iters = 5 mflops = 1.573560e+03
 OK converged final_rsq= 0.0082 (cf 0.016) rel = 1 (cf 0) restarts = 1 iters= 5
GFTIME:   time = 2.866349e-01 (Symanzik1) mflops = 2.459723e+03
FFTIME:  time = 9.520590e-01 (asqtad3) terms = 2 mflops = 2.100421e+03
CONGRAD5: time = 1.664615e-02 (fn F) masses = 1 iters = 5 mflops = 1.642932e+03
 OK converged final_rsq= 0.0074 (cf 0.016) rel = 1 (cf 0) restarts = 1 iters= 5
CONGRAD5: time = 1.411605e-02 (fn F) masses = 1 iters = 4 mflops = 1.549923e+03
 OK converged final_rsq= 0.015 (cf 0.016) rel = 1 (cf 0) restarts = 1 iters= 4
GFTIME:   time = 2.451839e-01 (Symanzik1) mflops = 2.875565e+03
FFTIME:  time = 9.585099e-01 (asqtad3) terms = 2 mflops = 2.086285e+03
PLAQ:	2.014040	2.013665
P_LOOP:	1.283123e-02	1.480561e-02
G_LOOP:  0  0  4   	2.013689e+00	( 0 1 7 6  )
G_LOOP:  0  1  4   	2.013798e+00	( 0 2 7 5  )
G_LOOP:  0  2  4   	2.012642e+00	( 0 3 7 4  )
G_LOOP:  0  3  4   	2.014635e+00	( 1 2 6 5  )
G_LOOP:  0  4  4   	2.014011e+00	( 1 3 6 4  )
G_LOOP:  0  5  4   	2.014343e+00	( 2 3 5 4  )
G_LOOP:  1  0  6   	1.300633e+00	( 0 0 1 7 7 6  )
G_LOOP:  1  1  6   	1.303425e+00	( 0 0 2 7 7 5  )
G_LOOP:  1  2  6   	1.299099e+00	( 0 0 3 7 7 4  )
G_LOOP:  1  3  6   	1.303676e+00	( 1 1 0 6 6 7  )
G_LOOP:  1  4  6   	1.302897e+00	( 1 1 2 6 6 5  )
G_LOOP:  1  5  6   	1.303132e+00	( 1 1 3 6 6 4  )
G_LOOP:  1  6  6   	1.303209e+00	( 2 2 0 5 5 7  )
G_LOOP:  1  7  6   	1.303714e+00	( 2 2 1 5 5 6  )
G_LOOP:  1  8  6   	1.305115e+00	( 2 2 3 5 5 4  )
G_LOOP:  1  9  6   	1.302043e+00	( 3 3 0 4 4 7  )
G_LOOP:  1  10  6   	1.301676e+00	( 3 3 1 4 4 6  )
G_LOOP:  1  11  6   	1.300803e+00	( 3 3 2 4 4 5  )
G_LOOP:  2  0  6   	1.345070e+00	( 0 1 2 7 6 5  )
G_LOOP:  2  1  6   	1.347040e+00	( 0 1 5 7 6 2  )
G_LOOP:  2  2  6   	1.342372e+00	( 0 6 2 7 1 5  )
G_LOOP:  2  3  6   	1.343195e+00	( 0 6 5 7 1 2  )
G_LOOP:  2  4  6   	1.345218e+00	( 0 1 3 7 6 4  )
G_LOOP:  2  5  6   	1.345979e+00	( 0 1 4 7 6 3  )
G_LOOP:  2  6  6   	1.342793e+00	( 0 6 3 7 1 4  )
G_LOOP:  2  7  6   	1.343628e+00	( 0 6 4 7 1 3  )
G_LOOP:  2  8  6   	1.346200e+00	( 0 2 3 7 5 4  )
G_LOOP:  2  9  6   	1.344699e+00	( 0 2 4 7 5 3  )
G_LOOP:  2  10  6   	1.346948e+00	( 0 5 3 7 2 4  )
G_LOOP:  2  11  6   	1.344260e+00	( 0 5 4 7 2 3  )
G_LOOP:  2  12  6   	1.347968e+00	( 1 2 3 6 5 4  )
G_LOOP:  2  13  6   	1.348607e+00	( 1 2 4 6 5 3  )
G_LOOP:  2  14  6   	1.345432e+00	( 1 5 3 6 2 4  )
G_LOOP:  2  15  6   	1.349582e+00	( 1 5 4 6 2 3  )
GACTION: 4.062654e+00
CONGRAD5: time = 1.929617e-02 (fn F) masses = 1 iters = 4 mflops = 1.133841e+03
 OK converged final_rsq= 0.014 (cf 0.016) rel = 1 (cf 0) restarts = 1 iters= 4
CONGRAD5: time = 2.024293e-02 (fn F) masses = 1 iters = 6 mflops = 1.621217e+03
 OK converged final_rsq= 0.013 (cf 0.016) rel = 1 (cf 0) restarts = 1 iters= 6
PBP: mass 1.250000e-01     8.566921e-02  1.633068e-01  -1.732230e-03  -2.205862e-03 ( 1 of 1 )
FACTION: mass = 1.250000e-01,  1.449857e+00 ( 1 of 1 )
CONGRAD5: time = 1.534605e-02 (fn F) masses = 1 iters = 4 mflops = 1.425695e+03
 OK converged final_rsq= 0.014 (cf 0.016) rel = 1 (cf 0) restarts = 1 iters= 4
CONGRAD5: time = 2.019310e-02 (fn F) masses = 1 iters = 6 mflops = 1.625217e+03
 OK converged final_rsq= 0.013 (cf 0.016) rel = 1 (cf 0) restarts = 1 iters= 6
PBP: mass 1.250000e-01     8.497225e-02  1.671420e-01  1.389017e-03  1.363599e-03 ( 1 of 1 )
FACTION: mass = 1.250000e-01,  1.448984e+00 ( 1 of 1 )
CONGRAD5: time = 2.170897e-02 (fn F) masses = 1 iters = 5 mflops = 1.259778e+03
 OK converged final_rsq= 0.0074 (cf 0.016) rel = 1 (cf 0) restarts = 1 iters= 5
CONGRAD5: time = 1.673007e-02 (fn F) masses = 1 iters = 4 mflops = 1.307752e+03
 OK converged final_rsq= 0.016 (cf 0.016) rel = 1 (cf 0) restarts = 1 iters= 4
GFTIME:   time = 2.977800e-01 (Symanzik1) mflops = 2.367662e+03
FFTIME:  time = 9.264328e-01 (asqtad3) terms = 2 mflops = 2.158521e+03
CONGRAD5: time = 1.657391e-02 (fn F) masses = 1 iters = 5 mflops = 1.650093e+03
 OK converged final_rsq= 0.0093 (cf 0.016) rel = 1 (cf 0) restarts = 1 iters= 5
CONGRAD5: time = 1.650906e-02 (fn F) masses = 1 iters = 5 mflops = 1.656574e+03
 OK converged final_rsq= 0.0088 (cf 0.016) rel = 1 (cf 0) restarts = 1 iters= 5
GFTIME:   time = 3.049881e-01 (Symanzik1) mflops = 2.311704e+03
FFTIME:  time = 9.137299e-01 (asqtad3) terms = 2 mflops = 2.188529e+03
CONGRAD5: time = 1.971507e-02 (fn F) masses = 1 iters = 5 mflops = 1.387187e+03
 OK converged final_rsq= 0.011 (cf 0.016) rel = 1 (cf 0) restarts = 1 iters= 5
CONGRAD5: time = 2.038884e-02 (fn F) masses = 1 iters = 5 mflops = 1.341345e+03
 OK converged final_rsq= 0.01 (cf 0.016) rel = 1 (cf 0) restarts = 1 iters= 5
GFTIME:   time = 2.992020e-01 (Symanzik1) mflops = 2.356410e+03
FFTIME:  time = 9.135470e-01 (asqtad3) terms = 2 mflops = 2.188967e+03
CONGRAD5: time = 2.282119e-02 (fn F) masses = 1 iters = 5 mflops = 1.198381e+03
 OK converged final_rsq= 0.011 (cf 0.016) rel = 1 (cf 0) restarts = 1 iters= 5
CONGRAD5: time = 2.355695e-02 (fn F) masses = 1 iters = 5 mflops = 1.160952e+03
 OK converged final_rsq= 0.01 (cf 0.016) rel = 1 (cf 0) restarts = 1 iters= 5
GFTIME:   time = 2.643561e-01 (Symanzik1) mflops = 2.667017e+03
FFTIME:  time = 9.185112e-01 (asqtad3) terms = 2 mflops = 2.177137e+03
CONGRAD5: time = 1.938605e-02 (fn F) masses = 1 iters = 5 mflops = 1.410730e+03
 OK converged final_rsq= 0.01 (cf 0.016) rel = 1 (cf 0) restarts = 1 iters= 5
CONGRAD5: time = 2.116299e-02 (fn F) masses = 1 iters = 5 mflops = 1.292279e+03
 OK converged final_rsq= 0.0096 (cf 0.016) rel = 1 (cf 0) restarts = 1 iters= 5
GFTIME:   time = 3.068759e-01 (Symanzik1) mflops = 2.297484e+03
FFTIME:  time = 9.209731e-01 (asqtad3) terms = 2 mflops = 2.171317e+03
PLAQ:	1.792886	1.793338
P_LOOP:	-6.524752e-03	1.741558e-02
G_LOOP:  0  0  4   	1.792911e+00	( 0 1 7 6  )
G_LOOP:  0  1  4   	1.793237e+00	( 0 2 7 5  )
G_LOOP:  0  2  4   	1.793946e+00	( 0 3 7 4  )
G_LOOP:  0  3  4   	1.792510e+00	( 1 2 6 5  )
G_LOOP:  0  4  4   	1.793205e+00	( 1 3 6 4  )
G_LOOP:  0  5  4   	1.792863e+00	( 2 3 5 4  )
G_LOOP:  1  0  6   	1.024582e+00	( 0 0 1 7 7 6  )
G_LOOP:  1  1  6   	1.026102e+00	( 0 0 2 7 7 5  )
G_LOOP:  1  2  6   	1.028519e+00	( 0 0 3 7 7 4  )
G_LOOP:  1  3  6   	1.026685e+00	( 1 1 0 6 6 7  )
G_LOOP:  1  4  6   	1.026546e+00	( 1 1 2 6 6 5  )
G_LOOP:  1  5  6   	1.025324e+00	( 1 1 3 6 6 4  )
G_LOOP:  1  6  6   	1.026597e+00	( 2 2 0 5 5 7  )
G_LOOP:  1  7  6   	1.025157e+00	( 2 2 1 5 5 6  )
G_LOOP:  1  8  6   	1.024633e+00	( 2 2 3 5 5 4  )
G_LOOP:  1  9  6   	1.026735e+00	( 3 3 0 4 4 7  )
G_LOOP:  1  10  6   	1.026101e+00	( 3 3 1 4 4 6  )
G_LOOP:  1  11  6   	1.022430e+00	( 3 3 2 4 4 5  )
G_LOOP:  2  0  6   	1.059812e+00	( 0 1 2 7 6 5  )
G_LOOP:  2  1  6   	1.060557e+00	( 0 1 5 7 6 2  )
G_LOOP:  2  2  6   	1.058756e+00	( 0 6 2 7 1 5  )
G_LOOP:  2  3  6   	1.060241e+00	( 0 6 5 7 1 2  )
G_LOOP:  2  4  6   	1.062470e+00	( 0 1 3 7 6 4  )
G_LOOP:  2  5  6   	1.060506e+00	( 0 1 4 7 6 3  )
G_LOOP:  2  6  6   	1.058976e+00	( 0 6 3 7 1 4  )
G_LOOP:  2  7  6   	1.061780e+00	( 0 6 4 7 1 3  )
G_LOOP:  2  8  6   	1.065268e+00	( 0 2 3 7 5 4  )
G_LOOP:  2  9  6   	1.058724e+00	( 0 2 4 7 5 3  )
G_LOOP:  2  10  6   	1.058503e+00	( 0 5 3 7 2 4  )
G_LOOP:  2  11  6   	1.058115e+00	( 0 5 4 7 2 3  )
G_LOOP:  2  12  6   	1.060545e+00	( 1 2 3 6 5 4  )
G_LOOP:  2  13  6   	1.059196e+00	( 1 2 4 6 5 3  )
G_LOOP:  2  14  6   	1.059034e+00	( 1 5 3 6 2 4  )
G_LOOP:  2  15  6   	1.061206e+00	( 1 5 4 6 2 3  )
GACTION: 5.082307e+00
CONGRAD5: time = 2.357006e-02 (fn F) masses = 1 iters = 5 mflops = 1.160306e+03
 OK converged final_rsq= 0.0086 (cf 0.016) rel = 1 (cf 0) restarts = 1 iters= 5
CONGRAD5: time = 2.710891e-02 (fn F) masses = 1 iters = 6 mflops = 1.210605e+03
 OK converged final_rsq= 0.015 (cf 0.016) rel = 1 (cf 0) restarts = 1 iters= 6
PBP: mass 1.250000e-01     1.094033e-01  3.030200e-01  -1.112299e-03  -4.992905e-04 ( 1 of 1 )
FACTION: mass = 1.250000e-01,  1.451542e+00 ( 1 of 1 )
CONGRAD5: time = 2.355599e-02 (fn F) masses = 1 iters = 5 mflops = 1.160999e+03
 OK converged final_rsq= 0.0085 (cf 0.016) rel = 1 (cf 0) restarts = 1 iters= 5
CONGRAD5: time = 3.417492e-02 (fn F) masses = 1 iters = 6 mflops = 9.603000e+02
 OK converged final_rsq= 0.015 (cf 0.016) rel = 1 (cf 0) restarts = 1 iters= 6
PBP: mass 1.250000e-01     1.075303e-01  2.973076e-01  8.333416e-04  3.848426e-04 ( 1 of 1 )
FACTION: mass = 1.250000e-01,  1.457298e+00 ( 1 of 1 )
CONGRAD5: time = 1.717305e-02 (fn F) masses = 1 iters = 5 mflops = 1.592523e+03
 OK converged final_rsq= 0.01 (cf 0.016) rel = 1 (cf 0) restarts = 1 iters= 5
CONGRAD5: time = 1.653004e-02 (fn F) masses = 1 iters = 5 mflops = 1.654472e+03
 OK converged final_rsq= 0.0096 (cf 0.016) rel = 1 (cf 0) restarts = 1 iters= 5
GFTIME:   time = 2.450061e-01 (Symanzik1) mflops = 2.877653e+03
FFTIME:  time = 9.173520e-01 (asqtad3) terms = 2 mflops = 2.179888e+03
CONGRAD5: time = 2.044606e-02 (fn F) masses = 1 iters = 5 mflops = 1.337592e+03
 OK converged final_rsq= 0.011 (cf 0.016) rel = 1 (cf 0) restarts = 1 iters= 5
CONGRAD5: time = 2.023315e-02 (fn F) masses = 1 iters = 5 mflops = 1.351667e+03
 OK converged final_rsq= 0.011 (cf 0.016) rel = 1 (cf 0) restarts = 1 iters= 5
GFTIME:   time = 3.008111e-01 (Symanzik1) mflops = 2.343805e+03
FFTIME:  time = 9.076300e-01 (asqtad3) terms = 2 mflops = 2.203238e+03
CONGRAD5: time = 2.324390e-02 (fn F) masses = 1 iters = 5 mflops = 1.176587e+03
 OK converged final_rsq= 0.012 (cf 0.016) rel = 1 (cf 0) restarts = 1 iters= 5
CONGRAD5: time = 1.738405e-02 (fn F) masses = 1 iters = 5 mflops = 1.573194e+03
 OK converged final_rsq= 0.012 (cf 0.016) rel = 1 (cf 0) restarts = 1 iters= 5
GFTIME:   time = 2.472692e-01 (Symanzik1) mflops = 2.851316e+03
FFTIME:  time = 9.254231e-01 (asqtad3) terms = 2 mflops = 2.160876e+03
CONGRAD5: time = 2.008104e-02 (fn F) masses = 1 iters = 5 mflops = 1.361905e+03
 OK converged final_rsq= 0.012 (cf 0.016) rel = 1 (cf 0) restarts = 1 iters= 5
CONGRAD5: time = 2.037692e-02 (fn F) masses = 1 iters = 5 mflops = 1.342130e+03
 OK converged final_rsq= 0.012 (cf 0.016) rel = 1 (cf 0) restarts = 1 iters= 5
GFTIME:   time = 3.135490e-01 (Symanzik1) mflops = 2.248587e+03
FFTIME:  time = 9.147100e-01 (asqtad3) terms = 2 mflops = 2.186184e+03
CONGRAD5: time = 3.049588e-02 (fn F) masses = 1 iters = 5 mflops = 8.967926e+02
 OK converged final_rsq= 0.012 (cf 0.016) rel = 1 (cf 0) restarts = 1 iters= 5
CONGRAD5: time = 2.378488e-02 (fn F) masses = 1 iters = 5 mflops = 1.149826e+03
 OK converged final_rsq= 0.012 (cf 0.016) rel = 1 (cf 0) restarts = 1 iters= 5
GFTIME:   time = 2.786331e-01 (Symanzik1) mflops = 2.530361e+03
FFTIME:  time = 9.179630e-01 (asqtad3) terms = 2 mflops = 2.178437e+03
PLAQ:	1.646692	1.646320
P_LOOP:	-1.809259e-03	-4.192983e-03
G_LOOP:  0  0  4   	1.645426e+00	( 0 1 7 6  )
G_LOOP:  0  1  4   	1.646758e+00	( 0 2 7 5  )
G_LOOP:  0  2  4   	1.647351e+00	( 0 3 7 4  )
G_LOOP:  0  3  4   	1.647890e+00	( 1 2 6 5  )
G_LOOP:  0  4  4   	1.646412e+00	( 1 3 6 4  )
G_LOOP:  0  5  4   	1.645196e+00	( 2 3 5 4  )
G_LOOP:  1  0  6   	8.568941e-01	( 0 0 1 7 7 6  )
G_LOOP:  1  1  6   	8.550501e-01	( 0 0 2 7 7 5  )
G_LOOP:  1  2  6   	8.602824e-01	( 0 0 3 7 7 4  )
G_LOOP:  1  3  6   	8.545273e-01	( 1 1 0 6 6 7  )
G_LOOP:  1  4  6   	8.581203e-01	( 1 1 2 6 6 5  )
G_LOOP:  1  5  6   	8.559285e-01	( 1 1 3 6 6 4  )
G_LOOP:  1  6  6   	8.565518e-01	( 2 2 0 5 5 7  )
G_LOOP:  1  7  6   	8.590375e-01	( 2 2 1 5 5 6  )
G_LOOP:  1  8  6   	8.532167e-01	( 2 2 3 5 5 4  )
G_LOOP:  1  9  6   	8.567114e-01	( 3 3 0 4 4 7  )
G_LOOP:  1  10  6   	8.563252e-01	( 3 3 1 4 4 6  )
G_LOOP:  1  11  6   	8.547166e-01	( 3 3 2 4 4 5  )
G_LOOP:  2  0  6   	8.837449e-01	( 0 1 2 7 6 5  )
G_LOOP:  2  1  6   	8.789823e-01	( 0 1 5 7 6 2  )
G_LOOP:  2  2  6   	8.808471e-01	( 0 6 2 7 1 5  )
G_LOOP:  2  3  6   	8.791515e-01	( 0 6 5 7 1 2  )
G_LOOP:  2  4  6   	8.778932e-01	( 0 1 3 7 6 4  )
G_LOOP:  2  5  6   	8.760607e-01	( 0 1 4 7 6 3  )
G_LOOP:  2  6  6   	8.773932e-01	( 0 6 3 7 1 4  )
G_LOOP:  2  7  6   	8.813887e-01	( 0 6 4 7 1 3  )
G_LOOP:  2  8  6   	8.788943e-01	( 0 2 3 7 5 4  )
G_LOOP:  2  9  6   	8.775574e-01	( 0 2 4 7 5 3  )
G_LOOP:  2  10  6   	8.799924e-01	( 0 5 3 7 2 4  )
G_LOOP:  2  11  6   	8.794070e-01	( 0 5 4 7 2 3  )
G_LOOP:  2  12  6   	8.783629e-01	( 1 2 3 6 5 4  )
G_LOOP:  2  13  6   	8.771963e-01	( 1 2 4 6 5 3  )
G_LOOP:  2  14  6   	8.786813e-01	( 1 5 3 6 2 4  )
G_LOOP:  2  15  6   	8.823708e-01	( 1 5 4 6 2 3  )
GACTION: 5.774347e+00
CONGRAD5: time = 2.138710e-02 (fn F) masses = 1 iters = 5 mflops = 1.278737e+03
 OK converged final_rsq= 0.01 (cf 0.016) rel = 1 (cf 0) restarts = 1 iters= 5
CONGRAD5: time = 2.619004e-02 (fn F) masses = 1 iters = 7 mflops = 1.461925e+03
 OK converged final_rsq= 0.0082 (cf 0.016) rel = 1 (cf 0) restarts = 1 iters= 7
PBP: mass 1.250000e-01     1.254022e-01  3.229574e-01  -1.733885e-04  6.277636e-04 ( 1 of 1 )
FACTION: mass = 1.250000e-01,  1.431768e+00 ( 1 of 1 )
CONGRAD5: time = 2.052283e-02 (fn F) masses = 1 iters = 5 mflops = 1.332588e+03
 OK converged final_rsq= 0.01 (cf 0.016) rel = 1 (cf 0) restarts = 1 iters= 5
CONGRAD5: time = 2.916503e-02 (fn F) masses = 1 iters = 7 mflops = 1.312801e+03
 OK converged final_rsq= 0.0082 (cf 0.016) rel = 1 (cf 0) restarts = 1 iters= 7
PBP: mass 1.250000e-01     1.243262e-01  3.214422e-01  3.359670e-03  2.962813e-03 ( 1 of 1 )
FACTION: mass = 1.250000e-01,  1.434419e+00 ( 1 of 1 )
RUNNING COMPLETED
average cg iters for step= 1.100000e+01
Time = 3.709861e+01 seconds
total_iters = 552
Checksums 68a6789c 82d88bfb
Saved gauge configuration in parallel to binary file lat_p64_size128_1
Time stamp Wed May 18 19:30:28 2022
Wrote info file lat_p64_size128_1.info
Time to save = 6.011610e-01
CHECK PLAQ: 1.646692e+00 1.646320e+00
CHECK NERSC LINKTR: 1.712179e-01 CKSUM: c4a5534f


warms 0
trajecs 4
traj_between_meas 1
beta 5.6
mass1 0.01
mass2 0.01
u0 0.8441
microcanonical_time_step 0.02
steps_per_trajectory 15
max_cg_iterations 300
max_cg_restarts 5
error_per_site 1e-05
error_for_propagator 1e-05
npbp_reps 1
prec_pbp 1
reload_parallel lat_p64_size128_1
save_parallel lat_p64_size128_2
Restored binary gauge configuration in parallel from file lat_p64_size128_1
Time stamp Wed May 18 19:30:28 2022
Checksums 68a6789c 82d88bfb OK
Time to reload gauge configuration = 1.213329e-01
CHECK PLAQ: 1.646692e+00 1.646320e+00
CHECK NERSC LINKTR: 1.712179e-01 CKSUM: c4a5534f
Unitarity checked.  Max deviation 2.98e-07
Time to check unitarity = 1.818895e-03
"O(a^2): couplings(pi)=0, Naik term, No O(a^2) errors, tadpole weights"
path coefficients: npath  path_coeff  multiplicity
                    0      6.250000e-01     8
                    1      -5.847914e-02     8
                    2      -8.771871e-02     48
                    3      3.077829e-02     192
                    4      -7.199551e-03     384
                    5      -1.231132e-01     48
Symanzik 1x1 + 1x2 + 1x1x1 action
gauge_action: total_dyn_flavors = 3
loop coefficients: nloop rep loop_coeff  multiplicity
                    0 0      1.000000e+00     6
                    1 0      -7.762509e-02     12
                    2 0      -1.031171e-02     16
WARMUPS COMPLETED
CONGRAD5: time = 1.495642e+00 (fn F) masses = 1 iters = 573 mflops = 2.095512e+03
 OK converged final_rsq= 1e-10 (cf 1e-10) rel = 1 (cf 0) restarts = 2 iters= 573
CONGRAD5: time = 1.565519e+00 (fn F) masses = 1 iters = 563 mflops = 1.967040e+03
 OK converged final_rsq= 9.9e-11 (cf 1e-10) rel = 1 (cf 0) restarts = 2 iters= 563
GFTIME:   time = 2.849300e-01 (Symanzik1) mflops = 2.474441e+03
FFTIME:  time = 9.666119e-01 (asqtad3) terms = 2 mflops = 2.068798e+03
CONGRAD5: time = 1.642193e+00 (fn F) masses = 1 iters = 595 mflops = 1.981782e+03
 OK converged final_rsq= 1e-10 (cf 1e-10) rel = 1 (cf 0) restarts = 2 iters= 595
CONGRAD5: time = 1.495273e+00 (fn F) masses = 1 iters = 572 mflops = 2.092371e+03
 OK converged final_rsq= 5e-11 (cf 1e-10) rel = 1 (cf 0) restarts = 3 iters= 572
GFTIME:   time = 2.969191e-01 (Symanzik1) mflops = 2.374527e+03
FFTIME:  time = 9.775300e-01 (asqtad3) terms = 2 mflops = 2.045691e+03
CONGRAD5: time = 1.520496e+00 (fn F) masses = 1 iters = 596 mflops = 2.143997e+03
 OK converged final_rsq= 9.4e-11 (cf 1e-10) rel = 1 (cf 0) restarts = 2 iters= 596
CONGRAD5: time = 1.553830e+00 (fn F) masses = 1 iters = 558 mflops = 1.964237e+03
 OK converged final_rsq= 1e-10 (cf 1e-10) rel = 1 (cf 0) restarts = 2 iters= 558
GFTIME:   time = 2.691710e-01 (Symanzik1) mflops = 2.619311e+03
FFTIME:  time = 9.785430e-01 (asqtad3) terms = 2 mflops = 2.043573e+03
CONGRAD5: time = 1.639356e+00 (fn F) masses = 1 iters = 587 mflops = 1.958520e+03
 OK converged final_rsq= 1e-10 (cf 1e-10) rel = 1 (cf 0) restarts = 2 iters= 587
CONGRAD5: time = 1.579290e+00 (fn F) masses = 1 iters = 577 mflops = 1.998376e+03
 OK converged final_rsq= 9.9e-11 (cf 1e-10) rel = 1 (cf 0) restarts = 2 iters= 577
GFTIME:   time = 2.626591e-01 (Symanzik1) mflops = 2.684249e+03
FFTIME:  time = 9.828849e-01 (asqtad3) terms = 2 mflops = 2.034546e+03
CONGRAD5: time = 1.531608e+00 (fn F) masses = 1 iters = 596 mflops = 2.128442e+03
 OK converged final_rsq= 1e-10 (cf 1e-10) rel = 1 (cf 0) restarts = 2 iters= 596
CONGRAD5: time = 1.633081e+00 (fn F) masses = 1 iters = 587 mflops = 1.966046e+03
 OK converged final_rsq= 1e-10 (cf 1e-10) rel = 1 (cf 0) restarts = 2 iters= 587
GFTIME:   time = 2.735450e-01 (Symanzik1) mflops = 2.577427e+03
FFTIME:  time = 1.002955e+00 (asqtad3) terms = 2 mflops = 1.993833e+03
CONGRAD5: time = 1.659106e+00 (fn F) masses = 1 iters = 596 mflops = 1.964877e+03
 OK converged final_rsq= 4.9e-11 (cf 1e-10) rel = 1 (cf 0) restarts = 3 iters= 596
CONGRAD5: time = 1.439391e+00 (fn F) masses = 1 iters = 572 mflops = 2.173604e+03
 OK converged final_rsq= 9.9e-11 (cf 1e-10) rel = 1 (cf 0) restarts = 2 iters= 572
GFTIME:   time = 2.522960e-01 (Symanzik1) mflops = 2.794505e+03
FFTIME:  time = 9.179940e-01 (asqtad3) terms = 2 mflops = 2.178363e+03
CONGRAD5: time = 1.532521e+00 (fn F) masses = 1 iters = 572 mflops = 2.041516e+03
 OK converged final_rsq= 9.9e-11 (cf 1e-10) rel = 1 (cf 0) restarts = 2 iters= 572
CONGRAD5: time = 1.465850e+00 (fn F) masses = 1 iters = 573 mflops = 2.138101e+03
 OK converged final_rsq= 9.9e-11 (cf 1e-10) rel = 1 (cf 0) restarts = 2 iters= 573
GFTIME:   time = 2.549379e-01 (Symanzik1) mflops = 2.765546e+03
FFTIME:  time = 9.856632e-01 (asqtad3) terms = 2 mflops = 2.028811e+03
CONGRAD5: time = 1.491341e+00 (fn F) masses = 1 iters = 597 mflops = 2.189579e+03
 OK converged final_rsq= 9.3e-11 (cf 1e-10) rel = 1 (cf 0) restarts = 2 iters= 597
CONGRAD5: time = 1.625818e+00 (fn F) masses = 1 iters = 584 mflops = 1.964736e+03
 OK converged final_rsq= 9.7e-11 (cf 1e-10) rel = 1 (cf 0) restarts = 2 iters= 584
GFTIME:   time = 2.667501e-01 (Symanzik1) mflops = 2.643082e+03
FFTIME:  time = 9.446890e-01 (asqtad3) terms = 2 mflops = 2.116807e+03
CONGRAD5: time = 1.584664e+00 (fn F) masses = 1 iters = 559 mflops = 1.929469e+03
 OK converged final_rsq= 5e-11 (cf 1e-10) rel = 1 (cf 0) restarts = 3 iters= 559
CONGRAD5: time = 1.468811e+00 (fn F) masses = 1 iters = 572 mflops = 2.130067e+03
 OK converged final_rsq= 9.9e-11 (cf 1e-10) rel = 1 (cf 0) restarts = 2 iters= 572
GFTIME:   time = 2.570200e-01 (Symanzik1) mflops = 2.743142e+03
FFTIME:  time = 9.701328e-01 (asqtad3) terms = 2 mflops = 2.061289e+03
CONGRAD5: time = 1.529606e+00 (fn F) masses = 1 iters = 581 mflops = 2.077589e+03
 OK converged final_rsq= 9.8e-11 (cf 1e-10) rel = 1 (cf 0) restarts = 2 iters= 581
CONGRAD5: time = 1.557255e+00 (fn F) masses = 1 iters = 561 mflops = 1.970454e+03
 OK converged final_rsq= 5e-11 (cf 1e-10) rel = 1 (cf 0) restarts = 3 iters= 561
GFTIME:   time = 2.872770e-01 (Symanzik1) mflops = 2.454225e+03
FFTIME:  time = 9.357350e-01 (asqtad3) terms = 2 mflops = 2.137063e+03
CONGRAD5: time = 1.651762e+00 (fn F) masses = 1 iters = 589 mflops = 1.950433e+03
 OK converged final_rsq= 5e-11 (cf 1e-10) rel = 1 (cf 0) restarts = 3 iters= 589
CONGRAD5: time = 1.369633e+00 (fn F) masses = 1 iters = 527 mflops = 2.104600e+03
 OK converged final_rsq= 1e-10 (cf 1e-10) rel = 1 (cf 0) restarts = 2 iters= 527
GFTIME:   time = 2.572110e-01 (Symanzik1) mflops = 2.741106e+03
FFTIME:  time = 9.681060e-01 (asqtad3) terms = 2 mflops = 2.065605e+03
CONGRAD5: time = 1.386164e+00 (fn F) masses = 1 iters = 538 mflops = 2.122906e+03
 OK converged final_rsq= 5e-11 (cf 1e-10) rel = 1 (cf 0) restarts = 3 iters= 538
CONGRAD5: time = 1.527996e+00 (fn F) masses = 1 iters = 572 mflops = 2.047562e+03
 OK converged final_rsq= 9.9e-11 (cf 1e-10) rel = 1 (cf 0) restarts = 2 iters= 572
GFTIME:   time = 2.980440e-01 (Symanzik1) mflops = 2.365565e+03
FFTIME:  time = 9.128881e-01 (asqtad3) terms = 2 mflops = 2.190547e+03
CONGRAD5: time = 1.626255e+00 (fn F) masses = 1 iters = 594 mflops = 1.997841e+03
 OK converged final_rsq= 4.9e-11 (cf 1e-10) rel = 1 (cf 0) restarts = 3 iters= 594
CONGRAD5: time = 1.513444e+00 (fn F) masses = 1 iters = 566 mflops = 2.045565e+03
 OK converged final_rsq= 5e-11 (cf 1e-10) rel = 1 (cf 0) restarts = 3 iters= 566
GFTIME:   time = 2.586131e-01 (Symanzik1) mflops = 2.726244e+03
FFTIME:  time = 9.198048e-01 (asqtad3) terms = 2 mflops = 2.174075e+03
CONGRAD5: time = 1.556184e+00 (fn F) masses = 1 iters = 583 mflops = 2.049136e+03
 OK converged final_rsq= 9.9e-11 (cf 1e-10) rel = 1 (cf 0) restarts = 2 iters= 583
CONGRAD5: time = 1.498519e+00 (fn F) masses = 1 iters = 570 mflops = 2.080539e+03
 OK converged final_rsq= 1e-10 (cf 1e-10) rel = 1 (cf 0) restarts = 2 iters= 570
GFTIME:   time = 3.140569e-01 (Symanzik1) mflops = 2.244951e+03
FFTIME:  time = 9.410732e-01 (asqtad3) terms = 2 mflops = 2.124941e+03
CONGRAD5: time = 1.541541e+00 (fn F) masses = 1 iters = 593 mflops = 2.104083e+03
 OK converged final_rsq= 9.7e-11 (cf 1e-10) rel = 1 (cf 0) restarts = 2 iters= 593
CONGRAD5: time = 1.568971e+00 (fn F) masses = 1 iters = 569 mflops = 1.983630e+03
 OK converged final_rsq= 4.9e-11 (cf 1e-10) rel = 1 (cf 0) restarts = 3 iters= 569
GFTIME:   time = 2.949009e-01 (Symanzik1) mflops = 2.390778e+03
FFTIME:  time = 9.484940e-01 (asqtad3) terms = 2 mflops = 2.108316e+03
PLAQ:	1.541187	1.539437
P_LOOP:	-1.141755e-03	-1.306813e-02
G_LOOP:  0  0  4   	1.541648e+00	( 0 1 7 6  )
G_LOOP:  0  1  4   	1.539963e+00	( 0 2 7 5  )
G_LOOP:  0  2  4   	1.540131e+00	( 0 3 7 4  )
G_LOOP:  0  3  4   	1.541949e+00	( 1 2 6 5  )
G_LOOP:  0  4  4   	1.538898e+00	( 1 3 6 4  )
G_LOOP:  0  5  4   	1.539281e+00	( 2 3 5 4  )
G_LOOP:  1  0  6   	7.830470e-01	( 0 0 1 7 7 6  )
G_LOOP:  1  1  6   	7.774833e-01	( 0 0 2 7 7 5  )
G_LOOP:  1  2  6   	7.808380e-01	( 0 0 3 7 7 4  )
G_LOOP:  1  3  6   	7.790779e-01	( 1 1 0 6 6 7  )
G_LOOP:  1  4  6   	7.815992e-01	( 1 1 2 6 6 5  )
G_LOOP:  1  5  6   	7.768085e-01	( 1 1 3 6 6 4  )
G_LOOP:  1  6  6   	7.791801e-01	( 2 2 0 5 5 7  )
G_LOOP:  1  7  6   	7.849183e-01	( 2 2 1 5 5 6  )
G_LOOP:  1  8  6   	7.778554e-01	( 2 2 3 5 5 4  )
G_LOOP:  1  9  6   	7.772978e-01	( 3 3 0 4 4 7  )
G_LOOP:  1  10  6   	7.810393e-01	( 3 3 1 4 4 6  )
G_LOOP:  1  11  6   	7.788501e-01	( 3 3 2 4 4 5  )
G_LOOP:  2  0  6   	8.020517e-01	( 0 1 2 7 6 5  )
G_LOOP:  2  1  6   	8.001462e-01	( 0 1 5 7 6 2  )
G_LOOP:  2  2  6   	8.013429e-01	( 0 6 2 7 1 5  )
G_LOOP:  2  3  6   	8.030511e-01	( 0 6 5 7 1 2  )
G_LOOP:  2  4  6   	8.007939e-01	( 0 1 3 7 6 4  )
G_LOOP:  2  5  6   	7.963894e-01	( 0 1 4 7 6 3  )
G_LOOP:  2  6  6   	7.978835e-01	( 0 6 3 7 1 4  )
G_LOOP:  2  7  6   	8.024131e-01	( 0 6 4 7 1 3  )
G_LOOP:  2  8  6   	7.987494e-01	( 0 2 3 7 5 4  )
G_LOOP:  2  9  6   	7.991384e-01	( 0 2 4 7 5 3  )
G_LOOP:  2  10  6   	7.988639e-01	( 0 5 3 7 2 4  )
G_LOOP:  2  11  6   	7.985226e-01	( 0 5 4 7 2 3  )
G_LOOP:  2  12  6   	7.973328e-01	( 1 2 3 6 5 4  )
G_LOOP:  2  13  6   	7.974677e-01	( 1 2 4 6 5 3  )
G_LOOP:  2  14  6   	8.000052e-01	( 1 5 3 6 2 4  )
G_LOOP:  2  15  6   	8.015423e-01	( 1 5 4 6 2 3  )
GACTION: 6.327025e+00
CONGRAD5: time = 1.535918e+00 (fn F) masses = 1 iters = 549 mflops = 1.955093e+03
 OK converged final_rsq= 5e-11 (cf 1e-10) rel = 1 (cf 0) restarts = 3 iters= 549
CONGRAD5: time = 1.896489e-01 (fn F) masses = 1 iters = 73 mflops = 2.105406e+03
 OK converged final_rsq= 9.9e-11 (cf 1e-10) rel = 1 (cf 0) restarts = 1 iters= 73
PBP: mass 1.000000e-02     3.264870e-02  3.450378e-02  -2.495902e-03  -2.496758e-03 ( 1 of 1 )
FACTION: mass = 1.000000e-02,  1.495516e+00 ( 1 of 1 )
CONGRAD5: time = 1.497660e+00 (fn F) masses = 1 iters = 591 mflops = 2.158427e+03
 OK converged final_rsq= 9.7e-11 (cf 1e-10) rel = 1 (cf 0) restarts = 2 iters= 591
CONGRAD5: time = 1.919110e-01 (fn F) masses = 1 iters = 73 mflops = 2.080589e+03
 OK converged final_rsq= 1e-10 (cf 1e-10) rel = 1 (cf 0) restarts = 1 iters= 73
PBP: mass 1.000000e-02     3.933426e-02  2.958555e-02  5.085964e-03  5.083389e-03 ( 1 of 1 )
FACTION: mass = 1.000000e-02,  1.498178e+00 ( 1 of 1 )
CONGRAD5: time = 1.648880e+00 (fn F) masses = 1 iters = 596 mflops = 1.977062e+03
 OK converged final_rsq= 4.9e-11 (cf 1e-10) rel = 1 (cf 0) restarts = 3 iters= 596
CONGRAD5: time = 1.480917e+00 (fn F) masses = 1 iters = 580 mflops = 2.142202e+03
 OK converged final_rsq= 9.8e-11 (cf 1e-10) rel = 1 (cf 0) restarts = 2 iters= 580
GFTIME:   time = 2.654941e-01 (Symanzik1) mflops = 2.655586e+03
FFTIME:  time = 9.624579e-01 (asqtad3) terms = 2 mflops = 2.077727e+03
CONGRAD5: time = 1.497465e+00 (fn F) masses = 1 iters = 578 mflops = 2.111224e+03
 OK converged final_rsq= 5e-11 (cf 1e-10) rel = 1 (cf 0) restarts = 3 iters= 578
CONGRAD5: time = 1.469939e+00 (fn F) masses = 1 iters = 578 mflops = 2.150759e+03
 OK converged final_rsq= 9.9e-11 (cf 1e-10) rel = 1 (cf 0) restarts = 2 iters= 578
GFTIME:   time = 2.854991e-01 (Symanzik1) mflops = 2.469508e+03
FFTIME:  time = 9.568040e-01 (asqtad3) terms = 2 mflops = 2.090004e+03
CONGRAD5: time = 1.619917e+00 (fn F) masses = 1 iters = 593 mflops = 2.002282e+03
 OK converged final_rsq= 9.7e-11 (cf 1e-10) rel = 1 (cf 0) restarts = 2 iters= 593
CONGRAD5: time = 1.432155e+00 (fn F) masses = 1 iters = 567 mflops = 2.165490e+03
 OK converged final_rsq= 9.9e-11 (cf 1e-10) rel = 1 (cf 0) restarts = 2 iters= 567
GFTIME:   time = 2.795789e-01 (Symanzik1) mflops = 2.521801e+03
FFTIME:  time = 9.699581e-01 (asqtad3) terms = 2 mflops = 2.061661e+03
CONGRAD5: time = 1.639690e+00 (fn F) masses = 1 iters = 593 mflops = 1.978136e+03
 OK converged final_rsq= 1e-10 (cf 1e-10) rel = 1 (cf 0) restarts = 2 iters= 593
CONGRAD5: time = 1.571660e+00 (fn F) masses = 1 iters = 578 mflops = 2.011558e+03
 OK converged final_rsq= 1e-10 (cf 1e-10) rel = 1 (cf 0) restarts = 2 iters= 578
GFTIME:   time = 2.724519e-01 (Symanzik1) mflops = 2.587769e+03
FFTIME:  time = 9.616499e-01 (asqtad3) terms = 2 mflops = 2.079473e+03
CONGRAD5: time = 1.626791e+00 (fn F) masses = 1 iters = 592 mflops = 1.990459e+03
 OK converged final_rsq= 4.9e-11 (cf 1e-10) rel = 1 (cf 0) restarts = 3 iters= 592
CONGRAD5: time = 1.495225e+00 (fn F) masses = 1 iters = 578 mflops = 2.114387e+03
 OK converged final_rsq= 1e-10 (cf 1e-10) rel = 1 (cf 0) restarts = 2 iters= 578
GFTIME:   time = 2.537980e-01 (Symanzik1) mflops = 2.777967e+03
FFTIME:  time = 9.205291e-01 (asqtad3) terms = 2 mflops = 2.172364e+03
CONGRAD5: time = 1.626617e+00 (fn F) masses = 1 iters = 594 mflops = 1.997397e+03
 OK converged final_rsq= 9.8e-11 (cf 1e-10) rel = 1 (cf 0) restarts = 2 iters= 594
CONGRAD5: time = 1.587860e+00 (fn F) masses = 1 iters = 580 mflops = 1.997924e+03
 OK converged final_rsq= 4.9e-11 (cf 1e-10) rel = 1 (cf 0) restarts = 3 iters= 580
GFTIME:   time = 3.004191e-01 (Symanzik1) mflops = 2.346863e+03
FFTIME:  time = 9.769950e-01 (asqtad3) terms = 2 mflops = 2.046811e+03
CONGRAD5: time = 1.571193e+00 (fn F) masses = 1 iters = 593 mflops = 2.064374e+03
 OK converged final_rsq= 9.5e-11 (cf 1e-10) rel = 1 (cf 0) restarts = 2 iters= 593
CONGRAD5: time = 1.601295e+00 (fn F) masses = 1 iters = 592 mflops = 2.022151e+03
 OK converged final_rsq= 9.9e-11 (cf 1e-10) rel = 1 (cf 0) restarts = 2 iters= 592
GFTIME:   time = 3.017130e-01 (Symanzik1) mflops = 2.336798e+03
FFTIME:  time = 9.058840e-01 (asqtad3) terms = 2 mflops = 2.207484e+03
CONGRAD5: time = 1.484215e+00 (fn F) masses = 1 iters = 590 mflops = 2.174295e+03
 OK converged final_rsq= 4.9e-11 (cf 1e-10) rel = 1 (cf 0) restarts = 3 iters= 590
CONGRAD5: time = 1.592154e+00 (fn F) masses = 1 iters = 579 mflops = 1.989100e+03
 OK converged final_rsq= 1e-10 (cf 1e-10) rel = 1 (cf 0) restarts = 2 iters= 579
GFTIME:   time = 2.512212e-01 (Symanzik1) mflops = 2.806461e+03
FFTIME:  time = 9.235280e-01 (asqtad3) terms = 2 mflops = 2.165310e+03
CONGRAD5: time = 1.472657e+00 (fn F) masses = 1 iters = 593 mflops = 2.202502e+03
 OK converged final_rsq= 1e-10 (cf 1e-10) rel = 1 (cf 0) restarts = 2 iters= 593
CONGRAD5: time = 1.589894e+00 (fn F) masses = 1 iters = 571 mflops = 1.964405e+03
 OK converged final_rsq= 9.9e-11 (cf 1e-10) rel = 1 (cf 0) restarts = 2 iters= 571
GFTIME:   time = 2.547550e-01 (Symanzik1) mflops = 2.767531e+03
FFTIME:  time = 1.005317e+00 (asqtad3) terms = 2 mflops = 1.989148e+03
CONGRAD5: time = 1.633583e+00 (fn F) masses = 1 iters = 592 mflops = 1.982183e+03
 OK converged final_rsq= 9.8e-11 (cf 1e-10) rel = 1 (cf 0) restarts = 2 iters= 592
CONGRAD5: time = 1.538391e+00 (fn F) masses = 1 iters = 593 mflops = 2.108391e+03
 OK converged final_rsq= 5e-11 (cf 1e-10) rel = 1 (cf 0) restarts = 3 iters= 593
GFTIME:   time = 2.631931e-01 (Symanzik1) mflops = 2.678803e+03
FFTIME:  time = 9.242229e-01 (asqtad3) terms = 2 mflops = 2.163682e+03
CONGRAD5: time = 1.527087e+00 (fn F) masses = 1 iters = 589 mflops = 2.109671e+03
 OK converged final_rsq= 9.8e-11 (cf 1e-10) rel = 1 (cf 0) restarts = 2 iters= 589
CONGRAD5: time = 1.539546e+00 (fn F) masses = 1 iters = 578 mflops = 2.053517e+03
 OK converged final_rsq= 9.9e-11 (cf 1e-10) rel = 1 (cf 0) restarts = 2 iters= 578
GFTIME:   time = 2.938151e-01 (Symanzik1) mflops = 2.399612e+03
FFTIME:  time = 9.332931e-01 (asqtad3) terms = 2 mflops = 2.142654e+03
CONGRAD5: time = 1.570885e+00 (fn F) masses = 1 iters = 597 mflops = 2.078706e+03
 OK converged final_rsq= 9.5e-11 (cf 1e-10) rel = 1 (cf 0) restarts = 2 iters= 597
CONGRAD5: time = 1.585128e+00 (fn F) masses = 1 iters = 595 mflops = 2.053127e+03
 OK converged final_rsq= 9.4e-11 (cf 1e-10) rel = 1 (cf 0) restarts = 2 iters= 595
GFTIME:   time = 2.827060e-01 (Symanzik1) mflops = 2.493907e+03
FFTIME:  time = 9.065452e-01 (asqtad3) terms = 2 mflops = 2.205874e+03
CONGRAD5: time = 1.627291e+00 (fn F) masses = 1 iters = 600 mflops = 2.016737e+03
 OK converged final_rsq= 9.7e-11 (cf 1e-10) rel = 1 (cf 0) restarts = 2 iters= 600
CONGRAD5: time = 1.538274e+00 (fn F) masses = 1 iters = 597 mflops = 2.122774e+03
 OK converged final_rsq= 9.4e-11 (cf 1e-10) rel = 1 (cf 0) restarts = 2 iters= 597
GFTIME:   time = 2.760851e-01 (Symanzik1) mflops = 2.553714e+03
FFTIME:  time = 9.849529e-01 (asqtad3) terms = 2 mflops = 2.030274e+03
CONGRAD5: time = 1.524473e+00 (fn F) masses = 1 iters = 591 mflops = 2.120464e+03
 OK converged final_rsq= 9.6e-11 (cf 1e-10) rel = 1 (cf 0) restarts = 2 iters= 591
CONGRAD5: time = 1.600963e+00 (fn F) masses = 1 iters = 591 mflops = 2.019154e+03
 OK converged final_rsq= 4.9e-11 (cf 1e-10) rel = 1 (cf 0) restarts = 3 iters= 591
GFTIME:   time = 2.912900e-01 (Symanzik1) mflops = 2.420414e+03
FFTIME:  time = 9.048631e-01 (asqtad3) terms = 2 mflops = 2.209975e+03
CONGRAD5: time = 1.604723e+00 (fn F) masses = 1 iters = 598 mflops = 2.038282e+03
 OK converged final_rsq= 9.4e-11 (cf 1e-10) rel = 1 (cf 0) restarts = 2 iters= 598
CONGRAD5: time = 1.560181e+00 (fn F) masses = 1 iters = 595 mflops = 2.085956e+03
 OK converged final_rsq= 9.7e-11 (cf 1e-10) rel = 1 (cf 0) restarts = 2 iters= 595
GFTIME:   time = 2.507000e-01 (Symanzik1) mflops = 2.812295e+03
FFTIME:  time = 9.629631e-01 (asqtad3) terms = 2 mflops = 2.076637e+03
PLAQ:	1.498580	1.498366
P_LOOP:	-9.362450e-03	-1.518850e-02
G_LOOP:  0  0  4   	1.499101e+00	( 0 1 7 6  )
G_LOOP:  0  1  4   	1.497604e+00	( 0 2 7 5  )
G_LOOP:  0  2  4   	1.498743e+00	( 0 3 7 4  )
G_LOOP:  0  3  4   	1.499035e+00	( 1 2 6 5  )
G_LOOP:  0  4  4   	1.498258e+00	( 1 3 6 4  )
G_LOOP:  0  5  4   	1.498098e+00	( 2 3 5 4  )
G_LOOP:  1  0  6   	7.395123e-01	( 0 0 1 7 7 6  )
G_LOOP:  1  1  6   	7.376781e-01	( 0 0 2 7 7 5  )
G_LOOP:  1  2  6   	7.435045e-01	( 0 0 3 7 7 4  )
G_LOOP:  1  3  6   	7.406574e-01	( 1 1 0 6 6 7  )
G_LOOP:  1  4  6   	7.434037e-01	( 1 1 2 6 6 5  )
G_LOOP:  1  5  6   	7.406324e-01	( 1 1 3 6 6 4  )
G_LOOP:  1  6  6   	7.401077e-01	( 2 2 0 5 5 7  )
G_LOOP:  1  7  6   	7.442130e-01	( 2 2 1 5 5 6  )
G_LOOP:  1  8  6   	7.391238e-01	( 2 2 3 5 5 4  )
G_LOOP:  1  9  6   	7.384941e-01	( 3 3 0 4 4 7  )
G_LOOP:  1  10  6   	7.392203e-01	( 3 3 1 4 4 6  )
G_LOOP:  1  11  6   	7.403361e-01	( 3 3 2 4 4 5  )
G_LOOP:  2  0  6   	7.628318e-01	( 0 1 2 7 6 5  )
G_LOOP:  2  1  6   	7.608475e-01	( 0 1 5 7 6 2  )
G_LOOP:  2  2  6   	7.571566e-01	( 0 6 2 7 1 5  )
G_LOOP:  2  3  6   	7.599215e-01	( 0 6 5 7 1 2  )
G_LOOP:  2  4  6   	7.578938e-01	( 0 1 3 7 6 4  )
G_LOOP:  2  5  6   	7.569695e-01	( 0 1 4 7 6 3  )
G_LOOP:  2  6  6   	7.575471e-01	( 0 6 3 7 1 4  )
G_LOOP:  2  7  6   	7.594470e-01	( 0 6 4 7 1 3  )
G_LOOP:  2  8  6   	7.598450e-01	( 0 2 3 7 5 4  )
G_LOOP:  2  9  6   	7.594236e-01	( 0 2 4 7 5 3  )
G_LOOP:  2  10  6   	7.573897e-01	( 0 5 3 7 2 4  )
G_LOOP:  2  11  6   	7.594762e-01	( 0 5 4 7 2 3  )
G_LOOP:  2  12  6   	7.605993e-01	( 1 2 3 6 5 4  )
G_LOOP:  2  13  6   	7.580096e-01	( 1 2 4 6 5 3  )
G_LOOP:  2  14  6   	7.596792e-01	( 1 5 3 6 2 4  )
G_LOOP:  2  15  6   	7.599017e-01	( 1 5 4 6 2 3  )
GACTION: 6.534796e+00
CONGRAD5: time = 1.624822e+00 (fn F) masses = 1 iters = 585 mflops = 1.969306e+03
 OK converged final_rsq= 9.8e-11 (cf 1e-10) rel = 1 (cf 0) restarts = 2 iters= 585
CONGRAD5: time = 1.817319e-01 (fn F) masses = 1 iters = 72 mflops = 2.167028e+03
 OK converged final_rsq= 9.9e-11 (cf 1e-10) rel = 1 (cf 0) restarts = 1 iters= 72
PBP: mass 1.000000e-02     3.857641e-02  3.545636e-02  1.922859e-03  1.922105e-03 ( 1 of 1 )
FACTION: mass = 1.000000e-02,  1.499606e+00 ( 1 of 1 )
CONGRAD5: time = 1.546340e+00 (fn F) masses = 1 iters = 592 mflops = 2.094016e+03
 OK converged final_rsq= 9.7e-11 (cf 1e-10) rel = 1 (cf 0) restarts = 2 iters= 592
CONGRAD5: time = 1.978400e-01 (fn F) masses = 1 iters = 77 mflops = 2.128825e+03
 OK converged final_rsq= 1e-10 (cf 1e-10) rel = 1 (cf 0) restarts = 1 iters= 77
PBP: mass 1.000000e-02     3.377239e-02  4.241263e-02  8.153259e-03  8.156381e-03 ( 1 of 1 )
FACTION: mass = 1.000000e-02,  1.500867e+00 ( 1 of 1 )
CONGRAD5: time = 1.574688e+00 (fn F) masses = 1 iters = 588 mflops = 2.042424e+03
 OK converged final_rsq= 9.7e-11 (cf 1e-10) rel = 1 (cf 0) restarts = 2 iters= 588
CONGRAD5: time = 1.549925e+00 (fn F) masses = 1 iters = 585 mflops = 2.064469e+03
 OK converged final_rsq= 1e-10 (cf 1e-10) rel = 1 (cf 0) restarts = 2 iters= 585
GFTIME:   time = 2.923951e-01 (Symanzik1) mflops = 2.411266e+03
FFTIME:  time = 9.387820e-01 (asqtad3) terms = 2 mflops = 2.130127e+03
CONGRAD5: time = 1.680742e+00 (fn F) masses = 1 iters = 597 mflops = 1.942838e+03
 OK converged final_rsq= 9.5e-11 (cf 1e-10) rel = 1 (cf 0) restarts = 2 iters= 597
CONGRAD5: time = 1.618225e+00 (fn F) masses = 1 iters = 594 mflops = 2.007755e+03
 OK converged final_rsq= 9.6e-11 (cf 1e-10) rel = 1 (cf 0) restarts = 2 iters= 594
GFTIME:   time = 2.535179e-01 (Symanzik1) mflops = 2.781036e+03
FFTIME:  time = 9.194410e-01 (asqtad3) terms = 2 mflops = 2.174935e+03
CONGRAD5: time = 1.652721e+00 (fn F) masses = 1 iters = 598 mflops = 1.979087e+03
 OK converged final_rsq= 9.4e-11 (cf 1e-10) rel = 1 (cf 0) restarts = 2 iters= 598
CONGRAD5: time = 1.552357e+00 (fn F) masses = 1 iters = 598 mflops = 2.107040e+03
 OK converged final_rsq= 9.2e-11 (cf 1e-10) rel = 1 (cf 0) restarts = 2 iters= 598
GFTIME:   time = 2.721360e-01 (Symanzik1) mflops = 2.590773e+03
FFTIME:  time = 9.495389e-01 (asqtad3) terms = 2 mflops = 2.105995e+03
CONGRAD5: time = 1.542271e+00 (fn F) masses = 1 iters = 598 mflops = 2.120820e+03
 OK converged final_rsq= 9.5e-11 (cf 1e-10) rel = 1 (cf 0) restarts = 2 iters= 598
CONGRAD5: time = 1.582153e+00 (fn F) masses = 1 iters = 587 mflops = 2.029331e+03
 OK converged final_rsq= 9.7e-11 (cf 1e-10) rel = 1 (cf 0) restarts = 2 iters= 587
GFTIME:   time = 3.366809e-01 (Symanzik1) mflops = 2.094097e+03
FFTIME:  time = 9.359000e-01 (asqtad3) terms = 2 mflops = 2.136686e+03
CONGRAD5: time = 1.533754e+00 (fn F) masses = 1 iters = 594 mflops = 2.118332e+03
 OK converged final_rsq= 1e-10 (cf 1e-10) rel = 1 (cf 0) restarts = 2 iters= 594
CONGRAD5: time = 1.607119e+00 (fn F) masses = 1 iters = 588 mflops = 2.001209e+03
 OK converged final_rsq= 4.9e-11 (cf 1e-10) rel = 1 (cf 0) restarts = 3 iters= 588
GFTIME:   time = 3.180382e-01 (Symanzik1) mflops = 2.216848e+03
FFTIME:  time = 9.181290e-01 (asqtad3) terms = 2 mflops = 2.178043e+03
CONGRAD5: time = 1.595496e+00 (fn F) masses = 1 iters = 599 mflops = 2.053498e+03
 OK converged final_rsq= 9.2e-11 (cf 1e-10) rel = 1 (cf 0) restarts = 2 iters= 599
CONGRAD5: time = 1.557323e+00 (fn F) masses = 1 iters = 600 mflops = 2.107346e+03
 OK converged final_rsq= 8.1e-11 (cf 1e-10) rel = 1 (cf 0) restarts = 2 iters= 600
GFTIME:   time = 2.683930e-01 (Symanzik1) mflops = 2.626903e+03
FFTIME:  time = 9.770651e-01 (asqtad3) terms = 2 mflops = 2.046665e+03
CONGRAD5: time = 1.524926e+00 (fn F) masses = 1 iters = 593 mflops = 2.127008e+03
 OK converged final_rsq= 5e-11 (cf 1e-10) rel = 1 (cf 0) restarts = 3 iters= 593
CONGRAD5: time = 1.603783e+00 (fn F) masses = 1 iters = 590 mflops = 2.012193e+03
 OK converged final_rsq= 9.9e-11 (cf 1e-10) rel = 1 (cf 0) restarts = 2 iters= 590
GFTIME:   time = 2.802670e-01 (Symanzik1) mflops = 2.515610e+03
FFTIME:  time = 9.469650e-01 (asqtad3) terms = 2 mflops = 2.111720e+03
CONGRAD5: time = 1.651128e+00 (fn F) masses = 1 iters = 600 mflops = 1.987621e+03
 OK converged final_rsq= 9.5e-11 (cf 1e-10) rel = 1 (cf 0) restarts = 2 iters= 600
CONGRAD5: time = 1.488588e+00 (fn F) masses = 1 iters = 577 mflops = 2.120140e+03
 OK converged final_rsq= 5e-11 (cf 1e-10) rel = 1 (cf 0) restarts = 3 iters= 577
GFTIME:   time = 2.929041e-01 (Symanzik1) mflops = 2.407076e+03
FFTIME:  time = 9.273169e-01 (asqtad3) terms = 2 mflops = 2.156463e+03
CONGRAD5: time = 1.584359e+00 (fn F) masses = 1 iters = 602 mflops = 2.078290e+03
 OK converged final_rsq= 4.2e-11 (cf 1e-10) rel = 1 (cf 0) restarts = 3 iters= 602
CONGRAD5: time = 1.586813e+00 (fn F) masses = 1 iters = 594 mflops = 2.047500e+03
 OK converged final_rsq= 5e-11 (cf 1e-10) rel = 1 (cf 0) restarts = 3 iters= 594
GFTIME:   time = 3.257921e-01 (Symanzik1) mflops = 2.164087e+03
FFTIME:  time = 9.453700e-01 (asqtad3) terms = 2 mflops = 2.115283e+03
CONGRAD5: time = 1.619141e+00 (fn F) masses = 1 iters = 585 mflops = 1.976216e+03
 OK converged final_rsq= 9.8e-11 (cf 1e-10) rel = 1 (cf 0) restarts = 2 iters= 585
CONGRAD5: time = 1.557198e+00 (fn F) masses = 1 iters = 577 mflops = 2.026727e+03
 OK converged final_rsq= 1e-10 (cf 1e-10) rel = 1 (cf 0) restarts = 2 iters= 577
GFTIME:   time = 2.581999e-01 (Symanzik1) mflops = 2.730607e+03
FFTIME:  time = 9.159911e-01 (asqtad3) terms = 2 mflops = 2.183127e+03
CONGRAD5: time = 1.620809e+00 (fn F) masses = 1 iters = 597 mflops = 2.014678e+03
 OK converged final_rsq= 1e-10 (cf 1e-10) rel = 1 (cf 0) restarts = 2 iters= 597
CONGRAD5: time = 1.587370e+00 (fn F) masses = 1 iters = 582 mflops = 2.005432e+03
 OK converged final_rsq= 4.9e-11 (cf 1e-10) rel = 1 (cf 0) restarts = 3 iters= 582
GFTIME:   time = 2.631118e-01 (Symanzik1) mflops = 2.679630e+03
FFTIME:  time = 1.021863e+00 (asqtad3) terms = 2 mflops = 1.956940e+03
CONGRAD5: time = 1.544868e+00 (fn F) masses = 1 iters = 600 mflops = 2.124335e+03
 OK converged final_rsq= 8.6e-11 (cf 1e-10) rel = 1 (cf 0) restarts = 2 iters= 600
CONGRAD5: time = 1.618051e+00 (fn F) masses = 1 iters = 599 mflops = 2.024873e+03
 OK converged final_rsq= 8.8e-11 (cf 1e-10) rel = 1 (cf 0) restarts = 2 iters= 599
GFTIME:   time = 2.839670e-01 (Symanzik1) mflops = 2.482832e+03
FFTIME:  time = 9.161451e-01 (asqtad3) terms = 2 mflops = 2.182760e+03
CONGRAD5: time = 1.506058e+00 (fn F) masses = 1 iters = 595 mflops = 2.160919e+03
 OK converged final_rsq= 9.9e-11 (cf 1e-10) rel = 1 (cf 0) restarts = 2 iters= 595
CONGRAD5: time = 5.483053e+01 (fn F) masses = 1 iters = 600 mflops = 5.985383e+01
 OK converged final_rsq= 4.9e-11 (cf 1e-10) rel = 1 (cf 0) restarts = 3 iters= 600
GFTIME:   time = 2.985849e-01 (Symanzik1) mflops = 2.361279e+03
FFTIME:  time = 9.609649e-01 (asqtad3) terms = 2 mflops = 2.080955e+03
CONGRAD5: time = 1.651549e+00 (fn F) masses = 1 iters = 598 mflops = 1.980491e+03
 OK converged final_rsq= 9.3e-11 (cf 1e-10) rel = 1 (cf 0) restarts = 2 iters= 598
CONGRAD5: time = 1.616299e+00 (fn F) masses = 1 iters = 588 mflops = 1.989843e+03
 OK converged final_rsq= 9.8e-11 (cf 1e-10) rel = 1 (cf 0) restarts = 2 iters= 588
GFTIME:   time = 2.864480e-01 (Symanzik1) mflops = 2.461328e+03
FFTIME:  time = 9.505000e-01 (asqtad3) terms = 2 mflops = 2.103866e+03
CONGRAD5: time = 1.629064e+00 (fn F) masses = 1 iters = 600 mflops = 2.014542e+03
 OK converged final_rsq= 1e-10 (cf 1e-10) rel = 1 (cf 0) restarts = 2 iters= 600
CONGRAD5: time = 1.667886e+00 (fn F) masses = 1 iters = 594 mflops = 1.947974e+03
 OK converged final_rsq= 1e-10 (cf 1e-10) rel = 1 (cf 0) restarts = 2 iters= 594
GFTIME:   time = 2.505791e-01 (Symanzik1) mflops = 2.813652e+03
FFTIME:  time = 9.192090e-01 (asqtad3) terms = 2 mflops = 2.175484e+03
PLAQ:	1.475018	1.474765
P_LOOP:	1.583971e-03	8.888766e-03
G_LOOP:  0  0  4   	1.475200e+00	( 0 1 7 6  )
G_LOOP:  0  1  4   	1.473302e+00	( 0 2 7 5  )
G_LOOP:  0  2  4   	1.474447e+00	( 0 3 7 4  )
G_LOOP:  0  3  4   	1.476551e+00	( 1 2 6 5  )
G_LOOP:  0  4  4   	1.473466e+00	( 1 3 6 4  )
G_LOOP:  0  5  4   	1.476382e+00	( 2 3 5 4  )
G_LOOP:  1  0  6   	7.168152e-01	( 0 0 1 7 7 6  )
G_LOOP:  1  1  6   	7.143560e-01	( 0 0 2 7 7 5  )
G_LOOP:  1  2  6   	7.200913e-01	( 0 0 3 7 7 4  )
G_LOOP:  1  3  6   	7.156780e-01	( 1 1 0 6 6 7  )
G_LOOP:  1  4  6   	7.181522e-01	( 1 1 2 6 6 5  )
G_LOOP:  1  5  6   	7.148206e-01	( 1 1 3 6 6 4  )
G_LOOP:  1  6  6   	7.170349e-01	( 2 2 0 5 5 7  )
G_LOOP:  1  7  6   	7.201545e-01	( 2 2 1 5 5 6  )
G_LOOP:  1  8  6   	7.182823e-01	( 2 2 3 5 5 4  )
G_LOOP:  1  9  6   	7.158960e-01	( 3 3 0 4 4 7  )
G_LOOP:  1  10  6   	7.152688e-01	( 3 3 1 4 4 6  )
G_LOOP:  1  11  6   	7.163844e-01	( 3 3 2 4 4 5  )
G_LOOP:  2  0  6   	7.356671e-01	( 0 1 2 7 6 5  )
G_LOOP:  2  1  6   	7.328274e-01	( 0 1 5 7 6 2  )
G_LOOP:  2  2  6   	7.315874e-01	( 0 6 2 7 1 5  )
G_LOOP:  2  3  6   	7.323769e-01	( 0 6 5 7 1 2  )
G_LOOP:  2  4  6   	7.306019e-01	( 0 1 3 7 6 4  )
G_LOOP:  2  5  6   	7.319978e-01	( 0 1 4 7 6 3  )
G_LOOP:  2  6  6   	7.344427e-01	( 0 6 3 7 1 4  )
G_LOOP:  2  7  6   	7.355533e-01	( 0 6 4 7 1 3  )
G_LOOP:  2  8  6   	7.341856e-01	( 0 2 3 7 5 4  )
G_LOOP:  2  9  6   	7.352679e-01	( 0 2 4 7 5 3  )
G_LOOP:  2  10  6   	7.323827e-01	( 0 5 3 7 2 4  )
G_LOOP:  2  11  6   	7.358148e-01	( 0 5 4 7 2 3  )
G_LOOP:  2  12  6   	7.352626e-01	( 1 2 3 6 5 4  )
G_LOOP:  2  13  6   	7.335346e-01	( 1 2 4 6 5 3  )
G_LOOP:  2  14  6   	7.329657e-01	( 1 5 3 6 2 4  )
G_LOOP:  2  15  6   	7.343445e-01	( 1 5 4 6 2 3  )
GACTION: 6.650037e+00
CONGRAD5: time = 1.599861e+00 (fn F) masses = 1 iters = 594 mflops = 2.030801e+03
 OK converged final_rsq= 9.6e-11 (cf 1e-10) rel = 1 (cf 0) restarts = 2 iters= 594
CONGRAD5: time = 2.426579e-01 (fn F) masses = 1 iters = 75 mflops = 1.690558e+03
 OK converged final_rsq= 9.8e-11 (cf 1e-10) rel = 1 (cf 0) restarts = 1 iters= 75
PBP: mass 1.000000e-02     4.191618e-02  3.939040e-02  -2.735264e-03  -2.734107e-03 ( 1 of 1 )
FACTION: mass = 1.000000e-02,  1.498802e+00 ( 1 of 1 )
CONGRAD5: time = 1.499327e+00 (fn F) masses = 1 iters = 597 mflops = 2.177916e+03
 OK converged final_rsq= 9.6e-11 (cf 1e-10) rel = 1 (cf 0) restarts = 2 iters= 597
CONGRAD5: time = 2.090099e-01 (fn F) masses = 1 iters = 81 mflops = 2.119734e+03
 OK converged final_rsq= 1e-10 (cf 1e-10) rel = 1 (cf 0) restarts = 1 iters= 81
PBP: mass 1.000000e-02     3.659735e-02  4.621624e-02  -2.733654e-03  -2.734212e-03 ( 1 of 1 )
FACTION: mass = 1.000000e-02,  1.497408e+00 ( 1 of 1 )
CONGRAD5: time = 1.650074e+00 (fn F) masses = 1 iters = 602 mflops = 1.995521e+03
 OK converged final_rsq= 5e-11 (cf 1e-10) rel = 1 (cf 0) restarts = 3 iters= 602
CONGRAD5: time = 1.614529e+00 (fn F) masses = 1 iters = 600 mflops = 2.032678e+03
 OK converged final_rsq= 9.6e-11 (cf 1e-10) rel = 1 (cf 0) restarts = 2 iters= 600
GFTIME:   time = 3.116758e-01 (Symanzik1) mflops = 2.262102e+03
FFTIME:  time = 9.382520e-01 (asqtad3) terms = 2 mflops = 2.131330e+03
CONGRAD5: time = 1.644313e+00 (fn F) masses = 1 iters = 600 mflops = 1.995859e+03
 OK converged final_rsq= 8.6e-11 (cf 1e-10) rel = 1 (cf 0) restarts = 2 iters= 600
CONGRAD5: time = 1.600331e+00 (fn F) masses = 1 iters = 596 mflops = 2.037040e+03
 OK converged final_rsq= 9.5e-11 (cf 1e-10) rel = 1 (cf 0) restarts = 2 iters= 596
GFTIME:   time = 2.563882e-01 (Symanzik1) mflops = 2.749902e+03
FFTIME:  time = 9.397280e-01 (asqtad3) terms = 2 mflops = 2.127982e+03
CONGRAD5: time = 1.555153e+00 (fn F) masses = 1 iters = 598 mflops = 2.103252e+03
 OK converged final_rsq= 9.8e-11 (cf 1e-10) rel = 1 (cf 0) restarts = 2 iters= 598
CONGRAD5: time = 1.684312e+00 (fn F) masses = 1 iters = 602 mflops = 1.954957e+03
 OK converged final_rsq= 3.8e-11 (cf 1e-10) rel = 1 (cf 0) restarts = 3 iters= 602
GFTIME:   time = 2.750099e-01 (Symanzik1) mflops = 2.563699e+03
FFTIME:  time = 9.503951e-01 (asqtad3) terms = 2 mflops = 2.104098e+03
CONGRAD5: time = 1.514741e+00 (fn F) masses = 1 iters = 600 mflops = 2.166587e+03
 OK converged final_rsq= 8.9e-11 (cf 1e-10) rel = 1 (cf 0) restarts = 2 iters= 600
CONGRAD5: time = 1.627758e+00 (fn F) masses = 1 iters = 592 mflops = 1.989276e+03
 OK converged final_rsq= 4.9e-11 (cf 1e-10) rel = 1 (cf 0) restarts = 3 iters= 592
GFTIME:   time = 2.563679e-01 (Symanzik1) mflops = 2.750120e+03
FFTIME:  time = 9.167171e-01 (asqtad3) terms = 2 mflops = 2.181398e+03
CONGRAD5: time = 1.655566e+00 (fn F) masses = 1 iters = 599 mflops = 1.978990e+03
 OK converged final_rsq= 9.1e-11 (cf 1e-10) rel = 1 (cf 0) restarts = 2 iters= 599
CONGRAD5: time = 1.567730e+00 (fn F) masses = 1 iters = 601 mflops = 2.096845e+03
 OK converged final_rsq= 4.7e-11 (cf 1e-10) rel = 1 (cf 0) restarts = 3 iters= 601
GFTIME:   time = 3.007209e-01 (Symanzik1) mflops = 2.344507e+03
FFTIME:  time = 9.482260e-01 (asqtad3) terms = 2 mflops = 2.108911e+03
CONGRAD5: time = 1.568642e+00 (fn F) masses = 1 iters = 602 mflops = 2.099113e+03
 OK converged final_rsq= 4.7e-11 (cf 1e-10) rel = 1 (cf 0) restarts = 3 iters= 602
CONGRAD5: time = 1.609379e+00 (fn F) masses = 1 iters = 582 mflops = 1.978007e+03
 OK converged final_rsq= 9.8e-11 (cf 1e-10) rel = 1 (cf 0) restarts = 2 iters= 582
GFTIME:   time = 2.585070e-01 (Symanzik1) mflops = 2.727363e+03
FFTIME:  time = 9.185350e-01 (asqtad3) terms = 2 mflops = 2.177080e+03
CONGRAD5: time = 1.818667e+00 (fn F) masses = 1 iters = 660 mflops = 1.984970e+03
 OK converged final_rsq= 9.9e-11 (cf 1e-10) rel = 1 (cf 0) restarts = 3 iters= 660
CONGRAD5: time = 1.579127e+00 (fn F) masses = 1 iters = 592 mflops = 2.050538e+03
 OK converged final_rsq= 9.8e-11 (cf 1e-10) rel = 1 (cf 0) restarts = 2 iters= 592
GFTIME:   time = 3.114281e-01 (Symanzik1) mflops = 2.263901e+03
FFTIME:  time = 9.537129e-01 (asqtad3) terms = 2 mflops = 2.096778e+03
CONGRAD5: time = 1.546753e+00 (fn F) masses = 1 iters = 602 mflops = 2.128819e+03
 OK converged final_rsq= 5.6e-11 (cf 1e-10) rel = 1 (cf 0) restarts = 3 iters= 602
CONGRAD5: time = 1.658259e+00 (fn F) masses = 1 iters = 600 mflops = 1.979074e+03
 OK converged final_rsq= 9.2e-11 (cf 1e-10) rel = 1 (cf 0) restarts = 2 iters= 600
GFTIME:   time = 2.655139e-01 (Symanzik1) mflops = 2.655388e+03
FFTIME:  time = 9.462411e-01 (asqtad3) terms = 2 mflops = 2.113335e+03
CONGRAD5: time = 1.655302e+00 (fn F) masses = 1 iters = 600 mflops = 1.982610e+03
 OK converged final_rsq= 9.6e-11 (cf 1e-10) rel = 1 (cf 0) restarts = 2 iters= 600
CONGRAD5: time = 1.555295e+00 (fn F) masses = 1 iters = 600 mflops = 2.110093e+03
 OK converged final_rsq= 8.5e-11 (cf 1e-10) rel = 1 (cf 0) restarts = 2 iters= 600
GFTIME:   time = 2.529771e-01 (Symanzik1) mflops = 2.786981e+03
FFTIME:  time = 9.214151e-01 (asqtad3) terms = 2 mflops = 2.170275e+03
CONGRAD5: time = 1.563982e+00 (fn F) masses = 1 iters = 602 mflops = 2.105368e+03
 OK converged final_rsq= 4.3e-11 (cf 1e-10) rel = 1 (cf 0) restarts = 3 iters= 602
CONGRAD5: time = 1.573373e+00 (fn F) masses = 1 iters = 602 mflops = 2.092801e+03
 OK converged final_rsq= 5.4e-11 (cf 1e-10) rel = 1 (cf 0) restarts = 3 iters= 602
GFTIME:   time = 2.777970e-01 (Symanzik1) mflops = 2.537977e+03
FFTIME:  time = 9.236691e-01 (asqtad3) terms = 2 mflops = 2.164979e+03
CONGRAD5: time = 1.550687e+00 (fn F) masses = 1 iters = 602 mflops = 2.123418e+03
 OK converged final_rsq= 9.4e-11 (cf 1e-10) rel = 1 (cf 0) restarts = 3 iters= 602
CONGRAD5: time = 1.758942e+00 (fn F) masses = 1 iters = 599 mflops = 1.862681e+03
 OK converged final_rsq= 9.5e-11 (cf 1e-10) rel = 1 (cf 0) restarts = 2 iters= 599
GFTIME:   time = 2.566471e-01 (Symanzik1) mflops = 2.747128e+03
FFTIME:  time = 9.666212e-01 (asqtad3) terms = 2 mflops = 2.068778e+03
CONGRAD5: time = 1.657933e+00 (fn F) masses = 1 iters = 602 mflops = 1.986062e+03
 OK converged final_rsq= 7.7e-11 (cf 1e-10) rel = 1 (cf 0) restarts = 3 iters= 602
CONGRAD5: time = 1.553808e+00 (fn F) masses = 1 iters = 602 mflops = 2.119153e+03
 OK converged final_rsq= 3.8e-11 (cf 1e-10) rel = 1 (cf 0) restarts = 3 iters= 602
GFTIME:   time = 2.546871e-01 (Symanzik1) mflops = 2.768269e+03
FFTIME:  time = 9.486489e-01 (asqtad3) terms = 2 mflops = 2.107971e+03
CONGRAD5: time = 1.576279e+00 (fn F) masses = 1 iters = 602 mflops = 2.088943e+03
 OK converged final_rsq= 5e-11 (cf 1e-10) rel = 1 (cf 0) restarts = 3 iters= 602
CONGRAD5: time = 1.602813e+00 (fn F) masses = 1 iters = 602 mflops = 2.054361e+03
 OK converged final_rsq= 5.8e-11 (cf 1e-10) rel = 1 (cf 0) restarts = 3 iters= 602
GFTIME:   time = 2.950308e-01 (Symanzik1) mflops = 2.389725e+03
FFTIME:  time = 9.213982e-01 (asqtad3) terms = 2 mflops = 2.170315e+03
CONGRAD5: time = 1.597143e+00 (fn F) masses = 1 iters = 602 mflops = 2.061655e+03
 OK converged final_rsq= 4e-11 (cf 1e-10) rel = 1 (cf 0) restarts = 3 iters= 602
CONGRAD5: time = 1.598849e+00 (fn F) masses = 1 iters = 600 mflops = 2.052613e+03
 OK converged final_rsq= 9.8e-11 (cf 1e-10) rel = 1 (cf 0) restarts = 2 iters= 600
GFTIME:   time = 3.011479e-01 (Symanzik1) mflops = 2.341183e+03
FFTIME:  time = 9.198499e-01 (asqtad3) terms = 2 mflops = 2.173968e+03
CONGRAD5: time = 1.615850e+00 (fn F) masses = 1 iters = 602 mflops = 2.037786e+03
 OK converged final_rsq= 7.1e-11 (cf 1e-10) rel = 1 (cf 0) restarts = 3 iters= 602
CONGRAD5: time = 1.558256e+00 (fn F) masses = 1 iters = 602 mflops = 2.113104e+03
 OK converged final_rsq= 5.1e-11 (cf 1e-10) rel = 1 (cf 0) restarts = 3 iters= 602
GFTIME:   time = 2.923510e-01 (Symanzik1) mflops = 2.411630e+03
FFTIME:  time = 9.550610e-01 (asqtad3) terms = 2 mflops = 2.093819e+03
PLAQ:	1.458367	1.460052
P_LOOP:	1.011199e-02	-3.870468e-03
G_LOOP:  0  0  4   	1.457649e+00	( 0 1 7 6  )
G_LOOP:  0  1  4   	1.460337e+00	( 0 2 7 5  )
G_LOOP:  0  2  4   	1.459907e+00	( 0 3 7 4  )
G_LOOP:  0  3  4   	1.457116e+00	( 1 2 6 5  )
G_LOOP:  0  4  4   	1.459338e+00	( 1 3 6 4  )
G_LOOP:  0  5  4   	1.460910e+00	( 2 3 5 4  )
G_LOOP:  1  0  6   	6.963547e-01	( 0 0 1 7 7 6  )
G_LOOP:  1  1  6   	7.006467e-01	( 0 0 2 7 7 5  )
G_LOOP:  1  2  6   	6.973474e-01	( 0 0 3 7 7 4  )
G_LOOP:  1  3  6   	6.966182e-01	( 1 1 0 6 6 7  )
G_LOOP:  1  4  6   	6.982516e-01	( 1 1 2 6 6 5  )
G_LOOP:  1  5  6   	6.989510e-01	( 1 1 3 6 6 4  )
G_LOOP:  1  6  6   	7.036480e-01	( 2 2 0 5 5 7  )
G_LOOP:  1  7  6   	6.974191e-01	( 2 2 1 5 5 6  )
G_LOOP:  1  8  6   	7.036013e-01	( 2 2 3 5 5 4  )
G_LOOP:  1  9  6   	6.996095e-01	( 3 3 0 4 4 7  )
G_LOOP:  1  10  6   	6.980197e-01	( 3 3 1 4 4 6  )
G_LOOP:  1  11  6   	7.032359e-01	( 3 3 2 4 4 5  )
G_LOOP:  2  0  6   	7.138192e-01	( 0 1 2 7 6 5  )
G_LOOP:  2  1  6   	7.152912e-01	( 0 1 5 7 6 2  )
G_LOOP:  2  2  6   	7.137783e-01	( 0 6 2 7 1 5  )
G_LOOP:  2  3  6   	7.167190e-01	( 0 6 5 7 1 2  )
G_LOOP:  2  4  6   	7.141562e-01	( 0 1 3 7 6 4  )
G_LOOP:  2  5  6   	7.104113e-01	( 0 1 4 7 6 3  )
G_LOOP:  2  6  6   	7.120237e-01	( 0 6 3 7 1 4  )
G_LOOP:  2  7  6   	7.161655e-01	( 0 6 4 7 1 3  )
G_LOOP:  2  8  6   	7.144114e-01	( 0 2 3 7 5 4  )
G_LOOP:  2  9  6   	7.154319e-01	( 0 2 4 7 5 3  )
G_LOOP:  2  10  6   	7.155286e-01	( 0 5 3 7 2 4  )
G_LOOP:  2  11  6   	7.151513e-01	( 0 5 4 7 2 3  )
G_LOOP:  2  12  6   	7.150617e-01	( 1 2 3 6 5 4  )
G_LOOP:  2  13  6   	7.172743e-01	( 1 2 4 6 5 3  )
G_LOOP:  2  14  6   	7.141801e-01	( 1 5 3 6 2 4  )
G_LOOP:  2  15  6   	7.111596e-01	( 1 5 4 6 2 3  )
GACTION: 6.724708e+00
CONGRAD5: time = 1.558456e+00 (fn F) masses = 1 iters = 600 mflops = 2.105813e+03
 OK converged final_rsq= 9.1e-11 (cf 1e-10) rel = 1 (cf 0) restarts = 2 iters= 600
CONGRAD5: time = 2.586579e-01 (fn F) masses = 1 iters = 96 mflops = 2.030059e+03
 OK converged final_rsq= 9.9e-11 (cf 1e-10) rel = 1 (cf 0) restarts = 1 iters= 96
PBP: mass 1.000000e-02     3.839806e-02  5.051406e-02  6.025208e-03  6.024647e-03 ( 1 of 1 )
FACTION: mass = 1.000000e-02,  1.500697e+00 ( 1 of 1 )
CONGRAD5: time = 1.622852e+00 (fn F) masses = 1 iters = 602 mflops = 2.028994e+03
 OK converged final_rsq= 4e-11 (cf 1e-10) rel = 1 (cf 0) restarts = 3 iters= 602
CONGRAD5: time = 2.624199e-01 (fn F) masses = 1 iters = 104 mflops = 2.167703e+03
 OK converged final_rsq= 9.9e-11 (cf 1e-10) rel = 1 (cf 0) restarts = 1 iters= 104
PBP: mass 1.000000e-02     4.677702e-02  4.116680e-02  -8.326679e-04  -8.283313e-04 ( 1 of 1 )
FACTION: mass = 1.000000e-02,  1.500646e+00 ( 1 of 1 )
RUNNING COMPLETED
average cg iters for step= 1.181000e+03
Time = 3.669334e+02 seconds
total_iters = 147683
Checksums 8b320b36 d4728e60
Saved gauge configuration in parallel to binary file lat_p64_size128_2
Time stamp Wed May 18 19:36:36 2022
Wrote info file lat_p64_size128_2.info
Time to save = 6.244452e-01
CHECK PLAQ: 1.458367e+00 1.460052e+00
CHECK NERSC LINKTR: 1.434110e-01 CKSUM: d7ca6bf8


get_i(0): EOF on input.
Elapsed total time: 405.743036
exit: Wed May 18 19:36:37 2022

