SU3 with improved KS action
Microcanonical simulation with refreshing
R algorithm
MIMD version 7.8.1
Machine = MPI (portable), with 32 nodes
Host(0) = nid05573
Username = mcopik
Options selected...
Generic single precision
C_GLOBAL_INLINE
DBLSTORE_FN
D_FN_GATHER13
FEWSUMS
KS_MULTIFF=FNMAT
VECLENGTH=4
type 0 for no prompts, 1 for prompts, or 2 for proofreading
nflavors1 2
nflavors2 1
nx 16
ny 16
nz 16
nt 36
iseed 5682304
LAYOUT = Hypercubes, options = hyper_prime,
automatic hyper_prime layout
ON EACH NODE 8 x 8 x 8 x 9
Mallocing 4.5 MBytes per node for lattice
WARNING!!: Resetting random seed
Made lattice
Made nn gathers
Made 3nn gathers
Finished setup


warms 0
trajecs 4
traj_between_meas 1
beta 5.6
mass1 0.125
mass2 0.125
u0 0.8441
microcanonical_time_step 0.2
steps_per_trajectory 5
max_cg_iterations 100
max_cg_restarts 5
error_per_site 0.125
error_for_propagator 0.125
npbp_reps 1
prec_pbp 1
fresh 
save_parallel lat_p64_size128_1
unit gauge configuration loaded
CHECK PLAQ: 3.000000e+00 3.000000e+00
CHECK NERSC LINKTR: 1.000000e+00 CKSUM: 0
Unitarity checked.  Max deviation 0.00e+00
Time to check unitarity = 1.080036e-03
"O(a^2): couplings(pi)=0, Naik term, No O(a^2) errors, tadpole weights"
path coefficients: npath  path_coeff  multiplicity
                    0      6.250000e-01     8
                    1      -5.847914e-02     8
                    2      -8.771871e-02     48
                    3      3.077829e-02     192
                    4      -7.199551e-03     384
                    5      -1.231132e-01     48
Symanzik 1x1 + 1x2 + 1x1x1 action
gauge_action: total_dyn_flavors = 3
loop coefficients: nloop rep loop_coeff  multiplicity
                    0 0      1.000000e+00     6
                    1 0      -7.762509e-02     12
                    2 0      -1.031171e-02     16
WARMUPS COMPLETED
CONGRAD5: time = 1.679301e-02 (fn F) masses = 1 iters = 4 mflops = 1.302850e+03
 OK converged final_rsq= 0.006 (cf 0.016) rel = 1 (cf 0) restarts = 1 iters= 4
CONGRAD5: time = 1.469707e-02 (fn F) masses = 1 iters = 4 mflops = 1.488649e+03
 OK converged final_rsq= 0.0059 (cf 0.016) rel = 1 (cf 0) restarts = 1 iters= 4
GFTIME:   time = 2.970390e-01 (Symanzik1) mflops = 2.373568e+03
FFTIME:  time = 9.172370e-01 (asqtad3) terms = 2 mflops = 2.180161e+03
CONGRAD5: time = 2.446985e-02 (fn F) masses = 1 iters = 4 mflops = 8.941118e+02
 OK converged final_rsq= 0.01 (cf 0.016) rel = 1 (cf 0) restarts = 1 iters= 4
CONGRAD5: time = 2.082610e-02 (fn F) masses = 1 iters = 4 mflops = 1.050546e+03
 OK converged final_rsq= 0.0097 (cf 0.016) rel = 1 (cf 0) restarts = 1 iters= 4
GFTIME:   time = 2.983642e-01 (Symanzik1) mflops = 2.363027e+03
FFTIME:  time = 9.094319e-01 (asqtad3) terms = 2 mflops = 2.198872e+03
CONGRAD5: time = 1.816797e-02 (fn F) masses = 1 iters = 4 mflops = 1.204250e+03
 OK converged final_rsq= 0.014 (cf 0.016) rel = 1 (cf 0) restarts = 1 iters= 4
CONGRAD5: time = 1.665592e-02 (fn F) masses = 1 iters = 4 mflops = 1.313574e+03
 OK converged final_rsq= 0.014 (cf 0.016) rel = 1 (cf 0) restarts = 1 iters= 4
GFTIME:   time = 2.972689e-01 (Symanzik1) mflops = 2.371733e+03
FFTIME:  time = 9.158468e-01 (asqtad3) terms = 2 mflops = 2.183471e+03
CONGRAD5: time = 2.532506e-02 (fn F) masses = 1 iters = 4 mflops = 8.639184e+02
 OK converged final_rsq= 0.013 (cf 0.016) rel = 1 (cf 0) restarts = 1 iters= 4
CONGRAD5: time = 1.992798e-02 (fn F) masses = 1 iters = 4 mflops = 1.097893e+03
 OK converged final_rsq= 0.013 (cf 0.016) rel = 1 (cf 0) restarts = 1 iters= 4
GFTIME:   time = 2.899878e-01 (Symanzik1) mflops = 2.431283e+03
FFTIME:  time = 9.146140e-01 (asqtad3) terms = 2 mflops = 2.186414e+03
CONGRAD5: time = 1.741791e-02 (fn F) masses = 1 iters = 4 mflops = 1.256109e+03
 OK converged final_rsq= 0.011 (cf 0.016) rel = 1 (cf 0) restarts = 1 iters= 4
CONGRAD5: time = 1.637006e-02 (fn F) masses = 1 iters = 4 mflops = 1.336512e+03
 OK converged final_rsq= 0.011 (cf 0.016) rel = 1 (cf 0) restarts = 1 iters= 4
GFTIME:   time = 3.063941e-01 (Symanzik1) mflops = 2.301097e+03
FFTIME:  time = 9.121189e-01 (asqtad3) terms = 2 mflops = 2.192395e+03
PLAQ:	2.348688	2.349026
P_LOOP:	2.691398e-03	4.211928e-03
G_LOOP:  0  0  4   	2.347009e+00	( 0 1 7 6  )
G_LOOP:  0  1  4   	2.349642e+00	( 0 2 7 5  )
G_LOOP:  0  2  4   	2.349649e+00	( 0 3 7 4  )
G_LOOP:  0  3  4   	2.349413e+00	( 1 2 6 5  )
G_LOOP:  0  4  4   	2.348984e+00	( 1 3 6 4  )
G_LOOP:  0  5  4   	2.348445e+00	( 2 3 5 4  )
G_LOOP:  1  0  6   	1.771316e+00	( 0 0 1 7 7 6  )
G_LOOP:  1  1  6   	1.776566e+00	( 0 0 2 7 7 5  )
G_LOOP:  1  2  6   	1.776867e+00	( 0 0 3 7 7 4  )
G_LOOP:  1  3  6   	1.770503e+00	( 1 1 0 6 6 7  )
G_LOOP:  1  4  6   	1.777199e+00	( 1 1 2 6 6 5  )
G_LOOP:  1  5  6   	1.774381e+00	( 1 1 3 6 6 4  )
G_LOOP:  1  6  6   	1.775959e+00	( 2 2 0 5 5 7  )
G_LOOP:  1  7  6   	1.775263e+00	( 2 2 1 5 5 6  )
G_LOOP:  1  8  6   	1.775328e+00	( 2 2 3 5 5 4  )
G_LOOP:  1  9  6   	1.777224e+00	( 3 3 0 4 4 7  )
G_LOOP:  1  10  6   	1.775937e+00	( 3 3 1 4 4 6  )
G_LOOP:  1  11  6   	1.773587e+00	( 3 3 2 4 4 5  )
G_LOOP:  2  0  6   	1.821641e+00	( 0 1 2 7 6 5  )
G_LOOP:  2  1  6   	1.822607e+00	( 0 1 5 7 6 2  )
G_LOOP:  2  2  6   	1.821059e+00	( 0 6 2 7 1 5  )
G_LOOP:  2  3  6   	1.820510e+00	( 0 6 5 7 1 2  )
G_LOOP:  2  4  6   	1.821227e+00	( 0 1 3 7 6 4  )
G_LOOP:  2  5  6   	1.818580e+00	( 0 1 4 7 6 3  )
G_LOOP:  2  6  6   	1.821414e+00	( 0 6 3 7 1 4  )
G_LOOP:  2  7  6   	1.820217e+00	( 0 6 4 7 1 3  )
G_LOOP:  2  8  6   	1.822495e+00	( 0 2 3 7 5 4  )
G_LOOP:  2  9  6   	1.822749e+00	( 0 2 4 7 5 3  )
G_LOOP:  2  10  6   	1.824359e+00	( 0 5 3 7 2 4  )
G_LOOP:  2  11  6   	1.822564e+00	( 0 5 4 7 2 3  )
G_LOOP:  2  12  6   	1.823449e+00	( 1 2 3 6 5 4  )
G_LOOP:  2  13  6   	1.821729e+00	( 1 2 4 6 5 3  )
G_LOOP:  2  14  6   	1.821191e+00	( 1 5 3 6 2 4  )
G_LOOP:  2  15  6   	1.821120e+00	( 1 5 4 6 2 3  )
GACTION: 2.571373e+00
CONGRAD5: time = 2.143502e-02 (fn F) masses = 1 iters = 4 mflops = 1.020703e+03
 OK converged final_rsq= 0.01 (cf 0.016) rel = 1 (cf 0) restarts = 1 iters= 4
CONGRAD5: time = 2.768183e-02 (fn F) masses = 1 iters = 6 mflops = 1.185549e+03
 OK converged final_rsq= 0.0091 (cf 0.016) rel = 1 (cf 0) restarts = 1 iters= 6
PBP: mass 1.250000e-01     6.812841e-02  9.727044e-02  2.709919e-03  2.812244e-03 ( 1 of 1 )
FACTION: mass = 1.250000e-01,  1.464836e+00 ( 1 of 1 )
CONGRAD5: time = 2.096200e-02 (fn F) masses = 1 iters = 4 mflops = 1.043736e+03
 OK converged final_rsq= 0.01 (cf 0.016) rel = 1 (cf 0) restarts = 1 iters= 4
CONGRAD5: time = 2.764702e-02 (fn F) masses = 1 iters = 6 mflops = 1.187042e+03
 OK converged final_rsq= 0.009 (cf 0.016) rel = 1 (cf 0) restarts = 1 iters= 6
PBP: mass 1.250000e-01     7.051055e-02  9.381208e-02  -7.107934e-04  -4.977023e-04 ( 1 of 1 )
FACTION: mass = 1.250000e-01,  1.468086e+00 ( 1 of 1 )
CONGRAD5: time = 1.605892e-02 (fn F) masses = 1 iters = 4 mflops = 1.362407e+03
 OK converged final_rsq= 0.011 (cf 0.016) rel = 1 (cf 0) restarts = 1 iters= 4
CONGRAD5: time = 1.407385e-02 (fn F) masses = 1 iters = 4 mflops = 1.554570e+03
 OK converged final_rsq= 0.011 (cf 0.016) rel = 1 (cf 0) restarts = 1 iters= 4
GFTIME:   time = 2.482879e-01 (Symanzik1) mflops = 2.839616e+03
FFTIME:  time = 9.190121e-01 (asqtad3) terms = 2 mflops = 2.175950e+03
CONGRAD5: time = 1.662898e-02 (fn F) masses = 1 iters = 5 mflops = 1.644628e+03
 OK converged final_rsq= 0.007 (cf 0.016) rel = 1 (cf 0) restarts = 1 iters= 5
CONGRAD5: time = 1.405597e-02 (fn F) masses = 1 iters = 4 mflops = 1.556548e+03
 OK converged final_rsq= 0.015 (cf 0.016) rel = 1 (cf 0) restarts = 1 iters= 4
GFTIME:   time = 2.418950e-01 (Symanzik1) mflops = 2.914664e+03
FFTIME:  time = 8.943992e-01 (asqtad3) terms = 2 mflops = 2.235830e+03
CONGRAD5: time = 1.675987e-02 (fn F) masses = 1 iters = 5 mflops = 1.631783e+03
 OK converged final_rsq= 0.0089 (cf 0.016) rel = 1 (cf 0) restarts = 1 iters= 5
CONGRAD5: time = 1.649284e-02 (fn F) masses = 1 iters = 5 mflops = 1.658203e+03
 OK converged final_rsq= 0.0085 (cf 0.016) rel = 1 (cf 0) restarts = 1 iters= 5
GFTIME:   time = 2.460809e-01 (Symanzik1) mflops = 2.865084e+03
FFTIME:  time = 9.141328e-01 (asqtad3) terms = 2 mflops = 2.187565e+03
CONGRAD5: time = 2.200794e-02 (fn F) masses = 1 iters = 5 mflops = 1.242664e+03
 OK converged final_rsq= 0.0085 (cf 0.016) rel = 1 (cf 0) restarts = 1 iters= 5
CONGRAD5: time = 1.884413e-02 (fn F) masses = 1 iters = 5 mflops = 1.451300e+03
 OK converged final_rsq= 0.0082 (cf 0.016) rel = 1 (cf 0) restarts = 1 iters= 5
GFTIME:   time = 2.937520e-01 (Symanzik1) mflops = 2.400128e+03
FFTIME:  time = 8.999579e-01 (asqtad3) terms = 2 mflops = 2.222020e+03
CONGRAD5: time = 2.117991e-02 (fn F) masses = 1 iters = 5 mflops = 1.291246e+03
 OK converged final_rsq= 0.0074 (cf 0.016) rel = 1 (cf 0) restarts = 1 iters= 5
CONGRAD5: time = 1.415014e-02 (fn F) masses = 1 iters = 4 mflops = 1.546188e+03
 OK converged final_rsq= 0.015 (cf 0.016) rel = 1 (cf 0) restarts = 1 iters= 4
GFTIME:   time = 2.550731e-01 (Symanzik1) mflops = 2.764080e+03
FFTIME:  time = 9.219332e-01 (asqtad3) terms = 2 mflops = 2.169056e+03
PLAQ:	2.014040	2.013665
P_LOOP:	1.283123e-02	1.480561e-02
G_LOOP:  0  0  4   	2.013689e+00	( 0 1 7 6  )
G_LOOP:  0  1  4   	2.013798e+00	( 0 2 7 5  )
G_LOOP:  0  2  4   	2.012642e+00	( 0 3 7 4  )
G_LOOP:  0  3  4   	2.014635e+00	( 1 2 6 5  )
G_LOOP:  0  4  4   	2.014011e+00	( 1 3 6 4  )
G_LOOP:  0  5  4   	2.014343e+00	( 2 3 5 4  )
G_LOOP:  1  0  6   	1.300633e+00	( 0 0 1 7 7 6  )
G_LOOP:  1  1  6   	1.303425e+00	( 0 0 2 7 7 5  )
G_LOOP:  1  2  6   	1.299099e+00	( 0 0 3 7 7 4  )
G_LOOP:  1  3  6   	1.303676e+00	( 1 1 0 6 6 7  )
G_LOOP:  1  4  6   	1.302897e+00	( 1 1 2 6 6 5  )
G_LOOP:  1  5  6   	1.303132e+00	( 1 1 3 6 6 4  )
G_LOOP:  1  6  6   	1.303209e+00	( 2 2 0 5 5 7  )
G_LOOP:  1  7  6   	1.303714e+00	( 2 2 1 5 5 6  )
G_LOOP:  1  8  6   	1.305115e+00	( 2 2 3 5 5 4  )
G_LOOP:  1  9  6   	1.302043e+00	( 3 3 0 4 4 7  )
G_LOOP:  1  10  6   	1.301676e+00	( 3 3 1 4 4 6  )
G_LOOP:  1  11  6   	1.300803e+00	( 3 3 2 4 4 5  )
G_LOOP:  2  0  6   	1.345070e+00	( 0 1 2 7 6 5  )
G_LOOP:  2  1  6   	1.347040e+00	( 0 1 5 7 6 2  )
G_LOOP:  2  2  6   	1.342372e+00	( 0 6 2 7 1 5  )
G_LOOP:  2  3  6   	1.343195e+00	( 0 6 5 7 1 2  )
G_LOOP:  2  4  6   	1.345218e+00	( 0 1 3 7 6 4  )
G_LOOP:  2  5  6   	1.345979e+00	( 0 1 4 7 6 3  )
G_LOOP:  2  6  6   	1.342793e+00	( 0 6 3 7 1 4  )
G_LOOP:  2  7  6   	1.343628e+00	( 0 6 4 7 1 3  )
G_LOOP:  2  8  6   	1.346200e+00	( 0 2 3 7 5 4  )
G_LOOP:  2  9  6   	1.344699e+00	( 0 2 4 7 5 3  )
G_LOOP:  2  10  6   	1.346948e+00	( 0 5 3 7 2 4  )
G_LOOP:  2  11  6   	1.344260e+00	( 0 5 4 7 2 3  )
G_LOOP:  2  12  6   	1.347968e+00	( 1 2 3 6 5 4  )
G_LOOP:  2  13  6   	1.348607e+00	( 1 2 4 6 5 3  )
G_LOOP:  2  14  6   	1.345432e+00	( 1 5 3 6 2 4  )
G_LOOP:  2  15  6   	1.349582e+00	( 1 5 4 6 2 3  )
GACTION: 4.062654e+00
CONGRAD5: time = 1.537991e-02 (fn F) masses = 1 iters = 4 mflops = 1.422556e+03
 OK converged final_rsq= 0.014 (cf 0.016) rel = 1 (cf 0) restarts = 1 iters= 4
CONGRAD5: time = 1.994991e-02 (fn F) masses = 1 iters = 6 mflops = 1.645029e+03
 OK converged final_rsq= 0.013 (cf 0.016) rel = 1 (cf 0) restarts = 1 iters= 6
PBP: mass 1.250000e-01     8.566921e-02  1.633068e-01  -1.732230e-03  -2.205862e-03 ( 1 of 1 )
FACTION: mass = 1.250000e-01,  1.449857e+00 ( 1 of 1 )
CONGRAD5: time = 1.461887e-02 (fn F) masses = 1 iters = 4 mflops = 1.496612e+03
 OK converged final_rsq= 0.014 (cf 0.016) rel = 1 (cf 0) restarts = 1 iters= 4
CONGRAD5: time = 1.895905e-02 (fn F) masses = 1 iters = 6 mflops = 1.731004e+03
 OK converged final_rsq= 0.013 (cf 0.016) rel = 1 (cf 0) restarts = 1 iters= 6
PBP: mass 1.250000e-01     8.497225e-02  1.671420e-01  1.389017e-03  1.363599e-03 ( 1 of 1 )
FACTION: mass = 1.250000e-01,  1.448984e+00 ( 1 of 1 )
CONGRAD5: time = 1.694202e-02 (fn F) masses = 1 iters = 5 mflops = 1.614239e+03
 OK converged final_rsq= 0.0074 (cf 0.016) rel = 1 (cf 0) restarts = 1 iters= 5
CONGRAD5: time = 1.432514e-02 (fn F) masses = 1 iters = 4 mflops = 1.527300e+03
 OK converged final_rsq= 0.016 (cf 0.016) rel = 1 (cf 0) restarts = 1 iters= 4
GFTIME:   time = 2.962880e-01 (Symanzik1) mflops = 2.379585e+03
FFTIME:  time = 9.583910e-01 (asqtad3) terms = 2 mflops = 2.086544e+03
CONGRAD5: time = 1.670098e-02 (fn F) masses = 1 iters = 5 mflops = 1.637537e+03
 OK converged final_rsq= 0.0093 (cf 0.016) rel = 1 (cf 0) restarts = 1 iters= 5
CONGRAD5: time = 1.649714e-02 (fn F) masses = 1 iters = 5 mflops = 1.657771e+03
 OK converged final_rsq= 0.0088 (cf 0.016) rel = 1 (cf 0) restarts = 1 iters= 5
GFTIME:   time = 2.800479e-01 (Symanzik1) mflops = 2.517578e+03
FFTIME:  time = 9.487991e-01 (asqtad3) terms = 2 mflops = 2.107637e+03
CONGRAD5: time = 1.844788e-02 (fn F) masses = 1 iters = 5 mflops = 1.482473e+03
 OK converged final_rsq= 0.011 (cf 0.016) rel = 1 (cf 0) restarts = 1 iters= 5
CONGRAD5: time = 1.723003e-02 (fn F) masses = 1 iters = 5 mflops = 1.587256e+03
 OK converged final_rsq= 0.01 (cf 0.016) rel = 1 (cf 0) restarts = 1 iters= 5
GFTIME:   time = 2.858410e-01 (Symanzik1) mflops = 2.466555e+03
FFTIME:  time = 9.696221e-01 (asqtad3) terms = 2 mflops = 2.062375e+03
CONGRAD5: time = 1.671696e-02 (fn F) masses = 1 iters = 5 mflops = 1.635972e+03
 OK converged final_rsq= 0.011 (cf 0.016) rel = 1 (cf 0) restarts = 1 iters= 5
CONGRAD5: time = 1.716089e-02 (fn F) masses = 1 iters = 5 mflops = 1.593651e+03
 OK converged final_rsq= 0.01 (cf 0.016) rel = 1 (cf 0) restarts = 1 iters= 5
GFTIME:   time = 2.471149e-01 (Symanzik1) mflops = 2.853096e+03
FFTIME:  time = 9.293799e-01 (asqtad3) terms = 2 mflops = 2.151676e+03
CONGRAD5: time = 2.056694e-02 (fn F) masses = 1 iters = 5 mflops = 1.329730e+03
 OK converged final_rsq= 0.01 (cf 0.016) rel = 1 (cf 0) restarts = 1 iters= 5
CONGRAD5: time = 2.140617e-02 (fn F) masses = 1 iters = 5 mflops = 1.277598e+03
 OK converged final_rsq= 0.0096 (cf 0.016) rel = 1 (cf 0) restarts = 1 iters= 5
GFTIME:   time = 2.521670e-01 (Symanzik1) mflops = 2.795935e+03
FFTIME:  time = 9.688330e-01 (asqtad3) terms = 2 mflops = 2.064055e+03
PLAQ:	1.792886	1.793338
P_LOOP:	-6.524752e-03	1.741558e-02
G_LOOP:  0  0  4   	1.792911e+00	( 0 1 7 6  )
G_LOOP:  0  1  4   	1.793237e+00	( 0 2 7 5  )
G_LOOP:  0  2  4   	1.793946e+00	( 0 3 7 4  )
G_LOOP:  0  3  4   	1.792510e+00	( 1 2 6 5  )
G_LOOP:  0  4  4   	1.793205e+00	( 1 3 6 4  )
G_LOOP:  0  5  4   	1.792863e+00	( 2 3 5 4  )
G_LOOP:  1  0  6   	1.024582e+00	( 0 0 1 7 7 6  )
G_LOOP:  1  1  6   	1.026102e+00	( 0 0 2 7 7 5  )
G_LOOP:  1  2  6   	1.028519e+00	( 0 0 3 7 7 4  )
G_LOOP:  1  3  6   	1.026685e+00	( 1 1 0 6 6 7  )
G_LOOP:  1  4  6   	1.026546e+00	( 1 1 2 6 6 5  )
G_LOOP:  1  5  6   	1.025324e+00	( 1 1 3 6 6 4  )
G_LOOP:  1  6  6   	1.026597e+00	( 2 2 0 5 5 7  )
G_LOOP:  1  7  6   	1.025157e+00	( 2 2 1 5 5 6  )
G_LOOP:  1  8  6   	1.024633e+00	( 2 2 3 5 5 4  )
G_LOOP:  1  9  6   	1.026735e+00	( 3 3 0 4 4 7  )
G_LOOP:  1  10  6   	1.026101e+00	( 3 3 1 4 4 6  )
G_LOOP:  1  11  6   	1.022430e+00	( 3 3 2 4 4 5  )
G_LOOP:  2  0  6   	1.059812e+00	( 0 1 2 7 6 5  )
G_LOOP:  2  1  6   	1.060557e+00	( 0 1 5 7 6 2  )
G_LOOP:  2  2  6   	1.058756e+00	( 0 6 2 7 1 5  )
G_LOOP:  2  3  6   	1.060241e+00	( 0 6 5 7 1 2  )
G_LOOP:  2  4  6   	1.062470e+00	( 0 1 3 7 6 4  )
G_LOOP:  2  5  6   	1.060506e+00	( 0 1 4 7 6 3  )
G_LOOP:  2  6  6   	1.058976e+00	( 0 6 3 7 1 4  )
G_LOOP:  2  7  6   	1.061780e+00	( 0 6 4 7 1 3  )
G_LOOP:  2  8  6   	1.065268e+00	( 0 2 3 7 5 4  )
G_LOOP:  2  9  6   	1.058724e+00	( 0 2 4 7 5 3  )
G_LOOP:  2  10  6   	1.058503e+00	( 0 5 3 7 2 4  )
G_LOOP:  2  11  6   	1.058115e+00	( 0 5 4 7 2 3  )
G_LOOP:  2  12  6   	1.060545e+00	( 1 2 3 6 5 4  )
G_LOOP:  2  13  6   	1.059196e+00	( 1 2 4 6 5 3  )
G_LOOP:  2  14  6   	1.059034e+00	( 1 5 3 6 2 4  )
G_LOOP:  2  15  6   	1.061206e+00	( 1 5 4 6 2 3  )
GACTION: 5.082307e+00
CONGRAD5: time = 1.819301e-02 (fn F) masses = 1 iters = 5 mflops = 1.503241e+03
 OK converged final_rsq= 0.0086 (cf 0.016) rel = 1 (cf 0) restarts = 1 iters= 5
CONGRAD5: time = 1.902699e-02 (fn F) masses = 1 iters = 6 mflops = 1.724822e+03
 OK converged final_rsq= 0.015 (cf 0.016) rel = 1 (cf 0) restarts = 1 iters= 6
PBP: mass 1.250000e-01     1.094033e-01  3.030200e-01  -1.112299e-03  -4.992905e-04 ( 1 of 1 )
FACTION: mass = 1.250000e-01,  1.451542e+00 ( 1 of 1 )
CONGRAD5: time = 1.681590e-02 (fn F) masses = 1 iters = 5 mflops = 1.626346e+03
 OK converged final_rsq= 0.0085 (cf 0.016) rel = 1 (cf 0) restarts = 1 iters= 5
CONGRAD5: time = 1.910496e-02 (fn F) masses = 1 iters = 6 mflops = 1.717783e+03
 OK converged final_rsq= 0.015 (cf 0.016) rel = 1 (cf 0) restarts = 1 iters= 6
PBP: mass 1.250000e-01     1.075303e-01  2.973076e-01  8.333416e-04  3.848426e-04 ( 1 of 1 )
FACTION: mass = 1.250000e-01,  1.457298e+00 ( 1 of 1 )
CONGRAD5: time = 1.672101e-02 (fn F) masses = 1 iters = 5 mflops = 1.635576e+03
 OK converged final_rsq= 0.01 (cf 0.016) rel = 1 (cf 0) restarts = 1 iters= 5
CONGRAD5: time = 1.651502e-02 (fn F) masses = 1 iters = 5 mflops = 1.655977e+03
 OK converged final_rsq= 0.0096 (cf 0.016) rel = 1 (cf 0) restarts = 1 iters= 5
GFTIME:   time = 2.928531e-01 (Symanzik1) mflops = 2.407495e+03
FFTIME:  time = 9.487510e-01 (asqtad3) terms = 2 mflops = 2.107744e+03
CONGRAD5: time = 1.963210e-02 (fn F) masses = 1 iters = 5 mflops = 1.393049e+03
 OK converged final_rsq= 0.011 (cf 0.016) rel = 1 (cf 0) restarts = 1 iters= 5
CONGRAD5: time = 1.743579e-02 (fn F) masses = 1 iters = 5 mflops = 1.568526e+03
 OK converged final_rsq= 0.011 (cf 0.016) rel = 1 (cf 0) restarts = 1 iters= 5
GFTIME:   time = 2.744131e-01 (Symanzik1) mflops = 2.569274e+03
FFTIME:  time = 9.838221e-01 (asqtad3) terms = 2 mflops = 2.032608e+03
CONGRAD5: time = 1.670384e-02 (fn F) masses = 1 iters = 5 mflops = 1.637257e+03
 OK converged final_rsq= 0.012 (cf 0.016) rel = 1 (cf 0) restarts = 1 iters= 5
CONGRAD5: time = 1.649499e-02 (fn F) masses = 1 iters = 5 mflops = 1.657987e+03
 OK converged final_rsq= 0.012 (cf 0.016) rel = 1 (cf 0) restarts = 1 iters= 5
GFTIME:   time = 2.446890e-01 (Symanzik1) mflops = 2.881382e+03
FFTIME:  time = 9.304321e-01 (asqtad3) terms = 2 mflops = 2.149243e+03
CONGRAD5: time = 1.821017e-02 (fn F) masses = 1 iters = 5 mflops = 1.501824e+03
 OK converged final_rsq= 0.012 (cf 0.016) rel = 1 (cf 0) restarts = 1 iters= 5
CONGRAD5: time = 1.716518e-02 (fn F) masses = 1 iters = 5 mflops = 1.593253e+03
 OK converged final_rsq= 0.012 (cf 0.016) rel = 1 (cf 0) restarts = 1 iters= 5
GFTIME:   time = 2.572091e-01 (Symanzik1) mflops = 2.741126e+03
FFTIME:  time = 9.895508e-01 (asqtad3) terms = 2 mflops = 2.020841e+03
CONGRAD5: time = 1.671290e-02 (fn F) masses = 1 iters = 5 mflops = 1.636369e+03
 OK converged final_rsq= 0.012 (cf 0.016) rel = 1 (cf 0) restarts = 1 iters= 5
CONGRAD5: time = 1.683307e-02 (fn F) masses = 1 iters = 5 mflops = 1.624688e+03
 OK converged final_rsq= 0.012 (cf 0.016) rel = 1 (cf 0) restarts = 1 iters= 5
GFTIME:   time = 2.461450e-01 (Symanzik1) mflops = 2.864338e+03
FFTIME:  time = 9.464650e-01 (asqtad3) terms = 2 mflops = 2.112835e+03
PLAQ:	1.646692	1.646320
P_LOOP:	-1.809259e-03	-4.192983e-03
G_LOOP:  0  0  4   	1.645426e+00	( 0 1 7 6  )
G_LOOP:  0  1  4   	1.646758e+00	( 0 2 7 5  )
G_LOOP:  0  2  4   	1.647351e+00	( 0 3 7 4  )
G_LOOP:  0  3  4   	1.647890e+00	( 1 2 6 5  )
G_LOOP:  0  4  4   	1.646412e+00	( 1 3 6 4  )
G_LOOP:  0  5  4   	1.645196e+00	( 2 3 5 4  )
G_LOOP:  1  0  6   	8.568941e-01	( 0 0 1 7 7 6  )
G_LOOP:  1  1  6   	8.550501e-01	( 0 0 2 7 7 5  )
G_LOOP:  1  2  6   	8.602824e-01	( 0 0 3 7 7 4  )
G_LOOP:  1  3  6   	8.545273e-01	( 1 1 0 6 6 7  )
G_LOOP:  1  4  6   	8.581203e-01	( 1 1 2 6 6 5  )
G_LOOP:  1  5  6   	8.559285e-01	( 1 1 3 6 6 4  )
G_LOOP:  1  6  6   	8.565518e-01	( 2 2 0 5 5 7  )
G_LOOP:  1  7  6   	8.590375e-01	( 2 2 1 5 5 6  )
G_LOOP:  1  8  6   	8.532167e-01	( 2 2 3 5 5 4  )
G_LOOP:  1  9  6   	8.567114e-01	( 3 3 0 4 4 7  )
G_LOOP:  1  10  6   	8.563252e-01	( 3 3 1 4 4 6  )
G_LOOP:  1  11  6   	8.547166e-01	( 3 3 2 4 4 5  )
G_LOOP:  2  0  6   	8.837449e-01	( 0 1 2 7 6 5  )
G_LOOP:  2  1  6   	8.789823e-01	( 0 1 5 7 6 2  )
G_LOOP:  2  2  6   	8.808471e-01	( 0 6 2 7 1 5  )
G_LOOP:  2  3  6   	8.791515e-01	( 0 6 5 7 1 2  )
G_LOOP:  2  4  6   	8.778932e-01	( 0 1 3 7 6 4  )
G_LOOP:  2  5  6   	8.760607e-01	( 0 1 4 7 6 3  )
G_LOOP:  2  6  6   	8.773932e-01	( 0 6 3 7 1 4  )
G_LOOP:  2  7  6   	8.813887e-01	( 0 6 4 7 1 3  )
G_LOOP:  2  8  6   	8.788943e-01	( 0 2 3 7 5 4  )
G_LOOP:  2  9  6   	8.775574e-01	( 0 2 4 7 5 3  )
G_LOOP:  2  10  6   	8.799924e-01	( 0 5 3 7 2 4  )
G_LOOP:  2  11  6   	8.794070e-01	( 0 5 4 7 2 3  )
G_LOOP:  2  12  6   	8.783629e-01	( 1 2 3 6 5 4  )
G_LOOP:  2  13  6   	8.771963e-01	( 1 2 4 6 5 3  )
G_LOOP:  2  14  6   	8.786813e-01	( 1 5 3 6 2 4  )
G_LOOP:  2  15  6   	8.823708e-01	( 1 5 4 6 2 3  )
GACTION: 5.774347e+00
CONGRAD5: time = 1.734304e-02 (fn F) masses = 1 iters = 5 mflops = 1.576913e+03
 OK converged final_rsq= 0.01 (cf 0.016) rel = 1 (cf 0) restarts = 1 iters= 5
CONGRAD5: time = 2.147698e-02 (fn F) masses = 1 iters = 7 mflops = 1.782740e+03
 OK converged final_rsq= 0.0082 (cf 0.016) rel = 1 (cf 0) restarts = 1 iters= 7
PBP: mass 1.250000e-01     1.254022e-01  3.229574e-01  -1.733885e-04  6.277636e-04 ( 1 of 1 )
FACTION: mass = 1.250000e-01,  1.431768e+00 ( 1 of 1 )
CONGRAD5: time = 1.662993e-02 (fn F) masses = 1 iters = 5 mflops = 1.644533e+03
 OK converged final_rsq= 0.01 (cf 0.016) rel = 1 (cf 0) restarts = 1 iters= 5
CONGRAD5: time = 2.155399e-02 (fn F) masses = 1 iters = 7 mflops = 1.776370e+03
 OK converged final_rsq= 0.0082 (cf 0.016) rel = 1 (cf 0) restarts = 1 iters= 7
PBP: mass 1.250000e-01     1.243262e-01  3.214422e-01  3.359670e-03  2.962813e-03 ( 1 of 1 )
FACTION: mass = 1.250000e-01,  1.434419e+00 ( 1 of 1 )
RUNNING COMPLETED
average cg iters for step= 1.100000e+01
Time = 3.655169e+01 seconds
total_iters = 552
Checksums 68a6789c 82d88bfb
Saved gauge configuration in parallel to binary file lat_p64_size128_1
Time stamp Wed May 18 20:47:37 2022
Wrote info file lat_p64_size128_1.info
Time to save = 6.819758e-01
CHECK PLAQ: 1.646692e+00 1.646320e+00
CHECK NERSC LINKTR: 1.712179e-01 CKSUM: c4a5534f


warms 0
trajecs 4
traj_between_meas 1
beta 5.6
mass1 0.01
mass2 0.01
u0 0.8441
microcanonical_time_step 0.02
steps_per_trajectory 15
max_cg_iterations 300
max_cg_restarts 5
error_per_site 1e-05
error_for_propagator 1e-05
npbp_reps 1
prec_pbp 1
reload_parallel lat_p64_size128_1
save_parallel lat_p64_size128_2
Restored binary gauge configuration in parallel from file lat_p64_size128_1
Time stamp Wed May 18 20:47:37 2022
Checksums 68a6789c 82d88bfb OK
Time to reload gauge configuration = 1.543920e-01
CHECK PLAQ: 1.646692e+00 1.646320e+00
CHECK NERSC LINKTR: 1.712179e-01 CKSUM: c4a5534f
Unitarity checked.  Max deviation 2.98e-07
Time to check unitarity = 1.356125e-03
"O(a^2): couplings(pi)=0, Naik term, No O(a^2) errors, tadpole weights"
path coefficients: npath  path_coeff  multiplicity
                    0      6.250000e-01     8
                    1      -5.847914e-02     8
                    2      -8.771871e-02     48
                    3      3.077829e-02     192
                    4      -7.199551e-03     384
                    5      -1.231132e-01     48
Symanzik 1x1 + 1x2 + 1x1x1 action
gauge_action: total_dyn_flavors = 3
loop coefficients: nloop rep loop_coeff  multiplicity
                    0 0      1.000000e+00     6
                    1 0      -7.762509e-02     12
                    2 0      -1.031171e-02     16
WARMUPS COMPLETED
CONGRAD5: time = 1.595056e+00 (fn F) masses = 1 iters = 573 mflops = 1.964906e+03
 OK converged final_rsq= 1e-10 (cf 1e-10) rel = 1 (cf 0) restarts = 2 iters= 573
CONGRAD5: time = 1.534551e+00 (fn F) masses = 1 iters = 563 mflops = 2.006736e+03
 OK converged final_rsq= 9.9e-11 (cf 1e-10) rel = 1 (cf 0) restarts = 2 iters= 563
GFTIME:   time = 3.033969e-01 (Symanzik1) mflops = 2.323828e+03
FFTIME:  time = 9.236259e-01 (asqtad3) terms = 2 mflops = 2.165081e+03
CONGRAD5: time = 1.493265e+00 (fn F) masses = 1 iters = 595 mflops = 2.179432e+03
 OK converged final_rsq= 1e-10 (cf 1e-10) rel = 1 (cf 0) restarts = 2 iters= 595
CONGRAD5: time = 1.582468e+00 (fn F) masses = 1 iters = 572 mflops = 1.977080e+03
 OK converged final_rsq= 5e-11 (cf 1e-10) rel = 1 (cf 0) restarts = 3 iters= 572
GFTIME:   time = 2.580330e-01 (Symanzik1) mflops = 2.732373e+03
FFTIME:  time = 9.597499e-01 (asqtad3) terms = 2 mflops = 2.083589e+03
CONGRAD5: time = 1.627075e+00 (fn F) masses = 1 iters = 596 mflops = 2.003558e+03
 OK converged final_rsq= 9.4e-11 (cf 1e-10) rel = 1 (cf 0) restarts = 2 iters= 596
CONGRAD5: time = 1.477099e+00 (fn F) masses = 1 iters = 558 mflops = 2.066273e+03
 OK converged final_rsq= 1e-10 (cf 1e-10) rel = 1 (cf 0) restarts = 2 iters= 558
GFTIME:   time = 2.541671e-01 (Symanzik1) mflops = 2.773933e+03
FFTIME:  time = 9.212689e-01 (asqtad3) terms = 2 mflops = 2.170620e+03
CONGRAD5: time = 1.577930e+00 (fn F) masses = 1 iters = 587 mflops = 2.034762e+03
 OK converged final_rsq= 1e-10 (cf 1e-10) rel = 1 (cf 0) restarts = 2 iters= 587
CONGRAD5: time = 1.484050e+00 (fn F) masses = 1 iters = 577 mflops = 2.126623e+03
 OK converged final_rsq= 9.9e-11 (cf 1e-10) rel = 1 (cf 0) restarts = 2 iters= 577
GFTIME:   time = 3.007030e-01 (Symanzik1) mflops = 2.344647e+03
FFTIME:  time = 9.327300e-01 (asqtad3) terms = 2 mflops = 2.143948e+03
CONGRAD5: time = 1.639380e+00 (fn F) masses = 1 iters = 596 mflops = 1.988519e+03
 OK converged final_rsq= 1e-10 (cf 1e-10) rel = 1 (cf 0) restarts = 2 iters= 596
CONGRAD5: time = 1.623549e+00 (fn F) masses = 1 iters = 587 mflops = 1.977588e+03
 OK converged final_rsq= 1e-10 (cf 1e-10) rel = 1 (cf 0) restarts = 2 iters= 587
GFTIME:   time = 2.540991e-01 (Symanzik1) mflops = 2.774675e+03
FFTIME:  time = 9.126141e-01 (asqtad3) terms = 2 mflops = 2.191205e+03
CONGRAD5: time = 1.548557e+00 (fn F) masses = 1 iters = 596 mflops = 2.105146e+03
 OK converged final_rsq= 4.9e-11 (cf 1e-10) rel = 1 (cf 0) restarts = 3 iters= 596
CONGRAD5: time = 1.545007e+00 (fn F) masses = 1 iters = 572 mflops = 2.025017e+03
 OK converged final_rsq= 9.9e-11 (cf 1e-10) rel = 1 (cf 0) restarts = 2 iters= 572
GFTIME:   time = 2.922590e-01 (Symanzik1) mflops = 2.412389e+03
FFTIME:  time = 9.175870e-01 (asqtad3) terms = 2 mflops = 2.179330e+03
CONGRAD5: time = 1.567627e+00 (fn F) masses = 1 iters = 572 mflops = 1.995798e+03
 OK converged final_rsq= 9.9e-11 (cf 1e-10) rel = 1 (cf 0) restarts = 2 iters= 572
CONGRAD5: time = 1.583443e+00 (fn F) masses = 1 iters = 573 mflops = 1.979317e+03
 OK converged final_rsq= 9.9e-11 (cf 1e-10) rel = 1 (cf 0) restarts = 2 iters= 573
GFTIME:   time = 2.999980e-01 (Symanzik1) mflops = 2.350157e+03
FFTIME:  time = 9.252288e-01 (asqtad3) terms = 2 mflops = 2.161330e+03
CONGRAD5: time = 1.572943e+00 (fn F) masses = 1 iters = 597 mflops = 2.075987e+03
 OK converged final_rsq= 9.3e-11 (cf 1e-10) rel = 1 (cf 0) restarts = 2 iters= 597
CONGRAD5: time = 1.630343e+00 (fn F) masses = 1 iters = 584 mflops = 1.959283e+03
 OK converged final_rsq= 9.7e-11 (cf 1e-10) rel = 1 (cf 0) restarts = 2 iters= 584
GFTIME:   time = 2.521558e-01 (Symanzik1) mflops = 2.796059e+03
FFTIME:  time = 9.590161e-01 (asqtad3) terms = 2 mflops = 2.085184e+03
CONGRAD5: time = 1.564073e+00 (fn F) masses = 1 iters = 559 mflops = 1.954871e+03
 OK converged final_rsq= 5e-11 (cf 1e-10) rel = 1 (cf 0) restarts = 3 iters= 559
CONGRAD5: time = 1.494671e+00 (fn F) masses = 1 iters = 572 mflops = 2.093214e+03
 OK converged final_rsq= 9.9e-11 (cf 1e-10) rel = 1 (cf 0) restarts = 2 iters= 572
GFTIME:   time = 2.590852e-01 (Symanzik1) mflops = 2.721277e+03
FFTIME:  time = 9.583850e-01 (asqtad3) terms = 2 mflops = 2.086557e+03
CONGRAD5: time = 1.507701e+00 (fn F) masses = 1 iters = 581 mflops = 2.107774e+03
 OK converged final_rsq= 9.8e-11 (cf 1e-10) rel = 1 (cf 0) restarts = 2 iters= 581
CONGRAD5: time = 1.560878e+00 (fn F) masses = 1 iters = 561 mflops = 1.965880e+03
 OK converged final_rsq= 5e-11 (cf 1e-10) rel = 1 (cf 0) restarts = 3 iters= 561
GFTIME:   time = 2.788131e-01 (Symanzik1) mflops = 2.528728e+03
FFTIME:  time = 9.588358e-01 (asqtad3) terms = 2 mflops = 2.085576e+03
CONGRAD5: time = 1.604600e+00 (fn F) masses = 1 iters = 589 mflops = 2.007760e+03
 OK converged final_rsq= 5e-11 (cf 1e-10) rel = 1 (cf 0) restarts = 3 iters= 589
CONGRAD5: time = 1.436990e+00 (fn F) masses = 1 iters = 527 mflops = 2.005950e+03
 OK converged final_rsq= 1e-10 (cf 1e-10) rel = 1 (cf 0) restarts = 2 iters= 527
GFTIME:   time = 2.532399e-01 (Symanzik1) mflops = 2.784089e+03
FFTIME:  time = 9.156930e-01 (asqtad3) terms = 2 mflops = 2.183837e+03
CONGRAD5: time = 1.463834e+00 (fn F) masses = 1 iters = 538 mflops = 2.010266e+03
 OK converged final_rsq= 5e-11 (cf 1e-10) rel = 1 (cf 0) restarts = 3 iters= 538
CONGRAD5: time = 1.523205e+00 (fn F) masses = 1 iters = 572 mflops = 2.054002e+03
 OK converged final_rsq= 9.9e-11 (cf 1e-10) rel = 1 (cf 0) restarts = 2 iters= 572
GFTIME:   time = 2.879519e-01 (Symanzik1) mflops = 2.448473e+03
FFTIME:  time = 9.534609e-01 (asqtad3) terms = 2 mflops = 2.097332e+03
CONGRAD5: time = 1.599495e+00 (fn F) masses = 1 iters = 594 mflops = 2.031266e+03
 OK converged final_rsq= 4.9e-11 (cf 1e-10) rel = 1 (cf 0) restarts = 3 iters= 594
CONGRAD5: time = 1.585143e+00 (fn F) masses = 1 iters = 566 mflops = 1.953040e+03
 OK converged final_rsq= 5e-11 (cf 1e-10) rel = 1 (cf 0) restarts = 3 iters= 566
GFTIME:   time = 2.637401e-01 (Symanzik1) mflops = 2.673247e+03
FFTIME:  time = 9.311969e-01 (asqtad3) terms = 2 mflops = 2.147478e+03
CONGRAD5: time = 1.602118e+00 (fn F) masses = 1 iters = 583 mflops = 1.990386e+03
 OK converged final_rsq= 9.9e-11 (cf 1e-10) rel = 1 (cf 0) restarts = 2 iters= 583
CONGRAD5: time = 1.568186e+00 (fn F) masses = 1 iters = 570 mflops = 1.988110e+03
 OK converged final_rsq= 1e-10 (cf 1e-10) rel = 1 (cf 0) restarts = 2 iters= 570
GFTIME:   time = 2.717090e-01 (Symanzik1) mflops = 2.594844e+03
FFTIME:  time = 9.192450e-01 (asqtad3) terms = 2 mflops = 2.175399e+03
CONGRAD5: time = 1.580825e+00 (fn F) masses = 1 iters = 593 mflops = 2.051796e+03
 OK converged final_rsq= 9.7e-11 (cf 1e-10) rel = 1 (cf 0) restarts = 2 iters= 593
CONGRAD5: time = 1.532911e+00 (fn F) masses = 1 iters = 569 mflops = 2.030292e+03
 OK converged final_rsq= 4.9e-11 (cf 1e-10) rel = 1 (cf 0) restarts = 3 iters= 569
GFTIME:   time = 3.127730e-01 (Symanzik1) mflops = 2.254167e+03
FFTIME:  time = 9.300680e-01 (asqtad3) terms = 2 mflops = 2.150084e+03
PLAQ:	1.541187	1.539437
P_LOOP:	-1.141755e-03	-1.306813e-02
G_LOOP:  0  0  4   	1.541648e+00	( 0 1 7 6  )
G_LOOP:  0  1  4   	1.539963e+00	( 0 2 7 5  )
G_LOOP:  0  2  4   	1.540131e+00	( 0 3 7 4  )
G_LOOP:  0  3  4   	1.541949e+00	( 1 2 6 5  )
G_LOOP:  0  4  4   	1.538898e+00	( 1 3 6 4  )
G_LOOP:  0  5  4   	1.539281e+00	( 2 3 5 4  )
G_LOOP:  1  0  6   	7.830470e-01	( 0 0 1 7 7 6  )
G_LOOP:  1  1  6   	7.774833e-01	( 0 0 2 7 7 5  )
G_LOOP:  1  2  6   	7.808380e-01	( 0 0 3 7 7 4  )
G_LOOP:  1  3  6   	7.790779e-01	( 1 1 0 6 6 7  )
G_LOOP:  1  4  6   	7.815992e-01	( 1 1 2 6 6 5  )
G_LOOP:  1  5  6   	7.768085e-01	( 1 1 3 6 6 4  )
G_LOOP:  1  6  6   	7.791801e-01	( 2 2 0 5 5 7  )
G_LOOP:  1  7  6   	7.849183e-01	( 2 2 1 5 5 6  )
G_LOOP:  1  8  6   	7.778554e-01	( 2 2 3 5 5 4  )
G_LOOP:  1  9  6   	7.772978e-01	( 3 3 0 4 4 7  )
G_LOOP:  1  10  6   	7.810393e-01	( 3 3 1 4 4 6  )
G_LOOP:  1  11  6   	7.788501e-01	( 3 3 2 4 4 5  )
G_LOOP:  2  0  6   	8.020517e-01	( 0 1 2 7 6 5  )
G_LOOP:  2  1  6   	8.001462e-01	( 0 1 5 7 6 2  )
G_LOOP:  2  2  6   	8.013429e-01	( 0 6 2 7 1 5  )
G_LOOP:  2  3  6   	8.030511e-01	( 0 6 5 7 1 2  )
G_LOOP:  2  4  6   	8.007939e-01	( 0 1 3 7 6 4  )
G_LOOP:  2  5  6   	7.963894e-01	( 0 1 4 7 6 3  )
G_LOOP:  2  6  6   	7.978835e-01	( 0 6 3 7 1 4  )
G_LOOP:  2  7  6   	8.024131e-01	( 0 6 4 7 1 3  )
G_LOOP:  2  8  6   	7.987494e-01	( 0 2 3 7 5 4  )
G_LOOP:  2  9  6   	7.991384e-01	( 0 2 4 7 5 3  )
G_LOOP:  2  10  6   	7.988639e-01	( 0 5 3 7 2 4  )
G_LOOP:  2  11  6   	7.985226e-01	( 0 5 4 7 2 3  )
G_LOOP:  2  12  6   	7.973328e-01	( 1 2 3 6 5 4  )
G_LOOP:  2  13  6   	7.974677e-01	( 1 2 4 6 5 3  )
G_LOOP:  2  14  6   	8.000052e-01	( 1 5 3 6 2 4  )
G_LOOP:  2  15  6   	8.015423e-01	( 1 5 4 6 2 3  )
GACTION: 6.327025e+00
CONGRAD5: time = 1.474050e+00 (fn F) masses = 1 iters = 549 mflops = 2.037151e+03
 OK converged final_rsq= 5e-11 (cf 1e-10) rel = 1 (cf 0) restarts = 3 iters= 549
CONGRAD5: time = 2.260301e-01 (fn F) masses = 1 iters = 73 mflops = 1.766525e+03
 OK converged final_rsq= 9.9e-11 (cf 1e-10) rel = 1 (cf 0) restarts = 1 iters= 73
PBP: mass 1.000000e-02     3.264870e-02  3.450378e-02  -2.495902e-03  -2.496758e-03 ( 1 of 1 )
FACTION: mass = 1.000000e-02,  1.495516e+00 ( 1 of 1 )
CONGRAD5: time = 1.644915e+00 (fn F) masses = 1 iters = 591 mflops = 1.965202e+03
 OK converged final_rsq= 9.7e-11 (cf 1e-10) rel = 1 (cf 0) restarts = 2 iters= 591
CONGRAD5: time = 2.409232e-01 (fn F) masses = 1 iters = 73 mflops = 1.657324e+03
 OK converged final_rsq= 1e-10 (cf 1e-10) rel = 1 (cf 0) restarts = 1 iters= 73
PBP: mass 1.000000e-02     3.933426e-02  2.958555e-02  5.085964e-03  5.083389e-03 ( 1 of 1 )
FACTION: mass = 1.000000e-02,  1.498178e+00 ( 1 of 1 )
CONGRAD5: time = 1.627693e+00 (fn F) masses = 1 iters = 596 mflops = 2.002797e+03
 OK converged final_rsq= 4.9e-11 (cf 1e-10) rel = 1 (cf 0) restarts = 3 iters= 596
CONGRAD5: time = 1.632487e+00 (fn F) masses = 1 iters = 580 mflops = 1.943307e+03
 OK converged final_rsq= 9.8e-11 (cf 1e-10) rel = 1 (cf 0) restarts = 2 iters= 580
GFTIME:   time = 2.520211e-01 (Symanzik1) mflops = 2.797553e+03
FFTIME:  time = 9.181211e-01 (asqtad3) terms = 2 mflops = 2.178062e+03
CONGRAD5: time = 1.551988e+00 (fn F) masses = 1 iters = 578 mflops = 2.037055e+03
 OK converged final_rsq= 5e-11 (cf 1e-10) rel = 1 (cf 0) restarts = 3 iters= 578
CONGRAD5: time = 1.447989e+00 (fn F) masses = 1 iters = 578 mflops = 2.183362e+03
 OK converged final_rsq= 9.9e-11 (cf 1e-10) rel = 1 (cf 0) restarts = 2 iters= 578
GFTIME:   time = 3.655541e-01 (Symanzik1) mflops = 1.928695e+03
FFTIME:  time = 9.521592e-01 (asqtad3) terms = 2 mflops = 2.100200e+03
CONGRAD5: time = 1.611787e+00 (fn F) masses = 1 iters = 593 mflops = 2.012381e+03
 OK converged final_rsq= 9.7e-11 (cf 1e-10) rel = 1 (cf 0) restarts = 2 iters= 593
CONGRAD5: time = 1.573639e+00 (fn F) masses = 1 iters = 567 mflops = 1.970793e+03
 OK converged final_rsq= 9.9e-11 (cf 1e-10) rel = 1 (cf 0) restarts = 2 iters= 567
GFTIME:   time = 3.279569e-01 (Symanzik1) mflops = 2.149802e+03
FFTIME:  time = 9.878130e-01 (asqtad3) terms = 2 mflops = 2.024396e+03
CONGRAD5: time = 1.650952e+00 (fn F) masses = 1 iters = 593 mflops = 1.964642e+03
 OK converged final_rsq= 1e-10 (cf 1e-10) rel = 1 (cf 0) restarts = 2 iters= 593
CONGRAD5: time = 1.537470e+00 (fn F) masses = 1 iters = 578 mflops = 2.056290e+03
 OK converged final_rsq= 1e-10 (cf 1e-10) rel = 1 (cf 0) restarts = 2 iters= 578
GFTIME:   time = 2.658610e-01 (Symanzik1) mflops = 2.651921e+03
FFTIME:  time = 9.827340e-01 (asqtad3) terms = 2 mflops = 2.034858e+03
CONGRAD5: time = 1.624390e+00 (fn F) masses = 1 iters = 592 mflops = 1.993401e+03
 OK converged final_rsq= 4.9e-11 (cf 1e-10) rel = 1 (cf 0) restarts = 3 iters= 592
CONGRAD5: time = 1.617007e+00 (fn F) masses = 1 iters = 578 mflops = 1.955146e+03
 OK converged final_rsq= 1e-10 (cf 1e-10) rel = 1 (cf 0) restarts = 2 iters= 578
GFTIME:   time = 2.546639e-01 (Symanzik1) mflops = 2.768521e+03
FFTIME:  time = 9.463239e-01 (asqtad3) terms = 2 mflops = 2.113150e+03
CONGRAD5: time = 1.665110e+00 (fn F) masses = 1 iters = 594 mflops = 1.951222e+03
 OK converged final_rsq= 9.8e-11 (cf 1e-10) rel = 1 (cf 0) restarts = 2 iters= 594
CONGRAD5: time = 1.496788e+00 (fn F) masses = 1 iters = 580 mflops = 2.119488e+03
 OK converged final_rsq= 4.9e-11 (cf 1e-10) rel = 1 (cf 0) restarts = 3 iters= 580
GFTIME:   time = 2.658858e-01 (Symanzik1) mflops = 2.651674e+03
FFTIME:  time = 9.715009e-01 (asqtad3) terms = 2 mflops = 2.058387e+03
CONGRAD5: time = 1.573088e+00 (fn F) masses = 1 iters = 593 mflops = 2.061887e+03
 OK converged final_rsq= 9.5e-11 (cf 1e-10) rel = 1 (cf 0) restarts = 2 iters= 593
CONGRAD5: time = 1.654226e+00 (fn F) masses = 1 iters = 592 mflops = 1.957447e+03
 OK converged final_rsq= 9.9e-11 (cf 1e-10) rel = 1 (cf 0) restarts = 2 iters= 592
GFTIME:   time = 2.565579e-01 (Symanzik1) mflops = 2.748083e+03
FFTIME:  time = 1.042687e+00 (asqtad3) terms = 2 mflops = 1.917857e+03
CONGRAD5: time = 1.626731e+00 (fn F) masses = 1 iters = 590 mflops = 1.983807e+03
 OK converged final_rsq= 4.9e-11 (cf 1e-10) rel = 1 (cf 0) restarts = 3 iters= 590
CONGRAD5: time = 1.616518e+00 (fn F) masses = 1 iters = 579 mflops = 1.959121e+03
 OK converged final_rsq= 1e-10 (cf 1e-10) rel = 1 (cf 0) restarts = 2 iters= 579
GFTIME:   time = 2.500141e-01 (Symanzik1) mflops = 2.820011e+03
FFTIME:  time = 9.103739e-01 (asqtad3) terms = 2 mflops = 2.196597e+03
CONGRAD5: time = 1.600590e+00 (fn F) masses = 1 iters = 593 mflops = 2.026459e+03
 OK converged final_rsq= 1e-10 (cf 1e-10) rel = 1 (cf 0) restarts = 2 iters= 593
CONGRAD5: time = 1.451306e+00 (fn F) masses = 1 iters = 571 mflops = 2.151990e+03
 OK converged final_rsq= 9.9e-11 (cf 1e-10) rel = 1 (cf 0) restarts = 2 iters= 571
GFTIME:   time = 2.865820e-01 (Symanzik1) mflops = 2.460177e+03
FFTIME:  time = 9.904962e-01 (asqtad3) terms = 2 mflops = 2.018912e+03
CONGRAD5: time = 1.602073e+00 (fn F) masses = 1 iters = 592 mflops = 2.021169e+03
 OK converged final_rsq= 9.8e-11 (cf 1e-10) rel = 1 (cf 0) restarts = 2 iters= 592
CONGRAD5: time = 1.627717e+00 (fn F) masses = 1 iters = 593 mflops = 1.992687e+03
 OK converged final_rsq= 5e-11 (cf 1e-10) rel = 1 (cf 0) restarts = 3 iters= 593
GFTIME:   time = 2.760260e-01 (Symanzik1) mflops = 2.554261e+03
FFTIME:  time = 9.532161e-01 (asqtad3) terms = 2 mflops = 2.097871e+03
CONGRAD5: time = 1.620189e+00 (fn F) masses = 1 iters = 589 mflops = 1.988441e+03
 OK converged final_rsq= 9.8e-11 (cf 1e-10) rel = 1 (cf 0) restarts = 2 iters= 589
CONGRAD5: time = 1.565654e+00 (fn F) masses = 1 iters = 578 mflops = 2.019274e+03
 OK converged final_rsq= 9.9e-11 (cf 1e-10) rel = 1 (cf 0) restarts = 2 iters= 578
GFTIME:   time = 2.697480e-01 (Symanzik1) mflops = 2.613708e+03
FFTIME:  time = 9.345040e-01 (asqtad3) terms = 2 mflops = 2.139878e+03
CONGRAD5: time = 1.640749e+00 (fn F) masses = 1 iters = 597 mflops = 1.990194e+03
 OK converged final_rsq= 9.5e-11 (cf 1e-10) rel = 1 (cf 0) restarts = 2 iters= 597
CONGRAD5: time = 1.569008e+00 (fn F) masses = 1 iters = 595 mflops = 2.074221e+03
 OK converged final_rsq= 9.4e-11 (cf 1e-10) rel = 1 (cf 0) restarts = 2 iters= 595
GFTIME:   time = 3.096809e-01 (Symanzik1) mflops = 2.276674e+03
FFTIME:  time = 9.187970e-01 (asqtad3) terms = 2 mflops = 2.176460e+03
CONGRAD5: time = 1.610897e+00 (fn F) masses = 1 iters = 600 mflops = 2.037261e+03
 OK converged final_rsq= 9.7e-11 (cf 1e-10) rel = 1 (cf 0) restarts = 2 iters= 600
CONGRAD5: time = 1.595849e+00 (fn F) masses = 1 iters = 597 mflops = 2.046189e+03
 OK converged final_rsq= 9.4e-11 (cf 1e-10) rel = 1 (cf 0) restarts = 2 iters= 597
GFTIME:   time = 2.626951e-01 (Symanzik1) mflops = 2.683881e+03
FFTIME:  time = 9.201651e-01 (asqtad3) terms = 2 mflops = 2.173224e+03
CONGRAD5: time = 1.584529e+00 (fn F) masses = 1 iters = 591 mflops = 2.040095e+03
 OK converged final_rsq= 9.6e-11 (cf 1e-10) rel = 1 (cf 0) restarts = 2 iters= 591
CONGRAD5: time = 1.599029e+00 (fn F) masses = 1 iters = 591 mflops = 2.021596e+03
 OK converged final_rsq= 4.9e-11 (cf 1e-10) rel = 1 (cf 0) restarts = 3 iters= 591
GFTIME:   time = 2.958710e-01 (Symanzik1) mflops = 2.382938e+03
FFTIME:  time = 9.413221e-01 (asqtad3) terms = 2 mflops = 2.124379e+03
CONGRAD5: time = 1.645660e+00 (fn F) masses = 1 iters = 598 mflops = 1.987578e+03
 OK converged final_rsq= 9.4e-11 (cf 1e-10) rel = 1 (cf 0) restarts = 2 iters= 598
CONGRAD5: time = 1.662943e+00 (fn F) masses = 1 iters = 595 mflops = 1.957054e+03
 OK converged final_rsq= 9.7e-11 (cf 1e-10) rel = 1 (cf 0) restarts = 2 iters= 595
GFTIME:   time = 2.593448e-01 (Symanzik1) mflops = 2.718552e+03
FFTIME:  time = 9.171441e-01 (asqtad3) terms = 2 mflops = 2.180382e+03
PLAQ:	1.498580	1.498366
P_LOOP:	-9.362450e-03	-1.518850e-02
G_LOOP:  0  0  4   	1.499101e+00	( 0 1 7 6  )
G_LOOP:  0  1  4   	1.497604e+00	( 0 2 7 5  )
G_LOOP:  0  2  4   	1.498743e+00	( 0 3 7 4  )
G_LOOP:  0  3  4   	1.499035e+00	( 1 2 6 5  )
G_LOOP:  0  4  4   	1.498258e+00	( 1 3 6 4  )
G_LOOP:  0  5  4   	1.498098e+00	( 2 3 5 4  )
G_LOOP:  1  0  6   	7.395123e-01	( 0 0 1 7 7 6  )
G_LOOP:  1  1  6   	7.376781e-01	( 0 0 2 7 7 5  )
G_LOOP:  1  2  6   	7.435045e-01	( 0 0 3 7 7 4  )
G_LOOP:  1  3  6   	7.406574e-01	( 1 1 0 6 6 7  )
G_LOOP:  1  4  6   	7.434037e-01	( 1 1 2 6 6 5  )
G_LOOP:  1  5  6   	7.406324e-01	( 1 1 3 6 6 4  )
G_LOOP:  1  6  6   	7.401077e-01	( 2 2 0 5 5 7  )
G_LOOP:  1  7  6   	7.442130e-01	( 2 2 1 5 5 6  )
G_LOOP:  1  8  6   	7.391238e-01	( 2 2 3 5 5 4  )
G_LOOP:  1  9  6   	7.384941e-01	( 3 3 0 4 4 7  )
G_LOOP:  1  10  6   	7.392203e-01	( 3 3 1 4 4 6  )
G_LOOP:  1  11  6   	7.403361e-01	( 3 3 2 4 4 5  )
G_LOOP:  2  0  6   	7.628318e-01	( 0 1 2 7 6 5  )
G_LOOP:  2  1  6   	7.608475e-01	( 0 1 5 7 6 2  )
G_LOOP:  2  2  6   	7.571566e-01	( 0 6 2 7 1 5  )
G_LOOP:  2  3  6   	7.599215e-01	( 0 6 5 7 1 2  )
G_LOOP:  2  4  6   	7.578938e-01	( 0 1 3 7 6 4  )
G_LOOP:  2  5  6   	7.569695e-01	( 0 1 4 7 6 3  )
G_LOOP:  2  6  6   	7.575471e-01	( 0 6 3 7 1 4  )
G_LOOP:  2  7  6   	7.594470e-01	( 0 6 4 7 1 3  )
G_LOOP:  2  8  6   	7.598450e-01	( 0 2 3 7 5 4  )
G_LOOP:  2  9  6   	7.594236e-01	( 0 2 4 7 5 3  )
G_LOOP:  2  10  6   	7.573897e-01	( 0 5 3 7 2 4  )
G_LOOP:  2  11  6   	7.594762e-01	( 0 5 4 7 2 3  )
G_LOOP:  2  12  6   	7.605993e-01	( 1 2 3 6 5 4  )
G_LOOP:  2  13  6   	7.580096e-01	( 1 2 4 6 5 3  )
G_LOOP:  2  14  6   	7.596792e-01	( 1 5 3 6 2 4  )
G_LOOP:  2  15  6   	7.599017e-01	( 1 5 4 6 2 3  )
GACTION: 6.534796e+00
CONGRAD5: time = 1.703907e+00 (fn F) masses = 1 iters = 585 mflops = 1.877903e+03
 OK converged final_rsq= 9.8e-11 (cf 1e-10) rel = 1 (cf 0) restarts = 2 iters= 585
CONGRAD5: time = 1.949551e-01 (fn F) masses = 1 iters = 72 mflops = 2.020045e+03
 OK converged final_rsq= 9.9e-11 (cf 1e-10) rel = 1 (cf 0) restarts = 1 iters= 72
PBP: mass 1.000000e-02     3.857641e-02  3.545636e-02  1.922859e-03  1.922105e-03 ( 1 of 1 )
FACTION: mass = 1.000000e-02,  1.499606e+00 ( 1 of 1 )
CONGRAD5: time = 1.505460e+00 (fn F) masses = 1 iters = 592 mflops = 2.150877e+03
 OK converged final_rsq= 9.7e-11 (cf 1e-10) rel = 1 (cf 0) restarts = 2 iters= 592
CONGRAD5: time = 2.362480e-01 (fn F) masses = 1 iters = 77 mflops = 1.782731e+03
 OK converged final_rsq= 1e-10 (cf 1e-10) rel = 1 (cf 0) restarts = 1 iters= 77
PBP: mass 1.000000e-02     3.377239e-02  4.241263e-02  8.153259e-03  8.156381e-03 ( 1 of 1 )
FACTION: mass = 1.000000e-02,  1.500867e+00 ( 1 of 1 )
CONGRAD5: time = 1.588942e+00 (fn F) masses = 1 iters = 588 mflops = 2.024102e+03
 OK converged final_rsq= 9.7e-11 (cf 1e-10) rel = 1 (cf 0) restarts = 2 iters= 588
CONGRAD5: time = 1.461476e+00 (fn F) masses = 1 iters = 585 mflops = 2.189412e+03
 OK converged final_rsq= 1e-10 (cf 1e-10) rel = 1 (cf 0) restarts = 2 iters= 585
GFTIME:   time = 2.855430e-01 (Symanzik1) mflops = 2.469129e+03
FFTIME:  time = 9.724391e-01 (asqtad3) terms = 2 mflops = 2.056401e+03
CONGRAD5: time = 1.681189e+00 (fn F) masses = 1 iters = 597 mflops = 1.942321e+03
 OK converged final_rsq= 9.5e-11 (cf 1e-10) rel = 1 (cf 0) restarts = 2 iters= 597
CONGRAD5: time = 1.642234e+00 (fn F) masses = 1 iters = 594 mflops = 1.978402e+03
 OK converged final_rsq= 9.6e-11 (cf 1e-10) rel = 1 (cf 0) restarts = 2 iters= 594
GFTIME:   time = 2.791729e-01 (Symanzik1) mflops = 2.525469e+03
FFTIME:  time = 9.483099e-01 (asqtad3) terms = 2 mflops = 2.108725e+03
CONGRAD5: time = 1.653126e+00 (fn F) masses = 1 iters = 598 mflops = 1.978602e+03
 OK converged final_rsq= 9.4e-11 (cf 1e-10) rel = 1 (cf 0) restarts = 2 iters= 598
CONGRAD5: time = 1.557605e+00 (fn F) masses = 1 iters = 598 mflops = 2.099941e+03
 OK converged final_rsq= 9.2e-11 (cf 1e-10) rel = 1 (cf 0) restarts = 2 iters= 598
GFTIME:   time = 2.841182e-01 (Symanzik1) mflops = 2.481511e+03
FFTIME:  time = 9.806449e-01 (asqtad3) terms = 2 mflops = 2.039193e+03
CONGRAD5: time = 1.562104e+00 (fn F) masses = 1 iters = 598 mflops = 2.093893e+03
 OK converged final_rsq= 9.5e-11 (cf 1e-10) rel = 1 (cf 0) restarts = 2 iters= 598
CONGRAD5: time = 1.518155e+00 (fn F) masses = 1 iters = 587 mflops = 2.114877e+03
 OK converged final_rsq= 9.7e-11 (cf 1e-10) rel = 1 (cf 0) restarts = 2 iters= 587
GFTIME:   time = 3.094890e-01 (Symanzik1) mflops = 2.278086e+03
FFTIME:  time = 9.387400e-01 (asqtad3) terms = 2 mflops = 2.130222e+03
CONGRAD5: time = 1.619168e+00 (fn F) masses = 1 iters = 594 mflops = 2.006586e+03
 OK converged final_rsq= 1e-10 (cf 1e-10) rel = 1 (cf 0) restarts = 2 iters= 594
CONGRAD5: time = 1.567193e+00 (fn F) masses = 1 iters = 588 mflops = 2.052192e+03
 OK converged final_rsq= 4.9e-11 (cf 1e-10) rel = 1 (cf 0) restarts = 3 iters= 588
GFTIME:   time = 3.198380e-01 (Symanzik1) mflops = 2.204373e+03
FFTIME:  time = 9.038410e-01 (asqtad3) terms = 2 mflops = 2.212474e+03
CONGRAD5: time = 1.592567e+00 (fn F) masses = 1 iters = 599 mflops = 2.057275e+03
 OK converged final_rsq= 9.2e-11 (cf 1e-10) rel = 1 (cf 0) restarts = 2 iters= 599
CONGRAD5: time = 1.682328e+00 (fn F) masses = 1 iters = 600 mflops = 1.950760e+03
 OK converged final_rsq= 8.1e-11 (cf 1e-10) rel = 1 (cf 0) restarts = 2 iters= 600
GFTIME:   time = 3.124630e-01 (Symanzik1) mflops = 2.256403e+03
FFTIME:  time = 9.026151e-01 (asqtad3) terms = 2 mflops = 2.215479e+03
CONGRAD5: time = 1.611962e+00 (fn F) masses = 1 iters = 593 mflops = 2.012163e+03
 OK converged final_rsq= 5e-11 (cf 1e-10) rel = 1 (cf 0) restarts = 3 iters= 593
CONGRAD5: time = 1.610087e+00 (fn F) masses = 1 iters = 590 mflops = 2.004315e+03
 OK converged final_rsq= 9.9e-11 (cf 1e-10) rel = 1 (cf 0) restarts = 2 iters= 590
GFTIME:   time = 3.070009e-01 (Symanzik1) mflops = 2.296549e+03
FFTIME:  time = 9.075398e-01 (asqtad3) terms = 2 mflops = 2.203456e+03
CONGRAD5: time = 1.576940e+00 (fn F) masses = 1 iters = 600 mflops = 2.081131e+03
 OK converged final_rsq= 9.5e-11 (cf 1e-10) rel = 1 (cf 0) restarts = 2 iters= 600
CONGRAD5: time = 1.622744e+00 (fn F) masses = 1 iters = 577 mflops = 1.944863e+03
 OK converged final_rsq= 5e-11 (cf 1e-10) rel = 1 (cf 0) restarts = 3 iters= 577
GFTIME:   time = 2.901771e-01 (Symanzik1) mflops = 2.429697e+03
FFTIME:  time = 9.211628e-01 (asqtad3) terms = 2 mflops = 2.170870e+03
CONGRAD5: time = 1.681423e+00 (fn F) masses = 1 iters = 602 mflops = 1.958316e+03
 OK converged final_rsq= 4.2e-11 (cf 1e-10) rel = 1 (cf 0) restarts = 3 iters= 602
CONGRAD5: time = 1.624157e+00 (fn F) masses = 1 iters = 594 mflops = 2.000422e+03
 OK converged final_rsq= 5e-11 (cf 1e-10) rel = 1 (cf 0) restarts = 3 iters= 594
GFTIME:   time = 3.080010e-01 (Symanzik1) mflops = 2.289091e+03
FFTIME:  time = 9.238839e-01 (asqtad3) terms = 2 mflops = 2.164476e+03
CONGRAD5: time = 1.552827e+00 (fn F) masses = 1 iters = 585 mflops = 2.060611e+03
 OK converged final_rsq= 9.8e-11 (cf 1e-10) rel = 1 (cf 0) restarts = 2 iters= 585
CONGRAD5: time = 1.551270e+00 (fn F) masses = 1 iters = 577 mflops = 2.034471e+03
 OK converged final_rsq= 1e-10 (cf 1e-10) rel = 1 (cf 0) restarts = 2 iters= 577
GFTIME:   time = 3.172519e-01 (Symanzik1) mflops = 2.222343e+03
FFTIME:  time = 9.021852e-01 (asqtad3) terms = 2 mflops = 2.216534e+03
CONGRAD5: time = 1.633791e+00 (fn F) masses = 1 iters = 597 mflops = 1.998670e+03
 OK converged final_rsq= 1e-10 (cf 1e-10) rel = 1 (cf 0) restarts = 2 iters= 597
CONGRAD5: time = 1.541503e+00 (fn F) masses = 1 iters = 582 mflops = 2.065103e+03
 OK converged final_rsq= 4.9e-11 (cf 1e-10) rel = 1 (cf 0) restarts = 3 iters= 582
GFTIME:   time = 3.020492e-01 (Symanzik1) mflops = 2.334198e+03
FFTIME:  time = 9.410090e-01 (asqtad3) terms = 2 mflops = 2.125085e+03
CONGRAD5: time = 1.619915e+00 (fn F) masses = 1 iters = 600 mflops = 2.025920e+03
 OK converged final_rsq= 8.6e-11 (cf 1e-10) rel = 1 (cf 0) restarts = 2 iters= 600
CONGRAD5: time = 1.654586e+00 (fn F) masses = 1 iters = 599 mflops = 1.980162e+03
 OK converged final_rsq= 8.8e-11 (cf 1e-10) rel = 1 (cf 0) restarts = 2 iters= 599
GFTIME:   time = 4.080660e-01 (Symanzik1) mflops = 1.727766e+03
FFTIME:  time = 9.557710e-01 (asqtad3) terms = 2 mflops = 2.092263e+03
CONGRAD5: time = 1.666661e+00 (fn F) masses = 1 iters = 595 mflops = 1.952688e+03
 OK converged final_rsq= 9.9e-11 (cf 1e-10) rel = 1 (cf 0) restarts = 2 iters= 595
CONGRAD5: time = 1.615945e+00 (fn F) masses = 1 iters = 600 mflops = 2.030897e+03
 OK converged final_rsq= 4.9e-11 (cf 1e-10) rel = 1 (cf 0) restarts = 3 iters= 600
GFTIME:   time = 2.975838e-01 (Symanzik1) mflops = 2.369223e+03
FFTIME:  time = 9.608541e-01 (asqtad3) terms = 2 mflops = 2.081195e+03
CONGRAD5: time = 1.645408e+00 (fn F) masses = 1 iters = 598 mflops = 1.987883e+03
 OK converged final_rsq= 9.3e-11 (cf 1e-10) rel = 1 (cf 0) restarts = 2 iters= 598
CONGRAD5: time = 1.630215e+00 (fn F) masses = 1 iters = 588 mflops = 1.972857e+03
 OK converged final_rsq= 9.8e-11 (cf 1e-10) rel = 1 (cf 0) restarts = 2 iters= 588
GFTIME:   time = 2.523940e-01 (Symanzik1) mflops = 2.793420e+03
FFTIME:  time = 9.198771e-01 (asqtad3) terms = 2 mflops = 2.173904e+03
CONGRAD5: time = 1.662705e+00 (fn F) masses = 1 iters = 600 mflops = 1.973782e+03
 OK converged final_rsq= 1e-10 (cf 1e-10) rel = 1 (cf 0) restarts = 2 iters= 600
CONGRAD5: time = 1.550827e+00 (fn F) masses = 1 iters = 594 mflops = 2.095011e+03
 OK converged final_rsq= 1e-10 (cf 1e-10) rel = 1 (cf 0) restarts = 2 iters= 594
GFTIME:   time = 2.861569e-01 (Symanzik1) mflops = 2.463832e+03
FFTIME:  time = 9.728889e-01 (asqtad3) terms = 2 mflops = 2.055450e+03
PLAQ:	1.475018	1.474765
P_LOOP:	1.583971e-03	8.888766e-03
G_LOOP:  0  0  4   	1.475200e+00	( 0 1 7 6  )
G_LOOP:  0  1  4   	1.473302e+00	( 0 2 7 5  )
G_LOOP:  0  2  4   	1.474447e+00	( 0 3 7 4  )
G_LOOP:  0  3  4   	1.476551e+00	( 1 2 6 5  )
G_LOOP:  0  4  4   	1.473466e+00	( 1 3 6 4  )
G_LOOP:  0  5  4   	1.476382e+00	( 2 3 5 4  )
G_LOOP:  1  0  6   	7.168152e-01	( 0 0 1 7 7 6  )
G_LOOP:  1  1  6   	7.143560e-01	( 0 0 2 7 7 5  )
G_LOOP:  1  2  6   	7.200913e-01	( 0 0 3 7 7 4  )
G_LOOP:  1  3  6   	7.156780e-01	( 1 1 0 6 6 7  )
G_LOOP:  1  4  6   	7.181522e-01	( 1 1 2 6 6 5  )
G_LOOP:  1  5  6   	7.148206e-01	( 1 1 3 6 6 4  )
G_LOOP:  1  6  6   	7.170349e-01	( 2 2 0 5 5 7  )
G_LOOP:  1  7  6   	7.201545e-01	( 2 2 1 5 5 6  )
G_LOOP:  1  8  6   	7.182823e-01	( 2 2 3 5 5 4  )
G_LOOP:  1  9  6   	7.158960e-01	( 3 3 0 4 4 7  )
G_LOOP:  1  10  6   	7.152688e-01	( 3 3 1 4 4 6  )
G_LOOP:  1  11  6   	7.163844e-01	( 3 3 2 4 4 5  )
G_LOOP:  2  0  6   	7.356671e-01	( 0 1 2 7 6 5  )
G_LOOP:  2  1  6   	7.328274e-01	( 0 1 5 7 6 2  )
G_LOOP:  2  2  6   	7.315874e-01	( 0 6 2 7 1 5  )
G_LOOP:  2  3  6   	7.323769e-01	( 0 6 5 7 1 2  )
G_LOOP:  2  4  6   	7.306019e-01	( 0 1 3 7 6 4  )
G_LOOP:  2  5  6   	7.319978e-01	( 0 1 4 7 6 3  )
G_LOOP:  2  6  6   	7.344427e-01	( 0 6 3 7 1 4  )
G_LOOP:  2  7  6   	7.355533e-01	( 0 6 4 7 1 3  )
G_LOOP:  2  8  6   	7.341856e-01	( 0 2 3 7 5 4  )
G_LOOP:  2  9  6   	7.352679e-01	( 0 2 4 7 5 3  )
G_LOOP:  2  10  6   	7.323827e-01	( 0 5 3 7 2 4  )
G_LOOP:  2  11  6   	7.358148e-01	( 0 5 4 7 2 3  )
G_LOOP:  2  12  6   	7.352626e-01	( 1 2 3 6 5 4  )
G_LOOP:  2  13  6   	7.335346e-01	( 1 2 4 6 5 3  )
G_LOOP:  2  14  6   	7.329657e-01	( 1 5 3 6 2 4  )
G_LOOP:  2  15  6   	7.343445e-01	( 1 5 4 6 2 3  )
GACTION: 6.650037e+00
CONGRAD5: time = 1.571042e+00 (fn F) masses = 1 iters = 594 mflops = 2.068054e+03
 OK converged final_rsq= 9.6e-11 (cf 1e-10) rel = 1 (cf 0) restarts = 2 iters= 594
CONGRAD5: time = 1.989620e-01 (fn F) masses = 1 iters = 75 mflops = 2.061837e+03
 OK converged final_rsq= 9.8e-11 (cf 1e-10) rel = 1 (cf 0) restarts = 1 iters= 75
PBP: mass 1.000000e-02     4.191618e-02  3.939040e-02  -2.735264e-03  -2.734107e-03 ( 1 of 1 )
FACTION: mass = 1.000000e-02,  1.498802e+00 ( 1 of 1 )
CONGRAD5: time = 1.648814e+00 (fn F) masses = 1 iters = 597 mflops = 1.980459e+03
 OK converged final_rsq= 9.6e-11 (cf 1e-10) rel = 1 (cf 0) restarts = 2 iters= 597
CONGRAD5: time = 2.512860e-01 (fn F) masses = 1 iters = 81 mflops = 1.763112e+03
 OK converged final_rsq= 1e-10 (cf 1e-10) rel = 1 (cf 0) restarts = 1 iters= 81
PBP: mass 1.000000e-02     3.659735e-02  4.621624e-02  -2.733654e-03  -2.734212e-03 ( 1 of 1 )
FACTION: mass = 1.000000e-02,  1.497408e+00 ( 1 of 1 )
CONGRAD5: time = 1.591853e+00 (fn F) masses = 1 iters = 602 mflops = 2.068506e+03
 OK converged final_rsq= 5e-11 (cf 1e-10) rel = 1 (cf 0) restarts = 3 iters= 602
CONGRAD5: time = 1.718514e+00 (fn F) masses = 1 iters = 600 mflops = 1.909683e+03
 OK converged final_rsq= 9.6e-11 (cf 1e-10) rel = 1 (cf 0) restarts = 2 iters= 600
GFTIME:   time = 2.470281e-01 (Symanzik1) mflops = 2.854098e+03
FFTIME:  time = 9.480622e-01 (asqtad3) terms = 2 mflops = 2.109276e+03
CONGRAD5: time = 1.636836e+00 (fn F) masses = 1 iters = 600 mflops = 2.004976e+03
 OK converged final_rsq= 8.6e-11 (cf 1e-10) rel = 1 (cf 0) restarts = 2 iters= 600
CONGRAD5: time = 1.696535e+00 (fn F) masses = 1 iters = 596 mflops = 1.921527e+03
 OK converged final_rsq= 9.5e-11 (cf 1e-10) rel = 1 (cf 0) restarts = 2 iters= 596
GFTIME:   time = 3.098059e-01 (Symanzik1) mflops = 2.275756e+03
FFTIME:  time = 9.505329e-01 (asqtad3) terms = 2 mflops = 2.103793e+03
CONGRAD5: time = 1.605297e+00 (fn F) masses = 1 iters = 598 mflops = 2.037553e+03
 OK converged final_rsq= 9.8e-11 (cf 1e-10) rel = 1 (cf 0) restarts = 2 iters= 598
CONGRAD5: time = 1.648458e+00 (fn F) masses = 1 iters = 602 mflops = 1.997477e+03
 OK converged final_rsq= 3.8e-11 (cf 1e-10) rel = 1 (cf 0) restarts = 3 iters= 602
GFTIME:   time = 3.548551e-01 (Symanzik1) mflops = 1.986846e+03
FFTIME:  time = 8.950589e-01 (asqtad3) terms = 2 mflops = 2.234182e+03
CONGRAD5: time = 1.623983e+00 (fn F) masses = 1 iters = 600 mflops = 2.020845e+03
 OK converged final_rsq= 8.9e-11 (cf 1e-10) rel = 1 (cf 0) restarts = 2 iters= 600
CONGRAD5: time = 1.642949e+00 (fn F) masses = 1 iters = 592 mflops = 1.970883e+03
 OK converged final_rsq= 4.9e-11 (cf 1e-10) rel = 1 (cf 0) restarts = 3 iters= 592
GFTIME:   time = 2.581029e-01 (Symanzik1) mflops = 2.731633e+03
FFTIME:  time = 9.265749e-01 (asqtad3) terms = 2 mflops = 2.158190e+03
CONGRAD5: time = 1.623592e+00 (fn F) masses = 1 iters = 599 mflops = 2.017963e+03
 OK converged final_rsq= 9.1e-11 (cf 1e-10) rel = 1 (cf 0) restarts = 2 iters= 599
CONGRAD5: time = 1.622655e+00 (fn F) masses = 1 iters = 601 mflops = 2.025870e+03
 OK converged final_rsq= 4.7e-11 (cf 1e-10) rel = 1 (cf 0) restarts = 3 iters= 601
GFTIME:   time = 3.032939e-01 (Symanzik1) mflops = 2.324618e+03
FFTIME:  time = 9.582791e-01 (asqtad3) terms = 2 mflops = 2.086787e+03
CONGRAD5: time = 1.591185e+00 (fn F) masses = 1 iters = 602 mflops = 2.069374e+03
 OK converged final_rsq= 4.7e-11 (cf 1e-10) rel = 1 (cf 0) restarts = 3 iters= 602
CONGRAD5: time = 1.539719e+00 (fn F) masses = 1 iters = 582 mflops = 2.067496e+03
 OK converged final_rsq= 9.8e-11 (cf 1e-10) rel = 1 (cf 0) restarts = 2 iters= 582
GFTIME:   time = 2.905490e-01 (Symanzik1) mflops = 2.426587e+03
FFTIME:  time = 9.130099e-01 (asqtad3) terms = 2 mflops = 2.190255e+03
CONGRAD5: time = 1.821707e+00 (fn F) masses = 1 iters = 660 mflops = 1.981658e+03
 OK converged final_rsq= 9.9e-11 (cf 1e-10) rel = 1 (cf 0) restarts = 3 iters= 660
CONGRAD5: time = 1.519998e+00 (fn F) masses = 1 iters = 592 mflops = 2.130305e+03
 OK converged final_rsq= 9.8e-11 (cf 1e-10) rel = 1 (cf 0) restarts = 2 iters= 592
GFTIME:   time = 2.661459e-01 (Symanzik1) mflops = 2.649082e+03
FFTIME:  time = 9.641931e-01 (asqtad3) terms = 2 mflops = 2.073988e+03
CONGRAD5: time = 1.599050e+00 (fn F) masses = 1 iters = 602 mflops = 2.059196e+03
 OK converged final_rsq= 5.6e-11 (cf 1e-10) rel = 1 (cf 0) restarts = 3 iters= 602
CONGRAD5: time = 1.668943e+00 (fn F) masses = 1 iters = 600 mflops = 1.966405e+03
 OK converged final_rsq= 9.2e-11 (cf 1e-10) rel = 1 (cf 0) restarts = 2 iters= 600
GFTIME:   time = 2.606220e-01 (Symanzik1) mflops = 2.705230e+03
FFTIME:  time = 9.484761e-01 (asqtad3) terms = 2 mflops = 2.108355e+03
CONGRAD5: time = 1.668083e+00 (fn F) masses = 1 iters = 600 mflops = 1.967418e+03
 OK converged final_rsq= 9.6e-11 (cf 1e-10) rel = 1 (cf 0) restarts = 2 iters= 600
CONGRAD5: time = 1.554578e+00 (fn F) masses = 1 iters = 600 mflops = 2.111066e+03
 OK converged final_rsq= 8.5e-11 (cf 1e-10) rel = 1 (cf 0) restarts = 2 iters= 600
GFTIME:   time = 2.641370e-01 (Symanzik1) mflops = 2.669230e+03
FFTIME:  time = 9.018331e-01 (asqtad3) terms = 2 mflops = 2.217400e+03
CONGRAD5: time = 1.614433e+00 (fn F) masses = 1 iters = 602 mflops = 2.039575e+03
 OK converged final_rsq= 4.3e-11 (cf 1e-10) rel = 1 (cf 0) restarts = 3 iters= 602
CONGRAD5: time = 1.618400e+00 (fn F) masses = 1 iters = 602 mflops = 2.034575e+03
 OK converged final_rsq= 5.4e-11 (cf 1e-10) rel = 1 (cf 0) restarts = 3 iters= 602
GFTIME:   time = 3.303690e-01 (Symanzik1) mflops = 2.134106e+03
FFTIME:  time = 9.238648e-01 (asqtad3) terms = 2 mflops = 2.164521e+03
CONGRAD5: time = 1.610818e+00 (fn F) masses = 1 iters = 602 mflops = 2.044152e+03
 OK converged final_rsq= 9.4e-11 (cf 1e-10) rel = 1 (cf 0) restarts = 3 iters= 602
CONGRAD5: time = 1.652059e+00 (fn F) masses = 1 iters = 599 mflops = 1.983191e+03
 OK converged final_rsq= 9.5e-11 (cf 1e-10) rel = 1 (cf 0) restarts = 2 iters= 599
GFTIME:   time = 3.251410e-01 (Symanzik1) mflops = 2.168421e+03
FFTIME:  time = 9.061191e-01 (asqtad3) terms = 2 mflops = 2.206911e+03
CONGRAD5: time = 1.664754e+00 (fn F) masses = 1 iters = 602 mflops = 1.977924e+03
 OK converged final_rsq= 7.7e-11 (cf 1e-10) rel = 1 (cf 0) restarts = 3 iters= 602
CONGRAD5: time = 1.637312e+00 (fn F) masses = 1 iters = 602 mflops = 2.011075e+03
 OK converged final_rsq= 3.8e-11 (cf 1e-10) rel = 1 (cf 0) restarts = 3 iters= 602
GFTIME:   time = 2.664480e-01 (Symanzik1) mflops = 2.646079e+03
FFTIME:  time = 9.153550e-01 (asqtad3) terms = 2 mflops = 2.184644e+03
CONGRAD5: time = 1.629056e+00 (fn F) masses = 1 iters = 602 mflops = 2.021267e+03
 OK converged final_rsq= 5e-11 (cf 1e-10) rel = 1 (cf 0) restarts = 3 iters= 602
CONGRAD5: time = 1.626629e+00 (fn F) masses = 1 iters = 602 mflops = 2.024283e+03
 OK converged final_rsq= 5.8e-11 (cf 1e-10) rel = 1 (cf 0) restarts = 3 iters= 602
GFTIME:   time = 3.055780e-01 (Symanzik1) mflops = 2.307242e+03
FFTIME:  time = 9.256392e-01 (asqtad3) terms = 2 mflops = 2.160372e+03
CONGRAD5: time = 1.566067e+00 (fn F) masses = 1 iters = 602 mflops = 2.102565e+03
 OK converged final_rsq= 4e-11 (cf 1e-10) rel = 1 (cf 0) restarts = 3 iters= 602
CONGRAD5: time = 1.677958e+00 (fn F) masses = 1 iters = 600 mflops = 1.955840e+03
 OK converged final_rsq= 9.8e-11 (cf 1e-10) rel = 1 (cf 0) restarts = 2 iters= 600
GFTIME:   time = 2.917099e-01 (Symanzik1) mflops = 2.416930e+03
FFTIME:  time = 8.957610e-01 (asqtad3) terms = 2 mflops = 2.232431e+03
CONGRAD5: time = 1.667087e+00 (fn F) masses = 1 iters = 602 mflops = 1.975156e+03
 OK converged final_rsq= 7.1e-11 (cf 1e-10) rel = 1 (cf 0) restarts = 3 iters= 602
CONGRAD5: time = 1.613137e+00 (fn F) masses = 1 iters = 602 mflops = 2.041213e+03
 OK converged final_rsq= 5.1e-11 (cf 1e-10) rel = 1 (cf 0) restarts = 3 iters= 602
GFTIME:   time = 3.040030e-01 (Symanzik1) mflops = 2.319196e+03
FFTIME:  time = 9.911480e-01 (asqtad3) terms = 2 mflops = 2.017584e+03
PLAQ:	1.458367	1.460052
P_LOOP:	1.011199e-02	-3.870468e-03
G_LOOP:  0  0  4   	1.457649e+00	( 0 1 7 6  )
G_LOOP:  0  1  4   	1.460337e+00	( 0 2 7 5  )
G_LOOP:  0  2  4   	1.459907e+00	( 0 3 7 4  )
G_LOOP:  0  3  4   	1.457116e+00	( 1 2 6 5  )
G_LOOP:  0  4  4   	1.459338e+00	( 1 3 6 4  )
G_LOOP:  0  5  4   	1.460910e+00	( 2 3 5 4  )
G_LOOP:  1  0  6   	6.963547e-01	( 0 0 1 7 7 6  )
G_LOOP:  1  1  6   	7.006467e-01	( 0 0 2 7 7 5  )
G_LOOP:  1  2  6   	6.973474e-01	( 0 0 3 7 7 4  )
G_LOOP:  1  3  6   	6.966182e-01	( 1 1 0 6 6 7  )
G_LOOP:  1  4  6   	6.982516e-01	( 1 1 2 6 6 5  )
G_LOOP:  1  5  6   	6.989510e-01	( 1 1 3 6 6 4  )
G_LOOP:  1  6  6   	7.036480e-01	( 2 2 0 5 5 7  )
G_LOOP:  1  7  6   	6.974191e-01	( 2 2 1 5 5 6  )
G_LOOP:  1  8  6   	7.036013e-01	( 2 2 3 5 5 4  )
G_LOOP:  1  9  6   	6.996095e-01	( 3 3 0 4 4 7  )
G_LOOP:  1  10  6   	6.980197e-01	( 3 3 1 4 4 6  )
G_LOOP:  1  11  6   	7.032359e-01	( 3 3 2 4 4 5  )
G_LOOP:  2  0  6   	7.138192e-01	( 0 1 2 7 6 5  )
G_LOOP:  2  1  6   	7.152912e-01	( 0 1 5 7 6 2  )
G_LOOP:  2  2  6   	7.137783e-01	( 0 6 2 7 1 5  )
G_LOOP:  2  3  6   	7.167190e-01	( 0 6 5 7 1 2  )
G_LOOP:  2  4  6   	7.141562e-01	( 0 1 3 7 6 4  )
G_LOOP:  2  5  6   	7.104113e-01	( 0 1 4 7 6 3  )
G_LOOP:  2  6  6   	7.120237e-01	( 0 6 3 7 1 4  )
G_LOOP:  2  7  6   	7.161655e-01	( 0 6 4 7 1 3  )
G_LOOP:  2  8  6   	7.144114e-01	( 0 2 3 7 5 4  )
G_LOOP:  2  9  6   	7.154319e-01	( 0 2 4 7 5 3  )
G_LOOP:  2  10  6   	7.155286e-01	( 0 5 3 7 2 4  )
G_LOOP:  2  11  6   	7.151513e-01	( 0 5 4 7 2 3  )
G_LOOP:  2  12  6   	7.150617e-01	( 1 2 3 6 5 4  )
G_LOOP:  2  13  6   	7.172743e-01	( 1 2 4 6 5 3  )
G_LOOP:  2  14  6   	7.141801e-01	( 1 5 3 6 2 4  )
G_LOOP:  2  15  6   	7.111596e-01	( 1 5 4 6 2 3  )
GACTION: 6.724708e+00
CONGRAD5: time = 1.646765e+00 (fn F) masses = 1 iters = 600 mflops = 1.992888e+03
 OK converged final_rsq= 9.1e-11 (cf 1e-10) rel = 1 (cf 0) restarts = 2 iters= 600
CONGRAD5: time = 2.498810e-01 (fn F) masses = 1 iters = 96 mflops = 2.101363e+03
 OK converged final_rsq= 9.9e-11 (cf 1e-10) rel = 1 (cf 0) restarts = 1 iters= 96
PBP: mass 1.000000e-02     3.839806e-02  5.051406e-02  6.025208e-03  6.024647e-03 ( 1 of 1 )
FACTION: mass = 1.000000e-02,  1.500697e+00 ( 1 of 1 )
CONGRAD5: time = 1.561892e+00 (fn F) masses = 1 iters = 602 mflops = 2.108185e+03
 OK converged final_rsq= 4e-11 (cf 1e-10) rel = 1 (cf 0) restarts = 3 iters= 602
CONGRAD5: time = 3.271890e-01 (fn F) masses = 1 iters = 104 mflops = 1.738593e+03
 OK converged final_rsq= 9.9e-11 (cf 1e-10) rel = 1 (cf 0) restarts = 1 iters= 104
PBP: mass 1.000000e-02     4.677702e-02  4.116680e-02  -8.326679e-04  -8.283313e-04 ( 1 of 1 )
FACTION: mass = 1.000000e-02,  1.500646e+00 ( 1 of 1 )
RUNNING COMPLETED
average cg iters for step= 1.181000e+03
Time = 3.147394e+02 seconds
total_iters = 147683
Checksums 8b320b36 d4728e60
Saved gauge configuration in parallel to binary file lat_p64_size128_2
Time stamp Wed May 18 20:52:53 2022
Wrote info file lat_p64_size128_2.info
Time to save = 8.723750e-01
CHECK PLAQ: 1.458367e+00 1.460052e+00
CHECK NERSC LINKTR: 1.434110e-01 CKSUM: d7ca6bf8


get_i(0): EOF on input.
Elapsed total time: 353.310158
exit: Wed May 18 20:52:54 2022

