SU3 with improved KS action
Microcanonical simulation with refreshing
R algorithm
MIMD version 7.8.1
Machine = MPI (portable), with 32 nodes
Host(0) = nid05573
Username = mcopik
Options selected...
Generic single precision
C_GLOBAL_INLINE
DBLSTORE_FN
D_FN_GATHER13
FEWSUMS
KS_MULTIFF=FNMAT
VECLENGTH=4
type 0 for no prompts, 1 for prompts, or 2 for proofreading
nflavors1 2
nflavors2 1
nx 16
ny 16
nz 16
nt 36
iseed 5682304
LAYOUT = Hypercubes, options = hyper_prime,
automatic hyper_prime layout
ON EACH NODE 8 x 8 x 8 x 9
Mallocing 4.5 MBytes per node for lattice
WARNING!!: Resetting random seed
Made lattice
Made nn gathers
Made 3nn gathers
Finished setup


warms 0
trajecs 4
traj_between_meas 1
beta 5.6
mass1 0.125
mass2 0.125
u0 0.8441
microcanonical_time_step 0.2
steps_per_trajectory 5
max_cg_iterations 100
max_cg_restarts 5
error_per_site 0.125
error_for_propagator 0.125
npbp_reps 1
prec_pbp 1
fresh 
save_parallel lat_p64_size128_1
unit gauge configuration loaded
CHECK PLAQ: 3.000000e+00 3.000000e+00
CHECK NERSC LINKTR: 1.000000e+00 CKSUM: 0
Unitarity checked.  Max deviation 0.00e+00
Time to check unitarity = 1.650095e-03
"O(a^2): couplings(pi)=0, Naik term, No O(a^2) errors, tadpole weights"
path coefficients: npath  path_coeff  multiplicity
                    0      6.250000e-01     8
                    1      -5.847914e-02     8
                    2      -8.771871e-02     48
                    3      3.077829e-02     192
                    4      -7.199551e-03     384
                    5      -1.231132e-01     48
Symanzik 1x1 + 1x2 + 1x1x1 action
gauge_action: total_dyn_flavors = 3
loop coefficients: nloop rep loop_coeff  multiplicity
                    0 0      1.000000e+00     6
                    1 0      -7.762509e-02     12
                    2 0      -1.031171e-02     16
WARMUPS COMPLETED
CONGRAD5: time = 1.644588e-02 (fn F) masses = 1 iters = 4 mflops = 1.330351e+03
 OK converged final_rsq= 0.006 (cf 0.016) rel = 1 (cf 0) restarts = 1 iters= 4
CONGRAD5: time = 1.484609e-02 (fn F) masses = 1 iters = 4 mflops = 1.473707e+03
 OK converged final_rsq= 0.0059 (cf 0.016) rel = 1 (cf 0) restarts = 1 iters= 4
GFTIME:   time = 2.560711e-01 (Symanzik1) mflops = 2.753307e+03
FFTIME:  time = 8.968599e-01 (asqtad3) terms = 2 mflops = 2.229696e+03
CONGRAD5: time = 1.714492e-02 (fn F) masses = 1 iters = 4 mflops = 1.276109e+03
 OK converged final_rsq= 0.01 (cf 0.016) rel = 1 (cf 0) restarts = 1 iters= 4
CONGRAD5: time = 1.744890e-02 (fn F) masses = 1 iters = 4 mflops = 1.253877e+03
 OK converged final_rsq= 0.0097 (cf 0.016) rel = 1 (cf 0) restarts = 1 iters= 4
GFTIME:   time = 2.859371e-01 (Symanzik1) mflops = 2.465726e+03
FFTIME:  time = 9.163599e-01 (asqtad3) terms = 2 mflops = 2.182248e+03
CONGRAD5: time = 1.450396e-02 (fn F) masses = 1 iters = 4 mflops = 1.508470e+03
 OK converged final_rsq= 0.014 (cf 0.016) rel = 1 (cf 0) restarts = 1 iters= 4
CONGRAD5: time = 1.404715e-02 (fn F) masses = 1 iters = 4 mflops = 1.557525e+03
 OK converged final_rsq= 0.014 (cf 0.016) rel = 1 (cf 0) restarts = 1 iters= 4
GFTIME:   time = 2.918930e-01 (Symanzik1) mflops = 2.415414e+03
FFTIME:  time = 9.103498e-01 (asqtad3) terms = 2 mflops = 2.196655e+03
CONGRAD5: time = 1.505399e-02 (fn F) masses = 1 iters = 4 mflops = 1.453355e+03
 OK converged final_rsq= 0.013 (cf 0.016) rel = 1 (cf 0) restarts = 1 iters= 4
CONGRAD5: time = 1.439500e-02 (fn F) masses = 1 iters = 4 mflops = 1.519888e+03
 OK converged final_rsq= 0.013 (cf 0.016) rel = 1 (cf 0) restarts = 1 iters= 4
GFTIME:   time = 2.511570e-01 (Symanzik1) mflops = 2.807178e+03
FFTIME:  time = 9.356170e-01 (asqtad3) terms = 2 mflops = 2.137332e+03
CONGRAD5: time = 1.626682e-02 (fn F) masses = 1 iters = 4 mflops = 1.344994e+03
 OK converged final_rsq= 0.011 (cf 0.016) rel = 1 (cf 0) restarts = 1 iters= 4
CONGRAD5: time = 1.514101e-02 (fn F) masses = 1 iters = 4 mflops = 1.445002e+03
 OK converged final_rsq= 0.011 (cf 0.016) rel = 1 (cf 0) restarts = 1 iters= 4
GFTIME:   time = 2.849071e-01 (Symanzik1) mflops = 2.474640e+03
FFTIME:  time = 9.119818e-01 (asqtad3) terms = 2 mflops = 2.192724e+03
PLAQ:	2.348688	2.349026
P_LOOP:	2.691398e-03	4.211928e-03
G_LOOP:  0  0  4   	2.347009e+00	( 0 1 7 6  )
G_LOOP:  0  1  4   	2.349642e+00	( 0 2 7 5  )
G_LOOP:  0  2  4   	2.349649e+00	( 0 3 7 4  )
G_LOOP:  0  3  4   	2.349413e+00	( 1 2 6 5  )
G_LOOP:  0  4  4   	2.348984e+00	( 1 3 6 4  )
G_LOOP:  0  5  4   	2.348445e+00	( 2 3 5 4  )
G_LOOP:  1  0  6   	1.771316e+00	( 0 0 1 7 7 6  )
G_LOOP:  1  1  6   	1.776566e+00	( 0 0 2 7 7 5  )
G_LOOP:  1  2  6   	1.776867e+00	( 0 0 3 7 7 4  )
G_LOOP:  1  3  6   	1.770503e+00	( 1 1 0 6 6 7  )
G_LOOP:  1  4  6   	1.777199e+00	( 1 1 2 6 6 5  )
G_LOOP:  1  5  6   	1.774381e+00	( 1 1 3 6 6 4  )
G_LOOP:  1  6  6   	1.775959e+00	( 2 2 0 5 5 7  )
G_LOOP:  1  7  6   	1.775263e+00	( 2 2 1 5 5 6  )
G_LOOP:  1  8  6   	1.775328e+00	( 2 2 3 5 5 4  )
G_LOOP:  1  9  6   	1.777224e+00	( 3 3 0 4 4 7  )
G_LOOP:  1  10  6   	1.775937e+00	( 3 3 1 4 4 6  )
G_LOOP:  1  11  6   	1.773587e+00	( 3 3 2 4 4 5  )
G_LOOP:  2  0  6   	1.821641e+00	( 0 1 2 7 6 5  )
G_LOOP:  2  1  6   	1.822607e+00	( 0 1 5 7 6 2  )
G_LOOP:  2  2  6   	1.821059e+00	( 0 6 2 7 1 5  )
G_LOOP:  2  3  6   	1.820510e+00	( 0 6 5 7 1 2  )
G_LOOP:  2  4  6   	1.821227e+00	( 0 1 3 7 6 4  )
G_LOOP:  2  5  6   	1.818580e+00	( 0 1 4 7 6 3  )
G_LOOP:  2  6  6   	1.821414e+00	( 0 6 3 7 1 4  )
G_LOOP:  2  7  6   	1.820217e+00	( 0 6 4 7 1 3  )
G_LOOP:  2  8  6   	1.822495e+00	( 0 2 3 7 5 4  )
G_LOOP:  2  9  6   	1.822749e+00	( 0 2 4 7 5 3  )
G_LOOP:  2  10  6   	1.824359e+00	( 0 5 3 7 2 4  )
G_LOOP:  2  11  6   	1.822564e+00	( 0 5 4 7 2 3  )
G_LOOP:  2  12  6   	1.823449e+00	( 1 2 3 6 5 4  )
G_LOOP:  2  13  6   	1.821729e+00	( 1 2 4 6 5 3  )
G_LOOP:  2  14  6   	1.821191e+00	( 1 5 3 6 2 4  )
G_LOOP:  2  15  6   	1.821120e+00	( 1 5 4 6 2 3  )
GACTION: 2.571373e+00
CONGRAD5: time = 1.697516e-02 (fn F) masses = 1 iters = 4 mflops = 1.288870e+03
 OK converged final_rsq= 0.01 (cf 0.016) rel = 1 (cf 0) restarts = 1 iters= 4
CONGRAD5: time = 2.213287e-02 (fn F) masses = 1 iters = 6 mflops = 1.482780e+03
 OK converged final_rsq= 0.0091 (cf 0.016) rel = 1 (cf 0) restarts = 1 iters= 6
PBP: mass 1.250000e-01     6.812841e-02  9.727044e-02  2.709919e-03  2.812244e-03 ( 1 of 1 )
FACTION: mass = 1.250000e-01,  1.464836e+00 ( 1 of 1 )
CONGRAD5: time = 1.410794e-02 (fn F) masses = 1 iters = 4 mflops = 1.550813e+03
 OK converged final_rsq= 0.01 (cf 0.016) rel = 1 (cf 0) restarts = 1 iters= 4
CONGRAD5: time = 1.903987e-02 (fn F) masses = 1 iters = 6 mflops = 1.723656e+03
 OK converged final_rsq= 0.009 (cf 0.016) rel = 1 (cf 0) restarts = 1 iters= 6
PBP: mass 1.250000e-01     7.051055e-02  9.381208e-02  -7.107934e-04  -4.977023e-04 ( 1 of 1 )
FACTION: mass = 1.250000e-01,  1.468086e+00 ( 1 of 1 )
CONGRAD5: time = 2.125907e-02 (fn F) masses = 1 iters = 4 mflops = 1.029151e+03
 OK converged final_rsq= 0.011 (cf 0.016) rel = 1 (cf 0) restarts = 1 iters= 4
CONGRAD5: time = 1.415992e-02 (fn F) masses = 1 iters = 4 mflops = 1.545121e+03
 OK converged final_rsq= 0.011 (cf 0.016) rel = 1 (cf 0) restarts = 1 iters= 4
GFTIME:   time = 2.637851e-01 (Symanzik1) mflops = 2.672791e+03
FFTIME:  time = 9.026921e-01 (asqtad3) terms = 2 mflops = 2.215290e+03
CONGRAD5: time = 1.730108e-02 (fn F) masses = 1 iters = 5 mflops = 1.580738e+03
 OK converged final_rsq= 0.007 (cf 0.016) rel = 1 (cf 0) restarts = 1 iters= 5
CONGRAD5: time = 1.445198e-02 (fn F) masses = 1 iters = 4 mflops = 1.513895e+03
 OK converged final_rsq= 0.015 (cf 0.016) rel = 1 (cf 0) restarts = 1 iters= 4
GFTIME:   time = 2.916019e-01 (Symanzik1) mflops = 2.417825e+03
FFTIME:  time = 9.507821e-01 (asqtad3) terms = 2 mflops = 2.103242e+03
CONGRAD5: time = 1.684999e-02 (fn F) masses = 1 iters = 5 mflops = 1.623056e+03
 OK converged final_rsq= 0.0089 (cf 0.016) rel = 1 (cf 0) restarts = 1 iters= 5
CONGRAD5: time = 1.654696e-02 (fn F) masses = 1 iters = 5 mflops = 1.652779e+03
 OK converged final_rsq= 0.0085 (cf 0.016) rel = 1 (cf 0) restarts = 1 iters= 5
GFTIME:   time = 2.523541e-01 (Symanzik1) mflops = 2.793861e+03
FFTIME:  time = 9.272130e-01 (asqtad3) terms = 2 mflops = 2.156705e+03
CONGRAD5: time = 1.725411e-02 (fn F) masses = 1 iters = 5 mflops = 1.585041e+03
 OK converged final_rsq= 0.0085 (cf 0.016) rel = 1 (cf 0) restarts = 1 iters= 5
CONGRAD5: time = 1.698208e-02 (fn F) masses = 1 iters = 5 mflops = 1.610432e+03
 OK converged final_rsq= 0.0082 (cf 0.016) rel = 1 (cf 0) restarts = 1 iters= 5
GFTIME:   time = 2.798121e-01 (Symanzik1) mflops = 2.519700e+03
FFTIME:  time = 9.455481e-01 (asqtad3) terms = 2 mflops = 2.114884e+03
CONGRAD5: time = 1.685309e-02 (fn F) masses = 1 iters = 5 mflops = 1.622757e+03
 OK converged final_rsq= 0.0074 (cf 0.016) rel = 1 (cf 0) restarts = 1 iters= 5
CONGRAD5: time = 1.408696e-02 (fn F) masses = 1 iters = 4 mflops = 1.553123e+03
 OK converged final_rsq= 0.015 (cf 0.016) rel = 1 (cf 0) restarts = 1 iters= 4
GFTIME:   time = 2.547619e-01 (Symanzik1) mflops = 2.767456e+03
FFTIME:  time = 9.452720e-01 (asqtad3) terms = 2 mflops = 2.115502e+03
PLAQ:	2.014040	2.013665
P_LOOP:	1.283123e-02	1.480561e-02
G_LOOP:  0  0  4   	2.013689e+00	( 0 1 7 6  )
G_LOOP:  0  1  4   	2.013798e+00	( 0 2 7 5  )
G_LOOP:  0  2  4   	2.012642e+00	( 0 3 7 4  )
G_LOOP:  0  3  4   	2.014635e+00	( 1 2 6 5  )
G_LOOP:  0  4  4   	2.014011e+00	( 1 3 6 4  )
G_LOOP:  0  5  4   	2.014343e+00	( 2 3 5 4  )
G_LOOP:  1  0  6   	1.300633e+00	( 0 0 1 7 7 6  )
G_LOOP:  1  1  6   	1.303425e+00	( 0 0 2 7 7 5  )
G_LOOP:  1  2  6   	1.299099e+00	( 0 0 3 7 7 4  )
G_LOOP:  1  3  6   	1.303676e+00	( 1 1 0 6 6 7  )
G_LOOP:  1  4  6   	1.302897e+00	( 1 1 2 6 6 5  )
G_LOOP:  1  5  6   	1.303132e+00	( 1 1 3 6 6 4  )
G_LOOP:  1  6  6   	1.303209e+00	( 2 2 0 5 5 7  )
G_LOOP:  1  7  6   	1.303714e+00	( 2 2 1 5 5 6  )
G_LOOP:  1  8  6   	1.305115e+00	( 2 2 3 5 5 4  )
G_LOOP:  1  9  6   	1.302043e+00	( 3 3 0 4 4 7  )
G_LOOP:  1  10  6   	1.301676e+00	( 3 3 1 4 4 6  )
G_LOOP:  1  11  6   	1.300803e+00	( 3 3 2 4 4 5  )
G_LOOP:  2  0  6   	1.345070e+00	( 0 1 2 7 6 5  )
G_LOOP:  2  1  6   	1.347040e+00	( 0 1 5 7 6 2  )
G_LOOP:  2  2  6   	1.342372e+00	( 0 6 2 7 1 5  )
G_LOOP:  2  3  6   	1.343195e+00	( 0 6 5 7 1 2  )
G_LOOP:  2  4  6   	1.345218e+00	( 0 1 3 7 6 4  )
G_LOOP:  2  5  6   	1.345979e+00	( 0 1 4 7 6 3  )
G_LOOP:  2  6  6   	1.342793e+00	( 0 6 3 7 1 4  )
G_LOOP:  2  7  6   	1.343628e+00	( 0 6 4 7 1 3  )
G_LOOP:  2  8  6   	1.346200e+00	( 0 2 3 7 5 4  )
G_LOOP:  2  9  6   	1.344699e+00	( 0 2 4 7 5 3  )
G_LOOP:  2  10  6   	1.346948e+00	( 0 5 3 7 2 4  )
G_LOOP:  2  11  6   	1.344260e+00	( 0 5 4 7 2 3  )
G_LOOP:  2  12  6   	1.347968e+00	( 1 2 3 6 5 4  )
G_LOOP:  2  13  6   	1.348607e+00	( 1 2 4 6 5 3  )
G_LOOP:  2  14  6   	1.345432e+00	( 1 5 3 6 2 4  )
G_LOOP:  2  15  6   	1.349582e+00	( 1 5 4 6 2 3  )
GACTION: 4.062654e+00
CONGRAD5: time = 2.115607e-02 (fn F) masses = 1 iters = 4 mflops = 1.034161e+03
 OK converged final_rsq= 0.014 (cf 0.016) rel = 1 (cf 0) restarts = 1 iters= 4
CONGRAD5: time = 1.976895e-02 (fn F) masses = 1 iters = 6 mflops = 1.660087e+03
 OK converged final_rsq= 0.013 (cf 0.016) rel = 1 (cf 0) restarts = 1 iters= 6
PBP: mass 1.250000e-01     8.566921e-02  1.633068e-01  -1.732230e-03  -2.205862e-03 ( 1 of 1 )
FACTION: mass = 1.250000e-01,  1.449857e+00 ( 1 of 1 )
CONGRAD5: time = 1.429510e-02 (fn F) masses = 1 iters = 4 mflops = 1.530509e+03
 OK converged final_rsq= 0.014 (cf 0.016) rel = 1 (cf 0) restarts = 1 iters= 4
CONGRAD5: time = 1.906514e-02 (fn F) masses = 1 iters = 6 mflops = 1.721371e+03
 OK converged final_rsq= 0.013 (cf 0.016) rel = 1 (cf 0) restarts = 1 iters= 6
PBP: mass 1.250000e-01     8.497225e-02  1.671420e-01  1.389017e-03  1.363599e-03 ( 1 of 1 )
FACTION: mass = 1.250000e-01,  1.448984e+00 ( 1 of 1 )
CONGRAD5: time = 1.712298e-02 (fn F) masses = 1 iters = 5 mflops = 1.597180e+03
 OK converged final_rsq= 0.0074 (cf 0.016) rel = 1 (cf 0) restarts = 1 iters= 5
CONGRAD5: time = 1.466918e-02 (fn F) masses = 1 iters = 4 mflops = 1.491480e+03
 OK converged final_rsq= 0.016 (cf 0.016) rel = 1 (cf 0) restarts = 1 iters= 4
GFTIME:   time = 2.602339e-01 (Symanzik1) mflops = 2.709265e+03
FFTIME:  time = 9.455321e-01 (asqtad3) terms = 2 mflops = 2.114920e+03
CONGRAD5: time = 1.990819e-02 (fn F) masses = 1 iters = 5 mflops = 1.373730e+03
 OK converged final_rsq= 0.0093 (cf 0.016) rel = 1 (cf 0) restarts = 1 iters= 5
CONGRAD5: time = 1.842093e-02 (fn F) masses = 1 iters = 5 mflops = 1.484641e+03
 OK converged final_rsq= 0.0088 (cf 0.016) rel = 1 (cf 0) restarts = 1 iters= 5
GFTIME:   time = 2.543271e-01 (Symanzik1) mflops = 2.772188e+03
FFTIME:  time = 9.761200e-01 (asqtad3) terms = 2 mflops = 2.048646e+03
CONGRAD5: time = 1.818991e-02 (fn F) masses = 1 iters = 5 mflops = 1.503498e+03
 OK converged final_rsq= 0.011 (cf 0.016) rel = 1 (cf 0) restarts = 1 iters= 5
CONGRAD5: time = 1.709294e-02 (fn F) masses = 1 iters = 5 mflops = 1.599987e+03
 OK converged final_rsq= 0.01 (cf 0.016) rel = 1 (cf 0) restarts = 1 iters= 5
GFTIME:   time = 2.774601e-01 (Symanzik1) mflops = 2.541059e+03
FFTIME:  time = 9.159179e-01 (asqtad3) terms = 2 mflops = 2.183301e+03
CONGRAD5: time = 2.038193e-02 (fn F) masses = 1 iters = 5 mflops = 1.341800e+03
 OK converged final_rsq= 0.011 (cf 0.016) rel = 1 (cf 0) restarts = 1 iters= 5
CONGRAD5: time = 1.970100e-02 (fn F) masses = 1 iters = 5 mflops = 1.388177e+03
 OK converged final_rsq= 0.01 (cf 0.016) rel = 1 (cf 0) restarts = 1 iters= 5
GFTIME:   time = 2.857630e-01 (Symanzik1) mflops = 2.467228e+03
FFTIME:  time = 9.018331e-01 (asqtad3) terms = 2 mflops = 2.217400e+03
CONGRAD5: time = 2.595592e-02 (fn F) masses = 1 iters = 5 mflops = 1.053651e+03
 OK converged final_rsq= 0.01 (cf 0.016) rel = 1 (cf 0) restarts = 1 iters= 5
CONGRAD5: time = 2.322006e-02 (fn F) masses = 1 iters = 5 mflops = 1.177795e+03
 OK converged final_rsq= 0.0096 (cf 0.016) rel = 1 (cf 0) restarts = 1 iters= 5
GFTIME:   time = 2.697859e-01 (Symanzik1) mflops = 2.613341e+03
FFTIME:  time = 9.327531e-01 (asqtad3) terms = 2 mflops = 2.143895e+03
PLAQ:	1.792886	1.793338
P_LOOP:	-6.524752e-03	1.741558e-02
G_LOOP:  0  0  4   	1.792911e+00	( 0 1 7 6  )
G_LOOP:  0  1  4   	1.793237e+00	( 0 2 7 5  )
G_LOOP:  0  2  4   	1.793946e+00	( 0 3 7 4  )
G_LOOP:  0  3  4   	1.792510e+00	( 1 2 6 5  )
G_LOOP:  0  4  4   	1.793205e+00	( 1 3 6 4  )
G_LOOP:  0  5  4   	1.792863e+00	( 2 3 5 4  )
G_LOOP:  1  0  6   	1.024582e+00	( 0 0 1 7 7 6  )
G_LOOP:  1  1  6   	1.026102e+00	( 0 0 2 7 7 5  )
G_LOOP:  1  2  6   	1.028519e+00	( 0 0 3 7 7 4  )
G_LOOP:  1  3  6   	1.026685e+00	( 1 1 0 6 6 7  )
G_LOOP:  1  4  6   	1.026546e+00	( 1 1 2 6 6 5  )
G_LOOP:  1  5  6   	1.025324e+00	( 1 1 3 6 6 4  )
G_LOOP:  1  6  6   	1.026597e+00	( 2 2 0 5 5 7  )
G_LOOP:  1  7  6   	1.025157e+00	( 2 2 1 5 5 6  )
G_LOOP:  1  8  6   	1.024633e+00	( 2 2 3 5 5 4  )
G_LOOP:  1  9  6   	1.026735e+00	( 3 3 0 4 4 7  )
G_LOOP:  1  10  6   	1.026101e+00	( 3 3 1 4 4 6  )
G_LOOP:  1  11  6   	1.022430e+00	( 3 3 2 4 4 5  )
G_LOOP:  2  0  6   	1.059812e+00	( 0 1 2 7 6 5  )
G_LOOP:  2  1  6   	1.060557e+00	( 0 1 5 7 6 2  )
G_LOOP:  2  2  6   	1.058756e+00	( 0 6 2 7 1 5  )
G_LOOP:  2  3  6   	1.060241e+00	( 0 6 5 7 1 2  )
G_LOOP:  2  4  6   	1.062470e+00	( 0 1 3 7 6 4  )
G_LOOP:  2  5  6   	1.060506e+00	( 0 1 4 7 6 3  )
G_LOOP:  2  6  6   	1.058976e+00	( 0 6 3 7 1 4  )
G_LOOP:  2  7  6   	1.061780e+00	( 0 6 4 7 1 3  )
G_LOOP:  2  8  6   	1.065268e+00	( 0 2 3 7 5 4  )
G_LOOP:  2  9  6   	1.058724e+00	( 0 2 4 7 5 3  )
G_LOOP:  2  10  6   	1.058503e+00	( 0 5 3 7 2 4  )
G_LOOP:  2  11  6   	1.058115e+00	( 0 5 4 7 2 3  )
G_LOOP:  2  12  6   	1.060545e+00	( 1 2 3 6 5 4  )
G_LOOP:  2  13  6   	1.059196e+00	( 1 2 4 6 5 3  )
G_LOOP:  2  14  6   	1.059034e+00	( 1 5 3 6 2 4  )
G_LOOP:  2  15  6   	1.061206e+00	( 1 5 4 6 2 3  )
GACTION: 5.082307e+00
CONGRAD5: time = 1.838279e-02 (fn F) masses = 1 iters = 5 mflops = 1.487722e+03
 OK converged final_rsq= 0.0086 (cf 0.016) rel = 1 (cf 0) restarts = 1 iters= 5
CONGRAD5: time = 1.910806e-02 (fn F) masses = 1 iters = 6 mflops = 1.717505e+03
 OK converged final_rsq= 0.015 (cf 0.016) rel = 1 (cf 0) restarts = 1 iters= 6
PBP: mass 1.250000e-01     1.094033e-01  3.030200e-01  -1.112299e-03  -4.992905e-04 ( 1 of 1 )
FACTION: mass = 1.250000e-01,  1.451542e+00 ( 1 of 1 )
CONGRAD5: time = 1.673198e-02 (fn F) masses = 1 iters = 5 mflops = 1.634504e+03
 OK converged final_rsq= 0.0085 (cf 0.016) rel = 1 (cf 0) restarts = 1 iters= 5
CONGRAD5: time = 2.513504e-02 (fn F) masses = 1 iters = 6 mflops = 1.305674e+03
 OK converged final_rsq= 0.015 (cf 0.016) rel = 1 (cf 0) restarts = 1 iters= 6
PBP: mass 1.250000e-01     1.075303e-01  2.973076e-01  8.333416e-04  3.848426e-04 ( 1 of 1 )
FACTION: mass = 1.250000e-01,  1.457298e+00 ( 1 of 1 )
CONGRAD5: time = 1.701903e-02 (fn F) masses = 1 iters = 5 mflops = 1.606935e+03
 OK converged final_rsq= 0.01 (cf 0.016) rel = 1 (cf 0) restarts = 1 iters= 5
CONGRAD5: time = 1.704812e-02 (fn F) masses = 1 iters = 5 mflops = 1.604193e+03
 OK converged final_rsq= 0.0096 (cf 0.016) rel = 1 (cf 0) restarts = 1 iters= 5
GFTIME:   time = 2.974401e-01 (Symanzik1) mflops = 2.370368e+03
FFTIME:  time = 9.350979e-01 (asqtad3) terms = 2 mflops = 2.138519e+03
CONGRAD5: time = 1.762986e-02 (fn F) masses = 1 iters = 5 mflops = 1.551259e+03
 OK converged final_rsq= 0.011 (cf 0.016) rel = 1 (cf 0) restarts = 1 iters= 5
CONGRAD5: time = 1.655006e-02 (fn F) masses = 1 iters = 5 mflops = 1.652470e+03
 OK converged final_rsq= 0.011 (cf 0.016) rel = 1 (cf 0) restarts = 1 iters= 5
GFTIME:   time = 2.540481e-01 (Symanzik1) mflops = 2.775232e+03
FFTIME:  time = 9.365048e-01 (asqtad3) terms = 2 mflops = 2.135306e+03
CONGRAD5: time = 1.802993e-02 (fn F) masses = 1 iters = 5 mflops = 1.516838e+03
 OK converged final_rsq= 0.012 (cf 0.016) rel = 1 (cf 0) restarts = 1 iters= 5
CONGRAD5: time = 1.739621e-02 (fn F) masses = 1 iters = 5 mflops = 1.572094e+03
 OK converged final_rsq= 0.012 (cf 0.016) rel = 1 (cf 0) restarts = 1 iters= 5
GFTIME:   time = 2.834501e-01 (Symanzik1) mflops = 2.487360e+03
FFTIME:  time = 9.536481e-01 (asqtad3) terms = 2 mflops = 2.096921e+03
CONGRAD5: time = 1.830983e-02 (fn F) masses = 1 iters = 5 mflops = 1.493650e+03
 OK converged final_rsq= 0.012 (cf 0.016) rel = 1 (cf 0) restarts = 1 iters= 5
CONGRAD5: time = 1.784492e-02 (fn F) masses = 1 iters = 5 mflops = 1.532564e+03
 OK converged final_rsq= 0.012 (cf 0.016) rel = 1 (cf 0) restarts = 1 iters= 5
GFTIME:   time = 2.546329e-01 (Symanzik1) mflops = 2.768858e+03
FFTIME:  time = 9.817300e-01 (asqtad3) terms = 2 mflops = 2.036939e+03
CONGRAD5: time = 1.686502e-02 (fn F) masses = 1 iters = 5 mflops = 1.621610e+03
 OK converged final_rsq= 0.012 (cf 0.016) rel = 1 (cf 0) restarts = 1 iters= 5
CONGRAD5: time = 1.654792e-02 (fn F) masses = 1 iters = 5 mflops = 1.652684e+03
 OK converged final_rsq= 0.012 (cf 0.016) rel = 1 (cf 0) restarts = 1 iters= 5
GFTIME:   time = 2.542799e-01 (Symanzik1) mflops = 2.772703e+03
FFTIME:  time = 9.323950e-01 (asqtad3) terms = 2 mflops = 2.144718e+03
PLAQ:	1.646692	1.646320
P_LOOP:	-1.809259e-03	-4.192983e-03
G_LOOP:  0  0  4   	1.645426e+00	( 0 1 7 6  )
G_LOOP:  0  1  4   	1.646758e+00	( 0 2 7 5  )
G_LOOP:  0  2  4   	1.647351e+00	( 0 3 7 4  )
G_LOOP:  0  3  4   	1.647890e+00	( 1 2 6 5  )
G_LOOP:  0  4  4   	1.646412e+00	( 1 3 6 4  )
G_LOOP:  0  5  4   	1.645196e+00	( 2 3 5 4  )
G_LOOP:  1  0  6   	8.568941e-01	( 0 0 1 7 7 6  )
G_LOOP:  1  1  6   	8.550501e-01	( 0 0 2 7 7 5  )
G_LOOP:  1  2  6   	8.602824e-01	( 0 0 3 7 7 4  )
G_LOOP:  1  3  6   	8.545273e-01	( 1 1 0 6 6 7  )
G_LOOP:  1  4  6   	8.581203e-01	( 1 1 2 6 6 5  )
G_LOOP:  1  5  6   	8.559285e-01	( 1 1 3 6 6 4  )
G_LOOP:  1  6  6   	8.565518e-01	( 2 2 0 5 5 7  )
G_LOOP:  1  7  6   	8.590375e-01	( 2 2 1 5 5 6  )
G_LOOP:  1  8  6   	8.532167e-01	( 2 2 3 5 5 4  )
G_LOOP:  1  9  6   	8.567114e-01	( 3 3 0 4 4 7  )
G_LOOP:  1  10  6   	8.563252e-01	( 3 3 1 4 4 6  )
G_LOOP:  1  11  6   	8.547166e-01	( 3 3 2 4 4 5  )
G_LOOP:  2  0  6   	8.837449e-01	( 0 1 2 7 6 5  )
G_LOOP:  2  1  6   	8.789823e-01	( 0 1 5 7 6 2  )
G_LOOP:  2  2  6   	8.808471e-01	( 0 6 2 7 1 5  )
G_LOOP:  2  3  6   	8.791515e-01	( 0 6 5 7 1 2  )
G_LOOP:  2  4  6   	8.778932e-01	( 0 1 3 7 6 4  )
G_LOOP:  2  5  6   	8.760607e-01	( 0 1 4 7 6 3  )
G_LOOP:  2  6  6   	8.773932e-01	( 0 6 3 7 1 4  )
G_LOOP:  2  7  6   	8.813887e-01	( 0 6 4 7 1 3  )
G_LOOP:  2  8  6   	8.788943e-01	( 0 2 3 7 5 4  )
G_LOOP:  2  9  6   	8.775574e-01	( 0 2 4 7 5 3  )
G_LOOP:  2  10  6   	8.799924e-01	( 0 5 3 7 2 4  )
G_LOOP:  2  11  6   	8.794070e-01	( 0 5 4 7 2 3  )
G_LOOP:  2  12  6   	8.783629e-01	( 1 2 3 6 5 4  )
G_LOOP:  2  13  6   	8.771963e-01	( 1 2 4 6 5 3  )
G_LOOP:  2  14  6   	8.786813e-01	( 1 5 3 6 2 4  )
G_LOOP:  2  15  6   	8.823708e-01	( 1 5 4 6 2 3  )
GACTION: 5.774347e+00
CONGRAD5: time = 2.285886e-02 (fn F) masses = 1 iters = 5 mflops = 1.196406e+03
 OK converged final_rsq= 0.01 (cf 0.016) rel = 1 (cf 0) restarts = 1 iters= 5
CONGRAD5: time = 2.172089e-02 (fn F) masses = 1 iters = 7 mflops = 1.762721e+03
 OK converged final_rsq= 0.0082 (cf 0.016) rel = 1 (cf 0) restarts = 1 iters= 7
PBP: mass 1.250000e-01     1.254022e-01  3.229574e-01  -1.733885e-04  6.277636e-04 ( 1 of 1 )
FACTION: mass = 1.250000e-01,  1.431768e+00 ( 1 of 1 )
CONGRAD5: time = 2.294087e-02 (fn F) masses = 1 iters = 5 mflops = 1.192129e+03
 OK converged final_rsq= 0.01 (cf 0.016) rel = 1 (cf 0) restarts = 1 iters= 5
CONGRAD5: time = 2.437186e-02 (fn F) masses = 1 iters = 7 mflops = 1.570987e+03
 OK converged final_rsq= 0.0082 (cf 0.016) rel = 1 (cf 0) restarts = 1 iters= 7
PBP: mass 1.250000e-01     1.243262e-01  3.214422e-01  3.359670e-03  2.962813e-03 ( 1 of 1 )
FACTION: mass = 1.250000e-01,  1.434419e+00 ( 1 of 1 )
RUNNING COMPLETED
average cg iters for step= 1.100000e+01
Time = 3.625998e+01 seconds
total_iters = 552
Checksums 68a6789c 82d88bfb
Saved gauge configuration in parallel to binary file lat_p64_size128_1
Time stamp Wed May 18 20:16:29 2022
Wrote info file lat_p64_size128_1.info
Time to save = 6.053510e-01
CHECK PLAQ: 1.646692e+00 1.646320e+00
CHECK NERSC LINKTR: 1.712179e-01 CKSUM: c4a5534f


warms 0
trajecs 4
traj_between_meas 1
beta 5.6
mass1 0.01
mass2 0.01
u0 0.8441
microcanonical_time_step 0.02
steps_per_trajectory 15
max_cg_iterations 300
max_cg_restarts 5
error_per_site 1e-05
error_for_propagator 1e-05
npbp_reps 1
prec_pbp 1
reload_parallel lat_p64_size128_1
save_parallel lat_p64_size128_2
Restored binary gauge configuration in parallel from file lat_p64_size128_1
Time stamp Wed May 18 20:16:29 2022
Checksums 68a6789c 82d88bfb OK
Time to reload gauge configuration = 1.619980e-01
CHECK PLAQ: 1.646692e+00 1.646320e+00
CHECK NERSC LINKTR: 1.712179e-01 CKSUM: c4a5534f
Unitarity checked.  Max deviation 2.98e-07
Time to check unitarity = 1.090050e-03
"O(a^2): couplings(pi)=0, Naik term, No O(a^2) errors, tadpole weights"
path coefficients: npath  path_coeff  multiplicity
                    0      6.250000e-01     8
                    1      -5.847914e-02     8
                    2      -8.771871e-02     48
                    3      3.077829e-02     192
                    4      -7.199551e-03     384
                    5      -1.231132e-01     48
Symanzik 1x1 + 1x2 + 1x1x1 action
gauge_action: total_dyn_flavors = 3
loop coefficients: nloop rep loop_coeff  multiplicity
                    0 0      1.000000e+00     6
                    1 0      -7.762509e-02     12
                    2 0      -1.031171e-02     16
WARMUPS COMPLETED
CONGRAD5: time = 1.506274e+00 (fn F) masses = 1 iters = 573 mflops = 2.080721e+03
 OK converged final_rsq= 1e-10 (cf 1e-10) rel = 1 (cf 0) restarts = 2 iters= 573
CONGRAD5: time = 1.564105e+00 (fn F) masses = 1 iters = 563 mflops = 1.968818e+03
 OK converged final_rsq= 9.9e-11 (cf 1e-10) rel = 1 (cf 0) restarts = 2 iters= 563
GFTIME:   time = 2.688222e-01 (Symanzik1) mflops = 2.622709e+03
FFTIME:  time = 1.026049e+00 (asqtad3) terms = 2 mflops = 1.948956e+03
CONGRAD5: time = 1.639574e+00 (fn F) masses = 1 iters = 595 mflops = 1.984948e+03
 OK converged final_rsq= 1e-10 (cf 1e-10) rel = 1 (cf 0) restarts = 2 iters= 595
CONGRAD5: time = 1.502303e+00 (fn F) masses = 1 iters = 572 mflops = 2.082580e+03
 OK converged final_rsq= 5e-11 (cf 1e-10) rel = 1 (cf 0) restarts = 3 iters= 572
GFTIME:   time = 3.127859e-01 (Symanzik1) mflops = 2.254074e+03
FFTIME:  time = 9.172370e-01 (asqtad3) terms = 2 mflops = 2.180161e+03
CONGRAD5: time = 1.622684e+00 (fn F) masses = 1 iters = 596 mflops = 2.008979e+03
 OK converged final_rsq= 9.4e-11 (cf 1e-10) rel = 1 (cf 0) restarts = 2 iters= 596
CONGRAD5: time = 1.441313e+00 (fn F) masses = 1 iters = 558 mflops = 2.117576e+03
 OK converged final_rsq= 1e-10 (cf 1e-10) rel = 1 (cf 0) restarts = 2 iters= 558
GFTIME:   time = 3.039470e-01 (Symanzik1) mflops = 2.319623e+03
FFTIME:  time = 9.351029e-01 (asqtad3) terms = 2 mflops = 2.138507e+03
CONGRAD5: time = 1.607467e+00 (fn F) masses = 1 iters = 587 mflops = 1.997373e+03
 OK converged final_rsq= 1e-10 (cf 1e-10) rel = 1 (cf 0) restarts = 2 iters= 587
CONGRAD5: time = 1.575265e+00 (fn F) masses = 1 iters = 577 mflops = 2.003482e+03
 OK converged final_rsq= 9.9e-11 (cf 1e-10) rel = 1 (cf 0) restarts = 2 iters= 577
GFTIME:   time = 2.682948e-01 (Symanzik1) mflops = 2.627865e+03
FFTIME:  time = 9.186800e-01 (asqtad3) terms = 2 mflops = 2.176737e+03
CONGRAD5: time = 1.585648e+00 (fn F) masses = 1 iters = 596 mflops = 2.055903e+03
 OK converged final_rsq= 1e-10 (cf 1e-10) rel = 1 (cf 0) restarts = 2 iters= 596
CONGRAD5: time = 1.604467e+00 (fn F) masses = 1 iters = 587 mflops = 2.001108e+03
 OK converged final_rsq= 1e-10 (cf 1e-10) rel = 1 (cf 0) restarts = 2 iters= 587
GFTIME:   time = 3.076618e-01 (Symanzik1) mflops = 2.291615e+03
FFTIME:  time = 9.742620e-01 (asqtad3) terms = 2 mflops = 2.052553e+03
CONGRAD5: time = 1.577512e+00 (fn F) masses = 1 iters = 596 mflops = 2.066506e+03
 OK converged final_rsq= 4.9e-11 (cf 1e-10) rel = 1 (cf 0) restarts = 3 iters= 596
CONGRAD5: time = 1.581849e+00 (fn F) masses = 1 iters = 572 mflops = 1.977854e+03
 OK converged final_rsq= 9.9e-11 (cf 1e-10) rel = 1 (cf 0) restarts = 2 iters= 572
GFTIME:   time = 2.616029e-01 (Symanzik1) mflops = 2.695087e+03
FFTIME:  time = 9.145892e-01 (asqtad3) terms = 2 mflops = 2.186473e+03
CONGRAD5: time = 1.570700e+00 (fn F) masses = 1 iters = 572 mflops = 1.991893e+03
 OK converged final_rsq= 9.9e-11 (cf 1e-10) rel = 1 (cf 0) restarts = 2 iters= 572
CONGRAD5: time = 1.491578e+00 (fn F) masses = 1 iters = 573 mflops = 2.101221e+03
 OK converged final_rsq= 9.9e-11 (cf 1e-10) rel = 1 (cf 0) restarts = 2 iters= 573
GFTIME:   time = 2.724969e-01 (Symanzik1) mflops = 2.587341e+03
FFTIME:  time = 9.597750e-01 (asqtad3) terms = 2 mflops = 2.083535e+03
CONGRAD5: time = 1.600608e+00 (fn F) masses = 1 iters = 597 mflops = 2.040105e+03
 OK converged final_rsq= 9.3e-11 (cf 1e-10) rel = 1 (cf 0) restarts = 2 iters= 597
CONGRAD5: time = 1.606677e+00 (fn F) masses = 1 iters = 584 mflops = 1.988143e+03
 OK converged final_rsq= 9.7e-11 (cf 1e-10) rel = 1 (cf 0) restarts = 2 iters= 584
GFTIME:   time = 2.944908e-01 (Symanzik1) mflops = 2.394107e+03
FFTIME:  time = 9.363220e-01 (asqtad3) terms = 2 mflops = 2.135723e+03
CONGRAD5: time = 1.529238e+00 (fn F) masses = 1 iters = 559 mflops = 1.999401e+03
 OK converged final_rsq= 5e-11 (cf 1e-10) rel = 1 (cf 0) restarts = 3 iters= 559
CONGRAD5: time = 1.519061e+00 (fn F) masses = 1 iters = 572 mflops = 2.059605e+03
 OK converged final_rsq= 9.9e-11 (cf 1e-10) rel = 1 (cf 0) restarts = 2 iters= 572
GFTIME:   time = 3.004501e-01 (Symanzik1) mflops = 2.346621e+03
FFTIME:  time = 9.115989e-01 (asqtad3) terms = 2 mflops = 2.193645e+03
CONGRAD5: time = 1.572678e+00 (fn F) masses = 1 iters = 581 mflops = 2.020689e+03
 OK converged final_rsq= 9.8e-11 (cf 1e-10) rel = 1 (cf 0) restarts = 2 iters= 581
CONGRAD5: time = 1.530188e+00 (fn F) masses = 1 iters = 561 mflops = 2.005309e+03
 OK converged final_rsq= 5e-11 (cf 1e-10) rel = 1 (cf 0) restarts = 3 iters= 561
GFTIME:   time = 2.973599e-01 (Symanzik1) mflops = 2.371007e+03
FFTIME:  time = 9.649041e-01 (asqtad3) terms = 2 mflops = 2.072459e+03
CONGRAD5: time = 1.615827e+00 (fn F) masses = 1 iters = 589 mflops = 1.993809e+03
 OK converged final_rsq= 5e-11 (cf 1e-10) rel = 1 (cf 0) restarts = 3 iters= 589
CONGRAD5: time = 1.405904e+00 (fn F) masses = 1 iters = 527 mflops = 2.050303e+03
 OK converged final_rsq= 1e-10 (cf 1e-10) rel = 1 (cf 0) restarts = 2 iters= 527
GFTIME:   time = 3.258100e-01 (Symanzik1) mflops = 2.163968e+03
FFTIME:  time = 9.199061e-01 (asqtad3) terms = 2 mflops = 2.173835e+03
CONGRAD5: time = 1.396326e+00 (fn F) masses = 1 iters = 538 mflops = 2.107457e+03
 OK converged final_rsq= 5e-11 (cf 1e-10) rel = 1 (cf 0) restarts = 3 iters= 538
CONGRAD5: time = 1.579829e+00 (fn F) masses = 1 iters = 572 mflops = 1.980383e+03
 OK converged final_rsq= 9.9e-11 (cf 1e-10) rel = 1 (cf 0) restarts = 2 iters= 572
GFTIME:   time = 2.691598e-01 (Symanzik1) mflops = 2.619420e+03
FFTIME:  time = 9.339290e-01 (asqtad3) terms = 2 mflops = 2.141196e+03
CONGRAD5: time = 1.603151e+00 (fn F) masses = 1 iters = 594 mflops = 2.026633e+03
 OK converged final_rsq= 4.9e-11 (cf 1e-10) rel = 1 (cf 0) restarts = 3 iters= 594
CONGRAD5: time = 1.474252e+00 (fn F) masses = 1 iters = 566 mflops = 2.099945e+03
 OK converged final_rsq= 5e-11 (cf 1e-10) rel = 1 (cf 0) restarts = 3 iters= 566
GFTIME:   time = 3.002248e-01 (Symanzik1) mflops = 2.348382e+03
FFTIME:  time = 9.031489e-01 (asqtad3) terms = 2 mflops = 2.214169e+03
CONGRAD5: time = 1.547200e+00 (fn F) masses = 1 iters = 583 mflops = 2.061035e+03
 OK converged final_rsq= 9.9e-11 (cf 1e-10) rel = 1 (cf 0) restarts = 2 iters= 583
CONGRAD5: time = 1.467504e+00 (fn F) masses = 1 iters = 570 mflops = 2.124510e+03
 OK converged final_rsq= 1e-10 (cf 1e-10) rel = 1 (cf 0) restarts = 2 iters= 570
GFTIME:   time = 2.687299e-01 (Symanzik1) mflops = 2.623610e+03
FFTIME:  time = 9.959180e-01 (asqtad3) terms = 2 mflops = 2.007921e+03
CONGRAD5: time = 1.554604e+00 (fn F) masses = 1 iters = 593 mflops = 2.086402e+03
 OK converged final_rsq= 9.7e-11 (cf 1e-10) rel = 1 (cf 0) restarts = 2 iters= 593
CONGRAD5: time = 1.569913e+00 (fn F) masses = 1 iters = 569 mflops = 1.982439e+03
 OK converged final_rsq= 4.9e-11 (cf 1e-10) rel = 1 (cf 0) restarts = 3 iters= 569
GFTIME:   time = 2.629809e-01 (Symanzik1) mflops = 2.680964e+03
FFTIME:  time = 9.893310e-01 (asqtad3) terms = 2 mflops = 2.021290e+03
PLAQ:	1.541187	1.539437
P_LOOP:	-1.141755e-03	-1.306813e-02
G_LOOP:  0  0  4   	1.541648e+00	( 0 1 7 6  )
G_LOOP:  0  1  4   	1.539963e+00	( 0 2 7 5  )
G_LOOP:  0  2  4   	1.540131e+00	( 0 3 7 4  )
G_LOOP:  0  3  4   	1.541949e+00	( 1 2 6 5  )
G_LOOP:  0  4  4   	1.538898e+00	( 1 3 6 4  )
G_LOOP:  0  5  4   	1.539281e+00	( 2 3 5 4  )
G_LOOP:  1  0  6   	7.830470e-01	( 0 0 1 7 7 6  )
G_LOOP:  1  1  6   	7.774833e-01	( 0 0 2 7 7 5  )
G_LOOP:  1  2  6   	7.808380e-01	( 0 0 3 7 7 4  )
G_LOOP:  1  3  6   	7.790779e-01	( 1 1 0 6 6 7  )
G_LOOP:  1  4  6   	7.815992e-01	( 1 1 2 6 6 5  )
G_LOOP:  1  5  6   	7.768085e-01	( 1 1 3 6 6 4  )
G_LOOP:  1  6  6   	7.791801e-01	( 2 2 0 5 5 7  )
G_LOOP:  1  7  6   	7.849183e-01	( 2 2 1 5 5 6  )
G_LOOP:  1  8  6   	7.778554e-01	( 2 2 3 5 5 4  )
G_LOOP:  1  9  6   	7.772978e-01	( 3 3 0 4 4 7  )
G_LOOP:  1  10  6   	7.810393e-01	( 3 3 1 4 4 6  )
G_LOOP:  1  11  6   	7.788501e-01	( 3 3 2 4 4 5  )
G_LOOP:  2  0  6   	8.020517e-01	( 0 1 2 7 6 5  )
G_LOOP:  2  1  6   	8.001462e-01	( 0 1 5 7 6 2  )
G_LOOP:  2  2  6   	8.013429e-01	( 0 6 2 7 1 5  )
G_LOOP:  2  3  6   	8.030511e-01	( 0 6 5 7 1 2  )
G_LOOP:  2  4  6   	8.007939e-01	( 0 1 3 7 6 4  )
G_LOOP:  2  5  6   	7.963894e-01	( 0 1 4 7 6 3  )
G_LOOP:  2  6  6   	7.978835e-01	( 0 6 3 7 1 4  )
G_LOOP:  2  7  6   	8.024131e-01	( 0 6 4 7 1 3  )
G_LOOP:  2  8  6   	7.987494e-01	( 0 2 3 7 5 4  )
G_LOOP:  2  9  6   	7.991384e-01	( 0 2 4 7 5 3  )
G_LOOP:  2  10  6   	7.988639e-01	( 0 5 3 7 2 4  )
G_LOOP:  2  11  6   	7.985226e-01	( 0 5 4 7 2 3  )
G_LOOP:  2  12  6   	7.973328e-01	( 1 2 3 6 5 4  )
G_LOOP:  2  13  6   	7.974677e-01	( 1 2 4 6 5 3  )
G_LOOP:  2  14  6   	8.000052e-01	( 1 5 3 6 2 4  )
G_LOOP:  2  15  6   	8.015423e-01	( 1 5 4 6 2 3  )
GACTION: 6.327025e+00
CONGRAD5: time = 1.494724e+00 (fn F) masses = 1 iters = 549 mflops = 2.008975e+03
 OK converged final_rsq= 5e-11 (cf 1e-10) rel = 1 (cf 0) restarts = 3 iters= 549
CONGRAD5: time = 2.177920e-01 (fn F) masses = 1 iters = 73 mflops = 1.833344e+03
 OK converged final_rsq= 9.9e-11 (cf 1e-10) rel = 1 (cf 0) restarts = 1 iters= 73
PBP: mass 1.000000e-02     3.264870e-02  3.450378e-02  -2.495902e-03  -2.496758e-03 ( 1 of 1 )
FACTION: mass = 1.000000e-02,  1.495516e+00 ( 1 of 1 )
CONGRAD5: time = 1.548804e+00 (fn F) masses = 1 iters = 591 mflops = 2.087153e+03
 OK converged final_rsq= 9.7e-11 (cf 1e-10) rel = 1 (cf 0) restarts = 2 iters= 591
CONGRAD5: time = 1.913610e-01 (fn F) masses = 1 iters = 73 mflops = 2.086569e+03
 OK converged final_rsq= 1e-10 (cf 1e-10) rel = 1 (cf 0) restarts = 1 iters= 73
PBP: mass 1.000000e-02     3.933426e-02  2.958555e-02  5.085964e-03  5.083389e-03 ( 1 of 1 )
FACTION: mass = 1.000000e-02,  1.498178e+00 ( 1 of 1 )
CONGRAD5: time = 1.650581e+00 (fn F) masses = 1 iters = 596 mflops = 1.975025e+03
 OK converged final_rsq= 4.9e-11 (cf 1e-10) rel = 1 (cf 0) restarts = 3 iters= 596
CONGRAD5: time = 1.503537e+00 (fn F) masses = 1 iters = 580 mflops = 2.109974e+03
 OK converged final_rsq= 9.8e-11 (cf 1e-10) rel = 1 (cf 0) restarts = 2 iters= 580
GFTIME:   time = 2.766130e-01 (Symanzik1) mflops = 2.548841e+03
FFTIME:  time = 9.516790e-01 (asqtad3) terms = 2 mflops = 2.101260e+03
CONGRAD5: time = 1.489123e+00 (fn F) masses = 1 iters = 578 mflops = 2.123051e+03
 OK converged final_rsq= 5e-11 (cf 1e-10) rel = 1 (cf 0) restarts = 3 iters= 578
CONGRAD5: time = 1.574290e+00 (fn F) masses = 1 iters = 578 mflops = 2.008197e+03
 OK converged final_rsq= 9.9e-11 (cf 1e-10) rel = 1 (cf 0) restarts = 2 iters= 578
GFTIME:   time = 2.868001e-01 (Symanzik1) mflops = 2.458306e+03
FFTIME:  time = 9.286160e-01 (asqtad3) terms = 2 mflops = 2.153446e+03
CONGRAD5: time = 1.565999e+00 (fn F) masses = 1 iters = 593 mflops = 2.071221e+03
 OK converged final_rsq= 9.7e-11 (cf 1e-10) rel = 1 (cf 0) restarts = 2 iters= 593
CONGRAD5: time = 1.490386e+00 (fn F) masses = 1 iters = 567 mflops = 2.080882e+03
 OK converged final_rsq= 9.9e-11 (cf 1e-10) rel = 1 (cf 0) restarts = 2 iters= 567
GFTIME:   time = 2.983360e-01 (Symanzik1) mflops = 2.363249e+03
FFTIME:  time = 8.993530e-01 (asqtad3) terms = 2 mflops = 2.223515e+03
CONGRAD5: time = 1.628934e+00 (fn F) masses = 1 iters = 593 mflops = 1.991198e+03
 OK converged final_rsq= 1e-10 (cf 1e-10) rel = 1 (cf 0) restarts = 2 iters= 593
CONGRAD5: time = 1.498587e+00 (fn F) masses = 1 iters = 578 mflops = 2.109643e+03
 OK converged final_rsq= 1e-10 (cf 1e-10) rel = 1 (cf 0) restarts = 2 iters= 578
GFTIME:   time = 2.747841e-01 (Symanzik1) mflops = 2.565805e+03
FFTIME:  time = 9.634659e-01 (asqtad3) terms = 2 mflops = 2.075553e+03
CONGRAD5: time = 1.483598e+00 (fn F) masses = 1 iters = 592 mflops = 2.182572e+03
 OK converged final_rsq= 4.9e-11 (cf 1e-10) rel = 1 (cf 0) restarts = 3 iters= 592
CONGRAD5: time = 1.444296e+00 (fn F) masses = 1 iters = 578 mflops = 2.188945e+03
 OK converged final_rsq= 1e-10 (cf 1e-10) rel = 1 (cf 0) restarts = 2 iters= 578
GFTIME:   time = 2.618508e-01 (Symanzik1) mflops = 2.692535e+03
FFTIME:  time = 9.327281e-01 (asqtad3) terms = 2 mflops = 2.143952e+03
CONGRAD5: time = 1.627765e+00 (fn F) masses = 1 iters = 594 mflops = 1.995988e+03
 OK converged final_rsq= 9.8e-11 (cf 1e-10) rel = 1 (cf 0) restarts = 2 iters= 594
CONGRAD5: time = 1.525680e+00 (fn F) masses = 1 iters = 580 mflops = 2.079351e+03
 OK converged final_rsq= 4.9e-11 (cf 1e-10) rel = 1 (cf 0) restarts = 3 iters= 580
GFTIME:   time = 3.139729e-01 (Symanzik1) mflops = 2.245552e+03
FFTIME:  time = 9.542391e-01 (asqtad3) terms = 2 mflops = 2.095622e+03
CONGRAD5: time = 1.566769e+00 (fn F) masses = 1 iters = 593 mflops = 2.070203e+03
 OK converged final_rsq= 9.5e-11 (cf 1e-10) rel = 1 (cf 0) restarts = 2 iters= 593
CONGRAD5: time = 1.628963e+00 (fn F) masses = 1 iters = 592 mflops = 1.987805e+03
 OK converged final_rsq= 9.9e-11 (cf 1e-10) rel = 1 (cf 0) restarts = 2 iters= 592
GFTIME:   time = 2.911611e-01 (Symanzik1) mflops = 2.421486e+03
FFTIME:  time = 9.995160e-01 (asqtad3) terms = 2 mflops = 2.000693e+03
CONGRAD5: time = 1.512028e+00 (fn F) masses = 1 iters = 590 mflops = 2.134300e+03
 OK converged final_rsq= 4.9e-11 (cf 1e-10) rel = 1 (cf 0) restarts = 3 iters= 590
CONGRAD5: time = 1.608769e+00 (fn F) masses = 1 iters = 579 mflops = 1.968557e+03
 OK converged final_rsq= 1e-10 (cf 1e-10) rel = 1 (cf 0) restarts = 2 iters= 579
GFTIME:   time = 2.604311e-01 (Symanzik1) mflops = 2.707213e+03
FFTIME:  time = 9.241662e-01 (asqtad3) terms = 2 mflops = 2.163815e+03
CONGRAD5: time = 1.628314e+00 (fn F) masses = 1 iters = 593 mflops = 1.991956e+03
 OK converged final_rsq= 1e-10 (cf 1e-10) rel = 1 (cf 0) restarts = 2 iters= 593
CONGRAD5: time = 1.500066e+00 (fn F) masses = 1 iters = 571 mflops = 2.082039e+03
 OK converged final_rsq= 9.9e-11 (cf 1e-10) rel = 1 (cf 0) restarts = 2 iters= 571
GFTIME:   time = 2.852061e-01 (Symanzik1) mflops = 2.472046e+03
FFTIME:  time = 8.945971e-01 (asqtad3) terms = 2 mflops = 2.235335e+03
CONGRAD5: time = 1.585813e+00 (fn F) masses = 1 iters = 592 mflops = 2.041893e+03
 OK converged final_rsq= 9.8e-11 (cf 1e-10) rel = 1 (cf 0) restarts = 2 iters= 592
CONGRAD5: time = 1.657087e+00 (fn F) masses = 1 iters = 593 mflops = 1.957368e+03
 OK converged final_rsq= 5e-11 (cf 1e-10) rel = 1 (cf 0) restarts = 3 iters= 593
GFTIME:   time = 2.805099e-01 (Symanzik1) mflops = 2.513431e+03
FFTIME:  time = 9.915979e-01 (asqtad3) terms = 2 mflops = 2.016669e+03
CONGRAD5: time = 1.556218e+00 (fn F) masses = 1 iters = 589 mflops = 2.070180e+03
 OK converged final_rsq= 9.8e-11 (cf 1e-10) rel = 1 (cf 0) restarts = 2 iters= 589
CONGRAD5: time = 1.584864e+00 (fn F) masses = 1 iters = 578 mflops = 1.994798e+03
 OK converged final_rsq= 9.9e-11 (cf 1e-10) rel = 1 (cf 0) restarts = 2 iters= 578
GFTIME:   time = 2.623529e-01 (Symanzik1) mflops = 2.687381e+03
FFTIME:  time = 9.233520e-01 (asqtad3) terms = 2 mflops = 2.165723e+03
CONGRAD5: time = 1.620335e+00 (fn F) masses = 1 iters = 597 mflops = 2.015268e+03
 OK converged final_rsq= 9.5e-11 (cf 1e-10) rel = 1 (cf 0) restarts = 2 iters= 597
CONGRAD5: time = 1.533487e+00 (fn F) masses = 1 iters = 595 mflops = 2.122267e+03
 OK converged final_rsq= 9.4e-11 (cf 1e-10) rel = 1 (cf 0) restarts = 2 iters= 595
GFTIME:   time = 2.580299e-01 (Symanzik1) mflops = 2.732406e+03
FFTIME:  time = 9.352338e-01 (asqtad3) terms = 2 mflops = 2.138208e+03
CONGRAD5: time = 1.591717e+00 (fn F) masses = 1 iters = 600 mflops = 2.061810e+03
 OK converged final_rsq= 9.7e-11 (cf 1e-10) rel = 1 (cf 0) restarts = 2 iters= 600
CONGRAD5: time = 1.496556e+00 (fn F) masses = 1 iters = 597 mflops = 2.181949e+03
 OK converged final_rsq= 9.4e-11 (cf 1e-10) rel = 1 (cf 0) restarts = 2 iters= 597
GFTIME:   time = 2.755480e-01 (Symanzik1) mflops = 2.558692e+03
FFTIME:  time = 9.786632e-01 (asqtad3) terms = 2 mflops = 2.043322e+03
CONGRAD5: time = 1.552509e+00 (fn F) masses = 1 iters = 591 mflops = 2.082172e+03
 OK converged final_rsq= 9.6e-11 (cf 1e-10) rel = 1 (cf 0) restarts = 2 iters= 591
CONGRAD5: time = 1.627792e+00 (fn F) masses = 1 iters = 591 mflops = 1.985874e+03
 OK converged final_rsq= 4.9e-11 (cf 1e-10) rel = 1 (cf 0) restarts = 3 iters= 591
GFTIME:   time = 2.896860e-01 (Symanzik1) mflops = 2.433816e+03
FFTIME:  time = 9.658940e-01 (asqtad3) terms = 2 mflops = 2.070335e+03
CONGRAD5: time = 1.647026e+00 (fn F) masses = 1 iters = 598 mflops = 1.985930e+03
 OK converged final_rsq= 9.4e-11 (cf 1e-10) rel = 1 (cf 0) restarts = 2 iters= 598
CONGRAD5: time = 1.575494e+00 (fn F) masses = 1 iters = 595 mflops = 2.065682e+03
 OK converged final_rsq= 9.7e-11 (cf 1e-10) rel = 1 (cf 0) restarts = 2 iters= 595
GFTIME:   time = 2.652900e-01 (Symanzik1) mflops = 2.657629e+03
FFTIME:  time = 9.758921e-01 (asqtad3) terms = 2 mflops = 2.049125e+03
PLAQ:	1.498580	1.498366
P_LOOP:	-9.362450e-03	-1.518850e-02
G_LOOP:  0  0  4   	1.499101e+00	( 0 1 7 6  )
G_LOOP:  0  1  4   	1.497604e+00	( 0 2 7 5  )
G_LOOP:  0  2  4   	1.498743e+00	( 0 3 7 4  )
G_LOOP:  0  3  4   	1.499035e+00	( 1 2 6 5  )
G_LOOP:  0  4  4   	1.498258e+00	( 1 3 6 4  )
G_LOOP:  0  5  4   	1.498098e+00	( 2 3 5 4  )
G_LOOP:  1  0  6   	7.395123e-01	( 0 0 1 7 7 6  )
G_LOOP:  1  1  6   	7.376781e-01	( 0 0 2 7 7 5  )
G_LOOP:  1  2  6   	7.435045e-01	( 0 0 3 7 7 4  )
G_LOOP:  1  3  6   	7.406574e-01	( 1 1 0 6 6 7  )
G_LOOP:  1  4  6   	7.434037e-01	( 1 1 2 6 6 5  )
G_LOOP:  1  5  6   	7.406324e-01	( 1 1 3 6 6 4  )
G_LOOP:  1  6  6   	7.401077e-01	( 2 2 0 5 5 7  )
G_LOOP:  1  7  6   	7.442130e-01	( 2 2 1 5 5 6  )
G_LOOP:  1  8  6   	7.391238e-01	( 2 2 3 5 5 4  )
G_LOOP:  1  9  6   	7.384941e-01	( 3 3 0 4 4 7  )
G_LOOP:  1  10  6   	7.392203e-01	( 3 3 1 4 4 6  )
G_LOOP:  1  11  6   	7.403361e-01	( 3 3 2 4 4 5  )
G_LOOP:  2  0  6   	7.628318e-01	( 0 1 2 7 6 5  )
G_LOOP:  2  1  6   	7.608475e-01	( 0 1 5 7 6 2  )
G_LOOP:  2  2  6   	7.571566e-01	( 0 6 2 7 1 5  )
G_LOOP:  2  3  6   	7.599215e-01	( 0 6 5 7 1 2  )
G_LOOP:  2  4  6   	7.578938e-01	( 0 1 3 7 6 4  )
G_LOOP:  2  5  6   	7.569695e-01	( 0 1 4 7 6 3  )
G_LOOP:  2  6  6   	7.575471e-01	( 0 6 3 7 1 4  )
G_LOOP:  2  7  6   	7.594470e-01	( 0 6 4 7 1 3  )
G_LOOP:  2  8  6   	7.598450e-01	( 0 2 3 7 5 4  )
G_LOOP:  2  9  6   	7.594236e-01	( 0 2 4 7 5 3  )
G_LOOP:  2  10  6   	7.573897e-01	( 0 5 3 7 2 4  )
G_LOOP:  2  11  6   	7.594762e-01	( 0 5 4 7 2 3  )
G_LOOP:  2  12  6   	7.605993e-01	( 1 2 3 6 5 4  )
G_LOOP:  2  13  6   	7.580096e-01	( 1 2 4 6 5 3  )
G_LOOP:  2  14  6   	7.596792e-01	( 1 5 3 6 2 4  )
G_LOOP:  2  15  6   	7.599017e-01	( 1 5 4 6 2 3  )
GACTION: 6.534796e+00
CONGRAD5: time = 1.647509e+00 (fn F) masses = 1 iters = 585 mflops = 1.942188e+03
 OK converged final_rsq= 9.8e-11 (cf 1e-10) rel = 1 (cf 0) restarts = 2 iters= 585
CONGRAD5: time = 1.841352e-01 (fn F) masses = 1 iters = 72 mflops = 2.138744e+03
 OK converged final_rsq= 9.9e-11 (cf 1e-10) rel = 1 (cf 0) restarts = 1 iters= 72
PBP: mass 1.000000e-02     3.857641e-02  3.545636e-02  1.922859e-03  1.922105e-03 ( 1 of 1 )
FACTION: mass = 1.000000e-02,  1.499606e+00 ( 1 of 1 )
CONGRAD5: time = 1.621507e+00 (fn F) masses = 1 iters = 592 mflops = 1.996945e+03
 OK converged final_rsq= 9.7e-11 (cf 1e-10) rel = 1 (cf 0) restarts = 2 iters= 592
CONGRAD5: time = 2.299969e-01 (fn F) masses = 1 iters = 77 mflops = 1.831184e+03
 OK converged final_rsq= 1e-10 (cf 1e-10) rel = 1 (cf 0) restarts = 1 iters= 77
PBP: mass 1.000000e-02     3.377239e-02  4.241263e-02  8.153259e-03  8.156381e-03 ( 1 of 1 )
FACTION: mass = 1.000000e-02,  1.500867e+00 ( 1 of 1 )
CONGRAD5: time = 1.518546e+00 (fn F) masses = 1 iters = 588 mflops = 2.117935e+03
 OK converged final_rsq= 9.7e-11 (cf 1e-10) rel = 1 (cf 0) restarts = 2 iters= 588
CONGRAD5: time = 1.581625e+00 (fn F) masses = 1 iters = 585 mflops = 2.023092e+03
 OK converged final_rsq= 1e-10 (cf 1e-10) rel = 1 (cf 0) restarts = 2 iters= 585
GFTIME:   time = 2.834749e-01 (Symanzik1) mflops = 2.487142e+03
FFTIME:  time = 9.013510e-01 (asqtad3) terms = 2 mflops = 2.218586e+03
CONGRAD5: time = 1.504906e+00 (fn F) masses = 1 iters = 597 mflops = 2.169842e+03
 OK converged final_rsq= 9.5e-11 (cf 1e-10) rel = 1 (cf 0) restarts = 2 iters= 597
CONGRAD5: time = 1.631142e+00 (fn F) masses = 1 iters = 594 mflops = 1.991856e+03
 OK converged final_rsq= 9.6e-11 (cf 1e-10) rel = 1 (cf 0) restarts = 2 iters= 594
GFTIME:   time = 2.601662e-01 (Symanzik1) mflops = 2.709970e+03
FFTIME:  time = 9.161918e-01 (asqtad3) terms = 2 mflops = 2.182648e+03
CONGRAD5: time = 1.642657e+00 (fn F) masses = 1 iters = 598 mflops = 1.991212e+03
 OK converged final_rsq= 9.4e-11 (cf 1e-10) rel = 1 (cf 0) restarts = 2 iters= 598
CONGRAD5: time = 1.557685e+00 (fn F) masses = 1 iters = 598 mflops = 2.099833e+03
 OK converged final_rsq= 9.2e-11 (cf 1e-10) rel = 1 (cf 0) restarts = 2 iters= 598
GFTIME:   time = 2.748501e-01 (Symanzik1) mflops = 2.565189e+03
FFTIME:  time = 9.742341e-01 (asqtad3) terms = 2 mflops = 2.052612e+03
CONGRAD5: time = 1.635378e+00 (fn F) masses = 1 iters = 598 mflops = 2.000075e+03
 OK converged final_rsq= 9.5e-11 (cf 1e-10) rel = 1 (cf 0) restarts = 2 iters= 598
CONGRAD5: time = 1.597447e+00 (fn F) masses = 1 iters = 587 mflops = 2.009902e+03
 OK converged final_rsq= 9.7e-11 (cf 1e-10) rel = 1 (cf 0) restarts = 2 iters= 587
GFTIME:   time = 2.857919e-01 (Symanzik1) mflops = 2.466979e+03
FFTIME:  time = 1.088069e+00 (asqtad3) terms = 2 mflops = 1.837866e+03
CONGRAD5: time = 1.650219e+00 (fn F) masses = 1 iters = 594 mflops = 1.968829e+03
 OK converged final_rsq= 1e-10 (cf 1e-10) rel = 1 (cf 0) restarts = 2 iters= 594
CONGRAD5: time = 1.551908e+00 (fn F) masses = 1 iters = 588 mflops = 2.072405e+03
 OK converged final_rsq= 4.9e-11 (cf 1e-10) rel = 1 (cf 0) restarts = 3 iters= 588
GFTIME:   time = 2.574708e-01 (Symanzik1) mflops = 2.738339e+03
FFTIME:  time = 9.095640e-01 (asqtad3) terms = 2 mflops = 2.198553e+03
CONGRAD5: time = 1.624957e+00 (fn F) masses = 1 iters = 599 mflops = 2.016268e+03
 OK converged final_rsq= 9.2e-11 (cf 1e-10) rel = 1 (cf 0) restarts = 2 iters= 599
CONGRAD5: time = 1.552191e+00 (fn F) masses = 1 iters = 600 mflops = 2.114313e+03
 OK converged final_rsq= 8.1e-11 (cf 1e-10) rel = 1 (cf 0) restarts = 2 iters= 600
GFTIME:   time = 2.698750e-01 (Symanzik1) mflops = 2.612477e+03
FFTIME:  time = 9.630649e-01 (asqtad3) terms = 2 mflops = 2.076417e+03
CONGRAD5: time = 1.526810e+00 (fn F) masses = 1 iters = 593 mflops = 2.124383e+03
 OK converged final_rsq= 5e-11 (cf 1e-10) rel = 1 (cf 0) restarts = 3 iters= 593
CONGRAD5: time = 1.602319e+00 (fn F) masses = 1 iters = 590 mflops = 2.014031e+03
 OK converged final_rsq= 9.9e-11 (cf 1e-10) rel = 1 (cf 0) restarts = 2 iters= 590
GFTIME:   time = 3.040199e-01 (Symanzik1) mflops = 2.319067e+03
FFTIME:  time = 9.519022e-01 (asqtad3) terms = 2 mflops = 2.100767e+03
CONGRAD5: time = 1.492199e+00 (fn F) masses = 1 iters = 600 mflops = 2.199316e+03
 OK converged final_rsq= 9.5e-11 (cf 1e-10) rel = 1 (cf 0) restarts = 2 iters= 600
CONGRAD5: time = 1.565238e+00 (fn F) masses = 1 iters = 577 mflops = 2.016316e+03
 OK converged final_rsq= 5e-11 (cf 1e-10) rel = 1 (cf 0) restarts = 3 iters= 577
GFTIME:   time = 2.746100e-01 (Symanzik1) mflops = 2.567431e+03
FFTIME:  time = 1.011660e+00 (asqtad3) terms = 2 mflops = 1.976676e+03
CONGRAD5: time = 1.631948e+00 (fn F) masses = 1 iters = 602 mflops = 2.017685e+03
 OK converged final_rsq= 4.2e-11 (cf 1e-10) rel = 1 (cf 0) restarts = 3 iters= 602
CONGRAD5: time = 1.546027e+00 (fn F) masses = 1 iters = 594 mflops = 2.101515e+03
 OK converged final_rsq= 5e-11 (cf 1e-10) rel = 1 (cf 0) restarts = 3 iters= 594
GFTIME:   time = 2.567158e-01 (Symanzik1) mflops = 2.746393e+03
FFTIME:  time = 9.088831e-01 (asqtad3) terms = 2 mflops = 2.200200e+03
CONGRAD5: time = 1.598353e+00 (fn F) masses = 1 iters = 585 mflops = 2.001918e+03
 OK converged final_rsq= 9.8e-11 (cf 1e-10) rel = 1 (cf 0) restarts = 2 iters= 585
CONGRAD5: time = 1.494434e+00 (fn F) masses = 1 iters = 577 mflops = 2.111846e+03
 OK converged final_rsq= 1e-10 (cf 1e-10) rel = 1 (cf 0) restarts = 2 iters= 577
GFTIME:   time = 2.898932e-01 (Symanzik1) mflops = 2.432077e+03
FFTIME:  time = 9.785001e-01 (asqtad3) terms = 2 mflops = 2.043663e+03
CONGRAD5: time = 1.555888e+00 (fn F) masses = 1 iters = 597 mflops = 2.098742e+03
 OK converged final_rsq= 1e-10 (cf 1e-10) rel = 1 (cf 0) restarts = 2 iters= 597
CONGRAD5: time = 1.562458e+00 (fn F) masses = 1 iters = 582 mflops = 2.037407e+03
 OK converged final_rsq= 4.9e-11 (cf 1e-10) rel = 1 (cf 0) restarts = 3 iters= 582
GFTIME:   time = 3.052371e-01 (Symanzik1) mflops = 2.309819e+03
FFTIME:  time = 9.040000e-01 (asqtad3) terms = 2 mflops = 2.212085e+03
CONGRAD5: time = 1.532991e+00 (fn F) masses = 1 iters = 600 mflops = 2.140794e+03
 OK converged final_rsq= 8.6e-11 (cf 1e-10) rel = 1 (cf 0) restarts = 2 iters= 600
CONGRAD5: time = 1.652010e+00 (fn F) masses = 1 iters = 599 mflops = 1.983249e+03
 OK converged final_rsq= 8.8e-11 (cf 1e-10) rel = 1 (cf 0) restarts = 2 iters= 599
GFTIME:   time = 2.561431e-01 (Symanzik1) mflops = 2.752533e+03
FFTIME:  time = 1.000652e+00 (asqtad3) terms = 2 mflops = 1.998422e+03
CONGRAD5: time = 1.649965e+00 (fn F) masses = 1 iters = 595 mflops = 1.972447e+03
 OK converged final_rsq= 9.9e-11 (cf 1e-10) rel = 1 (cf 0) restarts = 2 iters= 595
CONGRAD5: time = 1.546225e+00 (fn F) masses = 1 iters = 600 mflops = 2.122471e+03
 OK converged final_rsq= 4.9e-11 (cf 1e-10) rel = 1 (cf 0) restarts = 3 iters= 600
GFTIME:   time = 2.731221e-01 (Symanzik1) mflops = 2.581419e+03
FFTIME:  time = 9.418881e-01 (asqtad3) terms = 2 mflops = 2.123102e+03
CONGRAD5: time = 1.565347e+00 (fn F) masses = 1 iters = 598 mflops = 2.089555e+03
 OK converged final_rsq= 9.3e-11 (cf 1e-10) rel = 1 (cf 0) restarts = 2 iters= 598
CONGRAD5: time = 1.535884e+00 (fn F) masses = 1 iters = 588 mflops = 2.094026e+03
 OK converged final_rsq= 9.8e-11 (cf 1e-10) rel = 1 (cf 0) restarts = 2 iters= 588
GFTIME:   time = 3.083220e-01 (Symanzik1) mflops = 2.286709e+03
FFTIME:  time = 9.307120e-01 (asqtad3) terms = 2 mflops = 2.148597e+03
CONGRAD5: time = 1.620281e+00 (fn F) masses = 1 iters = 600 mflops = 2.025462e+03
 OK converged final_rsq= 1e-10 (cf 1e-10) rel = 1 (cf 0) restarts = 2 iters= 600
CONGRAD5: time = 1.667353e+00 (fn F) masses = 1 iters = 594 mflops = 1.948597e+03
 OK converged final_rsq= 1e-10 (cf 1e-10) rel = 1 (cf 0) restarts = 2 iters= 594
GFTIME:   time = 2.743111e-01 (Symanzik1) mflops = 2.570230e+03
FFTIME:  time = 9.535141e-01 (asqtad3) terms = 2 mflops = 2.097215e+03
PLAQ:	1.475018	1.474765
P_LOOP:	1.583971e-03	8.888766e-03
G_LOOP:  0  0  4   	1.475200e+00	( 0 1 7 6  )
G_LOOP:  0  1  4   	1.473302e+00	( 0 2 7 5  )
G_LOOP:  0  2  4   	1.474447e+00	( 0 3 7 4  )
G_LOOP:  0  3  4   	1.476551e+00	( 1 2 6 5  )
G_LOOP:  0  4  4   	1.473466e+00	( 1 3 6 4  )
G_LOOP:  0  5  4   	1.476382e+00	( 2 3 5 4  )
G_LOOP:  1  0  6   	7.168152e-01	( 0 0 1 7 7 6  )
G_LOOP:  1  1  6   	7.143560e-01	( 0 0 2 7 7 5  )
G_LOOP:  1  2  6   	7.200913e-01	( 0 0 3 7 7 4  )
G_LOOP:  1  3  6   	7.156780e-01	( 1 1 0 6 6 7  )
G_LOOP:  1  4  6   	7.181522e-01	( 1 1 2 6 6 5  )
G_LOOP:  1  5  6   	7.148206e-01	( 1 1 3 6 6 4  )
G_LOOP:  1  6  6   	7.170349e-01	( 2 2 0 5 5 7  )
G_LOOP:  1  7  6   	7.201545e-01	( 2 2 1 5 5 6  )
G_LOOP:  1  8  6   	7.182823e-01	( 2 2 3 5 5 4  )
G_LOOP:  1  9  6   	7.158960e-01	( 3 3 0 4 4 7  )
G_LOOP:  1  10  6   	7.152688e-01	( 3 3 1 4 4 6  )
G_LOOP:  1  11  6   	7.163844e-01	( 3 3 2 4 4 5  )
G_LOOP:  2  0  6   	7.356671e-01	( 0 1 2 7 6 5  )
G_LOOP:  2  1  6   	7.328274e-01	( 0 1 5 7 6 2  )
G_LOOP:  2  2  6   	7.315874e-01	( 0 6 2 7 1 5  )
G_LOOP:  2  3  6   	7.323769e-01	( 0 6 5 7 1 2  )
G_LOOP:  2  4  6   	7.306019e-01	( 0 1 3 7 6 4  )
G_LOOP:  2  5  6   	7.319978e-01	( 0 1 4 7 6 3  )
G_LOOP:  2  6  6   	7.344427e-01	( 0 6 3 7 1 4  )
G_LOOP:  2  7  6   	7.355533e-01	( 0 6 4 7 1 3  )
G_LOOP:  2  8  6   	7.341856e-01	( 0 2 3 7 5 4  )
G_LOOP:  2  9  6   	7.352679e-01	( 0 2 4 7 5 3  )
G_LOOP:  2  10  6   	7.323827e-01	( 0 5 3 7 2 4  )
G_LOOP:  2  11  6   	7.358148e-01	( 0 5 4 7 2 3  )
G_LOOP:  2  12  6   	7.352626e-01	( 1 2 3 6 5 4  )
G_LOOP:  2  13  6   	7.335346e-01	( 1 2 4 6 5 3  )
G_LOOP:  2  14  6   	7.329657e-01	( 1 5 3 6 2 4  )
G_LOOP:  2  15  6   	7.343445e-01	( 1 5 4 6 2 3  )
GACTION: 6.650037e+00
CONGRAD5: time = 1.655548e+00 (fn F) masses = 1 iters = 594 mflops = 1.962492e+03
 OK converged final_rsq= 9.6e-11 (cf 1e-10) rel = 1 (cf 0) restarts = 2 iters= 594
CONGRAD5: time = 1.971710e-01 (fn F) masses = 1 iters = 75 mflops = 2.080566e+03
 OK converged final_rsq= 9.8e-11 (cf 1e-10) rel = 1 (cf 0) restarts = 1 iters= 75
PBP: mass 1.000000e-02     4.191618e-02  3.939040e-02  -2.735264e-03  -2.734107e-03 ( 1 of 1 )
FACTION: mass = 1.000000e-02,  1.498802e+00 ( 1 of 1 )
CONGRAD5: time = 1.542721e+00 (fn F) masses = 1 iters = 597 mflops = 2.116656e+03
 OK converged final_rsq= 9.6e-11 (cf 1e-10) rel = 1 (cf 0) restarts = 2 iters= 597
CONGRAD5: time = 2.108560e-01 (fn F) masses = 1 iters = 81 mflops = 2.101175e+03
 OK converged final_rsq= 1e-10 (cf 1e-10) rel = 1 (cf 0) restarts = 1 iters= 81
PBP: mass 1.000000e-02     3.659735e-02  4.621624e-02  -2.733654e-03  -2.734212e-03 ( 1 of 1 )
FACTION: mass = 1.000000e-02,  1.497408e+00 ( 1 of 1 )
CONGRAD5: time = 1.658193e+00 (fn F) masses = 1 iters = 602 mflops = 1.985750e+03
 OK converged final_rsq= 5e-11 (cf 1e-10) rel = 1 (cf 0) restarts = 3 iters= 602
CONGRAD5: time = 1.584825e+00 (fn F) masses = 1 iters = 600 mflops = 2.070776e+03
 OK converged final_rsq= 9.6e-11 (cf 1e-10) rel = 1 (cf 0) restarts = 2 iters= 600
GFTIME:   time = 3.205950e-01 (Symanzik1) mflops = 2.199168e+03
FFTIME:  time = 9.203970e-01 (asqtad3) terms = 2 mflops = 2.172676e+03
CONGRAD5: time = 1.571029e+00 (fn F) masses = 1 iters = 600 mflops = 2.088961e+03
 OK converged final_rsq= 8.6e-11 (cf 1e-10) rel = 1 (cf 0) restarts = 2 iters= 600
CONGRAD5: time = 1.631110e+00 (fn F) masses = 1 iters = 596 mflops = 1.998602e+03
 OK converged final_rsq= 9.5e-11 (cf 1e-10) rel = 1 (cf 0) restarts = 2 iters= 596
GFTIME:   time = 2.852380e-01 (Symanzik1) mflops = 2.471769e+03
FFTIME:  time = 9.093530e-01 (asqtad3) terms = 2 mflops = 2.199063e+03
CONGRAD5: time = 1.639793e+00 (fn F) masses = 1 iters = 598 mflops = 1.994690e+03
 OK converged final_rsq= 9.8e-11 (cf 1e-10) rel = 1 (cf 0) restarts = 2 iters= 598
CONGRAD5: time = 1.605497e+00 (fn F) masses = 1 iters = 602 mflops = 2.050927e+03
 OK converged final_rsq= 3.8e-11 (cf 1e-10) rel = 1 (cf 0) restarts = 3 iters= 602
GFTIME:   time = 3.211510e-01 (Symanzik1) mflops = 2.195361e+03
FFTIME:  time = 9.454129e-01 (asqtad3) terms = 2 mflops = 2.115186e+03
CONGRAD5: time = 1.619455e+00 (fn F) masses = 1 iters = 600 mflops = 2.026495e+03
 OK converged final_rsq= 8.9e-11 (cf 1e-10) rel = 1 (cf 0) restarts = 2 iters= 600
CONGRAD5: time = 1.626893e+00 (fn F) masses = 1 iters = 592 mflops = 1.990334e+03
 OK converged final_rsq= 4.9e-11 (cf 1e-10) rel = 1 (cf 0) restarts = 3 iters= 592
GFTIME:   time = 3.864470e-01 (Symanzik1) mflops = 1.824422e+03
FFTIME:  time = 9.152601e-01 (asqtad3) terms = 2 mflops = 2.184870e+03
CONGRAD5: time = 1.656566e+00 (fn F) masses = 1 iters = 599 mflops = 1.977795e+03
 OK converged final_rsq= 9.1e-11 (cf 1e-10) rel = 1 (cf 0) restarts = 2 iters= 599
CONGRAD5: time = 1.705524e+00 (fn F) masses = 1 iters = 601 mflops = 1.927435e+03
 OK converged final_rsq= 4.7e-11 (cf 1e-10) rel = 1 (cf 0) restarts = 3 iters= 601
GFTIME:   time = 3.111858e-01 (Symanzik1) mflops = 2.265664e+03
FFTIME:  time = 9.329681e-01 (asqtad3) terms = 2 mflops = 2.143401e+03
CONGRAD5: time = 1.582634e+00 (fn F) masses = 1 iters = 602 mflops = 2.080555e+03
 OK converged final_rsq= 4.7e-11 (cf 1e-10) rel = 1 (cf 0) restarts = 3 iters= 602
CONGRAD5: time = 1.607967e+00 (fn F) masses = 1 iters = 582 mflops = 1.979744e+03
 OK converged final_rsq= 9.8e-11 (cf 1e-10) rel = 1 (cf 0) restarts = 2 iters= 582
GFTIME:   time = 2.611921e-01 (Symanzik1) mflops = 2.699325e+03
FFTIME:  time = 9.201889e-01 (asqtad3) terms = 2 mflops = 2.173167e+03
CONGRAD5: time = 1.879016e+00 (fn F) masses = 1 iters = 660 mflops = 1.921218e+03
 OK converged final_rsq= 9.9e-11 (cf 1e-10) rel = 1 (cf 0) restarts = 3 iters= 660
CONGRAD5: time = 1.623318e+00 (fn F) masses = 1 iters = 592 mflops = 1.994717e+03
 OK converged final_rsq= 9.8e-11 (cf 1e-10) rel = 1 (cf 0) restarts = 2 iters= 592
GFTIME:   time = 3.346238e-01 (Symanzik1) mflops = 2.106970e+03
FFTIME:  time = 9.041879e-01 (asqtad3) terms = 2 mflops = 2.211625e+03
CONGRAD5: time = 1.675152e+00 (fn F) masses = 1 iters = 602 mflops = 1.965647e+03
 OK converged final_rsq= 5.6e-11 (cf 1e-10) rel = 1 (cf 0) restarts = 3 iters= 602
CONGRAD5: time = 1.622490e+00 (fn F) masses = 1 iters = 600 mflops = 2.022704e+03
 OK converged final_rsq= 9.2e-11 (cf 1e-10) rel = 1 (cf 0) restarts = 2 iters= 600
GFTIME:   time = 2.673950e-01 (Symanzik1) mflops = 2.636707e+03
FFTIME:  time = 9.447858e-01 (asqtad3) terms = 2 mflops = 2.116590e+03
CONGRAD5: time = 1.649565e+00 (fn F) masses = 1 iters = 600 mflops = 1.989505e+03
 OK converged final_rsq= 9.6e-11 (cf 1e-10) rel = 1 (cf 0) restarts = 2 iters= 600
CONGRAD5: time = 1.615633e+00 (fn F) masses = 1 iters = 600 mflops = 2.031289e+03
 OK converged final_rsq= 8.5e-11 (cf 1e-10) rel = 1 (cf 0) restarts = 2 iters= 600
GFTIME:   time = 2.764409e-01 (Symanzik1) mflops = 2.550428e+03
FFTIME:  time = 9.493079e-01 (asqtad3) terms = 2 mflops = 2.106508e+03
CONGRAD5: time = 1.672024e+00 (fn F) masses = 1 iters = 602 mflops = 1.969324e+03
 OK converged final_rsq= 4.3e-11 (cf 1e-10) rel = 1 (cf 0) restarts = 3 iters= 602
CONGRAD5: time = 1.669076e+00 (fn F) masses = 1 iters = 602 mflops = 1.972802e+03
 OK converged final_rsq= 5.4e-11 (cf 1e-10) rel = 1 (cf 0) restarts = 3 iters= 602
GFTIME:   time = 2.791090e-01 (Symanzik1) mflops = 2.526047e+03
FFTIME:  time = 9.556921e-01 (asqtad3) terms = 2 mflops = 2.092436e+03
CONGRAD5: time = 1.673012e+00 (fn F) masses = 1 iters = 602 mflops = 1.968161e+03
 OK converged final_rsq= 9.4e-11 (cf 1e-10) rel = 1 (cf 0) restarts = 3 iters= 602
CONGRAD5: time = 1.567830e+00 (fn F) masses = 1 iters = 599 mflops = 2.089734e+03
 OK converged final_rsq= 9.5e-11 (cf 1e-10) rel = 1 (cf 0) restarts = 2 iters= 599
GFTIME:   time = 2.712018e-01 (Symanzik1) mflops = 2.599696e+03
FFTIME:  time = 9.557700e-01 (asqtad3) terms = 2 mflops = 2.092265e+03
CONGRAD5: time = 1.569049e+00 (fn F) masses = 1 iters = 602 mflops = 2.098568e+03
 OK converged final_rsq= 7.7e-11 (cf 1e-10) rel = 1 (cf 0) restarts = 3 iters= 602
CONGRAD5: time = 1.520971e+00 (fn F) masses = 1 iters = 602 mflops = 2.164904e+03
 OK converged final_rsq= 3.8e-11 (cf 1e-10) rel = 1 (cf 0) restarts = 3 iters= 602
GFTIME:   time = 3.080060e-01 (Symanzik1) mflops = 2.289054e+03
FFTIME:  time = 9.392741e-01 (asqtad3) terms = 2 mflops = 2.129011e+03
CONGRAD5: time = 1.565137e+00 (fn F) masses = 1 iters = 602 mflops = 2.103814e+03
 OK converged final_rsq= 5e-11 (cf 1e-10) rel = 1 (cf 0) restarts = 3 iters= 602
CONGRAD5: time = 1.679559e+00 (fn F) masses = 1 iters = 602 mflops = 1.960489e+03
 OK converged final_rsq= 5.8e-11 (cf 1e-10) rel = 1 (cf 0) restarts = 3 iters= 602
GFTIME:   time = 2.625880e-01 (Symanzik1) mflops = 2.684976e+03
FFTIME:  time = 9.339409e-01 (asqtad3) terms = 2 mflops = 2.141168e+03
CONGRAD5: time = 1.665739e+00 (fn F) masses = 1 iters = 602 mflops = 1.976755e+03
 OK converged final_rsq= 4e-11 (cf 1e-10) rel = 1 (cf 0) restarts = 3 iters= 602
CONGRAD5: time = 1.589537e+00 (fn F) masses = 1 iters = 600 mflops = 2.064638e+03
 OK converged final_rsq= 9.8e-11 (cf 1e-10) rel = 1 (cf 0) restarts = 2 iters= 600
GFTIME:   time = 2.705731e-01 (Symanzik1) mflops = 2.605737e+03
FFTIME:  time = 9.625280e-01 (asqtad3) terms = 2 mflops = 2.077575e+03
CONGRAD5: time = 1.568044e+00 (fn F) masses = 1 iters = 602 mflops = 2.099914e+03
 OK converged final_rsq= 7.1e-11 (cf 1e-10) rel = 1 (cf 0) restarts = 3 iters= 602
CONGRAD5: time = 1.682442e+00 (fn F) masses = 1 iters = 602 mflops = 1.957130e+03
 OK converged final_rsq= 5.1e-11 (cf 1e-10) rel = 1 (cf 0) restarts = 3 iters= 602
GFTIME:   time = 3.003299e-01 (Symanzik1) mflops = 2.347560e+03
FFTIME:  time = 9.564111e-01 (asqtad3) terms = 2 mflops = 2.090863e+03
PLAQ:	1.458367	1.460052
P_LOOP:	1.011199e-02	-3.870468e-03
G_LOOP:  0  0  4   	1.457649e+00	( 0 1 7 6  )
G_LOOP:  0  1  4   	1.460337e+00	( 0 2 7 5  )
G_LOOP:  0  2  4   	1.459907e+00	( 0 3 7 4  )
G_LOOP:  0  3  4   	1.457116e+00	( 1 2 6 5  )
G_LOOP:  0  4  4   	1.459338e+00	( 1 3 6 4  )
G_LOOP:  0  5  4   	1.460910e+00	( 2 3 5 4  )
G_LOOP:  1  0  6   	6.963547e-01	( 0 0 1 7 7 6  )
G_LOOP:  1  1  6   	7.006467e-01	( 0 0 2 7 7 5  )
G_LOOP:  1  2  6   	6.973474e-01	( 0 0 3 7 7 4  )
G_LOOP:  1  3  6   	6.966182e-01	( 1 1 0 6 6 7  )
G_LOOP:  1  4  6   	6.982516e-01	( 1 1 2 6 6 5  )
G_LOOP:  1  5  6   	6.989510e-01	( 1 1 3 6 6 4  )
G_LOOP:  1  6  6   	7.036480e-01	( 2 2 0 5 5 7  )
G_LOOP:  1  7  6   	6.974191e-01	( 2 2 1 5 5 6  )
G_LOOP:  1  8  6   	7.036013e-01	( 2 2 3 5 5 4  )
G_LOOP:  1  9  6   	6.996095e-01	( 3 3 0 4 4 7  )
G_LOOP:  1  10  6   	6.980197e-01	( 3 3 1 4 4 6  )
G_LOOP:  1  11  6   	7.032359e-01	( 3 3 2 4 4 5  )
G_LOOP:  2  0  6   	7.138192e-01	( 0 1 2 7 6 5  )
G_LOOP:  2  1  6   	7.152912e-01	( 0 1 5 7 6 2  )
G_LOOP:  2  2  6   	7.137783e-01	( 0 6 2 7 1 5  )
G_LOOP:  2  3  6   	7.167190e-01	( 0 6 5 7 1 2  )
G_LOOP:  2  4  6   	7.141562e-01	( 0 1 3 7 6 4  )
G_LOOP:  2  5  6   	7.104113e-01	( 0 1 4 7 6 3  )
G_LOOP:  2  6  6   	7.120237e-01	( 0 6 3 7 1 4  )
G_LOOP:  2  7  6   	7.161655e-01	( 0 6 4 7 1 3  )
G_LOOP:  2  8  6   	7.144114e-01	( 0 2 3 7 5 4  )
G_LOOP:  2  9  6   	7.154319e-01	( 0 2 4 7 5 3  )
G_LOOP:  2  10  6   	7.155286e-01	( 0 5 3 7 2 4  )
G_LOOP:  2  11  6   	7.151513e-01	( 0 5 4 7 2 3  )
G_LOOP:  2  12  6   	7.150617e-01	( 1 2 3 6 5 4  )
G_LOOP:  2  13  6   	7.172743e-01	( 1 2 4 6 5 3  )
G_LOOP:  2  14  6   	7.141801e-01	( 1 5 3 6 2 4  )
G_LOOP:  2  15  6   	7.111596e-01	( 1 5 4 6 2 3  )
GACTION: 6.724708e+00
CONGRAD5: time = 1.564305e+00 (fn F) masses = 1 iters = 600 mflops = 2.097940e+03
 OK converged final_rsq= 9.1e-11 (cf 1e-10) rel = 1 (cf 0) restarts = 2 iters= 600
CONGRAD5: time = 2.468822e-01 (fn F) masses = 1 iters = 96 mflops = 2.126888e+03
 OK converged final_rsq= 9.9e-11 (cf 1e-10) rel = 1 (cf 0) restarts = 1 iters= 96
PBP: mass 1.000000e-02     3.839806e-02  5.051406e-02  6.025208e-03  6.024647e-03 ( 1 of 1 )
FACTION: mass = 1.000000e-02,  1.500697e+00 ( 1 of 1 )
CONGRAD5: time = 1.655621e+00 (fn F) masses = 1 iters = 602 mflops = 1.988835e+03
 OK converged final_rsq= 4e-11 (cf 1e-10) rel = 1 (cf 0) restarts = 3 iters= 602
CONGRAD5: time = 3.040299e-01 (fn F) masses = 1 iters = 104 mflops = 1.871028e+03
 OK converged final_rsq= 9.9e-11 (cf 1e-10) rel = 1 (cf 0) restarts = 1 iters= 104
PBP: mass 1.000000e-02     4.677702e-02  4.116680e-02  -8.326679e-04  -8.283313e-04 ( 1 of 1 )
FACTION: mass = 1.000000e-02,  1.500646e+00 ( 1 of 1 )
RUNNING COMPLETED
average cg iters for step= 1.181000e+03
Time = 3.127877e+02 seconds
total_iters = 147683
Checksums 8b320b36 d4728e60
Saved gauge configuration in parallel to binary file lat_p64_size128_2
Time stamp Wed May 18 20:21:42 2022
Wrote info file lat_p64_size128_2.info
Time to save = 8.422801e-01
CHECK PLAQ: 1.458367e+00 1.460052e+00
CHECK NERSC LINKTR: 1.434110e-01 CKSUM: d7ca6bf8


get_i(0): EOF on input.
Elapsed total time: 350.958801
exit: Wed May 18 20:21:43 2022

