shell-init: error retrieving current directory: getcwd: cannot access parent directories: No such file or directory
shell-init: error retrieving current directory: getcwd: cannot access parent directories: No such file or directory
[2103400.757374753] [nid00042-42045] [MPI hook] [WARN] WARNING: could not find ABI-compatible counterpart for host lib ("/usr/lib64/libpcre.so.1") inside container (best candidate found: "/lib/x86_64-linux-gnu/libpcre.so.3") => adding host lib ("/usr/lib64/libpcre.so.1") into container's /lib via bind mount 
[2103400.757396824] [nid00042-42044] [MPI hook] [WARN] WARNING: could not find ABI-compatible counterpart for host lib ("/usr/lib64/libpcre.so.1") inside container (best candidate found: "/lib/x86_64-linux-gnu/libpcre.so.3") => adding host lib ("/usr/lib64/libpcre.so.1") into container's /lib via bind mount 

 NAS Parallel Benchmarks 3.4 -- EP Benchmark

 Number of random numbers generated:        67108864  (class W)
 Total number of processes:                        2

EP Benchmark Results:

CPU Time =     0.316
N = 2^   25
No. Gaussian Pairs =      26354769.
Sums =     2.102505525182393D+07    2.103162209578810D+07
Counts:
  0      12281576.
  1      11729692.
  2       2202726.
  3        137368.
  4          3371.
  5            36.
  6             0.
  7             0.
  8             0.
  9             0.


 EP Benchmark Completed.
 Class           =                        W
 Size            =                 67108864
 Iterations      =                        0
 Time in seconds =                 0.315870
 Total processes =                        2
 Active processes=                        2
 Mop/s total     =                   212.46
 Mop/s/process   =                   106.23
 Operation type  = Random numbers generated
 Verification    =               SUCCESSFUL
 Version         =                    3.4.2
 Compile date    =              01 Apr 2022

 Compile options:
    MPIFC        = mpif90
    FLINK        = $(MPIFC)
    FMPI_LIB     = (none)
    FMPI_INC     = (none)
    FFLAGS       = -O3
    FLINKFLAGS   = $(FFLAGS)
    RAND         = randi8


 Please send feedbacks and/or the results of this run to:

 NPB Development Team 
 Internet: npb@nas.nasa.gov


