srun: Warning: can't honor --ntasks-per-node set to 32 which doesn't match the requested tasks 125 with the number of requested nodes 4. Ignoring --ntasks-per-node.
cpu-bind=MASK - ault03, task 92 29 [150435]: mask 0x100000000100000000 set
cpu-bind=MASK - ault03, task 64  1 [150407]: mask 0x40000000040000 set
cpu-bind=MASK - ault03, task 82 19 [150425]: mask 0x8000000008000000 set
cpu-bind=MASK - ault03, task 74 11 [150417]: mask 0x800000000800000 set
cpu-bind=MASK - ault03, task 83 20 [150426]: mask 0x800000000800 set
cpu-bind=MASK - ault03, task 85 22 [150428]: mask 0x1000000001000 set
cpu-bind=MASK - ault03, task 63  0 [150406]: mask 0x2000000002 set
cpu-bind=MASK - ault03, task 67  4 [150410]: mask 0x8000000008 set
cpu-bind=MASK - ault03, task 71  8 [150414]: mask 0x20000000020 set
cpu-bind=MASK - ault03, task 73 10 [150416]: mask 0x40000000040 set
cpu-bind=MASK - ault03, task 75 12 [150418]: mask 0x80000000080 set
cpu-bind=MASK - ault03, task 76 13 [150419]: mask 0x1000000001000000 set
cpu-bind=MASK - ault03, task 77 14 [150420]: mask 0x100000000100 set
cpu-bind=MASK - ault03, task 78 15 [150421]: mask 0x2000000002000000 set
cpu-bind=MASK - ault03, task 84 21 [150427]: mask 0x10000000010000000 set
cpu-bind=MASK - ault03, task 88 25 [150431]: mask 0x40000000040000000 set
cpu-bind=MASK - ault03, task 89 26 [150432]: mask 0x4000000004000 set
cpu-bind=MASK - ault03, task 66  3 [150409]: mask 0x80000000080000 set
cpu-bind=MASK - ault03, task 68  5 [150411]: mask 0x100000000100000 set
cpu-bind=MASK - ault03, task 69  6 [150412]: mask 0x10000000010 set
cpu-bind=MASK - ault03, task 72  9 [150415]: mask 0x400000000400000 set
cpu-bind=MASK - ault03, task 79 16 [150422]: mask 0x200000000200 set
cpu-bind=MASK - ault03, task 81 18 [150424]: mask 0x400000000400 set
cpu-bind=MASK - ault03, task 86 23 [150429]: mask 0x20000000020000000 set
cpu-bind=MASK - ault03, task 87 24 [150430]: mask 0x2000000002000 set
cpu-bind=MASK - ault03, task 90 27 [150433]: mask 0x80000000080000000 set
cpu-bind=MASK - ault03, task 91 28 [150434]: mask 0x8000000008000 set
cpu-bind=MASK - ault03, task 65  2 [150408]: mask 0x4000000004 set
cpu-bind=MASK - ault03, task 70  7 [150413]: mask 0x200000000200000 set
cpu-bind=MASK - ault03, task 80 17 [150423]: mask 0x4000000004000000 set
cpu-bind=MASK - ault03, task 93 30 [150436]: mask 0x10000000010000 set
cpu-bind=MASK - ault04, task 95  1 [3051929]: mask 0x40000000040000 set
cpu-bind=MASK - ault04, task 97  3 [3051931]: mask 0x80000000080000 set
cpu-bind=MASK - ault04, task 114 20 [3051948]: mask 0x800000000800 set
cpu-bind=MASK - ault04, task 117 23 [3051951]: mask 0x20000000020000000 set
cpu-bind=MASK - ault02, task 34  2 [87223]: mask 0x4000000004 set
cpu-bind=MASK - ault02, task 33  1 [87222]: mask 0x40000000040000 set
cpu-bind=MASK - ault02, task 49 17 [87238]: mask 0x4000000004000000 set
cpu-bind=MASK - ault02, task 51 19 [87240]: mask 0x8000000008000000 set
cpu-bind=MASK - ault02, task 54 22 [87243]: mask 0x1000000001000 set
cpu-bind=MASK - ault04, task 99  5 [3051933]: mask 0x100000000100000 set
cpu-bind=MASK - ault04, task 124 30 [3051958]: mask 0x10000000010000 set
cpu-bind=MASK - ault04, task 96  2 [3051930]: mask 0x4000000004 set
cpu-bind=MASK - ault04, task 101  7 [3051935]: mask 0x200000000200000 set
cpu-bind=MASK - ault04, task 105 11 [3051939]: mask 0x800000000800000 set
cpu-bind=MASK - ault04, task 109 15 [3051943]: mask 0x2000000002000000 set
cpu-bind=MASK - ault04, task 113 19 [3051947]: mask 0x8000000008000000 set
cpu-bind=MASK - ault04, task 116 22 [3051950]: mask 0x1000000001000 set
cpu-bind=MASK - ault04, task 118 24 [3051952]: mask 0x2000000002000 set
cpu-bind=MASK - ault04, task 119 25 [3051953]: mask 0x40000000040000000 set
cpu-bind=MASK - ault04, task 120 26 [3051954]: mask 0x4000000004000 set
cpu-bind=MASK - ault04, task 121 27 [3051955]: mask 0x80000000080000000 set
cpu-bind=MASK - ault04, task 122 28 [3051956]: mask 0x8000000008000 set
cpu-bind=MASK - ault04, task 94  0 [3051928]: mask 0x2000000002 set
cpu-bind=MASK - ault04, task 98  4 [3051932]: mask 0x8000000008 set
cpu-bind=MASK - ault02, task 59 27 [87248]: mask 0x80000000080000000 set
cpu-bind=MASK - ault04, task 100  6 [3051934]: mask 0x10000000010 set
cpu-bind=MASK - ault02, task 61 29 [87250]: mask 0x100000000100000000 set
cpu-bind=MASK - ault04, task 102  8 [3051936]: mask 0x20000000020 set
cpu-bind=MASK - ault04, task 104 10 [3051938]: mask 0x40000000040 set
cpu-bind=MASK - ault02, task 62 30 [87251]: mask 0x10000000010000 set
cpu-bind=MASK - ault04, task 106 12 [3051940]: mask 0x80000000080 set
cpu-bind=MASK - ault04, task 107 13 [3051941]: mask 0x1000000001000000 set
cpu-bind=MASK - ault04, task 108 14 [3051942]: mask 0x100000000100 set
cpu-bind=MASK - ault02, task 32  0 [87221]: mask 0x2000000002 set
cpu-bind=MASK - ault02, task 36  4 [87225]: mask 0x8000000008 set
cpu-bind=MASK - ault04, task 110 16 [3051944]: mask 0x200000000200 set
cpu-bind=MASK - ault04, task 111 17 [3051945]: mask 0x4000000004000000 set
cpu-bind=MASK - ault02, task 37  5 [87226]: mask 0x100000000100000 set
cpu-bind=MASK - ault02, task 38  6 [87227]: mask 0x10000000010 set
cpu-bind=MASK - ault04, task 112 18 [3051946]: mask 0x400000000400 set
cpu-bind=MASK - ault02, task 39  7 [87228]: mask 0x200000000200000 set
cpu-bind=MASK - ault02, task 40  8 [87229]: mask 0x20000000020 set
cpu-bind=MASK - ault04, task 115 21 [3051949]: mask 0x10000000010000000 set
cpu-bind=MASK - ault02, task 41  9 [87230]: mask 0x400000000400000 set
cpu-bind=MASK - ault02, task 42 10 [87231]: mask 0x40000000040 set
cpu-bind=MASK - ault02, task 43 11 [87232]: mask 0x800000000800000 set
cpu-bind=MASK - ault02, task 45 13 [87234]: mask 0x1000000001000000 set
cpu-bind=MASK - ault02, task 47 15 [87236]: mask 0x2000000002000000 set
cpu-bind=MASK - ault02, task 48 16 [87237]: mask 0x200000000200 set
cpu-bind=MASK - ault04, task 103  9 [3051937]: mask 0x400000000400000 set
cpu-bind=MASK - ault02, task 50 18 [87239]: mask 0x400000000400 set
cpu-bind=MASK - ault02, task 52 20 [87241]: mask 0x800000000800 set
cpu-bind=MASK - ault02, task 53 21 [87242]: mask 0x10000000010000000 set
cpu-bind=MASK - ault02, task 56 24 [87245]: mask 0x2000000002000 set
cpu-bind=MASK - ault02, task 57 25 [87246]: mask 0x40000000040000000 set
cpu-bind=MASK - ault02, task 58 26 [87247]: mask 0x4000000004000 set
cpu-bind=MASK - ault02, task 60 28 [87249]: mask 0x8000000008000 set
cpu-bind=MASK - ault02, task 35  3 [87224]: mask 0x80000000080000 set
cpu-bind=MASK - ault02, task 44 12 [87233]: mask 0x80000000080 set
cpu-bind=MASK - ault02, task 46 14 [87235]: mask 0x100000000100 set
cpu-bind=MASK - ault02, task 55 23 [87244]: mask 0x20000000020000000 set
cpu-bind=MASK - ault04, task 123 29 [3051957]: mask 0x100000000100000000 set
cpu-bind=MASK - ault01, task  0  0 [280797]: mask 0x2000000002 set
cpu-bind=MASK - ault01, task 11 11 [280808]: mask 0x800000000800000 set
cpu-bind=MASK - ault01, task 17 17 [280814]: mask 0x4000000004000000 set
cpu-bind=MASK - ault01, task 19 19 [280816]: mask 0x8000000008000000 set
cpu-bind=MASK - ault01, task  2  2 [280799]: mask 0x4000000004 set
cpu-bind=MASK - ault01, task  3  3 [280800]: mask 0x80000000080000 set
cpu-bind=MASK - ault01, task  1  1 [280798]: mask 0x40000000040000 set
cpu-bind=MASK - ault01, task  4  4 [280801]: mask 0x8000000008 set
cpu-bind=MASK - ault01, task  6  6 [280803]: mask 0x10000000010 set
cpu-bind=MASK - ault01, task  7  7 [280804]: mask 0x200000000200000 set
cpu-bind=MASK - ault01, task  9  9 [280806]: mask 0x400000000400000 set
cpu-bind=MASK - ault01, task 10 10 [280807]: mask 0x40000000040 set
cpu-bind=MASK - ault01, task 12 12 [280809]: mask 0x80000000080 set
cpu-bind=MASK - ault01, task 21 21 [280818]: mask 0x10000000010000000 set
cpu-bind=MASK - ault01, task 22 22 [280819]: mask 0x1000000001000 set
cpu-bind=MASK - ault01, task 23 23 [280820]: mask 0x20000000020000000 set
cpu-bind=MASK - ault01, task 24 24 [280821]: mask 0x2000000002000 set
cpu-bind=MASK - ault01, task 27 27 [280824]: mask 0x80000000080000000 set
cpu-bind=MASK - ault01, task 28 28 [280825]: mask 0x8000000008000 set
cpu-bind=MASK - ault01, task 29 29 [280826]: mask 0x100000000100000000 set
cpu-bind=MASK - ault01, task  8  8 [280805]: mask 0x20000000020 set
cpu-bind=MASK - ault01, task 14 14 [280811]: mask 0x100000000100 set
cpu-bind=MASK - ault01, task 15 15 [280812]: mask 0x2000000002000000 set
cpu-bind=MASK - ault01, task 16 16 [280813]: mask 0x200000000200 set
cpu-bind=MASK - ault01, task 18 18 [280815]: mask 0x400000000400 set
cpu-bind=MASK - ault01, task 20 20 [280817]: mask 0x800000000800 set
cpu-bind=MASK - ault01, task 25 25 [280822]: mask 0x40000000040000000 set
cpu-bind=MASK - ault01, task 26 26 [280823]: mask 0x4000000004000 set
cpu-bind=MASK - ault01, task 30 30 [280827]: mask 0x10000000010000 set
cpu-bind=MASK - ault01, task 31 31 [280828]: mask 0x20000000020000 set
cpu-bind=MASK - ault01, task 13 13 [280810]: mask 0x1000000001000000 set
cpu-bind=MASK - ault01, task  5  5 [280802]: mask 0x100000000100000 set
Running problem size 15^3 per domain until completion
Num processors: 125
Num threads: 1
Total number of elements: 421875 

To run other sizes, use -s <integer>.
To run a fixed number of iterations, use -i <integer>.
To run a more or less balanced region set, use -b <integer>.
To change the relative costs of regions, use -c <integer>.
To print out progress, use -p
To write an output file for VisIt, use -v
See help (-h) for more options

Run completed:
   Problem size        =  15
   MPI tasks           =  125
   Iteration count     =  2588
   Final Origin Energy =  1.067042e+06
   Testing Plane 0 of Energy Array on rank 0:
        MaxAbsDiff   = 5.093170e-10
        TotalAbsDiff = 3.522928e-09
        MaxRelDiff   = 1.708547e-14

Elapsed time         = 53.90231448 (s)
Grind time (us/z/c)  =  6.1711963 (per dom)  ( 53.902314 overall)
FOM                  =  20255.392 (z/s)

