srun: Warning: can't honor --ntasks-per-node set to 32 which doesn't match the requested tasks 125 with the number of requested nodes 4. Ignoring --ntasks-per-node.
cpu-bind=MASK - ault03, task 65  2 [157396]: mask 0x4000000004 set
cpu-bind=MASK - ault03, task 66  3 [157397]: mask 0x80000000080000 set
cpu-bind=MASK - ault03, task 63  0 [157394]: mask 0x2000000002 set
cpu-bind=MASK - ault03, task 64  1 [157395]: mask 0x40000000040000 set
cpu-bind=MASK - ault03, task 74 11 [157405]: mask 0x800000000800000 set
cpu-bind=MASK - ault03, task 80 17 [157411]: mask 0x4000000004000000 set
cpu-bind=MASK - ault03, task 73 10 [157404]: mask 0x40000000040 set
cpu-bind=MASK - ault03, task 91 28 [157422]: mask 0x8000000008000 set
cpu-bind=MASK - ault03, task 93 30 [157424]: mask 0x10000000010000 set
cpu-bind=MASK - ault03, task 72  9 [157403]: mask 0x400000000400000 set
cpu-bind=MASK - ault03, task 78 15 [157409]: mask 0x2000000002000000 set
cpu-bind=MASK - ault03, task 79 16 [157410]: mask 0x200000000200 set
cpu-bind=MASK - ault03, task 86 23 [157417]: mask 0x20000000020000000 set
cpu-bind=MASK - ault03, task 90 27 [157421]: mask 0x80000000080000000 set
cpu-bind=MASK - ault03, task 92 29 [157423]: mask 0x100000000100000000 set
cpu-bind=MASK - ault03, task 67  4 [157398]: mask 0x8000000008 set
cpu-bind=MASK - ault03, task 68  5 [157399]: mask 0x100000000100000 set
cpu-bind=MASK - ault03, task 69  6 [157400]: mask 0x10000000010 set
cpu-bind=MASK - ault03, task 70  7 [157401]: mask 0x200000000200000 set
cpu-bind=MASK - ault03, task 71  8 [157402]: mask 0x20000000020 set
cpu-bind=MASK - ault03, task 75 12 [157406]: mask 0x80000000080 set
cpu-bind=MASK - ault03, task 76 13 [157407]: mask 0x1000000001000000 set
cpu-bind=MASK - ault03, task 81 18 [157412]: mask 0x400000000400 set
cpu-bind=MASK - ault03, task 82 19 [157413]: mask 0x8000000008000000 set
cpu-bind=MASK - ault03, task 83 20 [157414]: mask 0x800000000800 set
cpu-bind=MASK - ault03, task 84 21 [157415]: mask 0x10000000010000000 set
cpu-bind=MASK - ault03, task 85 22 [157416]: mask 0x1000000001000 set
cpu-bind=MASK - ault03, task 87 24 [157418]: mask 0x2000000002000 set
cpu-bind=MASK - ault03, task 88 25 [157419]: mask 0x40000000040000000 set
cpu-bind=MASK - ault03, task 89 26 [157420]: mask 0x4000000004000 set
cpu-bind=MASK - ault03, task 77 14 [157408]: mask 0x100000000100 set
cpu-bind=MASK - ault04, task 104 10 [3058925]: mask 0x40000000040 set
cpu-bind=MASK - ault04, task 95  1 [3058916]: mask 0x40000000040000 set
cpu-bind=MASK - ault04, task 111 17 [3058932]: mask 0x4000000004000000 set
cpu-bind=MASK - ault04, task 113 19 [3058934]: mask 0x8000000008000000 set
cpu-bind=MASK - ault04, task 120 26 [3058941]: mask 0x4000000004000 set
cpu-bind=MASK - ault04, task 94  0 [3058915]: mask 0x2000000002 set
cpu-bind=MASK - ault04, task 99  5 [3058920]: mask 0x100000000100000 set
cpu-bind=MASK - ault04, task 103  9 [3058924]: mask 0x400000000400000 set
cpu-bind=MASK - ault04, task 105 11 [3058926]: mask 0x800000000800000 set
cpu-bind=MASK - ault04, task 116 22 [3058937]: mask 0x1000000001000 set
cpu-bind=MASK - ault04, task 96  2 [3058917]: mask 0x4000000004 set
cpu-bind=MASK - ault04, task 97  3 [3058918]: mask 0x80000000080000 set
cpu-bind=MASK - ault04, task 98  4 [3058919]: mask 0x8000000008 set
cpu-bind=MASK - ault04, task 100  6 [3058921]: mask 0x10000000010 set
cpu-bind=MASK - ault04, task 101  7 [3058922]: mask 0x200000000200000 set
cpu-bind=MASK - ault04, task 102  8 [3058923]: mask 0x20000000020 set
cpu-bind=MASK - ault04, task 106 12 [3058927]: mask 0x80000000080 set
cpu-bind=MASK - ault04, task 107 13 [3058928]: mask 0x1000000001000000 set
cpu-bind=MASK - ault04, task 108 14 [3058929]: mask 0x100000000100 set
cpu-bind=MASK - ault04, task 110 16 [3058931]: mask 0x200000000200 set
cpu-bind=MASK - ault04, task 112 18 [3058933]: mask 0x400000000400 set
cpu-bind=MASK - ault04, task 114 20 [3058935]: mask 0x800000000800 set
cpu-bind=MASK - ault04, task 115 21 [3058936]: mask 0x10000000010000000 set
cpu-bind=MASK - ault04, task 117 23 [3058938]: mask 0x20000000020000000 set
cpu-bind=MASK - ault04, task 118 24 [3058939]: mask 0x2000000002000 set
cpu-bind=MASK - ault04, task 119 25 [3058940]: mask 0x40000000040000000 set
cpu-bind=MASK - ault04, task 121 27 [3058942]: mask 0x80000000080000000 set
cpu-bind=MASK - ault04, task 122 28 [3058943]: mask 0x8000000008000 set
cpu-bind=MASK - ault04, task 124 30 [3058945]: mask 0x10000000010000 set
cpu-bind=MASK - ault04, task 109 15 [3058930]: mask 0x2000000002000000 set
cpu-bind=MASK - ault04, task 123 29 [3058944]: mask 0x100000000100000000 set
cpu-bind=MASK - ault02, task 40  8 [94255]: mask 0x20000000020 set
cpu-bind=MASK - ault02, task 46 14 [94261]: mask 0x100000000100 set
cpu-bind=MASK - ault02, task 36  4 [94251]: mask 0x8000000008 set
cpu-bind=MASK - ault02, task 34  2 [94249]: mask 0x4000000004 set
cpu-bind=MASK - ault02, task 38  6 [94253]: mask 0x10000000010 set
cpu-bind=MASK - ault02, task 58 26 [94273]: mask 0x4000000004000 set
cpu-bind=MASK - ault02, task 39  7 [94254]: mask 0x200000000200000 set
cpu-bind=MASK - ault02, task 56 24 [94271]: mask 0x2000000002000 set
cpu-bind=MASK - ault02, task 57 25 [94272]: mask 0x40000000040000000 set
cpu-bind=MASK - ault02, task 32  0 [94247]: mask 0x2000000002 set
cpu-bind=MASK - ault02, task 33  1 [94248]: mask 0x40000000040000 set
cpu-bind=MASK - ault02, task 35  3 [94250]: mask 0x80000000080000 set
cpu-bind=MASK - ault02, task 41  9 [94256]: mask 0x400000000400000 set
cpu-bind=MASK - ault02, task 44 12 [94259]: mask 0x80000000080 set
cpu-bind=MASK - ault02, task 47 15 [94262]: mask 0x2000000002000000 set
cpu-bind=MASK - ault02, task 49 17 [94264]: mask 0x4000000004000000 set
cpu-bind=MASK - ault02, task 51 19 [94266]: mask 0x8000000008000000 set
cpu-bind=MASK - ault02, task 54 22 [94269]: mask 0x1000000001000 set
cpu-bind=MASK - ault02, task 55 23 [94270]: mask 0x20000000020000000 set
cpu-bind=MASK - ault02, task 60 28 [94275]: mask 0x8000000008000 set
cpu-bind=MASK - ault02, task 61 29 [94276]: mask 0x100000000100000000 set
cpu-bind=MASK - ault02, task 42 10 [94257]: mask 0x40000000040 set
cpu-bind=MASK - ault02, task 43 11 [94258]: mask 0x800000000800000 set
cpu-bind=MASK - ault02, task 45 13 [94260]: mask 0x1000000001000000 set
cpu-bind=MASK - ault02, task 50 18 [94265]: mask 0x400000000400 set
cpu-bind=MASK - ault02, task 52 20 [94267]: mask 0x800000000800 set
cpu-bind=MASK - ault02, task 59 27 [94274]: mask 0x80000000080000000 set
cpu-bind=MASK - ault02, task 37  5 [94252]: mask 0x100000000100000 set
cpu-bind=MASK - ault02, task 53 21 [94268]: mask 0x10000000010000000 set
cpu-bind=MASK - ault02, task 48 16 [94263]: mask 0x200000000200 set
cpu-bind=MASK - ault02, task 62 30 [94277]: mask 0x10000000010000 set
cpu-bind=MASK - ault01, task 17 17 [288322]: mask 0x4000000004000000 set
cpu-bind=MASK - ault01, task  0  0 [288305]: mask 0x2000000002 set
cpu-bind=MASK - ault01, task 28 28 [288333]: mask 0x8000000008000 set
cpu-bind=MASK - ault01, task  4  4 [288309]: mask 0x8000000008 set
cpu-bind=MASK - ault01, task  6  6 [288311]: mask 0x10000000010 set
cpu-bind=MASK - ault01, task  2  2 [288307]: mask 0x4000000004 set
cpu-bind=MASK - ault01, task  5  5 [288310]: mask 0x100000000100000 set
cpu-bind=MASK - ault01, task  7  7 [288312]: mask 0x200000000200000 set
cpu-bind=MASK - ault01, task  8  8 [288313]: mask 0x20000000020 set
cpu-bind=MASK - ault01, task  9  9 [288314]: mask 0x400000000400000 set
cpu-bind=MASK - ault01, task 10 10 [288315]: mask 0x40000000040 set
cpu-bind=MASK - ault01, task 11 11 [288316]: mask 0x800000000800000 set
cpu-bind=MASK - ault01, task 15 15 [288320]: mask 0x2000000002000000 set
cpu-bind=MASK - ault01, task 16 16 [288321]: mask 0x200000000200 set
cpu-bind=MASK - ault01, task 18 18 [288323]: mask 0x400000000400 set
cpu-bind=MASK - ault01, task 20 20 [288325]: mask 0x800000000800 set
cpu-bind=MASK - ault01, task 21 21 [288326]: mask 0x10000000010000000 set
cpu-bind=MASK - ault01, task 22 22 [288327]: mask 0x1000000001000 set
cpu-bind=MASK - ault01, task 24 24 [288329]: mask 0x2000000002000 set
cpu-bind=MASK - ault01, task 25 25 [288330]: mask 0x40000000040000000 set
cpu-bind=MASK - ault01, task 27 27 [288332]: mask 0x80000000080000000 set
cpu-bind=MASK - ault01, task 29 29 [288334]: mask 0x100000000100000000 set
cpu-bind=MASK - ault01, task  1  1 [288306]: mask 0x40000000040000 set
cpu-bind=MASK - ault01, task  3  3 [288308]: mask 0x80000000080000 set
cpu-bind=MASK - ault01, task 12 12 [288317]: mask 0x80000000080 set
cpu-bind=MASK - ault01, task 13 13 [288318]: mask 0x1000000001000000 set
cpu-bind=MASK - ault01, task 14 14 [288319]: mask 0x100000000100 set
cpu-bind=MASK - ault01, task 19 19 [288324]: mask 0x8000000008000000 set
cpu-bind=MASK - ault01, task 23 23 [288328]: mask 0x20000000020000000 set
cpu-bind=MASK - ault01, task 31 31 [288336]: mask 0x20000000020000 set
cpu-bind=MASK - ault01, task 26 26 [288331]: mask 0x4000000004000 set
cpu-bind=MASK - ault01, task 30 30 [288335]: mask 0x10000000010000 set
Running problem size 18^3 per domain until completion
Num processors: 125
Num threads: 1
Total number of elements: 729000 

To run other sizes, use -s <integer>.
To run a fixed number of iterations, use -i <integer>.
To run a more or less balanced region set, use -b <integer>.
To change the relative costs of regions, use -c <integer>.
To print out progress, use -p
To write an output file for VisIt, use -v
See help (-h) for more options

Run completed:
   Problem size        =  18
   MPI tasks           =  125
   Iteration count     =  3145
   Final Origin Energy =  1.482403e+06
   Testing Plane 0 of Energy Array on rank 0:
        MaxAbsDiff   = 1.629815e-09
        TotalAbsDiff = 8.115194e-09
        MaxRelDiff   = 2.613022e-14

Elapsed time         = 93.13654036 (s)
Grind time (us/z/c)  =  5.0778742 (per dom)  (  93.13654 overall)
FOM                  =    24616.6 (z/s)

