cpu-bind=MASK - ault01, task  4  4 [1051324]: mask 0x8000000008 set
cpu-bind=MASK - ault01, task  1  1 [1051321]: mask 0x40000000040000 set
cpu-bind=MASK - ault01, task  2  2 [1051322]: mask 0x4000000004 set
cpu-bind=MASK - ault01, task  3  3 [1051323]: mask 0x80000000080000 set
cpu-bind=MASK - ault01, task  5  5 [1051325]: mask 0x100000000100000 set
cpu-bind=MASK - ault01, task  6  6 [1051326]: mask 0x10000000010 set
cpu-bind=MASK - ault01, task  7  7 [1051327]: mask 0x200000000200000 set
cpu-bind=MASK - ault01, task  8  8 [1051328]: mask 0x20000000020 set
cpu-bind=MASK - ault01, task 24 24 [1051344]: mask 0x8000000008000 set
cpu-bind=MASK - ault01, task 17 17 [1051337]: mask 0x4000000004000000 set
cpu-bind=MASK - ault01, task 26 26 [1051346]: mask 0x20000000020000 set
cpu-bind=MASK - ault01, task  0  0 [1051320]: mask 0x2000000002 set
cpu-bind=MASK - ault01, task 12 12 [1051332]: mask 0x80000000080 set
cpu-bind=MASK - ault01, task  9  9 [1051329]: mask 0x400000000400000 set
cpu-bind=MASK - ault01, task 10 10 [1051330]: mask 0x40000000040 set
cpu-bind=MASK - ault01, task 14 14 [1051334]: mask 0x100000000100 set
cpu-bind=MASK - ault01, task 16 16 [1051336]: mask 0x200000000200 set
cpu-bind=MASK - ault01, task 20 20 [1051340]: mask 0x800000000800 set
cpu-bind=MASK - ault01, task 21 21 [1051341]: mask 0x1000000001000 set
cpu-bind=MASK - ault01, task 22 22 [1051342]: mask 0x2000000002000 set
cpu-bind=MASK - ault01, task 25 25 [1051345]: mask 0x10000000010000 set
cpu-bind=MASK - ault01, task 11 11 [1051331]: mask 0x800000000800000 set
cpu-bind=MASK - ault01, task 13 13 [1051333]: mask 0x1000000001000000 set
cpu-bind=MASK - ault01, task 15 15 [1051335]: mask 0x2000000002000000 set
cpu-bind=MASK - ault01, task 18 18 [1051338]: mask 0x400000000400 set
cpu-bind=MASK - ault01, task 19 19 [1051339]: mask 0x8000000008000000 set
cpu-bind=MASK - ault01, task 23 23 [1051343]: mask 0x4000000004000 set
Running problem size 10^3 per domain until completion
Num processors: 27
Num threads: 1
Total number of elements: 27000 

To run other sizes, use -s <integer>.
To run a fixed number of iterations, use -i <integer>.
To run a more or less balanced region set, use -b <integer>.
To change the relative costs of regions, use -c <integer>.
To print out progress, use -p
To write an output file for VisIt, use -v
See help (-h) for more options

Run completed:
   Problem size        =  10
   MPI tasks           =  27
   Iteration count     =  932
   Final Origin Energy =  2.025075e+05
   Testing Plane 0 of Energy Array on rank 0:
        MaxAbsDiff   = 3.637979e-11
        TotalAbsDiff = 3.020659e-10
        MaxRelDiff   = 7.648872e-15

Elapsed time         = 4.501106718 (s)
Grind time (us/z/c)  =  4.8295136 (per dom)  ( 4.5011067 overall)
FOM                  =  5590.6251 (z/s)

