cpu-bind=MASK - ault01, task  2  2 [1070323]: mask 0x4000000004 set
cpu-bind=MASK - ault01, task  1  1 [1070322]: mask 0x40000000040000 set
cpu-bind=MASK - ault01, task  3  3 [1070324]: mask 0x80000000080000 set
cpu-bind=MASK - ault01, task  5  5 [1070326]: mask 0x100000000100000 set
cpu-bind=MASK - ault01, task  7  7 [1070328]: mask 0x200000000200000 set
cpu-bind=MASK - ault01, task 15 15 [1070336]: mask 0x2000000002000000 set
cpu-bind=MASK - ault01, task 11 11 [1070332]: mask 0x800000000800000 set
cpu-bind=MASK - ault01, task 12 12 [1070333]: mask 0x80000000080 set
cpu-bind=MASK - ault01, task 21 21 [1070342]: mask 0x1000000001000 set
cpu-bind=MASK - ault01, task 24 24 [1070345]: mask 0x8000000008000 set
cpu-bind=MASK - ault01, task  4  4 [1070325]: mask 0x8000000008 set
cpu-bind=MASK - ault01, task 10 10 [1070331]: mask 0x40000000040 set
cpu-bind=MASK - ault01, task 20 20 [1070341]: mask 0x800000000800 set
cpu-bind=MASK - ault01, task 22 22 [1070343]: mask 0x2000000002000 set
cpu-bind=MASK - ault01, task 26 26 [1070347]: mask 0x20000000020000 set
cpu-bind=MASK - ault01, task  0  0 [1070321]: mask 0x2000000002 set
cpu-bind=MASK - ault01, task  6  6 [1070327]: mask 0x10000000010 set
cpu-bind=MASK - ault01, task  8  8 [1070329]: mask 0x20000000020 set
cpu-bind=MASK - ault01, task 13 13 [1070334]: mask 0x1000000001000000 set
cpu-bind=MASK - ault01, task 14 14 [1070335]: mask 0x100000000100 set
cpu-bind=MASK - ault01, task 16 16 [1070337]: mask 0x200000000200 set
cpu-bind=MASK - ault01, task 17 17 [1070338]: mask 0x4000000004000000 set
cpu-bind=MASK - ault01, task 25 25 [1070346]: mask 0x10000000010000 set
cpu-bind=MASK - ault01, task  9  9 [1070330]: mask 0x400000000400000 set
cpu-bind=MASK - ault01, task 19 19 [1070340]: mask 0x8000000008000000 set
cpu-bind=MASK - ault01, task 23 23 [1070344]: mask 0x4000000004000 set
cpu-bind=MASK - ault01, task 18 18 [1070339]: mask 0x400000000400 set
Running problem size 25^3 per domain until completion
Num processors: 27
Num threads: 1
Total number of elements: 421875 

To run other sizes, use -s <integer>.
To run a fixed number of iterations, use -i <integer>.
To run a more or less balanced region set, use -b <integer>.
To change the relative costs of regions, use -c <integer>.
To print out progress, use -p
To write an output file for VisIt, use -v
See help (-h) for more options

Run completed:
   Problem size        =  25
   MPI tasks           =  27
   Iteration count     =  2588
   Final Origin Energy =  1.067042e+06
   Testing Plane 0 of Energy Array on rank 0:
        MaxAbsDiff   = 3.565219e-10
        TotalAbsDiff = 6.068149e-09
        MaxRelDiff   = 4.142565e-14

Elapsed time         = 188.0270964 (s)
Grind time (us/z/c)  =    4.64982 (per dom)  (  188.0271 overall)
FOM                  =  5806.6764 (z/s)

