srun: Job 45807046 step creation temporarily disabled, retrying (Requested nodes are busy)
srun: Step created for job 45807046
SU3 with improved KS action
Microcanonical simulation with refreshing
R algorithm
MIMD version 7.8.1
Machine = MPI (portable), with 64 nodes
Host(0) = nid00717
Username = mcopik
Options selected...
Generic single precision
C_GLOBAL_INLINE
DBLSTORE_FN
D_FN_GATHER13
FEWSUMS
KS_MULTIFF=FNMAT
VECLENGTH=4
type 0 for no prompts, 1 for prompts, or 2 for proofreading
nflavors1 2
nflavors2 1
nx 32
ny 16
nz 16
nt 36
iseed 5682304
LAYOUT = Hypercubes, options = hyper_prime,
automatic hyper_prime layout
ON EACH NODE 8 x 8 x 8 x 9
Mallocing 4.5 MBytes per node for lattice
WARNING!!: Resetting random seed
Made lattice
Made nn gathers
Made 3nn gathers
Finished setup


warms 0
trajecs 4
traj_between_meas 1
beta 5.6
mass1 0.125
mass2 0.125
u0 0.8441
microcanonical_time_step 0.2
steps_per_trajectory 5
max_cg_iterations 100
max_cg_restarts 5
error_per_site 0.125
error_for_propagator 0.125
npbp_reps 1
prec_pbp 1
fresh 
save_parallel lat_p64_size128_1
unit gauge configuration loaded
CHECK PLAQ: 3.000000e+00 3.000000e+00
CHECK NERSC LINKTR: 1.000000e+00 CKSUM: 0
Unitarity checked.  Max deviation 0.00e+00
Time to check unitarity = 1.530886e-03
"O(a^2): couplings(pi)=0, Naik term, No O(a^2) errors, tadpole weights"
path coefficients: npath  path_coeff  multiplicity
                    0      6.250000e-01     8
                    1      -5.847914e-02     8
                    2      -8.771871e-02     48
                    3      3.077829e-02     192
                    4      -7.199551e-03     384
                    5      -1.231132e-01     48
Symanzik 1x1 + 1x2 + 1x1x1 action
gauge_action: total_dyn_flavors = 3
loop coefficients: nloop rep loop_coeff  multiplicity
                    0 0      1.000000e+00     6
                    1 0      -7.762509e-02     12
                    2 0      -1.031171e-02     16
WARMUPS COMPLETED
CONGRAD5: time = 1.759505e-02 (fn F) masses = 1 iters = 4 mflops = 1.243462e+03
 OK converged final_rsq= 0.006 (cf 0.016) rel = 1 (cf 0) restarts = 1 iters= 4
CONGRAD5: time = 1.621294e-02 (fn F) masses = 1 iters = 4 mflops = 1.349464e+03
 OK converged final_rsq= 0.0059 (cf 0.016) rel = 1 (cf 0) restarts = 1 iters= 4
GFTIME:   time = 2.609470e-01 (Symanzik1) mflops = 2.701861e+03
FFTIME:  time = 1.028895e+00 (asqtad3) terms = 2 mflops = 1.943565e+03
CONGRAD5: time = 1.602101e-02 (fn F) masses = 1 iters = 4 mflops = 1.365630e+03
 OK converged final_rsq= 0.01 (cf 0.016) rel = 1 (cf 0) restarts = 1 iters= 4
CONGRAD5: time = 1.482821e-02 (fn F) masses = 1 iters = 4 mflops = 1.475484e+03
 OK converged final_rsq= 0.0096 (cf 0.016) rel = 1 (cf 0) restarts = 1 iters= 4
GFTIME:   time = 2.532690e-01 (Symanzik1) mflops = 2.783770e+03
FFTIME:  time = 1.020468e+00 (asqtad3) terms = 2 mflops = 1.959615e+03
CONGRAD5: time = 1.581287e-02 (fn F) masses = 1 iters = 4 mflops = 1.383606e+03
 OK converged final_rsq= 0.014 (cf 0.016) rel = 1 (cf 0) restarts = 1 iters= 4
CONGRAD5: time = 1.481485e-02 (fn F) masses = 1 iters = 4 mflops = 1.476814e+03
 OK converged final_rsq= 0.014 (cf 0.016) rel = 1 (cf 0) restarts = 1 iters= 4
GFTIME:   time = 2.513580e-01 (Symanzik1) mflops = 2.804933e+03
FFTIME:  time = 1.020695e+00 (asqtad3) terms = 2 mflops = 1.959179e+03
CONGRAD5: time = 1.596498e-02 (fn F) masses = 1 iters = 4 mflops = 1.370423e+03
 OK converged final_rsq= 0.013 (cf 0.016) rel = 1 (cf 0) restarts = 1 iters= 4
CONGRAD5: time = 1.475716e-02 (fn F) masses = 1 iters = 4 mflops = 1.482588e+03
 OK converged final_rsq= 0.013 (cf 0.016) rel = 1 (cf 0) restarts = 1 iters= 4
GFTIME:   time = 2.536969e-01 (Symanzik1) mflops = 2.779074e+03
FFTIME:  time = 1.019258e+00 (asqtad3) terms = 2 mflops = 1.961941e+03
CONGRAD5: time = 1.607990e-02 (fn F) masses = 1 iters = 4 mflops = 1.360629e+03
 OK converged final_rsq= 0.011 (cf 0.016) rel = 1 (cf 0) restarts = 1 iters= 4
CONGRAD5: time = 1.484990e-02 (fn F) masses = 1 iters = 4 mflops = 1.473329e+03
 OK converged final_rsq= 0.011 (cf 0.016) rel = 1 (cf 0) restarts = 1 iters= 4
GFTIME:   time = 2.516530e-01 (Symanzik1) mflops = 2.801646e+03
FFTIME:  time = 1.022586e+00 (asqtad3) terms = 2 mflops = 1.955557e+03
PLAQ:	2.348549	2.348112
P_LOOP:	-5.505195e-03	-1.058114e-02
G_LOOP:  0  0  4   	2.347989e+00	( 0 1 7 6  )
G_LOOP:  0  1  4   	2.348235e+00	( 0 2 7 5  )
G_LOOP:  0  2  4   	2.348118e+00	( 0 3 7 4  )
G_LOOP:  0  3  4   	2.349423e+00	( 1 2 6 5  )
G_LOOP:  0  4  4   	2.347520e+00	( 1 3 6 4  )
G_LOOP:  0  5  4   	2.348698e+00	( 2 3 5 4  )
G_LOOP:  1  0  6   	1.774326e+00	( 0 0 1 7 7 6  )
G_LOOP:  1  1  6   	1.772816e+00	( 0 0 2 7 7 5  )
G_LOOP:  1  2  6   	1.773575e+00	( 0 0 3 7 7 4  )
G_LOOP:  1  3  6   	1.774198e+00	( 1 1 0 6 6 7  )
G_LOOP:  1  4  6   	1.776674e+00	( 1 1 2 6 6 5  )
G_LOOP:  1  5  6   	1.772050e+00	( 1 1 3 6 6 4  )
G_LOOP:  1  6  6   	1.774592e+00	( 2 2 0 5 5 7  )
G_LOOP:  1  7  6   	1.775420e+00	( 2 2 1 5 5 6  )
G_LOOP:  1  8  6   	1.775323e+00	( 2 2 3 5 5 4  )
G_LOOP:  1  9  6   	1.774200e+00	( 3 3 0 4 4 7  )
G_LOOP:  1  10  6   	1.772793e+00	( 3 3 1 4 4 6  )
G_LOOP:  1  11  6   	1.773687e+00	( 3 3 2 4 4 5  )
G_LOOP:  2  0  6   	1.822344e+00	( 0 1 2 7 6 5  )
G_LOOP:  2  1  6   	1.820458e+00	( 0 1 5 7 6 2  )
G_LOOP:  2  2  6   	1.823198e+00	( 0 6 2 7 1 5  )
G_LOOP:  2  3  6   	1.820116e+00	( 0 6 5 7 1 2  )
G_LOOP:  2  4  6   	1.819553e+00	( 0 1 3 7 6 4  )
G_LOOP:  2  5  6   	1.820312e+00	( 0 1 4 7 6 3  )
G_LOOP:  2  6  6   	1.819036e+00	( 0 6 3 7 1 4  )
G_LOOP:  2  7  6   	1.821536e+00	( 0 6 4 7 1 3  )
G_LOOP:  2  8  6   	1.820542e+00	( 0 2 3 7 5 4  )
G_LOOP:  2  9  6   	1.820675e+00	( 0 2 4 7 5 3  )
G_LOOP:  2  10  6   	1.821020e+00	( 0 5 3 7 2 4  )
G_LOOP:  2  11  6   	1.823999e+00	( 0 5 4 7 2 3  )
G_LOOP:  2  12  6   	1.824607e+00	( 1 2 3 6 5 4  )
G_LOOP:  2  13  6   	1.820756e+00	( 1 2 4 6 5 3  )
G_LOOP:  2  14  6   	1.820113e+00	( 1 5 3 6 2 4  )
G_LOOP:  2  15  6   	1.821532e+00	( 1 5 4 6 2 3  )
GACTION: 2.573644e+00
CONGRAD5: time = 1.499915e-02 (fn F) masses = 1 iters = 4 mflops = 1.458668e+03
 OK converged final_rsq= 0.01 (cf 0.016) rel = 1 (cf 0) restarts = 1 iters= 4
CONGRAD5: time = 1.953411e-02 (fn F) masses = 1 iters = 6 mflops = 1.680045e+03
 OK converged final_rsq= 0.009 (cf 0.016) rel = 1 (cf 0) restarts = 1 iters= 6
PBP: mass 1.250000e-01     7.073068e-02  9.266889e-02  1.470707e-03  9.722419e-04 ( 1 of 1 )
FACTION: mass = 1.250000e-01,  1.465978e+00 ( 1 of 1 )
CONGRAD5: time = 1.517582e-02 (fn F) masses = 1 iters = 4 mflops = 1.441687e+03
 OK converged final_rsq= 0.01 (cf 0.016) rel = 1 (cf 0) restarts = 1 iters= 4
CONGRAD5: time = 1.949382e-02 (fn F) masses = 1 iters = 6 mflops = 1.683517e+03
 OK converged final_rsq= 0.009 (cf 0.016) rel = 1 (cf 0) restarts = 1 iters= 6
PBP: mass 1.250000e-01     7.045814e-02  9.288684e-02  -1.473327e-03  -1.651425e-03 ( 1 of 1 )
FACTION: mass = 1.250000e-01,  1.467517e+00 ( 1 of 1 )
CONGRAD5: time = 1.623011e-02 (fn F) masses = 1 iters = 4 mflops = 1.348037e+03
 OK converged final_rsq= 0.011 (cf 0.016) rel = 1 (cf 0) restarts = 1 iters= 4
CONGRAD5: time = 1.475501e-02 (fn F) masses = 1 iters = 4 mflops = 1.482804e+03
 OK converged final_rsq= 0.011 (cf 0.016) rel = 1 (cf 0) restarts = 1 iters= 4
GFTIME:   time = 2.508349e-01 (Symanzik1) mflops = 2.810782e+03
FFTIME:  time = 1.024187e+00 (asqtad3) terms = 2 mflops = 1.952499e+03
CONGRAD5: time = 1.883006e-02 (fn F) masses = 1 iters = 5 mflops = 1.452384e+03
 OK converged final_rsq= 0.007 (cf 0.016) rel = 1 (cf 0) restarts = 1 iters= 5
CONGRAD5: time = 1.477408e-02 (fn F) masses = 1 iters = 4 mflops = 1.480889e+03
 OK converged final_rsq= 0.015 (cf 0.016) rel = 1 (cf 0) restarts = 1 iters= 4
GFTIME:   time = 2.546651e-01 (Symanzik1) mflops = 2.768508e+03
FFTIME:  time = 1.026286e+00 (asqtad3) terms = 2 mflops = 1.948506e+03
CONGRAD5: time = 1.826501e-02 (fn F) masses = 1 iters = 5 mflops = 1.497315e+03
 OK converged final_rsq= 0.0089 (cf 0.016) rel = 1 (cf 0) restarts = 1 iters= 5
CONGRAD5: time = 1.715088e-02 (fn F) masses = 1 iters = 5 mflops = 1.594582e+03
 OK converged final_rsq= 0.0085 (cf 0.016) rel = 1 (cf 0) restarts = 1 iters= 5
GFTIME:   time = 2.531378e-01 (Symanzik1) mflops = 2.785212e+03
FFTIME:  time = 1.027456e+00 (asqtad3) terms = 2 mflops = 1.946287e+03
CONGRAD5: time = 1.819301e-02 (fn F) masses = 1 iters = 5 mflops = 1.503241e+03
 OK converged final_rsq= 0.0085 (cf 0.016) rel = 1 (cf 0) restarts = 1 iters= 5
CONGRAD5: time = 1.711512e-02 (fn F) masses = 1 iters = 5 mflops = 1.597914e+03
 OK converged final_rsq= 0.0082 (cf 0.016) rel = 1 (cf 0) restarts = 1 iters= 5
GFTIME:   time = 2.526081e-01 (Symanzik1) mflops = 2.791053e+03
FFTIME:  time = 1.021872e+00 (asqtad3) terms = 2 mflops = 1.956923e+03
CONGRAD5: time = 1.827788e-02 (fn F) masses = 1 iters = 5 mflops = 1.496261e+03
 OK converged final_rsq= 0.0074 (cf 0.016) rel = 1 (cf 0) restarts = 1 iters= 5
CONGRAD5: time = 1.474309e-02 (fn F) masses = 1 iters = 4 mflops = 1.484003e+03
 OK converged final_rsq= 0.015 (cf 0.016) rel = 1 (cf 0) restarts = 1 iters= 4
GFTIME:   time = 2.534590e-01 (Symanzik1) mflops = 2.781683e+03
FFTIME:  time = 1.021905e+00 (asqtad3) terms = 2 mflops = 1.956860e+03
PLAQ:	2.012849	2.013197
P_LOOP:	-3.667037e-03	-9.426858e-03
G_LOOP:  0  0  4   	2.012259e+00	( 0 1 7 6  )
G_LOOP:  0  1  4   	2.012615e+00	( 0 2 7 5  )
G_LOOP:  0  2  4   	2.014159e+00	( 0 3 7 4  )
G_LOOP:  0  3  4   	2.013673e+00	( 1 2 6 5  )
G_LOOP:  0  4  4   	2.011824e+00	( 1 3 6 4  )
G_LOOP:  0  5  4   	2.013608e+00	( 2 3 5 4  )
G_LOOP:  1  0  6   	1.299554e+00	( 0 0 1 7 7 6  )
G_LOOP:  1  1  6   	1.298284e+00	( 0 0 2 7 7 5  )
G_LOOP:  1  2  6   	1.304072e+00	( 0 0 3 7 7 4  )
G_LOOP:  1  3  6   	1.298349e+00	( 1 1 0 6 6 7  )
G_LOOP:  1  4  6   	1.301249e+00	( 1 1 2 6 6 5  )
G_LOOP:  1  5  6   	1.299440e+00	( 1 1 3 6 6 4  )
G_LOOP:  1  6  6   	1.300374e+00	( 2 2 0 5 5 7  )
G_LOOP:  1  7  6   	1.302705e+00	( 2 2 1 5 5 6  )
G_LOOP:  1  8  6   	1.301099e+00	( 2 2 3 5 5 4  )
G_LOOP:  1  9  6   	1.301697e+00	( 3 3 0 4 4 7  )
G_LOOP:  1  10  6   	1.300518e+00	( 3 3 1 4 4 6  )
G_LOOP:  1  11  6   	1.301792e+00	( 3 3 2 4 4 5  )
G_LOOP:  2  0  6   	1.344038e+00	( 0 1 2 7 6 5  )
G_LOOP:  2  1  6   	1.345105e+00	( 0 1 5 7 6 2  )
G_LOOP:  2  2  6   	1.344911e+00	( 0 6 2 7 1 5  )
G_LOOP:  2  3  6   	1.342131e+00	( 0 6 5 7 1 2  )
G_LOOP:  2  4  6   	1.344896e+00	( 0 1 3 7 6 4  )
G_LOOP:  2  5  6   	1.341714e+00	( 0 1 4 7 6 3  )
G_LOOP:  2  6  6   	1.342753e+00	( 0 6 3 7 1 4  )
G_LOOP:  2  7  6   	1.342647e+00	( 0 6 4 7 1 3  )
G_LOOP:  2  8  6   	1.345047e+00	( 0 2 3 7 5 4  )
G_LOOP:  2  9  6   	1.343819e+00	( 0 2 4 7 5 3  )
G_LOOP:  2  10  6   	1.344301e+00	( 0 5 3 7 2 4  )
G_LOOP:  2  11  6   	1.345084e+00	( 0 5 4 7 2 3  )
G_LOOP:  2  12  6   	1.344254e+00	( 1 2 3 6 5 4  )
G_LOOP:  2  13  6   	1.341313e+00	( 1 2 4 6 5 3  )
G_LOOP:  2  14  6   	1.342920e+00	( 1 5 3 6 2 4  )
G_LOOP:  2  15  6   	1.344460e+00	( 1 5 4 6 2 3  )
GACTION: 4.065753e+00
CONGRAD5: time = 1.539183e-02 (fn F) masses = 1 iters = 4 mflops = 1.421455e+03
 OK converged final_rsq= 0.014 (cf 0.016) rel = 1 (cf 0) restarts = 1 iters= 4
CONGRAD5: time = 1.935410e-02 (fn F) masses = 1 iters = 6 mflops = 1.695670e+03
 OK converged final_rsq= 0.014 (cf 0.016) rel = 1 (cf 0) restarts = 1 iters= 6
PBP: mass 1.250000e-01     8.448160e-02  1.679319e-01  3.262045e-05  -1.035892e-04 ( 1 of 1 )
FACTION: mass = 1.250000e-01,  1.446994e+00 ( 1 of 1 )
CONGRAD5: time = 1.537085e-02 (fn F) masses = 1 iters = 4 mflops = 1.423395e+03
 OK converged final_rsq= 0.014 (cf 0.016) rel = 1 (cf 0) restarts = 1 iters= 4
CONGRAD5: time = 1.939511e-02 (fn F) masses = 1 iters = 6 mflops = 1.692085e+03
 OK converged final_rsq= 0.013 (cf 0.016) rel = 1 (cf 0) restarts = 1 iters= 6
PBP: mass 1.250000e-01     8.642004e-02  1.645656e-01  2.280839e-04  -1.187990e-04 ( 1 of 1 )
FACTION: mass = 1.250000e-01,  1.445789e+00 ( 1 of 1 )
CONGRAD5: time = 1.817513e-02 (fn F) masses = 1 iters = 5 mflops = 1.504720e+03
 OK converged final_rsq= 0.0075 (cf 0.016) rel = 1 (cf 0) restarts = 1 iters= 5
CONGRAD5: time = 1.477194e-02 (fn F) masses = 1 iters = 4 mflops = 1.481104e+03
 OK converged final_rsq= 0.015 (cf 0.016) rel = 1 (cf 0) restarts = 1 iters= 4
GFTIME:   time = 2.517180e-01 (Symanzik1) mflops = 2.800921e+03
FFTIME:  time = 1.020508e+00 (asqtad3) terms = 2 mflops = 1.959538e+03
CONGRAD5: time = 1.802707e-02 (fn F) masses = 1 iters = 5 mflops = 1.517079e+03
 OK converged final_rsq= 0.0093 (cf 0.016) rel = 1 (cf 0) restarts = 1 iters= 5
CONGRAD5: time = 1.746297e-02 (fn F) masses = 1 iters = 5 mflops = 1.566084e+03
 OK converged final_rsq= 0.0088 (cf 0.016) rel = 1 (cf 0) restarts = 1 iters= 5
GFTIME:   time = 2.637219e-01 (Symanzik1) mflops = 2.673431e+03
FFTIME:  time = 1.019558e+00 (asqtad3) terms = 2 mflops = 1.961364e+03
CONGRAD5: time = 1.827002e-02 (fn F) masses = 1 iters = 5 mflops = 1.496905e+03
 OK converged final_rsq= 0.011 (cf 0.016) rel = 1 (cf 0) restarts = 1 iters= 5
CONGRAD5: time = 1.718807e-02 (fn F) masses = 1 iters = 5 mflops = 1.591131e+03
 OK converged final_rsq= 0.01 (cf 0.016) rel = 1 (cf 0) restarts = 1 iters= 5
GFTIME:   time = 2.520869e-01 (Symanzik1) mflops = 2.796823e+03
FFTIME:  time = 1.025234e+00 (asqtad3) terms = 2 mflops = 1.950506e+03
CONGRAD5: time = 1.832700e-02 (fn F) masses = 1 iters = 5 mflops = 1.492251e+03
 OK converged final_rsq= 0.011 (cf 0.016) rel = 1 (cf 0) restarts = 1 iters= 5
CONGRAD5: time = 1.714301e-02 (fn F) masses = 1 iters = 5 mflops = 1.595314e+03
 OK converged final_rsq= 0.01 (cf 0.016) rel = 1 (cf 0) restarts = 1 iters= 5
GFTIME:   time = 2.513390e-01 (Symanzik1) mflops = 2.805146e+03
FFTIME:  time = 1.024528e+00 (asqtad3) terms = 2 mflops = 1.951850e+03
CONGRAD5: time = 1.871514e-02 (fn F) masses = 1 iters = 5 mflops = 1.461302e+03
 OK converged final_rsq= 0.01 (cf 0.016) rel = 1 (cf 0) restarts = 1 iters= 5
CONGRAD5: time = 1.716900e-02 (fn F) masses = 1 iters = 5 mflops = 1.592899e+03
 OK converged final_rsq= 0.0095 (cf 0.016) rel = 1 (cf 0) restarts = 1 iters= 5
GFTIME:   time = 2.510860e-01 (Symanzik1) mflops = 2.807972e+03
FFTIME:  time = 1.030371e+00 (asqtad3) terms = 2 mflops = 1.940781e+03
PLAQ:	1.791940	1.793961
P_LOOP:	8.929581e-04	-5.981024e-03
G_LOOP:  0  0  4   	1.792903e+00	( 0 1 7 6  )
G_LOOP:  0  1  4   	1.790591e+00	( 0 2 7 5  )
G_LOOP:  0  2  4   	1.793971e+00	( 0 3 7 4  )
G_LOOP:  0  3  4   	1.792325e+00	( 1 2 6 5  )
G_LOOP:  0  4  4   	1.794332e+00	( 1 3 6 4  )
G_LOOP:  0  5  4   	1.793581e+00	( 2 3 5 4  )
G_LOOP:  1  0  6   	1.025457e+00	( 0 0 1 7 7 6  )
G_LOOP:  1  1  6   	1.020737e+00	( 0 0 2 7 7 5  )
G_LOOP:  1  2  6   	1.025311e+00	( 0 0 3 7 7 4  )
G_LOOP:  1  3  6   	1.026367e+00	( 1 1 0 6 6 7  )
G_LOOP:  1  4  6   	1.024081e+00	( 1 1 2 6 6 5  )
G_LOOP:  1  5  6   	1.028261e+00	( 1 1 3 6 6 4  )
G_LOOP:  1  6  6   	1.022789e+00	( 2 2 0 5 5 7  )
G_LOOP:  1  7  6   	1.025513e+00	( 2 2 1 5 5 6  )
G_LOOP:  1  8  6   	1.026950e+00	( 2 2 3 5 5 4  )
G_LOOP:  1  9  6   	1.026497e+00	( 3 3 0 4 4 7  )
G_LOOP:  1  10  6   	1.027153e+00	( 3 3 1 4 4 6  )
G_LOOP:  1  11  6   	1.026520e+00	( 3 3 2 4 4 5  )
G_LOOP:  2  0  6   	1.057280e+00	( 0 1 2 7 6 5  )
G_LOOP:  2  1  6   	1.059558e+00	( 0 1 5 7 6 2  )
G_LOOP:  2  2  6   	1.058203e+00	( 0 6 2 7 1 5  )
G_LOOP:  2  3  6   	1.057099e+00	( 0 6 5 7 1 2  )
G_LOOP:  2  4  6   	1.059414e+00	( 0 1 3 7 6 4  )
G_LOOP:  2  5  6   	1.060069e+00	( 0 1 4 7 6 3  )
G_LOOP:  2  6  6   	1.061077e+00	( 0 6 3 7 1 4  )
G_LOOP:  2  7  6   	1.062719e+00	( 0 6 4 7 1 3  )
G_LOOP:  2  8  6   	1.058156e+00	( 0 2 3 7 5 4  )
G_LOOP:  2  9  6   	1.059245e+00	( 0 2 4 7 5 3  )
G_LOOP:  2  10  6   	1.059447e+00	( 0 5 3 7 2 4  )
G_LOOP:  2  11  6   	1.058875e+00	( 0 5 4 7 2 3  )
G_LOOP:  2  12  6   	1.060234e+00	( 1 2 3 6 5 4  )
G_LOOP:  2  13  6   	1.058745e+00	( 1 2 4 6 5 3  )
G_LOOP:  2  14  6   	1.061517e+00	( 1 5 3 6 2 4  )
G_LOOP:  2  15  6   	1.061018e+00	( 1 5 4 6 2 3  )
GACTION: 5.082868e+00
CONGRAD5: time = 1.805496e-02 (fn F) masses = 1 iters = 5 mflops = 1.514735e+03
 OK converged final_rsq= 0.0085 (cf 0.016) rel = 1 (cf 0) restarts = 1 iters= 5
CONGRAD5: time = 1.941490e-02 (fn F) masses = 1 iters = 6 mflops = 1.690360e+03
 OK converged final_rsq= 0.015 (cf 0.016) rel = 1 (cf 0) restarts = 1 iters= 6
PBP: mass 1.250000e-01     1.096581e-01  2.988181e-01  -6.904161e-04  -8.679667e-04 ( 1 of 1 )
FACTION: mass = 1.250000e-01,  1.452312e+00 ( 1 of 1 )
CONGRAD5: time = 1.795101e-02 (fn F) masses = 1 iters = 5 mflops = 1.523506e+03
 OK converged final_rsq= 0.0085 (cf 0.016) rel = 1 (cf 0) restarts = 1 iters= 5
CONGRAD5: time = 1.944208e-02 (fn F) masses = 1 iters = 6 mflops = 1.687997e+03
 OK converged final_rsq= 0.015 (cf 0.016) rel = 1 (cf 0) restarts = 1 iters= 6
PBP: mass 1.250000e-01     1.089939e-01  3.035291e-01  1.626399e-03  1.899905e-03 ( 1 of 1 )
FACTION: mass = 1.250000e-01,  1.453099e+00 ( 1 of 1 )
CONGRAD5: time = 1.826692e-02 (fn F) masses = 1 iters = 5 mflops = 1.497159e+03
 OK converged final_rsq= 0.01 (cf 0.016) rel = 1 (cf 0) restarts = 1 iters= 5
CONGRAD5: time = 1.718402e-02 (fn F) masses = 1 iters = 5 mflops = 1.591507e+03
 OK converged final_rsq= 0.0096 (cf 0.016) rel = 1 (cf 0) restarts = 1 iters= 5
GFTIME:   time = 2.514350e-01 (Symanzik1) mflops = 2.804074e+03
FFTIME:  time = 1.024101e+00 (asqtad3) terms = 2 mflops = 1.952663e+03
CONGRAD5: time = 1.821208e-02 (fn F) masses = 1 iters = 5 mflops = 1.501667e+03
 OK converged final_rsq= 0.011 (cf 0.016) rel = 1 (cf 0) restarts = 1 iters= 5
CONGRAD5: time = 1.729107e-02 (fn F) masses = 1 iters = 5 mflops = 1.581654e+03
 OK converged final_rsq= 0.011 (cf 0.016) rel = 1 (cf 0) restarts = 1 iters= 5
GFTIME:   time = 2.513020e-01 (Symanzik1) mflops = 2.805558e+03
FFTIME:  time = 1.026497e+00 (asqtad3) terms = 2 mflops = 1.948106e+03
CONGRAD5: time = 1.801515e-02 (fn F) masses = 1 iters = 5 mflops = 1.518083e+03
 OK converged final_rsq= 0.012 (cf 0.016) rel = 1 (cf 0) restarts = 1 iters= 5
CONGRAD5: time = 1.707602e-02 (fn F) masses = 1 iters = 5 mflops = 1.601573e+03
 OK converged final_rsq= 0.012 (cf 0.016) rel = 1 (cf 0) restarts = 1 iters= 5
GFTIME:   time = 2.522230e-01 (Symanzik1) mflops = 2.795314e+03
FFTIME:  time = 1.021225e+00 (asqtad3) terms = 2 mflops = 1.958163e+03
CONGRAD5: time = 1.794386e-02 (fn F) masses = 1 iters = 5 mflops = 1.524114e+03
 OK converged final_rsq= 0.012 (cf 0.016) rel = 1 (cf 0) restarts = 1 iters= 5
CONGRAD5: time = 1.705408e-02 (fn F) masses = 1 iters = 5 mflops = 1.603633e+03
 OK converged final_rsq= 0.012 (cf 0.016) rel = 1 (cf 0) restarts = 1 iters= 5
GFTIME:   time = 2.535608e-01 (Symanzik1) mflops = 2.780566e+03
FFTIME:  time = 1.021756e+00 (asqtad3) terms = 2 mflops = 1.957145e+03
CONGRAD5: time = 1.797009e-02 (fn F) masses = 1 iters = 5 mflops = 1.521889e+03
 OK converged final_rsq= 0.012 (cf 0.016) rel = 1 (cf 0) restarts = 1 iters= 5
CONGRAD5: time = 1.714087e-02 (fn F) masses = 1 iters = 5 mflops = 1.595513e+03
 OK converged final_rsq= 0.012 (cf 0.016) rel = 1 (cf 0) restarts = 1 iters= 5
GFTIME:   time = 2.527289e-01 (Symanzik1) mflops = 2.789718e+03
FFTIME:  time = 1.021403e+00 (asqtad3) terms = 2 mflops = 1.957821e+03
PLAQ:	1.646195	1.645890
P_LOOP:	-1.107589e-04	4.148853e-03
G_LOOP:  0  0  4   	1.646367e+00	( 0 1 7 6  )
G_LOOP:  0  1  4   	1.645388e+00	( 0 2 7 5  )
G_LOOP:  0  2  4   	1.645891e+00	( 0 3 7 4  )
G_LOOP:  0  3  4   	1.646830e+00	( 1 2 6 5  )
G_LOOP:  0  4  4   	1.647299e+00	( 1 3 6 4  )
G_LOOP:  0  5  4   	1.644480e+00	( 2 3 5 4  )
G_LOOP:  1  0  6   	8.565350e-01	( 0 0 1 7 7 6  )
G_LOOP:  1  1  6   	8.558379e-01	( 0 0 2 7 7 5  )
G_LOOP:  1  2  6   	8.565185e-01	( 0 0 3 7 7 4  )
G_LOOP:  1  3  6   	8.575562e-01	( 1 1 0 6 6 7  )
G_LOOP:  1  4  6   	8.578046e-01	( 1 1 2 6 6 5  )
G_LOOP:  1  5  6   	8.569736e-01	( 1 1 3 6 6 4  )
G_LOOP:  1  6  6   	8.553242e-01	( 2 2 0 5 5 7  )
G_LOOP:  1  7  6   	8.573374e-01	( 2 2 1 5 5 6  )
G_LOOP:  1  8  6   	8.536100e-01	( 2 2 3 5 5 4  )
G_LOOP:  1  9  6   	8.579626e-01	( 3 3 0 4 4 7  )
G_LOOP:  1  10  6   	8.576484e-01	( 3 3 1 4 4 6  )
G_LOOP:  1  11  6   	8.553932e-01	( 3 3 2 4 4 5  )
G_LOOP:  2  0  6   	8.801677e-01	( 0 1 2 7 6 5  )
G_LOOP:  2  1  6   	8.775878e-01	( 0 1 5 7 6 2  )
G_LOOP:  2  2  6   	8.787841e-01	( 0 6 2 7 1 5  )
G_LOOP:  2  3  6   	8.803043e-01	( 0 6 5 7 1 2  )
G_LOOP:  2  4  6   	8.803194e-01	( 0 1 3 7 6 4  )
G_LOOP:  2  5  6   	8.795472e-01	( 0 1 4 7 6 3  )
G_LOOP:  2  6  6   	8.803246e-01	( 0 6 3 7 1 4  )
G_LOOP:  2  7  6   	8.807690e-01	( 0 6 4 7 1 3  )
G_LOOP:  2  8  6   	8.793327e-01	( 0 2 3 7 5 4  )
G_LOOP:  2  9  6   	8.765325e-01	( 0 2 4 7 5 3  )
G_LOOP:  2  10  6   	8.780638e-01	( 0 5 3 7 2 4  )
G_LOOP:  2  11  6   	8.788299e-01	( 0 5 4 7 2 3  )
G_LOOP:  2  12  6   	8.762356e-01	( 1 2 3 6 5 4  )
G_LOOP:  2  13  6   	8.810406e-01	( 1 2 4 6 5 3  )
G_LOOP:  2  14  6   	8.804650e-01	( 1 5 3 6 2 4  )
G_LOOP:  2  15  6   	8.784264e-01	( 1 5 4 6 2 3  )
GACTION: 5.777202e+00
CONGRAD5: time = 1.788902e-02 (fn F) masses = 1 iters = 5 mflops = 1.528786e+03
 OK converged final_rsq= 0.01 (cf 0.016) rel = 1 (cf 0) restarts = 1 iters= 5
CONGRAD5: time = 2.172995e-02 (fn F) masses = 1 iters = 7 mflops = 1.761987e+03
 OK converged final_rsq= 0.0081 (cf 0.016) rel = 1 (cf 0) restarts = 1 iters= 7
PBP: mass 1.250000e-01     1.231660e-01  3.251102e-01  -1.015343e-03  -1.461892e-03 ( 1 of 1 )
FACTION: mass = 1.250000e-01,  1.436432e+00 ( 1 of 1 )
CONGRAD5: time = 1.743197e-02 (fn F) masses = 1 iters = 5 mflops = 1.568869e+03
 OK converged final_rsq= 0.01 (cf 0.016) rel = 1 (cf 0) restarts = 1 iters= 5
CONGRAD5: time = 2.176785e-02 (fn F) masses = 1 iters = 7 mflops = 1.758918e+03
 OK converged final_rsq= 0.0081 (cf 0.016) rel = 1 (cf 0) restarts = 1 iters= 7
PBP: mass 1.250000e-01     1.234607e-01  3.201215e-01  1.596892e-03  1.168082e-03 ( 1 of 1 )
FACTION: mass = 1.250000e-01,  1.438766e+00 ( 1 of 1 )
RUNNING COMPLETED
average cg iters for step= 1.100000e+01
Time = 3.967062e+01 seconds
total_iters = 552
Checksums ddb26144 a784f858
Saved gauge configuration in parallel to binary file lat_p64_size128_1
Time stamp Tue Apr  4 17:11:52 2023
Wrote info file lat_p64_size128_1.info
Time to save = 1.019270e+00
CHECK PLAQ: 1.646195e+00 1.645890e+00
CHECK NERSC LINKTR: 1.708962e-01 CKSUM: 2644807


warms 0
trajecs 4
traj_between_meas 1
beta 5.6
mass1 0.01
mass2 0.01
u0 0.8441
microcanonical_time_step 0.02
steps_per_trajectory 15
max_cg_iterations 300
max_cg_restarts 5
error_per_site 1e-05
error_for_propagator 1e-05
npbp_reps 1
prec_pbp 1
reload_parallel lat_p64_size128_1
save_parallel lat_p64_size128_2
Restored binary gauge configuration in parallel from file lat_p64_size128_1
Time stamp Tue Apr  4 17:11:52 2023
Checksums ddb26144 a784f858 OK
Time to reload gauge configuration = 3.284130e-01
CHECK PLAQ: 1.646195e+00 1.645890e+00
CHECK NERSC LINKTR: 1.708962e-01 CKSUM: 2644807
Unitarity checked.  Max deviation 2.98e-07
Time to check unitarity = 1.412153e-03
"O(a^2): couplings(pi)=0, Naik term, No O(a^2) errors, tadpole weights"
path coefficients: npath  path_coeff  multiplicity
                    0      6.250000e-01     8
                    1      -5.847914e-02     8
                    2      -8.771871e-02     48
                    3      3.077829e-02     192
                    4      -7.199551e-03     384
                    5      -1.231132e-01     48
Symanzik 1x1 + 1x2 + 1x1x1 action
gauge_action: total_dyn_flavors = 3
loop coefficients: nloop rep loop_coeff  multiplicity
                    0 0      1.000000e+00     6
                    1 0      -7.762509e-02     12
                    2 0      -1.031171e-02     16
WARMUPS COMPLETED
CONGRAD5: time = 1.340637e+00 (fn F) masses = 1 iters = 547 mflops = 2.231718e+03
 OK converged final_rsq= 5e-11 (cf 1e-10) rel = 1 (cf 0) restarts = 3 iters= 547
CONGRAD5: time = 1.205412e+00 (fn F) masses = 1 iters = 498 mflops = 2.259732e+03
 OK converged final_rsq= 9.9e-11 (cf 1e-10) rel = 1 (cf 0) restarts = 2 iters= 498
GFTIME:   time = 2.620769e-01 (Symanzik1) mflops = 2.690213e+03
FFTIME:  time = 1.065997e+00 (asqtad3) terms = 2 mflops = 1.875920e+03
CONGRAD5: time = 1.238424e+00 (fn F) masses = 1 iters = 511 mflops = 2.256912e+03
 OK converged final_rsq= 5e-11 (cf 1e-10) rel = 1 (cf 0) restarts = 3 iters= 511
CONGRAD5: time = 1.312806e+00 (fn F) masses = 1 iters = 542 mflops = 2.258198e+03
 OK converged final_rsq= 5e-11 (cf 1e-10) rel = 1 (cf 0) restarts = 3 iters= 542
GFTIME:   time = 2.626040e-01 (Symanzik1) mflops = 2.684812e+03
FFTIME:  time = 1.063449e+00 (asqtad3) terms = 2 mflops = 1.880414e+03
CONGRAD5: time = 1.232122e+00 (fn F) masses = 1 iters = 509 mflops = 2.259578e+03
 OK converged final_rsq= 1e-10 (cf 1e-10) rel = 1 (cf 0) restarts = 2 iters= 509
CONGRAD5: time = 1.361977e+00 (fn F) masses = 1 iters = 558 mflops = 2.240926e+03
 OK converged final_rsq= 4.9e-11 (cf 1e-10) rel = 1 (cf 0) restarts = 3 iters= 558
GFTIME:   time = 2.632310e-01 (Symanzik1) mflops = 2.678417e+03
FFTIME:  time = 1.059710e+00 (asqtad3) terms = 2 mflops = 1.887049e+03
CONGRAD5: time = 1.376481e+00 (fn F) masses = 1 iters = 569 mflops = 2.261024e+03
 OK converged final_rsq= 1e-10 (cf 1e-10) rel = 1 (cf 0) restarts = 2 iters= 569
CONGRAD5: time = 1.372922e+00 (fn F) masses = 1 iters = 567 mflops = 2.258918e+03
 OK converged final_rsq= 5e-11 (cf 1e-10) rel = 1 (cf 0) restarts = 3 iters= 567
GFTIME:   time = 2.626138e-01 (Symanzik1) mflops = 2.684712e+03
FFTIME:  time = 1.057375e+00 (asqtad3) terms = 2 mflops = 1.891216e+03
CONGRAD5: time = 1.327554e+00 (fn F) masses = 1 iters = 548 mflops = 2.257832e+03
 OK converged final_rsq= 5e-11 (cf 1e-10) rel = 1 (cf 0) restarts = 3 iters= 548
CONGRAD5: time = 1.348320e+00 (fn F) masses = 1 iters = 557 mflops = 2.259568e+03
 OK converged final_rsq= 5e-11 (cf 1e-10) rel = 1 (cf 0) restarts = 3 iters= 557
GFTIME:   time = 2.622108e-01 (Symanzik1) mflops = 2.688838e+03
FFTIME:  time = 1.056455e+00 (asqtad3) terms = 2 mflops = 1.892863e+03
CONGRAD5: time = 1.282255e+00 (fn F) masses = 1 iters = 530 mflops = 2.260813e+03
 OK converged final_rsq= 1e-10 (cf 1e-10) rel = 1 (cf 0) restarts = 2 iters= 530
CONGRAD5: time = 1.379643e+00 (fn F) masses = 1 iters = 571 mflops = 2.263771e+03
 OK converged final_rsq= 9.9e-11 (cf 1e-10) rel = 1 (cf 0) restarts = 2 iters= 571
GFTIME:   time = 2.626939e-01 (Symanzik1) mflops = 2.683894e+03
FFTIME:  time = 1.060253e+00 (asqtad3) terms = 2 mflops = 1.886083e+03
CONGRAD5: time = 1.376598e+00 (fn F) masses = 1 iters = 569 mflops = 2.260832e+03
 OK converged final_rsq= 1e-10 (cf 1e-10) rel = 1 (cf 0) restarts = 2 iters= 569
CONGRAD5: time = 1.349202e+00 (fn F) masses = 1 iters = 558 mflops = 2.262145e+03
 OK converged final_rsq= 1e-10 (cf 1e-10) rel = 1 (cf 0) restarts = 2 iters= 558
GFTIME:   time = 2.609961e-01 (Symanzik1) mflops = 2.701352e+03
FFTIME:  time = 1.059040e+00 (asqtad3) terms = 2 mflops = 1.888243e+03
CONGRAD5: time = 1.345139e+00 (fn F) masses = 1 iters = 555 mflops = 2.256779e+03
 OK converged final_rsq= 5e-11 (cf 1e-10) rel = 1 (cf 0) restarts = 3 iters= 555
CONGRAD5: time = 1.239070e+00 (fn F) masses = 1 iters = 511 mflops = 2.255736e+03
 OK converged final_rsq= 5e-11 (cf 1e-10) rel = 1 (cf 0) restarts = 3 iters= 511
GFTIME:   time = 2.616930e-01 (Symanzik1) mflops = 2.694159e+03
FFTIME:  time = 1.059086e+00 (asqtad3) terms = 2 mflops = 1.888161e+03
CONGRAD5: time = 1.300487e+00 (fn F) masses = 1 iters = 537 mflops = 2.258559e+03
 OK converged final_rsq= 9.9e-11 (cf 1e-10) rel = 1 (cf 0) restarts = 2 iters= 537
CONGRAD5: time = 1.248746e+00 (fn F) masses = 1 iters = 515 mflops = 2.255778e+03
 OK converged final_rsq= 5e-11 (cf 1e-10) rel = 1 (cf 0) restarts = 3 iters= 515
GFTIME:   time = 2.621651e-01 (Symanzik1) mflops = 2.689307e+03
FFTIME:  time = 1.059105e+00 (asqtad3) terms = 2 mflops = 1.888127e+03
CONGRAD5: time = 1.201898e+00 (fn F) masses = 1 iters = 496 mflops = 2.257237e+03
 OK converged final_rsq= 5e-11 (cf 1e-10) rel = 1 (cf 0) restarts = 3 iters= 496
CONGRAD5: time = 1.275352e+00 (fn F) masses = 1 iters = 523 mflops = 2.243029e+03
 OK converged final_rsq= 1e-10 (cf 1e-10) rel = 1 (cf 0) restarts = 2 iters= 523
GFTIME:   time = 2.597091e-01 (Symanzik1) mflops = 2.714739e+03
FFTIME:  time = 1.057878e+00 (asqtad3) terms = 2 mflops = 1.890317e+03
CONGRAD5: time = 1.274432e+00 (fn F) masses = 1 iters = 529 mflops = 2.270399e+03
 OK converged final_rsq= 5e-11 (cf 1e-10) rel = 1 (cf 0) restarts = 3 iters= 529
CONGRAD5: time = 1.247563e+00 (fn F) masses = 1 iters = 510 mflops = 2.235995e+03
 OK converged final_rsq= 1e-10 (cf 1e-10) rel = 1 (cf 0) restarts = 2 iters= 510
GFTIME:   time = 2.824171e-01 (Symanzik1) mflops = 2.496458e+03
FFTIME:  time = 1.081984e+00 (asqtad3) terms = 2 mflops = 1.848202e+03
CONGRAD5: time = 1.269675e+00 (fn F) masses = 1 iters = 528 mflops = 2.274597e+03
 OK converged final_rsq= 1e-10 (cf 1e-10) rel = 1 (cf 0) restarts = 2 iters= 528
CONGRAD5: time = 1.219459e+00 (fn F) masses = 1 iters = 506 mflops = 2.269585e+03
 OK converged final_rsq= 5e-11 (cf 1e-10) rel = 1 (cf 0) restarts = 3 iters= 506
GFTIME:   time = 2.610140e-01 (Symanzik1) mflops = 2.701167e+03
FFTIME:  time = 1.059967e+00 (asqtad3) terms = 2 mflops = 1.886591e+03
CONGRAD5: time = 1.323606e+00 (fn F) masses = 1 iters = 550 mflops = 2.272831e+03
 OK converged final_rsq= 1e-10 (cf 1e-10) rel = 1 (cf 0) restarts = 2 iters= 550
CONGRAD5: time = 1.319993e+00 (fn F) masses = 1 iters = 548 mflops = 2.270765e+03
 OK converged final_rsq= 5e-11 (cf 1e-10) rel = 1 (cf 0) restarts = 3 iters= 548
GFTIME:   time = 2.599978e-01 (Symanzik1) mflops = 2.711724e+03
FFTIME:  time = 1.059996e+00 (asqtad3) terms = 2 mflops = 1.886540e+03
CONGRAD5: time = 1.313966e+00 (fn F) masses = 1 iters = 546 mflops = 2.272855e+03
 OK converged final_rsq= 1e-10 (cf 1e-10) rel = 1 (cf 0) restarts = 2 iters= 546
CONGRAD5: time = 1.265772e+00 (fn F) masses = 1 iters = 526 mflops = 2.272969e+03
 OK converged final_rsq= 9.9e-11 (cf 1e-10) rel = 1 (cf 0) restarts = 2 iters= 526
GFTIME:   time = 2.601089e-01 (Symanzik1) mflops = 2.710566e+03
FFTIME:  time = 1.061230e+00 (asqtad3) terms = 2 mflops = 1.884346e+03
CONGRAD5: time = 1.324528e+00 (fn F) masses = 1 iters = 550 mflops = 2.271249e+03
 OK converged final_rsq= 5e-11 (cf 1e-10) rel = 1 (cf 0) restarts = 3 iters= 550
CONGRAD5: time = 1.224057e+00 (fn F) masses = 1 iters = 508 mflops = 2.269997e+03
 OK converged final_rsq= 5e-11 (cf 1e-10) rel = 1 (cf 0) restarts = 3 iters= 508
GFTIME:   time = 2.605190e-01 (Symanzik1) mflops = 2.706299e+03
FFTIME:  time = 1.060974e+00 (asqtad3) terms = 2 mflops = 1.884800e+03
PLAQ:	1.540771	1.539233
P_LOOP:	1.094736e-02	-4.048980e-03
G_LOOP:  0  0  4   	1.540735e+00	( 0 1 7 6  )
G_LOOP:  0  1  4   	1.541391e+00	( 0 2 7 5  )
G_LOOP:  0  2  4   	1.540676e+00	( 0 3 7 4  )
G_LOOP:  0  3  4   	1.540186e+00	( 1 2 6 5  )
G_LOOP:  0  4  4   	1.539079e+00	( 1 3 6 4  )
G_LOOP:  0  5  4   	1.537945e+00	( 2 3 5 4  )
G_LOOP:  1  0  6   	7.792057e-01	( 0 0 1 7 7 6  )
G_LOOP:  1  1  6   	7.791642e-01	( 0 0 2 7 7 5  )
G_LOOP:  1  2  6   	7.817215e-01	( 0 0 3 7 7 4  )
G_LOOP:  1  3  6   	7.797918e-01	( 1 1 0 6 6 7  )
G_LOOP:  1  4  6   	7.789870e-01	( 1 1 2 6 6 5  )
G_LOOP:  1  5  6   	7.798953e-01	( 1 1 3 6 6 4  )
G_LOOP:  1  6  6   	7.811710e-01	( 2 2 0 5 5 7  )
G_LOOP:  1  7  6   	7.788693e-01	( 2 2 1 5 5 6  )
G_LOOP:  1  8  6   	7.790855e-01	( 2 2 3 5 5 4  )
G_LOOP:  1  9  6   	7.786135e-01	( 3 3 0 4 4 7  )
G_LOOP:  1  10  6   	7.778524e-01	( 3 3 1 4 4 6  )
G_LOOP:  1  11  6   	7.774805e-01	( 3 3 2 4 4 5  )
G_LOOP:  2  0  6   	8.019648e-01	( 0 1 2 7 6 5  )
G_LOOP:  2  1  6   	7.998591e-01	( 0 1 5 7 6 2  )
G_LOOP:  2  2  6   	8.010110e-01	( 0 6 2 7 1 5  )
G_LOOP:  2  3  6   	8.008766e-01	( 0 6 5 7 1 2  )
G_LOOP:  2  4  6   	7.989684e-01	( 0 1 3 7 6 4  )
G_LOOP:  2  5  6   	8.012549e-01	( 0 1 4 7 6 3  )
G_LOOP:  2  6  6   	8.014239e-01	( 0 6 3 7 1 4  )
G_LOOP:  2  7  6   	8.007289e-01	( 0 6 4 7 1 3  )
G_LOOP:  2  8  6   	8.001080e-01	( 0 2 3 7 5 4  )
G_LOOP:  2  9  6   	7.986572e-01	( 0 2 4 7 5 3  )
G_LOOP:  2  10  6   	8.000785e-01	( 0 5 3 7 2 4  )
G_LOOP:  2  11  6   	8.015471e-01	( 0 5 4 7 2 3  )
G_LOOP:  2  12  6   	7.979940e-01	( 1 2 3 6 5 4  )
G_LOOP:  2  13  6   	8.004938e-01	( 1 2 4 6 5 3  )
G_LOOP:  2  14  6   	8.007870e-01	( 1 5 3 6 2 4  )
G_LOOP:  2  15  6   	7.999599e-01	( 1 5 4 6 2 3  )
GACTION: 6.328509e+00
CONGRAD5: time = 1.257417e+00 (fn F) masses = 1 iters = 521 mflops = 2.266322e+03
 OK converged final_rsq= 9.9e-11 (cf 1e-10) rel = 1 (cf 0) restarts = 2 iters= 521
CONGRAD5: time = 2.120590e-01 (fn F) masses = 1 iters = 86 mflops = 2.218221e+03
 OK converged final_rsq= 9.9e-11 (cf 1e-10) rel = 1 (cf 0) restarts = 1 iters= 86
PBP: mass 1.000000e-02     3.209968e-02  3.110463e-02  -3.629722e-03  -3.628703e-03 ( 1 of 1 )
FACTION: mass = 1.000000e-02,  1.499014e+00 ( 1 of 1 )
CONGRAD5: time = 1.235911e+00 (fn F) masses = 1 iters = 511 mflops = 2.261501e+03
 OK converged final_rsq= 5e-11 (cf 1e-10) rel = 1 (cf 0) restarts = 3 iters= 511
CONGRAD5: time = 2.312229e-01 (fn F) masses = 1 iters = 94 mflops = 2.223618e+03
 OK converged final_rsq= 9.7e-11 (cf 1e-10) rel = 1 (cf 0) restarts = 1 iters= 94
PBP: mass 1.000000e-02     3.053442e-02  3.192247e-02  -3.033902e-03  -3.035427e-03 ( 1 of 1 )
FACTION: mass = 1.000000e-02,  1.500351e+00 ( 1 of 1 )
CONGRAD5: time = 1.329260e+00 (fn F) masses = 1 iters = 552 mflops = 2.271393e+03
 OK converged final_rsq= 5e-11 (cf 1e-10) rel = 1 (cf 0) restarts = 3 iters= 552
CONGRAD5: time = 1.305633e+00 (fn F) masses = 1 iters = 541 mflops = 2.266414e+03
 OK converged final_rsq= 5e-11 (cf 1e-10) rel = 1 (cf 0) restarts = 3 iters= 541
GFTIME:   time = 2.616100e-01 (Symanzik1) mflops = 2.695013e+03
FFTIME:  time = 1.060047e+00 (asqtad3) terms = 2 mflops = 1.886449e+03
CONGRAD5: time = 1.318767e+00 (fn F) masses = 1 iters = 548 mflops = 2.272876e+03
 OK converged final_rsq= 1e-10 (cf 1e-10) rel = 1 (cf 0) restarts = 2 iters= 548
CONGRAD5: time = 1.323271e+00 (fn F) masses = 1 iters = 549 mflops = 2.269273e+03
 OK converged final_rsq= 5e-11 (cf 1e-10) rel = 1 (cf 0) restarts = 3 iters= 549
GFTIME:   time = 2.605050e-01 (Symanzik1) mflops = 2.706445e+03
FFTIME:  time = 1.061978e+00 (asqtad3) terms = 2 mflops = 1.883019e+03
CONGRAD5: time = 1.286748e+00 (fn F) masses = 1 iters = 534 mflops = 2.269922e+03
 OK converged final_rsq= 5e-11 (cf 1e-10) rel = 1 (cf 0) restarts = 3 iters= 534
CONGRAD5: time = 1.268242e+00 (fn F) masses = 1 iters = 526 mflops = 2.268542e+03
 OK converged final_rsq= 1e-10 (cf 1e-10) rel = 1 (cf 0) restarts = 2 iters= 526
GFTIME:   time = 2.604220e-01 (Symanzik1) mflops = 2.707308e+03
FFTIME:  time = 1.060438e+00 (asqtad3) terms = 2 mflops = 1.885754e+03
CONGRAD5: time = 1.308394e+00 (fn F) masses = 1 iters = 543 mflops = 2.269993e+03
 OK converged final_rsq= 5e-11 (cf 1e-10) rel = 1 (cf 0) restarts = 3 iters= 543
CONGRAD5: time = 1.290233e+00 (fn F) masses = 1 iters = 535 mflops = 2.268030e+03
 OK converged final_rsq= 5e-11 (cf 1e-10) rel = 1 (cf 0) restarts = 3 iters= 535
GFTIME:   time = 2.611670e-01 (Symanzik1) mflops = 2.699584e+03
FFTIME:  time = 1.060885e+00 (asqtad3) terms = 2 mflops = 1.884959e+03
CONGRAD5: time = 1.299837e+00 (fn F) masses = 1 iters = 540 mflops = 2.272312e+03
 OK converged final_rsq= 1e-10 (cf 1e-10) rel = 1 (cf 0) restarts = 2 iters= 540
CONGRAD5: time = 1.361861e+00 (fn F) masses = 1 iters = 566 mflops = 2.273248e+03
 OK converged final_rsq= 9.9e-11 (cf 1e-10) rel = 1 (cf 0) restarts = 2 iters= 566
GFTIME:   time = 2.613311e-01 (Symanzik1) mflops = 2.697890e+03
FFTIME:  time = 1.062967e+00 (asqtad3) terms = 2 mflops = 1.881267e+03
CONGRAD5: time = 1.322452e+00 (fn F) masses = 1 iters = 549 mflops = 2.270679e+03
 OK converged final_rsq= 5e-11 (cf 1e-10) rel = 1 (cf 0) restarts = 3 iters= 549
CONGRAD5: time = 1.282301e+00 (fn F) masses = 1 iters = 533 mflops = 2.273529e+03
 OK converged final_rsq= 1e-10 (cf 1e-10) rel = 1 (cf 0) restarts = 2 iters= 533
GFTIME:   time = 2.607090e-01 (Symanzik1) mflops = 2.704327e+03
FFTIME:  time = 1.061611e+00 (asqtad3) terms = 2 mflops = 1.883670e+03
CONGRAD5: time = 1.302977e+00 (fn F) masses = 1 iters = 541 mflops = 2.271034e+03
 OK converged final_rsq= 5e-11 (cf 1e-10) rel = 1 (cf 0) restarts = 3 iters= 541
CONGRAD5: time = 1.236987e+00 (fn F) masses = 1 iters = 513 mflops = 2.268378e+03
 OK converged final_rsq= 5e-11 (cf 1e-10) rel = 1 (cf 0) restarts = 3 iters= 513
GFTIME:   time = 2.603080e-01 (Symanzik1) mflops = 2.708493e+03
FFTIME:  time = 1.059820e+00 (asqtad3) terms = 2 mflops = 1.886853e+03
CONGRAD5: time = 1.263564e+00 (fn F) masses = 1 iters = 524 mflops = 2.268283e+03
 OK converged final_rsq= 5e-11 (cf 1e-10) rel = 1 (cf 0) restarts = 3 iters= 524
CONGRAD5: time = 1.289813e+00 (fn F) masses = 1 iters = 536 mflops = 2.273010e+03
 OK converged final_rsq= 9.9e-11 (cf 1e-10) rel = 1 (cf 0) restarts = 2 iters= 536
GFTIME:   time = 2.628000e-01 (Symanzik1) mflops = 2.682810e+03
FFTIME:  time = 1.061399e+00 (asqtad3) terms = 2 mflops = 1.884046e+03
CONGRAD5: time = 1.300285e+00 (fn F) masses = 1 iters = 539 mflops = 2.267323e+03
 OK converged final_rsq= 5e-11 (cf 1e-10) rel = 1 (cf 0) restarts = 3 iters= 539
CONGRAD5: time = 1.325317e+00 (fn F) masses = 1 iters = 551 mflops = 2.274024e+03
 OK converged final_rsq= 1e-10 (cf 1e-10) rel = 1 (cf 0) restarts = 2 iters= 551
GFTIME:   time = 2.614231e-01 (Symanzik1) mflops = 2.696940e+03
FFTIME:  time = 1.059399e+00 (asqtad3) terms = 2 mflops = 1.887603e+03
CONGRAD5: time = 1.370927e+00 (fn F) masses = 1 iters = 569 mflops = 2.270185e+03
 OK converged final_rsq= 1e-10 (cf 1e-10) rel = 1 (cf 0) restarts = 2 iters= 569
CONGRAD5: time = 1.336063e+00 (fn F) masses = 1 iters = 555 mflops = 2.272110e+03
 OK converged final_rsq= 1e-10 (cf 1e-10) rel = 1 (cf 0) restarts = 2 iters= 555
GFTIME:   time = 2.609432e-01 (Symanzik1) mflops = 2.701900e+03
FFTIME:  time = 1.058803e+00 (asqtad3) terms = 2 mflops = 1.888666e+03
CONGRAD5: time = 1.348682e+00 (fn F) masses = 1 iters = 560 mflops = 2.271128e+03
 OK converged final_rsq= 9.9e-11 (cf 1e-10) rel = 1 (cf 0) restarts = 2 iters= 560
CONGRAD5: time = 1.329460e+00 (fn F) masses = 1 iters = 552 mflops = 2.271051e+03
 OK converged final_rsq= 9.9e-11 (cf 1e-10) rel = 1 (cf 0) restarts = 2 iters= 552
GFTIME:   time = 2.608380e-01 (Symanzik1) mflops = 2.702989e+03
FFTIME:  time = 1.058699e+00 (asqtad3) terms = 2 mflops = 1.888851e+03
CONGRAD5: time = 1.371451e+00 (fn F) masses = 1 iters = 570 mflops = 2.273305e+03
 OK converged final_rsq= 1e-10 (cf 1e-10) rel = 1 (cf 0) restarts = 2 iters= 570
CONGRAD5: time = 1.366869e+00 (fn F) masses = 1 iters = 568 mflops = 2.272922e+03
 OK converged final_rsq= 9.9e-11 (cf 1e-10) rel = 1 (cf 0) restarts = 2 iters= 568
GFTIME:   time = 2.608249e-01 (Symanzik1) mflops = 2.703125e+03
FFTIME:  time = 1.060570e+00 (asqtad3) terms = 2 mflops = 1.885519e+03
CONGRAD5: time = 1.346149e+00 (fn F) masses = 1 iters = 560 mflops = 2.275402e+03
 OK converged final_rsq= 9.9e-11 (cf 1e-10) rel = 1 (cf 0) restarts = 2 iters= 560
CONGRAD5: time = 1.339331e+00 (fn F) masses = 1 iters = 556 mflops = 2.270649e+03
 OK converged final_rsq= 5e-11 (cf 1e-10) rel = 1 (cf 0) restarts = 3 iters= 556
GFTIME:   time = 2.630351e-01 (Symanzik1) mflops = 2.680412e+03
FFTIME:  time = 1.062551e+00 (asqtad3) terms = 2 mflops = 1.882003e+03
CONGRAD5: time = 1.383855e+00 (fn F) masses = 1 iters = 575 mflops = 2.272692e+03
 OK converged final_rsq= 9.9e-11 (cf 1e-10) rel = 1 (cf 0) restarts = 2 iters= 575
CONGRAD5: time = 1.371021e+00 (fn F) masses = 1 iters = 569 mflops = 2.270029e+03
 OK converged final_rsq= 5e-11 (cf 1e-10) rel = 1 (cf 0) restarts = 3 iters= 569
GFTIME:   time = 2.607980e-01 (Symanzik1) mflops = 2.703405e+03
FFTIME:  time = 1.059323e+00 (asqtad3) terms = 2 mflops = 1.887738e+03
CONGRAD5: time = 1.408837e+00 (fn F) masses = 1 iters = 585 mflops = 2.271216e+03
 OK converged final_rsq= 5e-11 (cf 1e-10) rel = 1 (cf 0) restarts = 3 iters= 585
CONGRAD5: time = 1.363661e+00 (fn F) masses = 1 iters = 567 mflops = 2.274258e+03
 OK converged final_rsq= 9.9e-11 (cf 1e-10) rel = 1 (cf 0) restarts = 2 iters= 567
GFTIME:   time = 2.604899e-01 (Symanzik1) mflops = 2.706601e+03
FFTIME:  time = 1.060124e+00 (asqtad3) terms = 2 mflops = 1.886312e+03
PLAQ:	1.499346	1.498887
P_LOOP:	1.475827e-03	3.048037e-03
G_LOOP:  0  0  4   	1.499731e+00	( 0 1 7 6  )
G_LOOP:  0  1  4   	1.500096e+00	( 0 2 7 5  )
G_LOOP:  0  2  4   	1.499481e+00	( 0 3 7 4  )
G_LOOP:  0  3  4   	1.498211e+00	( 1 2 6 5  )
G_LOOP:  0  4  4   	1.498260e+00	( 1 3 6 4  )
G_LOOP:  0  5  4   	1.498918e+00	( 2 3 5 4  )
G_LOOP:  1  0  6   	7.412540e-01	( 0 0 1 7 7 6  )
G_LOOP:  1  1  6   	7.420989e-01	( 0 0 2 7 7 5  )
G_LOOP:  1  2  6   	7.440799e-01	( 0 0 3 7 7 4  )
G_LOOP:  1  3  6   	7.417077e-01	( 1 1 0 6 6 7  )
G_LOOP:  1  4  6   	7.403071e-01	( 1 1 2 6 6 5  )
G_LOOP:  1  5  6   	7.414829e-01	( 1 1 3 6 6 4  )
G_LOOP:  1  6  6   	7.427872e-01	( 2 2 0 5 5 7  )
G_LOOP:  1  7  6   	7.399190e-01	( 2 2 1 5 5 6  )
G_LOOP:  1  8  6   	7.433741e-01	( 2 2 3 5 5 4  )
G_LOOP:  1  9  6   	7.415326e-01	( 3 3 0 4 4 7  )
G_LOOP:  1  10  6   	7.409307e-01	( 3 3 1 4 4 6  )
G_LOOP:  1  11  6   	7.392474e-01	( 3 3 2 4 4 5  )
G_LOOP:  2  0  6   	7.593857e-01	( 0 1 2 7 6 5  )
G_LOOP:  2  1  6   	7.592458e-01	( 0 1 5 7 6 2  )
G_LOOP:  2  2  6   	7.601731e-01	( 0 6 2 7 1 5  )
G_LOOP:  2  3  6   	7.597434e-01	( 0 6 5 7 1 2  )
G_LOOP:  2  4  6   	7.597432e-01	( 0 1 3 7 6 4  )
G_LOOP:  2  5  6   	7.613752e-01	( 0 1 4 7 6 3  )
G_LOOP:  2  6  6   	7.610183e-01	( 0 6 3 7 1 4  )
G_LOOP:  2  7  6   	7.600840e-01	( 0 6 4 7 1 3  )
G_LOOP:  2  8  6   	7.599640e-01	( 0 2 3 7 5 4  )
G_LOOP:  2  9  6   	7.604247e-01	( 0 2 4 7 5 3  )
G_LOOP:  2  10  6   	7.587320e-01	( 0 5 3 7 2 4  )
G_LOOP:  2  11  6   	7.612433e-01	( 0 5 4 7 2 3  )
G_LOOP:  2  12  6   	7.569032e-01	( 1 2 3 6 5 4  )
G_LOOP:  2  13  6   	7.588589e-01	( 1 2 4 6 5 3  )
G_LOOP:  2  14  6   	7.598393e-01	( 1 5 3 6 2 4  )
G_LOOP:  2  15  6   	7.603634e-01	( 1 5 4 6 2 3  )
GACTION: 6.531961e+00
CONGRAD5: time = 1.312117e+00 (fn F) masses = 1 iters = 544 mflops = 2.267720e+03
 OK converged final_rsq= 5e-11 (cf 1e-10) rel = 1 (cf 0) restarts = 3 iters= 544
CONGRAD5: time = 1.879721e-01 (fn F) masses = 1 iters = 76 mflops = 2.211482e+03
 OK converged final_rsq= 9.9e-11 (cf 1e-10) rel = 1 (cf 0) restarts = 1 iters= 76
PBP: mass 1.000000e-02     3.015275e-02  3.751743e-02  -3.762784e-03  -3.762753e-03 ( 1 of 1 )
FACTION: mass = 1.000000e-02,  1.500049e+00 ( 1 of 1 )
CONGRAD5: time = 1.288193e+00 (fn F) masses = 1 iters = 534 mflops = 2.267376e+03
 OK converged final_rsq= 5e-11 (cf 1e-10) rel = 1 (cf 0) restarts = 3 iters= 534
CONGRAD5: time = 1.930370e-01 (fn F) masses = 1 iters = 78 mflops = 2.210127e+03
 OK converged final_rsq= 1e-10 (cf 1e-10) rel = 1 (cf 0) restarts = 1 iters= 78
PBP: mass 1.000000e-02     3.386302e-02  3.333898e-02  4.293701e-03  4.295675e-03 ( 1 of 1 )
FACTION: mass = 1.000000e-02,  1.503952e+00 ( 1 of 1 )
CONGRAD5: time = 1.397687e+00 (fn F) masses = 1 iters = 581 mflops = 2.273680e+03
 OK converged final_rsq= 9.9e-11 (cf 1e-10) rel = 1 (cf 0) restarts = 2 iters= 581
CONGRAD5: time = 1.301100e+00 (fn F) masses = 1 iters = 541 mflops = 2.274311e+03
 OK converged final_rsq= 9.9e-11 (cf 1e-10) rel = 1 (cf 0) restarts = 2 iters= 541
GFTIME:   time = 2.603960e-01 (Symanzik1) mflops = 2.707578e+03
FFTIME:  time = 1.061010e+00 (asqtad3) terms = 2 mflops = 1.884737e+03
CONGRAD5: time = 1.312728e+00 (fn F) masses = 1 iters = 545 mflops = 2.270832e+03
 OK converged final_rsq= 1e-10 (cf 1e-10) rel = 1 (cf 0) restarts = 2 iters= 545
CONGRAD5: time = 1.373930e+00 (fn F) masses = 1 iters = 570 mflops = 2.269204e+03
 OK converged final_rsq= 5e-11 (cf 1e-10) rel = 1 (cf 0) restarts = 3 iters= 570
GFTIME:   time = 2.596550e-01 (Symanzik1) mflops = 2.715305e+03
FFTIME:  time = 1.059726e+00 (asqtad3) terms = 2 mflops = 1.887020e+03
CONGRAD5: time = 1.394437e+00 (fn F) masses = 1 iters = 578 mflops = 2.267212e+03
 OK converged final_rsq= 5e-11 (cf 1e-10) rel = 1 (cf 0) restarts = 3 iters= 578
CONGRAD5: time = 1.345776e+00 (fn F) masses = 1 iters = 558 mflops = 2.267904e+03
 OK converged final_rsq= 5e-11 (cf 1e-10) rel = 1 (cf 0) restarts = 3 iters= 558
GFTIME:   time = 2.610340e-01 (Symanzik1) mflops = 2.700960e+03
FFTIME:  time = 1.060351e+00 (asqtad3) terms = 2 mflops = 1.885908e+03
CONGRAD5: time = 1.409139e+00 (fn F) masses = 1 iters = 586 mflops = 2.274610e+03
 OK converged final_rsq= 9.9e-11 (cf 1e-10) rel = 1 (cf 0) restarts = 2 iters= 586
CONGRAD5: time = 1.349022e+00 (fn F) masses = 1 iters = 561 mflops = 2.274611e+03
 OK converged final_rsq= 1e-10 (cf 1e-10) rel = 1 (cf 0) restarts = 2 iters= 561
GFTIME:   time = 2.607908e-01 (Symanzik1) mflops = 2.703479e+03
FFTIME:  time = 1.060394e+00 (asqtad3) terms = 2 mflops = 1.885832e+03
CONGRAD5: time = 1.396201e+00 (fn F) masses = 1 iters = 581 mflops = 2.276100e+03
 OK converged final_rsq= 9.8e-11 (cf 1e-10) rel = 1 (cf 0) restarts = 2 iters= 581
CONGRAD5: time = 1.377890e+00 (fn F) masses = 1 iters = 573 mflops = 2.274591e+03
 OK converged final_rsq= 9.9e-11 (cf 1e-10) rel = 1 (cf 0) restarts = 2 iters= 573
GFTIME:   time = 2.598560e-01 (Symanzik1) mflops = 2.713205e+03
FFTIME:  time = 1.059830e+00 (asqtad3) terms = 2 mflops = 1.886835e+03
CONGRAD5: time = 1.413484e+00 (fn F) masses = 1 iters = 588 mflops = 2.275357e+03
 OK converged final_rsq= 1e-10 (cf 1e-10) rel = 1 (cf 0) restarts = 2 iters= 588
CONGRAD5: time = 1.423952e+00 (fn F) masses = 1 iters = 592 mflops = 2.273995e+03
 OK converged final_rsq= 9.7e-11 (cf 1e-10) rel = 1 (cf 0) restarts = 2 iters= 592
GFTIME:   time = 2.610049e-01 (Symanzik1) mflops = 2.701261e+03
FFTIME:  time = 1.058340e+00 (asqtad3) terms = 2 mflops = 1.889491e+03
CONGRAD5: time = 1.413721e+00 (fn F) masses = 1 iters = 588 mflops = 2.274976e+03
 OK converged final_rsq= 9.8e-11 (cf 1e-10) rel = 1 (cf 0) restarts = 2 iters= 588
CONGRAD5: time = 1.401268e+00 (fn F) masses = 1 iters = 582 mflops = 2.271773e+03
 OK converged final_rsq= 9.8e-11 (cf 1e-10) rel = 1 (cf 0) restarts = 2 iters= 582
GFTIME:   time = 2.601221e-01 (Symanzik1) mflops = 2.710429e+03
FFTIME:  time = 1.060469e+00 (asqtad3) terms = 2 mflops = 1.885698e+03
CONGRAD5: time = 1.369734e+00 (fn F) masses = 1 iters = 570 mflops = 2.276155e+03
 OK converged final_rsq= 1e-10 (cf 1e-10) rel = 1 (cf 0) restarts = 2 iters= 570
CONGRAD5: time = 1.345007e+00 (fn F) masses = 1 iters = 558 mflops = 2.269200e+03
 OK converged final_rsq= 5e-11 (cf 1e-10) rel = 1 (cf 0) restarts = 3 iters= 558
GFTIME:   time = 2.621140e-01 (Symanzik1) mflops = 2.689831e+03
FFTIME:  time = 1.059395e+00 (asqtad3) terms = 2 mflops = 1.887610e+03
CONGRAD5: time = 1.411909e+00 (fn F) masses = 1 iters = 586 mflops = 2.270148e+03
 OK converged final_rsq= 5e-11 (cf 1e-10) rel = 1 (cf 0) restarts = 3 iters= 586
CONGRAD5: time = 1.308604e+00 (fn F) masses = 1 iters = 544 mflops = 2.273808e+03
 OK converged final_rsq= 9.9e-11 (cf 1e-10) rel = 1 (cf 0) restarts = 2 iters= 544
GFTIME:   time = 2.600040e-01 (Symanzik1) mflops = 2.711659e+03
FFTIME:  time = 1.059862e+00 (asqtad3) terms = 2 mflops = 1.886778e+03
CONGRAD5: time = 1.394318e+00 (fn F) masses = 1 iters = 580 mflops = 2.275251e+03
 OK converged final_rsq= 9.9e-11 (cf 1e-10) rel = 1 (cf 0) restarts = 2 iters= 580
CONGRAD5: time = 1.397423e+00 (fn F) masses = 1 iters = 580 mflops = 2.270196e+03
 OK converged final_rsq= 5e-11 (cf 1e-10) rel = 1 (cf 0) restarts = 3 iters= 580
GFTIME:   time = 2.609761e-01 (Symanzik1) mflops = 2.701560e+03
FFTIME:  time = 1.060679e+00 (asqtad3) terms = 2 mflops = 1.885325e+03
CONGRAD5: time = 1.427528e+00 (fn F) masses = 1 iters = 593 mflops = 2.272131e+03
 OK converged final_rsq= 5e-11 (cf 1e-10) rel = 1 (cf 0) restarts = 3 iters= 593
CONGRAD5: time = 1.399027e+00 (fn F) masses = 1 iters = 582 mflops = 2.275412e+03
 OK converged final_rsq= 9.8e-11 (cf 1e-10) rel = 1 (cf 0) restarts = 2 iters= 582
GFTIME:   time = 2.602060e-01 (Symanzik1) mflops = 2.709555e+03
FFTIME:  time = 1.059619e+00 (asqtad3) terms = 2 mflops = 1.887211e+03
CONGRAD5: time = 1.409379e+00 (fn F) masses = 1 iters = 586 mflops = 2.274223e+03
 OK converged final_rsq= 1e-10 (cf 1e-10) rel = 1 (cf 0) restarts = 2 iters= 586
CONGRAD5: time = 1.351610e+00 (fn F) masses = 1 iters = 561 mflops = 2.270255e+03
 OK converged final_rsq= 5e-11 (cf 1e-10) rel = 1 (cf 0) restarts = 3 iters= 561
GFTIME:   time = 2.606540e-01 (Symanzik1) mflops = 2.704898e+03
FFTIME:  time = 1.060801e+00 (asqtad3) terms = 2 mflops = 1.885108e+03
CONGRAD5: time = 1.419226e+00 (fn F) masses = 1 iters = 589 mflops = 2.270006e+03
 OK converged final_rsq= 5e-11 (cf 1e-10) rel = 1 (cf 0) restarts = 3 iters= 589
CONGRAD5: time = 1.400217e+00 (fn F) masses = 1 iters = 582 mflops = 2.273479e+03
 OK converged final_rsq= 9.9e-11 (cf 1e-10) rel = 1 (cf 0) restarts = 2 iters= 582
GFTIME:   time = 2.613220e-01 (Symanzik1) mflops = 2.697983e+03
FFTIME:  time = 1.060725e+00 (asqtad3) terms = 2 mflops = 1.885243e+03
CONGRAD5: time = 1.432244e+00 (fn F) masses = 1 iters = 595 mflops = 2.272287e+03
 OK converged final_rsq= 5e-11 (cf 1e-10) rel = 1 (cf 0) restarts = 3 iters= 595
CONGRAD5: time = 1.402985e+00 (fn F) masses = 1 iters = 583 mflops = 2.272891e+03
 OK converged final_rsq= 9.9e-11 (cf 1e-10) rel = 1 (cf 0) restarts = 2 iters= 583
GFTIME:   time = 2.610259e-01 (Symanzik1) mflops = 2.701044e+03
FFTIME:  time = 1.060405e+00 (asqtad3) terms = 2 mflops = 1.885812e+03
CONGRAD5: time = 1.428516e+00 (fn F) masses = 1 iters = 594 mflops = 2.274388e+03
 OK converged final_rsq= 9.6e-11 (cf 1e-10) rel = 1 (cf 0) restarts = 2 iters= 594
CONGRAD5: time = 1.391666e+00 (fn F) masses = 1 iters = 578 mflops = 2.271726e+03
 OK converged final_rsq= 9.9e-11 (cf 1e-10) rel = 1 (cf 0) restarts = 2 iters= 578
GFTIME:   time = 2.602460e-01 (Symanzik1) mflops = 2.709138e+03
FFTIME:  time = 1.059756e+00 (asqtad3) terms = 2 mflops = 1.886967e+03
PLAQ:	1.476639	1.476475
P_LOOP:	1.377144e-02	1.574234e-02
G_LOOP:  0  0  4   	1.476695e+00	( 0 1 7 6  )
G_LOOP:  0  1  4   	1.477048e+00	( 0 2 7 5  )
G_LOOP:  0  2  4   	1.477118e+00	( 0 3 7 4  )
G_LOOP:  0  3  4   	1.476175e+00	( 1 2 6 5  )
G_LOOP:  0  4  4   	1.476591e+00	( 1 3 6 4  )
G_LOOP:  0  5  4   	1.475717e+00	( 2 3 5 4  )
G_LOOP:  1  0  6   	7.180612e-01	( 0 0 1 7 7 6  )
G_LOOP:  1  1  6   	7.197274e-01	( 0 0 2 7 7 5  )
G_LOOP:  1  2  6   	7.203608e-01	( 0 0 3 7 7 4  )
G_LOOP:  1  3  6   	7.195646e-01	( 1 1 0 6 6 7  )
G_LOOP:  1  4  6   	7.170895e-01	( 1 1 2 6 6 5  )
G_LOOP:  1  5  6   	7.191544e-01	( 1 1 3 6 6 4  )
G_LOOP:  1  6  6   	7.192377e-01	( 2 2 0 5 5 7  )
G_LOOP:  1  7  6   	7.177831e-01	( 2 2 1 5 5 6  )
G_LOOP:  1  8  6   	7.167417e-01	( 2 2 3 5 5 4  )
G_LOOP:  1  9  6   	7.187415e-01	( 3 3 0 4 4 7  )
G_LOOP:  1  10  6   	7.174837e-01	( 3 3 1 4 4 6  )
G_LOOP:  1  11  6   	7.166978e-01	( 3 3 2 4 4 5  )
G_LOOP:  2  0  6   	7.330360e-01	( 0 1 2 7 6 5  )
G_LOOP:  2  1  6   	7.347486e-01	( 0 1 5 7 6 2  )
G_LOOP:  2  2  6   	7.326350e-01	( 0 6 2 7 1 5  )
G_LOOP:  2  3  6   	7.367276e-01	( 0 6 5 7 1 2  )
G_LOOP:  2  4  6   	7.346521e-01	( 0 1 3 7 6 4  )
G_LOOP:  2  5  6   	7.359249e-01	( 0 1 4 7 6 3  )
G_LOOP:  2  6  6   	7.360551e-01	( 0 6 3 7 1 4  )
G_LOOP:  2  7  6   	7.351101e-01	( 0 6 4 7 1 3  )
G_LOOP:  2  8  6   	7.357188e-01	( 0 2 3 7 5 4  )
G_LOOP:  2  9  6   	7.354219e-01	( 0 2 4 7 5 3  )
G_LOOP:  2  10  6   	7.344923e-01	( 0 5 3 7 2 4  )
G_LOOP:  2  11  6   	7.363205e-01	( 0 5 4 7 2 3  )
G_LOOP:  2  12  6   	7.342529e-01	( 1 2 3 6 5 4  )
G_LOOP:  2  13  6   	7.338519e-01	( 1 2 4 6 5 3  )
G_LOOP:  2  14  6   	7.347400e-01	( 1 5 3 6 2 4  )
G_LOOP:  2  15  6   	7.339135e-01	( 1 5 4 6 2 3  )
GACTION: 6.641611e+00
CONGRAD5: time = 1.384875e+00 (fn F) masses = 1 iters = 575 mflops = 2.271018e+03
 OK converged final_rsq= 9.9e-11 (cf 1e-10) rel = 1 (cf 0) restarts = 2 iters= 575
CONGRAD5: time = 1.780159e-01 (fn F) masses = 1 iters = 72 mflops = 2.212263e+03
 OK converged final_rsq= 9.8e-11 (cf 1e-10) rel = 1 (cf 0) restarts = 1 iters= 72
PBP: mass 1.000000e-02     4.208745e-02  3.290157e-02  4.040550e-03  4.041835e-03 ( 1 of 1 )
FACTION: mass = 1.000000e-02,  1.503426e+00 ( 1 of 1 )
CONGRAD5: time = 1.407209e+00 (fn F) masses = 1 iters = 583 mflops = 2.266069e+03
 OK converged final_rsq= 1e-10 (cf 1e-10) rel = 1 (cf 0) restarts = 2 iters= 583
CONGRAD5: time = 1.758370e-01 (fn F) masses = 1 iters = 71 mflops = 2.208570e+03
 OK converged final_rsq= 1e-10 (cf 1e-10) rel = 1 (cf 0) restarts = 1 iters= 71
PBP: mass 1.000000e-02     3.538381e-02  4.134572e-02  4.237543e-04  4.222516e-04 ( 1 of 1 )
FACTION: mass = 1.000000e-02,  1.501491e+00 ( 1 of 1 )
CONGRAD5: time = 1.433458e+00 (fn F) masses = 1 iters = 596 mflops = 2.274178e+03
 OK converged final_rsq= 9.9e-11 (cf 1e-10) rel = 1 (cf 0) restarts = 2 iters= 596
CONGRAD5: time = 1.419273e+00 (fn F) masses = 1 iters = 590 mflops = 2.273784e+03
 OK converged final_rsq= 9.7e-11 (cf 1e-10) rel = 1 (cf 0) restarts = 2 iters= 590
GFTIME:   time = 2.608221e-01 (Symanzik1) mflops = 2.703155e+03
FFTIME:  time = 1.058910e+00 (asqtad3) terms = 2 mflops = 1.888474e+03
CONGRAD5: time = 1.406598e+00 (fn F) masses = 1 iters = 585 mflops = 2.274830e+03
 OK converged final_rsq= 9.8e-11 (cf 1e-10) rel = 1 (cf 0) restarts = 2 iters= 585
CONGRAD5: time = 1.376222e+00 (fn F) masses = 1 iters = 572 mflops = 2.273373e+03
 OK converged final_rsq= 9.9e-11 (cf 1e-10) rel = 1 (cf 0) restarts = 2 iters= 572
GFTIME:   time = 2.608058e-01 (Symanzik1) mflops = 2.703323e+03
FFTIME:  time = 1.061281e+00 (asqtad3) terms = 2 mflops = 1.884256e+03
CONGRAD5: time = 1.427126e+00 (fn F) masses = 1 iters = 593 mflops = 2.272771e+03
 OK converged final_rsq= 5e-11 (cf 1e-10) rel = 1 (cf 0) restarts = 3 iters= 593
CONGRAD5: time = 1.407296e+00 (fn F) masses = 1 iters = 585 mflops = 2.273702e+03
 OK converged final_rsq= 9.9e-11 (cf 1e-10) rel = 1 (cf 0) restarts = 2 iters= 585
GFTIME:   time = 2.607660e-01 (Symanzik1) mflops = 2.703736e+03
FFTIME:  time = 1.058348e+00 (asqtad3) terms = 2 mflops = 1.889477e+03
CONGRAD5: time = 1.439339e+00 (fn F) masses = 1 iters = 598 mflops = 2.272486e+03
 OK converged final_rsq= 4.9e-11 (cf 1e-10) rel = 1 (cf 0) restarts = 3 iters= 598
CONGRAD5: time = 1.377149e+00 (fn F) masses = 1 iters = 571 mflops = 2.267871e+03
 OK converged final_rsq= 5e-11 (cf 1e-10) rel = 1 (cf 0) restarts = 3 iters= 571
GFTIME:   time = 2.593470e-01 (Symanzik1) mflops = 2.718530e+03
FFTIME:  time = 1.058687e+00 (asqtad3) terms = 2 mflops = 1.888872e+03
CONGRAD5: time = 1.410408e+00 (fn F) masses = 1 iters = 586 mflops = 2.272564e+03
 OK converged final_rsq= 5e-11 (cf 1e-10) rel = 1 (cf 0) restarts = 3 iters= 586
CONGRAD5: time = 1.399232e+00 (fn F) masses = 1 iters = 581 mflops = 2.271170e+03
 OK converged final_rsq= 4.9e-11 (cf 1e-10) rel = 1 (cf 0) restarts = 3 iters= 581
GFTIME:   time = 2.610559e-01 (Symanzik1) mflops = 2.700733e+03
FFTIME:  time = 1.057790e+00 (asqtad3) terms = 2 mflops = 1.890474e+03
CONGRAD5: time = 1.433937e+00 (fn F) masses = 1 iters = 596 mflops = 2.273419e+03
 OK converged final_rsq= 5e-11 (cf 1e-10) rel = 1 (cf 0) restarts = 3 iters= 596
CONGRAD5: time = 1.390780e+00 (fn F) masses = 1 iters = 578 mflops = 2.273173e+03
 OK converged final_rsq= 9.9e-11 (cf 1e-10) rel = 1 (cf 0) restarts = 2 iters= 578
GFTIME:   time = 2.605839e-01 (Symanzik1) mflops = 2.705626e+03
FFTIME:  time = 1.058139e+00 (asqtad3) terms = 2 mflops = 1.889850e+03
CONGRAD5: time = 1.393960e+00 (fn F) masses = 1 iters = 579 mflops = 2.271912e+03
 OK converged final_rsq= 5e-11 (cf 1e-10) rel = 1 (cf 0) restarts = 3 iters= 579
CONGRAD5: time = 1.373135e+00 (fn F) masses = 1 iters = 571 mflops = 2.274500e+03
 OK converged final_rsq= 9.9e-11 (cf 1e-10) rel = 1 (cf 0) restarts = 2 iters= 571
GFTIME:   time = 2.603760e-01 (Symanzik1) mflops = 2.707786e+03
FFTIME:  time = 1.061208e+00 (asqtad3) terms = 2 mflops = 1.884385e+03
CONGRAD5: time = 1.417327e+00 (fn F) masses = 1 iters = 589 mflops = 2.273047e+03
 OK converged final_rsq= 9.9e-11 (cf 1e-10) rel = 1 (cf 0) restarts = 2 iters= 589
CONGRAD5: time = 1.430272e+00 (fn F) masses = 1 iters = 594 mflops = 2.271596e+03
 OK converged final_rsq= 5e-11 (cf 1e-10) rel = 1 (cf 0) restarts = 3 iters= 594
GFTIME:   time = 2.616301e-01 (Symanzik1) mflops = 2.694807e+03
FFTIME:  time = 1.059280e+00 (asqtad3) terms = 2 mflops = 1.887815e+03
CONGRAD5: time = 1.430137e+00 (fn F) masses = 1 iters = 595 mflops = 2.275635e+03
 OK converged final_rsq= 1e-10 (cf 1e-10) rel = 1 (cf 0) restarts = 2 iters= 595
CONGRAD5: time = 1.406998e+00 (fn F) masses = 1 iters = 585 mflops = 2.274184e+03
 OK converged final_rsq= 9.9e-11 (cf 1e-10) rel = 1 (cf 0) restarts = 2 iters= 585
GFTIME:   time = 2.600460e-01 (Symanzik1) mflops = 2.711222e+03
FFTIME:  time = 1.059653e+00 (asqtad3) terms = 2 mflops = 1.887150e+03
CONGRAD5: time = 1.419458e+00 (fn F) masses = 1 iters = 591 mflops = 2.277341e+03
 OK converged final_rsq= 9.7e-11 (cf 1e-10) rel = 1 (cf 0) restarts = 2 iters= 591
CONGRAD5: time = 1.427599e+00 (fn F) masses = 1 iters = 594 mflops = 2.275849e+03
 OK converged final_rsq= 9.8e-11 (cf 1e-10) rel = 1 (cf 0) restarts = 2 iters= 594
GFTIME:   time = 2.604980e-01 (Symanzik1) mflops = 2.706517e+03
FFTIME:  time = 1.060485e+00 (asqtad3) terms = 2 mflops = 1.885670e+03
CONGRAD5: time = 1.420182e+00 (fn F) masses = 1 iters = 590 mflops = 2.272329e+03
 OK converged final_rsq= 9.9e-11 (cf 1e-10) rel = 1 (cf 0) restarts = 2 iters= 590
CONGRAD5: time = 1.415885e+00 (fn F) masses = 1 iters = 588 mflops = 2.271499e+03
 OK converged final_rsq= 9.9e-11 (cf 1e-10) rel = 1 (cf 0) restarts = 2 iters= 588
GFTIME:   time = 2.607951e-01 (Symanzik1) mflops = 2.703434e+03
FFTIME:  time = 1.061277e+00 (asqtad3) terms = 2 mflops = 1.884262e+03
CONGRAD5: time = 1.435884e+00 (fn F) masses = 1 iters = 597 mflops = 2.274145e+03
 OK converged final_rsq= 1e-10 (cf 1e-10) rel = 1 (cf 0) restarts = 2 iters= 597
CONGRAD5: time = 1.431757e+00 (fn F) masses = 1 iters = 595 mflops = 2.273059e+03
 OK converged final_rsq= 1e-10 (cf 1e-10) rel = 1 (cf 0) restarts = 2 iters= 595
GFTIME:   time = 2.605772e-01 (Symanzik1) mflops = 2.705695e+03
FFTIME:  time = 1.060743e+00 (asqtad3) terms = 2 mflops = 1.885211e+03
CONGRAD5: time = 1.437805e+00 (fn F) masses = 1 iters = 598 mflops = 2.274911e+03
 OK converged final_rsq= 9.7e-11 (cf 1e-10) rel = 1 (cf 0) restarts = 2 iters= 598
CONGRAD5: time = 1.422848e+00 (fn F) masses = 1 iters = 591 mflops = 2.271915e+03
 OK converged final_rsq= 1e-10 (cf 1e-10) rel = 1 (cf 0) restarts = 2 iters= 591
GFTIME:   time = 2.607520e-01 (Symanzik1) mflops = 2.703882e+03
FFTIME:  time = 1.061134e+00 (asqtad3) terms = 2 mflops = 1.884516e+03
CONGRAD5: time = 1.441150e+00 (fn F) masses = 1 iters = 599 mflops = 2.273426e+03
 OK converged final_rsq= 4.9e-11 (cf 1e-10) rel = 1 (cf 0) restarts = 3 iters= 599
CONGRAD5: time = 1.424038e+00 (fn F) masses = 1 iters = 592 mflops = 2.273858e+03
 OK converged final_rsq= 9.8e-11 (cf 1e-10) rel = 1 (cf 0) restarts = 2 iters= 592
GFTIME:   time = 2.610860e-01 (Symanzik1) mflops = 2.700422e+03
FFTIME:  time = 1.061019e+00 (asqtad3) terms = 2 mflops = 1.884720e+03
CONGRAD5: time = 1.441288e+00 (fn F) masses = 1 iters = 599 mflops = 2.273208e+03
 OK converged final_rsq= 9.5e-11 (cf 1e-10) rel = 1 (cf 0) restarts = 2 iters= 599
CONGRAD5: time = 1.426955e+00 (fn F) masses = 1 iters = 593 mflops = 2.273043e+03
 OK converged final_rsq= 9.7e-11 (cf 1e-10) rel = 1 (cf 0) restarts = 2 iters= 593
GFTIME:   time = 2.613859e-01 (Symanzik1) mflops = 2.697324e+03
FFTIME:  time = 1.058532e+00 (asqtad3) terms = 2 mflops = 1.889149e+03
PLAQ:	1.460479	1.460850
P_LOOP:	-1.388158e-02	-4.980929e-03
G_LOOP:  0  0  4   	1.461026e+00	( 0 1 7 6  )
G_LOOP:  0  1  4   	1.461643e+00	( 0 2 7 5  )
G_LOOP:  0  2  4   	1.462567e+00	( 0 3 7 4  )
G_LOOP:  0  3  4   	1.458769e+00	( 1 2 6 5  )
G_LOOP:  0  4  4   	1.459727e+00	( 1 3 6 4  )
G_LOOP:  0  5  4   	1.460255e+00	( 2 3 5 4  )
G_LOOP:  1  0  6   	7.016568e-01	( 0 0 1 7 7 6  )
G_LOOP:  1  1  6   	7.043134e-01	( 0 0 2 7 7 5  )
G_LOOP:  1  2  6   	7.044371e-01	( 0 0 3 7 7 4  )
G_LOOP:  1  3  6   	7.011752e-01	( 1 1 0 6 6 7  )
G_LOOP:  1  4  6   	7.002953e-01	( 1 1 2 6 6 5  )
G_LOOP:  1  5  6   	7.012608e-01	( 1 1 3 6 6 4  )
G_LOOP:  1  6  6   	7.033168e-01	( 2 2 0 5 5 7  )
G_LOOP:  1  7  6   	6.994032e-01	( 2 2 1 5 5 6  )
G_LOOP:  1  8  6   	6.985140e-01	( 2 2 3 5 5 4  )
G_LOOP:  1  9  6   	7.045782e-01	( 3 3 0 4 4 7  )
G_LOOP:  1  10  6   	7.010419e-01	( 3 3 1 4 4 6  )
G_LOOP:  1  11  6   	7.019757e-01	( 3 3 2 4 4 5  )
G_LOOP:  2  0  6   	7.167208e-01	( 0 1 2 7 6 5  )
G_LOOP:  2  1  6   	7.138662e-01	( 0 1 5 7 6 2  )
G_LOOP:  2  2  6   	7.139854e-01	( 0 6 2 7 1 5  )
G_LOOP:  2  3  6   	7.167332e-01	( 0 6 5 7 1 2  )
G_LOOP:  2  4  6   	7.156922e-01	( 0 1 3 7 6 4  )
G_LOOP:  2  5  6   	7.198938e-01	( 0 1 4 7 6 3  )
G_LOOP:  2  6  6   	7.173244e-01	( 0 6 3 7 1 4  )
G_LOOP:  2  7  6   	7.154905e-01	( 0 6 4 7 1 3  )
G_LOOP:  2  8  6   	7.159818e-01	( 0 2 3 7 5 4  )
G_LOOP:  2  9  6   	7.173219e-01	( 0 2 4 7 5 3  )
G_LOOP:  2  10  6   	7.172447e-01	( 0 5 3 7 2 4  )
G_LOOP:  2  11  6   	7.193719e-01	( 0 5 4 7 2 3  )
G_LOOP:  2  12  6   	7.146889e-01	( 1 2 3 6 5 4  )
G_LOOP:  2  13  6   	7.156379e-01	( 1 2 4 6 5 3  )
G_LOOP:  2  14  6   	7.157491e-01	( 1 5 3 6 2 4  )
G_LOOP:  2  15  6   	7.155137e-01	( 1 5 4 6 2 3  )
GACTION: 6.718488e+00
CONGRAD5: time = 1.433834e+00 (fn F) masses = 1 iters = 595 mflops = 2.269767e+03
 OK converged final_rsq= 5e-11 (cf 1e-10) rel = 1 (cf 0) restarts = 3 iters= 595
CONGRAD5: time = 1.945779e-01 (fn F) masses = 1 iters = 78 mflops = 2.192624e+03
 OK converged final_rsq= 5e-11 (cf 1e-10) rel = 1 (cf 0) restarts = 2 iters= 78
PBP: mass 1.000000e-02     4.425368e-02  4.077682e-02  4.672663e-03  4.671868e-03 ( 1 of 1 )
FACTION: mass = 1.000000e-02,  1.501553e+00 ( 1 of 1 )
CONGRAD5: time = 1.434595e+00 (fn F) masses = 1 iters = 595 mflops = 2.268563e+03
 OK converged final_rsq= 5e-11 (cf 1e-10) rel = 1 (cf 0) restarts = 3 iters= 595
CONGRAD5: time = 1.832640e-01 (fn F) masses = 1 iters = 74 mflops = 2.208603e+03
 OK converged final_rsq= 1e-10 (cf 1e-10) rel = 1 (cf 0) restarts = 1 iters= 74
PBP: mass 1.000000e-02     4.191663e-02  4.240189e-02  -6.936953e-04  -6.934317e-04 ( 1 of 1 )
FACTION: mass = 1.000000e-02,  1.499487e+00 ( 1 of 1 )
RUNNING COMPLETED
average cg iters for step= 1.127250e+03
Time = 2.922664e+02 seconds
total_iters = 140963
Checksums 6dc0547a 84e51774
Saved gauge configuration in parallel to binary file lat_p64_size128_2
Time stamp Tue Apr  4 17:16:45 2023
Wrote info file lat_p64_size128_2.info
Time to save = 2.480318e+00
CHECK PLAQ: 1.460479e+00 1.460850e+00
CHECK NERSC LINKTR: 1.428266e-01 CKSUM: 3625dd55


get_i(0): EOF on input.
Elapsed total time: 336.158812
exit: Tue Apr  4 17:16:48 2023

