SU3 with improved KS action
Microcanonical simulation with refreshing
R algorithm
MIMD version 7.8.1
Machine = MPI (portable), with 64 nodes
Host(0) = nid01286
Username = mcopik
Options selected...
Generic single precision
C_GLOBAL_INLINE
DBLSTORE_FN
D_FN_GATHER13
FEWSUMS
KS_MULTIFF=FNMAT
VECLENGTH=4
type 0 for no prompts, 1 for prompts, or 2 for proofreading
nflavors1 2
nflavors2 1
nx 16
ny 16
nz 8
nt 36
iseed 5682304
LAYOUT = Hypercubes, options = hyper_prime,
automatic hyper_prime layout
ON EACH NODE 4 x 4 x 8 x 9
Mallocing 1.1 MBytes per node for lattice
WARNING!!: Resetting random seed
Made lattice
Made nn gathers
Made 3nn gathers
Finished setup


warms 0
trajecs 4
traj_between_meas 1
beta 5.6
mass1 0.125
mass2 0.125
u0 0.8441
microcanonical_time_step 0.2
steps_per_trajectory 5
max_cg_iterations 100
max_cg_restarts 5
error_per_site 0.125
error_for_propagator 0.125
npbp_reps 1
prec_pbp 1
fresh 
save_parallel lat_p64_size64_1
unit gauge configuration loaded
CHECK PLAQ: 3.000000e+00 3.000000e+00
CHECK NERSC LINKTR: 1.000000e+00 CKSUM: 0
Unitarity checked.  Max deviation 0.00e+00
Time to check unitarity = 3.080368e-04
"O(a^2): couplings(pi)=0, Naik term, No O(a^2) errors, tadpole weights"
path coefficients: npath  path_coeff  multiplicity
                    0      6.250000e-01     8
                    1      -5.847914e-02     8
                    2      -8.771871e-02     48
                    3      3.077829e-02     192
                    4      -7.199551e-03     384
                    5      -1.231132e-01     48
Symanzik 1x1 + 1x2 + 1x1x1 action
gauge_action: total_dyn_flavors = 3
loop coefficients: nloop rep loop_coeff  multiplicity
                    0 0      1.000000e+00     6
                    1 0      -7.762509e-02     12
                    2 0      -1.031171e-02     16
WARMUPS COMPLETED
CONGRAD5: time = 4.549980e-03 (fn F) masses = 1 iters = 4 mflops = 1.202136e+03
 OK converged final_rsq= 0.006 (cf 0.016) rel = 1 (cf 0) restarts = 1 iters= 4
CONGRAD5: time = 3.912926e-03 (fn F) masses = 1 iters = 4 mflops = 1.397853e+03
 OK converged final_rsq= 0.0059 (cf 0.016) rel = 1 (cf 0) restarts = 1 iters= 4
GFTIME:   time = 7.272410e-02 (Symanzik1) mflops = 2.423689e+03
FFTIME:  time = 1.684668e-01 (asqtad3) terms = 2 mflops = 2.967535e+03
CONGRAD5: time = 4.066944e-03 (fn F) masses = 1 iters = 4 mflops = 1.344915e+03
 OK converged final_rsq= 0.01 (cf 0.016) rel = 1 (cf 0) restarts = 1 iters= 4
CONGRAD5: time = 3.740072e-03 (fn F) masses = 1 iters = 4 mflops = 1.462457e+03
 OK converged final_rsq= 0.0098 (cf 0.016) rel = 1 (cf 0) restarts = 1 iters= 4
GFTIME:   time = 7.185483e-02 (Symanzik1) mflops = 2.453010e+03
FFTIME:  time = 1.669970e-01 (asqtad3) terms = 2 mflops = 2.993654e+03
CONGRAD5: time = 3.946781e-03 (fn F) masses = 1 iters = 4 mflops = 1.385862e+03
 OK converged final_rsq= 0.014 (cf 0.016) rel = 1 (cf 0) restarts = 1 iters= 4
CONGRAD5: time = 3.666878e-03 (fn F) masses = 1 iters = 4 mflops = 1.491649e+03
 OK converged final_rsq= 0.014 (cf 0.016) rel = 1 (cf 0) restarts = 1 iters= 4
GFTIME:   time = 7.022214e-02 (Symanzik1) mflops = 2.510043e+03
FFTIME:  time = 1.570051e-01 (asqtad3) terms = 2 mflops = 3.184172e+03
CONGRAD5: time = 3.875971e-03 (fn F) masses = 1 iters = 4 mflops = 1.411181e+03
 OK converged final_rsq= 0.013 (cf 0.016) rel = 1 (cf 0) restarts = 1 iters= 4
CONGRAD5: time = 3.657103e-03 (fn F) masses = 1 iters = 4 mflops = 1.495636e+03
 OK converged final_rsq= 0.013 (cf 0.016) rel = 1 (cf 0) restarts = 1 iters= 4
GFTIME:   time = 7.023811e-02 (Symanzik1) mflops = 2.509472e+03
FFTIME:  time = 1.559589e-01 (asqtad3) terms = 2 mflops = 3.205531e+03
CONGRAD5: time = 3.931046e-03 (fn F) masses = 1 iters = 4 mflops = 1.391410e+03
 OK converged final_rsq= 0.011 (cf 0.016) rel = 1 (cf 0) restarts = 1 iters= 4
CONGRAD5: time = 3.626108e-03 (fn F) masses = 1 iters = 4 mflops = 1.508421e+03
 OK converged final_rsq= 0.011 (cf 0.016) rel = 1 (cf 0) restarts = 1 iters= 4
GFTIME:   time = 7.002091e-02 (Symanzik1) mflops = 2.517257e+03
FFTIME:  time = 1.563458e-01 (asqtad3) terms = 2 mflops = 3.197598e+03
PLAQ:	2.348046	2.347861
P_LOOP:	-6.323028e-03	-1.925636e-02
G_LOOP:  0  0  4   	2.346897e+00	( 0 1 7 6  )
G_LOOP:  0  1  4   	2.347695e+00	( 0 2 7 5  )
G_LOOP:  0  2  4   	2.348610e+00	( 0 3 7 4  )
G_LOOP:  0  3  4   	2.349546e+00	( 1 2 6 5  )
G_LOOP:  0  4  4   	2.347450e+00	( 1 3 6 4  )
G_LOOP:  0  5  4   	2.347524e+00	( 2 3 5 4  )
G_LOOP:  1  0  6   	1.770886e+00	( 0 0 1 7 7 6  )
G_LOOP:  1  1  6   	1.772085e+00	( 0 0 2 7 7 5  )
G_LOOP:  1  2  6   	1.772683e+00	( 0 0 3 7 7 4  )
G_LOOP:  1  3  6   	1.772206e+00	( 1 1 0 6 6 7  )
G_LOOP:  1  4  6   	1.778615e+00	( 1 1 2 6 6 5  )
G_LOOP:  1  5  6   	1.772779e+00	( 1 1 3 6 6 4  )
G_LOOP:  1  6  6   	1.774422e+00	( 2 2 0 5 5 7  )
G_LOOP:  1  7  6   	1.776307e+00	( 2 2 1 5 5 6  )
G_LOOP:  1  8  6   	1.772614e+00	( 2 2 3 5 5 4  )
G_LOOP:  1  9  6   	1.773361e+00	( 3 3 0 4 4 7  )
G_LOOP:  1  10  6   	1.772005e+00	( 3 3 1 4 4 6  )
G_LOOP:  1  11  6   	1.772996e+00	( 3 3 2 4 4 5  )
G_LOOP:  2  0  6   	1.819044e+00	( 0 1 2 7 6 5  )
G_LOOP:  2  1  6   	1.821657e+00	( 0 1 5 7 6 2  )
G_LOOP:  2  2  6   	1.822819e+00	( 0 6 2 7 1 5  )
G_LOOP:  2  3  6   	1.821404e+00	( 0 6 5 7 1 2  )
G_LOOP:  2  4  6   	1.821922e+00	( 0 1 3 7 6 4  )
G_LOOP:  2  5  6   	1.817338e+00	( 0 1 4 7 6 3  )
G_LOOP:  2  6  6   	1.820607e+00	( 0 6 3 7 1 4  )
G_LOOP:  2  7  6   	1.823181e+00	( 0 6 4 7 1 3  )
G_LOOP:  2  8  6   	1.818823e+00	( 0 2 3 7 5 4  )
G_LOOP:  2  9  6   	1.819541e+00	( 0 2 4 7 5 3  )
G_LOOP:  2  10  6   	1.822350e+00	( 0 5 3 7 2 4  )
G_LOOP:  2  11  6   	1.817598e+00	( 0 5 4 7 2 3  )
G_LOOP:  2  12  6   	1.821659e+00	( 1 2 3 6 5 4  )
G_LOOP:  2  13  6   	1.824220e+00	( 1 2 4 6 5 3  )
G_LOOP:  2  14  6   	1.821604e+00	( 1 5 3 6 2 4  )
G_LOOP:  2  15  6   	1.824104e+00	( 1 5 4 6 2 3  )
GACTION: 2.575211e+00
CONGRAD5: time = 3.907919e-03 (fn F) masses = 1 iters = 4 mflops = 1.399644e+03
 OK converged final_rsq= 0.01 (cf 0.016) rel = 1 (cf 0) restarts = 1 iters= 4
CONGRAD5: time = 4.806995e-03 (fn F) masses = 1 iters = 6 mflops = 1.706793e+03
 OK converged final_rsq= 0.0087 (cf 0.016) rel = 1 (cf 0) restarts = 1 iters= 6
PBP: mass 1.250000e-01     6.839631e-02  1.024361e-01  -6.252925e-04  -1.562877e-03 ( 1 of 1 )
FACTION: mass = 1.250000e-01,  1.470003e+00 ( 1 of 1 )
CONGRAD5: time = 3.656149e-03 (fn F) masses = 1 iters = 4 mflops = 1.496027e+03
 OK converged final_rsq= 0.01 (cf 0.016) rel = 1 (cf 0) restarts = 1 iters= 4
CONGRAD5: time = 4.800797e-03 (fn F) masses = 1 iters = 6 mflops = 1.708996e+03
 OK converged final_rsq= 0.0087 (cf 0.016) rel = 1 (cf 0) restarts = 1 iters= 6
PBP: mass 1.250000e-01     7.042779e-02  1.006423e-01  -2.239626e-03  -2.553548e-03 ( 1 of 1 )
FACTION: mass = 1.250000e-01,  1.472298e+00 ( 1 of 1 )
CONGRAD5: time = 3.832102e-03 (fn F) masses = 1 iters = 4 mflops = 1.427336e+03
 OK converged final_rsq= 0.012 (cf 0.016) rel = 1 (cf 0) restarts = 1 iters= 4
CONGRAD5: time = 3.623009e-03 (fn F) masses = 1 iters = 4 mflops = 1.509711e+03
 OK converged final_rsq= 0.011 (cf 0.016) rel = 1 (cf 0) restarts = 1 iters= 4
GFTIME:   time = 7.043004e-02 (Symanzik1) mflops = 2.502634e+03
FFTIME:  time = 1.559730e-01 (asqtad3) terms = 2 mflops = 3.205242e+03
CONGRAD5: time = 4.434824e-03 (fn F) masses = 1 iters = 5 mflops = 1.541689e+03
 OK converged final_rsq= 0.0069 (cf 0.016) rel = 1 (cf 0) restarts = 1 iters= 5
CONGRAD5: time = 3.592968e-03 (fn F) masses = 1 iters = 4 mflops = 1.522334e+03
 OK converged final_rsq= 0.015 (cf 0.016) rel = 1 (cf 0) restarts = 1 iters= 4
GFTIME:   time = 7.059503e-02 (Symanzik1) mflops = 2.496785e+03
FFTIME:  time = 1.555822e-01 (asqtad3) terms = 2 mflops = 3.213293e+03
CONGRAD5: time = 4.431009e-03 (fn F) masses = 1 iters = 5 mflops = 1.543016e+03
 OK converged final_rsq= 0.0088 (cf 0.016) rel = 1 (cf 0) restarts = 1 iters= 5
CONGRAD5: time = 4.181862e-03 (fn F) masses = 1 iters = 5 mflops = 1.634946e+03
 OK converged final_rsq= 0.0084 (cf 0.016) rel = 1 (cf 0) restarts = 1 iters= 5
GFTIME:   time = 7.047415e-02 (Symanzik1) mflops = 2.501068e+03
FFTIME:  time = 1.556430e-01 (asqtad3) terms = 2 mflops = 3.212038e+03
CONGRAD5: time = 4.446983e-03 (fn F) masses = 1 iters = 5 mflops = 1.537474e+03
 OK converged final_rsq= 0.0085 (cf 0.016) rel = 1 (cf 0) restarts = 1 iters= 5
CONGRAD5: time = 4.174948e-03 (fn F) masses = 1 iters = 5 mflops = 1.637654e+03
 OK converged final_rsq= 0.0083 (cf 0.016) rel = 1 (cf 0) restarts = 1 iters= 5
GFTIME:   time = 7.046509e-02 (Symanzik1) mflops = 2.501389e+03
FFTIME:  time = 1.560090e-01 (asqtad3) terms = 2 mflops = 3.204503e+03
CONGRAD5: time = 4.431963e-03 (fn F) masses = 1 iters = 5 mflops = 1.542684e+03
 OK converged final_rsq= 0.0074 (cf 0.016) rel = 1 (cf 0) restarts = 1 iters= 5
CONGRAD5: time = 3.667831e-03 (fn F) masses = 1 iters = 4 mflops = 1.491262e+03
 OK converged final_rsq= 0.015 (cf 0.016) rel = 1 (cf 0) restarts = 1 iters= 4
GFTIME:   time = 7.033396e-02 (Symanzik1) mflops = 2.506053e+03
FFTIME:  time = 1.555889e-01 (asqtad3) terms = 2 mflops = 3.213155e+03
PLAQ:	2.013197	2.012697
P_LOOP:	-9.701269e-03	-3.360078e-02
G_LOOP:  0  0  4   	2.010792e+00	( 0 1 7 6  )
G_LOOP:  0  1  4   	2.013326e+00	( 0 2 7 5  )
G_LOOP:  0  2  4   	2.011958e+00	( 0 3 7 4  )
G_LOOP:  0  3  4   	2.015472e+00	( 1 2 6 5  )
G_LOOP:  0  4  4   	2.013512e+00	( 1 3 6 4  )
G_LOOP:  0  5  4   	2.012622e+00	( 2 3 5 4  )
G_LOOP:  1  0  6   	1.296020e+00	( 0 0 1 7 7 6  )
G_LOOP:  1  1  6   	1.302380e+00	( 0 0 2 7 7 5  )
G_LOOP:  1  2  6   	1.300113e+00	( 0 0 3 7 7 4  )
G_LOOP:  1  3  6   	1.297978e+00	( 1 1 0 6 6 7  )
G_LOOP:  1  4  6   	1.302920e+00	( 1 1 2 6 6 5  )
G_LOOP:  1  5  6   	1.301147e+00	( 1 1 3 6 6 4  )
G_LOOP:  1  6  6   	1.301421e+00	( 2 2 0 5 5 7  )
G_LOOP:  1  7  6   	1.302576e+00	( 2 2 1 5 5 6  )
G_LOOP:  1  8  6   	1.298934e+00	( 2 2 3 5 5 4  )
G_LOOP:  1  9  6   	1.299910e+00	( 3 3 0 4 4 7  )
G_LOOP:  1  10  6   	1.299603e+00	( 3 3 1 4 4 6  )
G_LOOP:  1  11  6   	1.299806e+00	( 3 3 2 4 4 5  )
G_LOOP:  2  0  6   	1.339921e+00	( 0 1 2 7 6 5  )
G_LOOP:  2  1  6   	1.347332e+00	( 0 1 5 7 6 2  )
G_LOOP:  2  2  6   	1.347822e+00	( 0 6 2 7 1 5  )
G_LOOP:  2  3  6   	1.345578e+00	( 0 6 5 7 1 2  )
G_LOOP:  2  4  6   	1.348037e+00	( 0 1 3 7 6 4  )
G_LOOP:  2  5  6   	1.342259e+00	( 0 1 4 7 6 3  )
G_LOOP:  2  6  6   	1.341849e+00	( 0 6 3 7 1 4  )
G_LOOP:  2  7  6   	1.343166e+00	( 0 6 4 7 1 3  )
G_LOOP:  2  8  6   	1.344500e+00	( 0 2 3 7 5 4  )
G_LOOP:  2  9  6   	1.342721e+00	( 0 2 4 7 5 3  )
G_LOOP:  2  10  6   	1.346118e+00	( 0 5 3 7 2 4  )
G_LOOP:  2  11  6   	1.343245e+00	( 0 5 4 7 2 3  )
G_LOOP:  2  12  6   	1.346085e+00	( 1 2 3 6 5 4  )
G_LOOP:  2  13  6   	1.347991e+00	( 1 2 4 6 5 3  )
G_LOOP:  2  14  6   	1.347405e+00	( 1 5 3 6 2 4  )
G_LOOP:  2  15  6   	1.344994e+00	( 1 5 4 6 2 3  )
GACTION: 4.065920e+00
CONGRAD5: time = 3.669977e-03 (fn F) masses = 1 iters = 4 mflops = 1.490390e+03
 OK converged final_rsq= 0.014 (cf 0.016) rel = 1 (cf 0) restarts = 1 iters= 4
CONGRAD5: time = 4.786968e-03 (fn F) masses = 1 iters = 6 mflops = 1.713933e+03
 OK converged final_rsq= 0.013 (cf 0.016) rel = 1 (cf 0) restarts = 1 iters= 6
PBP: mass 1.250000e-01     8.666703e-02  1.656794e-01  8.855824e-04  1.540118e-03 ( 1 of 1 )
FACTION: mass = 1.250000e-01,  1.448829e+00 ( 1 of 1 )
CONGRAD5: time = 3.623962e-03 (fn F) masses = 1 iters = 4 mflops = 1.509314e+03
 OK converged final_rsq= 0.014 (cf 0.016) rel = 1 (cf 0) restarts = 1 iters= 4
CONGRAD5: time = 4.774094e-03 (fn F) masses = 1 iters = 6 mflops = 1.718555e+03
 OK converged final_rsq= 0.013 (cf 0.016) rel = 1 (cf 0) restarts = 1 iters= 6
PBP: mass 1.250000e-01     8.854628e-02  1.707834e-01  -1.891601e-04  1.187543e-04 ( 1 of 1 )
FACTION: mass = 1.250000e-01,  1.441431e+00 ( 1 of 1 )
CONGRAD5: time = 4.390001e-03 (fn F) masses = 1 iters = 5 mflops = 1.557430e+03
 OK converged final_rsq= 0.0075 (cf 0.016) rel = 1 (cf 0) restarts = 1 iters= 5
CONGRAD5: time = 3.573895e-03 (fn F) masses = 1 iters = 4 mflops = 1.530458e+03
 OK converged final_rsq= 0.015 (cf 0.016) rel = 1 (cf 0) restarts = 1 iters= 4
GFTIME:   time = 7.029390e-02 (Symanzik1) mflops = 2.507481e+03
FFTIME:  time = 1.557600e-01 (asqtad3) terms = 2 mflops = 3.209624e+03
CONGRAD5: time = 4.414797e-03 (fn F) masses = 1 iters = 5 mflops = 1.548683e+03
 OK converged final_rsq= 0.0094 (cf 0.016) rel = 1 (cf 0) restarts = 1 iters= 5
CONGRAD5: time = 4.187107e-03 (fn F) masses = 1 iters = 5 mflops = 1.632898e+03
 OK converged final_rsq= 0.0087 (cf 0.016) rel = 1 (cf 0) restarts = 1 iters= 5
GFTIME:   time = 7.035208e-02 (Symanzik1) mflops = 2.505407e+03
FFTIME:  time = 1.556661e-01 (asqtad3) terms = 2 mflops = 3.211560e+03
CONGRAD5: time = 4.434824e-03 (fn F) masses = 1 iters = 5 mflops = 1.541689e+03
 OK converged final_rsq= 0.011 (cf 0.016) rel = 1 (cf 0) restarts = 1 iters= 5
CONGRAD5: time = 4.186869e-03 (fn F) masses = 1 iters = 5 mflops = 1.632991e+03
 OK converged final_rsq= 0.01 (cf 0.016) rel = 1 (cf 0) restarts = 1 iters= 5
GFTIME:   time = 7.091403e-02 (Symanzik1) mflops = 2.485553e+03
FFTIME:  time = 1.555281e-01 (asqtad3) terms = 2 mflops = 3.214411e+03
CONGRAD5: time = 4.404068e-03 (fn F) masses = 1 iters = 5 mflops = 1.552456e+03
 OK converged final_rsq= 0.011 (cf 0.016) rel = 1 (cf 0) restarts = 1 iters= 5
CONGRAD5: time = 4.189968e-03 (fn F) masses = 1 iters = 5 mflops = 1.631783e+03
 OK converged final_rsq= 0.01 (cf 0.016) rel = 1 (cf 0) restarts = 1 iters= 5
GFTIME:   time = 7.025003e-02 (Symanzik1) mflops = 2.509047e+03
FFTIME:  time = 1.557548e-01 (asqtad3) terms = 2 mflops = 3.209732e+03
CONGRAD5: time = 4.463911e-03 (fn F) masses = 1 iters = 5 mflops = 1.531643e+03
 OK converged final_rsq= 0.0099 (cf 0.016) rel = 1 (cf 0) restarts = 1 iters= 5
CONGRAD5: time = 4.154921e-03 (fn F) masses = 1 iters = 5 mflops = 1.645548e+03
 OK converged final_rsq= 0.0095 (cf 0.016) rel = 1 (cf 0) restarts = 1 iters= 5
GFTIME:   time = 7.027316e-02 (Symanzik1) mflops = 2.508221e+03
FFTIME:  time = 1.556718e-01 (asqtad3) terms = 2 mflops = 3.211442e+03
PLAQ:	1.791285	1.791269
P_LOOP:	-6.432488e-03	-5.703920e-03
G_LOOP:  0  0  4   	1.790148e+00	( 0 1 7 6  )
G_LOOP:  0  1  4   	1.791518e+00	( 0 2 7 5  )
G_LOOP:  0  2  4   	1.792043e+00	( 0 3 7 4  )
G_LOOP:  0  3  4   	1.792188e+00	( 1 2 6 5  )
G_LOOP:  0  4  4   	1.790762e+00	( 1 3 6 4  )
G_LOOP:  0  5  4   	1.791001e+00	( 2 3 5 4  )
G_LOOP:  1  0  6   	1.019748e+00	( 0 0 1 7 7 6  )
G_LOOP:  1  1  6   	1.025132e+00	( 0 0 2 7 7 5  )
G_LOOP:  1  2  6   	1.023343e+00	( 0 0 3 7 7 4  )
G_LOOP:  1  3  6   	1.020574e+00	( 1 1 0 6 6 7  )
G_LOOP:  1  4  6   	1.021528e+00	( 1 1 2 6 6 5  )
G_LOOP:  1  5  6   	1.025131e+00	( 1 1 3 6 6 4  )
G_LOOP:  1  6  6   	1.026650e+00	( 2 2 0 5 5 7  )
G_LOOP:  1  7  6   	1.018998e+00	( 2 2 1 5 5 6  )
G_LOOP:  1  8  6   	1.019490e+00	( 2 2 3 5 5 4  )
G_LOOP:  1  9  6   	1.025211e+00	( 3 3 0 4 4 7  )
G_LOOP:  1  10  6   	1.026625e+00	( 3 3 1 4 4 6  )
G_LOOP:  1  11  6   	1.022026e+00	( 3 3 2 4 4 5  )
G_LOOP:  2  0  6   	1.057034e+00	( 0 1 2 7 6 5  )
G_LOOP:  2  1  6   	1.059629e+00	( 0 1 5 7 6 2  )
G_LOOP:  2  2  6   	1.056571e+00	( 0 6 2 7 1 5  )
G_LOOP:  2  3  6   	1.053607e+00	( 0 6 5 7 1 2  )
G_LOOP:  2  4  6   	1.063099e+00	( 0 1 3 7 6 4  )
G_LOOP:  2  5  6   	1.054479e+00	( 0 1 4 7 6 3  )
G_LOOP:  2  6  6   	1.050944e+00	( 0 6 3 7 1 4  )
G_LOOP:  2  7  6   	1.056895e+00	( 0 6 4 7 1 3  )
G_LOOP:  2  8  6   	1.054540e+00	( 0 2 3 7 5 4  )
G_LOOP:  2  9  6   	1.059955e+00	( 0 2 4 7 5 3  )
G_LOOP:  2  10  6   	1.063218e+00	( 0 5 3 7 2 4  )
G_LOOP:  2  11  6   	1.057845e+00	( 0 5 4 7 2 3  )
G_LOOP:  2  12  6   	1.060030e+00	( 1 2 3 6 5 4  )
G_LOOP:  2  13  6   	1.055929e+00	( 1 2 4 6 5 3  )
G_LOOP:  2  14  6   	1.056636e+00	( 1 5 3 6 2 4  )
G_LOOP:  2  15  6   	1.057973e+00	( 1 5 4 6 2 3  )
GACTION: 5.090137e+00
CONGRAD5: time = 4.241943e-03 (fn F) masses = 1 iters = 5 mflops = 1.611790e+03
 OK converged final_rsq= 0.0085 (cf 0.016) rel = 1 (cf 0) restarts = 1 iters= 5
CONGRAD5: time = 4.756927e-03 (fn F) masses = 1 iters = 6 mflops = 1.724757e+03
 OK converged final_rsq= 0.015 (cf 0.016) rel = 1 (cf 0) restarts = 1 iters= 6
PBP: mass 1.250000e-01     1.097814e-01  3.050916e-01  6.159745e-04  1.073530e-03 ( 1 of 1 )
FACTION: mass = 1.250000e-01,  1.454408e+00 ( 1 of 1 )
CONGRAD5: time = 4.226208e-03 (fn F) masses = 1 iters = 5 mflops = 1.617791e+03
 OK converged final_rsq= 0.0085 (cf 0.016) rel = 1 (cf 0) restarts = 1 iters= 5
CONGRAD5: time = 4.727125e-03 (fn F) masses = 1 iters = 6 mflops = 1.735631e+03
 OK converged final_rsq= 0.015 (cf 0.016) rel = 1 (cf 0) restarts = 1 iters= 6
PBP: mass 1.250000e-01     1.050922e-01  3.076434e-01  3.700241e-03  3.379920e-03 ( 1 of 1 )
FACTION: mass = 1.250000e-01,  1.453909e+00 ( 1 of 1 )
CONGRAD5: time = 4.451990e-03 (fn F) masses = 1 iters = 5 mflops = 1.535745e+03
 OK converged final_rsq= 0.01 (cf 0.016) rel = 1 (cf 0) restarts = 1 iters= 5
CONGRAD5: time = 4.178047e-03 (fn F) masses = 1 iters = 5 mflops = 1.636439e+03
 OK converged final_rsq= 0.0097 (cf 0.016) rel = 1 (cf 0) restarts = 1 iters= 5
GFTIME:   time = 7.029986e-02 (Symanzik1) mflops = 2.507268e+03
FFTIME:  time = 1.560462e-01 (asqtad3) terms = 2 mflops = 3.203739e+03
CONGRAD5: time = 4.439116e-03 (fn F) masses = 1 iters = 5 mflops = 1.540199e+03
 OK converged final_rsq= 0.012 (cf 0.016) rel = 1 (cf 0) restarts = 1 iters= 5
CONGRAD5: time = 4.171133e-03 (fn F) masses = 1 iters = 5 mflops = 1.639152e+03
 OK converged final_rsq= 0.011 (cf 0.016) rel = 1 (cf 0) restarts = 1 iters= 5
GFTIME:   time = 7.002997e-02 (Symanzik1) mflops = 2.516931e+03
FFTIME:  time = 1.555669e-01 (asqtad3) terms = 2 mflops = 3.213608e+03
CONGRAD5: time = 4.448891e-03 (fn F) masses = 1 iters = 5 mflops = 1.536815e+03
 OK converged final_rsq= 0.012 (cf 0.016) rel = 1 (cf 0) restarts = 1 iters= 5
CONGRAD5: time = 4.154921e-03 (fn F) masses = 1 iters = 5 mflops = 1.645548e+03
 OK converged final_rsq= 0.012 (cf 0.016) rel = 1 (cf 0) restarts = 1 iters= 5
GFTIME:   time = 7.053208e-02 (Symanzik1) mflops = 2.499013e+03
FFTIME:  time = 1.557631e-01 (asqtad3) terms = 2 mflops = 3.209560e+03
CONGRAD5: time = 4.418850e-03 (fn F) masses = 1 iters = 5 mflops = 1.547262e+03
 OK converged final_rsq= 0.012 (cf 0.016) rel = 1 (cf 0) restarts = 1 iters= 5
CONGRAD5: time = 4.163027e-03 (fn F) masses = 1 iters = 5 mflops = 1.642343e+03
 OK converged final_rsq= 0.012 (cf 0.016) rel = 1 (cf 0) restarts = 1 iters= 5
GFTIME:   time = 7.022381e-02 (Symanzik1) mflops = 2.509984e+03
FFTIME:  time = 1.554739e-01 (asqtad3) terms = 2 mflops = 3.215530e+03
CONGRAD5: time = 4.451036e-03 (fn F) masses = 1 iters = 5 mflops = 1.536074e+03
 OK converged final_rsq= 0.012 (cf 0.016) rel = 1 (cf 0) restarts = 1 iters= 5
CONGRAD5: time = 4.171133e-03 (fn F) masses = 1 iters = 5 mflops = 1.639152e+03
 OK converged final_rsq= 0.011 (cf 0.016) rel = 1 (cf 0) restarts = 1 iters= 5
GFTIME:   time = 7.026696e-02 (Symanzik1) mflops = 2.508442e+03
FFTIME:  time = 1.559060e-01 (asqtad3) terms = 2 mflops = 3.206620e+03
PLAQ:	1.644329	1.645266
P_LOOP:	-6.709790e-03	2.457538e-02
G_LOOP:  0  0  4   	1.645259e+00	( 0 1 7 6  )
G_LOOP:  0  1  4   	1.644887e+00	( 0 2 7 5  )
G_LOOP:  0  2  4   	1.648300e+00	( 0 3 7 4  )
G_LOOP:  0  3  4   	1.642841e+00	( 1 2 6 5  )
G_LOOP:  0  4  4   	1.643302e+00	( 1 3 6 4  )
G_LOOP:  0  5  4   	1.644196e+00	( 2 3 5 4  )
G_LOOP:  1  0  6   	8.570332e-01	( 0 0 1 7 7 6  )
G_LOOP:  1  1  6   	8.564349e-01	( 0 0 2 7 7 5  )
G_LOOP:  1  2  6   	8.575904e-01	( 0 0 3 7 7 4  )
G_LOOP:  1  3  6   	8.546200e-01	( 1 1 0 6 6 7  )
G_LOOP:  1  4  6   	8.518105e-01	( 1 1 2 6 6 5  )
G_LOOP:  1  5  6   	8.528352e-01	( 1 1 3 6 6 4  )
G_LOOP:  1  6  6   	8.522190e-01	( 2 2 0 5 5 7  )
G_LOOP:  1  7  6   	8.538568e-01	( 2 2 1 5 5 6  )
G_LOOP:  1  8  6   	8.539536e-01	( 2 2 3 5 5 4  )
G_LOOP:  1  9  6   	8.538749e-01	( 3 3 0 4 4 7  )
G_LOOP:  1  10  6   	8.509052e-01	( 3 3 1 4 4 6  )
G_LOOP:  1  11  6   	8.542319e-01	( 3 3 2 4 4 5  )
G_LOOP:  2  0  6   	8.757616e-01	( 0 1 2 7 6 5  )
G_LOOP:  2  1  6   	8.783519e-01	( 0 1 5 7 6 2  )
G_LOOP:  2  2  6   	8.732871e-01	( 0 6 2 7 1 5  )
G_LOOP:  2  3  6   	8.757185e-01	( 0 6 5 7 1 2  )
G_LOOP:  2  4  6   	8.808826e-01	( 0 1 3 7 6 4  )
G_LOOP:  2  5  6   	8.805856e-01	( 0 1 4 7 6 3  )
G_LOOP:  2  6  6   	8.736942e-01	( 0 6 3 7 1 4  )
G_LOOP:  2  7  6   	8.766187e-01	( 0 6 4 7 1 3  )
G_LOOP:  2  8  6   	8.765765e-01	( 0 2 3 7 5 4  )
G_LOOP:  2  9  6   	8.804759e-01	( 0 2 4 7 5 3  )
G_LOOP:  2  10  6   	8.758448e-01	( 0 5 3 7 2 4  )
G_LOOP:  2  11  6   	8.745625e-01	( 0 5 4 7 2 3  )
G_LOOP:  2  12  6   	8.722904e-01	( 1 2 3 6 5 4  )
G_LOOP:  2  13  6   	8.801306e-01	( 1 2 4 6 5 3  )
G_LOOP:  2  14  6   	8.763059e-01	( 1 5 3 6 2 4  )
G_LOOP:  2  15  6   	8.742140e-01	( 1 5 4 6 2 3  )
GACTION: 5.781983e+00
CONGRAD5: time = 4.287958e-03 (fn F) masses = 1 iters = 5 mflops = 1.594493e+03
 OK converged final_rsq= 0.01 (cf 0.016) rel = 1 (cf 0) restarts = 1 iters= 5
CONGRAD5: time = 5.341053e-03 (fn F) masses = 1 iters = 7 mflops = 1.792150e+03
 OK converged final_rsq= 0.0082 (cf 0.016) rel = 1 (cf 0) restarts = 1 iters= 7
PBP: mass 1.250000e-01     1.244008e-01  3.278295e-01  1.524636e-03  4.785546e-05 ( 1 of 1 )
FACTION: mass = 1.250000e-01,  1.429116e+00 ( 1 of 1 )
CONGRAD5: time = 4.246950e-03 (fn F) masses = 1 iters = 5 mflops = 1.609889e+03
 OK converged final_rsq= 0.01 (cf 0.016) rel = 1 (cf 0) restarts = 1 iters= 5
CONGRAD5: time = 5.348921e-03 (fn F) masses = 1 iters = 7 mflops = 1.789514e+03
 OK converged final_rsq= 0.0083 (cf 0.016) rel = 1 (cf 0) restarts = 1 iters= 7
PBP: mass 1.250000e-01     1.240261e-01  3.300110e-01  -6.302996e-04  -4.874612e-04 ( 1 of 1 )
FACTION: mass = 1.250000e-01,  1.440693e+00 ( 1 of 1 )
RUNNING COMPLETED
average cg iters for step= 1.100000e+01
Time = 7.166301e+00 seconds
total_iters = 552
Checksums eb39cb37 375da3b2
Saved gauge configuration in parallel to binary file lat_p64_size64_1
Time stamp Tue May 17 20:56:48 2022
Wrote info file lat_p64_size64_1.info
Time to save = 2.536099e-01
CHECK PLAQ: 1.644329e+00 1.645266e+00
CHECK NERSC LINKTR: 1.712149e-01 CKSUM: b2397a8b


warms 0
trajecs 4
traj_between_meas 1
beta 5.6
mass1 0.01
mass2 0.01
u0 0.8441
microcanonical_time_step 0.02
steps_per_trajectory 15
max_cg_iterations 300
max_cg_restarts 5
error_per_site 1e-05
error_for_propagator 1e-05
npbp_reps 1
prec_pbp 1
reload_parallel lat_p64_size64_1
save_parallel lat_p64_size64_2
Restored binary gauge configuration in parallel from file lat_p64_size64_1
Time stamp Tue May 17 20:56:48 2022
Checksums eb39cb37 375da3b2 OK
Time to reload gauge configuration = 2.270241e-01
CHECK PLAQ: 1.644329e+00 1.645266e+00
CHECK NERSC LINKTR: 1.712149e-01 CKSUM: b2397a8b
Unitarity checked.  Max deviation 2.98e-07
Time to check unitarity = 2.241135e-04
"O(a^2): couplings(pi)=0, Naik term, No O(a^2) errors, tadpole weights"
path coefficients: npath  path_coeff  multiplicity
                    0      6.250000e-01     8
                    1      -5.847914e-02     8
                    2      -8.771871e-02     48
                    3      3.077829e-02     192
                    4      -7.199551e-03     384
                    5      -1.231132e-01     48
Symanzik 1x1 + 1x2 + 1x1x1 action
gauge_action: total_dyn_flavors = 3
loop coefficients: nloop rep loop_coeff  multiplicity
                    0 0      1.000000e+00     6
                    1 0      -7.762509e-02     12
                    2 0      -1.031171e-02     16
WARMUPS COMPLETED
CONGRAD5: time = 3.696351e-01 (fn F) masses = 1 iters = 602 mflops = 2.227032e+03
 OK converged final_rsq= 8.7e-11 (cf 1e-10) rel = 1 (cf 0) restarts = 3 iters= 602
CONGRAD5: time = 3.689668e-01 (fn F) masses = 1 iters = 602 mflops = 2.231066e+03
 OK converged final_rsq= 5.9e-11 (cf 1e-10) rel = 1 (cf 0) restarts = 3 iters= 602
GFTIME:   time = 7.088709e-02 (Symanzik1) mflops = 2.486498e+03
FFTIME:  time = 1.557190e-01 (asqtad3) terms = 2 mflops = 3.210469e+03
CONGRAD5: time = 4.244361e-01 (fn F) masses = 1 iters = 697 mflops = 2.245555e+03
 OK converged final_rsq= 1e-10 (cf 1e-10) rel = 1 (cf 0) restarts = 3 iters= 697
CONGRAD5: time = 3.666861e-01 (fn F) masses = 1 iters = 602 mflops = 2.244943e+03
 OK converged final_rsq= 8.1e-11 (cf 1e-10) rel = 1 (cf 0) restarts = 3 iters= 602
GFTIME:   time = 7.048607e-02 (Symanzik1) mflops = 2.500645e+03
FFTIME:  time = 1.556880e-01 (asqtad3) terms = 2 mflops = 3.211108e+03
CONGRAD5: time = 4.241478e-01 (fn F) masses = 1 iters = 696 mflops = 2.243857e+03
 OK converged final_rsq= 9.8e-11 (cf 1e-10) rel = 1 (cf 0) restarts = 3 iters= 696
CONGRAD5: time = 3.667459e-01 (fn F) masses = 1 iters = 602 mflops = 2.244576e+03
 OK converged final_rsq= 4.9e-11 (cf 1e-10) rel = 1 (cf 0) restarts = 3 iters= 602
GFTIME:   time = 7.051206e-02 (Symanzik1) mflops = 2.499723e+03
FFTIME:  time = 1.557469e-01 (asqtad3) terms = 2 mflops = 3.209894e+03
CONGRAD5: time = 4.484699e-01 (fn F) masses = 1 iters = 736 mflops = 2.244129e+03
 OK converged final_rsq= 5e-11 (cf 1e-10) rel = 1 (cf 0) restarts = 4 iters= 736
CONGRAD5: time = 3.663580e-01 (fn F) masses = 1 iters = 602 mflops = 2.246953e+03
 OK converged final_rsq= 6.1e-11 (cf 1e-10) rel = 1 (cf 0) restarts = 3 iters= 602
GFTIME:   time = 7.041311e-02 (Symanzik1) mflops = 2.503236e+03
FFTIME:  time = 1.555631e-01 (asqtad3) terms = 2 mflops = 3.213687e+03
CONGRAD5: time = 4.344769e-01 (fn F) masses = 1 iters = 712 mflops = 2.240869e+03
 OK converged final_rsq= 9.9e-11 (cf 1e-10) rel = 1 (cf 0) restarts = 3 iters= 712
CONGRAD5: time = 3.668120e-01 (fn F) masses = 1 iters = 602 mflops = 2.244172e+03
 OK converged final_rsq= 4.4e-11 (cf 1e-10) rel = 1 (cf 0) restarts = 3 iters= 602
GFTIME:   time = 7.047415e-02 (Symanzik1) mflops = 2.501068e+03
FFTIME:  time = 1.621392e-01 (asqtad3) terms = 2 mflops = 3.083346e+03
CONGRAD5: time = 4.968410e-01 (fn F) masses = 1 iters = 723 mflops = 1.989867e+03
 OK converged final_rsq= 9.9e-11 (cf 1e-10) rel = 1 (cf 0) restarts = 3 iters= 723
CONGRAD5: time = 4.230762e-01 (fn F) masses = 1 iters = 694 mflops = 2.243077e+03
 OK converged final_rsq= 9.9e-11 (cf 1e-10) rel = 1 (cf 0) restarts = 3 iters= 694
GFTIME:   time = 7.059002e-02 (Symanzik1) mflops = 2.496962e+03
FFTIME:  time = 1.553860e-01 (asqtad3) terms = 2 mflops = 3.217351e+03
CONGRAD5: time = 4.586902e-01 (fn F) masses = 1 iters = 702 mflops = 2.092767e+03
 OK converged final_rsq= 9.9e-11 (cf 1e-10) rel = 1 (cf 0) restarts = 3 iters= 702
CONGRAD5: time = 4.694099e-01 (fn F) masses = 1 iters = 691 mflops = 2.012931e+03
 OK converged final_rsq= 9.9e-11 (cf 1e-10) rel = 1 (cf 0) restarts = 3 iters= 691
GFTIME:   time = 7.385111e-02 (Symanzik1) mflops = 2.386702e+03
FFTIME:  time = 1.759770e-01 (asqtad3) terms = 2 mflops = 2.840889e+03
CONGRAD5: time = 5.025818e-01 (fn F) masses = 1 iters = 747 mflops = 2.032437e+03
 OK converged final_rsq= 5e-11 (cf 1e-10) rel = 1 (cf 0) restarts = 4 iters= 747
CONGRAD5: time = 4.241540e-01 (fn F) masses = 1 iters = 698 mflops = 2.250272e+03
 OK converged final_rsq= 9.9e-11 (cf 1e-10) rel = 1 (cf 0) restarts = 3 iters= 698
GFTIME:   time = 7.055712e-02 (Symanzik1) mflops = 2.498127e+03
FFTIME:  time = 1.554410e-01 (asqtad3) terms = 2 mflops = 3.216211e+03
CONGRAD5: time = 3.656859e-01 (fn F) masses = 1 iters = 602 mflops = 2.251083e+03
 OK converged final_rsq= 6.1e-11 (cf 1e-10) rel = 1 (cf 0) restarts = 3 iters= 602
CONGRAD5: time = 3.657529e-01 (fn F) masses = 1 iters = 602 mflops = 2.250670e+03
 OK converged final_rsq= 8.1e-11 (cf 1e-10) rel = 1 (cf 0) restarts = 3 iters= 602
GFTIME:   time = 7.047510e-02 (Symanzik1) mflops = 2.501034e+03
FFTIME:  time = 1.558340e-01 (asqtad3) terms = 2 mflops = 3.208101e+03
CONGRAD5: time = 4.453180e-01 (fn F) masses = 1 iters = 733 mflops = 2.250800e+03
 OK converged final_rsq= 1e-10 (cf 1e-10) rel = 1 (cf 0) restarts = 3 iters= 733
CONGRAD5: time = 4.171920e-01 (fn F) masses = 1 iters = 687 mflops = 2.251770e+03
 OK converged final_rsq= 5e-11 (cf 1e-10) rel = 1 (cf 0) restarts = 4 iters= 687
GFTIME:   time = 7.158995e-02 (Symanzik1) mflops = 2.462086e+03
FFTIME:  time = 1.552889e-01 (asqtad3) terms = 2 mflops = 3.219361e+03
CONGRAD5: time = 4.262781e-01 (fn F) masses = 1 iters = 702 mflops = 2.251891e+03
 OK converged final_rsq= 1e-10 (cf 1e-10) rel = 1 (cf 0) restarts = 3 iters= 702
CONGRAD5: time = 4.331119e-01 (fn F) masses = 1 iters = 714 mflops = 2.254246e+03
 OK converged final_rsq= 9.9e-11 (cf 1e-10) rel = 1 (cf 0) restarts = 3 iters= 714
GFTIME:   time = 7.038617e-02 (Symanzik1) mflops = 2.504194e+03
FFTIME:  time = 1.553991e-01 (asqtad3) terms = 2 mflops = 3.217079e+03
CONGRAD5: time = 4.474669e-01 (fn F) masses = 1 iters = 736 mflops = 2.249159e+03
 OK converged final_rsq= 5e-11 (cf 1e-10) rel = 1 (cf 0) restarts = 4 iters= 736
CONGRAD5: time = 4.197319e-01 (fn F) masses = 1 iters = 691 mflops = 2.251175e+03
 OK converged final_rsq= 1e-10 (cf 1e-10) rel = 1 (cf 0) restarts = 3 iters= 691
GFTIME:   time = 7.027102e-02 (Symanzik1) mflops = 2.508297e+03
FFTIME:  time = 1.552851e-01 (asqtad3) terms = 2 mflops = 3.219440e+03
CONGRAD5: time = 3.658750e-01 (fn F) masses = 1 iters = 602 mflops = 2.249919e+03
 OK converged final_rsq= 5.9e-11 (cf 1e-10) rel = 1 (cf 0) restarts = 3 iters= 602
CONGRAD5: time = 4.274211e-01 (fn F) masses = 1 iters = 704 mflops = 2.252267e+03
 OK converged final_rsq= 9.9e-11 (cf 1e-10) rel = 1 (cf 0) restarts = 3 iters= 704
GFTIME:   time = 7.050896e-02 (Symanzik1) mflops = 2.499833e+03
FFTIME:  time = 1.552801e-01 (asqtad3) terms = 2 mflops = 3.219544e+03
CONGRAD5: time = 4.383750e-01 (fn F) masses = 1 iters = 722 mflops = 2.252136e+03
 OK converged final_rsq= 1e-10 (cf 1e-10) rel = 1 (cf 0) restarts = 3 iters= 722
CONGRAD5: time = 4.335501e-01 (fn F) masses = 1 iters = 714 mflops = 2.251967e+03
 OK converged final_rsq= 9.9e-11 (cf 1e-10) rel = 1 (cf 0) restarts = 3 iters= 714
GFTIME:   time = 7.023311e-02 (Symanzik1) mflops = 2.509651e+03
FFTIME:  time = 1.550610e-01 (asqtad3) terms = 2 mflops = 3.224093e+03
CONGRAD5: time = 4.459910e-01 (fn F) masses = 1 iters = 734 mflops = 2.250469e+03
 OK converged final_rsq= 5e-11 (cf 1e-10) rel = 1 (cf 0) restarts = 4 iters= 734
CONGRAD5: time = 4.431751e-01 (fn F) masses = 1 iters = 730 mflops = 2.252427e+03
 OK converged final_rsq= 5e-11 (cf 1e-10) rel = 1 (cf 0) restarts = 4 iters= 730
GFTIME:   time = 7.038116e-02 (Symanzik1) mflops = 2.504372e+03
FFTIME:  time = 1.558499e-01 (asqtad3) terms = 2 mflops = 3.207773e+03
PLAQ:	1.539774	1.537947
P_LOOP:	2.137524e-02	-1.868550e-03
G_LOOP:  0  0  4   	1.540746e+00	( 0 1 7 6  )
G_LOOP:  0  1  4   	1.540140e+00	( 0 2 7 5  )
G_LOOP:  0  2  4   	1.541719e+00	( 0 3 7 4  )
G_LOOP:  0  3  4   	1.538434e+00	( 1 2 6 5  )
G_LOOP:  0  4  4   	1.537550e+00	( 1 3 6 4  )
G_LOOP:  0  5  4   	1.534573e+00	( 2 3 5 4  )
G_LOOP:  1  0  6   	7.790819e-01	( 0 0 1 7 7 6  )
G_LOOP:  1  1  6   	7.799391e-01	( 0 0 2 7 7 5  )
G_LOOP:  1  2  6   	7.791043e-01	( 0 0 3 7 7 4  )
G_LOOP:  1  3  6   	7.764447e-01	( 1 1 0 6 6 7  )
G_LOOP:  1  4  6   	7.782270e-01	( 1 1 2 6 6 5  )
G_LOOP:  1  5  6   	7.747586e-01	( 1 1 3 6 6 4  )
G_LOOP:  1  6  6   	7.836418e-01	( 2 2 0 5 5 7  )
G_LOOP:  1  7  6   	7.799032e-01	( 2 2 1 5 5 6  )
G_LOOP:  1  8  6   	7.734723e-01	( 2 2 3 5 5 4  )
G_LOOP:  1  9  6   	7.777085e-01	( 3 3 0 4 4 7  )
G_LOOP:  1  10  6   	7.756252e-01	( 3 3 1 4 4 6  )
G_LOOP:  1  11  6   	7.764703e-01	( 3 3 2 4 4 5  )
G_LOOP:  2  0  6   	7.994985e-01	( 0 1 2 7 6 5  )
G_LOOP:  2  1  6   	7.979915e-01	( 0 1 5 7 6 2  )
G_LOOP:  2  2  6   	7.953705e-01	( 0 6 2 7 1 5  )
G_LOOP:  2  3  6   	8.003053e-01	( 0 6 5 7 1 2  )
G_LOOP:  2  4  6   	8.009586e-01	( 0 1 3 7 6 4  )
G_LOOP:  2  5  6   	7.984360e-01	( 0 1 4 7 6 3  )
G_LOOP:  2  6  6   	7.979490e-01	( 0 6 3 7 1 4  )
G_LOOP:  2  7  6   	7.995333e-01	( 0 6 4 7 1 3  )
G_LOOP:  2  8  6   	7.957329e-01	( 0 2 3 7 5 4  )
G_LOOP:  2  9  6   	7.977878e-01	( 0 2 4 7 5 3  )
G_LOOP:  2  10  6   	7.963617e-01	( 0 5 3 7 2 4  )
G_LOOP:  2  11  6   	7.972991e-01	( 0 5 4 7 2 3  )
G_LOOP:  2  12  6   	7.945366e-01	( 1 2 3 6 5 4  )
G_LOOP:  2  13  6   	8.011747e-01	( 1 2 4 6 5 3  )
G_LOOP:  2  14  6   	7.986753e-01	( 1 5 3 6 2 4  )
G_LOOP:  2  15  6   	7.990682e-01	( 1 5 4 6 2 3  )
GACTION: 6.333642e+00
CONGRAD5: time = 4.325950e-01 (fn F) masses = 1 iters = 710 mflops = 2.244295e+03
 OK converged final_rsq= 9.9e-11 (cf 1e-10) rel = 1 (cf 0) restarts = 3 iters= 710
CONGRAD5: time = 4.930282e-02 (fn F) masses = 1 iters = 79 mflops = 2.191082e+03
 OK converged final_rsq= 9.7e-11 (cf 1e-10) rel = 1 (cf 0) restarts = 1 iters= 79
PBP: mass 1.000000e-02     5.439549e-02  3.149370e-02  7.460282e-03  7.456457e-03 ( 1 of 1 )
FACTION: mass = 1.000000e-02,  1.500299e+00 ( 1 of 1 )
CONGRAD5: time = 4.257190e-01 (fn F) masses = 1 iters = 701 mflops = 2.251636e+03
 OK converged final_rsq= 5e-11 (cf 1e-10) rel = 1 (cf 0) restarts = 4 iters= 701
CONGRAD5: time = 4.520321e-02 (fn F) masses = 1 iters = 73 mflops = 2.208293e+03
 OK converged final_rsq= 9.9e-11 (cf 1e-10) rel = 1 (cf 0) restarts = 1 iters= 73
PBP: mass 1.000000e-02     5.045901e-02  4.403169e-02  -3.122000e-03  -3.124954e-03 ( 1 of 1 )
FACTION: mass = 1.000000e-02,  1.498603e+00 ( 1 of 1 )
CONGRAD5: time = 4.389210e-01 (fn F) masses = 1 iters = 724 mflops = 2.255565e+03
 OK converged final_rsq= 9.8e-11 (cf 1e-10) rel = 1 (cf 0) restarts = 3 iters= 724
CONGRAD5: time = 4.366241e-01 (fn F) masses = 1 iters = 685 mflops = 2.145291e+03
 OK converged final_rsq= 9.8e-11 (cf 1e-10) rel = 1 (cf 0) restarts = 3 iters= 685
GFTIME:   time = 7.056189e-02 (Symanzik1) mflops = 2.497958e+03
FFTIME:  time = 1.559360e-01 (asqtad3) terms = 2 mflops = 3.206002e+03
CONGRAD5: time = 4.522910e-01 (fn F) masses = 1 iters = 746 mflops = 2.255403e+03
 OK converged final_rsq= 5e-11 (cf 1e-10) rel = 1 (cf 0) restarts = 4 iters= 746
CONGRAD5: time = 3.645461e-01 (fn F) masses = 1 iters = 602 mflops = 2.258121e+03
 OK converged final_rsq= 7.6e-11 (cf 1e-10) rel = 1 (cf 0) restarts = 3 iters= 602
GFTIME:   time = 7.061887e-02 (Symanzik1) mflops = 2.495942e+03
FFTIME:  time = 1.554971e-01 (asqtad3) terms = 2 mflops = 3.215052e+03
CONGRAD5: time = 5.364430e-01 (fn F) masses = 1 iters = 729 mflops = 1.858263e+03
 OK converged final_rsq= 5e-11 (cf 1e-10) rel = 1 (cf 0) restarts = 4 iters= 729
CONGRAD5: time = 4.360249e-01 (fn F) masses = 1 iters = 711 mflops = 2.229777e+03
 OK converged final_rsq= 5e-11 (cf 1e-10) rel = 1 (cf 0) restarts = 4 iters= 711
GFTIME:   time = 7.589602e-02 (Symanzik1) mflops = 2.322396e+03
FFTIME:  time = 1.823361e-01 (asqtad3) terms = 2 mflops = 2.741811e+03
CONGRAD5: time = 4.391310e-01 (fn F) masses = 1 iters = 699 mflops = 2.176638e+03
 OK converged final_rsq= 5e-11 (cf 1e-10) rel = 1 (cf 0) restarts = 4 iters= 699
CONGRAD5: time = 4.386179e-01 (fn F) masses = 1 iters = 719 mflops = 2.241536e+03
 OK converged final_rsq= 1e-10 (cf 1e-10) rel = 1 (cf 0) restarts = 3 iters= 719
GFTIME:   time = 7.075882e-02 (Symanzik1) mflops = 2.491005e+03
FFTIME:  time = 1.565468e-01 (asqtad3) terms = 2 mflops = 3.193493e+03
CONGRAD5: time = 4.455540e-01 (fn F) masses = 1 iters = 731 mflops = 2.243470e+03
 OK converged final_rsq= 1e-10 (cf 1e-10) rel = 1 (cf 0) restarts = 3 iters= 731
CONGRAD5: time = 4.146268e-01 (fn F) masses = 1 iters = 683 mflops = 2.252509e+03
 OK converged final_rsq= 5e-11 (cf 1e-10) rel = 1 (cf 0) restarts = 4 iters= 683
GFTIME:   time = 7.050300e-02 (Symanzik1) mflops = 2.500044e+03
FFTIME:  time = 1.558280e-01 (asqtad3) terms = 2 mflops = 3.208224e+03
CONGRAD5: time = 4.678440e-01 (fn F) masses = 1 iters = 771 mflops = 2.253495e+03
 OK converged final_rsq= 5e-11 (cf 1e-10) rel = 1 (cf 0) restarts = 4 iters= 771
CONGRAD5: time = 4.316721e-01 (fn F) masses = 1 iters = 712 mflops = 2.255429e+03
 OK converged final_rsq= 1e-10 (cf 1e-10) rel = 1 (cf 0) restarts = 3 iters= 712
GFTIME:   time = 7.086515e-02 (Symanzik1) mflops = 2.487268e+03
FFTIME:  time = 1.556659e-01 (asqtad3) terms = 2 mflops = 3.211565e+03
CONGRAD5: time = 4.336350e-01 (fn F) masses = 1 iters = 714 mflops = 2.251527e+03
 OK converged final_rsq= 5e-11 (cf 1e-10) rel = 1 (cf 0) restarts = 4 iters= 714
CONGRAD5: time = 3.657200e-01 (fn F) masses = 1 iters = 602 mflops = 2.250873e+03
 OK converged final_rsq= 7.4e-11 (cf 1e-10) rel = 1 (cf 0) restarts = 3 iters= 602
GFTIME:   time = 7.040596e-02 (Symanzik1) mflops = 2.503490e+03
FFTIME:  time = 1.560409e-01 (asqtad3) terms = 2 mflops = 3.203847e+03
CONGRAD5: time = 4.458790e-01 (fn F) masses = 1 iters = 735 mflops = 2.254102e+03
 OK converged final_rsq= 9.8e-11 (cf 1e-10) rel = 1 (cf 0) restarts = 3 iters= 735
CONGRAD5: time = 4.282370e-01 (fn F) masses = 1 iters = 706 mflops = 2.254362e+03
 OK converged final_rsq= 5e-11 (cf 1e-10) rel = 1 (cf 0) restarts = 4 iters= 706
GFTIME:   time = 7.050109e-02 (Symanzik1) mflops = 2.500112e+03
FFTIME:  time = 1.561100e-01 (asqtad3) terms = 2 mflops = 3.202428e+03
CONGRAD5: time = 4.373510e-01 (fn F) masses = 1 iters = 721 mflops = 2.254283e+03
 OK converged final_rsq= 5e-11 (cf 1e-10) rel = 1 (cf 0) restarts = 4 iters= 721
CONGRAD5: time = 4.527249e-01 (fn F) masses = 1 iters = 747 mflops = 2.256261e+03
 OK converged final_rsq= 5e-11 (cf 1e-10) rel = 1 (cf 0) restarts = 4 iters= 747
GFTIME:   time = 7.064795e-02 (Symanzik1) mflops = 2.494915e+03
FFTIME:  time = 1.554201e-01 (asqtad3) terms = 2 mflops = 3.216645e+03
CONGRAD5: time = 4.483159e-01 (fn F) masses = 1 iters = 739 mflops = 2.254050e+03
 OK converged final_rsq= 5e-11 (cf 1e-10) rel = 1 (cf 0) restarts = 4 iters= 739
CONGRAD5: time = 4.170251e-01 (fn F) masses = 1 iters = 688 mflops = 2.255950e+03
 OK converged final_rsq= 9.9e-11 (cf 1e-10) rel = 1 (cf 0) restarts = 3 iters= 688
GFTIME:   time = 7.074904e-02 (Symanzik1) mflops = 2.491350e+03
FFTIME:  time = 1.555829e-01 (asqtad3) terms = 2 mflops = 3.213278e+03
CONGRAD5: time = 4.517710e-01 (fn F) masses = 1 iters = 745 mflops = 2.254972e+03
 OK converged final_rsq= 5e-11 (cf 1e-10) rel = 1 (cf 0) restarts = 4 iters= 745
CONGRAD5: time = 4.335642e-01 (fn F) masses = 1 iters = 716 mflops = 2.258202e+03
 OK converged final_rsq= 1e-10 (cf 1e-10) rel = 1 (cf 0) restarts = 3 iters= 716
GFTIME:   time = 7.060385e-02 (Symanzik1) mflops = 2.496473e+03
FFTIME:  time = 1.553991e-01 (asqtad3) terms = 2 mflops = 3.217079e+03
CONGRAD5: time = 4.681420e-01 (fn F) masses = 1 iters = 772 mflops = 2.254981e+03
 OK converged final_rsq= 5e-11 (cf 1e-10) rel = 1 (cf 0) restarts = 4 iters= 772
CONGRAD5: time = 4.444029e-01 (fn F) masses = 1 iters = 733 mflops = 2.255435e+03
 OK converged final_rsq= 5e-11 (cf 1e-10) rel = 1 (cf 0) restarts = 4 iters= 733
GFTIME:   time = 7.055497e-02 (Symanzik1) mflops = 2.498203e+03
FFTIME:  time = 1.563182e-01 (asqtad3) terms = 2 mflops = 3.198164e+03
CONGRAD5: time = 4.372191e-01 (fn F) masses = 1 iters = 721 mflops = 2.254962e+03
 OK converged final_rsq= 5e-11 (cf 1e-10) rel = 1 (cf 0) restarts = 4 iters= 721
CONGRAD5: time = 4.384940e-01 (fn F) masses = 1 iters = 724 mflops = 2.257762e+03
 OK converged final_rsq= 5e-11 (cf 1e-10) rel = 1 (cf 0) restarts = 4 iters= 724
GFTIME:   time = 7.055092e-02 (Symanzik1) mflops = 2.498346e+03
FFTIME:  time = 1.554971e-01 (asqtad3) terms = 2 mflops = 3.215052e+03
CONGRAD5: time = 4.607582e-01 (fn F) masses = 1 iters = 759 mflops = 2.252537e+03
 OK converged final_rsq= 5e-11 (cf 1e-10) rel = 1 (cf 0) restarts = 4 iters= 759
CONGRAD5: time = 4.402671e-01 (fn F) masses = 1 iters = 727 mflops = 2.257987e+03
 OK converged final_rsq= 1e-10 (cf 1e-10) rel = 1 (cf 0) restarts = 3 iters= 727
GFTIME:   time = 7.040596e-02 (Symanzik1) mflops = 2.503490e+03
FFTIME:  time = 1.559360e-01 (asqtad3) terms = 2 mflops = 3.206002e+03
CONGRAD5: time = 5.026989e-01 (fn F) masses = 1 iters = 754 mflops = 2.051004e+03
 OK converged final_rsq= 4.9e-11 (cf 1e-10) rel = 1 (cf 0) restarts = 4 iters= 754
CONGRAD5: time = 4.116950e-01 (fn F) masses = 1 iters = 602 mflops = 1.999512e+03
 OK converged final_rsq= 9.2e-11 (cf 1e-10) rel = 1 (cf 0) restarts = 3 iters= 602
GFTIME:   time = 7.765412e-02 (Symanzik1) mflops = 2.269816e+03
FFTIME:  time = 1.686871e-01 (asqtad3) terms = 2 mflops = 2.963659e+03
PLAQ:	1.497626	1.498130
P_LOOP:	1.991909e-02	-1.379641e-02
G_LOOP:  0  0  4   	1.497047e+00	( 0 1 7 6  )
G_LOOP:  0  1  4   	1.498616e+00	( 0 2 7 5  )
G_LOOP:  0  2  4   	1.498145e+00	( 0 3 7 4  )
G_LOOP:  0  3  4   	1.497214e+00	( 1 2 6 5  )
G_LOOP:  0  4  4   	1.496954e+00	( 1 3 6 4  )
G_LOOP:  0  5  4   	1.499291e+00	( 2 3 5 4  )
G_LOOP:  1  0  6   	7.398073e-01	( 0 0 1 7 7 6  )
G_LOOP:  1  1  6   	7.422374e-01	( 0 0 2 7 7 5  )
G_LOOP:  1  2  6   	7.394495e-01	( 0 0 3 7 7 4  )
G_LOOP:  1  3  6   	7.382840e-01	( 1 1 0 6 6 7  )
G_LOOP:  1  4  6   	7.365532e-01	( 1 1 2 6 6 5  )
G_LOOP:  1  5  6   	7.371902e-01	( 1 1 3 6 6 4  )
G_LOOP:  1  6  6   	7.456752e-01	( 2 2 0 5 5 7  )
G_LOOP:  1  7  6   	7.428936e-01	( 2 2 1 5 5 6  )
G_LOOP:  1  8  6   	7.390187e-01	( 2 2 3 5 5 4  )
G_LOOP:  1  9  6   	7.398111e-01	( 3 3 0 4 4 7  )
G_LOOP:  1  10  6   	7.389642e-01	( 3 3 1 4 4 6  )
G_LOOP:  1  11  6   	7.400356e-01	( 3 3 2 4 4 5  )
G_LOOP:  2  0  6   	7.607733e-01	( 0 1 2 7 6 5  )
G_LOOP:  2  1  6   	7.581736e-01	( 0 1 5 7 6 2  )
G_LOOP:  2  2  6   	7.537819e-01	( 0 6 2 7 1 5  )
G_LOOP:  2  3  6   	7.623529e-01	( 0 6 5 7 1 2  )
G_LOOP:  2  4  6   	7.597389e-01	( 0 1 3 7 6 4  )
G_LOOP:  2  5  6   	7.537096e-01	( 0 1 4 7 6 3  )
G_LOOP:  2  6  6   	7.572606e-01	( 0 6 3 7 1 4  )
G_LOOP:  2  7  6   	7.594713e-01	( 0 6 4 7 1 3  )
G_LOOP:  2  8  6   	7.558015e-01	( 0 2 3 7 5 4  )
G_LOOP:  2  9  6   	7.618569e-01	( 0 2 4 7 5 3  )
G_LOOP:  2  10  6   	7.589309e-01	( 0 5 3 7 2 4  )
G_LOOP:  2  11  6   	7.602545e-01	( 0 5 4 7 2 3  )
G_LOOP:  2  12  6   	7.595571e-01	( 1 2 3 6 5 4  )
G_LOOP:  2  13  6   	7.632494e-01	( 1 2 4 6 5 3  )
G_LOOP:  2  14  6   	7.579410e-01	( 1 5 3 6 2 4  )
G_LOOP:  2  15  6   	7.601606e-01	( 1 5 4 6 2 3  )
GACTION: 6.537787e+00
CONGRAD5: time = 3.691511e-01 (fn F) masses = 1 iters = 602 mflops = 2.229952e+03
 OK converged final_rsq= 1e-10 (cf 1e-10) rel = 1 (cf 0) restarts = 3 iters= 602
CONGRAD5: time = 8.187509e-02 (fn F) masses = 1 iters = 133 mflops = 2.221279e+03
 OK converged final_rsq= 5e-11 (cf 1e-10) rel = 1 (cf 0) restarts = 2 iters= 133
PBP: mass 1.000000e-02     4.180596e-02  5.650046e-02  6.282065e-03  6.257703e-03 ( 1 of 1 )
FACTION: mass = 1.000000e-02,  1.499623e+00 ( 1 of 1 )
CONGRAD5: time = 4.349771e-01 (fn F) masses = 1 iters = 709 mflops = 2.228862e+03
 OK converged final_rsq= 5e-11 (cf 1e-10) rel = 1 (cf 0) restarts = 4 iters= 709
CONGRAD5: time = 4.811001e-02 (fn F) masses = 1 iters = 75 mflops = 2.131714e+03
 OK converged final_rsq= 1e-10 (cf 1e-10) rel = 1 (cf 0) restarts = 1 iters= 75
PBP: mass 1.000000e-02     4.935784e-02  4.621076e-02  -8.936203e-03  -8.936002e-03 ( 1 of 1 )
FACTION: mass = 1.000000e-02,  1.495237e+00 ( 1 of 1 )
CONGRAD5: time = 5.005059e-01 (fn F) masses = 1 iters = 758 mflops = 2.070919e+03
 OK converged final_rsq= 5e-11 (cf 1e-10) rel = 1 (cf 0) restarts = 4 iters= 758
CONGRAD5: time = 5.022211e-01 (fn F) masses = 1 iters = 735 mflops = 2.001223e+03
 OK converged final_rsq= 1e-10 (cf 1e-10) rel = 1 (cf 0) restarts = 3 iters= 735
GFTIME:   time = 7.633686e-02 (Symanzik1) mflops = 2.308984e+03
FFTIME:  time = 1.740799e-01 (asqtad3) terms = 2 mflops = 2.871849e+03
CONGRAD5: time = 4.653442e-01 (fn F) masses = 1 iters = 759 mflops = 2.230338e+03
 OK converged final_rsq= 9.9e-11 (cf 1e-10) rel = 1 (cf 0) restarts = 3 iters= 759
CONGRAD5: time = 4.198730e-01 (fn F) masses = 1 iters = 693 mflops = 2.256932e+03
 OK converged final_rsq= 9.9e-11 (cf 1e-10) rel = 1 (cf 0) restarts = 3 iters= 693
GFTIME:   time = 7.075405e-02 (Symanzik1) mflops = 2.491173e+03
FFTIME:  time = 1.554568e-01 (asqtad3) terms = 2 mflops = 3.215885e+03
CONGRAD5: time = 4.712119e-01 (fn F) masses = 1 iters = 777 mflops = 2.254800e+03
 OK converged final_rsq= 1e-10 (cf 1e-10) rel = 1 (cf 0) restarts = 3 iters= 777
CONGRAD5: time = 4.338779e-01 (fn F) masses = 1 iters = 715 mflops = 2.253418e+03
 OK converged final_rsq= 1e-10 (cf 1e-10) rel = 1 (cf 0) restarts = 3 iters= 715
GFTIME:   time = 7.030296e-02 (Symanzik1) mflops = 2.507158e+03
FFTIME:  time = 1.554360e-01 (asqtad3) terms = 2 mflops = 3.216314e+03
CONGRAD5: time = 4.583821e-01 (fn F) masses = 1 iters = 755 mflops = 2.252280e+03
 OK converged final_rsq= 4.9e-11 (cf 1e-10) rel = 1 (cf 0) restarts = 4 iters= 755
CONGRAD5: time = 4.300559e-01 (fn F) masses = 1 iters = 709 mflops = 2.254367e+03
 OK converged final_rsq= 9.9e-11 (cf 1e-10) rel = 1 (cf 0) restarts = 3 iters= 709
GFTIME:   time = 7.067895e-02 (Symanzik1) mflops = 2.493820e+03
FFTIME:  time = 1.558819e-01 (asqtad3) terms = 2 mflops = 3.207115e+03
CONGRAD5: time = 4.664221e-01 (fn F) masses = 1 iters = 769 mflops = 2.254501e+03
 OK converged final_rsq= 5e-11 (cf 1e-10) rel = 1 (cf 0) restarts = 4 iters= 769
CONGRAD5: time = 4.466898e-01 (fn F) masses = 1 iters = 737 mflops = 2.256133e+03
 OK converged final_rsq= 1e-10 (cf 1e-10) rel = 1 (cf 0) restarts = 3 iters= 737
GFTIME:   time = 7.032418e-02 (Symanzik1) mflops = 2.506401e+03
FFTIME:  time = 1.555181e-01 (asqtad3) terms = 2 mflops = 3.214618e+03
CONGRAD5: time = 4.546411e-01 (fn F) masses = 1 iters = 749 mflops = 2.252767e+03
 OK converged final_rsq= 1e-10 (cf 1e-10) rel = 1 (cf 0) restarts = 3 iters= 749
CONGRAD5: time = 4.571600e-01 (fn F) masses = 1 iters = 752 mflops = 2.249328e+03
 OK converged final_rsq= 5e-11 (cf 1e-10) rel = 1 (cf 0) restarts = 4 iters= 752
GFTIME:   time = 7.039905e-02 (Symanzik1) mflops = 2.503736e+03
FFTIME:  time = 1.556220e-01 (asqtad3) terms = 2 mflops = 3.212471e+03
CONGRAD5: time = 4.619582e-01 (fn F) masses = 1 iters = 761 mflops = 2.252606e+03
 OK converged final_rsq= 5e-11 (cf 1e-10) rel = 1 (cf 0) restarts = 4 iters= 761
CONGRAD5: time = 4.432249e-01 (fn F) masses = 1 iters = 731 mflops = 2.255259e+03
 OK converged final_rsq= 1e-10 (cf 1e-10) rel = 1 (cf 0) restarts = 3 iters= 731
GFTIME:   time = 7.083201e-02 (Symanzik1) mflops = 2.488431e+03
FFTIME:  time = 1.555021e-01 (asqtad3) terms = 2 mflops = 3.214948e+03
CONGRAD5: time = 4.556658e-01 (fn F) masses = 1 iters = 750 mflops = 2.250702e+03
 OK converged final_rsq= 4.9e-11 (cf 1e-10) rel = 1 (cf 0) restarts = 4 iters= 750
CONGRAD5: time = 4.457772e-01 (fn F) masses = 1 iters = 735 mflops = 2.254617e+03
 OK converged final_rsq= 5e-11 (cf 1e-10) rel = 1 (cf 0) restarts = 4 iters= 735
GFTIME:   time = 7.065201e-02 (Symanzik1) mflops = 2.494771e+03
FFTIME:  time = 1.555898e-01 (asqtad3) terms = 2 mflops = 3.213135e+03
CONGRAD5: time = 4.741912e-01 (fn F) masses = 1 iters = 782 mflops = 2.255052e+03
 OK converged final_rsq= 4.9e-11 (cf 1e-10) rel = 1 (cf 0) restarts = 4 iters= 782
CONGRAD5: time = 4.653621e-01 (fn F) masses = 1 iters = 767 mflops = 2.253760e+03
 OK converged final_rsq= 5e-11 (cf 1e-10) rel = 1 (cf 0) restarts = 4 iters= 767
GFTIME:   time = 7.051706e-02 (Symanzik1) mflops = 2.499546e+03
FFTIME:  time = 1.776941e-01 (asqtad3) terms = 2 mflops = 2.813437e+03
CONGRAD5: time = 4.622011e-01 (fn F) masses = 1 iters = 762 mflops = 2.254380e+03
 OK converged final_rsq= 5e-11 (cf 1e-10) rel = 1 (cf 0) restarts = 4 iters= 762
CONGRAD5: time = 4.395912e-01 (fn F) masses = 1 iters = 725 mflops = 2.255237e+03
 OK converged final_rsq= 9.9e-11 (cf 1e-10) rel = 1 (cf 0) restarts = 3 iters= 725
GFTIME:   time = 7.056212e-02 (Symanzik1) mflops = 2.497949e+03
FFTIME:  time = 1.554101e-01 (asqtad3) terms = 2 mflops = 3.216852e+03
CONGRAD5: time = 4.591351e-01 (fn F) masses = 1 iters = 756 mflops = 2.251565e+03
 OK converged final_rsq= 5e-11 (cf 1e-10) rel = 1 (cf 0) restarts = 4 iters= 756
CONGRAD5: time = 4.644909e-01 (fn F) masses = 1 iters = 766 mflops = 2.255043e+03
 OK converged final_rsq= 5e-11 (cf 1e-10) rel = 1 (cf 0) restarts = 4 iters= 766
GFTIME:   time = 7.039523e-02 (Symanzik1) mflops = 2.503871e+03
FFTIME:  time = 1.552310e-01 (asqtad3) terms = 2 mflops = 3.220563e+03
CONGRAD5: time = 5.721068e-01 (fn F) masses = 1 iters = 757 mflops = 1.809347e+03
 OK converged final_rsq= 5e-11 (cf 1e-10) rel = 1 (cf 0) restarts = 4 iters= 757
CONGRAD5: time = 4.365680e-01 (fn F) masses = 1 iters = 715 mflops = 2.239532e+03
 OK converged final_rsq= 5e-11 (cf 1e-10) rel = 1 (cf 0) restarts = 4 iters= 715
GFTIME:   time = 7.565498e-02 (Symanzik1) mflops = 2.329795e+03
FFTIME:  time = 1.750641e-01 (asqtad3) terms = 2 mflops = 2.855704e+03
CONGRAD5: time = 5.033929e-01 (fn F) masses = 1 iters = 774 mflops = 2.102505e+03
 OK converged final_rsq= 5e-11 (cf 1e-10) rel = 1 (cf 0) restarts = 4 iters= 774
CONGRAD5: time = 4.395130e-01 (fn F) masses = 1 iters = 719 mflops = 2.236971e+03
 OK converged final_rsq= 1e-10 (cf 1e-10) rel = 1 (cf 0) restarts = 3 iters= 719
GFTIME:   time = 7.070017e-02 (Symanzik1) mflops = 2.493072e+03
FFTIME:  time = 1.564291e-01 (asqtad3) terms = 2 mflops = 3.195897e+03
CONGRAD5: time = 4.796789e-01 (fn F) masses = 1 iters = 783 mflops = 2.232104e+03
 OK converged final_rsq= 5e-11 (cf 1e-10) rel = 1 (cf 0) restarts = 4 iters= 783
CONGRAD5: time = 4.484370e-01 (fn F) masses = 1 iters = 738 mflops = 2.250392e+03
 OK converged final_rsq= 5e-11 (cf 1e-10) rel = 1 (cf 0) restarts = 4 iters= 738
GFTIME:   time = 7.039809e-02 (Symanzik1) mflops = 2.503770e+03
FFTIME:  time = 1.554902e-01 (asqtad3) terms = 2 mflops = 3.215195e+03
CONGRAD5: time = 4.744871e-01 (fn F) masses = 1 iters = 781 mflops = 2.250763e+03
 OK converged final_rsq= 5e-11 (cf 1e-10) rel = 1 (cf 0) restarts = 4 iters= 781
CONGRAD5: time = 4.470990e-01 (fn F) masses = 1 iters = 737 mflops = 2.254068e+03
 OK converged final_rsq= 1e-10 (cf 1e-10) rel = 1 (cf 0) restarts = 3 iters= 737
GFTIME:   time = 7.054710e-02 (Symanzik1) mflops = 2.498481e+03
FFTIME:  time = 1.555300e-01 (asqtad3) terms = 2 mflops = 3.214372e+03
PLAQ:	1.473963	1.473385
P_LOOP:	-7.764089e-03	6.219714e-03
G_LOOP:  0  0  4   	1.474057e+00	( 0 1 7 6  )
G_LOOP:  0  1  4   	1.476495e+00	( 0 2 7 5  )
G_LOOP:  0  2  4   	1.473365e+00	( 0 3 7 4  )
G_LOOP:  0  3  4   	1.471338e+00	( 1 2 6 5  )
G_LOOP:  0  4  4   	1.472826e+00	( 1 3 6 4  )
G_LOOP:  0  5  4   	1.473963e+00	( 2 3 5 4  )
G_LOOP:  1  0  6   	7.133980e-01	( 0 0 1 7 7 6  )
G_LOOP:  1  1  6   	7.231318e-01	( 0 0 2 7 7 5  )
G_LOOP:  1  2  6   	7.177161e-01	( 0 0 3 7 7 4  )
G_LOOP:  1  3  6   	7.170766e-01	( 1 1 0 6 6 7  )
G_LOOP:  1  4  6   	7.130472e-01	( 1 1 2 6 6 5  )
G_LOOP:  1  5  6   	7.151839e-01	( 1 1 3 6 6 4  )
G_LOOP:  1  6  6   	7.140978e-01	( 2 2 0 5 5 7  )
G_LOOP:  1  7  6   	7.130462e-01	( 2 2 1 5 5 6  )
G_LOOP:  1  8  6   	7.153132e-01	( 2 2 3 5 5 4  )
G_LOOP:  1  9  6   	7.117251e-01	( 3 3 0 4 4 7  )
G_LOOP:  1  10  6   	7.125768e-01	( 3 3 1 4 4 6  )
G_LOOP:  1  11  6   	7.086897e-01	( 3 3 2 4 4 5  )
G_LOOP:  2  0  6   	7.351040e-01	( 0 1 2 7 6 5  )
G_LOOP:  2  1  6   	7.280939e-01	( 0 1 5 7 6 2  )
G_LOOP:  2  2  6   	7.308180e-01	( 0 6 2 7 1 5  )
G_LOOP:  2  3  6   	7.304092e-01	( 0 6 5 7 1 2  )
G_LOOP:  2  4  6   	7.341810e-01	( 0 1 3 7 6 4  )
G_LOOP:  2  5  6   	7.318136e-01	( 0 1 4 7 6 3  )
G_LOOP:  2  6  6   	7.295944e-01	( 0 6 3 7 1 4  )
G_LOOP:  2  7  6   	7.277577e-01	( 0 6 4 7 1 3  )
G_LOOP:  2  8  6   	7.329565e-01	( 0 2 3 7 5 4  )
G_LOOP:  2  9  6   	7.324030e-01	( 0 2 4 7 5 3  )
G_LOOP:  2  10  6   	7.299320e-01	( 0 5 3 7 2 4  )
G_LOOP:  2  11  6   	7.308683e-01	( 0 5 4 7 2 3  )
G_LOOP:  2  12  6   	7.322426e-01	( 1 2 3 6 5 4  )
G_LOOP:  2  13  6   	7.340319e-01	( 1 2 4 6 5 3  )
G_LOOP:  2  14  6   	7.346669e-01	( 1 5 3 6 2 4  )
G_LOOP:  2  15  6   	7.309851e-01	( 1 5 4 6 2 3  )
GACTION: 6.654834e+00
CONGRAD5: time = 3.693609e-01 (fn F) masses = 1 iters = 602 mflops = 2.228685e+03
 OK converged final_rsq= 7.5e-11 (cf 1e-10) rel = 1 (cf 0) restarts = 3 iters= 602
CONGRAD5: time = 8.039594e-02 (fn F) masses = 1 iters = 130 mflops = 2.211121e+03
 OK converged final_rsq= 5e-11 (cf 1e-10) rel = 1 (cf 0) restarts = 2 iters= 130
PBP: mass 1.000000e-02     5.172191e-02  3.967773e-02  -4.749448e-03  -4.752535e-03 ( 1 of 1 )
FACTION: mass = 1.000000e-02,  1.499391e+00 ( 1 of 1 )
CONGRAD5: time = 4.509609e-01 (fn F) masses = 1 iters = 740 mflops = 2.243862e+03
 OK converged final_rsq= 5e-11 (cf 1e-10) rel = 1 (cf 0) restarts = 4 iters= 740
CONGRAD5: time = 4.822421e-02 (fn F) masses = 1 iters = 78 mflops = 2.211733e+03
 OK converged final_rsq= 9.9e-11 (cf 1e-10) rel = 1 (cf 0) restarts = 1 iters= 78
PBP: mass 1.000000e-02     4.471490e-02  6.322165e-02  -1.728046e-04  -1.750247e-04 ( 1 of 1 )
FACTION: mass = 1.000000e-02,  1.497018e+00 ( 1 of 1 )
CONGRAD5: time = 4.665880e-01 (fn F) masses = 1 iters = 768 mflops = 2.250769e+03
 OK converged final_rsq= 4.9e-11 (cf 1e-10) rel = 1 (cf 0) restarts = 4 iters= 768
CONGRAD5: time = 4.408150e-01 (fn F) masses = 1 iters = 727 mflops = 2.255180e+03
 OK converged final_rsq= 9.9e-11 (cf 1e-10) rel = 1 (cf 0) restarts = 3 iters= 727
GFTIME:   time = 7.070303e-02 (Symanzik1) mflops = 2.492971e+03
FFTIME:  time = 1.557491e-01 (asqtad3) terms = 2 mflops = 3.209850e+03
CONGRAD5: time = 4.786530e-01 (fn F) masses = 1 iters = 787 mflops = 2.248315e+03
 OK converged final_rsq= 5e-11 (cf 1e-10) rel = 1 (cf 0) restarts = 4 iters= 787
CONGRAD5: time = 4.689958e-01 (fn F) masses = 1 iters = 772 mflops = 2.250876e+03
 OK converged final_rsq= 5e-11 (cf 1e-10) rel = 1 (cf 0) restarts = 4 iters= 772
GFTIME:   time = 7.057905e-02 (Symanzik1) mflops = 2.497350e+03
FFTIME:  time = 1.555359e-01 (asqtad3) terms = 2 mflops = 3.214248e+03
CONGRAD5: time = 4.763770e-01 (fn F) masses = 1 iters = 785 mflops = 2.253316e+03
 OK converged final_rsq= 1e-10 (cf 1e-10) rel = 1 (cf 0) restarts = 3 iters= 785
CONGRAD5: time = 4.455831e-01 (fn F) masses = 1 iters = 734 mflops = 2.252530e+03
 OK converged final_rsq= 5e-11 (cf 1e-10) rel = 1 (cf 0) restarts = 4 iters= 734
GFTIME:   time = 7.055998e-02 (Symanzik1) mflops = 2.498025e+03
FFTIME:  time = 1.558039e-01 (asqtad3) terms = 2 mflops = 3.208720e+03
CONGRAD5: time = 4.701850e-01 (fn F) masses = 1 iters = 774 mflops = 2.250999e+03
 OK converged final_rsq= 5e-11 (cf 1e-10) rel = 1 (cf 0) restarts = 4 iters= 774
CONGRAD5: time = 4.483020e-01 (fn F) masses = 1 iters = 738 mflops = 2.251069e+03
 OK converged final_rsq= 1e-10 (cf 1e-10) rel = 1 (cf 0) restarts = 3 iters= 738
GFTIME:   time = 7.057500e-02 (Symanzik1) mflops = 2.497494e+03
FFTIME:  time = 1.556940e-01 (asqtad3) terms = 2 mflops = 3.210985e+03
CONGRAD5: time = 4.657991e-01 (fn F) masses = 1 iters = 766 mflops = 2.248709e+03
 OK converged final_rsq= 5e-11 (cf 1e-10) rel = 1 (cf 0) restarts = 4 iters= 766
CONGRAD5: time = 4.456320e-01 (fn F) masses = 1 iters = 734 mflops = 2.252283e+03
 OK converged final_rsq= 9.9e-11 (cf 1e-10) rel = 1 (cf 0) restarts = 3 iters= 734
GFTIME:   time = 7.052898e-02 (Symanzik1) mflops = 2.499123e+03
FFTIME:  time = 1.555691e-01 (asqtad3) terms = 2 mflops = 3.213564e+03
CONGRAD5: time = 4.714370e-01 (fn F) masses = 1 iters = 775 mflops = 2.247922e+03
 OK converged final_rsq= 5e-11 (cf 1e-10) rel = 1 (cf 0) restarts = 4 iters= 775
CONGRAD5: time = 4.511130e-01 (fn F) masses = 1 iters = 742 mflops = 2.249167e+03
 OK converged final_rsq= 5e-11 (cf 1e-10) rel = 1 (cf 0) restarts = 4 iters= 742
GFTIME:   time = 7.066488e-02 (Symanzik1) mflops = 2.494317e+03
FFTIME:  time = 1.558130e-01 (asqtad3) terms = 2 mflops = 3.208533e+03
CONGRAD5: time = 4.779410e-01 (fn F) masses = 1 iters = 786 mflops = 2.248803e+03
 OK converged final_rsq= 5e-11 (cf 1e-10) rel = 1 (cf 0) restarts = 4 iters= 786
CONGRAD5: time = 4.646859e-01 (fn F) masses = 1 iters = 765 mflops = 2.251154e+03
 OK converged final_rsq= 5e-11 (cf 1e-10) rel = 1 (cf 0) restarts = 4 iters= 765
GFTIME:   time = 7.037997e-02 (Symanzik1) mflops = 2.504414e+03
FFTIME:  time = 1.561019e-01 (asqtad3) terms = 2 mflops = 3.202594e+03
CONGRAD5: time = 4.548590e-01 (fn F) masses = 1 iters = 743 mflops = 2.233650e+03
 OK converged final_rsq= 5e-11 (cf 1e-10) rel = 1 (cf 0) restarts = 4 iters= 743
CONGRAD5: time = 5.513251e-01 (fn F) masses = 1 iters = 753 mflops = 1.867628e+03
 OK converged final_rsq= 1e-10 (cf 1e-10) rel = 1 (cf 0) restarts = 3 iters= 753
GFTIME:   time = 1.134112e-01 (Symanzik1) mflops = 1.554173e+03
FFTIME:  time = 1.892381e-01 (asqtad3) terms = 2 mflops = 2.641811e+03
CONGRAD5: time = 4.876521e-01 (fn F) masses = 1 iters = 770 mflops = 2.159155e+03
 OK converged final_rsq= 5e-11 (cf 1e-10) rel = 1 (cf 0) restarts = 4 iters= 770
CONGRAD5: time = 4.653699e-01 (fn F) masses = 1 iters = 731 mflops = 2.147941e+03
 OK converged final_rsq= 9.9e-11 (cf 1e-10) rel = 1 (cf 0) restarts = 3 iters= 731
GFTIME:   time = 7.112002e-02 (Symanzik1) mflops = 2.478354e+03
FFTIME:  time = 1.561410e-01 (asqtad3) terms = 2 mflops = 3.201792e+03
CONGRAD5: time = 4.710982e-01 (fn F) masses = 1 iters = 771 mflops = 2.237928e+03
 OK converged final_rsq= 5e-11 (cf 1e-10) rel = 1 (cf 0) restarts = 4 iters= 771
CONGRAD5: time = 4.434140e-01 (fn F) masses = 1 iters = 726 mflops = 2.238878e+03
 OK converged final_rsq= 9.9e-11 (cf 1e-10) rel = 1 (cf 0) restarts = 3 iters= 726
GFTIME:   time = 7.055283e-02 (Symanzik1) mflops = 2.498278e+03
FFTIME:  time = 1.552041e-01 (asqtad3) terms = 2 mflops = 3.221122e+03
CONGRAD5: time = 4.701099e-01 (fn F) masses = 1 iters = 774 mflops = 2.251359e+03
 OK converged final_rsq= 5e-11 (cf 1e-10) rel = 1 (cf 0) restarts = 4 iters= 774
CONGRAD5: time = 4.532340e-01 (fn F) masses = 1 iters = 747 mflops = 2.253727e+03
 OK converged final_rsq= 5e-11 (cf 1e-10) rel = 1 (cf 0) restarts = 4 iters= 747
GFTIME:   time = 7.073998e-02 (Symanzik1) mflops = 2.491669e+03
FFTIME:  time = 1.557000e-01 (asqtad3) terms = 2 mflops = 3.210862e+03
CONGRAD5: time = 4.785678e-01 (fn F) masses = 1 iters = 788 mflops = 2.251572e+03
 OK converged final_rsq= 4.9e-11 (cf 1e-10) rel = 1 (cf 0) restarts = 4 iters= 788
CONGRAD5: time = 4.479680e-01 (fn F) masses = 1 iters = 739 mflops = 2.255800e+03
 OK converged final_rsq= 9.9e-11 (cf 1e-10) rel = 1 (cf 0) restarts = 3 iters= 739
GFTIME:   time = 7.050204e-02 (Symanzik1) mflops = 2.500078e+03
FFTIME:  time = 1.554639e-01 (asqtad3) terms = 2 mflops = 3.215737e+03
CONGRAD5: time = 4.597490e-01 (fn F) masses = 1 iters = 757 mflops = 2.251533e+03
 OK converged final_rsq= 5e-11 (cf 1e-10) rel = 1 (cf 0) restarts = 4 iters= 757
CONGRAD5: time = 4.600151e-01 (fn F) masses = 1 iters = 758 mflops = 2.253203e+03
 OK converged final_rsq= 5e-11 (cf 1e-10) rel = 1 (cf 0) restarts = 4 iters= 758
GFTIME:   time = 7.052708e-02 (Symanzik1) mflops = 2.499191e+03
FFTIME:  time = 1.559949e-01 (asqtad3) terms = 2 mflops = 3.204792e+03
CONGRAD5: time = 4.675741e-01 (fn F) masses = 1 iters = 770 mflops = 2.251871e+03
 OK converged final_rsq= 5e-11 (cf 1e-10) rel = 1 (cf 0) restarts = 4 iters= 770
CONGRAD5: time = 4.539201e-01 (fn F) masses = 1 iters = 746 mflops = 2.247308e+03
 OK converged final_rsq= 5e-11 (cf 1e-10) rel = 1 (cf 0) restarts = 4 iters= 746
GFTIME:   time = 7.065797e-02 (Symanzik1) mflops = 2.494561e+03
FFTIME:  time = 1.554070e-01 (asqtad3) terms = 2 mflops = 3.216916e+03
CONGRAD5: time = 4.630630e-01 (fn F) masses = 1 iters = 763 mflops = 2.253137e+03
 OK converged final_rsq= 5e-11 (cf 1e-10) rel = 1 (cf 0) restarts = 4 iters= 763
CONGRAD5: time = 4.569130e-01 (fn F) masses = 1 iters = 753 mflops = 2.253537e+03
 OK converged final_rsq= 1e-10 (cf 1e-10) rel = 1 (cf 0) restarts = 3 iters= 753
GFTIME:   time = 7.063103e-02 (Symanzik1) mflops = 2.495512e+03
FFTIME:  time = 1.557050e-01 (asqtad3) terms = 2 mflops = 3.210759e+03
PLAQ:	1.459433	1.458465
P_LOOP:	1.615890e-02	-8.026712e-03
G_LOOP:  0  0  4   	1.459195e+00	( 0 1 7 6  )
G_LOOP:  0  1  4   	1.460791e+00	( 0 2 7 5  )
G_LOOP:  0  2  4   	1.460614e+00	( 0 3 7 4  )
G_LOOP:  0  3  4   	1.458314e+00	( 1 2 6 5  )
G_LOOP:  0  4  4   	1.457892e+00	( 1 3 6 4  )
G_LOOP:  0  5  4   	1.456888e+00	( 2 3 5 4  )
G_LOOP:  1  0  6   	6.983939e-01	( 0 0 1 7 7 6  )
G_LOOP:  1  1  6   	7.042719e-01	( 0 0 2 7 7 5  )
G_LOOP:  1  2  6   	7.000097e-01	( 0 0 3 7 7 4  )
G_LOOP:  1  3  6   	6.967192e-01	( 1 1 0 6 6 7  )
G_LOOP:  1  4  6   	6.984864e-01	( 1 1 2 6 6 5  )
G_LOOP:  1  5  6   	6.968441e-01	( 1 1 3 6 6 4  )
G_LOOP:  1  6  6   	6.998432e-01	( 2 2 0 5 5 7  )
G_LOOP:  1  7  6   	6.985943e-01	( 2 2 1 5 5 6  )
G_LOOP:  1  8  6   	6.990863e-01	( 2 2 3 5 5 4  )
G_LOOP:  1  9  6   	6.999809e-01	( 3 3 0 4 4 7  )
G_LOOP:  1  10  6   	6.973355e-01	( 3 3 1 4 4 6  )
G_LOOP:  1  11  6   	6.941445e-01	( 3 3 2 4 4 5  )
G_LOOP:  2  0  6   	7.139080e-01	( 0 1 2 7 6 5  )
G_LOOP:  2  1  6   	7.119920e-01	( 0 1 5 7 6 2  )
G_LOOP:  2  2  6   	7.117254e-01	( 0 6 2 7 1 5  )
G_LOOP:  2  3  6   	7.124687e-01	( 0 6 5 7 1 2  )
G_LOOP:  2  4  6   	7.159880e-01	( 0 1 3 7 6 4  )
G_LOOP:  2  5  6   	7.136556e-01	( 0 1 4 7 6 3  )
G_LOOP:  2  6  6   	7.124254e-01	( 0 6 3 7 1 4  )
G_LOOP:  2  7  6   	7.110729e-01	( 0 6 4 7 1 3  )
G_LOOP:  2  8  6   	7.144444e-01	( 0 2 3 7 5 4  )
G_LOOP:  2  9  6   	7.125228e-01	( 0 2 4 7 5 3  )
G_LOOP:  2  10  6   	7.149983e-01	( 0 5 3 7 2 4  )
G_LOOP:  2  11  6   	7.100563e-01	( 0 5 4 7 2 3  )
G_LOOP:  2  12  6   	7.109843e-01	( 1 2 3 6 5 4  )
G_LOOP:  2  13  6   	7.097229e-01	( 1 2 4 6 5 3  )
G_LOOP:  2  14  6   	7.117955e-01	( 1 5 3 6 2 4  )
G_LOOP:  2  15  6   	7.069325e-01	( 1 5 4 6 2 3  )
GACTION: 6.725127e+00
CONGRAD5: time = 4.399860e-01 (fn F) masses = 1 iters = 718 mflops = 2.231458e+03
 OK converged final_rsq= 5e-11 (cf 1e-10) rel = 1 (cf 0) restarts = 4 iters= 718
CONGRAD5: time = 4.671502e-02 (fn F) masses = 1 iters = 75 mflops = 2.195371e+03
 OK converged final_rsq= 1e-10 (cf 1e-10) rel = 1 (cf 0) restarts = 1 iters= 75
PBP: mass 1.000000e-02     6.464430e-02  5.646403e-02  3.676150e-03  3.676061e-03 ( 1 of 1 )
FACTION: mass = 1.000000e-02,  1.503793e+00 ( 1 of 1 )
CONGRAD5: time = 4.613969e-01 (fn F) masses = 1 iters = 755 mflops = 2.237564e+03
 OK converged final_rsq= 5e-11 (cf 1e-10) rel = 1 (cf 0) restarts = 4 iters= 755
CONGRAD5: time = 4.704094e-02 (fn F) masses = 1 iters = 76 mflops = 2.209229e+03
 OK converged final_rsq= 9.8e-11 (cf 1e-10) rel = 1 (cf 0) restarts = 1 iters= 76
PBP: mass 1.000000e-02     6.353492e-02  4.823133e-02  -5.438112e-03  -5.433117e-03 ( 1 of 1 )
FACTION: mass = 1.000000e-02,  1.504196e+00 ( 1 of 1 )
RUNNING COMPLETED
average cg iters for step= 1.451250e+03
Time = 7.823107e+01 seconds
total_iters = 181038
Checksums f5dc514d a700d500
Saved gauge configuration in parallel to binary file lat_p64_size64_2
Time stamp Tue May 17 20:58:07 2022
Wrote info file lat_p64_size64_2.info
Time to save = 2.682528e-01
CHECK PLAQ: 1.459433e+00 1.458465e+00
CHECK NERSC LINKTR: 1.436480e-01 CKSUM: 409d2cae


get_i(0): EOF on input.
Elapsed total time: 86.234947
exit: Tue May 17 20:58:07 2022

