cpu-bind=MASK - ault01, task  2  2 [1106999]: mask 0x4000000004 set
cpu-bind=MASK - ault01, task  7  7 [1107004]: mask 0x200000000200000 set
cpu-bind=MASK - ault01, task  8  8 [1107005]: mask 0x20000000020 set
cpu-bind=MASK - ault01, task 12 12 [1107009]: mask 0x80000000080 set
cpu-bind=MASK - ault01, task  0  0 [1106997]: mask 0x2000000002 set
cpu-bind=MASK - ault01, task 14 14 [1107011]: mask 0x100000000100 set
cpu-bind=MASK - ault01, task 15 15 [1107012]: mask 0x2000000002000000 set
cpu-bind=MASK - ault01, task 23 23 [1107020]: mask 0x4000000004000 set
cpu-bind=MASK - ault01, task  4  4 [1107001]: mask 0x8000000008 set
cpu-bind=MASK - ault01, task  5  5 [1107002]: mask 0x100000000100000 set
cpu-bind=MASK - ault01, task  1  1 [1106998]: mask 0x40000000040000 set
cpu-bind=MASK - ault01, task 20 20 [1107017]: mask 0x800000000800 set
cpu-bind=MASK - ault01, task 25 25 [1107022]: mask 0x10000000010000 set
cpu-bind=MASK - ault01, task  3  3 [1107000]: mask 0x80000000080000 set
cpu-bind=MASK - ault01, task 11 11 [1107008]: mask 0x800000000800000 set
cpu-bind=MASK - ault01, task 16 16 [1107013]: mask 0x200000000200 set
cpu-bind=MASK - ault01, task 19 19 [1107016]: mask 0x8000000008000000 set
cpu-bind=MASK - ault01, task 22 22 [1107019]: mask 0x2000000002000 set
cpu-bind=MASK - ault01, task  6  6 [1107003]: mask 0x10000000010 set
cpu-bind=MASK - ault01, task 10 10 [1107007]: mask 0x40000000040 set
cpu-bind=MASK - ault01, task 13 13 [1107010]: mask 0x1000000001000000 set
cpu-bind=MASK - ault01, task 18 18 [1107015]: mask 0x400000000400 set
cpu-bind=MASK - ault01, task 21 21 [1107018]: mask 0x1000000001000 set
cpu-bind=MASK - ault01, task 17 17 [1107014]: mask 0x4000000004000000 set
cpu-bind=MASK - ault01, task 26 26 [1107023]: mask 0x20000000020000 set
cpu-bind=MASK - ault01, task 24 24 [1107021]: mask 0x8000000008000 set
cpu-bind=MASK - ault01, task  9  9 [1107006]: mask 0x400000000400000 set
Running problem size 18^3 per domain until completion
Num processors: 27
Num threads: 1
Total number of elements: 157464 

To run other sizes, use -s <integer>.
To run a fixed number of iterations, use -i <integer>.
To run a more or less balanced region set, use -b <integer>.
To change the relative costs of regions, use -c <integer>.
To print out progress, use -p
To write an output file for VisIt, use -v
See help (-h) for more options

Run completed:
   Problem size        =  18
   MPI tasks           =  27
   Iteration count     =  1809
   Final Origin Energy =  5.892090e+05
   Testing Plane 0 of Energy Array on rank 0:
        MaxAbsDiff   = 9.458745e-11
        TotalAbsDiff = 2.021466e-09
        MaxRelDiff   = 1.732521e-14

Elapsed time         = 48.66869484 (s)
Grind time (us/z/c)  =   4.613108 (per dom)  ( 48.668695 overall)
FOM                  =  5852.8871 (z/s)

