SU3 with improved KS action
Microcanonical simulation with refreshing
R algorithm
MIMD version 7.8.1
Machine = MPI (portable), with 64 nodes
Host(0) = nid00234
Username = mcopik
Options selected...
Generic single precision
C_GLOBAL_INLINE
DBLSTORE_FN
D_FN_GATHER13
FEWSUMS
KS_MULTIFF=FNMAT
VECLENGTH=4
type 0 for no prompts, 1 for prompts, or 2 for proofreading
nflavors1 2
nflavors2 1
nx 16
ny 16
nz 16
nt 36
iseed 5682304
LAYOUT = Hypercubes, options = hyper_prime,
automatic hyper_prime layout
ON EACH NODE 4 x 8 x 8 x 9
Mallocing 2.3 MBytes per node for lattice
WARNING!!: Resetting random seed
Made lattice
Made nn gathers
Made 3nn gathers
Finished setup


warms 0
trajecs 4
traj_between_meas 1
beta 5.6
mass1 0.125
mass2 0.125
u0 0.8441
microcanonical_time_step 0.2
steps_per_trajectory 5
max_cg_iterations 100
max_cg_restarts 5
error_per_site 0.125
error_for_propagator 0.125
npbp_reps 1
prec_pbp 1
fresh 
save_parallel lat_p64_size64_1
unit gauge configuration loaded
CHECK PLAQ: 3.000000e+00 3.000000e+00
CHECK NERSC LINKTR: 1.000000e+00 CKSUM: 0
Unitarity checked.  Max deviation 0.00e+00
Time to check unitarity = 6.661415e-04
"O(a^2): couplings(pi)=0, Naik term, No O(a^2) errors, tadpole weights"
path coefficients: npath  path_coeff  multiplicity
                    0      6.250000e-01     8
                    1      -5.847914e-02     8
                    2      -8.771871e-02     48
                    3      3.077829e-02     192
                    4      -7.199551e-03     384
                    5      -1.231132e-01     48
Symanzik 1x1 + 1x2 + 1x1x1 action
gauge_action: total_dyn_flavors = 3
loop coefficients: nloop rep loop_coeff  multiplicity
                    0 0      1.000000e+00     6
                    1 0      -7.762509e-02     12
                    2 0      -1.031171e-02     16
WARMUPS COMPLETED
CONGRAD5: time = 9.891987e-03 (fn F) masses = 1 iters = 4 mflops = 1.105884e+03
 OK converged final_rsq= 0.006 (cf 0.016) rel = 1 (cf 0) restarts = 1 iters= 4
CONGRAD5: time = 8.521080e-03 (fn F) masses = 1 iters = 4 mflops = 1.283803e+03
 OK converged final_rsq= 0.0059 (cf 0.016) rel = 1 (cf 0) restarts = 1 iters= 4
GFTIME:   time = 1.399291e-01 (Symanzik1) mflops = 2.519285e+03
FFTIME:  time = 3.930809e-01 (asqtad3) terms = 2 mflops = 2.543655e+03
CONGRAD5: time = 8.260965e-03 (fn F) masses = 1 iters = 4 mflops = 1.324227e+03
 OK converged final_rsq= 0.01 (cf 0.016) rel = 1 (cf 0) restarts = 1 iters= 4
CONGRAD5: time = 7.912159e-03 (fn F) masses = 1 iters = 4 mflops = 1.382605e+03
 OK converged final_rsq= 0.0097 (cf 0.016) rel = 1 (cf 0) restarts = 1 iters= 4
GFTIME:   time = 1.402009e-01 (Symanzik1) mflops = 2.514401e+03
FFTIME:  time = 3.893518e-01 (asqtad3) terms = 2 mflops = 2.568017e+03
CONGRAD5: time = 8.107901e-03 (fn F) masses = 1 iters = 4 mflops = 1.349226e+03
 OK converged final_rsq= 0.014 (cf 0.016) rel = 1 (cf 0) restarts = 1 iters= 4
CONGRAD5: time = 7.786036e-03 (fn F) masses = 1 iters = 4 mflops = 1.405002e+03
 OK converged final_rsq= 0.014 (cf 0.016) rel = 1 (cf 0) restarts = 1 iters= 4
GFTIME:   time = 1.405141e-01 (Symanzik1) mflops = 2.508795e+03
FFTIME:  time = 4.011381e-01 (asqtad3) terms = 2 mflops = 2.492564e+03
CONGRAD5: time = 8.296967e-03 (fn F) masses = 1 iters = 4 mflops = 1.318481e+03
 OK converged final_rsq= 0.013 (cf 0.016) rel = 1 (cf 0) restarts = 1 iters= 4
CONGRAD5: time = 7.886887e-03 (fn F) masses = 1 iters = 4 mflops = 1.387036e+03
 OK converged final_rsq= 0.013 (cf 0.016) rel = 1 (cf 0) restarts = 1 iters= 4
GFTIME:   time = 1.409070e-01 (Symanzik1) mflops = 2.501800e+03
FFTIME:  time = 4.159360e-01 (asqtad3) terms = 2 mflops = 2.403885e+03
CONGRAD5: time = 8.542061e-03 (fn F) masses = 1 iters = 4 mflops = 1.280650e+03
 OK converged final_rsq= 0.011 (cf 0.016) rel = 1 (cf 0) restarts = 1 iters= 4
CONGRAD5: time = 8.287907e-03 (fn F) masses = 1 iters = 4 mflops = 1.319922e+03
 OK converged final_rsq= 0.011 (cf 0.016) rel = 1 (cf 0) restarts = 1 iters= 4
GFTIME:   time = 1.409240e-01 (Symanzik1) mflops = 2.501499e+03
FFTIME:  time = 4.165671e-01 (asqtad3) terms = 2 mflops = 2.400243e+03
PLAQ:	2.348688	2.349026
P_LOOP:	2.691399e-03	4.211936e-03
G_LOOP:  0  0  4   	2.347009e+00	( 0 1 7 6  )
G_LOOP:  0  1  4   	2.349642e+00	( 0 2 7 5  )
G_LOOP:  0  2  4   	2.349649e+00	( 0 3 7 4  )
G_LOOP:  0  3  4   	2.349413e+00	( 1 2 6 5  )
G_LOOP:  0  4  4   	2.348984e+00	( 1 3 6 4  )
G_LOOP:  0  5  4   	2.348445e+00	( 2 3 5 4  )
G_LOOP:  1  0  6   	1.771316e+00	( 0 0 1 7 7 6  )
G_LOOP:  1  1  6   	1.776566e+00	( 0 0 2 7 7 5  )
G_LOOP:  1  2  6   	1.776867e+00	( 0 0 3 7 7 4  )
G_LOOP:  1  3  6   	1.770503e+00	( 1 1 0 6 6 7  )
G_LOOP:  1  4  6   	1.777199e+00	( 1 1 2 6 6 5  )
G_LOOP:  1  5  6   	1.774381e+00	( 1 1 3 6 6 4  )
G_LOOP:  1  6  6   	1.775959e+00	( 2 2 0 5 5 7  )
G_LOOP:  1  7  6   	1.775263e+00	( 2 2 1 5 5 6  )
G_LOOP:  1  8  6   	1.775328e+00	( 2 2 3 5 5 4  )
G_LOOP:  1  9  6   	1.777224e+00	( 3 3 0 4 4 7  )
G_LOOP:  1  10  6   	1.775937e+00	( 3 3 1 4 4 6  )
G_LOOP:  1  11  6   	1.773587e+00	( 3 3 2 4 4 5  )
G_LOOP:  2  0  6   	1.821641e+00	( 0 1 2 7 6 5  )
G_LOOP:  2  1  6   	1.822607e+00	( 0 1 5 7 6 2  )
G_LOOP:  2  2  6   	1.821059e+00	( 0 6 2 7 1 5  )
G_LOOP:  2  3  6   	1.820510e+00	( 0 6 5 7 1 2  )
G_LOOP:  2  4  6   	1.821227e+00	( 0 1 3 7 6 4  )
G_LOOP:  2  5  6   	1.818580e+00	( 0 1 4 7 6 3  )
G_LOOP:  2  6  6   	1.821414e+00	( 0 6 3 7 1 4  )
G_LOOP:  2  7  6   	1.820217e+00	( 0 6 4 7 1 3  )
G_LOOP:  2  8  6   	1.822495e+00	( 0 2 3 7 5 4  )
G_LOOP:  2  9  6   	1.822749e+00	( 0 2 4 7 5 3  )
G_LOOP:  2  10  6   	1.824359e+00	( 0 5 3 7 2 4  )
G_LOOP:  2  11  6   	1.822564e+00	( 0 5 4 7 2 3  )
G_LOOP:  2  12  6   	1.823449e+00	( 1 2 3 6 5 4  )
G_LOOP:  2  13  6   	1.821729e+00	( 1 2 4 6 5 3  )
G_LOOP:  2  14  6   	1.821191e+00	( 1 5 3 6 2 4  )
G_LOOP:  2  15  6   	1.821120e+00	( 1 5 4 6 2 3  )
GACTION: 2.571373e+00
CONGRAD5: time = 8.344173e-03 (fn F) masses = 1 iters = 4 mflops = 1.311022e+03
 OK converged final_rsq= 0.01 (cf 0.016) rel = 1 (cf 0) restarts = 1 iters= 4
CONGRAD5: time = 1.082492e-02 (fn F) masses = 1 iters = 6 mflops = 1.515862e+03
 OK converged final_rsq= 0.0091 (cf 0.016) rel = 1 (cf 0) restarts = 1 iters= 6
PBP: mass 1.250000e-01     6.812841e-02  9.727044e-02  2.709919e-03  2.812244e-03 ( 1 of 1 )
FACTION: mass = 1.250000e-01,  1.464836e+00 ( 1 of 1 )
CONGRAD5: time = 8.222818e-03 (fn F) masses = 1 iters = 4 mflops = 1.330370e+03
 OK converged final_rsq= 0.01 (cf 0.016) rel = 1 (cf 0) restarts = 1 iters= 4
CONGRAD5: time = 1.058102e-02 (fn F) masses = 1 iters = 6 mflops = 1.550804e+03
 OK converged final_rsq= 0.009 (cf 0.016) rel = 1 (cf 0) restarts = 1 iters= 6
PBP: mass 1.250000e-01     7.051055e-02  9.381208e-02  -7.107934e-04  -4.977023e-04 ( 1 of 1 )
FACTION: mass = 1.250000e-01,  1.468086e+00 ( 1 of 1 )
CONGRAD5: time = 7.973909e-03 (fn F) masses = 1 iters = 4 mflops = 1.371898e+03
 OK converged final_rsq= 0.011 (cf 0.016) rel = 1 (cf 0) restarts = 1 iters= 4
CONGRAD5: time = 7.771015e-03 (fn F) masses = 1 iters = 4 mflops = 1.407717e+03
 OK converged final_rsq= 0.011 (cf 0.016) rel = 1 (cf 0) restarts = 1 iters= 4
GFTIME:   time = 1.416712e-01 (Symanzik1) mflops = 2.488306e+03
FFTIME:  time = 4.264562e-01 (asqtad3) terms = 2 mflops = 2.344584e+03
CONGRAD5: time = 1.095295e-02 (fn F) masses = 1 iters = 5 mflops = 1.248453e+03
 OK converged final_rsq= 0.007 (cf 0.016) rel = 1 (cf 0) restarts = 1 iters= 5
CONGRAD5: time = 7.709980e-03 (fn F) masses = 1 iters = 4 mflops = 1.418861e+03
 OK converged final_rsq= 0.015 (cf 0.016) rel = 1 (cf 0) restarts = 1 iters= 4
GFTIME:   time = 1.392601e-01 (Symanzik1) mflops = 2.531388e+03
FFTIME:  time = 3.936620e-01 (asqtad3) terms = 2 mflops = 2.539901e+03
CONGRAD5: time = 1.195884e-02 (fn F) masses = 1 iters = 5 mflops = 1.143442e+03
 OK converged final_rsq= 0.0089 (cf 0.016) rel = 1 (cf 0) restarts = 1 iters= 5
CONGRAD5: time = 9.337187e-03 (fn F) masses = 1 iters = 5 mflops = 1.464492e+03
 OK converged final_rsq= 0.0085 (cf 0.016) rel = 1 (cf 0) restarts = 1 iters= 5
GFTIME:   time = 1.439550e-01 (Symanzik1) mflops = 2.448829e+03
FFTIME:  time = 3.874981e-01 (asqtad3) terms = 2 mflops = 2.580302e+03
CONGRAD5: time = 9.295940e-03 (fn F) masses = 1 iters = 5 mflops = 1.470990e+03
 OK converged final_rsq= 0.0085 (cf 0.016) rel = 1 (cf 0) restarts = 1 iters= 5
CONGRAD5: time = 8.992195e-03 (fn F) masses = 1 iters = 5 mflops = 1.520679e+03
 OK converged final_rsq= 0.0082 (cf 0.016) rel = 1 (cf 0) restarts = 1 iters= 5
GFTIME:   time = 1.396770e-01 (Symanzik1) mflops = 2.523831e+03
FFTIME:  time = 3.861010e-01 (asqtad3) terms = 2 mflops = 2.589639e+03
CONGRAD5: time = 9.824038e-03 (fn F) masses = 1 iters = 5 mflops = 1.391917e+03
 OK converged final_rsq= 0.0074 (cf 0.016) rel = 1 (cf 0) restarts = 1 iters= 5
CONGRAD5: time = 7.706881e-03 (fn F) masses = 1 iters = 4 mflops = 1.419432e+03
 OK converged final_rsq= 0.015 (cf 0.016) rel = 1 (cf 0) restarts = 1 iters= 4
GFTIME:   time = 1.397960e-01 (Symanzik1) mflops = 2.521683e+03
FFTIME:  time = 3.906109e-01 (asqtad3) terms = 2 mflops = 2.559740e+03
PLAQ:	2.014040	2.013665
P_LOOP:	1.283122e-02	1.480562e-02
G_LOOP:  0  0  4   	2.013689e+00	( 0 1 7 6  )
G_LOOP:  0  1  4   	2.013798e+00	( 0 2 7 5  )
G_LOOP:  0  2  4   	2.012642e+00	( 0 3 7 4  )
G_LOOP:  0  3  4   	2.014635e+00	( 1 2 6 5  )
G_LOOP:  0  4  4   	2.014011e+00	( 1 3 6 4  )
G_LOOP:  0  5  4   	2.014343e+00	( 2 3 5 4  )
G_LOOP:  1  0  6   	1.300633e+00	( 0 0 1 7 7 6  )
G_LOOP:  1  1  6   	1.303425e+00	( 0 0 2 7 7 5  )
G_LOOP:  1  2  6   	1.299099e+00	( 0 0 3 7 7 4  )
G_LOOP:  1  3  6   	1.303676e+00	( 1 1 0 6 6 7  )
G_LOOP:  1  4  6   	1.302897e+00	( 1 1 2 6 6 5  )
G_LOOP:  1  5  6   	1.303132e+00	( 1 1 3 6 6 4  )
G_LOOP:  1  6  6   	1.303209e+00	( 2 2 0 5 5 7  )
G_LOOP:  1  7  6   	1.303714e+00	( 2 2 1 5 5 6  )
G_LOOP:  1  8  6   	1.305115e+00	( 2 2 3 5 5 4  )
G_LOOP:  1  9  6   	1.302043e+00	( 3 3 0 4 4 7  )
G_LOOP:  1  10  6   	1.301676e+00	( 3 3 1 4 4 6  )
G_LOOP:  1  11  6   	1.300803e+00	( 3 3 2 4 4 5  )
G_LOOP:  2  0  6   	1.345070e+00	( 0 1 2 7 6 5  )
G_LOOP:  2  1  6   	1.347040e+00	( 0 1 5 7 6 2  )
G_LOOP:  2  2  6   	1.342372e+00	( 0 6 2 7 1 5  )
G_LOOP:  2  3  6   	1.343195e+00	( 0 6 5 7 1 2  )
G_LOOP:  2  4  6   	1.345218e+00	( 0 1 3 7 6 4  )
G_LOOP:  2  5  6   	1.345979e+00	( 0 1 4 7 6 3  )
G_LOOP:  2  6  6   	1.342793e+00	( 0 6 3 7 1 4  )
G_LOOP:  2  7  6   	1.343628e+00	( 0 6 4 7 1 3  )
G_LOOP:  2  8  6   	1.346200e+00	( 0 2 3 7 5 4  )
G_LOOP:  2  9  6   	1.344699e+00	( 0 2 4 7 5 3  )
G_LOOP:  2  10  6   	1.346948e+00	( 0 5 3 7 2 4  )
G_LOOP:  2  11  6   	1.344260e+00	( 0 5 4 7 2 3  )
G_LOOP:  2  12  6   	1.347968e+00	( 1 2 3 6 5 4  )
G_LOOP:  2  13  6   	1.348607e+00	( 1 2 4 6 5 3  )
G_LOOP:  2  14  6   	1.345432e+00	( 1 5 3 6 2 4  )
G_LOOP:  2  15  6   	1.349582e+00	( 1 5 4 6 2 3  )
GACTION: 4.062654e+00
CONGRAD5: time = 8.656979e-03 (fn F) masses = 1 iters = 4 mflops = 1.263650e+03
 OK converged final_rsq= 0.014 (cf 0.016) rel = 1 (cf 0) restarts = 1 iters= 4
CONGRAD5: time = 1.030803e-02 (fn F) masses = 1 iters = 6 mflops = 1.591875e+03
 OK converged final_rsq= 0.013 (cf 0.016) rel = 1 (cf 0) restarts = 1 iters= 6
PBP: mass 1.250000e-01     8.566921e-02  1.633068e-01  -1.732230e-03  -2.205862e-03 ( 1 of 1 )
FACTION: mass = 1.250000e-01,  1.449857e+00 ( 1 of 1 )
CONGRAD5: time = 8.686781e-03 (fn F) masses = 1 iters = 4 mflops = 1.259315e+03
 OK converged final_rsq= 0.014 (cf 0.016) rel = 1 (cf 0) restarts = 1 iters= 4
CONGRAD5: time = 1.029301e-02 (fn F) masses = 1 iters = 6 mflops = 1.594198e+03
 OK converged final_rsq= 0.013 (cf 0.016) rel = 1 (cf 0) restarts = 1 iters= 6
PBP: mass 1.250000e-01     8.497225e-02  1.671420e-01  1.389017e-03  1.363599e-03 ( 1 of 1 )
FACTION: mass = 1.250000e-01,  1.448984e+00 ( 1 of 1 )
CONGRAD5: time = 9.445906e-03 (fn F) masses = 1 iters = 5 mflops = 1.447637e+03
 OK converged final_rsq= 0.0074 (cf 0.016) rel = 1 (cf 0) restarts = 1 iters= 5
CONGRAD5: time = 8.065939e-03 (fn F) masses = 1 iters = 4 mflops = 1.356245e+03
 OK converged final_rsq= 0.016 (cf 0.016) rel = 1 (cf 0) restarts = 1 iters= 4
GFTIME:   time = 1.404719e-01 (Symanzik1) mflops = 2.509549e+03
FFTIME:  time = 4.088550e-01 (asqtad3) terms = 2 mflops = 2.445518e+03
CONGRAD5: time = 9.640932e-03 (fn F) masses = 1 iters = 5 mflops = 1.418352e+03
 OK converged final_rsq= 0.0093 (cf 0.016) rel = 1 (cf 0) restarts = 1 iters= 5
CONGRAD5: time = 9.228945e-03 (fn F) masses = 1 iters = 5 mflops = 1.481669e+03
 OK converged final_rsq= 0.0088 (cf 0.016) rel = 1 (cf 0) restarts = 1 iters= 5
GFTIME:   time = 1.403329e-01 (Symanzik1) mflops = 2.512035e+03
FFTIME:  time = 4.183991e-01 (asqtad3) terms = 2 mflops = 2.389733e+03
CONGRAD5: time = 9.299040e-03 (fn F) masses = 1 iters = 5 mflops = 1.470500e+03
 OK converged final_rsq= 0.011 (cf 0.016) rel = 1 (cf 0) restarts = 1 iters= 5
CONGRAD5: time = 9.057045e-03 (fn F) masses = 1 iters = 5 mflops = 1.509790e+03
 OK converged final_rsq= 0.01 (cf 0.016) rel = 1 (cf 0) restarts = 1 iters= 5
GFTIME:   time = 1.405392e-01 (Symanzik1) mflops = 2.508349e+03
FFTIME:  time = 4.053519e-01 (asqtad3) terms = 2 mflops = 2.466653e+03
CONGRAD5: time = 1.139498e-02 (fn F) masses = 1 iters = 5 mflops = 1.200023e+03
 OK converged final_rsq= 0.011 (cf 0.016) rel = 1 (cf 0) restarts = 1 iters= 5
CONGRAD5: time = 9.783030e-03 (fn F) masses = 1 iters = 5 mflops = 1.397751e+03
 OK converged final_rsq= 0.01 (cf 0.016) rel = 1 (cf 0) restarts = 1 iters= 5
GFTIME:   time = 1.391430e-01 (Symanzik1) mflops = 2.533518e+03
FFTIME:  time = 3.852940e-01 (asqtad3) terms = 2 mflops = 2.595063e+03
CONGRAD5: time = 9.196997e-03 (fn F) masses = 1 iters = 5 mflops = 1.486816e+03
 OK converged final_rsq= 0.01 (cf 0.016) rel = 1 (cf 0) restarts = 1 iters= 5
CONGRAD5: time = 8.975029e-03 (fn F) masses = 1 iters = 5 mflops = 1.523587e+03
 OK converged final_rsq= 0.0096 (cf 0.016) rel = 1 (cf 0) restarts = 1 iters= 5
GFTIME:   time = 1.386290e-01 (Symanzik1) mflops = 2.542912e+03
FFTIME:  time = 3.952200e-01 (asqtad3) terms = 2 mflops = 2.529888e+03
PLAQ:	1.792886	1.793338
P_LOOP:	-6.524748e-03	1.741557e-02
G_LOOP:  0  0  4   	1.792911e+00	( 0 1 7 6  )
G_LOOP:  0  1  4   	1.793237e+00	( 0 2 7 5  )
G_LOOP:  0  2  4   	1.793946e+00	( 0 3 7 4  )
G_LOOP:  0  3  4   	1.792510e+00	( 1 2 6 5  )
G_LOOP:  0  4  4   	1.793205e+00	( 1 3 6 4  )
G_LOOP:  0  5  4   	1.792863e+00	( 2 3 5 4  )
G_LOOP:  1  0  6   	1.024582e+00	( 0 0 1 7 7 6  )
G_LOOP:  1  1  6   	1.026102e+00	( 0 0 2 7 7 5  )
G_LOOP:  1  2  6   	1.028519e+00	( 0 0 3 7 7 4  )
G_LOOP:  1  3  6   	1.026685e+00	( 1 1 0 6 6 7  )
G_LOOP:  1  4  6   	1.026546e+00	( 1 1 2 6 6 5  )
G_LOOP:  1  5  6   	1.025324e+00	( 1 1 3 6 6 4  )
G_LOOP:  1  6  6   	1.026597e+00	( 2 2 0 5 5 7  )
G_LOOP:  1  7  6   	1.025157e+00	( 2 2 1 5 5 6  )
G_LOOP:  1  8  6   	1.024633e+00	( 2 2 3 5 5 4  )
G_LOOP:  1  9  6   	1.026735e+00	( 3 3 0 4 4 7  )
G_LOOP:  1  10  6   	1.026101e+00	( 3 3 1 4 4 6  )
G_LOOP:  1  11  6   	1.022430e+00	( 3 3 2 4 4 5  )
G_LOOP:  2  0  6   	1.059812e+00	( 0 1 2 7 6 5  )
G_LOOP:  2  1  6   	1.060557e+00	( 0 1 5 7 6 2  )
G_LOOP:  2  2  6   	1.058756e+00	( 0 6 2 7 1 5  )
G_LOOP:  2  3  6   	1.060241e+00	( 0 6 5 7 1 2  )
G_LOOP:  2  4  6   	1.062470e+00	( 0 1 3 7 6 4  )
G_LOOP:  2  5  6   	1.060506e+00	( 0 1 4 7 6 3  )
G_LOOP:  2  6  6   	1.058976e+00	( 0 6 3 7 1 4  )
G_LOOP:  2  7  6   	1.061780e+00	( 0 6 4 7 1 3  )
G_LOOP:  2  8  6   	1.065268e+00	( 0 2 3 7 5 4  )
G_LOOP:  2  9  6   	1.058724e+00	( 0 2 4 7 5 3  )
G_LOOP:  2  10  6   	1.058503e+00	( 0 5 3 7 2 4  )
G_LOOP:  2  11  6   	1.058115e+00	( 0 5 4 7 2 3  )
G_LOOP:  2  12  6   	1.060545e+00	( 1 2 3 6 5 4  )
G_LOOP:  2  13  6   	1.059196e+00	( 1 2 4 6 5 3  )
G_LOOP:  2  14  6   	1.059034e+00	( 1 5 3 6 2 4  )
G_LOOP:  2  15  6   	1.061206e+00	( 1 5 4 6 2 3  )
GACTION: 5.082307e+00
CONGRAD5: time = 1.024103e-02 (fn F) masses = 1 iters = 5 mflops = 1.335240e+03
 OK converged final_rsq= 0.0086 (cf 0.016) rel = 1 (cf 0) restarts = 1 iters= 5
CONGRAD5: time = 1.018786e-02 (fn F) masses = 1 iters = 6 mflops = 1.610650e+03
 OK converged final_rsq= 0.015 (cf 0.016) rel = 1 (cf 0) restarts = 1 iters= 6
PBP: mass 1.250000e-01     1.094033e-01  3.030200e-01  -1.112299e-03  -4.992905e-04 ( 1 of 1 )
FACTION: mass = 1.250000e-01,  1.451542e+00 ( 1 of 1 )
CONGRAD5: time = 9.760141e-03 (fn F) masses = 1 iters = 5 mflops = 1.401029e+03
 OK converged final_rsq= 0.0085 (cf 0.016) rel = 1 (cf 0) restarts = 1 iters= 5
CONGRAD5: time = 1.016593e-02 (fn F) masses = 1 iters = 6 mflops = 1.614126e+03
 OK converged final_rsq= 0.015 (cf 0.016) rel = 1 (cf 0) restarts = 1 iters= 6
PBP: mass 1.250000e-01     1.075303e-01  2.973076e-01  8.333416e-04  3.848426e-04 ( 1 of 1 )
FACTION: mass = 1.250000e-01,  1.457298e+00 ( 1 of 1 )
CONGRAD5: time = 9.228945e-03 (fn F) masses = 1 iters = 5 mflops = 1.481669e+03
 OK converged final_rsq= 0.01 (cf 0.016) rel = 1 (cf 0) restarts = 1 iters= 5
CONGRAD5: time = 8.976936e-03 (fn F) masses = 1 iters = 5 mflops = 1.523264e+03
 OK converged final_rsq= 0.0096 (cf 0.016) rel = 1 (cf 0) restarts = 1 iters= 5
GFTIME:   time = 1.405830e-01 (Symanzik1) mflops = 2.507566e+03
FFTIME:  time = 3.857660e-01 (asqtad3) terms = 2 mflops = 2.591888e+03
CONGRAD5: time = 9.282112e-03 (fn F) masses = 1 iters = 5 mflops = 1.473182e+03
 OK converged final_rsq= 0.011 (cf 0.016) rel = 1 (cf 0) restarts = 1 iters= 5
CONGRAD5: time = 8.975983e-03 (fn F) masses = 1 iters = 5 mflops = 1.523425e+03
 OK converged final_rsq= 0.011 (cf 0.016) rel = 1 (cf 0) restarts = 1 iters= 5
GFTIME:   time = 1.395929e-01 (Symanzik1) mflops = 2.525352e+03
FFTIME:  time = 3.862059e-01 (asqtad3) terms = 2 mflops = 2.588936e+03
CONGRAD5: time = 9.289980e-03 (fn F) masses = 1 iters = 5 mflops = 1.471934e+03
 OK converged final_rsq= 0.012 (cf 0.016) rel = 1 (cf 0) restarts = 1 iters= 5
CONGRAD5: time = 8.963108e-03 (fn F) masses = 1 iters = 5 mflops = 1.525614e+03
 OK converged final_rsq= 0.012 (cf 0.016) rel = 1 (cf 0) restarts = 1 iters= 5
GFTIME:   time = 1.394310e-01 (Symanzik1) mflops = 2.528284e+03
FFTIME:  time = 3.912039e-01 (asqtad3) terms = 2 mflops = 2.555860e+03
CONGRAD5: time = 9.371042e-03 (fn F) masses = 1 iters = 5 mflops = 1.459202e+03
 OK converged final_rsq= 0.012 (cf 0.016) rel = 1 (cf 0) restarts = 1 iters= 5
CONGRAD5: time = 9.768009e-03 (fn F) masses = 1 iters = 5 mflops = 1.399900e+03
 OK converged final_rsq= 0.012 (cf 0.016) rel = 1 (cf 0) restarts = 1 iters= 5
GFTIME:   time = 1.403210e-01 (Symanzik1) mflops = 2.512248e+03
FFTIME:  time = 4.130199e-01 (asqtad3) terms = 2 mflops = 2.420857e+03
CONGRAD5: time = 9.750128e-03 (fn F) masses = 1 iters = 5 mflops = 1.402468e+03
 OK converged final_rsq= 0.012 (cf 0.016) rel = 1 (cf 0) restarts = 1 iters= 5
CONGRAD5: time = 9.441853e-03 (fn F) masses = 1 iters = 5 mflops = 1.448258e+03
 OK converged final_rsq= 0.012 (cf 0.016) rel = 1 (cf 0) restarts = 1 iters= 5
GFTIME:   time = 1.401210e-01 (Symanzik1) mflops = 2.515835e+03
FFTIME:  time = 4.170702e-01 (asqtad3) terms = 2 mflops = 2.397348e+03
PLAQ:	1.646692	1.646320
P_LOOP:	-1.809260e-03	-4.192977e-03
G_LOOP:  0  0  4   	1.645426e+00	( 0 1 7 6  )
G_LOOP:  0  1  4   	1.646758e+00	( 0 2 7 5  )
G_LOOP:  0  2  4   	1.647351e+00	( 0 3 7 4  )
G_LOOP:  0  3  4   	1.647890e+00	( 1 2 6 5  )
G_LOOP:  0  4  4   	1.646412e+00	( 1 3 6 4  )
G_LOOP:  0  5  4   	1.645196e+00	( 2 3 5 4  )
G_LOOP:  1  0  6   	8.568941e-01	( 0 0 1 7 7 6  )
G_LOOP:  1  1  6   	8.550501e-01	( 0 0 2 7 7 5  )
G_LOOP:  1  2  6   	8.602824e-01	( 0 0 3 7 7 4  )
G_LOOP:  1  3  6   	8.545273e-01	( 1 1 0 6 6 7  )
G_LOOP:  1  4  6   	8.581203e-01	( 1 1 2 6 6 5  )
G_LOOP:  1  5  6   	8.559285e-01	( 1 1 3 6 6 4  )
G_LOOP:  1  6  6   	8.565518e-01	( 2 2 0 5 5 7  )
G_LOOP:  1  7  6   	8.590375e-01	( 2 2 1 5 5 6  )
G_LOOP:  1  8  6   	8.532167e-01	( 2 2 3 5 5 4  )
G_LOOP:  1  9  6   	8.567114e-01	( 3 3 0 4 4 7  )
G_LOOP:  1  10  6   	8.563252e-01	( 3 3 1 4 4 6  )
G_LOOP:  1  11  6   	8.547166e-01	( 3 3 2 4 4 5  )
G_LOOP:  2  0  6   	8.837449e-01	( 0 1 2 7 6 5  )
G_LOOP:  2  1  6   	8.789823e-01	( 0 1 5 7 6 2  )
G_LOOP:  2  2  6   	8.808471e-01	( 0 6 2 7 1 5  )
G_LOOP:  2  3  6   	8.791515e-01	( 0 6 5 7 1 2  )
G_LOOP:  2  4  6   	8.778932e-01	( 0 1 3 7 6 4  )
G_LOOP:  2  5  6   	8.760607e-01	( 0 1 4 7 6 3  )
G_LOOP:  2  6  6   	8.773932e-01	( 0 6 3 7 1 4  )
G_LOOP:  2  7  6   	8.813887e-01	( 0 6 4 7 1 3  )
G_LOOP:  2  8  6   	8.788943e-01	( 0 2 3 7 5 4  )
G_LOOP:  2  9  6   	8.775574e-01	( 0 2 4 7 5 3  )
G_LOOP:  2  10  6   	8.799924e-01	( 0 5 3 7 2 4  )
G_LOOP:  2  11  6   	8.794070e-01	( 0 5 4 7 2 3  )
G_LOOP:  2  12  6   	8.783629e-01	( 1 2 3 6 5 4  )
G_LOOP:  2  13  6   	8.771963e-01	( 1 2 4 6 5 3  )
G_LOOP:  2  14  6   	8.786813e-01	( 1 5 3 6 2 4  )
G_LOOP:  2  15  6   	8.823708e-01	( 1 5 4 6 2 3  )
GACTION: 5.774347e+00
CONGRAD5: time = 9.703159e-03 (fn F) masses = 1 iters = 5 mflops = 1.409256e+03
 OK converged final_rsq= 0.01 (cf 0.016) rel = 1 (cf 0) restarts = 1 iters= 5
CONGRAD5: time = 1.171303e-02 (fn F) masses = 1 iters = 7 mflops = 1.634414e+03
 OK converged final_rsq= 0.0082 (cf 0.016) rel = 1 (cf 0) restarts = 1 iters= 7
PBP: mass 1.250000e-01     1.254022e-01  3.229574e-01  -1.733885e-04  6.277636e-04 ( 1 of 1 )
FACTION: mass = 1.250000e-01,  1.431768e+00 ( 1 of 1 )
CONGRAD5: time = 9.378195e-03 (fn F) masses = 1 iters = 5 mflops = 1.458089e+03
 OK converged final_rsq= 0.01 (cf 0.016) rel = 1 (cf 0) restarts = 1 iters= 5
CONGRAD5: time = 1.183295e-02 (fn F) masses = 1 iters = 7 mflops = 1.617849e+03
 OK converged final_rsq= 0.0082 (cf 0.016) rel = 1 (cf 0) restarts = 1 iters= 7
PBP: mass 1.250000e-01     1.243262e-01  3.214422e-01  3.359670e-03  2.962813e-03 ( 1 of 1 )
FACTION: mass = 1.250000e-01,  1.434419e+00 ( 1 of 1 )
RUNNING COMPLETED
average cg iters for step= 1.100000e+01
Time = 1.620801e+01 seconds
total_iters = 552
Checksums 68a6789c 82d88bfb
Saved gauge configuration in parallel to binary file lat_p64_size64_1
Time stamp Fri Aug 12 23:31:18 2022
Wrote info file lat_p64_size64_1.info
Time to save = 3.601291e-01
CHECK PLAQ: 1.646692e+00 1.646320e+00
CHECK NERSC LINKTR: 1.712179e-01 CKSUM: c4a5534f


warms 0
trajecs 4
traj_between_meas 1
beta 5.6
mass1 0.01
mass2 0.01
u0 0.8441
microcanonical_time_step 0.02
steps_per_trajectory 15
max_cg_iterations 300
max_cg_restarts 5
error_per_site 1e-05
error_for_propagator 1e-05
npbp_reps 1
prec_pbp 1
reload_parallel lat_p64_size64_1
save_parallel lat_p64_size64_2
Restored binary gauge configuration in parallel from file lat_p64_size64_1
Time stamp Fri Aug 12 23:31:18 2022
Checksums 68a6789c 82d88bfb OK
Time to reload gauge configuration = 2.343359e-01
CHECK PLAQ: 1.646692e+00 1.646320e+00
CHECK NERSC LINKTR: 1.712179e-01 CKSUM: c4a5534f
Unitarity checked.  Max deviation 2.98e-07
Time to check unitarity = 1.773119e-03
"O(a^2): couplings(pi)=0, Naik term, No O(a^2) errors, tadpole weights"
path coefficients: npath  path_coeff  multiplicity
                    0      6.250000e-01     8
                    1      -5.847914e-02     8
                    2      -8.771871e-02     48
                    3      3.077829e-02     192
                    4      -7.199551e-03     384
                    5      -1.231132e-01     48
Symanzik 1x1 + 1x2 + 1x1x1 action
gauge_action: total_dyn_flavors = 3
loop coefficients: nloop rep loop_coeff  multiplicity
                    0 0      1.000000e+00     6
                    1 0      -7.762509e-02     12
                    2 0      -1.031171e-02     16
WARMUPS COMPLETED
CONGRAD5: time = 7.686970e-01 (fn F) masses = 1 iters = 573 mflops = 2.038603e+03
 OK converged final_rsq= 1e-10 (cf 1e-10) rel = 1 (cf 0) restarts = 2 iters= 573
CONGRAD5: time = 7.252870e-01 (fn F) masses = 1 iters = 563 mflops = 2.122911e+03
 OK converged final_rsq= 9.9e-11 (cf 1e-10) rel = 1 (cf 0) restarts = 2 iters= 563
GFTIME:   time = 1.523049e-01 (Symanzik1) mflops = 2.314576e+03
FFTIME:  time = 4.287760e-01 (asqtad3) terms = 2 mflops = 2.331899e+03
CONGRAD5: time = 8.148379e-01 (fn F) masses = 1 iters = 595 mflops = 1.997004e+03
 OK converged final_rsq= 1e-10 (cf 1e-10) rel = 1 (cf 0) restarts = 2 iters= 595
CONGRAD5: time = 7.374530e-01 (fn F) masses = 1 iters = 572 mflops = 2.121265e+03
 OK converged final_rsq= 5e-11 (cf 1e-10) rel = 1 (cf 0) restarts = 3 iters= 572
GFTIME:   time = 1.410029e-01 (Symanzik1) mflops = 2.500099e+03
FFTIME:  time = 4.158781e-01 (asqtad3) terms = 2 mflops = 2.404220e+03
CONGRAD5: time = 7.740669e-01 (fn F) masses = 1 iters = 596 mflops = 2.105722e+03
 OK converged final_rsq= 9.4e-11 (cf 1e-10) rel = 1 (cf 0) restarts = 2 iters= 596
CONGRAD5: time = 8.035660e-01 (fn F) masses = 1 iters = 558 mflops = 1.899091e+03
 OK converged final_rsq= 1e-10 (cf 1e-10) rel = 1 (cf 0) restarts = 2 iters= 558
GFTIME:   time = 1.499538e-01 (Symanzik1) mflops = 2.350865e+03
FFTIME:  time = 3.923428e-01 (asqtad3) terms = 2 mflops = 2.548440e+03
CONGRAD5: time = 7.604141e-01 (fn F) masses = 1 iters = 587 mflops = 2.111160e+03
 OK converged final_rsq= 1e-10 (cf 1e-10) rel = 1 (cf 0) restarts = 2 iters= 587
CONGRAD5: time = 8.209560e-01 (fn F) masses = 1 iters = 577 mflops = 1.922158e+03
 OK converged final_rsq= 9.9e-11 (cf 1e-10) rel = 1 (cf 0) restarts = 2 iters= 577
GFTIME:   time = 1.442258e-01 (Symanzik1) mflops = 2.444231e+03
FFTIME:  time = 3.864150e-01 (asqtad3) terms = 2 mflops = 2.587535e+03
CONGRAD5: time = 7.685390e-01 (fn F) masses = 1 iters = 596 mflops = 2.120868e+03
 OK converged final_rsq= 1e-10 (cf 1e-10) rel = 1 (cf 0) restarts = 2 iters= 596
CONGRAD5: time = 7.628129e-01 (fn F) masses = 1 iters = 587 mflops = 2.104521e+03
 OK converged final_rsq= 1e-10 (cf 1e-10) rel = 1 (cf 0) restarts = 2 iters= 587
GFTIME:   time = 1.409490e-01 (Symanzik1) mflops = 2.501055e+03
FFTIME:  time = 4.152670e-01 (asqtad3) terms = 2 mflops = 2.407758e+03
CONGRAD5: time = 8.534160e-01 (fn F) masses = 1 iters = 596 mflops = 1.909935e+03
 OK converged final_rsq= 4.9e-11 (cf 1e-10) rel = 1 (cf 0) restarts = 3 iters= 596
CONGRAD5: time = 7.549441e-01 (fn F) masses = 1 iters = 572 mflops = 2.072118e+03
 OK converged final_rsq= 9.9e-11 (cf 1e-10) rel = 1 (cf 0) restarts = 2 iters= 572
GFTIME:   time = 1.468730e-01 (Symanzik1) mflops = 2.400177e+03
FFTIME:  time = 4.148262e-01 (asqtad3) terms = 2 mflops = 2.410316e+03
CONGRAD5: time = 7.524300e-01 (fn F) masses = 1 iters = 572 mflops = 2.079041e+03
 OK converged final_rsq= 9.9e-11 (cf 1e-10) rel = 1 (cf 0) restarts = 2 iters= 572
CONGRAD5: time = 7.327330e-01 (fn F) masses = 1 iters = 573 mflops = 2.138662e+03
 OK converged final_rsq= 9.9e-11 (cf 1e-10) rel = 1 (cf 0) restarts = 2 iters= 573
GFTIME:   time = 1.406488e-01 (Symanzik1) mflops = 2.506393e+03
FFTIME:  time = 4.067600e-01 (asqtad3) terms = 2 mflops = 2.458114e+03
CONGRAD5: time = 7.762630e-01 (fn F) masses = 1 iters = 597 mflops = 2.103287e+03
 OK converged final_rsq= 9.3e-11 (cf 1e-10) rel = 1 (cf 0) restarts = 2 iters= 597
CONGRAD5: time = 7.923601e-01 (fn F) masses = 1 iters = 584 mflops = 2.015689e+03
 OK converged final_rsq= 9.7e-11 (cf 1e-10) rel = 1 (cf 0) restarts = 2 iters= 584
GFTIME:   time = 1.474011e-01 (Symanzik1) mflops = 2.391578e+03
FFTIME:  time = 4.074090e-01 (asqtad3) terms = 2 mflops = 2.454198e+03
CONGRAD5: time = 7.268429e-01 (fn F) masses = 1 iters = 559 mflops = 2.103316e+03
 OK converged final_rsq= 5e-11 (cf 1e-10) rel = 1 (cf 0) restarts = 3 iters= 559
CONGRAD5: time = 7.264020e-01 (fn F) masses = 1 iters = 572 mflops = 2.153536e+03
 OK converged final_rsq= 9.9e-11 (cf 1e-10) rel = 1 (cf 0) restarts = 2 iters= 572
GFTIME:   time = 1.386900e-01 (Symanzik1) mflops = 2.541793e+03
FFTIME:  time = 3.830290e-01 (asqtad3) terms = 2 mflops = 2.610409e+03
CONGRAD5: time = 7.373428e-01 (fn F) masses = 1 iters = 581 mflops = 2.154963e+03
 OK converged final_rsq= 9.8e-11 (cf 1e-10) rel = 1 (cf 0) restarts = 2 iters= 581
CONGRAD5: time = 7.135570e-01 (fn F) masses = 1 iters = 561 mflops = 2.150143e+03
 OK converged final_rsq= 5e-11 (cf 1e-10) rel = 1 (cf 0) restarts = 3 iters= 561
GFTIME:   time = 1.389160e-01 (Symanzik1) mflops = 2.537657e+03
FFTIME:  time = 3.904231e-01 (asqtad3) terms = 2 mflops = 2.560971e+03
CONGRAD5: time = 7.566130e-01 (fn F) masses = 1 iters = 589 mflops = 2.128995e+03
 OK converged final_rsq= 5e-11 (cf 1e-10) rel = 1 (cf 0) restarts = 3 iters= 589
CONGRAD5: time = 6.716671e-01 (fn F) masses = 1 iters = 527 mflops = 2.145802e+03
 OK converged final_rsq= 1e-10 (cf 1e-10) rel = 1 (cf 0) restarts = 2 iters= 527
GFTIME:   time = 1.395221e-01 (Symanzik1) mflops = 2.526634e+03
FFTIME:  time = 3.865380e-01 (asqtad3) terms = 2 mflops = 2.586711e+03
CONGRAD5: time = 6.915159e-01 (fn F) masses = 1 iters = 538 mflops = 2.127714e+03
 OK converged final_rsq= 5e-11 (cf 1e-10) rel = 1 (cf 0) restarts = 3 iters= 538
CONGRAD5: time = 7.372229e-01 (fn F) masses = 1 iters = 572 mflops = 2.121927e+03
 OK converged final_rsq= 9.9e-11 (cf 1e-10) rel = 1 (cf 0) restarts = 2 iters= 572
GFTIME:   time = 1.415849e-01 (Symanzik1) mflops = 2.489823e+03
FFTIME:  time = 4.169118e-01 (asqtad3) terms = 2 mflops = 2.398258e+03
CONGRAD5: time = 8.003201e-01 (fn F) masses = 1 iters = 594 mflops = 2.029812e+03
 OK converged final_rsq= 4.9e-11 (cf 1e-10) rel = 1 (cf 0) restarts = 3 iters= 594
CONGRAD5: time = 7.389050e-01 (fn F) masses = 1 iters = 566 mflops = 2.094889e+03
 OK converged final_rsq= 5e-11 (cf 1e-10) rel = 1 (cf 0) restarts = 3 iters= 566
GFTIME:   time = 1.446621e-01 (Symanzik1) mflops = 2.436859e+03
FFTIME:  time = 3.880801e-01 (asqtad3) terms = 2 mflops = 2.576433e+03
CONGRAD5: time = 7.803020e-01 (fn F) masses = 1 iters = 583 mflops = 2.043332e+03
 OK converged final_rsq= 9.9e-11 (cf 1e-10) rel = 1 (cf 0) restarts = 2 iters= 583
CONGRAD5: time = 7.286198e-01 (fn F) masses = 1 iters = 570 mflops = 2.139474e+03
 OK converged final_rsq= 1e-10 (cf 1e-10) rel = 1 (cf 0) restarts = 2 iters= 570
GFTIME:   time = 1.416261e-01 (Symanzik1) mflops = 2.489097e+03
FFTIME:  time = 4.191210e-01 (asqtad3) terms = 2 mflops = 2.385617e+03
CONGRAD5: time = 7.718480e-01 (fn F) masses = 1 iters = 593 mflops = 2.101145e+03
 OK converged final_rsq= 9.7e-11 (cf 1e-10) rel = 1 (cf 0) restarts = 2 iters= 593
CONGRAD5: time = 7.387202e-01 (fn F) masses = 1 iters = 569 mflops = 2.106520e+03
 OK converged final_rsq= 4.9e-11 (cf 1e-10) rel = 1 (cf 0) restarts = 3 iters= 569
GFTIME:   time = 1.418800e-01 (Symanzik1) mflops = 2.484643e+03
FFTIME:  time = 4.073009e-01 (asqtad3) terms = 2 mflops = 2.454849e+03
PLAQ:	1.541187	1.539437
P_LOOP:	-1.141752e-03	-1.306813e-02
G_LOOP:  0  0  4   	1.541648e+00	( 0 1 7 6  )
G_LOOP:  0  1  4   	1.539963e+00	( 0 2 7 5  )
G_LOOP:  0  2  4   	1.540131e+00	( 0 3 7 4  )
G_LOOP:  0  3  4   	1.541949e+00	( 1 2 6 5  )
G_LOOP:  0  4  4   	1.538898e+00	( 1 3 6 4  )
G_LOOP:  0  5  4   	1.539281e+00	( 2 3 5 4  )
G_LOOP:  1  0  6   	7.830470e-01	( 0 0 1 7 7 6  )
G_LOOP:  1  1  6   	7.774833e-01	( 0 0 2 7 7 5  )
G_LOOP:  1  2  6   	7.808380e-01	( 0 0 3 7 7 4  )
G_LOOP:  1  3  6   	7.790779e-01	( 1 1 0 6 6 7  )
G_LOOP:  1  4  6   	7.815992e-01	( 1 1 2 6 6 5  )
G_LOOP:  1  5  6   	7.768085e-01	( 1 1 3 6 6 4  )
G_LOOP:  1  6  6   	7.791801e-01	( 2 2 0 5 5 7  )
G_LOOP:  1  7  6   	7.849183e-01	( 2 2 1 5 5 6  )
G_LOOP:  1  8  6   	7.778554e-01	( 2 2 3 5 5 4  )
G_LOOP:  1  9  6   	7.772978e-01	( 3 3 0 4 4 7  )
G_LOOP:  1  10  6   	7.810393e-01	( 3 3 1 4 4 6  )
G_LOOP:  1  11  6   	7.788501e-01	( 3 3 2 4 4 5  )
G_LOOP:  2  0  6   	8.020517e-01	( 0 1 2 7 6 5  )
G_LOOP:  2  1  6   	8.001462e-01	( 0 1 5 7 6 2  )
G_LOOP:  2  2  6   	8.013429e-01	( 0 6 2 7 1 5  )
G_LOOP:  2  3  6   	8.030511e-01	( 0 6 5 7 1 2  )
G_LOOP:  2  4  6   	8.007939e-01	( 0 1 3 7 6 4  )
G_LOOP:  2  5  6   	7.963894e-01	( 0 1 4 7 6 3  )
G_LOOP:  2  6  6   	7.978835e-01	( 0 6 3 7 1 4  )
G_LOOP:  2  7  6   	8.024131e-01	( 0 6 4 7 1 3  )
G_LOOP:  2  8  6   	7.987494e-01	( 0 2 3 7 5 4  )
G_LOOP:  2  9  6   	7.991384e-01	( 0 2 4 7 5 3  )
G_LOOP:  2  10  6   	7.988639e-01	( 0 5 3 7 2 4  )
G_LOOP:  2  11  6   	7.985226e-01	( 0 5 4 7 2 3  )
G_LOOP:  2  12  6   	7.973328e-01	( 1 2 3 6 5 4  )
G_LOOP:  2  13  6   	7.974677e-01	( 1 2 4 6 5 3  )
G_LOOP:  2  14  6   	8.000052e-01	( 1 5 3 6 2 4  )
G_LOOP:  2  15  6   	8.015423e-01	( 1 5 4 6 2 3  )
GACTION: 6.327025e+00
CONGRAD5: time = 7.208240e-01 (fn F) masses = 1 iters = 549 mflops = 2.082938e+03
 OK converged final_rsq= 5e-11 (cf 1e-10) rel = 1 (cf 0) restarts = 3 iters= 549
CONGRAD5: time = 9.881306e-02 (fn F) masses = 1 iters = 73 mflops = 2.020420e+03
 OK converged final_rsq= 9.9e-11 (cf 1e-10) rel = 1 (cf 0) restarts = 1 iters= 73
PBP: mass 1.000000e-02     3.264870e-02  3.450378e-02  -2.495902e-03  -2.496758e-03 ( 1 of 1 )
FACTION: mass = 1.000000e-02,  1.495516e+00 ( 1 of 1 )
CONGRAD5: time = 7.495492e-01 (fn F) masses = 1 iters = 591 mflops = 2.156356e+03
 OK converged final_rsq= 9.7e-11 (cf 1e-10) rel = 1 (cf 0) restarts = 2 iters= 591
CONGRAD5: time = 9.468889e-02 (fn F) masses = 1 iters = 73 mflops = 2.108419e+03
 OK converged final_rsq= 1e-10 (cf 1e-10) rel = 1 (cf 0) restarts = 1 iters= 73
PBP: mass 1.000000e-02     3.933426e-02  2.958555e-02  5.085964e-03  5.083389e-03 ( 1 of 1 )
FACTION: mass = 1.000000e-02,  1.498178e+00 ( 1 of 1 )
CONGRAD5: time = 7.644460e-01 (fn F) masses = 1 iters = 596 mflops = 2.132223e+03
 OK converged final_rsq= 4.9e-11 (cf 1e-10) rel = 1 (cf 0) restarts = 3 iters= 596
CONGRAD5: time = 7.467811e-01 (fn F) masses = 1 iters = 580 mflops = 2.124065e+03
 OK converged final_rsq= 9.8e-11 (cf 1e-10) rel = 1 (cf 0) restarts = 2 iters= 580
GFTIME:   time = 1.405780e-01 (Symanzik1) mflops = 2.507655e+03
FFTIME:  time = 4.129751e-01 (asqtad3) terms = 2 mflops = 2.421120e+03
CONGRAD5: time = 7.572231e-01 (fn F) masses = 1 iters = 578 mflops = 2.087551e+03
 OK converged final_rsq= 5e-11 (cf 1e-10) rel = 1 (cf 0) restarts = 3 iters= 578
CONGRAD5: time = 7.933679e-01 (fn F) masses = 1 iters = 578 mflops = 1.992445e+03
 OK converged final_rsq= 9.9e-11 (cf 1e-10) rel = 1 (cf 0) restarts = 2 iters= 578
GFTIME:   time = 1.445260e-01 (Symanzik1) mflops = 2.439154e+03
FFTIME:  time = 4.113171e-01 (asqtad3) terms = 2 mflops = 2.430879e+03
CONGRAD5: time = 7.846470e-01 (fn F) masses = 1 iters = 593 mflops = 2.066872e+03
 OK converged final_rsq= 9.7e-11 (cf 1e-10) rel = 1 (cf 0) restarts = 2 iters= 593
CONGRAD5: time = 7.498419e-01 (fn F) masses = 1 iters = 567 mflops = 2.067981e+03
 OK converged final_rsq= 9.9e-11 (cf 1e-10) rel = 1 (cf 0) restarts = 2 iters= 567
GFTIME:   time = 1.401691e-01 (Symanzik1) mflops = 2.514970e+03
FFTIME:  time = 3.873680e-01 (asqtad3) terms = 2 mflops = 2.581169e+03
CONGRAD5: time = 7.596910e-01 (fn F) masses = 1 iters = 593 mflops = 2.134769e+03
 OK converged final_rsq= 1e-10 (cf 1e-10) rel = 1 (cf 0) restarts = 2 iters= 593
CONGRAD5: time = 7.493749e-01 (fn F) masses = 1 iters = 578 mflops = 2.109414e+03
 OK converged final_rsq= 1e-10 (cf 1e-10) rel = 1 (cf 0) restarts = 2 iters= 578
GFTIME:   time = 1.411040e-01 (Symanzik1) mflops = 2.498308e+03
FFTIME:  time = 4.173551e-01 (asqtad3) terms = 2 mflops = 2.395711e+03
CONGRAD5: time = 7.730439e-01 (fn F) masses = 1 iters = 592 mflops = 2.094357e+03
 OK converged final_rsq= 4.9e-11 (cf 1e-10) rel = 1 (cf 0) restarts = 3 iters= 592
CONGRAD5: time = 7.557771e-01 (fn F) masses = 1 iters = 578 mflops = 2.091545e+03
 OK converged final_rsq= 1e-10 (cf 1e-10) rel = 1 (cf 0) restarts = 2 iters= 578
GFTIME:   time = 1.484571e-01 (Symanzik1) mflops = 2.374567e+03
FFTIME:  time = 4.090741e-01 (asqtad3) terms = 2 mflops = 2.444208e+03
CONGRAD5: time = 7.689130e-01 (fn F) masses = 1 iters = 594 mflops = 2.112722e+03
 OK converged final_rsq= 9.8e-11 (cf 1e-10) rel = 1 (cf 0) restarts = 2 iters= 594
CONGRAD5: time = 7.421122e-01 (fn F) masses = 1 iters = 580 mflops = 2.137429e+03
 OK converged final_rsq= 4.9e-11 (cf 1e-10) rel = 1 (cf 0) restarts = 3 iters= 580
GFTIME:   time = 1.401660e-01 (Symanzik1) mflops = 2.515026e+03
FFTIME:  time = 3.854179e-01 (asqtad3) terms = 2 mflops = 2.594229e+03
CONGRAD5: time = 7.680771e-01 (fn F) masses = 1 iters = 593 mflops = 2.111461e+03
 OK converged final_rsq= 9.5e-11 (cf 1e-10) rel = 1 (cf 0) restarts = 2 iters= 593
CONGRAD5: time = 7.737980e-01 (fn F) masses = 1 iters = 592 mflops = 2.092316e+03
 OK converged final_rsq= 9.9e-11 (cf 1e-10) rel = 1 (cf 0) restarts = 2 iters= 592
GFTIME:   time = 1.407290e-01 (Symanzik1) mflops = 2.504966e+03
FFTIME:  time = 4.153750e-01 (asqtad3) terms = 2 mflops = 2.407132e+03
CONGRAD5: time = 8.174472e-01 (fn F) masses = 1 iters = 590 mflops = 1.973902e+03
 OK converged final_rsq= 4.9e-11 (cf 1e-10) rel = 1 (cf 0) restarts = 3 iters= 590
CONGRAD5: time = 7.678041e-01 (fn F) masses = 1 iters = 579 mflops = 2.062345e+03
 OK converged final_rsq= 1e-10 (cf 1e-10) rel = 1 (cf 0) restarts = 2 iters= 579
GFTIME:   time = 1.496310e-01 (Symanzik1) mflops = 2.355937e+03
FFTIME:  time = 4.188240e-01 (asqtad3) terms = 2 mflops = 2.387309e+03
CONGRAD5: time = 7.791369e-01 (fn F) masses = 1 iters = 593 mflops = 2.081489e+03
 OK converged final_rsq= 1e-10 (cf 1e-10) rel = 1 (cf 0) restarts = 2 iters= 593
CONGRAD5: time = 7.327061e-01 (fn F) masses = 1 iters = 571 mflops = 2.131275e+03
 OK converged final_rsq= 9.9e-11 (cf 1e-10) rel = 1 (cf 0) restarts = 2 iters= 571
GFTIME:   time = 1.398749e-01 (Symanzik1) mflops = 2.520260e+03
FFTIME:  time = 4.122179e-01 (asqtad3) terms = 2 mflops = 2.425568e+03
CONGRAD5: time = 7.719960e-01 (fn F) masses = 1 iters = 592 mflops = 2.097200e+03
 OK converged final_rsq= 9.8e-11 (cf 1e-10) rel = 1 (cf 0) restarts = 2 iters= 592
CONGRAD5: time = 7.701640e-01 (fn F) masses = 1 iters = 593 mflops = 2.105740e+03
 OK converged final_rsq= 5e-11 (cf 1e-10) rel = 1 (cf 0) restarts = 3 iters= 593
GFTIME:   time = 1.754141e-01 (Symanzik1) mflops = 2.009652e+03
FFTIME:  time = 3.960860e-01 (asqtad3) terms = 2 mflops = 2.524357e+03
CONGRAD5: time = 7.851698e-01 (fn F) masses = 1 iters = 589 mflops = 2.051563e+03
 OK converged final_rsq= 9.8e-11 (cf 1e-10) rel = 1 (cf 0) restarts = 2 iters= 589
CONGRAD5: time = 7.394090e-01 (fn F) masses = 1 iters = 578 mflops = 2.137846e+03
 OK converged final_rsq= 9.9e-11 (cf 1e-10) rel = 1 (cf 0) restarts = 2 iters= 578
GFTIME:   time = 1.398449e-01 (Symanzik1) mflops = 2.520801e+03
FFTIME:  time = 3.890920e-01 (asqtad3) terms = 2 mflops = 2.569732e+03
CONGRAD5: time = 7.635760e-01 (fn F) masses = 1 iters = 597 mflops = 2.138234e+03
 OK converged final_rsq= 9.5e-11 (cf 1e-10) rel = 1 (cf 0) restarts = 2 iters= 597
CONGRAD5: time = 7.696869e-01 (fn F) masses = 1 iters = 595 mflops = 2.114151e+03
 OK converged final_rsq= 9.4e-11 (cf 1e-10) rel = 1 (cf 0) restarts = 2 iters= 595
GFTIME:   time = 1.412420e-01 (Symanzik1) mflops = 2.495866e+03
FFTIME:  time = 4.142380e-01 (asqtad3) terms = 2 mflops = 2.413739e+03
CONGRAD5: time = 7.765799e-01 (fn F) masses = 1 iters = 600 mflops = 2.112994e+03
 OK converged final_rsq= 9.7e-11 (cf 1e-10) rel = 1 (cf 0) restarts = 2 iters= 600
CONGRAD5: time = 8.106761e-01 (fn F) masses = 1 iters = 597 mflops = 2.014003e+03
 OK converged final_rsq= 9.4e-11 (cf 1e-10) rel = 1 (cf 0) restarts = 2 iters= 597
GFTIME:   time = 1.542311e-01 (Symanzik1) mflops = 2.285669e+03
FFTIME:  time = 4.137962e-01 (asqtad3) terms = 2 mflops = 2.416316e+03
CONGRAD5: time = 7.764940e-01 (fn F) masses = 1 iters = 591 mflops = 2.081529e+03
 OK converged final_rsq= 9.6e-11 (cf 1e-10) rel = 1 (cf 0) restarts = 2 iters= 591
CONGRAD5: time = 7.541349e-01 (fn F) masses = 1 iters = 591 mflops = 2.143244e+03
 OK converged final_rsq= 4.9e-11 (cf 1e-10) rel = 1 (cf 0) restarts = 3 iters= 591
GFTIME:   time = 1.396098e-01 (Symanzik1) mflops = 2.525046e+03
FFTIME:  time = 3.878241e-01 (asqtad3) terms = 2 mflops = 2.578134e+03
CONGRAD5: time = 7.639179e-01 (fn F) masses = 1 iters = 598 mflops = 2.140857e+03
 OK converged final_rsq= 9.4e-11 (cf 1e-10) rel = 1 (cf 0) restarts = 2 iters= 598
CONGRAD5: time = 7.700861e-01 (fn F) masses = 1 iters = 595 mflops = 2.113055e+03
 OK converged final_rsq= 9.7e-11 (cf 1e-10) rel = 1 (cf 0) restarts = 2 iters= 595
GFTIME:   time = 1.410220e-01 (Symanzik1) mflops = 2.499761e+03
FFTIME:  time = 4.142900e-01 (asqtad3) terms = 2 mflops = 2.413436e+03
PLAQ:	1.498580	1.498366
P_LOOP:	-9.362459e-03	-1.518850e-02
G_LOOP:  0  0  4   	1.499101e+00	( 0 1 7 6  )
G_LOOP:  0  1  4   	1.497604e+00	( 0 2 7 5  )
G_LOOP:  0  2  4   	1.498743e+00	( 0 3 7 4  )
G_LOOP:  0  3  4   	1.499035e+00	( 1 2 6 5  )
G_LOOP:  0  4  4   	1.498258e+00	( 1 3 6 4  )
G_LOOP:  0  5  4   	1.498098e+00	( 2 3 5 4  )
G_LOOP:  1  0  6   	7.395123e-01	( 0 0 1 7 7 6  )
G_LOOP:  1  1  6   	7.376781e-01	( 0 0 2 7 7 5  )
G_LOOP:  1  2  6   	7.435045e-01	( 0 0 3 7 7 4  )
G_LOOP:  1  3  6   	7.406574e-01	( 1 1 0 6 6 7  )
G_LOOP:  1  4  6   	7.434037e-01	( 1 1 2 6 6 5  )
G_LOOP:  1  5  6   	7.406324e-01	( 1 1 3 6 6 4  )
G_LOOP:  1  6  6   	7.401077e-01	( 2 2 0 5 5 7  )
G_LOOP:  1  7  6   	7.442130e-01	( 2 2 1 5 5 6  )
G_LOOP:  1  8  6   	7.391238e-01	( 2 2 3 5 5 4  )
G_LOOP:  1  9  6   	7.384941e-01	( 3 3 0 4 4 7  )
G_LOOP:  1  10  6   	7.392203e-01	( 3 3 1 4 4 6  )
G_LOOP:  1  11  6   	7.403361e-01	( 3 3 2 4 4 5  )
G_LOOP:  2  0  6   	7.628318e-01	( 0 1 2 7 6 5  )
G_LOOP:  2  1  6   	7.608475e-01	( 0 1 5 7 6 2  )
G_LOOP:  2  2  6   	7.571566e-01	( 0 6 2 7 1 5  )
G_LOOP:  2  3  6   	7.599215e-01	( 0 6 5 7 1 2  )
G_LOOP:  2  4  6   	7.578938e-01	( 0 1 3 7 6 4  )
G_LOOP:  2  5  6   	7.569695e-01	( 0 1 4 7 6 3  )
G_LOOP:  2  6  6   	7.575471e-01	( 0 6 3 7 1 4  )
G_LOOP:  2  7  6   	7.594470e-01	( 0 6 4 7 1 3  )
G_LOOP:  2  8  6   	7.598450e-01	( 0 2 3 7 5 4  )
G_LOOP:  2  9  6   	7.594236e-01	( 0 2 4 7 5 3  )
G_LOOP:  2  10  6   	7.573897e-01	( 0 5 3 7 2 4  )
G_LOOP:  2  11  6   	7.594762e-01	( 0 5 4 7 2 3  )
G_LOOP:  2  12  6   	7.605993e-01	( 1 2 3 6 5 4  )
G_LOOP:  2  13  6   	7.580096e-01	( 1 2 4 6 5 3  )
G_LOOP:  2  14  6   	7.596792e-01	( 1 5 3 6 2 4  )
G_LOOP:  2  15  6   	7.599017e-01	( 1 5 4 6 2 3  )
GACTION: 6.534796e+00
CONGRAD5: time = 7.963560e-01 (fn F) masses = 1 iters = 585 mflops = 2.009009e+03
 OK converged final_rsq= 9.8e-11 (cf 1e-10) rel = 1 (cf 0) restarts = 2 iters= 585
CONGRAD5: time = 1.343911e-01 (fn F) masses = 1 iters = 72 mflops = 1.465195e+03
 OK converged final_rsq= 9.9e-11 (cf 1e-10) rel = 1 (cf 0) restarts = 1 iters= 72
PBP: mass 1.000000e-02     3.857641e-02  3.545636e-02  1.922859e-03  1.922105e-03 ( 1 of 1 )
FACTION: mass = 1.000000e-02,  1.499606e+00 ( 1 of 1 )
CONGRAD5: time = 7.617531e-01 (fn F) masses = 1 iters = 592 mflops = 2.125400e+03
 OK converged final_rsq= 9.7e-11 (cf 1e-10) rel = 1 (cf 0) restarts = 2 iters= 592
CONGRAD5: time = 1.026950e-01 (fn F) masses = 1 iters = 77 mflops = 2.050570e+03
 OK converged final_rsq= 1e-10 (cf 1e-10) rel = 1 (cf 0) restarts = 1 iters= 77
PBP: mass 1.000000e-02     3.377239e-02  4.241263e-02  8.153259e-03  8.156381e-03 ( 1 of 1 )
FACTION: mass = 1.000000e-02,  1.500867e+00 ( 1 of 1 )
CONGRAD5: time = 7.613800e-01 (fn F) masses = 1 iters = 588 mflops = 2.112074e+03
 OK converged final_rsq= 9.7e-11 (cf 1e-10) rel = 1 (cf 0) restarts = 2 iters= 588
CONGRAD5: time = 7.460351e-01 (fn F) masses = 1 iters = 585 mflops = 2.144519e+03
 OK converged final_rsq= 1e-10 (cf 1e-10) rel = 1 (cf 0) restarts = 2 iters= 585
GFTIME:   time = 1.462822e-01 (Symanzik1) mflops = 2.409871e+03
FFTIME:  time = 4.085710e-01 (asqtad3) terms = 2 mflops = 2.447218e+03
CONGRAD5: time = 8.125370e-01 (fn F) masses = 1 iters = 597 mflops = 2.009391e+03
 OK converged final_rsq= 9.5e-11 (cf 1e-10) rel = 1 (cf 0) restarts = 2 iters= 597
CONGRAD5: time = 7.730789e-01 (fn F) masses = 1 iters = 594 mflops = 2.101337e+03
 OK converged final_rsq= 9.6e-11 (cf 1e-10) rel = 1 (cf 0) restarts = 2 iters= 594
GFTIME:   time = 1.406720e-01 (Symanzik1) mflops = 2.505981e+03
FFTIME:  time = 4.179690e-01 (asqtad3) terms = 2 mflops = 2.392192e+03
CONGRAD5: time = 8.273470e-01 (fn F) masses = 1 iters = 598 mflops = 1.976727e+03
 OK converged final_rsq= 9.4e-11 (cf 1e-10) rel = 1 (cf 0) restarts = 2 iters= 598
CONGRAD5: time = 7.887409e-01 (fn F) masses = 1 iters = 598 mflops = 2.073481e+03
 OK converged final_rsq= 9.2e-11 (cf 1e-10) rel = 1 (cf 0) restarts = 2 iters= 598
GFTIME:   time = 1.516740e-01 (Symanzik1) mflops = 2.324203e+03
FFTIME:  time = 4.131742e-01 (asqtad3) terms = 2 mflops = 2.419954e+03
CONGRAD5: time = 7.918718e-01 (fn F) masses = 1 iters = 598 mflops = 2.065283e+03
 OK converged final_rsq= 9.5e-11 (cf 1e-10) rel = 1 (cf 0) restarts = 2 iters= 598
CONGRAD5: time = 7.458482e-01 (fn F) masses = 1 iters = 587 mflops = 2.152389e+03
 OK converged final_rsq= 9.7e-11 (cf 1e-10) rel = 1 (cf 0) restarts = 2 iters= 587
GFTIME:   time = 1.385980e-01 (Symanzik1) mflops = 2.543480e+03
FFTIME:  time = 3.847640e-01 (asqtad3) terms = 2 mflops = 2.598638e+03
CONGRAD5: time = 7.559211e-01 (fn F) masses = 1 iters = 594 mflops = 2.149033e+03
 OK converged final_rsq= 1e-10 (cf 1e-10) rel = 1 (cf 0) restarts = 2 iters= 594
CONGRAD5: time = 7.484159e-01 (fn F) masses = 1 iters = 588 mflops = 2.148659e+03
 OK converged final_rsq= 4.9e-11 (cf 1e-10) rel = 1 (cf 0) restarts = 3 iters= 588
GFTIME:   time = 1.388049e-01 (Symanzik1) mflops = 2.539688e+03
FFTIME:  time = 3.843441e-01 (asqtad3) terms = 2 mflops = 2.601477e+03
CONGRAD5: time = 7.613499e-01 (fn F) masses = 1 iters = 599 mflops = 2.151670e+03
 OK converged final_rsq= 9.2e-11 (cf 1e-10) rel = 1 (cf 0) restarts = 2 iters= 599
CONGRAD5: time = 7.617009e-01 (fn F) masses = 1 iters = 600 mflops = 2.154269e+03
 OK converged final_rsq= 8.1e-11 (cf 1e-10) rel = 1 (cf 0) restarts = 2 iters= 600
GFTIME:   time = 1.406250e-01 (Symanzik1) mflops = 2.506818e+03
FFTIME:  time = 3.846378e-01 (asqtad3) terms = 2 mflops = 2.599490e+03
CONGRAD5: time = 7.544398e-01 (fn F) masses = 1 iters = 593 mflops = 2.149628e+03
 OK converged final_rsq= 5e-11 (cf 1e-10) rel = 1 (cf 0) restarts = 3 iters= 593
CONGRAD5: time = 7.501400e-01 (fn F) masses = 1 iters = 590 mflops = 2.151012e+03
 OK converged final_rsq= 9.9e-11 (cf 1e-10) rel = 1 (cf 0) restarts = 2 iters= 590
GFTIME:   time = 1.386590e-01 (Symanzik1) mflops = 2.542361e+03
FFTIME:  time = 3.856580e-01 (asqtad3) terms = 2 mflops = 2.592614e+03
CONGRAD5: time = 7.622788e-01 (fn F) masses = 1 iters = 600 mflops = 2.152636e+03
 OK converged final_rsq= 9.5e-11 (cf 1e-10) rel = 1 (cf 0) restarts = 2 iters= 600
CONGRAD5: time = 7.342000e-01 (fn F) masses = 1 iters = 577 mflops = 2.149288e+03
 OK converged final_rsq= 5e-11 (cf 1e-10) rel = 1 (cf 0) restarts = 3 iters= 577
GFTIME:   time = 1.383731e-01 (Symanzik1) mflops = 2.547613e+03
FFTIME:  time = 3.857369e-01 (asqtad3) terms = 2 mflops = 2.592083e+03
CONGRAD5: time = 7.655530e-01 (fn F) masses = 1 iters = 602 mflops = 2.150574e+03
 OK converged final_rsq= 4.2e-11 (cf 1e-10) rel = 1 (cf 0) restarts = 3 iters= 602
CONGRAD5: time = 7.555048e-01 (fn F) masses = 1 iters = 594 mflops = 2.150217e+03
 OK converged final_rsq= 5e-11 (cf 1e-10) rel = 1 (cf 0) restarts = 3 iters= 594
GFTIME:   time = 1.407399e-01 (Symanzik1) mflops = 2.504771e+03
FFTIME:  time = 3.943551e-01 (asqtad3) terms = 2 mflops = 2.535437e+03
CONGRAD5: time = 7.538900e-01 (fn F) masses = 1 iters = 585 mflops = 2.122174e+03
 OK converged final_rsq= 9.8e-11 (cf 1e-10) rel = 1 (cf 0) restarts = 2 iters= 585
CONGRAD5: time = 7.590661e-01 (fn F) masses = 1 iters = 577 mflops = 2.078880e+03
 OK converged final_rsq= 1e-10 (cf 1e-10) rel = 1 (cf 0) restarts = 2 iters= 577
GFTIME:   time = 1.464520e-01 (Symanzik1) mflops = 2.407078e+03
FFTIME:  time = 3.966899e-01 (asqtad3) terms = 2 mflops = 2.520514e+03
CONGRAD5: time = 7.698460e-01 (fn F) masses = 1 iters = 597 mflops = 2.120819e+03
 OK converged final_rsq= 1e-10 (cf 1e-10) rel = 1 (cf 0) restarts = 2 iters= 597
CONGRAD5: time = 7.556200e-01 (fn F) masses = 1 iters = 582 mflops = 2.106458e+03
 OK converged final_rsq= 4.9e-11 (cf 1e-10) rel = 1 (cf 0) restarts = 3 iters= 582
GFTIME:   time = 1.401470e-01 (Symanzik1) mflops = 2.515368e+03
FFTIME:  time = 4.184310e-01 (asqtad3) terms = 2 mflops = 2.389551e+03
CONGRAD5: time = 8.181159e-01 (fn F) masses = 1 iters = 600 mflops = 2.005717e+03
 OK converged final_rsq= 8.6e-11 (cf 1e-10) rel = 1 (cf 0) restarts = 2 iters= 600
CONGRAD5: time = 7.624409e-01 (fn F) masses = 1 iters = 599 mflops = 2.148591e+03
 OK converged final_rsq= 8.8e-11 (cf 1e-10) rel = 1 (cf 0) restarts = 2 iters= 599
GFTIME:   time = 1.498902e-01 (Symanzik1) mflops = 2.351863e+03
FFTIME:  time = 4.127209e-01 (asqtad3) terms = 2 mflops = 2.422611e+03
CONGRAD5: time = 7.799098e-01 (fn F) masses = 1 iters = 595 mflops = 2.086439e+03
 OK converged final_rsq= 9.9e-11 (cf 1e-10) rel = 1 (cf 0) restarts = 2 iters= 595
CONGRAD5: time = 7.713740e-01 (fn F) masses = 1 iters = 600 mflops = 2.127255e+03
 OK converged final_rsq= 4.9e-11 (cf 1e-10) rel = 1 (cf 0) restarts = 3 iters= 600
GFTIME:   time = 1.409521e-01 (Symanzik1) mflops = 2.501000e+03
FFTIME:  time = 3.887329e-01 (asqtad3) terms = 2 mflops = 2.572106e+03
CONGRAD5: time = 8.201368e-01 (fn F) masses = 1 iters = 598 mflops = 1.994105e+03
 OK converged final_rsq= 9.3e-11 (cf 1e-10) rel = 1 (cf 0) restarts = 2 iters= 598
CONGRAD5: time = 7.548959e-01 (fn F) masses = 1 iters = 588 mflops = 2.130215e+03
 OK converged final_rsq= 9.8e-11 (cf 1e-10) rel = 1 (cf 0) restarts = 2 iters= 588
GFTIME:   time = 1.404309e-01 (Symanzik1) mflops = 2.510282e+03
FFTIME:  time = 4.096241e-01 (asqtad3) terms = 2 mflops = 2.440926e+03
CONGRAD5: time = 7.839811e-01 (fn F) masses = 1 iters = 600 mflops = 2.093046e+03
 OK converged final_rsq= 1e-10 (cf 1e-10) rel = 1 (cf 0) restarts = 2 iters= 600
CONGRAD5: time = 7.728961e-01 (fn F) masses = 1 iters = 594 mflops = 2.101835e+03
 OK converged final_rsq= 1e-10 (cf 1e-10) rel = 1 (cf 0) restarts = 2 iters= 594
GFTIME:   time = 1.389701e-01 (Symanzik1) mflops = 2.536669e+03
FFTIME:  time = 4.251630e-01 (asqtad3) terms = 2 mflops = 2.351715e+03
PLAQ:	1.475018	1.474765
P_LOOP:	1.583968e-03	8.888764e-03
G_LOOP:  0  0  4   	1.475200e+00	( 0 1 7 6  )
G_LOOP:  0  1  4   	1.473302e+00	( 0 2 7 5  )
G_LOOP:  0  2  4   	1.474447e+00	( 0 3 7 4  )
G_LOOP:  0  3  4   	1.476551e+00	( 1 2 6 5  )
G_LOOP:  0  4  4   	1.473466e+00	( 1 3 6 4  )
G_LOOP:  0  5  4   	1.476382e+00	( 2 3 5 4  )
G_LOOP:  1  0  6   	7.168152e-01	( 0 0 1 7 7 6  )
G_LOOP:  1  1  6   	7.143560e-01	( 0 0 2 7 7 5  )
G_LOOP:  1  2  6   	7.200913e-01	( 0 0 3 7 7 4  )
G_LOOP:  1  3  6   	7.156780e-01	( 1 1 0 6 6 7  )
G_LOOP:  1  4  6   	7.181522e-01	( 1 1 2 6 6 5  )
G_LOOP:  1  5  6   	7.148206e-01	( 1 1 3 6 6 4  )
G_LOOP:  1  6  6   	7.170349e-01	( 2 2 0 5 5 7  )
G_LOOP:  1  7  6   	7.201545e-01	( 2 2 1 5 5 6  )
G_LOOP:  1  8  6   	7.182823e-01	( 2 2 3 5 5 4  )
G_LOOP:  1  9  6   	7.158960e-01	( 3 3 0 4 4 7  )
G_LOOP:  1  10  6   	7.152688e-01	( 3 3 1 4 4 6  )
G_LOOP:  1  11  6   	7.163844e-01	( 3 3 2 4 4 5  )
G_LOOP:  2  0  6   	7.356671e-01	( 0 1 2 7 6 5  )
G_LOOP:  2  1  6   	7.328274e-01	( 0 1 5 7 6 2  )
G_LOOP:  2  2  6   	7.315874e-01	( 0 6 2 7 1 5  )
G_LOOP:  2  3  6   	7.323769e-01	( 0 6 5 7 1 2  )
G_LOOP:  2  4  6   	7.306019e-01	( 0 1 3 7 6 4  )
G_LOOP:  2  5  6   	7.319978e-01	( 0 1 4 7 6 3  )
G_LOOP:  2  6  6   	7.344427e-01	( 0 6 3 7 1 4  )
G_LOOP:  2  7  6   	7.355533e-01	( 0 6 4 7 1 3  )
G_LOOP:  2  8  6   	7.341856e-01	( 0 2 3 7 5 4  )
G_LOOP:  2  9  6   	7.352679e-01	( 0 2 4 7 5 3  )
G_LOOP:  2  10  6   	7.323827e-01	( 0 5 3 7 2 4  )
G_LOOP:  2  11  6   	7.358148e-01	( 0 5 4 7 2 3  )
G_LOOP:  2  12  6   	7.352626e-01	( 1 2 3 6 5 4  )
G_LOOP:  2  13  6   	7.335346e-01	( 1 2 4 6 5 3  )
G_LOOP:  2  14  6   	7.329657e-01	( 1 5 3 6 2 4  )
G_LOOP:  2  15  6   	7.343445e-01	( 1 5 4 6 2 3  )
GACTION: 6.650037e+00
CONGRAD5: time = 7.518790e-01 (fn F) masses = 1 iters = 594 mflops = 2.160587e+03
 OK converged final_rsq= 9.6e-11 (cf 1e-10) rel = 1 (cf 0) restarts = 2 iters= 594
CONGRAD5: time = 9.707689e-02 (fn F) masses = 1 iters = 75 mflops = 2.112898e+03
 OK converged final_rsq= 9.8e-11 (cf 1e-10) rel = 1 (cf 0) restarts = 1 iters= 75
PBP: mass 1.000000e-02     4.191618e-02  3.939040e-02  -2.735264e-03  -2.734107e-03 ( 1 of 1 )
FACTION: mass = 1.000000e-02,  1.498802e+00 ( 1 of 1 )
CONGRAD5: time = 7.544770e-01 (fn F) masses = 1 iters = 597 mflops = 2.164021e+03
 OK converged final_rsq= 9.6e-11 (cf 1e-10) rel = 1 (cf 0) restarts = 2 iters= 597
CONGRAD5: time = 1.043029e-01 (fn F) masses = 1 iters = 81 mflops = 2.123841e+03
 OK converged final_rsq= 1e-10 (cf 1e-10) rel = 1 (cf 0) restarts = 1 iters= 81
PBP: mass 1.000000e-02     3.659735e-02  4.621624e-02  -2.733654e-03  -2.734212e-03 ( 1 of 1 )
FACTION: mass = 1.000000e-02,  1.497408e+00 ( 1 of 1 )
CONGRAD5: time = 7.664521e-01 (fn F) masses = 1 iters = 602 mflops = 2.148051e+03
 OK converged final_rsq= 5e-11 (cf 1e-10) rel = 1 (cf 0) restarts = 3 iters= 602
CONGRAD5: time = 7.630689e-01 (fn F) masses = 1 iters = 600 mflops = 2.150407e+03
 OK converged final_rsq= 9.6e-11 (cf 1e-10) rel = 1 (cf 0) restarts = 2 iters= 600
GFTIME:   time = 1.386390e-01 (Symanzik1) mflops = 2.542728e+03
FFTIME:  time = 3.838241e-01 (asqtad3) terms = 2 mflops = 2.605001e+03
CONGRAD5: time = 7.617469e-01 (fn F) masses = 1 iters = 600 mflops = 2.154139e+03
 OK converged final_rsq= 8.6e-11 (cf 1e-10) rel = 1 (cf 0) restarts = 2 iters= 600
CONGRAD5: time = 7.581921e-01 (fn F) masses = 1 iters = 596 mflops = 2.149811e+03
 OK converged final_rsq= 9.5e-11 (cf 1e-10) rel = 1 (cf 0) restarts = 2 iters= 596
GFTIME:   time = 1.388671e-01 (Symanzik1) mflops = 2.538550e+03
FFTIME:  time = 3.969541e-01 (asqtad3) terms = 2 mflops = 2.518836e+03
CONGRAD5: time = 7.693870e-01 (fn F) masses = 1 iters = 598 mflops = 2.125639e+03
 OK converged final_rsq= 9.8e-11 (cf 1e-10) rel = 1 (cf 0) restarts = 2 iters= 598
CONGRAD5: time = 7.678010e-01 (fn F) masses = 1 iters = 602 mflops = 2.144277e+03
 OK converged final_rsq= 3.8e-11 (cf 1e-10) rel = 1 (cf 0) restarts = 3 iters= 602
GFTIME:   time = 1.394620e-01 (Symanzik1) mflops = 2.527722e+03
FFTIME:  time = 3.869300e-01 (asqtad3) terms = 2 mflops = 2.584091e+03
CONGRAD5: time = 7.747231e-01 (fn F) masses = 1 iters = 600 mflops = 2.118059e+03
 OK converged final_rsq= 8.9e-11 (cf 1e-10) rel = 1 (cf 0) restarts = 2 iters= 600
CONGRAD5: time = 7.688110e-01 (fn F) masses = 1 iters = 592 mflops = 2.105888e+03
 OK converged final_rsq= 4.9e-11 (cf 1e-10) rel = 1 (cf 0) restarts = 3 iters= 592
GFTIME:   time = 1.407909e-01 (Symanzik1) mflops = 2.503863e+03
FFTIME:  time = 4.181180e-01 (asqtad3) terms = 2 mflops = 2.391340e+03
CONGRAD5: time = 8.166900e-01 (fn F) masses = 1 iters = 599 mflops = 2.005870e+03
 OK converged final_rsq= 9.1e-11 (cf 1e-10) rel = 1 (cf 0) restarts = 2 iters= 599
CONGRAD5: time = 7.923660e-01 (fn F) masses = 1 iters = 601 mflops = 2.074349e+03
 OK converged final_rsq= 4.7e-11 (cf 1e-10) rel = 1 (cf 0) restarts = 3 iters= 601
GFTIME:   time = 1.473629e-01 (Symanzik1) mflops = 2.392197e+03
FFTIME:  time = 4.125810e-01 (asqtad3) terms = 2 mflops = 2.423433e+03
CONGRAD5: time = 7.895880e-01 (fn F) masses = 1 iters = 602 mflops = 2.085111e+03
 OK converged final_rsq= 4.7e-11 (cf 1e-10) rel = 1 (cf 0) restarts = 3 iters= 602
CONGRAD5: time = 7.450750e-01 (fn F) masses = 1 iters = 582 mflops = 2.136270e+03
 OK converged final_rsq= 9.8e-11 (cf 1e-10) rel = 1 (cf 0) restarts = 2 iters= 582
GFTIME:   time = 1.412420e-01 (Symanzik1) mflops = 2.495866e+03
FFTIME:  time = 4.124980e-01 (asqtad3) terms = 2 mflops = 2.423920e+03
CONGRAD5: time = 8.596439e-01 (fn F) masses = 1 iters = 660 mflops = 2.099706e+03
 OK converged final_rsq= 9.9e-11 (cf 1e-10) rel = 1 (cf 0) restarts = 3 iters= 660
CONGRAD5: time = 8.493710e-01 (fn F) masses = 1 iters = 592 mflops = 1.906152e+03
 OK converged final_rsq= 9.8e-11 (cf 1e-10) rel = 1 (cf 0) restarts = 2 iters= 592
GFTIME:   time = 1.456261e-01 (Symanzik1) mflops = 2.420729e+03
FFTIME:  time = 4.144108e-01 (asqtad3) terms = 2 mflops = 2.412732e+03
CONGRAD5: time = 7.881360e-01 (fn F) masses = 1 iters = 602 mflops = 2.088952e+03
 OK converged final_rsq= 5.6e-11 (cf 1e-10) rel = 1 (cf 0) restarts = 3 iters= 602
CONGRAD5: time = 7.656271e-01 (fn F) masses = 1 iters = 600 mflops = 2.143222e+03
 OK converged final_rsq= 9.2e-11 (cf 1e-10) rel = 1 (cf 0) restarts = 2 iters= 600
GFTIME:   time = 1.391339e-01 (Symanzik1) mflops = 2.533683e+03
FFTIME:  time = 3.876979e-01 (asqtad3) terms = 2 mflops = 2.578972e+03
CONGRAD5: time = 7.664802e-01 (fn F) masses = 1 iters = 600 mflops = 2.140836e+03
 OK converged final_rsq= 9.6e-11 (cf 1e-10) rel = 1 (cf 0) restarts = 2 iters= 600
CONGRAD5: time = 7.783389e-01 (fn F) masses = 1 iters = 600 mflops = 2.108219e+03
 OK converged final_rsq= 8.5e-11 (cf 1e-10) rel = 1 (cf 0) restarts = 2 iters= 600
GFTIME:   time = 1.405990e-01 (Symanzik1) mflops = 2.507281e+03
FFTIME:  time = 4.149830e-01 (asqtad3) terms = 2 mflops = 2.409405e+03
CONGRAD5: time = 7.957141e-01 (fn F) masses = 1 iters = 602 mflops = 2.069058e+03
 OK converged final_rsq= 4.3e-11 (cf 1e-10) rel = 1 (cf 0) restarts = 3 iters= 602
CONGRAD5: time = 7.938240e-01 (fn F) masses = 1 iters = 602 mflops = 2.073984e+03
 OK converged final_rsq= 5.4e-11 (cf 1e-10) rel = 1 (cf 0) restarts = 3 iters= 602
GFTIME:   time = 1.579061e-01 (Symanzik1) mflops = 2.232474e+03
FFTIME:  time = 3.990469e-01 (asqtad3) terms = 2 mflops = 2.505626e+03
CONGRAD5: time = 8.011920e-01 (fn F) masses = 1 iters = 602 mflops = 2.054911e+03
 OK converged final_rsq= 9.4e-11 (cf 1e-10) rel = 1 (cf 0) restarts = 3 iters= 602
CONGRAD5: time = 7.659409e-01 (fn F) masses = 1 iters = 599 mflops = 2.138773e+03
 OK converged final_rsq= 9.5e-11 (cf 1e-10) rel = 1 (cf 0) restarts = 2 iters= 599
GFTIME:   time = 1.395628e-01 (Symanzik1) mflops = 2.525896e+03
FFTIME:  time = 3.977730e-01 (asqtad3) terms = 2 mflops = 2.513650e+03
CONGRAD5: time = 7.870829e-01 (fn F) masses = 1 iters = 602 mflops = 2.091747e+03
 OK converged final_rsq= 7.7e-11 (cf 1e-10) rel = 1 (cf 0) restarts = 3 iters= 602
CONGRAD5: time = 7.865388e-01 (fn F) masses = 1 iters = 602 mflops = 2.093194e+03
 OK converged final_rsq= 3.8e-11 (cf 1e-10) rel = 1 (cf 0) restarts = 3 iters= 602
GFTIME:   time = 1.406260e-01 (Symanzik1) mflops = 2.506801e+03
FFTIME:  time = 3.916979e-01 (asqtad3) terms = 2 mflops = 2.552636e+03
CONGRAD5: time = 7.797210e-01 (fn F) masses = 1 iters = 602 mflops = 2.111497e+03
 OK converged final_rsq= 5e-11 (cf 1e-10) rel = 1 (cf 0) restarts = 3 iters= 602
CONGRAD5: time = 7.751279e-01 (fn F) masses = 1 iters = 602 mflops = 2.124009e+03
 OK converged final_rsq= 5.8e-11 (cf 1e-10) rel = 1 (cf 0) restarts = 3 iters= 602
GFTIME:   time = 1.467381e-01 (Symanzik1) mflops = 2.402384e+03
FFTIME:  time = 4.187009e-01 (asqtad3) terms = 2 mflops = 2.388011e+03
CONGRAD5: time = 8.001370e-01 (fn F) masses = 1 iters = 602 mflops = 2.057621e+03
 OK converged final_rsq= 4e-11 (cf 1e-10) rel = 1 (cf 0) restarts = 3 iters= 602
CONGRAD5: time = 7.767692e-01 (fn F) masses = 1 iters = 600 mflops = 2.112479e+03
 OK converged final_rsq= 9.8e-11 (cf 1e-10) rel = 1 (cf 0) restarts = 2 iters= 600
GFTIME:   time = 1.408539e-01 (Symanzik1) mflops = 2.502744e+03
FFTIME:  time = 4.135921e-01 (asqtad3) terms = 2 mflops = 2.417508e+03
CONGRAD5: time = 7.901330e-01 (fn F) masses = 1 iters = 602 mflops = 2.083673e+03
 OK converged final_rsq= 7.1e-11 (cf 1e-10) rel = 1 (cf 0) restarts = 3 iters= 602
CONGRAD5: time = 8.197780e-01 (fn F) masses = 1 iters = 602 mflops = 2.008322e+03
 OK converged final_rsq= 5.1e-11 (cf 1e-10) rel = 1 (cf 0) restarts = 3 iters= 602
GFTIME:   time = 1.431460e-01 (Symanzik1) mflops = 2.462668e+03
FFTIME:  time = 4.086399e-01 (asqtad3) terms = 2 mflops = 2.446805e+03
PLAQ:	1.458367	1.460052
P_LOOP:	1.011200e-02	-3.870469e-03
G_LOOP:  0  0  4   	1.457649e+00	( 0 1 7 6  )
G_LOOP:  0  1  4   	1.460337e+00	( 0 2 7 5  )
G_LOOP:  0  2  4   	1.459907e+00	( 0 3 7 4  )
G_LOOP:  0  3  4   	1.457116e+00	( 1 2 6 5  )
G_LOOP:  0  4  4   	1.459338e+00	( 1 3 6 4  )
G_LOOP:  0  5  4   	1.460910e+00	( 2 3 5 4  )
G_LOOP:  1  0  6   	6.963547e-01	( 0 0 1 7 7 6  )
G_LOOP:  1  1  6   	7.006467e-01	( 0 0 2 7 7 5  )
G_LOOP:  1  2  6   	6.973474e-01	( 0 0 3 7 7 4  )
G_LOOP:  1  3  6   	6.966182e-01	( 1 1 0 6 6 7  )
G_LOOP:  1  4  6   	6.982516e-01	( 1 1 2 6 6 5  )
G_LOOP:  1  5  6   	6.989510e-01	( 1 1 3 6 6 4  )
G_LOOP:  1  6  6   	7.036480e-01	( 2 2 0 5 5 7  )
G_LOOP:  1  7  6   	6.974191e-01	( 2 2 1 5 5 6  )
G_LOOP:  1  8  6   	7.036013e-01	( 2 2 3 5 5 4  )
G_LOOP:  1  9  6   	6.996095e-01	( 3 3 0 4 4 7  )
G_LOOP:  1  10  6   	6.980197e-01	( 3 3 1 4 4 6  )
G_LOOP:  1  11  6   	7.032359e-01	( 3 3 2 4 4 5  )
G_LOOP:  2  0  6   	7.138192e-01	( 0 1 2 7 6 5  )
G_LOOP:  2  1  6   	7.152912e-01	( 0 1 5 7 6 2  )
G_LOOP:  2  2  6   	7.137783e-01	( 0 6 2 7 1 5  )
G_LOOP:  2  3  6   	7.167190e-01	( 0 6 5 7 1 2  )
G_LOOP:  2  4  6   	7.141562e-01	( 0 1 3 7 6 4  )
G_LOOP:  2  5  6   	7.104113e-01	( 0 1 4 7 6 3  )
G_LOOP:  2  6  6   	7.120237e-01	( 0 6 3 7 1 4  )
G_LOOP:  2  7  6   	7.161655e-01	( 0 6 4 7 1 3  )
G_LOOP:  2  8  6   	7.144114e-01	( 0 2 3 7 5 4  )
G_LOOP:  2  9  6   	7.154319e-01	( 0 2 4 7 5 3  )
G_LOOP:  2  10  6   	7.155286e-01	( 0 5 3 7 2 4  )
G_LOOP:  2  11  6   	7.151513e-01	( 0 5 4 7 2 3  )
G_LOOP:  2  12  6   	7.150617e-01	( 1 2 3 6 5 4  )
G_LOOP:  2  13  6   	7.172743e-01	( 1 2 4 6 5 3  )
G_LOOP:  2  14  6   	7.141801e-01	( 1 5 3 6 2 4  )
G_LOOP:  2  15  6   	7.111596e-01	( 1 5 4 6 2 3  )
GACTION: 6.724708e+00
CONGRAD5: time = 7.836862e-01 (fn F) masses = 1 iters = 600 mflops = 2.093834e+03
 OK converged final_rsq= 9.1e-11 (cf 1e-10) rel = 1 (cf 0) restarts = 2 iters= 600
CONGRAD5: time = 1.256258e-01 (fn F) masses = 1 iters = 96 mflops = 2.089900e+03
 OK converged final_rsq= 9.9e-11 (cf 1e-10) rel = 1 (cf 0) restarts = 1 iters= 96
PBP: mass 1.000000e-02     3.839806e-02  5.051406e-02  6.025208e-03  6.024647e-03 ( 1 of 1 )
FACTION: mass = 1.000000e-02,  1.500697e+00 ( 1 of 1 )
CONGRAD5: time = 7.749889e-01 (fn F) masses = 1 iters = 602 mflops = 2.124390e+03
 OK converged final_rsq= 4e-11 (cf 1e-10) rel = 1 (cf 0) restarts = 3 iters= 602
CONGRAD5: time = 1.337669e-01 (fn F) masses = 1 iters = 104 mflops = 2.126268e+03
 OK converged final_rsq= 9.9e-11 (cf 1e-10) rel = 1 (cf 0) restarts = 1 iters= 104
PBP: mass 1.000000e-02     4.677702e-02  4.116680e-02  -8.326679e-04  -8.283313e-04 ( 1 of 1 )
FACTION: mass = 1.000000e-02,  1.500646e+00 ( 1 of 1 )
RUNNING COMPLETED
average cg iters for step= 1.181000e+03
Time = 1.466028e+02 seconds
total_iters = 147683
Checksums 8b320b36 d4728e60
Saved gauge configuration in parallel to binary file lat_p64_size64_2
Time stamp Fri Aug 12 23:33:45 2022
Wrote info file lat_p64_size64_2.info
Time to save = 4.731591e-01
CHECK PLAQ: 1.458367e+00 1.460052e+00
CHECK NERSC LINKTR: 1.434110e-01 CKSUM: d7ca6bf8


get_i(0): EOF on input.
Elapsed total time: 164.116743
exit: Fri Aug 12 23:33:46 2022

