srun: Job 37447784 step creation temporarily disabled, retrying (Requested nodes are busy)
srun: Step created for job 37447784
shell-init: error retrieving current directory: getcwd: cannot access parent directories: No such file or directory
shell-init: error retrieving current directory: getcwd: cannot access parent directories: No such file or directory
shell-init: error retrieving current directory: getcwd: cannot access parent directories: No such file or directory
shell-init: error retrieving current directory: getcwd: cannot access parent directories: No such file or directory
shell-init: error retrieving current directory: getcwd: cannot access parent directories: No such file or directory
shell-init: error retrieving current directory: getcwd: cannot access parent directories: No such file or directory
shell-init: error retrieving current directory: getcwd: cannot access parent directories: No such file or directory
shell-init: error retrieving current directory: getcwd: cannot access parent directories: No such file or directory
[297539.878360878] [nid00647-14849] [MPI hook] [WARN] WARNING: could not find ABI-compatible counterpart for host lib ("/usr/lib64/libpcre.so.1") inside container (best candidate found: "/lib/x86_64-linux-gnu/libpcre.so.3") => adding host lib ("/usr/lib64/libpcre.so.1") into container's /lib via bind mount 
[297539.878431461] [nid00647-14845] [MPI hook] [WARN] WARNING: could not find ABI-compatible counterpart for host lib ("/usr/lib64/libpcre.so.1") inside container (best candidate found: "/lib/x86_64-linux-gnu/libpcre.so.3") => adding host lib ("/usr/lib64/libpcre.so.1") into container's /lib via bind mount 
[297539.878422993] [nid00647-14848] [MPI hook] [WARN] WARNING: could not find ABI-compatible counterpart for host lib ("/usr/lib64/libpcre.so.1") inside container (best candidate found: "/lib/x86_64-linux-gnu/libpcre.so.3") => adding host lib ("/usr/lib64/libpcre.so.1") into container's /lib via bind mount 
[297539.878429031] [nid00647-14850] [MPI hook] [WARN] WARNING: could not find ABI-compatible counterpart for host lib ("/usr/lib64/libpcre.so.1") inside container (best candidate found: "/lib/x86_64-linux-gnu/libpcre.so.3") => adding host lib ("/usr/lib64/libpcre.so.1") into container's /lib via bind mount 
[297539.879361798] [nid00647-14847] [MPI hook] [WARN] WARNING: could not find ABI-compatible counterpart for host lib ("/usr/lib64/libpcre.so.1") inside container (best candidate found: "/lib/x86_64-linux-gnu/libpcre.so.3") => adding host lib ("/usr/lib64/libpcre.so.1") into container's /lib via bind mount 
[297539.879431078] [nid00647-14846] [MPI hook] [WARN] WARNING: could not find ABI-compatible counterpart for host lib ("/usr/lib64/libpcre.so.1") inside container (best candidate found: "/lib/x86_64-linux-gnu/libpcre.so.3") => adding host lib ("/usr/lib64/libpcre.so.1") into container's /lib via bind mount 
[297539.879589677] [nid00647-14852] [MPI hook] [WARN] WARNING: could not find ABI-compatible counterpart for host lib ("/usr/lib64/libpcre.so.1") inside container (best candidate found: "/lib/x86_64-linux-gnu/libpcre.so.3") => adding host lib ("/usr/lib64/libpcre.so.1") into container's /lib via bind mount 
[297539.880150518] [nid00647-14851] [MPI hook] [WARN] WARNING: could not find ABI-compatible counterpart for host lib ("/usr/lib64/libpcre.so.1") inside container (best candidate found: "/lib/x86_64-linux-gnu/libpcre.so.3") => adding host lib ("/usr/lib64/libpcre.so.1") into container's /lib via bind mount 

 NAS Parallel Benchmarks 3.4 -- EP Benchmark

 Number of random numbers generated:      2147483648  (class B)
 Total number of processes:                        8

EP Benchmark Results:

CPU Time =     2.678
N = 2^   30
No. Gaussian Pairs =     843345606.
Sums =     6.728927543423033D+08    6.728951822504048D+08
Counts:
  0     393058470.
  1     375280898.
  2      70460742.
  3       4438852.
  4        105691.
  5           948.
  6             5.
  7             0.
  8             0.
  9             0.


 EP Benchmark Completed.
 Class           =                        B
 Size            =               2147483648
 Iterations      =                        0
 Time in seconds =                     2.68
 Total processes =                        8
 Active processes=                        8
 Mop/s total     =                   801.83
 Mop/s/process   =                   100.23
 Operation type  = Random numbers generated
 Verification    =               SUCCESSFUL
 Version         =                    3.4.2
 Compile date    =              31 Mar 2022

 Compile options:
    MPIFC        = mpif90
    FLINK        = $(MPIFC)
    FMPI_LIB     = (none)
    FMPI_INC     = (none)
    FFLAGS       = -O3
    FLINKFLAGS   = $(FFLAGS)
    RAND         = randi8


 Please send feedbacks and/or the results of this run to:

 NPB Development Team 
 Internet: npb@nas.nasa.gov


