shell-init: error retrieving current directory: getcwd: cannot access parent directories: No such file or directory
shell-init: error retrieving current directory: getcwd: cannot access parent directories: No such file or directory
shell-init: error retrieving current directory: getcwd: cannot access parent directories: No such file or directory
shell-init: error retrieving current directory: getcwd: cannot access parent directories: No such file or directory
shell-init: error retrieving current directory: getcwd: cannot access parent directories: No such file or directory
shell-init: error retrieving current directory: getcwd: cannot access parent directories: No such file or directory
shell-init: error retrieving current directory: getcwd: cannot access parent directories: No such file or directory
shell-init: error retrieving current directory: getcwd: cannot access parent directories: No such file or directory
[297596.619569887] [nid00647-29744] [MPI hook] [WARN] WARNING: could not find ABI-compatible counterpart for host lib ("/usr/lib64/libpcre.so.1") inside container (best candidate found: "/lib/x86_64-linux-gnu/libpcre.so.3") => adding host lib ("/usr/lib64/libpcre.so.1") into container's /lib via bind mount 
[297596.619955512] [nid00647-29747] [MPI hook] [WARN] WARNING: could not find ABI-compatible counterpart for host lib ("/usr/lib64/libpcre.so.1") inside container (best candidate found: "/lib/x86_64-linux-gnu/libpcre.so.3") => adding host lib ("/usr/lib64/libpcre.so.1") into container's /lib via bind mount 
[297596.620350534] [nid00647-29749] [MPI hook] [WARN] WARNING: could not find ABI-compatible counterpart for host lib ("/usr/lib64/libpcre.so.1") inside container (best candidate found: "/lib/x86_64-linux-gnu/libpcre.so.3") => adding host lib ("/usr/lib64/libpcre.so.1") into container's /lib via bind mount 
[297596.620455904] [nid00647-29748] [MPI hook] [WARN] WARNING: could not find ABI-compatible counterpart for host lib ("/usr/lib64/libpcre.so.1") inside container (best candidate found: "/lib/x86_64-linux-gnu/libpcre.so.3") => adding host lib ("/usr/lib64/libpcre.so.1") into container's /lib via bind mount 
[297596.622216872] [nid00647-29750] [MPI hook] [WARN] WARNING: could not find ABI-compatible counterpart for host lib ("/usr/lib64/libpcre.so.1") inside container (best candidate found: "/lib/x86_64-linux-gnu/libpcre.so.3") => adding host lib ("/usr/lib64/libpcre.so.1") into container's /lib via bind mount 
[297596.622456417] [nid00647-29745] [MPI hook] [WARN] WARNING: could not find ABI-compatible counterpart for host lib ("/usr/lib64/libpcre.so.1") inside container (best candidate found: "/lib/x86_64-linux-gnu/libpcre.so.3") => adding host lib ("/usr/lib64/libpcre.so.1") into container's /lib via bind mount 
[297596.623193930] [nid00647-29746] [MPI hook] [WARN] WARNING: could not find ABI-compatible counterpart for host lib ("/usr/lib64/libpcre.so.1") inside container (best candidate found: "/lib/x86_64-linux-gnu/libpcre.so.3") => adding host lib ("/usr/lib64/libpcre.so.1") into container's /lib via bind mount 
[297596.623348847] [nid00647-29738] [MPI hook] [WARN] WARNING: could not find ABI-compatible counterpart for host lib ("/usr/lib64/libpcre.so.1") inside container (best candidate found: "/lib/x86_64-linux-gnu/libpcre.so.3") => adding host lib ("/usr/lib64/libpcre.so.1") into container's /lib via bind mount 

 NAS Parallel Benchmarks 3.4 -- EP Benchmark

 Number of random numbers generated:      2147483648  (class B)
 Total number of processes:                        8

EP Benchmark Results:

CPU Time =     2.660
N = 2^   30
No. Gaussian Pairs =     843345606.
Sums =     6.728927543423033D+08    6.728951822504048D+08
Counts:
  0     393058470.
  1     375280898.
  2      70460742.
  3       4438852.
  4        105691.
  5           948.
  6             5.
  7             0.
  8             0.
  9             0.


 EP Benchmark Completed.
 Class           =                        B
 Size            =               2147483648
 Iterations      =                        0
 Time in seconds =                     2.66
 Total processes =                        8
 Active processes=                        8
 Mop/s total     =                   807.40
 Mop/s/process   =                   100.92
 Operation type  = Random numbers generated
 Verification    =               SUCCESSFUL
 Version         =                    3.4.2
 Compile date    =              31 Mar 2022

 Compile options:
    MPIFC        = mpif90
    FLINK        = $(MPIFC)
    FMPI_LIB     = (none)
    FMPI_INC     = (none)
    FFLAGS       = -O3
    FLINKFLAGS   = $(FFLAGS)
    RAND         = randi8


 Please send feedbacks and/or the results of this run to:

 NPB Development Team 
 Internet: npb@nas.nasa.gov


