srun: Warning: can't honor --ntasks-per-node set to 32 which doesn't match the requested tasks 125 with the number of requested nodes 4. Ignoring --ntasks-per-node.
cpu-bind=MASK - ault03, task 75 12 [39585]: mask 0x80000000080 set
cpu-bind=MASK - ault03, task 68  5 [39578]: mask 0x100000000100000 set
cpu-bind=MASK - ault03, task 66  3 [39576]: mask 0x80000000080000 set
cpu-bind=MASK - ault03, task 67  4 [39577]: mask 0x8000000008 set
cpu-bind=MASK - ault03, task 65  2 [39575]: mask 0x4000000004 set
cpu-bind=MASK - ault03, task 74 11 [39584]: mask 0x800000000800000 set
cpu-bind=MASK - ault03, task 90 27 [39600]: mask 0x80000000080000000 set
cpu-bind=MASK - ault03, task 81 18 [39591]: mask 0x400000000400 set
cpu-bind=MASK - ault03, task 64  1 [39574]: mask 0x40000000040000 set
cpu-bind=MASK - ault03, task 76 13 [39586]: mask 0x1000000001000000 set
cpu-bind=MASK - ault03, task 84 21 [39594]: mask 0x10000000010000000 set
cpu-bind=MASK - ault03, task 89 26 [39599]: mask 0x4000000004000 set
cpu-bind=MASK - ault03, task 63  0 [39573]: mask 0x2000000002 set
cpu-bind=MASK - ault03, task 70  7 [39580]: mask 0x200000000200000 set
cpu-bind=MASK - ault03, task 80 17 [39590]: mask 0x4000000004000000 set
cpu-bind=MASK - ault03, task 93 30 [39603]: mask 0x10000000010000 set
cpu-bind=MASK - ault03, task 69  6 [39579]: mask 0x10000000010 set
cpu-bind=MASK - ault03, task 71  8 [39581]: mask 0x20000000020 set
cpu-bind=MASK - ault03, task 72  9 [39582]: mask 0x400000000400000 set
cpu-bind=MASK - ault03, task 78 15 [39588]: mask 0x2000000002000000 set
cpu-bind=MASK - ault03, task 83 20 [39593]: mask 0x800000000800 set
cpu-bind=MASK - ault03, task 85 22 [39595]: mask 0x1000000001000 set
cpu-bind=MASK - ault03, task 87 24 [39597]: mask 0x2000000002000 set
cpu-bind=MASK - ault03, task 91 28 [39601]: mask 0x8000000008000 set
cpu-bind=MASK - ault03, task 73 10 [39583]: mask 0x40000000040 set
cpu-bind=MASK - ault03, task 77 14 [39587]: mask 0x100000000100 set
cpu-bind=MASK - ault03, task 79 16 [39589]: mask 0x200000000200 set
cpu-bind=MASK - ault03, task 86 23 [39596]: mask 0x20000000020000000 set
cpu-bind=MASK - ault03, task 88 25 [39598]: mask 0x40000000040000000 set
cpu-bind=MASK - ault03, task 92 29 [39602]: mask 0x100000000100000000 set
cpu-bind=MASK - ault03, task 82 19 [39592]: mask 0x8000000008000000 set
cpu-bind=MASK - ault04, task 112 18 [2942792]: mask 0x400000000400 set
cpu-bind=MASK - ault02, task 49 17 [4170585]: mask 0x4000000004000000 set
cpu-bind=MASK - ault04, task 116 22 [2942796]: mask 0x1000000001000 set
cpu-bind=MASK - ault02, task 51 19 [4170587]: mask 0x8000000008000000 set
cpu-bind=MASK - ault04, task 95  1 [2942775]: mask 0x40000000040000 set
cpu-bind=MASK - ault02, task 59 27 [4170595]: mask 0x80000000080000000 set
cpu-bind=MASK - ault04, task 99  5 [2942779]: mask 0x100000000100000 set
cpu-bind=MASK - ault02, task 37  5 [4170573]: mask 0x100000000100000 set
cpu-bind=MASK - ault04, task 101  7 [2942781]: mask 0x200000000200000 set
cpu-bind=MASK - ault02, task 42 10 [4170578]: mask 0x40000000040 set
cpu-bind=MASK - ault04, task 100  6 [2942780]: mask 0x10000000010 set
cpu-bind=MASK - ault02, task 43 11 [4170579]: mask 0x800000000800000 set
cpu-bind=MASK - ault04, task 119 25 [2942799]: mask 0x40000000040000000 set
cpu-bind=MASK - ault02, task 58 26 [4170594]: mask 0x4000000004000 set
cpu-bind=MASK - ault04, task 96  2 [2942776]: mask 0x4000000004 set
cpu-bind=MASK - ault02, task 32  0 [4170568]: mask 0x2000000002 set
cpu-bind=MASK - ault04, task 108 14 [2942788]: mask 0x100000000100 set
cpu-bind=MASK - ault02, task 33  1 [4170569]: mask 0x40000000040000 set
cpu-bind=MASK - ault04, task 114 20 [2942794]: mask 0x800000000800 set
cpu-bind=MASK - ault02, task 34  2 [4170570]: mask 0x4000000004 set
cpu-bind=MASK - ault04, task 121 27 [2942801]: mask 0x80000000080000000 set
cpu-bind=MASK - ault02, task 35  3 [4170571]: mask 0x80000000080000 set
cpu-bind=MASK - ault04, task 94  0 [2942774]: mask 0x2000000002 set
cpu-bind=MASK - ault02, task 38  6 [4170574]: mask 0x10000000010 set
cpu-bind=MASK - ault04, task 102  8 [2942782]: mask 0x20000000020 set
cpu-bind=MASK - ault02, task 39  7 [4170575]: mask 0x200000000200000 set
cpu-bind=MASK - ault04, task 106 12 [2942786]: mask 0x80000000080 set
cpu-bind=MASK - ault02, task 44 12 [4170580]: mask 0x80000000080 set
cpu-bind=MASK - ault04, task 109 15 [2942789]: mask 0x2000000002000000 set
cpu-bind=MASK - ault02, task 45 13 [4170581]: mask 0x1000000001000000 set
cpu-bind=MASK - ault04, task 111 17 [2942791]: mask 0x4000000004000000 set
cpu-bind=MASK - ault02, task 46 14 [4170582]: mask 0x100000000100 set
cpu-bind=MASK - ault04, task 118 24 [2942798]: mask 0x2000000002000 set
cpu-bind=MASK - ault02, task 47 15 [4170583]: mask 0x2000000002000000 set
cpu-bind=MASK - ault04, task 120 26 [2942800]: mask 0x4000000004000 set
cpu-bind=MASK - ault02, task 48 16 [4170584]: mask 0x200000000200 set
cpu-bind=MASK - ault04, task 97  3 [2942777]: mask 0x80000000080000 set
cpu-bind=MASK - ault02, task 50 18 [4170586]: mask 0x400000000400 set
cpu-bind=MASK - ault04, task 98  4 [2942778]: mask 0x8000000008 set
cpu-bind=MASK - ault02, task 52 20 [4170588]: mask 0x800000000800 set
cpu-bind=MASK - ault04, task 105 11 [2942785]: mask 0x800000000800000 set
cpu-bind=MASK - ault02, task 53 21 [4170589]: mask 0x10000000010000000 set
cpu-bind=MASK - ault04, task 107 13 [2942787]: mask 0x1000000001000000 set
cpu-bind=MASK - ault02, task 54 22 [4170590]: mask 0x1000000001000 set
cpu-bind=MASK - ault04, task 110 16 [2942790]: mask 0x200000000200 set
cpu-bind=MASK - ault02, task 55 23 [4170591]: mask 0x20000000020000000 set
cpu-bind=MASK - ault04, task 113 19 [2942793]: mask 0x8000000008000000 set
cpu-bind=MASK - ault02, task 56 24 [4170592]: mask 0x2000000002000 set
cpu-bind=MASK - ault04, task 115 21 [2942795]: mask 0x10000000010000000 set
cpu-bind=MASK - ault02, task 57 25 [4170593]: mask 0x40000000040000000 set
cpu-bind=MASK - ault04, task 117 23 [2942797]: mask 0x20000000020000000 set
cpu-bind=MASK - ault02, task 60 28 [4170596]: mask 0x8000000008000 set
cpu-bind=MASK - ault04, task 122 28 [2942802]: mask 0x8000000008000 set
cpu-bind=MASK - ault02, task 61 29 [4170597]: mask 0x100000000100000000 set
cpu-bind=MASK - ault04, task 124 30 [2942804]: mask 0x10000000010000 set
cpu-bind=MASK - ault02, task 62 30 [4170598]: mask 0x10000000010000 set
cpu-bind=MASK - ault04, task 104 10 [2942784]: mask 0x40000000040 set
cpu-bind=MASK - ault02, task 36  4 [4170572]: mask 0x8000000008 set
cpu-bind=MASK - ault04, task 103  9 [2942783]: mask 0x400000000400000 set
cpu-bind=MASK - ault02, task 40  8 [4170576]: mask 0x20000000020 set
cpu-bind=MASK - ault04, task 123 29 [2942803]: mask 0x100000000100000000 set
cpu-bind=MASK - ault02, task 41  9 [4170577]: mask 0x400000000400000 set
cpu-bind=MASK - ault01, task  1  1 [161349]: mask 0x40000000040000 set
cpu-bind=MASK - ault01, task  0  0 [161348]: mask 0x2000000002 set
cpu-bind=MASK - ault01, task 25 25 [161373]: mask 0x40000000040000000 set
cpu-bind=MASK - ault01, task 31 31 [161379]: mask 0x20000000020000 set
cpu-bind=MASK - ault01, task  3  3 [161351]: mask 0x80000000080000 set
cpu-bind=MASK - ault01, task  4  4 [161352]: mask 0x8000000008 set
cpu-bind=MASK - ault01, task  5  5 [161353]: mask 0x100000000100000 set
cpu-bind=MASK - ault01, task  9  9 [161357]: mask 0x400000000400000 set
cpu-bind=MASK - ault01, task 14 14 [161362]: mask 0x100000000100 set
cpu-bind=MASK - ault01, task 15 15 [161363]: mask 0x2000000002000000 set
cpu-bind=MASK - ault01, task 17 17 [161365]: mask 0x4000000004000000 set
cpu-bind=MASK - ault01, task 18 18 [161366]: mask 0x400000000400 set
cpu-bind=MASK - ault01, task 19 19 [161367]: mask 0x8000000008000000 set
cpu-bind=MASK - ault01, task 23 23 [161371]: mask 0x20000000020000000 set
cpu-bind=MASK - ault01, task 26 26 [161374]: mask 0x4000000004000 set
cpu-bind=MASK - ault01, task 27 27 [161375]: mask 0x80000000080000000 set
cpu-bind=MASK - ault01, task 28 28 [161376]: mask 0x8000000008000 set
cpu-bind=MASK - ault01, task 29 29 [161377]: mask 0x100000000100000000 set
cpu-bind=MASK - ault01, task 30 30 [161378]: mask 0x10000000010000 set
cpu-bind=MASK - ault01, task  6  6 [161354]: mask 0x10000000010 set
cpu-bind=MASK - ault01, task  7  7 [161355]: mask 0x200000000200000 set
cpu-bind=MASK - ault01, task  8  8 [161356]: mask 0x20000000020 set
cpu-bind=MASK - ault01, task 10 10 [161358]: mask 0x40000000040 set
cpu-bind=MASK - ault01, task 11 11 [161359]: mask 0x800000000800000 set
cpu-bind=MASK - ault01, task 12 12 [161360]: mask 0x80000000080 set
cpu-bind=MASK - ault01, task 13 13 [161361]: mask 0x1000000001000000 set
cpu-bind=MASK - ault01, task 16 16 [161364]: mask 0x200000000200 set
cpu-bind=MASK - ault01, task 20 20 [161368]: mask 0x800000000800 set
cpu-bind=MASK - ault01, task 21 21 [161369]: mask 0x10000000010000000 set
cpu-bind=MASK - ault01, task 22 22 [161370]: mask 0x1000000001000 set
cpu-bind=MASK - ault01, task 24 24 [161372]: mask 0x2000000002000 set
cpu-bind=MASK - ault01, task  2  2 [161350]: mask 0x4000000004 set
Running problem size 15^3 per domain until completion
Num processors: 125
Num threads: 1
Total number of elements: 421875 

To run other sizes, use -s <integer>.
To run a fixed number of iterations, use -i <integer>.
To run a more or less balanced region set, use -b <integer>.
To change the relative costs of regions, use -c <integer>.
To print out progress, use -p
To write an output file for VisIt, use -v
See help (-h) for more options

Run completed:
   Problem size        =  15
   MPI tasks           =  125
   Iteration count     =  2588
   Final Origin Energy =  1.067042e+06
   Testing Plane 0 of Energy Array on rank 0:
        MaxAbsDiff   = 5.093170e-10
        TotalAbsDiff = 3.522928e-09
        MaxRelDiff   = 1.708547e-14

Elapsed time         = 53.09493948 (s)
Grind time (us/z/c)  =  6.0787612 (per dom)  ( 53.094939 overall)
FOM                  =    20563.4 (z/s)

