srun: Warning: can't honor --ntasks-per-node set to 32 which doesn't match the requested tasks 125 with the number of requested nodes 4. Ignoring --ntasks-per-node.
cpu-bind=MASK - ault03, task 90 27 [50215]: mask 0x80000000080000000 set
cpu-bind=MASK - ault03, task 69  6 [50194]: mask 0x10000000010 set
cpu-bind=MASK - ault03, task 85 22 [50210]: mask 0x1000000001000 set
cpu-bind=MASK - ault03, task 67  4 [50192]: mask 0x8000000008 set
cpu-bind=MASK - ault03, task 66  3 [50191]: mask 0x80000000080000 set
cpu-bind=MASK - ault03, task 74 11 [50199]: mask 0x800000000800000 set
cpu-bind=MASK - ault03, task 84 21 [50209]: mask 0x10000000010000000 set
cpu-bind=MASK - ault03, task 76 13 [50201]: mask 0x1000000001000000 set
cpu-bind=MASK - ault03, task 75 12 [50200]: mask 0x80000000080 set
cpu-bind=MASK - ault03, task 91 28 [50216]: mask 0x8000000008000 set
cpu-bind=MASK - ault03, task 77 14 [50202]: mask 0x100000000100 set
cpu-bind=MASK - ault03, task 82 19 [50207]: mask 0x8000000008000000 set
cpu-bind=MASK - ault03, task 86 23 [50211]: mask 0x20000000020000000 set
cpu-bind=MASK - ault03, task 87 24 [50212]: mask 0x2000000002000 set
cpu-bind=MASK - ault03, task 89 26 [50214]: mask 0x4000000004000 set
cpu-bind=MASK - ault03, task 64  1 [50189]: mask 0x40000000040000 set
cpu-bind=MASK - ault03, task 65  2 [50190]: mask 0x4000000004 set
cpu-bind=MASK - ault03, task 70  7 [50195]: mask 0x200000000200000 set
cpu-bind=MASK - ault03, task 71  8 [50196]: mask 0x20000000020 set
cpu-bind=MASK - ault03, task 72  9 [50197]: mask 0x400000000400000 set
cpu-bind=MASK - ault03, task 73 10 [50198]: mask 0x40000000040 set
cpu-bind=MASK - ault03, task 79 16 [50204]: mask 0x200000000200 set
cpu-bind=MASK - ault03, task 80 17 [50205]: mask 0x4000000004000000 set
cpu-bind=MASK - ault03, task 81 18 [50206]: mask 0x400000000400 set
cpu-bind=MASK - ault03, task 83 20 [50208]: mask 0x800000000800 set
cpu-bind=MASK - ault03, task 88 25 [50213]: mask 0x40000000040000000 set
cpu-bind=MASK - ault03, task 63  0 [50188]: mask 0x2000000002 set
cpu-bind=MASK - ault03, task 68  5 [50193]: mask 0x100000000100000 set
cpu-bind=MASK - ault03, task 78 15 [50203]: mask 0x2000000002000000 set
cpu-bind=MASK - ault03, task 93 30 [50218]: mask 0x10000000010000 set
cpu-bind=MASK - ault03, task 92 29 [50217]: mask 0x100000000100000000 set
cpu-bind=MASK - ault02, task 40  8 [4181276]: mask 0x20000000020 set
cpu-bind=MASK - ault02, task 33  1 [4181269]: mask 0x40000000040000 set
cpu-bind=MASK - ault02, task 55 23 [4181291]: mask 0x20000000020000000 set
cpu-bind=MASK - ault02, task 37  5 [4181273]: mask 0x100000000100000 set
cpu-bind=MASK - ault02, task 59 27 [4181295]: mask 0x80000000080000000 set
cpu-bind=MASK - ault02, task 32  0 [4181268]: mask 0x2000000002 set
cpu-bind=MASK - ault02, task 44 12 [4181280]: mask 0x80000000080 set
cpu-bind=MASK - ault02, task 56 24 [4181292]: mask 0x2000000002000 set
cpu-bind=MASK - ault02, task 57 25 [4181293]: mask 0x40000000040000000 set
cpu-bind=MASK - ault02, task 61 29 [4181297]: mask 0x100000000100000000 set
cpu-bind=MASK - ault02, task 34  2 [4181270]: mask 0x4000000004 set
cpu-bind=MASK - ault02, task 35  3 [4181271]: mask 0x80000000080000 set
cpu-bind=MASK - ault02, task 50 18 [4181286]: mask 0x400000000400 set
cpu-bind=MASK - ault02, task 51 19 [4181287]: mask 0x8000000008000000 set
cpu-bind=MASK - ault02, task 60 28 [4181296]: mask 0x8000000008000 set
cpu-bind=MASK - ault02, task 38  6 [4181274]: mask 0x10000000010 set
cpu-bind=MASK - ault02, task 43 11 [4181279]: mask 0x800000000800000 set
cpu-bind=MASK - ault02, task 45 13 [4181281]: mask 0x1000000001000000 set
cpu-bind=MASK - ault02, task 48 16 [4181284]: mask 0x200000000200 set
cpu-bind=MASK - ault02, task 52 20 [4181288]: mask 0x800000000800 set
cpu-bind=MASK - ault02, task 54 22 [4181290]: mask 0x1000000001000 set
cpu-bind=MASK - ault02, task 58 26 [4181294]: mask 0x4000000004000 set
cpu-bind=MASK - ault02, task 62 30 [4181298]: mask 0x10000000010000 set
cpu-bind=MASK - ault02, task 36  4 [4181272]: mask 0x8000000008 set
cpu-bind=MASK - ault02, task 41  9 [4181277]: mask 0x400000000400000 set
cpu-bind=MASK - ault02, task 42 10 [4181278]: mask 0x40000000040 set
cpu-bind=MASK - ault02, task 46 14 [4181282]: mask 0x100000000100 set
cpu-bind=MASK - ault02, task 47 15 [4181283]: mask 0x2000000002000000 set
cpu-bind=MASK - ault02, task 49 17 [4181285]: mask 0x4000000004000000 set
cpu-bind=MASK - ault02, task 53 21 [4181289]: mask 0x10000000010000000 set
cpu-bind=MASK - ault02, task 39  7 [4181275]: mask 0x200000000200000 set
cpu-bind=MASK - ault04, task 96  2 [2953358]: mask 0x4000000004 set
cpu-bind=MASK - ault04, task 95  1 [2953357]: mask 0x40000000040000 set
cpu-bind=MASK - ault04, task 97  3 [2953359]: mask 0x80000000080000 set
cpu-bind=MASK - ault04, task 111 17 [2953373]: mask 0x4000000004000000 set
cpu-bind=MASK - ault04, task 115 21 [2953377]: mask 0x10000000010000000 set
cpu-bind=MASK - ault04, task 100  6 [2953362]: mask 0x10000000010 set
cpu-bind=MASK - ault04, task 102  8 [2953364]: mask 0x20000000020 set
cpu-bind=MASK - ault04, task 98  4 [2953360]: mask 0x8000000008 set
cpu-bind=MASK - ault04, task 99  5 [2953361]: mask 0x100000000100000 set
cpu-bind=MASK - ault04, task 101  7 [2953363]: mask 0x200000000200000 set
cpu-bind=MASK - ault04, task 105 11 [2953367]: mask 0x800000000800000 set
cpu-bind=MASK - ault04, task 114 20 [2953376]: mask 0x800000000800 set
cpu-bind=MASK - ault04, task 116 22 [2953378]: mask 0x1000000001000 set
cpu-bind=MASK - ault04, task 117 23 [2953379]: mask 0x20000000020000000 set
cpu-bind=MASK - ault04, task 118 24 [2953380]: mask 0x2000000002000 set
cpu-bind=MASK - ault04, task 119 25 [2953381]: mask 0x40000000040000000 set
cpu-bind=MASK - ault04, task 120 26 [2953382]: mask 0x4000000004000 set
cpu-bind=MASK - ault04, task 122 28 [2953384]: mask 0x8000000008000 set
cpu-bind=MASK - ault04, task 123 29 [2953385]: mask 0x100000000100000000 set
cpu-bind=MASK - ault04, task 94  0 [2953356]: mask 0x2000000002 set
cpu-bind=MASK - ault04, task 103  9 [2953365]: mask 0x400000000400000 set
cpu-bind=MASK - ault04, task 104 10 [2953366]: mask 0x40000000040 set
cpu-bind=MASK - ault04, task 107 13 [2953369]: mask 0x1000000001000000 set
cpu-bind=MASK - ault04, task 108 14 [2953370]: mask 0x100000000100 set
cpu-bind=MASK - ault04, task 109 15 [2953371]: mask 0x2000000002000000 set
cpu-bind=MASK - ault04, task 110 16 [2953372]: mask 0x200000000200 set
cpu-bind=MASK - ault04, task 112 18 [2953374]: mask 0x400000000400 set
cpu-bind=MASK - ault04, task 113 19 [2953375]: mask 0x8000000008000000 set
cpu-bind=MASK - ault04, task 121 27 [2953383]: mask 0x80000000080000000 set
cpu-bind=MASK - ault04, task 124 30 [2953386]: mask 0x10000000010000 set
cpu-bind=MASK - ault04, task 106 12 [2953368]: mask 0x80000000080 set
cpu-bind=MASK - ault01, task  0  0 [172834]: mask 0x2000000002 set
cpu-bind=MASK - ault01, task  1  1 [172835]: mask 0x40000000040000 set
cpu-bind=MASK - ault01, task 19 19 [172853]: mask 0x8000000008000000 set
cpu-bind=MASK - ault01, task  4  4 [172838]: mask 0x8000000008 set
cpu-bind=MASK - ault01, task  2  2 [172836]: mask 0x4000000004 set
cpu-bind=MASK - ault01, task 17 17 [172851]: mask 0x4000000004000000 set
cpu-bind=MASK - ault01, task 31 31 [172865]: mask 0x20000000020000 set
cpu-bind=MASK - ault01, task  3  3 [172837]: mask 0x80000000080000 set
cpu-bind=MASK - ault01, task  7  7 [172841]: mask 0x200000000200000 set
cpu-bind=MASK - ault01, task 27 27 [172861]: mask 0x80000000080000000 set
cpu-bind=MASK - ault01, task 29 29 [172863]: mask 0x100000000100000000 set
cpu-bind=MASK - ault01, task  8  8 [172842]: mask 0x20000000020 set
cpu-bind=MASK - ault01, task 10 10 [172844]: mask 0x40000000040 set
cpu-bind=MASK - ault01, task 14 14 [172848]: mask 0x100000000100 set
cpu-bind=MASK - ault01, task 18 18 [172852]: mask 0x400000000400 set
cpu-bind=MASK - ault01, task 20 20 [172854]: mask 0x800000000800 set
cpu-bind=MASK - ault01, task 21 21 [172855]: mask 0x10000000010000000 set
cpu-bind=MASK - ault01, task 28 28 [172862]: mask 0x8000000008000 set
cpu-bind=MASK - ault01, task 30 30 [172864]: mask 0x10000000010000 set
cpu-bind=MASK - ault01, task  5  5 [172839]: mask 0x100000000100000 set
cpu-bind=MASK - ault01, task  6  6 [172840]: mask 0x10000000010 set
cpu-bind=MASK - ault01, task  9  9 [172843]: mask 0x400000000400000 set
cpu-bind=MASK - ault01, task 11 11 [172845]: mask 0x800000000800000 set
cpu-bind=MASK - ault01, task 12 12 [172846]: mask 0x80000000080 set
cpu-bind=MASK - ault01, task 13 13 [172847]: mask 0x1000000001000000 set
cpu-bind=MASK - ault01, task 15 15 [172849]: mask 0x2000000002000000 set
cpu-bind=MASK - ault01, task 16 16 [172850]: mask 0x200000000200 set
cpu-bind=MASK - ault01, task 22 22 [172856]: mask 0x1000000001000 set
cpu-bind=MASK - ault01, task 23 23 [172857]: mask 0x20000000020000000 set
cpu-bind=MASK - ault01, task 24 24 [172858]: mask 0x2000000002000 set
cpu-bind=MASK - ault01, task 25 25 [172859]: mask 0x40000000040000000 set
cpu-bind=MASK - ault01, task 26 26 [172860]: mask 0x4000000004000 set
Running problem size 20^3 per domain until completion
Num processors: 125
Num threads: 1
Total number of elements: 1000000 

To run other sizes, use -s <integer>.
To run a fixed number of iterations, use -i <integer>.
To run a more or less balanced region set, use -b <integer>.
To change the relative costs of regions, use -c <integer>.
To print out progress, use -p
To write an output file for VisIt, use -v
See help (-h) for more options

Run completed:
   Problem size        =  20
   MPI tasks           =  125
   Iteration count     =  3517
   Final Origin Energy =  1.791828e+06
   Testing Plane 0 of Energy Array on rank 0:
        MaxAbsDiff   = 1.135049e-09
        TotalAbsDiff = 1.028366e-08
        MaxRelDiff   = 2.474559e-14

Elapsed time         = 135.0473473 (s)
Grind time (us/z/c)  =  4.7998062 (per dom)  ( 135.04735 overall)
FOM                  =  26042.718 (z/s)

