srun: Warning: can't honor --ntasks-per-node set to 32 which doesn't match the requested tasks 125 with the number of requested nodes 4. Ignoring --ntasks-per-node.
cpu-bind=MASK - ault03, task 91 28 [54557]: mask 0x8000000008000 set
cpu-bind=MASK - ault03, task 73 10 [54539]: mask 0x40000000040 set
cpu-bind=MASK - ault03, task 80 17 [54546]: mask 0x4000000004000000 set
cpu-bind=MASK - ault03, task 74 11 [54540]: mask 0x800000000800000 set
cpu-bind=MASK - ault03, task 63  0 [54529]: mask 0x2000000002 set
cpu-bind=MASK - ault03, task 72  9 [54538]: mask 0x400000000400000 set
cpu-bind=MASK - ault03, task 77 14 [54543]: mask 0x100000000100 set
cpu-bind=MASK - ault03, task 64  1 [54530]: mask 0x40000000040000 set
cpu-bind=MASK - ault03, task 78 15 [54544]: mask 0x2000000002000000 set
cpu-bind=MASK - ault03, task 82 19 [54548]: mask 0x8000000008000000 set
cpu-bind=MASK - ault03, task 89 26 [54555]: mask 0x4000000004000 set
cpu-bind=MASK - ault03, task 65  2 [54531]: mask 0x4000000004 set
cpu-bind=MASK - ault03, task 68  5 [54534]: mask 0x100000000100000 set
cpu-bind=MASK - ault03, task 75 12 [54541]: mask 0x80000000080 set
cpu-bind=MASK - ault03, task 81 18 [54547]: mask 0x400000000400 set
cpu-bind=MASK - ault03, task 86 23 [54552]: mask 0x20000000020000000 set
cpu-bind=MASK - ault03, task 88 25 [54554]: mask 0x40000000040000000 set
cpu-bind=MASK - ault03, task 93 30 [54559]: mask 0x10000000010000 set
cpu-bind=MASK - ault03, task 66  3 [54532]: mask 0x80000000080000 set
cpu-bind=MASK - ault03, task 69  6 [54535]: mask 0x10000000010 set
cpu-bind=MASK - ault03, task 71  8 [54537]: mask 0x20000000020 set
cpu-bind=MASK - ault03, task 76 13 [54542]: mask 0x1000000001000000 set
cpu-bind=MASK - ault03, task 79 16 [54545]: mask 0x200000000200 set
cpu-bind=MASK - ault03, task 83 20 [54549]: mask 0x800000000800 set
cpu-bind=MASK - ault03, task 84 21 [54550]: mask 0x10000000010000000 set
cpu-bind=MASK - ault03, task 85 22 [54551]: mask 0x1000000001000 set
cpu-bind=MASK - ault03, task 87 24 [54553]: mask 0x2000000002000 set
cpu-bind=MASK - ault03, task 90 27 [54556]: mask 0x80000000080000000 set
cpu-bind=MASK - ault03, task 92 29 [54558]: mask 0x100000000100000000 set
cpu-bind=MASK - ault03, task 67  4 [54533]: mask 0x8000000008 set
cpu-bind=MASK - ault03, task 70  7 [54536]: mask 0x200000000200000 set
cpu-bind=MASK - ault02, task 33  1 [4185461]: mask 0x40000000040000 set
cpu-bind=MASK - ault02, task 57 25 [4185485]: mask 0x40000000040000000 set
cpu-bind=MASK - ault02, task 35  3 [4185463]: mask 0x80000000080000 set
cpu-bind=MASK - ault02, task 34  2 [4185462]: mask 0x4000000004 set
cpu-bind=MASK - ault02, task 38  6 [4185466]: mask 0x10000000010 set
cpu-bind=MASK - ault02, task 47 15 [4185475]: mask 0x2000000002000000 set
cpu-bind=MASK - ault02, task 52 20 [4185480]: mask 0x800000000800 set
cpu-bind=MASK - ault02, task 61 29 [4185489]: mask 0x100000000100000000 set
cpu-bind=MASK - ault02, task 32  0 [4185460]: mask 0x2000000002 set
cpu-bind=MASK - ault02, task 36  4 [4185464]: mask 0x8000000008 set
cpu-bind=MASK - ault02, task 37  5 [4185465]: mask 0x100000000100000 set
cpu-bind=MASK - ault02, task 39  7 [4185467]: mask 0x200000000200000 set
cpu-bind=MASK - ault02, task 40  8 [4185468]: mask 0x20000000020 set
cpu-bind=MASK - ault02, task 41  9 [4185469]: mask 0x400000000400000 set
cpu-bind=MASK - ault02, task 42 10 [4185470]: mask 0x40000000040 set
cpu-bind=MASK - ault02, task 43 11 [4185471]: mask 0x800000000800000 set
cpu-bind=MASK - ault02, task 44 12 [4185472]: mask 0x80000000080 set
cpu-bind=MASK - ault02, task 45 13 [4185473]: mask 0x1000000001000000 set
cpu-bind=MASK - ault02, task 46 14 [4185474]: mask 0x100000000100 set
cpu-bind=MASK - ault02, task 48 16 [4185476]: mask 0x200000000200 set
cpu-bind=MASK - ault02, task 49 17 [4185477]: mask 0x4000000004000000 set
cpu-bind=MASK - ault02, task 50 18 [4185478]: mask 0x400000000400 set
cpu-bind=MASK - ault02, task 51 19 [4185479]: mask 0x8000000008000000 set
cpu-bind=MASK - ault02, task 53 21 [4185481]: mask 0x10000000010000000 set
cpu-bind=MASK - ault02, task 54 22 [4185482]: mask 0x1000000001000 set
cpu-bind=MASK - ault02, task 55 23 [4185483]: mask 0x20000000020000000 set
cpu-bind=MASK - ault02, task 56 24 [4185484]: mask 0x2000000002000 set
cpu-bind=MASK - ault02, task 58 26 [4185486]: mask 0x4000000004000 set
cpu-bind=MASK - ault02, task 59 27 [4185487]: mask 0x80000000080000000 set
cpu-bind=MASK - ault02, task 60 28 [4185488]: mask 0x8000000008000 set
cpu-bind=MASK - ault02, task 62 30 [4185490]: mask 0x10000000010000 set
cpu-bind=MASK - ault04, task 94  0 [2957434]: mask 0x2000000002 set
cpu-bind=MASK - ault04, task 95  1 [2957435]: mask 0x40000000040000 set
cpu-bind=MASK - ault04, task 111 17 [2957451]: mask 0x4000000004000000 set
cpu-bind=MASK - ault04, task 113 19 [2957453]: mask 0x8000000008000000 set
cpu-bind=MASK - ault04, task 123 29 [2957463]: mask 0x100000000100000000 set
cpu-bind=MASK - ault04, task 102  8 [2957442]: mask 0x20000000020 set
cpu-bind=MASK - ault04, task 120 26 [2957460]: mask 0x4000000004000 set
cpu-bind=MASK - ault04, task 99  5 [2957439]: mask 0x100000000100000 set
cpu-bind=MASK - ault04, task 100  6 [2957440]: mask 0x10000000010 set
cpu-bind=MASK - ault04, task 103  9 [2957443]: mask 0x400000000400000 set
cpu-bind=MASK - ault04, task 116 22 [2957456]: mask 0x1000000001000 set
cpu-bind=MASK - ault04, task 117 23 [2957457]: mask 0x20000000020000000 set
cpu-bind=MASK - ault04, task 121 27 [2957461]: mask 0x80000000080000000 set
cpu-bind=MASK - ault04, task 122 28 [2957462]: mask 0x8000000008000 set
cpu-bind=MASK - ault04, task 96  2 [2957436]: mask 0x4000000004 set
cpu-bind=MASK - ault04, task 97  3 [2957437]: mask 0x80000000080000 set
cpu-bind=MASK - ault04, task 98  4 [2957438]: mask 0x8000000008 set
cpu-bind=MASK - ault04, task 101  7 [2957441]: mask 0x200000000200000 set
cpu-bind=MASK - ault04, task 105 11 [2957445]: mask 0x800000000800000 set
cpu-bind=MASK - ault04, task 106 12 [2957446]: mask 0x80000000080 set
cpu-bind=MASK - ault04, task 107 13 [2957447]: mask 0x1000000001000000 set
cpu-bind=MASK - ault04, task 109 15 [2957449]: mask 0x2000000002000000 set
cpu-bind=MASK - ault04, task 112 18 [2957452]: mask 0x400000000400 set
cpu-bind=MASK - ault04, task 115 21 [2957455]: mask 0x10000000010000000 set
cpu-bind=MASK - ault04, task 119 25 [2957459]: mask 0x40000000040000000 set
cpu-bind=MASK - ault04, task 124 30 [2957464]: mask 0x10000000010000 set
cpu-bind=MASK - ault04, task 104 10 [2957444]: mask 0x40000000040 set
cpu-bind=MASK - ault04, task 108 14 [2957448]: mask 0x100000000100 set
cpu-bind=MASK - ault04, task 110 16 [2957450]: mask 0x200000000200 set
cpu-bind=MASK - ault04, task 114 20 [2957454]: mask 0x800000000800 set
cpu-bind=MASK - ault04, task 118 24 [2957458]: mask 0x2000000002000 set
cpu-bind=MASK - ault01, task 20 20 [177300]: mask 0x800000000800 set
cpu-bind=MASK - ault01, task  6  6 [177286]: mask 0x10000000010 set
cpu-bind=MASK - ault01, task  8  8 [177288]: mask 0x20000000020 set
cpu-bind=MASK - ault01, task  9  9 [177289]: mask 0x400000000400000 set
cpu-bind=MASK - ault01, task 14 14 [177294]: mask 0x100000000100 set
cpu-bind=MASK - ault01, task 15 15 [177295]: mask 0x2000000002000000 set
cpu-bind=MASK - ault01, task 23 23 [177303]: mask 0x20000000020000000 set
cpu-bind=MASK - ault01, task 28 28 [177308]: mask 0x8000000008000 set
cpu-bind=MASK - ault01, task  0  0 [177280]: mask 0x2000000002 set
cpu-bind=MASK - ault01, task  2  2 [177282]: mask 0x4000000004 set
cpu-bind=MASK - ault01, task  3  3 [177283]: mask 0x80000000080000 set
cpu-bind=MASK - ault01, task  4  4 [177284]: mask 0x8000000008 set
cpu-bind=MASK - ault01, task 10 10 [177290]: mask 0x40000000040 set
cpu-bind=MASK - ault01, task 11 11 [177291]: mask 0x800000000800000 set
cpu-bind=MASK - ault01, task 13 13 [177293]: mask 0x1000000001000000 set
cpu-bind=MASK - ault01, task 18 18 [177298]: mask 0x400000000400 set
cpu-bind=MASK - ault01, task 21 21 [177301]: mask 0x10000000010000000 set
cpu-bind=MASK - ault01, task 22 22 [177302]: mask 0x1000000001000 set
cpu-bind=MASK - ault01, task 24 24 [177304]: mask 0x2000000002000 set
cpu-bind=MASK - ault01, task 27 27 [177307]: mask 0x80000000080000000 set
cpu-bind=MASK - ault01, task 29 29 [177309]: mask 0x100000000100000000 set
cpu-bind=MASK - ault01, task 30 30 [177310]: mask 0x10000000010000 set
cpu-bind=MASK - ault01, task 31 31 [177311]: mask 0x20000000020000 set
cpu-bind=MASK - ault01, task  1  1 [177281]: mask 0x40000000040000 set
cpu-bind=MASK - ault01, task  5  5 [177285]: mask 0x100000000100000 set
cpu-bind=MASK - ault01, task  7  7 [177287]: mask 0x200000000200000 set
cpu-bind=MASK - ault01, task 12 12 [177292]: mask 0x80000000080 set
cpu-bind=MASK - ault01, task 16 16 [177296]: mask 0x200000000200 set
cpu-bind=MASK - ault01, task 17 17 [177297]: mask 0x4000000004000000 set
cpu-bind=MASK - ault01, task 19 19 [177299]: mask 0x8000000008000000 set
cpu-bind=MASK - ault01, task 25 25 [177305]: mask 0x40000000040000000 set
cpu-bind=MASK - ault01, task 26 26 [177306]: mask 0x4000000004000 set
Running problem size 25^3 per domain until completion
Num processors: 125
Num threads: 1
Total number of elements: 1953125 

To run other sizes, use -s <integer>.
To run a fixed number of iterations, use -i <integer>.
To run a more or less balanced region set, use -b <integer>.
To change the relative costs of regions, use -c <integer>.
To print out progress, use -p
To write an output file for VisIt, use -v
See help (-h) for more options

Run completed:
   Problem size        =  25
   MPI tasks           =  125
   Iteration count     =  4448
   Final Origin Energy =  2.679390e+06
   Testing Plane 0 of Energy Array on rank 0:
        MaxAbsDiff   = 1.309672e-09
        TotalAbsDiff = 1.867465e-08
        MaxRelDiff   = 3.856731e-14

Elapsed time         = 319.9224865 (s)
Grind time (us/z/c)  =  4.6032012 (per dom)  ( 319.92249 overall)
FOM                  =  27155.015 (z/s)

