cpu-bind=MASK - ault02, task  5  5 [977649]: mask 0x100000000100000 set
cpu-bind=MASK - ault02, task  7  7 [977651]: mask 0x200000000200000 set
cpu-bind=MASK - ault02, task  4  4 [977648]: mask 0x8000000008 set
cpu-bind=MASK - ault02, task  6  6 [977650]: mask 0x10000000010 set
cpu-bind=MASK - ault02, task 20 20 [977664]: mask 0x800000000800 set
cpu-bind=MASK - ault02, task  3  3 [977647]: mask 0x80000000080000 set
cpu-bind=MASK - ault02, task  2  2 [977646]: mask 0x4000000004 set
cpu-bind=MASK - ault02, task  1  1 [977645]: mask 0x40000000040000 set
cpu-bind=MASK - ault02, task  8  8 [977652]: mask 0x20000000020 set
cpu-bind=MASK - ault02, task 25 25 [977669]: mask 0x10000000010000 set
cpu-bind=MASK - ault02, task 26 26 [977670]: mask 0x20000000020000 set
cpu-bind=MASK - ault02, task 24 24 [977668]: mask 0x8000000008000 set
cpu-bind=MASK - ault02, task  0  0 [977644]: mask 0x2000000002 set
cpu-bind=MASK - ault02, task 10 10 [977654]: mask 0x40000000040 set
cpu-bind=MASK - ault02, task 16 16 [977660]: mask 0x200000000200 set
cpu-bind=MASK - ault02, task 17 17 [977661]: mask 0x4000000004000000 set
cpu-bind=MASK - ault02, task 19 19 [977663]: mask 0x8000000008000000 set
cpu-bind=MASK - ault02, task 21 21 [977665]: mask 0x1000000001000 set
cpu-bind=MASK - ault02, task 23 23 [977667]: mask 0x4000000004000 set
cpu-bind=MASK - ault02, task 12 12 [977656]: mask 0x80000000080 set
cpu-bind=MASK - ault02, task 13 13 [977657]: mask 0x1000000001000000 set
cpu-bind=MASK - ault02, task 14 14 [977658]: mask 0x100000000100 set
cpu-bind=MASK - ault02, task 15 15 [977659]: mask 0x2000000002000000 set
cpu-bind=MASK - ault02, task 18 18 [977662]: mask 0x400000000400 set
cpu-bind=MASK - ault02, task 22 22 [977666]: mask 0x2000000002000 set
cpu-bind=MASK - ault02, task 11 11 [977655]: mask 0x800000000800000 set
cpu-bind=MASK - ault02, task  9  9 [977653]: mask 0x400000000400000 set
Running problem size 25^3 per domain until completion
Num processors: 27
Num threads: 1
Total number of elements: 421875 

To run other sizes, use -s <integer>.
To run a fixed number of iterations, use -i <integer>.
To run a more or less balanced region set, use -b <integer>.
To change the relative costs of regions, use -c <integer>.
To print out progress, use -p
To write an output file for VisIt, use -v
See help (-h) for more options

Run completed:
   Problem size        =  25
   MPI tasks           =  27
   Iteration count     =  2588
   Final Origin Energy =  1.067042e+06
   Testing Plane 0 of Energy Array on rank 0:
        MaxAbsDiff   = 3.565219e-10
        TotalAbsDiff = 6.068149e-09
        MaxRelDiff   = 4.142565e-14

Elapsed time         = 184.2399279 (s)
Grind time (us/z/c)  =  4.5561651 (per dom)  ( 184.23993 overall)
FOM                  =  5926.0363 (z/s)

