cpu-bind=MASK - ault02, task  9  9 [962033]: mask 0x400000000400000 set
cpu-bind=MASK - ault02, task  6  6 [962030]: mask 0x10000000010 set
cpu-bind=MASK - ault02, task  8  8 [962032]: mask 0x20000000020 set
cpu-bind=MASK - ault02, task 14 14 [962038]: mask 0x100000000100 set
cpu-bind=MASK - ault02, task 16 16 [962040]: mask 0x200000000200 set
cpu-bind=MASK - ault02, task  5  5 [962029]: mask 0x100000000100000 set
cpu-bind=MASK - ault02, task  4  4 [962028]: mask 0x8000000008 set
cpu-bind=MASK - ault02, task  7  7 [962031]: mask 0x200000000200000 set
cpu-bind=MASK - ault02, task 25 25 [962049]: mask 0x10000000010000 set
cpu-bind=MASK - ault02, task 26 26 [962050]: mask 0x20000000020000 set
cpu-bind=MASK - ault02, task  3  3 [962027]: mask 0x80000000080000 set
cpu-bind=MASK - ault02, task 11 11 [962035]: mask 0x800000000800000 set
cpu-bind=MASK - ault02, task 17 17 [962041]: mask 0x4000000004000000 set
cpu-bind=MASK - ault02, task 22 22 [962046]: mask 0x2000000002000 set
cpu-bind=MASK - ault02, task  1  1 [962025]: mask 0x40000000040000 set
cpu-bind=MASK - ault02, task  2  2 [962026]: mask 0x4000000004 set
cpu-bind=MASK - ault02, task 19 19 [962043]: mask 0x8000000008000000 set
cpu-bind=MASK - ault02, task 21 21 [962045]: mask 0x1000000001000 set
cpu-bind=MASK - ault02, task 23 23 [962047]: mask 0x4000000004000 set
cpu-bind=MASK - ault02, task  0  0 [962024]: mask 0x2000000002 set
cpu-bind=MASK - ault02, task 10 10 [962034]: mask 0x40000000040 set
cpu-bind=MASK - ault02, task 12 12 [962036]: mask 0x80000000080 set
cpu-bind=MASK - ault02, task 15 15 [962039]: mask 0x2000000002000000 set
cpu-bind=MASK - ault02, task 18 18 [962042]: mask 0x400000000400 set
cpu-bind=MASK - ault02, task 20 20 [962044]: mask 0x800000000800 set
cpu-bind=MASK - ault02, task 24 24 [962048]: mask 0x8000000008000 set
cpu-bind=MASK - ault02, task 13 13 [962037]: mask 0x1000000001000000 set
Running problem size 10^3 per domain until completion
Num processors: 27
Num threads: 1
Total number of elements: 27000 

To run other sizes, use -s <integer>.
To run a fixed number of iterations, use -i <integer>.
To run a more or less balanced region set, use -b <integer>.
To change the relative costs of regions, use -c <integer>.
To print out progress, use -p
To write an output file for VisIt, use -v
See help (-h) for more options

Run completed:
   Problem size        =  10
   MPI tasks           =  27
   Iteration count     =  932
   Final Origin Energy =  2.025075e+05
   Testing Plane 0 of Energy Array on rank 0:
        MaxAbsDiff   = 3.637979e-11
        TotalAbsDiff = 3.020659e-10
        MaxRelDiff   = 7.648872e-15

Elapsed time         = 4.493365461 (s)
Grind time (us/z/c)  =  4.8212076 (per dom)  ( 4.4933655 overall)
FOM                  =  5600.2567 (z/s)

