SU3 with improved KS action
Microcanonical simulation with refreshing
R algorithm
MIMD version 7.8.1
Machine = MPI (portable), with 64 nodes
Host(0) = nid00238
Username = mcopik
Options selected...
Generic single precision
C_GLOBAL_INLINE
DBLSTORE_FN
D_FN_GATHER13
FEWSUMS
KS_MULTIFF=FNMAT
VECLENGTH=4
type 0 for no prompts, 1 for prompts, or 2 for proofreading
nflavors1 2
nflavors2 1
nx 24
ny 16
nz 16
nt 36
iseed 5682304
LAYOUT = Hypercubes, options = hyper_prime,
automatic hyper_prime layout
ON EACH NODE 6 x 8 x 8 x 9
Mallocing 3.4 MBytes per node for lattice
WARNING!!: Resetting random seed
Made lattice
Made nn gathers
Made 3nn gathers
Finished setup


warms 0
trajecs 4
traj_between_meas 1
beta 5.6
mass1 0.125
mass2 0.125
u0 0.8441
microcanonical_time_step 0.2
steps_per_trajectory 5
max_cg_iterations 100
max_cg_restarts 5
error_per_site 0.125
error_for_propagator 0.125
npbp_reps 1
prec_pbp 1
fresh 
save_parallel lat_p64_size128_1
unit gauge configuration loaded
CHECK PLAQ: 3.000000e+00 3.000000e+00
CHECK NERSC LINKTR: 1.000000e+00 CKSUM: 0
Unitarity checked.  Max deviation 0.00e+00
Time to check unitarity = 8.049011e-04
"O(a^2): couplings(pi)=0, Naik term, No O(a^2) errors, tadpole weights"
path coefficients: npath  path_coeff  multiplicity
                    0      6.250000e-01     8
                    1      -5.847914e-02     8
                    2      -8.771871e-02     48
                    3      3.077829e-02     192
                    4      -7.199551e-03     384
                    5      -1.231132e-01     48
Symanzik 1x1 + 1x2 + 1x1x1 action
gauge_action: total_dyn_flavors = 3
loop coefficients: nloop rep loop_coeff  multiplicity
                    0 0      1.000000e+00     6
                    1 0      -7.762509e-02     12
                    2 0      -1.031171e-02     16
WARMUPS COMPLETED
CONGRAD5: time = 1.328397e-02 (fn F) masses = 1 iters = 4 mflops = 1.235255e+03
 OK converged final_rsq= 0.006 (cf 0.016) rel = 1 (cf 0) restarts = 1 iters= 4
CONGRAD5: time = 1.244116e-02 (fn F) masses = 1 iters = 4 mflops = 1.318936e+03
 OK converged final_rsq= 0.0059 (cf 0.016) rel = 1 (cf 0) restarts = 1 iters= 4
GFTIME:   time = 2.076871e-01 (Symanzik1) mflops = 2.546050e+03
FFTIME:  time = 7.358389e-01 (asqtad3) terms = 2 mflops = 2.038209e+03
CONGRAD5: time = 1.241493e-02 (fn F) masses = 1 iters = 4 mflops = 1.321722e+03
 OK converged final_rsq= 0.01 (cf 0.016) rel = 1 (cf 0) restarts = 1 iters= 4
CONGRAD5: time = 1.133418e-02 (fn F) masses = 1 iters = 4 mflops = 1.447752e+03
 OK converged final_rsq= 0.0097 (cf 0.016) rel = 1 (cf 0) restarts = 1 iters= 4
GFTIME:   time = 2.022312e-01 (Symanzik1) mflops = 2.614739e+03
FFTIME:  time = 7.310810e-01 (asqtad3) terms = 2 mflops = 2.051474e+03
CONGRAD5: time = 1.172900e-02 (fn F) masses = 1 iters = 4 mflops = 1.399018e+03
 OK converged final_rsq= 0.014 (cf 0.016) rel = 1 (cf 0) restarts = 1 iters= 4
CONGRAD5: time = 1.141596e-02 (fn F) masses = 1 iters = 4 mflops = 1.437382e+03
 OK converged final_rsq= 0.014 (cf 0.016) rel = 1 (cf 0) restarts = 1 iters= 4
GFTIME:   time = 2.017632e-01 (Symanzik1) mflops = 2.620805e+03
FFTIME:  time = 7.348862e-01 (asqtad3) terms = 2 mflops = 2.040851e+03
CONGRAD5: time = 1.155806e-02 (fn F) masses = 1 iters = 4 mflops = 1.419710e+03
 OK converged final_rsq= 0.013 (cf 0.016) rel = 1 (cf 0) restarts = 1 iters= 4
CONGRAD5: time = 1.142502e-02 (fn F) masses = 1 iters = 4 mflops = 1.436242e+03
 OK converged final_rsq= 0.013 (cf 0.016) rel = 1 (cf 0) restarts = 1 iters= 4
GFTIME:   time = 2.016132e-01 (Symanzik1) mflops = 2.622754e+03
FFTIME:  time = 7.365551e-01 (asqtad3) terms = 2 mflops = 2.036227e+03
CONGRAD5: time = 1.181507e-02 (fn F) masses = 1 iters = 4 mflops = 1.388827e+03
 OK converged final_rsq= 0.011 (cf 0.016) rel = 1 (cf 0) restarts = 1 iters= 4
CONGRAD5: time = 1.147199e-02 (fn F) masses = 1 iters = 4 mflops = 1.430361e+03
 OK converged final_rsq= 0.011 (cf 0.016) rel = 1 (cf 0) restarts = 1 iters= 4
GFTIME:   time = 2.034521e-01 (Symanzik1) mflops = 2.599048e+03
FFTIME:  time = 7.670350e-01 (asqtad3) terms = 2 mflops = 1.955313e+03
PLAQ:	2.347595	2.347761
P_LOOP:	-1.412683e-03	1.077207e-02
G_LOOP:  0  0  4   	2.347511e+00	( 0 1 7 6  )
G_LOOP:  0  1  4   	2.346866e+00	( 0 2 7 5  )
G_LOOP:  0  2  4   	2.347636e+00	( 0 3 7 4  )
G_LOOP:  0  3  4   	2.348407e+00	( 1 2 6 5  )
G_LOOP:  0  4  4   	2.348585e+00	( 1 3 6 4  )
G_LOOP:  0  5  4   	2.347063e+00	( 2 3 5 4  )
G_LOOP:  1  0  6   	1.771126e+00	( 0 0 1 7 7 6  )
G_LOOP:  1  1  6   	1.770876e+00	( 0 0 2 7 7 5  )
G_LOOP:  1  2  6   	1.771757e+00	( 0 0 3 7 7 4  )
G_LOOP:  1  3  6   	1.772400e+00	( 1 1 0 6 6 7  )
G_LOOP:  1  4  6   	1.774227e+00	( 1 1 2 6 6 5  )
G_LOOP:  1  5  6   	1.774609e+00	( 1 1 3 6 6 4  )
G_LOOP:  1  6  6   	1.771289e+00	( 2 2 0 5 5 7  )
G_LOOP:  1  7  6   	1.773846e+00	( 2 2 1 5 5 6  )
G_LOOP:  1  8  6   	1.770555e+00	( 2 2 3 5 5 4  )
G_LOOP:  1  9  6   	1.773177e+00	( 3 3 0 4 4 7  )
G_LOOP:  1  10  6   	1.775556e+00	( 3 3 1 4 4 6  )
G_LOOP:  1  11  6   	1.771902e+00	( 3 3 2 4 4 5  )
G_LOOP:  2  0  6   	1.819594e+00	( 0 1 2 7 6 5  )
G_LOOP:  2  1  6   	1.819962e+00	( 0 1 5 7 6 2  )
G_LOOP:  2  2  6   	1.818833e+00	( 0 6 2 7 1 5  )
G_LOOP:  2  3  6   	1.819953e+00	( 0 6 5 7 1 2  )
G_LOOP:  2  4  6   	1.820495e+00	( 0 1 3 7 6 4  )
G_LOOP:  2  5  6   	1.819196e+00	( 0 1 4 7 6 3  )
G_LOOP:  2  6  6   	1.822044e+00	( 0 6 3 7 1 4  )
G_LOOP:  2  7  6   	1.819517e+00	( 0 6 4 7 1 3  )
G_LOOP:  2  8  6   	1.818988e+00	( 0 2 3 7 5 4  )
G_LOOP:  2  9  6   	1.817915e+00	( 0 2 4 7 5 3  )
G_LOOP:  2  10  6   	1.818282e+00	( 0 5 3 7 2 4  )
G_LOOP:  2  11  6   	1.817962e+00	( 0 5 4 7 2 3  )
G_LOOP:  2  12  6   	1.821160e+00	( 1 2 3 6 5 4  )
G_LOOP:  2  13  6   	1.821849e+00	( 1 2 4 6 5 3  )
G_LOOP:  2  14  6   	1.818364e+00	( 1 5 3 6 2 4  )
G_LOOP:  2  15  6   	1.819830e+00	( 1 5 4 6 2 3  )
GACTION: 2.575869e+00
CONGRAD5: time = 1.250887e-02 (fn F) masses = 1 iters = 4 mflops = 1.311796e+03
 OK converged final_rsq= 0.01 (cf 0.016) rel = 1 (cf 0) restarts = 1 iters= 4
CONGRAD5: time = 1.605201e-02 (fn F) masses = 1 iters = 6 mflops = 1.533368e+03
 OK converged final_rsq= 0.0089 (cf 0.016) rel = 1 (cf 0) restarts = 1 iters= 6
PBP: mass 1.250000e-01     6.825752e-02  9.608316e-02  1.095450e-03  1.306653e-03 ( 1 of 1 )
FACTION: mass = 1.250000e-01,  1.460506e+00 ( 1 of 1 )
CONGRAD5: time = 1.226592e-02 (fn F) masses = 1 iters = 4 mflops = 1.337779e+03
 OK converged final_rsq= 0.01 (cf 0.016) rel = 1 (cf 0) restarts = 1 iters= 4
CONGRAD5: time = 1.611805e-02 (fn F) masses = 1 iters = 6 mflops = 1.527085e+03
 OK converged final_rsq= 0.009 (cf 0.016) rel = 1 (cf 0) restarts = 1 iters= 6
PBP: mass 1.250000e-01     7.083853e-02  9.489771e-02  5.481260e-04  7.284072e-04 ( 1 of 1 )
FACTION: mass = 1.250000e-01,  1.466257e+00 ( 1 of 1 )
CONGRAD5: time = 1.256919e-02 (fn F) masses = 1 iters = 4 mflops = 1.305501e+03
 OK converged final_rsq= 0.011 (cf 0.016) rel = 1 (cf 0) restarts = 1 iters= 4
CONGRAD5: time = 1.162601e-02 (fn F) masses = 1 iters = 4 mflops = 1.411412e+03
 OK converged final_rsq= 0.011 (cf 0.016) rel = 1 (cf 0) restarts = 1 iters= 4
GFTIME:   time = 2.054970e-01 (Symanzik1) mflops = 2.573185e+03
FFTIME:  time = 7.274899e-01 (asqtad3) terms = 2 mflops = 2.061600e+03
CONGRAD5: time = 1.165199e-02 (fn F) masses = 1 iters = 4 mflops = 1.408265e+03
 OK converged final_rsq= 0.016 (cf 0.016) rel = 1 (cf 0) restarts = 1 iters= 4
CONGRAD5: time = 1.133513e-02 (fn F) masses = 1 iters = 4 mflops = 1.447631e+03
 OK converged final_rsq= 0.015 (cf 0.016) rel = 1 (cf 0) restarts = 1 iters= 4
GFTIME:   time = 2.028520e-01 (Symanzik1) mflops = 2.606737e+03
FFTIME:  time = 7.250159e-01 (asqtad3) terms = 2 mflops = 2.068635e+03
CONGRAD5: time = 1.346302e-02 (fn F) masses = 1 iters = 5 mflops = 1.523533e+03
 OK converged final_rsq= 0.009 (cf 0.016) rel = 1 (cf 0) restarts = 1 iters= 5
CONGRAD5: time = 1.329780e-02 (fn F) masses = 1 iters = 5 mflops = 1.542463e+03
 OK converged final_rsq= 0.0085 (cf 0.016) rel = 1 (cf 0) restarts = 1 iters= 5
GFTIME:   time = 2.021160e-01 (Symanzik1) mflops = 2.616229e+03
FFTIME:  time = 7.264888e-01 (asqtad3) terms = 2 mflops = 2.064441e+03
CONGRAD5: time = 1.347017e-02 (fn F) masses = 1 iters = 5 mflops = 1.522724e+03
 OK converged final_rsq= 0.0086 (cf 0.016) rel = 1 (cf 0) restarts = 1 iters= 5
CONGRAD5: time = 1.326990e-02 (fn F) masses = 1 iters = 5 mflops = 1.545706e+03
 OK converged final_rsq= 0.0083 (cf 0.016) rel = 1 (cf 0) restarts = 1 iters= 5
GFTIME:   time = 2.022240e-01 (Symanzik1) mflops = 2.614832e+03
FFTIME:  time = 7.289870e-01 (asqtad3) terms = 2 mflops = 2.057367e+03
CONGRAD5: time = 1.393986e-02 (fn F) masses = 1 iters = 5 mflops = 1.471418e+03
 OK converged final_rsq= 0.0074 (cf 0.016) rel = 1 (cf 0) restarts = 1 iters= 5
CONGRAD5: time = 1.143003e-02 (fn F) masses = 1 iters = 4 mflops = 1.435613e+03
 OK converged final_rsq= 0.016 (cf 0.016) rel = 1 (cf 0) restarts = 1 iters= 4
GFTIME:   time = 2.021670e-01 (Symanzik1) mflops = 2.615569e+03
FFTIME:  time = 7.716169e-01 (asqtad3) terms = 2 mflops = 1.943702e+03
PLAQ:	2.011111	2.012196
P_LOOP:	1.164183e-03	-1.302911e-02
G_LOOP:  0  0  4   	2.010542e+00	( 0 1 7 6  )
G_LOOP:  0  1  4   	2.011809e+00	( 0 2 7 5  )
G_LOOP:  0  2  4   	2.012118e+00	( 0 3 7 4  )
G_LOOP:  0  3  4   	2.010981e+00	( 1 2 6 5  )
G_LOOP:  0  4  4   	2.011686e+00	( 1 3 6 4  )
G_LOOP:  0  5  4   	2.012783e+00	( 2 3 5 4  )
G_LOOP:  1  0  6   	1.295557e+00	( 0 0 1 7 7 6  )
G_LOOP:  1  1  6   	1.298243e+00	( 0 0 2 7 7 5  )
G_LOOP:  1  2  6   	1.297637e+00	( 0 0 3 7 7 4  )
G_LOOP:  1  3  6   	1.296068e+00	( 1 1 0 6 6 7  )
G_LOOP:  1  4  6   	1.296646e+00	( 1 1 2 6 6 5  )
G_LOOP:  1  5  6   	1.297817e+00	( 1 1 3 6 6 4  )
G_LOOP:  1  6  6   	1.298153e+00	( 2 2 0 5 5 7  )
G_LOOP:  1  7  6   	1.295294e+00	( 2 2 1 5 5 6  )
G_LOOP:  1  8  6   	1.299809e+00	( 2 2 3 5 5 4  )
G_LOOP:  1  9  6   	1.298436e+00	( 3 3 0 4 4 7  )
G_LOOP:  1  10  6   	1.298930e+00	( 3 3 1 4 4 6  )
G_LOOP:  1  11  6   	1.299339e+00	( 3 3 2 4 4 5  )
G_LOOP:  2  0  6   	1.339895e+00	( 0 1 2 7 6 5  )
G_LOOP:  2  1  6   	1.340088e+00	( 0 1 5 7 6 2  )
G_LOOP:  2  2  6   	1.341902e+00	( 0 6 2 7 1 5  )
G_LOOP:  2  3  6   	1.340691e+00	( 0 6 5 7 1 2  )
G_LOOP:  2  4  6   	1.341110e+00	( 0 1 3 7 6 4  )
G_LOOP:  2  5  6   	1.338316e+00	( 0 1 4 7 6 3  )
G_LOOP:  2  6  6   	1.340759e+00	( 0 6 3 7 1 4  )
G_LOOP:  2  7  6   	1.339813e+00	( 0 6 4 7 1 3  )
G_LOOP:  2  8  6   	1.343492e+00	( 0 2 3 7 5 4  )
G_LOOP:  2  9  6   	1.340970e+00	( 0 2 4 7 5 3  )
G_LOOP:  2  10  6   	1.342519e+00	( 0 5 3 7 2 4  )
G_LOOP:  2  11  6   	1.342113e+00	( 0 5 4 7 2 3  )
G_LOOP:  2  12  6   	1.340802e+00	( 1 2 3 6 5 4  )
G_LOOP:  2  13  6   	1.342208e+00	( 1 2 4 6 5 3  )
G_LOOP:  2  14  6   	1.338394e+00	( 1 5 3 6 2 4  )
G_LOOP:  2  15  6   	1.340863e+00	( 1 5 4 6 2 3  )
GACTION: 4.070614e+00
CONGRAD5: time = 1.542902e-02 (fn F) masses = 1 iters = 4 mflops = 1.063521e+03
 OK converged final_rsq= 0.014 (cf 0.016) rel = 1 (cf 0) restarts = 1 iters= 4
CONGRAD5: time = 1.495504e-02 (fn F) masses = 1 iters = 6 mflops = 1.645842e+03
 OK converged final_rsq= 0.013 (cf 0.016) rel = 1 (cf 0) restarts = 1 iters= 6
PBP: mass 1.250000e-01     8.653191e-02  1.640120e-01  2.248929e-03  2.315767e-03 ( 1 of 1 )
FACTION: mass = 1.250000e-01,  1.444087e+00 ( 1 of 1 )
CONGRAD5: time = 1.142406e-02 (fn F) masses = 1 iters = 4 mflops = 1.436362e+03
 OK converged final_rsq= 0.014 (cf 0.016) rel = 1 (cf 0) restarts = 1 iters= 4
CONGRAD5: time = 1.860499e-02 (fn F) masses = 1 iters = 6 mflops = 1.322958e+03
 OK converged final_rsq= 0.014 (cf 0.016) rel = 1 (cf 0) restarts = 1 iters= 6
PBP: mass 1.250000e-01     8.449025e-02  1.684165e-01  2.084430e-04  -1.771375e-04 ( 1 of 1 )
FACTION: mass = 1.250000e-01,  1.446092e+00 ( 1 of 1 )
CONGRAD5: time = 1.426697e-02 (fn F) masses = 1 iters = 5 mflops = 1.437682e+03
 OK converged final_rsq= 0.0075 (cf 0.016) rel = 1 (cf 0) restarts = 1 iters= 5
CONGRAD5: time = 1.251388e-02 (fn F) masses = 1 iters = 4 mflops = 1.311271e+03
 OK converged final_rsq= 0.015 (cf 0.016) rel = 1 (cf 0) restarts = 1 iters= 4
GFTIME:   time = 2.052629e-01 (Symanzik1) mflops = 2.576120e+03
FFTIME:  time = 7.253981e-01 (asqtad3) terms = 2 mflops = 2.067545e+03
CONGRAD5: time = 1.338983e-02 (fn F) masses = 1 iters = 5 mflops = 1.531862e+03
 OK converged final_rsq= 0.0093 (cf 0.016) rel = 1 (cf 0) restarts = 1 iters= 5
CONGRAD5: time = 1.325488e-02 (fn F) masses = 1 iters = 5 mflops = 1.547457e+03
 OK converged final_rsq= 0.0088 (cf 0.016) rel = 1 (cf 0) restarts = 1 iters= 5
GFTIME:   time = 2.028470e-01 (Symanzik1) mflops = 2.606801e+03
FFTIME:  time = 7.235718e-01 (asqtad3) terms = 2 mflops = 2.072764e+03
CONGRAD5: time = 1.354790e-02 (fn F) masses = 1 iters = 5 mflops = 1.513988e+03
 OK converged final_rsq= 0.011 (cf 0.016) rel = 1 (cf 0) restarts = 1 iters= 5
CONGRAD5: time = 1.320314e-02 (fn F) masses = 1 iters = 5 mflops = 1.553521e+03
 OK converged final_rsq= 0.01 (cf 0.016) rel = 1 (cf 0) restarts = 1 iters= 5
GFTIME:   time = 2.027712e-01 (Symanzik1) mflops = 2.607776e+03
FFTIME:  time = 7.286029e-01 (asqtad3) terms = 2 mflops = 2.058451e+03
CONGRAD5: time = 1.337814e-02 (fn F) masses = 1 iters = 5 mflops = 1.533199e+03
 OK converged final_rsq= 0.011 (cf 0.016) rel = 1 (cf 0) restarts = 1 iters= 5
CONGRAD5: time = 1.328993e-02 (fn F) masses = 1 iters = 5 mflops = 1.543376e+03
 OK converged final_rsq= 0.01 (cf 0.016) rel = 1 (cf 0) restarts = 1 iters= 5
GFTIME:   time = 2.026870e-01 (Symanzik1) mflops = 2.608859e+03
FFTIME:  time = 7.309010e-01 (asqtad3) terms = 2 mflops = 2.051979e+03
CONGRAD5: time = 1.353502e-02 (fn F) masses = 1 iters = 5 mflops = 1.515429e+03
 OK converged final_rsq= 0.01 (cf 0.016) rel = 1 (cf 0) restarts = 1 iters= 5
CONGRAD5: time = 1.323390e-02 (fn F) masses = 1 iters = 5 mflops = 1.549910e+03
 OK converged final_rsq= 0.0096 (cf 0.016) rel = 1 (cf 0) restarts = 1 iters= 5
GFTIME:   time = 2.027030e-01 (Symanzik1) mflops = 2.608653e+03
FFTIME:  time = 7.806900e-01 (asqtad3) terms = 2 mflops = 1.921113e+03
PLAQ:	1.790745	1.792467
P_LOOP:	-1.917755e-04	-4.920262e-03
G_LOOP:  0  0  4   	1.789087e+00	( 0 1 7 6  )
G_LOOP:  0  1  4   	1.791690e+00	( 0 2 7 5  )
G_LOOP:  0  2  4   	1.792584e+00	( 0 3 7 4  )
G_LOOP:  0  3  4   	1.791457e+00	( 1 2 6 5  )
G_LOOP:  0  4  4   	1.791849e+00	( 1 3 6 4  )
G_LOOP:  0  5  4   	1.792968e+00	( 2 3 5 4  )
G_LOOP:  1  0  6   	1.021094e+00	( 0 0 1 7 7 6  )
G_LOOP:  1  1  6   	1.024960e+00	( 0 0 2 7 7 5  )
G_LOOP:  1  2  6   	1.026166e+00	( 0 0 3 7 7 4  )
G_LOOP:  1  3  6   	1.020805e+00	( 1 1 0 6 6 7  )
G_LOOP:  1  4  6   	1.023668e+00	( 1 1 2 6 6 5  )
G_LOOP:  1  5  6   	1.022670e+00	( 1 1 3 6 6 4  )
G_LOOP:  1  6  6   	1.021541e+00	( 2 2 0 5 5 7  )
G_LOOP:  1  7  6   	1.025184e+00	( 2 2 1 5 5 6  )
G_LOOP:  1  8  6   	1.026991e+00	( 2 2 3 5 5 4  )
G_LOOP:  1  9  6   	1.024792e+00	( 3 3 0 4 4 7  )
G_LOOP:  1  10  6   	1.023325e+00	( 3 3 1 4 4 6  )
G_LOOP:  1  11  6   	1.027138e+00	( 3 3 2 4 4 5  )
G_LOOP:  2  0  6   	1.057479e+00	( 0 1 2 7 6 5  )
G_LOOP:  2  1  6   	1.054795e+00	( 0 1 5 7 6 2  )
G_LOOP:  2  2  6   	1.056812e+00	( 0 6 2 7 1 5  )
G_LOOP:  2  3  6   	1.054203e+00	( 0 6 5 7 1 2  )
G_LOOP:  2  4  6   	1.056459e+00	( 0 1 3 7 6 4  )
G_LOOP:  2  5  6   	1.057329e+00	( 0 1 4 7 6 3  )
G_LOOP:  2  6  6   	1.055881e+00	( 0 6 3 7 1 4  )
G_LOOP:  2  7  6   	1.057281e+00	( 0 6 4 7 1 3  )
G_LOOP:  2  8  6   	1.056752e+00	( 0 2 3 7 5 4  )
G_LOOP:  2  9  6   	1.055486e+00	( 0 2 4 7 5 3  )
G_LOOP:  2  10  6   	1.056447e+00	( 0 5 3 7 2 4  )
G_LOOP:  2  11  6   	1.061817e+00	( 0 5 4 7 2 3  )
G_LOOP:  2  12  6   	1.059116e+00	( 1 2 3 6 5 4  )
G_LOOP:  2  13  6   	1.055844e+00	( 1 2 4 6 5 3  )
G_LOOP:  2  14  6   	1.055744e+00	( 1 5 3 6 2 4  )
G_LOOP:  2  15  6   	1.057354e+00	( 1 5 4 6 2 3  )
GACTION: 5.089141e+00
CONGRAD5: time = 1.553583e-02 (fn F) masses = 1 iters = 5 mflops = 1.320261e+03
 OK converged final_rsq= 0.0085 (cf 0.016) rel = 1 (cf 0) restarts = 1 iters= 5
CONGRAD5: time = 1.498294e-02 (fn F) masses = 1 iters = 6 mflops = 1.642777e+03
 OK converged final_rsq= 0.015 (cf 0.016) rel = 1 (cf 0) restarts = 1 iters= 6
PBP: mass 1.250000e-01     1.118677e-01  2.954556e-01  -4.300555e-04  9.395341e-05 ( 1 of 1 )
FACTION: mass = 1.250000e-01,  1.454471e+00 ( 1 of 1 )
CONGRAD5: time = 1.457691e-02 (fn F) masses = 1 iters = 5 mflops = 1.407113e+03
 OK converged final_rsq= 0.0086 (cf 0.016) rel = 1 (cf 0) restarts = 1 iters= 5
CONGRAD5: time = 1.493406e-02 (fn F) masses = 1 iters = 6 mflops = 1.648154e+03
 OK converged final_rsq= 0.015 (cf 0.016) rel = 1 (cf 0) restarts = 1 iters= 6
PBP: mass 1.250000e-01     1.105973e-01  3.002362e-01  -5.283041e-04  -6.620538e-04 ( 1 of 1 )
FACTION: mass = 1.250000e-01,  1.451145e+00 ( 1 of 1 )
CONGRAD5: time = 1.465106e-02 (fn F) masses = 1 iters = 5 mflops = 1.399992e+03
 OK converged final_rsq= 0.01 (cf 0.016) rel = 1 (cf 0) restarts = 1 iters= 5
CONGRAD5: time = 1.432896e-02 (fn F) masses = 1 iters = 5 mflops = 1.431462e+03
 OK converged final_rsq= 0.0096 (cf 0.016) rel = 1 (cf 0) restarts = 1 iters= 5
GFTIME:   time = 2.042580e-01 (Symanzik1) mflops = 2.588794e+03
FFTIME:  time = 7.291269e-01 (asqtad3) terms = 2 mflops = 2.056972e+03
CONGRAD5: time = 1.361203e-02 (fn F) masses = 1 iters = 5 mflops = 1.506855e+03
 OK converged final_rsq= 0.011 (cf 0.016) rel = 1 (cf 0) restarts = 1 iters= 5
CONGRAD5: time = 1.334405e-02 (fn F) masses = 1 iters = 5 mflops = 1.537117e+03
 OK converged final_rsq= 0.011 (cf 0.016) rel = 1 (cf 0) restarts = 1 iters= 5
GFTIME:   time = 2.028360e-01 (Symanzik1) mflops = 2.606942e+03
FFTIME:  time = 7.221000e-01 (asqtad3) terms = 2 mflops = 2.076988e+03
CONGRAD5: time = 1.444602e-02 (fn F) masses = 1 iters = 5 mflops = 1.419862e+03
 OK converged final_rsq= 0.012 (cf 0.016) rel = 1 (cf 0) restarts = 1 iters= 5
CONGRAD5: time = 1.327705e-02 (fn F) masses = 1 iters = 5 mflops = 1.544873e+03
 OK converged final_rsq= 0.011 (cf 0.016) rel = 1 (cf 0) restarts = 1 iters= 5
GFTIME:   time = 2.026491e-01 (Symanzik1) mflops = 2.609347e+03
FFTIME:  time = 7.285142e-01 (asqtad3) terms = 2 mflops = 2.058702e+03
CONGRAD5: time = 1.348090e-02 (fn F) masses = 1 iters = 5 mflops = 1.521512e+03
 OK converged final_rsq= 0.012 (cf 0.016) rel = 1 (cf 0) restarts = 1 iters= 5
CONGRAD5: time = 1.330304e-02 (fn F) masses = 1 iters = 5 mflops = 1.541855e+03
 OK converged final_rsq= 0.012 (cf 0.016) rel = 1 (cf 0) restarts = 1 iters= 5
GFTIME:   time = 2.030101e-01 (Symanzik1) mflops = 2.604707e+03
FFTIME:  time = 7.289350e-01 (asqtad3) terms = 2 mflops = 2.057513e+03
CONGRAD5: time = 1.348996e-02 (fn F) masses = 1 iters = 5 mflops = 1.520491e+03
 OK converged final_rsq= 0.012 (cf 0.016) rel = 1 (cf 0) restarts = 1 iters= 5
CONGRAD5: time = 1.327896e-02 (fn F) masses = 1 iters = 5 mflops = 1.544651e+03
 OK converged final_rsq= 0.011 (cf 0.016) rel = 1 (cf 0) restarts = 1 iters= 5
GFTIME:   time = 2.024100e-01 (Symanzik1) mflops = 2.612430e+03
FFTIME:  time = 7.653611e-01 (asqtad3) terms = 2 mflops = 1.959589e+03
PLAQ:	1.644813	1.645910
P_LOOP:	3.517893e-03	-6.785171e-03
G_LOOP:  0  0  4   	1.643697e+00	( 0 1 7 6  )
G_LOOP:  0  1  4   	1.645492e+00	( 0 2 7 5  )
G_LOOP:  0  2  4   	1.646565e+00	( 0 3 7 4  )
G_LOOP:  0  3  4   	1.645251e+00	( 1 2 6 5  )
G_LOOP:  0  4  4   	1.646085e+00	( 1 3 6 4  )
G_LOOP:  0  5  4   	1.645079e+00	( 2 3 5 4  )
G_LOOP:  1  0  6   	8.536272e-01	( 0 0 1 7 7 6  )
G_LOOP:  1  1  6   	8.570721e-01	( 0 0 2 7 7 5  )
G_LOOP:  1  2  6   	8.559980e-01	( 0 0 3 7 7 4  )
G_LOOP:  1  3  6   	8.513719e-01	( 1 1 0 6 6 7  )
G_LOOP:  1  4  6   	8.548773e-01	( 1 1 2 6 6 5  )
G_LOOP:  1  5  6   	8.559575e-01	( 1 1 3 6 6 4  )
G_LOOP:  1  6  6   	8.563919e-01	( 2 2 0 5 5 7  )
G_LOOP:  1  7  6   	8.573651e-01	( 2 2 1 5 5 6  )
G_LOOP:  1  8  6   	8.552518e-01	( 2 2 3 5 5 4  )
G_LOOP:  1  9  6   	8.590436e-01	( 3 3 0 4 4 7  )
G_LOOP:  1  10  6   	8.563156e-01	( 3 3 1 4 4 6  )
G_LOOP:  1  11  6   	8.552455e-01	( 3 3 2 4 4 5  )
G_LOOP:  2  0  6   	8.769052e-01	( 0 1 2 7 6 5  )
G_LOOP:  2  1  6   	8.775728e-01	( 0 1 5 7 6 2  )
G_LOOP:  2  2  6   	8.775268e-01	( 0 6 2 7 1 5  )
G_LOOP:  2  3  6   	8.774933e-01	( 0 6 5 7 1 2  )
G_LOOP:  2  4  6   	8.780000e-01	( 0 1 3 7 6 4  )
G_LOOP:  2  5  6   	8.808810e-01	( 0 1 4 7 6 3  )
G_LOOP:  2  6  6   	8.766411e-01	( 0 6 3 7 1 4  )
G_LOOP:  2  7  6   	8.765984e-01	( 0 6 4 7 1 3  )
G_LOOP:  2  8  6   	8.783221e-01	( 0 2 3 7 5 4  )
G_LOOP:  2  9  6   	8.774300e-01	( 0 2 4 7 5 3  )
G_LOOP:  2  10  6   	8.759553e-01	( 0 5 3 7 2 4  )
G_LOOP:  2  11  6   	8.806796e-01	( 0 5 4 7 2 3  )
G_LOOP:  2  12  6   	8.798484e-01	( 1 2 3 6 5 4  )
G_LOOP:  2  13  6   	8.751524e-01	( 1 2 4 6 5 3  )
G_LOOP:  2  14  6   	8.770529e-01	( 1 5 3 6 2 4  )
G_LOOP:  2  15  6   	8.804209e-01	( 1 5 4 6 2 3  )
GACTION: 5.780302e+00
CONGRAD5: time = 1.440716e-02 (fn F) masses = 1 iters = 5 mflops = 1.423692e+03
 OK converged final_rsq= 0.01 (cf 0.016) rel = 1 (cf 0) restarts = 1 iters= 5
CONGRAD5: time = 1.747704e-02 (fn F) masses = 1 iters = 7 mflops = 1.643065e+03
 OK converged final_rsq= 0.0082 (cf 0.016) rel = 1 (cf 0) restarts = 1 iters= 7
PBP: mass 1.250000e-01     1.267671e-01  3.194774e-01  -4.833170e-04  -1.081211e-03 ( 1 of 1 )
FACTION: mass = 1.250000e-01,  1.432869e+00 ( 1 of 1 )
CONGRAD5: time = 1.437807e-02 (fn F) masses = 1 iters = 5 mflops = 1.426572e+03
 OK converged final_rsq= 0.01 (cf 0.016) rel = 1 (cf 0) restarts = 1 iters= 5
CONGRAD5: time = 1.677012e-02 (fn F) masses = 1 iters = 7 mflops = 1.712325e+03
 OK converged final_rsq= 0.008 (cf 0.016) rel = 1 (cf 0) restarts = 1 iters= 7
PBP: mass 1.250000e-01     1.239260e-01  3.195190e-01  8.115391e-04  2.827003e-04 ( 1 of 1 )
FACTION: mass = 1.250000e-01,  1.436823e+00 ( 1 of 1 )
RUNNING COMPLETED
average cg iters for step= 1.100000e+01
Time = 2.742040e+01 seconds
total_iters = 550
Checksums f9a6baac 63d9c86e
Saved gauge configuration in parallel to binary file lat_p64_size128_1
Time stamp Fri Aug 12 21:15:00 2022
Wrote info file lat_p64_size128_1.info
Time to save = 4.747260e-01
CHECK PLAQ: 1.644813e+00 1.645910e+00
CHECK NERSC LINKTR: 1.703356e-01 CKSUM: 4e6bfb13


warms 0
trajecs 4
traj_between_meas 1
beta 5.6
mass1 0.01
mass2 0.01
u0 0.8441
microcanonical_time_step 0.02
steps_per_trajectory 15
max_cg_iterations 300
max_cg_restarts 5
error_per_site 1e-05
error_for_propagator 1e-05
npbp_reps 1
prec_pbp 1
reload_parallel lat_p64_size128_1
save_parallel lat_p64_size128_2
Restored binary gauge configuration in parallel from file lat_p64_size128_1
Time stamp Fri Aug 12 21:15:00 2022
Checksums f9a6baac 63d9c86e OK
Time to reload gauge configuration = 2.576771e-01
CHECK PLAQ: 1.644813e+00 1.645910e+00
CHECK NERSC LINKTR: 1.703356e-01 CKSUM: 4e6bfb13
Unitarity checked.  Max deviation 2.98e-07
Time to check unitarity = 9.210110e-04
"O(a^2): couplings(pi)=0, Naik term, No O(a^2) errors, tadpole weights"
path coefficients: npath  path_coeff  multiplicity
                    0      6.250000e-01     8
                    1      -5.847914e-02     8
                    2      -8.771871e-02     48
                    3      3.077829e-02     192
                    4      -7.199551e-03     384
                    5      -1.231132e-01     48
Symanzik 1x1 + 1x2 + 1x1x1 action
gauge_action: total_dyn_flavors = 3
loop coefficients: nloop rep loop_coeff  multiplicity
                    0 0      1.000000e+00     6
                    1 0      -7.762509e-02     12
                    2 0      -1.031171e-02     16
WARMUPS COMPLETED
CONGRAD5: time = 1.122060e+00 (fn F) masses = 1 iters = 589 mflops = 2.153395e+03
 OK converged final_rsq= 5e-11 (cf 1e-10) rel = 1 (cf 0) restarts = 3 iters= 589
CONGRAD5: time = 1.079804e+00 (fn F) masses = 1 iters = 573 mflops = 2.176878e+03
 OK converged final_rsq= 9.9e-11 (cf 1e-10) rel = 1 (cf 0) restarts = 2 iters= 573
GFTIME:   time = 2.023242e-01 (Symanzik1) mflops = 2.613538e+03
FFTIME:  time = 7.343309e-01 (asqtad3) terms = 2 mflops = 2.042395e+03
CONGRAD5: time = 1.041582e+00 (fn F) masses = 1 iters = 552 mflops = 2.174052e+03
 OK converged final_rsq= 5e-11 (cf 1e-10) rel = 1 (cf 0) restarts = 3 iters= 552
CONGRAD5: time = 1.041858e+00 (fn F) masses = 1 iters = 553 mflops = 2.177414e+03
 OK converged final_rsq= 5e-11 (cf 1e-10) rel = 1 (cf 0) restarts = 3 iters= 553
GFTIME:   time = 2.053101e-01 (Symanzik1) mflops = 2.575527e+03
FFTIME:  time = 7.782180e-01 (asqtad3) terms = 2 mflops = 1.927215e+03
CONGRAD5: time = 1.117880e+00 (fn F) masses = 1 iters = 555 mflops = 2.036677e+03
 OK converged final_rsq= 4.9e-11 (cf 1e-10) rel = 1 (cf 0) restarts = 3 iters= 555
CONGRAD5: time = 9.903369e-01 (fn F) masses = 1 iters = 504 mflops = 2.087719e+03
 OK converged final_rsq= 5e-11 (cf 1e-10) rel = 1 (cf 0) restarts = 3 iters= 504
GFTIME:   time = 2.089729e-01 (Symanzik1) mflops = 2.530384e+03
FFTIME:  time = 7.226079e-01 (asqtad3) terms = 2 mflops = 2.075529e+03
CONGRAD5: time = 1.054090e+00 (fn F) masses = 1 iters = 557 mflops = 2.167714e+03
 OK converged final_rsq= 1e-10 (cf 1e-10) rel = 1 (cf 0) restarts = 2 iters= 557
CONGRAD5: time = 9.541011e-01 (fn F) masses = 1 iters = 505 mflops = 2.171308e+03
 OK converged final_rsq= 5e-11 (cf 1e-10) rel = 1 (cf 0) restarts = 3 iters= 505
GFTIME:   time = 2.033780e-01 (Symanzik1) mflops = 2.599996e+03
FFTIME:  time = 7.316260e-01 (asqtad3) terms = 2 mflops = 2.049945e+03
CONGRAD5: time = 1.049941e+00 (fn F) masses = 1 iters = 556 mflops = 2.172373e+03
 OK converged final_rsq= 5e-11 (cf 1e-10) rel = 1 (cf 0) restarts = 3 iters= 556
CONGRAD5: time = 1.002111e+00 (fn F) masses = 1 iters = 506 mflops = 2.071377e+03
 OK converged final_rsq= 9.9e-11 (cf 1e-10) rel = 1 (cf 0) restarts = 2 iters= 506
GFTIME:   time = 2.181420e-01 (Symanzik1) mflops = 2.424025e+03
FFTIME:  time = 7.615728e-01 (asqtad3) terms = 2 mflops = 1.969337e+03
CONGRAD5: time = 1.106509e+00 (fn F) masses = 1 iters = 566 mflops = 2.098389e+03
 OK converged final_rsq= 4.9e-11 (cf 1e-10) rel = 1 (cf 0) restarts = 3 iters= 566
CONGRAD5: time = 1.013825e+00 (fn F) masses = 1 iters = 523 mflops = 2.116231e+03
 OK converged final_rsq= 9.9e-11 (cf 1e-10) rel = 1 (cf 0) restarts = 2 iters= 523
GFTIME:   time = 2.042589e-01 (Symanzik1) mflops = 2.588782e+03
FFTIME:  time = 7.307038e-01 (asqtad3) terms = 2 mflops = 2.052533e+03
CONGRAD5: time = 9.827809e-01 (fn F) masses = 1 iters = 520 mflops = 2.170556e+03
 OK converged final_rsq= 5e-11 (cf 1e-10) rel = 1 (cf 0) restarts = 3 iters= 520
CONGRAD5: time = 1.045189e+00 (fn F) masses = 1 iters = 554 mflops = 2.174399e+03
 OK converged final_rsq= 5e-11 (cf 1e-10) rel = 1 (cf 0) restarts = 3 iters= 554
GFTIME:   time = 2.032480e-01 (Symanzik1) mflops = 2.601658e+03
FFTIME:  time = 7.296319e-01 (asqtad3) terms = 2 mflops = 2.055548e+03
CONGRAD5: time = 1.034386e+00 (fn F) masses = 1 iters = 548 mflops = 2.173314e+03
 OK converged final_rsq= 5e-11 (cf 1e-10) rel = 1 (cf 0) restarts = 3 iters= 548
CONGRAD5: time = 1.049261e+00 (fn F) masses = 1 iters = 534 mflops = 2.087768e+03
 OK converged final_rsq= 1e-10 (cf 1e-10) rel = 1 (cf 0) restarts = 2 iters= 534
GFTIME:   time = 2.146711e-01 (Symanzik1) mflops = 2.463218e+03
FFTIME:  time = 7.370369e-01 (asqtad3) terms = 2 mflops = 2.034896e+03
CONGRAD5: time = 1.017831e+00 (fn F) masses = 1 iters = 527 mflops = 2.124024e+03
 OK converged final_rsq= 5e-11 (cf 1e-10) rel = 1 (cf 0) restarts = 3 iters= 527
CONGRAD5: time = 1.028208e+00 (fn F) masses = 1 iters = 528 mflops = 2.106577e+03
 OK converged final_rsq= 5e-11 (cf 1e-10) rel = 1 (cf 0) restarts = 3 iters= 528
GFTIME:   time = 2.034771e-01 (Symanzik1) mflops = 2.598728e+03
FFTIME:  time = 7.263720e-01 (asqtad3) terms = 2 mflops = 2.064773e+03
CONGRAD5: time = 1.052538e+00 (fn F) masses = 1 iters = 559 mflops = 2.178705e+03
 OK converged final_rsq= 1e-10 (cf 1e-10) rel = 1 (cf 0) restarts = 2 iters= 559
CONGRAD5: time = 9.767830e-01 (fn F) masses = 1 iters = 519 mflops = 2.179685e+03
 OK converged final_rsq= 1e-10 (cf 1e-10) rel = 1 (cf 0) restarts = 2 iters= 519
GFTIME:   time = 2.031951e-01 (Symanzik1) mflops = 2.602336e+03
FFTIME:  time = 7.304351e-01 (asqtad3) terms = 2 mflops = 2.053288e+03
CONGRAD5: time = 1.103098e+00 (fn F) masses = 1 iters = 553 mflops = 2.056532e+03
 OK converged final_rsq= 5e-11 (cf 1e-10) rel = 1 (cf 0) restarts = 3 iters= 553
CONGRAD5: time = 1.038487e+00 (fn F) masses = 1 iters = 540 mflops = 2.133129e+03
 OK converged final_rsq= 5e-11 (cf 1e-10) rel = 1 (cf 0) restarts = 3 iters= 540
GFTIME:   time = 2.163231e-01 (Symanzik1) mflops = 2.444407e+03
FFTIME:  time = 7.591791e-01 (asqtad3) terms = 2 mflops = 1.975546e+03
CONGRAD5: time = 1.108979e+00 (fn F) masses = 1 iters = 562 mflops = 2.078918e+03
 OK converged final_rsq= 5e-11 (cf 1e-10) rel = 1 (cf 0) restarts = 3 iters= 562
CONGRAD5: time = 1.058077e+00 (fn F) masses = 1 iters = 555 mflops = 2.151791e+03
 OK converged final_rsq= 9.9e-11 (cf 1e-10) rel = 1 (cf 0) restarts = 2 iters= 555
GFTIME:   time = 2.042270e-01 (Symanzik1) mflops = 2.589187e+03
FFTIME:  time = 7.309620e-01 (asqtad3) terms = 2 mflops = 2.051808e+03
CONGRAD5: time = 1.068557e+00 (fn F) masses = 1 iters = 538 mflops = 2.065423e+03
 OK converged final_rsq= 1e-10 (cf 1e-10) rel = 1 (cf 0) restarts = 2 iters= 538
CONGRAD5: time = 1.098058e+00 (fn F) masses = 1 iters = 565 mflops = 2.110803e+03
 OK converged final_rsq= 1e-10 (cf 1e-10) rel = 1 (cf 0) restarts = 2 iters= 565
GFTIME:   time = 2.235692e-01 (Symanzik1) mflops = 2.365182e+03
FFTIME:  time = 7.278810e-01 (asqtad3) terms = 2 mflops = 2.060493e+03
CONGRAD5: time = 1.120000e+00 (fn F) masses = 1 iters = 579 mflops = 2.120728e+03
 OK converged final_rsq= 9.9e-11 (cf 1e-10) rel = 1 (cf 0) restarts = 2 iters= 579
CONGRAD5: time = 1.081239e+00 (fn F) masses = 1 iters = 573 mflops = 2.173989e+03
 OK converged final_rsq= 5e-11 (cf 1e-10) rel = 1 (cf 0) restarts = 3 iters= 573
GFTIME:   time = 2.032928e-01 (Symanzik1) mflops = 2.601084e+03
FFTIME:  time = 7.321460e-01 (asqtad3) terms = 2 mflops = 2.048489e+03
CONGRAD5: time = 1.110667e+00 (fn F) masses = 1 iters = 578 mflops = 2.134855e+03
 OK converged final_rsq= 5e-11 (cf 1e-10) rel = 1 (cf 0) restarts = 3 iters= 578
CONGRAD5: time = 1.106888e+00 (fn F) masses = 1 iters = 574 mflops = 2.127320e+03
 OK converged final_rsq= 5e-11 (cf 1e-10) rel = 1 (cf 0) restarts = 3 iters= 574
GFTIME:   time = 2.159231e-01 (Symanzik1) mflops = 2.448936e+03
FFTIME:  time = 7.212169e-01 (asqtad3) terms = 2 mflops = 2.079532e+03
PLAQ:	1.540043	1.539646
P_LOOP:	-1.470258e-02	-7.463607e-03
G_LOOP:  0  0  4   	1.540270e+00	( 0 1 7 6  )
G_LOOP:  0  1  4   	1.539303e+00	( 0 2 7 5  )
G_LOOP:  0  2  4   	1.540042e+00	( 0 3 7 4  )
G_LOOP:  0  3  4   	1.540557e+00	( 1 2 6 5  )
G_LOOP:  0  4  4   	1.539431e+00	( 1 3 6 4  )
G_LOOP:  0  5  4   	1.539466e+00	( 2 3 5 4  )
G_LOOP:  1  0  6   	7.798987e-01	( 0 0 1 7 7 6  )
G_LOOP:  1  1  6   	7.792347e-01	( 0 0 2 7 7 5  )
G_LOOP:  1  2  6   	7.795719e-01	( 0 0 3 7 7 4  )
G_LOOP:  1  3  6   	7.767896e-01	( 1 1 0 6 6 7  )
G_LOOP:  1  4  6   	7.771025e-01	( 1 1 2 6 6 5  )
G_LOOP:  1  5  6   	7.802369e-01	( 1 1 3 6 6 4  )
G_LOOP:  1  6  6   	7.773278e-01	( 2 2 0 5 5 7  )
G_LOOP:  1  7  6   	7.811866e-01	( 2 2 1 5 5 6  )
G_LOOP:  1  8  6   	7.778146e-01	( 2 2 3 5 5 4  )
G_LOOP:  1  9  6   	7.812695e-01	( 3 3 0 4 4 7  )
G_LOOP:  1  10  6   	7.794457e-01	( 3 3 1 4 4 6  )
G_LOOP:  1  11  6   	7.796804e-01	( 3 3 2 4 4 5  )
G_LOOP:  2  0  6   	7.989290e-01	( 0 1 2 7 6 5  )
G_LOOP:  2  1  6   	7.994120e-01	( 0 1 5 7 6 2  )
G_LOOP:  2  2  6   	7.995382e-01	( 0 6 2 7 1 5  )
G_LOOP:  2  3  6   	8.023482e-01	( 0 6 5 7 1 2  )
G_LOOP:  2  4  6   	7.983686e-01	( 0 1 3 7 6 4  )
G_LOOP:  2  5  6   	7.988594e-01	( 0 1 4 7 6 3  )
G_LOOP:  2  6  6   	7.985442e-01	( 0 6 3 7 1 4  )
G_LOOP:  2  7  6   	8.015172e-01	( 0 6 4 7 1 3  )
G_LOOP:  2  8  6   	7.967786e-01	( 0 2 3 7 5 4  )
G_LOOP:  2  9  6   	7.991136e-01	( 0 2 4 7 5 3  )
G_LOOP:  2  10  6   	7.979871e-01	( 0 5 3 7 2 4  )
G_LOOP:  2  11  6   	8.001564e-01	( 0 5 4 7 2 3  )
G_LOOP:  2  12  6   	8.026151e-01	( 1 2 3 6 5 4  )
G_LOOP:  2  13  6   	7.963586e-01	( 1 2 4 6 5 3  )
G_LOOP:  2  14  6   	7.991857e-01	( 1 5 3 6 2 4  )
G_LOOP:  2  15  6   	8.004856e-01	( 1 5 4 6 2 3  )
GACTION: 6.329114e+00
CONGRAD5: time = 1.106604e+00 (fn F) masses = 1 iters = 562 mflops = 2.083380e+03
 OK converged final_rsq= 5e-11 (cf 1e-10) rel = 1 (cf 0) restarts = 3 iters= 562
CONGRAD5: time = 1.375680e-01 (fn F) masses = 1 iters = 72 mflops = 2.147037e+03
 OK converged final_rsq= 9.9e-11 (cf 1e-10) rel = 1 (cf 0) restarts = 1 iters= 72
PBP: mass 1.000000e-02     2.689375e-02  3.605375e-02  -1.735238e-03  -1.736032e-03 ( 1 of 1 )
FACTION: mass = 1.000000e-02,  1.496733e+00 ( 1 of 1 )
CONGRAD5: time = 1.090827e+00 (fn F) masses = 1 iters = 584 mflops = 2.196248e+03
 OK converged final_rsq= 9.9e-11 (cf 1e-10) rel = 1 (cf 0) restarts = 2 iters= 584
CONGRAD5: time = 1.340599e-01 (fn F) masses = 1 iters = 70 mflops = 2.142020e+03
 OK converged final_rsq= 9.8e-11 (cf 1e-10) rel = 1 (cf 0) restarts = 1 iters= 70
PBP: mass 1.000000e-02     2.993896e-02  3.458992e-02  2.750435e-03  2.751798e-03 ( 1 of 1 )
FACTION: mass = 1.000000e-02,  1.493824e+00 ( 1 of 1 )
CONGRAD5: time = 1.096028e+00 (fn F) masses = 1 iters = 583 mflops = 2.182084e+03
 OK converged final_rsq= 1e-10 (cf 1e-10) rel = 1 (cf 0) restarts = 2 iters= 583
CONGRAD5: time = 1.085059e+00 (fn F) masses = 1 iters = 573 mflops = 2.166336e+03
 OK converged final_rsq= 9.8e-11 (cf 1e-10) rel = 1 (cf 0) restarts = 2 iters= 573
GFTIME:   time = 2.133980e-01 (Symanzik1) mflops = 2.477914e+03
FFTIME:  time = 7.264509e-01 (asqtad3) terms = 2 mflops = 2.064549e+03
CONGRAD5: time = 1.134465e+00 (fn F) masses = 1 iters = 587 mflops = 2.122616e+03
 OK converged final_rsq= 9.9e-11 (cf 1e-10) rel = 1 (cf 0) restarts = 2 iters= 587
CONGRAD5: time = 1.094195e+00 (fn F) masses = 1 iters = 579 mflops = 2.170743e+03
 OK converged final_rsq= 9.8e-11 (cf 1e-10) rel = 1 (cf 0) restarts = 2 iters= 579
GFTIME:   time = 2.031560e-01 (Symanzik1) mflops = 2.602836e+03
FFTIME:  time = 7.281621e-01 (asqtad3) terms = 2 mflops = 2.059697e+03
CONGRAD5: time = 1.045090e+00 (fn F) masses = 1 iters = 553 mflops = 2.170681e+03
 OK converged final_rsq= 9.9e-11 (cf 1e-10) rel = 1 (cf 0) restarts = 2 iters= 553
CONGRAD5: time = 1.206744e+00 (fn F) masses = 1 iters = 578 mflops = 1.964885e+03
 OK converged final_rsq= 9.8e-11 (cf 1e-10) rel = 1 (cf 0) restarts = 2 iters= 578
GFTIME:   time = 2.195790e-01 (Symanzik1) mflops = 2.408162e+03
FFTIME:  time = 7.301481e-01 (asqtad3) terms = 2 mflops = 2.054095e+03
CONGRAD5: time = 1.152729e+00 (fn F) masses = 1 iters = 585 mflops = 2.081868e+03
 OK converged final_rsq= 1e-10 (cf 1e-10) rel = 1 (cf 0) restarts = 2 iters= 585
CONGRAD5: time = 1.034247e+00 (fn F) masses = 1 iters = 548 mflops = 2.173606e+03
 OK converged final_rsq= 9.9e-11 (cf 1e-10) rel = 1 (cf 0) restarts = 2 iters= 548
GFTIME:   time = 2.034731e-01 (Symanzik1) mflops = 2.598780e+03
FFTIME:  time = 7.315490e-01 (asqtad3) terms = 2 mflops = 2.050161e+03
CONGRAD5: time = 1.116361e+00 (fn F) masses = 1 iters = 591 mflops = 2.171737e+03
 OK converged final_rsq= 9.9e-11 (cf 1e-10) rel = 1 (cf 0) restarts = 2 iters= 591
CONGRAD5: time = 1.027903e+00 (fn F) masses = 1 iters = 544 mflops = 2.171057e+03
 OK converged final_rsq= 1e-10 (cf 1e-10) rel = 1 (cf 0) restarts = 2 iters= 544
GFTIME:   time = 2.443790e-01 (Symanzik1) mflops = 2.163777e+03
FFTIME:  time = 7.241540e-01 (asqtad3) terms = 2 mflops = 2.071097e+03
CONGRAD5: time = 1.163389e+00 (fn F) masses = 1 iters = 585 mflops = 2.062791e+03
 OK converged final_rsq= 5e-11 (cf 1e-10) rel = 1 (cf 0) restarts = 3 iters= 585
CONGRAD5: time = 1.063144e+00 (fn F) masses = 1 iters = 552 mflops = 2.129960e+03
 OK converged final_rsq= 9.9e-11 (cf 1e-10) rel = 1 (cf 0) restarts = 2 iters= 552
GFTIME:   time = 2.032149e-01 (Symanzik1) mflops = 2.602082e+03
FFTIME:  time = 7.359679e-01 (asqtad3) terms = 2 mflops = 2.037852e+03
CONGRAD5: time = 1.088138e+00 (fn F) masses = 1 iters = 577 mflops = 2.175286e+03
 OK converged final_rsq= 9.8e-11 (cf 1e-10) rel = 1 (cf 0) restarts = 2 iters= 577
CONGRAD5: time = 1.073323e+00 (fn F) masses = 1 iters = 569 mflops = 2.174735e+03
 OK converged final_rsq= 1e-10 (cf 1e-10) rel = 1 (cf 0) restarts = 2 iters= 569
GFTIME:   time = 2.038829e-01 (Symanzik1) mflops = 2.593556e+03
FFTIME:  time = 7.474539e-01 (asqtad3) terms = 2 mflops = 2.006536e+03
CONGRAD5: time = 1.165761e+00 (fn F) masses = 1 iters = 591 mflops = 2.079708e+03
 OK converged final_rsq= 5e-11 (cf 1e-10) rel = 1 (cf 0) restarts = 3 iters= 591
CONGRAD5: time = 1.084146e+00 (fn F) masses = 1 iters = 559 mflops = 2.115186e+03
 OK converged final_rsq= 9.9e-11 (cf 1e-10) rel = 1 (cf 0) restarts = 2 iters= 559
GFTIME:   time = 2.029772e-01 (Symanzik1) mflops = 2.605129e+03
FFTIME:  time = 7.283370e-01 (asqtad3) terms = 2 mflops = 2.059202e+03
CONGRAD5: time = 1.093747e+00 (fn F) masses = 1 iters = 579 mflops = 2.171632e+03
 OK converged final_rsq= 4.9e-11 (cf 1e-10) rel = 1 (cf 0) restarts = 3 iters= 579
CONGRAD5: time = 1.064400e+00 (fn F) masses = 1 iters = 564 mflops = 2.173696e+03
 OK converged final_rsq= 9.9e-11 (cf 1e-10) rel = 1 (cf 0) restarts = 2 iters= 564
GFTIME:   time = 2.030718e-01 (Symanzik1) mflops = 2.603915e+03
FFTIME:  time = 7.541142e-01 (asqtad3) terms = 2 mflops = 1.988815e+03
CONGRAD5: time = 1.109524e+00 (fn F) masses = 1 iters = 553 mflops = 2.044621e+03
 OK converged final_rsq= 5e-11 (cf 1e-10) rel = 1 (cf 0) restarts = 3 iters= 553
CONGRAD5: time = 1.020901e+00 (fn F) masses = 1 iters = 539 mflops = 2.165856e+03
 OK converged final_rsq= 5e-11 (cf 1e-10) rel = 1 (cf 0) restarts = 3 iters= 539
GFTIME:   time = 2.147892e-01 (Symanzik1) mflops = 2.461865e+03
FFTIME:  time = 7.522919e-01 (asqtad3) terms = 2 mflops = 1.993632e+03
CONGRAD5: time = 1.091552e+00 (fn F) masses = 1 iters = 579 mflops = 2.175998e+03
 OK converged final_rsq= 9.9e-11 (cf 1e-10) rel = 1 (cf 0) restarts = 2 iters= 579
CONGRAD5: time = 1.067975e+00 (fn F) masses = 1 iters = 566 mflops = 2.174101e+03
 OK converged final_rsq= 1e-10 (cf 1e-10) rel = 1 (cf 0) restarts = 2 iters= 566
GFTIME:   time = 2.029898e-01 (Symanzik1) mflops = 2.604967e+03
FFTIME:  time = 7.484450e-01 (asqtad3) terms = 2 mflops = 2.003879e+03
CONGRAD5: time = 1.143703e+00 (fn F) masses = 1 iters = 588 mflops = 2.109058e+03
 OK converged final_rsq= 5e-11 (cf 1e-10) rel = 1 (cf 0) restarts = 3 iters= 588
CONGRAD5: time = 1.060943e+00 (fn F) masses = 1 iters = 550 mflops = 2.126645e+03
 OK converged final_rsq= 1e-10 (cf 1e-10) rel = 1 (cf 0) restarts = 2 iters= 550
GFTIME:   time = 2.151361e-01 (Symanzik1) mflops = 2.457895e+03
FFTIME:  time = 7.490571e-01 (asqtad3) terms = 2 mflops = 2.002242e+03
CONGRAD5: time = 1.095026e+00 (fn F) masses = 1 iters = 581 mflops = 2.176588e+03
 OK converged final_rsq= 9.9e-11 (cf 1e-10) rel = 1 (cf 0) restarts = 2 iters= 581
CONGRAD5: time = 1.128282e+00 (fn F) masses = 1 iters = 582 mflops = 2.116069e+03
 OK converged final_rsq= 4.9e-11 (cf 1e-10) rel = 1 (cf 0) restarts = 3 iters= 582
GFTIME:   time = 2.030761e-01 (Symanzik1) mflops = 2.603860e+03
FFTIME:  time = 7.279510e-01 (asqtad3) terms = 2 mflops = 2.060294e+03
CONGRAD5: time = 1.115585e+00 (fn F) masses = 1 iters = 590 mflops = 2.169571e+03
 OK converged final_rsq= 4.9e-11 (cf 1e-10) rel = 1 (cf 0) restarts = 3 iters= 590
CONGRAD5: time = 1.075134e+00 (fn F) masses = 1 iters = 570 mflops = 2.174887e+03
 OK converged final_rsq= 9.9e-11 (cf 1e-10) rel = 1 (cf 0) restarts = 2 iters= 570
GFTIME:   time = 2.030621e-01 (Symanzik1) mflops = 2.604041e+03
FFTIME:  time = 7.272069e-01 (asqtad3) terms = 2 mflops = 2.062402e+03
CONGRAD5: time = 1.156093e+00 (fn F) masses = 1 iters = 586 mflops = 2.079358e+03
 OK converged final_rsq= 9.9e-11 (cf 1e-10) rel = 1 (cf 0) restarts = 2 iters= 586
CONGRAD5: time = 1.105398e+00 (fn F) masses = 1 iters = 575 mflops = 2.133898e+03
 OK converged final_rsq= 5e-11 (cf 1e-10) rel = 1 (cf 0) restarts = 3 iters= 575
GFTIME:   time = 2.187181e-01 (Symanzik1) mflops = 2.417641e+03
FFTIME:  time = 7.759101e-01 (asqtad3) terms = 2 mflops = 1.932947e+03
PLAQ:	1.498378	1.498315
P_LOOP:	-1.425405e-03	7.212264e-04
G_LOOP:  0  0  4   	1.497059e+00	( 0 1 7 6  )
G_LOOP:  0  1  4   	1.499274e+00	( 0 2 7 5  )
G_LOOP:  0  2  4   	1.498785e+00	( 0 3 7 4  )
G_LOOP:  0  3  4   	1.498802e+00	( 1 2 6 5  )
G_LOOP:  0  4  4   	1.497425e+00	( 1 3 6 4  )
G_LOOP:  0  5  4   	1.498736e+00	( 2 3 5 4  )
G_LOOP:  1  0  6   	7.399194e-01	( 0 0 1 7 7 6  )
G_LOOP:  1  1  6   	7.430089e-01	( 0 0 2 7 7 5  )
G_LOOP:  1  2  6   	7.414591e-01	( 0 0 3 7 7 4  )
G_LOOP:  1  3  6   	7.389217e-01	( 1 1 0 6 6 7  )
G_LOOP:  1  4  6   	7.400724e-01	( 1 1 2 6 6 5  )
G_LOOP:  1  5  6   	7.395153e-01	( 1 1 3 6 6 4  )
G_LOOP:  1  6  6   	7.405115e-01	( 2 2 0 5 5 7  )
G_LOOP:  1  7  6   	7.402333e-01	( 2 2 1 5 5 6  )
G_LOOP:  1  8  6   	7.377243e-01	( 2 2 3 5 5 4  )
G_LOOP:  1  9  6   	7.409357e-01	( 3 3 0 4 4 7  )
G_LOOP:  1  10  6   	7.395942e-01	( 3 3 1 4 4 6  )
G_LOOP:  1  11  6   	7.404489e-01	( 3 3 2 4 4 5  )
G_LOOP:  2  0  6   	7.594122e-01	( 0 1 2 7 6 5  )
G_LOOP:  2  1  6   	7.596657e-01	( 0 1 5 7 6 2  )
G_LOOP:  2  2  6   	7.601597e-01	( 0 6 2 7 1 5  )
G_LOOP:  2  3  6   	7.595904e-01	( 0 6 5 7 1 2  )
G_LOOP:  2  4  6   	7.588343e-01	( 0 1 3 7 6 4  )
G_LOOP:  2  5  6   	7.582933e-01	( 0 1 4 7 6 3  )
G_LOOP:  2  6  6   	7.584304e-01	( 0 6 3 7 1 4  )
G_LOOP:  2  7  6   	7.608729e-01	( 0 6 4 7 1 3  )
G_LOOP:  2  8  6   	7.603688e-01	( 0 2 3 7 5 4  )
G_LOOP:  2  9  6   	7.582701e-01	( 0 2 4 7 5 3  )
G_LOOP:  2  10  6   	7.571766e-01	( 0 5 3 7 2 4  )
G_LOOP:  2  11  6   	7.618436e-01	( 0 5 4 7 2 3  )
G_LOOP:  2  12  6   	7.616134e-01	( 1 2 3 6 5 4  )
G_LOOP:  2  13  6   	7.587059e-01	( 1 2 4 6 5 3  )
G_LOOP:  2  14  6   	7.583470e-01	( 1 5 3 6 2 4  )
G_LOOP:  2  15  6   	7.592684e-01	( 1 5 4 6 2 3  )
GACTION: 6.535243e+00
CONGRAD5: time = 1.139856e+00 (fn F) masses = 1 iters = 572 mflops = 2.058593e+03
 OK converged final_rsq= 9.9e-11 (cf 1e-10) rel = 1 (cf 0) restarts = 2 iters= 572
CONGRAD5: time = 1.338599e-01 (fn F) masses = 1 iters = 69 mflops = 2.114575e+03
 OK converged final_rsq= 9.8e-11 (cf 1e-10) rel = 1 (cf 0) restarts = 1 iters= 69
PBP: mass 1.000000e-02     3.374096e-02  3.650988e-02  3.180395e-03  3.180186e-03 ( 1 of 1 )
FACTION: mass = 1.000000e-02,  1.498849e+00 ( 1 of 1 )
CONGRAD5: time = 1.098946e+00 (fn F) masses = 1 iters = 584 mflops = 2.180023e+03
 OK converged final_rsq= 9.8e-11 (cf 1e-10) rel = 1 (cf 0) restarts = 2 iters= 584
CONGRAD5: time = 1.385601e-01 (fn F) masses = 1 iters = 72 mflops = 2.131665e+03
 OK converged final_rsq= 1e-10 (cf 1e-10) rel = 1 (cf 0) restarts = 1 iters= 72
PBP: mass 1.000000e-02     3.551763e-02  3.366062e-02  3.023770e-03  3.024664e-03 ( 1 of 1 )
FACTION: mass = 1.000000e-02,  1.498357e+00 ( 1 of 1 )
CONGRAD5: time = 1.128934e+00 (fn F) masses = 1 iters = 598 mflops = 2.172987e+03
 OK converged final_rsq= 9.5e-11 (cf 1e-10) rel = 1 (cf 0) restarts = 2 iters= 598
CONGRAD5: time = 1.147339e+00 (fn F) masses = 1 iters = 584 mflops = 2.088072e+03
 OK converged final_rsq= 9.9e-11 (cf 1e-10) rel = 1 (cf 0) restarts = 2 iters= 584
GFTIME:   time = 2.094700e-01 (Symanzik1) mflops = 2.524379e+03
FFTIME:  time = 7.262740e-01 (asqtad3) terms = 2 mflops = 2.065052e+03
CONGRAD5: time = 1.160765e+00 (fn F) masses = 1 iters = 590 mflops = 2.085125e+03
 OK converged final_rsq= 1e-10 (cf 1e-10) rel = 1 (cf 0) restarts = 2 iters= 590
CONGRAD5: time = 1.111610e+00 (fn F) masses = 1 iters = 588 mflops = 2.169948e+03
 OK converged final_rsq= 9.9e-11 (cf 1e-10) rel = 1 (cf 0) restarts = 2 iters= 588
GFTIME:   time = 2.031949e-01 (Symanzik1) mflops = 2.602339e+03
FFTIME:  time = 7.284141e-01 (asqtad3) terms = 2 mflops = 2.058985e+03
CONGRAD5: time = 1.139886e+00 (fn F) masses = 1 iters = 602 mflops = 2.166504e+03
 OK converged final_rsq= 5.6e-11 (cf 1e-10) rel = 1 (cf 0) restarts = 3 iters= 602
CONGRAD5: time = 1.206222e+00 (fn F) masses = 1 iters = 602 mflops = 2.047357e+03
 OK converged final_rsq= 3.9e-11 (cf 1e-10) rel = 1 (cf 0) restarts = 3 iters= 602
GFTIME:   time = 2.113340e-01 (Symanzik1) mflops = 2.502114e+03
FFTIME:  time = 7.669489e-01 (asqtad3) terms = 2 mflops = 1.955532e+03
CONGRAD5: time = 1.157473e+00 (fn F) masses = 1 iters = 600 mflops = 2.126498e+03
 OK converged final_rsq= 8.2e-11 (cf 1e-10) rel = 1 (cf 0) restarts = 2 iters= 600
CONGRAD5: time = 1.108266e+00 (fn F) masses = 1 iters = 584 mflops = 2.161689e+03
 OK converged final_rsq= 9.9e-11 (cf 1e-10) rel = 1 (cf 0) restarts = 2 iters= 584
GFTIME:   time = 2.031031e-01 (Symanzik1) mflops = 2.603515e+03
FFTIME:  time = 7.210741e-01 (asqtad3) terms = 2 mflops = 2.079944e+03
CONGRAD5: time = 1.133539e+00 (fn F) masses = 1 iters = 600 mflops = 2.171397e+03
 OK converged final_rsq= 9e-11 (cf 1e-10) rel = 1 (cf 0) restarts = 2 iters= 600
CONGRAD5: time = 1.086625e+00 (fn F) masses = 1 iters = 575 mflops = 2.170764e+03
 OK converged final_rsq= 9.8e-11 (cf 1e-10) rel = 1 (cf 0) restarts = 2 iters= 575
GFTIME:   time = 2.030940e-01 (Symanzik1) mflops = 2.603631e+03
FFTIME:  time = 7.631519e-01 (asqtad3) terms = 2 mflops = 1.965262e+03
CONGRAD5: time = 1.184887e+00 (fn F) masses = 1 iters = 599 mflops = 2.073836e+03
 OK converged final_rsq= 9.2e-11 (cf 1e-10) rel = 1 (cf 0) restarts = 2 iters= 599
CONGRAD5: time = 1.137427e+00 (fn F) masses = 1 iters = 590 mflops = 2.127909e+03
 OK converged final_rsq= 5e-11 (cf 1e-10) rel = 1 (cf 0) restarts = 3 iters= 590
GFTIME:   time = 2.160430e-01 (Symanzik1) mflops = 2.447577e+03
FFTIME:  time = 7.856951e-01 (asqtad3) terms = 2 mflops = 1.908875e+03
CONGRAD5: time = 1.121954e+00 (fn F) masses = 1 iters = 593 mflops = 2.168223e+03
 OK converged final_rsq= 9.8e-11 (cf 1e-10) rel = 1 (cf 0) restarts = 2 iters= 593
CONGRAD5: time = 1.114984e+00 (fn F) masses = 1 iters = 590 mflops = 2.170740e+03
 OK converged final_rsq= 1e-10 (cf 1e-10) rel = 1 (cf 0) restarts = 2 iters= 590
GFTIME:   time = 2.496209e-01 (Symanzik1) mflops = 2.118339e+03
FFTIME:  time = 7.215350e-01 (asqtad3) terms = 2 mflops = 2.078615e+03
CONGRAD5: time = 1.171680e+00 (fn F) masses = 1 iters = 595 mflops = 2.083207e+03
 OK converged final_rsq= 9.8e-11 (cf 1e-10) rel = 1 (cf 0) restarts = 2 iters= 595
CONGRAD5: time = 1.119172e+00 (fn F) masses = 1 iters = 580 mflops = 2.125963e+03
 OK converged final_rsq= 5e-11 (cf 1e-10) rel = 1 (cf 0) restarts = 3 iters= 580
GFTIME:   time = 2.028110e-01 (Symanzik1) mflops = 2.607264e+03
FFTIME:  time = 7.311928e-01 (asqtad3) terms = 2 mflops = 2.051160e+03
CONGRAD5: time = 1.129033e+00 (fn F) masses = 1 iters = 597 mflops = 2.169163e+03
 OK converged final_rsq= 5e-11 (cf 1e-10) rel = 1 (cf 0) restarts = 3 iters= 597
CONGRAD5: time = 1.124997e+00 (fn F) masses = 1 iters = 595 mflops = 2.169652e+03
 OK converged final_rsq= 9.7e-11 (cf 1e-10) rel = 1 (cf 0) restarts = 2 iters= 595
GFTIME:   time = 2.418790e-01 (Symanzik1) mflops = 2.186142e+03
FFTIME:  time = 7.253520e-01 (asqtad3) terms = 2 mflops = 2.067677e+03
CONGRAD5: time = 1.179198e+00 (fn F) masses = 1 iters = 597 mflops = 2.076883e+03
 OK converged final_rsq= 9.5e-11 (cf 1e-10) rel = 1 (cf 0) restarts = 2 iters= 597
CONGRAD5: time = 1.118906e+00 (fn F) masses = 1 iters = 592 mflops = 2.170464e+03
 OK converged final_rsq= 9.9e-11 (cf 1e-10) rel = 1 (cf 0) restarts = 2 iters= 592
GFTIME:   time = 2.030110e-01 (Symanzik1) mflops = 2.604695e+03
FFTIME:  time = 7.257431e-01 (asqtad3) terms = 2 mflops = 2.066563e+03
CONGRAD5: time = 1.124656e+00 (fn F) masses = 1 iters = 594 mflops = 2.166662e+03
 OK converged final_rsq= 5e-11 (cf 1e-10) rel = 1 (cf 0) restarts = 3 iters= 594
CONGRAD5: time = 1.129411e+00 (fn F) masses = 1 iters = 597 mflops = 2.168437e+03
 OK converged final_rsq= 9.7e-11 (cf 1e-10) rel = 1 (cf 0) restarts = 2 iters= 597
GFTIME:   time = 2.228689e-01 (Symanzik1) mflops = 2.372614e+03
FFTIME:  time = 7.555201e-01 (asqtad3) terms = 2 mflops = 1.985114e+03
CONGRAD5: time = 1.225243e+00 (fn F) masses = 1 iters = 600 mflops = 2.008877e+03
 OK converged final_rsq= 1e-10 (cf 1e-10) rel = 1 (cf 0) restarts = 2 iters= 600
CONGRAD5: time = 1.168573e+00 (fn F) masses = 1 iters = 599 mflops = 2.102788e+03
 OK converged final_rsq= 4.9e-11 (cf 1e-10) rel = 1 (cf 0) restarts = 3 iters= 599
GFTIME:   time = 2.153180e-01 (Symanzik1) mflops = 2.455818e+03
FFTIME:  time = 7.298629e-01 (asqtad3) terms = 2 mflops = 2.054897e+03
CONGRAD5: time = 1.135887e+00 (fn F) masses = 1 iters = 600 mflops = 2.166908e+03
 OK converged final_rsq= 4.8e-11 (cf 1e-10) rel = 1 (cf 0) restarts = 3 iters= 600
CONGRAD5: time = 1.126419e+00 (fn F) masses = 1 iters = 596 mflops = 2.170555e+03
 OK converged final_rsq= 4.9e-11 (cf 1e-10) rel = 1 (cf 0) restarts = 3 iters= 596
GFTIME:   time = 2.030840e-01 (Symanzik1) mflops = 2.603759e+03
FFTIME:  time = 7.324190e-01 (asqtad3) terms = 2 mflops = 2.047726e+03
CONGRAD5: time = 1.133667e+00 (fn F) masses = 1 iters = 600 mflops = 2.171152e+03
 OK converged final_rsq= 9.2e-11 (cf 1e-10) rel = 1 (cf 0) restarts = 2 iters= 600
CONGRAD5: time = 1.201807e+00 (fn F) masses = 1 iters = 599 mflops = 2.044639e+03
 OK converged final_rsq= 9.4e-11 (cf 1e-10) rel = 1 (cf 0) restarts = 2 iters= 599
GFTIME:   time = 2.091939e-01 (Symanzik1) mflops = 2.527711e+03
FFTIME:  time = 7.246289e-01 (asqtad3) terms = 2 mflops = 2.069740e+03
CONGRAD5: time = 1.233327e+00 (fn F) masses = 1 iters = 600 mflops = 1.995710e+03
 OK converged final_rsq= 9.2e-11 (cf 1e-10) rel = 1 (cf 0) restarts = 2 iters= 600
CONGRAD5: time = 1.118867e+00 (fn F) masses = 1 iters = 592 mflops = 2.170539e+03
 OK converged final_rsq= 9.7e-11 (cf 1e-10) rel = 1 (cf 0) restarts = 2 iters= 592
GFTIME:   time = 2.033370e-01 (Symanzik1) mflops = 2.600520e+03
FFTIME:  time = 7.281170e-01 (asqtad3) terms = 2 mflops = 2.059825e+03
PLAQ:	1.475001	1.474998
P_LOOP:	-1.313892e-02	2.530224e-03
G_LOOP:  0  0  4   	1.475017e+00	( 0 1 7 6  )
G_LOOP:  0  1  4   	1.473948e+00	( 0 2 7 5  )
G_LOOP:  0  2  4   	1.474896e+00	( 0 3 7 4  )
G_LOOP:  0  3  4   	1.476039e+00	( 1 2 6 5  )
G_LOOP:  0  4  4   	1.476774e+00	( 1 3 6 4  )
G_LOOP:  0  5  4   	1.473323e+00	( 2 3 5 4  )
G_LOOP:  1  0  6   	7.149324e-01	( 0 0 1 7 7 6  )
G_LOOP:  1  1  6   	7.167106e-01	( 0 0 2 7 7 5  )
G_LOOP:  1  2  6   	7.178131e-01	( 0 0 3 7 7 4  )
G_LOOP:  1  3  6   	7.154572e-01	( 1 1 0 6 6 7  )
G_LOOP:  1  4  6   	7.162602e-01	( 1 1 2 6 6 5  )
G_LOOP:  1  5  6   	7.185347e-01	( 1 1 3 6 6 4  )
G_LOOP:  1  6  6   	7.157772e-01	( 2 2 0 5 5 7  )
G_LOOP:  1  7  6   	7.152655e-01	( 2 2 1 5 5 6  )
G_LOOP:  1  8  6   	7.138774e-01	( 2 2 3 5 5 4  )
G_LOOP:  1  9  6   	7.165554e-01	( 3 3 0 4 4 7  )
G_LOOP:  1  10  6   	7.177976e-01	( 3 3 1 4 4 6  )
G_LOOP:  1  11  6   	7.130163e-01	( 3 3 2 4 4 5  )
G_LOOP:  2  0  6   	7.314737e-01	( 0 1 2 7 6 5  )
G_LOOP:  2  1  6   	7.353478e-01	( 0 1 5 7 6 2  )
G_LOOP:  2  2  6   	7.333324e-01	( 0 6 2 7 1 5  )
G_LOOP:  2  3  6   	7.329360e-01	( 0 6 5 7 1 2  )
G_LOOP:  2  4  6   	7.307580e-01	( 0 1 3 7 6 4  )
G_LOOP:  2  5  6   	7.349583e-01	( 0 1 4 7 6 3  )
G_LOOP:  2  6  6   	7.343502e-01	( 0 6 3 7 1 4  )
G_LOOP:  2  7  6   	7.348435e-01	( 0 6 4 7 1 3  )
G_LOOP:  2  8  6   	7.343590e-01	( 0 2 3 7 5 4  )
G_LOOP:  2  9  6   	7.326620e-01	( 0 2 4 7 5 3  )
G_LOOP:  2  10  6   	7.321860e-01	( 0 5 3 7 2 4  )
G_LOOP:  2  11  6   	7.354777e-01	( 0 5 4 7 2 3  )
G_LOOP:  2  12  6   	7.344863e-01	( 1 2 3 6 5 4  )
G_LOOP:  2  13  6   	7.280802e-01	( 1 2 4 6 5 3  )
G_LOOP:  2  14  6   	7.326231e-01	( 1 5 3 6 2 4  )
G_LOOP:  2  15  6   	7.326480e-01	( 1 5 4 6 2 3  )
GACTION: 6.648454e+00
CONGRAD5: time = 1.187103e+00 (fn F) masses = 1 iters = 596 mflops = 2.059597e+03
 OK converged final_rsq= 9.9e-11 (cf 1e-10) rel = 1 (cf 0) restarts = 2 iters= 596
CONGRAD5: time = 1.972721e-01 (fn F) masses = 1 iters = 84 mflops = 1.746780e+03
 OK converged final_rsq= 9.8e-11 (cf 1e-10) rel = 1 (cf 0) restarts = 1 iters= 84
PBP: mass 1.000000e-02     3.889787e-02  3.935750e-02  2.640128e-04  2.661513e-04 ( 1 of 1 )
FACTION: mass = 1.000000e-02,  1.504667e+00 ( 1 of 1 )
CONGRAD5: time = 1.127252e+00 (fn F) masses = 1 iters = 594 mflops = 2.161673e+03
 OK converged final_rsq= 9.8e-11 (cf 1e-10) rel = 1 (cf 0) restarts = 2 iters= 594
CONGRAD5: time = 1.623330e-01 (fn F) masses = 1 iters = 85 mflops = 2.148011e+03
 OK converged final_rsq= 9.9e-11 (cf 1e-10) rel = 1 (cf 0) restarts = 1 iters= 85
PBP: mass 1.000000e-02     3.917227e-02  3.686174e-02  9.128790e-04  9.101117e-04 ( 1 of 1 )
FACTION: mass = 1.000000e-02,  1.497929e+00 ( 1 of 1 )
CONGRAD5: time = 1.149428e+00 (fn F) masses = 1 iters = 587 mflops = 2.094985e+03
 OK converged final_rsq= 9.9e-11 (cf 1e-10) rel = 1 (cf 0) restarts = 2 iters= 587
CONGRAD5: time = 1.154981e+00 (fn F) masses = 1 iters = 600 mflops = 2.131086e+03
 OK converged final_rsq= 8.2e-11 (cf 1e-10) rel = 1 (cf 0) restarts = 2 iters= 600
GFTIME:   time = 2.094042e-01 (Symanzik1) mflops = 2.525173e+03
FFTIME:  time = 7.292211e-01 (asqtad3) terms = 2 mflops = 2.056706e+03
CONGRAD5: time = 1.128277e+00 (fn F) masses = 1 iters = 597 mflops = 2.170617e+03
 OK converged final_rsq= 9.6e-11 (cf 1e-10) rel = 1 (cf 0) restarts = 2 iters= 597
CONGRAD5: time = 1.101311e+00 (fn F) masses = 1 iters = 583 mflops = 2.171616e+03
 OK converged final_rsq= 9.8e-11 (cf 1e-10) rel = 1 (cf 0) restarts = 2 iters= 583
GFTIME:   time = 2.032812e-01 (Symanzik1) mflops = 2.601234e+03
FFTIME:  time = 7.272999e-01 (asqtad3) terms = 2 mflops = 2.062139e+03
CONGRAD5: time = 1.137985e+00 (fn F) masses = 1 iters = 601 mflops = 2.166518e+03
 OK converged final_rsq= 4.7e-11 (cf 1e-10) rel = 1 (cf 0) restarts = 3 iters= 601
CONGRAD5: time = 1.212616e+00 (fn F) masses = 1 iters = 597 mflops = 2.019647e+03
 OK converged final_rsq= 9.5e-11 (cf 1e-10) rel = 1 (cf 0) restarts = 2 iters= 597
GFTIME:   time = 2.144470e-01 (Symanzik1) mflops = 2.465792e+03
FFTIME:  time = 7.691450e-01 (asqtad3) terms = 2 mflops = 1.949949e+03
CONGRAD5: time = 1.176134e+00 (fn F) masses = 1 iters = 597 mflops = 2.082294e+03
 OK converged final_rsq= 9.6e-11 (cf 1e-10) rel = 1 (cf 0) restarts = 2 iters= 597
CONGRAD5: time = 1.123534e+00 (fn F) masses = 1 iters = 582 mflops = 2.125011e+03
 OK converged final_rsq= 9.8e-11 (cf 1e-10) rel = 1 (cf 0) restarts = 2 iters= 582
GFTIME:   time = 2.030840e-01 (Symanzik1) mflops = 2.603759e+03
FFTIME:  time = 7.290730e-01 (asqtad3) terms = 2 mflops = 2.057124e+03
CONGRAD5: time = 1.122061e+00 (fn F) masses = 1 iters = 594 mflops = 2.171673e+03
 OK converged final_rsq= 9.6e-11 (cf 1e-10) rel = 1 (cf 0) restarts = 2 iters= 594
CONGRAD5: time = 1.106302e+00 (fn F) masses = 1 iters = 585 mflops = 2.169235e+03
 OK converged final_rsq= 5e-11 (cf 1e-10) rel = 1 (cf 0) restarts = 3 iters= 585
GFTIME:   time = 2.032650e-01 (Symanzik1) mflops = 2.601441e+03
FFTIME:  time = 7.325079e-01 (asqtad3) terms = 2 mflops = 2.047477e+03
CONGRAD5: time = 1.145657e+00 (fn F) masses = 1 iters = 593 mflops = 2.123364e+03
 OK converged final_rsq= 9.9e-11 (cf 1e-10) rel = 1 (cf 0) restarts = 2 iters= 593
CONGRAD5: time = 1.137648e+00 (fn F) masses = 1 iters = 594 mflops = 2.141919e+03
 OK converged final_rsq= 9.8e-11 (cf 1e-10) rel = 1 (cf 0) restarts = 2 iters= 594
GFTIME:   time = 2.216041e-01 (Symanzik1) mflops = 2.386155e+03
FFTIME:  time = 7.779901e-01 (asqtad3) terms = 2 mflops = 1.927780e+03
CONGRAD5: time = 1.118113e+00 (fn F) masses = 1 iters = 590 mflops = 2.164665e+03
 OK converged final_rsq= 1e-10 (cf 1e-10) rel = 1 (cf 0) restarts = 2 iters= 590
CONGRAD5: time = 1.110772e+00 (fn F) masses = 1 iters = 588 mflops = 2.171585e+03
 OK converged final_rsq= 9.8e-11 (cf 1e-10) rel = 1 (cf 0) restarts = 2 iters= 588
GFTIME:   time = 2.031689e-01 (Symanzik1) mflops = 2.602671e+03
FFTIME:  time = 7.308650e-01 (asqtad3) terms = 2 mflops = 2.052080e+03
CONGRAD5: time = 1.175542e+00 (fn F) masses = 1 iters = 597 mflops = 2.083342e+03
 OK converged final_rsq= 4.9e-11 (cf 1e-10) rel = 1 (cf 0) restarts = 3 iters= 597
CONGRAD5: time = 1.179636e+00 (fn F) masses = 1 iters = 596 mflops = 2.072634e+03
 OK converged final_rsq= 9.7e-11 (cf 1e-10) rel = 1 (cf 0) restarts = 2 iters= 596
GFTIME:   time = 2.185910e-01 (Symanzik1) mflops = 2.419047e+03
FFTIME:  time = 7.411051e-01 (asqtad3) terms = 2 mflops = 2.023726e+03
CONGRAD5: time = 1.132441e+00 (fn F) masses = 1 iters = 599 mflops = 2.169880e+03
 OK converged final_rsq= 9.4e-11 (cf 1e-10) rel = 1 (cf 0) restarts = 2 iters= 599
CONGRAD5: time = 1.132027e+00 (fn F) masses = 1 iters = 599 mflops = 2.170674e+03
 OK converged final_rsq= 8.7e-11 (cf 1e-10) rel = 1 (cf 0) restarts = 2 iters= 599
GFTIME:   time = 2.029991e-01 (Symanzik1) mflops = 2.604848e+03
FFTIME:  time = 7.320120e-01 (asqtad3) terms = 2 mflops = 2.048864e+03
CONGRAD5: time = 1.133724e+00 (fn F) masses = 1 iters = 600 mflops = 2.171043e+03
 OK converged final_rsq= 9.5e-11 (cf 1e-10) rel = 1 (cf 0) restarts = 2 iters= 600
CONGRAD5: time = 1.186994e+00 (fn F) masses = 1 iters = 602 mflops = 2.080522e+03
 OK converged final_rsq= 4.2e-11 (cf 1e-10) rel = 1 (cf 0) restarts = 3 iters= 602
GFTIME:   time = 2.157109e-01 (Symanzik1) mflops = 2.451345e+03
FFTIME:  time = 7.341120e-01 (asqtad3) terms = 2 mflops = 2.043003e+03
CONGRAD5: time = 1.162540e+00 (fn F) masses = 1 iters = 595 mflops = 2.099585e+03
 OK converged final_rsq= 9.8e-11 (cf 1e-10) rel = 1 (cf 0) restarts = 2 iters= 595
CONGRAD5: time = 1.131768e+00 (fn F) masses = 1 iters = 599 mflops = 2.171170e+03
 OK converged final_rsq= 9.3e-11 (cf 1e-10) rel = 1 (cf 0) restarts = 2 iters= 599
GFTIME:   time = 2.030909e-01 (Symanzik1) mflops = 2.603671e+03
FFTIME:  time = 7.361181e-01 (asqtad3) terms = 2 mflops = 2.037436e+03
CONGRAD5: time = 1.138780e+00 (fn F) masses = 1 iters = 602 mflops = 2.168609e+03
 OK converged final_rsq= 7.5e-11 (cf 1e-10) rel = 1 (cf 0) restarts = 3 iters= 602
CONGRAD5: time = 1.212354e+00 (fn F) masses = 1 iters = 597 mflops = 2.020084e+03
 OK converged final_rsq= 9.7e-11 (cf 1e-10) rel = 1 (cf 0) restarts = 2 iters= 597
GFTIME:   time = 2.086842e-01 (Symanzik1) mflops = 2.533885e+03
FFTIME:  time = 7.550740e-01 (asqtad3) terms = 2 mflops = 1.986287e+03
CONGRAD5: time = 1.143766e+00 (fn F) masses = 1 iters = 602 mflops = 2.159155e+03
 OK converged final_rsq= 5.3e-11 (cf 1e-10) rel = 1 (cf 0) restarts = 3 iters= 602
CONGRAD5: time = 1.134470e+00 (fn F) masses = 1 iters = 600 mflops = 2.169615e+03
 OK converged final_rsq= 9e-11 (cf 1e-10) rel = 1 (cf 0) restarts = 2 iters= 600
GFTIME:   time = 2.031798e-01 (Symanzik1) mflops = 2.602531e+03
FFTIME:  time = 7.359760e-01 (asqtad3) terms = 2 mflops = 2.037829e+03
CONGRAD5: time = 1.139169e+00 (fn F) masses = 1 iters = 602 mflops = 2.167868e+03
 OK converged final_rsq= 5e-11 (cf 1e-10) rel = 1 (cf 0) restarts = 3 iters= 602
CONGRAD5: time = 1.126130e+00 (fn F) masses = 1 iters = 596 mflops = 2.171112e+03
 OK converged final_rsq= 4.9e-11 (cf 1e-10) rel = 1 (cf 0) restarts = 3 iters= 596
GFTIME:   time = 2.338300e-01 (Symanzik1) mflops = 2.261395e+03
FFTIME:  time = 7.238879e-01 (asqtad3) terms = 2 mflops = 2.071859e+03
CONGRAD5: time = 1.141797e+00 (fn F) masses = 1 iters = 602 mflops = 2.162878e+03
 OK converged final_rsq= 7.4e-11 (cf 1e-10) rel = 1 (cf 0) restarts = 3 iters= 602
CONGRAD5: time = 1.139063e+00 (fn F) masses = 1 iters = 602 mflops = 2.168070e+03
 OK converged final_rsq= 4.3e-11 (cf 1e-10) rel = 1 (cf 0) restarts = 3 iters= 602
GFTIME:   time = 2.030098e-01 (Symanzik1) mflops = 2.604710e+03
FFTIME:  time = 7.283130e-01 (asqtad3) terms = 2 mflops = 2.059270e+03
PLAQ:	1.458382	1.459244
P_LOOP:	-7.236382e-03	2.135054e-03
G_LOOP:  0  0  4   	1.459041e+00	( 0 1 7 6  )
G_LOOP:  0  1  4   	1.459592e+00	( 0 2 7 5  )
G_LOOP:  0  2  4   	1.460741e+00	( 0 3 7 4  )
G_LOOP:  0  3  4   	1.456512e+00	( 1 2 6 5  )
G_LOOP:  0  4  4   	1.459949e+00	( 1 3 6 4  )
G_LOOP:  0  5  4   	1.457043e+00	( 2 3 5 4  )
G_LOOP:  1  0  6   	7.008437e-01	( 0 0 1 7 7 6  )
G_LOOP:  1  1  6   	7.024422e-01	( 0 0 2 7 7 5  )
G_LOOP:  1  2  6   	7.022045e-01	( 0 0 3 7 7 4  )
G_LOOP:  1  3  6   	6.981945e-01	( 1 1 0 6 6 7  )
G_LOOP:  1  4  6   	6.967423e-01	( 1 1 2 6 6 5  )
G_LOOP:  1  5  6   	6.998570e-01	( 1 1 3 6 6 4  )
G_LOOP:  1  6  6   	6.974073e-01	( 2 2 0 5 5 7  )
G_LOOP:  1  7  6   	6.967411e-01	( 2 2 1 5 5 6  )
G_LOOP:  1  8  6   	6.947241e-01	( 2 2 3 5 5 4  )
G_LOOP:  1  9  6   	7.018607e-01	( 3 3 0 4 4 7  )
G_LOOP:  1  10  6   	6.997974e-01	( 3 3 1 4 4 6  )
G_LOOP:  1  11  6   	6.979917e-01	( 3 3 2 4 4 5  )
G_LOOP:  2  0  6   	7.120689e-01	( 0 1 2 7 6 5  )
G_LOOP:  2  1  6   	7.130694e-01	( 0 1 5 7 6 2  )
G_LOOP:  2  2  6   	7.118460e-01	( 0 6 2 7 1 5  )
G_LOOP:  2  3  6   	7.144478e-01	( 0 6 5 7 1 2  )
G_LOOP:  2  4  6   	7.107637e-01	( 0 1 3 7 6 4  )
G_LOOP:  2  5  6   	7.152958e-01	( 0 1 4 7 6 3  )
G_LOOP:  2  6  6   	7.168571e-01	( 0 6 3 7 1 4  )
G_LOOP:  2  7  6   	7.159872e-01	( 0 6 4 7 1 3  )
G_LOOP:  2  8  6   	7.144638e-01	( 0 2 3 7 5 4  )
G_LOOP:  2  9  6   	7.136637e-01	( 0 2 4 7 5 3  )
G_LOOP:  2  10  6   	7.141741e-01	( 0 5 3 7 2 4  )
G_LOOP:  2  11  6   	7.158655e-01	( 0 5 4 7 2 3  )
G_LOOP:  2  12  6   	7.132711e-01	( 1 2 3 6 5 4  )
G_LOOP:  2  13  6   	7.129264e-01	( 1 2 4 6 5 3  )
G_LOOP:  2  14  6   	7.138391e-01	( 1 5 3 6 2 4  )
G_LOOP:  2  15  6   	7.128541e-01	( 1 5 4 6 2 3  )
GACTION: 6.726613e+00
CONGRAD5: time = 1.132951e+00 (fn F) masses = 1 iters = 600 mflops = 2.172524e+03
 OK converged final_rsq= 9.6e-11 (cf 1e-10) rel = 1 (cf 0) restarts = 2 iters= 600
CONGRAD5: time = 2.004089e-01 (fn F) masses = 1 iters = 104 mflops = 2.128829e+03
 OK converged final_rsq= 5e-11 (cf 1e-10) rel = 1 (cf 0) restarts = 2 iters= 104
PBP: mass 1.000000e-02     4.449007e-02  4.190511e-02  -5.189667e-03  -5.185780e-03 ( 1 of 1 )
FACTION: mass = 1.000000e-02,  1.497726e+00 ( 1 of 1 )
CONGRAD5: time = 1.143272e+00 (fn F) masses = 1 iters = 596 mflops = 2.138559e+03
 OK converged final_rsq= 9.8e-11 (cf 1e-10) rel = 1 (cf 0) restarts = 2 iters= 596
CONGRAD5: time = 1.685040e-01 (fn F) masses = 1 iters = 79 mflops = 1.923275e+03
 OK converged final_rsq= 9.9e-11 (cf 1e-10) rel = 1 (cf 0) restarts = 1 iters= 79
PBP: mass 1.000000e-02     4.199659e-02  4.043856e-02  -1.511896e-03  -1.510417e-03 ( 1 of 1 )
FACTION: mass = 1.000000e-02,  1.500399e+00 ( 1 of 1 )
RUNNING COMPLETED
average cg iters for step= 1.156500e+03
Time = 2.242030e+02 seconds
total_iters = 144743
Checksums e2893c0a 4fa69452
Saved gauge configuration in parallel to binary file lat_p64_size128_2
Time stamp Fri Aug 12 21:18:45 2022
Wrote info file lat_p64_size128_2.info
Time to save = 5.108340e-01
CHECK PLAQ: 1.458382e+00 1.459244e+00
CHECK NERSC LINKTR: 1.429972e-01 CKSUM: 32bc4a48


get_i(0): EOF on input.
Elapsed total time: 253.093300
exit: Fri Aug 12 21:18:46 2022

