SU3 with improved KS action
Microcanonical simulation with refreshing
R algorithm
MIMD version 7.8.1
Machine = MPI (portable), with 64 nodes
Host(0) = nid01286
Username = mcopik
Options selected...
Generic single precision
C_GLOBAL_INLINE
DBLSTORE_FN
D_FN_GATHER13
FEWSUMS
KS_MULTIFF=FNMAT
VECLENGTH=4
type 0 for no prompts, 1 for prompts, or 2 for proofreading
nflavors1 2
nflavors2 1
nx 32
ny 16
nz 16
nt 36
iseed 5682304
LAYOUT = Hypercubes, options = hyper_prime,
automatic hyper_prime layout
ON EACH NODE 8 x 8 x 8 x 9
Mallocing 4.5 MBytes per node for lattice
WARNING!!: Resetting random seed
Made lattice
Made nn gathers
Made 3nn gathers
Finished setup


warms 0
trajecs 4
traj_between_meas 1
beta 5.6
mass1 0.125
mass2 0.125
u0 0.8441
microcanonical_time_step 0.2
steps_per_trajectory 5
max_cg_iterations 100
max_cg_restarts 5
error_per_site 0.125
error_for_propagator 0.125
npbp_reps 1
prec_pbp 1
fresh 
save_parallel lat_p64_size128_1
unit gauge configuration loaded
CHECK PLAQ: 3.000000e+00 3.000000e+00
CHECK NERSC LINKTR: 1.000000e+00 CKSUM: 0
Unitarity checked.  Max deviation 0.00e+00
Time to check unitarity = 1.328945e-03
"O(a^2): couplings(pi)=0, Naik term, No O(a^2) errors, tadpole weights"
path coefficients: npath  path_coeff  multiplicity
                    0      6.250000e-01     8
                    1      -5.847914e-02     8
                    2      -8.771871e-02     48
                    3      3.077829e-02     192
                    4      -7.199551e-03     384
                    5      -1.231132e-01     48
Symanzik 1x1 + 1x2 + 1x1x1 action
gauge_action: total_dyn_flavors = 3
loop coefficients: nloop rep loop_coeff  multiplicity
                    0 0      1.000000e+00     6
                    1 0      -7.762509e-02     12
                    2 0      -1.031171e-02     16
WARMUPS COMPLETED
CONGRAD5: time = 1.887703e-02 (fn F) masses = 1 iters = 4 mflops = 1.159016e+03
 OK converged final_rsq= 0.006 (cf 0.016) rel = 1 (cf 0) restarts = 1 iters= 4
CONGRAD5: time = 1.686096e-02 (fn F) masses = 1 iters = 4 mflops = 1.297600e+03
 OK converged final_rsq= 0.0059 (cf 0.016) rel = 1 (cf 0) restarts = 1 iters= 4
GFTIME:   time = 3.171380e-01 (Symanzik1) mflops = 2.223141e+03
FFTIME:  time = 1.104241e+00 (asqtad3) terms = 2 mflops = 1.810949e+03
CONGRAD5: time = 1.599407e-02 (fn F) masses = 1 iters = 4 mflops = 1.367931e+03
 OK converged final_rsq= 0.01 (cf 0.016) rel = 1 (cf 0) restarts = 1 iters= 4
CONGRAD5: time = 1.499987e-02 (fn F) masses = 1 iters = 4 mflops = 1.458599e+03
 OK converged final_rsq= 0.0096 (cf 0.016) rel = 1 (cf 0) restarts = 1 iters= 4
GFTIME:   time = 2.993820e-01 (Symanzik1) mflops = 2.354993e+03
FFTIME:  time = 1.145410e+00 (asqtad3) terms = 2 mflops = 1.745859e+03
CONGRAD5: time = 1.707387e-02 (fn F) masses = 1 iters = 4 mflops = 1.281419e+03
 OK converged final_rsq= 0.014 (cf 0.016) rel = 1 (cf 0) restarts = 1 iters= 4
CONGRAD5: time = 1.642799e-02 (fn F) masses = 1 iters = 4 mflops = 1.331799e+03
 OK converged final_rsq= 0.014 (cf 0.016) rel = 1 (cf 0) restarts = 1 iters= 4
GFTIME:   time = 3.515289e-01 (Symanzik1) mflops = 2.005646e+03
FFTIME:  time = 1.251980e+00 (asqtad3) terms = 2 mflops = 1.597250e+03
CONGRAD5: time = 1.732492e-02 (fn F) masses = 1 iters = 4 mflops = 1.262850e+03
 OK converged final_rsq= 0.013 (cf 0.016) rel = 1 (cf 0) restarts = 1 iters= 4
CONGRAD5: time = 1.643515e-02 (fn F) masses = 1 iters = 4 mflops = 1.331219e+03
 OK converged final_rsq= 0.013 (cf 0.016) rel = 1 (cf 0) restarts = 1 iters= 4
GFTIME:   time = 3.524668e-01 (Symanzik1) mflops = 2.000309e+03
FFTIME:  time = 1.252778e+00 (asqtad3) terms = 2 mflops = 1.596232e+03
CONGRAD5: time = 1.684904e-02 (fn F) masses = 1 iters = 4 mflops = 1.298518e+03
 OK converged final_rsq= 0.011 (cf 0.016) rel = 1 (cf 0) restarts = 1 iters= 4
CONGRAD5: time = 1.644897e-02 (fn F) masses = 1 iters = 4 mflops = 1.330100e+03
 OK converged final_rsq= 0.011 (cf 0.016) rel = 1 (cf 0) restarts = 1 iters= 4
GFTIME:   time = 3.504810e-01 (Symanzik1) mflops = 2.011642e+03
FFTIME:  time = 1.252532e+00 (asqtad3) terms = 2 mflops = 1.596546e+03
PLAQ:	2.348549	2.348112
P_LOOP:	-5.505189e-03	-1.058115e-02
G_LOOP:  0  0  4   	2.347989e+00	( 0 1 7 6  )
G_LOOP:  0  1  4   	2.348235e+00	( 0 2 7 5  )
G_LOOP:  0  2  4   	2.348118e+00	( 0 3 7 4  )
G_LOOP:  0  3  4   	2.349423e+00	( 1 2 6 5  )
G_LOOP:  0  4  4   	2.347520e+00	( 1 3 6 4  )
G_LOOP:  0  5  4   	2.348698e+00	( 2 3 5 4  )
G_LOOP:  1  0  6   	1.774326e+00	( 0 0 1 7 7 6  )
G_LOOP:  1  1  6   	1.772816e+00	( 0 0 2 7 7 5  )
G_LOOP:  1  2  6   	1.773575e+00	( 0 0 3 7 7 4  )
G_LOOP:  1  3  6   	1.774198e+00	( 1 1 0 6 6 7  )
G_LOOP:  1  4  6   	1.776674e+00	( 1 1 2 6 6 5  )
G_LOOP:  1  5  6   	1.772050e+00	( 1 1 3 6 6 4  )
G_LOOP:  1  6  6   	1.774592e+00	( 2 2 0 5 5 7  )
G_LOOP:  1  7  6   	1.775420e+00	( 2 2 1 5 5 6  )
G_LOOP:  1  8  6   	1.775323e+00	( 2 2 3 5 5 4  )
G_LOOP:  1  9  6   	1.774200e+00	( 3 3 0 4 4 7  )
G_LOOP:  1  10  6   	1.772793e+00	( 3 3 1 4 4 6  )
G_LOOP:  1  11  6   	1.773687e+00	( 3 3 2 4 4 5  )
G_LOOP:  2  0  6   	1.822344e+00	( 0 1 2 7 6 5  )
G_LOOP:  2  1  6   	1.820458e+00	( 0 1 5 7 6 2  )
G_LOOP:  2  2  6   	1.823198e+00	( 0 6 2 7 1 5  )
G_LOOP:  2  3  6   	1.820116e+00	( 0 6 5 7 1 2  )
G_LOOP:  2  4  6   	1.819553e+00	( 0 1 3 7 6 4  )
G_LOOP:  2  5  6   	1.820312e+00	( 0 1 4 7 6 3  )
G_LOOP:  2  6  6   	1.819036e+00	( 0 6 3 7 1 4  )
G_LOOP:  2  7  6   	1.821536e+00	( 0 6 4 7 1 3  )
G_LOOP:  2  8  6   	1.820542e+00	( 0 2 3 7 5 4  )
G_LOOP:  2  9  6   	1.820675e+00	( 0 2 4 7 5 3  )
G_LOOP:  2  10  6   	1.821020e+00	( 0 5 3 7 2 4  )
G_LOOP:  2  11  6   	1.823999e+00	( 0 5 4 7 2 3  )
G_LOOP:  2  12  6   	1.824607e+00	( 1 2 3 6 5 4  )
G_LOOP:  2  13  6   	1.820756e+00	( 1 2 4 6 5 3  )
G_LOOP:  2  14  6   	1.820113e+00	( 1 5 3 6 2 4  )
G_LOOP:  2  15  6   	1.821532e+00	( 1 5 4 6 2 3  )
GACTION: 2.573644e+00
CONGRAD5: time = 1.658010e-02 (fn F) masses = 1 iters = 4 mflops = 1.319581e+03
 OK converged final_rsq= 0.01 (cf 0.016) rel = 1 (cf 0) restarts = 1 iters= 4
CONGRAD5: time = 2.180815e-02 (fn F) masses = 1 iters = 6 mflops = 1.504858e+03
 OK converged final_rsq= 0.009 (cf 0.016) rel = 1 (cf 0) restarts = 1 iters= 6
PBP: mass 1.250000e-01     7.073068e-02  9.266890e-02  1.470707e-03  9.722415e-04 ( 1 of 1 )
FACTION: mass = 1.250000e-01,  1.465978e+00 ( 1 of 1 )
CONGRAD5: time = 1.657510e-02 (fn F) masses = 1 iters = 4 mflops = 1.319979e+03
 OK converged final_rsq= 0.01 (cf 0.016) rel = 1 (cf 0) restarts = 1 iters= 4
CONGRAD5: time = 2.169108e-02 (fn F) masses = 1 iters = 6 mflops = 1.512980e+03
 OK converged final_rsq= 0.009 (cf 0.016) rel = 1 (cf 0) restarts = 1 iters= 6
PBP: mass 1.250000e-01     7.045814e-02  9.288676e-02  -1.473327e-03  -1.651425e-03 ( 1 of 1 )
FACTION: mass = 1.250000e-01,  1.467517e+00 ( 1 of 1 )
CONGRAD5: time = 1.688099e-02 (fn F) masses = 1 iters = 4 mflops = 1.296061e+03
 OK converged final_rsq= 0.011 (cf 0.016) rel = 1 (cf 0) restarts = 1 iters= 4
CONGRAD5: time = 1.649308e-02 (fn F) masses = 1 iters = 4 mflops = 1.326543e+03
 OK converged final_rsq= 0.011 (cf 0.016) rel = 1 (cf 0) restarts = 1 iters= 4
GFTIME:   time = 3.535938e-01 (Symanzik1) mflops = 1.993933e+03
FFTIME:  time = 1.245245e+00 (asqtad3) terms = 2 mflops = 1.605888e+03
CONGRAD5: time = 1.846004e-02 (fn F) masses = 1 iters = 5 mflops = 1.481497e+03
 OK converged final_rsq= 0.007 (cf 0.016) rel = 1 (cf 0) restarts = 1 iters= 5
CONGRAD5: time = 1.518703e-02 (fn F) masses = 1 iters = 4 mflops = 1.440623e+03
 OK converged final_rsq= 0.015 (cf 0.016) rel = 1 (cf 0) restarts = 1 iters= 4
GFTIME:   time = 2.972929e-01 (Symanzik1) mflops = 2.371541e+03
FFTIME:  time = 1.264771e+00 (asqtad3) terms = 2 mflops = 1.581096e+03
CONGRAD5: time = 2.699900e-02 (fn F) masses = 1 iters = 5 mflops = 1.012944e+03
 OK converged final_rsq= 0.0089 (cf 0.016) rel = 1 (cf 0) restarts = 1 iters= 5
CONGRAD5: time = 1.956415e-02 (fn F) masses = 1 iters = 5 mflops = 1.397887e+03
 OK converged final_rsq= 0.0085 (cf 0.016) rel = 1 (cf 0) restarts = 1 iters= 5
GFTIME:   time = 3.180850e-01 (Symanzik1) mflops = 2.216522e+03
FFTIME:  time = 1.132538e+00 (asqtad3) terms = 2 mflops = 1.765702e+03
CONGRAD5: time = 1.801801e-02 (fn F) masses = 1 iters = 5 mflops = 1.517842e+03
 OK converged final_rsq= 0.0085 (cf 0.016) rel = 1 (cf 0) restarts = 1 iters= 5
CONGRAD5: time = 1.739502e-02 (fn F) masses = 1 iters = 5 mflops = 1.572202e+03
 OK converged final_rsq= 0.0082 (cf 0.016) rel = 1 (cf 0) restarts = 1 iters= 5
GFTIME:   time = 3.058510e-01 (Symanzik1) mflops = 2.305183e+03
FFTIME:  time = 1.243401e+00 (asqtad3) terms = 2 mflops = 1.608270e+03
CONGRAD5: time = 1.961112e-02 (fn F) masses = 1 iters = 5 mflops = 1.394539e+03
 OK converged final_rsq= 0.0074 (cf 0.016) rel = 1 (cf 0) restarts = 1 iters= 5
CONGRAD5: time = 1.638198e-02 (fn F) masses = 1 iters = 4 mflops = 1.335540e+03
 OK converged final_rsq= 0.015 (cf 0.016) rel = 1 (cf 0) restarts = 1 iters= 4
GFTIME:   time = 3.486509e-01 (Symanzik1) mflops = 2.022201e+03
FFTIME:  time = 1.242907e+00 (asqtad3) terms = 2 mflops = 1.608909e+03
PLAQ:	2.012849	2.013197
P_LOOP:	-3.667003e-03	-9.426866e-03
G_LOOP:  0  0  4   	2.012259e+00	( 0 1 7 6  )
G_LOOP:  0  1  4   	2.012615e+00	( 0 2 7 5  )
G_LOOP:  0  2  4   	2.014159e+00	( 0 3 7 4  )
G_LOOP:  0  3  4   	2.013673e+00	( 1 2 6 5  )
G_LOOP:  0  4  4   	2.011824e+00	( 1 3 6 4  )
G_LOOP:  0  5  4   	2.013608e+00	( 2 3 5 4  )
G_LOOP:  1  0  6   	1.299554e+00	( 0 0 1 7 7 6  )
G_LOOP:  1  1  6   	1.298284e+00	( 0 0 2 7 7 5  )
G_LOOP:  1  2  6   	1.304072e+00	( 0 0 3 7 7 4  )
G_LOOP:  1  3  6   	1.298349e+00	( 1 1 0 6 6 7  )
G_LOOP:  1  4  6   	1.301249e+00	( 1 1 2 6 6 5  )
G_LOOP:  1  5  6   	1.299440e+00	( 1 1 3 6 6 4  )
G_LOOP:  1  6  6   	1.300374e+00	( 2 2 0 5 5 7  )
G_LOOP:  1  7  6   	1.302705e+00	( 2 2 1 5 5 6  )
G_LOOP:  1  8  6   	1.301099e+00	( 2 2 3 5 5 4  )
G_LOOP:  1  9  6   	1.301697e+00	( 3 3 0 4 4 7  )
G_LOOP:  1  10  6   	1.300518e+00	( 3 3 1 4 4 6  )
G_LOOP:  1  11  6   	1.301792e+00	( 3 3 2 4 4 5  )
G_LOOP:  2  0  6   	1.344038e+00	( 0 1 2 7 6 5  )
G_LOOP:  2  1  6   	1.345105e+00	( 0 1 5 7 6 2  )
G_LOOP:  2  2  6   	1.344911e+00	( 0 6 2 7 1 5  )
G_LOOP:  2  3  6   	1.342131e+00	( 0 6 5 7 1 2  )
G_LOOP:  2  4  6   	1.344896e+00	( 0 1 3 7 6 4  )
G_LOOP:  2  5  6   	1.341714e+00	( 0 1 4 7 6 3  )
G_LOOP:  2  6  6   	1.342753e+00	( 0 6 3 7 1 4  )
G_LOOP:  2  7  6   	1.342647e+00	( 0 6 4 7 1 3  )
G_LOOP:  2  8  6   	1.345047e+00	( 0 2 3 7 5 4  )
G_LOOP:  2  9  6   	1.343819e+00	( 0 2 4 7 5 3  )
G_LOOP:  2  10  6   	1.344301e+00	( 0 5 3 7 2 4  )
G_LOOP:  2  11  6   	1.345084e+00	( 0 5 4 7 2 3  )
G_LOOP:  2  12  6   	1.344254e+00	( 1 2 3 6 5 4  )
G_LOOP:  2  13  6   	1.341313e+00	( 1 2 4 6 5 3  )
G_LOOP:  2  14  6   	1.342920e+00	( 1 5 3 6 2 4  )
G_LOOP:  2  15  6   	1.344460e+00	( 1 5 4 6 2 3  )
GACTION: 4.065753e+00
CONGRAD5: time = 1.864100e-02 (fn F) masses = 1 iters = 4 mflops = 1.173692e+03
 OK converged final_rsq= 0.014 (cf 0.016) rel = 1 (cf 0) restarts = 1 iters= 4
CONGRAD5: time = 2.426219e-02 (fn F) masses = 1 iters = 6 mflops = 1.352647e+03
 OK converged final_rsq= 0.014 (cf 0.016) rel = 1 (cf 0) restarts = 1 iters= 6
PBP: mass 1.250000e-01     8.448160e-02  1.679319e-01  3.262083e-05  -1.035879e-04 ( 1 of 1 )
FACTION: mass = 1.250000e-01,  1.446994e+00 ( 1 of 1 )
CONGRAD5: time = 1.841593e-02 (fn F) masses = 1 iters = 4 mflops = 1.188036e+03
 OK converged final_rsq= 0.014 (cf 0.016) rel = 1 (cf 0) restarts = 1 iters= 4
CONGRAD5: time = 2.413201e-02 (fn F) masses = 1 iters = 6 mflops = 1.359944e+03
 OK converged final_rsq= 0.013 (cf 0.016) rel = 1 (cf 0) restarts = 1 iters= 6
PBP: mass 1.250000e-01     8.642004e-02  1.645656e-01  2.280849e-04  -1.187979e-04 ( 1 of 1 )
FACTION: mass = 1.250000e-01,  1.445789e+00 ( 1 of 1 )
CONGRAD5: time = 1.933098e-02 (fn F) masses = 1 iters = 5 mflops = 1.414749e+03
 OK converged final_rsq= 0.0075 (cf 0.016) rel = 1 (cf 0) restarts = 1 iters= 5
CONGRAD5: time = 1.642799e-02 (fn F) masses = 1 iters = 4 mflops = 1.331799e+03
 OK converged final_rsq= 0.015 (cf 0.016) rel = 1 (cf 0) restarts = 1 iters= 4
GFTIME:   time = 3.484390e-01 (Symanzik1) mflops = 2.023432e+03
FFTIME:  time = 1.241982e+00 (asqtad3) terms = 2 mflops = 1.610108e+03
CONGRAD5: time = 1.921201e-02 (fn F) masses = 1 iters = 5 mflops = 1.423510e+03
 OK converged final_rsq= 0.0093 (cf 0.016) rel = 1 (cf 0) restarts = 1 iters= 5
CONGRAD5: time = 1.908088e-02 (fn F) masses = 1 iters = 5 mflops = 1.433293e+03
 OK converged final_rsq= 0.0088 (cf 0.016) rel = 1 (cf 0) restarts = 1 iters= 5
GFTIME:   time = 3.486600e-01 (Symanzik1) mflops = 2.022149e+03
FFTIME:  time = 1.244060e+00 (asqtad3) terms = 2 mflops = 1.607418e+03
CONGRAD5: time = 1.958704e-02 (fn F) masses = 1 iters = 5 mflops = 1.396254e+03
 OK converged final_rsq= 0.011 (cf 0.016) rel = 1 (cf 0) restarts = 1 iters= 5
CONGRAD5: time = 1.911211e-02 (fn F) masses = 1 iters = 5 mflops = 1.430950e+03
 OK converged final_rsq= 0.01 (cf 0.016) rel = 1 (cf 0) restarts = 1 iters= 5
GFTIME:   time = 3.662820e-01 (Symanzik1) mflops = 1.924862e+03
FFTIME:  time = 1.193111e+00 (asqtad3) terms = 2 mflops = 1.676059e+03
CONGRAD5: time = 2.203083e-02 (fn F) masses = 1 iters = 5 mflops = 1.241373e+03
 OK converged final_rsq= 0.011 (cf 0.016) rel = 1 (cf 0) restarts = 1 iters= 5
CONGRAD5: time = 1.888084e-02 (fn F) masses = 1 iters = 5 mflops = 1.448478e+03
 OK converged final_rsq= 0.01 (cf 0.016) rel = 1 (cf 0) restarts = 1 iters= 5
GFTIME:   time = 3.310580e-01 (Symanzik1) mflops = 2.129664e+03
FFTIME:  time = 1.114819e+00 (asqtad3) terms = 2 mflops = 1.793766e+03
CONGRAD5: time = 1.917505e-02 (fn F) masses = 1 iters = 5 mflops = 1.426253e+03
 OK converged final_rsq= 0.01 (cf 0.016) rel = 1 (cf 0) restarts = 1 iters= 5
CONGRAD5: time = 1.773787e-02 (fn F) masses = 1 iters = 5 mflops = 1.541813e+03
 OK converged final_rsq= 0.0095 (cf 0.016) rel = 1 (cf 0) restarts = 1 iters= 5
GFTIME:   time = 3.121841e-01 (Symanzik1) mflops = 2.258419e+03
FFTIME:  time = 1.178211e+00 (asqtad3) terms = 2 mflops = 1.697255e+03
PLAQ:	1.791940	1.793961
P_LOOP:	8.929842e-04	-5.981059e-03
G_LOOP:  0  0  4   	1.792903e+00	( 0 1 7 6  )
G_LOOP:  0  1  4   	1.790591e+00	( 0 2 7 5  )
G_LOOP:  0  2  4   	1.793971e+00	( 0 3 7 4  )
G_LOOP:  0  3  4   	1.792325e+00	( 1 2 6 5  )
G_LOOP:  0  4  4   	1.794332e+00	( 1 3 6 4  )
G_LOOP:  0  5  4   	1.793581e+00	( 2 3 5 4  )
G_LOOP:  1  0  6   	1.025457e+00	( 0 0 1 7 7 6  )
G_LOOP:  1  1  6   	1.020737e+00	( 0 0 2 7 7 5  )
G_LOOP:  1  2  6   	1.025311e+00	( 0 0 3 7 7 4  )
G_LOOP:  1  3  6   	1.026367e+00	( 1 1 0 6 6 7  )
G_LOOP:  1  4  6   	1.024081e+00	( 1 1 2 6 6 5  )
G_LOOP:  1  5  6   	1.028261e+00	( 1 1 3 6 6 4  )
G_LOOP:  1  6  6   	1.022789e+00	( 2 2 0 5 5 7  )
G_LOOP:  1  7  6   	1.025513e+00	( 2 2 1 5 5 6  )
G_LOOP:  1  8  6   	1.026950e+00	( 2 2 3 5 5 4  )
G_LOOP:  1  9  6   	1.026497e+00	( 3 3 0 4 4 7  )
G_LOOP:  1  10  6   	1.027153e+00	( 3 3 1 4 4 6  )
G_LOOP:  1  11  6   	1.026520e+00	( 3 3 2 4 4 5  )
G_LOOP:  2  0  6   	1.057280e+00	( 0 1 2 7 6 5  )
G_LOOP:  2  1  6   	1.059558e+00	( 0 1 5 7 6 2  )
G_LOOP:  2  2  6   	1.058203e+00	( 0 6 2 7 1 5  )
G_LOOP:  2  3  6   	1.057099e+00	( 0 6 5 7 1 2  )
G_LOOP:  2  4  6   	1.059414e+00	( 0 1 3 7 6 4  )
G_LOOP:  2  5  6   	1.060069e+00	( 0 1 4 7 6 3  )
G_LOOP:  2  6  6   	1.061077e+00	( 0 6 3 7 1 4  )
G_LOOP:  2  7  6   	1.062719e+00	( 0 6 4 7 1 3  )
G_LOOP:  2  8  6   	1.058156e+00	( 0 2 3 7 5 4  )
G_LOOP:  2  9  6   	1.059245e+00	( 0 2 4 7 5 3  )
G_LOOP:  2  10  6   	1.059447e+00	( 0 5 3 7 2 4  )
G_LOOP:  2  11  6   	1.058875e+00	( 0 5 4 7 2 3  )
G_LOOP:  2  12  6   	1.060234e+00	( 1 2 3 6 5 4  )
G_LOOP:  2  13  6   	1.058745e+00	( 1 2 4 6 5 3  )
G_LOOP:  2  14  6   	1.061517e+00	( 1 5 3 6 2 4  )
G_LOOP:  2  15  6   	1.061018e+00	( 1 5 4 6 2 3  )
GACTION: 5.082868e+00
CONGRAD5: time = 2.129197e-02 (fn F) masses = 1 iters = 5 mflops = 1.284450e+03
 OK converged final_rsq= 0.0085 (cf 0.016) rel = 1 (cf 0) restarts = 1 iters= 5
CONGRAD5: time = 2.247190e-02 (fn F) masses = 1 iters = 6 mflops = 1.460409e+03
 OK converged final_rsq= 0.015 (cf 0.016) rel = 1 (cf 0) restarts = 1 iters= 6
PBP: mass 1.250000e-01     1.096581e-01  2.988181e-01  -6.904170e-04  -8.679691e-04 ( 1 of 1 )
FACTION: mass = 1.250000e-01,  1.452312e+00 ( 1 of 1 )
CONGRAD5: time = 2.134299e-02 (fn F) masses = 1 iters = 5 mflops = 1.281380e+03
 OK converged final_rsq= 0.0085 (cf 0.016) rel = 1 (cf 0) restarts = 1 iters= 5
CONGRAD5: time = 2.312899e-02 (fn F) masses = 1 iters = 6 mflops = 1.418920e+03
 OK converged final_rsq= 0.015 (cf 0.016) rel = 1 (cf 0) restarts = 1 iters= 6
PBP: mass 1.250000e-01     1.089939e-01  3.035291e-01  1.626398e-03  1.899905e-03 ( 1 of 1 )
FACTION: mass = 1.250000e-01,  1.453099e+00 ( 1 of 1 )
CONGRAD5: time = 2.007294e-02 (fn F) masses = 1 iters = 5 mflops = 1.362455e+03
 OK converged final_rsq= 0.01 (cf 0.016) rel = 1 (cf 0) restarts = 1 iters= 5
CONGRAD5: time = 1.906991e-02 (fn F) masses = 1 iters = 5 mflops = 1.434117e+03
 OK converged final_rsq= 0.0096 (cf 0.016) rel = 1 (cf 0) restarts = 1 iters= 5
GFTIME:   time = 3.488140e-01 (Symanzik1) mflops = 2.021256e+03
FFTIME:  time = 1.243439e+00 (asqtad3) terms = 2 mflops = 1.608221e+03
CONGRAD5: time = 1.945782e-02 (fn F) masses = 1 iters = 5 mflops = 1.405527e+03
 OK converged final_rsq= 0.011 (cf 0.016) rel = 1 (cf 0) restarts = 1 iters= 5
CONGRAD5: time = 1.905704e-02 (fn F) masses = 1 iters = 5 mflops = 1.435086e+03
 OK converged final_rsq= 0.011 (cf 0.016) rel = 1 (cf 0) restarts = 1 iters= 5
GFTIME:   time = 3.487439e-01 (Symanzik1) mflops = 2.021662e+03
FFTIME:  time = 1.239284e+00 (asqtad3) terms = 2 mflops = 1.613613e+03
CONGRAD5: time = 2.041507e-02 (fn F) masses = 1 iters = 5 mflops = 1.339622e+03
 OK converged final_rsq= 0.012 (cf 0.016) rel = 1 (cf 0) restarts = 1 iters= 5
CONGRAD5: time = 1.964021e-02 (fn F) masses = 1 iters = 5 mflops = 1.392474e+03
 OK converged final_rsq= 0.012 (cf 0.016) rel = 1 (cf 0) restarts = 1 iters= 5
GFTIME:   time = 3.495300e-01 (Symanzik1) mflops = 2.017116e+03
FFTIME:  time = 1.237721e+00 (asqtad3) terms = 2 mflops = 1.615651e+03
CONGRAD5: time = 1.994586e-02 (fn F) masses = 1 iters = 5 mflops = 1.371136e+03
 OK converged final_rsq= 0.012 (cf 0.016) rel = 1 (cf 0) restarts = 1 iters= 5
CONGRAD5: time = 1.910686e-02 (fn F) masses = 1 iters = 5 mflops = 1.431343e+03
 OK converged final_rsq= 0.012 (cf 0.016) rel = 1 (cf 0) restarts = 1 iters= 5
GFTIME:   time = 3.497970e-01 (Symanzik1) mflops = 2.015576e+03
FFTIME:  time = 1.240199e+00 (asqtad3) terms = 2 mflops = 1.612422e+03
CONGRAD5: time = 1.771903e-02 (fn F) masses = 1 iters = 5 mflops = 1.543452e+03
 OK converged final_rsq= 0.012 (cf 0.016) rel = 1 (cf 0) restarts = 1 iters= 5
CONGRAD5: time = 1.800394e-02 (fn F) masses = 1 iters = 5 mflops = 1.519027e+03
 OK converged final_rsq= 0.012 (cf 0.016) rel = 1 (cf 0) restarts = 1 iters= 5
GFTIME:   time = 3.624959e-01 (Symanzik1) mflops = 1.944967e+03
FFTIME:  time = 1.120247e+00 (asqtad3) terms = 2 mflops = 1.785075e+03
PLAQ:	1.646195	1.645889
P_LOOP:	-2.224417e-05	4.159464e-03
G_LOOP:  0  0  4   	1.646369e+00	( 0 1 7 6  )
G_LOOP:  0  1  4   	1.645388e+00	( 0 2 7 5  )
G_LOOP:  0  2  4   	1.645889e+00	( 0 3 7 4  )
G_LOOP:  0  3  4   	1.646829e+00	( 1 2 6 5  )
G_LOOP:  0  4  4   	1.647299e+00	( 1 3 6 4  )
G_LOOP:  0  5  4   	1.644479e+00	( 2 3 5 4  )
G_LOOP:  1  0  6   	8.565360e-01	( 0 0 1 7 7 6  )
G_LOOP:  1  1  6   	8.558377e-01	( 0 0 2 7 7 5  )
G_LOOP:  1  2  6   	8.565155e-01	( 0 0 3 7 7 4  )
G_LOOP:  1  3  6   	8.575574e-01	( 1 1 0 6 6 7  )
G_LOOP:  1  4  6   	8.578027e-01	( 1 1 2 6 6 5  )
G_LOOP:  1  5  6   	8.569771e-01	( 1 1 3 6 6 4  )
G_LOOP:  1  6  6   	8.553229e-01	( 2 2 0 5 5 7  )
G_LOOP:  1  7  6   	8.573364e-01	( 2 2 1 5 5 6  )
G_LOOP:  1  8  6   	8.536110e-01	( 2 2 3 5 5 4  )
G_LOOP:  1  9  6   	8.579637e-01	( 3 3 0 4 4 7  )
G_LOOP:  1  10  6   	8.576508e-01	( 3 3 1 4 4 6  )
G_LOOP:  1  11  6   	8.553949e-01	( 3 3 2 4 4 5  )
G_LOOP:  2  0  6   	8.801668e-01	( 0 1 2 7 6 5  )
G_LOOP:  2  1  6   	8.775872e-01	( 0 1 5 7 6 2  )
G_LOOP:  2  2  6   	8.787832e-01	( 0 6 2 7 1 5  )
G_LOOP:  2  3  6   	8.803032e-01	( 0 6 5 7 1 2  )
G_LOOP:  2  4  6   	8.803205e-01	( 0 1 3 7 6 4  )
G_LOOP:  2  5  6   	8.795468e-01	( 0 1 4 7 6 3  )
G_LOOP:  2  6  6   	8.803243e-01	( 0 6 3 7 1 4  )
G_LOOP:  2  7  6   	8.807733e-01	( 0 6 4 7 1 3  )
G_LOOP:  2  8  6   	8.793316e-01	( 0 2 3 7 5 4  )
G_LOOP:  2  9  6   	8.765335e-01	( 0 2 4 7 5 3  )
G_LOOP:  2  10  6   	8.780644e-01	( 0 5 3 7 2 4  )
G_LOOP:  2  11  6   	8.788279e-01	( 0 5 4 7 2 3  )
G_LOOP:  2  12  6   	8.762360e-01	( 1 2 3 6 5 4  )
G_LOOP:  2  13  6   	8.810432e-01	( 1 2 4 6 5 3  )
G_LOOP:  2  14  6   	8.804645e-01	( 1 5 3 6 2 4  )
G_LOOP:  2  15  6   	8.784264e-01	( 1 5 4 6 2 3  )
GACTION: 5.777204e+00
CONGRAD5: time = 2.188396e-02 (fn F) masses = 1 iters = 5 mflops = 1.249704e+03
 OK converged final_rsq= 0.01 (cf 0.016) rel = 1 (cf 0) restarts = 1 iters= 5
CONGRAD5: time = 2.625012e-02 (fn F) masses = 1 iters = 7 mflops = 1.458579e+03
 OK converged final_rsq= 0.0081 (cf 0.016) rel = 1 (cf 0) restarts = 1 iters= 7
PBP: mass 1.250000e-01     1.231636e-01  3.251120e-01  -1.022145e-03  -1.472293e-03 ( 1 of 1 )
FACTION: mass = 1.250000e-01,  1.436432e+00 ( 1 of 1 )
CONGRAD5: time = 2.154994e-02 (fn F) masses = 1 iters = 5 mflops = 1.269075e+03
 OK converged final_rsq= 0.01 (cf 0.016) rel = 1 (cf 0) restarts = 1 iters= 5
CONGRAD5: time = 2.427316e-02 (fn F) masses = 1 iters = 7 mflops = 1.577375e+03
 OK converged final_rsq= 0.0081 (cf 0.016) rel = 1 (cf 0) restarts = 1 iters= 7
PBP: mass 1.250000e-01     1.234610e-01  3.201259e-01  1.595476e-03  1.165833e-03 ( 1 of 1 )
FACTION: mass = 1.250000e-01,  1.438766e+00 ( 1 of 1 )
RUNNING COMPLETED
average cg iters for step= 1.100000e+01
Time = 4.776136e+01 seconds
total_iters = 552
Checksums 63b4bed6 bb8ade7d
Saved gauge configuration in parallel to binary file lat_p64_size128_1
Time stamp Tue May 17 23:29:14 2022
Wrote info file lat_p64_size128_1.info
Time to save = 9.313271e-01
CHECK PLAQ: 1.646195e+00 1.645889e+00
CHECK NERSC LINKTR: 1.708960e-01 CKSUM: eb4c963c


warms 0
trajecs 4
traj_between_meas 1
beta 5.6
mass1 0.01
mass2 0.01
u0 0.8441
microcanonical_time_step 0.02
steps_per_trajectory 15
max_cg_iterations 300
max_cg_restarts 5
error_per_site 1e-05
error_for_propagator 1e-05
npbp_reps 1
prec_pbp 1
reload_parallel lat_p64_size128_1
save_parallel lat_p64_size128_2
Restored binary gauge configuration in parallel from file lat_p64_size128_1
Time stamp Tue May 17 23:29:14 2022
Checksums 63b4bed6 bb8ade7d OK
Time to reload gauge configuration = 2.499270e-01
CHECK PLAQ: 1.646195e+00 1.645889e+00
CHECK NERSC LINKTR: 1.708960e-01 CKSUM: eb4c963c
Unitarity checked.  Max deviation 2.98e-07
Time to check unitarity = 3.453970e-03
"O(a^2): couplings(pi)=0, Naik term, No O(a^2) errors, tadpole weights"
path coefficients: npath  path_coeff  multiplicity
                    0      6.250000e-01     8
                    1      -5.847914e-02     8
                    2      -8.771871e-02     48
                    3      3.077829e-02     192
                    4      -7.199551e-03     384
                    5      -1.231132e-01     48
Symanzik 1x1 + 1x2 + 1x1x1 action
gauge_action: total_dyn_flavors = 3
loop coefficients: nloop rep loop_coeff  multiplicity
                    0 0      1.000000e+00     6
                    1 0      -7.762509e-02     12
                    2 0      -1.031171e-02     16
WARMUPS COMPLETED
CONGRAD5: time = 1.512964e+00 (fn F) masses = 1 iters = 547 mflops = 1.977525e+03
 OK converged final_rsq= 5e-11 (cf 1e-10) rel = 1 (cf 0) restarts = 3 iters= 547
CONGRAD5: time = 1.347048e+00 (fn F) masses = 1 iters = 499 mflops = 2.026192e+03
 OK converged final_rsq= 5e-11 (cf 1e-10) rel = 1 (cf 0) restarts = 3 iters= 499
GFTIME:   time = 3.473420e-01 (Symanzik1) mflops = 2.029822e+03
FFTIME:  time = 1.238283e+00 (asqtad3) terms = 2 mflops = 1.614917e+03
CONGRAD5: time = 1.380895e+00 (fn F) masses = 1 iters = 511 mflops = 2.024060e+03
 OK converged final_rsq= 5e-11 (cf 1e-10) rel = 1 (cf 0) restarts = 3 iters= 511
CONGRAD5: time = 1.464483e+00 (fn F) masses = 1 iters = 542 mflops = 2.024315e+03
 OK converged final_rsq= 5e-11 (cf 1e-10) rel = 1 (cf 0) restarts = 3 iters= 542
GFTIME:   time = 3.478699e-01 (Symanzik1) mflops = 2.026742e+03
FFTIME:  time = 1.244497e+00 (asqtad3) terms = 2 mflops = 1.606854e+03
CONGRAD5: time = 1.423281e+00 (fn F) masses = 1 iters = 509 mflops = 1.956097e+03
 OK converged final_rsq= 9.9e-11 (cf 1e-10) rel = 1 (cf 0) restarts = 2 iters= 509
CONGRAD5: time = 1.497540e+00 (fn F) masses = 1 iters = 556 mflops = 2.030764e+03
 OK converged final_rsq= 1e-10 (cf 1e-10) rel = 1 (cf 0) restarts = 2 iters= 556
GFTIME:   time = 3.543389e-01 (Symanzik1) mflops = 1.989741e+03
FFTIME:  time = 1.226317e+00 (asqtad3) terms = 2 mflops = 1.630675e+03
CONGRAD5: time = 1.579825e+00 (fn F) masses = 1 iters = 569 mflops = 1.970001e+03
 OK converged final_rsq= 1e-10 (cf 1e-10) rel = 1 (cf 0) restarts = 2 iters= 569
CONGRAD5: time = 1.534963e+00 (fn F) masses = 1 iters = 567 mflops = 2.020451e+03
 OK converged final_rsq= 5e-11 (cf 1e-10) rel = 1 (cf 0) restarts = 3 iters= 567
GFTIME:   time = 3.489780e-01 (Symanzik1) mflops = 2.020306e+03
FFTIME:  time = 1.238264e+00 (asqtad3) terms = 2 mflops = 1.614942e+03
CONGRAD5: time = 1.481002e+00 (fn F) masses = 1 iters = 548 mflops = 2.023896e+03
 OK converged final_rsq= 5e-11 (cf 1e-10) rel = 1 (cf 0) restarts = 3 iters= 548
CONGRAD5: time = 1.503526e+00 (fn F) masses = 1 iters = 557 mflops = 2.026317e+03
 OK converged final_rsq= 5e-11 (cf 1e-10) rel = 1 (cf 0) restarts = 3 iters= 557
GFTIME:   time = 3.485930e-01 (Symanzik1) mflops = 2.022538e+03
FFTIME:  time = 1.137606e+00 (asqtad3) terms = 2 mflops = 1.757836e+03
CONGRAD5: time = 1.372459e+00 (fn F) masses = 1 iters = 530 mflops = 2.112223e+03
 OK converged final_rsq= 1e-10 (cf 1e-10) rel = 1 (cf 0) restarts = 2 iters= 530
CONGRAD5: time = 1.495302e+00 (fn F) masses = 1 iters = 571 mflops = 2.088673e+03
 OK converged final_rsq= 9.9e-11 (cf 1e-10) rel = 1 (cf 0) restarts = 2 iters= 571
GFTIME:   time = 3.570580e-01 (Symanzik1) mflops = 1.974588e+03
FFTIME:  time = 1.160606e+00 (asqtad3) terms = 2 mflops = 1.723000e+03
CONGRAD5: time = 1.472222e+00 (fn F) masses = 1 iters = 569 mflops = 2.113986e+03
 OK converged final_rsq= 9.9e-11 (cf 1e-10) rel = 1 (cf 0) restarts = 2 iters= 569
CONGRAD5: time = 1.503098e+00 (fn F) masses = 1 iters = 558 mflops = 2.030533e+03
 OK converged final_rsq= 1e-10 (cf 1e-10) rel = 1 (cf 0) restarts = 2 iters= 558
GFTIME:   time = 3.458149e-01 (Symanzik1) mflops = 2.038785e+03
FFTIME:  time = 1.210435e+00 (asqtad3) terms = 2 mflops = 1.652071e+03
CONGRAD5: time = 1.500460e+00 (fn F) masses = 1 iters = 555 mflops = 2.023167e+03
 OK converged final_rsq= 5e-11 (cf 1e-10) rel = 1 (cf 0) restarts = 3 iters= 555
CONGRAD5: time = 1.410629e+00 (fn F) masses = 1 iters = 511 mflops = 1.981396e+03
 OK converged final_rsq= 5e-11 (cf 1e-10) rel = 1 (cf 0) restarts = 3 iters= 511
GFTIME:   time = 3.449509e-01 (Symanzik1) mflops = 2.043892e+03
FFTIME:  time = 1.234433e+00 (asqtad3) terms = 2 mflops = 1.619954e+03
CONGRAD5: time = 1.448760e+00 (fn F) masses = 1 iters = 537 mflops = 2.027407e+03
 OK converged final_rsq= 9.9e-11 (cf 1e-10) rel = 1 (cf 0) restarts = 2 iters= 537
CONGRAD5: time = 1.426728e+00 (fn F) masses = 1 iters = 513 mflops = 1.966706e+03
 OK converged final_rsq= 9.9e-11 (cf 1e-10) rel = 1 (cf 0) restarts = 2 iters= 513
GFTIME:   time = 3.246720e-01 (Symanzik1) mflops = 2.171553e+03
FFTIME:  time = 1.115213e+00 (asqtad3) terms = 2 mflops = 1.793133e+03
CONGRAD5: time = 1.314464e+00 (fn F) masses = 1 iters = 496 mflops = 2.063936e+03
 OK converged final_rsq= 5e-11 (cf 1e-10) rel = 1 (cf 0) restarts = 3 iters= 496
CONGRAD5: time = 1.300292e+00 (fn F) masses = 1 iters = 523 mflops = 2.200007e+03
 OK converged final_rsq= 9.9e-11 (cf 1e-10) rel = 1 (cf 0) restarts = 2 iters= 523
GFTIME:   time = 2.962458e-01 (Symanzik1) mflops = 2.379924e+03
FFTIME:  time = 1.119804e+00 (asqtad3) terms = 2 mflops = 1.785781e+03
CONGRAD5: time = 1.432618e+00 (fn F) masses = 1 iters = 529 mflops = 2.019708e+03
 OK converged final_rsq= 5e-11 (cf 1e-10) rel = 1 (cf 0) restarts = 3 iters= 529
CONGRAD5: time = 1.377854e+00 (fn F) masses = 1 iters = 510 mflops = 2.024558e+03
 OK converged final_rsq= 1e-10 (cf 1e-10) rel = 1 (cf 0) restarts = 2 iters= 510
GFTIME:   time = 3.461571e-01 (Symanzik1) mflops = 2.036770e+03
FFTIME:  time = 1.237175e+00 (asqtad3) terms = 2 mflops = 1.616364e+03
CONGRAD5: time = 1.436733e+00 (fn F) masses = 1 iters = 528 mflops = 2.010116e+03
 OK converged final_rsq= 1e-10 (cf 1e-10) rel = 1 (cf 0) restarts = 2 iters= 528
CONGRAD5: time = 1.368200e+00 (fn F) masses = 1 iters = 506 mflops = 2.022852e+03
 OK converged final_rsq= 5e-11 (cf 1e-10) rel = 1 (cf 0) restarts = 3 iters= 506
GFTIME:   time = 3.464069e-01 (Symanzik1) mflops = 2.035301e+03
FFTIME:  time = 1.235533e+00 (asqtad3) terms = 2 mflops = 1.618512e+03
CONGRAD5: time = 1.463449e+00 (fn F) masses = 1 iters = 550 mflops = 2.055646e+03
 OK converged final_rsq= 9.9e-11 (cf 1e-10) rel = 1 (cf 0) restarts = 2 iters= 550
CONGRAD5: time = 1.460374e+00 (fn F) masses = 1 iters = 548 mflops = 2.052484e+03
 OK converged final_rsq= 5e-11 (cf 1e-10) rel = 1 (cf 0) restarts = 3 iters= 548
GFTIME:   time = 3.245139e-01 (Symanzik1) mflops = 2.172611e+03
FFTIME:  time = 1.170867e+00 (asqtad3) terms = 2 mflops = 1.707901e+03
CONGRAD5: time = 1.514134e+00 (fn F) masses = 1 iters = 546 mflops = 1.972384e+03
 OK converged final_rsq= 9.9e-11 (cf 1e-10) rel = 1 (cf 0) restarts = 2 iters= 546
CONGRAD5: time = 1.448792e+00 (fn F) masses = 1 iters = 526 mflops = 1.985834e+03
 OK converged final_rsq= 9.9e-11 (cf 1e-10) rel = 1 (cf 0) restarts = 2 iters= 526
GFTIME:   time = 3.481791e-01 (Symanzik1) mflops = 2.024942e+03
FFTIME:  time = 1.232855e+00 (asqtad3) terms = 2 mflops = 1.622028e+03
CONGRAD5: time = 1.488850e+00 (fn F) masses = 1 iters = 550 mflops = 2.020575e+03
 OK converged final_rsq= 5e-11 (cf 1e-10) rel = 1 (cf 0) restarts = 3 iters= 550
CONGRAD5: time = 1.372931e+00 (fn F) masses = 1 iters = 508 mflops = 2.023849e+03
 OK converged final_rsq= 5e-11 (cf 1e-10) rel = 1 (cf 0) restarts = 3 iters= 508
GFTIME:   time = 3.447371e-01 (Symanzik1) mflops = 2.045160e+03
FFTIME:  time = 1.235753e+00 (asqtad3) terms = 2 mflops = 1.618224e+03
PLAQ:	1.540771	1.539234
P_LOOP:	1.091240e-02	-3.989859e-03
G_LOOP:  0  0  4   	1.540737e+00	( 0 1 7 6  )
G_LOOP:  0  1  4   	1.541393e+00	( 0 2 7 5  )
G_LOOP:  0  2  4   	1.540677e+00	( 0 3 7 4  )
G_LOOP:  0  3  4   	1.540183e+00	( 1 2 6 5  )
G_LOOP:  0  4  4   	1.539081e+00	( 1 3 6 4  )
G_LOOP:  0  5  4   	1.537945e+00	( 2 3 5 4  )
G_LOOP:  1  0  6   	7.792160e-01	( 0 0 1 7 7 6  )
G_LOOP:  1  1  6   	7.791683e-01	( 0 0 2 7 7 5  )
G_LOOP:  1  2  6   	7.817236e-01	( 0 0 3 7 7 4  )
G_LOOP:  1  3  6   	7.797929e-01	( 1 1 0 6 6 7  )
G_LOOP:  1  4  6   	7.789794e-01	( 1 1 2 6 6 5  )
G_LOOP:  1  5  6   	7.798970e-01	( 1 1 3 6 6 4  )
G_LOOP:  1  6  6   	7.811699e-01	( 2 2 0 5 5 7  )
G_LOOP:  1  7  6   	7.788761e-01	( 2 2 1 5 5 6  )
G_LOOP:  1  8  6   	7.790936e-01	( 2 2 3 5 5 4  )
G_LOOP:  1  9  6   	7.786094e-01	( 3 3 0 4 4 7  )
G_LOOP:  1  10  6   	7.778531e-01	( 3 3 1 4 4 6  )
G_LOOP:  1  11  6   	7.774794e-01	( 3 3 2 4 4 5  )
G_LOOP:  2  0  6   	8.019689e-01	( 0 1 2 7 6 5  )
G_LOOP:  2  1  6   	7.998577e-01	( 0 1 5 7 6 2  )
G_LOOP:  2  2  6   	8.010139e-01	( 0 6 2 7 1 5  )
G_LOOP:  2  3  6   	8.008853e-01	( 0 6 5 7 1 2  )
G_LOOP:  2  4  6   	7.989668e-01	( 0 1 3 7 6 4  )
G_LOOP:  2  5  6   	8.012611e-01	( 0 1 4 7 6 3  )
G_LOOP:  2  6  6   	8.014171e-01	( 0 6 3 7 1 4  )
G_LOOP:  2  7  6   	8.007371e-01	( 0 6 4 7 1 3  )
G_LOOP:  2  8  6   	8.001027e-01	( 0 2 3 7 5 4  )
G_LOOP:  2  9  6   	7.986628e-01	( 0 2 4 7 5 3  )
G_LOOP:  2  10  6   	8.000803e-01	( 0 5 3 7 2 4  )
G_LOOP:  2  11  6   	8.015377e-01	( 0 5 4 7 2 3  )
G_LOOP:  2  12  6   	7.979891e-01	( 1 2 3 6 5 4  )
G_LOOP:  2  13  6   	8.004914e-01	( 1 2 4 6 5 3  )
G_LOOP:  2  14  6   	8.007820e-01	( 1 5 3 6 2 4  )
G_LOOP:  2  15  6   	7.999565e-01	( 1 5 4 6 2 3  )
GACTION: 6.328506e+00
CONGRAD5: time = 1.437527e+00 (fn F) masses = 1 iters = 522 mflops = 1.986176e+03
 OK converged final_rsq= 5e-11 (cf 1e-10) rel = 1 (cf 0) restarts = 3 iters= 522
CONGRAD5: time = 2.404618e-01 (fn F) masses = 1 iters = 88 mflops = 2.001703e+03
 OK converged final_rsq= 4.8e-11 (cf 1e-10) rel = 1 (cf 0) restarts = 2 iters= 88
PBP: mass 1.000000e-02     3.210523e-02  3.108349e-02  -3.638818e-03  -3.637753e-03 ( 1 of 1 )
FACTION: mass = 1.000000e-02,  1.499014e+00 ( 1 of 1 )
CONGRAD5: time = 1.368726e+00 (fn F) masses = 1 iters = 511 mflops = 2.042056e+03
 OK converged final_rsq= 5e-11 (cf 1e-10) rel = 1 (cf 0) restarts = 3 iters= 511
CONGRAD5: time = 2.430539e-01 (fn F) masses = 1 iters = 94 mflops = 2.115380e+03
 OK converged final_rsq= 9.7e-11 (cf 1e-10) rel = 1 (cf 0) restarts = 1 iters= 94
PBP: mass 1.000000e-02     3.053545e-02  3.191708e-02  -3.038316e-03  -3.039833e-03 ( 1 of 1 )
FACTION: mass = 1.000000e-02,  1.500351e+00 ( 1 of 1 )
CONGRAD5: time = 1.490942e+00 (fn F) masses = 1 iters = 552 mflops = 2.025077e+03
 OK converged final_rsq= 5e-11 (cf 1e-10) rel = 1 (cf 0) restarts = 3 iters= 552
CONGRAD5: time = 1.463937e+00 (fn F) masses = 1 iters = 541 mflops = 2.021334e+03
 OK converged final_rsq= 5e-11 (cf 1e-10) rel = 1 (cf 0) restarts = 3 iters= 541
GFTIME:   time = 4.189680e-01 (Symanzik1) mflops = 1.682808e+03
FFTIME:  time = 1.314293e+00 (asqtad3) terms = 2 mflops = 1.521521e+03
CONGRAD5: time = 1.507005e+00 (fn F) masses = 1 iters = 548 mflops = 1.988974e+03
 OK converged final_rsq= 1e-10 (cf 1e-10) rel = 1 (cf 0) restarts = 2 iters= 548
CONGRAD5: time = 1.483692e+00 (fn F) masses = 1 iters = 549 mflops = 2.023913e+03
 OK converged final_rsq= 5e-11 (cf 1e-10) rel = 1 (cf 0) restarts = 3 iters= 549
GFTIME:   time = 3.478000e-01 (Symanzik1) mflops = 2.027149e+03
FFTIME:  time = 1.235550e+00 (asqtad3) terms = 2 mflops = 1.618489e+03
CONGRAD5: time = 1.463656e+00 (fn F) masses = 1 iters = 534 mflops = 1.995563e+03
 OK converged final_rsq= 5e-11 (cf 1e-10) rel = 1 (cf 0) restarts = 3 iters= 534
CONGRAD5: time = 1.411926e+00 (fn F) masses = 1 iters = 526 mflops = 2.037685e+03
 OK converged final_rsq= 9.9e-11 (cf 1e-10) rel = 1 (cf 0) restarts = 2 iters= 526
GFTIME:   time = 3.478339e-01 (Symanzik1) mflops = 2.026952e+03
FFTIME:  time = 1.180795e+00 (asqtad3) terms = 2 mflops = 1.693541e+03
CONGRAD5: time = 1.391801e+00 (fn F) masses = 1 iters = 543 mflops = 2.133958e+03
 OK converged final_rsq= 5e-11 (cf 1e-10) rel = 1 (cf 0) restarts = 3 iters= 543
CONGRAD5: time = 1.432720e+00 (fn F) masses = 1 iters = 535 mflops = 2.042470e+03
 OK converged final_rsq= 5e-11 (cf 1e-10) rel = 1 (cf 0) restarts = 3 iters= 535
GFTIME:   time = 3.498030e-01 (Symanzik1) mflops = 2.015542e+03
FFTIME:  time = 1.236147e+00 (asqtad3) terms = 2 mflops = 1.617708e+03
CONGRAD5: time = 1.459379e+00 (fn F) masses = 1 iters = 540 mflops = 2.023899e+03
 OK converged final_rsq= 1e-10 (cf 1e-10) rel = 1 (cf 0) restarts = 2 iters= 540
CONGRAD5: time = 1.528643e+00 (fn F) masses = 1 iters = 566 mflops = 2.025226e+03
 OK converged final_rsq= 9.9e-11 (cf 1e-10) rel = 1 (cf 0) restarts = 2 iters= 566
GFTIME:   time = 3.500211e-01 (Symanzik1) mflops = 2.014285e+03
FFTIME:  time = 1.234475e+00 (asqtad3) terms = 2 mflops = 1.619899e+03
CONGRAD5: time = 1.486450e+00 (fn F) masses = 1 iters = 549 mflops = 2.020158e+03
 OK converged final_rsq= 4.9e-11 (cf 1e-10) rel = 1 (cf 0) restarts = 3 iters= 549
CONGRAD5: time = 1.401291e+00 (fn F) masses = 1 iters = 533 mflops = 2.080473e+03
 OK converged final_rsq= 1e-10 (cf 1e-10) rel = 1 (cf 0) restarts = 2 iters= 533
GFTIME:   time = 3.565140e-01 (Symanzik1) mflops = 1.977601e+03
FFTIME:  time = 1.101621e+00 (asqtad3) terms = 2 mflops = 1.815257e+03
CONGRAD5: time = 1.441813e+00 (fn F) masses = 1 iters = 539 mflops = 2.044763e+03
 OK converged final_rsq= 1e-10 (cf 1e-10) rel = 1 (cf 0) restarts = 2 iters= 539
CONGRAD5: time = 1.372980e+00 (fn F) masses = 1 iters = 513 mflops = 2.043696e+03
 OK converged final_rsq= 5e-11 (cf 1e-10) rel = 1 (cf 0) restarts = 3 iters= 513
GFTIME:   time = 4.050932e-01 (Symanzik1) mflops = 1.740445e+03
FFTIME:  time = 1.247875e+00 (asqtad3) terms = 2 mflops = 1.602504e+03
CONGRAD5: time = 1.416675e+00 (fn F) masses = 1 iters = 524 mflops = 2.023132e+03
 OK converged final_rsq= 5e-11 (cf 1e-10) rel = 1 (cf 0) restarts = 3 iters= 524
CONGRAD5: time = 1.446912e+00 (fn F) masses = 1 iters = 536 mflops = 2.026216e+03
 OK converged final_rsq= 9.9e-11 (cf 1e-10) rel = 1 (cf 0) restarts = 2 iters= 536
GFTIME:   time = 3.507929e-01 (Symanzik1) mflops = 2.009854e+03
FFTIME:  time = 1.234582e+00 (asqtad3) terms = 2 mflops = 1.619758e+03
CONGRAD5: time = 1.456247e+00 (fn F) masses = 1 iters = 538 mflops = 2.020740e+03
 OK converged final_rsq= 5e-11 (cf 1e-10) rel = 1 (cf 0) restarts = 3 iters= 538
CONGRAD5: time = 1.450375e+00 (fn F) masses = 1 iters = 551 mflops = 2.077947e+03
 OK converged final_rsq= 9.9e-11 (cf 1e-10) rel = 1 (cf 0) restarts = 2 iters= 551
GFTIME:   time = 3.572640e-01 (Symanzik1) mflops = 1.973449e+03
FFTIME:  time = 1.112316e+00 (asqtad3) terms = 2 mflops = 1.797802e+03
CONGRAD5: time = 1.537083e+00 (fn F) masses = 1 iters = 569 mflops = 2.024781e+03
 OK converged final_rsq= 1e-10 (cf 1e-10) rel = 1 (cf 0) restarts = 2 iters= 569
CONGRAD5: time = 1.409779e+00 (fn F) masses = 1 iters = 556 mflops = 2.157183e+03
 OK converged final_rsq= 9.9e-11 (cf 1e-10) rel = 1 (cf 0) restarts = 2 iters= 556
GFTIME:   time = 2.976639e-01 (Symanzik1) mflops = 2.368585e+03
FFTIME:  time = 1.085957e+00 (asqtad3) terms = 2 mflops = 1.841440e+03
CONGRAD5: time = 1.487900e+00 (fn F) masses = 1 iters = 560 mflops = 2.058626e+03
 OK converged final_rsq= 9.9e-11 (cf 1e-10) rel = 1 (cf 0) restarts = 2 iters= 560
CONGRAD5: time = 1.491898e+00 (fn F) masses = 1 iters = 552 mflops = 2.023779e+03
 OK converged final_rsq= 9.9e-11 (cf 1e-10) rel = 1 (cf 0) restarts = 2 iters= 552
GFTIME:   time = 3.506320e-01 (Symanzik1) mflops = 2.010776e+03
FFTIME:  time = 1.235379e+00 (asqtad3) terms = 2 mflops = 1.618713e+03
CONGRAD5: time = 1.539599e+00 (fn F) masses = 1 iters = 570 mflops = 2.025025e+03
 OK converged final_rsq= 1e-10 (cf 1e-10) rel = 1 (cf 0) restarts = 2 iters= 570
CONGRAD5: time = 1.532589e+00 (fn F) masses = 1 iters = 568 mflops = 2.027150e+03
 OK converged final_rsq= 9.9e-11 (cf 1e-10) rel = 1 (cf 0) restarts = 2 iters= 568
GFTIME:   time = 3.503809e-01 (Symanzik1) mflops = 2.012217e+03
FFTIME:  time = 1.234142e+00 (asqtad3) terms = 2 mflops = 1.620336e+03
CONGRAD5: time = 5.024646e+00 (fn F) masses = 1 iters = 560 mflops = 6.096011e+02
 OK converged final_rsq= 9.9e-11 (cf 1e-10) rel = 1 (cf 0) restarts = 2 iters= 560
CONGRAD5: time = 1.470189e+00 (fn F) masses = 1 iters = 554 mflops = 2.061103e+03
 OK converged final_rsq= 9.9e-11 (cf 1e-10) rel = 1 (cf 0) restarts = 2 iters= 554
GFTIME:   time = 6.233010e-01 (Symanzik1) mflops = 1.131143e+03
FFTIME:  time = 1.182684e+00 (asqtad3) terms = 2 mflops = 1.690836e+03
CONGRAD5: time = 1.537689e+00 (fn F) masses = 1 iters = 576 mflops = 2.048883e+03
 OK converged final_rsq= 5e-11 (cf 1e-10) rel = 1 (cf 0) restarts = 3 iters= 576
CONGRAD5: time = 1.530846e+00 (fn F) masses = 1 iters = 569 mflops = 2.033031e+03
 OK converged final_rsq= 5e-11 (cf 1e-10) rel = 1 (cf 0) restarts = 3 iters= 569
GFTIME:   time = 3.473110e-01 (Symanzik1) mflops = 2.030003e+03
FFTIME:  time = 1.240985e+00 (asqtad3) terms = 2 mflops = 1.611401e+03
CONGRAD5: time = 1.564992e+00 (fn F) masses = 1 iters = 583 mflops = 2.037603e+03
 OK converged final_rsq= 1e-10 (cf 1e-10) rel = 1 (cf 0) restarts = 2 iters= 583
CONGRAD5: time = 1.522648e+00 (fn F) masses = 1 iters = 567 mflops = 2.036792e+03
 OK converged final_rsq= 1e-10 (cf 1e-10) rel = 1 (cf 0) restarts = 2 iters= 567
GFTIME:   time = 3.466010e-01 (Symanzik1) mflops = 2.034162e+03
FFTIME:  time = 1.231234e+00 (asqtad3) terms = 2 mflops = 1.624163e+03
PLAQ:	1.499350	1.498887
P_LOOP:	1.646081e-03	3.009995e-03
G_LOOP:  0  0  4   	1.499739e+00	( 0 1 7 6  )
G_LOOP:  0  1  4   	1.500095e+00	( 0 2 7 5  )
G_LOOP:  0  2  4   	1.499475e+00	( 0 3 7 4  )
G_LOOP:  0  3  4   	1.498217e+00	( 1 2 6 5  )
G_LOOP:  0  4  4   	1.498265e+00	( 1 3 6 4  )
G_LOOP:  0  5  4   	1.498920e+00	( 2 3 5 4  )
G_LOOP:  1  0  6   	7.412622e-01	( 0 0 1 7 7 6  )
G_LOOP:  1  1  6   	7.420974e-01	( 0 0 2 7 7 5  )
G_LOOP:  1  2  6   	7.440755e-01	( 0 0 3 7 7 4  )
G_LOOP:  1  3  6   	7.417144e-01	( 1 1 0 6 6 7  )
G_LOOP:  1  4  6   	7.403150e-01	( 1 1 2 6 6 5  )
G_LOOP:  1  5  6   	7.414948e-01	( 1 1 3 6 6 4  )
G_LOOP:  1  6  6   	7.427913e-01	( 2 2 0 5 5 7  )
G_LOOP:  1  7  6   	7.399303e-01	( 2 2 1 5 5 6  )
G_LOOP:  1  8  6   	7.433757e-01	( 2 2 3 5 5 4  )
G_LOOP:  1  9  6   	7.415228e-01	( 3 3 0 4 4 7  )
G_LOOP:  1  10  6   	7.409361e-01	( 3 3 1 4 4 6  )
G_LOOP:  1  11  6   	7.392472e-01	( 3 3 2 4 4 5  )
G_LOOP:  2  0  6   	7.593954e-01	( 0 1 2 7 6 5  )
G_LOOP:  2  1  6   	7.592458e-01	( 0 1 5 7 6 2  )
G_LOOP:  2  2  6   	7.601844e-01	( 0 6 2 7 1 5  )
G_LOOP:  2  3  6   	7.597496e-01	( 0 6 5 7 1 2  )
G_LOOP:  2  4  6   	7.597478e-01	( 0 1 3 7 6 4  )
G_LOOP:  2  5  6   	7.613796e-01	( 0 1 4 7 6 3  )
G_LOOP:  2  6  6   	7.610169e-01	( 0 6 3 7 1 4  )
G_LOOP:  2  7  6   	7.600945e-01	( 0 6 4 7 1 3  )
G_LOOP:  2  8  6   	7.599634e-01	( 0 2 3 7 5 4  )
G_LOOP:  2  9  6   	7.604212e-01	( 0 2 4 7 5 3  )
G_LOOP:  2  10  6   	7.587259e-01	( 0 5 3 7 2 4  )
G_LOOP:  2  11  6   	7.612359e-01	( 0 5 4 7 2 3  )
G_LOOP:  2  12  6   	7.569071e-01	( 1 2 3 6 5 4  )
G_LOOP:  2  13  6   	7.588607e-01	( 1 2 4 6 5 3  )
G_LOOP:  2  14  6   	7.598377e-01	( 1 5 3 6 2 4  )
G_LOOP:  2  15  6   	7.603660e-01	( 1 5 4 6 2 3  )
GACTION: 6.531951e+00
CONGRAD5: time = 1.514602e+00 (fn F) masses = 1 iters = 544 mflops = 1.964552e+03
 OK converged final_rsq= 5e-11 (cf 1e-10) rel = 1 (cf 0) restarts = 3 iters= 544
CONGRAD5: time = 2.365150e-01 (fn F) masses = 1 iters = 77 mflops = 1.780718e+03
 OK converged final_rsq= 5e-11 (cf 1e-10) rel = 1 (cf 0) restarts = 2 iters= 77
PBP: mass 1.000000e-02     3.013453e-02  3.752781e-02  -3.761030e-03  -3.761023e-03 ( 1 of 1 )
FACTION: mass = 1.000000e-02,  1.500048e+00 ( 1 of 1 )
CONGRAD5: time = 1.424724e+00 (fn F) masses = 1 iters = 534 mflops = 2.050094e+03
 OK converged final_rsq= 5e-11 (cf 1e-10) rel = 1 (cf 0) restarts = 3 iters= 534
CONGRAD5: time = 2.065761e-01 (fn F) masses = 1 iters = 78 mflops = 2.065274e+03
 OK converged final_rsq= 1e-10 (cf 1e-10) rel = 1 (cf 0) restarts = 1 iters= 78
PBP: mass 1.000000e-02     3.384094e-02  3.335108e-02  4.305006e-03  4.306948e-03 ( 1 of 1 )
FACTION: mass = 1.000000e-02,  1.503952e+00 ( 1 of 1 )
CONGRAD5: time = 1.544557e+00 (fn F) masses = 1 iters = 581 mflops = 2.057479e+03
 OK converged final_rsq= 1e-10 (cf 1e-10) rel = 1 (cf 0) restarts = 2 iters= 581
CONGRAD5: time = 1.459772e+00 (fn F) masses = 1 iters = 542 mflops = 2.030848e+03
 OK converged final_rsq= 5e-11 (cf 1e-10) rel = 1 (cf 0) restarts = 3 iters= 542
GFTIME:   time = 4.232290e-01 (Symanzik1) mflops = 1.665865e+03
FFTIME:  time = 1.292985e+00 (asqtad3) terms = 2 mflops = 1.546595e+03
CONGRAD5: time = 1.492815e+00 (fn F) masses = 1 iters = 545 mflops = 1.996888e+03
 OK converged final_rsq= 1e-10 (cf 1e-10) rel = 1 (cf 0) restarts = 2 iters= 545
CONGRAD5: time = 1.531821e+00 (fn F) masses = 1 iters = 570 mflops = 2.035307e+03
 OK converged final_rsq= 5e-11 (cf 1e-10) rel = 1 (cf 0) restarts = 3 iters= 570
GFTIME:   time = 3.476949e-01 (Symanzik1) mflops = 2.027762e+03
FFTIME:  time = 1.233178e+00 (asqtad3) terms = 2 mflops = 1.621603e+03
CONGRAD5: time = 1.511723e+00 (fn F) masses = 1 iters = 578 mflops = 2.091312e+03
 OK converged final_rsq= 5e-11 (cf 1e-10) rel = 1 (cf 0) restarts = 3 iters= 578
CONGRAD5: time = 1.548128e+00 (fn F) masses = 1 iters = 558 mflops = 1.971471e+03
 OK converged final_rsq= 5e-11 (cf 1e-10) rel = 1 (cf 0) restarts = 3 iters= 558
GFTIME:   time = 3.208630e-01 (Symanzik1) mflops = 2.197332e+03
FFTIME:  time = 1.188531e+00 (asqtad3) terms = 2 mflops = 1.682518e+03
CONGRAD5: time = 1.503112e+00 (fn F) masses = 1 iters = 586 mflops = 2.132404e+03
 OK converged final_rsq= 9.9e-11 (cf 1e-10) rel = 1 (cf 0) restarts = 2 iters= 586
CONGRAD5: time = 1.423735e+00 (fn F) masses = 1 iters = 561 mflops = 2.155246e+03
 OK converged final_rsq= 9.9e-11 (cf 1e-10) rel = 1 (cf 0) restarts = 2 iters= 561
GFTIME:   time = 3.475130e-01 (Symanzik1) mflops = 2.028823e+03
FFTIME:  time = 1.242282e+00 (asqtad3) terms = 2 mflops = 1.609719e+03
CONGRAD5: time = 1.563868e+00 (fn F) masses = 1 iters = 581 mflops = 2.032073e+03
 OK converged final_rsq= 9.9e-11 (cf 1e-10) rel = 1 (cf 0) restarts = 2 iters= 581
CONGRAD5: time = 1.545165e+00 (fn F) masses = 1 iters = 574 mflops = 2.031890e+03
 OK converged final_rsq= 5e-11 (cf 1e-10) rel = 1 (cf 0) restarts = 3 iters= 574
GFTIME:   time = 3.461111e-01 (Symanzik1) mflops = 2.037041e+03
FFTIME:  time = 1.231219e+00 (asqtad3) terms = 2 mflops = 1.624183e+03
CONGRAD5: time = 1.579462e+00 (fn F) masses = 1 iters = 588 mflops = 2.036251e+03
 OK converged final_rsq= 9.9e-11 (cf 1e-10) rel = 1 (cf 0) restarts = 2 iters= 588
CONGRAD5: time = 1.556436e+00 (fn F) masses = 1 iters = 592 mflops = 2.080433e+03
 OK converged final_rsq= 9.7e-11 (cf 1e-10) rel = 1 (cf 0) restarts = 2 iters= 592
GFTIME:   time = 3.035212e-01 (Symanzik1) mflops = 2.322877e+03
FFTIME:  time = 1.097737e+00 (asqtad3) terms = 2 mflops = 1.821679e+03
CONGRAD5: time = 1.594908e+00 (fn F) masses = 1 iters = 588 mflops = 2.016531e+03
 OK converged final_rsq= 9.7e-11 (cf 1e-10) rel = 1 (cf 0) restarts = 2 iters= 588
CONGRAD5: time = 1.536921e+00 (fn F) masses = 1 iters = 582 mflops = 2.071260e+03
 OK converged final_rsq= 9.8e-11 (cf 1e-10) rel = 1 (cf 0) restarts = 2 iters= 582
GFTIME:   time = 3.555009e-01 (Symanzik1) mflops = 1.983236e+03
FFTIME:  time = 1.188231e+00 (asqtad3) terms = 2 mflops = 1.682943e+03
CONGRAD5: time = 1.540701e+00 (fn F) masses = 1 iters = 572 mflops = 2.030677e+03
 OK converged final_rsq= 5e-11 (cf 1e-10) rel = 1 (cf 0) restarts = 3 iters= 572
CONGRAD5: time = 1.502003e+00 (fn F) masses = 1 iters = 558 mflops = 2.032014e+03
 OK converged final_rsq= 5e-11 (cf 1e-10) rel = 1 (cf 0) restarts = 3 iters= 558
GFTIME:   time = 3.479631e-01 (Symanzik1) mflops = 2.026199e+03
FFTIME:  time = 1.236370e+00 (asqtad3) terms = 2 mflops = 1.617416e+03
CONGRAD5: time = 1.577966e+00 (fn F) masses = 1 iters = 586 mflops = 2.031249e+03
 OK converged final_rsq= 4.9e-11 (cf 1e-10) rel = 1 (cf 0) restarts = 3 iters= 586
CONGRAD5: time = 1.463180e+00 (fn F) masses = 1 iters = 544 mflops = 2.033594e+03
 OK converged final_rsq= 1e-10 (cf 1e-10) rel = 1 (cf 0) restarts = 2 iters= 544
GFTIME:   time = 3.464708e-01 (Symanzik1) mflops = 2.034926e+03
FFTIME:  time = 1.171637e+00 (asqtad3) terms = 2 mflops = 1.706778e+03
CONGRAD5: time = 1.596730e+00 (fn F) masses = 1 iters = 580 mflops = 1.986825e+03
 OK converged final_rsq= 9.9e-11 (cf 1e-10) rel = 1 (cf 0) restarts = 2 iters= 580
CONGRAD5: time = 1.483691e+00 (fn F) masses = 1 iters = 580 mflops = 2.138197e+03
 OK converged final_rsq= 5e-11 (cf 1e-10) rel = 1 (cf 0) restarts = 3 iters= 580
GFTIME:   time = 3.345921e-01 (Symanzik1) mflops = 2.107170e+03
FFTIME:  time = 1.130191e+00 (asqtad3) terms = 2 mflops = 1.769369e+03
CONGRAD5: time = 1.587401e+00 (fn F) masses = 1 iters = 592 mflops = 2.039850e+03
 OK converged final_rsq= 9.6e-11 (cf 1e-10) rel = 1 (cf 0) restarts = 2 iters= 592
CONGRAD5: time = 1.566766e+00 (fn F) masses = 1 iters = 582 mflops = 2.031805e+03
 OK converged final_rsq= 9.8e-11 (cf 1e-10) rel = 1 (cf 0) restarts = 2 iters= 582
GFTIME:   time = 3.467488e-01 (Symanzik1) mflops = 2.033294e+03
FFTIME:  time = 1.236026e+00 (asqtad3) terms = 2 mflops = 1.617866e+03
CONGRAD5: time = 1.584721e+00 (fn F) masses = 1 iters = 588 mflops = 2.029494e+03
 OK converged final_rsq= 4.9e-11 (cf 1e-10) rel = 1 (cf 0) restarts = 3 iters= 588
CONGRAD5: time = 1.510115e+00 (fn F) masses = 1 iters = 561 mflops = 2.031964e+03
 OK converged final_rsq= 5e-11 (cf 1e-10) rel = 1 (cf 0) restarts = 3 iters= 561
GFTIME:   time = 3.454261e-01 (Symanzik1) mflops = 2.041080e+03
FFTIME:  time = 1.235793e+00 (asqtad3) terms = 2 mflops = 1.618171e+03
CONGRAD5: time = 1.577478e+00 (fn F) masses = 1 iters = 587 mflops = 2.035345e+03
 OK converged final_rsq= 1e-10 (cf 1e-10) rel = 1 (cf 0) restarts = 2 iters= 587
CONGRAD5: time = 1.471622e+00 (fn F) masses = 1 iters = 582 mflops = 2.163166e+03
 OK converged final_rsq= 9.9e-11 (cf 1e-10) rel = 1 (cf 0) restarts = 2 iters= 582
GFTIME:   time = 3.295131e-01 (Symanzik1) mflops = 2.139649e+03
FFTIME:  time = 1.180366e+00 (asqtad3) terms = 2 mflops = 1.694157e+03
CONGRAD5: time = 1.617707e+00 (fn F) masses = 1 iters = 595 mflops = 2.011779e+03
 OK converged final_rsq= 5e-11 (cf 1e-10) rel = 1 (cf 0) restarts = 3 iters= 595
CONGRAD5: time = 1.568756e+00 (fn F) masses = 1 iters = 583 mflops = 2.032714e+03
 OK converged final_rsq= 9.9e-11 (cf 1e-10) rel = 1 (cf 0) restarts = 2 iters= 583
GFTIME:   time = 3.451810e-01 (Symanzik1) mflops = 2.042530e+03
FFTIME:  time = 1.236058e+00 (asqtad3) terms = 2 mflops = 1.617824e+03
CONGRAD5: time = 1.597241e+00 (fn F) masses = 1 iters = 594 mflops = 2.034132e+03
 OK converged final_rsq= 9.6e-11 (cf 1e-10) rel = 1 (cf 0) restarts = 2 iters= 594
CONGRAD5: time = 1.552713e+00 (fn F) masses = 1 iters = 578 mflops = 2.036104e+03
 OK converged final_rsq= 9.9e-11 (cf 1e-10) rel = 1 (cf 0) restarts = 2 iters= 578
GFTIME:   time = 3.472669e-01 (Symanzik1) mflops = 2.030261e+03
FFTIME:  time = 1.246122e+00 (asqtad3) terms = 2 mflops = 1.604758e+03
PLAQ:	1.476641	1.476477
P_LOOP:	1.389653e-02	1.583339e-02
G_LOOP:  0  0  4   	1.476698e+00	( 0 1 7 6  )
G_LOOP:  0  1  4   	1.477045e+00	( 0 2 7 5  )
G_LOOP:  0  2  4   	1.477116e+00	( 0 3 7 4  )
G_LOOP:  0  3  4   	1.476180e+00	( 1 2 6 5  )
G_LOOP:  0  4  4   	1.476597e+00	( 1 3 6 4  )
G_LOOP:  0  5  4   	1.475717e+00	( 2 3 5 4  )
G_LOOP:  1  0  6   	7.180628e-01	( 0 0 1 7 7 6  )
G_LOOP:  1  1  6   	7.197275e-01	( 0 0 2 7 7 5  )
G_LOOP:  1  2  6   	7.203460e-01	( 0 0 3 7 7 4  )
G_LOOP:  1  3  6   	7.195633e-01	( 1 1 0 6 6 7  )
G_LOOP:  1  4  6   	7.170918e-01	( 1 1 2 6 6 5  )
G_LOOP:  1  5  6   	7.191620e-01	( 1 1 3 6 6 4  )
G_LOOP:  1  6  6   	7.192336e-01	( 2 2 0 5 5 7  )
G_LOOP:  1  7  6   	7.177945e-01	( 2 2 1 5 5 6  )
G_LOOP:  1  8  6   	7.167487e-01	( 2 2 3 5 5 4  )
G_LOOP:  1  9  6   	7.187283e-01	( 3 3 0 4 4 7  )
G_LOOP:  1  10  6   	7.174789e-01	( 3 3 1 4 4 6  )
G_LOOP:  1  11  6   	7.167002e-01	( 3 3 2 4 4 5  )
G_LOOP:  2  0  6   	7.330456e-01	( 0 1 2 7 6 5  )
G_LOOP:  2  1  6   	7.347533e-01	( 0 1 5 7 6 2  )
G_LOOP:  2  2  6   	7.326290e-01	( 0 6 2 7 1 5  )
G_LOOP:  2  3  6   	7.367278e-01	( 0 6 5 7 1 2  )
G_LOOP:  2  4  6   	7.346609e-01	( 0 1 3 7 6 4  )
G_LOOP:  2  5  6   	7.359359e-01	( 0 1 4 7 6 3  )
G_LOOP:  2  6  6   	7.360512e-01	( 0 6 3 7 1 4  )
G_LOOP:  2  7  6   	7.351147e-01	( 0 6 4 7 1 3  )
G_LOOP:  2  8  6   	7.357080e-01	( 0 2 3 7 5 4  )
G_LOOP:  2  9  6   	7.354203e-01	( 0 2 4 7 5 3  )
G_LOOP:  2  10  6   	7.344937e-01	( 0 5 3 7 2 4  )
G_LOOP:  2  11  6   	7.363211e-01	( 0 5 4 7 2 3  )
G_LOOP:  2  12  6   	7.342609e-01	( 1 2 3 6 5 4  )
G_LOOP:  2  13  6   	7.338548e-01	( 1 2 4 6 5 3  )
G_LOOP:  2  14  6   	7.347406e-01	( 1 5 3 6 2 4  )
G_LOOP:  2  15  6   	7.339186e-01	( 1 5 4 6 2 3  )
GACTION: 6.641601e+00
CONGRAD5: time = 1.649491e+00 (fn F) masses = 1 iters = 575 mflops = 1.906695e+03
 OK converged final_rsq= 9.9e-11 (cf 1e-10) rel = 1 (cf 0) restarts = 2 iters= 575
CONGRAD5: time = 2.037210e-01 (fn F) masses = 1 iters = 73 mflops = 1.959973e+03
 OK converged final_rsq= 5e-11 (cf 1e-10) rel = 1 (cf 0) restarts = 2 iters= 73
PBP: mass 1.000000e-02     4.209596e-02  3.290301e-02  4.044382e-03  4.045679e-03 ( 1 of 1 )
FACTION: mass = 1.000000e-02,  1.503401e+00 ( 1 of 1 )
CONGRAD5: time = 1.565762e+00 (fn F) masses = 1 iters = 583 mflops = 2.036601e+03
 OK converged final_rsq= 1e-10 (cf 1e-10) rel = 1 (cf 0) restarts = 2 iters= 583
CONGRAD5: time = 1.868510e-01 (fn F) masses = 1 iters = 72 mflops = 2.107658e+03
 OK converged final_rsq= 9.8e-11 (cf 1e-10) rel = 1 (cf 0) restarts = 1 iters= 72
PBP: mass 1.000000e-02     3.540728e-02  4.133288e-02  4.479211e-04  4.463850e-04 ( 1 of 1 )
FACTION: mass = 1.000000e-02,  1.501503e+00 ( 1 of 1 )
CONGRAD5: time = 1.522015e+00 (fn F) masses = 1 iters = 596 mflops = 2.141857e+03
 OK converged final_rsq= 9.9e-11 (cf 1e-10) rel = 1 (cf 0) restarts = 2 iters= 596
CONGRAD5: time = 1.471193e+00 (fn F) masses = 1 iters = 590 mflops = 2.193540e+03
 OK converged final_rsq= 9.7e-11 (cf 1e-10) rel = 1 (cf 0) restarts = 2 iters= 590
GFTIME:   time = 3.958030e-01 (Symanzik1) mflops = 1.781296e+03
FFTIME:  time = 1.264331e+00 (asqtad3) terms = 2 mflops = 1.581646e+03
CONGRAD5: time = 1.605525e+00 (fn F) masses = 1 iters = 585 mflops = 1.992976e+03
 OK converged final_rsq= 9.8e-11 (cf 1e-10) rel = 1 (cf 0) restarts = 2 iters= 585
CONGRAD5: time = 1.540118e+00 (fn F) masses = 1 iters = 572 mflops = 2.031446e+03
 OK converged final_rsq= 9.9e-11 (cf 1e-10) rel = 1 (cf 0) restarts = 2 iters= 572
GFTIME:   time = 3.475530e-01 (Symanzik1) mflops = 2.028590e+03
FFTIME:  time = 1.234574e+00 (asqtad3) terms = 2 mflops = 1.619769e+03
CONGRAD5: time = 1.594520e+00 (fn F) masses = 1 iters = 592 mflops = 2.030743e+03
 OK converged final_rsq= 9.6e-11 (cf 1e-10) rel = 1 (cf 0) restarts = 2 iters= 592
CONGRAD5: time = 1.535938e+00 (fn F) masses = 1 iters = 585 mflops = 2.083269e+03
 OK converged final_rsq= 9.9e-11 (cf 1e-10) rel = 1 (cf 0) restarts = 2 iters= 585
GFTIME:   time = 3.448100e-01 (Symanzik1) mflops = 2.044727e+03
FFTIME:  time = 1.106174e+00 (asqtad3) terms = 2 mflops = 1.807785e+03
CONGRAD5: time = 1.663077e+00 (fn F) masses = 1 iters = 598 mflops = 1.966763e+03
 OK converged final_rsq= 4.9e-11 (cf 1e-10) rel = 1 (cf 0) restarts = 3 iters= 598
CONGRAD5: time = 1.549705e+00 (fn F) masses = 1 iters = 571 mflops = 2.015349e+03
 OK converged final_rsq= 5e-11 (cf 1e-10) rel = 1 (cf 0) restarts = 3 iters= 571
GFTIME:   time = 3.469322e-01 (Symanzik1) mflops = 2.032220e+03
FFTIME:  time = 1.232321e+00 (asqtad3) terms = 2 mflops = 1.622730e+03
CONGRAD5: time = 1.574645e+00 (fn F) masses = 1 iters = 585 mflops = 2.032059e+03
 OK converged final_rsq= 9.8e-11 (cf 1e-10) rel = 1 (cf 0) restarts = 2 iters= 585
CONGRAD5: time = 1.556248e+00 (fn F) masses = 1 iters = 579 mflops = 2.034993e+03
 OK converged final_rsq= 1e-10 (cf 1e-10) rel = 1 (cf 0) restarts = 2 iters= 579
GFTIME:   time = 3.653209e-01 (Symanzik1) mflops = 1.929926e+03
FFTIME:  time = 1.234433e+00 (asqtad3) terms = 2 mflops = 1.619954e+03
CONGRAD5: time = 1.570288e+00 (fn F) masses = 1 iters = 596 mflops = 2.076013e+03
 OK converged final_rsq= 5e-11 (cf 1e-10) rel = 1 (cf 0) restarts = 3 iters= 596
CONGRAD5: time = 1.554253e+00 (fn F) masses = 1 iters = 578 mflops = 2.034086e+03
 OK converged final_rsq= 9.9e-11 (cf 1e-10) rel = 1 (cf 0) restarts = 2 iters= 578
GFTIME:   time = 3.276451e-01 (Symanzik1) mflops = 2.151848e+03
FFTIME:  time = 1.142136e+00 (asqtad3) terms = 2 mflops = 1.750864e+03
CONGRAD5: time = 1.582391e+00 (fn F) masses = 1 iters = 579 mflops = 2.001373e+03
 OK converged final_rsq= 4.9e-11 (cf 1e-10) rel = 1 (cf 0) restarts = 3 iters= 579
CONGRAD5: time = 1.537970e+00 (fn F) masses = 1 iters = 571 mflops = 2.030727e+03
 OK converged final_rsq= 9.9e-11 (cf 1e-10) rel = 1 (cf 0) restarts = 2 iters= 571
GFTIME:   time = 3.493869e-01 (Symanzik1) mflops = 2.017942e+03
FFTIME:  time = 1.235376e+00 (asqtad3) terms = 2 mflops = 1.618717e+03
CONGRAD5: time = 1.584069e+00 (fn F) masses = 1 iters = 589 mflops = 2.033782e+03
 OK converged final_rsq= 9.9e-11 (cf 1e-10) rel = 1 (cf 0) restarts = 2 iters= 589
CONGRAD5: time = 1.599112e+00 (fn F) masses = 1 iters = 594 mflops = 2.031753e+03
 OK converged final_rsq= 5e-11 (cf 1e-10) rel = 1 (cf 0) restarts = 3 iters= 594
GFTIME:   time = 3.487198e-01 (Symanzik1) mflops = 2.021802e+03
FFTIME:  time = 1.235139e+00 (asqtad3) terms = 2 mflops = 1.619028e+03
CONGRAD5: time = 1.639420e+00 (fn F) masses = 1 iters = 595 mflops = 1.985134e+03
 OK converged final_rsq= 9.9e-11 (cf 1e-10) rel = 1 (cf 0) restarts = 2 iters= 595
CONGRAD5: time = 1.559314e+00 (fn F) masses = 1 iters = 585 mflops = 2.052038e+03
 OK converged final_rsq= 1e-10 (cf 1e-10) rel = 1 (cf 0) restarts = 2 iters= 585
GFTIME:   time = 3.404350e-01 (Symanzik1) mflops = 2.071004e+03
FFTIME:  time = 1.219936e+00 (asqtad3) terms = 2 mflops = 1.639204e+03
CONGRAD5: time = 1.640206e+00 (fn F) masses = 1 iters = 591 mflops = 1.970844e+03
 OK converged final_rsq= 9.7e-11 (cf 1e-10) rel = 1 (cf 0) restarts = 2 iters= 591
CONGRAD5: time = 1.597323e+00 (fn F) masses = 1 iters = 594 mflops = 2.034028e+03
 OK converged final_rsq= 9.8e-11 (cf 1e-10) rel = 1 (cf 0) restarts = 2 iters= 594
GFTIME:   time = 3.481641e-01 (Symanzik1) mflops = 2.025029e+03
FFTIME:  time = 1.240094e+00 (asqtad3) terms = 2 mflops = 1.612559e+03
CONGRAD5: time = 1.615214e+00 (fn F) masses = 1 iters = 590 mflops = 1.997952e+03
 OK converged final_rsq= 9.9e-11 (cf 1e-10) rel = 1 (cf 0) restarts = 2 iters= 590
CONGRAD5: time = 1.580599e+00 (fn F) masses = 1 iters = 588 mflops = 2.034786e+03
 OK converged final_rsq= 9.9e-11 (cf 1e-10) rel = 1 (cf 0) restarts = 2 iters= 588
GFTIME:   time = 3.471181e-01 (Symanzik1) mflops = 2.031131e+03
FFTIME:  time = 1.155766e+00 (asqtad3) terms = 2 mflops = 1.730216e+03
CONGRAD5: time = 1.601876e+00 (fn F) masses = 1 iters = 597 mflops = 2.038490e+03
 OK converged final_rsq= 1e-10 (cf 1e-10) rel = 1 (cf 0) restarts = 2 iters= 597
CONGRAD5: time = 1.512372e+00 (fn F) masses = 1 iters = 595 mflops = 2.151897e+03
 OK converged final_rsq= 9.9e-11 (cf 1e-10) rel = 1 (cf 0) restarts = 2 iters= 595
GFTIME:   time = 3.329270e-01 (Symanzik1) mflops = 2.117709e+03
FFTIME:  time = 1.148039e+00 (asqtad3) terms = 2 mflops = 1.741861e+03
CONGRAD5: time = 1.590280e+00 (fn F) masses = 1 iters = 598 mflops = 2.056794e+03
 OK converged final_rsq= 9.6e-11 (cf 1e-10) rel = 1 (cf 0) restarts = 2 iters= 598
CONGRAD5: time = 1.589378e+00 (fn F) masses = 1 iters = 591 mflops = 2.033871e+03
 OK converged final_rsq= 1e-10 (cf 1e-10) rel = 1 (cf 0) restarts = 2 iters= 591
GFTIME:   time = 3.489320e-01 (Symanzik1) mflops = 2.020572e+03
FFTIME:  time = 1.236537e+00 (asqtad3) terms = 2 mflops = 1.617198e+03
CONGRAD5: time = 1.611689e+00 (fn F) masses = 1 iters = 599 mflops = 2.032866e+03
 OK converged final_rsq= 4.9e-11 (cf 1e-10) rel = 1 (cf 0) restarts = 3 iters= 599
CONGRAD5: time = 1.594971e+00 (fn F) masses = 1 iters = 592 mflops = 2.030169e+03
 OK converged final_rsq= 9.8e-11 (cf 1e-10) rel = 1 (cf 0) restarts = 2 iters= 592
GFTIME:   time = 3.489521e-01 (Symanzik1) mflops = 2.020456e+03
FFTIME:  time = 1.239778e+00 (asqtad3) terms = 2 mflops = 1.612970e+03
CONGRAD5: time = 1.633550e+00 (fn F) masses = 1 iters = 599 mflops = 2.005661e+03
 OK converged final_rsq= 9.6e-11 (cf 1e-10) rel = 1 (cf 0) restarts = 2 iters= 599
CONGRAD5: time = 1.570749e+00 (fn F) masses = 1 iters = 593 mflops = 2.064958e+03
 OK converged final_rsq= 9.7e-11 (cf 1e-10) rel = 1 (cf 0) restarts = 2 iters= 593
GFTIME:   time = 3.679788e-01 (Symanzik1) mflops = 1.915986e+03
FFTIME:  time = 1.165376e+00 (asqtad3) terms = 2 mflops = 1.715948e+03
PLAQ:	1.460480	1.460850
P_LOOP:	-1.393109e-02	-5.381851e-03
G_LOOP:  0  0  4   	1.461032e+00	( 0 1 7 6  )
G_LOOP:  0  1  4   	1.461647e+00	( 0 2 7 5  )
G_LOOP:  0  2  4   	1.462561e+00	( 0 3 7 4  )
G_LOOP:  0  3  4   	1.458762e+00	( 1 2 6 5  )
G_LOOP:  0  4  4   	1.459734e+00	( 1 3 6 4  )
G_LOOP:  0  5  4   	1.460255e+00	( 2 3 5 4  )
G_LOOP:  1  0  6   	7.016628e-01	( 0 0 1 7 7 6  )
G_LOOP:  1  1  6   	7.043072e-01	( 0 0 2 7 7 5  )
G_LOOP:  1  2  6   	7.044293e-01	( 0 0 3 7 7 4  )
G_LOOP:  1  3  6   	7.011861e-01	( 1 1 0 6 6 7  )
G_LOOP:  1  4  6   	7.002868e-01	( 1 1 2 6 6 5  )
G_LOOP:  1  5  6   	7.012733e-01	( 1 1 3 6 6 4  )
G_LOOP:  1  6  6   	7.033227e-01	( 2 2 0 5 5 7  )
G_LOOP:  1  7  6   	6.993962e-01	( 2 2 1 5 5 6  )
G_LOOP:  1  8  6   	6.985097e-01	( 2 2 3 5 5 4  )
G_LOOP:  1  9  6   	7.045607e-01	( 3 3 0 4 4 7  )
G_LOOP:  1  10  6   	7.010444e-01	( 3 3 1 4 4 6  )
G_LOOP:  1  11  6   	7.019787e-01	( 3 3 2 4 4 5  )
G_LOOP:  2  0  6   	7.167336e-01	( 0 1 2 7 6 5  )
G_LOOP:  2  1  6   	7.138787e-01	( 0 1 5 7 6 2  )
G_LOOP:  2  2  6   	7.139766e-01	( 0 6 2 7 1 5  )
G_LOOP:  2  3  6   	7.167409e-01	( 0 6 5 7 1 2  )
G_LOOP:  2  4  6   	7.157046e-01	( 0 1 3 7 6 4  )
G_LOOP:  2  5  6   	7.199059e-01	( 0 1 4 7 6 3  )
G_LOOP:  2  6  6   	7.173194e-01	( 0 6 3 7 1 4  )
G_LOOP:  2  7  6   	7.154907e-01	( 0 6 4 7 1 3  )
G_LOOP:  2  8  6   	7.159614e-01	( 0 2 3 7 5 4  )
G_LOOP:  2  9  6   	7.173291e-01	( 0 2 4 7 5 3  )
G_LOOP:  2  10  6   	7.172487e-01	( 0 5 3 7 2 4  )
G_LOOP:  2  11  6   	7.193678e-01	( 0 5 4 7 2 3  )
G_LOOP:  2  12  6   	7.146863e-01	( 1 2 3 6 5 4  )
G_LOOP:  2  13  6   	7.156424e-01	( 1 2 4 6 5 3  )
G_LOOP:  2  14  6   	7.157491e-01	( 1 5 3 6 2 4  )
G_LOOP:  2  15  6   	7.155376e-01	( 1 5 4 6 2 3  )
GACTION: 6.718485e+00
CONGRAD5: time = 1.562947e+00 (fn F) masses = 1 iters = 595 mflops = 2.082264e+03
 OK converged final_rsq= 5e-11 (cf 1e-10) rel = 1 (cf 0) restarts = 3 iters= 595
CONGRAD5: time = 2.091780e-01 (fn F) masses = 1 iters = 78 mflops = 2.039585e+03
 OK converged final_rsq= 5e-11 (cf 1e-10) rel = 1 (cf 0) restarts = 2 iters= 78
PBP: mass 1.000000e-02     4.424293e-02  4.080078e-02  4.691051e-03  4.690271e-03 ( 1 of 1 )
FACTION: mass = 1.000000e-02,  1.501556e+00 ( 1 of 1 )
CONGRAD5: time = 1.627440e+00 (fn F) masses = 1 iters = 594 mflops = 1.996387e+03
 OK converged final_rsq= 9.5e-11 (cf 1e-10) rel = 1 (cf 0) restarts = 2 iters= 594
CONGRAD5: time = 2.116730e-01 (fn F) masses = 1 iters = 76 mflops = 1.963863e+03
 OK converged final_rsq= 5e-11 (cf 1e-10) rel = 1 (cf 0) restarts = 2 iters= 76
PBP: mass 1.000000e-02     4.195070e-02  4.239084e-02  -7.435116e-04  -7.432470e-04 ( 1 of 1 )
FACTION: mass = 1.000000e-02,  1.499478e+00 ( 1 of 1 )
RUNNING COMPLETED
average cg iters for step= 1.127000e+03
Time = 3.404249e+02 seconds
total_iters = 140952
Checksums 8a58c364 c13abdfa
Saved gauge configuration in parallel to binary file lat_p64_size128_2
Time stamp Tue May 17 23:34:56 2022
Wrote info file lat_p64_size128_2.info
Time to save = 9.272661e-01
CHECK PLAQ: 1.460480e+00 1.460850e+00
CHECK NERSC LINKTR: 1.428272e-01 CKSUM: 5a7f890e


get_i(0): EOF on input.
Elapsed total time: 390.756830
exit: Tue May 17 23:34:57 2022

