SU3 with improved KS action
Microcanonical simulation with refreshing
R algorithm
MIMD version 7.8.1
Machine = MPI (portable), with 64 nodes
Host(0) = nid00240
Username = mcopik
Options selected...
Generic single precision
C_GLOBAL_INLINE
DBLSTORE_FN
D_FN_GATHER13
FEWSUMS
KS_MULTIFF=FNMAT
VECLENGTH=4
type 0 for no prompts, 1 for prompts, or 2 for proofreading
nflavors1 2
nflavors2 1
nx 32
ny 16
nz 16
nt 36
iseed 5682304
LAYOUT = Hypercubes, options = hyper_prime,
automatic hyper_prime layout
ON EACH NODE 8 x 8 x 8 x 9
Mallocing 4.5 MBytes per node for lattice
WARNING!!: Resetting random seed
Made lattice
Made nn gathers
Made 3nn gathers
Finished setup


warms 0
trajecs 4
traj_between_meas 1
beta 5.6
mass1 0.125
mass2 0.125
u0 0.8441
microcanonical_time_step 0.2
steps_per_trajectory 5
max_cg_iterations 100
max_cg_restarts 5
error_per_site 0.125
error_for_propagator 0.125
npbp_reps 1
prec_pbp 1
fresh 
save_parallel lat_p64_size128_1
unit gauge configuration loaded
CHECK PLAQ: 3.000000e+00 3.000000e+00
CHECK NERSC LINKTR: 1.000000e+00 CKSUM: 0
Unitarity checked.  Max deviation 0.00e+00
Time to check unitarity = 1.292944e-03
"O(a^2): couplings(pi)=0, Naik term, No O(a^2) errors, tadpole weights"
path coefficients: npath  path_coeff  multiplicity
                    0      6.250000e-01     8
                    1      -5.847914e-02     8
                    2      -8.771871e-02     48
                    3      3.077829e-02     192
                    4      -7.199551e-03     384
                    5      -1.231132e-01     48
Symanzik 1x1 + 1x2 + 1x1x1 action
gauge_action: total_dyn_flavors = 3
loop coefficients: nloop rep loop_coeff  multiplicity
                    0 0      1.000000e+00     6
                    1 0      -7.762509e-02     12
                    2 0      -1.031171e-02     16
WARMUPS COMPLETED
CONGRAD5: time = 1.788688e-02 (fn F) masses = 1 iters = 4 mflops = 1.223175e+03
 OK converged final_rsq= 0.006 (cf 0.016) rel = 1 (cf 0) restarts = 1 iters= 4
CONGRAD5: time = 1.655579e-02 (fn F) masses = 1 iters = 4 mflops = 1.321519e+03
 OK converged final_rsq= 0.0059 (cf 0.016) rel = 1 (cf 0) restarts = 1 iters= 4
GFTIME:   time = 2.820840e-01 (Symanzik1) mflops = 2.499406e+03
FFTIME:  time = 1.088066e+00 (asqtad3) terms = 2 mflops = 1.837871e+03
CONGRAD5: time = 1.534295e-02 (fn F) masses = 1 iters = 4 mflops = 1.425983e+03
 OK converged final_rsq= 0.01 (cf 0.016) rel = 1 (cf 0) restarts = 1 iters= 4
CONGRAD5: time = 1.499915e-02 (fn F) masses = 1 iters = 4 mflops = 1.458668e+03
 OK converged final_rsq= 0.0096 (cf 0.016) rel = 1 (cf 0) restarts = 1 iters= 4
GFTIME:   time = 2.791939e-01 (Symanzik1) mflops = 2.525279e+03
FFTIME:  time = 1.181000e+00 (asqtad3) terms = 2 mflops = 1.693247e+03
CONGRAD5: time = 1.760912e-02 (fn F) masses = 1 iters = 4 mflops = 1.242469e+03
 OK converged final_rsq= 0.014 (cf 0.016) rel = 1 (cf 0) restarts = 1 iters= 4
CONGRAD5: time = 1.637697e-02 (fn F) masses = 1 iters = 4 mflops = 1.335948e+03
 OK converged final_rsq= 0.014 (cf 0.016) rel = 1 (cf 0) restarts = 1 iters= 4
GFTIME:   time = 3.200140e-01 (Symanzik1) mflops = 2.203161e+03
FFTIME:  time = 1.235595e+00 (asqtad3) terms = 2 mflops = 1.618430e+03
CONGRAD5: time = 1.814008e-02 (fn F) masses = 1 iters = 4 mflops = 1.206102e+03
 OK converged final_rsq= 0.013 (cf 0.016) rel = 1 (cf 0) restarts = 1 iters= 4
CONGRAD5: time = 1.637983e-02 (fn F) masses = 1 iters = 4 mflops = 1.335715e+03
 OK converged final_rsq= 0.013 (cf 0.016) rel = 1 (cf 0) restarts = 1 iters= 4
GFTIME:   time = 3.195310e-01 (Symanzik1) mflops = 2.206492e+03
FFTIME:  time = 1.233937e+00 (asqtad3) terms = 2 mflops = 1.620605e+03
CONGRAD5: time = 1.693821e-02 (fn F) masses = 1 iters = 4 mflops = 1.291682e+03
 OK converged final_rsq= 0.011 (cf 0.016) rel = 1 (cf 0) restarts = 1 iters= 4
CONGRAD5: time = 1.630688e-02 (fn F) masses = 1 iters = 4 mflops = 1.341691e+03
 OK converged final_rsq= 0.011 (cf 0.016) rel = 1 (cf 0) restarts = 1 iters= 4
GFTIME:   time = 3.209901e-01 (Symanzik1) mflops = 2.196462e+03
FFTIME:  time = 1.235012e+00 (asqtad3) terms = 2 mflops = 1.619195e+03
PLAQ:	2.348549	2.348112
P_LOOP:	-5.505189e-03	-1.058115e-02
G_LOOP:  0  0  4   	2.347989e+00	( 0 1 7 6  )
G_LOOP:  0  1  4   	2.348235e+00	( 0 2 7 5  )
G_LOOP:  0  2  4   	2.348118e+00	( 0 3 7 4  )
G_LOOP:  0  3  4   	2.349423e+00	( 1 2 6 5  )
G_LOOP:  0  4  4   	2.347520e+00	( 1 3 6 4  )
G_LOOP:  0  5  4   	2.348698e+00	( 2 3 5 4  )
G_LOOP:  1  0  6   	1.774326e+00	( 0 0 1 7 7 6  )
G_LOOP:  1  1  6   	1.772816e+00	( 0 0 2 7 7 5  )
G_LOOP:  1  2  6   	1.773575e+00	( 0 0 3 7 7 4  )
G_LOOP:  1  3  6   	1.774198e+00	( 1 1 0 6 6 7  )
G_LOOP:  1  4  6   	1.776674e+00	( 1 1 2 6 6 5  )
G_LOOP:  1  5  6   	1.772050e+00	( 1 1 3 6 6 4  )
G_LOOP:  1  6  6   	1.774592e+00	( 2 2 0 5 5 7  )
G_LOOP:  1  7  6   	1.775420e+00	( 2 2 1 5 5 6  )
G_LOOP:  1  8  6   	1.775323e+00	( 2 2 3 5 5 4  )
G_LOOP:  1  9  6   	1.774200e+00	( 3 3 0 4 4 7  )
G_LOOP:  1  10  6   	1.772793e+00	( 3 3 1 4 4 6  )
G_LOOP:  1  11  6   	1.773687e+00	( 3 3 2 4 4 5  )
G_LOOP:  2  0  6   	1.822344e+00	( 0 1 2 7 6 5  )
G_LOOP:  2  1  6   	1.820458e+00	( 0 1 5 7 6 2  )
G_LOOP:  2  2  6   	1.823198e+00	( 0 6 2 7 1 5  )
G_LOOP:  2  3  6   	1.820116e+00	( 0 6 5 7 1 2  )
G_LOOP:  2  4  6   	1.819553e+00	( 0 1 3 7 6 4  )
G_LOOP:  2  5  6   	1.820312e+00	( 0 1 4 7 6 3  )
G_LOOP:  2  6  6   	1.819036e+00	( 0 6 3 7 1 4  )
G_LOOP:  2  7  6   	1.821536e+00	( 0 6 4 7 1 3  )
G_LOOP:  2  8  6   	1.820542e+00	( 0 2 3 7 5 4  )
G_LOOP:  2  9  6   	1.820675e+00	( 0 2 4 7 5 3  )
G_LOOP:  2  10  6   	1.821020e+00	( 0 5 3 7 2 4  )
G_LOOP:  2  11  6   	1.823999e+00	( 0 5 4 7 2 3  )
G_LOOP:  2  12  6   	1.824607e+00	( 1 2 3 6 5 4  )
G_LOOP:  2  13  6   	1.820756e+00	( 1 2 4 6 5 3  )
G_LOOP:  2  14  6   	1.820113e+00	( 1 5 3 6 2 4  )
G_LOOP:  2  15  6   	1.821532e+00	( 1 5 4 6 2 3  )
GACTION: 2.573644e+00
CONGRAD5: time = 1.672602e-02 (fn F) masses = 1 iters = 4 mflops = 1.308069e+03
 OK converged final_rsq= 0.01 (cf 0.016) rel = 1 (cf 0) restarts = 1 iters= 4
CONGRAD5: time = 2.156401e-02 (fn F) masses = 1 iters = 6 mflops = 1.521896e+03
 OK converged final_rsq= 0.009 (cf 0.016) rel = 1 (cf 0) restarts = 1 iters= 6
PBP: mass 1.250000e-01     7.073068e-02  9.266890e-02  1.470707e-03  9.722415e-04 ( 1 of 1 )
FACTION: mass = 1.250000e-01,  1.465978e+00 ( 1 of 1 )
CONGRAD5: time = 1.625800e-02 (fn F) masses = 1 iters = 4 mflops = 1.345724e+03
 OK converged final_rsq= 0.01 (cf 0.016) rel = 1 (cf 0) restarts = 1 iters= 4
CONGRAD5: time = 2.166700e-02 (fn F) masses = 1 iters = 6 mflops = 1.514661e+03
 OK converged final_rsq= 0.009 (cf 0.016) rel = 1 (cf 0) restarts = 1 iters= 6
PBP: mass 1.250000e-01     7.045814e-02  9.288676e-02  -1.473327e-03  -1.651425e-03 ( 1 of 1 )
FACTION: mass = 1.250000e-01,  1.467517e+00 ( 1 of 1 )
CONGRAD5: time = 1.691413e-02 (fn F) masses = 1 iters = 4 mflops = 1.293521e+03
 OK converged final_rsq= 0.011 (cf 0.016) rel = 1 (cf 0) restarts = 1 iters= 4
CONGRAD5: time = 1.637697e-02 (fn F) masses = 1 iters = 4 mflops = 1.335948e+03
 OK converged final_rsq= 0.011 (cf 0.016) rel = 1 (cf 0) restarts = 1 iters= 4
GFTIME:   time = 3.256350e-01 (Symanzik1) mflops = 2.165131e+03
FFTIME:  time = 1.230178e+00 (asqtad3) terms = 2 mflops = 1.625557e+03
CONGRAD5: time = 1.839185e-02 (fn F) masses = 1 iters = 5 mflops = 1.486989e+03
 OK converged final_rsq= 0.007 (cf 0.016) rel = 1 (cf 0) restarts = 1 iters= 5
CONGRAD5: time = 1.554585e-02 (fn F) masses = 1 iters = 4 mflops = 1.407372e+03
 OK converged final_rsq= 0.015 (cf 0.016) rel = 1 (cf 0) restarts = 1 iters= 4
GFTIME:   time = 3.275590e-01 (Symanzik1) mflops = 2.152414e+03
FFTIME:  time = 1.129389e+00 (asqtad3) terms = 2 mflops = 1.770625e+03
CONGRAD5: time = 1.941800e-02 (fn F) masses = 1 iters = 5 mflops = 1.408409e+03
 OK converged final_rsq= 0.0089 (cf 0.016) rel = 1 (cf 0) restarts = 1 iters= 5
CONGRAD5: time = 1.834583e-02 (fn F) masses = 1 iters = 5 mflops = 1.490719e+03
 OK converged final_rsq= 0.0085 (cf 0.016) rel = 1 (cf 0) restarts = 1 iters= 5
GFTIME:   time = 2.958629e-01 (Symanzik1) mflops = 2.383004e+03
FFTIME:  time = 1.121262e+00 (asqtad3) terms = 2 mflops = 1.783459e+03
CONGRAD5: time = 2.030683e-02 (fn F) masses = 1 iters = 5 mflops = 1.346763e+03
 OK converged final_rsq= 0.0085 (cf 0.016) rel = 1 (cf 0) restarts = 1 iters= 5
CONGRAD5: time = 1.830220e-02 (fn F) masses = 1 iters = 5 mflops = 1.494273e+03
 OK converged final_rsq= 0.0082 (cf 0.016) rel = 1 (cf 0) restarts = 1 iters= 5
GFTIME:   time = 2.900691e-01 (Symanzik1) mflops = 2.430602e+03
FFTIME:  time = 1.214795e+00 (asqtad3) terms = 2 mflops = 1.646142e+03
CONGRAD5: time = 1.984787e-02 (fn F) masses = 1 iters = 5 mflops = 1.377905e+03
 OK converged final_rsq= 0.0074 (cf 0.016) rel = 1 (cf 0) restarts = 1 iters= 5
CONGRAD5: time = 1.631308e-02 (fn F) masses = 1 iters = 4 mflops = 1.341181e+03
 OK converged final_rsq= 0.015 (cf 0.016) rel = 1 (cf 0) restarts = 1 iters= 4
GFTIME:   time = 3.297091e-01 (Symanzik1) mflops = 2.138378e+03
FFTIME:  time = 1.225743e+00 (asqtad3) terms = 2 mflops = 1.631439e+03
PLAQ:	2.012849	2.013197
P_LOOP:	-3.667003e-03	-9.426866e-03
G_LOOP:  0  0  4   	2.012259e+00	( 0 1 7 6  )
G_LOOP:  0  1  4   	2.012615e+00	( 0 2 7 5  )
G_LOOP:  0  2  4   	2.014159e+00	( 0 3 7 4  )
G_LOOP:  0  3  4   	2.013673e+00	( 1 2 6 5  )
G_LOOP:  0  4  4   	2.011824e+00	( 1 3 6 4  )
G_LOOP:  0  5  4   	2.013608e+00	( 2 3 5 4  )
G_LOOP:  1  0  6   	1.299554e+00	( 0 0 1 7 7 6  )
G_LOOP:  1  1  6   	1.298284e+00	( 0 0 2 7 7 5  )
G_LOOP:  1  2  6   	1.304072e+00	( 0 0 3 7 7 4  )
G_LOOP:  1  3  6   	1.298349e+00	( 1 1 0 6 6 7  )
G_LOOP:  1  4  6   	1.301249e+00	( 1 1 2 6 6 5  )
G_LOOP:  1  5  6   	1.299440e+00	( 1 1 3 6 6 4  )
G_LOOP:  1  6  6   	1.300374e+00	( 2 2 0 5 5 7  )
G_LOOP:  1  7  6   	1.302705e+00	( 2 2 1 5 5 6  )
G_LOOP:  1  8  6   	1.301099e+00	( 2 2 3 5 5 4  )
G_LOOP:  1  9  6   	1.301697e+00	( 3 3 0 4 4 7  )
G_LOOP:  1  10  6   	1.300518e+00	( 3 3 1 4 4 6  )
G_LOOP:  1  11  6   	1.301792e+00	( 3 3 2 4 4 5  )
G_LOOP:  2  0  6   	1.344038e+00	( 0 1 2 7 6 5  )
G_LOOP:  2  1  6   	1.345105e+00	( 0 1 5 7 6 2  )
G_LOOP:  2  2  6   	1.344911e+00	( 0 6 2 7 1 5  )
G_LOOP:  2  3  6   	1.342131e+00	( 0 6 5 7 1 2  )
G_LOOP:  2  4  6   	1.344896e+00	( 0 1 3 7 6 4  )
G_LOOP:  2  5  6   	1.341714e+00	( 0 1 4 7 6 3  )
G_LOOP:  2  6  6   	1.342753e+00	( 0 6 3 7 1 4  )
G_LOOP:  2  7  6   	1.342647e+00	( 0 6 4 7 1 3  )
G_LOOP:  2  8  6   	1.345047e+00	( 0 2 3 7 5 4  )
G_LOOP:  2  9  6   	1.343819e+00	( 0 2 4 7 5 3  )
G_LOOP:  2  10  6   	1.344301e+00	( 0 5 3 7 2 4  )
G_LOOP:  2  11  6   	1.345084e+00	( 0 5 4 7 2 3  )
G_LOOP:  2  12  6   	1.344254e+00	( 1 2 3 6 5 4  )
G_LOOP:  2  13  6   	1.341313e+00	( 1 2 4 6 5 3  )
G_LOOP:  2  14  6   	1.342920e+00	( 1 5 3 6 2 4  )
G_LOOP:  2  15  6   	1.344460e+00	( 1 5 4 6 2 3  )
GACTION: 4.065753e+00
CONGRAD5: time = 1.923800e-02 (fn F) masses = 1 iters = 4 mflops = 1.137269e+03
 OK converged final_rsq= 0.014 (cf 0.016) rel = 1 (cf 0) restarts = 1 iters= 4
CONGRAD5: time = 2.360082e-02 (fn F) masses = 1 iters = 6 mflops = 1.390553e+03
 OK converged final_rsq= 0.014 (cf 0.016) rel = 1 (cf 0) restarts = 1 iters= 6
PBP: mass 1.250000e-01     8.448160e-02  1.679319e-01  3.262083e-05  -1.035879e-04 ( 1 of 1 )
FACTION: mass = 1.250000e-01,  1.446994e+00 ( 1 of 1 )
CONGRAD5: time = 1.838994e-02 (fn F) masses = 1 iters = 4 mflops = 1.189715e+03
 OK converged final_rsq= 0.014 (cf 0.016) rel = 1 (cf 0) restarts = 1 iters= 4
CONGRAD5: time = 2.384782e-02 (fn F) masses = 1 iters = 6 mflops = 1.376150e+03
 OK converged final_rsq= 0.013 (cf 0.016) rel = 1 (cf 0) restarts = 1 iters= 6
PBP: mass 1.250000e-01     8.642004e-02  1.645656e-01  2.280849e-04  -1.187979e-04 ( 1 of 1 )
FACTION: mass = 1.250000e-01,  1.445789e+00 ( 1 of 1 )
CONGRAD5: time = 2.108002e-02 (fn F) masses = 1 iters = 5 mflops = 1.297365e+03
 OK converged final_rsq= 0.0075 (cf 0.016) rel = 1 (cf 0) restarts = 1 iters= 5
CONGRAD5: time = 1.737404e-02 (fn F) masses = 1 iters = 4 mflops = 1.259280e+03
 OK converged final_rsq= 0.015 (cf 0.016) rel = 1 (cf 0) restarts = 1 iters= 4
GFTIME:   time = 3.280659e-01 (Symanzik1) mflops = 2.149088e+03
FFTIME:  time = 1.220919e+00 (asqtad3) terms = 2 mflops = 1.637885e+03
CONGRAD5: time = 1.960993e-02 (fn F) masses = 1 iters = 5 mflops = 1.394624e+03
 OK converged final_rsq= 0.0093 (cf 0.016) rel = 1 (cf 0) restarts = 1 iters= 5
CONGRAD5: time = 1.937103e-02 (fn F) masses = 1 iters = 5 mflops = 1.411824e+03
 OK converged final_rsq= 0.0088 (cf 0.016) rel = 1 (cf 0) restarts = 1 iters= 5
GFTIME:   time = 3.280790e-01 (Symanzik1) mflops = 2.149002e+03
FFTIME:  time = 1.222775e+00 (asqtad3) terms = 2 mflops = 1.635399e+03
CONGRAD5: time = 1.920199e-02 (fn F) masses = 1 iters = 5 mflops = 1.424252e+03
 OK converged final_rsq= 0.011 (cf 0.016) rel = 1 (cf 0) restarts = 1 iters= 5
CONGRAD5: time = 1.896715e-02 (fn F) masses = 1 iters = 5 mflops = 1.441887e+03
 OK converged final_rsq= 0.01 (cf 0.016) rel = 1 (cf 0) restarts = 1 iters= 5
GFTIME:   time = 3.277178e-01 (Symanzik1) mflops = 2.151371e+03
FFTIME:  time = 1.163208e+00 (asqtad3) terms = 2 mflops = 1.719146e+03
CONGRAD5: time = 2.429414e-02 (fn F) masses = 1 iters = 5 mflops = 1.125723e+03
 OK converged final_rsq= 0.011 (cf 0.016) rel = 1 (cf 0) restarts = 1 iters= 5
CONGRAD5: time = 2.090192e-02 (fn F) masses = 1 iters = 5 mflops = 1.308420e+03
 OK converged final_rsq= 0.01 (cf 0.016) rel = 1 (cf 0) restarts = 1 iters= 5
GFTIME:   time = 3.085520e-01 (Symanzik1) mflops = 2.285003e+03
FFTIME:  time = 1.089252e+00 (asqtad3) terms = 2 mflops = 1.835870e+03
CONGRAD5: time = 2.008200e-02 (fn F) masses = 1 iters = 5 mflops = 1.361841e+03
 OK converged final_rsq= 0.01 (cf 0.016) rel = 1 (cf 0) restarts = 1 iters= 5
CONGRAD5: time = 1.801109e-02 (fn F) masses = 1 iters = 5 mflops = 1.518424e+03
 OK converged final_rsq= 0.0095 (cf 0.016) rel = 1 (cf 0) restarts = 1 iters= 5
GFTIME:   time = 3.073690e-01 (Symanzik1) mflops = 2.293798e+03
FFTIME:  time = 1.118403e+00 (asqtad3) terms = 2 mflops = 1.788018e+03
PLAQ:	1.791940	1.793961
P_LOOP:	8.929842e-04	-5.981059e-03
G_LOOP:  0  0  4   	1.792903e+00	( 0 1 7 6  )
G_LOOP:  0  1  4   	1.790591e+00	( 0 2 7 5  )
G_LOOP:  0  2  4   	1.793971e+00	( 0 3 7 4  )
G_LOOP:  0  3  4   	1.792325e+00	( 1 2 6 5  )
G_LOOP:  0  4  4   	1.794332e+00	( 1 3 6 4  )
G_LOOP:  0  5  4   	1.793581e+00	( 2 3 5 4  )
G_LOOP:  1  0  6   	1.025457e+00	( 0 0 1 7 7 6  )
G_LOOP:  1  1  6   	1.020737e+00	( 0 0 2 7 7 5  )
G_LOOP:  1  2  6   	1.025311e+00	( 0 0 3 7 7 4  )
G_LOOP:  1  3  6   	1.026367e+00	( 1 1 0 6 6 7  )
G_LOOP:  1  4  6   	1.024081e+00	( 1 1 2 6 6 5  )
G_LOOP:  1  5  6   	1.028261e+00	( 1 1 3 6 6 4  )
G_LOOP:  1  6  6   	1.022789e+00	( 2 2 0 5 5 7  )
G_LOOP:  1  7  6   	1.025513e+00	( 2 2 1 5 5 6  )
G_LOOP:  1  8  6   	1.026950e+00	( 2 2 3 5 5 4  )
G_LOOP:  1  9  6   	1.026497e+00	( 3 3 0 4 4 7  )
G_LOOP:  1  10  6   	1.027153e+00	( 3 3 1 4 4 6  )
G_LOOP:  1  11  6   	1.026520e+00	( 3 3 2 4 4 5  )
G_LOOP:  2  0  6   	1.057280e+00	( 0 1 2 7 6 5  )
G_LOOP:  2  1  6   	1.059558e+00	( 0 1 5 7 6 2  )
G_LOOP:  2  2  6   	1.058203e+00	( 0 6 2 7 1 5  )
G_LOOP:  2  3  6   	1.057099e+00	( 0 6 5 7 1 2  )
G_LOOP:  2  4  6   	1.059414e+00	( 0 1 3 7 6 4  )
G_LOOP:  2  5  6   	1.060069e+00	( 0 1 4 7 6 3  )
G_LOOP:  2  6  6   	1.061077e+00	( 0 6 3 7 1 4  )
G_LOOP:  2  7  6   	1.062719e+00	( 0 6 4 7 1 3  )
G_LOOP:  2  8  6   	1.058156e+00	( 0 2 3 7 5 4  )
G_LOOP:  2  9  6   	1.059245e+00	( 0 2 4 7 5 3  )
G_LOOP:  2  10  6   	1.059447e+00	( 0 5 3 7 2 4  )
G_LOOP:  2  11  6   	1.058875e+00	( 0 5 4 7 2 3  )
G_LOOP:  2  12  6   	1.060234e+00	( 1 2 3 6 5 4  )
G_LOOP:  2  13  6   	1.058745e+00	( 1 2 4 6 5 3  )
G_LOOP:  2  14  6   	1.061517e+00	( 1 5 3 6 2 4  )
G_LOOP:  2  15  6   	1.061018e+00	( 1 5 4 6 2 3  )
GACTION: 5.082868e+00
CONGRAD5: time = 1.973391e-02 (fn F) masses = 1 iters = 5 mflops = 1.385862e+03
 OK converged final_rsq= 0.0085 (cf 0.016) rel = 1 (cf 0) restarts = 1 iters= 5
CONGRAD5: time = 2.013803e-02 (fn F) masses = 1 iters = 6 mflops = 1.629662e+03
 OK converged final_rsq= 0.015 (cf 0.016) rel = 1 (cf 0) restarts = 1 iters= 6
PBP: mass 1.250000e-01     1.096581e-01  2.988181e-01  -6.904170e-04  -8.679691e-04 ( 1 of 1 )
FACTION: mass = 1.250000e-01,  1.452312e+00 ( 1 of 1 )
CONGRAD5: time = 1.994300e-02 (fn F) masses = 1 iters = 5 mflops = 1.371332e+03
 OK converged final_rsq= 0.0085 (cf 0.016) rel = 1 (cf 0) restarts = 1 iters= 5
CONGRAD5: time = 2.010202e-02 (fn F) masses = 1 iters = 6 mflops = 1.632581e+03
 OK converged final_rsq= 0.015 (cf 0.016) rel = 1 (cf 0) restarts = 1 iters= 6
PBP: mass 1.250000e-01     1.089939e-01  3.035291e-01  1.626398e-03  1.899905e-03 ( 1 of 1 )
FACTION: mass = 1.250000e-01,  1.453099e+00 ( 1 of 1 )
CONGRAD5: time = 2.000594e-02 (fn F) masses = 1 iters = 5 mflops = 1.367018e+03
 OK converged final_rsq= 0.01 (cf 0.016) rel = 1 (cf 0) restarts = 1 iters= 5
CONGRAD5: time = 1.901007e-02 (fn F) masses = 1 iters = 5 mflops = 1.438631e+03
 OK converged final_rsq= 0.0096 (cf 0.016) rel = 1 (cf 0) restarts = 1 iters= 5
GFTIME:   time = 3.332760e-01 (Symanzik1) mflops = 2.115491e+03
FFTIME:  time = 1.226316e+00 (asqtad3) terms = 2 mflops = 1.630676e+03
CONGRAD5: time = 1.951194e-02 (fn F) masses = 1 iters = 5 mflops = 1.401628e+03
 OK converged final_rsq= 0.011 (cf 0.016) rel = 1 (cf 0) restarts = 1 iters= 5
CONGRAD5: time = 1.906800e-02 (fn F) masses = 1 iters = 5 mflops = 1.434260e+03
 OK converged final_rsq= 0.011 (cf 0.016) rel = 1 (cf 0) restarts = 1 iters= 5
GFTIME:   time = 3.336689e-01 (Symanzik1) mflops = 2.113000e+03
FFTIME:  time = 1.225050e+00 (asqtad3) terms = 2 mflops = 1.632362e+03
CONGRAD5: time = 1.970506e-02 (fn F) masses = 1 iters = 5 mflops = 1.387891e+03
 OK converged final_rsq= 0.012 (cf 0.016) rel = 1 (cf 0) restarts = 1 iters= 5
CONGRAD5: time = 1.895809e-02 (fn F) masses = 1 iters = 5 mflops = 1.442576e+03
 OK converged final_rsq= 0.012 (cf 0.016) rel = 1 (cf 0) restarts = 1 iters= 5
GFTIME:   time = 3.343611e-01 (Symanzik1) mflops = 2.108626e+03
FFTIME:  time = 1.226484e+00 (asqtad3) terms = 2 mflops = 1.630453e+03
CONGRAD5: time = 2.037501e-02 (fn F) masses = 1 iters = 5 mflops = 1.342256e+03
 OK converged final_rsq= 0.012 (cf 0.016) rel = 1 (cf 0) restarts = 1 iters= 5
CONGRAD5: time = 1.901412e-02 (fn F) masses = 1 iters = 5 mflops = 1.438325e+03
 OK converged final_rsq= 0.012 (cf 0.016) rel = 1 (cf 0) restarts = 1 iters= 5
GFTIME:   time = 3.319988e-01 (Symanzik1) mflops = 2.123629e+03
FFTIME:  time = 1.223961e+00 (asqtad3) terms = 2 mflops = 1.633814e+03
CONGRAD5: time = 2.003288e-02 (fn F) masses = 1 iters = 5 mflops = 1.365179e+03
 OK converged final_rsq= 0.012 (cf 0.016) rel = 1 (cf 0) restarts = 1 iters= 5
CONGRAD5: time = 1.989198e-02 (fn F) masses = 1 iters = 5 mflops = 1.374850e+03
 OK converged final_rsq= 0.012 (cf 0.016) rel = 1 (cf 0) restarts = 1 iters= 5
GFTIME:   time = 3.347909e-01 (Symanzik1) mflops = 2.105918e+03
FFTIME:  time = 1.143736e+00 (asqtad3) terms = 2 mflops = 1.748414e+03
PLAQ:	1.646195	1.645889
P_LOOP:	-2.224417e-05	4.159464e-03
G_LOOP:  0  0  4   	1.646369e+00	( 0 1 7 6  )
G_LOOP:  0  1  4   	1.645388e+00	( 0 2 7 5  )
G_LOOP:  0  2  4   	1.645889e+00	( 0 3 7 4  )
G_LOOP:  0  3  4   	1.646829e+00	( 1 2 6 5  )
G_LOOP:  0  4  4   	1.647299e+00	( 1 3 6 4  )
G_LOOP:  0  5  4   	1.644479e+00	( 2 3 5 4  )
G_LOOP:  1  0  6   	8.565360e-01	( 0 0 1 7 7 6  )
G_LOOP:  1  1  6   	8.558377e-01	( 0 0 2 7 7 5  )
G_LOOP:  1  2  6   	8.565155e-01	( 0 0 3 7 7 4  )
G_LOOP:  1  3  6   	8.575574e-01	( 1 1 0 6 6 7  )
G_LOOP:  1  4  6   	8.578027e-01	( 1 1 2 6 6 5  )
G_LOOP:  1  5  6   	8.569771e-01	( 1 1 3 6 6 4  )
G_LOOP:  1  6  6   	8.553229e-01	( 2 2 0 5 5 7  )
G_LOOP:  1  7  6   	8.573364e-01	( 2 2 1 5 5 6  )
G_LOOP:  1  8  6   	8.536110e-01	( 2 2 3 5 5 4  )
G_LOOP:  1  9  6   	8.579637e-01	( 3 3 0 4 4 7  )
G_LOOP:  1  10  6   	8.576508e-01	( 3 3 1 4 4 6  )
G_LOOP:  1  11  6   	8.553949e-01	( 3 3 2 4 4 5  )
G_LOOP:  2  0  6   	8.801668e-01	( 0 1 2 7 6 5  )
G_LOOP:  2  1  6   	8.775872e-01	( 0 1 5 7 6 2  )
G_LOOP:  2  2  6   	8.787832e-01	( 0 6 2 7 1 5  )
G_LOOP:  2  3  6   	8.803032e-01	( 0 6 5 7 1 2  )
G_LOOP:  2  4  6   	8.803205e-01	( 0 1 3 7 6 4  )
G_LOOP:  2  5  6   	8.795468e-01	( 0 1 4 7 6 3  )
G_LOOP:  2  6  6   	8.803243e-01	( 0 6 3 7 1 4  )
G_LOOP:  2  7  6   	8.807733e-01	( 0 6 4 7 1 3  )
G_LOOP:  2  8  6   	8.793316e-01	( 0 2 3 7 5 4  )
G_LOOP:  2  9  6   	8.765335e-01	( 0 2 4 7 5 3  )
G_LOOP:  2  10  6   	8.780644e-01	( 0 5 3 7 2 4  )
G_LOOP:  2  11  6   	8.788279e-01	( 0 5 4 7 2 3  )
G_LOOP:  2  12  6   	8.762360e-01	( 1 2 3 6 5 4  )
G_LOOP:  2  13  6   	8.810432e-01	( 1 2 4 6 5 3  )
G_LOOP:  2  14  6   	8.804645e-01	( 1 5 3 6 2 4  )
G_LOOP:  2  15  6   	8.784264e-01	( 1 5 4 6 2 3  )
GACTION: 5.777204e+00
CONGRAD5: time = 2.299809e-02 (fn F) masses = 1 iters = 5 mflops = 1.189163e+03
 OK converged final_rsq= 0.01 (cf 0.016) rel = 1 (cf 0) restarts = 1 iters= 5
CONGRAD5: time = 2.697301e-02 (fn F) masses = 1 iters = 7 mflops = 1.419488e+03
 OK converged final_rsq= 0.0081 (cf 0.016) rel = 1 (cf 0) restarts = 1 iters= 7
PBP: mass 1.250000e-01     1.231636e-01  3.251120e-01  -1.022145e-03  -1.472293e-03 ( 1 of 1 )
FACTION: mass = 1.250000e-01,  1.436432e+00 ( 1 of 1 )
CONGRAD5: time = 1.948500e-02 (fn F) masses = 1 iters = 5 mflops = 1.403566e+03
 OK converged final_rsq= 0.01 (cf 0.016) rel = 1 (cf 0) restarts = 1 iters= 5
CONGRAD5: time = 2.463913e-02 (fn F) masses = 1 iters = 7 mflops = 1.553946e+03
 OK converged final_rsq= 0.0081 (cf 0.016) rel = 1 (cf 0) restarts = 1 iters= 7
PBP: mass 1.250000e-01     1.234610e-01  3.201259e-01  1.595476e-03  1.165833e-03 ( 1 of 1 )
FACTION: mass = 1.250000e-01,  1.438766e+00 ( 1 of 1 )
RUNNING COMPLETED
average cg iters for step= 1.100000e+01
Time = 4.651278e+01 seconds
total_iters = 552
Checksums 63b4bed6 bb8ade7d
Saved gauge configuration in parallel to binary file lat_p64_size128_1
Time stamp Sat Aug 13 00:15:12 2022
Wrote info file lat_p64_size128_1.info
Time to save = 8.515439e-01
CHECK PLAQ: 1.646195e+00 1.645889e+00
CHECK NERSC LINKTR: 1.708960e-01 CKSUM: eb4c963c


warms 0
trajecs 4
traj_between_meas 1
beta 5.6
mass1 0.01
mass2 0.01
u0 0.8441
microcanonical_time_step 0.02
steps_per_trajectory 15
max_cg_iterations 300
max_cg_restarts 5
error_per_site 1e-05
error_for_propagator 1e-05
npbp_reps 1
prec_pbp 1
reload_parallel lat_p64_size128_1
save_parallel lat_p64_size128_2
Restored binary gauge configuration in parallel from file lat_p64_size128_1
Time stamp Sat Aug 13 00:15:12 2022
Checksums 63b4bed6 bb8ade7d OK
Time to reload gauge configuration = 2.591429e-01
CHECK PLAQ: 1.646195e+00 1.645889e+00
CHECK NERSC LINKTR: 1.708960e-01 CKSUM: eb4c963c
Unitarity checked.  Max deviation 2.98e-07
Time to check unitarity = 2.424002e-03
"O(a^2): couplings(pi)=0, Naik term, No O(a^2) errors, tadpole weights"
path coefficients: npath  path_coeff  multiplicity
                    0      6.250000e-01     8
                    1      -5.847914e-02     8
                    2      -8.771871e-02     48
                    3      3.077829e-02     192
                    4      -7.199551e-03     384
                    5      -1.231132e-01     48
Symanzik 1x1 + 1x2 + 1x1x1 action
gauge_action: total_dyn_flavors = 3
loop coefficients: nloop rep loop_coeff  multiplicity
                    0 0      1.000000e+00     6
                    1 0      -7.762509e-02     12
                    2 0      -1.031171e-02     16
WARMUPS COMPLETED
CONGRAD5: time = 1.415974e+00 (fn F) masses = 1 iters = 547 mflops = 2.112979e+03
 OK converged final_rsq= 5e-11 (cf 1e-10) rel = 1 (cf 0) restarts = 3 iters= 547
CONGRAD5: time = 1.334564e+00 (fn F) masses = 1 iters = 499 mflops = 2.045146e+03
 OK converged final_rsq= 5e-11 (cf 1e-10) rel = 1 (cf 0) restarts = 3 iters= 499
GFTIME:   time = 3.318479e-01 (Symanzik1) mflops = 2.124595e+03
FFTIME:  time = 1.224702e+00 (asqtad3) terms = 2 mflops = 1.632825e+03
CONGRAD5: time = 1.380298e+00 (fn F) masses = 1 iters = 511 mflops = 2.024936e+03
 OK converged final_rsq= 5e-11 (cf 1e-10) rel = 1 (cf 0) restarts = 3 iters= 511
CONGRAD5: time = 1.463845e+00 (fn F) masses = 1 iters = 542 mflops = 2.025197e+03
 OK converged final_rsq= 5e-11 (cf 1e-10) rel = 1 (cf 0) restarts = 3 iters= 542
GFTIME:   time = 3.339391e-01 (Symanzik1) mflops = 2.111291e+03
FFTIME:  time = 1.224454e+00 (asqtad3) terms = 2 mflops = 1.633156e+03
CONGRAD5: time = 1.397311e+00 (fn F) masses = 1 iters = 509 mflops = 1.992452e+03
 OK converged final_rsq= 9.9e-11 (cf 1e-10) rel = 1 (cf 0) restarts = 2 iters= 509
CONGRAD5: time = 1.447664e+00 (fn F) masses = 1 iters = 556 mflops = 2.100730e+03
 OK converged final_rsq= 1e-10 (cf 1e-10) rel = 1 (cf 0) restarts = 2 iters= 556
GFTIME:   time = 2.910981e-01 (Symanzik1) mflops = 2.422010e+03
FFTIME:  time = 1.154305e+00 (asqtad3) terms = 2 mflops = 1.732406e+03
CONGRAD5: time = 1.540365e+00 (fn F) masses = 1 iters = 569 mflops = 2.020467e+03
 OK converged final_rsq= 1e-10 (cf 1e-10) rel = 1 (cf 0) restarts = 2 iters= 569
CONGRAD5: time = 1.460022e+00 (fn F) masses = 1 iters = 567 mflops = 2.124158e+03
 OK converged final_rsq= 5e-11 (cf 1e-10) rel = 1 (cf 0) restarts = 3 iters= 567
GFTIME:   time = 3.242550e-01 (Symanzik1) mflops = 2.174346e+03
FFTIME:  time = 1.272642e+00 (asqtad3) terms = 2 mflops = 1.571318e+03
CONGRAD5: time = 1.501418e+00 (fn F) masses = 1 iters = 548 mflops = 1.996375e+03
 OK converged final_rsq= 5e-11 (cf 1e-10) rel = 1 (cf 0) restarts = 3 iters= 548
CONGRAD5: time = 1.504225e+00 (fn F) masses = 1 iters = 557 mflops = 2.025376e+03
 OK converged final_rsq= 5e-11 (cf 1e-10) rel = 1 (cf 0) restarts = 3 iters= 557
GFTIME:   time = 3.332560e-01 (Symanzik1) mflops = 2.115618e+03
FFTIME:  time = 1.223992e+00 (asqtad3) terms = 2 mflops = 1.633772e+03
CONGRAD5: time = 1.428602e+00 (fn F) masses = 1 iters = 530 mflops = 2.029214e+03
 OK converged final_rsq= 1e-10 (cf 1e-10) rel = 1 (cf 0) restarts = 2 iters= 530
CONGRAD5: time = 1.538585e+00 (fn F) masses = 1 iters = 571 mflops = 2.029915e+03
 OK converged final_rsq= 9.9e-11 (cf 1e-10) rel = 1 (cf 0) restarts = 2 iters= 571
GFTIME:   time = 3.341250e-01 (Symanzik1) mflops = 2.110116e+03
FFTIME:  time = 1.158588e+00 (asqtad3) terms = 2 mflops = 1.726001e+03
CONGRAD5: time = 1.475408e+00 (fn F) masses = 1 iters = 569 mflops = 2.109421e+03
 OK converged final_rsq= 9.9e-11 (cf 1e-10) rel = 1 (cf 0) restarts = 2 iters= 569
CONGRAD5: time = 1.442846e+00 (fn F) masses = 1 iters = 558 mflops = 2.115326e+03
 OK converged final_rsq= 1e-10 (cf 1e-10) rel = 1 (cf 0) restarts = 2 iters= 558
GFTIME:   time = 3.250272e-01 (Symanzik1) mflops = 2.169180e+03
FFTIME:  time = 1.250708e+00 (asqtad3) terms = 2 mflops = 1.598874e+03
CONGRAD5: time = 1.539989e+00 (fn F) masses = 1 iters = 555 mflops = 1.971236e+03
 OK converged final_rsq= 5e-11 (cf 1e-10) rel = 1 (cf 0) restarts = 3 iters= 555
CONGRAD5: time = 1.376692e+00 (fn F) masses = 1 iters = 511 mflops = 2.030240e+03
 OK converged final_rsq= 5e-11 (cf 1e-10) rel = 1 (cf 0) restarts = 3 iters= 511
GFTIME:   time = 3.347671e-01 (Symanzik1) mflops = 2.106068e+03
FFTIME:  time = 1.220643e+00 (asqtad3) terms = 2 mflops = 1.638255e+03
CONGRAD5: time = 1.445170e+00 (fn F) masses = 1 iters = 537 mflops = 2.032444e+03
 OK converged final_rsq= 9.9e-11 (cf 1e-10) rel = 1 (cf 0) restarts = 2 iters= 537
CONGRAD5: time = 1.381992e+00 (fn F) masses = 1 iters = 513 mflops = 2.030369e+03
 OK converged final_rsq= 9.9e-11 (cf 1e-10) rel = 1 (cf 0) restarts = 2 iters= 513
GFTIME:   time = 3.346438e-01 (Symanzik1) mflops = 2.106844e+03
FFTIME:  time = 1.164149e+00 (asqtad3) terms = 2 mflops = 1.717756e+03
CONGRAD5: time = 1.331319e+00 (fn F) masses = 1 iters = 496 mflops = 2.037806e+03
 OK converged final_rsq= 5e-11 (cf 1e-10) rel = 1 (cf 0) restarts = 3 iters= 496
CONGRAD5: time = 1.389527e+00 (fn F) masses = 1 iters = 523 mflops = 2.058723e+03
 OK converged final_rsq= 9.9e-11 (cf 1e-10) rel = 1 (cf 0) restarts = 2 iters= 523
GFTIME:   time = 3.328781e-01 (Symanzik1) mflops = 2.118020e+03
FFTIME:  time = 1.235479e+00 (asqtad3) terms = 2 mflops = 1.618583e+03
CONGRAD5: time = 1.456131e+00 (fn F) masses = 1 iters = 529 mflops = 1.987094e+03
 OK converged final_rsq= 5e-11 (cf 1e-10) rel = 1 (cf 0) restarts = 3 iters= 529
CONGRAD5: time = 1.376274e+00 (fn F) masses = 1 iters = 510 mflops = 2.026882e+03
 OK converged final_rsq= 1e-10 (cf 1e-10) rel = 1 (cf 0) restarts = 2 iters= 510
GFTIME:   time = 3.323569e-01 (Symanzik1) mflops = 2.121341e+03
FFTIME:  time = 1.225023e+00 (asqtad3) terms = 2 mflops = 1.632398e+03
CONGRAD5: time = 1.418769e+00 (fn F) masses = 1 iters = 528 mflops = 2.035567e+03
 OK converged final_rsq= 1e-10 (cf 1e-10) rel = 1 (cf 0) restarts = 2 iters= 528
CONGRAD5: time = 1.359519e+00 (fn F) masses = 1 iters = 506 mflops = 2.035769e+03
 OK converged final_rsq= 5e-11 (cf 1e-10) rel = 1 (cf 0) restarts = 3 iters= 506
GFTIME:   time = 3.324211e-01 (Symanzik1) mflops = 2.120932e+03
FFTIME:  time = 1.178096e+00 (asqtad3) terms = 2 mflops = 1.697421e+03
CONGRAD5: time = 1.475862e+00 (fn F) masses = 1 iters = 550 mflops = 2.038356e+03
 OK converged final_rsq= 9.9e-11 (cf 1e-10) rel = 1 (cf 0) restarts = 2 iters= 550
CONGRAD5: time = 1.438269e+00 (fn F) masses = 1 iters = 548 mflops = 2.084029e+03
 OK converged final_rsq= 5e-11 (cf 1e-10) rel = 1 (cf 0) restarts = 3 iters= 548
GFTIME:   time = 3.178570e-01 (Symanzik1) mflops = 2.218112e+03
FFTIME:  time = 1.131031e+00 (asqtad3) terms = 2 mflops = 1.768055e+03
CONGRAD5: time = 1.402677e+00 (fn F) masses = 1 iters = 546 mflops = 2.129111e+03
 OK converged final_rsq= 9.9e-11 (cf 1e-10) rel = 1 (cf 0) restarts = 2 iters= 546
CONGRAD5: time = 1.370876e+00 (fn F) masses = 1 iters = 526 mflops = 2.098702e+03
 OK converged final_rsq= 9.9e-11 (cf 1e-10) rel = 1 (cf 0) restarts = 2 iters= 526
GFTIME:   time = 3.343801e-01 (Symanzik1) mflops = 2.108506e+03
FFTIME:  time = 1.231249e+00 (asqtad3) terms = 2 mflops = 1.624143e+03
CONGRAD5: time = 1.482973e+00 (fn F) masses = 1 iters = 550 mflops = 2.028583e+03
 OK converged final_rsq= 5e-11 (cf 1e-10) rel = 1 (cf 0) restarts = 3 iters= 550
CONGRAD5: time = 1.375036e+00 (fn F) masses = 1 iters = 508 mflops = 2.020751e+03
 OK converged final_rsq= 5e-11 (cf 1e-10) rel = 1 (cf 0) restarts = 3 iters= 508
GFTIME:   time = 3.325350e-01 (Symanzik1) mflops = 2.120205e+03
FFTIME:  time = 1.222308e+00 (asqtad3) terms = 2 mflops = 1.636023e+03
PLAQ:	1.540771	1.539234
P_LOOP:	1.091240e-02	-3.989859e-03
G_LOOP:  0  0  4   	1.540737e+00	( 0 1 7 6  )
G_LOOP:  0  1  4   	1.541393e+00	( 0 2 7 5  )
G_LOOP:  0  2  4   	1.540677e+00	( 0 3 7 4  )
G_LOOP:  0  3  4   	1.540183e+00	( 1 2 6 5  )
G_LOOP:  0  4  4   	1.539081e+00	( 1 3 6 4  )
G_LOOP:  0  5  4   	1.537945e+00	( 2 3 5 4  )
G_LOOP:  1  0  6   	7.792160e-01	( 0 0 1 7 7 6  )
G_LOOP:  1  1  6   	7.791683e-01	( 0 0 2 7 7 5  )
G_LOOP:  1  2  6   	7.817236e-01	( 0 0 3 7 7 4  )
G_LOOP:  1  3  6   	7.797929e-01	( 1 1 0 6 6 7  )
G_LOOP:  1  4  6   	7.789794e-01	( 1 1 2 6 6 5  )
G_LOOP:  1  5  6   	7.798970e-01	( 1 1 3 6 6 4  )
G_LOOP:  1  6  6   	7.811699e-01	( 2 2 0 5 5 7  )
G_LOOP:  1  7  6   	7.788761e-01	( 2 2 1 5 5 6  )
G_LOOP:  1  8  6   	7.790936e-01	( 2 2 3 5 5 4  )
G_LOOP:  1  9  6   	7.786094e-01	( 3 3 0 4 4 7  )
G_LOOP:  1  10  6   	7.778531e-01	( 3 3 1 4 4 6  )
G_LOOP:  1  11  6   	7.774794e-01	( 3 3 2 4 4 5  )
G_LOOP:  2  0  6   	8.019689e-01	( 0 1 2 7 6 5  )
G_LOOP:  2  1  6   	7.998577e-01	( 0 1 5 7 6 2  )
G_LOOP:  2  2  6   	8.010139e-01	( 0 6 2 7 1 5  )
G_LOOP:  2  3  6   	8.008853e-01	( 0 6 5 7 1 2  )
G_LOOP:  2  4  6   	7.989668e-01	( 0 1 3 7 6 4  )
G_LOOP:  2  5  6   	8.012611e-01	( 0 1 4 7 6 3  )
G_LOOP:  2  6  6   	8.014171e-01	( 0 6 3 7 1 4  )
G_LOOP:  2  7  6   	8.007371e-01	( 0 6 4 7 1 3  )
G_LOOP:  2  8  6   	8.001027e-01	( 0 2 3 7 5 4  )
G_LOOP:  2  9  6   	7.986628e-01	( 0 2 4 7 5 3  )
G_LOOP:  2  10  6   	8.000803e-01	( 0 5 3 7 2 4  )
G_LOOP:  2  11  6   	8.015377e-01	( 0 5 4 7 2 3  )
G_LOOP:  2  12  6   	7.979891e-01	( 1 2 3 6 5 4  )
G_LOOP:  2  13  6   	8.004914e-01	( 1 2 4 6 5 3  )
G_LOOP:  2  14  6   	8.007820e-01	( 1 5 3 6 2 4  )
G_LOOP:  2  15  6   	7.999565e-01	( 1 5 4 6 2 3  )
GACTION: 6.328506e+00
CONGRAD5: time = 1.491803e+00 (fn F) masses = 1 iters = 522 mflops = 1.913913e+03
 OK converged final_rsq= 5e-11 (cf 1e-10) rel = 1 (cf 0) restarts = 3 iters= 522
CONGRAD5: time = 2.433100e-01 (fn F) masses = 1 iters = 88 mflops = 1.978272e+03
 OK converged final_rsq= 4.8e-11 (cf 1e-10) rel = 1 (cf 0) restarts = 2 iters= 88
PBP: mass 1.000000e-02     3.210523e-02  3.108349e-02  -3.638818e-03  -3.637753e-03 ( 1 of 1 )
FACTION: mass = 1.000000e-02,  1.499014e+00 ( 1 of 1 )
CONGRAD5: time = 1.350706e+00 (fn F) masses = 1 iters = 511 mflops = 2.069299e+03
 OK converged final_rsq= 5e-11 (cf 1e-10) rel = 1 (cf 0) restarts = 3 iters= 511
CONGRAD5: time = 2.479210e-01 (fn F) masses = 1 iters = 94 mflops = 2.073852e+03
 OK converged final_rsq= 9.7e-11 (cf 1e-10) rel = 1 (cf 0) restarts = 1 iters= 94
PBP: mass 1.000000e-02     3.053545e-02  3.191708e-02  -3.038316e-03  -3.039833e-03 ( 1 of 1 )
FACTION: mass = 1.000000e-02,  1.500351e+00 ( 1 of 1 )
CONGRAD5: time = 1.507483e+00 (fn F) masses = 1 iters = 552 mflops = 2.002857e+03
 OK converged final_rsq= 5e-11 (cf 1e-10) rel = 1 (cf 0) restarts = 3 iters= 552
CONGRAD5: time = 1.399656e+00 (fn F) masses = 1 iters = 541 mflops = 2.114166e+03
 OK converged final_rsq= 5e-11 (cf 1e-10) rel = 1 (cf 0) restarts = 3 iters= 541
GFTIME:   time = 3.189189e-01 (Symanzik1) mflops = 2.210726e+03
FFTIME:  time = 1.253335e+00 (asqtad3) terms = 2 mflops = 1.595523e+03
CONGRAD5: time = 1.479238e+00 (fn F) masses = 1 iters = 548 mflops = 2.026309e+03
 OK converged final_rsq= 1e-10 (cf 1e-10) rel = 1 (cf 0) restarts = 2 iters= 548
CONGRAD5: time = 1.484747e+00 (fn F) masses = 1 iters = 549 mflops = 2.022474e+03
 OK converged final_rsq= 5e-11 (cf 1e-10) rel = 1 (cf 0) restarts = 3 iters= 549
GFTIME:   time = 3.319221e-01 (Symanzik1) mflops = 2.124120e+03
FFTIME:  time = 1.220180e+00 (asqtad3) terms = 2 mflops = 1.638877e+03
CONGRAD5: time = 1.443823e+00 (fn F) masses = 1 iters = 534 mflops = 2.022975e+03
 OK converged final_rsq= 5e-11 (cf 1e-10) rel = 1 (cf 0) restarts = 3 iters= 534
CONGRAD5: time = 1.422632e+00 (fn F) masses = 1 iters = 526 mflops = 2.022350e+03
 OK converged final_rsq= 9.9e-11 (cf 1e-10) rel = 1 (cf 0) restarts = 2 iters= 526
GFTIME:   time = 3.323770e-01 (Symanzik1) mflops = 2.121213e+03
FFTIME:  time = 1.132060e+00 (asqtad3) terms = 2 mflops = 1.766447e+03
CONGRAD5: time = 1.426995e+00 (fn F) masses = 1 iters = 543 mflops = 2.081328e+03
 OK converged final_rsq= 5e-11 (cf 1e-10) rel = 1 (cf 0) restarts = 3 iters= 543
CONGRAD5: time = 1.375990e+00 (fn F) masses = 1 iters = 535 mflops = 2.126678e+03
 OK converged final_rsq= 5e-11 (cf 1e-10) rel = 1 (cf 0) restarts = 3 iters= 535
GFTIME:   time = 3.151550e-01 (Symanzik1) mflops = 2.237129e+03
FFTIME:  time = 1.289569e+00 (asqtad3) terms = 2 mflops = 1.550692e+03
CONGRAD5: time = 1.479454e+00 (fn F) masses = 1 iters = 540 mflops = 1.996436e+03
 OK converged final_rsq= 1e-10 (cf 1e-10) rel = 1 (cf 0) restarts = 2 iters= 540
CONGRAD5: time = 1.529500e+00 (fn F) masses = 1 iters = 566 mflops = 2.024091e+03
 OK converged final_rsq= 9.9e-11 (cf 1e-10) rel = 1 (cf 0) restarts = 2 iters= 566
GFTIME:   time = 3.331311e-01 (Symanzik1) mflops = 2.116411e+03
FFTIME:  time = 1.223104e+00 (asqtad3) terms = 2 mflops = 1.634959e+03
CONGRAD5: time = 1.483175e+00 (fn F) masses = 1 iters = 549 mflops = 2.024618e+03
 OK converged final_rsq= 4.9e-11 (cf 1e-10) rel = 1 (cf 0) restarts = 3 iters= 549
CONGRAD5: time = 1.437213e+00 (fn F) masses = 1 iters = 533 mflops = 2.028473e+03
 OK converged final_rsq= 1e-10 (cf 1e-10) rel = 1 (cf 0) restarts = 2 iters= 533
GFTIME:   time = 3.324969e-01 (Symanzik1) mflops = 2.120448e+03
FFTIME:  time = 1.139769e+00 (asqtad3) terms = 2 mflops = 1.754500e+03
CONGRAD5: time = 1.467628e+00 (fn F) masses = 1 iters = 539 mflops = 2.008797e+03
 OK converged final_rsq= 1e-10 (cf 1e-10) rel = 1 (cf 0) restarts = 2 iters= 539
CONGRAD5: time = 1.317973e+00 (fn F) masses = 1 iters = 513 mflops = 2.128992e+03
 OK converged final_rsq= 5e-11 (cf 1e-10) rel = 1 (cf 0) restarts = 3 iters= 513
GFTIME:   time = 3.239808e-01 (Symanzik1) mflops = 2.176186e+03
FFTIME:  time = 1.127802e+00 (asqtad3) terms = 2 mflops = 1.773117e+03
CONGRAD5: time = 1.330023e+00 (fn F) masses = 1 iters = 524 mflops = 2.154941e+03
 OK converged final_rsq= 5e-11 (cf 1e-10) rel = 1 (cf 0) restarts = 3 iters= 524
CONGRAD5: time = 1.440204e+00 (fn F) masses = 1 iters = 536 mflops = 2.035654e+03
 OK converged final_rsq= 9.9e-11 (cf 1e-10) rel = 1 (cf 0) restarts = 2 iters= 536
GFTIME:   time = 3.341930e-01 (Symanzik1) mflops = 2.109686e+03
FFTIME:  time = 1.222420e+00 (asqtad3) terms = 2 mflops = 1.635874e+03
CONGRAD5: time = 1.455627e+00 (fn F) masses = 1 iters = 538 mflops = 2.021601e+03
 OK converged final_rsq= 5e-11 (cf 1e-10) rel = 1 (cf 0) restarts = 3 iters= 538
CONGRAD5: time = 1.488800e+00 (fn F) masses = 1 iters = 551 mflops = 2.024316e+03
 OK converged final_rsq= 9.9e-11 (cf 1e-10) rel = 1 (cf 0) restarts = 2 iters= 551
GFTIME:   time = 3.322871e-01 (Symanzik1) mflops = 2.121787e+03
FFTIME:  time = 1.220070e+00 (asqtad3) terms = 2 mflops = 1.639024e+03
CONGRAD5: time = 1.537633e+00 (fn F) masses = 1 iters = 569 mflops = 2.024057e+03
 OK converged final_rsq= 1e-10 (cf 1e-10) rel = 1 (cf 0) restarts = 2 iters= 569
CONGRAD5: time = 1.478460e+00 (fn F) masses = 1 iters = 556 mflops = 2.056972e+03
 OK converged final_rsq= 9.9e-11 (cf 1e-10) rel = 1 (cf 0) restarts = 2 iters= 556
GFTIME:   time = 3.007321e-01 (Symanzik1) mflops = 2.344420e+03
FFTIME:  time = 1.105635e+00 (asqtad3) terms = 2 mflops = 1.808666e+03
CONGRAD5: time = 1.467387e+00 (fn F) masses = 1 iters = 560 mflops = 2.087404e+03
 OK converged final_rsq= 9.9e-11 (cf 1e-10) rel = 1 (cf 0) restarts = 2 iters= 560
CONGRAD5: time = 1.476749e+00 (fn F) masses = 1 iters = 552 mflops = 2.044540e+03
 OK converged final_rsq= 9.9e-11 (cf 1e-10) rel = 1 (cf 0) restarts = 2 iters= 552
GFTIME:   time = 3.329051e-01 (Symanzik1) mflops = 2.117848e+03
FFTIME:  time = 1.223217e+00 (asqtad3) terms = 2 mflops = 1.634808e+03
CONGRAD5: time = 1.539890e+00 (fn F) masses = 1 iters = 570 mflops = 2.024642e+03
 OK converged final_rsq= 1e-10 (cf 1e-10) rel = 1 (cf 0) restarts = 2 iters= 570
CONGRAD5: time = 1.528712e+00 (fn F) masses = 1 iters = 568 mflops = 2.032291e+03
 OK converged final_rsq= 9.9e-11 (cf 1e-10) rel = 1 (cf 0) restarts = 2 iters= 568
GFTIME:   time = 3.317471e-01 (Symanzik1) mflops = 2.125241e+03
FFTIME:  time = 1.222269e+00 (asqtad3) terms = 2 mflops = 1.636076e+03
CONGRAD5: time = 1.511799e+00 (fn F) masses = 1 iters = 560 mflops = 2.026083e+03
 OK converged final_rsq= 9.9e-11 (cf 1e-10) rel = 1 (cf 0) restarts = 2 iters= 560
CONGRAD5: time = 1.489916e+00 (fn F) masses = 1 iters = 554 mflops = 2.033814e+03
 OK converged final_rsq= 9.9e-11 (cf 1e-10) rel = 1 (cf 0) restarts = 2 iters= 554
GFTIME:   time = 3.050549e-01 (Symanzik1) mflops = 2.311198e+03
FFTIME:  time = 1.102709e+00 (asqtad3) terms = 2 mflops = 1.813466e+03
CONGRAD5: time = 1.487520e+00 (fn F) masses = 1 iters = 576 mflops = 2.117985e+03
 OK converged final_rsq= 5e-11 (cf 1e-10) rel = 1 (cf 0) restarts = 3 iters= 576
CONGRAD5: time = 1.423864e+00 (fn F) masses = 1 iters = 569 mflops = 2.185782e+03
 OK converged final_rsq= 5e-11 (cf 1e-10) rel = 1 (cf 0) restarts = 3 iters= 569
GFTIME:   time = 2.885282e-01 (Symanzik1) mflops = 2.443582e+03
FFTIME:  time = 1.167420e+00 (asqtad3) terms = 2 mflops = 1.712944e+03
CONGRAD5: time = 1.574870e+00 (fn F) masses = 1 iters = 583 mflops = 2.024823e+03
 OK converged final_rsq= 1e-10 (cf 1e-10) rel = 1 (cf 0) restarts = 2 iters= 583
CONGRAD5: time = 1.529637e+00 (fn F) masses = 1 iters = 567 mflops = 2.027486e+03
 OK converged final_rsq= 1e-10 (cf 1e-10) rel = 1 (cf 0) restarts = 2 iters= 567
GFTIME:   time = 3.329260e-01 (Symanzik1) mflops = 2.117715e+03
FFTIME:  time = 1.221242e+00 (asqtad3) terms = 2 mflops = 1.637452e+03
PLAQ:	1.499350	1.498887
P_LOOP:	1.646081e-03	3.009995e-03
G_LOOP:  0  0  4   	1.499739e+00	( 0 1 7 6  )
G_LOOP:  0  1  4   	1.500095e+00	( 0 2 7 5  )
G_LOOP:  0  2  4   	1.499475e+00	( 0 3 7 4  )
G_LOOP:  0  3  4   	1.498217e+00	( 1 2 6 5  )
G_LOOP:  0  4  4   	1.498265e+00	( 1 3 6 4  )
G_LOOP:  0  5  4   	1.498920e+00	( 2 3 5 4  )
G_LOOP:  1  0  6   	7.412622e-01	( 0 0 1 7 7 6  )
G_LOOP:  1  1  6   	7.420974e-01	( 0 0 2 7 7 5  )
G_LOOP:  1  2  6   	7.440755e-01	( 0 0 3 7 7 4  )
G_LOOP:  1  3  6   	7.417144e-01	( 1 1 0 6 6 7  )
G_LOOP:  1  4  6   	7.403150e-01	( 1 1 2 6 6 5  )
G_LOOP:  1  5  6   	7.414948e-01	( 1 1 3 6 6 4  )
G_LOOP:  1  6  6   	7.427913e-01	( 2 2 0 5 5 7  )
G_LOOP:  1  7  6   	7.399303e-01	( 2 2 1 5 5 6  )
G_LOOP:  1  8  6   	7.433757e-01	( 2 2 3 5 5 4  )
G_LOOP:  1  9  6   	7.415228e-01	( 3 3 0 4 4 7  )
G_LOOP:  1  10  6   	7.409361e-01	( 3 3 1 4 4 6  )
G_LOOP:  1  11  6   	7.392472e-01	( 3 3 2 4 4 5  )
G_LOOP:  2  0  6   	7.593954e-01	( 0 1 2 7 6 5  )
G_LOOP:  2  1  6   	7.592458e-01	( 0 1 5 7 6 2  )
G_LOOP:  2  2  6   	7.601844e-01	( 0 6 2 7 1 5  )
G_LOOP:  2  3  6   	7.597496e-01	( 0 6 5 7 1 2  )
G_LOOP:  2  4  6   	7.597478e-01	( 0 1 3 7 6 4  )
G_LOOP:  2  5  6   	7.613796e-01	( 0 1 4 7 6 3  )
G_LOOP:  2  6  6   	7.610169e-01	( 0 6 3 7 1 4  )
G_LOOP:  2  7  6   	7.600945e-01	( 0 6 4 7 1 3  )
G_LOOP:  2  8  6   	7.599634e-01	( 0 2 3 7 5 4  )
G_LOOP:  2  9  6   	7.604212e-01	( 0 2 4 7 5 3  )
G_LOOP:  2  10  6   	7.587259e-01	( 0 5 3 7 2 4  )
G_LOOP:  2  11  6   	7.612359e-01	( 0 5 4 7 2 3  )
G_LOOP:  2  12  6   	7.569071e-01	( 1 2 3 6 5 4  )
G_LOOP:  2  13  6   	7.588607e-01	( 1 2 4 6 5 3  )
G_LOOP:  2  14  6   	7.598377e-01	( 1 5 3 6 2 4  )
G_LOOP:  2  15  6   	7.603660e-01	( 1 5 4 6 2 3  )
GACTION: 6.531951e+00
CONGRAD5: time = 1.548398e+00 (fn F) masses = 1 iters = 544 mflops = 1.921673e+03
 OK converged final_rsq= 5e-11 (cf 1e-10) rel = 1 (cf 0) restarts = 3 iters= 544
CONGRAD5: time = 2.157488e-01 (fn F) masses = 1 iters = 77 mflops = 1.952116e+03
 OK converged final_rsq= 5e-11 (cf 1e-10) rel = 1 (cf 0) restarts = 2 iters= 77
PBP: mass 1.000000e-02     3.013453e-02  3.752781e-02  -3.761030e-03  -3.761023e-03 ( 1 of 1 )
FACTION: mass = 1.000000e-02,  1.500048e+00 ( 1 of 1 )
CONGRAD5: time = 1.459802e+00 (fn F) masses = 1 iters = 534 mflops = 2.000832e+03
 OK converged final_rsq= 5e-11 (cf 1e-10) rel = 1 (cf 0) restarts = 3 iters= 534
CONGRAD5: time = 2.133789e-01 (fn F) masses = 1 iters = 78 mflops = 1.999430e+03
 OK converged final_rsq= 1e-10 (cf 1e-10) rel = 1 (cf 0) restarts = 1 iters= 78
PBP: mass 1.000000e-02     3.384094e-02  3.335108e-02  4.305006e-03  4.306948e-03 ( 1 of 1 )
FACTION: mass = 1.000000e-02,  1.503952e+00 ( 1 of 1 )
CONGRAD5: time = 1.553822e+00 (fn F) masses = 1 iters = 581 mflops = 2.045211e+03
 OK converged final_rsq= 1e-10 (cf 1e-10) rel = 1 (cf 0) restarts = 2 iters= 581
CONGRAD5: time = 1.376658e+00 (fn F) masses = 1 iters = 542 mflops = 2.153458e+03
 OK converged final_rsq= 5e-11 (cf 1e-10) rel = 1 (cf 0) restarts = 3 iters= 542
GFTIME:   time = 3.503602e-01 (Symanzik1) mflops = 2.012336e+03
FFTIME:  time = 1.146553e+00 (asqtad3) terms = 2 mflops = 1.744119e+03
CONGRAD5: time = 1.436379e+00 (fn F) masses = 1 iters = 545 mflops = 2.075347e+03
 OK converged final_rsq= 1e-10 (cf 1e-10) rel = 1 (cf 0) restarts = 2 iters= 545
CONGRAD5: time = 1.524540e+00 (fn F) masses = 1 iters = 570 mflops = 2.045028e+03
 OK converged final_rsq= 5e-11 (cf 1e-10) rel = 1 (cf 0) restarts = 3 iters= 570
GFTIME:   time = 3.014209e-01 (Symanzik1) mflops = 2.339063e+03
FFTIME:  time = 1.081203e+00 (asqtad3) terms = 2 mflops = 1.849536e+03
CONGRAD5: time = 1.448987e+00 (fn F) masses = 1 iters = 578 mflops = 2.181858e+03
 OK converged final_rsq= 5e-11 (cf 1e-10) rel = 1 (cf 0) restarts = 3 iters= 578
CONGRAD5: time = 1.493864e+00 (fn F) masses = 1 iters = 558 mflops = 2.043085e+03
 OK converged final_rsq= 5e-11 (cf 1e-10) rel = 1 (cf 0) restarts = 3 iters= 558
GFTIME:   time = 3.346691e-01 (Symanzik1) mflops = 2.106685e+03
FFTIME:  time = 1.219523e+00 (asqtad3) terms = 2 mflops = 1.639760e+03
CONGRAD5: time = 1.583446e+00 (fn F) masses = 1 iters = 586 mflops = 2.024219e+03
 OK converged final_rsq= 9.9e-11 (cf 1e-10) rel = 1 (cf 0) restarts = 2 iters= 586
CONGRAD5: time = 1.514966e+00 (fn F) masses = 1 iters = 561 mflops = 2.025458e+03
 OK converged final_rsq= 9.9e-11 (cf 1e-10) rel = 1 (cf 0) restarts = 2 iters= 561
GFTIME:   time = 3.325849e-01 (Symanzik1) mflops = 2.119887e+03
FFTIME:  time = 1.221963e+00 (asqtad3) terms = 2 mflops = 1.636485e+03
CONGRAD5: time = 1.564283e+00 (fn F) masses = 1 iters = 581 mflops = 2.031533e+03
 OK converged final_rsq= 9.9e-11 (cf 1e-10) rel = 1 (cf 0) restarts = 2 iters= 581
CONGRAD5: time = 1.527902e+00 (fn F) masses = 1 iters = 574 mflops = 2.054847e+03
 OK converged final_rsq= 5e-11 (cf 1e-10) rel = 1 (cf 0) restarts = 3 iters= 574
GFTIME:   time = 3.040640e-01 (Symanzik1) mflops = 2.318730e+03
FFTIME:  time = 1.108932e+00 (asqtad3) terms = 2 mflops = 1.803289e+03
CONGRAD5: time = 1.546317e+00 (fn F) masses = 1 iters = 588 mflops = 2.079898e+03
 OK converged final_rsq= 9.9e-11 (cf 1e-10) rel = 1 (cf 0) restarts = 2 iters= 588
CONGRAD5: time = 1.616341e+00 (fn F) masses = 1 iters = 592 mflops = 2.003327e+03
 OK converged final_rsq= 9.7e-11 (cf 1e-10) rel = 1 (cf 0) restarts = 2 iters= 592
GFTIME:   time = 3.329890e-01 (Symanzik1) mflops = 2.117315e+03
FFTIME:  time = 1.221495e+00 (asqtad3) terms = 2 mflops = 1.637112e+03
CONGRAD5: time = 1.588348e+00 (fn F) masses = 1 iters = 588 mflops = 2.024859e+03
 OK converged final_rsq= 9.7e-11 (cf 1e-10) rel = 1 (cf 0) restarts = 2 iters= 588
CONGRAD5: time = 1.563653e+00 (fn F) masses = 1 iters = 582 mflops = 2.035850e+03
 OK converged final_rsq= 9.8e-11 (cf 1e-10) rel = 1 (cf 0) restarts = 2 iters= 582
GFTIME:   time = 3.328290e-01 (Symanzik1) mflops = 2.118332e+03
FFTIME:  time = 1.225646e+00 (asqtad3) terms = 2 mflops = 1.631568e+03
CONGRAD5: time = 1.518357e+00 (fn F) masses = 1 iters = 572 mflops = 2.060560e+03
 OK converged final_rsq= 5e-11 (cf 1e-10) rel = 1 (cf 0) restarts = 3 iters= 572
CONGRAD5: time = 1.532326e+00 (fn F) masses = 1 iters = 558 mflops = 1.991802e+03
 OK converged final_rsq= 5e-11 (cf 1e-10) rel = 1 (cf 0) restarts = 3 iters= 558
GFTIME:   time = 3.037958e-01 (Symanzik1) mflops = 2.320777e+03
FFTIME:  time = 1.127535e+00 (asqtad3) terms = 2 mflops = 1.773537e+03
CONGRAD5: time = 1.530736e+00 (fn F) masses = 1 iters = 586 mflops = 2.093922e+03
 OK converged final_rsq= 4.9e-11 (cf 1e-10) rel = 1 (cf 0) restarts = 3 iters= 586
CONGRAD5: time = 1.360217e+00 (fn F) masses = 1 iters = 544 mflops = 2.187529e+03
 OK converged final_rsq= 1e-10 (cf 1e-10) rel = 1 (cf 0) restarts = 2 iters= 544
GFTIME:   time = 2.906299e-01 (Symanzik1) mflops = 2.425912e+03
FFTIME:  time = 1.204568e+00 (asqtad3) terms = 2 mflops = 1.660118e+03
CONGRAD5: time = 1.571150e+00 (fn F) masses = 1 iters = 580 mflops = 2.019173e+03
 OK converged final_rsq= 9.9e-11 (cf 1e-10) rel = 1 (cf 0) restarts = 2 iters= 580
CONGRAD5: time = 1.570967e+00 (fn F) masses = 1 iters = 580 mflops = 2.019408e+03
 OK converged final_rsq= 5e-11 (cf 1e-10) rel = 1 (cf 0) restarts = 3 iters= 580
GFTIME:   time = 3.332889e-01 (Symanzik1) mflops = 2.115409e+03
FFTIME:  time = 1.222796e+00 (asqtad3) terms = 2 mflops = 1.635370e+03
CONGRAD5: time = 1.600299e+00 (fn F) masses = 1 iters = 592 mflops = 2.023409e+03
 OK converged final_rsq= 9.6e-11 (cf 1e-10) rel = 1 (cf 0) restarts = 2 iters= 592
CONGRAD5: time = 1.575069e+00 (fn F) masses = 1 iters = 582 mflops = 2.021094e+03
 OK converged final_rsq= 9.8e-11 (cf 1e-10) rel = 1 (cf 0) restarts = 2 iters= 582
GFTIME:   time = 3.328371e-01 (Symanzik1) mflops = 2.118281e+03
FFTIME:  time = 1.135161e+00 (asqtad3) terms = 2 mflops = 1.761622e+03
CONGRAD5: time = 1.646412e+00 (fn F) masses = 1 iters = 588 mflops = 1.953448e+03
 OK converged final_rsq= 4.9e-11 (cf 1e-10) rel = 1 (cf 0) restarts = 3 iters= 588
CONGRAD5: time = 1.448574e+00 (fn F) masses = 1 iters = 561 mflops = 2.118290e+03
 OK converged final_rsq= 5e-11 (cf 1e-10) rel = 1 (cf 0) restarts = 3 iters= 561
GFTIME:   time = 3.955801e-01 (Symanzik1) mflops = 1.782300e+03
FFTIME:  time = 1.286271e+00 (asqtad3) terms = 2 mflops = 1.554668e+03
CONGRAD5: time = 1.585496e+00 (fn F) masses = 1 iters = 587 mflops = 2.025052e+03
 OK converged final_rsq= 1e-10 (cf 1e-10) rel = 1 (cf 0) restarts = 2 iters= 587
CONGRAD5: time = 1.573005e+00 (fn F) masses = 1 iters = 582 mflops = 2.023746e+03
 OK converged final_rsq= 9.9e-11 (cf 1e-10) rel = 1 (cf 0) restarts = 2 iters= 582
GFTIME:   time = 3.329651e-01 (Symanzik1) mflops = 2.117466e+03
FFTIME:  time = 1.223289e+00 (asqtad3) terms = 2 mflops = 1.634711e+03
CONGRAD5: time = 1.594504e+00 (fn F) masses = 1 iters = 595 mflops = 2.041054e+03
 OK converged final_rsq= 5e-11 (cf 1e-10) rel = 1 (cf 0) restarts = 3 iters= 595
CONGRAD5: time = 1.546783e+00 (fn F) masses = 1 iters = 583 mflops = 2.061590e+03
 OK converged final_rsq= 9.9e-11 (cf 1e-10) rel = 1 (cf 0) restarts = 2 iters= 583
GFTIME:   time = 2.914910e-01 (Symanzik1) mflops = 2.418745e+03
FFTIME:  time = 1.123000e+00 (asqtad3) terms = 2 mflops = 1.780699e+03
CONGRAD5: time = 1.606823e+00 (fn F) masses = 1 iters = 594 mflops = 2.022002e+03
 OK converged final_rsq= 9.6e-11 (cf 1e-10) rel = 1 (cf 0) restarts = 2 iters= 594
CONGRAD5: time = 1.459409e+00 (fn F) masses = 1 iters = 578 mflops = 2.166277e+03
 OK converged final_rsq= 9.9e-11 (cf 1e-10) rel = 1 (cf 0) restarts = 2 iters= 578
GFTIME:   time = 3.194871e-01 (Symanzik1) mflops = 2.206795e+03
FFTIME:  time = 1.149621e+00 (asqtad3) terms = 2 mflops = 1.739465e+03
PLAQ:	1.476641	1.476477
P_LOOP:	1.389653e-02	1.583339e-02
G_LOOP:  0  0  4   	1.476698e+00	( 0 1 7 6  )
G_LOOP:  0  1  4   	1.477045e+00	( 0 2 7 5  )
G_LOOP:  0  2  4   	1.477116e+00	( 0 3 7 4  )
G_LOOP:  0  3  4   	1.476180e+00	( 1 2 6 5  )
G_LOOP:  0  4  4   	1.476597e+00	( 1 3 6 4  )
G_LOOP:  0  5  4   	1.475717e+00	( 2 3 5 4  )
G_LOOP:  1  0  6   	7.180628e-01	( 0 0 1 7 7 6  )
G_LOOP:  1  1  6   	7.197275e-01	( 0 0 2 7 7 5  )
G_LOOP:  1  2  6   	7.203460e-01	( 0 0 3 7 7 4  )
G_LOOP:  1  3  6   	7.195633e-01	( 1 1 0 6 6 7  )
G_LOOP:  1  4  6   	7.170918e-01	( 1 1 2 6 6 5  )
G_LOOP:  1  5  6   	7.191620e-01	( 1 1 3 6 6 4  )
G_LOOP:  1  6  6   	7.192336e-01	( 2 2 0 5 5 7  )
G_LOOP:  1  7  6   	7.177945e-01	( 2 2 1 5 5 6  )
G_LOOP:  1  8  6   	7.167487e-01	( 2 2 3 5 5 4  )
G_LOOP:  1  9  6   	7.187283e-01	( 3 3 0 4 4 7  )
G_LOOP:  1  10  6   	7.174789e-01	( 3 3 1 4 4 6  )
G_LOOP:  1  11  6   	7.167002e-01	( 3 3 2 4 4 5  )
G_LOOP:  2  0  6   	7.330456e-01	( 0 1 2 7 6 5  )
G_LOOP:  2  1  6   	7.347533e-01	( 0 1 5 7 6 2  )
G_LOOP:  2  2  6   	7.326290e-01	( 0 6 2 7 1 5  )
G_LOOP:  2  3  6   	7.367278e-01	( 0 6 5 7 1 2  )
G_LOOP:  2  4  6   	7.346609e-01	( 0 1 3 7 6 4  )
G_LOOP:  2  5  6   	7.359359e-01	( 0 1 4 7 6 3  )
G_LOOP:  2  6  6   	7.360512e-01	( 0 6 3 7 1 4  )
G_LOOP:  2  7  6   	7.351147e-01	( 0 6 4 7 1 3  )
G_LOOP:  2  8  6   	7.357080e-01	( 0 2 3 7 5 4  )
G_LOOP:  2  9  6   	7.354203e-01	( 0 2 4 7 5 3  )
G_LOOP:  2  10  6   	7.344937e-01	( 0 5 3 7 2 4  )
G_LOOP:  2  11  6   	7.363211e-01	( 0 5 4 7 2 3  )
G_LOOP:  2  12  6   	7.342609e-01	( 1 2 3 6 5 4  )
G_LOOP:  2  13  6   	7.338548e-01	( 1 2 4 6 5 3  )
G_LOOP:  2  14  6   	7.347406e-01	( 1 5 3 6 2 4  )
G_LOOP:  2  15  6   	7.339186e-01	( 1 5 4 6 2 3  )
GACTION: 6.641601e+00
CONGRAD5: time = 1.627038e+00 (fn F) masses = 1 iters = 575 mflops = 1.933007e+03
 OK converged final_rsq= 9.9e-11 (cf 1e-10) rel = 1 (cf 0) restarts = 2 iters= 575
CONGRAD5: time = 2.051380e-01 (fn F) masses = 1 iters = 73 mflops = 1.946435e+03
 OK converged final_rsq= 5e-11 (cf 1e-10) rel = 1 (cf 0) restarts = 2 iters= 73
PBP: mass 1.000000e-02     4.209596e-02  3.290301e-02  4.044382e-03  4.045679e-03 ( 1 of 1 )
FACTION: mass = 1.000000e-02,  1.503401e+00 ( 1 of 1 )
CONGRAD5: time = 1.589207e+00 (fn F) masses = 1 iters = 583 mflops = 2.006556e+03
 OK converged final_rsq= 1e-10 (cf 1e-10) rel = 1 (cf 0) restarts = 2 iters= 583
CONGRAD5: time = 2.000480e-01 (fn F) masses = 1 iters = 72 mflops = 1.968618e+03
 OK converged final_rsq= 9.8e-11 (cf 1e-10) rel = 1 (cf 0) restarts = 1 iters= 72
PBP: mass 1.000000e-02     3.540728e-02  4.133288e-02  4.479211e-04  4.463850e-04 ( 1 of 1 )
FACTION: mass = 1.000000e-02,  1.501503e+00 ( 1 of 1 )
CONGRAD5: time = 1.610267e+00 (fn F) masses = 1 iters = 596 mflops = 2.024471e+03
 OK converged final_rsq= 9.9e-11 (cf 1e-10) rel = 1 (cf 0) restarts = 2 iters= 596
CONGRAD5: time = 1.593479e+00 (fn F) masses = 1 iters = 590 mflops = 2.025204e+03
 OK converged final_rsq= 9.7e-11 (cf 1e-10) rel = 1 (cf 0) restarts = 2 iters= 590
GFTIME:   time = 3.330832e-01 (Symanzik1) mflops = 2.116716e+03
FFTIME:  time = 1.224969e+00 (asqtad3) terms = 2 mflops = 1.632470e+03
CONGRAD5: time = 1.539635e+00 (fn F) masses = 1 iters = 585 mflops = 2.078266e+03
 OK converged final_rsq= 9.8e-11 (cf 1e-10) rel = 1 (cf 0) restarts = 2 iters= 585
CONGRAD5: time = 1.575604e+00 (fn F) masses = 1 iters = 572 mflops = 1.985693e+03
 OK converged final_rsq= 9.9e-11 (cf 1e-10) rel = 1 (cf 0) restarts = 2 iters= 572
GFTIME:   time = 3.116751e-01 (Symanzik1) mflops = 2.262107e+03
FFTIME:  time = 1.175238e+00 (asqtad3) terms = 2 mflops = 1.701549e+03
CONGRAD5: time = 1.629010e+00 (fn F) masses = 1 iters = 592 mflops = 1.987747e+03
 OK converged final_rsq= 9.6e-11 (cf 1e-10) rel = 1 (cf 0) restarts = 2 iters= 592
CONGRAD5: time = 1.575300e+00 (fn F) masses = 1 iters = 585 mflops = 2.031215e+03
 OK converged final_rsq= 9.9e-11 (cf 1e-10) rel = 1 (cf 0) restarts = 2 iters= 585
GFTIME:   time = 3.328841e-01 (Symanzik1) mflops = 2.117982e+03
FFTIME:  time = 1.220886e+00 (asqtad3) terms = 2 mflops = 1.637929e+03
CONGRAD5: time = 1.615910e+00 (fn F) masses = 1 iters = 598 mflops = 2.024171e+03
 OK converged final_rsq= 4.9e-11 (cf 1e-10) rel = 1 (cf 0) restarts = 3 iters= 598
CONGRAD5: time = 1.540454e+00 (fn F) masses = 1 iters = 571 mflops = 2.027452e+03
 OK converged final_rsq= 5e-11 (cf 1e-10) rel = 1 (cf 0) restarts = 3 iters= 571
GFTIME:   time = 3.339999e-01 (Symanzik1) mflops = 2.110906e+03
FFTIME:  time = 1.222807e+00 (asqtad3) terms = 2 mflops = 1.635356e+03
CONGRAD5: time = 1.567407e+00 (fn F) masses = 1 iters = 585 mflops = 2.041443e+03
 OK converged final_rsq= 9.8e-11 (cf 1e-10) rel = 1 (cf 0) restarts = 2 iters= 585
CONGRAD5: time = 1.502750e+00 (fn F) masses = 1 iters = 579 mflops = 2.107439e+03
 OK converged final_rsq= 1e-10 (cf 1e-10) rel = 1 (cf 0) restarts = 2 iters= 579
GFTIME:   time = 3.066351e-01 (Symanzik1) mflops = 2.299288e+03
FFTIME:  time = 1.153164e+00 (asqtad3) terms = 2 mflops = 1.734120e+03
CONGRAD5: time = 1.652530e+00 (fn F) masses = 1 iters = 596 mflops = 1.972696e+03
 OK converged final_rsq= 5e-11 (cf 1e-10) rel = 1 (cf 0) restarts = 3 iters= 596
CONGRAD5: time = 1.554940e+00 (fn F) masses = 1 iters = 578 mflops = 2.033187e+03
 OK converged final_rsq= 9.9e-11 (cf 1e-10) rel = 1 (cf 0) restarts = 2 iters= 578
GFTIME:   time = 3.360901e-01 (Symanzik1) mflops = 2.097778e+03
FFTIME:  time = 1.224787e+00 (asqtad3) terms = 2 mflops = 1.632712e+03
CONGRAD5: time = 1.561526e+00 (fn F) masses = 1 iters = 579 mflops = 2.028115e+03
 OK converged final_rsq= 4.9e-11 (cf 1e-10) rel = 1 (cf 0) restarts = 3 iters= 579
CONGRAD5: time = 1.568809e+00 (fn F) masses = 1 iters = 571 mflops = 1.990807e+03
 OK converged final_rsq= 9.9e-11 (cf 1e-10) rel = 1 (cf 0) restarts = 2 iters= 571
GFTIME:   time = 3.336310e-01 (Symanzik1) mflops = 2.113240e+03
FFTIME:  time = 1.221959e+00 (asqtad3) terms = 2 mflops = 1.636491e+03
CONGRAD5: time = 1.548448e+00 (fn F) masses = 1 iters = 589 mflops = 2.080568e+03
 OK converged final_rsq= 9.9e-11 (cf 1e-10) rel = 1 (cf 0) restarts = 2 iters= 589
CONGRAD5: time = 1.542963e+00 (fn F) masses = 1 iters = 594 mflops = 2.105689e+03
 OK converged final_rsq= 5e-11 (cf 1e-10) rel = 1 (cf 0) restarts = 3 iters= 594
GFTIME:   time = 3.032179e-01 (Symanzik1) mflops = 2.325201e+03
FFTIME:  time = 1.097854e+00 (asqtad3) terms = 2 mflops = 1.821485e+03
CONGRAD5: time = 1.582603e+00 (fn F) masses = 1 iters = 595 mflops = 2.056403e+03
 OK converged final_rsq= 9.9e-11 (cf 1e-10) rel = 1 (cf 0) restarts = 2 iters= 595
CONGRAD5: time = 1.576106e+00 (fn F) masses = 1 iters = 585 mflops = 2.030176e+03
 OK converged final_rsq= 1e-10 (cf 1e-10) rel = 1 (cf 0) restarts = 2 iters= 585
GFTIME:   time = 3.334222e-01 (Symanzik1) mflops = 2.114564e+03
FFTIME:  time = 1.220857e+00 (asqtad3) terms = 2 mflops = 1.637968e+03
CONGRAD5: time = 1.595089e+00 (fn F) masses = 1 iters = 591 mflops = 2.026589e+03
 OK converged final_rsq= 9.7e-11 (cf 1e-10) rel = 1 (cf 0) restarts = 2 iters= 591
CONGRAD5: time = 1.601155e+00 (fn F) masses = 1 iters = 594 mflops = 2.029160e+03
 OK converged final_rsq= 9.8e-11 (cf 1e-10) rel = 1 (cf 0) restarts = 2 iters= 594
GFTIME:   time = 3.322210e-01 (Symanzik1) mflops = 2.122209e+03
FFTIME:  time = 1.223447e+00 (asqtad3) terms = 2 mflops = 1.634500e+03
CONGRAD5: time = 1.549762e+00 (fn F) masses = 1 iters = 590 mflops = 2.082333e+03
 OK converged final_rsq= 9.9e-11 (cf 1e-10) rel = 1 (cf 0) restarts = 2 iters= 590
CONGRAD5: time = 1.575538e+00 (fn F) masses = 1 iters = 588 mflops = 2.041323e+03
 OK converged final_rsq= 9.9e-11 (cf 1e-10) rel = 1 (cf 0) restarts = 2 iters= 588
GFTIME:   time = 3.115261e-01 (Symanzik1) mflops = 2.263189e+03
FFTIME:  time = 1.119407e+00 (asqtad3) terms = 2 mflops = 1.786414e+03
CONGRAD5: time = 1.498606e+00 (fn F) masses = 1 iters = 597 mflops = 2.178964e+03
 OK converged final_rsq= 1e-10 (cf 1e-10) rel = 1 (cf 0) restarts = 2 iters= 597
CONGRAD5: time = 1.490149e+00 (fn F) masses = 1 iters = 595 mflops = 2.183989e+03
 OK converged final_rsq= 9.9e-11 (cf 1e-10) rel = 1 (cf 0) restarts = 2 iters= 595
GFTIME:   time = 3.221710e-01 (Symanzik1) mflops = 2.188411e+03
FFTIME:  time = 1.223842e+00 (asqtad3) terms = 2 mflops = 1.633973e+03
CONGRAD5: time = 1.641723e+00 (fn F) masses = 1 iters = 598 mflops = 1.992345e+03
 OK converged final_rsq= 9.6e-11 (cf 1e-10) rel = 1 (cf 0) restarts = 2 iters= 598
CONGRAD5: time = 1.599302e+00 (fn F) masses = 1 iters = 591 mflops = 2.021251e+03
 OK converged final_rsq= 1e-10 (cf 1e-10) rel = 1 (cf 0) restarts = 2 iters= 591
GFTIME:   time = 3.322971e-01 (Symanzik1) mflops = 2.121723e+03
FFTIME:  time = 1.222379e+00 (asqtad3) terms = 2 mflops = 1.635928e+03
CONGRAD5: time = 1.623219e+00 (fn F) masses = 1 iters = 599 mflops = 2.018426e+03
 OK converged final_rsq= 4.9e-11 (cf 1e-10) rel = 1 (cf 0) restarts = 3 iters= 599
CONGRAD5: time = 1.584824e+00 (fn F) masses = 1 iters = 592 mflops = 2.043167e+03
 OK converged final_rsq= 9.8e-11 (cf 1e-10) rel = 1 (cf 0) restarts = 2 iters= 592
GFTIME:   time = 2.894180e-01 (Symanzik1) mflops = 2.436070e+03
FFTIME:  time = 1.122642e+00 (asqtad3) terms = 2 mflops = 1.781266e+03
CONGRAD5: time = 1.582616e+00 (fn F) masses = 1 iters = 599 mflops = 2.070210e+03
 OK converged final_rsq= 9.6e-11 (cf 1e-10) rel = 1 (cf 0) restarts = 2 iters= 599
CONGRAD5: time = 1.526849e+00 (fn F) masses = 1 iters = 593 mflops = 2.124329e+03
 OK converged final_rsq= 9.7e-11 (cf 1e-10) rel = 1 (cf 0) restarts = 2 iters= 593
GFTIME:   time = 3.795609e-01 (Symanzik1) mflops = 1.857521e+03
FFTIME:  time = 1.293357e+00 (asqtad3) terms = 2 mflops = 1.546151e+03
PLAQ:	1.460480	1.460850
P_LOOP:	-1.393109e-02	-5.381851e-03
G_LOOP:  0  0  4   	1.461032e+00	( 0 1 7 6  )
G_LOOP:  0  1  4   	1.461647e+00	( 0 2 7 5  )
G_LOOP:  0  2  4   	1.462561e+00	( 0 3 7 4  )
G_LOOP:  0  3  4   	1.458762e+00	( 1 2 6 5  )
G_LOOP:  0  4  4   	1.459734e+00	( 1 3 6 4  )
G_LOOP:  0  5  4   	1.460255e+00	( 2 3 5 4  )
G_LOOP:  1  0  6   	7.016628e-01	( 0 0 1 7 7 6  )
G_LOOP:  1  1  6   	7.043072e-01	( 0 0 2 7 7 5  )
G_LOOP:  1  2  6   	7.044293e-01	( 0 0 3 7 7 4  )
G_LOOP:  1  3  6   	7.011861e-01	( 1 1 0 6 6 7  )
G_LOOP:  1  4  6   	7.002868e-01	( 1 1 2 6 6 5  )
G_LOOP:  1  5  6   	7.012733e-01	( 1 1 3 6 6 4  )
G_LOOP:  1  6  6   	7.033227e-01	( 2 2 0 5 5 7  )
G_LOOP:  1  7  6   	6.993962e-01	( 2 2 1 5 5 6  )
G_LOOP:  1  8  6   	6.985097e-01	( 2 2 3 5 5 4  )
G_LOOP:  1  9  6   	7.045607e-01	( 3 3 0 4 4 7  )
G_LOOP:  1  10  6   	7.010444e-01	( 3 3 1 4 4 6  )
G_LOOP:  1  11  6   	7.019787e-01	( 3 3 2 4 4 5  )
G_LOOP:  2  0  6   	7.167336e-01	( 0 1 2 7 6 5  )
G_LOOP:  2  1  6   	7.138787e-01	( 0 1 5 7 6 2  )
G_LOOP:  2  2  6   	7.139766e-01	( 0 6 2 7 1 5  )
G_LOOP:  2  3  6   	7.167409e-01	( 0 6 5 7 1 2  )
G_LOOP:  2  4  6   	7.157046e-01	( 0 1 3 7 6 4  )
G_LOOP:  2  5  6   	7.199059e-01	( 0 1 4 7 6 3  )
G_LOOP:  2  6  6   	7.173194e-01	( 0 6 3 7 1 4  )
G_LOOP:  2  7  6   	7.154907e-01	( 0 6 4 7 1 3  )
G_LOOP:  2  8  6   	7.159614e-01	( 0 2 3 7 5 4  )
G_LOOP:  2  9  6   	7.173291e-01	( 0 2 4 7 5 3  )
G_LOOP:  2  10  6   	7.172487e-01	( 0 5 3 7 2 4  )
G_LOOP:  2  11  6   	7.193678e-01	( 0 5 4 7 2 3  )
G_LOOP:  2  12  6   	7.146863e-01	( 1 2 3 6 5 4  )
G_LOOP:  2  13  6   	7.156424e-01	( 1 2 4 6 5 3  )
G_LOOP:  2  14  6   	7.157491e-01	( 1 5 3 6 2 4  )
G_LOOP:  2  15  6   	7.155376e-01	( 1 5 4 6 2 3  )
GACTION: 6.718485e+00
CONGRAD5: time = 1.699001e+00 (fn F) masses = 1 iters = 595 mflops = 1.915519e+03
 OK converged final_rsq= 5e-11 (cf 1e-10) rel = 1 (cf 0) restarts = 3 iters= 595
CONGRAD5: time = 2.170370e-01 (fn F) masses = 1 iters = 78 mflops = 1.965731e+03
 OK converged final_rsq= 5e-11 (cf 1e-10) rel = 1 (cf 0) restarts = 2 iters= 78
PBP: mass 1.000000e-02     4.424293e-02  4.080078e-02  4.691051e-03  4.690271e-03 ( 1 of 1 )
FACTION: mass = 1.000000e-02,  1.501556e+00 ( 1 of 1 )
CONGRAD5: time = 1.606505e+00 (fn F) masses = 1 iters = 594 mflops = 2.022402e+03
 OK converged final_rsq= 9.5e-11 (cf 1e-10) rel = 1 (cf 0) restarts = 2 iters= 594
CONGRAD5: time = 2.119579e-01 (fn F) masses = 1 iters = 76 mflops = 1.961224e+03
 OK converged final_rsq= 5e-11 (cf 1e-10) rel = 1 (cf 0) restarts = 2 iters= 76
PBP: mass 1.000000e-02     4.195070e-02  4.239084e-02  -7.435116e-04  -7.432470e-04 ( 1 of 1 )
FACTION: mass = 1.000000e-02,  1.499478e+00 ( 1 of 1 )
RUNNING COMPLETED
average cg iters for step= 1.127000e+03
Time = 3.306137e+02 seconds
total_iters = 140952
Checksums 8a58c364 c13abdfa
Saved gauge configuration in parallel to binary file lat_p64_size128_2
Time stamp Sat Aug 13 00:20:44 2022
Wrote info file lat_p64_size128_2.info
Time to save = 1.030545e+00
CHECK PLAQ: 1.460480e+00 1.460850e+00
CHECK NERSC LINKTR: 1.428272e-01 CKSUM: 5a7f890e


get_i(0): EOF on input.
Elapsed total time: 379.669544
exit: Sat Aug 13 00:20:45 2022

