cpu-bind-cores=MAP  - nid01260, task  6  2 [66901]: mask 0x400000000 set
cpu-bind-cores=MAP  - nid01260, task  4  0 [66899]: mask 0x10000 set
cpu-bind-cores=MAP  - nid01260, task  5  1 [66900]: mask 0x20000 set
cpu-bind-cores=MAP  - nid01260, task  7  3 [66902]: mask 0x800000000 set
cpu-bind-cores=MAP  - nid01259, task  0  0 [73395]: mask 0x10000 set
cpu-bind-cores=MAP  - nid01259, task  1  1 [73396]: mask 0x20000 set
cpu-bind-cores=MAP  - nid01259, task  2  2 [73397]: mask 0x400000000 set
cpu-bind-cores=MAP  - nid01259, task  3  3 [73398]: mask 0x800000000 set
Failed to retrieve username for uid=25181
See 'sarus help run'
Failed to retrieve username for uid=25181
See 'sarus help run'
Failed to retrieve username for uid=25181
See 'sarus help run'
Failed to retrieve username for uid=25181
See 'sarus help run'
slurmstepd: error: *** STEP 38511261.487 ON nid01259 CANCELLED AT 2022-05-17T21:27:50 ***
time="2022-05-17T21:27:50+02:00" level=warning msg="cannot toggle freezer: cgroups not configured for container"
time="2022-05-17T21:27:50+02:00" level=warning msg="cannot toggle freezer: cgroups not configured for container"
time="2022-05-17T21:27:50+02:00" level=warning msg="lstat : no such file or directory"
time="2022-05-17T21:27:50+02:00" level=error msg="container_linux.go:380: starting container process caused: process_linux.go:545: container init caused: Running hook #1:: error running hook: signal: terminated, stdout: , stderr: "
time="2022-05-17T21:27:50+02:00" level=warning msg="cannot toggle freezer: cgroups not configured for container"
time="2022-05-17T21:27:50+02:00" level=warning msg="cannot toggle freezer: cgroups not configured for container"
time="2022-05-17T21:27:50+02:00" level=warning msg="lstat : no such file or directory"
time="2022-05-17T21:27:50+02:00" level=error msg="container_linux.go:380: starting container process caused: process_linux.go:545: container init caused: Running hook #1:: error running hook: signal: terminated, stdout: , stderr: "
time="2022-05-17T21:27:50+02:00" level=warning msg="cannot toggle freezer: cgroups not configured for container"
time="2022-05-17T21:27:50+02:00" level=warning msg="cannot toggle freezer: cgroups not configured for container"
time="2022-05-17T21:27:50+02:00" level=warning msg="lstat : no such file or directory"
time="2022-05-17T21:27:50+02:00" level=warning msg="cannot toggle freezer: cgroups not configured for container"
time="2022-05-17T21:27:50+02:00" level=warning msg="cannot toggle freezer: cgroups not configured for container"
time="2022-05-17T21:27:50+02:00" level=warning msg="lstat : no such file or directory"
time="2022-05-17T21:27:50+02:00" level=error msg="container_linux.go:380: starting container process caused: process_linux.go:545: container init caused: Running hook #1:: error running hook: signal: terminated, stdout: , stderr: "
time="2022-05-17T21:27:50+02:00" level=error msg="container_linux.go:380: starting container process caused: process_linux.go:545: container init caused: Running hook #1:: error running hook: signal: terminated, stdout: , stderr: "
