SU3 with improved KS action
Microcanonical simulation with refreshing
R algorithm
MIMD version 7.8.1
Machine = MPI (portable), with 32 nodes
Host(0) = ault03.cscs.ch
Username = mcopik
Options selected...
Generic single precision
C_GLOBAL_INLINE
DBLSTORE_FN
D_FN_GATHER13
FEWSUMS
KS_MULTIFF=FNMAT
VECLENGTH=4
type 0 for no prompts, 1 for prompts, or 2 for proofreading
nflavors1 2
nflavors2 1
nx 16
ny 16
nz 8
nt 36
iseed 5682304
LAYOUT = Hypercubes, options = hyper_prime,
automatic hyper_prime layout
ON EACH NODE 4 x 8 x 8 x 9
Mallocing 2.3 MBytes per node for lattice
WARNING!!: Resetting random seed
Made lattice
Made nn gathers
Made 3nn gathers
Finished setup


warms 0
trajecs 4
traj_between_meas 1
beta 5.6
mass1 0.125
mass2 0.125
u0 0.8441
microcanonical_time_step 0.2
steps_per_trajectory 5
max_cg_iterations 100
max_cg_restarts 5
error_per_site 0.125
error_for_propagator 0.125
npbp_reps 1
prec_pbp 1
fresh 
save_parallel lat_p64_size64_1
unit gauge configuration loaded
CHECK PLAQ: 3.000000e+00 3.000000e+00
CHECK NERSC LINKTR: 1.000000e+00 CKSUM: 0
Unitarity checked.  Max deviation 0.00e+00
Time to check unitarity = 5.140305e-04
"O(a^2): couplings(pi)=0, Naik term, No O(a^2) errors, tadpole weights"
path coefficients: npath  path_coeff  multiplicity
                    0      6.250000e-01     8
                    1      -5.847914e-02     8
                    2      -8.771871e-02     48
                    3      3.077829e-02     192
                    4      -7.199551e-03     384
                    5      -1.231132e-01     48
Symanzik 1x1 + 1x2 + 1x1x1 action
gauge_action: total_dyn_flavors = 3
loop coefficients: nloop rep loop_coeff  multiplicity
                    0 0      1.000000e+00     6
                    1 0      -7.762509e-02     12
                    2 0      -1.031171e-02     16
WARMUPS COMPLETED
CONGRAD5: time = 4.828930e-03 (fn F) masses = 1 iters = 4 mflops = 2.265386e+03
 OK converged final_rsq= 0.006 (cf 0.016) rel = 1 (cf 0) restarts = 1 iters= 4
CONGRAD5: time = 4.547119e-03 (fn F) masses = 1 iters = 4 mflops = 2.405785e+03
 OK converged final_rsq= 0.0059 (cf 0.016) rel = 1 (cf 0) restarts = 1 iters= 4
GFTIME:   time = 8.371592e-02 (Symanzik1) mflops = 4.210922e+03
FFTIME:  time = 2.770162e-01 (asqtad3) terms = 2 mflops = 3.609400e+03
CONGRAD5: time = 4.660845e-03 (fn F) masses = 1 iters = 4 mflops = 2.347084e+03
 OK converged final_rsq= 0.01 (cf 0.016) rel = 1 (cf 0) restarts = 1 iters= 4
CONGRAD5: time = 4.544973e-03 (fn F) masses = 1 iters = 4 mflops = 2.406921e+03
 OK converged final_rsq= 0.0098 (cf 0.016) rel = 1 (cf 0) restarts = 1 iters= 4
GFTIME:   time = 8.424592e-02 (Symanzik1) mflops = 4.184431e+03
FFTIME:  time = 2.784200e-01 (asqtad3) terms = 2 mflops = 3.591202e+03
CONGRAD5: time = 4.652023e-03 (fn F) masses = 1 iters = 4 mflops = 2.351534e+03
 OK converged final_rsq= 0.014 (cf 0.016) rel = 1 (cf 0) restarts = 1 iters= 4
CONGRAD5: time = 4.554033e-03 (fn F) masses = 1 iters = 4 mflops = 2.402133e+03
 OK converged final_rsq= 0.014 (cf 0.016) rel = 1 (cf 0) restarts = 1 iters= 4
GFTIME:   time = 8.456993e-02 (Symanzik1) mflops = 4.168399e+03
FFTIME:  time = 2.778420e-01 (asqtad3) terms = 2 mflops = 3.598672e+03
CONGRAD5: time = 4.633904e-03 (fn F) masses = 1 iters = 4 mflops = 2.360729e+03
 OK converged final_rsq= 0.013 (cf 0.016) rel = 1 (cf 0) restarts = 1 iters= 4
CONGRAD5: time = 4.475117e-03 (fn F) masses = 1 iters = 4 mflops = 2.444493e+03
 OK converged final_rsq= 0.013 (cf 0.016) rel = 1 (cf 0) restarts = 1 iters= 4
GFTIME:   time = 8.385301e-02 (Symanzik1) mflops = 4.204038e+03
FFTIME:  time = 2.780559e-01 (asqtad3) terms = 2 mflops = 3.595904e+03
CONGRAD5: time = 4.621029e-03 (fn F) masses = 1 iters = 4 mflops = 2.367307e+03
 OK converged final_rsq= 0.011 (cf 0.016) rel = 1 (cf 0) restarts = 1 iters= 4
CONGRAD5: time = 4.484892e-03 (fn F) masses = 1 iters = 4 mflops = 2.439165e+03
 OK converged final_rsq= 0.011 (cf 0.016) rel = 1 (cf 0) restarts = 1 iters= 4
GFTIME:   time = 8.349013e-02 (Symanzik1) mflops = 4.222310e+03
FFTIME:  time = 2.768130e-01 (asqtad3) terms = 2 mflops = 3.612049e+03
PLAQ:	2.348046	2.347861
P_LOOP:	-6.323030e-03	-1.925636e-02
G_LOOP:  0  0  4   	2.346897e+00	( 0 1 7 6  )
G_LOOP:  0  1  4   	2.347695e+00	( 0 2 7 5  )
G_LOOP:  0  2  4   	2.348610e+00	( 0 3 7 4  )
G_LOOP:  0  3  4   	2.349546e+00	( 1 2 6 5  )
G_LOOP:  0  4  4   	2.347450e+00	( 1 3 6 4  )
G_LOOP:  0  5  4   	2.347524e+00	( 2 3 5 4  )
G_LOOP:  1  0  6   	1.770886e+00	( 0 0 1 7 7 6  )
G_LOOP:  1  1  6   	1.772085e+00	( 0 0 2 7 7 5  )
G_LOOP:  1  2  6   	1.772683e+00	( 0 0 3 7 7 4  )
G_LOOP:  1  3  6   	1.772206e+00	( 1 1 0 6 6 7  )
G_LOOP:  1  4  6   	1.778615e+00	( 1 1 2 6 6 5  )
G_LOOP:  1  5  6   	1.772779e+00	( 1 1 3 6 6 4  )
G_LOOP:  1  6  6   	1.774422e+00	( 2 2 0 5 5 7  )
G_LOOP:  1  7  6   	1.776307e+00	( 2 2 1 5 5 6  )
G_LOOP:  1  8  6   	1.772614e+00	( 2 2 3 5 5 4  )
G_LOOP:  1  9  6   	1.773361e+00	( 3 3 0 4 4 7  )
G_LOOP:  1  10  6   	1.772005e+00	( 3 3 1 4 4 6  )
G_LOOP:  1  11  6   	1.772996e+00	( 3 3 2 4 4 5  )
G_LOOP:  2  0  6   	1.819044e+00	( 0 1 2 7 6 5  )
G_LOOP:  2  1  6   	1.821657e+00	( 0 1 5 7 6 2  )
G_LOOP:  2  2  6   	1.822819e+00	( 0 6 2 7 1 5  )
G_LOOP:  2  3  6   	1.821404e+00	( 0 6 5 7 1 2  )
G_LOOP:  2  4  6   	1.821922e+00	( 0 1 3 7 6 4  )
G_LOOP:  2  5  6   	1.817338e+00	( 0 1 4 7 6 3  )
G_LOOP:  2  6  6   	1.820607e+00	( 0 6 3 7 1 4  )
G_LOOP:  2  7  6   	1.823181e+00	( 0 6 4 7 1 3  )
G_LOOP:  2  8  6   	1.818823e+00	( 0 2 3 7 5 4  )
G_LOOP:  2  9  6   	1.819541e+00	( 0 2 4 7 5 3  )
G_LOOP:  2  10  6   	1.822350e+00	( 0 5 3 7 2 4  )
G_LOOP:  2  11  6   	1.817598e+00	( 0 5 4 7 2 3  )
G_LOOP:  2  12  6   	1.821659e+00	( 1 2 3 6 5 4  )
G_LOOP:  2  13  6   	1.824220e+00	( 1 2 4 6 5 3  )
G_LOOP:  2  14  6   	1.821604e+00	( 1 5 3 6 2 4  )
G_LOOP:  2  15  6   	1.824104e+00	( 1 5 4 6 2 3  )
GACTION: 2.575211e+00
CONGRAD5: time = 4.734993e-03 (fn F) masses = 1 iters = 4 mflops = 2.310329e+03
 OK converged final_rsq= 0.01 (cf 0.016) rel = 1 (cf 0) restarts = 1 iters= 4
CONGRAD5: time = 5.988836e-03 (fn F) masses = 1 iters = 6 mflops = 2.739946e+03
 OK converged final_rsq= 0.0087 (cf 0.016) rel = 1 (cf 0) restarts = 1 iters= 6
PBP: mass 1.250000e-01     6.839631e-02  1.024361e-01  -6.252925e-04  -1.562877e-03 ( 1 of 1 )
FACTION: mass = 1.250000e-01,  1.470003e+00 ( 1 of 1 )
CONGRAD5: time = 4.513979e-03 (fn F) masses = 1 iters = 4 mflops = 2.423448e+03
 OK converged final_rsq= 0.01 (cf 0.016) rel = 1 (cf 0) restarts = 1 iters= 4
CONGRAD5: time = 5.908012e-03 (fn F) masses = 1 iters = 6 mflops = 2.777430e+03
 OK converged final_rsq= 0.0087 (cf 0.016) rel = 1 (cf 0) restarts = 1 iters= 6
PBP: mass 1.250000e-01     7.042779e-02  1.006423e-01  -2.239626e-03  -2.553548e-03 ( 1 of 1 )
FACTION: mass = 1.250000e-01,  1.472298e+00 ( 1 of 1 )
CONGRAD5: time = 4.656076e-03 (fn F) masses = 1 iters = 4 mflops = 2.349487e+03
 OK converged final_rsq= 0.012 (cf 0.016) rel = 1 (cf 0) restarts = 1 iters= 4
CONGRAD5: time = 4.521847e-03 (fn F) masses = 1 iters = 4 mflops = 2.419231e+03
 OK converged final_rsq= 0.011 (cf 0.016) rel = 1 (cf 0) restarts = 1 iters= 4
GFTIME:   time = 8.396697e-02 (Symanzik1) mflops = 4.198332e+03
FFTIME:  time = 2.764778e-01 (asqtad3) terms = 2 mflops = 3.616429e+03
CONGRAD5: time = 5.295992e-03 (fn F) masses = 1 iters = 5 mflops = 2.581998e+03
 OK converged final_rsq= 0.0069 (cf 0.016) rel = 1 (cf 0) restarts = 1 iters= 5
CONGRAD5: time = 4.527092e-03 (fn F) masses = 1 iters = 4 mflops = 2.416428e+03
 OK converged final_rsq= 0.015 (cf 0.016) rel = 1 (cf 0) restarts = 1 iters= 4
GFTIME:   time = 8.369613e-02 (Symanzik1) mflops = 4.211918e+03
FFTIME:  time = 2.783260e-01 (asqtad3) terms = 2 mflops = 3.592414e+03
CONGRAD5: time = 5.251169e-03 (fn F) masses = 1 iters = 5 mflops = 2.604037e+03
 OK converged final_rsq= 0.0088 (cf 0.016) rel = 1 (cf 0) restarts = 1 iters= 5
CONGRAD5: time = 5.217075e-03 (fn F) masses = 1 iters = 5 mflops = 2.621055e+03
 OK converged final_rsq= 0.0084 (cf 0.016) rel = 1 (cf 0) restarts = 1 iters= 5
GFTIME:   time = 8.316517e-02 (Symanzik1) mflops = 4.238808e+03
FFTIME:  time = 2.766249e-01 (asqtad3) terms = 2 mflops = 3.614505e+03
CONGRAD5: time = 5.278111e-03 (fn F) masses = 1 iters = 5 mflops = 2.590745e+03
 OK converged final_rsq= 0.0085 (cf 0.016) rel = 1 (cf 0) restarts = 1 iters= 5
CONGRAD5: time = 5.311012e-03 (fn F) masses = 1 iters = 5 mflops = 2.574696e+03
 OK converged final_rsq= 0.0083 (cf 0.016) rel = 1 (cf 0) restarts = 1 iters= 5
GFTIME:   time = 8.343196e-02 (Symanzik1) mflops = 4.225254e+03
FFTIME:  time = 2.776291e-01 (asqtad3) terms = 2 mflops = 3.601431e+03
CONGRAD5: time = 5.275011e-03 (fn F) masses = 1 iters = 5 mflops = 2.592268e+03
 OK converged final_rsq= 0.0074 (cf 0.016) rel = 1 (cf 0) restarts = 1 iters= 5
CONGRAD5: time = 4.540920e-03 (fn F) masses = 1 iters = 4 mflops = 2.409069e+03
 OK converged final_rsq= 0.015 (cf 0.016) rel = 1 (cf 0) restarts = 1 iters= 4
GFTIME:   time = 8.348298e-02 (Symanzik1) mflops = 4.222672e+03
FFTIME:  time = 2.766821e-01 (asqtad3) terms = 2 mflops = 3.613758e+03
PLAQ:	2.013197	2.012697
P_LOOP:	-9.701259e-03	-3.360078e-02
G_LOOP:  0  0  4   	2.010792e+00	( 0 1 7 6  )
G_LOOP:  0  1  4   	2.013326e+00	( 0 2 7 5  )
G_LOOP:  0  2  4   	2.011958e+00	( 0 3 7 4  )
G_LOOP:  0  3  4   	2.015472e+00	( 1 2 6 5  )
G_LOOP:  0  4  4   	2.013512e+00	( 1 3 6 4  )
G_LOOP:  0  5  4   	2.012622e+00	( 2 3 5 4  )
G_LOOP:  1  0  6   	1.296020e+00	( 0 0 1 7 7 6  )
G_LOOP:  1  1  6   	1.302380e+00	( 0 0 2 7 7 5  )
G_LOOP:  1  2  6   	1.300113e+00	( 0 0 3 7 7 4  )
G_LOOP:  1  3  6   	1.297978e+00	( 1 1 0 6 6 7  )
G_LOOP:  1  4  6   	1.302920e+00	( 1 1 2 6 6 5  )
G_LOOP:  1  5  6   	1.301147e+00	( 1 1 3 6 6 4  )
G_LOOP:  1  6  6   	1.301421e+00	( 2 2 0 5 5 7  )
G_LOOP:  1  7  6   	1.302576e+00	( 2 2 1 5 5 6  )
G_LOOP:  1  8  6   	1.298934e+00	( 2 2 3 5 5 4  )
G_LOOP:  1  9  6   	1.299910e+00	( 3 3 0 4 4 7  )
G_LOOP:  1  10  6   	1.299603e+00	( 3 3 1 4 4 6  )
G_LOOP:  1  11  6   	1.299806e+00	( 3 3 2 4 4 5  )
G_LOOP:  2  0  6   	1.339921e+00	( 0 1 2 7 6 5  )
G_LOOP:  2  1  6   	1.347332e+00	( 0 1 5 7 6 2  )
G_LOOP:  2  2  6   	1.347822e+00	( 0 6 2 7 1 5  )
G_LOOP:  2  3  6   	1.345578e+00	( 0 6 5 7 1 2  )
G_LOOP:  2  4  6   	1.348037e+00	( 0 1 3 7 6 4  )
G_LOOP:  2  5  6   	1.342259e+00	( 0 1 4 7 6 3  )
G_LOOP:  2  6  6   	1.341849e+00	( 0 6 3 7 1 4  )
G_LOOP:  2  7  6   	1.343166e+00	( 0 6 4 7 1 3  )
G_LOOP:  2  8  6   	1.344500e+00	( 0 2 3 7 5 4  )
G_LOOP:  2  9  6   	1.342721e+00	( 0 2 4 7 5 3  )
G_LOOP:  2  10  6   	1.346118e+00	( 0 5 3 7 2 4  )
G_LOOP:  2  11  6   	1.343245e+00	( 0 5 4 7 2 3  )
G_LOOP:  2  12  6   	1.346085e+00	( 1 2 3 6 5 4  )
G_LOOP:  2  13  6   	1.347991e+00	( 1 2 4 6 5 3  )
G_LOOP:  2  14  6   	1.347405e+00	( 1 5 3 6 2 4  )
G_LOOP:  2  15  6   	1.344994e+00	( 1 5 4 6 2 3  )
GACTION: 4.065920e+00
CONGRAD5: time = 4.636049e-03 (fn F) masses = 1 iters = 4 mflops = 2.359637e+03
 OK converged final_rsq= 0.014 (cf 0.016) rel = 1 (cf 0) restarts = 1 iters= 4
CONGRAD5: time = 5.892992e-03 (fn F) masses = 1 iters = 6 mflops = 2.784509e+03
 OK converged final_rsq= 0.013 (cf 0.016) rel = 1 (cf 0) restarts = 1 iters= 6
PBP: mass 1.250000e-01     8.666703e-02  1.656794e-01  8.855824e-04  1.540118e-03 ( 1 of 1 )
FACTION: mass = 1.250000e-01,  1.448829e+00 ( 1 of 1 )
CONGRAD5: time = 4.540920e-03 (fn F) masses = 1 iters = 4 mflops = 2.409069e+03
 OK converged final_rsq= 0.014 (cf 0.016) rel = 1 (cf 0) restarts = 1 iters= 4
CONGRAD5: time = 5.892038e-03 (fn F) masses = 1 iters = 6 mflops = 2.784959e+03
 OK converged final_rsq= 0.013 (cf 0.016) rel = 1 (cf 0) restarts = 1 iters= 6
PBP: mass 1.250000e-01     8.854628e-02  1.707834e-01  -1.891601e-04  1.187543e-04 ( 1 of 1 )
FACTION: mass = 1.250000e-01,  1.441431e+00 ( 1 of 1 )
CONGRAD5: time = 5.241871e-03 (fn F) masses = 1 iters = 5 mflops = 2.608656e+03
 OK converged final_rsq= 0.0075 (cf 0.016) rel = 1 (cf 0) restarts = 1 iters= 5
CONGRAD5: time = 4.578829e-03 (fn F) masses = 1 iters = 4 mflops = 2.389124e+03
 OK converged final_rsq= 0.015 (cf 0.016) rel = 1 (cf 0) restarts = 1 iters= 4
GFTIME:   time = 8.365488e-02 (Symanzik1) mflops = 4.213995e+03
FFTIME:  time = 2.777400e-01 (asqtad3) terms = 2 mflops = 3.599994e+03
CONGRAD5: time = 5.290031e-03 (fn F) masses = 1 iters = 5 mflops = 2.584907e+03
 OK converged final_rsq= 0.0094 (cf 0.016) rel = 1 (cf 0) restarts = 1 iters= 5
CONGRAD5: time = 5.172968e-03 (fn F) masses = 1 iters = 5 mflops = 2.643403e+03
 OK converged final_rsq= 0.0087 (cf 0.016) rel = 1 (cf 0) restarts = 1 iters= 5
GFTIME:   time = 8.370423e-02 (Symanzik1) mflops = 4.211510e+03
FFTIME:  time = 2.781250e-01 (asqtad3) terms = 2 mflops = 3.595010e+03
CONGRAD5: time = 5.305052e-03 (fn F) masses = 1 iters = 5 mflops = 2.577588e+03
 OK converged final_rsq= 0.011 (cf 0.016) rel = 1 (cf 0) restarts = 1 iters= 5
CONGRAD5: time = 5.261898e-03 (fn F) masses = 1 iters = 5 mflops = 2.598728e+03
 OK converged final_rsq= 0.01 (cf 0.016) rel = 1 (cf 0) restarts = 1 iters= 5
GFTIME:   time = 8.432317e-02 (Symanzik1) mflops = 4.180597e+03
FFTIME:  time = 2.764990e-01 (asqtad3) terms = 2 mflops = 3.616151e+03
CONGRAD5: time = 5.238056e-03 (fn F) masses = 1 iters = 5 mflops = 2.610556e+03
 OK converged final_rsq= 0.011 (cf 0.016) rel = 1 (cf 0) restarts = 1 iters= 5
CONGRAD5: time = 5.148888e-03 (fn F) masses = 1 iters = 5 mflops = 2.655766e+03
 OK converged final_rsq= 0.01 (cf 0.016) rel = 1 (cf 0) restarts = 1 iters= 5
GFTIME:   time = 8.322191e-02 (Symanzik1) mflops = 4.235918e+03
FFTIME:  time = 2.775869e-01 (asqtad3) terms = 2 mflops = 3.601979e+03
CONGRAD5: time = 5.343199e-03 (fn F) masses = 1 iters = 5 mflops = 2.559186e+03
 OK converged final_rsq= 0.0099 (cf 0.016) rel = 1 (cf 0) restarts = 1 iters= 5
CONGRAD5: time = 5.295992e-03 (fn F) masses = 1 iters = 5 mflops = 2.581998e+03
 OK converged final_rsq= 0.0095 (cf 0.016) rel = 1 (cf 0) restarts = 1 iters= 5
GFTIME:   time = 8.444309e-02 (Symanzik1) mflops = 4.174660e+03
FFTIME:  time = 2.848089e-01 (asqtad3) terms = 2 mflops = 3.510643e+03
PLAQ:	1.791285	1.791269
P_LOOP:	-6.432482e-03	-5.703914e-03
G_LOOP:  0  0  4   	1.790148e+00	( 0 1 7 6  )
G_LOOP:  0  1  4   	1.791518e+00	( 0 2 7 5  )
G_LOOP:  0  2  4   	1.792043e+00	( 0 3 7 4  )
G_LOOP:  0  3  4   	1.792188e+00	( 1 2 6 5  )
G_LOOP:  0  4  4   	1.790762e+00	( 1 3 6 4  )
G_LOOP:  0  5  4   	1.791001e+00	( 2 3 5 4  )
G_LOOP:  1  0  6   	1.019748e+00	( 0 0 1 7 7 6  )
G_LOOP:  1  1  6   	1.025132e+00	( 0 0 2 7 7 5  )
G_LOOP:  1  2  6   	1.023343e+00	( 0 0 3 7 7 4  )
G_LOOP:  1  3  6   	1.020574e+00	( 1 1 0 6 6 7  )
G_LOOP:  1  4  6   	1.021528e+00	( 1 1 2 6 6 5  )
G_LOOP:  1  5  6   	1.025131e+00	( 1 1 3 6 6 4  )
G_LOOP:  1  6  6   	1.026650e+00	( 2 2 0 5 5 7  )
G_LOOP:  1  7  6   	1.018998e+00	( 2 2 1 5 5 6  )
G_LOOP:  1  8  6   	1.019490e+00	( 2 2 3 5 5 4  )
G_LOOP:  1  9  6   	1.025211e+00	( 3 3 0 4 4 7  )
G_LOOP:  1  10  6   	1.026625e+00	( 3 3 1 4 4 6  )
G_LOOP:  1  11  6   	1.022026e+00	( 3 3 2 4 4 5  )
G_LOOP:  2  0  6   	1.057034e+00	( 0 1 2 7 6 5  )
G_LOOP:  2  1  6   	1.059629e+00	( 0 1 5 7 6 2  )
G_LOOP:  2  2  6   	1.056571e+00	( 0 6 2 7 1 5  )
G_LOOP:  2  3  6   	1.053607e+00	( 0 6 5 7 1 2  )
G_LOOP:  2  4  6   	1.063099e+00	( 0 1 3 7 6 4  )
G_LOOP:  2  5  6   	1.054479e+00	( 0 1 4 7 6 3  )
G_LOOP:  2  6  6   	1.050944e+00	( 0 6 3 7 1 4  )
G_LOOP:  2  7  6   	1.056895e+00	( 0 6 4 7 1 3  )
G_LOOP:  2  8  6   	1.054540e+00	( 0 2 3 7 5 4  )
G_LOOP:  2  9  6   	1.059955e+00	( 0 2 4 7 5 3  )
G_LOOP:  2  10  6   	1.063218e+00	( 0 5 3 7 2 4  )
G_LOOP:  2  11  6   	1.057845e+00	( 0 5 4 7 2 3  )
G_LOOP:  2  12  6   	1.060030e+00	( 1 2 3 6 5 4  )
G_LOOP:  2  13  6   	1.055929e+00	( 1 2 4 6 5 3  )
G_LOOP:  2  14  6   	1.056636e+00	( 1 5 3 6 2 4  )
G_LOOP:  2  15  6   	1.057973e+00	( 1 5 4 6 2 3  )
GACTION: 5.090137e+00
CONGRAD5: time = 5.319834e-03 (fn F) masses = 1 iters = 5 mflops = 2.570426e+03
 OK converged final_rsq= 0.0085 (cf 0.016) rel = 1 (cf 0) restarts = 1 iters= 5
CONGRAD5: time = 5.847931e-03 (fn F) masses = 1 iters = 6 mflops = 2.805965e+03
 OK converged final_rsq= 0.015 (cf 0.016) rel = 1 (cf 0) restarts = 1 iters= 6
PBP: mass 1.250000e-01     1.097814e-01  3.050916e-01  6.159745e-04  1.073530e-03 ( 1 of 1 )
FACTION: mass = 1.250000e-01,  1.454408e+00 ( 1 of 1 )
CONGRAD5: time = 5.712986e-03 (fn F) masses = 1 iters = 5 mflops = 2.393536e+03
 OK converged final_rsq= 0.0085 (cf 0.016) rel = 1 (cf 0) restarts = 1 iters= 5
CONGRAD5: time = 6.426096e-03 (fn F) masses = 1 iters = 6 mflops = 2.553508e+03
 OK converged final_rsq= 0.015 (cf 0.016) rel = 1 (cf 0) restarts = 1 iters= 6
PBP: mass 1.250000e-01     1.050922e-01  3.076434e-01  3.700241e-03  3.379920e-03 ( 1 of 1 )
FACTION: mass = 1.250000e-01,  1.453909e+00 ( 1 of 1 )
CONGRAD5: time = 5.388975e-03 (fn F) masses = 1 iters = 5 mflops = 2.537447e+03
 OK converged final_rsq= 0.01 (cf 0.016) rel = 1 (cf 0) restarts = 1 iters= 5
CONGRAD5: time = 5.363941e-03 (fn F) masses = 1 iters = 5 mflops = 2.549290e+03
 OK converged final_rsq= 0.0097 (cf 0.016) rel = 1 (cf 0) restarts = 1 iters= 5
GFTIME:   time = 8.490300e-02 (Symanzik1) mflops = 4.152047e+03
FFTIME:  time = 2.840731e-01 (asqtad3) terms = 2 mflops = 3.519736e+03
CONGRAD5: time = 5.429029e-03 (fn F) masses = 1 iters = 5 mflops = 2.518726e+03
 OK converged final_rsq= 0.012 (cf 0.016) rel = 1 (cf 0) restarts = 1 iters= 5
CONGRAD5: time = 5.357027e-03 (fn F) masses = 1 iters = 5 mflops = 2.552580e+03
 OK converged final_rsq= 0.011 (cf 0.016) rel = 1 (cf 0) restarts = 1 iters= 5
GFTIME:   time = 8.498502e-02 (Symanzik1) mflops = 4.148040e+03
FFTIME:  time = 2.847919e-01 (asqtad3) terms = 2 mflops = 3.510852e+03
CONGRAD5: time = 5.472898e-03 (fn F) masses = 1 iters = 5 mflops = 2.498537e+03
 OK converged final_rsq= 0.012 (cf 0.016) rel = 1 (cf 0) restarts = 1 iters= 5
CONGRAD5: time = 5.320072e-03 (fn F) masses = 1 iters = 5 mflops = 2.570311e+03
 OK converged final_rsq= 0.012 (cf 0.016) rel = 1 (cf 0) restarts = 1 iters= 5
GFTIME:   time = 8.547902e-02 (Symanzik1) mflops = 4.124067e+03
FFTIME:  time = 2.835760e-01 (asqtad3) terms = 2 mflops = 3.525906e+03
CONGRAD5: time = 5.402088e-03 (fn F) masses = 1 iters = 5 mflops = 2.531288e+03
 OK converged final_rsq= 0.012 (cf 0.016) rel = 1 (cf 0) restarts = 1 iters= 5
CONGRAD5: time = 5.379915e-03 (fn F) masses = 1 iters = 5 mflops = 2.541720e+03
 OK converged final_rsq= 0.012 (cf 0.016) rel = 1 (cf 0) restarts = 1 iters= 5
GFTIME:   time = 8.522606e-02 (Symanzik1) mflops = 4.136308e+03
FFTIME:  time = 2.824841e-01 (asqtad3) terms = 2 mflops = 3.539535e+03
CONGRAD5: time = 5.391121e-03 (fn F) masses = 1 iters = 5 mflops = 2.536437e+03
 OK converged final_rsq= 0.012 (cf 0.016) rel = 1 (cf 0) restarts = 1 iters= 5
CONGRAD5: time = 5.291939e-03 (fn F) masses = 1 iters = 5 mflops = 2.583975e+03
 OK converged final_rsq= 0.011 (cf 0.016) rel = 1 (cf 0) restarts = 1 iters= 5
GFTIME:   time = 8.500695e-02 (Symanzik1) mflops = 4.146969e+03
FFTIME:  time = 2.841282e-01 (asqtad3) terms = 2 mflops = 3.519053e+03
PLAQ:	1.644329	1.645266
P_LOOP:	-6.709792e-03	2.457538e-02
G_LOOP:  0  0  4   	1.645259e+00	( 0 1 7 6  )
G_LOOP:  0  1  4   	1.644887e+00	( 0 2 7 5  )
G_LOOP:  0  2  4   	1.648300e+00	( 0 3 7 4  )
G_LOOP:  0  3  4   	1.642841e+00	( 1 2 6 5  )
G_LOOP:  0  4  4   	1.643302e+00	( 1 3 6 4  )
G_LOOP:  0  5  4   	1.644196e+00	( 2 3 5 4  )
G_LOOP:  1  0  6   	8.570332e-01	( 0 0 1 7 7 6  )
G_LOOP:  1  1  6   	8.564349e-01	( 0 0 2 7 7 5  )
G_LOOP:  1  2  6   	8.575904e-01	( 0 0 3 7 7 4  )
G_LOOP:  1  3  6   	8.546200e-01	( 1 1 0 6 6 7  )
G_LOOP:  1  4  6   	8.518105e-01	( 1 1 2 6 6 5  )
G_LOOP:  1  5  6   	8.528352e-01	( 1 1 3 6 6 4  )
G_LOOP:  1  6  6   	8.522190e-01	( 2 2 0 5 5 7  )
G_LOOP:  1  7  6   	8.538568e-01	( 2 2 1 5 5 6  )
G_LOOP:  1  8  6   	8.539536e-01	( 2 2 3 5 5 4  )
G_LOOP:  1  9  6   	8.538749e-01	( 3 3 0 4 4 7  )
G_LOOP:  1  10  6   	8.509052e-01	( 3 3 1 4 4 6  )
G_LOOP:  1  11  6   	8.542319e-01	( 3 3 2 4 4 5  )
G_LOOP:  2  0  6   	8.757616e-01	( 0 1 2 7 6 5  )
G_LOOP:  2  1  6   	8.783519e-01	( 0 1 5 7 6 2  )
G_LOOP:  2  2  6   	8.732871e-01	( 0 6 2 7 1 5  )
G_LOOP:  2  3  6   	8.757185e-01	( 0 6 5 7 1 2  )
G_LOOP:  2  4  6   	8.808826e-01	( 0 1 3 7 6 4  )
G_LOOP:  2  5  6   	8.805856e-01	( 0 1 4 7 6 3  )
G_LOOP:  2  6  6   	8.736942e-01	( 0 6 3 7 1 4  )
G_LOOP:  2  7  6   	8.766187e-01	( 0 6 4 7 1 3  )
G_LOOP:  2  8  6   	8.765765e-01	( 0 2 3 7 5 4  )
G_LOOP:  2  9  6   	8.804759e-01	( 0 2 4 7 5 3  )
G_LOOP:  2  10  6   	8.758448e-01	( 0 5 3 7 2 4  )
G_LOOP:  2  11  6   	8.745625e-01	( 0 5 4 7 2 3  )
G_LOOP:  2  12  6   	8.722904e-01	( 1 2 3 6 5 4  )
G_LOOP:  2  13  6   	8.801306e-01	( 1 2 4 6 5 3  )
G_LOOP:  2  14  6   	8.763059e-01	( 1 5 3 6 2 4  )
G_LOOP:  2  15  6   	8.742140e-01	( 1 5 4 6 2 3  )
GACTION: 5.781983e+00
CONGRAD5: time = 5.326033e-03 (fn F) masses = 1 iters = 5 mflops = 2.567435e+03
 OK converged final_rsq= 0.01 (cf 0.016) rel = 1 (cf 0) restarts = 1 iters= 5
CONGRAD5: time = 6.551027e-03 (fn F) masses = 1 iters = 7 mflops = 2.922280e+03
 OK converged final_rsq= 0.0082 (cf 0.016) rel = 1 (cf 0) restarts = 1 iters= 7
PBP: mass 1.250000e-01     1.244008e-01  3.278295e-01  1.524636e-03  4.785546e-05 ( 1 of 1 )
FACTION: mass = 1.250000e-01,  1.429116e+00 ( 1 of 1 )
CONGRAD5: time = 5.216122e-03 (fn F) masses = 1 iters = 5 mflops = 2.621534e+03
 OK converged final_rsq= 0.01 (cf 0.016) rel = 1 (cf 0) restarts = 1 iters= 5
CONGRAD5: time = 6.548166e-03 (fn F) masses = 1 iters = 7 mflops = 2.923557e+03
 OK converged final_rsq= 0.0083 (cf 0.016) rel = 1 (cf 0) restarts = 1 iters= 7
PBP: mass 1.250000e-01     1.240261e-01  3.300110e-01  -6.302996e-04  -4.874612e-04 ( 1 of 1 )
FACTION: mass = 1.250000e-01,  1.440693e+00 ( 1 of 1 )
RUNNING COMPLETED
average cg iters for step= 1.100000e+01
Time = 1.102394e+01 seconds
total_iters = 552
Checksums eb39cb37 375da3b2
Saved gauge configuration in parallel to binary file lat_p64_size64_1
Time stamp Wed May 18 21:37:23 2022
Wrote info file lat_p64_size64_1.info
Time to save = 3.341818e-02
CHECK PLAQ: 1.644329e+00 1.645266e+00
CHECK NERSC LINKTR: 1.712149e-01 CKSUM: b2397a8b


warms 0
trajecs 4
traj_between_meas 1
beta 5.6
mass1 0.01
mass2 0.01
u0 0.8441
microcanonical_time_step 0.02
steps_per_trajectory 15
max_cg_iterations 300
max_cg_restarts 5
error_per_site 1e-05
error_for_propagator 1e-05
npbp_reps 1
prec_pbp 1
reload_parallel lat_p64_size64_1
save_parallel lat_p64_size64_2
Restored binary gauge configuration in parallel from file lat_p64_size64_1
Time stamp Wed May 18 21:37:23 2022
Checksums eb39cb37 375da3b2 OK
Time to reload gauge configuration = 1.832414e-02
CHECK PLAQ: 1.644329e+00 1.645266e+00
CHECK NERSC LINKTR: 1.712149e-01 CKSUM: b2397a8b
Unitarity checked.  Max deviation 2.98e-07
Time to check unitarity = 3.750324e-04
"O(a^2): couplings(pi)=0, Naik term, No O(a^2) errors, tadpole weights"
path coefficients: npath  path_coeff  multiplicity
                    0      6.250000e-01     8
                    1      -5.847914e-02     8
                    2      -8.771871e-02     48
                    3      3.077829e-02     192
                    4      -7.199551e-03     384
                    5      -1.231132e-01     48
Symanzik 1x1 + 1x2 + 1x1x1 action
gauge_action: total_dyn_flavors = 3
loop coefficients: nloop rep loop_coeff  multiplicity
                    0 0      1.000000e+00     6
                    1 0      -7.762509e-02     12
                    2 0      -1.031171e-02     16
WARMUPS COMPLETED
CONGRAD5: time = 4.142051e-01 (fn F) masses = 1 iters = 602 mflops = 3.974791e+03
 OK converged final_rsq= 8.7e-11 (cf 1e-10) rel = 1 (cf 0) restarts = 3 iters= 602
CONGRAD5: time = 4.133389e-01 (fn F) masses = 1 iters = 602 mflops = 3.983120e+03
 OK converged final_rsq= 5.9e-11 (cf 1e-10) rel = 1 (cf 0) restarts = 3 iters= 602
GFTIME:   time = 8.464003e-02 (Symanzik1) mflops = 4.164947e+03
FFTIME:  time = 2.832301e-01 (asqtad3) terms = 2 mflops = 3.530212e+03
CONGRAD5: time = 4.785221e-01 (fn F) masses = 1 iters = 697 mflops = 3.983493e+03
 OK converged final_rsq= 1e-10 (cf 1e-10) rel = 1 (cf 0) restarts = 3 iters= 697
CONGRAD5: time = 4.134760e-01 (fn F) masses = 1 iters = 602 mflops = 3.981800e+03
 OK converged final_rsq= 8.1e-11 (cf 1e-10) rel = 1 (cf 0) restarts = 3 iters= 602
GFTIME:   time = 8.448005e-02 (Symanzik1) mflops = 4.172834e+03
FFTIME:  time = 2.861640e-01 (asqtad3) terms = 2 mflops = 3.494018e+03
CONGRAD5: time = 4.789891e-01 (fn F) masses = 1 iters = 696 mflops = 3.973899e+03
 OK converged final_rsq= 9.8e-11 (cf 1e-10) rel = 1 (cf 0) restarts = 3 iters= 696
CONGRAD5: time = 4.130111e-01 (fn F) masses = 1 iters = 602 mflops = 3.986282e+03
 OK converged final_rsq= 4.9e-11 (cf 1e-10) rel = 1 (cf 0) restarts = 3 iters= 602
GFTIME:   time = 8.426404e-02 (Symanzik1) mflops = 4.183531e+03
FFTIME:  time = 2.845259e-01 (asqtad3) terms = 2 mflops = 3.514135e+03
CONGRAD5: time = 5.062609e-01 (fn F) masses = 1 iters = 736 mflops = 3.975911e+03
 OK converged final_rsq= 5e-11 (cf 1e-10) rel = 1 (cf 0) restarts = 4 iters= 736
CONGRAD5: time = 4.128680e-01 (fn F) masses = 1 iters = 602 mflops = 3.987663e+03
 OK converged final_rsq= 6.1e-11 (cf 1e-10) rel = 1 (cf 0) restarts = 3 iters= 602
GFTIME:   time = 8.411717e-02 (Symanzik1) mflops = 4.190835e+03
FFTIME:  time = 2.844400e-01 (asqtad3) terms = 2 mflops = 3.515195e+03
CONGRAD5: time = 4.889040e-01 (fn F) masses = 1 iters = 712 mflops = 3.982810e+03
 OK converged final_rsq= 9.9e-11 (cf 1e-10) rel = 1 (cf 0) restarts = 3 iters= 712
CONGRAD5: time = 4.132628e-01 (fn F) masses = 1 iters = 602 mflops = 3.983853e+03
 OK converged final_rsq= 4.4e-11 (cf 1e-10) rel = 1 (cf 0) restarts = 3 iters= 602
GFTIME:   time = 8.430791e-02 (Symanzik1) mflops = 4.181354e+03
FFTIME:  time = 2.833710e-01 (asqtad3) terms = 2 mflops = 3.528457e+03
CONGRAD5: time = 4.960890e-01 (fn F) masses = 1 iters = 723 mflops = 3.985767e+03
 OK converged final_rsq= 9.9e-11 (cf 1e-10) rel = 1 (cf 0) restarts = 3 iters= 723
CONGRAD5: time = 4.751539e-01 (fn F) masses = 1 iters = 694 mflops = 3.994462e+03
 OK converged final_rsq= 9.9e-11 (cf 1e-10) rel = 1 (cf 0) restarts = 3 iters= 694
GFTIME:   time = 8.396697e-02 (Symanzik1) mflops = 4.198332e+03
FFTIME:  time = 2.842679e-01 (asqtad3) terms = 2 mflops = 3.517324e+03
CONGRAD5: time = 4.822631e-01 (fn F) masses = 1 iters = 702 mflops = 3.980946e+03
 OK converged final_rsq= 9.9e-11 (cf 1e-10) rel = 1 (cf 0) restarts = 3 iters= 702
CONGRAD5: time = 4.735711e-01 (fn F) masses = 1 iters = 691 mflops = 3.990489e+03
 OK converged final_rsq= 9.9e-11 (cf 1e-10) rel = 1 (cf 0) restarts = 3 iters= 691
GFTIME:   time = 8.415008e-02 (Symanzik1) mflops = 4.189197e+03
FFTIME:  time = 2.848060e-01 (asqtad3) terms = 2 mflops = 3.510678e+03
CONGRAD5: time = 5.126870e-01 (fn F) masses = 1 iters = 747 mflops = 3.984754e+03
 OK converged final_rsq= 5e-11 (cf 1e-10) rel = 1 (cf 0) restarts = 4 iters= 747
CONGRAD5: time = 4.786141e-01 (fn F) masses = 1 iters = 698 mflops = 3.988441e+03
 OK converged final_rsq= 9.9e-11 (cf 1e-10) rel = 1 (cf 0) restarts = 3 iters= 698
GFTIME:   time = 8.468699e-02 (Symanzik1) mflops = 4.162637e+03
FFTIME:  time = 2.839420e-01 (asqtad3) terms = 2 mflops = 3.521361e+03
CONGRAD5: time = 4.134130e-01 (fn F) masses = 1 iters = 602 mflops = 3.982406e+03
 OK converged final_rsq= 6.1e-11 (cf 1e-10) rel = 1 (cf 0) restarts = 3 iters= 602
CONGRAD5: time = 4.125750e-01 (fn F) masses = 1 iters = 602 mflops = 3.990495e+03
 OK converged final_rsq= 8.1e-11 (cf 1e-10) rel = 1 (cf 0) restarts = 3 iters= 602
GFTIME:   time = 8.454299e-02 (Symanzik1) mflops = 4.169727e+03
FFTIME:  time = 2.832839e-01 (asqtad3) terms = 2 mflops = 3.529541e+03
CONGRAD5: time = 5.023651e-01 (fn F) masses = 1 iters = 733 mflops = 3.990412e+03
 OK converged final_rsq= 1e-10 (cf 1e-10) rel = 1 (cf 0) restarts = 3 iters= 733
CONGRAD5: time = 4.712059e-01 (fn F) masses = 1 iters = 687 mflops = 3.987302e+03
 OK converged final_rsq= 5e-11 (cf 1e-10) rel = 1 (cf 0) restarts = 4 iters= 687
GFTIME:   time = 8.434200e-02 (Symanzik1) mflops = 4.179664e+03
FFTIME:  time = 2.837291e-01 (asqtad3) terms = 2 mflops = 3.524004e+03
CONGRAD5: time = 4.810159e-01 (fn F) masses = 1 iters = 702 mflops = 3.991268e+03
 OK converged final_rsq= 1e-10 (cf 1e-10) rel = 1 (cf 0) restarts = 3 iters= 702
CONGRAD5: time = 4.888310e-01 (fn F) masses = 1 iters = 714 mflops = 3.994594e+03
 OK converged final_rsq= 9.9e-11 (cf 1e-10) rel = 1 (cf 0) restarts = 3 iters= 714
GFTIME:   time = 8.422685e-02 (Symanzik1) mflops = 4.185378e+03
FFTIME:  time = 2.860000e-01 (asqtad3) terms = 2 mflops = 3.496022e+03
CONGRAD5: time = 5.060210e-01 (fn F) masses = 1 iters = 736 mflops = 3.977795e+03
 OK converged final_rsq= 5e-11 (cf 1e-10) rel = 1 (cf 0) restarts = 4 iters= 736
CONGRAD5: time = 4.745510e-01 (fn F) masses = 1 iters = 691 mflops = 3.982249e+03
 OK converged final_rsq= 1e-10 (cf 1e-10) rel = 1 (cf 0) restarts = 3 iters= 691
GFTIME:   time = 8.416510e-02 (Symanzik1) mflops = 4.188449e+03
FFTIME:  time = 2.849159e-01 (asqtad3) terms = 2 mflops = 3.509324e+03
CONGRAD5: time = 4.138432e-01 (fn F) masses = 1 iters = 602 mflops = 3.978267e+03
 OK converged final_rsq= 5.9e-11 (cf 1e-10) rel = 1 (cf 0) restarts = 3 iters= 602
CONGRAD5: time = 4.824929e-01 (fn F) masses = 1 iters = 704 mflops = 3.990386e+03
 OK converged final_rsq= 9.9e-11 (cf 1e-10) rel = 1 (cf 0) restarts = 3 iters= 704
GFTIME:   time = 8.413887e-02 (Symanzik1) mflops = 4.189755e+03
FFTIME:  time = 2.837040e-01 (asqtad3) terms = 2 mflops = 3.524315e+03
CONGRAD5: time = 4.952381e-01 (fn F) masses = 1 iters = 722 mflops = 3.987093e+03
 OK converged final_rsq= 1e-10 (cf 1e-10) rel = 1 (cf 0) restarts = 3 iters= 722
CONGRAD5: time = 4.889901e-01 (fn F) masses = 1 iters = 714 mflops = 3.993295e+03
 OK converged final_rsq= 9.9e-11 (cf 1e-10) rel = 1 (cf 0) restarts = 3 iters= 714
GFTIME:   time = 8.490109e-02 (Symanzik1) mflops = 4.152140e+03
FFTIME:  time = 2.833152e-01 (asqtad3) terms = 2 mflops = 3.529152e+03
CONGRAD5: time = 5.045750e-01 (fn F) masses = 1 iters = 734 mflops = 3.978355e+03
 OK converged final_rsq= 5e-11 (cf 1e-10) rel = 1 (cf 0) restarts = 4 iters= 734
CONGRAD5: time = 5.001631e-01 (fn F) masses = 1 iters = 730 mflops = 3.991576e+03
 OK converged final_rsq= 5e-11 (cf 1e-10) rel = 1 (cf 0) restarts = 4 iters= 730
GFTIME:   time = 8.407903e-02 (Symanzik1) mflops = 4.192737e+03
FFTIME:  time = 2.835319e-01 (asqtad3) terms = 2 mflops = 3.526454e+03
PLAQ:	1.539774	1.537947
P_LOOP:	2.137525e-02	-1.868548e-03
G_LOOP:  0  0  4   	1.540746e+00	( 0 1 7 6  )
G_LOOP:  0  1  4   	1.540140e+00	( 0 2 7 5  )
G_LOOP:  0  2  4   	1.541719e+00	( 0 3 7 4  )
G_LOOP:  0  3  4   	1.538434e+00	( 1 2 6 5  )
G_LOOP:  0  4  4   	1.537550e+00	( 1 3 6 4  )
G_LOOP:  0  5  4   	1.534573e+00	( 2 3 5 4  )
G_LOOP:  1  0  6   	7.790819e-01	( 0 0 1 7 7 6  )
G_LOOP:  1  1  6   	7.799391e-01	( 0 0 2 7 7 5  )
G_LOOP:  1  2  6   	7.791043e-01	( 0 0 3 7 7 4  )
G_LOOP:  1  3  6   	7.764447e-01	( 1 1 0 6 6 7  )
G_LOOP:  1  4  6   	7.782270e-01	( 1 1 2 6 6 5  )
G_LOOP:  1  5  6   	7.747586e-01	( 1 1 3 6 6 4  )
G_LOOP:  1  6  6   	7.836418e-01	( 2 2 0 5 5 7  )
G_LOOP:  1  7  6   	7.799032e-01	( 2 2 1 5 5 6  )
G_LOOP:  1  8  6   	7.734723e-01	( 2 2 3 5 5 4  )
G_LOOP:  1  9  6   	7.777085e-01	( 3 3 0 4 4 7  )
G_LOOP:  1  10  6   	7.756252e-01	( 3 3 1 4 4 6  )
G_LOOP:  1  11  6   	7.764703e-01	( 3 3 2 4 4 5  )
G_LOOP:  2  0  6   	7.994985e-01	( 0 1 2 7 6 5  )
G_LOOP:  2  1  6   	7.979915e-01	( 0 1 5 7 6 2  )
G_LOOP:  2  2  6   	7.953705e-01	( 0 6 2 7 1 5  )
G_LOOP:  2  3  6   	8.003053e-01	( 0 6 5 7 1 2  )
G_LOOP:  2  4  6   	8.009586e-01	( 0 1 3 7 6 4  )
G_LOOP:  2  5  6   	7.984360e-01	( 0 1 4 7 6 3  )
G_LOOP:  2  6  6   	7.979490e-01	( 0 6 3 7 1 4  )
G_LOOP:  2  7  6   	7.995333e-01	( 0 6 4 7 1 3  )
G_LOOP:  2  8  6   	7.957329e-01	( 0 2 3 7 5 4  )
G_LOOP:  2  9  6   	7.977878e-01	( 0 2 4 7 5 3  )
G_LOOP:  2  10  6   	7.963617e-01	( 0 5 3 7 2 4  )
G_LOOP:  2  11  6   	7.972991e-01	( 0 5 4 7 2 3  )
G_LOOP:  2  12  6   	7.945366e-01	( 1 2 3 6 5 4  )
G_LOOP:  2  13  6   	8.011747e-01	( 1 2 4 6 5 3  )
G_LOOP:  2  14  6   	7.986753e-01	( 1 5 3 6 2 4  )
G_LOOP:  2  15  6   	7.990682e-01	( 1 5 4 6 2 3  )
GACTION: 6.333642e+00
CONGRAD5: time = 4.866650e-01 (fn F) masses = 1 iters = 710 mflops = 3.989895e+03
 OK converged final_rsq= 9.9e-11 (cf 1e-10) rel = 1 (cf 0) restarts = 3 iters= 710
CONGRAD5: time = 5.561805e-02 (fn F) masses = 1 iters = 79 mflops = 3.884584e+03
 OK converged final_rsq= 9.7e-11 (cf 1e-10) rel = 1 (cf 0) restarts = 1 iters= 79
PBP: mass 1.000000e-02     5.439549e-02  3.149370e-02  7.460282e-03  7.456457e-03 ( 1 of 1 )
FACTION: mass = 1.000000e-02,  1.500299e+00 ( 1 of 1 )
CONGRAD5: time = 4.801199e-01 (fn F) masses = 1 iters = 701 mflops = 3.993020e+03
 OK converged final_rsq= 5e-11 (cf 1e-10) rel = 1 (cf 0) restarts = 4 iters= 701
CONGRAD5: time = 5.167794e-02 (fn F) masses = 1 iters = 73 mflops = 3.863232e+03
 OK converged final_rsq= 9.9e-11 (cf 1e-10) rel = 1 (cf 0) restarts = 1 iters= 73
PBP: mass 1.000000e-02     5.045901e-02  4.403169e-02  -3.122000e-03  -3.124954e-03 ( 1 of 1 )
FACTION: mass = 1.000000e-02,  1.498603e+00 ( 1 of 1 )
CONGRAD5: time = 4.966819e-01 (fn F) masses = 1 iters = 724 mflops = 3.986515e+03
 OK converged final_rsq= 9.8e-11 (cf 1e-10) rel = 1 (cf 0) restarts = 3 iters= 724
CONGRAD5: time = 4.698162e-01 (fn F) masses = 1 iters = 685 mflops = 3.987455e+03
 OK converged final_rsq= 9.8e-11 (cf 1e-10) rel = 1 (cf 0) restarts = 3 iters= 685
GFTIME:   time = 8.461308e-02 (Symanzik1) mflops = 4.166273e+03
FFTIME:  time = 2.858381e-01 (asqtad3) terms = 2 mflops = 3.498002e+03
CONGRAD5: time = 5.133460e-01 (fn F) masses = 1 iters = 746 mflops = 3.974311e+03
 OK converged final_rsq= 5e-11 (cf 1e-10) rel = 1 (cf 0) restarts = 4 iters= 746
CONGRAD5: time = 4.130361e-01 (fn F) masses = 1 iters = 602 mflops = 3.986040e+03
 OK converged final_rsq= 7.6e-11 (cf 1e-10) rel = 1 (cf 0) restarts = 3 iters= 602
GFTIME:   time = 8.463502e-02 (Symanzik1) mflops = 4.165193e+03
FFTIME:  time = 2.842050e-01 (asqtad3) terms = 2 mflops = 3.518103e+03
CONGRAD5: time = 5.004981e-01 (fn F) masses = 1 iters = 729 mflops = 3.983440e+03
 OK converged final_rsq= 5e-11 (cf 1e-10) rel = 1 (cf 0) restarts = 4 iters= 729
CONGRAD5: time = 4.876790e-01 (fn F) masses = 1 iters = 711 mflops = 3.987207e+03
 OK converged final_rsq= 5e-11 (cf 1e-10) rel = 1 (cf 0) restarts = 4 iters= 711
GFTIME:   time = 8.441186e-02 (Symanzik1) mflops = 4.176205e+03
FFTIME:  time = 2.833221e-01 (asqtad3) terms = 2 mflops = 3.529066e+03
CONGRAD5: time = 4.808810e-01 (fn F) masses = 1 iters = 699 mflops = 3.975326e+03
 OK converged final_rsq= 5e-11 (cf 1e-10) rel = 1 (cf 0) restarts = 4 iters= 699
CONGRAD5: time = 4.929760e-01 (fn F) masses = 1 iters = 719 mflops = 3.988746e+03
 OK converged final_rsq= 1e-10 (cf 1e-10) rel = 1 (cf 0) restarts = 3 iters= 719
GFTIME:   time = 8.427882e-02 (Symanzik1) mflops = 4.182797e+03
FFTIME:  time = 2.835941e-01 (asqtad3) terms = 2 mflops = 3.525680e+03
CONGRAD5: time = 5.007460e-01 (fn F) masses = 1 iters = 731 mflops = 3.992391e+03
 OK converged final_rsq= 1e-10 (cf 1e-10) rel = 1 (cf 0) restarts = 3 iters= 731
CONGRAD5: time = 4.696860e-01 (fn F) masses = 1 iters = 683 mflops = 3.976914e+03
 OK converged final_rsq= 5e-11 (cf 1e-10) rel = 1 (cf 0) restarts = 4 iters= 683
GFTIME:   time = 8.370805e-02 (Symanzik1) mflops = 4.211318e+03
FFTIME:  time = 2.843900e-01 (asqtad3) terms = 2 mflops = 3.515814e+03
CONGRAD5: time = 5.306971e-01 (fn F) masses = 1 iters = 771 mflops = 3.973204e+03
 OK converged final_rsq= 5e-11 (cf 1e-10) rel = 1 (cf 0) restarts = 4 iters= 771
CONGRAD5: time = 4.883718e-01 (fn F) masses = 1 iters = 712 mflops = 3.987150e+03
 OK converged final_rsq= 1e-10 (cf 1e-10) rel = 1 (cf 0) restarts = 3 iters= 712
GFTIME:   time = 8.420491e-02 (Symanzik1) mflops = 4.186469e+03
FFTIME:  time = 2.832589e-01 (asqtad3) terms = 2 mflops = 3.529853e+03
CONGRAD5: time = 4.908822e-01 (fn F) masses = 1 iters = 714 mflops = 3.977903e+03
 OK converged final_rsq= 5e-11 (cf 1e-10) rel = 1 (cf 0) restarts = 4 iters= 714
CONGRAD5: time = 4.137449e-01 (fn F) masses = 1 iters = 602 mflops = 3.979211e+03
 OK converged final_rsq= 7.4e-11 (cf 1e-10) rel = 1 (cf 0) restarts = 3 iters= 602
GFTIME:   time = 8.431792e-02 (Symanzik1) mflops = 4.180857e+03
FFTIME:  time = 2.847011e-01 (asqtad3) terms = 2 mflops = 3.511972e+03
CONGRAD5: time = 5.041318e-01 (fn F) masses = 1 iters = 735 mflops = 3.987277e+03
 OK converged final_rsq= 9.8e-11 (cf 1e-10) rel = 1 (cf 0) restarts = 3 iters= 735
CONGRAD5: time = 4.835482e-01 (fn F) masses = 1 iters = 706 mflops = 3.992989e+03
 OK converged final_rsq= 5e-11 (cf 1e-10) rel = 1 (cf 0) restarts = 4 iters= 706
GFTIME:   time = 8.439708e-02 (Symanzik1) mflops = 4.176936e+03
FFTIME:  time = 2.840378e-01 (asqtad3) terms = 2 mflops = 3.520173e+03
CONGRAD5: time = 4.953768e-01 (fn F) masses = 1 iters = 721 mflops = 3.980455e+03
 OK converged final_rsq= 5e-11 (cf 1e-10) rel = 1 (cf 0) restarts = 4 iters= 721
CONGRAD5: time = 5.136070e-01 (fn F) masses = 1 iters = 747 mflops = 3.977616e+03
 OK converged final_rsq= 5e-11 (cf 1e-10) rel = 1 (cf 0) restarts = 4 iters= 747
GFTIME:   time = 8.442211e-02 (Symanzik1) mflops = 4.175698e+03
FFTIME:  time = 2.851639e-01 (asqtad3) terms = 2 mflops = 3.506273e+03
CONGRAD5: time = 5.089550e-01 (fn F) masses = 1 iters = 739 mflops = 3.970985e+03
 OK converged final_rsq= 5e-11 (cf 1e-10) rel = 1 (cf 0) restarts = 4 iters= 739
CONGRAD5: time = 4.717460e-01 (fn F) masses = 1 iters = 688 mflops = 3.988535e+03
 OK converged final_rsq= 9.9e-11 (cf 1e-10) rel = 1 (cf 0) restarts = 3 iters= 688
GFTIME:   time = 8.457398e-02 (Symanzik1) mflops = 4.168199e+03
FFTIME:  time = 2.837360e-01 (asqtad3) terms = 2 mflops = 3.523918e+03
CONGRAD5: time = 5.114040e-01 (fn F) masses = 1 iters = 745 mflops = 3.984055e+03
 OK converged final_rsq= 5e-11 (cf 1e-10) rel = 1 (cf 0) restarts = 4 iters= 745
CONGRAD5: time = 4.906662e-01 (fn F) masses = 1 iters = 716 mflops = 3.990801e+03
 OK converged final_rsq= 1e-10 (cf 1e-10) rel = 1 (cf 0) restarts = 3 iters= 716
GFTIME:   time = 8.453894e-02 (Symanzik1) mflops = 4.169927e+03
FFTIME:  time = 2.857401e-01 (asqtad3) terms = 2 mflops = 3.499201e+03
CONGRAD5: time = 5.306871e-01 (fn F) masses = 1 iters = 772 mflops = 3.978432e+03
 OK converged final_rsq= 5e-11 (cf 1e-10) rel = 1 (cf 0) restarts = 4 iters= 772
CONGRAD5: time = 5.034809e-01 (fn F) masses = 1 iters = 733 mflops = 3.981568e+03
 OK converged final_rsq= 5e-11 (cf 1e-10) rel = 1 (cf 0) restarts = 4 iters= 733
GFTIME:   time = 8.451700e-02 (Symanzik1) mflops = 4.171009e+03
FFTIME:  time = 2.851760e-01 (asqtad3) terms = 2 mflops = 3.506123e+03
CONGRAD5: time = 4.959090e-01 (fn F) masses = 1 iters = 721 mflops = 3.976184e+03
 OK converged final_rsq= 5e-11 (cf 1e-10) rel = 1 (cf 0) restarts = 4 iters= 721
CONGRAD5: time = 4.969990e-01 (fn F) masses = 1 iters = 724 mflops = 3.983971e+03
 OK converged final_rsq= 5e-11 (cf 1e-10) rel = 1 (cf 0) restarts = 4 iters= 724
GFTIME:   time = 8.436894e-02 (Symanzik1) mflops = 4.178329e+03
FFTIME:  time = 2.832379e-01 (asqtad3) terms = 2 mflops = 3.530114e+03
CONGRAD5: time = 5.213339e-01 (fn F) masses = 1 iters = 759 mflops = 3.981612e+03
 OK converged final_rsq= 5e-11 (cf 1e-10) rel = 1 (cf 0) restarts = 4 iters= 759
CONGRAD5: time = 4.972799e-01 (fn F) masses = 1 iters = 727 mflops = 3.998220e+03
 OK converged final_rsq= 1e-10 (cf 1e-10) rel = 1 (cf 0) restarts = 3 iters= 727
GFTIME:   time = 8.470893e-02 (Symanzik1) mflops = 4.161559e+03
FFTIME:  time = 2.840960e-01 (asqtad3) terms = 2 mflops = 3.519452e+03
CONGRAD5: time = 5.186861e-01 (fn F) masses = 1 iters = 754 mflops = 3.975575e+03
 OK converged final_rsq= 4.9e-11 (cf 1e-10) rel = 1 (cf 0) restarts = 4 iters= 754
CONGRAD5: time = 4.127178e-01 (fn F) masses = 1 iters = 602 mflops = 3.989114e+03
 OK converged final_rsq= 9.2e-11 (cf 1e-10) rel = 1 (cf 0) restarts = 3 iters= 602
GFTIME:   time = 8.431196e-02 (Symanzik1) mflops = 4.181153e+03
FFTIME:  time = 2.841532e-01 (asqtad3) terms = 2 mflops = 3.518743e+03
PLAQ:	1.497626	1.498130
P_LOOP:	1.991909e-02	-1.379642e-02
G_LOOP:  0  0  4   	1.497047e+00	( 0 1 7 6  )
G_LOOP:  0  1  4   	1.498616e+00	( 0 2 7 5  )
G_LOOP:  0  2  4   	1.498145e+00	( 0 3 7 4  )
G_LOOP:  0  3  4   	1.497214e+00	( 1 2 6 5  )
G_LOOP:  0  4  4   	1.496954e+00	( 1 3 6 4  )
G_LOOP:  0  5  4   	1.499291e+00	( 2 3 5 4  )
G_LOOP:  1  0  6   	7.398073e-01	( 0 0 1 7 7 6  )
G_LOOP:  1  1  6   	7.422374e-01	( 0 0 2 7 7 5  )
G_LOOP:  1  2  6   	7.394495e-01	( 0 0 3 7 7 4  )
G_LOOP:  1  3  6   	7.382840e-01	( 1 1 0 6 6 7  )
G_LOOP:  1  4  6   	7.365532e-01	( 1 1 2 6 6 5  )
G_LOOP:  1  5  6   	7.371902e-01	( 1 1 3 6 6 4  )
G_LOOP:  1  6  6   	7.456752e-01	( 2 2 0 5 5 7  )
G_LOOP:  1  7  6   	7.428936e-01	( 2 2 1 5 5 6  )
G_LOOP:  1  8  6   	7.390187e-01	( 2 2 3 5 5 4  )
G_LOOP:  1  9  6   	7.398111e-01	( 3 3 0 4 4 7  )
G_LOOP:  1  10  6   	7.389642e-01	( 3 3 1 4 4 6  )
G_LOOP:  1  11  6   	7.400356e-01	( 3 3 2 4 4 5  )
G_LOOP:  2  0  6   	7.607733e-01	( 0 1 2 7 6 5  )
G_LOOP:  2  1  6   	7.581736e-01	( 0 1 5 7 6 2  )
G_LOOP:  2  2  6   	7.537819e-01	( 0 6 2 7 1 5  )
G_LOOP:  2  3  6   	7.623529e-01	( 0 6 5 7 1 2  )
G_LOOP:  2  4  6   	7.597389e-01	( 0 1 3 7 6 4  )
G_LOOP:  2  5  6   	7.537096e-01	( 0 1 4 7 6 3  )
G_LOOP:  2  6  6   	7.572606e-01	( 0 6 3 7 1 4  )
G_LOOP:  2  7  6   	7.594713e-01	( 0 6 4 7 1 3  )
G_LOOP:  2  8  6   	7.558015e-01	( 0 2 3 7 5 4  )
G_LOOP:  2  9  6   	7.618569e-01	( 0 2 4 7 5 3  )
G_LOOP:  2  10  6   	7.589309e-01	( 0 5 3 7 2 4  )
G_LOOP:  2  11  6   	7.602545e-01	( 0 5 4 7 2 3  )
G_LOOP:  2  12  6   	7.595571e-01	( 1 2 3 6 5 4  )
G_LOOP:  2  13  6   	7.632494e-01	( 1 2 4 6 5 3  )
G_LOOP:  2  14  6   	7.579410e-01	( 1 5 3 6 2 4  )
G_LOOP:  2  15  6   	7.601606e-01	( 1 5 4 6 2 3  )
GACTION: 6.537787e+00
CONGRAD5: time = 4.140201e-01 (fn F) masses = 1 iters = 602 mflops = 3.976567e+03
 OK converged final_rsq= 1e-10 (cf 1e-10) rel = 1 (cf 0) restarts = 3 iters= 602
CONGRAD5: time = 9.327102e-02 (fn F) masses = 1 iters = 133 mflops = 3.899762e+03
 OK converged final_rsq= 5e-11 (cf 1e-10) rel = 1 (cf 0) restarts = 2 iters= 133
PBP: mass 1.000000e-02     4.180596e-02  5.650046e-02  6.282065e-03  6.257703e-03 ( 1 of 1 )
FACTION: mass = 1.000000e-02,  1.499623e+00 ( 1 of 1 )
CONGRAD5: time = 4.863141e-01 (fn F) masses = 1 iters = 709 mflops = 3.987150e+03
 OK converged final_rsq= 5e-11 (cf 1e-10) rel = 1 (cf 0) restarts = 4 iters= 709
CONGRAD5: time = 5.305600e-02 (fn F) masses = 1 iters = 75 mflops = 3.865983e+03
 OK converged final_rsq= 1e-10 (cf 1e-10) rel = 1 (cf 0) restarts = 1 iters= 75
PBP: mass 1.000000e-02     4.935784e-02  4.621076e-02  -8.936203e-03  -8.936002e-03 ( 1 of 1 )
FACTION: mass = 1.000000e-02,  1.495237e+00 ( 1 of 1 )
CONGRAD5: time = 5.208180e-01 (fn F) masses = 1 iters = 758 mflops = 3.980306e+03
 OK converged final_rsq= 5e-11 (cf 1e-10) rel = 1 (cf 0) restarts = 4 iters= 758
CONGRAD5: time = 5.036390e-01 (fn F) masses = 1 iters = 735 mflops = 3.991179e+03
 OK converged final_rsq= 1e-10 (cf 1e-10) rel = 1 (cf 0) restarts = 3 iters= 735
GFTIME:   time = 8.449411e-02 (Symanzik1) mflops = 4.172139e+03
FFTIME:  time = 2.840030e-01 (asqtad3) terms = 2 mflops = 3.520604e+03
CONGRAD5: time = 5.221798e-01 (fn F) masses = 1 iters = 759 mflops = 3.975162e+03
 OK converged final_rsq= 9.9e-11 (cf 1e-10) rel = 1 (cf 0) restarts = 3 iters= 759
CONGRAD5: time = 4.750588e-01 (fn F) masses = 1 iters = 693 mflops = 3.989505e+03
 OK converged final_rsq= 9.9e-11 (cf 1e-10) rel = 1 (cf 0) restarts = 3 iters= 693
GFTIME:   time = 8.439279e-02 (Symanzik1) mflops = 4.177149e+03
FFTIME:  time = 2.848740e-01 (asqtad3) terms = 2 mflops = 3.509841e+03
CONGRAD5: time = 5.328350e-01 (fn F) masses = 1 iters = 777 mflops = 3.988058e+03
 OK converged final_rsq= 1e-10 (cf 1e-10) rel = 1 (cf 0) restarts = 3 iters= 777
CONGRAD5: time = 4.908700e-01 (fn F) masses = 1 iters = 715 mflops = 3.983573e+03
 OK converged final_rsq= 1e-10 (cf 1e-10) rel = 1 (cf 0) restarts = 3 iters= 715
GFTIME:   time = 8.466411e-02 (Symanzik1) mflops = 4.163762e+03
FFTIME:  time = 2.826262e-01 (asqtad3) terms = 2 mflops = 3.537756e+03
CONGRAD5: time = 5.183389e-01 (fn F) masses = 1 iters = 755 mflops = 3.983514e+03
 OK converged final_rsq= 4.9e-11 (cf 1e-10) rel = 1 (cf 0) restarts = 4 iters= 755
CONGRAD5: time = 4.868999e-01 (fn F) masses = 1 iters = 709 mflops = 3.982353e+03
 OK converged final_rsq= 9.9e-11 (cf 1e-10) rel = 1 (cf 0) restarts = 3 iters= 709
GFTIME:   time = 8.447504e-02 (Symanzik1) mflops = 4.173081e+03
FFTIME:  time = 2.885251e-01 (asqtad3) terms = 2 mflops = 3.465426e+03
CONGRAD5: time = 5.290670e-01 (fn F) masses = 1 iters = 769 mflops = 3.975107e+03
 OK converged final_rsq= 5e-11 (cf 1e-10) rel = 1 (cf 0) restarts = 4 iters= 769
CONGRAD5: time = 5.058150e-01 (fn F) masses = 1 iters = 737 mflops = 3.984822e+03
 OK converged final_rsq= 1e-10 (cf 1e-10) rel = 1 (cf 0) restarts = 3 iters= 737
GFTIME:   time = 8.464885e-02 (Symanzik1) mflops = 4.164513e+03
FFTIME:  time = 2.832451e-01 (asqtad3) terms = 2 mflops = 3.530025e+03
CONGRAD5: time = 5.133481e-01 (fn F) masses = 1 iters = 749 mflops = 3.990277e+03
 OK converged final_rsq= 1e-10 (cf 1e-10) rel = 1 (cf 0) restarts = 3 iters= 749
CONGRAD5: time = 5.164969e-01 (fn F) masses = 1 iters = 752 mflops = 3.981836e+03
 OK converged final_rsq= 5e-11 (cf 1e-10) rel = 1 (cf 0) restarts = 4 iters= 752
GFTIME:   time = 8.439493e-02 (Symanzik1) mflops = 4.177042e+03
FFTIME:  time = 2.836440e-01 (asqtad3) terms = 2 mflops = 3.525061e+03
CONGRAD5: time = 5.227182e-01 (fn F) masses = 1 iters = 761 mflops = 3.981532e+03
 OK converged final_rsq= 5e-11 (cf 1e-10) rel = 1 (cf 0) restarts = 4 iters= 761
CONGRAD5: time = 5.019090e-01 (fn F) masses = 1 iters = 731 mflops = 3.983140e+03
 OK converged final_rsq= 1e-10 (cf 1e-10) rel = 1 (cf 0) restarts = 3 iters= 731
GFTIME:   time = 8.471894e-02 (Symanzik1) mflops = 4.161067e+03
FFTIME:  time = 2.849400e-01 (asqtad3) terms = 2 mflops = 3.509027e+03
CONGRAD5: time = 5.148752e-01 (fn F) masses = 1 iters = 750 mflops = 3.983754e+03
 OK converged final_rsq= 4.9e-11 (cf 1e-10) rel = 1 (cf 0) restarts = 4 iters= 750
CONGRAD5: time = 5.046639e-01 (fn F) masses = 1 iters = 735 mflops = 3.983073e+03
 OK converged final_rsq= 5e-11 (cf 1e-10) rel = 1 (cf 0) restarts = 4 iters= 735
GFTIME:   time = 8.397818e-02 (Symanzik1) mflops = 4.197772e+03
FFTIME:  time = 2.835770e-01 (asqtad3) terms = 2 mflops = 3.525894e+03
CONGRAD5: time = 5.369442e-01 (fn F) masses = 1 iters = 782 mflops = 3.983005e+03
 OK converged final_rsq= 4.9e-11 (cf 1e-10) rel = 1 (cf 0) restarts = 4 iters= 782
CONGRAD5: time = 5.265660e-01 (fn F) masses = 1 iters = 767 mflops = 3.983600e+03
 OK converged final_rsq= 5e-11 (cf 1e-10) rel = 1 (cf 0) restarts = 4 iters= 767
GFTIME:   time = 8.413887e-02 (Symanzik1) mflops = 4.189755e+03
FFTIME:  time = 2.839570e-01 (asqtad3) terms = 2 mflops = 3.521175e+03
CONGRAD5: time = 5.232899e-01 (fn F) masses = 1 iters = 762 mflops = 3.982408e+03
 OK converged final_rsq= 5e-11 (cf 1e-10) rel = 1 (cf 0) restarts = 4 iters= 762
CONGRAD5: time = 4.975340e-01 (fn F) masses = 1 iters = 725 mflops = 3.985184e+03
 OK converged final_rsq= 9.9e-11 (cf 1e-10) rel = 1 (cf 0) restarts = 3 iters= 725
GFTIME:   time = 8.435416e-02 (Symanzik1) mflops = 4.179061e+03
FFTIME:  time = 2.855680e-01 (asqtad3) terms = 2 mflops = 3.501311e+03
CONGRAD5: time = 5.198810e-01 (fn F) masses = 1 iters = 756 mflops = 3.976958e+03
 OK converged final_rsq= 5e-11 (cf 1e-10) rel = 1 (cf 0) restarts = 4 iters= 756
CONGRAD5: time = 5.263870e-01 (fn F) masses = 1 iters = 766 mflops = 3.979759e+03
 OK converged final_rsq= 5e-11 (cf 1e-10) rel = 1 (cf 0) restarts = 4 iters= 766
GFTIME:   time = 8.455300e-02 (Symanzik1) mflops = 4.169234e+03
FFTIME:  time = 2.827170e-01 (asqtad3) terms = 2 mflops = 3.536619e+03
CONGRAD5: time = 5.196369e-01 (fn F) masses = 1 iters = 757 mflops = 3.984090e+03
 OK converged final_rsq= 5e-11 (cf 1e-10) rel = 1 (cf 0) restarts = 4 iters= 757
CONGRAD5: time = 4.911768e-01 (fn F) masses = 1 iters = 715 mflops = 3.981084e+03
 OK converged final_rsq= 5e-11 (cf 1e-10) rel = 1 (cf 0) restarts = 4 iters= 715
GFTIME:   time = 8.442903e-02 (Symanzik1) mflops = 4.175356e+03
FFTIME:  time = 2.851388e-01 (asqtad3) terms = 2 mflops = 3.506580e+03
CONGRAD5: time = 5.320070e-01 (fn F) masses = 1 iters = 774 mflops = 3.978843e+03
 OK converged final_rsq= 5e-11 (cf 1e-10) rel = 1 (cf 0) restarts = 4 iters= 774
CONGRAD5: time = 4.920101e-01 (fn F) masses = 1 iters = 719 mflops = 3.996576e+03
 OK converged final_rsq= 1e-10 (cf 1e-10) rel = 1 (cf 0) restarts = 3 iters= 719
GFTIME:   time = 8.406186e-02 (Symanzik1) mflops = 4.193593e+03
FFTIME:  time = 2.843931e-01 (asqtad3) terms = 2 mflops = 3.515776e+03
CONGRAD5: time = 5.379741e-01 (fn F) masses = 1 iters = 783 mflops = 3.980463e+03
 OK converged final_rsq= 5e-11 (cf 1e-10) rel = 1 (cf 0) restarts = 4 iters= 783
CONGRAD5: time = 5.056632e-01 (fn F) masses = 1 iters = 738 mflops = 3.991427e+03
 OK converged final_rsq= 5e-11 (cf 1e-10) rel = 1 (cf 0) restarts = 4 iters= 738
GFTIME:   time = 8.440018e-02 (Symanzik1) mflops = 4.176783e+03
FFTIME:  time = 2.859881e-01 (asqtad3) terms = 2 mflops = 3.496167e+03
CONGRAD5: time = 5.371492e-01 (fn F) masses = 1 iters = 781 mflops = 3.976393e+03
 OK converged final_rsq= 5e-11 (cf 1e-10) rel = 1 (cf 0) restarts = 4 iters= 781
CONGRAD5: time = 5.054841e-01 (fn F) masses = 1 iters = 737 mflops = 3.987431e+03
 OK converged final_rsq= 1e-10 (cf 1e-10) rel = 1 (cf 0) restarts = 3 iters= 737
GFTIME:   time = 8.473706e-02 (Symanzik1) mflops = 4.160177e+03
FFTIME:  time = 2.824309e-01 (asqtad3) terms = 2 mflops = 3.540202e+03
PLAQ:	1.473963	1.473385
P_LOOP:	-7.764093e-03	6.219712e-03
G_LOOP:  0  0  4   	1.474057e+00	( 0 1 7 6  )
G_LOOP:  0  1  4   	1.476495e+00	( 0 2 7 5  )
G_LOOP:  0  2  4   	1.473365e+00	( 0 3 7 4  )
G_LOOP:  0  3  4   	1.471338e+00	( 1 2 6 5  )
G_LOOP:  0  4  4   	1.472826e+00	( 1 3 6 4  )
G_LOOP:  0  5  4   	1.473963e+00	( 2 3 5 4  )
G_LOOP:  1  0  6   	7.133980e-01	( 0 0 1 7 7 6  )
G_LOOP:  1  1  6   	7.231318e-01	( 0 0 2 7 7 5  )
G_LOOP:  1  2  6   	7.177161e-01	( 0 0 3 7 7 4  )
G_LOOP:  1  3  6   	7.170766e-01	( 1 1 0 6 6 7  )
G_LOOP:  1  4  6   	7.130472e-01	( 1 1 2 6 6 5  )
G_LOOP:  1  5  6   	7.151839e-01	( 1 1 3 6 6 4  )
G_LOOP:  1  6  6   	7.140978e-01	( 2 2 0 5 5 7  )
G_LOOP:  1  7  6   	7.130462e-01	( 2 2 1 5 5 6  )
G_LOOP:  1  8  6   	7.153132e-01	( 2 2 3 5 5 4  )
G_LOOP:  1  9  6   	7.117251e-01	( 3 3 0 4 4 7  )
G_LOOP:  1  10  6   	7.125768e-01	( 3 3 1 4 4 6  )
G_LOOP:  1  11  6   	7.086897e-01	( 3 3 2 4 4 5  )
G_LOOP:  2  0  6   	7.351040e-01	( 0 1 2 7 6 5  )
G_LOOP:  2  1  6   	7.280939e-01	( 0 1 5 7 6 2  )
G_LOOP:  2  2  6   	7.308180e-01	( 0 6 2 7 1 5  )
G_LOOP:  2  3  6   	7.304092e-01	( 0 6 5 7 1 2  )
G_LOOP:  2  4  6   	7.341810e-01	( 0 1 3 7 6 4  )
G_LOOP:  2  5  6   	7.318136e-01	( 0 1 4 7 6 3  )
G_LOOP:  2  6  6   	7.295944e-01	( 0 6 3 7 1 4  )
G_LOOP:  2  7  6   	7.277577e-01	( 0 6 4 7 1 3  )
G_LOOP:  2  8  6   	7.329565e-01	( 0 2 3 7 5 4  )
G_LOOP:  2  9  6   	7.324030e-01	( 0 2 4 7 5 3  )
G_LOOP:  2  10  6   	7.299320e-01	( 0 5 3 7 2 4  )
G_LOOP:  2  11  6   	7.308683e-01	( 0 5 4 7 2 3  )
G_LOOP:  2  12  6   	7.322426e-01	( 1 2 3 6 5 4  )
G_LOOP:  2  13  6   	7.340319e-01	( 1 2 4 6 5 3  )
G_LOOP:  2  14  6   	7.346669e-01	( 1 5 3 6 2 4  )
G_LOOP:  2  15  6   	7.309851e-01	( 1 5 4 6 2 3  )
GACTION: 6.654834e+00
CONGRAD5: time = 4.128618e-01 (fn F) masses = 1 iters = 602 mflops = 3.987723e+03
 OK converged final_rsq= 7.5e-11 (cf 1e-10) rel = 1 (cf 0) restarts = 3 iters= 602
CONGRAD5: time = 9.097099e-02 (fn F) masses = 1 iters = 130 mflops = 3.908171e+03
 OK converged final_rsq= 5e-11 (cf 1e-10) rel = 1 (cf 0) restarts = 2 iters= 130
PBP: mass 1.000000e-02     5.172191e-02  3.967773e-02  -4.749448e-03  -4.752535e-03 ( 1 of 1 )
FACTION: mass = 1.000000e-02,  1.499391e+00 ( 1 of 1 )
CONGRAD5: time = 5.083621e-01 (fn F) masses = 1 iters = 740 mflops = 3.980996e+03
 OK converged final_rsq= 5e-11 (cf 1e-10) rel = 1 (cf 0) restarts = 4 iters= 740
CONGRAD5: time = 5.487609e-02 (fn F) masses = 1 iters = 78 mflops = 3.887269e+03
 OK converged final_rsq= 9.9e-11 (cf 1e-10) rel = 1 (cf 0) restarts = 1 iters= 78
PBP: mass 1.000000e-02     4.471490e-02  6.322165e-02  -1.728046e-04  -1.750247e-04 ( 1 of 1 )
FACTION: mass = 1.000000e-02,  1.497018e+00 ( 1 of 1 )
CONGRAD5: time = 5.274811e-01 (fn F) masses = 1 iters = 768 mflops = 3.981874e+03
 OK converged final_rsq= 4.9e-11 (cf 1e-10) rel = 1 (cf 0) restarts = 4 iters= 768
CONGRAD5: time = 4.985468e-01 (fn F) masses = 1 iters = 727 mflops = 3.988060e+03
 OK converged final_rsq= 9.9e-11 (cf 1e-10) rel = 1 (cf 0) restarts = 3 iters= 727
GFTIME:   time = 8.448815e-02 (Symanzik1) mflops = 4.172434e+03
FFTIME:  time = 2.846689e-01 (asqtad3) terms = 2 mflops = 3.512369e+03
CONGRAD5: time = 5.411930e-01 (fn F) masses = 1 iters = 787 mflops = 3.977001e+03
 OK converged final_rsq= 5e-11 (cf 1e-10) rel = 1 (cf 0) restarts = 4 iters= 787
CONGRAD5: time = 5.311201e-01 (fn F) masses = 1 iters = 772 mflops = 3.975189e+03
 OK converged final_rsq= 5e-11 (cf 1e-10) rel = 1 (cf 0) restarts = 4 iters= 772
GFTIME:   time = 8.418798e-02 (Symanzik1) mflops = 4.187310e+03
FFTIME:  time = 2.835190e-01 (asqtad3) terms = 2 mflops = 3.526614e+03
CONGRAD5: time = 5.376868e-01 (fn F) masses = 1 iters = 785 mflops = 3.992762e+03
 OK converged final_rsq= 1e-10 (cf 1e-10) rel = 1 (cf 0) restarts = 3 iters= 785
CONGRAD5: time = 5.041070e-01 (fn F) masses = 1 iters = 734 mflops = 3.982048e+03
 OK converged final_rsq= 5e-11 (cf 1e-10) rel = 1 (cf 0) restarts = 4 iters= 734
GFTIME:   time = 8.448601e-02 (Symanzik1) mflops = 4.172540e+03
FFTIME:  time = 2.848299e-01 (asqtad3) terms = 2 mflops = 3.510384e+03
CONGRAD5: time = 5.316112e-01 (fn F) masses = 1 iters = 774 mflops = 3.981805e+03
 OK converged final_rsq= 5e-11 (cf 1e-10) rel = 1 (cf 0) restarts = 4 iters= 774
CONGRAD5: time = 5.125830e-01 (fn F) masses = 1 iters = 738 mflops = 3.937543e+03
 OK converged final_rsq= 1e-10 (cf 1e-10) rel = 1 (cf 0) restarts = 3 iters= 738
GFTIME:   time = 8.388209e-02 (Symanzik1) mflops = 4.202580e+03
FFTIME:  time = 2.841589e-01 (asqtad3) terms = 2 mflops = 3.518673e+03
CONGRAD5: time = 5.268879e-01 (fn F) masses = 1 iters = 766 mflops = 3.975976e+03
 OK converged final_rsq= 5e-11 (cf 1e-10) rel = 1 (cf 0) restarts = 4 iters= 766
CONGRAD5: time = 5.026429e-01 (fn F) masses = 1 iters = 734 mflops = 3.993647e+03
 OK converged final_rsq= 9.9e-11 (cf 1e-10) rel = 1 (cf 0) restarts = 3 iters= 734
GFTIME:   time = 8.488917e-02 (Symanzik1) mflops = 4.152723e+03
FFTIME:  time = 2.839692e-01 (asqtad3) terms = 2 mflops = 3.521024e+03
CONGRAD5: time = 5.496101e-01 (fn F) masses = 1 iters = 775 mflops = 3.856383e+03
 OK converged final_rsq= 5e-11 (cf 1e-10) rel = 1 (cf 0) restarts = 4 iters= 775
CONGRAD5: time = 5.217450e-01 (fn F) masses = 1 iters = 742 mflops = 3.889366e+03
 OK converged final_rsq= 5e-11 (cf 1e-10) rel = 1 (cf 0) restarts = 4 iters= 742
GFTIME:   time = 8.429503e-02 (Symanzik1) mflops = 4.181993e+03
FFTIME:  time = 2.850850e-01 (asqtad3) terms = 2 mflops = 3.507243e+03
CONGRAD5: time = 5.821419e-01 (fn F) masses = 1 iters = 786 mflops = 3.692554e+03
 OK converged final_rsq= 5e-11 (cf 1e-10) rel = 1 (cf 0) restarts = 4 iters= 786
CONGRAD5: time = 5.254769e-01 (fn F) masses = 1 iters = 765 mflops = 3.981447e+03
 OK converged final_rsq= 5e-11 (cf 1e-10) rel = 1 (cf 0) restarts = 4 iters= 765
GFTIME:   time = 8.443689e-02 (Symanzik1) mflops = 4.174967e+03
FFTIME:  time = 2.844219e-01 (asqtad3) terms = 2 mflops = 3.515419e+03
CONGRAD5: time = 5.109501e-01 (fn F) masses = 1 iters = 743 mflops = 3.976890e+03
 OK converged final_rsq= 5e-11 (cf 1e-10) rel = 1 (cf 0) restarts = 4 iters= 743
CONGRAD5: time = 5.168688e-01 (fn F) masses = 1 iters = 753 mflops = 3.984261e+03
 OK converged final_rsq= 1e-10 (cf 1e-10) rel = 1 (cf 0) restarts = 3 iters= 753
GFTIME:   time = 8.442688e-02 (Symanzik1) mflops = 4.175462e+03
FFTIME:  time = 2.833579e-01 (asqtad3) terms = 2 mflops = 3.528620e+03
CONGRAD5: time = 5.312948e-01 (fn F) masses = 1 iters = 770 mflops = 3.963586e+03
 OK converged final_rsq= 5e-11 (cf 1e-10) rel = 1 (cf 0) restarts = 4 iters= 770
CONGRAD5: time = 5.022769e-01 (fn F) masses = 1 iters = 731 mflops = 3.980223e+03
 OK converged final_rsq= 9.9e-11 (cf 1e-10) rel = 1 (cf 0) restarts = 3 iters= 731
GFTIME:   time = 8.428907e-02 (Symanzik1) mflops = 4.182288e+03
FFTIME:  time = 2.832100e-01 (asqtad3) terms = 2 mflops = 3.530462e+03
CONGRAD5: time = 5.303810e-01 (fn F) masses = 1 iters = 771 mflops = 3.975572e+03
 OK converged final_rsq= 5e-11 (cf 1e-10) rel = 1 (cf 0) restarts = 4 iters= 771
CONGRAD5: time = 4.978890e-01 (fn F) masses = 1 iters = 726 mflops = 3.987836e+03
 OK converged final_rsq= 9.9e-11 (cf 1e-10) rel = 1 (cf 0) restarts = 3 iters= 726
GFTIME:   time = 8.491993e-02 (Symanzik1) mflops = 4.151219e+03
FFTIME:  time = 2.834899e-01 (asqtad3) terms = 2 mflops = 3.526976e+03
CONGRAD5: time = 5.310609e-01 (fn F) masses = 1 iters = 774 mflops = 3.985931e+03
 OK converged final_rsq= 5e-11 (cf 1e-10) rel = 1 (cf 0) restarts = 4 iters= 774
CONGRAD5: time = 5.120862e-01 (fn F) masses = 1 iters = 747 mflops = 3.989429e+03
 OK converged final_rsq= 5e-11 (cf 1e-10) rel = 1 (cf 0) restarts = 4 iters= 747
GFTIME:   time = 8.428407e-02 (Symanzik1) mflops = 4.182537e+03
FFTIME:  time = 2.846680e-01 (asqtad3) terms = 2 mflops = 3.512381e+03
CONGRAD5: time = 5.420399e-01 (fn F) masses = 1 iters = 788 mflops = 3.975833e+03
 OK converged final_rsq= 4.9e-11 (cf 1e-10) rel = 1 (cf 0) restarts = 4 iters= 788
CONGRAD5: time = 5.060511e-01 (fn F) masses = 1 iters = 739 mflops = 3.993772e+03
 OK converged final_rsq= 9.9e-11 (cf 1e-10) rel = 1 (cf 0) restarts = 3 iters= 739
GFTIME:   time = 8.422494e-02 (Symanzik1) mflops = 4.185473e+03
FFTIME:  time = 2.851191e-01 (asqtad3) terms = 2 mflops = 3.506824e+03
CONGRAD5: time = 5.205491e-01 (fn F) masses = 1 iters = 757 mflops = 3.977108e+03
 OK converged final_rsq= 5e-11 (cf 1e-10) rel = 1 (cf 0) restarts = 4 iters= 757
CONGRAD5: time = 5.213819e-01 (fn F) masses = 1 iters = 758 mflops = 3.976001e+03
 OK converged final_rsq= 5e-11 (cf 1e-10) rel = 1 (cf 0) restarts = 4 iters= 758
GFTIME:   time = 8.399820e-02 (Symanzik1) mflops = 4.196771e+03
FFTIME:  time = 2.849619e-01 (asqtad3) terms = 2 mflops = 3.508757e+03
CONGRAD5: time = 5.280671e-01 (fn F) masses = 1 iters = 770 mflops = 3.987813e+03
 OK converged final_rsq= 5e-11 (cf 1e-10) rel = 1 (cf 0) restarts = 4 iters= 770
CONGRAD5: time = 5.128040e-01 (fn F) masses = 1 iters = 746 mflops = 3.978511e+03
 OK converged final_rsq= 5e-11 (cf 1e-10) rel = 1 (cf 0) restarts = 4 iters= 746
GFTIME:   time = 8.440304e-02 (Symanzik1) mflops = 4.176641e+03
FFTIME:  time = 2.848859e-01 (asqtad3) terms = 2 mflops = 3.509694e+03
CONGRAD5: time = 5.241699e-01 (fn F) masses = 1 iters = 763 mflops = 3.980940e+03
 OK converged final_rsq= 5e-11 (cf 1e-10) rel = 1 (cf 0) restarts = 4 iters= 763
CONGRAD5: time = 5.155270e-01 (fn F) masses = 1 iters = 753 mflops = 3.994632e+03
 OK converged final_rsq= 1e-10 (cf 1e-10) rel = 1 (cf 0) restarts = 3 iters= 753
GFTIME:   time = 8.467293e-02 (Symanzik1) mflops = 4.163329e+03
FFTIME:  time = 2.842870e-01 (asqtad3) terms = 2 mflops = 3.517088e+03
PLAQ:	1.459433	1.458465
P_LOOP:	1.615889e-02	-8.026718e-03
G_LOOP:  0  0  4   	1.459195e+00	( 0 1 7 6  )
G_LOOP:  0  1  4   	1.460791e+00	( 0 2 7 5  )
G_LOOP:  0  2  4   	1.460614e+00	( 0 3 7 4  )
G_LOOP:  0  3  4   	1.458314e+00	( 1 2 6 5  )
G_LOOP:  0  4  4   	1.457892e+00	( 1 3 6 4  )
G_LOOP:  0  5  4   	1.456888e+00	( 2 3 5 4  )
G_LOOP:  1  0  6   	6.983939e-01	( 0 0 1 7 7 6  )
G_LOOP:  1  1  6   	7.042719e-01	( 0 0 2 7 7 5  )
G_LOOP:  1  2  6   	7.000097e-01	( 0 0 3 7 7 4  )
G_LOOP:  1  3  6   	6.967192e-01	( 1 1 0 6 6 7  )
G_LOOP:  1  4  6   	6.984864e-01	( 1 1 2 6 6 5  )
G_LOOP:  1  5  6   	6.968441e-01	( 1 1 3 6 6 4  )
G_LOOP:  1  6  6   	6.998432e-01	( 2 2 0 5 5 7  )
G_LOOP:  1  7  6   	6.985943e-01	( 2 2 1 5 5 6  )
G_LOOP:  1  8  6   	6.990863e-01	( 2 2 3 5 5 4  )
G_LOOP:  1  9  6   	6.999809e-01	( 3 3 0 4 4 7  )
G_LOOP:  1  10  6   	6.973355e-01	( 3 3 1 4 4 6  )
G_LOOP:  1  11  6   	6.941445e-01	( 3 3 2 4 4 5  )
G_LOOP:  2  0  6   	7.139080e-01	( 0 1 2 7 6 5  )
G_LOOP:  2  1  6   	7.119920e-01	( 0 1 5 7 6 2  )
G_LOOP:  2  2  6   	7.117254e-01	( 0 6 2 7 1 5  )
G_LOOP:  2  3  6   	7.124687e-01	( 0 6 5 7 1 2  )
G_LOOP:  2  4  6   	7.159880e-01	( 0 1 3 7 6 4  )
G_LOOP:  2  5  6   	7.136556e-01	( 0 1 4 7 6 3  )
G_LOOP:  2  6  6   	7.124254e-01	( 0 6 3 7 1 4  )
G_LOOP:  2  7  6   	7.110729e-01	( 0 6 4 7 1 3  )
G_LOOP:  2  8  6   	7.144444e-01	( 0 2 3 7 5 4  )
G_LOOP:  2  9  6   	7.125228e-01	( 0 2 4 7 5 3  )
G_LOOP:  2  10  6   	7.149983e-01	( 0 5 3 7 2 4  )
G_LOOP:  2  11  6   	7.100563e-01	( 0 5 4 7 2 3  )
G_LOOP:  2  12  6   	7.109843e-01	( 1 2 3 6 5 4  )
G_LOOP:  2  13  6   	7.097229e-01	( 1 2 4 6 5 3  )
G_LOOP:  2  14  6   	7.117955e-01	( 1 5 3 6 2 4  )
G_LOOP:  2  15  6   	7.069325e-01	( 1 5 4 6 2 3  )
GACTION: 6.725127e+00
CONGRAD5: time = 4.927130e-01 (fn F) masses = 1 iters = 718 mflops = 3.985324e+03
 OK converged final_rsq= 5e-11 (cf 1e-10) rel = 1 (cf 0) restarts = 4 iters= 718
CONGRAD5: time = 5.263805e-02 (fn F) masses = 1 iters = 75 mflops = 3.896679e+03
 OK converged final_rsq= 1e-10 (cf 1e-10) rel = 1 (cf 0) restarts = 1 iters= 75
PBP: mass 1.000000e-02     6.464430e-02  5.646403e-02  3.676150e-03  3.676061e-03 ( 1 of 1 )
FACTION: mass = 1.000000e-02,  1.503793e+00 ( 1 of 1 )
CONGRAD5: time = 5.163550e-01 (fn F) masses = 1 iters = 755 mflops = 3.998819e+03
 OK converged final_rsq= 5e-11 (cf 1e-10) rel = 1 (cf 0) restarts = 4 iters= 755
CONGRAD5: time = 5.364704e-02 (fn F) masses = 1 iters = 76 mflops = 3.874369e+03
 OK converged final_rsq= 9.8e-11 (cf 1e-10) rel = 1 (cf 0) restarts = 1 iters= 76
PBP: mass 1.000000e-02     6.353492e-02  4.823133e-02  -5.438112e-03  -5.433117e-03 ( 1 of 1 )
FACTION: mass = 1.000000e-02,  1.504196e+00 ( 1 of 1 )
RUNNING COMPLETED
average cg iters for step= 1.451250e+03
Time = 9.608421e+01 seconds
total_iters = 181038
Checksums f5dc514d a700d500
Saved gauge configuration in parallel to binary file lat_p64_size64_2
Time stamp Wed May 18 21:38:59 2022
Wrote info file lat_p64_size64_2.info
Time to save = 3.042006e-02
CHECK PLAQ: 1.459433e+00 1.458465e+00
CHECK NERSC LINKTR: 1.436480e-01 CKSUM: 409d2cae


get_i(0): EOF on input.
Elapsed total time: 107.276189
exit: Wed May 18 21:38:59 2022

