srun: Warning: can't honor --ntasks-per-node set to 11 which doesn't match the requested tasks 32 with the number of requested nodes 3. Ignoring --ntasks-per-node.
SU3 with improved KS action
Microcanonical simulation with refreshing
R algorithm
MIMD version 7.8.1
Machine = MPI (portable), with 32 nodes
Host(0) = nid04891
Username = mcopik
Options selected...
Generic single precision
C_GLOBAL_INLINE
DBLSTORE_FN
D_FN_GATHER13
FEWSUMS
KS_MULTIFF=FNMAT
VECLENGTH=4
type 0 for no prompts, 1 for prompts, or 2 for proofreading
nflavors1 2
nflavors2 1
nx 24
ny 16
nz 8
nt 36
iseed 5682304
LAYOUT = Hypercubes, options = hyper_prime,
automatic hyper_prime layout
ON EACH NODE 6 x 8 x 8 x 9
Mallocing 3.4 MBytes per node for lattice
WARNING!!: Resetting random seed
Made lattice
Made nn gathers
Made 3nn gathers
Finished setup


warms 0
trajecs 4
traj_between_meas 1
beta 5.6
mass1 0.125
mass2 0.125
u0 0.8441
microcanonical_time_step 0.2
steps_per_trajectory 5
max_cg_iterations 100
max_cg_restarts 5
error_per_site 0.125
error_for_propagator 0.125
npbp_reps 1
prec_pbp 1
fresh 
save_parallel lat_p64_size128_1
unit gauge configuration loaded
CHECK PLAQ: 3.000000e+00 3.000000e+00
CHECK NERSC LINKTR: 1.000000e+00 CKSUM: 0
Unitarity checked.  Max deviation 0.00e+00
Time to check unitarity = 6.799698e-04
"O(a^2): couplings(pi)=0, Naik term, No O(a^2) errors, tadpole weights"
path coefficients: npath  path_coeff  multiplicity
                    0      6.250000e-01     8
                    1      -5.847914e-02     8
                    2      -8.771871e-02     48
                    3      3.077829e-02     192
                    4      -7.199551e-03     384
                    5      -1.231132e-01     48
Symanzik 1x1 + 1x2 + 1x1x1 action
gauge_action: total_dyn_flavors = 3
loop coefficients: nloop rep loop_coeff  multiplicity
                    0 0      1.000000e+00     6
                    1 0      -7.762509e-02     12
                    2 0      -1.031171e-02     16
WARMUPS COMPLETED
CONGRAD5: time = 1.117682e-02 (fn F) masses = 1 iters = 4 mflops = 1.468135e+03
 OK converged final_rsq= 0.006 (cf 0.016) rel = 1 (cf 0) restarts = 1 iters= 4
CONGRAD5: time = 1.091695e-02 (fn F) masses = 1 iters = 4 mflops = 1.503084e+03
 OK converged final_rsq= 0.0059 (cf 0.016) rel = 1 (cf 0) restarts = 1 iters= 4
GFTIME:   time = 1.861510e-01 (Symanzik1) mflops = 2.840607e+03
FFTIME:  time = 6.233001e-01 (asqtad3) terms = 2 mflops = 2.406214e+03
CONGRAD5: time = 1.054096e-02 (fn F) masses = 1 iters = 4 mflops = 1.556697e+03
 OK converged final_rsq= 0.01 (cf 0.016) rel = 1 (cf 0) restarts = 1 iters= 4
CONGRAD5: time = 1.055503e-02 (fn F) masses = 1 iters = 4 mflops = 1.554623e+03
 OK converged final_rsq= 0.0098 (cf 0.016) rel = 1 (cf 0) restarts = 1 iters= 4
GFTIME:   time = 2.052040e-01 (Symanzik1) mflops = 2.576859e+03
FFTIME:  time = 6.140261e-01 (asqtad3) terms = 2 mflops = 2.442557e+03
CONGRAD5: time = 1.052999e-02 (fn F) masses = 1 iters = 4 mflops = 1.558319e+03
 OK converged final_rsq= 0.014 (cf 0.016) rel = 1 (cf 0) restarts = 1 iters= 4
CONGRAD5: time = 1.029682e-02 (fn F) masses = 1 iters = 4 mflops = 1.593607e+03
 OK converged final_rsq= 0.014 (cf 0.016) rel = 1 (cf 0) restarts = 1 iters= 4
GFTIME:   time = 1.825390e-01 (Symanzik1) mflops = 2.896816e+03
FFTIME:  time = 6.162782e-01 (asqtad3) terms = 2 mflops = 2.433631e+03
CONGRAD5: time = 1.040983e-02 (fn F) masses = 1 iters = 4 mflops = 1.576307e+03
 OK converged final_rsq= 0.013 (cf 0.016) rel = 1 (cf 0) restarts = 1 iters= 4
CONGRAD5: time = 1.028109e-02 (fn F) masses = 1 iters = 4 mflops = 1.596046e+03
 OK converged final_rsq= 0.013 (cf 0.016) rel = 1 (cf 0) restarts = 1 iters= 4
GFTIME:   time = 1.734889e-01 (Symanzik1) mflops = 3.047930e+03
FFTIME:  time = 6.131160e-01 (asqtad3) terms = 2 mflops = 2.446182e+03
CONGRAD5: time = 1.171184e-02 (fn F) masses = 1 iters = 4 mflops = 1.401069e+03
 OK converged final_rsq= 0.011 (cf 0.016) rel = 1 (cf 0) restarts = 1 iters= 4
CONGRAD5: time = 1.347804e-02 (fn F) masses = 1 iters = 4 mflops = 1.217468e+03
 OK converged final_rsq= 0.011 (cf 0.016) rel = 1 (cf 0) restarts = 1 iters= 4
GFTIME:   time = 1.752911e-01 (Symanzik1) mflops = 3.016593e+03
FFTIME:  time = 6.479151e-01 (asqtad3) terms = 2 mflops = 2.314799e+03
PLAQ:	2.349198	2.348190
P_LOOP:	2.786892e-03	-1.250431e-02
G_LOOP:  0  0  4   	2.348389e+00	( 0 1 7 6  )
G_LOOP:  0  1  4   	2.349309e+00	( 0 2 7 5  )
G_LOOP:  0  2  4   	2.348361e+00	( 0 3 7 4  )
G_LOOP:  0  3  4   	2.349895e+00	( 1 2 6 5  )
G_LOOP:  0  4  4   	2.348625e+00	( 1 3 6 4  )
G_LOOP:  0  5  4   	2.347583e+00	( 2 3 5 4  )
G_LOOP:  1  0  6   	1.773790e+00	( 0 0 1 7 7 6  )
G_LOOP:  1  1  6   	1.776646e+00	( 0 0 2 7 7 5  )
G_LOOP:  1  2  6   	1.774103e+00	( 0 0 3 7 7 4  )
G_LOOP:  1  3  6   	1.776491e+00	( 1 1 0 6 6 7  )
G_LOOP:  1  4  6   	1.777582e+00	( 1 1 2 6 6 5  )
G_LOOP:  1  5  6   	1.775662e+00	( 1 1 3 6 6 4  )
G_LOOP:  1  6  6   	1.775503e+00	( 2 2 0 5 5 7  )
G_LOOP:  1  7  6   	1.778237e+00	( 2 2 1 5 5 6  )
G_LOOP:  1  8  6   	1.771448e+00	( 2 2 3 5 5 4  )
G_LOOP:  1  9  6   	1.773505e+00	( 3 3 0 4 4 7  )
G_LOOP:  1  10  6   	1.774021e+00	( 3 3 1 4 4 6  )
G_LOOP:  1  11  6   	1.774669e+00	( 3 3 2 4 4 5  )
G_LOOP:  2  0  6   	1.825091e+00	( 0 1 2 7 6 5  )
G_LOOP:  2  1  6   	1.823287e+00	( 0 1 5 7 6 2  )
G_LOOP:  2  2  6   	1.821088e+00	( 0 6 2 7 1 5  )
G_LOOP:  2  3  6   	1.822105e+00	( 0 6 5 7 1 2  )
G_LOOP:  2  4  6   	1.824212e+00	( 0 1 3 7 6 4  )
G_LOOP:  2  5  6   	1.820812e+00	( 0 1 4 7 6 3  )
G_LOOP:  2  6  6   	1.819790e+00	( 0 6 3 7 1 4  )
G_LOOP:  2  7  6   	1.820252e+00	( 0 6 4 7 1 3  )
G_LOOP:  2  8  6   	1.823634e+00	( 0 2 3 7 5 4  )
G_LOOP:  2  9  6   	1.819915e+00	( 0 2 4 7 5 3  )
G_LOOP:  2  10  6   	1.821587e+00	( 0 5 3 7 2 4  )
G_LOOP:  2  11  6   	1.821800e+00	( 0 5 4 7 2 3  )
G_LOOP:  2  12  6   	1.820839e+00	( 1 2 3 6 5 4  )
G_LOOP:  2  13  6   	1.823189e+00	( 1 2 4 6 5 3  )
G_LOOP:  2  14  6   	1.819091e+00	( 1 5 3 6 2 4  )
G_LOOP:  2  15  6   	1.822278e+00	( 1 5 4 6 2 3  )
GACTION: 2.572492e+00
CONGRAD5: time = 1.052690e-02 (fn F) masses = 1 iters = 4 mflops = 1.558778e+03
 OK converged final_rsq= 0.01 (cf 0.016) rel = 1 (cf 0) restarts = 1 iters= 4
CONGRAD5: time = 1.403093e-02 (fn F) masses = 1 iters = 6 mflops = 1.754241e+03
 OK converged final_rsq= 0.0087 (cf 0.016) rel = 1 (cf 0) restarts = 1 iters= 6
PBP: mass 1.250000e-01     6.806275e-02  1.030895e-01  8.483080e-04  9.597723e-04 ( 1 of 1 )
FACTION: mass = 1.250000e-01,  1.463830e+00 ( 1 of 1 )
CONGRAD5: time = 1.060081e-02 (fn F) masses = 1 iters = 4 mflops = 1.547910e+03
 OK converged final_rsq= 0.01 (cf 0.016) rel = 1 (cf 0) restarts = 1 iters= 4
CONGRAD5: time = 1.402187e-02 (fn F) masses = 1 iters = 6 mflops = 1.755374e+03
 OK converged final_rsq= 0.0085 (cf 0.016) rel = 1 (cf 0) restarts = 1 iters= 6
PBP: mass 1.250000e-01     6.882193e-02  1.016555e-01  -1.014163e-03  -6.058347e-04 ( 1 of 1 )
FACTION: mass = 1.250000e-01,  1.471104e+00 ( 1 of 1 )
CONGRAD5: time = 1.044106e-02 (fn F) masses = 1 iters = 4 mflops = 1.571591e+03
 OK converged final_rsq= 0.011 (cf 0.016) rel = 1 (cf 0) restarts = 1 iters= 4
CONGRAD5: time = 1.045585e-02 (fn F) masses = 1 iters = 4 mflops = 1.569370e+03
 OK converged final_rsq= 0.011 (cf 0.016) rel = 1 (cf 0) restarts = 1 iters= 4
GFTIME:   time = 1.745341e-01 (Symanzik1) mflops = 3.029677e+03
FFTIME:  time = 6.355159e-01 (asqtad3) terms = 2 mflops = 2.359962e+03
CONGRAD5: time = 1.221108e-02 (fn F) masses = 1 iters = 5 mflops = 1.679733e+03
 OK converged final_rsq= 0.007 (cf 0.016) rel = 1 (cf 0) restarts = 1 iters= 5
CONGRAD5: time = 1.028705e-02 (fn F) masses = 1 iters = 4 mflops = 1.595121e+03
 OK converged final_rsq= 0.015 (cf 0.016) rel = 1 (cf 0) restarts = 1 iters= 4
GFTIME:   time = 1.859231e-01 (Symanzik1) mflops = 2.844089e+03
FFTIME:  time = 6.076560e-01 (asqtad3) terms = 2 mflops = 2.468162e+03
CONGRAD5: time = 1.224089e-02 (fn F) masses = 1 iters = 5 mflops = 1.675643e+03
 OK converged final_rsq= 0.0088 (cf 0.016) rel = 1 (cf 0) restarts = 1 iters= 5
CONGRAD5: time = 1.213598e-02 (fn F) masses = 1 iters = 5 mflops = 1.690128e+03
 OK converged final_rsq= 0.0085 (cf 0.016) rel = 1 (cf 0) restarts = 1 iters= 5
GFTIME:   time = 1.750231e-01 (Symanzik1) mflops = 3.021212e+03
FFTIME:  time = 6.051259e-01 (asqtad3) terms = 2 mflops = 2.478482e+03
CONGRAD5: time = 1.227212e-02 (fn F) masses = 1 iters = 5 mflops = 1.671379e+03
 OK converged final_rsq= 0.0085 (cf 0.016) rel = 1 (cf 0) restarts = 1 iters= 5
CONGRAD5: time = 1.360488e-02 (fn F) masses = 1 iters = 5 mflops = 1.507647e+03
 OK converged final_rsq= 0.0081 (cf 0.016) rel = 1 (cf 0) restarts = 1 iters= 5
GFTIME:   time = 1.793988e-01 (Symanzik1) mflops = 2.947522e+03
FFTIME:  time = 6.059201e-01 (asqtad3) terms = 2 mflops = 2.475233e+03
CONGRAD5: time = 1.035690e-02 (fn F) masses = 1 iters = 4 mflops = 1.584362e+03
 OK converged final_rsq= 0.016 (cf 0.016) rel = 1 (cf 0) restarts = 1 iters= 4
CONGRAD5: time = 1.024199e-02 (fn F) masses = 1 iters = 4 mflops = 1.602139e+03
 OK converged final_rsq= 0.015 (cf 0.016) rel = 1 (cf 0) restarts = 1 iters= 4
GFTIME:   time = 1.703861e-01 (Symanzik1) mflops = 3.103433e+03
FFTIME:  time = 6.045711e-01 (asqtad3) terms = 2 mflops = 2.480756e+03
PLAQ:	2.013451	2.012694
P_LOOP:	1.848458e-02	-2.834589e-03
G_LOOP:  0  0  4   	2.013605e+00	( 0 1 7 6  )
G_LOOP:  0  1  4   	2.012726e+00	( 0 2 7 5  )
G_LOOP:  0  2  4   	2.012660e+00	( 0 3 7 4  )
G_LOOP:  0  3  4   	2.014021e+00	( 1 2 6 5  )
G_LOOP:  0  4  4   	2.011083e+00	( 1 3 6 4  )
G_LOOP:  0  5  4   	2.014340e+00	( 2 3 5 4  )
G_LOOP:  1  0  6   	1.300613e+00	( 0 0 1 7 7 6  )
G_LOOP:  1  1  6   	1.300842e+00	( 0 0 2 7 7 5  )
G_LOOP:  1  2  6   	1.298253e+00	( 0 0 3 7 7 4  )
G_LOOP:  1  3  6   	1.302963e+00	( 1 1 0 6 6 7  )
G_LOOP:  1  4  6   	1.302157e+00	( 1 1 2 6 6 5  )
G_LOOP:  1  5  6   	1.297503e+00	( 1 1 3 6 6 4  )
G_LOOP:  1  6  6   	1.301427e+00	( 2 2 0 5 5 7  )
G_LOOP:  1  7  6   	1.304927e+00	( 2 2 1 5 5 6  )
G_LOOP:  1  8  6   	1.304792e+00	( 2 2 3 5 5 4  )
G_LOOP:  1  9  6   	1.298713e+00	( 3 3 0 4 4 7  )
G_LOOP:  1  10  6   	1.299108e+00	( 3 3 1 4 4 6  )
G_LOOP:  1  11  6   	1.299223e+00	( 3 3 2 4 4 5  )
G_LOOP:  2  0  6   	1.348445e+00	( 0 1 2 7 6 5  )
G_LOOP:  2  1  6   	1.343089e+00	( 0 1 5 7 6 2  )
G_LOOP:  2  2  6   	1.346329e+00	( 0 6 2 7 1 5  )
G_LOOP:  2  3  6   	1.345030e+00	( 0 6 5 7 1 2  )
G_LOOP:  2  4  6   	1.343380e+00	( 0 1 3 7 6 4  )
G_LOOP:  2  5  6   	1.344257e+00	( 0 1 4 7 6 3  )
G_LOOP:  2  6  6   	1.343157e+00	( 0 6 3 7 1 4  )
G_LOOP:  2  7  6   	1.342065e+00	( 0 6 4 7 1 3  )
G_LOOP:  2  8  6   	1.346172e+00	( 0 2 3 7 5 4  )
G_LOOP:  2  9  6   	1.342668e+00	( 0 2 4 7 5 3  )
G_LOOP:  2  10  6   	1.348706e+00	( 0 5 3 7 2 4  )
G_LOOP:  2  11  6   	1.343122e+00	( 0 5 4 7 2 3  )
G_LOOP:  2  12  6   	1.345732e+00	( 1 2 3 6 5 4  )
G_LOOP:  2  13  6   	1.341834e+00	( 1 2 4 6 5 3  )
G_LOOP:  2  14  6   	1.347041e+00	( 1 5 3 6 2 4  )
G_LOOP:  2  15  6   	1.345153e+00	( 1 5 4 6 2 3  )
GACTION: 4.065737e+00
CONGRAD5: time = 1.049805e-02 (fn F) masses = 1 iters = 4 mflops = 1.563061e+03
 OK converged final_rsq= 0.014 (cf 0.016) rel = 1 (cf 0) restarts = 1 iters= 4
CONGRAD5: time = 1.396704e-02 (fn F) masses = 1 iters = 6 mflops = 1.762266e+03
 OK converged final_rsq= 0.013 (cf 0.016) rel = 1 (cf 0) restarts = 1 iters= 6
PBP: mass 1.250000e-01     8.497467e-02  1.688522e-01  -5.301324e-04  -5.047567e-04 ( 1 of 1 )
FACTION: mass = 1.250000e-01,  1.446208e+00 ( 1 of 1 )
CONGRAD5: time = 1.044011e-02 (fn F) masses = 1 iters = 4 mflops = 1.571735e+03
 OK converged final_rsq= 0.014 (cf 0.016) rel = 1 (cf 0) restarts = 1 iters= 4
CONGRAD5: time = 1.393986e-02 (fn F) masses = 1 iters = 6 mflops = 1.765702e+03
 OK converged final_rsq= 0.013 (cf 0.016) rel = 1 (cf 0) restarts = 1 iters= 6
PBP: mass 1.250000e-01     8.481228e-02  1.712648e-01  2.146663e-03  2.408056e-03 ( 1 of 1 )
FACTION: mass = 1.250000e-01,  1.442460e+00 ( 1 of 1 )
CONGRAD5: time = 1.224995e-02 (fn F) masses = 1 iters = 5 mflops = 1.674404e+03
 OK converged final_rsq= 0.0075 (cf 0.016) rel = 1 (cf 0) restarts = 1 iters= 5
CONGRAD5: time = 1.027298e-02 (fn F) masses = 1 iters = 4 mflops = 1.597306e+03
 OK converged final_rsq= 0.016 (cf 0.016) rel = 1 (cf 0) restarts = 1 iters= 4
GFTIME:   time = 1.723559e-01 (Symanzik1) mflops = 3.067965e+03
FFTIME:  time = 6.036060e-01 (asqtad3) terms = 2 mflops = 2.484723e+03
CONGRAD5: time = 1.222181e-02 (fn F) masses = 1 iters = 5 mflops = 1.678258e+03
 OK converged final_rsq= 0.0092 (cf 0.016) rel = 1 (cf 0) restarts = 1 iters= 5
CONGRAD5: time = 1.218319e-02 (fn F) masses = 1 iters = 5 mflops = 1.683579e+03
 OK converged final_rsq= 0.0087 (cf 0.016) rel = 1 (cf 0) restarts = 1 iters= 5
GFTIME:   time = 1.725399e-01 (Symanzik1) mflops = 3.064692e+03
FFTIME:  time = 6.018100e-01 (asqtad3) terms = 2 mflops = 2.492138e+03
CONGRAD5: time = 1.222014e-02 (fn F) masses = 1 iters = 5 mflops = 1.678488e+03
 OK converged final_rsq= 0.011 (cf 0.016) rel = 1 (cf 0) restarts = 1 iters= 5
CONGRAD5: time = 1.287794e-02 (fn F) masses = 1 iters = 5 mflops = 1.592751e+03
 OK converged final_rsq= 0.01 (cf 0.016) rel = 1 (cf 0) restarts = 1 iters= 5
GFTIME:   time = 1.700571e-01 (Symanzik1) mflops = 3.109438e+03
FFTIME:  time = 6.016319e-01 (asqtad3) terms = 2 mflops = 2.492876e+03
CONGRAD5: time = 1.222920e-02 (fn F) masses = 1 iters = 5 mflops = 1.677244e+03
 OK converged final_rsq= 0.011 (cf 0.016) rel = 1 (cf 0) restarts = 1 iters= 5
CONGRAD5: time = 1.210284e-02 (fn F) masses = 1 iters = 5 mflops = 1.694756e+03
 OK converged final_rsq= 0.01 (cf 0.016) rel = 1 (cf 0) restarts = 1 iters= 5
GFTIME:   time = 1.906748e-01 (Symanzik1) mflops = 2.773213e+03
FFTIME:  time = 6.050270e-01 (asqtad3) terms = 2 mflops = 2.478887e+03
CONGRAD5: time = 1.226997e-02 (fn F) masses = 1 iters = 5 mflops = 1.671671e+03
 OK converged final_rsq= 0.0099 (cf 0.016) rel = 1 (cf 0) restarts = 1 iters= 5
CONGRAD5: time = 1.207399e-02 (fn F) masses = 1 iters = 5 mflops = 1.698805e+03
 OK converged final_rsq= 0.0095 (cf 0.016) rel = 1 (cf 0) restarts = 1 iters= 5
GFTIME:   time = 1.704159e-01 (Symanzik1) mflops = 3.102891e+03
FFTIME:  time = 6.039541e-01 (asqtad3) terms = 2 mflops = 2.483290e+03
PLAQ:	1.791483	1.792157
P_LOOP:	-5.625045e-03	-1.410870e-02
G_LOOP:  0  0  4   	1.791594e+00	( 0 1 7 6  )
G_LOOP:  0  1  4   	1.792323e+00	( 0 2 7 5  )
G_LOOP:  0  2  4   	1.792407e+00	( 0 3 7 4  )
G_LOOP:  0  3  4   	1.790532e+00	( 1 2 6 5  )
G_LOOP:  0  4  4   	1.793364e+00	( 1 3 6 4  )
G_LOOP:  0  5  4   	1.790701e+00	( 2 3 5 4  )
G_LOOP:  1  0  6   	1.025456e+00	( 0 0 1 7 7 6  )
G_LOOP:  1  1  6   	1.026012e+00	( 0 0 2 7 7 5  )
G_LOOP:  1  2  6   	1.024732e+00	( 0 0 3 7 7 4  )
G_LOOP:  1  3  6   	1.025410e+00	( 1 1 0 6 6 7  )
G_LOOP:  1  4  6   	1.024953e+00	( 1 1 2 6 6 5  )
G_LOOP:  1  5  6   	1.022938e+00	( 1 1 3 6 6 4  )
G_LOOP:  1  6  6   	1.024038e+00	( 2 2 0 5 5 7  )
G_LOOP:  1  7  6   	1.024894e+00	( 2 2 1 5 5 6  )
G_LOOP:  1  8  6   	1.022412e+00	( 2 2 3 5 5 4  )
G_LOOP:  1  9  6   	1.027185e+00	( 3 3 0 4 4 7  )
G_LOOP:  1  10  6   	1.025144e+00	( 3 3 1 4 4 6  )
G_LOOP:  1  11  6   	1.025040e+00	( 3 3 2 4 4 5  )
G_LOOP:  2  0  6   	1.061102e+00	( 0 1 2 7 6 5  )
G_LOOP:  2  1  6   	1.057245e+00	( 0 1 5 7 6 2  )
G_LOOP:  2  2  6   	1.056138e+00	( 0 6 2 7 1 5  )
G_LOOP:  2  3  6   	1.056679e+00	( 0 6 5 7 1 2  )
G_LOOP:  2  4  6   	1.053658e+00	( 0 1 3 7 6 4  )
G_LOOP:  2  5  6   	1.057752e+00	( 0 1 4 7 6 3  )
G_LOOP:  2  6  6   	1.058101e+00	( 0 6 3 7 1 4  )
G_LOOP:  2  7  6   	1.058884e+00	( 0 6 4 7 1 3  )
G_LOOP:  2  8  6   	1.056078e+00	( 0 2 3 7 5 4  )
G_LOOP:  2  9  6   	1.059393e+00	( 0 2 4 7 5 3  )
G_LOOP:  2  10  6   	1.057076e+00	( 0 5 3 7 2 4  )
G_LOOP:  2  11  6   	1.062819e+00	( 0 5 4 7 2 3  )
G_LOOP:  2  12  6   	1.057843e+00	( 1 2 3 6 5 4  )
G_LOOP:  2  13  6   	1.058616e+00	( 1 2 4 6 5 3  )
G_LOOP:  2  14  6   	1.053119e+00	( 1 5 3 6 2 4  )
G_LOOP:  2  15  6   	1.057944e+00	( 1 5 4 6 2 3  )
GACTION: 5.088764e+00
CONGRAD5: time = 1.260900e-02 (fn F) masses = 1 iters = 5 mflops = 1.626723e+03
 OK converged final_rsq= 0.0086 (cf 0.016) rel = 1 (cf 0) restarts = 1 iters= 5
CONGRAD5: time = 1.400709e-02 (fn F) masses = 1 iters = 6 mflops = 1.757226e+03
 OK converged final_rsq= 0.015 (cf 0.016) rel = 1 (cf 0) restarts = 1 iters= 6
PBP: mass 1.250000e-01     1.111279e-01  3.023810e-01  2.452463e-03  2.404104e-03 ( 1 of 1 )
FACTION: mass = 1.250000e-01,  1.456062e+00 ( 1 of 1 )
CONGRAD5: time = 1.222086e-02 (fn F) masses = 1 iters = 5 mflops = 1.678389e+03
 OK converged final_rsq= 0.0085 (cf 0.016) rel = 1 (cf 0) restarts = 1 iters= 5
CONGRAD5: time = 1.397204e-02 (fn F) masses = 1 iters = 6 mflops = 1.761634e+03
 OK converged final_rsq= 0.015 (cf 0.016) rel = 1 (cf 0) restarts = 1 iters= 6
PBP: mass 1.250000e-01     1.104930e-01  3.003512e-01  6.282960e-05  9.094552e-04 ( 1 of 1 )
FACTION: mass = 1.250000e-01,  1.455075e+00 ( 1 of 1 )
CONGRAD5: time = 1.236296e-02 (fn F) masses = 1 iters = 5 mflops = 1.659098e+03
 OK converged final_rsq= 0.01 (cf 0.016) rel = 1 (cf 0) restarts = 1 iters= 5
CONGRAD5: time = 1.217198e-02 (fn F) masses = 1 iters = 5 mflops = 1.685129e+03
 OK converged final_rsq= 0.0095 (cf 0.016) rel = 1 (cf 0) restarts = 1 iters= 5
GFTIME:   time = 1.710479e-01 (Symanzik1) mflops = 3.091425e+03
FFTIME:  time = 6.017380e-01 (asqtad3) terms = 2 mflops = 2.492436e+03
CONGRAD5: time = 1.223302e-02 (fn F) masses = 1 iters = 5 mflops = 1.676721e+03
 OK converged final_rsq= 0.011 (cf 0.016) rel = 1 (cf 0) restarts = 1 iters= 5
CONGRAD5: time = 1.214314e-02 (fn F) masses = 1 iters = 5 mflops = 1.689132e+03
 OK converged final_rsq= 0.011 (cf 0.016) rel = 1 (cf 0) restarts = 1 iters= 5
GFTIME:   time = 1.704221e-01 (Symanzik1) mflops = 3.102778e+03
FFTIME:  time = 6.041050e-01 (asqtad3) terms = 2 mflops = 2.482670e+03
CONGRAD5: time = 1.221800e-02 (fn F) masses = 1 iters = 5 mflops = 1.678782e+03
 OK converged final_rsq= 0.012 (cf 0.016) rel = 1 (cf 0) restarts = 1 iters= 5
CONGRAD5: time = 1.212811e-02 (fn F) masses = 1 iters = 5 mflops = 1.691224e+03
 OK converged final_rsq= 0.012 (cf 0.016) rel = 1 (cf 0) restarts = 1 iters= 5
GFTIME:   time = 1.700501e-01 (Symanzik1) mflops = 3.109564e+03
FFTIME:  time = 6.022239e-01 (asqtad3) terms = 2 mflops = 2.490425e+03
CONGRAD5: time = 1.224303e-02 (fn F) masses = 1 iters = 5 mflops = 1.675350e+03
 OK converged final_rsq= 0.012 (cf 0.016) rel = 1 (cf 0) restarts = 1 iters= 5
CONGRAD5: time = 1.212001e-02 (fn F) masses = 1 iters = 5 mflops = 1.692355e+03
 OK converged final_rsq= 0.012 (cf 0.016) rel = 1 (cf 0) restarts = 1 iters= 5
GFTIME:   time = 1.709120e-01 (Symanzik1) mflops = 3.093883e+03
FFTIME:  time = 6.009691e-01 (asqtad3) terms = 2 mflops = 2.495625e+03
CONGRAD5: time = 1.223803e-02 (fn F) masses = 1 iters = 5 mflops = 1.676035e+03
 OK converged final_rsq= 0.012 (cf 0.016) rel = 1 (cf 0) restarts = 1 iters= 5
CONGRAD5: time = 1.215982e-02 (fn F) masses = 1 iters = 5 mflops = 1.686814e+03
 OK converged final_rsq= 0.011 (cf 0.016) rel = 1 (cf 0) restarts = 1 iters= 5
GFTIME:   time = 1.707280e-01 (Symanzik1) mflops = 3.097219e+03
FFTIME:  time = 6.011119e-01 (asqtad3) terms = 2 mflops = 2.495032e+03
PLAQ:	1.645902	1.647369
P_LOOP:	-1.143113e-02	-2.267756e-03
G_LOOP:  0  0  4   	1.645709e+00	( 0 1 7 6  )
G_LOOP:  0  1  4   	1.644737e+00	( 0 2 7 5  )
G_LOOP:  0  2  4   	1.647218e+00	( 0 3 7 4  )
G_LOOP:  0  3  4   	1.647258e+00	( 1 2 6 5  )
G_LOOP:  0  4  4   	1.649003e+00	( 1 3 6 4  )
G_LOOP:  0  5  4   	1.645887e+00	( 2 3 5 4  )
G_LOOP:  1  0  6   	8.580218e-01	( 0 0 1 7 7 6  )
G_LOOP:  1  1  6   	8.541604e-01	( 0 0 2 7 7 5  )
G_LOOP:  1  2  6   	8.595779e-01	( 0 0 3 7 7 4  )
G_LOOP:  1  3  6   	8.582930e-01	( 1 1 0 6 6 7  )
G_LOOP:  1  4  6   	8.580090e-01	( 1 1 2 6 6 5  )
G_LOOP:  1  5  6   	8.579565e-01	( 1 1 3 6 6 4  )
G_LOOP:  1  6  6   	8.503308e-01	( 2 2 0 5 5 7  )
G_LOOP:  1  7  6   	8.559146e-01	( 2 2 1 5 5 6  )
G_LOOP:  1  8  6   	8.569176e-01	( 2 2 3 5 5 4  )
G_LOOP:  1  9  6   	8.593230e-01	( 3 3 0 4 4 7  )
G_LOOP:  1  10  6   	8.598535e-01	( 3 3 1 4 4 6  )
G_LOOP:  1  11  6   	8.616721e-01	( 3 3 2 4 4 5  )
G_LOOP:  2  0  6   	8.789153e-01	( 0 1 2 7 6 5  )
G_LOOP:  2  1  6   	8.791288e-01	( 0 1 5 7 6 2  )
G_LOOP:  2  2  6   	8.810073e-01	( 0 6 2 7 1 5  )
G_LOOP:  2  3  6   	8.768704e-01	( 0 6 5 7 1 2  )
G_LOOP:  2  4  6   	8.798489e-01	( 0 1 3 7 6 4  )
G_LOOP:  2  5  6   	8.801400e-01	( 0 1 4 7 6 3  )
G_LOOP:  2  6  6   	8.826417e-01	( 0 6 3 7 1 4  )
G_LOOP:  2  7  6   	8.788818e-01	( 0 6 4 7 1 3  )
G_LOOP:  2  8  6   	8.816597e-01	( 0 2 3 7 5 4  )
G_LOOP:  2  9  6   	8.763485e-01	( 0 2 4 7 5 3  )
G_LOOP:  2  10  6   	8.789559e-01	( 0 5 3 7 2 4  )
G_LOOP:  2  11  6   	8.814330e-01	( 0 5 4 7 2 3  )
G_LOOP:  2  12  6   	8.771350e-01	( 1 2 3 6 5 4  )
G_LOOP:  2  13  6   	8.797539e-01	( 1 2 4 6 5 3  )
G_LOOP:  2  14  6   	8.777674e-01	( 1 5 3 6 2 4  )
G_LOOP:  2  15  6   	8.827374e-01	( 1 5 4 6 2 3  )
GACTION: 5.774606e+00
CONGRAD5: time = 1.230597e-02 (fn F) masses = 1 iters = 5 mflops = 1.666781e+03
 OK converged final_rsq= 0.01 (cf 0.016) rel = 1 (cf 0) restarts = 1 iters= 5
CONGRAD5: time = 1.581597e-02 (fn F) masses = 1 iters = 7 mflops = 1.815627e+03
 OK converged final_rsq= 0.008 (cf 0.016) rel = 1 (cf 0) restarts = 1 iters= 7
PBP: mass 1.250000e-01     1.265012e-01  3.213337e-01  -2.075054e-03  -2.155931e-03 ( 1 of 1 )
FACTION: mass = 1.250000e-01,  1.436267e+00 ( 1 of 1 )
CONGRAD5: time = 1.227188e-02 (fn F) masses = 1 iters = 5 mflops = 1.671411e+03
 OK converged final_rsq= 0.01 (cf 0.016) rel = 1 (cf 0) restarts = 1 iters= 5
CONGRAD5: time = 1.579309e-02 (fn F) masses = 1 iters = 7 mflops = 1.818258e+03
 OK converged final_rsq= 0.0081 (cf 0.016) rel = 1 (cf 0) restarts = 1 iters= 7
PBP: mass 1.250000e-01     1.253157e-01  3.200521e-01  5.918009e-04  2.751183e-04 ( 1 of 1 )
FACTION: mass = 1.250000e-01,  1.432563e+00 ( 1 of 1 )
RUNNING COMPLETED
average cg iters for step= 1.100000e+01
Time = 2.294313e+01 seconds
total_iters = 550
Checksums 41e6b2b3 a5e7c44
Saved gauge configuration in parallel to binary file lat_p64_size128_1
Time stamp Fri May 13 21:13:50 2022
Wrote info file lat_p64_size128_1.info
Time to save = 4.424319e-01
CHECK PLAQ: 1.645902e+00 1.647369e+00
CHECK NERSC LINKTR: 1.706465e-01 CKSUM: 85c71d91


warms 0
trajecs 4
traj_between_meas 1
beta 5.6
mass1 0.01
mass2 0.01
u0 0.8441
microcanonical_time_step 0.02
steps_per_trajectory 15
max_cg_iterations 300
max_cg_restarts 5
error_per_site 1e-05
error_for_propagator 1e-05
npbp_reps 1
prec_pbp 1
reload_parallel lat_p64_size128_1
save_parallel lat_p64_size128_2
Restored binary gauge configuration in parallel from file lat_p64_size128_1
Time stamp Fri May 13 21:13:50 2022
Checksums 41e6b2b3 a5e7c44 OK
Time to reload gauge configuration = 3.408799e-01
CHECK PLAQ: 1.645902e+00 1.647369e+00
CHECK NERSC LINKTR: 1.706465e-01 CKSUM: 85c71d91
Unitarity checked.  Max deviation 2.98e-07
Time to check unitarity = 9.419918e-04
"O(a^2): couplings(pi)=0, Naik term, No O(a^2) errors, tadpole weights"
path coefficients: npath  path_coeff  multiplicity
                    0      6.250000e-01     8
                    1      -5.847914e-02     8
                    2      -8.771871e-02     48
                    3      3.077829e-02     192
                    4      -7.199551e-03     384
                    5      -1.231132e-01     48
Symanzik 1x1 + 1x2 + 1x1x1 action
gauge_action: total_dyn_flavors = 3
loop coefficients: nloop rep loop_coeff  multiplicity
                    0 0      1.000000e+00     6
                    1 0      -7.762509e-02     12
                    2 0      -1.031171e-02     16
WARMUPS COMPLETED
CONGRAD5: time = 1.113919e+00 (fn F) masses = 1 iters = 600 mflops = 2.209643e+03
 OK converged final_rsq= 9.6e-11 (cf 1e-10) rel = 1 (cf 0) restarts = 2 iters= 600
CONGRAD5: time = 1.108173e+00 (fn F) masses = 1 iters = 602 mflops = 2.228504e+03
 OK converged final_rsq= 7.3e-11 (cf 1e-10) rel = 1 (cf 0) restarts = 3 iters= 602
GFTIME:   time = 1.705961e-01 (Symanzik1) mflops = 3.099612e+03
FFTIME:  time = 6.203179e-01 (asqtad3) terms = 2 mflops = 2.417782e+03
CONGRAD5: time = 1.088461e+00 (fn F) masses = 1 iters = 591 mflops = 2.227404e+03
 OK converged final_rsq= 1e-10 (cf 1e-10) rel = 1 (cf 0) restarts = 2 iters= 591
CONGRAD5: time = 1.125371e+00 (fn F) masses = 1 iters = 593 mflops = 2.161640e+03
 OK converged final_rsq= 1e-10 (cf 1e-10) rel = 1 (cf 0) restarts = 2 iters= 593
GFTIME:   time = 1.717288e-01 (Symanzik1) mflops = 3.079167e+03
FFTIME:  time = 6.040170e-01 (asqtad3) terms = 2 mflops = 2.483032e+03
CONGRAD5: time = 1.096968e+00 (fn F) masses = 1 iters = 597 mflops = 2.232569e+03
 OK converged final_rsq= 4.9e-11 (cf 1e-10) rel = 1 (cf 0) restarts = 3 iters= 597
CONGRAD5: time = 1.035885e+00 (fn F) masses = 1 iters = 563 mflops = 2.229571e+03
 OK converged final_rsq= 4.9e-11 (cf 1e-10) rel = 1 (cf 0) restarts = 3 iters= 563
GFTIME:   time = 1.705191e-01 (Symanzik1) mflops = 3.101012e+03
FFTIME:  time = 6.049440e-01 (asqtad3) terms = 2 mflops = 2.479227e+03
CONGRAD5: time = 1.089016e+00 (fn F) masses = 1 iters = 590 mflops = 2.222502e+03
 OK converged final_rsq= 9.8e-11 (cf 1e-10) rel = 1 (cf 0) restarts = 2 iters= 590
CONGRAD5: time = 1.069573e+00 (fn F) masses = 1 iters = 578 mflops = 2.216878e+03
 OK converged final_rsq= 9.8e-11 (cf 1e-10) rel = 1 (cf 0) restarts = 2 iters= 578
GFTIME:   time = 1.746190e-01 (Symanzik1) mflops = 3.028204e+03
FFTIME:  time = 6.064570e-01 (asqtad3) terms = 2 mflops = 2.473042e+03
CONGRAD5: time = 1.120695e+00 (fn F) masses = 1 iters = 598 mflops = 2.188962e+03
 OK converged final_rsq= 9e-11 (cf 1e-10) rel = 1 (cf 0) restarts = 2 iters= 598
CONGRAD5: time = 1.068436e+00 (fn F) masses = 1 iters = 562 mflops = 2.157805e+03
 OK converged final_rsq= 9.9e-11 (cf 1e-10) rel = 1 (cf 0) restarts = 2 iters= 562
GFTIME:   time = 1.744249e-01 (Symanzik1) mflops = 3.031573e+03
FFTIME:  time = 6.068518e-01 (asqtad3) terms = 2 mflops = 2.471433e+03
CONGRAD5: time = 1.141482e+00 (fn F) masses = 1 iters = 600 mflops = 2.156288e+03
 OK converged final_rsq= 9.2e-11 (cf 1e-10) rel = 1 (cf 0) restarts = 2 iters= 600
CONGRAD5: time = 1.109637e+00 (fn F) masses = 1 iters = 594 mflops = 2.195988e+03
 OK converged final_rsq= 9.6e-11 (cf 1e-10) rel = 1 (cf 0) restarts = 2 iters= 594
GFTIME:   time = 1.829190e-01 (Symanzik1) mflops = 2.890797e+03
FFTIME:  time = 6.094620e-01 (asqtad3) terms = 2 mflops = 2.460848e+03
CONGRAD5: time = 1.094744e+00 (fn F) masses = 1 iters = 590 mflops = 2.210874e+03
 OK converged final_rsq= 9.8e-11 (cf 1e-10) rel = 1 (cf 0) restarts = 2 iters= 590
CONGRAD5: time = 1.094750e+00 (fn F) masses = 1 iters = 590 mflops = 2.210862e+03
 OK converged final_rsq= 9.7e-11 (cf 1e-10) rel = 1 (cf 0) restarts = 2 iters= 590
GFTIME:   time = 1.758721e-01 (Symanzik1) mflops = 3.006627e+03
FFTIME:  time = 6.026158e-01 (asqtad3) terms = 2 mflops = 2.488805e+03
CONGRAD5: time = 1.119330e+00 (fn F) masses = 1 iters = 602 mflops = 2.206291e+03
 OK converged final_rsq= 4.2e-11 (cf 1e-10) rel = 1 (cf 0) restarts = 3 iters= 602
CONGRAD5: time = 1.097881e+00 (fn F) masses = 1 iters = 590 mflops = 2.204556e+03
 OK converged final_rsq= 5e-11 (cf 1e-10) rel = 1 (cf 0) restarts = 3 iters= 590
GFTIME:   time = 1.760292e-01 (Symanzik1) mflops = 3.003944e+03
FFTIME:  time = 6.029890e-01 (asqtad3) terms = 2 mflops = 2.487265e+03
CONGRAD5: time = 1.134135e+00 (fn F) masses = 1 iters = 602 mflops = 2.177491e+03
 OK converged final_rsq= 4.8e-11 (cf 1e-10) rel = 1 (cf 0) restarts = 3 iters= 602
CONGRAD5: time = 1.096721e+00 (fn F) masses = 1 iters = 590 mflops = 2.206888e+03
 OK converged final_rsq= 9.8e-11 (cf 1e-10) rel = 1 (cf 0) restarts = 2 iters= 590
GFTIME:   time = 1.757410e-01 (Symanzik1) mflops = 3.008871e+03
FFTIME:  time = 6.259658e-01 (asqtad3) terms = 2 mflops = 2.395967e+03
CONGRAD5: time = 1.117928e+00 (fn F) masses = 1 iters = 602 mflops = 2.209058e+03
 OK converged final_rsq= 4.2e-11 (cf 1e-10) rel = 1 (cf 0) restarts = 3 iters= 602
CONGRAD5: time = 1.113359e+00 (fn F) masses = 1 iters = 600 mflops = 2.210754e+03
 OK converged final_rsq= 7.9e-11 (cf 1e-10) rel = 1 (cf 0) restarts = 2 iters= 600
GFTIME:   time = 1.749818e-01 (Symanzik1) mflops = 3.021924e+03
FFTIME:  time = 6.031699e-01 (asqtad3) terms = 2 mflops = 2.486519e+03
CONGRAD5: time = 1.115630e+00 (fn F) masses = 1 iters = 600 mflops = 2.206254e+03
 OK converged final_rsq= 8.4e-11 (cf 1e-10) rel = 1 (cf 0) restarts = 2 iters= 600
CONGRAD5: time = 1.114028e+00 (fn F) masses = 1 iters = 598 mflops = 2.202062e+03
 OK converged final_rsq= 9.2e-11 (cf 1e-10) rel = 1 (cf 0) restarts = 2 iters= 598
GFTIME:   time = 1.791630e-01 (Symanzik1) mflops = 2.951401e+03
FFTIME:  time = 6.187370e-01 (asqtad3) terms = 2 mflops = 2.423960e+03
CONGRAD5: time = 1.109258e+00 (fn F) masses = 1 iters = 598 mflops = 2.211531e+03
 OK converged final_rsq= 9.2e-11 (cf 1e-10) rel = 1 (cf 0) restarts = 2 iters= 598
CONGRAD5: time = 1.115432e+00 (fn F) masses = 1 iters = 600 mflops = 2.206646e+03
 OK converged final_rsq= 8.9e-11 (cf 1e-10) rel = 1 (cf 0) restarts = 2 iters= 600
GFTIME:   time = 1.755941e-01 (Symanzik1) mflops = 3.011387e+03
FFTIME:  time = 6.222200e-01 (asqtad3) terms = 2 mflops = 2.410391e+03
CONGRAD5: time = 1.122086e+00 (fn F) masses = 1 iters = 602 mflops = 2.200872e+03
 OK converged final_rsq= 5e-11 (cf 1e-10) rel = 1 (cf 0) restarts = 3 iters= 602
CONGRAD5: time = 1.147969e+00 (fn F) masses = 1 iters = 594 mflops = 2.122661e+03
 OK converged final_rsq= 4.9e-11 (cf 1e-10) rel = 1 (cf 0) restarts = 3 iters= 594
GFTIME:   time = 1.704609e-01 (Symanzik1) mflops = 3.102070e+03
FFTIME:  time = 6.051600e-01 (asqtad3) terms = 2 mflops = 2.478342e+03
CONGRAD5: time = 1.121121e+00 (fn F) masses = 1 iters = 602 mflops = 2.202767e+03
 OK converged final_rsq= 5.6e-11 (cf 1e-10) rel = 1 (cf 0) restarts = 3 iters= 602
CONGRAD5: time = 1.110675e+00 (fn F) masses = 1 iters = 600 mflops = 2.216097e+03
 OK converged final_rsq= 4.8e-11 (cf 1e-10) rel = 1 (cf 0) restarts = 3 iters= 600
GFTIME:   time = 1.782122e-01 (Symanzik1) mflops = 2.967148e+03
FFTIME:  time = 6.308739e-01 (asqtad3) terms = 2 mflops = 2.377327e+03
CONGRAD5: time = 1.107336e+00 (fn F) masses = 1 iters = 599 mflops = 2.219074e+03
 OK converged final_rsq= 1e-10 (cf 1e-10) rel = 1 (cf 0) restarts = 2 iters= 599
CONGRAD5: time = 1.107646e+00 (fn F) masses = 1 iters = 600 mflops = 2.222157e+03
 OK converged final_rsq= 9.6e-11 (cf 1e-10) rel = 1 (cf 0) restarts = 2 iters= 600
GFTIME:   time = 1.721339e-01 (Symanzik1) mflops = 3.071921e+03
FFTIME:  time = 6.051641e-01 (asqtad3) terms = 2 mflops = 2.478325e+03
PLAQ:	1.539870	1.540983
P_LOOP:	2.341213e-03	1.164436e-02
G_LOOP:  0  0  4   	1.542867e+00	( 0 1 7 6  )
G_LOOP:  0  1  4   	1.537272e+00	( 0 2 7 5  )
G_LOOP:  0  2  4   	1.541847e+00	( 0 3 7 4  )
G_LOOP:  0  3  4   	1.539470e+00	( 1 2 6 5  )
G_LOOP:  0  4  4   	1.541731e+00	( 1 3 6 4  )
G_LOOP:  0  5  4   	1.539371e+00	( 2 3 5 4  )
G_LOOP:  1  0  6   	7.833462e-01	( 0 0 1 7 7 6  )
G_LOOP:  1  1  6   	7.762624e-01	( 0 0 2 7 7 5  )
G_LOOP:  1  2  6   	7.838242e-01	( 0 0 3 7 7 4  )
G_LOOP:  1  3  6   	7.835679e-01	( 1 1 0 6 6 7  )
G_LOOP:  1  4  6   	7.791536e-01	( 1 1 2 6 6 5  )
G_LOOP:  1  5  6   	7.769763e-01	( 1 1 3 6 6 4  )
G_LOOP:  1  6  6   	7.748242e-01	( 2 2 0 5 5 7  )
G_LOOP:  1  7  6   	7.780153e-01	( 2 2 1 5 5 6  )
G_LOOP:  1  8  6   	7.802333e-01	( 2 2 3 5 5 4  )
G_LOOP:  1  9  6   	7.800279e-01	( 3 3 0 4 4 7  )
G_LOOP:  1  10  6   	7.797631e-01	( 3 3 1 4 4 6  )
G_LOOP:  1  11  6   	7.809500e-01	( 3 3 2 4 4 5  )
G_LOOP:  2  0  6   	7.992281e-01	( 0 1 2 7 6 5  )
G_LOOP:  2  1  6   	7.976546e-01	( 0 1 5 7 6 2  )
G_LOOP:  2  2  6   	8.026440e-01	( 0 6 2 7 1 5  )
G_LOOP:  2  3  6   	7.979111e-01	( 0 6 5 7 1 2  )
G_LOOP:  2  4  6   	8.020918e-01	( 0 1 3 7 6 4  )
G_LOOP:  2  5  6   	8.041203e-01	( 0 1 4 7 6 3  )
G_LOOP:  2  6  6   	8.028141e-01	( 0 6 3 7 1 4  )
G_LOOP:  2  7  6   	8.037676e-01	( 0 6 4 7 1 3  )
G_LOOP:  2  8  6   	7.983431e-01	( 0 2 3 7 5 4  )
G_LOOP:  2  9  6   	7.983456e-01	( 0 2 4 7 5 3  )
G_LOOP:  2  10  6   	7.998412e-01	( 0 5 3 7 2 4  )
G_LOOP:  2  11  6   	8.027047e-01	( 0 5 4 7 2 3  )
G_LOOP:  2  12  6   	7.993306e-01	( 1 2 3 6 5 4  )
G_LOOP:  2  13  6   	7.995266e-01	( 1 2 4 6 5 3  )
G_LOOP:  2  14  6   	7.962881e-01	( 1 5 3 6 2 4  )
G_LOOP:  2  15  6   	8.045871e-01	( 1 5 4 6 2 3  )
GACTION: 6.326396e+00
CONGRAD5: time = 1.105869e+00 (fn F) masses = 1 iters = 600 mflops = 2.225728e+03
 OK converged final_rsq= 8.3e-11 (cf 1e-10) rel = 1 (cf 0) restarts = 2 iters= 600
CONGRAD5: time = 1.793280e-01 (fn F) masses = 1 iters = 96 mflops = 2.196078e+03
 OK converged final_rsq= 9.8e-11 (cf 1e-10) rel = 1 (cf 0) restarts = 1 iters= 96
PBP: mass 1.000000e-02     3.354812e-02  4.058975e-02  -2.196691e-04  -2.219500e-04 ( 1 of 1 )
FACTION: mass = 1.000000e-02,  1.496073e+00 ( 1 of 1 )
CONGRAD5: time = 1.124813e+00 (fn F) masses = 1 iters = 599 mflops = 2.184595e+03
 OK converged final_rsq= 8.7e-11 (cf 1e-10) rel = 1 (cf 0) restarts = 2 iters= 599
CONGRAD5: time = 1.647229e-01 (fn F) masses = 1 iters = 88 mflops = 2.191559e+03
 OK converged final_rsq= 9.9e-11 (cf 1e-10) rel = 1 (cf 0) restarts = 1 iters= 88
PBP: mass 1.000000e-02     3.817999e-02  3.451439e-02  3.792468e-03  3.793978e-03 ( 1 of 1 )
FACTION: mass = 1.000000e-02,  1.499155e+00 ( 1 of 1 )
CONGRAD5: time = 1.140999e+00 (fn F) masses = 1 iters = 599 mflops = 2.153605e+03
 OK converged final_rsq= 9.5e-11 (cf 1e-10) rel = 1 (cf 0) restarts = 2 iters= 599
CONGRAD5: time = 1.111417e+00 (fn F) masses = 1 iters = 601 mflops = 2.218308e+03
 OK converged final_rsq= 4.8e-11 (cf 1e-10) rel = 1 (cf 0) restarts = 3 iters= 601
GFTIME:   time = 1.711609e-01 (Symanzik1) mflops = 3.089384e+03
FFTIME:  time = 6.065071e-01 (asqtad3) terms = 2 mflops = 2.472837e+03
CONGRAD5: time = 1.112921e+00 (fn F) masses = 1 iters = 602 mflops = 2.218996e+03
 OK converged final_rsq= 6.8e-11 (cf 1e-10) rel = 1 (cf 0) restarts = 3 iters= 602
CONGRAD5: time = 1.116526e+00 (fn F) masses = 1 iters = 602 mflops = 2.211832e+03
 OK converged final_rsq= 3.8e-11 (cf 1e-10) rel = 1 (cf 0) restarts = 3 iters= 602
GFTIME:   time = 1.751690e-01 (Symanzik1) mflops = 3.018695e+03
FFTIME:  time = 6.072080e-01 (asqtad3) terms = 2 mflops = 2.469983e+03
CONGRAD5: time = 1.111677e+00 (fn F) masses = 1 iters = 597 mflops = 2.203029e+03
 OK converged final_rsq= 9.7e-11 (cf 1e-10) rel = 1 (cf 0) restarts = 2 iters= 597
CONGRAD5: time = 1.117978e+00 (fn F) masses = 1 iters = 599 mflops = 2.197951e+03
 OK converged final_rsq= 9.4e-11 (cf 1e-10) rel = 1 (cf 0) restarts = 2 iters= 599
GFTIME:   time = 1.770351e-01 (Symanzik1) mflops = 2.986876e+03
FFTIME:  time = 6.056781e-01 (asqtad3) terms = 2 mflops = 2.476222e+03
CONGRAD5: time = 1.143834e+00 (fn F) masses = 1 iters = 602 mflops = 2.159027e+03
 OK converged final_rsq= 6.7e-11 (cf 1e-10) rel = 1 (cf 0) restarts = 3 iters= 602
CONGRAD5: time = 1.108762e+00 (fn F) masses = 1 iters = 594 mflops = 2.197721e+03
 OK converged final_rsq= 4.9e-11 (cf 1e-10) rel = 1 (cf 0) restarts = 3 iters= 594
GFTIME:   time = 1.750860e-01 (Symanzik1) mflops = 3.020126e+03
FFTIME:  time = 6.374350e-01 (asqtad3) terms = 2 mflops = 2.352857e+03
CONGRAD5: time = 1.122543e+00 (fn F) masses = 1 iters = 602 mflops = 2.199976e+03
 OK converged final_rsq= 4.3e-11 (cf 1e-10) rel = 1 (cf 0) restarts = 3 iters= 602
CONGRAD5: time = 1.121887e+00 (fn F) masses = 1 iters = 602 mflops = 2.201263e+03
 OK converged final_rsq= 4.2e-11 (cf 1e-10) rel = 1 (cf 0) restarts = 3 iters= 602
GFTIME:   time = 1.766920e-01 (Symanzik1) mflops = 2.992675e+03
FFTIME:  time = 6.044319e-01 (asqtad3) terms = 2 mflops = 2.481327e+03
CONGRAD5: time = 1.121129e+00 (fn F) masses = 1 iters = 602 mflops = 2.202751e+03
 OK converged final_rsq= 4.2e-11 (cf 1e-10) rel = 1 (cf 0) restarts = 3 iters= 602
CONGRAD5: time = 1.118404e+00 (fn F) masses = 1 iters = 599 mflops = 2.197114e+03
 OK converged final_rsq= 9.7e-11 (cf 1e-10) rel = 1 (cf 0) restarts = 2 iters= 599
GFTIME:   time = 1.772270e-01 (Symanzik1) mflops = 2.983641e+03
FFTIME:  time = 6.044550e-01 (asqtad3) terms = 2 mflops = 2.481233e+03
CONGRAD5: time = 1.154587e+00 (fn F) masses = 1 iters = 598 mflops = 2.124707e+03
 OK converged final_rsq= 9.1e-11 (cf 1e-10) rel = 1 (cf 0) restarts = 2 iters= 598
CONGRAD5: time = 1.129529e+00 (fn F) masses = 1 iters = 601 mflops = 2.182738e+03
 OK converged final_rsq= 4.8e-11 (cf 1e-10) rel = 1 (cf 0) restarts = 3 iters= 601
GFTIME:   time = 1.745861e-01 (Symanzik1) mflops = 3.028775e+03
FFTIME:  time = 6.054490e-01 (asqtad3) terms = 2 mflops = 2.477159e+03
CONGRAD5: time = 1.124432e+00 (fn F) masses = 1 iters = 597 mflops = 2.178039e+03
 OK converged final_rsq= 9.4e-11 (cf 1e-10) rel = 1 (cf 0) restarts = 2 iters= 597
CONGRAD5: time = 1.149126e+00 (fn F) masses = 1 iters = 600 mflops = 2.141944e+03
 OK converged final_rsq= 4.9e-11 (cf 1e-10) rel = 1 (cf 0) restarts = 3 iters= 600
GFTIME:   time = 1.781161e-01 (Symanzik1) mflops = 2.968748e+03
FFTIME:  time = 6.134880e-01 (asqtad3) terms = 2 mflops = 2.444699e+03
CONGRAD5: time = 1.134990e+00 (fn F) masses = 1 iters = 602 mflops = 2.175850e+03
 OK converged final_rsq= 6.7e-11 (cf 1e-10) rel = 1 (cf 0) restarts = 3 iters= 602
CONGRAD5: time = 1.103510e+00 (fn F) masses = 1 iters = 590 mflops = 2.193311e+03
 OK converged final_rsq= 9.8e-11 (cf 1e-10) rel = 1 (cf 0) restarts = 2 iters= 590
GFTIME:   time = 1.767101e-01 (Symanzik1) mflops = 2.992369e+03
FFTIME:  time = 6.037252e-01 (asqtad3) terms = 2 mflops = 2.484232e+03
CONGRAD5: time = 1.115903e+00 (fn F) masses = 1 iters = 602 mflops = 2.213066e+03
 OK converged final_rsq= 7.4e-11 (cf 1e-10) rel = 1 (cf 0) restarts = 3 iters= 602
CONGRAD5: time = 1.112171e+00 (fn F) masses = 1 iters = 600 mflops = 2.213115e+03
 OK converged final_rsq= 9.4e-11 (cf 1e-10) rel = 1 (cf 0) restarts = 2 iters= 600
GFTIME:   time = 1.730971e-01 (Symanzik1) mflops = 3.054827e+03
FFTIME:  time = 6.039619e-01 (asqtad3) terms = 2 mflops = 2.483258e+03
CONGRAD5: time = 1.126190e+00 (fn F) masses = 1 iters = 600 mflops = 2.185567e+03
 OK converged final_rsq= 8.7e-11 (cf 1e-10) rel = 1 (cf 0) restarts = 2 iters= 600
CONGRAD5: time = 1.117867e+00 (fn F) masses = 1 iters = 602 mflops = 2.209179e+03
 OK converged final_rsq= 4.7e-11 (cf 1e-10) rel = 1 (cf 0) restarts = 3 iters= 602
GFTIME:   time = 1.704040e-01 (Symanzik1) mflops = 3.103108e+03
FFTIME:  time = 6.356530e-01 (asqtad3) terms = 2 mflops = 2.359453e+03
CONGRAD5: time = 1.116342e+00 (fn F) masses = 1 iters = 602 mflops = 2.212196e+03
 OK converged final_rsq= 4.6e-11 (cf 1e-10) rel = 1 (cf 0) restarts = 3 iters= 602
CONGRAD5: time = 1.109554e+00 (fn F) masses = 1 iters = 598 mflops = 2.210941e+03
 OK converged final_rsq= 9.8e-11 (cf 1e-10) rel = 1 (cf 0) restarts = 2 iters= 598
GFTIME:   time = 1.740460e-01 (Symanzik1) mflops = 3.038172e+03
FFTIME:  time = 6.037581e-01 (asqtad3) terms = 2 mflops = 2.484097e+03
CONGRAD5: time = 1.115697e+00 (fn F) masses = 1 iters = 602 mflops = 2.213475e+03
 OK converged final_rsq= 7.9e-11 (cf 1e-10) rel = 1 (cf 0) restarts = 3 iters= 602
CONGRAD5: time = 1.114275e+00 (fn F) masses = 1 iters = 600 mflops = 2.208937e+03
 OK converged final_rsq= 9e-11 (cf 1e-10) rel = 1 (cf 0) restarts = 2 iters= 600
GFTIME:   time = 1.828580e-01 (Symanzik1) mflops = 2.891762e+03
FFTIME:  time = 6.088750e-01 (asqtad3) terms = 2 mflops = 2.463220e+03
CONGRAD5: time = 1.117998e+00 (fn F) masses = 1 iters = 602 mflops = 2.208920e+03
 OK converged final_rsq= 5.7e-11 (cf 1e-10) rel = 1 (cf 0) restarts = 3 iters= 602
CONGRAD5: time = 1.128477e+00 (fn F) masses = 1 iters = 602 mflops = 2.188408e+03
 OK converged final_rsq= 3.9e-11 (cf 1e-10) rel = 1 (cf 0) restarts = 3 iters= 602
GFTIME:   time = 1.712918e-01 (Symanzik1) mflops = 3.087023e+03
FFTIME:  time = 6.162639e-01 (asqtad3) terms = 2 mflops = 2.433687e+03
CONGRAD5: time = 1.136242e+00 (fn F) masses = 1 iters = 602 mflops = 2.173452e+03
 OK converged final_rsq= 6.6e-11 (cf 1e-10) rel = 1 (cf 0) restarts = 3 iters= 602
CONGRAD5: time = 1.143584e+00 (fn F) masses = 1 iters = 600 mflops = 2.152324e+03
 OK converged final_rsq= 8.2e-11 (cf 1e-10) rel = 1 (cf 0) restarts = 2 iters= 600
GFTIME:   time = 1.743200e-01 (Symanzik1) mflops = 3.033398e+03
FFTIME:  time = 6.162889e-01 (asqtad3) terms = 2 mflops = 2.433588e+03
PLAQ:	1.497886	1.500338
P_LOOP:	-1.391577e-02	-1.178132e-02
G_LOOP:  0  0  4   	1.500068e+00	( 0 1 7 6  )
G_LOOP:  0  1  4   	1.494129e+00	( 0 2 7 5  )
G_LOOP:  0  2  4   	1.501872e+00	( 0 3 7 4  )
G_LOOP:  0  3  4   	1.499460e+00	( 1 2 6 5  )
G_LOOP:  0  4  4   	1.499716e+00	( 1 3 6 4  )
G_LOOP:  0  5  4   	1.499427e+00	( 2 3 5 4  )
G_LOOP:  1  0  6   	7.443911e-01	( 0 0 1 7 7 6  )
G_LOOP:  1  1  6   	7.363440e-01	( 0 0 2 7 7 5  )
G_LOOP:  1  2  6   	7.451287e-01	( 0 0 3 7 7 4  )
G_LOOP:  1  3  6   	7.429316e-01	( 1 1 0 6 6 7  )
G_LOOP:  1  4  6   	7.374183e-01	( 1 1 2 6 6 5  )
G_LOOP:  1  5  6   	7.396254e-01	( 1 1 3 6 6 4  )
G_LOOP:  1  6  6   	7.350054e-01	( 2 2 0 5 5 7  )
G_LOOP:  1  7  6   	7.395602e-01	( 2 2 1 5 5 6  )
G_LOOP:  1  8  6   	7.422656e-01	( 2 2 3 5 5 4  )
G_LOOP:  1  9  6   	7.457821e-01	( 3 3 0 4 4 7  )
G_LOOP:  1  10  6   	7.440980e-01	( 3 3 1 4 4 6  )
G_LOOP:  1  11  6   	7.435065e-01	( 3 3 2 4 4 5  )
G_LOOP:  2  0  6   	7.580413e-01	( 0 1 2 7 6 5  )
G_LOOP:  2  1  6   	7.594399e-01	( 0 1 5 7 6 2  )
G_LOOP:  2  2  6   	7.602800e-01	( 0 6 2 7 1 5  )
G_LOOP:  2  3  6   	7.603390e-01	( 0 6 5 7 1 2  )
G_LOOP:  2  4  6   	7.621794e-01	( 0 1 3 7 6 4  )
G_LOOP:  2  5  6   	7.652648e-01	( 0 1 4 7 6 3  )
G_LOOP:  2  6  6   	7.622968e-01	( 0 6 3 7 1 4  )
G_LOOP:  2  7  6   	7.616749e-01	( 0 6 4 7 1 3  )
G_LOOP:  2  8  6   	7.563729e-01	( 0 2 3 7 5 4  )
G_LOOP:  2  9  6   	7.595969e-01	( 0 2 4 7 5 3  )
G_LOOP:  2  10  6   	7.609918e-01	( 0 5 3 7 2 4  )
G_LOOP:  2  11  6   	7.607973e-01	( 0 5 4 7 2 3  )
G_LOOP:  2  12  6   	7.604965e-01	( 1 2 3 6 5 4  )
G_LOOP:  2  13  6   	7.608241e-01	( 1 2 4 6 5 3  )
G_LOOP:  2  14  6   	7.583448e-01	( 1 5 3 6 2 4  )
G_LOOP:  2  15  6   	7.602719e-01	( 1 5 4 6 2 3  )
GACTION: 6.531885e+00
CONGRAD5: time = 1.121846e+00 (fn F) masses = 1 iters = 600 mflops = 2.194030e+03
 OK converged final_rsq= 8e-11 (cf 1e-10) rel = 1 (cf 0) restarts = 2 iters= 600
CONGRAD5: time = 1.647480e-01 (fn F) masses = 1 iters = 88 mflops = 2.191226e+03
 OK converged final_rsq= 1e-10 (cf 1e-10) rel = 1 (cf 0) restarts = 1 iters= 88
PBP: mass 1.000000e-02     3.617167e-02  4.242414e-02  8.969963e-03  8.972030e-03 ( 1 of 1 )
FACTION: mass = 1.000000e-02,  1.499519e+00 ( 1 of 1 )
CONGRAD5: time = 1.134441e+00 (fn F) masses = 1 iters = 602 mflops = 2.176902e+03
 OK converged final_rsq= 4.6e-11 (cf 1e-10) rel = 1 (cf 0) restarts = 3 iters= 602
CONGRAD5: time = 1.978171e-01 (fn F) masses = 1 iters = 104 mflops = 2.156721e+03
 OK converged final_rsq= 5e-11 (cf 1e-10) rel = 1 (cf 0) restarts = 2 iters= 104
PBP: mass 1.000000e-02     4.708103e-02  3.575377e-02  3.605491e-03  3.613895e-03 ( 1 of 1 )
FACTION: mass = 1.000000e-02,  1.498510e+00 ( 1 of 1 )
CONGRAD5: time = 1.121518e+00 (fn F) masses = 1 iters = 602 mflops = 2.201986e+03
 OK converged final_rsq= 6.5e-11 (cf 1e-10) rel = 1 (cf 0) restarts = 3 iters= 602
CONGRAD5: time = 1.129206e+00 (fn F) masses = 1 iters = 602 mflops = 2.186995e+03
 OK converged final_rsq= 6.2e-11 (cf 1e-10) rel = 1 (cf 0) restarts = 3 iters= 602
GFTIME:   time = 1.774461e-01 (Symanzik1) mflops = 2.979957e+03
FFTIME:  time = 6.058221e-01 (asqtad3) terms = 2 mflops = 2.475633e+03
CONGRAD5: time = 1.125046e+00 (fn F) masses = 1 iters = 602 mflops = 2.195082e+03
 OK converged final_rsq= 6e-11 (cf 1e-10) rel = 1 (cf 0) restarts = 3 iters= 602
CONGRAD5: time = 1.131241e+00 (fn F) masses = 1 iters = 600 mflops = 2.175808e+03
 OK converged final_rsq= 9.9e-11 (cf 1e-10) rel = 1 (cf 0) restarts = 2 iters= 600
GFTIME:   time = 1.797249e-01 (Symanzik1) mflops = 2.942173e+03
FFTIME:  time = 6.049240e-01 (asqtad3) terms = 2 mflops = 2.479309e+03
CONGRAD5: time = 1.164957e+00 (fn F) masses = 1 iters = 602 mflops = 2.119879e+03
 OK converged final_rsq= 5.5e-11 (cf 1e-10) rel = 1 (cf 0) restarts = 3 iters= 602
CONGRAD5: time = 1.116664e+00 (fn F) masses = 1 iters = 599 mflops = 2.200537e+03
 OK converged final_rsq= 9.2e-11 (cf 1e-10) rel = 1 (cf 0) restarts = 2 iters= 599
GFTIME:   time = 1.767380e-01 (Symanzik1) mflops = 2.991896e+03
FFTIME:  time = 6.052999e-01 (asqtad3) terms = 2 mflops = 2.477769e+03
CONGRAD5: time = 1.120081e+00 (fn F) masses = 1 iters = 602 mflops = 2.204812e+03
 OK converged final_rsq= 9.5e-11 (cf 1e-10) rel = 1 (cf 0) restarts = 3 iters= 602
CONGRAD5: time = 1.123968e+00 (fn F) masses = 1 iters = 602 mflops = 2.197187e+03
 OK converged final_rsq= 8.5e-11 (cf 1e-10) rel = 1 (cf 0) restarts = 3 iters= 602
GFTIME:   time = 1.760249e-01 (Symanzik1) mflops = 3.004017e+03
FFTIME:  time = 6.019170e-01 (asqtad3) terms = 2 mflops = 2.491695e+03
CONGRAD5: time = 1.123113e+00 (fn F) masses = 1 iters = 602 mflops = 2.198860e+03
 OK converged final_rsq= 5.4e-11 (cf 1e-10) rel = 1 (cf 0) restarts = 3 iters= 602
CONGRAD5: time = 1.123160e+00 (fn F) masses = 1 iters = 602 mflops = 2.198768e+03
 OK converged final_rsq= 6.4e-11 (cf 1e-10) rel = 1 (cf 0) restarts = 3 iters= 602
GFTIME:   time = 1.748869e-01 (Symanzik1) mflops = 3.023564e+03
FFTIME:  time = 6.043189e-01 (asqtad3) terms = 2 mflops = 2.481792e+03
CONGRAD5: time = 1.138166e+00 (fn F) masses = 1 iters = 602 mflops = 2.169778e+03
 OK converged final_rsq= 5.1e-11 (cf 1e-10) rel = 1 (cf 0) restarts = 3 iters= 602
CONGRAD5: time = 1.125246e+00 (fn F) masses = 1 iters = 602 mflops = 2.194691e+03
 OK converged final_rsq= 4.4e-11 (cf 1e-10) rel = 1 (cf 0) restarts = 3 iters= 602
GFTIME:   time = 1.762369e-01 (Symanzik1) mflops = 3.000404e+03
FFTIME:  time = 6.330888e-01 (asqtad3) terms = 2 mflops = 2.369009e+03
CONGRAD5: time = 1.127446e+00 (fn F) masses = 1 iters = 602 mflops = 2.190409e+03
 OK converged final_rsq= 7.2e-11 (cf 1e-10) rel = 1 (cf 0) restarts = 3 iters= 602
CONGRAD5: time = 1.124770e+00 (fn F) masses = 1 iters = 602 mflops = 2.195620e+03
 OK converged final_rsq= 3.9e-11 (cf 1e-10) rel = 1 (cf 0) restarts = 3 iters= 602
GFTIME:   time = 1.766200e-01 (Symanzik1) mflops = 2.993895e+03
FFTIME:  time = 6.269979e-01 (asqtad3) terms = 2 mflops = 2.392023e+03
CONGRAD5: time = 1.112265e+00 (fn F) masses = 1 iters = 602 mflops = 2.220305e+03
 OK converged final_rsq= 4.9e-11 (cf 1e-10) rel = 1 (cf 0) restarts = 3 iters= 602
CONGRAD5: time = 1.113712e+00 (fn F) masses = 1 iters = 602 mflops = 2.217421e+03
 OK converged final_rsq= 7e-11 (cf 1e-10) rel = 1 (cf 0) restarts = 3 iters= 602
GFTIME:   time = 1.707540e-01 (Symanzik1) mflops = 3.096747e+03
FFTIME:  time = 6.031752e-01 (asqtad3) terms = 2 mflops = 2.486497e+03
CONGRAD5: time = 1.119139e+00 (fn F) masses = 1 iters = 602 mflops = 2.206668e+03
 OK converged final_rsq= 9.4e-11 (cf 1e-10) rel = 1 (cf 0) restarts = 3 iters= 602
CONGRAD5: time = 1.125335e+00 (fn F) masses = 1 iters = 602 mflops = 2.194518e+03
 OK converged final_rsq= 7.1e-11 (cf 1e-10) rel = 1 (cf 0) restarts = 3 iters= 602
GFTIME:   time = 1.706350e-01 (Symanzik1) mflops = 3.098906e+03
FFTIME:  time = 6.186690e-01 (asqtad3) terms = 2 mflops = 2.424226e+03
CONGRAD5: time = 1.134475e+00 (fn F) masses = 1 iters = 602 mflops = 2.176838e+03
 OK converged final_rsq= 8.6e-11 (cf 1e-10) rel = 1 (cf 0) restarts = 3 iters= 602
CONGRAD5: time = 1.129037e+00 (fn F) masses = 1 iters = 600 mflops = 2.180056e+03
 OK converged final_rsq= 8.2e-11 (cf 1e-10) rel = 1 (cf 0) restarts = 2 iters= 600
GFTIME:   time = 1.754150e-01 (Symanzik1) mflops = 3.014461e+03
FFTIME:  time = 6.098850e-01 (asqtad3) terms = 2 mflops = 2.459141e+03
CONGRAD5: time = 1.124085e+00 (fn F) masses = 1 iters = 602 mflops = 2.196958e+03
 OK converged final_rsq= 7.3e-11 (cf 1e-10) rel = 1 (cf 0) restarts = 3 iters= 602
CONGRAD5: time = 1.113588e+00 (fn F) masses = 1 iters = 600 mflops = 2.210299e+03
 OK converged final_rsq= 9.7e-11 (cf 1e-10) rel = 1 (cf 0) restarts = 2 iters= 600
GFTIME:   time = 1.704352e-01 (Symanzik1) mflops = 3.102539e+03
FFTIME:  time = 6.022930e-01 (asqtad3) terms = 2 mflops = 2.490139e+03
CONGRAD5: time = 1.113200e+00 (fn F) masses = 1 iters = 602 mflops = 2.218440e+03
 OK converged final_rsq= 4.1e-11 (cf 1e-10) rel = 1 (cf 0) restarts = 3 iters= 602
CONGRAD5: time = 1.115808e+00 (fn F) masses = 1 iters = 602 mflops = 2.213255e+03
 OK converged final_rsq= 4.3e-11 (cf 1e-10) rel = 1 (cf 0) restarts = 3 iters= 602
GFTIME:   time = 1.728899e-01 (Symanzik1) mflops = 3.058488e+03
FFTIME:  time = 6.041241e-01 (asqtad3) terms = 2 mflops = 2.482592e+03
CONGRAD5: time = 1.253283e+00 (fn F) masses = 1 iters = 669 mflops = 2.189785e+03
 OK converged final_rsq= 9.9e-11 (cf 1e-10) rel = 1 (cf 0) restarts = 3 iters= 669
CONGRAD5: time = 1.113403e+00 (fn F) masses = 1 iters = 602 mflops = 2.218036e+03
 OK converged final_rsq= 6.7e-11 (cf 1e-10) rel = 1 (cf 0) restarts = 3 iters= 602
GFTIME:   time = 1.704030e-01 (Symanzik1) mflops = 3.103125e+03
FFTIME:  time = 6.272449e-01 (asqtad3) terms = 2 mflops = 2.391081e+03
CONGRAD5: time = 1.249904e+00 (fn F) masses = 1 iters = 676 mflops = 2.218679e+03
 OK converged final_rsq= 1e-10 (cf 1e-10) rel = 1 (cf 0) restarts = 3 iters= 676
CONGRAD5: time = 1.113175e+00 (fn F) masses = 1 iters = 602 mflops = 2.218490e+03
 OK converged final_rsq= 4.5e-11 (cf 1e-10) rel = 1 (cf 0) restarts = 3 iters= 602
GFTIME:   time = 1.704261e-01 (Symanzik1) mflops = 3.102704e+03
FFTIME:  time = 6.041470e-01 (asqtad3) terms = 2 mflops = 2.482498e+03
CONGRAD5: time = 1.257629e+00 (fn F) masses = 1 iters = 678 mflops = 2.211574e+03
 OK converged final_rsq= 9.8e-11 (cf 1e-10) rel = 1 (cf 0) restarts = 3 iters= 678
CONGRAD5: time = 1.132457e+00 (fn F) masses = 1 iters = 600 mflops = 2.173472e+03
 OK converged final_rsq= 9.1e-11 (cf 1e-10) rel = 1 (cf 0) restarts = 2 iters= 600
GFTIME:   time = 1.900389e-01 (Symanzik1) mflops = 2.782492e+03
FFTIME:  time = 6.032851e-01 (asqtad3) terms = 2 mflops = 2.486044e+03
PLAQ:	1.474744	1.476482
P_LOOP:	-2.052642e-02	-2.969863e-03
G_LOOP:  0  0  4   	1.475984e+00	( 0 1 7 6  )
G_LOOP:  0  1  4   	1.473090e+00	( 0 2 7 5  )
G_LOOP:  0  2  4   	1.479607e+00	( 0 3 7 4  )
G_LOOP:  0  3  4   	1.475158e+00	( 1 2 6 5  )
G_LOOP:  0  4  4   	1.475008e+00	( 1 3 6 4  )
G_LOOP:  0  5  4   	1.474829e+00	( 2 3 5 4  )
G_LOOP:  1  0  6   	7.184971e-01	( 0 0 1 7 7 6  )
G_LOOP:  1  1  6   	7.159353e-01	( 0 0 2 7 7 5  )
G_LOOP:  1  2  6   	7.240807e-01	( 0 0 3 7 7 4  )
G_LOOP:  1  3  6   	7.200422e-01	( 1 1 0 6 6 7  )
G_LOOP:  1  4  6   	7.173547e-01	( 1 1 2 6 6 5  )
G_LOOP:  1  5  6   	7.152072e-01	( 1 1 3 6 6 4  )
G_LOOP:  1  6  6   	7.124169e-01	( 2 2 0 5 5 7  )
G_LOOP:  1  7  6   	7.127769e-01	( 2 2 1 5 5 6  )
G_LOOP:  1  8  6   	7.156942e-01	( 2 2 3 5 5 4  )
G_LOOP:  1  9  6   	7.235363e-01	( 3 3 0 4 4 7  )
G_LOOP:  1  10  6   	7.168376e-01	( 3 3 1 4 4 6  )
G_LOOP:  1  11  6   	7.184888e-01	( 3 3 2 4 4 5  )
G_LOOP:  2  0  6   	7.309402e-01	( 0 1 2 7 6 5  )
G_LOOP:  2  1  6   	7.334683e-01	( 0 1 5 7 6 2  )
G_LOOP:  2  2  6   	7.358878e-01	( 0 6 2 7 1 5  )
G_LOOP:  2  3  6   	7.311164e-01	( 0 6 5 7 1 2  )
G_LOOP:  2  4  6   	7.339033e-01	( 0 1 3 7 6 4  )
G_LOOP:  2  5  6   	7.386881e-01	( 0 1 4 7 6 3  )
G_LOOP:  2  6  6   	7.380549e-01	( 0 6 3 7 1 4  )
G_LOOP:  2  7  6   	7.320259e-01	( 0 6 4 7 1 3  )
G_LOOP:  2  8  6   	7.381620e-01	( 0 2 3 7 5 4  )
G_LOOP:  2  9  6   	7.344164e-01	( 0 2 4 7 5 3  )
G_LOOP:  2  10  6   	7.362792e-01	( 0 5 3 7 2 4  )
G_LOOP:  2  11  6   	7.341192e-01	( 0 5 4 7 2 3  )
G_LOOP:  2  12  6   	7.332222e-01	( 1 2 3 6 5 4  )
G_LOOP:  2  13  6   	7.315865e-01	( 1 2 4 6 5 3  )
G_LOOP:  2  14  6   	7.331640e-01	( 1 5 3 6 2 4  )
G_LOOP:  2  15  6   	7.295510e-01	( 1 5 4 6 2 3  )
GACTION: 6.646384e+00
CONGRAD5: time = 1.139929e+00 (fn F) masses = 1 iters = 599 mflops = 2.155626e+03
 OK converged final_rsq= 1e-10 (cf 1e-10) rel = 1 (cf 0) restarts = 2 iters= 599
CONGRAD5: time = 1.716149e-01 (fn F) masses = 1 iters = 91 mflops = 2.175259e+03
 OK converged final_rsq= 1e-10 (cf 1e-10) rel = 1 (cf 0) restarts = 1 iters= 91
PBP: mass 1.000000e-02     4.339416e-02  3.936487e-02  7.421302e-03  7.418751e-03 ( 1 of 1 )
FACTION: mass = 1.000000e-02,  1.502066e+00 ( 1 of 1 )
CONGRAD5: time = 1.122013e+00 (fn F) masses = 1 iters = 602 mflops = 2.201016e+03
 OK converged final_rsq= 7.1e-11 (cf 1e-10) rel = 1 (cf 0) restarts = 3 iters= 602
CONGRAD5: time = 2.379732e-01 (fn F) masses = 1 iters = 126 mflops = 2.172036e+03
 OK converged final_rsq= 9.9e-11 (cf 1e-10) rel = 1 (cf 0) restarts = 1 iters= 126
PBP: mass 1.000000e-02     4.858556e-02  4.277414e-02  -1.701513e-03  -1.703251e-03 ( 1 of 1 )
FACTION: mass = 1.000000e-02,  1.501393e+00 ( 1 of 1 )
CONGRAD5: time = 1.134862e+00 (fn F) masses = 1 iters = 602 mflops = 2.176095e+03
 OK converged final_rsq= 8.2e-11 (cf 1e-10) rel = 1 (cf 0) restarts = 3 iters= 602
CONGRAD5: time = 1.157763e+00 (fn F) masses = 1 iters = 602 mflops = 2.133051e+03
 OK converged final_rsq= 5.4e-11 (cf 1e-10) rel = 1 (cf 0) restarts = 3 iters= 602
GFTIME:   time = 1.738601e-01 (Symanzik1) mflops = 3.041422e+03
FFTIME:  time = 6.035569e-01 (asqtad3) terms = 2 mflops = 2.484925e+03
CONGRAD5: time = 1.294298e+00 (fn F) masses = 1 iters = 683 mflops = 2.164766e+03
 OK converged final_rsq= 9.9e-11 (cf 1e-10) rel = 1 (cf 0) restarts = 3 iters= 683
CONGRAD5: time = 1.120002e+00 (fn F) masses = 1 iters = 602 mflops = 2.204967e+03
 OK converged final_rsq= 7.6e-11 (cf 1e-10) rel = 1 (cf 0) restarts = 3 iters= 602
GFTIME:   time = 1.743739e-01 (Symanzik1) mflops = 3.032460e+03
FFTIME:  time = 6.072490e-01 (asqtad3) terms = 2 mflops = 2.469816e+03
CONGRAD5: time = 1.120576e+00 (fn F) masses = 1 iters = 602 mflops = 2.203838e+03
 OK converged final_rsq= 6.9e-11 (cf 1e-10) rel = 1 (cf 0) restarts = 3 iters= 602
CONGRAD5: time = 1.121907e+00 (fn F) masses = 1 iters = 602 mflops = 2.201223e+03
 OK converged final_rsq= 7.2e-11 (cf 1e-10) rel = 1 (cf 0) restarts = 3 iters= 602
GFTIME:   time = 1.740749e-01 (Symanzik1) mflops = 3.037669e+03
FFTIME:  time = 6.035130e-01 (asqtad3) terms = 2 mflops = 2.485105e+03
CONGRAD5: time = 1.122120e+00 (fn F) masses = 1 iters = 602 mflops = 2.200805e+03
 OK converged final_rsq= 8.2e-11 (cf 1e-10) rel = 1 (cf 0) restarts = 3 iters= 602
CONGRAD5: time = 1.137984e+00 (fn F) masses = 1 iters = 602 mflops = 2.170125e+03
 OK converged final_rsq= 4.8e-11 (cf 1e-10) rel = 1 (cf 0) restarts = 3 iters= 602
GFTIME:   time = 1.758778e-01 (Symanzik1) mflops = 3.006530e+03
FFTIME:  time = 6.034360e-01 (asqtad3) terms = 2 mflops = 2.485423e+03
CONGRAD5: time = 1.267738e+00 (fn F) masses = 1 iters = 661 mflops = 2.138929e+03
 OK converged final_rsq= 9.9e-11 (cf 1e-10) rel = 1 (cf 0) restarts = 3 iters= 661
CONGRAD5: time = 1.121260e+00 (fn F) masses = 1 iters = 602 mflops = 2.202493e+03
 OK converged final_rsq= 8.3e-11 (cf 1e-10) rel = 1 (cf 0) restarts = 3 iters= 602
GFTIME:   time = 1.760449e-01 (Symanzik1) mflops = 3.003675e+03
FFTIME:  time = 6.032979e-01 (asqtad3) terms = 2 mflops = 2.485991e+03
CONGRAD5: time = 1.255926e+00 (fn F) masses = 1 iters = 674 mflops = 2.201508e+03
 OK converged final_rsq= 9.9e-11 (cf 1e-10) rel = 1 (cf 0) restarts = 3 iters= 674
CONGRAD5: time = 1.120111e+00 (fn F) masses = 1 iters = 602 mflops = 2.204753e+03
 OK converged final_rsq= 6.3e-11 (cf 1e-10) rel = 1 (cf 0) restarts = 3 iters= 602
GFTIME:   time = 1.755509e-01 (Symanzik1) mflops = 3.012128e+03
FFTIME:  time = 6.016710e-01 (asqtad3) terms = 2 mflops = 2.492714e+03
CONGRAD5: time = 1.111572e+00 (fn F) masses = 1 iters = 602 mflops = 2.221689e+03
 OK converged final_rsq= 9.3e-11 (cf 1e-10) rel = 1 (cf 0) restarts = 3 iters= 602
CONGRAD5: time = 1.111794e+00 (fn F) masses = 1 iters = 602 mflops = 2.221246e+03
 OK converged final_rsq= 5.5e-11 (cf 1e-10) rel = 1 (cf 0) restarts = 3 iters= 602
GFTIME:   time = 1.718051e-01 (Symanzik1) mflops = 3.077800e+03
FFTIME:  time = 6.008840e-01 (asqtad3) terms = 2 mflops = 2.495978e+03
CONGRAD5: time = 1.127981e+00 (fn F) masses = 1 iters = 602 mflops = 2.189370e+03
 OK converged final_rsq= 4.9e-11 (cf 1e-10) rel = 1 (cf 0) restarts = 3 iters= 602
CONGRAD5: time = 1.260747e+00 (fn F) masses = 1 iters = 666 mflops = 2.167059e+03
 OK converged final_rsq= 9.8e-11 (cf 1e-10) rel = 1 (cf 0) restarts = 3 iters= 666
GFTIME:   time = 1.718321e-01 (Symanzik1) mflops = 3.077317e+03
FFTIME:  time = 5.997579e-01 (asqtad3) terms = 2 mflops = 2.500665e+03
CONGRAD5: time = 1.227566e+00 (fn F) masses = 1 iters = 660 mflops = 2.205584e+03
 OK converged final_rsq= 5e-11 (cf 1e-10) rel = 1 (cf 0) restarts = 4 iters= 660
CONGRAD5: time = 1.113249e+00 (fn F) masses = 1 iters = 602 mflops = 2.218343e+03
 OK converged final_rsq= 4.4e-11 (cf 1e-10) rel = 1 (cf 0) restarts = 3 iters= 602
GFTIME:   time = 1.711531e-01 (Symanzik1) mflops = 3.089526e+03
FFTIME:  time = 6.037581e-01 (asqtad3) terms = 2 mflops = 2.484097e+03
CONGRAD5: time = 1.116920e+00 (fn F) masses = 1 iters = 602 mflops = 2.211052e+03
 OK converged final_rsq= 9e-11 (cf 1e-10) rel = 1 (cf 0) restarts = 3 iters= 602
CONGRAD5: time = 1.113981e+00 (fn F) masses = 1 iters = 602 mflops = 2.216885e+03
 OK converged final_rsq= 6.8e-11 (cf 1e-10) rel = 1 (cf 0) restarts = 3 iters= 602
GFTIME:   time = 1.718481e-01 (Symanzik1) mflops = 3.077031e+03
FFTIME:  time = 5.995240e-01 (asqtad3) terms = 2 mflops = 2.501640e+03
CONGRAD5: time = 1.317571e+00 (fn F) masses = 1 iters = 713 mflops = 2.219934e+03
 OK converged final_rsq= 9.9e-11 (cf 1e-10) rel = 1 (cf 0) restarts = 3 iters= 713
CONGRAD5: time = 1.130212e+00 (fn F) masses = 1 iters = 602 mflops = 2.185049e+03
 OK converged final_rsq= 5.9e-11 (cf 1e-10) rel = 1 (cf 0) restarts = 3 iters= 602
GFTIME:   time = 1.719460e-01 (Symanzik1) mflops = 3.075278e+03
FFTIME:  time = 6.012900e-01 (asqtad3) terms = 2 mflops = 2.494293e+03
CONGRAD5: time = 1.347680e+00 (fn F) masses = 1 iters = 708 mflops = 2.155118e+03
 OK converged final_rsq= 9.9e-11 (cf 1e-10) rel = 1 (cf 0) restarts = 3 iters= 708
CONGRAD5: time = 1.113456e+00 (fn F) masses = 1 iters = 602 mflops = 2.217930e+03
 OK converged final_rsq= 4.6e-11 (cf 1e-10) rel = 1 (cf 0) restarts = 3 iters= 602
GFTIME:   time = 1.724432e-01 (Symanzik1) mflops = 3.066412e+03
FFTIME:  time = 6.035550e-01 (asqtad3) terms = 2 mflops = 2.484933e+03
CONGRAD5: time = 1.118670e+00 (fn F) masses = 1 iters = 602 mflops = 2.207593e+03
 OK converged final_rsq= 5.7e-11 (cf 1e-10) rel = 1 (cf 0) restarts = 3 iters= 602
CONGRAD5: time = 1.275836e+00 (fn F) masses = 1 iters = 680 mflops = 2.186445e+03
 OK converged final_rsq= 9.9e-11 (cf 1e-10) rel = 1 (cf 0) restarts = 3 iters= 680
GFTIME:   time = 1.792030e-01 (Symanzik1) mflops = 2.950741e+03
FFTIME:  time = 6.110871e-01 (asqtad3) terms = 2 mflops = 2.454304e+03
CONGRAD5: time = 1.245032e+00 (fn F) masses = 1 iters = 666 mflops = 2.194412e+03
 OK converged final_rsq= 5e-11 (cf 1e-10) rel = 1 (cf 0) restarts = 4 iters= 666
CONGRAD5: time = 1.123242e+00 (fn F) masses = 1 iters = 602 mflops = 2.198607e+03
 OK converged final_rsq= 8.6e-11 (cf 1e-10) rel = 1 (cf 0) restarts = 3 iters= 602
GFTIME:   time = 1.755152e-01 (Symanzik1) mflops = 3.012741e+03
FFTIME:  time = 6.210740e-01 (asqtad3) terms = 2 mflops = 2.414839e+03
CONGRAD5: time = 1.310922e+00 (fn F) masses = 1 iters = 703 mflops = 2.199900e+03
 OK converged final_rsq= 1e-10 (cf 1e-10) rel = 1 (cf 0) restarts = 3 iters= 703
CONGRAD5: time = 1.340734e+00 (fn F) masses = 1 iters = 704 mflops = 2.154044e+03
 OK converged final_rsq= 5e-11 (cf 1e-10) rel = 1 (cf 0) restarts = 4 iters= 704
GFTIME:   time = 1.744559e-01 (Symanzik1) mflops = 3.031035e+03
FFTIME:  time = 6.005459e-01 (asqtad3) terms = 2 mflops = 2.497384e+03
PLAQ:	1.460193	1.460439
P_LOOP:	-5.681515e-03	1.470983e-02
G_LOOP:  0  0  4   	1.462860e+00	( 0 1 7 6  )
G_LOOP:  0  1  4   	1.459667e+00	( 0 2 7 5  )
G_LOOP:  0  2  4   	1.464225e+00	( 0 3 7 4  )
G_LOOP:  0  3  4   	1.458053e+00	( 1 2 6 5  )
G_LOOP:  0  4  4   	1.458102e+00	( 1 3 6 4  )
G_LOOP:  0  5  4   	1.458991e+00	( 2 3 5 4  )
G_LOOP:  1  0  6   	7.044114e-01	( 0 0 1 7 7 6  )
G_LOOP:  1  1  6   	7.001683e-01	( 0 0 2 7 7 5  )
G_LOOP:  1  2  6   	7.064534e-01	( 0 0 3 7 7 4  )
G_LOOP:  1  3  6   	7.046912e-01	( 1 1 0 6 6 7  )
G_LOOP:  1  4  6   	6.971760e-01	( 1 1 2 6 6 5  )
G_LOOP:  1  5  6   	6.963067e-01	( 1 1 3 6 6 4  )
G_LOOP:  1  6  6   	6.973758e-01	( 2 2 0 5 5 7  )
G_LOOP:  1  7  6   	6.981232e-01	( 2 2 1 5 5 6  )
G_LOOP:  1  8  6   	6.977841e-01	( 2 2 3 5 5 4  )
G_LOOP:  1  9  6   	7.051219e-01	( 3 3 0 4 4 7  )
G_LOOP:  1  10  6   	7.012289e-01	( 3 3 1 4 4 6  )
G_LOOP:  1  11  6   	6.983391e-01	( 3 3 2 4 4 5  )
G_LOOP:  2  0  6   	7.119569e-01	( 0 1 2 7 6 5  )
G_LOOP:  2  1  6   	7.136081e-01	( 0 1 5 7 6 2  )
G_LOOP:  2  2  6   	7.205864e-01	( 0 6 2 7 1 5  )
G_LOOP:  2  3  6   	7.129568e-01	( 0 6 5 7 1 2  )
G_LOOP:  2  4  6   	7.151807e-01	( 0 1 3 7 6 4  )
G_LOOP:  2  5  6   	7.179215e-01	( 0 1 4 7 6 3  )
G_LOOP:  2  6  6   	7.225979e-01	( 0 6 3 7 1 4  )
G_LOOP:  2  7  6   	7.152602e-01	( 0 6 4 7 1 3  )
G_LOOP:  2  8  6   	7.193233e-01	( 0 2 3 7 5 4  )
G_LOOP:  2  9  6   	7.155409e-01	( 0 2 4 7 5 3  )
G_LOOP:  2  10  6   	7.174311e-01	( 0 5 3 7 2 4  )
G_LOOP:  2  11  6   	7.158922e-01	( 0 5 4 7 2 3  )
G_LOOP:  2  12  6   	7.121399e-01	( 1 2 3 6 5 4  )
G_LOOP:  2  13  6   	7.112940e-01	( 1 2 4 6 5 3  )
G_LOOP:  2  14  6   	7.106608e-01	( 1 5 3 6 2 4  )
G_LOOP:  2  15  6   	7.096770e-01	( 1 5 4 6 2 3  )
GACTION: 6.719232e+00
CONGRAD5: time = 1.117354e+00 (fn F) masses = 1 iters = 602 mflops = 2.210192e+03
 OK converged final_rsq= 8.8e-11 (cf 1e-10) rel = 1 (cf 0) restarts = 3 iters= 602
CONGRAD5: time = 2.286870e-01 (fn F) masses = 1 iters = 122 mflops = 2.188481e+03
 OK converged final_rsq= 9.9e-11 (cf 1e-10) rel = 1 (cf 0) restarts = 1 iters= 122
PBP: mass 1.000000e-02     5.555199e-02  4.368940e-02  -4.331524e-03  -4.348939e-03 ( 1 of 1 )
FACTION: mass = 1.000000e-02,  1.501287e+00 ( 1 of 1 )
CONGRAD5: time = 1.116493e+00 (fn F) masses = 1 iters = 602 mflops = 2.211897e+03
 OK converged final_rsq= 6.4e-11 (cf 1e-10) rel = 1 (cf 0) restarts = 3 iters= 602
CONGRAD5: time = 2.064738e-01 (fn F) masses = 1 iters = 110 mflops = 2.185507e+03
 OK converged final_rsq= 1e-10 (cf 1e-10) rel = 1 (cf 0) restarts = 1 iters= 110
PBP: mass 1.000000e-02     5.376833e-02  4.562878e-02  -5.653563e-03  -5.648705e-03 ( 1 of 1 )
FACTION: mass = 1.000000e-02,  1.501514e+00 ( 1 of 1 )
RUNNING COMPLETED
average cg iters for step= 1.219000e+03
Time = 2.123845e+02 seconds
total_iters = 152537
Checksums 7bb45b68 d977e3c0
Saved gauge configuration in parallel to binary file lat_p64_size128_2
Time stamp Fri May 13 21:17:23 2022
Wrote info file lat_p64_size128_2.info
Time to save = 4.702990e-01
CHECK PLAQ: 1.460193e+00 1.460439e+00
CHECK NERSC LINKTR: 1.427689e-01 CKSUM: 5cf947c6


get_i(0): EOF on input.
Elapsed total time: 236.771684
exit: Fri May 13 21:17:24 2022

