cpu-bind=MASK - ault01, task  1  1 [1667067]: mask 0x40000000040000 set
cpu-bind=MASK - ault01, task  3  3 [1667069]: mask 0x80000000080000 set
cpu-bind=MASK - ault01, task  5  5 [1667071]: mask 0x100000000100000 set
cpu-bind=MASK - ault01, task  9  9 [1667075]: mask 0x400000000400000 set
cpu-bind=MASK - ault01, task 22 22 [1667088]: mask 0x800000000800 set
cpu-bind=MASK - ault01, task  4  4 [1667070]: mask 0x4000000004 set
cpu-bind=MASK - ault01, task 12 12 [1667078]: mask 0x40000000040 set
cpu-bind=MASK - ault01, task 24 24 [1667090]: mask 0x1000000001000 set
cpu-bind=MASK - ault01, task 25 25 [1667091]: mask 0x40000000040000000 set
cpu-bind=MASK - ault01, task 26 26 [1667092]: mask 0x2000000002000 set
cpu-bind=MASK - ault01, task  0  0 [1667066]: mask 0x1000000001 set
cpu-bind=MASK - ault01, task  2  2 [1667068]: mask 0x2000000002 set
cpu-bind=MASK - ault01, task  6  6 [1667072]: mask 0x8000000008 set
cpu-bind=MASK - ault01, task  7  7 [1667073]: mask 0x200000000200000 set
cpu-bind=MASK - ault01, task  8  8 [1667074]: mask 0x10000000010 set
cpu-bind=MASK - ault01, task 11 11 [1667077]: mask 0x800000000800000 set
cpu-bind=MASK - ault01, task 13 13 [1667079]: mask 0x1000000001000000 set
cpu-bind=MASK - ault01, task 17 17 [1667083]: mask 0x4000000004000000 set
cpu-bind=MASK - ault01, task 21 21 [1667087]: mask 0x10000000010000000 set
cpu-bind=MASK - ault01, task 23 23 [1667089]: mask 0x20000000020000000 set
cpu-bind=MASK - ault01, task 10 10 [1667076]: mask 0x20000000020 set
cpu-bind=MASK - ault01, task 14 14 [1667080]: mask 0x80000000080 set
cpu-bind=MASK - ault01, task 15 15 [1667081]: mask 0x2000000002000000 set
cpu-bind=MASK - ault01, task 18 18 [1667084]: mask 0x200000000200 set
cpu-bind=MASK - ault01, task 19 19 [1667085]: mask 0x8000000008000000 set
cpu-bind=MASK - ault01, task 20 20 [1667086]: mask 0x400000000400 set
cpu-bind=MASK - ault01, task 16 16 [1667082]: mask 0x100000000100 set
Running problem size 20^3 per domain until completion
Num processors: 27
Num threads: 1
Total number of elements: 216000 

To run other sizes, use -s <integer>.
To run a fixed number of iterations, use -i <integer>.
To run a more or less balanced region set, use -b <integer>.
To change the relative costs of regions, use -c <integer>.
To print out progress, use -p
To write an output file for VisIt, use -v
See help (-h) for more options

Run completed:
   Problem size        =  20
   MPI tasks           =  27
   Iteration count     =  2031
   Final Origin Energy =  7.130703e+05
   Testing Plane 0 of Energy Array on rank 0:
        MaxAbsDiff   = 2.910383e-10
        TotalAbsDiff = 2.750312e-09
        MaxRelDiff   = 1.979550e-14

Elapsed time         = 74.47313391 (s)
Grind time (us/z/c)  =  4.5835262 (per dom)  ( 74.473134 overall)
FOM                  =  5890.6612 (z/s)

