cpu-bind=MASK - ault01, task  2  2 [1650754]: mask 0x2000000002 set
cpu-bind=MASK - ault01, task  1  1 [1650753]: mask 0x40000000040000 set
cpu-bind=MASK - ault01, task 11 11 [1650763]: mask 0x800000000800000 set
cpu-bind=MASK - ault01, task 15 15 [1650767]: mask 0x2000000002000000 set
cpu-bind=MASK - ault01, task 17 17 [1650769]: mask 0x4000000004000000 set
cpu-bind=MASK - ault01, task  0  0 [1650752]: mask 0x1000000001 set
cpu-bind=MASK - ault01, task 25 25 [1650777]: mask 0x40000000040000000 set
cpu-bind=MASK - ault01, task 21 21 [1650773]: mask 0x10000000010000000 set
cpu-bind=MASK - ault01, task 10 10 [1650762]: mask 0x20000000020 set
cpu-bind=MASK - ault01, task  8  8 [1650760]: mask 0x10000000010 set
cpu-bind=MASK - ault01, task 23 23 [1650775]: mask 0x20000000020000000 set
cpu-bind=MASK - ault01, task 24 24 [1650776]: mask 0x1000000001000 set
cpu-bind=MASK - ault01, task  3  3 [1650755]: mask 0x80000000080000 set
cpu-bind=MASK - ault01, task  4  4 [1650756]: mask 0x4000000004 set
cpu-bind=MASK - ault01, task  5  5 [1650757]: mask 0x100000000100000 set
cpu-bind=MASK - ault01, task  6  6 [1650758]: mask 0x8000000008 set
cpu-bind=MASK - ault01, task  7  7 [1650759]: mask 0x200000000200000 set
cpu-bind=MASK - ault01, task 13 13 [1650765]: mask 0x1000000001000000 set
cpu-bind=MASK - ault01, task 14 14 [1650766]: mask 0x80000000080 set
cpu-bind=MASK - ault01, task 18 18 [1650770]: mask 0x200000000200 set
cpu-bind=MASK - ault01, task 19 19 [1650771]: mask 0x8000000008000000 set
cpu-bind=MASK - ault01, task 20 20 [1650772]: mask 0x400000000400 set
cpu-bind=MASK - ault01, task 22 22 [1650774]: mask 0x800000000800 set
cpu-bind=MASK - ault01, task 26 26 [1650778]: mask 0x2000000002000 set
cpu-bind=MASK - ault01, task  9  9 [1650761]: mask 0x400000000400000 set
cpu-bind=MASK - ault01, task 12 12 [1650764]: mask 0x40000000040 set
cpu-bind=MASK - ault01, task 16 16 [1650768]: mask 0x100000000100 set
Running problem size 10^3 per domain until completion
Num processors: 27
Num threads: 1
Total number of elements: 27000 

To run other sizes, use -s <integer>.
To run a fixed number of iterations, use -i <integer>.
To run a more or less balanced region set, use -b <integer>.
To change the relative costs of regions, use -c <integer>.
To print out progress, use -p
To write an output file for VisIt, use -v
See help (-h) for more options

Run completed:
   Problem size        =  10
   MPI tasks           =  27
   Iteration count     =  932
   Final Origin Energy =  2.025075e+05
   Testing Plane 0 of Energy Array on rank 0:
        MaxAbsDiff   = 3.637979e-11
        TotalAbsDiff = 3.020659e-10
        MaxRelDiff   = 7.648872e-15

Elapsed time         = 4.616908372 (s)
Grind time (us/z/c)  =  4.9537643 (per dom)  ( 4.6169084 overall)
FOM                  =  5450.4006 (z/s)

