cpu-bind-cores=MAP  - nid01138, task  4  0 [39002]: mask 0x10000 set
cpu-bind-cores=MAP  - nid01138, task  5  1 [39003]: mask 0x20000 set
cpu-bind-cores=MAP  - nid01138, task  6  2 [39004]: mask 0x400000000 set
cpu-bind-cores=MAP  - nid01138, task  7  3 [39005]: mask 0x800000000 set
cpu-bind-cores=MAP  - nid00722, task  0  0 [46067]: mask 0x10000 set
cpu-bind-cores=MAP  - nid00722, task  1  1 [46068]: mask 0x20000 set
cpu-bind-cores=MAP  - nid00722, task  2  2 [46069]: mask 0x400000000 set
cpu-bind-cores=MAP  - nid00722, task  3  3 [46070]: mask 0x800000000 set
Failed to retrieve username for uid=25181
See 'sarus help run'
Failed to retrieve username for uid=25181
See 'sarus help run'
Failed to retrieve username for uid=25181
See 'sarus help run'
Failed to retrieve username for uid=25181
See 'sarus help run'
slurmstepd: error: *** STEP 37455381.472 ON nid00722 CANCELLED AT 2022-04-01T15:35:41 ***
time="2022-04-01T15:35:41+02:00" level=warning msg="cannot toggle freezer: cgroups not configured for container"
time="2022-04-01T15:35:41+02:00" level=warning msg="cannot toggle freezer: cgroups not configured for container"
time="2022-04-01T15:35:41+02:00" level=warning msg="cannot toggle freezer: cgroups not configured for container"
time="2022-04-01T15:35:41+02:00" level=warning msg="cannot toggle freezer: cgroups not configured for container"
time="2022-04-01T15:35:41+02:00" level=warning msg="lstat : no such file or directory"
time="2022-04-01T15:35:41+02:00" level=warning msg="lstat : no such file or directory"
time="2022-04-01T15:35:41+02:00" level=error msg="container_linux.go:380: starting container process caused: process_linux.go:545: container init caused: Running hook #1:: error running hook: signal: terminated, stdout: , stderr: "
time="2022-04-01T15:35:41+02:00" level=error msg="container_linux.go:380: starting container process caused: process_linux.go:545: container init caused: Running hook #1:: error running hook: signal: terminated, stdout: , stderr: "
time="2022-04-01T15:35:41+02:00" level=warning msg="cannot toggle freezer: cgroups not configured for container"
time="2022-04-01T15:35:41+02:00" level=warning msg="cannot toggle freezer: cgroups not configured for container"
time="2022-04-01T15:35:41+02:00" level=warning msg="lstat : no such file or directory"
time="2022-04-01T15:35:41+02:00" level=error msg="container_linux.go:380: starting container process caused: process_linux.go:545: container init caused: Running hook #1:: error running hook: signal: terminated, stdout: , stderr: "
time="2022-04-01T15:35:41+02:00" level=warning msg="cannot toggle freezer: cgroups not configured for container"
time="2022-04-01T15:35:41+02:00" level=warning msg="cannot toggle freezer: cgroups not configured for container"
time="2022-04-01T15:35:41+02:00" level=warning msg="lstat : no such file or directory"
time="2022-04-01T15:35:41+02:00" level=error msg="container_linux.go:380: starting container process caused: process_linux.go:545: container init caused: Running hook #1:: error running hook: signal: terminated, stdout: , stderr: "
