srun: Warning: can't honor --ntasks-per-node set to 32 which doesn't match the requested tasks 125 with the number of requested nodes 4. Ignoring --ntasks-per-node.
cpu-bind=MASK - ault03, task 64  1 [74684]: mask 0x40000000040000 set
cpu-bind=MASK - ault03, task 85 22 [74705]: mask 0x1000000001000 set
cpu-bind=MASK - ault03, task 69  6 [74689]: mask 0x10000000010 set
cpu-bind=MASK - ault03, task 74 11 [74694]: mask 0x800000000800000 set
cpu-bind=MASK - ault03, task 81 18 [74701]: mask 0x400000000400 set
cpu-bind=MASK - ault03, task 65  2 [74685]: mask 0x4000000004 set
cpu-bind=MASK - ault03, task 66  3 [74686]: mask 0x80000000080000 set
cpu-bind=MASK - ault03, task 76 13 [74696]: mask 0x1000000001000000 set
cpu-bind=MASK - ault03, task 63  0 [74683]: mask 0x2000000002 set
cpu-bind=MASK - ault03, task 67  4 [74687]: mask 0x8000000008 set
cpu-bind=MASK - ault03, task 68  5 [74688]: mask 0x100000000100000 set
cpu-bind=MASK - ault03, task 70  7 [74690]: mask 0x200000000200000 set
cpu-bind=MASK - ault03, task 83 20 [74703]: mask 0x800000000800 set
cpu-bind=MASK - ault03, task 87 24 [74707]: mask 0x2000000002000 set
cpu-bind=MASK - ault03, task 89 26 [74709]: mask 0x4000000004000 set
cpu-bind=MASK - ault03, task 90 27 [74710]: mask 0x80000000080000000 set
cpu-bind=MASK - ault03, task 91 28 [74711]: mask 0x8000000008000 set
cpu-bind=MASK - ault03, task 72  9 [74692]: mask 0x400000000400000 set
cpu-bind=MASK - ault03, task 75 12 [74695]: mask 0x80000000080 set
cpu-bind=MASK - ault03, task 77 14 [74697]: mask 0x100000000100 set
cpu-bind=MASK - ault03, task 80 17 [74700]: mask 0x4000000004000000 set
cpu-bind=MASK - ault03, task 86 23 [74706]: mask 0x20000000020000000 set
cpu-bind=MASK - ault03, task 79 16 [74699]: mask 0x200000000200 set
cpu-bind=MASK - ault03, task 84 21 [74704]: mask 0x10000000010000000 set
cpu-bind=MASK - ault03, task 93 30 [74713]: mask 0x10000000010000 set
cpu-bind=MASK - ault03, task 73 10 [74693]: mask 0x40000000040 set
cpu-bind=MASK - ault03, task 92 29 [74712]: mask 0x100000000100000000 set
cpu-bind=MASK - ault03, task 78 15 [74698]: mask 0x2000000002000000 set
cpu-bind=MASK - ault03, task 88 25 [74708]: mask 0x40000000040000000 set
cpu-bind=MASK - ault03, task 71  8 [74691]: mask 0x20000000020 set
cpu-bind=MASK - ault03, task 82 19 [74702]: mask 0x8000000008000000 set
cpu-bind=MASK - ault02, task 32  0 [12206]: mask 0x2000000002 set
cpu-bind=MASK - ault02, task 52 20 [12226]: mask 0x800000000800 set
cpu-bind=MASK - ault02, task 33  1 [12207]: mask 0x40000000040000 set
cpu-bind=MASK - ault02, task 49 17 [12223]: mask 0x4000000004000000 set
cpu-bind=MASK - ault02, task 59 27 [12233]: mask 0x80000000080000000 set
cpu-bind=MASK - ault02, task 38  6 [12212]: mask 0x10000000010 set
cpu-bind=MASK - ault02, task 39  7 [12213]: mask 0x200000000200000 set
cpu-bind=MASK - ault02, task 37  5 [12211]: mask 0x100000000100000 set
cpu-bind=MASK - ault02, task 41  9 [12215]: mask 0x400000000400000 set
cpu-bind=MASK - ault02, task 43 11 [12217]: mask 0x800000000800000 set
cpu-bind=MASK - ault02, task 44 12 [12218]: mask 0x80000000080 set
cpu-bind=MASK - ault02, task 46 14 [12220]: mask 0x100000000100 set
cpu-bind=MASK - ault02, task 47 15 [12221]: mask 0x2000000002000000 set
cpu-bind=MASK - ault02, task 48 16 [12222]: mask 0x200000000200 set
cpu-bind=MASK - ault02, task 50 18 [12224]: mask 0x400000000400 set
cpu-bind=MASK - ault02, task 51 19 [12225]: mask 0x8000000008000000 set
cpu-bind=MASK - ault02, task 54 22 [12228]: mask 0x1000000001000 set
cpu-bind=MASK - ault02, task 55 23 [12229]: mask 0x20000000020000000 set
cpu-bind=MASK - ault02, task 56 24 [12230]: mask 0x2000000002000 set
cpu-bind=MASK - ault02, task 58 26 [12232]: mask 0x4000000004000 set
cpu-bind=MASK - ault02, task 60 28 [12234]: mask 0x8000000008000 set
cpu-bind=MASK - ault02, task 61 29 [12235]: mask 0x100000000100000000 set
cpu-bind=MASK - ault02, task 34  2 [12208]: mask 0x4000000004 set
cpu-bind=MASK - ault02, task 35  3 [12209]: mask 0x80000000080000 set
cpu-bind=MASK - ault02, task 36  4 [12210]: mask 0x8000000008 set
cpu-bind=MASK - ault02, task 40  8 [12214]: mask 0x20000000020 set
cpu-bind=MASK - ault02, task 42 10 [12216]: mask 0x40000000040 set
cpu-bind=MASK - ault02, task 53 21 [12227]: mask 0x10000000010000000 set
cpu-bind=MASK - ault02, task 57 25 [12231]: mask 0x40000000040000000 set
cpu-bind=MASK - ault02, task 45 13 [12219]: mask 0x1000000001000000 set
cpu-bind=MASK - ault04, task 111 17 [2977352]: mask 0x4000000004000000 set
cpu-bind=MASK - ault02, task 62 30 [12236]: mask 0x10000000010000 set
cpu-bind=MASK - ault04, task 114 20 [2977355]: mask 0x800000000800 set
cpu-bind=MASK - ault04, task 97  3 [2977338]: mask 0x80000000080000 set
cpu-bind=MASK - ault04, task 95  1 [2977336]: mask 0x40000000040000 set
cpu-bind=MASK - ault04, task 101  7 [2977342]: mask 0x200000000200000 set
cpu-bind=MASK - ault04, task 103  9 [2977344]: mask 0x400000000400000 set
cpu-bind=MASK - ault04, task 104 10 [2977345]: mask 0x40000000040 set
cpu-bind=MASK - ault04, task 120 26 [2977361]: mask 0x4000000004000 set
cpu-bind=MASK - ault04, task 122 28 [2977363]: mask 0x8000000008000 set
cpu-bind=MASK - ault04, task 94  0 [2977335]: mask 0x2000000002 set
cpu-bind=MASK - ault04, task 96  2 [2977337]: mask 0x4000000004 set
cpu-bind=MASK - ault04, task 98  4 [2977339]: mask 0x8000000008 set
cpu-bind=MASK - ault04, task 99  5 [2977340]: mask 0x100000000100000 set
cpu-bind=MASK - ault04, task 102  8 [2977343]: mask 0x20000000020 set
cpu-bind=MASK - ault04, task 106 12 [2977347]: mask 0x80000000080 set
cpu-bind=MASK - ault04, task 107 13 [2977348]: mask 0x1000000001000000 set
cpu-bind=MASK - ault04, task 108 14 [2977349]: mask 0x100000000100 set
cpu-bind=MASK - ault04, task 112 18 [2977353]: mask 0x400000000400 set
cpu-bind=MASK - ault04, task 113 19 [2977354]: mask 0x8000000008000000 set
cpu-bind=MASK - ault04, task 115 21 [2977356]: mask 0x10000000010000000 set
cpu-bind=MASK - ault04, task 116 22 [2977357]: mask 0x1000000001000 set
cpu-bind=MASK - ault04, task 117 23 [2977358]: mask 0x20000000020000000 set
cpu-bind=MASK - ault04, task 118 24 [2977359]: mask 0x2000000002000 set
cpu-bind=MASK - ault04, task 119 25 [2977360]: mask 0x40000000040000000 set
cpu-bind=MASK - ault04, task 121 27 [2977362]: mask 0x80000000080000000 set
cpu-bind=MASK - ault04, task 123 29 [2977364]: mask 0x100000000100000000 set
cpu-bind=MASK - ault04, task 100  6 [2977341]: mask 0x10000000010 set
cpu-bind=MASK - ault04, task 109 15 [2977350]: mask 0x2000000002000000 set
cpu-bind=MASK - ault04, task 110 16 [2977351]: mask 0x200000000200 set
cpu-bind=MASK - ault04, task 105 11 [2977346]: mask 0x800000000800000 set
cpu-bind=MASK - ault04, task 124 30 [2977365]: mask 0x10000000010000 set
cpu-bind=MASK - ault01, task 20 20 [199152]: mask 0x800000000800 set
cpu-bind=MASK - ault01, task  1  1 [199133]: mask 0x40000000040000 set
cpu-bind=MASK - ault01, task 27 27 [199159]: mask 0x80000000080000000 set
cpu-bind=MASK - ault01, task  0  0 [199132]: mask 0x2000000002 set
cpu-bind=MASK - ault01, task  7  7 [199139]: mask 0x200000000200000 set
cpu-bind=MASK - ault01, task 12 12 [199144]: mask 0x80000000080 set
cpu-bind=MASK - ault01, task 23 23 [199155]: mask 0x20000000020000000 set
cpu-bind=MASK - ault01, task 26 26 [199158]: mask 0x4000000004000 set
cpu-bind=MASK - ault01, task 30 30 [199162]: mask 0x10000000010000 set
cpu-bind=MASK - ault01, task  2  2 [199134]: mask 0x4000000004 set
cpu-bind=MASK - ault01, task  4  4 [199136]: mask 0x8000000008 set
cpu-bind=MASK - ault01, task  5  5 [199137]: mask 0x100000000100000 set
cpu-bind=MASK - ault01, task  6  6 [199138]: mask 0x10000000010 set
cpu-bind=MASK - ault01, task  9  9 [199141]: mask 0x400000000400000 set
cpu-bind=MASK - ault01, task 10 10 [199142]: mask 0x40000000040 set
cpu-bind=MASK - ault01, task 11 11 [199143]: mask 0x800000000800000 set
cpu-bind=MASK - ault01, task 13 13 [199145]: mask 0x1000000001000000 set
cpu-bind=MASK - ault01, task 18 18 [199150]: mask 0x400000000400 set
cpu-bind=MASK - ault01, task 21 21 [199153]: mask 0x10000000010000000 set
cpu-bind=MASK - ault01, task 22 22 [199154]: mask 0x1000000001000 set
cpu-bind=MASK - ault01, task 24 24 [199156]: mask 0x2000000002000 set
cpu-bind=MASK - ault01, task 25 25 [199157]: mask 0x40000000040000000 set
cpu-bind=MASK - ault01, task 29 29 [199161]: mask 0x100000000100000000 set
cpu-bind=MASK - ault01, task 31 31 [199163]: mask 0x20000000020000 set
cpu-bind=MASK - ault01, task  3  3 [199135]: mask 0x80000000080000 set
cpu-bind=MASK - ault01, task  8  8 [199140]: mask 0x20000000020 set
cpu-bind=MASK - ault01, task 14 14 [199146]: mask 0x100000000100 set
cpu-bind=MASK - ault01, task 15 15 [199147]: mask 0x2000000002000000 set
cpu-bind=MASK - ault01, task 16 16 [199148]: mask 0x200000000200 set
cpu-bind=MASK - ault01, task 17 17 [199149]: mask 0x4000000004000000 set
cpu-bind=MASK - ault01, task 19 19 [199151]: mask 0x8000000008000000 set
cpu-bind=MASK - ault01, task 28 28 [199160]: mask 0x8000000008000 set
Running problem size 25^3 per domain until completion
Num processors: 125
Num threads: 1
Total number of elements: 1953125 

To run other sizes, use -s <integer>.
To run a fixed number of iterations, use -i <integer>.
To run a more or less balanced region set, use -b <integer>.
To change the relative costs of regions, use -c <integer>.
To print out progress, use -p
To write an output file for VisIt, use -v
See help (-h) for more options

Run completed:
   Problem size        =  25
   MPI tasks           =  125
   Iteration count     =  4448
   Final Origin Energy =  2.679390e+06
   Testing Plane 0 of Energy Array on rank 0:
        MaxAbsDiff   = 1.309672e-09
        TotalAbsDiff = 1.867465e-08
        MaxRelDiff   = 3.856731e-14

Elapsed time         = 319.6312114 (s)
Grind time (us/z/c)  =  4.5990102 (per dom)  ( 319.63121 overall)
FOM                  =  27179.761 (z/s)

