[409342.271161883] [nid00014-30712] [Runtime] [WARN] Mounting /dev/pts without the gid=<gid of tty group> option, because no tty gid was found. Some programs, e.g. sshd, might run into errors because of this.
shell-init: error retrieving current directory: getcwd: cannot access parent directories: No such file or directory
[409343.527012577] [nid00014-31001] [MPI hook] [WARN] WARNING: could not find ABI-compatible counterpart for host lib ("/usr/lib64/libpcre.so.1") inside container (best candidate found: "/lib/x86_64-linux-gnu/libpcre.so.3") => adding host lib ("/usr/lib64/libpcre.so.1") into container's /lib via bind mount 

 NAS Parallel Benchmarks 3.4 -- EP Benchmark

 Number of random numbers generated:      2147483648  (class B)
 Total number of processes:                        1

EP Benchmark Results:

CPU Time =    18.763
N = 2^   30
No. Gaussian Pairs =     843345606.
Sums =     6.728927543417870D+08    6.728951822502033D+08
Counts:
  0     393058470.
  1     375280898.
  2      70460742.
  3       4438852.
  4        105691.
  5           948.
  6             5.
  7             0.
  8             0.
  9             0.


 EP Benchmark Completed.
 Class           =                        B
 Size            =               2147483648
 Iterations      =                        0
 Time in seconds =                18.763438
 Total processes =                        1
 Active processes=                        1
 Mop/s total     =                   114.45
 Mop/s/process   =                   114.45
 Operation type  = Random numbers generated
 Verification    =               SUCCESSFUL
 Version         =                    3.4.2
 Compile date    =              13 May 2022

 Compile options:
    MPIFC        = mpif90
    FLINK        = $(MPIFC)
    FMPI_LIB     = (none)
    FMPI_INC     = (none)
    FFLAGS       = -O3
    FLINKFLAGS   = $(FFLAGS)
    RAND         = randi8


 Please send feedbacks and/or the results of this run to:

 NPB Development Team 
 Internet: npb@nas.nasa.gov


