SU3 with improved KS action
Microcanonical simulation with refreshing
R algorithm
MIMD version 7.8.1
Machine = MPI (portable), with 32 nodes
Host(0) = nid02634
Username = mcopik
Options selected...
Generic single precision
C_GLOBAL_INLINE
DBLSTORE_FN
D_FN_GATHER13
FEWSUMS
KS_MULTIFF=FNMAT
VECLENGTH=4
type 0 for no prompts, 1 for prompts, or 2 for proofreading
nflavors1 2
nflavors2 1
nx 16
ny 16
nz 16
nt 36
iseed 5682304
LAYOUT = Hypercubes, options = hyper_prime,
automatic hyper_prime layout
ON EACH NODE 8 x 8 x 8 x 9
Mallocing 4.5 MBytes per node for lattice
WARNING!!: Resetting random seed
Made lattice
Made nn gathers
Made 3nn gathers
Finished setup


warms 0
trajecs 4
traj_between_meas 1
beta 5.6
mass1 0.125
mass2 0.125
u0 0.8441
microcanonical_time_step 0.2
steps_per_trajectory 5
max_cg_iterations 100
max_cg_restarts 5
error_per_site 0.125
error_for_propagator 0.125
npbp_reps 1
prec_pbp 1
fresh 
save_parallel lat_p64_size128_1
unit gauge configuration loaded
CHECK PLAQ: 3.000000e+00 3.000000e+00
CHECK NERSC LINKTR: 1.000000e+00 CKSUM: 0
Unitarity checked.  Max deviation 0.00e+00
Time to check unitarity = 1.044035e-03
"O(a^2): couplings(pi)=0, Naik term, No O(a^2) errors, tadpole weights"
path coefficients: npath  path_coeff  multiplicity
                    0      6.250000e-01     8
                    1      -5.847914e-02     8
                    2      -8.771871e-02     48
                    3      3.077829e-02     192
                    4      -7.199551e-03     384
                    5      -1.231132e-01     48
Symanzik 1x1 + 1x2 + 1x1x1 action
gauge_action: total_dyn_flavors = 3
loop coefficients: nloop rep loop_coeff  multiplicity
                    0 0      1.000000e+00     6
                    1 0      -7.762509e-02     12
                    2 0      -1.031171e-02     16
WARMUPS COMPLETED
CONGRAD5: time = 2.112198e-02 (fn F) masses = 1 iters = 4 mflops = 1.035830e+03
 OK converged final_rsq= 0.006 (cf 0.016) rel = 1 (cf 0) restarts = 1 iters= 4
CONGRAD5: time = 2.032590e-02 (fn F) masses = 1 iters = 4 mflops = 1.076399e+03
 OK converged final_rsq= 0.0059 (cf 0.016) rel = 1 (cf 0) restarts = 1 iters= 4
GFTIME:   time = 3.599181e-01 (Symanzik1) mflops = 1.958897e+03
FFTIME:  time = 9.178970e-01 (asqtad3) terms = 2 mflops = 2.178594e+03
CONGRAD5: time = 1.558518e-02 (fn F) masses = 1 iters = 4 mflops = 1.403819e+03
 OK converged final_rsq= 0.01 (cf 0.016) rel = 1 (cf 0) restarts = 1 iters= 4
CONGRAD5: time = 1.416111e-02 (fn F) masses = 1 iters = 4 mflops = 1.544991e+03
 OK converged final_rsq= 0.0097 (cf 0.016) rel = 1 (cf 0) restarts = 1 iters= 4
GFTIME:   time = 2.549970e-01 (Symanzik1) mflops = 2.764905e+03
FFTIME:  time = 9.681311e-01 (asqtad3) terms = 2 mflops = 2.065551e+03
CONGRAD5: time = 1.425385e-02 (fn F) masses = 1 iters = 4 mflops = 1.534938e+03
 OK converged final_rsq= 0.014 (cf 0.016) rel = 1 (cf 0) restarts = 1 iters= 4
CONGRAD5: time = 1.416206e-02 (fn F) masses = 1 iters = 4 mflops = 1.544887e+03
 OK converged final_rsq= 0.014 (cf 0.016) rel = 1 (cf 0) restarts = 1 iters= 4
GFTIME:   time = 2.547870e-01 (Symanzik1) mflops = 2.767184e+03
FFTIME:  time = 9.075840e-01 (asqtad3) terms = 2 mflops = 2.203349e+03
CONGRAD5: time = 1.455402e-02 (fn F) masses = 1 iters = 4 mflops = 1.503281e+03
 OK converged final_rsq= 0.013 (cf 0.016) rel = 1 (cf 0) restarts = 1 iters= 4
CONGRAD5: time = 1.413989e-02 (fn F) masses = 1 iters = 4 mflops = 1.547309e+03
 OK converged final_rsq= 0.013 (cf 0.016) rel = 1 (cf 0) restarts = 1 iters= 4
GFTIME:   time = 2.567291e-01 (Symanzik1) mflops = 2.746250e+03
FFTIME:  time = 9.514120e-01 (asqtad3) terms = 2 mflops = 2.101849e+03
CONGRAD5: time = 1.555920e-02 (fn F) masses = 1 iters = 4 mflops = 1.406164e+03
 OK converged final_rsq= 0.011 (cf 0.016) rel = 1 (cf 0) restarts = 1 iters= 4
CONGRAD5: time = 1.467800e-02 (fn F) masses = 1 iters = 4 mflops = 1.490583e+03
 OK converged final_rsq= 0.011 (cf 0.016) rel = 1 (cf 0) restarts = 1 iters= 4
GFTIME:   time = 2.716920e-01 (Symanzik1) mflops = 2.595006e+03
FFTIME:  time = 9.935660e-01 (asqtad3) terms = 2 mflops = 2.012674e+03
PLAQ:	2.348688	2.349026
P_LOOP:	2.691398e-03	4.211928e-03
G_LOOP:  0  0  4   	2.347009e+00	( 0 1 7 6  )
G_LOOP:  0  1  4   	2.349642e+00	( 0 2 7 5  )
G_LOOP:  0  2  4   	2.349649e+00	( 0 3 7 4  )
G_LOOP:  0  3  4   	2.349413e+00	( 1 2 6 5  )
G_LOOP:  0  4  4   	2.348984e+00	( 1 3 6 4  )
G_LOOP:  0  5  4   	2.348445e+00	( 2 3 5 4  )
G_LOOP:  1  0  6   	1.771316e+00	( 0 0 1 7 7 6  )
G_LOOP:  1  1  6   	1.776566e+00	( 0 0 2 7 7 5  )
G_LOOP:  1  2  6   	1.776867e+00	( 0 0 3 7 7 4  )
G_LOOP:  1  3  6   	1.770503e+00	( 1 1 0 6 6 7  )
G_LOOP:  1  4  6   	1.777199e+00	( 1 1 2 6 6 5  )
G_LOOP:  1  5  6   	1.774381e+00	( 1 1 3 6 6 4  )
G_LOOP:  1  6  6   	1.775959e+00	( 2 2 0 5 5 7  )
G_LOOP:  1  7  6   	1.775263e+00	( 2 2 1 5 5 6  )
G_LOOP:  1  8  6   	1.775328e+00	( 2 2 3 5 5 4  )
G_LOOP:  1  9  6   	1.777224e+00	( 3 3 0 4 4 7  )
G_LOOP:  1  10  6   	1.775937e+00	( 3 3 1 4 4 6  )
G_LOOP:  1  11  6   	1.773587e+00	( 3 3 2 4 4 5  )
G_LOOP:  2  0  6   	1.821641e+00	( 0 1 2 7 6 5  )
G_LOOP:  2  1  6   	1.822607e+00	( 0 1 5 7 6 2  )
G_LOOP:  2  2  6   	1.821059e+00	( 0 6 2 7 1 5  )
G_LOOP:  2  3  6   	1.820510e+00	( 0 6 5 7 1 2  )
G_LOOP:  2  4  6   	1.821227e+00	( 0 1 3 7 6 4  )
G_LOOP:  2  5  6   	1.818580e+00	( 0 1 4 7 6 3  )
G_LOOP:  2  6  6   	1.821414e+00	( 0 6 3 7 1 4  )
G_LOOP:  2  7  6   	1.820217e+00	( 0 6 4 7 1 3  )
G_LOOP:  2  8  6   	1.822495e+00	( 0 2 3 7 5 4  )
G_LOOP:  2  9  6   	1.822749e+00	( 0 2 4 7 5 3  )
G_LOOP:  2  10  6   	1.824359e+00	( 0 5 3 7 2 4  )
G_LOOP:  2  11  6   	1.822564e+00	( 0 5 4 7 2 3  )
G_LOOP:  2  12  6   	1.823449e+00	( 1 2 3 6 5 4  )
G_LOOP:  2  13  6   	1.821729e+00	( 1 2 4 6 5 3  )
G_LOOP:  2  14  6   	1.821191e+00	( 1 5 3 6 2 4  )
G_LOOP:  2  15  6   	1.821120e+00	( 1 5 4 6 2 3  )
GACTION: 2.571373e+00
CONGRAD5: time = 1.729488e-02 (fn F) masses = 1 iters = 4 mflops = 1.265044e+03
 OK converged final_rsq= 0.01 (cf 0.016) rel = 1 (cf 0) restarts = 1 iters= 4
CONGRAD5: time = 2.370286e-02 (fn F) masses = 1 iters = 6 mflops = 1.384566e+03
 OK converged final_rsq= 0.0091 (cf 0.016) rel = 1 (cf 0) restarts = 1 iters= 6
PBP: mass 1.250000e-01     6.812841e-02  9.727044e-02  2.709919e-03  2.812244e-03 ( 1 of 1 )
FACTION: mass = 1.250000e-01,  1.464836e+00 ( 1 of 1 )
CONGRAD5: time = 1.528692e-02 (fn F) masses = 1 iters = 4 mflops = 1.431209e+03
 OK converged final_rsq= 0.01 (cf 0.016) rel = 1 (cf 0) restarts = 1 iters= 4
CONGRAD5: time = 2.009821e-02 (fn F) masses = 1 iters = 6 mflops = 1.632891e+03
 OK converged final_rsq= 0.009 (cf 0.016) rel = 1 (cf 0) restarts = 1 iters= 6
PBP: mass 1.250000e-01     7.051055e-02  9.381208e-02  -7.107934e-04  -4.977023e-04 ( 1 of 1 )
FACTION: mass = 1.250000e-01,  1.468086e+00 ( 1 of 1 )
CONGRAD5: time = 1.429391e-02 (fn F) masses = 1 iters = 4 mflops = 1.530637e+03
 OK converged final_rsq= 0.011 (cf 0.016) rel = 1 (cf 0) restarts = 1 iters= 4
CONGRAD5: time = 1.426005e-02 (fn F) masses = 1 iters = 4 mflops = 1.534271e+03
 OK converged final_rsq= 0.011 (cf 0.016) rel = 1 (cf 0) restarts = 1 iters= 4
GFTIME:   time = 2.498040e-01 (Symanzik1) mflops = 2.822382e+03
FFTIME:  time = 9.089041e-01 (asqtad3) terms = 2 mflops = 2.200149e+03
CONGRAD5: time = 1.676607e-02 (fn F) masses = 1 iters = 5 mflops = 1.631180e+03
 OK converged final_rsq= 0.007 (cf 0.016) rel = 1 (cf 0) restarts = 1 iters= 5
CONGRAD5: time = 1.412201e-02 (fn F) masses = 1 iters = 4 mflops = 1.549268e+03
 OK converged final_rsq= 0.015 (cf 0.016) rel = 1 (cf 0) restarts = 1 iters= 4
GFTIME:   time = 2.499440e-01 (Symanzik1) mflops = 2.820802e+03
FFTIME:  time = 9.338531e-01 (asqtad3) terms = 2 mflops = 2.141369e+03
CONGRAD5: time = 1.722121e-02 (fn F) masses = 1 iters = 5 mflops = 1.588069e+03
 OK converged final_rsq= 0.0089 (cf 0.016) rel = 1 (cf 0) restarts = 1 iters= 5
CONGRAD5: time = 1.699400e-02 (fn F) masses = 1 iters = 5 mflops = 1.609302e+03
 OK converged final_rsq= 0.0085 (cf 0.016) rel = 1 (cf 0) restarts = 1 iters= 5
GFTIME:   time = 2.992339e-01 (Symanzik1) mflops = 2.356158e+03
FFTIME:  time = 9.610431e-01 (asqtad3) terms = 2 mflops = 2.080785e+03
CONGRAD5: time = 1.712513e-02 (fn F) masses = 1 iters = 5 mflops = 1.596979e+03
 OK converged final_rsq= 0.0085 (cf 0.016) rel = 1 (cf 0) restarts = 1 iters= 5
CONGRAD5: time = 1.663399e-02 (fn F) masses = 1 iters = 5 mflops = 1.644133e+03
 OK converged final_rsq= 0.0082 (cf 0.016) rel = 1 (cf 0) restarts = 1 iters= 5
GFTIME:   time = 2.570939e-01 (Symanzik1) mflops = 2.742354e+03
FFTIME:  time = 9.151208e-01 (asqtad3) terms = 2 mflops = 2.185203e+03
CONGRAD5: time = 1.784992e-02 (fn F) masses = 1 iters = 5 mflops = 1.532134e+03
 OK converged final_rsq= 0.0074 (cf 0.016) rel = 1 (cf 0) restarts = 1 iters= 5
CONGRAD5: time = 1.432586e-02 (fn F) masses = 1 iters = 4 mflops = 1.527223e+03
 OK converged final_rsq= 0.015 (cf 0.016) rel = 1 (cf 0) restarts = 1 iters= 4
GFTIME:   time = 2.913201e-01 (Symanzik1) mflops = 2.420164e+03
FFTIME:  time = 9.085670e-01 (asqtad3) terms = 2 mflops = 2.200966e+03
PLAQ:	2.014040	2.013665
P_LOOP:	1.283123e-02	1.480561e-02
G_LOOP:  0  0  4   	2.013689e+00	( 0 1 7 6  )
G_LOOP:  0  1  4   	2.013798e+00	( 0 2 7 5  )
G_LOOP:  0  2  4   	2.012642e+00	( 0 3 7 4  )
G_LOOP:  0  3  4   	2.014635e+00	( 1 2 6 5  )
G_LOOP:  0  4  4   	2.014011e+00	( 1 3 6 4  )
G_LOOP:  0  5  4   	2.014343e+00	( 2 3 5 4  )
G_LOOP:  1  0  6   	1.300633e+00	( 0 0 1 7 7 6  )
G_LOOP:  1  1  6   	1.303425e+00	( 0 0 2 7 7 5  )
G_LOOP:  1  2  6   	1.299099e+00	( 0 0 3 7 7 4  )
G_LOOP:  1  3  6   	1.303676e+00	( 1 1 0 6 6 7  )
G_LOOP:  1  4  6   	1.302897e+00	( 1 1 2 6 6 5  )
G_LOOP:  1  5  6   	1.303132e+00	( 1 1 3 6 6 4  )
G_LOOP:  1  6  6   	1.303209e+00	( 2 2 0 5 5 7  )
G_LOOP:  1  7  6   	1.303714e+00	( 2 2 1 5 5 6  )
G_LOOP:  1  8  6   	1.305115e+00	( 2 2 3 5 5 4  )
G_LOOP:  1  9  6   	1.302043e+00	( 3 3 0 4 4 7  )
G_LOOP:  1  10  6   	1.301676e+00	( 3 3 1 4 4 6  )
G_LOOP:  1  11  6   	1.300803e+00	( 3 3 2 4 4 5  )
G_LOOP:  2  0  6   	1.345070e+00	( 0 1 2 7 6 5  )
G_LOOP:  2  1  6   	1.347040e+00	( 0 1 5 7 6 2  )
G_LOOP:  2  2  6   	1.342372e+00	( 0 6 2 7 1 5  )
G_LOOP:  2  3  6   	1.343195e+00	( 0 6 5 7 1 2  )
G_LOOP:  2  4  6   	1.345218e+00	( 0 1 3 7 6 4  )
G_LOOP:  2  5  6   	1.345979e+00	( 0 1 4 7 6 3  )
G_LOOP:  2  6  6   	1.342793e+00	( 0 6 3 7 1 4  )
G_LOOP:  2  7  6   	1.343628e+00	( 0 6 4 7 1 3  )
G_LOOP:  2  8  6   	1.346200e+00	( 0 2 3 7 5 4  )
G_LOOP:  2  9  6   	1.344699e+00	( 0 2 4 7 5 3  )
G_LOOP:  2  10  6   	1.346948e+00	( 0 5 3 7 2 4  )
G_LOOP:  2  11  6   	1.344260e+00	( 0 5 4 7 2 3  )
G_LOOP:  2  12  6   	1.347968e+00	( 1 2 3 6 5 4  )
G_LOOP:  2  13  6   	1.348607e+00	( 1 2 4 6 5 3  )
G_LOOP:  2  14  6   	1.345432e+00	( 1 5 3 6 2 4  )
G_LOOP:  2  15  6   	1.349582e+00	( 1 5 4 6 2 3  )
GACTION: 4.062654e+00
CONGRAD5: time = 1.619697e-02 (fn F) masses = 1 iters = 4 mflops = 1.350795e+03
 OK converged final_rsq= 0.014 (cf 0.016) rel = 1 (cf 0) restarts = 1 iters= 4
CONGRAD5: time = 2.294683e-02 (fn F) masses = 1 iters = 6 mflops = 1.430183e+03
 OK converged final_rsq= 0.013 (cf 0.016) rel = 1 (cf 0) restarts = 1 iters= 6
PBP: mass 1.250000e-01     8.566921e-02  1.633068e-01  -1.732230e-03  -2.205862e-03 ( 1 of 1 )
FACTION: mass = 1.250000e-01,  1.449857e+00 ( 1 of 1 )
CONGRAD5: time = 1.947093e-02 (fn F) masses = 1 iters = 4 mflops = 1.123664e+03
 OK converged final_rsq= 0.014 (cf 0.016) rel = 1 (cf 0) restarts = 1 iters= 4
CONGRAD5: time = 2.225304e-02 (fn F) masses = 1 iters = 6 mflops = 1.474773e+03
 OK converged final_rsq= 0.013 (cf 0.016) rel = 1 (cf 0) restarts = 1 iters= 6
PBP: mass 1.250000e-01     8.497225e-02  1.671420e-01  1.389017e-03  1.363599e-03 ( 1 of 1 )
FACTION: mass = 1.250000e-01,  1.448984e+00 ( 1 of 1 )
CONGRAD5: time = 2.196693e-02 (fn F) masses = 1 iters = 5 mflops = 1.244984e+03
 OK converged final_rsq= 0.0074 (cf 0.016) rel = 1 (cf 0) restarts = 1 iters= 5
CONGRAD5: time = 1.702499e-02 (fn F) masses = 1 iters = 4 mflops = 1.285098e+03
 OK converged final_rsq= 0.016 (cf 0.016) rel = 1 (cf 0) restarts = 1 iters= 4
GFTIME:   time = 2.894900e-01 (Symanzik1) mflops = 2.435464e+03
FFTIME:  time = 9.069240e-01 (asqtad3) terms = 2 mflops = 2.204953e+03
CONGRAD5: time = 1.705790e-02 (fn F) masses = 1 iters = 5 mflops = 1.603274e+03
 OK converged final_rsq= 0.0093 (cf 0.016) rel = 1 (cf 0) restarts = 1 iters= 5
CONGRAD5: time = 1.712990e-02 (fn F) masses = 1 iters = 5 mflops = 1.596535e+03
 OK converged final_rsq= 0.0088 (cf 0.016) rel = 1 (cf 0) restarts = 1 iters= 5
GFTIME:   time = 2.496920e-01 (Symanzik1) mflops = 2.823649e+03
FFTIME:  time = 9.357059e-01 (asqtad3) terms = 2 mflops = 2.137129e+03
CONGRAD5: time = 1.684594e-02 (fn F) masses = 1 iters = 5 mflops = 1.623446e+03
 OK converged final_rsq= 0.011 (cf 0.016) rel = 1 (cf 0) restarts = 1 iters= 5
CONGRAD5: time = 1.724601e-02 (fn F) masses = 1 iters = 5 mflops = 1.585786e+03
 OK converged final_rsq= 0.01 (cf 0.016) rel = 1 (cf 0) restarts = 1 iters= 5
GFTIME:   time = 2.517300e-01 (Symanzik1) mflops = 2.800789e+03
FFTIME:  time = 9.222369e-01 (asqtad3) terms = 2 mflops = 2.168341e+03
CONGRAD5: time = 1.982808e-02 (fn F) masses = 1 iters = 5 mflops = 1.379280e+03
 OK converged final_rsq= 0.011 (cf 0.016) rel = 1 (cf 0) restarts = 1 iters= 5
CONGRAD5: time = 1.957393e-02 (fn F) masses = 1 iters = 5 mflops = 1.397189e+03
 OK converged final_rsq= 0.01 (cf 0.016) rel = 1 (cf 0) restarts = 1 iters= 5
GFTIME:   time = 2.797930e-01 (Symanzik1) mflops = 2.519871e+03
FFTIME:  time = 9.020309e-01 (asqtad3) terms = 2 mflops = 2.216913e+03
CONGRAD5: time = 1.698685e-02 (fn F) masses = 1 iters = 5 mflops = 1.609980e+03
 OK converged final_rsq= 0.01 (cf 0.016) rel = 1 (cf 0) restarts = 1 iters= 5
CONGRAD5: time = 1.669312e-02 (fn F) masses = 1 iters = 5 mflops = 1.638309e+03
 OK converged final_rsq= 0.0096 (cf 0.016) rel = 1 (cf 0) restarts = 1 iters= 5
GFTIME:   time = 2.573860e-01 (Symanzik1) mflops = 2.739242e+03
FFTIME:  time = 9.412110e-01 (asqtad3) terms = 2 mflops = 2.124629e+03
PLAQ:	1.792886	1.793338
P_LOOP:	-6.524752e-03	1.741558e-02
G_LOOP:  0  0  4   	1.792911e+00	( 0 1 7 6  )
G_LOOP:  0  1  4   	1.793237e+00	( 0 2 7 5  )
G_LOOP:  0  2  4   	1.793946e+00	( 0 3 7 4  )
G_LOOP:  0  3  4   	1.792510e+00	( 1 2 6 5  )
G_LOOP:  0  4  4   	1.793205e+00	( 1 3 6 4  )
G_LOOP:  0  5  4   	1.792863e+00	( 2 3 5 4  )
G_LOOP:  1  0  6   	1.024582e+00	( 0 0 1 7 7 6  )
G_LOOP:  1  1  6   	1.026102e+00	( 0 0 2 7 7 5  )
G_LOOP:  1  2  6   	1.028519e+00	( 0 0 3 7 7 4  )
G_LOOP:  1  3  6   	1.026685e+00	( 1 1 0 6 6 7  )
G_LOOP:  1  4  6   	1.026546e+00	( 1 1 2 6 6 5  )
G_LOOP:  1  5  6   	1.025324e+00	( 1 1 3 6 6 4  )
G_LOOP:  1  6  6   	1.026597e+00	( 2 2 0 5 5 7  )
G_LOOP:  1  7  6   	1.025157e+00	( 2 2 1 5 5 6  )
G_LOOP:  1  8  6   	1.024633e+00	( 2 2 3 5 5 4  )
G_LOOP:  1  9  6   	1.026735e+00	( 3 3 0 4 4 7  )
G_LOOP:  1  10  6   	1.026101e+00	( 3 3 1 4 4 6  )
G_LOOP:  1  11  6   	1.022430e+00	( 3 3 2 4 4 5  )
G_LOOP:  2  0  6   	1.059812e+00	( 0 1 2 7 6 5  )
G_LOOP:  2  1  6   	1.060557e+00	( 0 1 5 7 6 2  )
G_LOOP:  2  2  6   	1.058756e+00	( 0 6 2 7 1 5  )
G_LOOP:  2  3  6   	1.060241e+00	( 0 6 5 7 1 2  )
G_LOOP:  2  4  6   	1.062470e+00	( 0 1 3 7 6 4  )
G_LOOP:  2  5  6   	1.060506e+00	( 0 1 4 7 6 3  )
G_LOOP:  2  6  6   	1.058976e+00	( 0 6 3 7 1 4  )
G_LOOP:  2  7  6   	1.061780e+00	( 0 6 4 7 1 3  )
G_LOOP:  2  8  6   	1.065268e+00	( 0 2 3 7 5 4  )
G_LOOP:  2  9  6   	1.058724e+00	( 0 2 4 7 5 3  )
G_LOOP:  2  10  6   	1.058503e+00	( 0 5 3 7 2 4  )
G_LOOP:  2  11  6   	1.058115e+00	( 0 5 4 7 2 3  )
G_LOOP:  2  12  6   	1.060545e+00	( 1 2 3 6 5 4  )
G_LOOP:  2  13  6   	1.059196e+00	( 1 2 4 6 5 3  )
G_LOOP:  2  14  6   	1.059034e+00	( 1 5 3 6 2 4  )
G_LOOP:  2  15  6   	1.061206e+00	( 1 5 4 6 2 3  )
GACTION: 5.082307e+00
CONGRAD5: time = 1.835299e-02 (fn F) masses = 1 iters = 5 mflops = 1.490138e+03
 OK converged final_rsq= 0.0086 (cf 0.016) rel = 1 (cf 0) restarts = 1 iters= 5
CONGRAD5: time = 2.026200e-02 (fn F) masses = 1 iters = 6 mflops = 1.619691e+03
 OK converged final_rsq= 0.015 (cf 0.016) rel = 1 (cf 0) restarts = 1 iters= 6
PBP: mass 1.250000e-01     1.094033e-01  3.030200e-01  -1.112299e-03  -4.992905e-04 ( 1 of 1 )
FACTION: mass = 1.250000e-01,  1.451542e+00 ( 1 of 1 )
CONGRAD5: time = 1.800609e-02 (fn F) masses = 1 iters = 5 mflops = 1.518846e+03
 OK converged final_rsq= 0.0085 (cf 0.016) rel = 1 (cf 0) restarts = 1 iters= 5
CONGRAD5: time = 2.047896e-02 (fn F) masses = 1 iters = 6 mflops = 1.602531e+03
 OK converged final_rsq= 0.015 (cf 0.016) rel = 1 (cf 0) restarts = 1 iters= 6
PBP: mass 1.250000e-01     1.075303e-01  2.973076e-01  8.333416e-04  3.848426e-04 ( 1 of 1 )
FACTION: mass = 1.250000e-01,  1.457298e+00 ( 1 of 1 )
CONGRAD5: time = 1.744699e-02 (fn F) masses = 1 iters = 5 mflops = 1.567518e+03
 OK converged final_rsq= 0.01 (cf 0.016) rel = 1 (cf 0) restarts = 1 iters= 5
CONGRAD5: time = 1.705909e-02 (fn F) masses = 1 iters = 5 mflops = 1.603162e+03
 OK converged final_rsq= 0.0096 (cf 0.016) rel = 1 (cf 0) restarts = 1 iters= 5
GFTIME:   time = 2.638099e-01 (Symanzik1) mflops = 2.672540e+03
FFTIME:  time = 9.809780e-01 (asqtad3) terms = 2 mflops = 2.038501e+03
CONGRAD5: time = 1.676607e-02 (fn F) masses = 1 iters = 5 mflops = 1.631180e+03
 OK converged final_rsq= 0.011 (cf 0.016) rel = 1 (cf 0) restarts = 1 iters= 5
CONGRAD5: time = 1.673293e-02 (fn F) masses = 1 iters = 5 mflops = 1.634411e+03
 OK converged final_rsq= 0.011 (cf 0.016) rel = 1 (cf 0) restarts = 1 iters= 5
GFTIME:   time = 2.493541e-01 (Symanzik1) mflops = 2.827475e+03
FFTIME:  time = 9.004800e-01 (asqtad3) terms = 2 mflops = 2.220732e+03
CONGRAD5: time = 1.709509e-02 (fn F) masses = 1 iters = 5 mflops = 1.599786e+03
 OK converged final_rsq= 0.012 (cf 0.016) rel = 1 (cf 0) restarts = 1 iters= 5
CONGRAD5: time = 1.665401e-02 (fn F) masses = 1 iters = 5 mflops = 1.642155e+03
 OK converged final_rsq= 0.012 (cf 0.016) rel = 1 (cf 0) restarts = 1 iters= 5
GFTIME:   time = 2.486720e-01 (Symanzik1) mflops = 2.835230e+03
FFTIME:  time = 9.287832e-01 (asqtad3) terms = 2 mflops = 2.153059e+03
CONGRAD5: time = 1.879406e-02 (fn F) masses = 1 iters = 5 mflops = 1.455166e+03
 OK converged final_rsq= 0.012 (cf 0.016) rel = 1 (cf 0) restarts = 1 iters= 5
CONGRAD5: time = 1.727295e-02 (fn F) masses = 1 iters = 5 mflops = 1.583313e+03
 OK converged final_rsq= 0.012 (cf 0.016) rel = 1 (cf 0) restarts = 1 iters= 5
GFTIME:   time = 2.998900e-01 (Symanzik1) mflops = 2.351003e+03
FFTIME:  time = 9.571199e-01 (asqtad3) terms = 2 mflops = 2.089314e+03
CONGRAD5: time = 1.684904e-02 (fn F) masses = 1 iters = 5 mflops = 1.623148e+03
 OK converged final_rsq= 0.012 (cf 0.016) rel = 1 (cf 0) restarts = 1 iters= 5
CONGRAD5: time = 1.670694e-02 (fn F) masses = 1 iters = 5 mflops = 1.636953e+03
 OK converged final_rsq= 0.012 (cf 0.016) rel = 1 (cf 0) restarts = 1 iters= 5
GFTIME:   time = 2.508311e-01 (Symanzik1) mflops = 2.810825e+03
FFTIME:  time = 9.100540e-01 (asqtad3) terms = 2 mflops = 2.197369e+03
PLAQ:	1.646692	1.646320
P_LOOP:	-1.809259e-03	-4.192983e-03
G_LOOP:  0  0  4   	1.645426e+00	( 0 1 7 6  )
G_LOOP:  0  1  4   	1.646758e+00	( 0 2 7 5  )
G_LOOP:  0  2  4   	1.647351e+00	( 0 3 7 4  )
G_LOOP:  0  3  4   	1.647890e+00	( 1 2 6 5  )
G_LOOP:  0  4  4   	1.646412e+00	( 1 3 6 4  )
G_LOOP:  0  5  4   	1.645196e+00	( 2 3 5 4  )
G_LOOP:  1  0  6   	8.568941e-01	( 0 0 1 7 7 6  )
G_LOOP:  1  1  6   	8.550501e-01	( 0 0 2 7 7 5  )
G_LOOP:  1  2  6   	8.602824e-01	( 0 0 3 7 7 4  )
G_LOOP:  1  3  6   	8.545273e-01	( 1 1 0 6 6 7  )
G_LOOP:  1  4  6   	8.581203e-01	( 1 1 2 6 6 5  )
G_LOOP:  1  5  6   	8.559285e-01	( 1 1 3 6 6 4  )
G_LOOP:  1  6  6   	8.565518e-01	( 2 2 0 5 5 7  )
G_LOOP:  1  7  6   	8.590375e-01	( 2 2 1 5 5 6  )
G_LOOP:  1  8  6   	8.532167e-01	( 2 2 3 5 5 4  )
G_LOOP:  1  9  6   	8.567114e-01	( 3 3 0 4 4 7  )
G_LOOP:  1  10  6   	8.563252e-01	( 3 3 1 4 4 6  )
G_LOOP:  1  11  6   	8.547166e-01	( 3 3 2 4 4 5  )
G_LOOP:  2  0  6   	8.837449e-01	( 0 1 2 7 6 5  )
G_LOOP:  2  1  6   	8.789823e-01	( 0 1 5 7 6 2  )
G_LOOP:  2  2  6   	8.808471e-01	( 0 6 2 7 1 5  )
G_LOOP:  2  3  6   	8.791515e-01	( 0 6 5 7 1 2  )
G_LOOP:  2  4  6   	8.778932e-01	( 0 1 3 7 6 4  )
G_LOOP:  2  5  6   	8.760607e-01	( 0 1 4 7 6 3  )
G_LOOP:  2  6  6   	8.773932e-01	( 0 6 3 7 1 4  )
G_LOOP:  2  7  6   	8.813887e-01	( 0 6 4 7 1 3  )
G_LOOP:  2  8  6   	8.788943e-01	( 0 2 3 7 5 4  )
G_LOOP:  2  9  6   	8.775574e-01	( 0 2 4 7 5 3  )
G_LOOP:  2  10  6   	8.799924e-01	( 0 5 3 7 2 4  )
G_LOOP:  2  11  6   	8.794070e-01	( 0 5 4 7 2 3  )
G_LOOP:  2  12  6   	8.783629e-01	( 1 2 3 6 5 4  )
G_LOOP:  2  13  6   	8.771963e-01	( 1 2 4 6 5 3  )
G_LOOP:  2  14  6   	8.786813e-01	( 1 5 3 6 2 4  )
G_LOOP:  2  15  6   	8.823708e-01	( 1 5 4 6 2 3  )
GACTION: 5.774347e+00
CONGRAD5: time = 1.754403e-02 (fn F) masses = 1 iters = 5 mflops = 1.558848e+03
 OK converged final_rsq= 0.01 (cf 0.016) rel = 1 (cf 0) restarts = 1 iters= 5
CONGRAD5: time = 2.170706e-02 (fn F) masses = 1 iters = 7 mflops = 1.763844e+03
 OK converged final_rsq= 0.0082 (cf 0.016) rel = 1 (cf 0) restarts = 1 iters= 7
PBP: mass 1.250000e-01     1.254022e-01  3.229574e-01  -1.733885e-04  6.277636e-04 ( 1 of 1 )
FACTION: mass = 1.250000e-01,  1.431768e+00 ( 1 of 1 )
CONGRAD5: time = 1.760197e-02 (fn F) masses = 1 iters = 5 mflops = 1.553717e+03
 OK converged final_rsq= 0.01 (cf 0.016) rel = 1 (cf 0) restarts = 1 iters= 5
CONGRAD5: time = 2.283692e-02 (fn F) masses = 1 iters = 7 mflops = 1.676577e+03
 OK converged final_rsq= 0.0082 (cf 0.016) rel = 1 (cf 0) restarts = 1 iters= 7
PBP: mass 1.250000e-01     1.243262e-01  3.214422e-01  3.359670e-03  2.962813e-03 ( 1 of 1 )
FACTION: mass = 1.250000e-01,  1.434419e+00 ( 1 of 1 )
RUNNING COMPLETED
average cg iters for step= 1.100000e+01
Time = 3.637964e+01 seconds
total_iters = 552
Checksums 68a6789c 82d88bfb
Saved gauge configuration in parallel to binary file lat_p64_size128_1
Time stamp Wed May 18 19:45:54 2022
Wrote info file lat_p64_size128_1.info
Time to save = 6.453679e-01
CHECK PLAQ: 1.646692e+00 1.646320e+00
CHECK NERSC LINKTR: 1.712179e-01 CKSUM: c4a5534f


warms 0
trajecs 4
traj_between_meas 1
beta 5.6
mass1 0.01
mass2 0.01
u0 0.8441
microcanonical_time_step 0.02
steps_per_trajectory 15
max_cg_iterations 300
max_cg_restarts 5
error_per_site 1e-05
error_for_propagator 1e-05
npbp_reps 1
prec_pbp 1
reload_parallel lat_p64_size128_1
save_parallel lat_p64_size128_2
Restored binary gauge configuration in parallel from file lat_p64_size128_1
Time stamp Wed May 18 19:45:54 2022
Checksums 68a6789c 82d88bfb OK
Time to reload gauge configuration = 1.449430e-01
CHECK PLAQ: 1.646692e+00 1.646320e+00
CHECK NERSC LINKTR: 1.712179e-01 CKSUM: c4a5534f
Unitarity checked.  Max deviation 2.98e-07
Time to check unitarity = 1.655817e-03
"O(a^2): couplings(pi)=0, Naik term, No O(a^2) errors, tadpole weights"
path coefficients: npath  path_coeff  multiplicity
                    0      6.250000e-01     8
                    1      -5.847914e-02     8
                    2      -8.771871e-02     48
                    3      3.077829e-02     192
                    4      -7.199551e-03     384
                    5      -1.231132e-01     48
Symanzik 1x1 + 1x2 + 1x1x1 action
gauge_action: total_dyn_flavors = 3
loop coefficients: nloop rep loop_coeff  multiplicity
                    0 0      1.000000e+00     6
                    1 0      -7.762509e-02     12
                    2 0      -1.031171e-02     16
WARMUPS COMPLETED
CONGRAD5: time = 1.644882e+00 (fn F) masses = 1 iters = 573 mflops = 1.905386e+03
 OK converged final_rsq= 1e-10 (cf 1e-10) rel = 1 (cf 0) restarts = 2 iters= 573
CONGRAD5: time = 1.419152e+00 (fn F) masses = 1 iters = 563 mflops = 2.169915e+03
 OK converged final_rsq= 9.9e-11 (cf 1e-10) rel = 1 (cf 0) restarts = 2 iters= 563
GFTIME:   time = 2.686329e-01 (Symanzik1) mflops = 2.624557e+03
FFTIME:  time = 9.438579e-01 (asqtad3) terms = 2 mflops = 2.118671e+03
CONGRAD5: time = 1.678038e+00 (fn F) masses = 1 iters = 595 mflops = 1.939449e+03
 OK converged final_rsq= 1e-10 (cf 1e-10) rel = 1 (cf 0) restarts = 2 iters= 595
CONGRAD5: time = 1.451882e+00 (fn F) masses = 1 iters = 572 mflops = 2.154904e+03
 OK converged final_rsq= 5e-11 (cf 1e-10) rel = 1 (cf 0) restarts = 3 iters= 572
GFTIME:   time = 2.724149e-01 (Symanzik1) mflops = 2.588120e+03
FFTIME:  time = 9.591472e-01 (asqtad3) terms = 2 mflops = 2.084898e+03
CONGRAD5: time = 1.661620e+00 (fn F) masses = 1 iters = 596 mflops = 1.961904e+03
 OK converged final_rsq= 9.4e-11 (cf 1e-10) rel = 1 (cf 0) restarts = 2 iters= 596
CONGRAD5: time = 1.426102e+00 (fn F) masses = 1 iters = 558 mflops = 2.140163e+03
 OK converged final_rsq= 1e-10 (cf 1e-10) rel = 1 (cf 0) restarts = 2 iters= 558
GFTIME:   time = 2.775600e-01 (Symanzik1) mflops = 2.540144e+03
FFTIME:  time = 9.661651e-01 (asqtad3) terms = 2 mflops = 2.069755e+03
CONGRAD5: time = 1.525187e+00 (fn F) masses = 1 iters = 587 mflops = 2.105126e+03
 OK converged final_rsq= 1e-10 (cf 1e-10) rel = 1 (cf 0) restarts = 2 iters= 587
CONGRAD5: time = 1.534414e+00 (fn F) masses = 1 iters = 577 mflops = 2.056821e+03
 OK converged final_rsq= 9.9e-11 (cf 1e-10) rel = 1 (cf 0) restarts = 2 iters= 577
GFTIME:   time = 2.759581e-01 (Symanzik1) mflops = 2.554890e+03
FFTIME:  time = 9.555981e-01 (asqtad3) terms = 2 mflops = 2.092642e+03
CONGRAD5: time = 1.557901e+00 (fn F) masses = 1 iters = 596 mflops = 2.092520e+03
 OK converged final_rsq= 1e-10 (cf 1e-10) rel = 1 (cf 0) restarts = 2 iters= 596
CONGRAD5: time = 1.609951e+00 (fn F) masses = 1 iters = 587 mflops = 1.994291e+03
 OK converged final_rsq= 1e-10 (cf 1e-10) rel = 1 (cf 0) restarts = 2 iters= 587
GFTIME:   time = 2.836311e-01 (Symanzik1) mflops = 2.485773e+03
FFTIME:  time = 9.638948e-01 (asqtad3) terms = 2 mflops = 2.074629e+03
CONGRAD5: time = 1.595427e+00 (fn F) masses = 1 iters = 596 mflops = 2.043302e+03
 OK converged final_rsq= 4.9e-11 (cf 1e-10) rel = 1 (cf 0) restarts = 3 iters= 596
CONGRAD5: time = 1.568062e+00 (fn F) masses = 1 iters = 572 mflops = 1.995244e+03
 OK converged final_rsq= 9.9e-11 (cf 1e-10) rel = 1 (cf 0) restarts = 2 iters= 572
GFTIME:   time = 2.818842e-01 (Symanzik1) mflops = 2.501178e+03
FFTIME:  time = 9.467740e-01 (asqtad3) terms = 2 mflops = 2.112146e+03
CONGRAD5: time = 1.520912e+00 (fn F) masses = 1 iters = 572 mflops = 2.057099e+03
 OK converged final_rsq= 9.9e-11 (cf 1e-10) rel = 1 (cf 0) restarts = 2 iters= 572
CONGRAD5: time = 1.615552e+00 (fn F) masses = 1 iters = 573 mflops = 1.939978e+03
 OK converged final_rsq= 9.9e-11 (cf 1e-10) rel = 1 (cf 0) restarts = 2 iters= 573
GFTIME:   time = 2.873440e-01 (Symanzik1) mflops = 2.453653e+03
FFTIME:  time = 9.514182e-01 (asqtad3) terms = 2 mflops = 2.101836e+03
CONGRAD5: time = 1.649234e+00 (fn F) masses = 1 iters = 597 mflops = 1.979955e+03
 OK converged final_rsq= 9.3e-11 (cf 1e-10) rel = 1 (cf 0) restarts = 2 iters= 597
CONGRAD5: time = 1.625058e+00 (fn F) masses = 1 iters = 584 mflops = 1.965655e+03
 OK converged final_rsq= 9.7e-11 (cf 1e-10) rel = 1 (cf 0) restarts = 2 iters= 584
GFTIME:   time = 2.580810e-01 (Symanzik1) mflops = 2.731865e+03
FFTIME:  time = 9.303150e-01 (asqtad3) terms = 2 mflops = 2.149513e+03
CONGRAD5: time = 1.491566e+00 (fn F) masses = 1 iters = 559 mflops = 2.049899e+03
 OK converged final_rsq= 5e-11 (cf 1e-10) rel = 1 (cf 0) restarts = 3 iters= 559
CONGRAD5: time = 1.625251e+00 (fn F) masses = 1 iters = 572 mflops = 1.925036e+03
 OK converged final_rsq= 9.9e-11 (cf 1e-10) rel = 1 (cf 0) restarts = 2 iters= 572
GFTIME:   time = 2.823231e-01 (Symanzik1) mflops = 2.497289e+03
FFTIME:  time = 9.519250e-01 (asqtad3) terms = 2 mflops = 2.100716e+03
CONGRAD5: time = 1.554265e+00 (fn F) masses = 1 iters = 581 mflops = 2.044628e+03
 OK converged final_rsq= 9.8e-11 (cf 1e-10) rel = 1 (cf 0) restarts = 2 iters= 581
CONGRAD5: time = 1.597565e+00 (fn F) masses = 1 iters = 561 mflops = 1.920735e+03
 OK converged final_rsq= 5e-11 (cf 1e-10) rel = 1 (cf 0) restarts = 3 iters= 561
GFTIME:   time = 2.829621e-01 (Symanzik1) mflops = 2.491650e+03
FFTIME:  time = 9.409440e-01 (asqtad3) terms = 2 mflops = 2.125232e+03
CONGRAD5: time = 1.548278e+00 (fn F) masses = 1 iters = 589 mflops = 2.080796e+03
 OK converged final_rsq= 5e-11 (cf 1e-10) rel = 1 (cf 0) restarts = 3 iters= 589
CONGRAD5: time = 1.510526e+00 (fn F) masses = 1 iters = 527 mflops = 1.908295e+03
 OK converged final_rsq= 1e-10 (cf 1e-10) rel = 1 (cf 0) restarts = 2 iters= 527
GFTIME:   time = 2.596941e-01 (Symanzik1) mflops = 2.714896e+03
FFTIME:  time = 9.703281e-01 (asqtad3) terms = 2 mflops = 2.060875e+03
CONGRAD5: time = 1.416585e+00 (fn F) masses = 1 iters = 538 mflops = 2.077317e+03
 OK converged final_rsq= 5e-11 (cf 1e-10) rel = 1 (cf 0) restarts = 3 iters= 538
CONGRAD5: time = 1.621044e+00 (fn F) masses = 1 iters = 572 mflops = 1.930032e+03
 OK converged final_rsq= 9.9e-11 (cf 1e-10) rel = 1 (cf 0) restarts = 2 iters= 572
GFTIME:   time = 2.598100e-01 (Symanzik1) mflops = 2.713685e+03
FFTIME:  time = 9.028909e-01 (asqtad3) terms = 2 mflops = 2.214802e+03
CONGRAD5: time = 1.570225e+00 (fn F) masses = 1 iters = 594 mflops = 2.069130e+03
 OK converged final_rsq= 4.9e-11 (cf 1e-10) rel = 1 (cf 0) restarts = 3 iters= 594
CONGRAD5: time = 1.603394e+00 (fn F) masses = 1 iters = 566 mflops = 1.930809e+03
 OK converged final_rsq= 5e-11 (cf 1e-10) rel = 1 (cf 0) restarts = 3 iters= 566
GFTIME:   time = 2.825801e-01 (Symanzik1) mflops = 2.495018e+03
FFTIME:  time = 9.048741e-01 (asqtad3) terms = 2 mflops = 2.209948e+03
CONGRAD5: time = 1.629913e+00 (fn F) masses = 1 iters = 583 mflops = 1.956443e+03
 OK converged final_rsq= 9.9e-11 (cf 1e-10) rel = 1 (cf 0) restarts = 2 iters= 583
CONGRAD5: time = 1.621056e+00 (fn F) masses = 1 iters = 570 mflops = 1.923269e+03
 OK converged final_rsq= 1e-10 (cf 1e-10) rel = 1 (cf 0) restarts = 2 iters= 570
GFTIME:   time = 2.814171e-01 (Symanzik1) mflops = 2.505329e+03
FFTIME:  time = 9.003680e-01 (asqtad3) terms = 2 mflops = 2.221008e+03
CONGRAD5: time = 1.581462e+00 (fn F) masses = 1 iters = 593 mflops = 2.050969e+03
 OK converged final_rsq= 9.7e-11 (cf 1e-10) rel = 1 (cf 0) restarts = 2 iters= 593
CONGRAD5: time = 1.598580e+00 (fn F) masses = 1 iters = 569 mflops = 1.946888e+03
 OK converged final_rsq= 4.9e-11 (cf 1e-10) rel = 1 (cf 0) restarts = 3 iters= 569
GFTIME:   time = 2.841051e-01 (Symanzik1) mflops = 2.481626e+03
FFTIME:  time = 9.094579e-01 (asqtad3) terms = 2 mflops = 2.198809e+03
PLAQ:	1.541187	1.539437
P_LOOP:	-1.141755e-03	-1.306813e-02
G_LOOP:  0  0  4   	1.541648e+00	( 0 1 7 6  )
G_LOOP:  0  1  4   	1.539963e+00	( 0 2 7 5  )
G_LOOP:  0  2  4   	1.540131e+00	( 0 3 7 4  )
G_LOOP:  0  3  4   	1.541949e+00	( 1 2 6 5  )
G_LOOP:  0  4  4   	1.538898e+00	( 1 3 6 4  )
G_LOOP:  0  5  4   	1.539281e+00	( 2 3 5 4  )
G_LOOP:  1  0  6   	7.830470e-01	( 0 0 1 7 7 6  )
G_LOOP:  1  1  6   	7.774833e-01	( 0 0 2 7 7 5  )
G_LOOP:  1  2  6   	7.808380e-01	( 0 0 3 7 7 4  )
G_LOOP:  1  3  6   	7.790779e-01	( 1 1 0 6 6 7  )
G_LOOP:  1  4  6   	7.815992e-01	( 1 1 2 6 6 5  )
G_LOOP:  1  5  6   	7.768085e-01	( 1 1 3 6 6 4  )
G_LOOP:  1  6  6   	7.791801e-01	( 2 2 0 5 5 7  )
G_LOOP:  1  7  6   	7.849183e-01	( 2 2 1 5 5 6  )
G_LOOP:  1  8  6   	7.778554e-01	( 2 2 3 5 5 4  )
G_LOOP:  1  9  6   	7.772978e-01	( 3 3 0 4 4 7  )
G_LOOP:  1  10  6   	7.810393e-01	( 3 3 1 4 4 6  )
G_LOOP:  1  11  6   	7.788501e-01	( 3 3 2 4 4 5  )
G_LOOP:  2  0  6   	8.020517e-01	( 0 1 2 7 6 5  )
G_LOOP:  2  1  6   	8.001462e-01	( 0 1 5 7 6 2  )
G_LOOP:  2  2  6   	8.013429e-01	( 0 6 2 7 1 5  )
G_LOOP:  2  3  6   	8.030511e-01	( 0 6 5 7 1 2  )
G_LOOP:  2  4  6   	8.007939e-01	( 0 1 3 7 6 4  )
G_LOOP:  2  5  6   	7.963894e-01	( 0 1 4 7 6 3  )
G_LOOP:  2  6  6   	7.978835e-01	( 0 6 3 7 1 4  )
G_LOOP:  2  7  6   	8.024131e-01	( 0 6 4 7 1 3  )
G_LOOP:  2  8  6   	7.987494e-01	( 0 2 3 7 5 4  )
G_LOOP:  2  9  6   	7.991384e-01	( 0 2 4 7 5 3  )
G_LOOP:  2  10  6   	7.988639e-01	( 0 5 3 7 2 4  )
G_LOOP:  2  11  6   	7.985226e-01	( 0 5 4 7 2 3  )
G_LOOP:  2  12  6   	7.973328e-01	( 1 2 3 6 5 4  )
G_LOOP:  2  13  6   	7.974677e-01	( 1 2 4 6 5 3  )
G_LOOP:  2  14  6   	8.000052e-01	( 1 5 3 6 2 4  )
G_LOOP:  2  15  6   	8.015423e-01	( 1 5 4 6 2 3  )
GACTION: 6.327025e+00
CONGRAD5: time = 1.440755e+00 (fn F) masses = 1 iters = 549 mflops = 2.084229e+03
 OK converged final_rsq= 5e-11 (cf 1e-10) rel = 1 (cf 0) restarts = 3 iters= 549
CONGRAD5: time = 1.915720e-01 (fn F) masses = 1 iters = 73 mflops = 2.084271e+03
 OK converged final_rsq= 9.9e-11 (cf 1e-10) rel = 1 (cf 0) restarts = 1 iters= 73
PBP: mass 1.000000e-02     3.264870e-02  3.450378e-02  -2.495902e-03  -2.496758e-03 ( 1 of 1 )
FACTION: mass = 1.000000e-02,  1.495516e+00 ( 1 of 1 )
CONGRAD5: time = 1.685763e+00 (fn F) masses = 1 iters = 591 mflops = 1.917583e+03
 OK converged final_rsq= 9.7e-11 (cf 1e-10) rel = 1 (cf 0) restarts = 2 iters= 591
CONGRAD5: time = 1.881211e-01 (fn F) masses = 1 iters = 73 mflops = 2.122504e+03
 OK converged final_rsq= 1e-10 (cf 1e-10) rel = 1 (cf 0) restarts = 1 iters= 73
PBP: mass 1.000000e-02     3.933426e-02  2.958555e-02  5.085964e-03  5.083389e-03 ( 1 of 1 )
FACTION: mass = 1.000000e-02,  1.498178e+00 ( 1 of 1 )
CONGRAD5: time = 1.587962e+00 (fn F) masses = 1 iters = 596 mflops = 2.052907e+03
 OK converged final_rsq= 4.9e-11 (cf 1e-10) rel = 1 (cf 0) restarts = 3 iters= 596
CONGRAD5: time = 1.556847e+00 (fn F) masses = 1 iters = 580 mflops = 2.037723e+03
 OK converged final_rsq= 9.8e-11 (cf 1e-10) rel = 1 (cf 0) restarts = 2 iters= 580
GFTIME:   time = 2.907031e-01 (Symanzik1) mflops = 2.425301e+03
FFTIME:  time = 9.808230e-01 (asqtad3) terms = 2 mflops = 2.038823e+03
CONGRAD5: time = 1.455886e+00 (fn F) masses = 1 iters = 578 mflops = 2.171519e+03
 OK converged final_rsq= 5e-11 (cf 1e-10) rel = 1 (cf 0) restarts = 3 iters= 578
CONGRAD5: time = 1.552871e+00 (fn F) masses = 1 iters = 578 mflops = 2.035896e+03
 OK converged final_rsq= 9.9e-11 (cf 1e-10) rel = 1 (cf 0) restarts = 2 iters= 578
GFTIME:   time = 3.069401e-01 (Symanzik1) mflops = 2.297003e+03
FFTIME:  time = 9.587951e-01 (asqtad3) terms = 2 mflops = 2.085664e+03
CONGRAD5: time = 1.502184e+00 (fn F) masses = 1 iters = 593 mflops = 2.159209e+03
 OK converged final_rsq= 9.7e-11 (cf 1e-10) rel = 1 (cf 0) restarts = 2 iters= 593
CONGRAD5: time = 1.491579e+00 (fn F) masses = 1 iters = 567 mflops = 2.079218e+03
 OK converged final_rsq= 9.9e-11 (cf 1e-10) rel = 1 (cf 0) restarts = 2 iters= 567
GFTIME:   time = 2.829900e-01 (Symanzik1) mflops = 2.491404e+03
FFTIME:  time = 1.000627e+00 (asqtad3) terms = 2 mflops = 1.998471e+03
CONGRAD5: time = 1.503998e+00 (fn F) masses = 1 iters = 593 mflops = 2.156605e+03
 OK converged final_rsq= 1e-10 (cf 1e-10) rel = 1 (cf 0) restarts = 2 iters= 593
CONGRAD5: time = 1.526068e+00 (fn F) masses = 1 iters = 578 mflops = 2.071654e+03
 OK converged final_rsq= 1e-10 (cf 1e-10) rel = 1 (cf 0) restarts = 2 iters= 578
GFTIME:   time = 2.743030e-01 (Symanzik1) mflops = 2.570306e+03
FFTIME:  time = 9.840982e-01 (asqtad3) terms = 2 mflops = 2.032038e+03
CONGRAD5: time = 1.502321e+00 (fn F) masses = 1 iters = 592 mflops = 2.155372e+03
 OK converged final_rsq= 4.9e-11 (cf 1e-10) rel = 1 (cf 0) restarts = 3 iters= 592
CONGRAD5: time = 1.500314e+00 (fn F) masses = 1 iters = 578 mflops = 2.107215e+03
 OK converged final_rsq= 1e-10 (cf 1e-10) rel = 1 (cf 0) restarts = 2 iters= 578
GFTIME:   time = 2.703390e-01 (Symanzik1) mflops = 2.607994e+03
FFTIME:  time = 9.674680e-01 (asqtad3) terms = 2 mflops = 2.066967e+03
CONGRAD5: time = 1.500844e+00 (fn F) masses = 1 iters = 594 mflops = 2.164782e+03
 OK converged final_rsq= 9.8e-11 (cf 1e-10) rel = 1 (cf 0) restarts = 2 iters= 594
CONGRAD5: time = 1.517978e+00 (fn F) masses = 1 iters = 580 mflops = 2.089901e+03
 OK converged final_rsq= 4.9e-11 (cf 1e-10) rel = 1 (cf 0) restarts = 3 iters= 580
GFTIME:   time = 2.627141e-01 (Symanzik1) mflops = 2.683687e+03
FFTIME:  time = 9.777369e-01 (asqtad3) terms = 2 mflops = 2.045258e+03
CONGRAD5: time = 1.493099e+00 (fn F) masses = 1 iters = 593 mflops = 2.172347e+03
 OK converged final_rsq= 9.5e-11 (cf 1e-10) rel = 1 (cf 0) restarts = 2 iters= 593
CONGRAD5: time = 1.542877e+00 (fn F) masses = 1 iters = 592 mflops = 2.098716e+03
 OK converged final_rsq= 9.9e-11 (cf 1e-10) rel = 1 (cf 0) restarts = 2 iters= 592
GFTIME:   time = 3.126481e-01 (Symanzik1) mflops = 2.255067e+03
FFTIME:  time = 9.756789e-01 (asqtad3) terms = 2 mflops = 2.049572e+03
CONGRAD5: time = 1.485140e+00 (fn F) masses = 1 iters = 590 mflops = 2.172940e+03
 OK converged final_rsq= 4.9e-11 (cf 1e-10) rel = 1 (cf 0) restarts = 3 iters= 590
CONGRAD5: time = 1.593548e+00 (fn F) masses = 1 iters = 579 mflops = 1.987360e+03
 OK converged final_rsq= 1e-10 (cf 1e-10) rel = 1 (cf 0) restarts = 2 iters= 579
GFTIME:   time = 2.685890e-01 (Symanzik1) mflops = 2.624986e+03
FFTIME:  time = 9.719620e-01 (asqtad3) terms = 2 mflops = 2.057410e+03
CONGRAD5: time = 1.494097e+00 (fn F) masses = 1 iters = 593 mflops = 2.170896e+03
 OK converged final_rsq= 1e-10 (cf 1e-10) rel = 1 (cf 0) restarts = 2 iters= 593
CONGRAD5: time = 1.510954e+00 (fn F) masses = 1 iters = 571 mflops = 2.067036e+03
 OK converged final_rsq= 9.9e-11 (cf 1e-10) rel = 1 (cf 0) restarts = 2 iters= 571
GFTIME:   time = 2.683949e-01 (Symanzik1) mflops = 2.626884e+03
FFTIME:  time = 1.022049e+00 (asqtad3) terms = 2 mflops = 1.956584e+03
CONGRAD5: time = 1.491414e+00 (fn F) masses = 1 iters = 592 mflops = 2.171134e+03
 OK converged final_rsq= 9.8e-11 (cf 1e-10) rel = 1 (cf 0) restarts = 2 iters= 592
CONGRAD5: time = 1.532243e+00 (fn F) masses = 1 iters = 593 mflops = 2.116851e+03
 OK converged final_rsq= 5e-11 (cf 1e-10) rel = 1 (cf 0) restarts = 3 iters= 593
GFTIME:   time = 2.585270e-01 (Symanzik1) mflops = 2.727152e+03
FFTIME:  time = 9.363041e-01 (asqtad3) terms = 2 mflops = 2.135764e+03
CONGRAD5: time = 1.513766e+00 (fn F) masses = 1 iters = 589 mflops = 2.128236e+03
 OK converged final_rsq= 9.8e-11 (cf 1e-10) rel = 1 (cf 0) restarts = 2 iters= 589
CONGRAD5: time = 1.504697e+00 (fn F) masses = 1 iters = 578 mflops = 2.101077e+03
 OK converged final_rsq= 9.9e-11 (cf 1e-10) rel = 1 (cf 0) restarts = 2 iters= 578
GFTIME:   time = 2.580731e-01 (Symanzik1) mflops = 2.731949e+03
FFTIME:  time = 9.443209e-01 (asqtad3) terms = 2 mflops = 2.117632e+03
CONGRAD5: time = 1.552076e+00 (fn F) masses = 1 iters = 597 mflops = 2.103897e+03
 OK converged final_rsq= 9.5e-11 (cf 1e-10) rel = 1 (cf 0) restarts = 2 iters= 597
CONGRAD5: time = 1.550296e+00 (fn F) masses = 1 iters = 595 mflops = 2.099257e+03
 OK converged final_rsq= 9.4e-11 (cf 1e-10) rel = 1 (cf 0) restarts = 2 iters= 595
GFTIME:   time = 2.698591e-01 (Symanzik1) mflops = 2.612632e+03
FFTIME:  time = 9.438078e-01 (asqtad3) terms = 2 mflops = 2.118784e+03
CONGRAD5: time = 1.555741e+00 (fn F) masses = 1 iters = 600 mflops = 2.109488e+03
 OK converged final_rsq= 9.7e-11 (cf 1e-10) rel = 1 (cf 0) restarts = 2 iters= 600
CONGRAD5: time = 1.555843e+00 (fn F) masses = 1 iters = 597 mflops = 2.098804e+03
 OK converged final_rsq= 9.4e-11 (cf 1e-10) rel = 1 (cf 0) restarts = 2 iters= 597
GFTIME:   time = 2.863629e-01 (Symanzik1) mflops = 2.462059e+03
FFTIME:  time = 9.532189e-01 (asqtad3) terms = 2 mflops = 2.097865e+03
CONGRAD5: time = 1.515660e+00 (fn F) masses = 1 iters = 591 mflops = 2.132794e+03
 OK converged final_rsq= 9.6e-11 (cf 1e-10) rel = 1 (cf 0) restarts = 2 iters= 591
CONGRAD5: time = 1.625065e+00 (fn F) masses = 1 iters = 591 mflops = 1.989207e+03
 OK converged final_rsq= 4.9e-11 (cf 1e-10) rel = 1 (cf 0) restarts = 3 iters= 591
GFTIME:   time = 2.660301e-01 (Symanzik1) mflops = 2.650236e+03
FFTIME:  time = 9.636061e-01 (asqtad3) terms = 2 mflops = 2.075251e+03
CONGRAD5: time = 1.511179e+00 (fn F) masses = 1 iters = 598 mflops = 2.164455e+03
 OK converged final_rsq= 9.4e-11 (cf 1e-10) rel = 1 (cf 0) restarts = 2 iters= 598
CONGRAD5: time = 1.554377e+00 (fn F) masses = 1 iters = 595 mflops = 2.093745e+03
 OK converged final_rsq= 9.7e-11 (cf 1e-10) rel = 1 (cf 0) restarts = 2 iters= 595
GFTIME:   time = 2.603798e-01 (Symanzik1) mflops = 2.707746e+03
FFTIME:  time = 9.303861e-01 (asqtad3) terms = 2 mflops = 2.149349e+03
PLAQ:	1.498580	1.498366
P_LOOP:	-9.362450e-03	-1.518850e-02
G_LOOP:  0  0  4   	1.499101e+00	( 0 1 7 6  )
G_LOOP:  0  1  4   	1.497604e+00	( 0 2 7 5  )
G_LOOP:  0  2  4   	1.498743e+00	( 0 3 7 4  )
G_LOOP:  0  3  4   	1.499035e+00	( 1 2 6 5  )
G_LOOP:  0  4  4   	1.498258e+00	( 1 3 6 4  )
G_LOOP:  0  5  4   	1.498098e+00	( 2 3 5 4  )
G_LOOP:  1  0  6   	7.395123e-01	( 0 0 1 7 7 6  )
G_LOOP:  1  1  6   	7.376781e-01	( 0 0 2 7 7 5  )
G_LOOP:  1  2  6   	7.435045e-01	( 0 0 3 7 7 4  )
G_LOOP:  1  3  6   	7.406574e-01	( 1 1 0 6 6 7  )
G_LOOP:  1  4  6   	7.434037e-01	( 1 1 2 6 6 5  )
G_LOOP:  1  5  6   	7.406324e-01	( 1 1 3 6 6 4  )
G_LOOP:  1  6  6   	7.401077e-01	( 2 2 0 5 5 7  )
G_LOOP:  1  7  6   	7.442130e-01	( 2 2 1 5 5 6  )
G_LOOP:  1  8  6   	7.391238e-01	( 2 2 3 5 5 4  )
G_LOOP:  1  9  6   	7.384941e-01	( 3 3 0 4 4 7  )
G_LOOP:  1  10  6   	7.392203e-01	( 3 3 1 4 4 6  )
G_LOOP:  1  11  6   	7.403361e-01	( 3 3 2 4 4 5  )
G_LOOP:  2  0  6   	7.628318e-01	( 0 1 2 7 6 5  )
G_LOOP:  2  1  6   	7.608475e-01	( 0 1 5 7 6 2  )
G_LOOP:  2  2  6   	7.571566e-01	( 0 6 2 7 1 5  )
G_LOOP:  2  3  6   	7.599215e-01	( 0 6 5 7 1 2  )
G_LOOP:  2  4  6   	7.578938e-01	( 0 1 3 7 6 4  )
G_LOOP:  2  5  6   	7.569695e-01	( 0 1 4 7 6 3  )
G_LOOP:  2  6  6   	7.575471e-01	( 0 6 3 7 1 4  )
G_LOOP:  2  7  6   	7.594470e-01	( 0 6 4 7 1 3  )
G_LOOP:  2  8  6   	7.598450e-01	( 0 2 3 7 5 4  )
G_LOOP:  2  9  6   	7.594236e-01	( 0 2 4 7 5 3  )
G_LOOP:  2  10  6   	7.573897e-01	( 0 5 3 7 2 4  )
G_LOOP:  2  11  6   	7.594762e-01	( 0 5 4 7 2 3  )
G_LOOP:  2  12  6   	7.605993e-01	( 1 2 3 6 5 4  )
G_LOOP:  2  13  6   	7.580096e-01	( 1 2 4 6 5 3  )
G_LOOP:  2  14  6   	7.596792e-01	( 1 5 3 6 2 4  )
G_LOOP:  2  15  6   	7.599017e-01	( 1 5 4 6 2 3  )
GACTION: 6.534796e+00
CONGRAD5: time = 1.578092e+00 (fn F) masses = 1 iters = 585 mflops = 2.027621e+03
 OK converged final_rsq= 9.8e-11 (cf 1e-10) rel = 1 (cf 0) restarts = 2 iters= 585
CONGRAD5: time = 1.840100e-01 (fn F) masses = 1 iters = 72 mflops = 2.140199e+03
 OK converged final_rsq= 9.9e-11 (cf 1e-10) rel = 1 (cf 0) restarts = 1 iters= 72
PBP: mass 1.000000e-02     3.857641e-02  3.545636e-02  1.922859e-03  1.922105e-03 ( 1 of 1 )
FACTION: mass = 1.000000e-02,  1.499606e+00 ( 1 of 1 )
CONGRAD5: time = 1.541593e+00 (fn F) masses = 1 iters = 592 mflops = 2.100464e+03
 OK converged final_rsq= 9.7e-11 (cf 1e-10) rel = 1 (cf 0) restarts = 2 iters= 592
CONGRAD5: time = 2.203531e-01 (fn F) masses = 1 iters = 77 mflops = 1.911326e+03
 OK converged final_rsq= 1e-10 (cf 1e-10) rel = 1 (cf 0) restarts = 1 iters= 77
PBP: mass 1.000000e-02     3.377239e-02  4.241263e-02  8.153259e-03  8.156381e-03 ( 1 of 1 )
FACTION: mass = 1.000000e-02,  1.500867e+00 ( 1 of 1 )
CONGRAD5: time = 1.659523e+00 (fn F) masses = 1 iters = 588 mflops = 1.938015e+03
 OK converged final_rsq= 9.7e-11 (cf 1e-10) rel = 1 (cf 0) restarts = 2 iters= 588
CONGRAD5: time = 1.480126e+00 (fn F) masses = 1 iters = 585 mflops = 2.161824e+03
 OK converged final_rsq= 1e-10 (cf 1e-10) rel = 1 (cf 0) restarts = 2 iters= 585
GFTIME:   time = 2.694690e-01 (Symanzik1) mflops = 2.616414e+03
FFTIME:  time = 9.471822e-01 (asqtad3) terms = 2 mflops = 2.111235e+03
CONGRAD5: time = 1.679417e+00 (fn F) masses = 1 iters = 597 mflops = 1.944370e+03
 OK converged final_rsq= 9.5e-11 (cf 1e-10) rel = 1 (cf 0) restarts = 2 iters= 597
CONGRAD5: time = 1.515068e+00 (fn F) masses = 1 iters = 594 mflops = 2.144458e+03
 OK converged final_rsq= 9.6e-11 (cf 1e-10) rel = 1 (cf 0) restarts = 2 iters= 594
GFTIME:   time = 2.939391e-01 (Symanzik1) mflops = 2.398600e+03
FFTIME:  time = 9.076669e-01 (asqtad3) terms = 2 mflops = 2.203148e+03
CONGRAD5: time = 1.679474e+00 (fn F) masses = 1 iters = 598 mflops = 1.947561e+03
 OK converged final_rsq= 9.4e-11 (cf 1e-10) rel = 1 (cf 0) restarts = 2 iters= 598
CONGRAD5: time = 1.521135e+00 (fn F) masses = 1 iters = 598 mflops = 2.150288e+03
 OK converged final_rsq= 9.2e-11 (cf 1e-10) rel = 1 (cf 0) restarts = 2 iters= 598
GFTIME:   time = 2.648771e-01 (Symanzik1) mflops = 2.661772e+03
FFTIME:  time = 9.455919e-01 (asqtad3) terms = 2 mflops = 2.114786e+03
CONGRAD5: time = 1.693117e+00 (fn F) masses = 1 iters = 598 mflops = 1.931868e+03
 OK converged final_rsq= 9.5e-11 (cf 1e-10) rel = 1 (cf 0) restarts = 2 iters= 598
CONGRAD5: time = 1.484206e+00 (fn F) masses = 1 iters = 587 mflops = 2.163252e+03
 OK converged final_rsq= 9.7e-11 (cf 1e-10) rel = 1 (cf 0) restarts = 2 iters= 587
GFTIME:   time = 2.629590e-01 (Symanzik1) mflops = 2.681188e+03
FFTIME:  time = 9.509480e-01 (asqtad3) terms = 2 mflops = 2.102875e+03
CONGRAD5: time = 1.684523e+00 (fn F) masses = 1 iters = 594 mflops = 1.928735e+03
 OK converged final_rsq= 1e-10 (cf 1e-10) rel = 1 (cf 0) restarts = 2 iters= 594
CONGRAD5: time = 1.493594e+00 (fn F) masses = 1 iters = 588 mflops = 2.153317e+03
 OK converged final_rsq= 4.9e-11 (cf 1e-10) rel = 1 (cf 0) restarts = 3 iters= 588
GFTIME:   time = 2.628150e-01 (Symanzik1) mflops = 2.682657e+03
FFTIME:  time = 9.686580e-01 (asqtad3) terms = 2 mflops = 2.064428e+03
CONGRAD5: time = 1.687103e+00 (fn F) masses = 1 iters = 599 mflops = 1.941996e+03
 OK converged final_rsq= 9.2e-11 (cf 1e-10) rel = 1 (cf 0) restarts = 2 iters= 599
CONGRAD5: time = 1.515199e+00 (fn F) masses = 1 iters = 600 mflops = 2.165931e+03
 OK converged final_rsq= 8.1e-11 (cf 1e-10) rel = 1 (cf 0) restarts = 2 iters= 600
GFTIME:   time = 2.720010e-01 (Symanzik1) mflops = 2.592058e+03
FFTIME:  time = 9.073040e-01 (asqtad3) terms = 2 mflops = 2.204029e+03
CONGRAD5: time = 1.675109e+00 (fn F) masses = 1 iters = 593 mflops = 1.936310e+03
 OK converged final_rsq= 5e-11 (cf 1e-10) rel = 1 (cf 0) restarts = 3 iters= 593
CONGRAD5: time = 1.486729e+00 (fn F) masses = 1 iters = 590 mflops = 2.170618e+03
 OK converged final_rsq= 9.9e-11 (cf 1e-10) rel = 1 (cf 0) restarts = 2 iters= 590
GFTIME:   time = 2.555430e-01 (Symanzik1) mflops = 2.758997e+03
FFTIME:  time = 9.957108e-01 (asqtad3) terms = 2 mflops = 2.008339e+03
CONGRAD5: time = 1.682429e+00 (fn F) masses = 1 iters = 600 mflops = 1.950642e+03
 OK converged final_rsq= 9.5e-11 (cf 1e-10) rel = 1 (cf 0) restarts = 2 iters= 600
CONGRAD5: time = 1.457794e+00 (fn F) masses = 1 iters = 577 mflops = 2.164925e+03
 OK converged final_rsq= 5e-11 (cf 1e-10) rel = 1 (cf 0) restarts = 3 iters= 577
GFTIME:   time = 3.171248e-01 (Symanzik1) mflops = 2.223233e+03
FFTIME:  time = 9.473782e-01 (asqtad3) terms = 2 mflops = 2.110799e+03
CONGRAD5: time = 1.701721e+00 (fn F) masses = 1 iters = 602 mflops = 1.934957e+03
 OK converged final_rsq= 4.2e-11 (cf 1e-10) rel = 1 (cf 0) restarts = 3 iters= 602
CONGRAD5: time = 1.500899e+00 (fn F) masses = 1 iters = 594 mflops = 2.164702e+03
 OK converged final_rsq= 5e-11 (cf 1e-10) rel = 1 (cf 0) restarts = 3 iters= 594
GFTIME:   time = 2.799840e-01 (Symanzik1) mflops = 2.518153e+03
FFTIME:  time = 9.296882e-01 (asqtad3) terms = 2 mflops = 2.150963e+03
CONGRAD5: time = 1.639059e+00 (fn F) masses = 1 iters = 585 mflops = 1.952201e+03
 OK converged final_rsq= 9.8e-11 (cf 1e-10) rel = 1 (cf 0) restarts = 2 iters= 585
CONGRAD5: time = 1.463287e+00 (fn F) masses = 1 iters = 577 mflops = 2.156798e+03
 OK converged final_rsq= 1e-10 (cf 1e-10) rel = 1 (cf 0) restarts = 2 iters= 577
GFTIME:   time = 2.992208e-01 (Symanzik1) mflops = 2.356261e+03
FFTIME:  time = 9.023819e-01 (asqtad3) terms = 2 mflops = 2.216051e+03
CONGRAD5: time = 1.673871e+00 (fn F) masses = 1 iters = 597 mflops = 1.950812e+03
 OK converged final_rsq= 1e-10 (cf 1e-10) rel = 1 (cf 0) restarts = 2 iters= 597
CONGRAD5: time = 1.470548e+00 (fn F) masses = 1 iters = 582 mflops = 2.164746e+03
 OK converged final_rsq= 4.9e-11 (cf 1e-10) rel = 1 (cf 0) restarts = 3 iters= 582
GFTIME:   time = 2.559009e-01 (Symanzik1) mflops = 2.755139e+03
FFTIME:  time = 9.509211e-01 (asqtad3) terms = 2 mflops = 2.102934e+03
CONGRAD5: time = 1.695644e+00 (fn F) masses = 1 iters = 600 mflops = 1.935440e+03
 OK converged final_rsq= 8.6e-11 (cf 1e-10) rel = 1 (cf 0) restarts = 2 iters= 600
CONGRAD5: time = 1.512364e+00 (fn F) masses = 1 iters = 599 mflops = 2.166375e+03
 OK converged final_rsq= 8.8e-11 (cf 1e-10) rel = 1 (cf 0) restarts = 2 iters= 599
GFTIME:   time = 2.954609e-01 (Symanzik1) mflops = 2.386246e+03
FFTIME:  time = 9.271328e-01 (asqtad3) terms = 2 mflops = 2.156891e+03
CONGRAD5: time = 1.676337e+00 (fn F) masses = 1 iters = 595 mflops = 1.941417e+03
 OK converged final_rsq= 9.9e-11 (cf 1e-10) rel = 1 (cf 0) restarts = 2 iters= 595
CONGRAD5: time = 1.516894e+00 (fn F) masses = 1 iters = 600 mflops = 2.163511e+03
 OK converged final_rsq= 4.9e-11 (cf 1e-10) rel = 1 (cf 0) restarts = 3 iters= 600
GFTIME:   time = 2.552700e-01 (Symanzik1) mflops = 2.761948e+03
FFTIME:  time = 9.507821e-01 (asqtad3) terms = 2 mflops = 2.103242e+03
CONGRAD5: time = 1.685808e+00 (fn F) masses = 1 iters = 598 mflops = 1.940244e+03
 OK converged final_rsq= 9.3e-11 (cf 1e-10) rel = 1 (cf 0) restarts = 2 iters= 598
CONGRAD5: time = 1.490372e+00 (fn F) masses = 1 iters = 588 mflops = 2.157972e+03
 OK converged final_rsq= 9.8e-11 (cf 1e-10) rel = 1 (cf 0) restarts = 2 iters= 588
GFTIME:   time = 2.597570e-01 (Symanzik1) mflops = 2.714238e+03
FFTIME:  time = 9.259231e-01 (asqtad3) terms = 2 mflops = 2.159709e+03
CONGRAD5: time = 1.708841e+00 (fn F) masses = 1 iters = 600 mflops = 1.920493e+03
 OK converged final_rsq= 1e-10 (cf 1e-10) rel = 1 (cf 0) restarts = 2 iters= 600
CONGRAD5: time = 1.501063e+00 (fn F) masses = 1 iters = 594 mflops = 2.164466e+03
 OK converged final_rsq= 1e-10 (cf 1e-10) rel = 1 (cf 0) restarts = 2 iters= 594
GFTIME:   time = 2.660499e-01 (Symanzik1) mflops = 2.650039e+03
FFTIME:  time = 1.020523e+00 (asqtad3) terms = 2 mflops = 1.959509e+03
PLAQ:	1.475018	1.474765
P_LOOP:	1.583971e-03	8.888766e-03
G_LOOP:  0  0  4   	1.475200e+00	( 0 1 7 6  )
G_LOOP:  0  1  4   	1.473302e+00	( 0 2 7 5  )
G_LOOP:  0  2  4   	1.474447e+00	( 0 3 7 4  )
G_LOOP:  0  3  4   	1.476551e+00	( 1 2 6 5  )
G_LOOP:  0  4  4   	1.473466e+00	( 1 3 6 4  )
G_LOOP:  0  5  4   	1.476382e+00	( 2 3 5 4  )
G_LOOP:  1  0  6   	7.168152e-01	( 0 0 1 7 7 6  )
G_LOOP:  1  1  6   	7.143560e-01	( 0 0 2 7 7 5  )
G_LOOP:  1  2  6   	7.200913e-01	( 0 0 3 7 7 4  )
G_LOOP:  1  3  6   	7.156780e-01	( 1 1 0 6 6 7  )
G_LOOP:  1  4  6   	7.181522e-01	( 1 1 2 6 6 5  )
G_LOOP:  1  5  6   	7.148206e-01	( 1 1 3 6 6 4  )
G_LOOP:  1  6  6   	7.170349e-01	( 2 2 0 5 5 7  )
G_LOOP:  1  7  6   	7.201545e-01	( 2 2 1 5 5 6  )
G_LOOP:  1  8  6   	7.182823e-01	( 2 2 3 5 5 4  )
G_LOOP:  1  9  6   	7.158960e-01	( 3 3 0 4 4 7  )
G_LOOP:  1  10  6   	7.152688e-01	( 3 3 1 4 4 6  )
G_LOOP:  1  11  6   	7.163844e-01	( 3 3 2 4 4 5  )
G_LOOP:  2  0  6   	7.356671e-01	( 0 1 2 7 6 5  )
G_LOOP:  2  1  6   	7.328274e-01	( 0 1 5 7 6 2  )
G_LOOP:  2  2  6   	7.315874e-01	( 0 6 2 7 1 5  )
G_LOOP:  2  3  6   	7.323769e-01	( 0 6 5 7 1 2  )
G_LOOP:  2  4  6   	7.306019e-01	( 0 1 3 7 6 4  )
G_LOOP:  2  5  6   	7.319978e-01	( 0 1 4 7 6 3  )
G_LOOP:  2  6  6   	7.344427e-01	( 0 6 3 7 1 4  )
G_LOOP:  2  7  6   	7.355533e-01	( 0 6 4 7 1 3  )
G_LOOP:  2  8  6   	7.341856e-01	( 0 2 3 7 5 4  )
G_LOOP:  2  9  6   	7.352679e-01	( 0 2 4 7 5 3  )
G_LOOP:  2  10  6   	7.323827e-01	( 0 5 3 7 2 4  )
G_LOOP:  2  11  6   	7.358148e-01	( 0 5 4 7 2 3  )
G_LOOP:  2  12  6   	7.352626e-01	( 1 2 3 6 5 4  )
G_LOOP:  2  13  6   	7.335346e-01	( 1 2 4 6 5 3  )
G_LOOP:  2  14  6   	7.329657e-01	( 1 5 3 6 2 4  )
G_LOOP:  2  15  6   	7.343445e-01	( 1 5 4 6 2 3  )
GACTION: 6.650037e+00
CONGRAD5: time = 1.680803e+00 (fn F) masses = 1 iters = 594 mflops = 1.933005e+03
 OK converged final_rsq= 9.6e-11 (cf 1e-10) rel = 1 (cf 0) restarts = 2 iters= 594
CONGRAD5: time = 1.914070e-01 (fn F) masses = 1 iters = 75 mflops = 2.143220e+03
 OK converged final_rsq= 9.8e-11 (cf 1e-10) rel = 1 (cf 0) restarts = 1 iters= 75
PBP: mass 1.000000e-02     4.191618e-02  3.939040e-02  -2.735264e-03  -2.734107e-03 ( 1 of 1 )
FACTION: mass = 1.000000e-02,  1.498802e+00 ( 1 of 1 )
CONGRAD5: time = 1.512568e+00 (fn F) masses = 1 iters = 597 mflops = 2.158851e+03
 OK converged final_rsq= 9.6e-11 (cf 1e-10) rel = 1 (cf 0) restarts = 2 iters= 597
CONGRAD5: time = 2.069590e-01 (fn F) masses = 1 iters = 81 mflops = 2.140740e+03
 OK converged final_rsq= 1e-10 (cf 1e-10) rel = 1 (cf 0) restarts = 1 iters= 81
PBP: mass 1.000000e-02     3.659735e-02  4.621624e-02  -2.733654e-03  -2.734212e-03 ( 1 of 1 )
FACTION: mass = 1.000000e-02,  1.497408e+00 ( 1 of 1 )
CONGRAD5: time = 1.562274e+00 (fn F) masses = 1 iters = 602 mflops = 2.107669e+03
 OK converged final_rsq= 5e-11 (cf 1e-10) rel = 1 (cf 0) restarts = 3 iters= 602
CONGRAD5: time = 1.670457e+00 (fn F) masses = 1 iters = 600 mflops = 1.964622e+03
 OK converged final_rsq= 9.6e-11 (cf 1e-10) rel = 1 (cf 0) restarts = 2 iters= 600
GFTIME:   time = 2.821052e-01 (Symanzik1) mflops = 2.499218e+03
FFTIME:  time = 9.551539e-01 (asqtad3) terms = 2 mflops = 2.093615e+03
CONGRAD5: time = 1.726935e+00 (fn F) masses = 1 iters = 600 mflops = 1.900371e+03
 OK converged final_rsq= 8.6e-11 (cf 1e-10) rel = 1 (cf 0) restarts = 2 iters= 600
CONGRAD5: time = 1.572079e+00 (fn F) masses = 1 iters = 596 mflops = 2.073648e+03
 OK converged final_rsq= 9.5e-11 (cf 1e-10) rel = 1 (cf 0) restarts = 2 iters= 596
GFTIME:   time = 2.656858e-01 (Symanzik1) mflops = 2.653670e+03
FFTIME:  time = 9.637840e-01 (asqtad3) terms = 2 mflops = 2.074868e+03
CONGRAD5: time = 1.579809e+00 (fn F) masses = 1 iters = 598 mflops = 2.070426e+03
 OK converged final_rsq= 9.8e-11 (cf 1e-10) rel = 1 (cf 0) restarts = 2 iters= 598
CONGRAD5: time = 1.644358e+00 (fn F) masses = 1 iters = 602 mflops = 2.002457e+03
 OK converged final_rsq= 3.8e-11 (cf 1e-10) rel = 1 (cf 0) restarts = 3 iters= 602
GFTIME:   time = 2.828212e-01 (Symanzik1) mflops = 2.492891e+03
FFTIME:  time = 9.343960e-01 (asqtad3) terms = 2 mflops = 2.140125e+03
CONGRAD5: time = 1.674737e+00 (fn F) masses = 1 iters = 600 mflops = 1.959602e+03
 OK converged final_rsq= 8.9e-11 (cf 1e-10) rel = 1 (cf 0) restarts = 2 iters= 600
CONGRAD5: time = 1.534153e+00 (fn F) masses = 1 iters = 592 mflops = 2.110650e+03
 OK converged final_rsq= 4.9e-11 (cf 1e-10) rel = 1 (cf 0) restarts = 3 iters= 592
GFTIME:   time = 2.778800e-01 (Symanzik1) mflops = 2.537219e+03
FFTIME:  time = 9.860120e-01 (asqtad3) terms = 2 mflops = 2.028094e+03
CONGRAD5: time = 1.626030e+00 (fn F) masses = 1 iters = 599 mflops = 2.014937e+03
 OK converged final_rsq= 9.1e-11 (cf 1e-10) rel = 1 (cf 0) restarts = 2 iters= 599
CONGRAD5: time = 1.600939e+00 (fn F) masses = 1 iters = 601 mflops = 2.053349e+03
 OK converged final_rsq= 4.7e-11 (cf 1e-10) rel = 1 (cf 0) restarts = 3 iters= 601
GFTIME:   time = 2.768879e-01 (Symanzik1) mflops = 2.546310e+03
FFTIME:  time = 9.785590e-01 (asqtad3) terms = 2 mflops = 2.043540e+03
CONGRAD5: time = 1.696073e+00 (fn F) masses = 1 iters = 602 mflops = 1.941400e+03
 OK converged final_rsq= 4.7e-11 (cf 1e-10) rel = 1 (cf 0) restarts = 3 iters= 602
CONGRAD5: time = 1.522646e+00 (fn F) masses = 1 iters = 582 mflops = 2.090678e+03
 OK converged final_rsq= 9.8e-11 (cf 1e-10) rel = 1 (cf 0) restarts = 2 iters= 582
GFTIME:   time = 2.579679e-01 (Symanzik1) mflops = 2.733062e+03
FFTIME:  time = 9.449592e-01 (asqtad3) terms = 2 mflops = 2.116202e+03
CONGRAD5: time = 1.845147e+00 (fn F) masses = 1 iters = 660 mflops = 1.956483e+03
 OK converged final_rsq= 9.9e-11 (cf 1e-10) rel = 1 (cf 0) restarts = 3 iters= 660
CONGRAD5: time = 1.491370e+00 (fn F) masses = 1 iters = 592 mflops = 2.171198e+03
 OK converged final_rsq= 9.8e-11 (cf 1e-10) rel = 1 (cf 0) restarts = 2 iters= 592
GFTIME:   time = 2.833080e-01 (Symanzik1) mflops = 2.488607e+03
FFTIME:  time = 9.667439e-01 (asqtad3) terms = 2 mflops = 2.068515e+03
CONGRAD5: time = 1.678363e+00 (fn F) masses = 1 iters = 602 mflops = 1.961886e+03
 OK converged final_rsq= 5.6e-11 (cf 1e-10) rel = 1 (cf 0) restarts = 3 iters= 602
CONGRAD5: time = 1.516095e+00 (fn F) masses = 1 iters = 600 mflops = 2.164652e+03
 OK converged final_rsq= 9.2e-11 (cf 1e-10) rel = 1 (cf 0) restarts = 2 iters= 600
GFTIME:   time = 2.689250e-01 (Symanzik1) mflops = 2.621707e+03
FFTIME:  time = 9.217339e-01 (asqtad3) terms = 2 mflops = 2.169525e+03
CONGRAD5: time = 1.659783e+00 (fn F) masses = 1 iters = 600 mflops = 1.977257e+03
 OK converged final_rsq= 9.6e-11 (cf 1e-10) rel = 1 (cf 0) restarts = 2 iters= 600
CONGRAD5: time = 1.511202e+00 (fn F) masses = 1 iters = 600 mflops = 2.171661e+03
 OK converged final_rsq= 8.5e-11 (cf 1e-10) rel = 1 (cf 0) restarts = 2 iters= 600
GFTIME:   time = 3.146241e-01 (Symanzik1) mflops = 2.240904e+03
FFTIME:  time = 9.193301e-01 (asqtad3) terms = 2 mflops = 2.175197e+03
CONGRAD5: time = 1.620283e+00 (fn F) masses = 1 iters = 602 mflops = 2.032211e+03
 OK converged final_rsq= 4.3e-11 (cf 1e-10) rel = 1 (cf 0) restarts = 3 iters= 602
CONGRAD5: time = 1.616662e+00 (fn F) masses = 1 iters = 602 mflops = 2.036763e+03
 OK converged final_rsq= 5.4e-11 (cf 1e-10) rel = 1 (cf 0) restarts = 3 iters= 602
GFTIME:   time = 2.597890e-01 (Symanzik1) mflops = 2.713904e+03
FFTIME:  time = 9.335651e-01 (asqtad3) terms = 2 mflops = 2.142030e+03
CONGRAD5: time = 1.556263e+00 (fn F) masses = 1 iters = 602 mflops = 2.115810e+03
 OK converged final_rsq= 9.4e-11 (cf 1e-10) rel = 1 (cf 0) restarts = 3 iters= 602
CONGRAD5: time = 1.576192e+00 (fn F) masses = 1 iters = 599 mflops = 2.078648e+03
 OK converged final_rsq= 9.5e-11 (cf 1e-10) rel = 1 (cf 0) restarts = 2 iters= 599
GFTIME:   time = 2.690551e-01 (Symanzik1) mflops = 2.620439e+03
FFTIME:  time = 9.733679e-01 (asqtad3) terms = 2 mflops = 2.054438e+03
CONGRAD5: time = 1.519958e+00 (fn F) masses = 1 iters = 602 mflops = 2.166347e+03
 OK converged final_rsq= 7.7e-11 (cf 1e-10) rel = 1 (cf 0) restarts = 3 iters= 602
CONGRAD5: time = 1.601774e+00 (fn F) masses = 1 iters = 602 mflops = 2.055694e+03
 OK converged final_rsq= 3.8e-11 (cf 1e-10) rel = 1 (cf 0) restarts = 3 iters= 602
GFTIME:   time = 2.825150e-01 (Symanzik1) mflops = 2.495592e+03
FFTIME:  time = 9.329851e-01 (asqtad3) terms = 2 mflops = 2.143362e+03
CONGRAD5: time = 1.690621e+00 (fn F) masses = 1 iters = 602 mflops = 1.947661e+03
 OK converged final_rsq= 5e-11 (cf 1e-10) rel = 1 (cf 0) restarts = 3 iters= 602
CONGRAD5: time = 1.526027e+00 (fn F) masses = 1 iters = 602 mflops = 2.157732e+03
 OK converged final_rsq= 5.8e-11 (cf 1e-10) rel = 1 (cf 0) restarts = 3 iters= 602
GFTIME:   time = 2.562630e-01 (Symanzik1) mflops = 2.751245e+03
FFTIME:  time = 9.938190e-01 (asqtad3) terms = 2 mflops = 2.012162e+03
CONGRAD5: time = 1.690196e+00 (fn F) masses = 1 iters = 602 mflops = 1.948151e+03
 OK converged final_rsq= 4e-11 (cf 1e-10) rel = 1 (cf 0) restarts = 3 iters= 602
CONGRAD5: time = 1.510047e+00 (fn F) masses = 1 iters = 600 mflops = 2.173322e+03
 OK converged final_rsq= 9.8e-11 (cf 1e-10) rel = 1 (cf 0) restarts = 2 iters= 600
GFTIME:   time = 2.602282e-01 (Symanzik1) mflops = 2.709324e+03
FFTIME:  time = 9.736149e-01 (asqtad3) terms = 2 mflops = 2.053917e+03
CONGRAD5: time = 1.664543e+00 (fn F) masses = 1 iters = 602 mflops = 1.978175e+03
 OK converged final_rsq= 7.1e-11 (cf 1e-10) rel = 1 (cf 0) restarts = 3 iters= 602
CONGRAD5: time = 1.518829e+00 (fn F) masses = 1 iters = 602 mflops = 2.167958e+03
 OK converged final_rsq= 5.1e-11 (cf 1e-10) rel = 1 (cf 0) restarts = 3 iters= 602
GFTIME:   time = 3.050561e-01 (Symanzik1) mflops = 2.311189e+03
FFTIME:  time = 9.096119e-01 (asqtad3) terms = 2 mflops = 2.198437e+03
PLAQ:	1.458367	1.460052
P_LOOP:	1.011199e-02	-3.870468e-03
G_LOOP:  0  0  4   	1.457649e+00	( 0 1 7 6  )
G_LOOP:  0  1  4   	1.460337e+00	( 0 2 7 5  )
G_LOOP:  0  2  4   	1.459907e+00	( 0 3 7 4  )
G_LOOP:  0  3  4   	1.457116e+00	( 1 2 6 5  )
G_LOOP:  0  4  4   	1.459338e+00	( 1 3 6 4  )
G_LOOP:  0  5  4   	1.460910e+00	( 2 3 5 4  )
G_LOOP:  1  0  6   	6.963547e-01	( 0 0 1 7 7 6  )
G_LOOP:  1  1  6   	7.006467e-01	( 0 0 2 7 7 5  )
G_LOOP:  1  2  6   	6.973474e-01	( 0 0 3 7 7 4  )
G_LOOP:  1  3  6   	6.966182e-01	( 1 1 0 6 6 7  )
G_LOOP:  1  4  6   	6.982516e-01	( 1 1 2 6 6 5  )
G_LOOP:  1  5  6   	6.989510e-01	( 1 1 3 6 6 4  )
G_LOOP:  1  6  6   	7.036480e-01	( 2 2 0 5 5 7  )
G_LOOP:  1  7  6   	6.974191e-01	( 2 2 1 5 5 6  )
G_LOOP:  1  8  6   	7.036013e-01	( 2 2 3 5 5 4  )
G_LOOP:  1  9  6   	6.996095e-01	( 3 3 0 4 4 7  )
G_LOOP:  1  10  6   	6.980197e-01	( 3 3 1 4 4 6  )
G_LOOP:  1  11  6   	7.032359e-01	( 3 3 2 4 4 5  )
G_LOOP:  2  0  6   	7.138192e-01	( 0 1 2 7 6 5  )
G_LOOP:  2  1  6   	7.152912e-01	( 0 1 5 7 6 2  )
G_LOOP:  2  2  6   	7.137783e-01	( 0 6 2 7 1 5  )
G_LOOP:  2  3  6   	7.167190e-01	( 0 6 5 7 1 2  )
G_LOOP:  2  4  6   	7.141562e-01	( 0 1 3 7 6 4  )
G_LOOP:  2  5  6   	7.104113e-01	( 0 1 4 7 6 3  )
G_LOOP:  2  6  6   	7.120237e-01	( 0 6 3 7 1 4  )
G_LOOP:  2  7  6   	7.161655e-01	( 0 6 4 7 1 3  )
G_LOOP:  2  8  6   	7.144114e-01	( 0 2 3 7 5 4  )
G_LOOP:  2  9  6   	7.154319e-01	( 0 2 4 7 5 3  )
G_LOOP:  2  10  6   	7.155286e-01	( 0 5 3 7 2 4  )
G_LOOP:  2  11  6   	7.151513e-01	( 0 5 4 7 2 3  )
G_LOOP:  2  12  6   	7.150617e-01	( 1 2 3 6 5 4  )
G_LOOP:  2  13  6   	7.172743e-01	( 1 2 4 6 5 3  )
G_LOOP:  2  14  6   	7.141801e-01	( 1 5 3 6 2 4  )
G_LOOP:  2  15  6   	7.111596e-01	( 1 5 4 6 2 3  )
GACTION: 6.724708e+00
CONGRAD5: time = 1.678359e+00 (fn F) masses = 1 iters = 600 mflops = 1.955373e+03
 OK converged final_rsq= 9.1e-11 (cf 1e-10) rel = 1 (cf 0) restarts = 2 iters= 600
CONGRAD5: time = 2.436490e-01 (fn F) masses = 1 iters = 96 mflops = 2.155112e+03
 OK converged final_rsq= 9.9e-11 (cf 1e-10) rel = 1 (cf 0) restarts = 1 iters= 96
PBP: mass 1.000000e-02     3.839806e-02  5.051406e-02  6.025208e-03  6.024647e-03 ( 1 of 1 )
FACTION: mass = 1.000000e-02,  1.500697e+00 ( 1 of 1 )
CONGRAD5: time = 1.513605e+00 (fn F) masses = 1 iters = 602 mflops = 2.175440e+03
 OK converged final_rsq= 4e-11 (cf 1e-10) rel = 1 (cf 0) restarts = 3 iters= 602
CONGRAD5: time = 2.657821e-01 (fn F) masses = 1 iters = 104 mflops = 2.140281e+03
 OK converged final_rsq= 9.9e-11 (cf 1e-10) rel = 1 (cf 0) restarts = 1 iters= 104
PBP: mass 1.000000e-02     4.677702e-02  4.116680e-02  -8.326679e-04  -8.283313e-04 ( 1 of 1 )
FACTION: mass = 1.000000e-02,  1.500646e+00 ( 1 of 1 )
RUNNING COMPLETED
average cg iters for step= 1.181000e+03
Time = 3.112878e+02 seconds
total_iters = 147683
Checksums 8b320b36 d4728e60
Saved gauge configuration in parallel to binary file lat_p64_size128_2
Time stamp Wed May 18 19:51:06 2022
Wrote info file lat_p64_size128_2.info
Time to save = 6.825800e-01
CHECK PLAQ: 1.458367e+00 1.460052e+00
CHECK NERSC LINKTR: 1.434110e-01 CKSUM: d7ca6bf8


get_i(0): EOF on input.
Elapsed total time: 349.441980
exit: Wed May 18 19:51:07 2022

