srun: Job 37447731 step creation temporarily disabled, retrying (Requested nodes are busy)
srun: Step created for job 37447731

 NAS Parallel Benchmarks 3.4 -- EP Benchmark

 Number of random numbers generated:      2147483648  (class B)
 Total number of processes:                        4

EP Benchmark Results:

CPU Time =     5.123
N = 2^   30
No. Gaussian Pairs =     843345606.
Sums =     6.728927543419154E+08    6.728951822504437E+08
Counts:
  0     393058470.
  1     375280898.
  2      70460742.
  3       4438852.
  4        105691.
  5           948.
  6             5.
  7             0.
  8             0.
  9             0.


 EP Benchmark Completed.
 Class           =                        B
 Size            =               2147483648
 Iterations      =                        0
 Time in seconds =                     5.12
 Total processes =                        4
 Active processes=                        4
 Mop/s total     =                   419.21
 Mop/s/process   =                   104.80
 Operation type  = Random numbers generated
 Verification    =               SUCCESSFUL
 Version         =                    3.4.2
 Compile date    =              01 Apr 2022

 Compile options:
    MPIFC        = ftn
    FLINK        = $(MPIFC)
    FMPI_LIB     = (none)
    FMPI_INC     = (none)
    FFLAGS       = -O3
    FLINKFLAGS   = $(FFLAGS)
    RAND         = randi8


 Please send feedbacks and/or the results of this run to:

 NPB Development Team 
 Internet: npb@nas.nasa.gov


