Process 11629 from sinfo_results, save result to results
Parse 323 on 25, save to results
Process 25 finished 100 out of 323
Process 25 finished 200 out of 323
Process 25 finished 300 out of 323
Parse 323 on 6, save to results
Process 6 finished 100 out of 323
Process 6 finished 200 out of 323
Skip empty sinfo_results/sinfo_22_03_28_10_33_11
Process 6 finished 300 out of 323
Parse 323 on 28, save to results
Process 28 finished 100 out of 323
Process 28 finished 200 out of 323
Process 28 finished 300 out of 323
Parse 323 on 33, save to results
Process 33 finished 100 out of 323
Process 33 finished 200 out of 323
Process 33 finished 300 out of 323
Parse 323 on 9, save to results
Process 9 finished 100 out of 323
Process 9 finished 200 out of 323
Process 9 finished 300 out of 323
Parse 323 on 29, save to results
Process 29 finished 100 out of 323
Process 29 finished 200 out of 323
Process 29 finished 300 out of 323
Parse 323 on 10, save to results
Process 10 finished 100 out of 323
Process 10 finished 200 out of 323
Process 10 finished 300 out of 323
Parse 323 on 13, save to results
Process 13 finished 100 out of 323
Process 13 finished 200 out of 323
Skip empty sinfo_results/sinfo_22_03_31_16_54_34
Process 13 finished 300 out of 323
Parse 323 on 15, save to results
Process 15 finished 100 out of 323
Process 15 finished 200 out of 323
Process 15 finished 300 out of 323
Parse 323 on 30, save to results
Process 30 finished 100 out of 323
Process 30 finished 200 out of 323
Process 30 finished 300 out of 323
Skip empty sinfo_results/sinfo_22_03_17_17_40_43
Parse 323 on 7, save to results
Process 7 finished 100 out of 323
Process 7 finished 200 out of 323
Process 7 finished 300 out of 323
Parse 323 on 19, save to results
Process 19 finished 100 out of 323
Process 19 finished 200 out of 323
Process 19 finished 300 out of 323
Parse 323 on 24, save to results
Process 24 finished 100 out of 323
Process 24 finished 200 out of 323
Process 24 finished 300 out of 323
Parse 323 on 20, save to results
Process 20 finished 100 out of 323
Process 20 finished 200 out of 323
Process 20 finished 300 out of 323
Parse 323 on 35, save to results
Process 35 finished 100 out of 323
Process 35 finished 200 out of 323
Process 35 finished 300 out of 323
Parse 323 on 16, save to results
Process 16 finished 100 out of 323
Process 16 finished 200 out of 323
Process 16 finished 300 out of 323
Parse 323 on 8, save to results
Process 8 finished 100 out of 323
Process 8 finished 200 out of 323
Process 8 finished 300 out of 323
Parse 323 on 23, save to results
Process 23 finished 100 out of 323
Process 23 finished 200 out of 323
Process 23 finished 300 out of 323
Parse 323 on 21, save to results
Process 21 finished 100 out of 323
Process 21 finished 200 out of 323
Process 21 finished 300 out of 323
Parse 323 on 17, save to results
Process 17 finished 100 out of 323
Process 17 finished 200 out of 323
Process 17 finished 300 out of 323
Parse 323 on 1, save to results
Process 1 finished 100 out of 323
Process 1 finished 200 out of 323
Process 1 finished 300 out of 323
Parse 323 on 32, save to results
Process 32 finished 100 out of 323
Process 32 finished 200 out of 323
Process 32 finished 300 out of 323
Parse 323 on 22, save to results
Process 22 finished 100 out of 323
Process 22 finished 200 out of 323
Process 22 finished 300 out of 323
Parse 323 on 2, save to results
Process 2 finished 100 out of 323
Process 2 finished 200 out of 323
Process 2 finished 300 out of 323
Parse 323 on 27, save to results
Process 27 finished 100 out of 323
Process 27 finished 200 out of 323
Skip empty sinfo_results/sinfo_22_03_31_09_42_06
Process 27 finished 300 out of 323
Parse 324 on 0, save to results
Process 0 finished 100 out of 324
Process 0 finished 200 out of 324
Process 0 finished 300 out of 324
Parse 323 on 4, save to results
Process 4 finished 100 out of 323
Process 4 finished 200 out of 323
Process 4 finished 300 out of 323
Parse 323 on 14, save to results
Process 14 finished 100 out of 323
Process 14 finished 200 out of 323
Process 14 finished 300 out of 323
Parse 323 on 26, save to results
Process 26 finished 100 out of 323
Skip empty sinfo_results/sinfo_22_03_31_06_37_13
Process 26 finished 200 out of 323
Process 26 finished 300 out of 323
Parse 323 on 3, save to results
Process 3 finished 100 out of 323
Process 3 finished 200 out of 323
Process 3 finished 300 out of 323
Parse 323 on 5, save to results
Process 5 finished 100 out of 323
Process 5 finished 200 out of 323
Process 5 finished 300 out of 323
Parse 323 on 34, save to results
Process 34 finished 100 out of 323
Process 34 finished 200 out of 323
Process 34 finished 300 out of 323
Parse 323 on 12, save to results
Process 12 finished 100 out of 323
Process 12 finished 200 out of 323
Process 12 finished 300 out of 323
Parse 323 on 31, save to results
Process 31 finished 100 out of 323
Process 31 finished 200 out of 323
Process 31 finished 300 out of 323
Parse 323 on 18, save to results
Process 18 finished 100 out of 323
Process 18 finished 200 out of 323
Process 18 finished 300 out of 323


Batch Job Summary Report (version 21.01.1) for Job "job_name" (37497121) on daint

Job information (1/2)
-----------------------------------------------------------------------------------------------------
             Submit            Eligible               Start                 End    Elapsed Time limit
------------------- ------------------- ------------------- ------------------- ---------- ----------
2022-04-04T01:25:31 2022-04-04T01:25:31 2022-04-04T01:25:31 2022-04-04T02:05:45   00:40:14   01:00:00
-----------------------------------------------------------------------------------------------------

Job information (2/2)
-------------------------------------------------------------
    Username      Account    Partition   NNodes        Energy
------------ ------------ ------------ -------- -------------
      mcopik          g34       normal        1    448.897 kJ

