SU3 with improved KS action
Microcanonical simulation with refreshing
R algorithm
MIMD version 7.8.1
Machine = MPI (portable), with 32 nodes
Host(0) = ault01.cscs.ch
Username = mcopik
Options selected...
Generic single precision
C_GLOBAL_INLINE
DBLSTORE_FN
D_FN_GATHER13
FEWSUMS
KS_MULTIFF=FNMAT
VECLENGTH=4
type 0 for no prompts, 1 for prompts, or 2 for proofreading
nflavors1 2
nflavors2 1
nx 16
ny 16
nz 8
nt 36
iseed 5682304
LAYOUT = Hypercubes, options = hyper_prime,
automatic hyper_prime layout
ON EACH NODE 4 x 8 x 8 x 9
Mallocing 2.3 MBytes per node for lattice
WARNING!!: Resetting random seed
Made lattice
Made nn gathers
Made 3nn gathers
Finished setup


warms 0
trajecs 4
traj_between_meas 1
beta 5.6
mass1 0.125
mass2 0.125
u0 0.8441
microcanonical_time_step 0.2
steps_per_trajectory 5
max_cg_iterations 100
max_cg_restarts 5
error_per_site 0.125
error_for_propagator 0.125
npbp_reps 1
prec_pbp 1
fresh 
save_parallel lat_p64_size64_1
unit gauge configuration loaded
CHECK PLAQ: 3.000000e+00 3.000000e+00
CHECK NERSC LINKTR: 1.000000e+00 CKSUM: 0
Unitarity checked.  Max deviation 0.00e+00
Time to check unitarity = 4.670620e-04
"O(a^2): couplings(pi)=0, Naik term, No O(a^2) errors, tadpole weights"
path coefficients: npath  path_coeff  multiplicity
                    0      6.250000e-01     8
                    1      -5.847914e-02     8
                    2      -8.771871e-02     48
                    3      3.077829e-02     192
                    4      -7.199551e-03     384
                    5      -1.231132e-01     48
Symanzik 1x1 + 1x2 + 1x1x1 action
gauge_action: total_dyn_flavors = 3
loop coefficients: nloop rep loop_coeff  multiplicity
                    0 0      1.000000e+00     6
                    1 0      -7.762509e-02     12
                    2 0      -1.031171e-02     16
WARMUPS COMPLETED
CONGRAD5: time = 4.985094e-03 (fn F) masses = 1 iters = 4 mflops = 2.194420e+03
 OK converged final_rsq= 0.006 (cf 0.016) rel = 1 (cf 0) restarts = 1 iters= 4
CONGRAD5: time = 4.699945e-03 (fn F) masses = 1 iters = 4 mflops = 2.327557e+03
 OK converged final_rsq= 0.0059 (cf 0.016) rel = 1 (cf 0) restarts = 1 iters= 4
GFTIME:   time = 8.394694e-02 (Symanzik1) mflops = 4.199334e+03
FFTIME:  time = 2.885821e-01 (asqtad3) terms = 2 mflops = 3.464741e+03
CONGRAD5: time = 4.884005e-03 (fn F) masses = 1 iters = 4 mflops = 2.239841e+03
 OK converged final_rsq= 0.01 (cf 0.016) rel = 1 (cf 0) restarts = 1 iters= 4
CONGRAD5: time = 4.729033e-03 (fn F) masses = 1 iters = 4 mflops = 2.313241e+03
 OK converged final_rsq= 0.0098 (cf 0.016) rel = 1 (cf 0) restarts = 1 iters= 4
GFTIME:   time = 8.406305e-02 (Symanzik1) mflops = 4.193533e+03
FFTIME:  time = 2.885902e-01 (asqtad3) terms = 2 mflops = 3.464644e+03
CONGRAD5: time = 4.872799e-03 (fn F) masses = 1 iters = 4 mflops = 2.244991e+03
 OK converged final_rsq= 0.014 (cf 0.016) rel = 1 (cf 0) restarts = 1 iters= 4
CONGRAD5: time = 4.662991e-03 (fn F) masses = 1 iters = 4 mflops = 2.346003e+03
 OK converged final_rsq= 0.014 (cf 0.016) rel = 1 (cf 0) restarts = 1 iters= 4
GFTIME:   time = 8.345318e-02 (Symanzik1) mflops = 4.224180e+03
FFTIME:  time = 2.892401e-01 (asqtad3) terms = 2 mflops = 3.456859e+03
CONGRAD5: time = 4.881144e-03 (fn F) masses = 1 iters = 4 mflops = 2.241154e+03
 OK converged final_rsq= 0.013 (cf 0.016) rel = 1 (cf 0) restarts = 1 iters= 4
CONGRAD5: time = 4.704952e-03 (fn F) masses = 1 iters = 4 mflops = 2.325080e+03
 OK converged final_rsq= 0.013 (cf 0.016) rel = 1 (cf 0) restarts = 1 iters= 4
GFTIME:   time = 8.294487e-02 (Symanzik1) mflops = 4.250067e+03
FFTIME:  time = 2.877121e-01 (asqtad3) terms = 2 mflops = 3.475218e+03
CONGRAD5: time = 4.805088e-03 (fn F) masses = 1 iters = 4 mflops = 2.276627e+03
 OK converged final_rsq= 0.011 (cf 0.016) rel = 1 (cf 0) restarts = 1 iters= 4
CONGRAD5: time = 4.662991e-03 (fn F) masses = 1 iters = 4 mflops = 2.346003e+03
 OK converged final_rsq= 0.011 (cf 0.016) rel = 1 (cf 0) restarts = 1 iters= 4
GFTIME:   time = 8.516383e-02 (Symanzik1) mflops = 4.139330e+03
FFTIME:  time = 2.862940e-01 (asqtad3) terms = 2 mflops = 3.492432e+03
PLAQ:	2.348046	2.347861
P_LOOP:	-6.323030e-03	-1.925636e-02
G_LOOP:  0  0  4   	2.346897e+00	( 0 1 7 6  )
G_LOOP:  0  1  4   	2.347695e+00	( 0 2 7 5  )
G_LOOP:  0  2  4   	2.348610e+00	( 0 3 7 4  )
G_LOOP:  0  3  4   	2.349546e+00	( 1 2 6 5  )
G_LOOP:  0  4  4   	2.347450e+00	( 1 3 6 4  )
G_LOOP:  0  5  4   	2.347524e+00	( 2 3 5 4  )
G_LOOP:  1  0  6   	1.770886e+00	( 0 0 1 7 7 6  )
G_LOOP:  1  1  6   	1.772085e+00	( 0 0 2 7 7 5  )
G_LOOP:  1  2  6   	1.772683e+00	( 0 0 3 7 7 4  )
G_LOOP:  1  3  6   	1.772206e+00	( 1 1 0 6 6 7  )
G_LOOP:  1  4  6   	1.778615e+00	( 1 1 2 6 6 5  )
G_LOOP:  1  5  6   	1.772779e+00	( 1 1 3 6 6 4  )
G_LOOP:  1  6  6   	1.774422e+00	( 2 2 0 5 5 7  )
G_LOOP:  1  7  6   	1.776307e+00	( 2 2 1 5 5 6  )
G_LOOP:  1  8  6   	1.772614e+00	( 2 2 3 5 5 4  )
G_LOOP:  1  9  6   	1.773361e+00	( 3 3 0 4 4 7  )
G_LOOP:  1  10  6   	1.772005e+00	( 3 3 1 4 4 6  )
G_LOOP:  1  11  6   	1.772996e+00	( 3 3 2 4 4 5  )
G_LOOP:  2  0  6   	1.819044e+00	( 0 1 2 7 6 5  )
G_LOOP:  2  1  6   	1.821657e+00	( 0 1 5 7 6 2  )
G_LOOP:  2  2  6   	1.822819e+00	( 0 6 2 7 1 5  )
G_LOOP:  2  3  6   	1.821404e+00	( 0 6 5 7 1 2  )
G_LOOP:  2  4  6   	1.821922e+00	( 0 1 3 7 6 4  )
G_LOOP:  2  5  6   	1.817338e+00	( 0 1 4 7 6 3  )
G_LOOP:  2  6  6   	1.820607e+00	( 0 6 3 7 1 4  )
G_LOOP:  2  7  6   	1.823181e+00	( 0 6 4 7 1 3  )
G_LOOP:  2  8  6   	1.818823e+00	( 0 2 3 7 5 4  )
G_LOOP:  2  9  6   	1.819541e+00	( 0 2 4 7 5 3  )
G_LOOP:  2  10  6   	1.822350e+00	( 0 5 3 7 2 4  )
G_LOOP:  2  11  6   	1.817598e+00	( 0 5 4 7 2 3  )
G_LOOP:  2  12  6   	1.821659e+00	( 1 2 3 6 5 4  )
G_LOOP:  2  13  6   	1.824220e+00	( 1 2 4 6 5 3  )
G_LOOP:  2  14  6   	1.821604e+00	( 1 5 3 6 2 4  )
G_LOOP:  2  15  6   	1.824104e+00	( 1 5 4 6 2 3  )
GACTION: 2.575211e+00
CONGRAD5: time = 4.805088e-03 (fn F) masses = 1 iters = 4 mflops = 2.276627e+03
 OK converged final_rsq= 0.01 (cf 0.016) rel = 1 (cf 0) restarts = 1 iters= 4
CONGRAD5: time = 6.042004e-03 (fn F) masses = 1 iters = 6 mflops = 2.715836e+03
 OK converged final_rsq= 0.0087 (cf 0.016) rel = 1 (cf 0) restarts = 1 iters= 6
PBP: mass 1.250000e-01     6.839631e-02  1.024361e-01  -6.252925e-04  -1.562877e-03 ( 1 of 1 )
FACTION: mass = 1.250000e-01,  1.470003e+00 ( 1 of 1 )
CONGRAD5: time = 4.758835e-03 (fn F) masses = 1 iters = 4 mflops = 2.298754e+03
 OK converged final_rsq= 0.01 (cf 0.016) rel = 1 (cf 0) restarts = 1 iters= 4
CONGRAD5: time = 6.025076e-03 (fn F) masses = 1 iters = 6 mflops = 2.723466e+03
 OK converged final_rsq= 0.0087 (cf 0.016) rel = 1 (cf 0) restarts = 1 iters= 6
PBP: mass 1.250000e-01     7.042779e-02  1.006423e-01  -2.239626e-03  -2.553548e-03 ( 1 of 1 )
FACTION: mass = 1.250000e-01,  1.472298e+00 ( 1 of 1 )
CONGRAD5: time = 4.834175e-03 (fn F) masses = 1 iters = 4 mflops = 2.262928e+03
 OK converged final_rsq= 0.012 (cf 0.016) rel = 1 (cf 0) restarts = 1 iters= 4
CONGRAD5: time = 4.668951e-03 (fn F) masses = 1 iters = 4 mflops = 2.343009e+03
 OK converged final_rsq= 0.011 (cf 0.016) rel = 1 (cf 0) restarts = 1 iters= 4
GFTIME:   time = 8.373594e-02 (Symanzik1) mflops = 4.209915e+03
FFTIME:  time = 2.864251e-01 (asqtad3) terms = 2 mflops = 3.490833e+03
CONGRAD5: time = 5.604029e-03 (fn F) masses = 1 iters = 5 mflops = 2.440073e+03
 OK converged final_rsq= 0.0069 (cf 0.016) rel = 1 (cf 0) restarts = 1 iters= 5
CONGRAD5: time = 4.723072e-03 (fn F) masses = 1 iters = 4 mflops = 2.316160e+03
 OK converged final_rsq= 0.015 (cf 0.016) rel = 1 (cf 0) restarts = 1 iters= 4
GFTIME:   time = 8.632088e-02 (Symanzik1) mflops = 4.083847e+03
FFTIME:  time = 2.885950e-01 (asqtad3) terms = 2 mflops = 3.464587e+03
CONGRAD5: time = 5.565166e-03 (fn F) masses = 1 iters = 5 mflops = 2.457112e+03
 OK converged final_rsq= 0.0088 (cf 0.016) rel = 1 (cf 0) restarts = 1 iters= 5
CONGRAD5: time = 5.393028e-03 (fn F) masses = 1 iters = 5 mflops = 2.535540e+03
 OK converged final_rsq= 0.0084 (cf 0.016) rel = 1 (cf 0) restarts = 1 iters= 5
GFTIME:   time = 8.260012e-02 (Symanzik1) mflops = 4.267805e+03
FFTIME:  time = 2.869022e-01 (asqtad3) terms = 2 mflops = 3.485028e+03
CONGRAD5: time = 5.566835e-03 (fn F) masses = 1 iters = 5 mflops = 2.456376e+03
 OK converged final_rsq= 0.0085 (cf 0.016) rel = 1 (cf 0) restarts = 1 iters= 5
CONGRAD5: time = 5.365849e-03 (fn F) masses = 1 iters = 5 mflops = 2.548384e+03
 OK converged final_rsq= 0.0083 (cf 0.016) rel = 1 (cf 0) restarts = 1 iters= 5
GFTIME:   time = 8.428407e-02 (Symanzik1) mflops = 4.182537e+03
FFTIME:  time = 2.896240e-01 (asqtad3) terms = 2 mflops = 3.452277e+03
CONGRAD5: time = 5.538225e-03 (fn F) masses = 1 iters = 5 mflops = 2.469065e+03
 OK converged final_rsq= 0.0074 (cf 0.016) rel = 1 (cf 0) restarts = 1 iters= 5
CONGRAD5: time = 4.678965e-03 (fn F) masses = 1 iters = 4 mflops = 2.337994e+03
 OK converged final_rsq= 0.015 (cf 0.016) rel = 1 (cf 0) restarts = 1 iters= 4
GFTIME:   time = 8.339810e-02 (Symanzik1) mflops = 4.226969e+03
FFTIME:  time = 2.864082e-01 (asqtad3) terms = 2 mflops = 3.491039e+03
PLAQ:	2.013197	2.012697
P_LOOP:	-9.701259e-03	-3.360078e-02
G_LOOP:  0  0  4   	2.010792e+00	( 0 1 7 6  )
G_LOOP:  0  1  4   	2.013326e+00	( 0 2 7 5  )
G_LOOP:  0  2  4   	2.011958e+00	( 0 3 7 4  )
G_LOOP:  0  3  4   	2.015472e+00	( 1 2 6 5  )
G_LOOP:  0  4  4   	2.013512e+00	( 1 3 6 4  )
G_LOOP:  0  5  4   	2.012622e+00	( 2 3 5 4  )
G_LOOP:  1  0  6   	1.296020e+00	( 0 0 1 7 7 6  )
G_LOOP:  1  1  6   	1.302380e+00	( 0 0 2 7 7 5  )
G_LOOP:  1  2  6   	1.300113e+00	( 0 0 3 7 7 4  )
G_LOOP:  1  3  6   	1.297978e+00	( 1 1 0 6 6 7  )
G_LOOP:  1  4  6   	1.302920e+00	( 1 1 2 6 6 5  )
G_LOOP:  1  5  6   	1.301147e+00	( 1 1 3 6 6 4  )
G_LOOP:  1  6  6   	1.301421e+00	( 2 2 0 5 5 7  )
G_LOOP:  1  7  6   	1.302576e+00	( 2 2 1 5 5 6  )
G_LOOP:  1  8  6   	1.298934e+00	( 2 2 3 5 5 4  )
G_LOOP:  1  9  6   	1.299910e+00	( 3 3 0 4 4 7  )
G_LOOP:  1  10  6   	1.299603e+00	( 3 3 1 4 4 6  )
G_LOOP:  1  11  6   	1.299806e+00	( 3 3 2 4 4 5  )
G_LOOP:  2  0  6   	1.339921e+00	( 0 1 2 7 6 5  )
G_LOOP:  2  1  6   	1.347332e+00	( 0 1 5 7 6 2  )
G_LOOP:  2  2  6   	1.347822e+00	( 0 6 2 7 1 5  )
G_LOOP:  2  3  6   	1.345578e+00	( 0 6 5 7 1 2  )
G_LOOP:  2  4  6   	1.348037e+00	( 0 1 3 7 6 4  )
G_LOOP:  2  5  6   	1.342259e+00	( 0 1 4 7 6 3  )
G_LOOP:  2  6  6   	1.341849e+00	( 0 6 3 7 1 4  )
G_LOOP:  2  7  6   	1.343166e+00	( 0 6 4 7 1 3  )
G_LOOP:  2  8  6   	1.344500e+00	( 0 2 3 7 5 4  )
G_LOOP:  2  9  6   	1.342721e+00	( 0 2 4 7 5 3  )
G_LOOP:  2  10  6   	1.346118e+00	( 0 5 3 7 2 4  )
G_LOOP:  2  11  6   	1.343245e+00	( 0 5 4 7 2 3  )
G_LOOP:  2  12  6   	1.346085e+00	( 1 2 3 6 5 4  )
G_LOOP:  2  13  6   	1.347991e+00	( 1 2 4 6 5 3  )
G_LOOP:  2  14  6   	1.347405e+00	( 1 5 3 6 2 4  )
G_LOOP:  2  15  6   	1.344994e+00	( 1 5 4 6 2 3  )
GACTION: 4.065920e+00
CONGRAD5: time = 4.839897e-03 (fn F) masses = 1 iters = 4 mflops = 2.260253e+03
 OK converged final_rsq= 0.014 (cf 0.016) rel = 1 (cf 0) restarts = 1 iters= 4
CONGRAD5: time = 6.076097e-03 (fn F) masses = 1 iters = 6 mflops = 2.700597e+03
 OK converged final_rsq= 0.013 (cf 0.016) rel = 1 (cf 0) restarts = 1 iters= 6
PBP: mass 1.250000e-01     8.666703e-02  1.656794e-01  8.855824e-04  1.540118e-03 ( 1 of 1 )
FACTION: mass = 1.250000e-01,  1.448829e+00 ( 1 of 1 )
CONGRAD5: time = 4.750967e-03 (fn F) masses = 1 iters = 4 mflops = 2.302561e+03
 OK converged final_rsq= 0.014 (cf 0.016) rel = 1 (cf 0) restarts = 1 iters= 4
CONGRAD5: time = 6.094217e-03 (fn F) masses = 1 iters = 6 mflops = 2.692567e+03
 OK converged final_rsq= 0.013 (cf 0.016) rel = 1 (cf 0) restarts = 1 iters= 6
PBP: mass 1.250000e-01     8.854628e-02  1.707834e-01  -1.891601e-04  1.187543e-04 ( 1 of 1 )
FACTION: mass = 1.250000e-01,  1.441431e+00 ( 1 of 1 )
CONGRAD5: time = 5.478859e-03 (fn F) masses = 1 iters = 5 mflops = 2.495819e+03
 OK converged final_rsq= 0.0075 (cf 0.016) rel = 1 (cf 0) restarts = 1 iters= 5
CONGRAD5: time = 4.682064e-03 (fn F) masses = 1 iters = 4 mflops = 2.336446e+03
 OK converged final_rsq= 0.015 (cf 0.016) rel = 1 (cf 0) restarts = 1 iters= 4
GFTIME:   time = 8.376193e-02 (Symanzik1) mflops = 4.208609e+03
FFTIME:  time = 2.887011e-01 (asqtad3) terms = 2 mflops = 3.463314e+03
CONGRAD5: time = 5.455017e-03 (fn F) masses = 1 iters = 5 mflops = 2.506727e+03
 OK converged final_rsq= 0.0094 (cf 0.016) rel = 1 (cf 0) restarts = 1 iters= 5
CONGRAD5: time = 5.399227e-03 (fn F) masses = 1 iters = 5 mflops = 2.532629e+03
 OK converged final_rsq= 0.0087 (cf 0.016) rel = 1 (cf 0) restarts = 1 iters= 5
GFTIME:   time = 8.371210e-02 (Symanzik1) mflops = 4.211114e+03
FFTIME:  time = 2.892919e-01 (asqtad3) terms = 2 mflops = 3.456241e+03
CONGRAD5: time = 5.451918e-03 (fn F) masses = 1 iters = 5 mflops = 2.508152e+03
 OK converged final_rsq= 0.011 (cf 0.016) rel = 1 (cf 0) restarts = 1 iters= 5
CONGRAD5: time = 5.413055e-03 (fn F) masses = 1 iters = 5 mflops = 2.526159e+03
 OK converged final_rsq= 0.01 (cf 0.016) rel = 1 (cf 0) restarts = 1 iters= 5
GFTIME:   time = 8.363795e-02 (Symanzik1) mflops = 4.214847e+03
FFTIME:  time = 2.866690e-01 (asqtad3) terms = 2 mflops = 3.487863e+03
CONGRAD5: time = 5.429983e-03 (fn F) masses = 1 iters = 5 mflops = 2.518284e+03
 OK converged final_rsq= 0.011 (cf 0.016) rel = 1 (cf 0) restarts = 1 iters= 5
CONGRAD5: time = 5.299091e-03 (fn F) masses = 1 iters = 5 mflops = 2.580488e+03
 OK converged final_rsq= 0.01 (cf 0.016) rel = 1 (cf 0) restarts = 1 iters= 5
GFTIME:   time = 8.344197e-02 (Symanzik1) mflops = 4.224747e+03
FFTIME:  time = 2.940750e-01 (asqtad3) terms = 2 mflops = 3.400025e+03
CONGRAD5: time = 5.618095e-03 (fn F) masses = 1 iters = 5 mflops = 2.433964e+03
 OK converged final_rsq= 0.0099 (cf 0.016) rel = 1 (cf 0) restarts = 1 iters= 5
CONGRAD5: time = 5.529165e-03 (fn F) masses = 1 iters = 5 mflops = 2.473111e+03
 OK converged final_rsq= 0.0095 (cf 0.016) rel = 1 (cf 0) restarts = 1 iters= 5
GFTIME:   time = 8.520603e-02 (Symanzik1) mflops = 4.137280e+03
FFTIME:  time = 2.948740e-01 (asqtad3) terms = 2 mflops = 3.390812e+03
PLAQ:	1.791285	1.791269
P_LOOP:	-6.432482e-03	-5.703914e-03
G_LOOP:  0  0  4   	1.790148e+00	( 0 1 7 6  )
G_LOOP:  0  1  4   	1.791518e+00	( 0 2 7 5  )
G_LOOP:  0  2  4   	1.792043e+00	( 0 3 7 4  )
G_LOOP:  0  3  4   	1.792188e+00	( 1 2 6 5  )
G_LOOP:  0  4  4   	1.790762e+00	( 1 3 6 4  )
G_LOOP:  0  5  4   	1.791001e+00	( 2 3 5 4  )
G_LOOP:  1  0  6   	1.019748e+00	( 0 0 1 7 7 6  )
G_LOOP:  1  1  6   	1.025132e+00	( 0 0 2 7 7 5  )
G_LOOP:  1  2  6   	1.023343e+00	( 0 0 3 7 7 4  )
G_LOOP:  1  3  6   	1.020574e+00	( 1 1 0 6 6 7  )
G_LOOP:  1  4  6   	1.021528e+00	( 1 1 2 6 6 5  )
G_LOOP:  1  5  6   	1.025131e+00	( 1 1 3 6 6 4  )
G_LOOP:  1  6  6   	1.026650e+00	( 2 2 0 5 5 7  )
G_LOOP:  1  7  6   	1.018998e+00	( 2 2 1 5 5 6  )
G_LOOP:  1  8  6   	1.019490e+00	( 2 2 3 5 5 4  )
G_LOOP:  1  9  6   	1.025211e+00	( 3 3 0 4 4 7  )
G_LOOP:  1  10  6   	1.026625e+00	( 3 3 1 4 4 6  )
G_LOOP:  1  11  6   	1.022026e+00	( 3 3 2 4 4 5  )
G_LOOP:  2  0  6   	1.057034e+00	( 0 1 2 7 6 5  )
G_LOOP:  2  1  6   	1.059629e+00	( 0 1 5 7 6 2  )
G_LOOP:  2  2  6   	1.056571e+00	( 0 6 2 7 1 5  )
G_LOOP:  2  3  6   	1.053607e+00	( 0 6 5 7 1 2  )
G_LOOP:  2  4  6   	1.063099e+00	( 0 1 3 7 6 4  )
G_LOOP:  2  5  6   	1.054479e+00	( 0 1 4 7 6 3  )
G_LOOP:  2  6  6   	1.050944e+00	( 0 6 3 7 1 4  )
G_LOOP:  2  7  6   	1.056895e+00	( 0 6 4 7 1 3  )
G_LOOP:  2  8  6   	1.054540e+00	( 0 2 3 7 5 4  )
G_LOOP:  2  9  6   	1.059955e+00	( 0 2 4 7 5 3  )
G_LOOP:  2  10  6   	1.063218e+00	( 0 5 3 7 2 4  )
G_LOOP:  2  11  6   	1.057845e+00	( 0 5 4 7 2 3  )
G_LOOP:  2  12  6   	1.060030e+00	( 1 2 3 6 5 4  )
G_LOOP:  2  13  6   	1.055929e+00	( 1 2 4 6 5 3  )
G_LOOP:  2  14  6   	1.056636e+00	( 1 5 3 6 2 4  )
G_LOOP:  2  15  6   	1.057973e+00	( 1 5 4 6 2 3  )
GACTION: 5.090137e+00
CONGRAD5: time = 5.571842e-03 (fn F) masses = 1 iters = 5 mflops = 2.454169e+03
 OK converged final_rsq= 0.0085 (cf 0.016) rel = 1 (cf 0) restarts = 1 iters= 5
CONGRAD5: time = 6.263018e-03 (fn F) masses = 1 iters = 6 mflops = 2.619997e+03
 OK converged final_rsq= 0.015 (cf 0.016) rel = 1 (cf 0) restarts = 1 iters= 6
PBP: mass 1.250000e-01     1.097814e-01  3.050916e-01  6.159745e-04  1.073530e-03 ( 1 of 1 )
FACTION: mass = 1.250000e-01,  1.454408e+00 ( 1 of 1 )
CONGRAD5: time = 5.474806e-03 (fn F) masses = 1 iters = 5 mflops = 2.497667e+03
 OK converged final_rsq= 0.0085 (cf 0.016) rel = 1 (cf 0) restarts = 1 iters= 5
CONGRAD5: time = 6.147146e-03 (fn F) masses = 1 iters = 6 mflops = 2.669383e+03
 OK converged final_rsq= 0.015 (cf 0.016) rel = 1 (cf 0) restarts = 1 iters= 6
PBP: mass 1.250000e-01     1.050922e-01  3.076434e-01  3.700241e-03  3.379920e-03 ( 1 of 1 )
FACTION: mass = 1.250000e-01,  1.453909e+00 ( 1 of 1 )
CONGRAD5: time = 5.661964e-03 (fn F) masses = 1 iters = 5 mflops = 2.415105e+03
 OK converged final_rsq= 0.01 (cf 0.016) rel = 1 (cf 0) restarts = 1 iters= 5
CONGRAD5: time = 5.508900e-03 (fn F) masses = 1 iters = 5 mflops = 2.482209e+03
 OK converged final_rsq= 0.0097 (cf 0.016) rel = 1 (cf 0) restarts = 1 iters= 5
GFTIME:   time = 8.580303e-02 (Symanzik1) mflops = 4.108494e+03
FFTIME:  time = 2.950511e-01 (asqtad3) terms = 2 mflops = 3.388777e+03
CONGRAD5: time = 5.620003e-03 (fn F) masses = 1 iters = 5 mflops = 2.433138e+03
 OK converged final_rsq= 0.012 (cf 0.016) rel = 1 (cf 0) restarts = 1 iters= 5
CONGRAD5: time = 5.494118e-03 (fn F) masses = 1 iters = 5 mflops = 2.488887e+03
 OK converged final_rsq= 0.011 (cf 0.016) rel = 1 (cf 0) restarts = 1 iters= 5
GFTIME:   time = 8.513498e-02 (Symanzik1) mflops = 4.140733e+03
FFTIME:  time = 2.950890e-01 (asqtad3) terms = 2 mflops = 3.388341e+03
CONGRAD5: time = 5.652905e-03 (fn F) masses = 1 iters = 5 mflops = 2.418976e+03
 OK converged final_rsq= 0.012 (cf 0.016) rel = 1 (cf 0) restarts = 1 iters= 5
CONGRAD5: time = 5.453110e-03 (fn F) masses = 1 iters = 5 mflops = 2.507604e+03
 OK converged final_rsq= 0.012 (cf 0.016) rel = 1 (cf 0) restarts = 1 iters= 5
GFTIME:   time = 8.551788e-02 (Symanzik1) mflops = 4.122193e+03
FFTIME:  time = 2.935989e-01 (asqtad3) terms = 2 mflops = 3.405538e+03
CONGRAD5: time = 5.689144e-03 (fn F) masses = 1 iters = 5 mflops = 2.403567e+03
 OK converged final_rsq= 0.012 (cf 0.016) rel = 1 (cf 0) restarts = 1 iters= 5
CONGRAD5: time = 5.513906e-03 (fn F) masses = 1 iters = 5 mflops = 2.479955e+03
 OK converged final_rsq= 0.012 (cf 0.016) rel = 1 (cf 0) restarts = 1 iters= 5
GFTIME:   time = 8.573699e-02 (Symanzik1) mflops = 4.111658e+03
FFTIME:  time = 2.965000e-01 (asqtad3) terms = 2 mflops = 3.372217e+03
CONGRAD5: time = 5.627871e-03 (fn F) masses = 1 iters = 5 mflops = 2.429736e+03
 OK converged final_rsq= 0.012 (cf 0.016) rel = 1 (cf 0) restarts = 1 iters= 5
CONGRAD5: time = 5.531073e-03 (fn F) masses = 1 iters = 5 mflops = 2.472258e+03
 OK converged final_rsq= 0.011 (cf 0.016) rel = 1 (cf 0) restarts = 1 iters= 5
GFTIME:   time = 8.557701e-02 (Symanzik1) mflops = 4.119345e+03
FFTIME:  time = 2.945299e-01 (asqtad3) terms = 2 mflops = 3.394773e+03
PLAQ:	1.644329	1.645266
P_LOOP:	-6.709792e-03	2.457538e-02
G_LOOP:  0  0  4   	1.645259e+00	( 0 1 7 6  )
G_LOOP:  0  1  4   	1.644887e+00	( 0 2 7 5  )
G_LOOP:  0  2  4   	1.648300e+00	( 0 3 7 4  )
G_LOOP:  0  3  4   	1.642841e+00	( 1 2 6 5  )
G_LOOP:  0  4  4   	1.643302e+00	( 1 3 6 4  )
G_LOOP:  0  5  4   	1.644196e+00	( 2 3 5 4  )
G_LOOP:  1  0  6   	8.570332e-01	( 0 0 1 7 7 6  )
G_LOOP:  1  1  6   	8.564349e-01	( 0 0 2 7 7 5  )
G_LOOP:  1  2  6   	8.575904e-01	( 0 0 3 7 7 4  )
G_LOOP:  1  3  6   	8.546200e-01	( 1 1 0 6 6 7  )
G_LOOP:  1  4  6   	8.518105e-01	( 1 1 2 6 6 5  )
G_LOOP:  1  5  6   	8.528352e-01	( 1 1 3 6 6 4  )
G_LOOP:  1  6  6   	8.522190e-01	( 2 2 0 5 5 7  )
G_LOOP:  1  7  6   	8.538568e-01	( 2 2 1 5 5 6  )
G_LOOP:  1  8  6   	8.539536e-01	( 2 2 3 5 5 4  )
G_LOOP:  1  9  6   	8.538749e-01	( 3 3 0 4 4 7  )
G_LOOP:  1  10  6   	8.509052e-01	( 3 3 1 4 4 6  )
G_LOOP:  1  11  6   	8.542319e-01	( 3 3 2 4 4 5  )
G_LOOP:  2  0  6   	8.757616e-01	( 0 1 2 7 6 5  )
G_LOOP:  2  1  6   	8.783519e-01	( 0 1 5 7 6 2  )
G_LOOP:  2  2  6   	8.732871e-01	( 0 6 2 7 1 5  )
G_LOOP:  2  3  6   	8.757185e-01	( 0 6 5 7 1 2  )
G_LOOP:  2  4  6   	8.808826e-01	( 0 1 3 7 6 4  )
G_LOOP:  2  5  6   	8.805856e-01	( 0 1 4 7 6 3  )
G_LOOP:  2  6  6   	8.736942e-01	( 0 6 3 7 1 4  )
G_LOOP:  2  7  6   	8.766187e-01	( 0 6 4 7 1 3  )
G_LOOP:  2  8  6   	8.765765e-01	( 0 2 3 7 5 4  )
G_LOOP:  2  9  6   	8.804759e-01	( 0 2 4 7 5 3  )
G_LOOP:  2  10  6   	8.758448e-01	( 0 5 3 7 2 4  )
G_LOOP:  2  11  6   	8.745625e-01	( 0 5 4 7 2 3  )
G_LOOP:  2  12  6   	8.722904e-01	( 1 2 3 6 5 4  )
G_LOOP:  2  13  6   	8.801306e-01	( 1 2 4 6 5 3  )
G_LOOP:  2  14  6   	8.763059e-01	( 1 5 3 6 2 4  )
G_LOOP:  2  15  6   	8.742140e-01	( 1 5 4 6 2 3  )
GACTION: 5.781983e+00
CONGRAD5: time = 5.648136e-03 (fn F) masses = 1 iters = 5 mflops = 2.421018e+03
 OK converged final_rsq= 0.01 (cf 0.016) rel = 1 (cf 0) restarts = 1 iters= 5
CONGRAD5: time = 6.829977e-03 (fn F) masses = 1 iters = 7 mflops = 2.802928e+03
 OK converged final_rsq= 0.0082 (cf 0.016) rel = 1 (cf 0) restarts = 1 iters= 7
PBP: mass 1.250000e-01     1.244008e-01  3.278295e-01  1.524636e-03  4.785546e-05 ( 1 of 1 )
FACTION: mass = 1.250000e-01,  1.429116e+00 ( 1 of 1 )
CONGRAD5: time = 5.426884e-03 (fn F) masses = 1 iters = 5 mflops = 2.519722e+03
 OK converged final_rsq= 0.01 (cf 0.016) rel = 1 (cf 0) restarts = 1 iters= 5
CONGRAD5: time = 6.794930e-03 (fn F) masses = 1 iters = 7 mflops = 2.817386e+03
 OK converged final_rsq= 0.0083 (cf 0.016) rel = 1 (cf 0) restarts = 1 iters= 7
PBP: mass 1.250000e-01     1.240261e-01  3.300110e-01  -6.302996e-04  -4.874612e-04 ( 1 of 1 )
FACTION: mass = 1.250000e-01,  1.440693e+00 ( 1 of 1 )
RUNNING COMPLETED
average cg iters for step= 1.100000e+01
Time = 1.130738e+01 seconds
total_iters = 552
Checksums eb39cb37 375da3b2
Saved gauge configuration in parallel to binary file lat_p64_size64_1
Time stamp Thu May 19 13:19:24 2022
Wrote info file lat_p64_size64_1.info
Time to save = 3.072190e-02
CHECK PLAQ: 1.644329e+00 1.645266e+00
CHECK NERSC LINKTR: 1.712149e-01 CKSUM: b2397a8b


warms 0
trajecs 4
traj_between_meas 1
beta 5.6
mass1 0.01
mass2 0.01
u0 0.8441
microcanonical_time_step 0.02
steps_per_trajectory 15
max_cg_iterations 300
max_cg_restarts 5
error_per_site 1e-05
error_for_propagator 1e-05
npbp_reps 1
prec_pbp 1
reload_parallel lat_p64_size64_1
save_parallel lat_p64_size64_2
Restored binary gauge configuration in parallel from file lat_p64_size64_1
Time stamp Thu May 19 13:19:24 2022
Checksums eb39cb37 375da3b2 OK
Time to reload gauge configuration = 1.836801e-02
CHECK PLAQ: 1.644329e+00 1.645266e+00
CHECK NERSC LINKTR: 1.712149e-01 CKSUM: b2397a8b
Unitarity checked.  Max deviation 2.98e-07
Time to check unitarity = 3.559589e-04
"O(a^2): couplings(pi)=0, Naik term, No O(a^2) errors, tadpole weights"
path coefficients: npath  path_coeff  multiplicity
                    0      6.250000e-01     8
                    1      -5.847914e-02     8
                    2      -8.771871e-02     48
                    3      3.077829e-02     192
                    4      -7.199551e-03     384
                    5      -1.231132e-01     48
Symanzik 1x1 + 1x2 + 1x1x1 action
gauge_action: total_dyn_flavors = 3
loop coefficients: nloop rep loop_coeff  multiplicity
                    0 0      1.000000e+00     6
                    1 0      -7.762509e-02     12
                    2 0      -1.031171e-02     16
WARMUPS COMPLETED
CONGRAD5: time = 4.270198e-01 (fn F) masses = 1 iters = 602 mflops = 3.855508e+03
 OK converged final_rsq= 8.7e-11 (cf 1e-10) rel = 1 (cf 0) restarts = 3 iters= 602
CONGRAD5: time = 4.260159e-01 (fn F) masses = 1 iters = 602 mflops = 3.864594e+03
 OK converged final_rsq= 5.9e-11 (cf 1e-10) rel = 1 (cf 0) restarts = 3 iters= 602
GFTIME:   time = 8.523798e-02 (Symanzik1) mflops = 4.135729e+03
FFTIME:  time = 2.979870e-01 (asqtad3) terms = 2 mflops = 3.355389e+03
CONGRAD5: time = 4.945030e-01 (fn F) masses = 1 iters = 697 mflops = 3.854757e+03
 OK converged final_rsq= 1e-10 (cf 1e-10) rel = 1 (cf 0) restarts = 3 iters= 697
CONGRAD5: time = 4.335001e-01 (fn F) masses = 1 iters = 602 mflops = 3.797874e+03
 OK converged final_rsq= 8.1e-11 (cf 1e-10) rel = 1 (cf 0) restarts = 3 iters= 602
GFTIME:   time = 8.491683e-02 (Symanzik1) mflops = 4.151370e+03
FFTIME:  time = 2.955568e-01 (asqtad3) terms = 2 mflops = 3.382979e+03
CONGRAD5: time = 4.967499e-01 (fn F) masses = 1 iters = 696 mflops = 3.831816e+03
 OK converged final_rsq= 9.8e-11 (cf 1e-10) rel = 1 (cf 0) restarts = 3 iters= 696
CONGRAD5: time = 4.261179e-01 (fn F) masses = 1 iters = 602 mflops = 3.863669e+03
 OK converged final_rsq= 4.9e-11 (cf 1e-10) rel = 1 (cf 0) restarts = 3 iters= 602
GFTIME:   time = 8.474207e-02 (Symanzik1) mflops = 4.159932e+03
FFTIME:  time = 2.956581e-01 (asqtad3) terms = 2 mflops = 3.381819e+03
CONGRAD5: time = 5.218279e-01 (fn F) masses = 1 iters = 736 mflops = 3.857302e+03
 OK converged final_rsq= 5e-11 (cf 1e-10) rel = 1 (cf 0) restarts = 4 iters= 736
CONGRAD5: time = 4.262202e-01 (fn F) masses = 1 iters = 602 mflops = 3.862742e+03
 OK converged final_rsq= 6.1e-11 (cf 1e-10) rel = 1 (cf 0) restarts = 3 iters= 602
GFTIME:   time = 8.479595e-02 (Symanzik1) mflops = 4.157288e+03
FFTIME:  time = 2.954202e-01 (asqtad3) terms = 2 mflops = 3.384543e+03
CONGRAD5: time = 5.044370e-01 (fn F) masses = 1 iters = 712 mflops = 3.860169e+03
 OK converged final_rsq= 9.9e-11 (cf 1e-10) rel = 1 (cf 0) restarts = 3 iters= 712
CONGRAD5: time = 4.266081e-01 (fn F) masses = 1 iters = 602 mflops = 3.859229e+03
 OK converged final_rsq= 4.4e-11 (cf 1e-10) rel = 1 (cf 0) restarts = 3 iters= 602
GFTIME:   time = 8.501315e-02 (Symanzik1) mflops = 4.146667e+03
FFTIME:  time = 2.977540e-01 (asqtad3) terms = 2 mflops = 3.358014e+03
CONGRAD5: time = 5.120890e-01 (fn F) masses = 1 iters = 723 mflops = 3.861233e+03
 OK converged final_rsq= 9.9e-11 (cf 1e-10) rel = 1 (cf 0) restarts = 3 iters= 723
CONGRAD5: time = 4.908390e-01 (fn F) masses = 1 iters = 694 mflops = 3.866817e+03
 OK converged final_rsq= 9.9e-11 (cf 1e-10) rel = 1 (cf 0) restarts = 3 iters= 694
GFTIME:   time = 8.920622e-02 (Symanzik1) mflops = 3.951756e+03
FFTIME:  time = 2.932808e-01 (asqtad3) terms = 2 mflops = 3.409231e+03
CONGRAD5: time = 4.976869e-01 (fn F) masses = 1 iters = 702 mflops = 3.857573e+03
 OK converged final_rsq= 9.9e-11 (cf 1e-10) rel = 1 (cf 0) restarts = 3 iters= 702
CONGRAD5: time = 4.890480e-01 (fn F) masses = 1 iters = 691 mflops = 3.864201e+03
 OK converged final_rsq= 9.9e-11 (cf 1e-10) rel = 1 (cf 0) restarts = 3 iters= 691
GFTIME:   time = 8.472204e-02 (Symanzik1) mflops = 4.160915e+03
FFTIME:  time = 2.929702e-01 (asqtad3) terms = 2 mflops = 3.412847e+03
CONGRAD5: time = 5.297210e-01 (fn F) masses = 1 iters = 747 mflops = 3.856618e+03
 OK converged final_rsq= 5e-11 (cf 1e-10) rel = 1 (cf 0) restarts = 4 iters= 747
CONGRAD5: time = 4.936631e-01 (fn F) masses = 1 iters = 698 mflops = 3.866856e+03
 OK converged final_rsq= 9.9e-11 (cf 1e-10) rel = 1 (cf 0) restarts = 3 iters= 698
GFTIME:   time = 8.579183e-02 (Symanzik1) mflops = 4.109030e+03
FFTIME:  time = 2.938011e-01 (asqtad3) terms = 2 mflops = 3.403195e+03
CONGRAD5: time = 4.336741e-01 (fn F) masses = 1 iters = 602 mflops = 3.796350e+03
 OK converged final_rsq= 6.1e-11 (cf 1e-10) rel = 1 (cf 0) restarts = 3 iters= 602
CONGRAD5: time = 4.267778e-01 (fn F) masses = 1 iters = 602 mflops = 3.857694e+03
 OK converged final_rsq= 8.1e-11 (cf 1e-10) rel = 1 (cf 0) restarts = 3 iters= 602
GFTIME:   time = 8.486485e-02 (Symanzik1) mflops = 4.153913e+03
FFTIME:  time = 2.927511e-01 (asqtad3) terms = 2 mflops = 3.415401e+03
CONGRAD5: time = 5.189509e-01 (fn F) masses = 1 iters = 733 mflops = 3.862877e+03
 OK converged final_rsq= 1e-10 (cf 1e-10) rel = 1 (cf 0) restarts = 3 iters= 733
CONGRAD5: time = 4.873581e-01 (fn F) masses = 1 iters = 687 mflops = 3.855154e+03
 OK converged final_rsq= 5e-11 (cf 1e-10) rel = 1 (cf 0) restarts = 4 iters= 687
GFTIME:   time = 8.483100e-02 (Symanzik1) mflops = 4.155571e+03
FFTIME:  time = 2.974410e-01 (asqtad3) terms = 2 mflops = 3.361548e+03
CONGRAD5: time = 4.974239e-01 (fn F) masses = 1 iters = 702 mflops = 3.859612e+03
 OK converged final_rsq= 1e-10 (cf 1e-10) rel = 1 (cf 0) restarts = 3 iters= 702
CONGRAD5: time = 5.127139e-01 (fn F) masses = 1 iters = 714 mflops = 3.808521e+03
 OK converged final_rsq= 9.9e-11 (cf 1e-10) rel = 1 (cf 0) restarts = 3 iters= 714
GFTIME:   time = 8.503008e-02 (Symanzik1) mflops = 4.145841e+03
FFTIME:  time = 2.948651e-01 (asqtad3) terms = 2 mflops = 3.390914e+03
CONGRAD5: time = 5.216880e-01 (fn F) masses = 1 iters = 736 mflops = 3.858337e+03
 OK converged final_rsq= 5e-11 (cf 1e-10) rel = 1 (cf 0) restarts = 4 iters= 736
CONGRAD5: time = 4.884031e-01 (fn F) masses = 1 iters = 691 mflops = 3.869304e+03
 OK converged final_rsq= 1e-10 (cf 1e-10) rel = 1 (cf 0) restarts = 3 iters= 691
GFTIME:   time = 8.553696e-02 (Symanzik1) mflops = 4.121274e+03
FFTIME:  time = 2.945771e-01 (asqtad3) terms = 2 mflops = 3.394229e+03
CONGRAD5: time = 4.330680e-01 (fn F) masses = 1 iters = 602 mflops = 3.801662e+03
 OK converged final_rsq= 5.9e-11 (cf 1e-10) rel = 1 (cf 0) restarts = 3 iters= 602
CONGRAD5: time = 4.998620e-01 (fn F) masses = 1 iters = 704 mflops = 3.851729e+03
 OK converged final_rsq= 9.9e-11 (cf 1e-10) rel = 1 (cf 0) restarts = 3 iters= 704
GFTIME:   time = 8.569098e-02 (Symanzik1) mflops = 4.113866e+03
FFTIME:  time = 2.952530e-01 (asqtad3) terms = 2 mflops = 3.386459e+03
CONGRAD5: time = 5.257421e-01 (fn F) masses = 1 iters = 722 mflops = 3.755759e+03
 OK converged final_rsq= 1e-10 (cf 1e-10) rel = 1 (cf 0) restarts = 3 iters= 722
CONGRAD5: time = 5.051510e-01 (fn F) masses = 1 iters = 714 mflops = 3.865540e+03
 OK converged final_rsq= 9.9e-11 (cf 1e-10) rel = 1 (cf 0) restarts = 3 iters= 714
GFTIME:   time = 8.555698e-02 (Symanzik1) mflops = 4.120309e+03
FFTIME:  time = 2.938690e-01 (asqtad3) terms = 2 mflops = 3.402408e+03
CONGRAD5: time = 5.200291e-01 (fn F) masses = 1 iters = 734 mflops = 3.860127e+03
 OK converged final_rsq= 5e-11 (cf 1e-10) rel = 1 (cf 0) restarts = 4 iters= 734
CONGRAD5: time = 5.176389e-01 (fn F) masses = 1 iters = 730 mflops = 3.856818e+03
 OK converged final_rsq= 5e-11 (cf 1e-10) rel = 1 (cf 0) restarts = 4 iters= 730
GFTIME:   time = 8.486295e-02 (Symanzik1) mflops = 4.154006e+03
FFTIME:  time = 2.941310e-01 (asqtad3) terms = 2 mflops = 3.399377e+03
PLAQ:	1.539774	1.537947
P_LOOP:	2.137525e-02	-1.868548e-03
G_LOOP:  0  0  4   	1.540746e+00	( 0 1 7 6  )
G_LOOP:  0  1  4   	1.540140e+00	( 0 2 7 5  )
G_LOOP:  0  2  4   	1.541719e+00	( 0 3 7 4  )
G_LOOP:  0  3  4   	1.538434e+00	( 1 2 6 5  )
G_LOOP:  0  4  4   	1.537550e+00	( 1 3 6 4  )
G_LOOP:  0  5  4   	1.534573e+00	( 2 3 5 4  )
G_LOOP:  1  0  6   	7.790819e-01	( 0 0 1 7 7 6  )
G_LOOP:  1  1  6   	7.799391e-01	( 0 0 2 7 7 5  )
G_LOOP:  1  2  6   	7.791043e-01	( 0 0 3 7 7 4  )
G_LOOP:  1  3  6   	7.764447e-01	( 1 1 0 6 6 7  )
G_LOOP:  1  4  6   	7.782270e-01	( 1 1 2 6 6 5  )
G_LOOP:  1  5  6   	7.747586e-01	( 1 1 3 6 6 4  )
G_LOOP:  1  6  6   	7.836418e-01	( 2 2 0 5 5 7  )
G_LOOP:  1  7  6   	7.799032e-01	( 2 2 1 5 5 6  )
G_LOOP:  1  8  6   	7.734723e-01	( 2 2 3 5 5 4  )
G_LOOP:  1  9  6   	7.777085e-01	( 3 3 0 4 4 7  )
G_LOOP:  1  10  6   	7.756252e-01	( 3 3 1 4 4 6  )
G_LOOP:  1  11  6   	7.764703e-01	( 3 3 2 4 4 5  )
G_LOOP:  2  0  6   	7.994985e-01	( 0 1 2 7 6 5  )
G_LOOP:  2  1  6   	7.979915e-01	( 0 1 5 7 6 2  )
G_LOOP:  2  2  6   	7.953705e-01	( 0 6 2 7 1 5  )
G_LOOP:  2  3  6   	8.003053e-01	( 0 6 5 7 1 2  )
G_LOOP:  2  4  6   	8.009586e-01	( 0 1 3 7 6 4  )
G_LOOP:  2  5  6   	7.984360e-01	( 0 1 4 7 6 3  )
G_LOOP:  2  6  6   	7.979490e-01	( 0 6 3 7 1 4  )
G_LOOP:  2  7  6   	7.995333e-01	( 0 6 4 7 1 3  )
G_LOOP:  2  8  6   	7.957329e-01	( 0 2 3 7 5 4  )
G_LOOP:  2  9  6   	7.977878e-01	( 0 2 4 7 5 3  )
G_LOOP:  2  10  6   	7.963617e-01	( 0 5 3 7 2 4  )
G_LOOP:  2  11  6   	7.972991e-01	( 0 5 4 7 2 3  )
G_LOOP:  2  12  6   	7.945366e-01	( 1 2 3 6 5 4  )
G_LOOP:  2  13  6   	8.011747e-01	( 1 2 4 6 5 3  )
G_LOOP:  2  14  6   	7.986753e-01	( 1 5 3 6 2 4  )
G_LOOP:  2  15  6   	7.990682e-01	( 1 5 4 6 2 3  )
GACTION: 6.333642e+00
CONGRAD5: time = 5.090151e-01 (fn F) masses = 1 iters = 710 mflops = 3.814704e+03
 OK converged final_rsq= 9.9e-11 (cf 1e-10) rel = 1 (cf 0) restarts = 3 iters= 710
CONGRAD5: time = 5.749798e-02 (fn F) masses = 1 iters = 79 mflops = 3.757575e+03
 OK converged final_rsq= 9.7e-11 (cf 1e-10) rel = 1 (cf 0) restarts = 1 iters= 79
PBP: mass 1.000000e-02     5.439549e-02  3.149370e-02  7.460282e-03  7.456457e-03 ( 1 of 1 )
FACTION: mass = 1.000000e-02,  1.500299e+00 ( 1 of 1 )
CONGRAD5: time = 4.971089e-01 (fn F) masses = 1 iters = 701 mflops = 3.856556e+03
 OK converged final_rsq= 5e-11 (cf 1e-10) rel = 1 (cf 0) restarts = 4 iters= 701
CONGRAD5: time = 5.308819e-02 (fn F) masses = 1 iters = 73 mflops = 3.760609e+03
 OK converged final_rsq= 9.9e-11 (cf 1e-10) rel = 1 (cf 0) restarts = 1 iters= 73
PBP: mass 1.000000e-02     5.045901e-02  4.403169e-02  -3.122000e-03  -3.124954e-03 ( 1 of 1 )
FACTION: mass = 1.000000e-02,  1.498603e+00 ( 1 of 1 )
CONGRAD5: time = 5.136812e-01 (fn F) masses = 1 iters = 724 mflops = 3.854589e+03
 OK converged final_rsq= 9.8e-11 (cf 1e-10) rel = 1 (cf 0) restarts = 3 iters= 724
CONGRAD5: time = 4.850709e-01 (fn F) masses = 1 iters = 685 mflops = 3.862055e+03
 OK converged final_rsq= 9.8e-11 (cf 1e-10) rel = 1 (cf 0) restarts = 3 iters= 685
GFTIME:   time = 8.476496e-02 (Symanzik1) mflops = 4.158808e+03
FFTIME:  time = 2.938600e-01 (asqtad3) terms = 2 mflops = 3.402513e+03
CONGRAD5: time = 5.289762e-01 (fn F) masses = 1 iters = 746 mflops = 3.856878e+03
 OK converged final_rsq= 5e-11 (cf 1e-10) rel = 1 (cf 0) restarts = 4 iters= 746
CONGRAD5: time = 4.271989e-01 (fn F) masses = 1 iters = 602 mflops = 3.853892e+03
 OK converged final_rsq= 7.6e-11 (cf 1e-10) rel = 1 (cf 0) restarts = 3 iters= 602
GFTIME:   time = 8.496594e-02 (Symanzik1) mflops = 4.148971e+03
FFTIME:  time = 2.951140e-01 (asqtad3) terms = 2 mflops = 3.388054e+03
CONGRAD5: time = 5.170381e-01 (fn F) masses = 1 iters = 729 mflops = 3.856010e+03
 OK converged final_rsq= 5e-11 (cf 1e-10) rel = 1 (cf 0) restarts = 4 iters= 729
CONGRAD5: time = 5.041242e-01 (fn F) masses = 1 iters = 711 mflops = 3.857139e+03
 OK converged final_rsq= 5e-11 (cf 1e-10) rel = 1 (cf 0) restarts = 4 iters= 711
GFTIME:   time = 8.479905e-02 (Symanzik1) mflops = 4.157136e+03
FFTIME:  time = 2.947609e-01 (asqtad3) terms = 2 mflops = 3.392112e+03
CONGRAD5: time = 4.966550e-01 (fn F) masses = 1 iters = 699 mflops = 3.849068e+03
 OK converged final_rsq= 5e-11 (cf 1e-10) rel = 1 (cf 0) restarts = 4 iters= 699
CONGRAD5: time = 5.093629e-01 (fn F) masses = 1 iters = 719 mflops = 3.860422e+03
 OK converged final_rsq= 1e-10 (cf 1e-10) rel = 1 (cf 0) restarts = 3 iters= 719
GFTIME:   time = 8.495593e-02 (Symanzik1) mflops = 4.149460e+03
FFTIME:  time = 2.949650e-01 (asqtad3) terms = 2 mflops = 3.389765e+03
CONGRAD5: time = 5.198429e-01 (fn F) masses = 1 iters = 731 mflops = 3.845727e+03
 OK converged final_rsq= 1e-10 (cf 1e-10) rel = 1 (cf 0) restarts = 3 iters= 731
CONGRAD5: time = 4.853730e-01 (fn F) masses = 1 iters = 683 mflops = 3.848383e+03
 OK converged final_rsq= 5e-11 (cf 1e-10) rel = 1 (cf 0) restarts = 4 iters= 683
GFTIME:   time = 8.522296e-02 (Symanzik1) mflops = 4.136458e+03
FFTIME:  time = 2.950740e-01 (asqtad3) terms = 2 mflops = 3.388514e+03
CONGRAD5: time = 5.465808e-01 (fn F) masses = 1 iters = 771 mflops = 3.857742e+03
 OK converged final_rsq= 5e-11 (cf 1e-10) rel = 1 (cf 0) restarts = 4 iters= 771
CONGRAD5: time = 5.039840e-01 (fn F) masses = 1 iters = 712 mflops = 3.863638e+03
 OK converged final_rsq= 1e-10 (cf 1e-10) rel = 1 (cf 0) restarts = 3 iters= 712
GFTIME:   time = 8.536506e-02 (Symanzik1) mflops = 4.129573e+03
FFTIME:  time = 2.972729e-01 (asqtad3) terms = 2 mflops = 3.363449e+03
CONGRAD5: time = 5.103381e-01 (fn F) masses = 1 iters = 714 mflops = 3.826251e+03
 OK converged final_rsq= 5e-11 (cf 1e-10) rel = 1 (cf 0) restarts = 4 iters= 714
CONGRAD5: time = 4.267828e-01 (fn F) masses = 1 iters = 602 mflops = 3.857649e+03
 OK converged final_rsq= 7.4e-11 (cf 1e-10) rel = 1 (cf 0) restarts = 3 iters= 602
GFTIME:   time = 8.532715e-02 (Symanzik1) mflops = 4.131407e+03
FFTIME:  time = 2.938919e-01 (asqtad3) terms = 2 mflops = 3.402143e+03
CONGRAD5: time = 5.211000e-01 (fn F) masses = 1 iters = 735 mflops = 3.857442e+03
 OK converged final_rsq= 9.8e-11 (cf 1e-10) rel = 1 (cf 0) restarts = 3 iters= 735
CONGRAD5: time = 5.010860e-01 (fn F) masses = 1 iters = 706 mflops = 3.853236e+03
 OK converged final_rsq= 5e-11 (cf 1e-10) rel = 1 (cf 0) restarts = 4 iters= 706
GFTIME:   time = 8.533597e-02 (Symanzik1) mflops = 4.130980e+03
FFTIME:  time = 2.949870e-01 (asqtad3) terms = 2 mflops = 3.389513e+03
CONGRAD5: time = 5.117090e-01 (fn F) masses = 1 iters = 721 mflops = 3.853412e+03
 OK converged final_rsq= 5e-11 (cf 1e-10) rel = 1 (cf 0) restarts = 4 iters= 721
CONGRAD5: time = 5.291419e-01 (fn F) masses = 1 iters = 747 mflops = 3.860839e+03
 OK converged final_rsq= 5e-11 (cf 1e-10) rel = 1 (cf 0) restarts = 4 iters= 747
GFTIME:   time = 8.569598e-02 (Symanzik1) mflops = 4.113626e+03
FFTIME:  time = 2.954009e-01 (asqtad3) terms = 2 mflops = 3.384764e+03
CONGRAD5: time = 5.248511e-01 (fn F) masses = 1 iters = 739 mflops = 3.850716e+03
 OK converged final_rsq= 5e-11 (cf 1e-10) rel = 1 (cf 0) restarts = 4 iters= 739
CONGRAD5: time = 4.870889e-01 (fn F) masses = 1 iters = 688 mflops = 3.862899e+03
 OK converged final_rsq= 9.9e-11 (cf 1e-10) rel = 1 (cf 0) restarts = 3 iters= 688
GFTIME:   time = 8.491588e-02 (Symanzik1) mflops = 4.151417e+03
FFTIME:  time = 2.953269e-01 (asqtad3) terms = 2 mflops = 3.385611e+03
CONGRAD5: time = 5.281391e-01 (fn F) masses = 1 iters = 745 mflops = 3.857813e+03
 OK converged final_rsq= 5e-11 (cf 1e-10) rel = 1 (cf 0) restarts = 4 iters= 745
CONGRAD5: time = 5.067780e-01 (fn F) masses = 1 iters = 716 mflops = 3.863923e+03
 OK converged final_rsq= 1e-10 (cf 1e-10) rel = 1 (cf 0) restarts = 3 iters= 716
GFTIME:   time = 8.510303e-02 (Symanzik1) mflops = 4.142287e+03
FFTIME:  time = 2.961681e-01 (asqtad3) terms = 2 mflops = 3.375996e+03
CONGRAD5: time = 5.481510e-01 (fn F) masses = 1 iters = 772 mflops = 3.851681e+03
 OK converged final_rsq= 5e-11 (cf 1e-10) rel = 1 (cf 0) restarts = 4 iters= 772
CONGRAD5: time = 5.196061e-01 (fn F) masses = 1 iters = 733 mflops = 3.858006e+03
 OK converged final_rsq= 5e-11 (cf 1e-10) rel = 1 (cf 0) restarts = 4 iters= 733
GFTIME:   time = 8.538294e-02 (Symanzik1) mflops = 4.128708e+03
FFTIME:  time = 2.952371e-01 (asqtad3) terms = 2 mflops = 3.386642e+03
CONGRAD5: time = 5.131519e-01 (fn F) masses = 1 iters = 721 mflops = 3.842577e+03
 OK converged final_rsq= 5e-11 (cf 1e-10) rel = 1 (cf 0) restarts = 4 iters= 721
CONGRAD5: time = 5.210311e-01 (fn F) masses = 1 iters = 724 mflops = 3.800214e+03
 OK converged final_rsq= 5e-11 (cf 1e-10) rel = 1 (cf 0) restarts = 4 iters= 724
GFTIME:   time = 8.509994e-02 (Symanzik1) mflops = 4.142438e+03
FFTIME:  time = 2.956381e-01 (asqtad3) terms = 2 mflops = 3.382048e+03
CONGRAD5: time = 5.523500e-01 (fn F) masses = 1 iters = 759 mflops = 3.758033e+03
 OK converged final_rsq= 5e-11 (cf 1e-10) rel = 1 (cf 0) restarts = 4 iters= 759
CONGRAD5: time = 5.136299e-01 (fn F) masses = 1 iters = 727 mflops = 3.870948e+03
 OK converged final_rsq= 1e-10 (cf 1e-10) rel = 1 (cf 0) restarts = 3 iters= 727
GFTIME:   time = 8.536601e-02 (Symanzik1) mflops = 4.129527e+03
FFTIME:  time = 2.951901e-01 (asqtad3) terms = 2 mflops = 3.387181e+03
CONGRAD5: time = 5.410149e-01 (fn F) masses = 1 iters = 754 mflops = 3.811495e+03
 OK converged final_rsq= 4.9e-11 (cf 1e-10) rel = 1 (cf 0) restarts = 4 iters= 754
CONGRAD5: time = 4.268341e-01 (fn F) masses = 1 iters = 602 mflops = 3.857186e+03
 OK converged final_rsq= 9.2e-11 (cf 1e-10) rel = 1 (cf 0) restarts = 3 iters= 602
GFTIME:   time = 8.556509e-02 (Symanzik1) mflops = 4.119919e+03
FFTIME:  time = 2.951298e-01 (asqtad3) terms = 2 mflops = 3.387873e+03
PLAQ:	1.497626	1.498130
P_LOOP:	1.991909e-02	-1.379642e-02
G_LOOP:  0  0  4   	1.497047e+00	( 0 1 7 6  )
G_LOOP:  0  1  4   	1.498616e+00	( 0 2 7 5  )
G_LOOP:  0  2  4   	1.498145e+00	( 0 3 7 4  )
G_LOOP:  0  3  4   	1.497214e+00	( 1 2 6 5  )
G_LOOP:  0  4  4   	1.496954e+00	( 1 3 6 4  )
G_LOOP:  0  5  4   	1.499291e+00	( 2 3 5 4  )
G_LOOP:  1  0  6   	7.398073e-01	( 0 0 1 7 7 6  )
G_LOOP:  1  1  6   	7.422374e-01	( 0 0 2 7 7 5  )
G_LOOP:  1  2  6   	7.394495e-01	( 0 0 3 7 7 4  )
G_LOOP:  1  3  6   	7.382840e-01	( 1 1 0 6 6 7  )
G_LOOP:  1  4  6   	7.365532e-01	( 1 1 2 6 6 5  )
G_LOOP:  1  5  6   	7.371902e-01	( 1 1 3 6 6 4  )
G_LOOP:  1  6  6   	7.456752e-01	( 2 2 0 5 5 7  )
G_LOOP:  1  7  6   	7.428936e-01	( 2 2 1 5 5 6  )
G_LOOP:  1  8  6   	7.390187e-01	( 2 2 3 5 5 4  )
G_LOOP:  1  9  6   	7.398111e-01	( 3 3 0 4 4 7  )
G_LOOP:  1  10  6   	7.389642e-01	( 3 3 1 4 4 6  )
G_LOOP:  1  11  6   	7.400356e-01	( 3 3 2 4 4 5  )
G_LOOP:  2  0  6   	7.607733e-01	( 0 1 2 7 6 5  )
G_LOOP:  2  1  6   	7.581736e-01	( 0 1 5 7 6 2  )
G_LOOP:  2  2  6   	7.537819e-01	( 0 6 2 7 1 5  )
G_LOOP:  2  3  6   	7.623529e-01	( 0 6 5 7 1 2  )
G_LOOP:  2  4  6   	7.597389e-01	( 0 1 3 7 6 4  )
G_LOOP:  2  5  6   	7.537096e-01	( 0 1 4 7 6 3  )
G_LOOP:  2  6  6   	7.572606e-01	( 0 6 3 7 1 4  )
G_LOOP:  2  7  6   	7.594713e-01	( 0 6 4 7 1 3  )
G_LOOP:  2  8  6   	7.558015e-01	( 0 2 3 7 5 4  )
G_LOOP:  2  9  6   	7.618569e-01	( 0 2 4 7 5 3  )
G_LOOP:  2  10  6   	7.589309e-01	( 0 5 3 7 2 4  )
G_LOOP:  2  11  6   	7.602545e-01	( 0 5 4 7 2 3  )
G_LOOP:  2  12  6   	7.595571e-01	( 1 2 3 6 5 4  )
G_LOOP:  2  13  6   	7.632494e-01	( 1 2 4 6 5 3  )
G_LOOP:  2  14  6   	7.579410e-01	( 1 5 3 6 2 4  )
G_LOOP:  2  15  6   	7.601606e-01	( 1 5 4 6 2 3  )
GACTION: 6.537787e+00
CONGRAD5: time = 4.263401e-01 (fn F) masses = 1 iters = 602 mflops = 3.861655e+03
 OK converged final_rsq= 1e-10 (cf 1e-10) rel = 1 (cf 0) restarts = 3 iters= 602
CONGRAD5: time = 9.576488e-02 (fn F) masses = 1 iters = 133 mflops = 3.798207e+03
 OK converged final_rsq= 5e-11 (cf 1e-10) rel = 1 (cf 0) restarts = 2 iters= 133
PBP: mass 1.000000e-02     4.180596e-02  5.650046e-02  6.282065e-03  6.257703e-03 ( 1 of 1 )
FACTION: mass = 1.000000e-02,  1.499623e+00 ( 1 of 1 )
CONGRAD5: time = 5.017359e-01 (fn F) masses = 1 iters = 709 mflops = 3.864597e+03
 OK converged final_rsq= 5e-11 (cf 1e-10) rel = 1 (cf 0) restarts = 4 iters= 709
CONGRAD5: time = 5.462503e-02 (fn F) masses = 1 iters = 75 mflops = 3.754938e+03
 OK converged final_rsq= 1e-10 (cf 1e-10) rel = 1 (cf 0) restarts = 1 iters= 75
PBP: mass 1.000000e-02     4.935784e-02  4.621076e-02  -8.936203e-03  -8.936002e-03 ( 1 of 1 )
FACTION: mass = 1.000000e-02,  1.495237e+00 ( 1 of 1 )
CONGRAD5: time = 5.372939e-01 (fn F) masses = 1 iters = 758 mflops = 3.858251e+03
 OK converged final_rsq= 5e-11 (cf 1e-10) rel = 1 (cf 0) restarts = 4 iters= 758
CONGRAD5: time = 5.199480e-01 (fn F) masses = 1 iters = 735 mflops = 3.865989e+03
 OK converged final_rsq= 1e-10 (cf 1e-10) rel = 1 (cf 0) restarts = 3 iters= 735
GFTIME:   time = 8.499813e-02 (Symanzik1) mflops = 4.147400e+03
FFTIME:  time = 2.943850e-01 (asqtad3) terms = 2 mflops = 3.396445e+03
CONGRAD5: time = 5.391810e-01 (fn F) masses = 1 iters = 759 mflops = 3.849820e+03
 OK converged final_rsq= 9.9e-11 (cf 1e-10) rel = 1 (cf 0) restarts = 3 iters= 759
CONGRAD5: time = 4.915481e-01 (fn F) masses = 1 iters = 693 mflops = 3.855675e+03
 OK converged final_rsq= 9.9e-11 (cf 1e-10) rel = 1 (cf 0) restarts = 3 iters= 693
GFTIME:   time = 8.508396e-02 (Symanzik1) mflops = 4.143216e+03
FFTIME:  time = 2.960081e-01 (asqtad3) terms = 2 mflops = 3.377821e+03
CONGRAD5: time = 5.511529e-01 (fn F) masses = 1 iters = 777 mflops = 3.855512e+03
 OK converged final_rsq= 1e-10 (cf 1e-10) rel = 1 (cf 0) restarts = 3 iters= 777
CONGRAD5: time = 5.070870e-01 (fn F) masses = 1 iters = 715 mflops = 3.856175e+03
 OK converged final_rsq= 1e-10 (cf 1e-10) rel = 1 (cf 0) restarts = 3 iters= 715
GFTIME:   time = 8.488798e-02 (Symanzik1) mflops = 4.152781e+03
FFTIME:  time = 2.943511e-01 (asqtad3) terms = 2 mflops = 3.396836e+03
CONGRAD5: time = 5.398660e-01 (fn F) masses = 1 iters = 755 mflops = 3.824672e+03
 OK converged final_rsq= 4.9e-11 (cf 1e-10) rel = 1 (cf 0) restarts = 4 iters= 755
CONGRAD5: time = 5.026991e-01 (fn F) masses = 1 iters = 709 mflops = 3.857192e+03
 OK converged final_rsq= 9.9e-11 (cf 1e-10) rel = 1 (cf 0) restarts = 3 iters= 709
GFTIME:   time = 8.480000e-02 (Symanzik1) mflops = 4.157090e+03
FFTIME:  time = 2.927868e-01 (asqtad3) terms = 2 mflops = 3.414984e+03
CONGRAD5: time = 5.491080e-01 (fn F) masses = 1 iters = 769 mflops = 3.830026e+03
 OK converged final_rsq= 5e-11 (cf 1e-10) rel = 1 (cf 0) restarts = 4 iters= 769
CONGRAD5: time = 5.211768e-01 (fn F) masses = 1 iters = 737 mflops = 3.867369e+03
 OK converged final_rsq= 1e-10 (cf 1e-10) rel = 1 (cf 0) restarts = 3 iters= 737
GFTIME:   time = 8.494616e-02 (Symanzik1) mflops = 4.149937e+03
FFTIME:  time = 2.967992e-01 (asqtad3) terms = 2 mflops = 3.368817e+03
CONGRAD5: time = 5.299680e-01 (fn F) masses = 1 iters = 749 mflops = 3.865141e+03
 OK converged final_rsq= 1e-10 (cf 1e-10) rel = 1 (cf 0) restarts = 3 iters= 749
CONGRAD5: time = 5.333071e-01 (fn F) masses = 1 iters = 752 mflops = 3.856326e+03
 OK converged final_rsq= 5e-11 (cf 1e-10) rel = 1 (cf 0) restarts = 4 iters= 752
GFTIME:   time = 8.511901e-02 (Symanzik1) mflops = 4.141510e+03
FFTIME:  time = 2.933280e-01 (asqtad3) terms = 2 mflops = 3.408683e+03
CONGRAD5: time = 5.408320e-01 (fn F) masses = 1 iters = 761 mflops = 3.848181e+03
 OK converged final_rsq= 5e-11 (cf 1e-10) rel = 1 (cf 0) restarts = 4 iters= 761
CONGRAD5: time = 5.168338e-01 (fn F) masses = 1 iters = 731 mflops = 3.868118e+03
 OK converged final_rsq= 1e-10 (cf 1e-10) rel = 1 (cf 0) restarts = 3 iters= 731
GFTIME:   time = 8.541608e-02 (Symanzik1) mflops = 4.127106e+03
FFTIME:  time = 2.934661e-01 (asqtad3) terms = 2 mflops = 3.407079e+03
CONGRAD5: time = 5.316489e-01 (fn F) masses = 1 iters = 750 mflops = 3.858065e+03
 OK converged final_rsq= 4.9e-11 (cf 1e-10) rel = 1 (cf 0) restarts = 4 iters= 750
CONGRAD5: time = 5.205021e-01 (fn F) masses = 1 iters = 735 mflops = 3.861874e+03
 OK converged final_rsq= 5e-11 (cf 1e-10) rel = 1 (cf 0) restarts = 4 iters= 735
GFTIME:   time = 8.514214e-02 (Symanzik1) mflops = 4.140385e+03
FFTIME:  time = 2.948461e-01 (asqtad3) terms = 2 mflops = 3.391133e+03
CONGRAD5: time = 5.539680e-01 (fn F) masses = 1 iters = 782 mflops = 3.860604e+03
 OK converged final_rsq= 4.9e-11 (cf 1e-10) rel = 1 (cf 0) restarts = 4 iters= 782
CONGRAD5: time = 5.440910e-01 (fn F) masses = 1 iters = 767 mflops = 3.855290e+03
 OK converged final_rsq= 5e-11 (cf 1e-10) rel = 1 (cf 0) restarts = 4 iters= 767
GFTIME:   time = 8.526993e-02 (Symanzik1) mflops = 4.134180e+03
FFTIME:  time = 2.967551e-01 (asqtad3) terms = 2 mflops = 3.369318e+03
CONGRAD5: time = 5.451570e-01 (fn F) masses = 1 iters = 762 mflops = 3.822668e+03
 OK converged final_rsq= 5e-11 (cf 1e-10) rel = 1 (cf 0) restarts = 4 iters= 762
CONGRAD5: time = 5.169082e-01 (fn F) masses = 1 iters = 725 mflops = 3.835816e+03
 OK converged final_rsq= 9.9e-11 (cf 1e-10) rel = 1 (cf 0) restarts = 3 iters= 725
GFTIME:   time = 8.468890e-02 (Symanzik1) mflops = 4.162543e+03
FFTIME:  time = 2.942991e-01 (asqtad3) terms = 2 mflops = 3.397435e+03
CONGRAD5: time = 5.355060e-01 (fn F) masses = 1 iters = 756 mflops = 3.860919e+03
 OK converged final_rsq= 5e-11 (cf 1e-10) rel = 1 (cf 0) restarts = 4 iters= 756
CONGRAD5: time = 5.420179e-01 (fn F) masses = 1 iters = 766 mflops = 3.864989e+03
 OK converged final_rsq= 5e-11 (cf 1e-10) rel = 1 (cf 0) restarts = 4 iters= 766
GFTIME:   time = 8.542705e-02 (Symanzik1) mflops = 4.126576e+03
FFTIME:  time = 2.959149e-01 (asqtad3) terms = 2 mflops = 3.378885e+03
CONGRAD5: time = 5.373259e-01 (fn F) masses = 1 iters = 757 mflops = 3.852932e+03
 OK converged final_rsq= 5e-11 (cf 1e-10) rel = 1 (cf 0) restarts = 4 iters= 757
CONGRAD5: time = 5.059090e-01 (fn F) masses = 1 iters = 715 mflops = 3.865155e+03
 OK converged final_rsq= 5e-11 (cf 1e-10) rel = 1 (cf 0) restarts = 4 iters= 715
GFTIME:   time = 8.502889e-02 (Symanzik1) mflops = 4.145899e+03
FFTIME:  time = 2.938199e-01 (asqtad3) terms = 2 mflops = 3.402977e+03
CONGRAD5: time = 5.486970e-01 (fn F) masses = 1 iters = 774 mflops = 3.857817e+03
 OK converged final_rsq= 5e-11 (cf 1e-10) rel = 1 (cf 0) restarts = 4 iters= 774
CONGRAD5: time = 5.086489e-01 (fn F) masses = 1 iters = 719 mflops = 3.865841e+03
 OK converged final_rsq= 1e-10 (cf 1e-10) rel = 1 (cf 0) restarts = 3 iters= 719
GFTIME:   time = 8.515501e-02 (Symanzik1) mflops = 4.139759e+03
FFTIME:  time = 2.946072e-01 (asqtad3) terms = 2 mflops = 3.393883e+03
CONGRAD5: time = 5.546598e-01 (fn F) masses = 1 iters = 783 mflops = 3.860719e+03
 OK converged final_rsq= 5e-11 (cf 1e-10) rel = 1 (cf 0) restarts = 4 iters= 783
CONGRAD5: time = 5.231431e-01 (fn F) masses = 1 iters = 738 mflops = 3.858061e+03
 OK converged final_rsq= 5e-11 (cf 1e-10) rel = 1 (cf 0) restarts = 4 iters= 738
GFTIME:   time = 8.499002e-02 (Symanzik1) mflops = 4.147795e+03
FFTIME:  time = 2.948689e-01 (asqtad3) terms = 2 mflops = 3.390870e+03
CONGRAD5: time = 5.578232e-01 (fn F) masses = 1 iters = 781 mflops = 3.829020e+03
 OK converged final_rsq= 5e-11 (cf 1e-10) rel = 1 (cf 0) restarts = 4 iters= 781
CONGRAD5: time = 5.209160e-01 (fn F) masses = 1 iters = 737 mflops = 3.869305e+03
 OK converged final_rsq= 1e-10 (cf 1e-10) rel = 1 (cf 0) restarts = 3 iters= 737
GFTIME:   time = 8.552408e-02 (Symanzik1) mflops = 4.121894e+03
FFTIME:  time = 2.972059e-01 (asqtad3) terms = 2 mflops = 3.364207e+03
PLAQ:	1.473963	1.473385
P_LOOP:	-7.764093e-03	6.219712e-03
G_LOOP:  0  0  4   	1.474057e+00	( 0 1 7 6  )
G_LOOP:  0  1  4   	1.476495e+00	( 0 2 7 5  )
G_LOOP:  0  2  4   	1.473365e+00	( 0 3 7 4  )
G_LOOP:  0  3  4   	1.471338e+00	( 1 2 6 5  )
G_LOOP:  0  4  4   	1.472826e+00	( 1 3 6 4  )
G_LOOP:  0  5  4   	1.473963e+00	( 2 3 5 4  )
G_LOOP:  1  0  6   	7.133980e-01	( 0 0 1 7 7 6  )
G_LOOP:  1  1  6   	7.231318e-01	( 0 0 2 7 7 5  )
G_LOOP:  1  2  6   	7.177161e-01	( 0 0 3 7 7 4  )
G_LOOP:  1  3  6   	7.170766e-01	( 1 1 0 6 6 7  )
G_LOOP:  1  4  6   	7.130472e-01	( 1 1 2 6 6 5  )
G_LOOP:  1  5  6   	7.151839e-01	( 1 1 3 6 6 4  )
G_LOOP:  1  6  6   	7.140978e-01	( 2 2 0 5 5 7  )
G_LOOP:  1  7  6   	7.130462e-01	( 2 2 1 5 5 6  )
G_LOOP:  1  8  6   	7.153132e-01	( 2 2 3 5 5 4  )
G_LOOP:  1  9  6   	7.117251e-01	( 3 3 0 4 4 7  )
G_LOOP:  1  10  6   	7.125768e-01	( 3 3 1 4 4 6  )
G_LOOP:  1  11  6   	7.086897e-01	( 3 3 2 4 4 5  )
G_LOOP:  2  0  6   	7.351040e-01	( 0 1 2 7 6 5  )
G_LOOP:  2  1  6   	7.280939e-01	( 0 1 5 7 6 2  )
G_LOOP:  2  2  6   	7.308180e-01	( 0 6 2 7 1 5  )
G_LOOP:  2  3  6   	7.304092e-01	( 0 6 5 7 1 2  )
G_LOOP:  2  4  6   	7.341810e-01	( 0 1 3 7 6 4  )
G_LOOP:  2  5  6   	7.318136e-01	( 0 1 4 7 6 3  )
G_LOOP:  2  6  6   	7.295944e-01	( 0 6 3 7 1 4  )
G_LOOP:  2  7  6   	7.277577e-01	( 0 6 4 7 1 3  )
G_LOOP:  2  8  6   	7.329565e-01	( 0 2 3 7 5 4  )
G_LOOP:  2  9  6   	7.324030e-01	( 0 2 4 7 5 3  )
G_LOOP:  2  10  6   	7.299320e-01	( 0 5 3 7 2 4  )
G_LOOP:  2  11  6   	7.308683e-01	( 0 5 4 7 2 3  )
G_LOOP:  2  12  6   	7.322426e-01	( 1 2 3 6 5 4  )
G_LOOP:  2  13  6   	7.340319e-01	( 1 2 4 6 5 3  )
G_LOOP:  2  14  6   	7.346669e-01	( 1 5 3 6 2 4  )
G_LOOP:  2  15  6   	7.309851e-01	( 1 5 4 6 2 3  )
GACTION: 6.654834e+00
CONGRAD5: time = 4.267619e-01 (fn F) masses = 1 iters = 602 mflops = 3.857839e+03
 OK converged final_rsq= 7.5e-11 (cf 1e-10) rel = 1 (cf 0) restarts = 3 iters= 602
CONGRAD5: time = 9.404898e-02 (fn F) masses = 1 iters = 130 mflops = 3.780267e+03
 OK converged final_rsq= 5e-11 (cf 1e-10) rel = 1 (cf 0) restarts = 2 iters= 130
PBP: mass 1.000000e-02     5.172191e-02  3.967773e-02  -4.749448e-03  -4.752535e-03 ( 1 of 1 )
FACTION: mass = 1.000000e-02,  1.499391e+00 ( 1 of 1 )
CONGRAD5: time = 5.243349e-01 (fn F) masses = 1 iters = 740 mflops = 3.859723e+03
 OK converged final_rsq= 5e-11 (cf 1e-10) rel = 1 (cf 0) restarts = 4 iters= 740
CONGRAD5: time = 5.664897e-02 (fn F) masses = 1 iters = 78 mflops = 3.765614e+03
 OK converged final_rsq= 9.9e-11 (cf 1e-10) rel = 1 (cf 0) restarts = 1 iters= 78
PBP: mass 1.000000e-02     4.471490e-02  6.322165e-02  -1.728046e-04  -1.750247e-04 ( 1 of 1 )
FACTION: mass = 1.000000e-02,  1.497018e+00 ( 1 of 1 )
CONGRAD5: time = 5.495279e-01 (fn F) masses = 1 iters = 768 mflops = 3.822123e+03
 OK converged final_rsq= 4.9e-11 (cf 1e-10) rel = 1 (cf 0) restarts = 4 iters= 768
CONGRAD5: time = 5.141089e-01 (fn F) masses = 1 iters = 727 mflops = 3.867341e+03
 OK converged final_rsq= 9.9e-11 (cf 1e-10) rel = 1 (cf 0) restarts = 3 iters= 727
GFTIME:   time = 8.562183e-02 (Symanzik1) mflops = 4.117188e+03
FFTIME:  time = 2.943470e-01 (asqtad3) terms = 2 mflops = 3.396882e+03
CONGRAD5: time = 5.629051e-01 (fn F) masses = 1 iters = 787 mflops = 3.823603e+03
 OK converged final_rsq= 5e-11 (cf 1e-10) rel = 1 (cf 0) restarts = 4 iters= 787
CONGRAD5: time = 5.473769e-01 (fn F) masses = 1 iters = 772 mflops = 3.857128e+03
 OK converged final_rsq= 5e-11 (cf 1e-10) rel = 1 (cf 0) restarts = 4 iters= 772
GFTIME:   time = 8.516002e-02 (Symanzik1) mflops = 4.139516e+03
FFTIME:  time = 2.976921e-01 (asqtad3) terms = 2 mflops = 3.358713e+03
CONGRAD5: time = 5.562119e-01 (fn F) masses = 1 iters = 785 mflops = 3.859780e+03
 OK converged final_rsq= 1e-10 (cf 1e-10) rel = 1 (cf 0) restarts = 3 iters= 785
CONGRAD5: time = 5.206330e-01 (fn F) masses = 1 iters = 734 mflops = 3.855650e+03
 OK converged final_rsq= 5e-11 (cf 1e-10) rel = 1 (cf 0) restarts = 4 iters= 734
GFTIME:   time = 8.513403e-02 (Symanzik1) mflops = 4.140779e+03
FFTIME:  time = 2.955680e-01 (asqtad3) terms = 2 mflops = 3.382850e+03
CONGRAD5: time = 5.491569e-01 (fn F) masses = 1 iters = 774 mflops = 3.854586e+03
 OK converged final_rsq= 5e-11 (cf 1e-10) rel = 1 (cf 0) restarts = 4 iters= 774
CONGRAD5: time = 5.227859e-01 (fn F) masses = 1 iters = 738 mflops = 3.860697e+03
 OK converged final_rsq= 1e-10 (cf 1e-10) rel = 1 (cf 0) restarts = 3 iters= 738
GFTIME:   time = 8.494282e-02 (Symanzik1) mflops = 4.150100e+03
FFTIME:  time = 2.954819e-01 (asqtad3) terms = 2 mflops = 3.383836e+03
CONGRAD5: time = 5.429101e-01 (fn F) masses = 1 iters = 766 mflops = 3.858638e+03
 OK converged final_rsq= 5e-11 (cf 1e-10) rel = 1 (cf 0) restarts = 4 iters= 766
CONGRAD5: time = 5.188639e-01 (fn F) masses = 1 iters = 734 mflops = 3.868796e+03
 OK converged final_rsq= 9.9e-11 (cf 1e-10) rel = 1 (cf 0) restarts = 3 iters= 734
GFTIME:   time = 8.454990e-02 (Symanzik1) mflops = 4.169386e+03
FFTIME:  time = 2.968731e-01 (asqtad3) terms = 2 mflops = 3.367979e+03
CONGRAD5: time = 5.497160e-01 (fn F) masses = 1 iters = 775 mflops = 3.855640e+03
 OK converged final_rsq= 5e-11 (cf 1e-10) rel = 1 (cf 0) restarts = 4 iters= 775
CONGRAD5: time = 5.259550e-01 (fn F) masses = 1 iters = 742 mflops = 3.858234e+03
 OK converged final_rsq= 5e-11 (cf 1e-10) rel = 1 (cf 0) restarts = 4 iters= 742
GFTIME:   time = 8.560205e-02 (Symanzik1) mflops = 4.118140e+03
FFTIME:  time = 2.938008e-01 (asqtad3) terms = 2 mflops = 3.403198e+03
CONGRAD5: time = 5.570829e-01 (fn F) masses = 1 iters = 786 mflops = 3.858655e+03
 OK converged final_rsq= 5e-11 (cf 1e-10) rel = 1 (cf 0) restarts = 4 iters= 786
CONGRAD5: time = 5.461960e-01 (fn F) masses = 1 iters = 765 mflops = 3.830418e+03
 OK converged final_rsq= 5e-11 (cf 1e-10) rel = 1 (cf 0) restarts = 4 iters= 765
GFTIME:   time = 8.521986e-02 (Symanzik1) mflops = 4.136609e+03
FFTIME:  time = 2.938609e-01 (asqtad3) terms = 2 mflops = 3.402502e+03
CONGRAD5: time = 5.274069e-01 (fn F) masses = 1 iters = 743 mflops = 3.852797e+03
 OK converged final_rsq= 5e-11 (cf 1e-10) rel = 1 (cf 0) restarts = 4 iters= 743
CONGRAD5: time = 5.329390e-01 (fn F) masses = 1 iters = 753 mflops = 3.864121e+03
 OK converged final_rsq= 1e-10 (cf 1e-10) rel = 1 (cf 0) restarts = 3 iters= 753
GFTIME:   time = 8.528399e-02 (Symanzik1) mflops = 4.133498e+03
FFTIME:  time = 2.950139e-01 (asqtad3) terms = 2 mflops = 3.389204e+03
CONGRAD5: time = 5.452299e-01 (fn F) masses = 1 iters = 770 mflops = 3.862284e+03
 OK converged final_rsq= 5e-11 (cf 1e-10) rel = 1 (cf 0) restarts = 4 iters= 770
CONGRAD5: time = 5.172009e-01 (fn F) masses = 1 iters = 731 mflops = 3.865372e+03
 OK converged final_rsq= 9.9e-11 (cf 1e-10) rel = 1 (cf 0) restarts = 3 iters= 731
GFTIME:   time = 8.522820e-02 (Symanzik1) mflops = 4.136204e+03
FFTIME:  time = 2.952890e-01 (asqtad3) terms = 2 mflops = 3.386046e+03
CONGRAD5: time = 5.514910e-01 (fn F) masses = 1 iters = 771 mflops = 3.823395e+03
 OK converged final_rsq= 5e-11 (cf 1e-10) rel = 1 (cf 0) restarts = 4 iters= 771
CONGRAD5: time = 5.128119e-01 (fn F) masses = 1 iters = 726 mflops = 3.871789e+03
 OK converged final_rsq= 9.9e-11 (cf 1e-10) rel = 1 (cf 0) restarts = 3 iters= 726
GFTIME:   time = 8.477092e-02 (Symanzik1) mflops = 4.158516e+03
FFTIME:  time = 2.938118e-01 (asqtad3) terms = 2 mflops = 3.403071e+03
CONGRAD5: time = 5.489209e-01 (fn F) masses = 1 iters = 774 mflops = 3.856243e+03
 OK converged final_rsq= 5e-11 (cf 1e-10) rel = 1 (cf 0) restarts = 4 iters= 774
CONGRAD5: time = 5.294819e-01 (fn F) masses = 1 iters = 747 mflops = 3.858359e+03
 OK converged final_rsq= 5e-11 (cf 1e-10) rel = 1 (cf 0) restarts = 4 iters= 747
GFTIME:   time = 8.527708e-02 (Symanzik1) mflops = 4.133833e+03
FFTIME:  time = 2.955930e-01 (asqtad3) terms = 2 mflops = 3.382564e+03
CONGRAD5: time = 5.576122e-01 (fn F) masses = 1 iters = 788 mflops = 3.864801e+03
 OK converged final_rsq= 4.9e-11 (cf 1e-10) rel = 1 (cf 0) restarts = 4 iters= 788
CONGRAD5: time = 5.227599e-01 (fn F) masses = 1 iters = 739 mflops = 3.866120e+03
 OK converged final_rsq= 9.9e-11 (cf 1e-10) rel = 1 (cf 0) restarts = 3 iters= 739
GFTIME:   time = 8.502603e-02 (Symanzik1) mflops = 4.146039e+03
FFTIME:  time = 2.984171e-01 (asqtad3) terms = 2 mflops = 3.350553e+03
CONGRAD5: time = 5.406010e-01 (fn F) masses = 1 iters = 757 mflops = 3.829589e+03
 OK converged final_rsq= 5e-11 (cf 1e-10) rel = 1 (cf 0) restarts = 4 iters= 757
CONGRAD5: time = 5.368121e-01 (fn F) masses = 1 iters = 758 mflops = 3.861714e+03
 OK converged final_rsq= 5e-11 (cf 1e-10) rel = 1 (cf 0) restarts = 4 iters= 758
GFTIME:   time = 8.517790e-02 (Symanzik1) mflops = 4.138647e+03
FFTIME:  time = 2.977889e-01 (asqtad3) terms = 2 mflops = 3.357621e+03
CONGRAD5: time = 5.457799e-01 (fn F) masses = 1 iters = 770 mflops = 3.858392e+03
 OK converged final_rsq= 5e-11 (cf 1e-10) rel = 1 (cf 0) restarts = 4 iters= 770
CONGRAD5: time = 5.284848e-01 (fn F) masses = 1 iters = 746 mflops = 3.860464e+03
 OK converged final_rsq= 5e-11 (cf 1e-10) rel = 1 (cf 0) restarts = 4 iters= 746
GFTIME:   time = 8.507705e-02 (Symanzik1) mflops = 4.143553e+03
FFTIME:  time = 2.950809e-01 (asqtad3) terms = 2 mflops = 3.388434e+03
CONGRAD5: time = 5.411358e-01 (fn F) masses = 1 iters = 763 mflops = 3.856128e+03
 OK converged final_rsq= 5e-11 (cf 1e-10) rel = 1 (cf 0) restarts = 4 iters= 763
CONGRAD5: time = 5.324540e-01 (fn F) masses = 1 iters = 753 mflops = 3.867640e+03
 OK converged final_rsq= 1e-10 (cf 1e-10) rel = 1 (cf 0) restarts = 3 iters= 753
GFTIME:   time = 8.455300e-02 (Symanzik1) mflops = 4.169234e+03
FFTIME:  time = 2.940130e-01 (asqtad3) terms = 2 mflops = 3.400741e+03
PLAQ:	1.459433	1.458465
P_LOOP:	1.615889e-02	-8.026718e-03
G_LOOP:  0  0  4   	1.459195e+00	( 0 1 7 6  )
G_LOOP:  0  1  4   	1.460791e+00	( 0 2 7 5  )
G_LOOP:  0  2  4   	1.460614e+00	( 0 3 7 4  )
G_LOOP:  0  3  4   	1.458314e+00	( 1 2 6 5  )
G_LOOP:  0  4  4   	1.457892e+00	( 1 3 6 4  )
G_LOOP:  0  5  4   	1.456888e+00	( 2 3 5 4  )
G_LOOP:  1  0  6   	6.983939e-01	( 0 0 1 7 7 6  )
G_LOOP:  1  1  6   	7.042719e-01	( 0 0 2 7 7 5  )
G_LOOP:  1  2  6   	7.000097e-01	( 0 0 3 7 7 4  )
G_LOOP:  1  3  6   	6.967192e-01	( 1 1 0 6 6 7  )
G_LOOP:  1  4  6   	6.984864e-01	( 1 1 2 6 6 5  )
G_LOOP:  1  5  6   	6.968441e-01	( 1 1 3 6 6 4  )
G_LOOP:  1  6  6   	6.998432e-01	( 2 2 0 5 5 7  )
G_LOOP:  1  7  6   	6.985943e-01	( 2 2 1 5 5 6  )
G_LOOP:  1  8  6   	6.990863e-01	( 2 2 3 5 5 4  )
G_LOOP:  1  9  6   	6.999809e-01	( 3 3 0 4 4 7  )
G_LOOP:  1  10  6   	6.973355e-01	( 3 3 1 4 4 6  )
G_LOOP:  1  11  6   	6.941445e-01	( 3 3 2 4 4 5  )
G_LOOP:  2  0  6   	7.139080e-01	( 0 1 2 7 6 5  )
G_LOOP:  2  1  6   	7.119920e-01	( 0 1 5 7 6 2  )
G_LOOP:  2  2  6   	7.117254e-01	( 0 6 2 7 1 5  )
G_LOOP:  2  3  6   	7.124687e-01	( 0 6 5 7 1 2  )
G_LOOP:  2  4  6   	7.159880e-01	( 0 1 3 7 6 4  )
G_LOOP:  2  5  6   	7.136556e-01	( 0 1 4 7 6 3  )
G_LOOP:  2  6  6   	7.124254e-01	( 0 6 3 7 1 4  )
G_LOOP:  2  7  6   	7.110729e-01	( 0 6 4 7 1 3  )
G_LOOP:  2  8  6   	7.144444e-01	( 0 2 3 7 5 4  )
G_LOOP:  2  9  6   	7.125228e-01	( 0 2 4 7 5 3  )
G_LOOP:  2  10  6   	7.149983e-01	( 0 5 3 7 2 4  )
G_LOOP:  2  11  6   	7.100563e-01	( 0 5 4 7 2 3  )
G_LOOP:  2  12  6   	7.109843e-01	( 1 2 3 6 5 4  )
G_LOOP:  2  13  6   	7.097229e-01	( 1 2 4 6 5 3  )
G_LOOP:  2  14  6   	7.117955e-01	( 1 5 3 6 2 4  )
G_LOOP:  2  15  6   	7.069325e-01	( 1 5 4 6 2 3  )
GACTION: 6.725127e+00
CONGRAD5: time = 5.116999e-01 (fn F) masses = 1 iters = 718 mflops = 3.837446e+03
 OK converged final_rsq= 5e-11 (cf 1e-10) rel = 1 (cf 0) restarts = 4 iters= 718
CONGRAD5: time = 5.464005e-02 (fn F) masses = 1 iters = 75 mflops = 3.753905e+03
 OK converged final_rsq= 1e-10 (cf 1e-10) rel = 1 (cf 0) restarts = 1 iters= 75
PBP: mass 1.000000e-02     6.464430e-02  5.646403e-02  3.676150e-03  3.676061e-03 ( 1 of 1 )
FACTION: mass = 1.000000e-02,  1.503793e+00 ( 1 of 1 )
CONGRAD5: time = 5.346689e-01 (fn F) masses = 1 iters = 755 mflops = 3.861848e+03
 OK converged final_rsq= 5e-11 (cf 1e-10) rel = 1 (cf 0) restarts = 4 iters= 755
CONGRAD5: time = 5.528402e-02 (fn F) masses = 1 iters = 76 mflops = 3.759648e+03
 OK converged final_rsq= 9.8e-11 (cf 1e-10) rel = 1 (cf 0) restarts = 1 iters= 76
PBP: mass 1.000000e-02     6.353492e-02  4.823133e-02  -5.438112e-03  -5.433117e-03 ( 1 of 1 )
FACTION: mass = 1.000000e-02,  1.504196e+00 ( 1 of 1 )
RUNNING COMPLETED
average cg iters for step= 1.451250e+03
Time = 9.900367e+01 seconds
total_iters = 181038
Checksums f5dc514d a700d500
Saved gauge configuration in parallel to binary file lat_p64_size64_2
Time stamp Thu May 19 13:21:03 2022
Wrote info file lat_p64_size64_2.info
Time to save = 3.013420e-02
CHECK PLAQ: 1.459433e+00 1.458465e+00
CHECK NERSC LINKTR: 1.436480e-01 CKSUM: 409d2cae


get_i(0): EOF on input.
Elapsed total time: 110.478324
exit: Thu May 19 13:21:03 2022

