SU3 with improved KS action
Microcanonical simulation with refreshing
R algorithm
MIMD version 7.8.1
Machine = MPI (portable), with 32 nodes
Host(0) = ault01.cscs.ch
Username = mcopik
Options selected...
Generic single precision
C_GLOBAL_INLINE
DBLSTORE_FN
D_FN_GATHER13
FEWSUMS
KS_MULTIFF=FNMAT
VECLENGTH=4
type 0 for no prompts, 1 for prompts, or 2 for proofreading
nflavors1 2
nflavors2 1
nx 16
ny 16
nz 8
nt 36
iseed 5682304
LAYOUT = Hypercubes, options = hyper_prime,
automatic hyper_prime layout
ON EACH NODE 4 x 8 x 8 x 9
Mallocing 2.3 MBytes per node for lattice
WARNING!!: Resetting random seed
Made lattice
Made nn gathers
Made 3nn gathers
Finished setup


warms 0
trajecs 4
traj_between_meas 1
beta 5.6
mass1 0.125
mass2 0.125
u0 0.8441
microcanonical_time_step 0.2
steps_per_trajectory 5
max_cg_iterations 100
max_cg_restarts 5
error_per_site 0.125
error_for_propagator 0.125
npbp_reps 1
prec_pbp 1
fresh 
save_parallel lat_p64_size64_1
unit gauge configuration loaded
CHECK PLAQ: 3.000000e+00 3.000000e+00
CHECK NERSC LINKTR: 1.000000e+00 CKSUM: 0
Unitarity checked.  Max deviation 0.00e+00
Time to check unitarity = 4.298687e-04
"O(a^2): couplings(pi)=0, Naik term, No O(a^2) errors, tadpole weights"
path coefficients: npath  path_coeff  multiplicity
                    0      6.250000e-01     8
                    1      -5.847914e-02     8
                    2      -8.771871e-02     48
                    3      3.077829e-02     192
                    4      -7.199551e-03     384
                    5      -1.231132e-01     48
Symanzik 1x1 + 1x2 + 1x1x1 action
gauge_action: total_dyn_flavors = 3
loop coefficients: nloop rep loop_coeff  multiplicity
                    0 0      1.000000e+00     6
                    1 0      -7.762509e-02     12
                    2 0      -1.031171e-02     16
WARMUPS COMPLETED
CONGRAD5: time = 4.942894e-03 (fn F) masses = 1 iters = 4 mflops = 2.213155e+03
 OK converged final_rsq= 0.006 (cf 0.016) rel = 1 (cf 0) restarts = 1 iters= 4
CONGRAD5: time = 4.688025e-03 (fn F) masses = 1 iters = 4 mflops = 2.333476e+03
 OK converged final_rsq= 0.0059 (cf 0.016) rel = 1 (cf 0) restarts = 1 iters= 4
GFTIME:   time = 8.328509e-02 (Symanzik1) mflops = 4.232705e+03
FFTIME:  time = 2.865138e-01 (asqtad3) terms = 2 mflops = 3.489753e+03
CONGRAD5: time = 4.814148e-03 (fn F) masses = 1 iters = 4 mflops = 2.272342e+03
 OK converged final_rsq= 0.01 (cf 0.016) rel = 1 (cf 0) restarts = 1 iters= 4
CONGRAD5: time = 4.686117e-03 (fn F) masses = 1 iters = 4 mflops = 2.334426e+03
 OK converged final_rsq= 0.0098 (cf 0.016) rel = 1 (cf 0) restarts = 1 iters= 4
GFTIME:   time = 8.405304e-02 (Symanzik1) mflops = 4.194033e+03
FFTIME:  time = 2.876179e-01 (asqtad3) terms = 2 mflops = 3.476356e+03
CONGRAD5: time = 4.879951e-03 (fn F) masses = 1 iters = 4 mflops = 2.241701e+03
 OK converged final_rsq= 0.014 (cf 0.016) rel = 1 (cf 0) restarts = 1 iters= 4
CONGRAD5: time = 4.683018e-03 (fn F) masses = 1 iters = 4 mflops = 2.335971e+03
 OK converged final_rsq= 0.014 (cf 0.016) rel = 1 (cf 0) restarts = 1 iters= 4
GFTIME:   time = 8.348989e-02 (Symanzik1) mflops = 4.222322e+03
FFTIME:  time = 2.881448e-01 (asqtad3) terms = 2 mflops = 3.469999e+03
CONGRAD5: time = 4.760027e-03 (fn F) masses = 1 iters = 4 mflops = 2.298179e+03
 OK converged final_rsq= 0.013 (cf 0.016) rel = 1 (cf 0) restarts = 1 iters= 4
CONGRAD5: time = 4.705906e-03 (fn F) masses = 1 iters = 4 mflops = 2.324609e+03
 OK converged final_rsq= 0.013 (cf 0.016) rel = 1 (cf 0) restarts = 1 iters= 4
GFTIME:   time = 8.283806e-02 (Symanzik1) mflops = 4.255547e+03
FFTIME:  time = 2.864668e-01 (asqtad3) terms = 2 mflops = 3.490325e+03
CONGRAD5: time = 4.842043e-03 (fn F) masses = 1 iters = 4 mflops = 2.259251e+03
 OK converged final_rsq= 0.011 (cf 0.016) rel = 1 (cf 0) restarts = 1 iters= 4
CONGRAD5: time = 4.728079e-03 (fn F) masses = 1 iters = 4 mflops = 2.313708e+03
 OK converged final_rsq= 0.011 (cf 0.016) rel = 1 (cf 0) restarts = 1 iters= 4
GFTIME:   time = 8.398104e-02 (Symanzik1) mflops = 4.197629e+03
FFTIME:  time = 2.909210e-01 (asqtad3) terms = 2 mflops = 3.436886e+03
PLAQ:	2.348046	2.347861
P_LOOP:	-6.323030e-03	-1.925636e-02
G_LOOP:  0  0  4   	2.346897e+00	( 0 1 7 6  )
G_LOOP:  0  1  4   	2.347695e+00	( 0 2 7 5  )
G_LOOP:  0  2  4   	2.348610e+00	( 0 3 7 4  )
G_LOOP:  0  3  4   	2.349546e+00	( 1 2 6 5  )
G_LOOP:  0  4  4   	2.347450e+00	( 1 3 6 4  )
G_LOOP:  0  5  4   	2.347524e+00	( 2 3 5 4  )
G_LOOP:  1  0  6   	1.770886e+00	( 0 0 1 7 7 6  )
G_LOOP:  1  1  6   	1.772085e+00	( 0 0 2 7 7 5  )
G_LOOP:  1  2  6   	1.772683e+00	( 0 0 3 7 7 4  )
G_LOOP:  1  3  6   	1.772206e+00	( 1 1 0 6 6 7  )
G_LOOP:  1  4  6   	1.778615e+00	( 1 1 2 6 6 5  )
G_LOOP:  1  5  6   	1.772779e+00	( 1 1 3 6 6 4  )
G_LOOP:  1  6  6   	1.774422e+00	( 2 2 0 5 5 7  )
G_LOOP:  1  7  6   	1.776307e+00	( 2 2 1 5 5 6  )
G_LOOP:  1  8  6   	1.772614e+00	( 2 2 3 5 5 4  )
G_LOOP:  1  9  6   	1.773361e+00	( 3 3 0 4 4 7  )
G_LOOP:  1  10  6   	1.772005e+00	( 3 3 1 4 4 6  )
G_LOOP:  1  11  6   	1.772996e+00	( 3 3 2 4 4 5  )
G_LOOP:  2  0  6   	1.819044e+00	( 0 1 2 7 6 5  )
G_LOOP:  2  1  6   	1.821657e+00	( 0 1 5 7 6 2  )
G_LOOP:  2  2  6   	1.822819e+00	( 0 6 2 7 1 5  )
G_LOOP:  2  3  6   	1.821404e+00	( 0 6 5 7 1 2  )
G_LOOP:  2  4  6   	1.821922e+00	( 0 1 3 7 6 4  )
G_LOOP:  2  5  6   	1.817338e+00	( 0 1 4 7 6 3  )
G_LOOP:  2  6  6   	1.820607e+00	( 0 6 3 7 1 4  )
G_LOOP:  2  7  6   	1.823181e+00	( 0 6 4 7 1 3  )
G_LOOP:  2  8  6   	1.818823e+00	( 0 2 3 7 5 4  )
G_LOOP:  2  9  6   	1.819541e+00	( 0 2 4 7 5 3  )
G_LOOP:  2  10  6   	1.822350e+00	( 0 5 3 7 2 4  )
G_LOOP:  2  11  6   	1.817598e+00	( 0 5 4 7 2 3  )
G_LOOP:  2  12  6   	1.821659e+00	( 1 2 3 6 5 4  )
G_LOOP:  2  13  6   	1.824220e+00	( 1 2 4 6 5 3  )
G_LOOP:  2  14  6   	1.821604e+00	( 1 5 3 6 2 4  )
G_LOOP:  2  15  6   	1.824104e+00	( 1 5 4 6 2 3  )
GACTION: 2.575211e+00
CONGRAD5: time = 4.794121e-03 (fn F) masses = 1 iters = 4 mflops = 2.281835e+03
 OK converged final_rsq= 0.01 (cf 0.016) rel = 1 (cf 0) restarts = 1 iters= 4
CONGRAD5: time = 6.037951e-03 (fn F) masses = 1 iters = 6 mflops = 2.717659e+03
 OK converged final_rsq= 0.0087 (cf 0.016) rel = 1 (cf 0) restarts = 1 iters= 6
PBP: mass 1.250000e-01     6.839631e-02  1.024361e-01  -6.252925e-04  -1.562877e-03 ( 1 of 1 )
FACTION: mass = 1.250000e-01,  1.470003e+00 ( 1 of 1 )
CONGRAD5: time = 4.769087e-03 (fn F) masses = 1 iters = 4 mflops = 2.293813e+03
 OK converged final_rsq= 0.01 (cf 0.016) rel = 1 (cf 0) restarts = 1 iters= 4
CONGRAD5: time = 6.081820e-03 (fn F) masses = 1 iters = 6 mflops = 2.698056e+03
 OK converged final_rsq= 0.0087 (cf 0.016) rel = 1 (cf 0) restarts = 1 iters= 6
PBP: mass 1.250000e-01     7.042779e-02  1.006423e-01  -2.239626e-03  -2.553548e-03 ( 1 of 1 )
FACTION: mass = 1.250000e-01,  1.472298e+00 ( 1 of 1 )
CONGRAD5: time = 4.815102e-03 (fn F) masses = 1 iters = 4 mflops = 2.271892e+03
 OK converged final_rsq= 0.012 (cf 0.016) rel = 1 (cf 0) restarts = 1 iters= 4
CONGRAD5: time = 4.652023e-03 (fn F) masses = 1 iters = 4 mflops = 2.351534e+03
 OK converged final_rsq= 0.011 (cf 0.016) rel = 1 (cf 0) restarts = 1 iters= 4
GFTIME:   time = 8.399892e-02 (Symanzik1) mflops = 4.196735e+03
FFTIME:  time = 2.861581e-01 (asqtad3) terms = 2 mflops = 3.494091e+03
CONGRAD5: time = 5.535841e-03 (fn F) masses = 1 iters = 5 mflops = 2.470129e+03
 OK converged final_rsq= 0.0069 (cf 0.016) rel = 1 (cf 0) restarts = 1 iters= 5
CONGRAD5: time = 4.667044e-03 (fn F) masses = 1 iters = 4 mflops = 2.343966e+03
 OK converged final_rsq= 0.015 (cf 0.016) rel = 1 (cf 0) restarts = 1 iters= 4
GFTIME:   time = 8.318400e-02 (Symanzik1) mflops = 4.237849e+03
FFTIME:  time = 2.919738e-01 (asqtad3) terms = 2 mflops = 3.424493e+03
CONGRAD5: time = 5.511999e-03 (fn F) masses = 1 iters = 5 mflops = 2.480813e+03
 OK converged final_rsq= 0.0088 (cf 0.016) rel = 1 (cf 0) restarts = 1 iters= 5
CONGRAD5: time = 5.409956e-03 (fn F) masses = 1 iters = 5 mflops = 2.527607e+03
 OK converged final_rsq= 0.0084 (cf 0.016) rel = 1 (cf 0) restarts = 1 iters= 5
GFTIME:   time = 8.405113e-02 (Symanzik1) mflops = 4.194128e+03
FFTIME:  time = 2.870269e-01 (asqtad3) terms = 2 mflops = 3.483514e+03
CONGRAD5: time = 5.555153e-03 (fn F) masses = 1 iters = 5 mflops = 2.461542e+03
 OK converged final_rsq= 0.0085 (cf 0.016) rel = 1 (cf 0) restarts = 1 iters= 5
CONGRAD5: time = 5.429983e-03 (fn F) masses = 1 iters = 5 mflops = 2.518284e+03
 OK converged final_rsq= 0.0083 (cf 0.016) rel = 1 (cf 0) restarts = 1 iters= 5
GFTIME:   time = 8.395100e-02 (Symanzik1) mflops = 4.199131e+03
FFTIME:  time = 2.877221e-01 (asqtad3) terms = 2 mflops = 3.475097e+03
CONGRAD5: time = 5.579948e-03 (fn F) masses = 1 iters = 5 mflops = 2.450603e+03
 OK converged final_rsq= 0.0074 (cf 0.016) rel = 1 (cf 0) restarts = 1 iters= 5
CONGRAD5: time = 4.660130e-03 (fn F) masses = 1 iters = 4 mflops = 2.347444e+03
 OK converged final_rsq= 0.015 (cf 0.016) rel = 1 (cf 0) restarts = 1 iters= 4
GFTIME:   time = 8.407283e-02 (Symanzik1) mflops = 4.193046e+03
FFTIME:  time = 2.877390e-01 (asqtad3) terms = 2 mflops = 3.474893e+03
PLAQ:	2.013197	2.012697
P_LOOP:	-9.701259e-03	-3.360078e-02
G_LOOP:  0  0  4   	2.010792e+00	( 0 1 7 6  )
G_LOOP:  0  1  4   	2.013326e+00	( 0 2 7 5  )
G_LOOP:  0  2  4   	2.011958e+00	( 0 3 7 4  )
G_LOOP:  0  3  4   	2.015472e+00	( 1 2 6 5  )
G_LOOP:  0  4  4   	2.013512e+00	( 1 3 6 4  )
G_LOOP:  0  5  4   	2.012622e+00	( 2 3 5 4  )
G_LOOP:  1  0  6   	1.296020e+00	( 0 0 1 7 7 6  )
G_LOOP:  1  1  6   	1.302380e+00	( 0 0 2 7 7 5  )
G_LOOP:  1  2  6   	1.300113e+00	( 0 0 3 7 7 4  )
G_LOOP:  1  3  6   	1.297978e+00	( 1 1 0 6 6 7  )
G_LOOP:  1  4  6   	1.302920e+00	( 1 1 2 6 6 5  )
G_LOOP:  1  5  6   	1.301147e+00	( 1 1 3 6 6 4  )
G_LOOP:  1  6  6   	1.301421e+00	( 2 2 0 5 5 7  )
G_LOOP:  1  7  6   	1.302576e+00	( 2 2 1 5 5 6  )
G_LOOP:  1  8  6   	1.298934e+00	( 2 2 3 5 5 4  )
G_LOOP:  1  9  6   	1.299910e+00	( 3 3 0 4 4 7  )
G_LOOP:  1  10  6   	1.299603e+00	( 3 3 1 4 4 6  )
G_LOOP:  1  11  6   	1.299806e+00	( 3 3 2 4 4 5  )
G_LOOP:  2  0  6   	1.339921e+00	( 0 1 2 7 6 5  )
G_LOOP:  2  1  6   	1.347332e+00	( 0 1 5 7 6 2  )
G_LOOP:  2  2  6   	1.347822e+00	( 0 6 2 7 1 5  )
G_LOOP:  2  3  6   	1.345578e+00	( 0 6 5 7 1 2  )
G_LOOP:  2  4  6   	1.348037e+00	( 0 1 3 7 6 4  )
G_LOOP:  2  5  6   	1.342259e+00	( 0 1 4 7 6 3  )
G_LOOP:  2  6  6   	1.341849e+00	( 0 6 3 7 1 4  )
G_LOOP:  2  7  6   	1.343166e+00	( 0 6 4 7 1 3  )
G_LOOP:  2  8  6   	1.344500e+00	( 0 2 3 7 5 4  )
G_LOOP:  2  9  6   	1.342721e+00	( 0 2 4 7 5 3  )
G_LOOP:  2  10  6   	1.346118e+00	( 0 5 3 7 2 4  )
G_LOOP:  2  11  6   	1.343245e+00	( 0 5 4 7 2 3  )
G_LOOP:  2  12  6   	1.346085e+00	( 1 2 3 6 5 4  )
G_LOOP:  2  13  6   	1.347991e+00	( 1 2 4 6 5 3  )
G_LOOP:  2  14  6   	1.347405e+00	( 1 5 3 6 2 4  )
G_LOOP:  2  15  6   	1.344994e+00	( 1 5 4 6 2 3  )
GACTION: 4.065920e+00
CONGRAD5: time = 4.763842e-03 (fn F) masses = 1 iters = 4 mflops = 2.296338e+03
 OK converged final_rsq= 0.014 (cf 0.016) rel = 1 (cf 0) restarts = 1 iters= 4
CONGRAD5: time = 6.039143e-03 (fn F) masses = 1 iters = 6 mflops = 2.717122e+03
 OK converged final_rsq= 0.013 (cf 0.016) rel = 1 (cf 0) restarts = 1 iters= 6
PBP: mass 1.250000e-01     8.666703e-02  1.656794e-01  8.855824e-04  1.540118e-03 ( 1 of 1 )
FACTION: mass = 1.250000e-01,  1.448829e+00 ( 1 of 1 )
CONGRAD5: time = 4.719973e-03 (fn F) masses = 1 iters = 4 mflops = 2.317681e+03
 OK converged final_rsq= 0.014 (cf 0.016) rel = 1 (cf 0) restarts = 1 iters= 4
CONGRAD5: time = 6.070137e-03 (fn F) masses = 1 iters = 6 mflops = 2.703248e+03
 OK converged final_rsq= 0.013 (cf 0.016) rel = 1 (cf 0) restarts = 1 iters= 6
PBP: mass 1.250000e-01     8.854628e-02  1.707834e-01  -1.891601e-04  1.187543e-04 ( 1 of 1 )
FACTION: mass = 1.250000e-01,  1.441431e+00 ( 1 of 1 )
CONGRAD5: time = 5.531073e-03 (fn F) masses = 1 iters = 5 mflops = 2.472258e+03
 OK converged final_rsq= 0.0075 (cf 0.016) rel = 1 (cf 0) restarts = 1 iters= 5
CONGRAD5: time = 4.676104e-03 (fn F) masses = 1 iters = 4 mflops = 2.339425e+03
 OK converged final_rsq= 0.015 (cf 0.016) rel = 1 (cf 0) restarts = 1 iters= 4
GFTIME:   time = 8.385205e-02 (Symanzik1) mflops = 4.204086e+03
FFTIME:  time = 2.873011e-01 (asqtad3) terms = 2 mflops = 3.480190e+03
CONGRAD5: time = 5.562067e-03 (fn F) masses = 1 iters = 5 mflops = 2.458482e+03
 OK converged final_rsq= 0.0094 (cf 0.016) rel = 1 (cf 0) restarts = 1 iters= 5
CONGRAD5: time = 5.373001e-03 (fn F) masses = 1 iters = 5 mflops = 2.544991e+03
 OK converged final_rsq= 0.0087 (cf 0.016) rel = 1 (cf 0) restarts = 1 iters= 5
GFTIME:   time = 8.378220e-02 (Symanzik1) mflops = 4.207591e+03
FFTIME:  time = 2.873662e-01 (asqtad3) terms = 2 mflops = 3.479402e+03
CONGRAD5: time = 5.508900e-03 (fn F) masses = 1 iters = 5 mflops = 2.482209e+03
 OK converged final_rsq= 0.011 (cf 0.016) rel = 1 (cf 0) restarts = 1 iters= 5
CONGRAD5: time = 5.357981e-03 (fn F) masses = 1 iters = 5 mflops = 2.552126e+03
 OK converged final_rsq= 0.01 (cf 0.016) rel = 1 (cf 0) restarts = 1 iters= 5
GFTIME:   time = 8.286190e-02 (Symanzik1) mflops = 4.254322e+03
FFTIME:  time = 2.889080e-01 (asqtad3) terms = 2 mflops = 3.460833e+03
CONGRAD5: time = 5.553007e-03 (fn F) masses = 1 iters = 5 mflops = 2.462493e+03
 OK converged final_rsq= 0.011 (cf 0.016) rel = 1 (cf 0) restarts = 1 iters= 5
CONGRAD5: time = 5.345106e-03 (fn F) masses = 1 iters = 5 mflops = 2.558273e+03
 OK converged final_rsq= 0.01 (cf 0.016) rel = 1 (cf 0) restarts = 1 iters= 5
GFTIME:   time = 8.362198e-02 (Symanzik1) mflops = 4.215653e+03
FFTIME:  time = 2.903290e-01 (asqtad3) terms = 2 mflops = 3.443894e+03
CONGRAD5: time = 5.725145e-03 (fn F) masses = 1 iters = 5 mflops = 2.388453e+03
 OK converged final_rsq= 0.0099 (cf 0.016) rel = 1 (cf 0) restarts = 1 iters= 5
CONGRAD5: time = 5.527973e-03 (fn F) masses = 1 iters = 5 mflops = 2.473644e+03
 OK converged final_rsq= 0.0095 (cf 0.016) rel = 1 (cf 0) restarts = 1 iters= 5
GFTIME:   time = 8.579993e-02 (Symanzik1) mflops = 4.108642e+03
FFTIME:  time = 2.947931e-01 (asqtad3) terms = 2 mflops = 3.391742e+03
PLAQ:	1.791285	1.791269
P_LOOP:	-6.432482e-03	-5.703914e-03
G_LOOP:  0  0  4   	1.790148e+00	( 0 1 7 6  )
G_LOOP:  0  1  4   	1.791518e+00	( 0 2 7 5  )
G_LOOP:  0  2  4   	1.792043e+00	( 0 3 7 4  )
G_LOOP:  0  3  4   	1.792188e+00	( 1 2 6 5  )
G_LOOP:  0  4  4   	1.790762e+00	( 1 3 6 4  )
G_LOOP:  0  5  4   	1.791001e+00	( 2 3 5 4  )
G_LOOP:  1  0  6   	1.019748e+00	( 0 0 1 7 7 6  )
G_LOOP:  1  1  6   	1.025132e+00	( 0 0 2 7 7 5  )
G_LOOP:  1  2  6   	1.023343e+00	( 0 0 3 7 7 4  )
G_LOOP:  1  3  6   	1.020574e+00	( 1 1 0 6 6 7  )
G_LOOP:  1  4  6   	1.021528e+00	( 1 1 2 6 6 5  )
G_LOOP:  1  5  6   	1.025131e+00	( 1 1 3 6 6 4  )
G_LOOP:  1  6  6   	1.026650e+00	( 2 2 0 5 5 7  )
G_LOOP:  1  7  6   	1.018998e+00	( 2 2 1 5 5 6  )
G_LOOP:  1  8  6   	1.019490e+00	( 2 2 3 5 5 4  )
G_LOOP:  1  9  6   	1.025211e+00	( 3 3 0 4 4 7  )
G_LOOP:  1  10  6   	1.026625e+00	( 3 3 1 4 4 6  )
G_LOOP:  1  11  6   	1.022026e+00	( 3 3 2 4 4 5  )
G_LOOP:  2  0  6   	1.057034e+00	( 0 1 2 7 6 5  )
G_LOOP:  2  1  6   	1.059629e+00	( 0 1 5 7 6 2  )
G_LOOP:  2  2  6   	1.056571e+00	( 0 6 2 7 1 5  )
G_LOOP:  2  3  6   	1.053607e+00	( 0 6 5 7 1 2  )
G_LOOP:  2  4  6   	1.063099e+00	( 0 1 3 7 6 4  )
G_LOOP:  2  5  6   	1.054479e+00	( 0 1 4 7 6 3  )
G_LOOP:  2  6  6   	1.050944e+00	( 0 6 3 7 1 4  )
G_LOOP:  2  7  6   	1.056895e+00	( 0 6 4 7 1 3  )
G_LOOP:  2  8  6   	1.054540e+00	( 0 2 3 7 5 4  )
G_LOOP:  2  9  6   	1.059955e+00	( 0 2 4 7 5 3  )
G_LOOP:  2  10  6   	1.063218e+00	( 0 5 3 7 2 4  )
G_LOOP:  2  11  6   	1.057845e+00	( 0 5 4 7 2 3  )
G_LOOP:  2  12  6   	1.060030e+00	( 1 2 3 6 5 4  )
G_LOOP:  2  13  6   	1.055929e+00	( 1 2 4 6 5 3  )
G_LOOP:  2  14  6   	1.056636e+00	( 1 5 3 6 2 4  )
G_LOOP:  2  15  6   	1.057973e+00	( 1 5 4 6 2 3  )
GACTION: 5.090137e+00
CONGRAD5: time = 5.512953e-03 (fn F) masses = 1 iters = 5 mflops = 2.480384e+03
 OK converged final_rsq= 0.0085 (cf 0.016) rel = 1 (cf 0) restarts = 1 iters= 5
CONGRAD5: time = 6.108046e-03 (fn F) masses = 1 iters = 6 mflops = 2.686471e+03
 OK converged final_rsq= 0.015 (cf 0.016) rel = 1 (cf 0) restarts = 1 iters= 6
PBP: mass 1.250000e-01     1.097814e-01  3.050916e-01  6.159745e-04  1.073530e-03 ( 1 of 1 )
FACTION: mass = 1.250000e-01,  1.454408e+00 ( 1 of 1 )
CONGRAD5: time = 5.441904e-03 (fn F) masses = 1 iters = 5 mflops = 2.512768e+03
 OK converged final_rsq= 0.0085 (cf 0.016) rel = 1 (cf 0) restarts = 1 iters= 5
CONGRAD5: time = 6.063938e-03 (fn F) masses = 1 iters = 6 mflops = 2.706012e+03
 OK converged final_rsq= 0.015 (cf 0.016) rel = 1 (cf 0) restarts = 1 iters= 6
PBP: mass 1.250000e-01     1.050922e-01  3.076434e-01  3.700241e-03  3.379920e-03 ( 1 of 1 )
FACTION: mass = 1.250000e-01,  1.453909e+00 ( 1 of 1 )
CONGRAD5: time = 5.704880e-03 (fn F) masses = 1 iters = 5 mflops = 2.396937e+03
 OK converged final_rsq= 0.01 (cf 0.016) rel = 1 (cf 0) restarts = 1 iters= 5
CONGRAD5: time = 5.520105e-03 (fn F) masses = 1 iters = 5 mflops = 2.477170e+03
 OK converged final_rsq= 0.0097 (cf 0.016) rel = 1 (cf 0) restarts = 1 iters= 5
GFTIME:   time = 8.577681e-02 (Symanzik1) mflops = 4.109750e+03
FFTIME:  time = 2.948139e-01 (asqtad3) terms = 2 mflops = 3.391503e+03
CONGRAD5: time = 5.623102e-03 (fn F) masses = 1 iters = 5 mflops = 2.431796e+03
 OK converged final_rsq= 0.012 (cf 0.016) rel = 1 (cf 0) restarts = 1 iters= 5
CONGRAD5: time = 5.517960e-03 (fn F) masses = 1 iters = 5 mflops = 2.478133e+03
 OK converged final_rsq= 0.011 (cf 0.016) rel = 1 (cf 0) restarts = 1 iters= 5
GFTIME:   time = 8.529496e-02 (Symanzik1) mflops = 4.132966e+03
FFTIME:  time = 2.967241e-01 (asqtad3) terms = 2 mflops = 3.369670e+03
CONGRAD5: time = 5.708933e-03 (fn F) masses = 1 iters = 5 mflops = 2.395236e+03
 OK converged final_rsq= 0.012 (cf 0.016) rel = 1 (cf 0) restarts = 1 iters= 5
CONGRAD5: time = 5.502939e-03 (fn F) masses = 1 iters = 5 mflops = 2.484898e+03
 OK converged final_rsq= 0.012 (cf 0.016) rel = 1 (cf 0) restarts = 1 iters= 5
GFTIME:   time = 8.570194e-02 (Symanzik1) mflops = 4.113340e+03
FFTIME:  time = 2.948482e-01 (asqtad3) terms = 2 mflops = 3.391109e+03
CONGRAD5: time = 5.547047e-03 (fn F) masses = 1 iters = 5 mflops = 2.465139e+03
 OK converged final_rsq= 0.012 (cf 0.016) rel = 1 (cf 0) restarts = 1 iters= 5
CONGRAD5: time = 5.537987e-03 (fn F) masses = 1 iters = 5 mflops = 2.469172e+03
 OK converged final_rsq= 0.012 (cf 0.016) rel = 1 (cf 0) restarts = 1 iters= 5
GFTIME:   time = 8.543015e-02 (Symanzik1) mflops = 4.126427e+03
FFTIME:  time = 2.944570e-01 (asqtad3) terms = 2 mflops = 3.395614e+03
CONGRAD5: time = 5.723000e-03 (fn F) masses = 1 iters = 5 mflops = 2.389348e+03
 OK converged final_rsq= 0.012 (cf 0.016) rel = 1 (cf 0) restarts = 1 iters= 5
CONGRAD5: time = 5.492926e-03 (fn F) masses = 1 iters = 5 mflops = 2.489427e+03
 OK converged final_rsq= 0.011 (cf 0.016) rel = 1 (cf 0) restarts = 1 iters= 5
GFTIME:   time = 8.542490e-02 (Symanzik1) mflops = 4.126680e+03
FFTIME:  time = 2.936430e-01 (asqtad3) terms = 2 mflops = 3.405027e+03
PLAQ:	1.644329	1.645266
P_LOOP:	-6.709792e-03	2.457538e-02
G_LOOP:  0  0  4   	1.645259e+00	( 0 1 7 6  )
G_LOOP:  0  1  4   	1.644887e+00	( 0 2 7 5  )
G_LOOP:  0  2  4   	1.648300e+00	( 0 3 7 4  )
G_LOOP:  0  3  4   	1.642841e+00	( 1 2 6 5  )
G_LOOP:  0  4  4   	1.643302e+00	( 1 3 6 4  )
G_LOOP:  0  5  4   	1.644196e+00	( 2 3 5 4  )
G_LOOP:  1  0  6   	8.570332e-01	( 0 0 1 7 7 6  )
G_LOOP:  1  1  6   	8.564349e-01	( 0 0 2 7 7 5  )
G_LOOP:  1  2  6   	8.575904e-01	( 0 0 3 7 7 4  )
G_LOOP:  1  3  6   	8.546200e-01	( 1 1 0 6 6 7  )
G_LOOP:  1  4  6   	8.518105e-01	( 1 1 2 6 6 5  )
G_LOOP:  1  5  6   	8.528352e-01	( 1 1 3 6 6 4  )
G_LOOP:  1  6  6   	8.522190e-01	( 2 2 0 5 5 7  )
G_LOOP:  1  7  6   	8.538568e-01	( 2 2 1 5 5 6  )
G_LOOP:  1  8  6   	8.539536e-01	( 2 2 3 5 5 4  )
G_LOOP:  1  9  6   	8.538749e-01	( 3 3 0 4 4 7  )
G_LOOP:  1  10  6   	8.509052e-01	( 3 3 1 4 4 6  )
G_LOOP:  1  11  6   	8.542319e-01	( 3 3 2 4 4 5  )
G_LOOP:  2  0  6   	8.757616e-01	( 0 1 2 7 6 5  )
G_LOOP:  2  1  6   	8.783519e-01	( 0 1 5 7 6 2  )
G_LOOP:  2  2  6   	8.732871e-01	( 0 6 2 7 1 5  )
G_LOOP:  2  3  6   	8.757185e-01	( 0 6 5 7 1 2  )
G_LOOP:  2  4  6   	8.808826e-01	( 0 1 3 7 6 4  )
G_LOOP:  2  5  6   	8.805856e-01	( 0 1 4 7 6 3  )
G_LOOP:  2  6  6   	8.736942e-01	( 0 6 3 7 1 4  )
G_LOOP:  2  7  6   	8.766187e-01	( 0 6 4 7 1 3  )
G_LOOP:  2  8  6   	8.765765e-01	( 0 2 3 7 5 4  )
G_LOOP:  2  9  6   	8.804759e-01	( 0 2 4 7 5 3  )
G_LOOP:  2  10  6   	8.758448e-01	( 0 5 3 7 2 4  )
G_LOOP:  2  11  6   	8.745625e-01	( 0 5 4 7 2 3  )
G_LOOP:  2  12  6   	8.722904e-01	( 1 2 3 6 5 4  )
G_LOOP:  2  13  6   	8.801306e-01	( 1 2 4 6 5 3  )
G_LOOP:  2  14  6   	8.763059e-01	( 1 5 3 6 2 4  )
G_LOOP:  2  15  6   	8.742140e-01	( 1 5 4 6 2 3  )
GACTION: 5.781983e+00
CONGRAD5: time = 5.643845e-03 (fn F) masses = 1 iters = 5 mflops = 2.422859e+03
 OK converged final_rsq= 0.01 (cf 0.016) rel = 1 (cf 0) restarts = 1 iters= 5
CONGRAD5: time = 6.900072e-03 (fn F) masses = 1 iters = 7 mflops = 2.774454e+03
 OK converged final_rsq= 0.0082 (cf 0.016) rel = 1 (cf 0) restarts = 1 iters= 7
PBP: mass 1.250000e-01     1.244008e-01  3.278295e-01  1.524636e-03  4.785546e-05 ( 1 of 1 )
FACTION: mass = 1.250000e-01,  1.429116e+00 ( 1 of 1 )
CONGRAD5: time = 5.414009e-03 (fn F) masses = 1 iters = 5 mflops = 2.525714e+03
 OK converged final_rsq= 0.01 (cf 0.016) rel = 1 (cf 0) restarts = 1 iters= 5
CONGRAD5: time = 6.776094e-03 (fn F) masses = 1 iters = 7 mflops = 2.825217e+03
 OK converged final_rsq= 0.0083 (cf 0.016) rel = 1 (cf 0) restarts = 1 iters= 7
PBP: mass 1.250000e-01     1.240261e-01  3.300110e-01  -6.302996e-04  -4.874612e-04 ( 1 of 1 )
FACTION: mass = 1.250000e-01,  1.440693e+00 ( 1 of 1 )
RUNNING COMPLETED
average cg iters for step= 1.100000e+01
Time = 1.129711e+01 seconds
total_iters = 552
Checksums eb39cb37 375da3b2
Saved gauge configuration in parallel to binary file lat_p64_size64_1
Time stamp Thu May 19 13:21:18 2022
Wrote info file lat_p64_size64_1.info
Time to save = 2.968311e-02
CHECK PLAQ: 1.644329e+00 1.645266e+00
CHECK NERSC LINKTR: 1.712149e-01 CKSUM: b2397a8b


warms 0
trajecs 4
traj_between_meas 1
beta 5.6
mass1 0.01
mass2 0.01
u0 0.8441
microcanonical_time_step 0.02
steps_per_trajectory 15
max_cg_iterations 300
max_cg_restarts 5
error_per_site 1e-05
error_for_propagator 1e-05
npbp_reps 1
prec_pbp 1
reload_parallel lat_p64_size64_1
save_parallel lat_p64_size64_2
Restored binary gauge configuration in parallel from file lat_p64_size64_1
Time stamp Thu May 19 13:21:18 2022
Checksums eb39cb37 375da3b2 OK
Time to reload gauge configuration = 1.818299e-02
CHECK PLAQ: 1.644329e+00 1.645266e+00
CHECK NERSC LINKTR: 1.712149e-01 CKSUM: b2397a8b
Unitarity checked.  Max deviation 2.98e-07
Time to check unitarity = 3.521442e-04
"O(a^2): couplings(pi)=0, Naik term, No O(a^2) errors, tadpole weights"
path coefficients: npath  path_coeff  multiplicity
                    0      6.250000e-01     8
                    1      -5.847914e-02     8
                    2      -8.771871e-02     48
                    3      3.077829e-02     192
                    4      -7.199551e-03     384
                    5      -1.231132e-01     48
Symanzik 1x1 + 1x2 + 1x1x1 action
gauge_action: total_dyn_flavors = 3
loop coefficients: nloop rep loop_coeff  multiplicity
                    0 0      1.000000e+00     6
                    1 0      -7.762509e-02     12
                    2 0      -1.031171e-02     16
WARMUPS COMPLETED
CONGRAD5: time = 4.292080e-01 (fn F) masses = 1 iters = 602 mflops = 3.835852e+03
 OK converged final_rsq= 8.7e-11 (cf 1e-10) rel = 1 (cf 0) restarts = 3 iters= 602
CONGRAD5: time = 4.275010e-01 (fn F) masses = 1 iters = 602 mflops = 3.851169e+03
 OK converged final_rsq= 5.9e-11 (cf 1e-10) rel = 1 (cf 0) restarts = 3 iters= 602
GFTIME:   time = 8.474684e-02 (Symanzik1) mflops = 4.159698e+03
FFTIME:  time = 2.976320e-01 (asqtad3) terms = 2 mflops = 3.359391e+03
CONGRAD5: time = 4.953530e-01 (fn F) masses = 1 iters = 697 mflops = 3.848143e+03
 OK converged final_rsq= 1e-10 (cf 1e-10) rel = 1 (cf 0) restarts = 3 iters= 697
CONGRAD5: time = 4.262950e-01 (fn F) masses = 1 iters = 602 mflops = 3.862063e+03
 OK converged final_rsq= 8.1e-11 (cf 1e-10) rel = 1 (cf 0) restarts = 3 iters= 602
GFTIME:   time = 8.500504e-02 (Symanzik1) mflops = 4.147062e+03
FFTIME:  time = 2.950041e-01 (asqtad3) terms = 2 mflops = 3.389316e+03
CONGRAD5: time = 4.935038e-01 (fn F) masses = 1 iters = 696 mflops = 3.857020e+03
 OK converged final_rsq= 9.8e-11 (cf 1e-10) rel = 1 (cf 0) restarts = 3 iters= 696
CONGRAD5: time = 4.285679e-01 (fn F) masses = 1 iters = 602 mflops = 3.841582e+03
 OK converged final_rsq= 4.9e-11 (cf 1e-10) rel = 1 (cf 0) restarts = 3 iters= 602
GFTIME:   time = 8.527207e-02 (Symanzik1) mflops = 4.134076e+03
FFTIME:  time = 2.946670e-01 (asqtad3) terms = 2 mflops = 3.393194e+03
CONGRAD5: time = 5.234389e-01 (fn F) masses = 1 iters = 736 mflops = 3.845431e+03
 OK converged final_rsq= 5e-11 (cf 1e-10) rel = 1 (cf 0) restarts = 4 iters= 736
CONGRAD5: time = 4.264870e-01 (fn F) masses = 1 iters = 602 mflops = 3.860325e+03
 OK converged final_rsq= 6.1e-11 (cf 1e-10) rel = 1 (cf 0) restarts = 3 iters= 602
GFTIME:   time = 8.449292e-02 (Symanzik1) mflops = 4.172198e+03
FFTIME:  time = 2.938190e-01 (asqtad3) terms = 2 mflops = 3.402988e+03
CONGRAD5: time = 5.049250e-01 (fn F) masses = 1 iters = 712 mflops = 3.856438e+03
 OK converged final_rsq= 9.9e-11 (cf 1e-10) rel = 1 (cf 0) restarts = 3 iters= 712
CONGRAD5: time = 4.267180e-01 (fn F) masses = 1 iters = 602 mflops = 3.858235e+03
 OK converged final_rsq= 4.4e-11 (cf 1e-10) rel = 1 (cf 0) restarts = 3 iters= 602
GFTIME:   time = 8.490205e-02 (Symanzik1) mflops = 4.152093e+03
FFTIME:  time = 2.943308e-01 (asqtad3) terms = 2 mflops = 3.397069e+03
CONGRAD5: time = 5.137658e-01 (fn F) masses = 1 iters = 723 mflops = 3.848631e+03
 OK converged final_rsq= 9.9e-11 (cf 1e-10) rel = 1 (cf 0) restarts = 3 iters= 723
CONGRAD5: time = 4.921482e-01 (fn F) masses = 1 iters = 694 mflops = 3.856531e+03
 OK converged final_rsq= 9.9e-11 (cf 1e-10) rel = 1 (cf 0) restarts = 3 iters= 694
GFTIME:   time = 8.514810e-02 (Symanzik1) mflops = 4.140095e+03
FFTIME:  time = 2.959991e-01 (asqtad3) terms = 2 mflops = 3.377924e+03
CONGRAD5: time = 4.976490e-01 (fn F) masses = 1 iters = 702 mflops = 3.857867e+03
 OK converged final_rsq= 9.9e-11 (cf 1e-10) rel = 1 (cf 0) restarts = 3 iters= 702
CONGRAD5: time = 4.937849e-01 (fn F) masses = 1 iters = 691 mflops = 3.827132e+03
 OK converged final_rsq= 9.9e-11 (cf 1e-10) rel = 1 (cf 0) restarts = 3 iters= 691
GFTIME:   time = 8.499289e-02 (Symanzik1) mflops = 4.147656e+03
FFTIME:  time = 2.982550e-01 (asqtad3) terms = 2 mflops = 3.352374e+03
CONGRAD5: time = 5.307310e-01 (fn F) masses = 1 iters = 747 mflops = 3.849279e+03
 OK converged final_rsq= 5e-11 (cf 1e-10) rel = 1 (cf 0) restarts = 4 iters= 747
CONGRAD5: time = 4.946249e-01 (fn F) masses = 1 iters = 698 mflops = 3.859337e+03
 OK converged final_rsq= 9.9e-11 (cf 1e-10) rel = 1 (cf 0) restarts = 3 iters= 698
GFTIME:   time = 8.732796e-02 (Symanzik1) mflops = 4.036751e+03
FFTIME:  time = 2.940440e-01 (asqtad3) terms = 2 mflops = 3.400383e+03
CONGRAD5: time = 4.279819e-01 (fn F) masses = 1 iters = 602 mflops = 3.846842e+03
 OK converged final_rsq= 6.1e-11 (cf 1e-10) rel = 1 (cf 0) restarts = 3 iters= 602
CONGRAD5: time = 4.278469e-01 (fn F) masses = 1 iters = 602 mflops = 3.848055e+03
 OK converged final_rsq= 8.1e-11 (cf 1e-10) rel = 1 (cf 0) restarts = 3 iters= 602
GFTIME:   time = 8.513808e-02 (Symanzik1) mflops = 4.140582e+03
FFTIME:  time = 2.985959e-01 (asqtad3) terms = 2 mflops = 3.348546e+03
CONGRAD5: time = 5.201230e-01 (fn F) masses = 1 iters = 733 mflops = 3.854172e+03
 OK converged final_rsq= 1e-10 (cf 1e-10) rel = 1 (cf 0) restarts = 3 iters= 733
CONGRAD5: time = 4.873972e-01 (fn F) masses = 1 iters = 687 mflops = 3.854845e+03
 OK converged final_rsq= 5e-11 (cf 1e-10) rel = 1 (cf 0) restarts = 4 iters= 687
GFTIME:   time = 8.529496e-02 (Symanzik1) mflops = 4.132966e+03
FFTIME:  time = 2.949588e-01 (asqtad3) terms = 2 mflops = 3.389837e+03
CONGRAD5: time = 4.974790e-01 (fn F) masses = 1 iters = 702 mflops = 3.859185e+03
 OK converged final_rsq= 1e-10 (cf 1e-10) rel = 1 (cf 0) restarts = 3 iters= 702
CONGRAD5: time = 5.143340e-01 (fn F) masses = 1 iters = 714 mflops = 3.796524e+03
 OK converged final_rsq= 9.9e-11 (cf 1e-10) rel = 1 (cf 0) restarts = 3 iters= 714
GFTIME:   time = 8.487105e-02 (Symanzik1) mflops = 4.153610e+03
FFTIME:  time = 2.940769e-01 (asqtad3) terms = 2 mflops = 3.400003e+03
CONGRAD5: time = 5.237720e-01 (fn F) masses = 1 iters = 736 mflops = 3.842985e+03
 OK converged final_rsq= 5e-11 (cf 1e-10) rel = 1 (cf 0) restarts = 4 iters= 736
CONGRAD5: time = 4.902658e-01 (fn F) masses = 1 iters = 691 mflops = 3.854603e+03
 OK converged final_rsq= 1e-10 (cf 1e-10) rel = 1 (cf 0) restarts = 3 iters= 691
GFTIME:   time = 8.530378e-02 (Symanzik1) mflops = 4.132539e+03
FFTIME:  time = 2.955821e-01 (asqtad3) terms = 2 mflops = 3.382689e+03
CONGRAD5: time = 4.280620e-01 (fn F) masses = 1 iters = 602 mflops = 3.846122e+03
 OK converged final_rsq= 5.9e-11 (cf 1e-10) rel = 1 (cf 0) restarts = 3 iters= 602
CONGRAD5: time = 4.991140e-01 (fn F) masses = 1 iters = 704 mflops = 3.857501e+03
 OK converged final_rsq= 9.9e-11 (cf 1e-10) rel = 1 (cf 0) restarts = 3 iters= 704
GFTIME:   time = 8.563995e-02 (Symanzik1) mflops = 4.116317e+03
FFTIME:  time = 2.935579e-01 (asqtad3) terms = 2 mflops = 3.406014e+03
CONGRAD5: time = 5.179760e-01 (fn F) masses = 1 iters = 722 mflops = 3.812069e+03
 OK converged final_rsq= 1e-10 (cf 1e-10) rel = 1 (cf 0) restarts = 3 iters= 722
CONGRAD5: time = 5.062301e-01 (fn F) masses = 1 iters = 714 mflops = 3.857300e+03
 OK converged final_rsq= 9.9e-11 (cf 1e-10) rel = 1 (cf 0) restarts = 3 iters= 714
GFTIME:   time = 8.537412e-02 (Symanzik1) mflops = 4.129135e+03
FFTIME:  time = 2.961669e-01 (asqtad3) terms = 2 mflops = 3.376010e+03
CONGRAD5: time = 5.204680e-01 (fn F) masses = 1 iters = 734 mflops = 3.856872e+03
 OK converged final_rsq= 5e-11 (cf 1e-10) rel = 1 (cf 0) restarts = 4 iters= 734
CONGRAD5: time = 5.235989e-01 (fn F) masses = 1 iters = 730 mflops = 3.812917e+03
 OK converged final_rsq= 5e-11 (cf 1e-10) rel = 1 (cf 0) restarts = 4 iters= 730
GFTIME:   time = 8.478713e-02 (Symanzik1) mflops = 4.157721e+03
FFTIME:  time = 2.959569e-01 (asqtad3) terms = 2 mflops = 3.378406e+03
PLAQ:	1.539774	1.537947
P_LOOP:	2.137525e-02	-1.868548e-03
G_LOOP:  0  0  4   	1.540746e+00	( 0 1 7 6  )
G_LOOP:  0  1  4   	1.540140e+00	( 0 2 7 5  )
G_LOOP:  0  2  4   	1.541719e+00	( 0 3 7 4  )
G_LOOP:  0  3  4   	1.538434e+00	( 1 2 6 5  )
G_LOOP:  0  4  4   	1.537550e+00	( 1 3 6 4  )
G_LOOP:  0  5  4   	1.534573e+00	( 2 3 5 4  )
G_LOOP:  1  0  6   	7.790819e-01	( 0 0 1 7 7 6  )
G_LOOP:  1  1  6   	7.799391e-01	( 0 0 2 7 7 5  )
G_LOOP:  1  2  6   	7.791043e-01	( 0 0 3 7 7 4  )
G_LOOP:  1  3  6   	7.764447e-01	( 1 1 0 6 6 7  )
G_LOOP:  1  4  6   	7.782270e-01	( 1 1 2 6 6 5  )
G_LOOP:  1  5  6   	7.747586e-01	( 1 1 3 6 6 4  )
G_LOOP:  1  6  6   	7.836418e-01	( 2 2 0 5 5 7  )
G_LOOP:  1  7  6   	7.799032e-01	( 2 2 1 5 5 6  )
G_LOOP:  1  8  6   	7.734723e-01	( 2 2 3 5 5 4  )
G_LOOP:  1  9  6   	7.777085e-01	( 3 3 0 4 4 7  )
G_LOOP:  1  10  6   	7.756252e-01	( 3 3 1 4 4 6  )
G_LOOP:  1  11  6   	7.764703e-01	( 3 3 2 4 4 5  )
G_LOOP:  2  0  6   	7.994985e-01	( 0 1 2 7 6 5  )
G_LOOP:  2  1  6   	7.979915e-01	( 0 1 5 7 6 2  )
G_LOOP:  2  2  6   	7.953705e-01	( 0 6 2 7 1 5  )
G_LOOP:  2  3  6   	8.003053e-01	( 0 6 5 7 1 2  )
G_LOOP:  2  4  6   	8.009586e-01	( 0 1 3 7 6 4  )
G_LOOP:  2  5  6   	7.984360e-01	( 0 1 4 7 6 3  )
G_LOOP:  2  6  6   	7.979490e-01	( 0 6 3 7 1 4  )
G_LOOP:  2  7  6   	7.995333e-01	( 0 6 4 7 1 3  )
G_LOOP:  2  8  6   	7.957329e-01	( 0 2 3 7 5 4  )
G_LOOP:  2  9  6   	7.977878e-01	( 0 2 4 7 5 3  )
G_LOOP:  2  10  6   	7.963617e-01	( 0 5 3 7 2 4  )
G_LOOP:  2  11  6   	7.972991e-01	( 0 5 4 7 2 3  )
G_LOOP:  2  12  6   	7.945366e-01	( 1 2 3 6 5 4  )
G_LOOP:  2  13  6   	8.011747e-01	( 1 2 4 6 5 3  )
G_LOOP:  2  14  6   	7.986753e-01	( 1 5 3 6 2 4  )
G_LOOP:  2  15  6   	7.990682e-01	( 1 5 4 6 2 3  )
GACTION: 6.333642e+00
CONGRAD5: time = 5.035071e-01 (fn F) masses = 1 iters = 710 mflops = 3.856434e+03
 OK converged final_rsq= 9.9e-11 (cf 1e-10) rel = 1 (cf 0) restarts = 3 iters= 710
CONGRAD5: time = 5.743909e-02 (fn F) masses = 1 iters = 79 mflops = 3.761428e+03
 OK converged final_rsq= 9.7e-11 (cf 1e-10) rel = 1 (cf 0) restarts = 1 iters= 79
PBP: mass 1.000000e-02     5.439549e-02  3.149370e-02  7.460282e-03  7.456457e-03 ( 1 of 1 )
FACTION: mass = 1.000000e-02,  1.500299e+00 ( 1 of 1 )
CONGRAD5: time = 4.973140e-01 (fn F) masses = 1 iters = 701 mflops = 3.854966e+03
 OK converged final_rsq= 5e-11 (cf 1e-10) rel = 1 (cf 0) restarts = 4 iters= 701
CONGRAD5: time = 5.343795e-02 (fn F) masses = 1 iters = 73 mflops = 3.735995e+03
 OK converged final_rsq= 9.9e-11 (cf 1e-10) rel = 1 (cf 0) restarts = 1 iters= 73
PBP: mass 1.000000e-02     5.045901e-02  4.403169e-02  -3.122000e-03  -3.124954e-03 ( 1 of 1 )
FACTION: mass = 1.000000e-02,  1.498603e+00 ( 1 of 1 )
CONGRAD5: time = 5.124540e-01 (fn F) masses = 1 iters = 724 mflops = 3.863820e+03
 OK converged final_rsq= 9.8e-11 (cf 1e-10) rel = 1 (cf 0) restarts = 3 iters= 724
CONGRAD5: time = 4.852021e-01 (fn F) masses = 1 iters = 685 mflops = 3.861012e+03
 OK converged final_rsq= 9.8e-11 (cf 1e-10) rel = 1 (cf 0) restarts = 3 iters= 685
GFTIME:   time = 8.510017e-02 (Symanzik1) mflops = 4.142427e+03
FFTIME:  time = 2.947662e-01 (asqtad3) terms = 2 mflops = 3.392052e+03
CONGRAD5: time = 5.291152e-01 (fn F) masses = 1 iters = 746 mflops = 3.855865e+03
 OK converged final_rsq= 5e-11 (cf 1e-10) rel = 1 (cf 0) restarts = 4 iters= 746
CONGRAD5: time = 4.255950e-01 (fn F) masses = 1 iters = 602 mflops = 3.868416e+03
 OK converged final_rsq= 7.6e-11 (cf 1e-10) rel = 1 (cf 0) restarts = 3 iters= 602
GFTIME:   time = 8.498502e-02 (Symanzik1) mflops = 4.148040e+03
FFTIME:  time = 2.948990e-01 (asqtad3) terms = 2 mflops = 3.390525e+03
CONGRAD5: time = 5.171950e-01 (fn F) masses = 1 iters = 729 mflops = 3.854841e+03
 OK converged final_rsq= 5e-11 (cf 1e-10) rel = 1 (cf 0) restarts = 4 iters= 729
CONGRAD5: time = 5.034299e-01 (fn F) masses = 1 iters = 711 mflops = 3.862458e+03
 OK converged final_rsq= 5e-11 (cf 1e-10) rel = 1 (cf 0) restarts = 4 iters= 711
GFTIME:   time = 8.496499e-02 (Symanzik1) mflops = 4.149017e+03
FFTIME:  time = 2.954779e-01 (asqtad3) terms = 2 mflops = 3.383882e+03
CONGRAD5: time = 4.969752e-01 (fn F) masses = 1 iters = 699 mflops = 3.846588e+03
 OK converged final_rsq= 5e-11 (cf 1e-10) rel = 1 (cf 0) restarts = 4 iters= 699
CONGRAD5: time = 5.086150e-01 (fn F) masses = 1 iters = 719 mflops = 3.866098e+03
 OK converged final_rsq= 1e-10 (cf 1e-10) rel = 1 (cf 0) restarts = 3 iters= 719
GFTIME:   time = 8.555198e-02 (Symanzik1) mflops = 4.120550e+03
FFTIME:  time = 2.970791e-01 (asqtad3) terms = 2 mflops = 3.365643e+03
CONGRAD5: time = 5.179100e-01 (fn F) masses = 1 iters = 731 mflops = 3.860080e+03
 OK converged final_rsq= 1e-10 (cf 1e-10) rel = 1 (cf 0) restarts = 3 iters= 731
CONGRAD5: time = 4.845998e-01 (fn F) masses = 1 iters = 683 mflops = 3.854523e+03
 OK converged final_rsq= 5e-11 (cf 1e-10) rel = 1 (cf 0) restarts = 4 iters= 683
GFTIME:   time = 8.490086e-02 (Symanzik1) mflops = 4.152151e+03
FFTIME:  time = 2.971890e-01 (asqtad3) terms = 2 mflops = 3.364399e+03
CONGRAD5: time = 5.537879e-01 (fn F) masses = 1 iters = 771 mflops = 3.807536e+03
 OK converged final_rsq= 5e-11 (cf 1e-10) rel = 1 (cf 0) restarts = 4 iters= 771
CONGRAD5: time = 5.044920e-01 (fn F) masses = 1 iters = 712 mflops = 3.859747e+03
 OK converged final_rsq= 1e-10 (cf 1e-10) rel = 1 (cf 0) restarts = 3 iters= 712
GFTIME:   time = 8.500004e-02 (Symanzik1) mflops = 4.147307e+03
FFTIME:  time = 2.945290e-01 (asqtad3) terms = 2 mflops = 3.394784e+03
CONGRAD5: time = 5.083652e-01 (fn F) masses = 1 iters = 714 mflops = 3.841100e+03
 OK converged final_rsq= 5e-11 (cf 1e-10) rel = 1 (cf 0) restarts = 4 iters= 714
CONGRAD5: time = 4.274049e-01 (fn F) masses = 1 iters = 602 mflops = 3.852035e+03
 OK converged final_rsq= 7.4e-11 (cf 1e-10) rel = 1 (cf 0) restarts = 3 iters= 602
GFTIME:   time = 8.489609e-02 (Symanzik1) mflops = 4.152385e+03
FFTIME:  time = 2.952960e-01 (asqtad3) terms = 2 mflops = 3.385967e+03
CONGRAD5: time = 5.214090e-01 (fn F) masses = 1 iters = 735 mflops = 3.855156e+03
 OK converged final_rsq= 9.8e-11 (cf 1e-10) rel = 1 (cf 0) restarts = 3 iters= 735
CONGRAD5: time = 5.013649e-01 (fn F) masses = 1 iters = 706 mflops = 3.851092e+03
 OK converged final_rsq= 5e-11 (cf 1e-10) rel = 1 (cf 0) restarts = 4 iters= 706
GFTIME:   time = 8.515310e-02 (Symanzik1) mflops = 4.139852e+03
FFTIME:  time = 2.955019e-01 (asqtad3) terms = 2 mflops = 3.383606e+03
CONGRAD5: time = 5.120521e-01 (fn F) masses = 1 iters = 721 mflops = 3.850830e+03
 OK converged final_rsq= 5e-11 (cf 1e-10) rel = 1 (cf 0) restarts = 4 iters= 721
CONGRAD5: time = 5.289540e-01 (fn F) masses = 1 iters = 747 mflops = 3.862210e+03
 OK converged final_rsq= 5e-11 (cf 1e-10) rel = 1 (cf 0) restarts = 4 iters= 747
GFTIME:   time = 8.499980e-02 (Symanzik1) mflops = 4.147318e+03
FFTIME:  time = 2.963269e-01 (asqtad3) terms = 2 mflops = 3.374187e+03
CONGRAD5: time = 5.250828e-01 (fn F) masses = 1 iters = 739 mflops = 3.849017e+03
 OK converged final_rsq= 5e-11 (cf 1e-10) rel = 1 (cf 0) restarts = 4 iters= 739
CONGRAD5: time = 4.866569e-01 (fn F) masses = 1 iters = 688 mflops = 3.866328e+03
 OK converged final_rsq= 9.9e-11 (cf 1e-10) rel = 1 (cf 0) restarts = 3 iters= 688
GFTIME:   time = 8.528614e-02 (Symanzik1) mflops = 4.133394e+03
FFTIME:  time = 2.965500e-01 (asqtad3) terms = 2 mflops = 3.371648e+03
CONGRAD5: time = 5.329750e-01 (fn F) masses = 1 iters = 745 mflops = 3.822810e+03
 OK converged final_rsq= 5e-11 (cf 1e-10) rel = 1 (cf 0) restarts = 4 iters= 745
CONGRAD5: time = 5.073559e-01 (fn F) masses = 1 iters = 716 mflops = 3.859522e+03
 OK converged final_rsq= 1e-10 (cf 1e-10) rel = 1 (cf 0) restarts = 3 iters= 716
GFTIME:   time = 8.544207e-02 (Symanzik1) mflops = 4.125851e+03
FFTIME:  time = 2.961869e-01 (asqtad3) terms = 2 mflops = 3.375781e+03
CONGRAD5: time = 5.479450e-01 (fn F) masses = 1 iters = 772 mflops = 3.853129e+03
 OK converged final_rsq= 5e-11 (cf 1e-10) rel = 1 (cf 0) restarts = 4 iters= 772
CONGRAD5: time = 5.193172e-01 (fn F) masses = 1 iters = 733 mflops = 3.860153e+03
 OK converged final_rsq= 5e-11 (cf 1e-10) rel = 1 (cf 0) restarts = 4 iters= 733
GFTIME:   time = 8.462405e-02 (Symanzik1) mflops = 4.165733e+03
FFTIME:  time = 2.993181e-01 (asqtad3) terms = 2 mflops = 3.340467e+03
CONGRAD5: time = 5.123949e-01 (fn F) masses = 1 iters = 721 mflops = 3.848253e+03
 OK converged final_rsq= 5e-11 (cf 1e-10) rel = 1 (cf 0) restarts = 4 iters= 721
CONGRAD5: time = 5.185380e-01 (fn F) masses = 1 iters = 724 mflops = 3.818486e+03
 OK converged final_rsq= 5e-11 (cf 1e-10) rel = 1 (cf 0) restarts = 4 iters= 724
GFTIME:   time = 9.338188e-02 (Symanzik1) mflops = 3.775049e+03
FFTIME:  time = 2.939332e-01 (asqtad3) terms = 2 mflops = 3.401666e+03
CONGRAD5: time = 5.385170e-01 (fn F) masses = 1 iters = 759 mflops = 3.854567e+03
 OK converged final_rsq= 5e-11 (cf 1e-10) rel = 1 (cf 0) restarts = 4 iters= 759
CONGRAD5: time = 5.149660e-01 (fn F) masses = 1 iters = 727 mflops = 3.860904e+03
 OK converged final_rsq= 1e-10 (cf 1e-10) rel = 1 (cf 0) restarts = 3 iters= 727
GFTIME:   time = 8.487296e-02 (Symanzik1) mflops = 4.153516e+03
FFTIME:  time = 2.940280e-01 (asqtad3) terms = 2 mflops = 3.400568e+03
CONGRAD5: time = 5.710051e-01 (fn F) masses = 1 iters = 754 mflops = 3.611308e+03
 OK converged final_rsq= 4.9e-11 (cf 1e-10) rel = 1 (cf 0) restarts = 4 iters= 754
CONGRAD5: time = 4.309461e-01 (fn F) masses = 1 iters = 602 mflops = 3.820381e+03
 OK converged final_rsq= 9.2e-11 (cf 1e-10) rel = 1 (cf 0) restarts = 3 iters= 602
GFTIME:   time = 8.528399e-02 (Symanzik1) mflops = 4.133498e+03
FFTIME:  time = 2.938650e-01 (asqtad3) terms = 2 mflops = 3.402455e+03
PLAQ:	1.497626	1.498130
P_LOOP:	1.991909e-02	-1.379642e-02
G_LOOP:  0  0  4   	1.497047e+00	( 0 1 7 6  )
G_LOOP:  0  1  4   	1.498616e+00	( 0 2 7 5  )
G_LOOP:  0  2  4   	1.498145e+00	( 0 3 7 4  )
G_LOOP:  0  3  4   	1.497214e+00	( 1 2 6 5  )
G_LOOP:  0  4  4   	1.496954e+00	( 1 3 6 4  )
G_LOOP:  0  5  4   	1.499291e+00	( 2 3 5 4  )
G_LOOP:  1  0  6   	7.398073e-01	( 0 0 1 7 7 6  )
G_LOOP:  1  1  6   	7.422374e-01	( 0 0 2 7 7 5  )
G_LOOP:  1  2  6   	7.394495e-01	( 0 0 3 7 7 4  )
G_LOOP:  1  3  6   	7.382840e-01	( 1 1 0 6 6 7  )
G_LOOP:  1  4  6   	7.365532e-01	( 1 1 2 6 6 5  )
G_LOOP:  1  5  6   	7.371902e-01	( 1 1 3 6 6 4  )
G_LOOP:  1  6  6   	7.456752e-01	( 2 2 0 5 5 7  )
G_LOOP:  1  7  6   	7.428936e-01	( 2 2 1 5 5 6  )
G_LOOP:  1  8  6   	7.390187e-01	( 2 2 3 5 5 4  )
G_LOOP:  1  9  6   	7.398111e-01	( 3 3 0 4 4 7  )
G_LOOP:  1  10  6   	7.389642e-01	( 3 3 1 4 4 6  )
G_LOOP:  1  11  6   	7.400356e-01	( 3 3 2 4 4 5  )
G_LOOP:  2  0  6   	7.607733e-01	( 0 1 2 7 6 5  )
G_LOOP:  2  1  6   	7.581736e-01	( 0 1 5 7 6 2  )
G_LOOP:  2  2  6   	7.537819e-01	( 0 6 2 7 1 5  )
G_LOOP:  2  3  6   	7.623529e-01	( 0 6 5 7 1 2  )
G_LOOP:  2  4  6   	7.597389e-01	( 0 1 3 7 6 4  )
G_LOOP:  2  5  6   	7.537096e-01	( 0 1 4 7 6 3  )
G_LOOP:  2  6  6   	7.572606e-01	( 0 6 3 7 1 4  )
G_LOOP:  2  7  6   	7.594713e-01	( 0 6 4 7 1 3  )
G_LOOP:  2  8  6   	7.558015e-01	( 0 2 3 7 5 4  )
G_LOOP:  2  9  6   	7.618569e-01	( 0 2 4 7 5 3  )
G_LOOP:  2  10  6   	7.589309e-01	( 0 5 3 7 2 4  )
G_LOOP:  2  11  6   	7.602545e-01	( 0 5 4 7 2 3  )
G_LOOP:  2  12  6   	7.595571e-01	( 1 2 3 6 5 4  )
G_LOOP:  2  13  6   	7.632494e-01	( 1 2 4 6 5 3  )
G_LOOP:  2  14  6   	7.579410e-01	( 1 5 3 6 2 4  )
G_LOOP:  2  15  6   	7.601606e-01	( 1 5 4 6 2 3  )
GACTION: 6.537787e+00
CONGRAD5: time = 4.265549e-01 (fn F) masses = 1 iters = 602 mflops = 3.859710e+03
 OK converged final_rsq= 1e-10 (cf 1e-10) rel = 1 (cf 0) restarts = 3 iters= 602
CONGRAD5: time = 9.600997e-02 (fn F) masses = 1 iters = 133 mflops = 3.788511e+03
 OK converged final_rsq= 5e-11 (cf 1e-10) rel = 1 (cf 0) restarts = 2 iters= 133
PBP: mass 1.000000e-02     4.180596e-02  5.650046e-02  6.282065e-03  6.257703e-03 ( 1 of 1 )
FACTION: mass = 1.000000e-02,  1.499623e+00 ( 1 of 1 )
CONGRAD5: time = 5.025570e-01 (fn F) masses = 1 iters = 709 mflops = 3.858283e+03
 OK converged final_rsq= 5e-11 (cf 1e-10) rel = 1 (cf 0) restarts = 4 iters= 709
CONGRAD5: time = 5.493212e-02 (fn F) masses = 1 iters = 75 mflops = 3.733947e+03
 OK converged final_rsq= 1e-10 (cf 1e-10) rel = 1 (cf 0) restarts = 1 iters= 75
PBP: mass 1.000000e-02     4.935784e-02  4.621076e-02  -8.936203e-03  -8.936002e-03 ( 1 of 1 )
FACTION: mass = 1.000000e-02,  1.495237e+00 ( 1 of 1 )
CONGRAD5: time = 5.381000e-01 (fn F) masses = 1 iters = 758 mflops = 3.852471e+03
 OK converged final_rsq= 5e-11 (cf 1e-10) rel = 1 (cf 0) restarts = 4 iters= 758
CONGRAD5: time = 5.226800e-01 (fn F) masses = 1 iters = 735 mflops = 3.845782e+03
 OK converged final_rsq= 1e-10 (cf 1e-10) rel = 1 (cf 0) restarts = 3 iters= 735
GFTIME:   time = 8.544302e-02 (Symanzik1) mflops = 4.125805e+03
FFTIME:  time = 2.934830e-01 (asqtad3) terms = 2 mflops = 3.406883e+03
CONGRAD5: time = 5.386190e-01 (fn F) masses = 1 iters = 759 mflops = 3.853836e+03
 OK converged final_rsq= 9.9e-11 (cf 1e-10) rel = 1 (cf 0) restarts = 3 iters= 759
CONGRAD5: time = 4.912190e-01 (fn F) masses = 1 iters = 693 mflops = 3.858258e+03
 OK converged final_rsq= 9.9e-11 (cf 1e-10) rel = 1 (cf 0) restarts = 3 iters= 693
GFTIME:   time = 8.529282e-02 (Symanzik1) mflops = 4.133070e+03
FFTIME:  time = 2.955611e-01 (asqtad3) terms = 2 mflops = 3.382929e+03
CONGRAD5: time = 5.503550e-01 (fn F) masses = 1 iters = 777 mflops = 3.861102e+03
 OK converged final_rsq= 1e-10 (cf 1e-10) rel = 1 (cf 0) restarts = 3 iters= 777
CONGRAD5: time = 5.139580e-01 (fn F) masses = 1 iters = 715 mflops = 3.804623e+03
 OK converged final_rsq= 1e-10 (cf 1e-10) rel = 1 (cf 0) restarts = 3 iters= 715
GFTIME:   time = 8.538008e-02 (Symanzik1) mflops = 4.128846e+03
FFTIME:  time = 2.957749e-01 (asqtad3) terms = 2 mflops = 3.380483e+03
CONGRAD5: time = 5.691502e-01 (fn F) masses = 1 iters = 755 mflops = 3.627883e+03
 OK converged final_rsq= 4.9e-11 (cf 1e-10) rel = 1 (cf 0) restarts = 4 iters= 755
CONGRAD5: time = 5.038230e-01 (fn F) masses = 1 iters = 709 mflops = 3.848588e+03
 OK converged final_rsq= 9.9e-11 (cf 1e-10) rel = 1 (cf 0) restarts = 3 iters= 709
GFTIME:   time = 8.526587e-02 (Symanzik1) mflops = 4.134376e+03
FFTIME:  time = 2.944798e-01 (asqtad3) terms = 2 mflops = 3.395350e+03
CONGRAD5: time = 5.469241e-01 (fn F) masses = 1 iters = 769 mflops = 3.845320e+03
 OK converged final_rsq= 5e-11 (cf 1e-10) rel = 1 (cf 0) restarts = 4 iters= 769
CONGRAD5: time = 5.236359e-01 (fn F) masses = 1 iters = 737 mflops = 3.849207e+03
 OK converged final_rsq= 1e-10 (cf 1e-10) rel = 1 (cf 0) restarts = 3 iters= 737
GFTIME:   time = 8.539295e-02 (Symanzik1) mflops = 4.128224e+03
FFTIME:  time = 2.944520e-01 (asqtad3) terms = 2 mflops = 3.395672e+03
CONGRAD5: time = 5.324311e-01 (fn F) masses = 1 iters = 749 mflops = 3.847260e+03
 OK converged final_rsq= 1e-10 (cf 1e-10) rel = 1 (cf 0) restarts = 3 iters= 749
CONGRAD5: time = 5.340199e-01 (fn F) masses = 1 iters = 752 mflops = 3.851178e+03
 OK converged final_rsq= 5e-11 (cf 1e-10) rel = 1 (cf 0) restarts = 4 iters= 752
GFTIME:   time = 8.502984e-02 (Symanzik1) mflops = 4.145853e+03
FFTIME:  time = 2.941370e-01 (asqtad3) terms = 2 mflops = 3.399308e+03
CONGRAD5: time = 5.404611e-01 (fn F) masses = 1 iters = 761 mflops = 3.850822e+03
 OK converged final_rsq= 5e-11 (cf 1e-10) rel = 1 (cf 0) restarts = 4 iters= 761
CONGRAD5: time = 5.186441e-01 (fn F) masses = 1 iters = 731 mflops = 3.854616e+03
 OK converged final_rsq= 1e-10 (cf 1e-10) rel = 1 (cf 0) restarts = 3 iters= 731
GFTIME:   time = 8.543181e-02 (Symanzik1) mflops = 4.126346e+03
FFTIME:  time = 2.947600e-01 (asqtad3) terms = 2 mflops = 3.392123e+03
CONGRAD5: time = 5.328538e-01 (fn F) masses = 1 iters = 750 mflops = 3.849341e+03
 OK converged final_rsq= 4.9e-11 (cf 1e-10) rel = 1 (cf 0) restarts = 4 iters= 750
CONGRAD5: time = 5.225770e-01 (fn F) masses = 1 iters = 735 mflops = 3.846540e+03
 OK converged final_rsq= 5e-11 (cf 1e-10) rel = 1 (cf 0) restarts = 4 iters= 735
GFTIME:   time = 8.548403e-02 (Symanzik1) mflops = 4.123826e+03
FFTIME:  time = 2.940571e-01 (asqtad3) terms = 2 mflops = 3.400231e+03
CONGRAD5: time = 5.548720e-01 (fn F) masses = 1 iters = 782 mflops = 3.854314e+03
 OK converged final_rsq= 4.9e-11 (cf 1e-10) rel = 1 (cf 0) restarts = 4 iters= 782
CONGRAD5: time = 5.436959e-01 (fn F) masses = 1 iters = 767 mflops = 3.858091e+03
 OK converged final_rsq= 5e-11 (cf 1e-10) rel = 1 (cf 0) restarts = 4 iters= 767
GFTIME:   time = 8.526421e-02 (Symanzik1) mflops = 4.134457e+03
FFTIME:  time = 2.964389e-01 (asqtad3) terms = 2 mflops = 3.372911e+03
CONGRAD5: time = 5.423281e-01 (fn F) masses = 1 iters = 762 mflops = 3.842608e+03
 OK converged final_rsq= 5e-11 (cf 1e-10) rel = 1 (cf 0) restarts = 4 iters= 762
CONGRAD5: time = 5.172329e-01 (fn F) masses = 1 iters = 725 mflops = 3.833408e+03
 OK converged final_rsq= 9.9e-11 (cf 1e-10) rel = 1 (cf 0) restarts = 3 iters= 725
GFTIME:   time = 8.492589e-02 (Symanzik1) mflops = 4.150928e+03
FFTIME:  time = 2.932429e-01 (asqtad3) terms = 2 mflops = 3.409672e+03
CONGRAD5: time = 5.392928e-01 (fn F) masses = 1 iters = 756 mflops = 3.833808e+03
 OK converged final_rsq= 5e-11 (cf 1e-10) rel = 1 (cf 0) restarts = 4 iters= 756
CONGRAD5: time = 5.440860e-01 (fn F) masses = 1 iters = 766 mflops = 3.850299e+03
 OK converged final_rsq= 5e-11 (cf 1e-10) rel = 1 (cf 0) restarts = 4 iters= 766
GFTIME:   time = 8.559895e-02 (Symanzik1) mflops = 4.118289e+03
FFTIME:  time = 2.926910e-01 (asqtad3) terms = 2 mflops = 3.416102e+03
CONGRAD5: time = 5.385489e-01 (fn F) masses = 1 iters = 757 mflops = 3.844182e+03
 OK converged final_rsq= 5e-11 (cf 1e-10) rel = 1 (cf 0) restarts = 4 iters= 757
CONGRAD5: time = 5.085230e-01 (fn F) masses = 1 iters = 715 mflops = 3.845286e+03
 OK converged final_rsq= 5e-11 (cf 1e-10) rel = 1 (cf 0) restarts = 4 iters= 715
GFTIME:   time = 8.542395e-02 (Symanzik1) mflops = 4.126726e+03
FFTIME:  time = 2.944229e-01 (asqtad3) terms = 2 mflops = 3.396008e+03
CONGRAD5: time = 5.530319e-01 (fn F) masses = 1 iters = 774 mflops = 3.827577e+03
 OK converged final_rsq= 5e-11 (cf 1e-10) rel = 1 (cf 0) restarts = 4 iters= 774
CONGRAD5: time = 5.104849e-01 (fn F) masses = 1 iters = 719 mflops = 3.851937e+03
 OK converged final_rsq= 1e-10 (cf 1e-10) rel = 1 (cf 0) restarts = 3 iters= 719
GFTIME:   time = 8.554006e-02 (Symanzik1) mflops = 4.121124e+03
FFTIME:  time = 2.947359e-01 (asqtad3) terms = 2 mflops = 3.392401e+03
CONGRAD5: time = 5.613730e-01 (fn F) masses = 1 iters = 783 mflops = 3.814551e+03
 OK converged final_rsq= 5e-11 (cf 1e-10) rel = 1 (cf 0) restarts = 4 iters= 783
CONGRAD5: time = 5.237010e-01 (fn F) masses = 1 iters = 738 mflops = 3.853951e+03
 OK converged final_rsq= 5e-11 (cf 1e-10) rel = 1 (cf 0) restarts = 4 iters= 738
GFTIME:   time = 8.508110e-02 (Symanzik1) mflops = 4.143355e+03
FFTIME:  time = 2.960720e-01 (asqtad3) terms = 2 mflops = 3.377092e+03
CONGRAD5: time = 5.557699e-01 (fn F) masses = 1 iters = 781 mflops = 3.843166e+03
 OK converged final_rsq= 5e-11 (cf 1e-10) rel = 1 (cf 0) restarts = 4 iters= 781
CONGRAD5: time = 5.233350e-01 (fn F) masses = 1 iters = 737 mflops = 3.851420e+03
 OK converged final_rsq= 1e-10 (cf 1e-10) rel = 1 (cf 0) restarts = 3 iters= 737
GFTIME:   time = 8.515692e-02 (Symanzik1) mflops = 4.139666e+03
FFTIME:  time = 2.957480e-01 (asqtad3) terms = 2 mflops = 3.380791e+03
PLAQ:	1.473963	1.473385
P_LOOP:	-7.764093e-03	6.219712e-03
G_LOOP:  0  0  4   	1.474057e+00	( 0 1 7 6  )
G_LOOP:  0  1  4   	1.476495e+00	( 0 2 7 5  )
G_LOOP:  0  2  4   	1.473365e+00	( 0 3 7 4  )
G_LOOP:  0  3  4   	1.471338e+00	( 1 2 6 5  )
G_LOOP:  0  4  4   	1.472826e+00	( 1 3 6 4  )
G_LOOP:  0  5  4   	1.473963e+00	( 2 3 5 4  )
G_LOOP:  1  0  6   	7.133980e-01	( 0 0 1 7 7 6  )
G_LOOP:  1  1  6   	7.231318e-01	( 0 0 2 7 7 5  )
G_LOOP:  1  2  6   	7.177161e-01	( 0 0 3 7 7 4  )
G_LOOP:  1  3  6   	7.170766e-01	( 1 1 0 6 6 7  )
G_LOOP:  1  4  6   	7.130472e-01	( 1 1 2 6 6 5  )
G_LOOP:  1  5  6   	7.151839e-01	( 1 1 3 6 6 4  )
G_LOOP:  1  6  6   	7.140978e-01	( 2 2 0 5 5 7  )
G_LOOP:  1  7  6   	7.130462e-01	( 2 2 1 5 5 6  )
G_LOOP:  1  8  6   	7.153132e-01	( 2 2 3 5 5 4  )
G_LOOP:  1  9  6   	7.117251e-01	( 3 3 0 4 4 7  )
G_LOOP:  1  10  6   	7.125768e-01	( 3 3 1 4 4 6  )
G_LOOP:  1  11  6   	7.086897e-01	( 3 3 2 4 4 5  )
G_LOOP:  2  0  6   	7.351040e-01	( 0 1 2 7 6 5  )
G_LOOP:  2  1  6   	7.280939e-01	( 0 1 5 7 6 2  )
G_LOOP:  2  2  6   	7.308180e-01	( 0 6 2 7 1 5  )
G_LOOP:  2  3  6   	7.304092e-01	( 0 6 5 7 1 2  )
G_LOOP:  2  4  6   	7.341810e-01	( 0 1 3 7 6 4  )
G_LOOP:  2  5  6   	7.318136e-01	( 0 1 4 7 6 3  )
G_LOOP:  2  6  6   	7.295944e-01	( 0 6 3 7 1 4  )
G_LOOP:  2  7  6   	7.277577e-01	( 0 6 4 7 1 3  )
G_LOOP:  2  8  6   	7.329565e-01	( 0 2 3 7 5 4  )
G_LOOP:  2  9  6   	7.324030e-01	( 0 2 4 7 5 3  )
G_LOOP:  2  10  6   	7.299320e-01	( 0 5 3 7 2 4  )
G_LOOP:  2  11  6   	7.308683e-01	( 0 5 4 7 2 3  )
G_LOOP:  2  12  6   	7.322426e-01	( 1 2 3 6 5 4  )
G_LOOP:  2  13  6   	7.340319e-01	( 1 2 4 6 5 3  )
G_LOOP:  2  14  6   	7.346669e-01	( 1 5 3 6 2 4  )
G_LOOP:  2  15  6   	7.309851e-01	( 1 5 4 6 2 3  )
GACTION: 6.654834e+00
CONGRAD5: time = 4.296780e-01 (fn F) masses = 1 iters = 602 mflops = 3.831657e+03
 OK converged final_rsq= 7.5e-11 (cf 1e-10) rel = 1 (cf 0) restarts = 3 iters= 602
CONGRAD5: time = 1.013451e-01 (fn F) masses = 1 iters = 130 mflops = 3.508116e+03
 OK converged final_rsq= 5e-11 (cf 1e-10) rel = 1 (cf 0) restarts = 2 iters= 130
PBP: mass 1.000000e-02     5.172191e-02  3.967773e-02  -4.749448e-03  -4.752535e-03 ( 1 of 1 )
FACTION: mass = 1.000000e-02,  1.499391e+00 ( 1 of 1 )
CONGRAD5: time = 5.243659e-01 (fn F) masses = 1 iters = 740 mflops = 3.859495e+03
 OK converged final_rsq= 5e-11 (cf 1e-10) rel = 1 (cf 0) restarts = 4 iters= 740
CONGRAD5: time = 5.654097e-02 (fn F) masses = 1 iters = 78 mflops = 3.772807e+03
 OK converged final_rsq= 9.9e-11 (cf 1e-10) rel = 1 (cf 0) restarts = 1 iters= 78
PBP: mass 1.000000e-02     4.471490e-02  6.322165e-02  -1.728046e-04  -1.750247e-04 ( 1 of 1 )
FACTION: mass = 1.000000e-02,  1.497018e+00 ( 1 of 1 )
CONGRAD5: time = 5.443161e-01 (fn F) masses = 1 iters = 768 mflops = 3.858720e+03
 OK converged final_rsq= 4.9e-11 (cf 1e-10) rel = 1 (cf 0) restarts = 4 iters= 768
CONGRAD5: time = 5.139539e-01 (fn F) masses = 1 iters = 727 mflops = 3.868507e+03
 OK converged final_rsq= 9.9e-11 (cf 1e-10) rel = 1 (cf 0) restarts = 3 iters= 727
GFTIME:   time = 8.498883e-02 (Symanzik1) mflops = 4.147853e+03
FFTIME:  time = 2.938859e-01 (asqtad3) terms = 2 mflops = 3.402212e+03
CONGRAD5: time = 5.634429e-01 (fn F) masses = 1 iters = 787 mflops = 3.819953e+03
 OK converged final_rsq= 5e-11 (cf 1e-10) rel = 1 (cf 0) restarts = 4 iters= 787
CONGRAD5: time = 5.465469e-01 (fn F) masses = 1 iters = 772 mflops = 3.862985e+03
 OK converged final_rsq= 5e-11 (cf 1e-10) rel = 1 (cf 0) restarts = 4 iters= 772
GFTIME:   time = 8.468509e-02 (Symanzik1) mflops = 4.162731e+03
FFTIME:  time = 2.954772e-01 (asqtad3) terms = 2 mflops = 3.383890e+03
CONGRAD5: time = 5.559199e-01 (fn F) masses = 1 iters = 785 mflops = 3.861808e+03
 OK converged final_rsq= 1e-10 (cf 1e-10) rel = 1 (cf 0) restarts = 3 iters= 785
CONGRAD5: time = 5.212259e-01 (fn F) masses = 1 iters = 734 mflops = 3.851264e+03
 OK converged final_rsq= 5e-11 (cf 1e-10) rel = 1 (cf 0) restarts = 4 iters= 734
GFTIME:   time = 8.453894e-02 (Symanzik1) mflops = 4.169927e+03
FFTIME:  time = 2.997839e-01 (asqtad3) terms = 2 mflops = 3.335276e+03
CONGRAD5: time = 5.498450e-01 (fn F) masses = 1 iters = 774 mflops = 3.849762e+03
 OK converged final_rsq= 5e-11 (cf 1e-10) rel = 1 (cf 0) restarts = 4 iters= 774
CONGRAD5: time = 5.226109e-01 (fn F) masses = 1 iters = 738 mflops = 3.861990e+03
 OK converged final_rsq= 1e-10 (cf 1e-10) rel = 1 (cf 0) restarts = 3 iters= 738
GFTIME:   time = 8.534002e-02 (Symanzik1) mflops = 4.130784e+03
FFTIME:  time = 2.937779e-01 (asqtad3) terms = 2 mflops = 3.403463e+03
CONGRAD5: time = 5.511091e-01 (fn F) masses = 1 iters = 766 mflops = 3.801232e+03
 OK converged final_rsq= 5e-11 (cf 1e-10) rel = 1 (cf 0) restarts = 4 iters= 766
CONGRAD5: time = 5.197461e-01 (fn F) masses = 1 iters = 734 mflops = 3.862229e+03
 OK converged final_rsq= 9.9e-11 (cf 1e-10) rel = 1 (cf 0) restarts = 3 iters= 734
GFTIME:   time = 8.469915e-02 (Symanzik1) mflops = 4.162039e+03
FFTIME:  time = 2.928510e-01 (asqtad3) terms = 2 mflops = 3.414236e+03
CONGRAD5: time = 5.509739e-01 (fn F) masses = 1 iters = 775 mflops = 3.846838e+03
 OK converged final_rsq= 5e-11 (cf 1e-10) rel = 1 (cf 0) restarts = 4 iters= 775
CONGRAD5: time = 5.273471e-01 (fn F) masses = 1 iters = 742 mflops = 3.848049e+03
 OK converged final_rsq= 5e-11 (cf 1e-10) rel = 1 (cf 0) restarts = 4 iters= 742
GFTIME:   time = 8.541393e-02 (Symanzik1) mflops = 4.127210e+03
FFTIME:  time = 2.965870e-01 (asqtad3) terms = 2 mflops = 3.371228e+03
CONGRAD5: time = 5.586619e-01 (fn F) masses = 1 iters = 786 mflops = 3.847748e+03
 OK converged final_rsq= 5e-11 (cf 1e-10) rel = 1 (cf 0) restarts = 4 iters= 786
CONGRAD5: time = 5.432091e-01 (fn F) masses = 1 iters = 765 mflops = 3.851480e+03
 OK converged final_rsq= 5e-11 (cf 1e-10) rel = 1 (cf 0) restarts = 4 iters= 765
GFTIME:   time = 8.539510e-02 (Symanzik1) mflops = 4.128120e+03
FFTIME:  time = 3.028851e-01 (asqtad3) terms = 2 mflops = 3.301128e+03
CONGRAD5: time = 5.272889e-01 (fn F) masses = 1 iters = 743 mflops = 3.853660e+03
 OK converged final_rsq= 5e-11 (cf 1e-10) rel = 1 (cf 0) restarts = 4 iters= 743
CONGRAD5: time = 5.325279e-01 (fn F) masses = 1 iters = 753 mflops = 3.867103e+03
 OK converged final_rsq= 1e-10 (cf 1e-10) rel = 1 (cf 0) restarts = 3 iters= 753
GFTIME:   time = 8.520317e-02 (Symanzik1) mflops = 4.137419e+03
FFTIME:  time = 2.952180e-01 (asqtad3) terms = 2 mflops = 3.386861e+03
CONGRAD5: time = 5.466681e-01 (fn F) masses = 1 iters = 770 mflops = 3.852124e+03
 OK converged final_rsq= 5e-11 (cf 1e-10) rel = 1 (cf 0) restarts = 4 iters= 770
CONGRAD5: time = 5.185680e-01 (fn F) masses = 1 iters = 731 mflops = 3.855181e+03
 OK converged final_rsq= 9.9e-11 (cf 1e-10) rel = 1 (cf 0) restarts = 3 iters= 731
GFTIME:   time = 8.536005e-02 (Symanzik1) mflops = 4.129815e+03
FFTIME:  time = 2.938249e-01 (asqtad3) terms = 2 mflops = 3.402919e+03
CONGRAD5: time = 5.491271e-01 (fn F) masses = 1 iters = 771 mflops = 3.839854e+03
 OK converged final_rsq= 5e-11 (cf 1e-10) rel = 1 (cf 0) restarts = 4 iters= 771
CONGRAD5: time = 5.153999e-01 (fn F) masses = 1 iters = 726 mflops = 3.852348e+03
 OK converged final_rsq= 9.9e-11 (cf 1e-10) rel = 1 (cf 0) restarts = 3 iters= 726
GFTIME:   time = 8.527708e-02 (Symanzik1) mflops = 4.133833e+03
FFTIME:  time = 2.946038e-01 (asqtad3) terms = 2 mflops = 3.393922e+03
CONGRAD5: time = 5.528188e-01 (fn F) masses = 1 iters = 774 mflops = 3.829053e+03
 OK converged final_rsq= 5e-11 (cf 1e-10) rel = 1 (cf 0) restarts = 4 iters= 774
CONGRAD5: time = 5.296640e-01 (fn F) masses = 1 iters = 747 mflops = 3.857033e+03
 OK converged final_rsq= 5e-11 (cf 1e-10) rel = 1 (cf 0) restarts = 4 iters= 747
GFTIME:   time = 8.531094e-02 (Symanzik1) mflops = 4.132193e+03
FFTIME:  time = 2.939301e-01 (asqtad3) terms = 2 mflops = 3.401701e+03
CONGRAD5: time = 5.599129e-01 (fn F) masses = 1 iters = 788 mflops = 3.848920e+03
 OK converged final_rsq= 4.9e-11 (cf 1e-10) rel = 1 (cf 0) restarts = 4 iters= 788
CONGRAD5: time = 5.239799e-01 (fn F) masses = 1 iters = 739 mflops = 3.857119e+03
 OK converged final_rsq= 9.9e-11 (cf 1e-10) rel = 1 (cf 0) restarts = 3 iters= 739
GFTIME:   time = 8.533382e-02 (Symanzik1) mflops = 4.131084e+03
FFTIME:  time = 2.951019e-01 (asqtad3) terms = 2 mflops = 3.388193e+03
CONGRAD5: time = 5.434411e-01 (fn F) masses = 1 iters = 757 mflops = 3.809576e+03
 OK converged final_rsq= 5e-11 (cf 1e-10) rel = 1 (cf 0) restarts = 4 iters= 757
CONGRAD5: time = 5.367379e-01 (fn F) masses = 1 iters = 758 mflops = 3.862248e+03
 OK converged final_rsq= 5e-11 (cf 1e-10) rel = 1 (cf 0) restarts = 4 iters= 758
GFTIME:   time = 8.514595e-02 (Symanzik1) mflops = 4.140199e+03
FFTIME:  time = 2.950342e-01 (asqtad3) terms = 2 mflops = 3.388971e+03
CONGRAD5: time = 5.467598e-01 (fn F) masses = 1 iters = 770 mflops = 3.851477e+03
 OK converged final_rsq= 5e-11 (cf 1e-10) rel = 1 (cf 0) restarts = 4 iters= 770
CONGRAD5: time = 5.289700e-01 (fn F) masses = 1 iters = 746 mflops = 3.856923e+03
 OK converged final_rsq= 5e-11 (cf 1e-10) rel = 1 (cf 0) restarts = 4 iters= 746
GFTIME:   time = 8.495593e-02 (Symanzik1) mflops = 4.149460e+03
FFTIME:  time = 2.932968e-01 (asqtad3) terms = 2 mflops = 3.409046e+03
CONGRAD5: time = 5.416250e-01 (fn F) masses = 1 iters = 763 mflops = 3.852645e+03
 OK converged final_rsq= 5e-11 (cf 1e-10) rel = 1 (cf 0) restarts = 4 iters= 763
CONGRAD5: time = 5.338559e-01 (fn F) masses = 1 iters = 753 mflops = 3.857484e+03
 OK converged final_rsq= 1e-10 (cf 1e-10) rel = 1 (cf 0) restarts = 3 iters= 753
GFTIME:   time = 8.488798e-02 (Symanzik1) mflops = 4.152781e+03
FFTIME:  time = 2.947671e-01 (asqtad3) terms = 2 mflops = 3.392041e+03
PLAQ:	1.459433	1.458465
P_LOOP:	1.615889e-02	-8.026718e-03
G_LOOP:  0  0  4   	1.459195e+00	( 0 1 7 6  )
G_LOOP:  0  1  4   	1.460791e+00	( 0 2 7 5  )
G_LOOP:  0  2  4   	1.460614e+00	( 0 3 7 4  )
G_LOOP:  0  3  4   	1.458314e+00	( 1 2 6 5  )
G_LOOP:  0  4  4   	1.457892e+00	( 1 3 6 4  )
G_LOOP:  0  5  4   	1.456888e+00	( 2 3 5 4  )
G_LOOP:  1  0  6   	6.983939e-01	( 0 0 1 7 7 6  )
G_LOOP:  1  1  6   	7.042719e-01	( 0 0 2 7 7 5  )
G_LOOP:  1  2  6   	7.000097e-01	( 0 0 3 7 7 4  )
G_LOOP:  1  3  6   	6.967192e-01	( 1 1 0 6 6 7  )
G_LOOP:  1  4  6   	6.984864e-01	( 1 1 2 6 6 5  )
G_LOOP:  1  5  6   	6.968441e-01	( 1 1 3 6 6 4  )
G_LOOP:  1  6  6   	6.998432e-01	( 2 2 0 5 5 7  )
G_LOOP:  1  7  6   	6.985943e-01	( 2 2 1 5 5 6  )
G_LOOP:  1  8  6   	6.990863e-01	( 2 2 3 5 5 4  )
G_LOOP:  1  9  6   	6.999809e-01	( 3 3 0 4 4 7  )
G_LOOP:  1  10  6   	6.973355e-01	( 3 3 1 4 4 6  )
G_LOOP:  1  11  6   	6.941445e-01	( 3 3 2 4 4 5  )
G_LOOP:  2  0  6   	7.139080e-01	( 0 1 2 7 6 5  )
G_LOOP:  2  1  6   	7.119920e-01	( 0 1 5 7 6 2  )
G_LOOP:  2  2  6   	7.117254e-01	( 0 6 2 7 1 5  )
G_LOOP:  2  3  6   	7.124687e-01	( 0 6 5 7 1 2  )
G_LOOP:  2  4  6   	7.159880e-01	( 0 1 3 7 6 4  )
G_LOOP:  2  5  6   	7.136556e-01	( 0 1 4 7 6 3  )
G_LOOP:  2  6  6   	7.124254e-01	( 0 6 3 7 1 4  )
G_LOOP:  2  7  6   	7.110729e-01	( 0 6 4 7 1 3  )
G_LOOP:  2  8  6   	7.144444e-01	( 0 2 3 7 5 4  )
G_LOOP:  2  9  6   	7.125228e-01	( 0 2 4 7 5 3  )
G_LOOP:  2  10  6   	7.149983e-01	( 0 5 3 7 2 4  )
G_LOOP:  2  11  6   	7.100563e-01	( 0 5 4 7 2 3  )
G_LOOP:  2  12  6   	7.109843e-01	( 1 2 3 6 5 4  )
G_LOOP:  2  13  6   	7.097229e-01	( 1 2 4 6 5 3  )
G_LOOP:  2  14  6   	7.117955e-01	( 1 5 3 6 2 4  )
G_LOOP:  2  15  6   	7.069325e-01	( 1 5 4 6 2 3  )
GACTION: 6.725127e+00
CONGRAD5: time = 5.105009e-01 (fn F) masses = 1 iters = 718 mflops = 3.846459e+03
 OK converged final_rsq= 5e-11 (cf 1e-10) rel = 1 (cf 0) restarts = 4 iters= 718
CONGRAD5: time = 5.487013e-02 (fn F) masses = 1 iters = 75 mflops = 3.738165e+03
 OK converged final_rsq= 1e-10 (cf 1e-10) rel = 1 (cf 0) restarts = 1 iters= 75
PBP: mass 1.000000e-02     6.464430e-02  5.646403e-02  3.676150e-03  3.676061e-03 ( 1 of 1 )
FACTION: mass = 1.000000e-02,  1.503793e+00 ( 1 of 1 )
CONGRAD5: time = 5.558181e-01 (fn F) masses = 1 iters = 755 mflops = 3.714903e+03
 OK converged final_rsq= 5e-11 (cf 1e-10) rel = 1 (cf 0) restarts = 4 iters= 755
CONGRAD5: time = 5.733991e-02 (fn F) masses = 1 iters = 76 mflops = 3.624848e+03
 OK converged final_rsq= 9.8e-11 (cf 1e-10) rel = 1 (cf 0) restarts = 1 iters= 76
PBP: mass 1.000000e-02     6.353492e-02  4.823133e-02  -5.438112e-03  -5.433117e-03 ( 1 of 1 )
FACTION: mass = 1.000000e-02,  1.504196e+00 ( 1 of 1 )
RUNNING COMPLETED
average cg iters for step= 1.451250e+03
Time = 9.914675e+01 seconds
total_iters = 181038
Checksums f5dc514d a700d500
Saved gauge configuration in parallel to binary file lat_p64_size64_2
Time stamp Thu May 19 13:22:57 2022
Wrote info file lat_p64_size64_2.info
Time to save = 2.959204e-02
CHECK PLAQ: 1.459433e+00 1.458465e+00
CHECK NERSC LINKTR: 1.436480e-01 CKSUM: 409d2cae


get_i(0): EOF on input.
Elapsed total time: 110.608681
exit: Thu May 19 13:22:57 2022

