SU3 with improved KS action
Microcanonical simulation with refreshing
R algorithm
MIMD version 7.8.1
Machine = MPI (portable), with 64 nodes
Host(0) = nid00053
Username = mcopik
Options selected...
Generic single precision
C_GLOBAL_INLINE
DBLSTORE_FN
D_FN_GATHER13
FEWSUMS
KS_MULTIFF=FNMAT
VECLENGTH=4
type 0 for no prompts, 1 for prompts, or 2 for proofreading
nflavors1 2
nflavors2 1
nx 16
ny 16
nz 8
nt 36
iseed 5682304
LAYOUT = Hypercubes, options = hyper_prime,
automatic hyper_prime layout
ON EACH NODE 4 x 4 x 8 x 9
Mallocing 1.1 MBytes per node for lattice
WARNING!!: Resetting random seed
Made lattice
Made nn gathers
Made 3nn gathers
Finished setup


warms 0
trajecs 4
traj_between_meas 1
beta 5.6
mass1 0.125
mass2 0.125
u0 0.8441
microcanonical_time_step 0.2
steps_per_trajectory 5
max_cg_iterations 100
max_cg_restarts 5
error_per_site 0.125
error_for_propagator 0.125
npbp_reps 1
prec_pbp 1
fresh 
save_parallel lat_p64_size64_1
unit gauge configuration loaded
CHECK PLAQ: 3.000000e+00 3.000000e+00
CHECK NERSC LINKTR: 1.000000e+00 CKSUM: 0
Unitarity checked.  Max deviation 0.00e+00
Time to check unitarity = 3.681183e-04
"O(a^2): couplings(pi)=0, Naik term, No O(a^2) errors, tadpole weights"
path coefficients: npath  path_coeff  multiplicity
                    0      6.250000e-01     8
                    1      -5.847914e-02     8
                    2      -8.771871e-02     48
                    3      3.077829e-02     192
                    4      -7.199551e-03     384
                    5      -1.231132e-01     48
Symanzik 1x1 + 1x2 + 1x1x1 action
gauge_action: total_dyn_flavors = 3
loop coefficients: nloop rep loop_coeff  multiplicity
                    0 0      1.000000e+00     6
                    1 0      -7.762509e-02     12
                    2 0      -1.031171e-02     16
WARMUPS COMPLETED
CONGRAD5: time = 5.225897e-03 (fn F) masses = 1 iters = 4 mflops = 1.046652e+03
 OK converged final_rsq= 0.006 (cf 0.016) rel = 1 (cf 0) restarts = 1 iters= 4
CONGRAD5: time = 4.068136e-03 (fn F) masses = 1 iters = 4 mflops = 1.344521e+03
 OK converged final_rsq= 0.0059 (cf 0.016) rel = 1 (cf 0) restarts = 1 iters= 4
GFTIME:   time = 7.904601e-02 (Symanzik1) mflops = 2.229848e+03
FFTIME:  time = 1.734421e-01 (asqtad3) terms = 2 mflops = 2.882409e+03
CONGRAD5: time = 4.187107e-03 (fn F) masses = 1 iters = 4 mflops = 1.306319e+03
 OK converged final_rsq= 0.01 (cf 0.016) rel = 1 (cf 0) restarts = 1 iters= 4
CONGRAD5: time = 3.762960e-03 (fn F) masses = 1 iters = 4 mflops = 1.453562e+03
 OK converged final_rsq= 0.0098 (cf 0.016) rel = 1 (cf 0) restarts = 1 iters= 4
GFTIME:   time = 7.398891e-02 (Symanzik1) mflops = 2.382257e+03
FFTIME:  time = 1.748228e-01 (asqtad3) terms = 2 mflops = 2.859645e+03
CONGRAD5: time = 3.958941e-03 (fn F) masses = 1 iters = 4 mflops = 1.381606e+03
 OK converged final_rsq= 0.014 (cf 0.016) rel = 1 (cf 0) restarts = 1 iters= 4
CONGRAD5: time = 3.638029e-03 (fn F) masses = 1 iters = 4 mflops = 1.503478e+03
 OK converged final_rsq= 0.014 (cf 0.016) rel = 1 (cf 0) restarts = 1 iters= 4
GFTIME:   time = 7.011390e-02 (Symanzik1) mflops = 2.513918e+03
FFTIME:  time = 1.525879e-01 (asqtad3) terms = 2 mflops = 3.276349e+03
CONGRAD5: time = 3.919125e-03 (fn F) masses = 1 iters = 4 mflops = 1.395642e+03
 OK converged final_rsq= 0.013 (cf 0.016) rel = 1 (cf 0) restarts = 1 iters= 4
CONGRAD5: time = 3.605843e-03 (fn F) masses = 1 iters = 4 mflops = 1.516898e+03
 OK converged final_rsq= 0.013 (cf 0.016) rel = 1 (cf 0) restarts = 1 iters= 4
GFTIME:   time = 7.095695e-02 (Symanzik1) mflops = 2.484050e+03
FFTIME:  time = 1.525209e-01 (asqtad3) terms = 2 mflops = 3.277788e+03
CONGRAD5: time = 3.829956e-03 (fn F) masses = 1 iters = 4 mflops = 1.428135e+03
 OK converged final_rsq= 0.011 (cf 0.016) rel = 1 (cf 0) restarts = 1 iters= 4
CONGRAD5: time = 3.584146e-03 (fn F) masses = 1 iters = 4 mflops = 1.526080e+03
 OK converged final_rsq= 0.011 (cf 0.016) rel = 1 (cf 0) restarts = 1 iters= 4
GFTIME:   time = 7.012296e-02 (Symanzik1) mflops = 2.513593e+03
FFTIME:  time = 1.536880e-01 (asqtad3) terms = 2 mflops = 3.252897e+03
PLAQ:	2.348046	2.347861
P_LOOP:	-6.323028e-03	-1.925636e-02
G_LOOP:  0  0  4   	2.346897e+00	( 0 1 7 6  )
G_LOOP:  0  1  4   	2.347695e+00	( 0 2 7 5  )
G_LOOP:  0  2  4   	2.348610e+00	( 0 3 7 4  )
G_LOOP:  0  3  4   	2.349546e+00	( 1 2 6 5  )
G_LOOP:  0  4  4   	2.347450e+00	( 1 3 6 4  )
G_LOOP:  0  5  4   	2.347524e+00	( 2 3 5 4  )
G_LOOP:  1  0  6   	1.770886e+00	( 0 0 1 7 7 6  )
G_LOOP:  1  1  6   	1.772085e+00	( 0 0 2 7 7 5  )
G_LOOP:  1  2  6   	1.772683e+00	( 0 0 3 7 7 4  )
G_LOOP:  1  3  6   	1.772206e+00	( 1 1 0 6 6 7  )
G_LOOP:  1  4  6   	1.778615e+00	( 1 1 2 6 6 5  )
G_LOOP:  1  5  6   	1.772779e+00	( 1 1 3 6 6 4  )
G_LOOP:  1  6  6   	1.774422e+00	( 2 2 0 5 5 7  )
G_LOOP:  1  7  6   	1.776307e+00	( 2 2 1 5 5 6  )
G_LOOP:  1  8  6   	1.772614e+00	( 2 2 3 5 5 4  )
G_LOOP:  1  9  6   	1.773361e+00	( 3 3 0 4 4 7  )
G_LOOP:  1  10  6   	1.772005e+00	( 3 3 1 4 4 6  )
G_LOOP:  1  11  6   	1.772996e+00	( 3 3 2 4 4 5  )
G_LOOP:  2  0  6   	1.819044e+00	( 0 1 2 7 6 5  )
G_LOOP:  2  1  6   	1.821657e+00	( 0 1 5 7 6 2  )
G_LOOP:  2  2  6   	1.822819e+00	( 0 6 2 7 1 5  )
G_LOOP:  2  3  6   	1.821404e+00	( 0 6 5 7 1 2  )
G_LOOP:  2  4  6   	1.821922e+00	( 0 1 3 7 6 4  )
G_LOOP:  2  5  6   	1.817338e+00	( 0 1 4 7 6 3  )
G_LOOP:  2  6  6   	1.820607e+00	( 0 6 3 7 1 4  )
G_LOOP:  2  7  6   	1.823181e+00	( 0 6 4 7 1 3  )
G_LOOP:  2  8  6   	1.818823e+00	( 0 2 3 7 5 4  )
G_LOOP:  2  9  6   	1.819541e+00	( 0 2 4 7 5 3  )
G_LOOP:  2  10  6   	1.822350e+00	( 0 5 3 7 2 4  )
G_LOOP:  2  11  6   	1.817598e+00	( 0 5 4 7 2 3  )
G_LOOP:  2  12  6   	1.821659e+00	( 1 2 3 6 5 4  )
G_LOOP:  2  13  6   	1.824220e+00	( 1 2 4 6 5 3  )
G_LOOP:  2  14  6   	1.821604e+00	( 1 5 3 6 2 4  )
G_LOOP:  2  15  6   	1.824104e+00	( 1 5 4 6 2 3  )
GACTION: 2.575211e+00
CONGRAD5: time = 3.774166e-03 (fn F) masses = 1 iters = 4 mflops = 1.449246e+03
 OK converged final_rsq= 0.01 (cf 0.016) rel = 1 (cf 0) restarts = 1 iters= 4
CONGRAD5: time = 4.792929e-03 (fn F) masses = 1 iters = 6 mflops = 1.711802e+03
 OK converged final_rsq= 0.0087 (cf 0.016) rel = 1 (cf 0) restarts = 1 iters= 6
PBP: mass 1.250000e-01     6.839631e-02  1.024361e-01  -6.252925e-04  -1.562877e-03 ( 1 of 1 )
FACTION: mass = 1.250000e-01,  1.470003e+00 ( 1 of 1 )
CONGRAD5: time = 3.623009e-03 (fn F) masses = 1 iters = 4 mflops = 1.509711e+03
 OK converged final_rsq= 0.01 (cf 0.016) rel = 1 (cf 0) restarts = 1 iters= 4
CONGRAD5: time = 4.772902e-03 (fn F) masses = 1 iters = 6 mflops = 1.718985e+03
 OK converged final_rsq= 0.0087 (cf 0.016) rel = 1 (cf 0) restarts = 1 iters= 6
PBP: mass 1.250000e-01     7.042779e-02  1.006423e-01  -2.239626e-03  -2.553548e-03 ( 1 of 1 )
FACTION: mass = 1.250000e-01,  1.472298e+00 ( 1 of 1 )
CONGRAD5: time = 3.875971e-03 (fn F) masses = 1 iters = 4 mflops = 1.411181e+03
 OK converged final_rsq= 0.012 (cf 0.016) rel = 1 (cf 0) restarts = 1 iters= 4
CONGRAD5: time = 3.574133e-03 (fn F) masses = 1 iters = 4 mflops = 1.530356e+03
 OK converged final_rsq= 0.011 (cf 0.016) rel = 1 (cf 0) restarts = 1 iters= 4
GFTIME:   time = 7.038498e-02 (Symanzik1) mflops = 2.504236e+03
FFTIME:  time = 1.526871e-01 (asqtad3) terms = 2 mflops = 3.274220e+03
CONGRAD5: time = 4.404068e-03 (fn F) masses = 1 iters = 5 mflops = 1.552456e+03
 OK converged final_rsq= 0.0069 (cf 0.016) rel = 1 (cf 0) restarts = 1 iters= 5
CONGRAD5: time = 3.551006e-03 (fn F) masses = 1 iters = 4 mflops = 1.540323e+03
 OK converged final_rsq= 0.015 (cf 0.016) rel = 1 (cf 0) restarts = 1 iters= 4
GFTIME:   time = 7.070112e-02 (Symanzik1) mflops = 2.493038e+03
FFTIME:  time = 1.529620e-01 (asqtad3) terms = 2 mflops = 3.268336e+03
CONGRAD5: time = 4.420996e-03 (fn F) masses = 1 iters = 5 mflops = 1.546511e+03
 OK converged final_rsq= 0.0088 (cf 0.016) rel = 1 (cf 0) restarts = 1 iters= 5
CONGRAD5: time = 4.144907e-03 (fn F) masses = 1 iters = 5 mflops = 1.649523e+03
 OK converged final_rsq= 0.0084 (cf 0.016) rel = 1 (cf 0) restarts = 1 iters= 5
GFTIME:   time = 7.045317e-02 (Symanzik1) mflops = 2.501812e+03
FFTIME:  time = 1.530449e-01 (asqtad3) terms = 2 mflops = 3.266564e+03
CONGRAD5: time = 4.456043e-03 (fn F) masses = 1 iters = 5 mflops = 1.534348e+03
 OK converged final_rsq= 0.0085 (cf 0.016) rel = 1 (cf 0) restarts = 1 iters= 5
CONGRAD5: time = 4.143000e-03 (fn F) masses = 1 iters = 5 mflops = 1.650283e+03
 OK converged final_rsq= 0.0083 (cf 0.016) rel = 1 (cf 0) restarts = 1 iters= 5
GFTIME:   time = 7.064581e-02 (Symanzik1) mflops = 2.494990e+03
FFTIME:  time = 1.525500e-01 (asqtad3) terms = 2 mflops = 3.277163e+03
CONGRAD5: time = 4.594803e-03 (fn F) masses = 1 iters = 5 mflops = 1.488012e+03
 OK converged final_rsq= 0.0074 (cf 0.016) rel = 1 (cf 0) restarts = 1 iters= 5
CONGRAD5: time = 3.690004e-03 (fn F) masses = 1 iters = 4 mflops = 1.482301e+03
 OK converged final_rsq= 0.015 (cf 0.016) rel = 1 (cf 0) restarts = 1 iters= 4
GFTIME:   time = 7.084703e-02 (Symanzik1) mflops = 2.487904e+03
FFTIME:  time = 1.546400e-01 (asqtad3) terms = 2 mflops = 3.232872e+03
PLAQ:	2.013197	2.012697
P_LOOP:	-9.701269e-03	-3.360078e-02
G_LOOP:  0  0  4   	2.010792e+00	( 0 1 7 6  )
G_LOOP:  0  1  4   	2.013326e+00	( 0 2 7 5  )
G_LOOP:  0  2  4   	2.011958e+00	( 0 3 7 4  )
G_LOOP:  0  3  4   	2.015472e+00	( 1 2 6 5  )
G_LOOP:  0  4  4   	2.013512e+00	( 1 3 6 4  )
G_LOOP:  0  5  4   	2.012622e+00	( 2 3 5 4  )
G_LOOP:  1  0  6   	1.296020e+00	( 0 0 1 7 7 6  )
G_LOOP:  1  1  6   	1.302380e+00	( 0 0 2 7 7 5  )
G_LOOP:  1  2  6   	1.300113e+00	( 0 0 3 7 7 4  )
G_LOOP:  1  3  6   	1.297978e+00	( 1 1 0 6 6 7  )
G_LOOP:  1  4  6   	1.302920e+00	( 1 1 2 6 6 5  )
G_LOOP:  1  5  6   	1.301147e+00	( 1 1 3 6 6 4  )
G_LOOP:  1  6  6   	1.301421e+00	( 2 2 0 5 5 7  )
G_LOOP:  1  7  6   	1.302576e+00	( 2 2 1 5 5 6  )
G_LOOP:  1  8  6   	1.298934e+00	( 2 2 3 5 5 4  )
G_LOOP:  1  9  6   	1.299910e+00	( 3 3 0 4 4 7  )
G_LOOP:  1  10  6   	1.299603e+00	( 3 3 1 4 4 6  )
G_LOOP:  1  11  6   	1.299806e+00	( 3 3 2 4 4 5  )
G_LOOP:  2  0  6   	1.339921e+00	( 0 1 2 7 6 5  )
G_LOOP:  2  1  6   	1.347332e+00	( 0 1 5 7 6 2  )
G_LOOP:  2  2  6   	1.347822e+00	( 0 6 2 7 1 5  )
G_LOOP:  2  3  6   	1.345578e+00	( 0 6 5 7 1 2  )
G_LOOP:  2  4  6   	1.348037e+00	( 0 1 3 7 6 4  )
G_LOOP:  2  5  6   	1.342259e+00	( 0 1 4 7 6 3  )
G_LOOP:  2  6  6   	1.341849e+00	( 0 6 3 7 1 4  )
G_LOOP:  2  7  6   	1.343166e+00	( 0 6 4 7 1 3  )
G_LOOP:  2  8  6   	1.344500e+00	( 0 2 3 7 5 4  )
G_LOOP:  2  9  6   	1.342721e+00	( 0 2 4 7 5 3  )
G_LOOP:  2  10  6   	1.346118e+00	( 0 5 3 7 2 4  )
G_LOOP:  2  11  6   	1.343245e+00	( 0 5 4 7 2 3  )
G_LOOP:  2  12  6   	1.346085e+00	( 1 2 3 6 5 4  )
G_LOOP:  2  13  6   	1.347991e+00	( 1 2 4 6 5 3  )
G_LOOP:  2  14  6   	1.347405e+00	( 1 5 3 6 2 4  )
G_LOOP:  2  15  6   	1.344994e+00	( 1 5 4 6 2 3  )
GACTION: 4.065920e+00
CONGRAD5: time = 3.695965e-03 (fn F) masses = 1 iters = 4 mflops = 1.479910e+03
 OK converged final_rsq= 0.014 (cf 0.016) rel = 1 (cf 0) restarts = 1 iters= 4
CONGRAD5: time = 4.775047e-03 (fn F) masses = 1 iters = 6 mflops = 1.718212e+03
 OK converged final_rsq= 0.013 (cf 0.016) rel = 1 (cf 0) restarts = 1 iters= 6
PBP: mass 1.250000e-01     8.666703e-02  1.656794e-01  8.855824e-04  1.540118e-03 ( 1 of 1 )
FACTION: mass = 1.250000e-01,  1.448829e+00 ( 1 of 1 )
CONGRAD5: time = 3.700018e-03 (fn F) masses = 1 iters = 4 mflops = 1.478289e+03
 OK converged final_rsq= 0.014 (cf 0.016) rel = 1 (cf 0) restarts = 1 iters= 4
CONGRAD5: time = 4.859924e-03 (fn F) masses = 1 iters = 6 mflops = 1.688204e+03
 OK converged final_rsq= 0.013 (cf 0.016) rel = 1 (cf 0) restarts = 1 iters= 6
PBP: mass 1.250000e-01     8.854628e-02  1.707834e-01  -1.891601e-04  1.187543e-04 ( 1 of 1 )
FACTION: mass = 1.250000e-01,  1.441431e+00 ( 1 of 1 )
CONGRAD5: time = 4.482031e-03 (fn F) masses = 1 iters = 5 mflops = 1.525451e+03
 OK converged final_rsq= 0.0075 (cf 0.016) rel = 1 (cf 0) restarts = 1 iters= 5
CONGRAD5: time = 3.544807e-03 (fn F) masses = 1 iters = 4 mflops = 1.543016e+03
 OK converged final_rsq= 0.015 (cf 0.016) rel = 1 (cf 0) restarts = 1 iters= 4
GFTIME:   time = 7.056785e-02 (Symanzik1) mflops = 2.497747e+03
FFTIME:  time = 1.552031e-01 (asqtad3) terms = 2 mflops = 3.221141e+03
CONGRAD5: time = 4.539013e-03 (fn F) masses = 1 iters = 5 mflops = 1.506301e+03
 OK converged final_rsq= 0.0094 (cf 0.016) rel = 1 (cf 0) restarts = 1 iters= 5
CONGRAD5: time = 4.279852e-03 (fn F) masses = 1 iters = 5 mflops = 1.597513e+03
 OK converged final_rsq= 0.0087 (cf 0.016) rel = 1 (cf 0) restarts = 1 iters= 5
GFTIME:   time = 7.055306e-02 (Symanzik1) mflops = 2.498270e+03
FFTIME:  time = 1.549041e-01 (asqtad3) terms = 2 mflops = 3.227358e+03
CONGRAD5: time = 4.424095e-03 (fn F) masses = 1 iters = 5 mflops = 1.545428e+03
 OK converged final_rsq= 0.011 (cf 0.016) rel = 1 (cf 0) restarts = 1 iters= 5
CONGRAD5: time = 4.149199e-03 (fn F) masses = 1 iters = 5 mflops = 1.647817e+03
 OK converged final_rsq= 0.01 (cf 0.016) rel = 1 (cf 0) restarts = 1 iters= 5
GFTIME:   time = 7.058096e-02 (Symanzik1) mflops = 2.497283e+03
FFTIME:  time = 1.548598e-01 (asqtad3) terms = 2 mflops = 3.228283e+03
CONGRAD5: time = 4.521132e-03 (fn F) masses = 1 iters = 5 mflops = 1.512259e+03
 OK converged final_rsq= 0.011 (cf 0.016) rel = 1 (cf 0) restarts = 1 iters= 5
CONGRAD5: time = 4.262924e-03 (fn F) masses = 1 iters = 5 mflops = 1.603857e+03
 OK converged final_rsq= 0.01 (cf 0.016) rel = 1 (cf 0) restarts = 1 iters= 5
GFTIME:   time = 7.070899e-02 (Symanzik1) mflops = 2.492761e+03
FFTIME:  time = 1.548340e-01 (asqtad3) terms = 2 mflops = 3.228819e+03
CONGRAD5: time = 4.462957e-03 (fn F) masses = 1 iters = 5 mflops = 1.531971e+03
 OK converged final_rsq= 0.0099 (cf 0.016) rel = 1 (cf 0) restarts = 1 iters= 5
CONGRAD5: time = 4.181862e-03 (fn F) masses = 1 iters = 5 mflops = 1.634946e+03
 OK converged final_rsq= 0.0095 (cf 0.016) rel = 1 (cf 0) restarts = 1 iters= 5
GFTIME:   time = 7.068706e-02 (Symanzik1) mflops = 2.493534e+03
FFTIME:  time = 1.544831e-01 (asqtad3) terms = 2 mflops = 3.236155e+03
PLAQ:	1.791285	1.791269
P_LOOP:	-6.432488e-03	-5.703920e-03
G_LOOP:  0  0  4   	1.790148e+00	( 0 1 7 6  )
G_LOOP:  0  1  4   	1.791518e+00	( 0 2 7 5  )
G_LOOP:  0  2  4   	1.792043e+00	( 0 3 7 4  )
G_LOOP:  0  3  4   	1.792188e+00	( 1 2 6 5  )
G_LOOP:  0  4  4   	1.790762e+00	( 1 3 6 4  )
G_LOOP:  0  5  4   	1.791001e+00	( 2 3 5 4  )
G_LOOP:  1  0  6   	1.019748e+00	( 0 0 1 7 7 6  )
G_LOOP:  1  1  6   	1.025132e+00	( 0 0 2 7 7 5  )
G_LOOP:  1  2  6   	1.023343e+00	( 0 0 3 7 7 4  )
G_LOOP:  1  3  6   	1.020574e+00	( 1 1 0 6 6 7  )
G_LOOP:  1  4  6   	1.021528e+00	( 1 1 2 6 6 5  )
G_LOOP:  1  5  6   	1.025131e+00	( 1 1 3 6 6 4  )
G_LOOP:  1  6  6   	1.026650e+00	( 2 2 0 5 5 7  )
G_LOOP:  1  7  6   	1.018998e+00	( 2 2 1 5 5 6  )
G_LOOP:  1  8  6   	1.019490e+00	( 2 2 3 5 5 4  )
G_LOOP:  1  9  6   	1.025211e+00	( 3 3 0 4 4 7  )
G_LOOP:  1  10  6   	1.026625e+00	( 3 3 1 4 4 6  )
G_LOOP:  1  11  6   	1.022026e+00	( 3 3 2 4 4 5  )
G_LOOP:  2  0  6   	1.057034e+00	( 0 1 2 7 6 5  )
G_LOOP:  2  1  6   	1.059629e+00	( 0 1 5 7 6 2  )
G_LOOP:  2  2  6   	1.056571e+00	( 0 6 2 7 1 5  )
G_LOOP:  2  3  6   	1.053607e+00	( 0 6 5 7 1 2  )
G_LOOP:  2  4  6   	1.063099e+00	( 0 1 3 7 6 4  )
G_LOOP:  2  5  6   	1.054479e+00	( 0 1 4 7 6 3  )
G_LOOP:  2  6  6   	1.050944e+00	( 0 6 3 7 1 4  )
G_LOOP:  2  7  6   	1.056895e+00	( 0 6 4 7 1 3  )
G_LOOP:  2  8  6   	1.054540e+00	( 0 2 3 7 5 4  )
G_LOOP:  2  9  6   	1.059955e+00	( 0 2 4 7 5 3  )
G_LOOP:  2  10  6   	1.063218e+00	( 0 5 3 7 2 4  )
G_LOOP:  2  11  6   	1.057845e+00	( 0 5 4 7 2 3  )
G_LOOP:  2  12  6   	1.060030e+00	( 1 2 3 6 5 4  )
G_LOOP:  2  13  6   	1.055929e+00	( 1 2 4 6 5 3  )
G_LOOP:  2  14  6   	1.056636e+00	( 1 5 3 6 2 4  )
G_LOOP:  2  15  6   	1.057973e+00	( 1 5 4 6 2 3  )
GACTION: 5.090137e+00
CONGRAD5: time = 4.321098e-03 (fn F) masses = 1 iters = 5 mflops = 1.582264e+03
 OK converged final_rsq= 0.0085 (cf 0.016) rel = 1 (cf 0) restarts = 1 iters= 5
CONGRAD5: time = 4.869938e-03 (fn F) masses = 1 iters = 6 mflops = 1.684733e+03
 OK converged final_rsq= 0.015 (cf 0.016) rel = 1 (cf 0) restarts = 1 iters= 6
PBP: mass 1.250000e-01     1.097814e-01  3.050916e-01  6.159745e-04  1.073530e-03 ( 1 of 1 )
FACTION: mass = 1.250000e-01,  1.454408e+00 ( 1 of 1 )
CONGRAD5: time = 4.338980e-03 (fn F) masses = 1 iters = 5 mflops = 1.575744e+03
 OK converged final_rsq= 0.0085 (cf 0.016) rel = 1 (cf 0) restarts = 1 iters= 5
CONGRAD5: time = 4.781961e-03 (fn F) masses = 1 iters = 6 mflops = 1.715728e+03
 OK converged final_rsq= 0.015 (cf 0.016) rel = 1 (cf 0) restarts = 1 iters= 6
PBP: mass 1.250000e-01     1.050922e-01  3.076434e-01  3.700241e-03  3.379920e-03 ( 1 of 1 )
FACTION: mass = 1.250000e-01,  1.453909e+00 ( 1 of 1 )
CONGRAD5: time = 4.430056e-03 (fn F) masses = 1 iters = 5 mflops = 1.543349e+03
 OK converged final_rsq= 0.01 (cf 0.016) rel = 1 (cf 0) restarts = 1 iters= 5
CONGRAD5: time = 4.173994e-03 (fn F) masses = 1 iters = 5 mflops = 1.638028e+03
 OK converged final_rsq= 0.0097 (cf 0.016) rel = 1 (cf 0) restarts = 1 iters= 5
GFTIME:   time = 7.058382e-02 (Symanzik1) mflops = 2.497181e+03
FFTIME:  time = 1.551201e-01 (asqtad3) terms = 2 mflops = 3.222864e+03
CONGRAD5: time = 4.590034e-03 (fn F) masses = 1 iters = 5 mflops = 1.489557e+03
 OK converged final_rsq= 0.012 (cf 0.016) rel = 1 (cf 0) restarts = 1 iters= 5
CONGRAD5: time = 4.209042e-03 (fn F) masses = 1 iters = 5 mflops = 1.624389e+03
 OK converged final_rsq= 0.011 (cf 0.016) rel = 1 (cf 0) restarts = 1 iters= 5
GFTIME:   time = 7.087398e-02 (Symanzik1) mflops = 2.486958e+03
FFTIME:  time = 1.550429e-01 (asqtad3) terms = 2 mflops = 3.224470e+03
CONGRAD5: time = 4.466057e-03 (fn F) masses = 1 iters = 5 mflops = 1.530908e+03
 OK converged final_rsq= 0.012 (cf 0.016) rel = 1 (cf 0) restarts = 1 iters= 5
CONGRAD5: time = 4.175186e-03 (fn F) masses = 1 iters = 5 mflops = 1.637561e+03
 OK converged final_rsq= 0.012 (cf 0.016) rel = 1 (cf 0) restarts = 1 iters= 5
GFTIME:   time = 7.075310e-02 (Symanzik1) mflops = 2.491207e+03
FFTIME:  time = 1.551361e-01 (asqtad3) terms = 2 mflops = 3.222532e+03
CONGRAD5: time = 4.517794e-03 (fn F) masses = 1 iters = 5 mflops = 1.513376e+03
 OK converged final_rsq= 0.012 (cf 0.016) rel = 1 (cf 0) restarts = 1 iters= 5
CONGRAD5: time = 4.302979e-03 (fn F) masses = 1 iters = 5 mflops = 1.588927e+03
 OK converged final_rsq= 0.012 (cf 0.016) rel = 1 (cf 0) restarts = 1 iters= 5
GFTIME:   time = 7.073402e-02 (Symanzik1) mflops = 2.491879e+03
FFTIME:  time = 1.552999e-01 (asqtad3) terms = 2 mflops = 3.219134e+03
CONGRAD5: time = 4.461050e-03 (fn F) masses = 1 iters = 5 mflops = 1.532626e+03
 OK converged final_rsq= 0.012 (cf 0.016) rel = 1 (cf 0) restarts = 1 iters= 5
CONGRAD5: time = 4.137039e-03 (fn F) masses = 1 iters = 5 mflops = 1.652660e+03
 OK converged final_rsq= 0.011 (cf 0.016) rel = 1 (cf 0) restarts = 1 iters= 5
GFTIME:   time = 7.110190e-02 (Symanzik1) mflops = 2.478986e+03
FFTIME:  time = 1.548412e-01 (asqtad3) terms = 2 mflops = 3.228670e+03
PLAQ:	1.644329	1.645266
P_LOOP:	-6.709790e-03	2.457538e-02
G_LOOP:  0  0  4   	1.645259e+00	( 0 1 7 6  )
G_LOOP:  0  1  4   	1.644887e+00	( 0 2 7 5  )
G_LOOP:  0  2  4   	1.648300e+00	( 0 3 7 4  )
G_LOOP:  0  3  4   	1.642841e+00	( 1 2 6 5  )
G_LOOP:  0  4  4   	1.643302e+00	( 1 3 6 4  )
G_LOOP:  0  5  4   	1.644196e+00	( 2 3 5 4  )
G_LOOP:  1  0  6   	8.570332e-01	( 0 0 1 7 7 6  )
G_LOOP:  1  1  6   	8.564349e-01	( 0 0 2 7 7 5  )
G_LOOP:  1  2  6   	8.575904e-01	( 0 0 3 7 7 4  )
G_LOOP:  1  3  6   	8.546200e-01	( 1 1 0 6 6 7  )
G_LOOP:  1  4  6   	8.518105e-01	( 1 1 2 6 6 5  )
G_LOOP:  1  5  6   	8.528352e-01	( 1 1 3 6 6 4  )
G_LOOP:  1  6  6   	8.522190e-01	( 2 2 0 5 5 7  )
G_LOOP:  1  7  6   	8.538568e-01	( 2 2 1 5 5 6  )
G_LOOP:  1  8  6   	8.539536e-01	( 2 2 3 5 5 4  )
G_LOOP:  1  9  6   	8.538749e-01	( 3 3 0 4 4 7  )
G_LOOP:  1  10  6   	8.509052e-01	( 3 3 1 4 4 6  )
G_LOOP:  1  11  6   	8.542319e-01	( 3 3 2 4 4 5  )
G_LOOP:  2  0  6   	8.757616e-01	( 0 1 2 7 6 5  )
G_LOOP:  2  1  6   	8.783519e-01	( 0 1 5 7 6 2  )
G_LOOP:  2  2  6   	8.732871e-01	( 0 6 2 7 1 5  )
G_LOOP:  2  3  6   	8.757185e-01	( 0 6 5 7 1 2  )
G_LOOP:  2  4  6   	8.808826e-01	( 0 1 3 7 6 4  )
G_LOOP:  2  5  6   	8.805856e-01	( 0 1 4 7 6 3  )
G_LOOP:  2  6  6   	8.736942e-01	( 0 6 3 7 1 4  )
G_LOOP:  2  7  6   	8.766187e-01	( 0 6 4 7 1 3  )
G_LOOP:  2  8  6   	8.765765e-01	( 0 2 3 7 5 4  )
G_LOOP:  2  9  6   	8.804759e-01	( 0 2 4 7 5 3  )
G_LOOP:  2  10  6   	8.758448e-01	( 0 5 3 7 2 4  )
G_LOOP:  2  11  6   	8.745625e-01	( 0 5 4 7 2 3  )
G_LOOP:  2  12  6   	8.722904e-01	( 1 2 3 6 5 4  )
G_LOOP:  2  13  6   	8.801306e-01	( 1 2 4 6 5 3  )
G_LOOP:  2  14  6   	8.763059e-01	( 1 5 3 6 2 4  )
G_LOOP:  2  15  6   	8.742140e-01	( 1 5 4 6 2 3  )
GACTION: 5.781983e+00
CONGRAD5: time = 4.406929e-03 (fn F) masses = 1 iters = 5 mflops = 1.551448e+03
 OK converged final_rsq= 0.01 (cf 0.016) rel = 1 (cf 0) restarts = 1 iters= 5
CONGRAD5: time = 5.465984e-03 (fn F) masses = 1 iters = 7 mflops = 1.751188e+03
 OK converged final_rsq= 0.0082 (cf 0.016) rel = 1 (cf 0) restarts = 1 iters= 7
PBP: mass 1.250000e-01     1.244008e-01  3.278295e-01  1.524636e-03  4.785546e-05 ( 1 of 1 )
FACTION: mass = 1.250000e-01,  1.429116e+00 ( 1 of 1 )
CONGRAD5: time = 4.227877e-03 (fn F) masses = 1 iters = 5 mflops = 1.617152e+03
 OK converged final_rsq= 0.01 (cf 0.016) rel = 1 (cf 0) restarts = 1 iters= 5
CONGRAD5: time = 5.373001e-03 (fn F) masses = 1 iters = 7 mflops = 1.781494e+03
 OK converged final_rsq= 0.0083 (cf 0.016) rel = 1 (cf 0) restarts = 1 iters= 7
PBP: mass 1.250000e-01     1.240261e-01  3.300110e-01  -6.302996e-04  -4.874612e-04 ( 1 of 1 )
FACTION: mass = 1.250000e-01,  1.440693e+00 ( 1 of 1 )
RUNNING COMPLETED
average cg iters for step= 1.100000e+01
Time = 7.186568e+00 seconds
total_iters = 552
Checksums eb39cb37 375da3b2
Saved gauge configuration in parallel to binary file lat_p64_size64_1
Time stamp Fri Aug 12 23:27:23 2022
Wrote info file lat_p64_size64_1.info
Time to save = 2.131619e-01
CHECK PLAQ: 1.644329e+00 1.645266e+00
CHECK NERSC LINKTR: 1.712149e-01 CKSUM: b2397a8b


warms 0
trajecs 4
traj_between_meas 1
beta 5.6
mass1 0.01
mass2 0.01
u0 0.8441
microcanonical_time_step 0.02
steps_per_trajectory 15
max_cg_iterations 300
max_cg_restarts 5
error_per_site 1e-05
error_for_propagator 1e-05
npbp_reps 1
prec_pbp 1
reload_parallel lat_p64_size64_1
save_parallel lat_p64_size64_2
Restored binary gauge configuration in parallel from file lat_p64_size64_1
Time stamp Fri Aug 12 23:27:23 2022
Checksums eb39cb37 375da3b2 OK
Time to reload gauge configuration = 2.504821e-01
CHECK PLAQ: 1.644329e+00 1.645266e+00
CHECK NERSC LINKTR: 1.712149e-01 CKSUM: b2397a8b
Unitarity checked.  Max deviation 2.98e-07
Time to check unitarity = 2.279282e-04
"O(a^2): couplings(pi)=0, Naik term, No O(a^2) errors, tadpole weights"
path coefficients: npath  path_coeff  multiplicity
                    0      6.250000e-01     8
                    1      -5.847914e-02     8
                    2      -8.771871e-02     48
                    3      3.077829e-02     192
                    4      -7.199551e-03     384
                    5      -1.231132e-01     48
Symanzik 1x1 + 1x2 + 1x1x1 action
gauge_action: total_dyn_flavors = 3
loop coefficients: nloop rep loop_coeff  multiplicity
                    0 0      1.000000e+00     6
                    1 0      -7.762509e-02     12
                    2 0      -1.031171e-02     16
WARMUPS COMPLETED
CONGRAD5: time = 3.676159e-01 (fn F) masses = 1 iters = 602 mflops = 2.239264e+03
 OK converged final_rsq= 8.7e-11 (cf 1e-10) rel = 1 (cf 0) restarts = 3 iters= 602
CONGRAD5: time = 3.670530e-01 (fn F) masses = 1 iters = 602 mflops = 2.242698e+03
 OK converged final_rsq= 5.9e-11 (cf 1e-10) rel = 1 (cf 0) restarts = 3 iters= 602
GFTIME:   time = 7.106400e-02 (Symanzik1) mflops = 2.480308e+03
FFTIME:  time = 1.551890e-01 (asqtad3) terms = 2 mflops = 3.221433e+03
CONGRAD5: time = 4.241769e-01 (fn F) masses = 1 iters = 697 mflops = 2.246927e+03
 OK converged final_rsq= 1e-10 (cf 1e-10) rel = 1 (cf 0) restarts = 3 iters= 697
CONGRAD5: time = 3.660531e-01 (fn F) masses = 1 iters = 602 mflops = 2.248825e+03
 OK converged final_rsq= 8.1e-11 (cf 1e-10) rel = 1 (cf 0) restarts = 3 iters= 602
GFTIME:   time = 7.120109e-02 (Symanzik1) mflops = 2.475533e+03
FFTIME:  time = 1.549380e-01 (asqtad3) terms = 2 mflops = 3.226653e+03
CONGRAD5: time = 4.238601e-01 (fn F) masses = 1 iters = 696 mflops = 2.245380e+03
 OK converged final_rsq= 9.8e-11 (cf 1e-10) rel = 1 (cf 0) restarts = 3 iters= 696
CONGRAD5: time = 3.669400e-01 (fn F) masses = 1 iters = 602 mflops = 2.243389e+03
 OK converged final_rsq= 4.9e-11 (cf 1e-10) rel = 1 (cf 0) restarts = 3 iters= 602
GFTIME:   time = 7.089400e-02 (Symanzik1) mflops = 2.486256e+03
FFTIME:  time = 1.556211e-01 (asqtad3) terms = 2 mflops = 3.212490e+03
CONGRAD5: time = 4.482951e-01 (fn F) masses = 1 iters = 736 mflops = 2.245003e+03
 OK converged final_rsq= 5e-11 (cf 1e-10) rel = 1 (cf 0) restarts = 4 iters= 736
CONGRAD5: time = 3.663449e-01 (fn F) masses = 1 iters = 602 mflops = 2.247033e+03
 OK converged final_rsq= 6.1e-11 (cf 1e-10) rel = 1 (cf 0) restarts = 3 iters= 602
GFTIME:   time = 7.081485e-02 (Symanzik1) mflops = 2.489035e+03
FFTIME:  time = 1.549480e-01 (asqtad3) terms = 2 mflops = 3.226445e+03
CONGRAD5: time = 4.390018e-01 (fn F) masses = 1 iters = 712 mflops = 2.217772e+03
 OK converged final_rsq= 9.9e-11 (cf 1e-10) rel = 1 (cf 0) restarts = 3 iters= 712
CONGRAD5: time = 4.632862e-01 (fn F) masses = 1 iters = 602 mflops = 1.776848e+03
 OK converged final_rsq= 4.4e-11 (cf 1e-10) rel = 1 (cf 0) restarts = 3 iters= 602
GFTIME:   time = 8.149219e-02 (Symanzik1) mflops = 2.162914e+03
FFTIME:  time = 1.533871e-01 (asqtad3) terms = 2 mflops = 3.259278e+03
CONGRAD5: time = 4.389908e-01 (fn F) masses = 1 iters = 723 mflops = 2.252092e+03
 OK converged final_rsq= 9.9e-11 (cf 1e-10) rel = 1 (cf 0) restarts = 3 iters= 723
CONGRAD5: time = 4.215591e-01 (fn F) masses = 1 iters = 694 mflops = 2.251149e+03
 OK converged final_rsq= 9.9e-11 (cf 1e-10) rel = 1 (cf 0) restarts = 3 iters= 694
GFTIME:   time = 7.057905e-02 (Symanzik1) mflops = 2.497350e+03
FFTIME:  time = 1.536291e-01 (asqtad3) terms = 2 mflops = 3.254144e+03
CONGRAD5: time = 4.263301e-01 (fn F) masses = 1 iters = 702 mflops = 2.251616e+03
 OK converged final_rsq= 9.9e-11 (cf 1e-10) rel = 1 (cf 0) restarts = 3 iters= 702
CONGRAD5: time = 4.195080e-01 (fn F) masses = 1 iters = 691 mflops = 2.252377e+03
 OK converged final_rsq= 9.9e-11 (cf 1e-10) rel = 1 (cf 0) restarts = 3 iters= 691
GFTIME:   time = 7.175207e-02 (Symanzik1) mflops = 2.456523e+03
FFTIME:  time = 1.526449e-01 (asqtad3) terms = 2 mflops = 3.275126e+03
CONGRAD5: time = 4.538651e-01 (fn F) masses = 1 iters = 747 mflops = 2.250593e+03
 OK converged final_rsq= 5e-11 (cf 1e-10) rel = 1 (cf 0) restarts = 4 iters= 747
CONGRAD5: time = 4.239371e-01 (fn F) masses = 1 iters = 698 mflops = 2.251424e+03
 OK converged final_rsq= 9.9e-11 (cf 1e-10) rel = 1 (cf 0) restarts = 3 iters= 698
GFTIME:   time = 7.066202e-02 (Symanzik1) mflops = 2.494418e+03
FFTIME:  time = 1.528380e-01 (asqtad3) terms = 2 mflops = 3.270987e+03
CONGRAD5: time = 3.659651e-01 (fn F) masses = 1 iters = 602 mflops = 2.249365e+03
 OK converged final_rsq= 6.1e-11 (cf 1e-10) rel = 1 (cf 0) restarts = 3 iters= 602
CONGRAD5: time = 3.650639e-01 (fn F) masses = 1 iters = 602 mflops = 2.254918e+03
 OK converged final_rsq= 8.1e-11 (cf 1e-10) rel = 1 (cf 0) restarts = 3 iters= 602
GFTIME:   time = 7.078409e-02 (Symanzik1) mflops = 2.490116e+03
FFTIME:  time = 1.526060e-01 (asqtad3) terms = 2 mflops = 3.275960e+03
CONGRAD5: time = 4.455140e-01 (fn F) masses = 1 iters = 733 mflops = 2.249810e+03
 OK converged final_rsq= 1e-10 (cf 1e-10) rel = 1 (cf 0) restarts = 3 iters= 733
CONGRAD5: time = 4.219952e-01 (fn F) masses = 1 iters = 687 mflops = 2.226140e+03
 OK converged final_rsq= 5e-11 (cf 1e-10) rel = 1 (cf 0) restarts = 4 iters= 687
GFTIME:   time = 7.194996e-02 (Symanzik1) mflops = 2.449767e+03
FFTIME:  time = 1.789582e-01 (asqtad3) terms = 2 mflops = 2.793564e+03
CONGRAD5: time = 4.386740e-01 (fn F) masses = 1 iters = 702 mflops = 2.188258e+03
 OK converged final_rsq= 1e-10 (cf 1e-10) rel = 1 (cf 0) restarts = 3 iters= 702
CONGRAD5: time = 4.433141e-01 (fn F) masses = 1 iters = 714 mflops = 2.202368e+03
 OK converged final_rsq= 9.9e-11 (cf 1e-10) rel = 1 (cf 0) restarts = 3 iters= 714
GFTIME:   time = 7.509899e-02 (Symanzik1) mflops = 2.347044e+03
FFTIME:  time = 1.619630e-01 (asqtad3) terms = 2 mflops = 3.086700e+03
CONGRAD5: time = 4.526761e-01 (fn F) masses = 1 iters = 736 mflops = 2.223277e+03
 OK converged final_rsq= 5e-11 (cf 1e-10) rel = 1 (cf 0) restarts = 4 iters= 736
CONGRAD5: time = 4.188941e-01 (fn F) masses = 1 iters = 691 mflops = 2.255678e+03
 OK converged final_rsq= 1e-10 (cf 1e-10) rel = 1 (cf 0) restarts = 3 iters= 691
GFTIME:   time = 7.059693e-02 (Symanzik1) mflops = 2.496718e+03
FFTIME:  time = 1.526570e-01 (asqtad3) terms = 2 mflops = 3.274865e+03
CONGRAD5: time = 3.657639e-01 (fn F) masses = 1 iters = 602 mflops = 2.250603e+03
 OK converged final_rsq= 5.9e-11 (cf 1e-10) rel = 1 (cf 0) restarts = 3 iters= 602
CONGRAD5: time = 4.269900e-01 (fn F) masses = 1 iters = 704 mflops = 2.254541e+03
 OK converged final_rsq= 9.9e-11 (cf 1e-10) rel = 1 (cf 0) restarts = 3 iters= 704
GFTIME:   time = 7.058692e-02 (Symanzik1) mflops = 2.497072e+03
FFTIME:  time = 1.524541e-01 (asqtad3) terms = 2 mflops = 3.279223e+03
CONGRAD5: time = 4.381988e-01 (fn F) masses = 1 iters = 722 mflops = 2.253042e+03
 OK converged final_rsq= 1e-10 (cf 1e-10) rel = 1 (cf 0) restarts = 3 iters= 722
CONGRAD5: time = 4.337311e-01 (fn F) masses = 1 iters = 714 mflops = 2.251028e+03
 OK converged final_rsq= 9.9e-11 (cf 1e-10) rel = 1 (cf 0) restarts = 3 iters= 714
GFTIME:   time = 7.056379e-02 (Symanzik1) mflops = 2.497890e+03
FFTIME:  time = 1.545999e-01 (asqtad3) terms = 2 mflops = 3.233709e+03
CONGRAD5: time = 4.470470e-01 (fn F) masses = 1 iters = 734 mflops = 2.245154e+03
 OK converged final_rsq= 5e-11 (cf 1e-10) rel = 1 (cf 0) restarts = 4 iters= 734
CONGRAD5: time = 4.440041e-01 (fn F) masses = 1 iters = 730 mflops = 2.248222e+03
 OK converged final_rsq= 5e-11 (cf 1e-10) rel = 1 (cf 0) restarts = 4 iters= 730
GFTIME:   time = 7.103515e-02 (Symanzik1) mflops = 2.481315e+03
FFTIME:  time = 1.549098e-01 (asqtad3) terms = 2 mflops = 3.227239e+03
PLAQ:	1.539774	1.537947
P_LOOP:	2.137524e-02	-1.868550e-03
G_LOOP:  0  0  4   	1.540746e+00	( 0 1 7 6  )
G_LOOP:  0  1  4   	1.540140e+00	( 0 2 7 5  )
G_LOOP:  0  2  4   	1.541719e+00	( 0 3 7 4  )
G_LOOP:  0  3  4   	1.538434e+00	( 1 2 6 5  )
G_LOOP:  0  4  4   	1.537550e+00	( 1 3 6 4  )
G_LOOP:  0  5  4   	1.534573e+00	( 2 3 5 4  )
G_LOOP:  1  0  6   	7.790819e-01	( 0 0 1 7 7 6  )
G_LOOP:  1  1  6   	7.799391e-01	( 0 0 2 7 7 5  )
G_LOOP:  1  2  6   	7.791043e-01	( 0 0 3 7 7 4  )
G_LOOP:  1  3  6   	7.764447e-01	( 1 1 0 6 6 7  )
G_LOOP:  1  4  6   	7.782270e-01	( 1 1 2 6 6 5  )
G_LOOP:  1  5  6   	7.747586e-01	( 1 1 3 6 6 4  )
G_LOOP:  1  6  6   	7.836418e-01	( 2 2 0 5 5 7  )
G_LOOP:  1  7  6   	7.799032e-01	( 2 2 1 5 5 6  )
G_LOOP:  1  8  6   	7.734723e-01	( 2 2 3 5 5 4  )
G_LOOP:  1  9  6   	7.777085e-01	( 3 3 0 4 4 7  )
G_LOOP:  1  10  6   	7.756252e-01	( 3 3 1 4 4 6  )
G_LOOP:  1  11  6   	7.764703e-01	( 3 3 2 4 4 5  )
G_LOOP:  2  0  6   	7.994985e-01	( 0 1 2 7 6 5  )
G_LOOP:  2  1  6   	7.979915e-01	( 0 1 5 7 6 2  )
G_LOOP:  2  2  6   	7.953705e-01	( 0 6 2 7 1 5  )
G_LOOP:  2  3  6   	8.003053e-01	( 0 6 5 7 1 2  )
G_LOOP:  2  4  6   	8.009586e-01	( 0 1 3 7 6 4  )
G_LOOP:  2  5  6   	7.984360e-01	( 0 1 4 7 6 3  )
G_LOOP:  2  6  6   	7.979490e-01	( 0 6 3 7 1 4  )
G_LOOP:  2  7  6   	7.995333e-01	( 0 6 4 7 1 3  )
G_LOOP:  2  8  6   	7.957329e-01	( 0 2 3 7 5 4  )
G_LOOP:  2  9  6   	7.977878e-01	( 0 2 4 7 5 3  )
G_LOOP:  2  10  6   	7.963617e-01	( 0 5 3 7 2 4  )
G_LOOP:  2  11  6   	7.972991e-01	( 0 5 4 7 2 3  )
G_LOOP:  2  12  6   	7.945366e-01	( 1 2 3 6 5 4  )
G_LOOP:  2  13  6   	8.011747e-01	( 1 2 4 6 5 3  )
G_LOOP:  2  14  6   	7.986753e-01	( 1 5 3 6 2 4  )
G_LOOP:  2  15  6   	7.990682e-01	( 1 5 4 6 2 3  )
GACTION: 6.333642e+00
CONGRAD5: time = 4.342921e-01 (fn F) masses = 1 iters = 710 mflops = 2.235526e+03
 OK converged final_rsq= 9.9e-11 (cf 1e-10) rel = 1 (cf 0) restarts = 3 iters= 710
CONGRAD5: time = 4.964018e-02 (fn F) masses = 1 iters = 79 mflops = 2.176191e+03
 OK converged final_rsq= 9.7e-11 (cf 1e-10) rel = 1 (cf 0) restarts = 1 iters= 79
PBP: mass 1.000000e-02     5.439549e-02  3.149370e-02  7.460282e-03  7.456457e-03 ( 1 of 1 )
FACTION: mass = 1.000000e-02,  1.500299e+00 ( 1 of 1 )
CONGRAD5: time = 4.290459e-01 (fn F) masses = 1 iters = 701 mflops = 2.234176e+03
 OK converged final_rsq= 5e-11 (cf 1e-10) rel = 1 (cf 0) restarts = 4 iters= 701
CONGRAD5: time = 4.541588e-02 (fn F) masses = 1 iters = 73 mflops = 2.197953e+03
 OK converged final_rsq= 9.9e-11 (cf 1e-10) rel = 1 (cf 0) restarts = 1 iters= 73
PBP: mass 1.000000e-02     5.045901e-02  4.403169e-02  -3.122000e-03  -3.124954e-03 ( 1 of 1 )
FACTION: mass = 1.000000e-02,  1.498603e+00 ( 1 of 1 )
CONGRAD5: time = 4.409289e-01 (fn F) masses = 1 iters = 724 mflops = 2.245294e+03
 OK converged final_rsq= 9.8e-11 (cf 1e-10) rel = 1 (cf 0) restarts = 3 iters= 724
CONGRAD5: time = 4.174550e-01 (fn F) masses = 1 iters = 685 mflops = 2.243800e+03
 OK converged final_rsq= 9.8e-11 (cf 1e-10) rel = 1 (cf 0) restarts = 3 iters= 685
GFTIME:   time = 7.073712e-02 (Symanzik1) mflops = 2.491770e+03
FFTIME:  time = 1.552110e-01 (asqtad3) terms = 2 mflops = 3.220978e+03
CONGRAD5: time = 4.547591e-01 (fn F) masses = 1 iters = 746 mflops = 2.243162e+03
 OK converged final_rsq= 5e-11 (cf 1e-10) rel = 1 (cf 0) restarts = 4 iters= 746
CONGRAD5: time = 3.669689e-01 (fn F) masses = 1 iters = 602 mflops = 2.243213e+03
 OK converged final_rsq= 7.6e-11 (cf 1e-10) rel = 1 (cf 0) restarts = 3 iters= 602
GFTIME:   time = 7.083988e-02 (Symanzik1) mflops = 2.488155e+03
FFTIME:  time = 1.560140e-01 (asqtad3) terms = 2 mflops = 3.204400e+03
CONGRAD5: time = 4.441571e-01 (fn F) masses = 1 iters = 729 mflops = 2.244368e+03
 OK converged final_rsq= 5e-11 (cf 1e-10) rel = 1 (cf 0) restarts = 4 iters= 729
CONGRAD5: time = 4.542661e-01 (fn F) masses = 1 iters = 711 mflops = 2.140240e+03
 OK converged final_rsq= 5e-11 (cf 1e-10) rel = 1 (cf 0) restarts = 4 iters= 711
GFTIME:   time = 7.130694e-02 (Symanzik1) mflops = 2.471858e+03
FFTIME:  time = 1.543522e-01 (asqtad3) terms = 2 mflops = 3.238899e+03
CONGRAD5: time = 4.261830e-01 (fn F) masses = 1 iters = 699 mflops = 2.242768e+03
 OK converged final_rsq= 5e-11 (cf 1e-10) rel = 1 (cf 0) restarts = 4 iters= 699
CONGRAD5: time = 4.381270e-01 (fn F) masses = 1 iters = 719 mflops = 2.244047e+03
 OK converged final_rsq= 1e-10 (cf 1e-10) rel = 1 (cf 0) restarts = 3 iters= 719
GFTIME:   time = 7.083797e-02 (Symanzik1) mflops = 2.488222e+03
FFTIME:  time = 1.548700e-01 (asqtad3) terms = 2 mflops = 3.228069e+03
CONGRAD5: time = 4.461241e-01 (fn F) masses = 1 iters = 731 mflops = 2.240603e+03
 OK converged final_rsq= 1e-10 (cf 1e-10) rel = 1 (cf 0) restarts = 3 iters= 731
CONGRAD5: time = 4.163380e-01 (fn F) masses = 1 iters = 683 mflops = 2.243251e+03
 OK converged final_rsq= 5e-11 (cf 1e-10) rel = 1 (cf 0) restarts = 4 iters= 683
GFTIME:   time = 7.090521e-02 (Symanzik1) mflops = 2.485863e+03
FFTIME:  time = 1.548798e-01 (asqtad3) terms = 2 mflops = 3.227865e+03
CONGRAD5: time = 4.698741e-01 (fn F) masses = 1 iters = 771 mflops = 2.243758e+03
 OK converged final_rsq= 5e-11 (cf 1e-10) rel = 1 (cf 0) restarts = 4 iters= 771
CONGRAD5: time = 5.148611e-01 (fn F) masses = 1 iters = 712 mflops = 1.891007e+03
 OK converged final_rsq= 1e-10 (cf 1e-10) rel = 1 (cf 0) restarts = 3 iters= 712
GFTIME:   time = 8.270693e-02 (Symanzik1) mflops = 2.131147e+03
FFTIME:  time = 1.539979e-01 (asqtad3) terms = 2 mflops = 3.246350e+03
CONGRAD5: time = 4.669011e-01 (fn F) masses = 1 iters = 714 mflops = 2.091108e+03
 OK converged final_rsq= 5e-11 (cf 1e-10) rel = 1 (cf 0) restarts = 4 iters= 714
CONGRAD5: time = 3.826261e-01 (fn F) masses = 1 iters = 602 mflops = 2.151420e+03
 OK converged final_rsq= 7.4e-11 (cf 1e-10) rel = 1 (cf 0) restarts = 3 iters= 602
GFTIME:   time = 7.088494e-02 (Symanzik1) mflops = 2.486573e+03
FFTIME:  time = 1.540141e-01 (asqtad3) terms = 2 mflops = 3.246009e+03
CONGRAD5: time = 4.489729e-01 (fn F) masses = 1 iters = 735 mflops = 2.238568e+03
 OK converged final_rsq= 9.8e-11 (cf 1e-10) rel = 1 (cf 0) restarts = 3 iters= 735
CONGRAD5: time = 4.333968e-01 (fn F) masses = 1 iters = 706 mflops = 2.227523e+03
 OK converged final_rsq= 5e-11 (cf 1e-10) rel = 1 (cf 0) restarts = 4 iters= 706
GFTIME:   time = 7.116199e-02 (Symanzik1) mflops = 2.476893e+03
FFTIME:  time = 1.531210e-01 (asqtad3) terms = 2 mflops = 3.264942e+03
CONGRAD5: time = 4.376009e-01 (fn F) masses = 1 iters = 721 mflops = 2.252995e+03
 OK converged final_rsq= 5e-11 (cf 1e-10) rel = 1 (cf 0) restarts = 4 iters= 721
CONGRAD5: time = 4.533610e-01 (fn F) masses = 1 iters = 747 mflops = 2.253096e+03
 OK converged final_rsq= 5e-11 (cf 1e-10) rel = 1 (cf 0) restarts = 4 iters= 747
GFTIME:   time = 7.058215e-02 (Symanzik1) mflops = 2.497241e+03
FFTIME:  time = 1.525609e-01 (asqtad3) terms = 2 mflops = 3.276927e+03
CONGRAD5: time = 4.482241e-01 (fn F) masses = 1 iters = 739 mflops = 2.254512e+03
 OK converged final_rsq= 5e-11 (cf 1e-10) rel = 1 (cf 0) restarts = 4 iters= 739
CONGRAD5: time = 4.171660e-01 (fn F) masses = 1 iters = 688 mflops = 2.255188e+03
 OK converged final_rsq= 9.9e-11 (cf 1e-10) rel = 1 (cf 0) restarts = 3 iters= 688
GFTIME:   time = 7.064605e-02 (Symanzik1) mflops = 2.494982e+03
FFTIME:  time = 1.533430e-01 (asqtad3) terms = 2 mflops = 3.260216e+03
CONGRAD5: time = 4.537261e-01 (fn F) masses = 1 iters = 745 mflops = 2.245255e+03
 OK converged final_rsq= 5e-11 (cf 1e-10) rel = 1 (cf 0) restarts = 4 iters= 745
CONGRAD5: time = 4.353101e-01 (fn F) masses = 1 iters = 716 mflops = 2.249145e+03
 OK converged final_rsq= 1e-10 (cf 1e-10) rel = 1 (cf 0) restarts = 3 iters= 716
GFTIME:   time = 7.076502e-02 (Symanzik1) mflops = 2.490787e+03
FFTIME:  time = 1.550601e-01 (asqtad3) terms = 2 mflops = 3.224113e+03
CONGRAD5: time = 4.699380e-01 (fn F) masses = 1 iters = 772 mflops = 2.246363e+03
 OK converged final_rsq= 5e-11 (cf 1e-10) rel = 1 (cf 0) restarts = 4 iters= 772
CONGRAD5: time = 4.462779e-01 (fn F) masses = 1 iters = 733 mflops = 2.245959e+03
 OK converged final_rsq= 5e-11 (cf 1e-10) rel = 1 (cf 0) restarts = 4 iters= 733
GFTIME:   time = 7.083392e-02 (Symanzik1) mflops = 2.488364e+03
FFTIME:  time = 1.546559e-01 (asqtad3) terms = 2 mflops = 3.232538e+03
CONGRAD5: time = 4.391952e-01 (fn F) masses = 1 iters = 721 mflops = 2.244817e+03
 OK converged final_rsq= 5e-11 (cf 1e-10) rel = 1 (cf 0) restarts = 4 iters= 721
CONGRAD5: time = 4.408729e-01 (fn F) masses = 1 iters = 724 mflops = 2.245579e+03
 OK converged final_rsq= 5e-11 (cf 1e-10) rel = 1 (cf 0) restarts = 4 iters= 724
GFTIME:   time = 7.110500e-02 (Symanzik1) mflops = 2.478878e+03
FFTIME:  time = 1.548851e-01 (asqtad3) terms = 2 mflops = 3.227756e+03
CONGRAD5: time = 4.618709e-01 (fn F) masses = 1 iters = 759 mflops = 2.247110e+03
 OK converged final_rsq= 5e-11 (cf 1e-10) rel = 1 (cf 0) restarts = 4 iters= 759
CONGRAD5: time = 4.422500e-01 (fn F) masses = 1 iters = 727 mflops = 2.247863e+03
 OK converged final_rsq= 1e-10 (cf 1e-10) rel = 1 (cf 0) restarts = 3 iters= 727
GFTIME:   time = 7.061505e-02 (Symanzik1) mflops = 2.496077e+03
FFTIME:  time = 1.550360e-01 (asqtad3) terms = 2 mflops = 3.224614e+03
CONGRAD5: time = 4.595940e-01 (fn F) masses = 1 iters = 754 mflops = 2.243366e+03
 OK converged final_rsq= 4.9e-11 (cf 1e-10) rel = 1 (cf 0) restarts = 4 iters= 754
CONGRAD5: time = 3.668771e-01 (fn F) masses = 1 iters = 602 mflops = 2.243774e+03
 OK converged final_rsq= 9.2e-11 (cf 1e-10) rel = 1 (cf 0) restarts = 3 iters= 602
GFTIME:   time = 7.081103e-02 (Symanzik1) mflops = 2.489169e+03
FFTIME:  time = 1.550550e-01 (asqtad3) terms = 2 mflops = 3.224217e+03
PLAQ:	1.497626	1.498130
P_LOOP:	1.991909e-02	-1.379641e-02
G_LOOP:  0  0  4   	1.497047e+00	( 0 1 7 6  )
G_LOOP:  0  1  4   	1.498616e+00	( 0 2 7 5  )
G_LOOP:  0  2  4   	1.498145e+00	( 0 3 7 4  )
G_LOOP:  0  3  4   	1.497214e+00	( 1 2 6 5  )
G_LOOP:  0  4  4   	1.496954e+00	( 1 3 6 4  )
G_LOOP:  0  5  4   	1.499291e+00	( 2 3 5 4  )
G_LOOP:  1  0  6   	7.398073e-01	( 0 0 1 7 7 6  )
G_LOOP:  1  1  6   	7.422374e-01	( 0 0 2 7 7 5  )
G_LOOP:  1  2  6   	7.394495e-01	( 0 0 3 7 7 4  )
G_LOOP:  1  3  6   	7.382840e-01	( 1 1 0 6 6 7  )
G_LOOP:  1  4  6   	7.365532e-01	( 1 1 2 6 6 5  )
G_LOOP:  1  5  6   	7.371902e-01	( 1 1 3 6 6 4  )
G_LOOP:  1  6  6   	7.456752e-01	( 2 2 0 5 5 7  )
G_LOOP:  1  7  6   	7.428936e-01	( 2 2 1 5 5 6  )
G_LOOP:  1  8  6   	7.390187e-01	( 2 2 3 5 5 4  )
G_LOOP:  1  9  6   	7.398111e-01	( 3 3 0 4 4 7  )
G_LOOP:  1  10  6   	7.389642e-01	( 3 3 1 4 4 6  )
G_LOOP:  1  11  6   	7.400356e-01	( 3 3 2 4 4 5  )
G_LOOP:  2  0  6   	7.607733e-01	( 0 1 2 7 6 5  )
G_LOOP:  2  1  6   	7.581736e-01	( 0 1 5 7 6 2  )
G_LOOP:  2  2  6   	7.537819e-01	( 0 6 2 7 1 5  )
G_LOOP:  2  3  6   	7.623529e-01	( 0 6 5 7 1 2  )
G_LOOP:  2  4  6   	7.597389e-01	( 0 1 3 7 6 4  )
G_LOOP:  2  5  6   	7.537096e-01	( 0 1 4 7 6 3  )
G_LOOP:  2  6  6   	7.572606e-01	( 0 6 3 7 1 4  )
G_LOOP:  2  7  6   	7.594713e-01	( 0 6 4 7 1 3  )
G_LOOP:  2  8  6   	7.558015e-01	( 0 2 3 7 5 4  )
G_LOOP:  2  9  6   	7.618569e-01	( 0 2 4 7 5 3  )
G_LOOP:  2  10  6   	7.589309e-01	( 0 5 3 7 2 4  )
G_LOOP:  2  11  6   	7.602545e-01	( 0 5 4 7 2 3  )
G_LOOP:  2  12  6   	7.595571e-01	( 1 2 3 6 5 4  )
G_LOOP:  2  13  6   	7.632494e-01	( 1 2 4 6 5 3  )
G_LOOP:  2  14  6   	7.579410e-01	( 1 5 3 6 2 4  )
G_LOOP:  2  15  6   	7.601606e-01	( 1 5 4 6 2 3  )
GACTION: 6.537787e+00
CONGRAD5: time = 3.673711e-01 (fn F) masses = 1 iters = 602 mflops = 2.240757e+03
 OK converged final_rsq= 1e-10 (cf 1e-10) rel = 1 (cf 0) restarts = 3 iters= 602
CONGRAD5: time = 8.209705e-02 (fn F) masses = 1 iters = 133 mflops = 2.215273e+03
 OK converged final_rsq= 5e-11 (cf 1e-10) rel = 1 (cf 0) restarts = 2 iters= 133
PBP: mass 1.000000e-02     4.180596e-02  5.650046e-02  6.282065e-03  6.257703e-03 ( 1 of 1 )
FACTION: mass = 1.000000e-02,  1.499623e+00 ( 1 of 1 )
CONGRAD5: time = 4.333341e-01 (fn F) masses = 1 iters = 709 mflops = 2.237312e+03
 OK converged final_rsq= 5e-11 (cf 1e-10) rel = 1 (cf 0) restarts = 4 iters= 709
CONGRAD5: time = 4.649901e-02 (fn F) masses = 1 iters = 75 mflops = 2.205569e+03
 OK converged final_rsq= 1e-10 (cf 1e-10) rel = 1 (cf 0) restarts = 1 iters= 75
PBP: mass 1.000000e-02     4.935784e-02  4.621076e-02  -8.936203e-03  -8.936002e-03 ( 1 of 1 )
FACTION: mass = 1.000000e-02,  1.495237e+00 ( 1 of 1 )
CONGRAD5: time = 4.615700e-01 (fn F) masses = 1 iters = 758 mflops = 2.245612e+03
 OK converged final_rsq= 5e-11 (cf 1e-10) rel = 1 (cf 0) restarts = 4 iters= 758
CONGRAD5: time = 4.476480e-01 (fn F) masses = 1 iters = 735 mflops = 2.245194e+03
 OK converged final_rsq= 1e-10 (cf 1e-10) rel = 1 (cf 0) restarts = 3 iters= 735
GFTIME:   time = 7.118320e-02 (Symanzik1) mflops = 2.476154e+03
FFTIME:  time = 1.548030e-01 (asqtad3) terms = 2 mflops = 3.229466e+03
CONGRAD5: time = 4.618521e-01 (fn F) masses = 1 iters = 759 mflops = 2.247202e+03
 OK converged final_rsq= 9.9e-11 (cf 1e-10) rel = 1 (cf 0) restarts = 3 iters= 759
CONGRAD5: time = 4.233682e-01 (fn F) masses = 1 iters = 693 mflops = 2.238299e+03
 OK converged final_rsq= 9.9e-11 (cf 1e-10) rel = 1 (cf 0) restarts = 3 iters= 693
GFTIME:   time = 7.112002e-02 (Symanzik1) mflops = 2.478354e+03
FFTIME:  time = 2.109869e-01 (asqtad3) terms = 2 mflops = 2.369490e+03
CONGRAD5: time = 4.778371e-01 (fn F) masses = 1 iters = 777 mflops = 2.223537e+03
 OK converged final_rsq= 1e-10 (cf 1e-10) rel = 1 (cf 0) restarts = 3 iters= 777
CONGRAD5: time = 4.619279e-01 (fn F) masses = 1 iters = 715 mflops = 2.116582e+03
 OK converged final_rsq= 1e-10 (cf 1e-10) rel = 1 (cf 0) restarts = 3 iters= 715
GFTIME:   time = 7.764411e-02 (Symanzik1) mflops = 2.270109e+03
FFTIME:  time = 1.592860e-01 (asqtad3) terms = 2 mflops = 3.138575e+03
CONGRAD5: time = 4.617529e-01 (fn F) masses = 1 iters = 755 mflops = 2.235839e+03
 OK converged final_rsq= 4.9e-11 (cf 1e-10) rel = 1 (cf 0) restarts = 4 iters= 755
CONGRAD5: time = 4.385870e-01 (fn F) masses = 1 iters = 709 mflops = 2.210516e+03
 OK converged final_rsq= 9.9e-11 (cf 1e-10) rel = 1 (cf 0) restarts = 3 iters= 709
GFTIME:   time = 7.080507e-02 (Symanzik1) mflops = 2.489378e+03
FFTIME:  time = 1.575329e-01 (asqtad3) terms = 2 mflops = 3.173502e+03
CONGRAD5: time = 4.685602e-01 (fn F) masses = 1 iters = 769 mflops = 2.244213e+03
 OK converged final_rsq= 5e-11 (cf 1e-10) rel = 1 (cf 0) restarts = 4 iters= 769
CONGRAD5: time = 4.488089e-01 (fn F) masses = 1 iters = 737 mflops = 2.245480e+03
 OK converged final_rsq= 1e-10 (cf 1e-10) rel = 1 (cf 0) restarts = 3 iters= 737
GFTIME:   time = 7.073712e-02 (Symanzik1) mflops = 2.491770e+03
FFTIME:  time = 1.550200e-01 (asqtad3) terms = 2 mflops = 3.224946e+03
CONGRAD5: time = 4.560189e-01 (fn F) masses = 1 iters = 749 mflops = 2.245961e+03
 OK converged final_rsq= 1e-10 (cf 1e-10) rel = 1 (cf 0) restarts = 3 iters= 749
CONGRAD5: time = 4.576340e-01 (fn F) masses = 1 iters = 752 mflops = 2.246998e+03
 OK converged final_rsq= 5e-11 (cf 1e-10) rel = 1 (cf 0) restarts = 4 iters= 752
GFTIME:   time = 7.080197e-02 (Symanzik1) mflops = 2.489487e+03
FFTIME:  time = 1.552541e-01 (asqtad3) terms = 2 mflops = 3.220083e+03
CONGRAD5: time = 4.632571e-01 (fn F) masses = 1 iters = 761 mflops = 2.246290e+03
 OK converged final_rsq= 5e-11 (cf 1e-10) rel = 1 (cf 0) restarts = 4 iters= 761
CONGRAD5: time = 4.443681e-01 (fn F) masses = 1 iters = 731 mflops = 2.249457e+03
 OK converged final_rsq= 1e-10 (cf 1e-10) rel = 1 (cf 0) restarts = 3 iters= 731
GFTIME:   time = 7.070804e-02 (Symanzik1) mflops = 2.492795e+03
FFTIME:  time = 1.549859e-01 (asqtad3) terms = 2 mflops = 3.225656e+03
CONGRAD5: time = 4.563582e-01 (fn F) masses = 1 iters = 750 mflops = 2.247287e+03
 OK converged final_rsq= 4.9e-11 (cf 1e-10) rel = 1 (cf 0) restarts = 4 iters= 750
CONGRAD5: time = 4.471560e-01 (fn F) masses = 1 iters = 735 mflops = 2.247665e+03
 OK converged final_rsq= 5e-11 (cf 1e-10) rel = 1 (cf 0) restarts = 4 iters= 735
GFTIME:   time = 7.104087e-02 (Symanzik1) mflops = 2.481116e+03
FFTIME:  time = 1.549339e-01 (asqtad3) terms = 2 mflops = 3.226738e+03
CONGRAD5: time = 4.768291e-01 (fn F) masses = 1 iters = 782 mflops = 2.242576e+03
 OK converged final_rsq= 4.9e-11 (cf 1e-10) rel = 1 (cf 0) restarts = 4 iters= 782
CONGRAD5: time = 4.669800e-01 (fn F) masses = 1 iters = 767 mflops = 2.245951e+03
 OK converged final_rsq= 5e-11 (cf 1e-10) rel = 1 (cf 0) restarts = 4 iters= 767
GFTIME:   time = 7.065606e-02 (Symanzik1) mflops = 2.494628e+03
FFTIME:  time = 1.558988e-01 (asqtad3) terms = 2 mflops = 3.206767e+03
CONGRAD5: time = 4.637341e-01 (fn F) masses = 1 iters = 762 mflops = 2.246928e+03
 OK converged final_rsq= 5e-11 (cf 1e-10) rel = 1 (cf 0) restarts = 4 iters= 762
CONGRAD5: time = 4.405661e-01 (fn F) masses = 1 iters = 725 mflops = 2.250247e+03
 OK converged final_rsq= 9.9e-11 (cf 1e-10) rel = 1 (cf 0) restarts = 3 iters= 725
GFTIME:   time = 7.078004e-02 (Symanzik1) mflops = 2.490259e+03
FFTIME:  time = 1.556101e-01 (asqtad3) terms = 2 mflops = 3.212717e+03
CONGRAD5: time = 4.599559e-01 (fn F) masses = 1 iters = 756 mflops = 2.247547e+03
 OK converged final_rsq= 5e-11 (cf 1e-10) rel = 1 (cf 0) restarts = 4 iters= 756
CONGRAD5: time = 4.657478e-01 (fn F) masses = 1 iters = 766 mflops = 2.248957e+03
 OK converged final_rsq= 5e-11 (cf 1e-10) rel = 1 (cf 0) restarts = 4 iters= 766
GFTIME:   time = 7.050705e-02 (Symanzik1) mflops = 2.499900e+03
FFTIME:  time = 1.548769e-01 (asqtad3) terms = 2 mflops = 3.227925e+03
CONGRAD5: time = 4.739690e-01 (fn F) masses = 1 iters = 757 mflops = 2.183983e+03
 OK converged final_rsq= 5e-11 (cf 1e-10) rel = 1 (cf 0) restarts = 4 iters= 757
CONGRAD5: time = 5.077310e-01 (fn F) masses = 1 iters = 715 mflops = 1.925642e+03
 OK converged final_rsq= 5e-11 (cf 1e-10) rel = 1 (cf 0) restarts = 4 iters= 715
GFTIME:   time = 8.079219e-02 (Symanzik1) mflops = 2.181654e+03
FFTIME:  time = 1.642659e-01 (asqtad3) terms = 2 mflops = 3.043427e+03
CONGRAD5: time = 4.986429e-01 (fn F) masses = 1 iters = 774 mflops = 2.122533e+03
 OK converged final_rsq= 5e-11 (cf 1e-10) rel = 1 (cf 0) restarts = 4 iters= 774
CONGRAD5: time = 4.510520e-01 (fn F) masses = 1 iters = 719 mflops = 2.179744e+03
 OK converged final_rsq= 1e-10 (cf 1e-10) rel = 1 (cf 0) restarts = 3 iters= 719
GFTIME:   time = 7.078099e-02 (Symanzik1) mflops = 2.490225e+03
FFTIME:  time = 1.542082e-01 (asqtad3) terms = 2 mflops = 3.241924e+03
CONGRAD5: time = 4.790778e-01 (fn F) masses = 1 iters = 783 mflops = 2.234904e+03
 OK converged final_rsq= 5e-11 (cf 1e-10) rel = 1 (cf 0) restarts = 4 iters= 783
CONGRAD5: time = 4.546399e-01 (fn F) masses = 1 iters = 738 mflops = 2.219688e+03
 OK converged final_rsq= 5e-11 (cf 1e-10) rel = 1 (cf 0) restarts = 4 iters= 738
GFTIME:   time = 7.070899e-02 (Symanzik1) mflops = 2.492761e+03
FFTIME:  time = 1.529520e-01 (asqtad3) terms = 2 mflops = 3.268550e+03
CONGRAD5: time = 4.743841e-01 (fn F) masses = 1 iters = 781 mflops = 2.251252e+03
 OK converged final_rsq= 5e-11 (cf 1e-10) rel = 1 (cf 0) restarts = 4 iters= 781
CONGRAD5: time = 4.467130e-01 (fn F) masses = 1 iters = 737 mflops = 2.256016e+03
 OK converged final_rsq= 1e-10 (cf 1e-10) rel = 1 (cf 0) restarts = 3 iters= 737
GFTIME:   time = 7.072902e-02 (Symanzik1) mflops = 2.492055e+03
FFTIME:  time = 1.530719e-01 (asqtad3) terms = 2 mflops = 3.265989e+03
PLAQ:	1.473963	1.473385
P_LOOP:	-7.764089e-03	6.219714e-03
G_LOOP:  0  0  4   	1.474057e+00	( 0 1 7 6  )
G_LOOP:  0  1  4   	1.476495e+00	( 0 2 7 5  )
G_LOOP:  0  2  4   	1.473365e+00	( 0 3 7 4  )
G_LOOP:  0  3  4   	1.471338e+00	( 1 2 6 5  )
G_LOOP:  0  4  4   	1.472826e+00	( 1 3 6 4  )
G_LOOP:  0  5  4   	1.473963e+00	( 2 3 5 4  )
G_LOOP:  1  0  6   	7.133980e-01	( 0 0 1 7 7 6  )
G_LOOP:  1  1  6   	7.231318e-01	( 0 0 2 7 7 5  )
G_LOOP:  1  2  6   	7.177161e-01	( 0 0 3 7 7 4  )
G_LOOP:  1  3  6   	7.170766e-01	( 1 1 0 6 6 7  )
G_LOOP:  1  4  6   	7.130472e-01	( 1 1 2 6 6 5  )
G_LOOP:  1  5  6   	7.151839e-01	( 1 1 3 6 6 4  )
G_LOOP:  1  6  6   	7.140978e-01	( 2 2 0 5 5 7  )
G_LOOP:  1  7  6   	7.130462e-01	( 2 2 1 5 5 6  )
G_LOOP:  1  8  6   	7.153132e-01	( 2 2 3 5 5 4  )
G_LOOP:  1  9  6   	7.117251e-01	( 3 3 0 4 4 7  )
G_LOOP:  1  10  6   	7.125768e-01	( 3 3 1 4 4 6  )
G_LOOP:  1  11  6   	7.086897e-01	( 3 3 2 4 4 5  )
G_LOOP:  2  0  6   	7.351040e-01	( 0 1 2 7 6 5  )
G_LOOP:  2  1  6   	7.280939e-01	( 0 1 5 7 6 2  )
G_LOOP:  2  2  6   	7.308180e-01	( 0 6 2 7 1 5  )
G_LOOP:  2  3  6   	7.304092e-01	( 0 6 5 7 1 2  )
G_LOOP:  2  4  6   	7.341810e-01	( 0 1 3 7 6 4  )
G_LOOP:  2  5  6   	7.318136e-01	( 0 1 4 7 6 3  )
G_LOOP:  2  6  6   	7.295944e-01	( 0 6 3 7 1 4  )
G_LOOP:  2  7  6   	7.277577e-01	( 0 6 4 7 1 3  )
G_LOOP:  2  8  6   	7.329565e-01	( 0 2 3 7 5 4  )
G_LOOP:  2  9  6   	7.324030e-01	( 0 2 4 7 5 3  )
G_LOOP:  2  10  6   	7.299320e-01	( 0 5 3 7 2 4  )
G_LOOP:  2  11  6   	7.308683e-01	( 0 5 4 7 2 3  )
G_LOOP:  2  12  6   	7.322426e-01	( 1 2 3 6 5 4  )
G_LOOP:  2  13  6   	7.340319e-01	( 1 2 4 6 5 3  )
G_LOOP:  2  14  6   	7.346669e-01	( 1 5 3 6 2 4  )
G_LOOP:  2  15  6   	7.309851e-01	( 1 5 4 6 2 3  )
GACTION: 6.654834e+00
CONGRAD5: time = 3.678250e-01 (fn F) masses = 1 iters = 602 mflops = 2.237991e+03
 OK converged final_rsq= 7.5e-11 (cf 1e-10) rel = 1 (cf 0) restarts = 3 iters= 602
CONGRAD5: time = 8.013391e-02 (fn F) masses = 1 iters = 130 mflops = 2.218351e+03
 OK converged final_rsq= 5e-11 (cf 1e-10) rel = 1 (cf 0) restarts = 2 iters= 130
PBP: mass 1.000000e-02     5.172191e-02  3.967773e-02  -4.749448e-03  -4.752535e-03 ( 1 of 1 )
FACTION: mass = 1.000000e-02,  1.499391e+00 ( 1 of 1 )
CONGRAD5: time = 4.512119e-01 (fn F) masses = 1 iters = 740 mflops = 2.242613e+03
 OK converged final_rsq= 5e-11 (cf 1e-10) rel = 1 (cf 0) restarts = 4 iters= 740
CONGRAD5: time = 4.822302e-02 (fn F) masses = 1 iters = 78 mflops = 2.211788e+03
 OK converged final_rsq= 9.9e-11 (cf 1e-10) rel = 1 (cf 0) restarts = 1 iters= 78
PBP: mass 1.000000e-02     4.471490e-02  6.322165e-02  -1.728046e-04  -1.750247e-04 ( 1 of 1 )
FACTION: mass = 1.000000e-02,  1.497018e+00 ( 1 of 1 )
CONGRAD5: time = 4.690750e-01 (fn F) masses = 1 iters = 768 mflops = 2.238835e+03
 OK converged final_rsq= 4.9e-11 (cf 1e-10) rel = 1 (cf 0) restarts = 4 iters= 768
CONGRAD5: time = 4.421251e-01 (fn F) masses = 1 iters = 727 mflops = 2.248498e+03
 OK converged final_rsq= 9.9e-11 (cf 1e-10) rel = 1 (cf 0) restarts = 3 iters= 727
GFTIME:   time = 7.113504e-02 (Symanzik1) mflops = 2.477831e+03
FFTIME:  time = 1.551371e-01 (asqtad3) terms = 2 mflops = 3.222513e+03
CONGRAD5: time = 4.793291e-01 (fn F) masses = 1 iters = 787 mflops = 2.245144e+03
 OK converged final_rsq= 5e-11 (cf 1e-10) rel = 1 (cf 0) restarts = 4 iters= 787
CONGRAD5: time = 4.694610e-01 (fn F) masses = 1 iters = 772 mflops = 2.248646e+03
 OK converged final_rsq= 5e-11 (cf 1e-10) rel = 1 (cf 0) restarts = 4 iters= 772
GFTIME:   time = 7.114291e-02 (Symanzik1) mflops = 2.477557e+03
FFTIME:  time = 1.547608e-01 (asqtad3) terms = 2 mflops = 3.230347e+03
CONGRAD5: time = 4.776430e-01 (fn F) masses = 1 iters = 785 mflops = 2.247343e+03
 OK converged final_rsq= 1e-10 (cf 1e-10) rel = 1 (cf 0) restarts = 3 iters= 785
CONGRAD5: time = 4.468732e-01 (fn F) masses = 1 iters = 734 mflops = 2.246027e+03
 OK converged final_rsq= 5e-11 (cf 1e-10) rel = 1 (cf 0) restarts = 4 iters= 734
GFTIME:   time = 7.108998e-02 (Symanzik1) mflops = 2.479401e+03
FFTIME:  time = 1.550832e-01 (asqtad3) terms = 2 mflops = 3.223632e+03
CONGRAD5: time = 4.711862e-01 (fn F) masses = 1 iters = 774 mflops = 2.246217e+03
 OK converged final_rsq= 5e-11 (cf 1e-10) rel = 1 (cf 0) restarts = 4 iters= 774
CONGRAD5: time = 4.482861e-01 (fn F) masses = 1 iters = 738 mflops = 2.251149e+03
 OK converged final_rsq= 1e-10 (cf 1e-10) rel = 1 (cf 0) restarts = 3 iters= 738
GFTIME:   time = 7.102108e-02 (Symanzik1) mflops = 2.481807e+03
FFTIME:  time = 1.547430e-01 (asqtad3) terms = 2 mflops = 3.230720e+03
CONGRAD5: time = 4.664519e-01 (fn F) masses = 1 iters = 766 mflops = 2.245562e+03
 OK converged final_rsq= 5e-11 (cf 1e-10) rel = 1 (cf 0) restarts = 4 iters= 766
CONGRAD5: time = 4.459782e-01 (fn F) masses = 1 iters = 734 mflops = 2.250534e+03
 OK converged final_rsq= 9.9e-11 (cf 1e-10) rel = 1 (cf 0) restarts = 3 iters= 734
GFTIME:   time = 7.060981e-02 (Symanzik1) mflops = 2.496262e+03
FFTIME:  time = 1.550169e-01 (asqtad3) terms = 2 mflops = 3.225011e+03
CONGRAD5: time = 4.719741e-01 (fn F) masses = 1 iters = 775 mflops = 2.245364e+03
 OK converged final_rsq= 5e-11 (cf 1e-10) rel = 1 (cf 0) restarts = 4 iters= 775
CONGRAD5: time = 4.512300e-01 (fn F) masses = 1 iters = 742 mflops = 2.248584e+03
 OK converged final_rsq= 5e-11 (cf 1e-10) rel = 1 (cf 0) restarts = 4 iters= 742
GFTIME:   time = 7.082009e-02 (Symanzik1) mflops = 2.488850e+03
FFTIME:  time = 1.550570e-01 (asqtad3) terms = 2 mflops = 3.224177e+03
CONGRAD5: time = 4.781950e-01 (fn F) masses = 1 iters = 786 mflops = 2.247609e+03
 OK converged final_rsq= 5e-11 (cf 1e-10) rel = 1 (cf 0) restarts = 4 iters= 786
CONGRAD5: time = 4.661012e-01 (fn F) masses = 1 iters = 765 mflops = 2.244318e+03
 OK converged final_rsq= 5e-11 (cf 1e-10) rel = 1 (cf 0) restarts = 4 iters= 765
GFTIME:   time = 7.082295e-02 (Symanzik1) mflops = 2.488750e+03
FFTIME:  time = 1.551299e-01 (asqtad3) terms = 2 mflops = 3.222661e+03
CONGRAD5: time = 4.527259e-01 (fn F) masses = 1 iters = 743 mflops = 2.244175e+03
 OK converged final_rsq= 5e-11 (cf 1e-10) rel = 1 (cf 0) restarts = 4 iters= 743
CONGRAD5: time = 5.280871e-01 (fn F) masses = 1 iters = 753 mflops = 1.949811e+03
 OK converged final_rsq= 1e-10 (cf 1e-10) rel = 1 (cf 0) restarts = 3 iters= 753
GFTIME:   time = 7.703805e-02 (Symanzik1) mflops = 2.287968e+03
FFTIME:  time = 1.705859e-01 (asqtad3) terms = 2 mflops = 2.930671e+03
CONGRAD5: time = 4.672070e-01 (fn F) masses = 1 iters = 770 mflops = 2.253640e+03
 OK converged final_rsq= 5e-11 (cf 1e-10) rel = 1 (cf 0) restarts = 4 iters= 770
CONGRAD5: time = 4.701800e-01 (fn F) masses = 1 iters = 731 mflops = 2.125966e+03
 OK converged final_rsq= 9.9e-11 (cf 1e-10) rel = 1 (cf 0) restarts = 3 iters= 731
GFTIME:   time = 7.128406e-02 (Symanzik1) mflops = 2.472651e+03
FFTIME:  time = 1.639149e-01 (asqtad3) terms = 2 mflops = 3.049943e+03
CONGRAD5: time = 4.711900e-01 (fn F) masses = 1 iters = 771 mflops = 2.237492e+03
 OK converged final_rsq= 5e-11 (cf 1e-10) rel = 1 (cf 0) restarts = 4 iters= 771
CONGRAD5: time = 4.429860e-01 (fn F) masses = 1 iters = 726 mflops = 2.241041e+03
 OK converged final_rsq= 9.9e-11 (cf 1e-10) rel = 1 (cf 0) restarts = 3 iters= 726
GFTIME:   time = 7.137203e-02 (Symanzik1) mflops = 2.469603e+03
FFTIME:  time = 1.551940e-01 (asqtad3) terms = 2 mflops = 3.221329e+03
CONGRAD5: time = 4.712150e-01 (fn F) masses = 1 iters = 774 mflops = 2.246079e+03
 OK converged final_rsq= 5e-11 (cf 1e-10) rel = 1 (cf 0) restarts = 4 iters= 774
CONGRAD5: time = 4.529989e-01 (fn F) masses = 1 iters = 747 mflops = 2.254897e+03
 OK converged final_rsq= 5e-11 (cf 1e-10) rel = 1 (cf 0) restarts = 4 iters= 747
GFTIME:   time = 7.069993e-02 (Symanzik1) mflops = 2.493080e+03
FFTIME:  time = 1.527150e-01 (asqtad3) terms = 2 mflops = 3.273622e+03
CONGRAD5: time = 4.776661e-01 (fn F) masses = 1 iters = 788 mflops = 2.255823e+03
 OK converged final_rsq= 4.9e-11 (cf 1e-10) rel = 1 (cf 0) restarts = 4 iters= 788
CONGRAD5: time = 4.478312e-01 (fn F) masses = 1 iters = 739 mflops = 2.256490e+03
 OK converged final_rsq= 9.9e-11 (cf 1e-10) rel = 1 (cf 0) restarts = 3 iters= 739
GFTIME:   time = 7.070994e-02 (Symanzik1) mflops = 2.492727e+03
FFTIME:  time = 1.527500e-01 (asqtad3) terms = 2 mflops = 3.272871e+03
CONGRAD5: time = 4.614851e-01 (fn F) masses = 1 iters = 757 mflops = 2.243062e+03
 OK converged final_rsq= 5e-11 (cf 1e-10) rel = 1 (cf 0) restarts = 4 iters= 757
CONGRAD5: time = 4.614081e-01 (fn F) masses = 1 iters = 758 mflops = 2.246400e+03
 OK converged final_rsq= 5e-11 (cf 1e-10) rel = 1 (cf 0) restarts = 4 iters= 758
GFTIME:   time = 7.079506e-02 (Symanzik1) mflops = 2.489730e+03
FFTIME:  time = 1.551790e-01 (asqtad3) terms = 2 mflops = 3.221641e+03
CONGRAD5: time = 4.692070e-01 (fn F) masses = 1 iters = 770 mflops = 2.244034e+03
 OK converged final_rsq= 5e-11 (cf 1e-10) rel = 1 (cf 0) restarts = 4 iters= 770
CONGRAD5: time = 4.536610e-01 (fn F) masses = 1 iters = 746 mflops = 2.248592e+03
 OK converged final_rsq= 5e-11 (cf 1e-10) rel = 1 (cf 0) restarts = 4 iters= 746
GFTIME:   time = 7.096004e-02 (Symanzik1) mflops = 2.483942e+03
FFTIME:  time = 1.551800e-01 (asqtad3) terms = 2 mflops = 3.221621e+03
CONGRAD5: time = 4.645591e-01 (fn F) masses = 1 iters = 763 mflops = 2.245881e+03
 OK converged final_rsq= 5e-11 (cf 1e-10) rel = 1 (cf 0) restarts = 4 iters= 763
CONGRAD5: time = 4.578519e-01 (fn F) masses = 1 iters = 753 mflops = 2.248916e+03
 OK converged final_rsq= 1e-10 (cf 1e-10) rel = 1 (cf 0) restarts = 3 iters= 753
GFTIME:   time = 7.074404e-02 (Symanzik1) mflops = 2.491526e+03
FFTIME:  time = 1.546519e-01 (asqtad3) terms = 2 mflops = 3.232622e+03
PLAQ:	1.459433	1.458465
P_LOOP:	1.615890e-02	-8.026712e-03
G_LOOP:  0  0  4   	1.459195e+00	( 0 1 7 6  )
G_LOOP:  0  1  4   	1.460791e+00	( 0 2 7 5  )
G_LOOP:  0  2  4   	1.460614e+00	( 0 3 7 4  )
G_LOOP:  0  3  4   	1.458314e+00	( 1 2 6 5  )
G_LOOP:  0  4  4   	1.457892e+00	( 1 3 6 4  )
G_LOOP:  0  5  4   	1.456888e+00	( 2 3 5 4  )
G_LOOP:  1  0  6   	6.983939e-01	( 0 0 1 7 7 6  )
G_LOOP:  1  1  6   	7.042719e-01	( 0 0 2 7 7 5  )
G_LOOP:  1  2  6   	7.000097e-01	( 0 0 3 7 7 4  )
G_LOOP:  1  3  6   	6.967192e-01	( 1 1 0 6 6 7  )
G_LOOP:  1  4  6   	6.984864e-01	( 1 1 2 6 6 5  )
G_LOOP:  1  5  6   	6.968441e-01	( 1 1 3 6 6 4  )
G_LOOP:  1  6  6   	6.998432e-01	( 2 2 0 5 5 7  )
G_LOOP:  1  7  6   	6.985943e-01	( 2 2 1 5 5 6  )
G_LOOP:  1  8  6   	6.990863e-01	( 2 2 3 5 5 4  )
G_LOOP:  1  9  6   	6.999809e-01	( 3 3 0 4 4 7  )
G_LOOP:  1  10  6   	6.973355e-01	( 3 3 1 4 4 6  )
G_LOOP:  1  11  6   	6.941445e-01	( 3 3 2 4 4 5  )
G_LOOP:  2  0  6   	7.139080e-01	( 0 1 2 7 6 5  )
G_LOOP:  2  1  6   	7.119920e-01	( 0 1 5 7 6 2  )
G_LOOP:  2  2  6   	7.117254e-01	( 0 6 2 7 1 5  )
G_LOOP:  2  3  6   	7.124687e-01	( 0 6 5 7 1 2  )
G_LOOP:  2  4  6   	7.159880e-01	( 0 1 3 7 6 4  )
G_LOOP:  2  5  6   	7.136556e-01	( 0 1 4 7 6 3  )
G_LOOP:  2  6  6   	7.124254e-01	( 0 6 3 7 1 4  )
G_LOOP:  2  7  6   	7.110729e-01	( 0 6 4 7 1 3  )
G_LOOP:  2  8  6   	7.144444e-01	( 0 2 3 7 5 4  )
G_LOOP:  2  9  6   	7.125228e-01	( 0 2 4 7 5 3  )
G_LOOP:  2  10  6   	7.149983e-01	( 0 5 3 7 2 4  )
G_LOOP:  2  11  6   	7.100563e-01	( 0 5 4 7 2 3  )
G_LOOP:  2  12  6   	7.109843e-01	( 1 2 3 6 5 4  )
G_LOOP:  2  13  6   	7.097229e-01	( 1 2 4 6 5 3  )
G_LOOP:  2  14  6   	7.117955e-01	( 1 5 3 6 2 4  )
G_LOOP:  2  15  6   	7.069325e-01	( 1 5 4 6 2 3  )
GACTION: 6.725127e+00
CONGRAD5: time = 4.410322e-01 (fn F) masses = 1 iters = 718 mflops = 2.226165e+03
 OK converged final_rsq= 5e-11 (cf 1e-10) rel = 1 (cf 0) restarts = 4 iters= 718
CONGRAD5: time = 4.671097e-02 (fn F) masses = 1 iters = 75 mflops = 2.195561e+03
 OK converged final_rsq= 1e-10 (cf 1e-10) rel = 1 (cf 0) restarts = 1 iters= 75
PBP: mass 1.000000e-02     6.464430e-02  5.646403e-02  3.676150e-03  3.676061e-03 ( 1 of 1 )
FACTION: mass = 1.000000e-02,  1.503793e+00 ( 1 of 1 )
CONGRAD5: time = 4.627509e-01 (fn F) masses = 1 iters = 755 mflops = 2.231017e+03
 OK converged final_rsq= 5e-11 (cf 1e-10) rel = 1 (cf 0) restarts = 4 iters= 755
CONGRAD5: time = 4.724503e-02 (fn F) masses = 1 iters = 76 mflops = 2.199686e+03
 OK converged final_rsq= 9.8e-11 (cf 1e-10) rel = 1 (cf 0) restarts = 1 iters= 76
PBP: mass 1.000000e-02     6.353492e-02  4.823133e-02  -5.438112e-03  -5.433117e-03 ( 1 of 1 )
FACTION: mass = 1.000000e-02,  1.504196e+00 ( 1 of 1 )
RUNNING COMPLETED
average cg iters for step= 1.451250e+03
Time = 7.789853e+01 seconds
total_iters = 181038
Checksums f5dc514d a700d500
Saved gauge configuration in parallel to binary file lat_p64_size64_2
Time stamp Fri Aug 12 23:28:42 2022
Wrote info file lat_p64_size64_2.info
Time to save = 4.058321e-01
CHECK PLAQ: 1.459433e+00 1.458465e+00
CHECK NERSC LINKTR: 1.436480e-01 CKSUM: 409d2cae


get_i(0): EOF on input.
Elapsed total time: 86.039765
exit: Fri Aug 12 23:28:42 2022

