SU3 with improved KS action
Microcanonical simulation with refreshing
R algorithm
MIMD version 7.8.1
Machine = MPI (portable), with 32 nodes
Host(0) = nid06359
Username = mcopik
Options selected...
Generic single precision
C_GLOBAL_INLINE
DBLSTORE_FN
D_FN_GATHER13
FEWSUMS
KS_MULTIFF=FNMAT
VECLENGTH=4
type 0 for no prompts, 1 for prompts, or 2 for proofreading
nflavors1 2
nflavors2 1
nx 24
ny 16
nz 8
nt 36
iseed 5682304
LAYOUT = Hypercubes, options = hyper_prime,
automatic hyper_prime layout
ON EACH NODE 6 x 8 x 8 x 9
Mallocing 3.4 MBytes per node for lattice
WARNING!!: Resetting random seed
Made lattice
Made nn gathers
Made 3nn gathers
Finished setup


warms 0
trajecs 4
traj_between_meas 1
beta 5.6
mass1 0.125
mass2 0.125
u0 0.8441
microcanonical_time_step 0.2
steps_per_trajectory 5
max_cg_iterations 100
max_cg_restarts 5
error_per_site 0.125
error_for_propagator 0.125
npbp_reps 1
prec_pbp 1
fresh 
save_parallel lat_p64_size128_1
unit gauge configuration loaded
CHECK PLAQ: 3.000000e+00 3.000000e+00
CHECK NERSC LINKTR: 1.000000e+00 CKSUM: 0
Unitarity checked.  Max deviation 0.00e+00
Time to check unitarity = 8.428097e-04
"O(a^2): couplings(pi)=0, Naik term, No O(a^2) errors, tadpole weights"
path coefficients: npath  path_coeff  multiplicity
                    0      6.250000e-01     8
                    1      -5.847914e-02     8
                    2      -8.771871e-02     48
                    3      3.077829e-02     192
                    4      -7.199551e-03     384
                    5      -1.231132e-01     48
Symanzik 1x1 + 1x2 + 1x1x1 action
gauge_action: total_dyn_flavors = 3
loop coefficients: nloop rep loop_coeff  multiplicity
                    0 0      1.000000e+00     6
                    1 0      -7.762509e-02     12
                    2 0      -1.031171e-02     16
WARMUPS COMPLETED
CONGRAD5: time = 1.313496e-02 (fn F) masses = 1 iters = 4 mflops = 1.249269e+03
 OK converged final_rsq= 0.006 (cf 0.016) rel = 1 (cf 0) restarts = 1 iters= 4
CONGRAD5: time = 1.247311e-02 (fn F) masses = 1 iters = 4 mflops = 1.315557e+03
 OK converged final_rsq= 0.0059 (cf 0.016) rel = 1 (cf 0) restarts = 1 iters= 4
GFTIME:   time = 1.951210e-01 (Symanzik1) mflops = 2.710019e+03
FFTIME:  time = 6.512530e-01 (asqtad3) terms = 2 mflops = 2.302935e+03
CONGRAD5: time = 1.525402e-02 (fn F) masses = 1 iters = 4 mflops = 1.075722e+03
 OK converged final_rsq= 0.01 (cf 0.016) rel = 1 (cf 0) restarts = 1 iters= 4
CONGRAD5: time = 1.482821e-02 (fn F) masses = 1 iters = 4 mflops = 1.106613e+03
 OK converged final_rsq= 0.0098 (cf 0.016) rel = 1 (cf 0) restarts = 1 iters= 4
GFTIME:   time = 2.244000e-01 (Symanzik1) mflops = 2.356425e+03
FFTIME:  time = 6.468410e-01 (asqtad3) terms = 2 mflops = 2.318643e+03
CONGRAD5: time = 1.056790e-02 (fn F) masses = 1 iters = 4 mflops = 1.552729e+03
 OK converged final_rsq= 0.014 (cf 0.016) rel = 1 (cf 0) restarts = 1 iters= 4
CONGRAD5: time = 1.057410e-02 (fn F) masses = 1 iters = 4 mflops = 1.551819e+03
 OK converged final_rsq= 0.014 (cf 0.016) rel = 1 (cf 0) restarts = 1 iters= 4
GFTIME:   time = 1.737812e-01 (Symanzik1) mflops = 3.042803e+03
FFTIME:  time = 6.164749e-01 (asqtad3) terms = 2 mflops = 2.432854e+03
CONGRAD5: time = 1.113105e-02 (fn F) masses = 1 iters = 4 mflops = 1.474173e+03
 OK converged final_rsq= 0.013 (cf 0.016) rel = 1 (cf 0) restarts = 1 iters= 4
CONGRAD5: time = 1.064801e-02 (fn F) masses = 1 iters = 4 mflops = 1.541047e+03
 OK converged final_rsq= 0.013 (cf 0.016) rel = 1 (cf 0) restarts = 1 iters= 4
GFTIME:   time = 1.711240e-01 (Symanzik1) mflops = 3.090051e+03
FFTIME:  time = 6.154101e-01 (asqtad3) terms = 2 mflops = 2.437063e+03
CONGRAD5: time = 1.146984e-02 (fn F) masses = 1 iters = 4 mflops = 1.430629e+03
 OK converged final_rsq= 0.011 (cf 0.016) rel = 1 (cf 0) restarts = 1 iters= 4
CONGRAD5: time = 1.031709e-02 (fn F) masses = 1 iters = 4 mflops = 1.590477e+03
 OK converged final_rsq= 0.011 (cf 0.016) rel = 1 (cf 0) restarts = 1 iters= 4
GFTIME:   time = 1.708179e-01 (Symanzik1) mflops = 3.095589e+03
FFTIME:  time = 6.123669e-01 (asqtad3) terms = 2 mflops = 2.449174e+03
PLAQ:	2.349198	2.348190
P_LOOP:	2.786892e-03	-1.250431e-02
G_LOOP:  0  0  4   	2.348389e+00	( 0 1 7 6  )
G_LOOP:  0  1  4   	2.349309e+00	( 0 2 7 5  )
G_LOOP:  0  2  4   	2.348361e+00	( 0 3 7 4  )
G_LOOP:  0  3  4   	2.349895e+00	( 1 2 6 5  )
G_LOOP:  0  4  4   	2.348625e+00	( 1 3 6 4  )
G_LOOP:  0  5  4   	2.347583e+00	( 2 3 5 4  )
G_LOOP:  1  0  6   	1.773790e+00	( 0 0 1 7 7 6  )
G_LOOP:  1  1  6   	1.776646e+00	( 0 0 2 7 7 5  )
G_LOOP:  1  2  6   	1.774103e+00	( 0 0 3 7 7 4  )
G_LOOP:  1  3  6   	1.776491e+00	( 1 1 0 6 6 7  )
G_LOOP:  1  4  6   	1.777582e+00	( 1 1 2 6 6 5  )
G_LOOP:  1  5  6   	1.775662e+00	( 1 1 3 6 6 4  )
G_LOOP:  1  6  6   	1.775503e+00	( 2 2 0 5 5 7  )
G_LOOP:  1  7  6   	1.778237e+00	( 2 2 1 5 5 6  )
G_LOOP:  1  8  6   	1.771448e+00	( 2 2 3 5 5 4  )
G_LOOP:  1  9  6   	1.773505e+00	( 3 3 0 4 4 7  )
G_LOOP:  1  10  6   	1.774021e+00	( 3 3 1 4 4 6  )
G_LOOP:  1  11  6   	1.774669e+00	( 3 3 2 4 4 5  )
G_LOOP:  2  0  6   	1.825091e+00	( 0 1 2 7 6 5  )
G_LOOP:  2  1  6   	1.823287e+00	( 0 1 5 7 6 2  )
G_LOOP:  2  2  6   	1.821088e+00	( 0 6 2 7 1 5  )
G_LOOP:  2  3  6   	1.822105e+00	( 0 6 5 7 1 2  )
G_LOOP:  2  4  6   	1.824212e+00	( 0 1 3 7 6 4  )
G_LOOP:  2  5  6   	1.820812e+00	( 0 1 4 7 6 3  )
G_LOOP:  2  6  6   	1.819790e+00	( 0 6 3 7 1 4  )
G_LOOP:  2  7  6   	1.820252e+00	( 0 6 4 7 1 3  )
G_LOOP:  2  8  6   	1.823634e+00	( 0 2 3 7 5 4  )
G_LOOP:  2  9  6   	1.819915e+00	( 0 2 4 7 5 3  )
G_LOOP:  2  10  6   	1.821587e+00	( 0 5 3 7 2 4  )
G_LOOP:  2  11  6   	1.821800e+00	( 0 5 4 7 2 3  )
G_LOOP:  2  12  6   	1.820839e+00	( 1 2 3 6 5 4  )
G_LOOP:  2  13  6   	1.823189e+00	( 1 2 4 6 5 3  )
G_LOOP:  2  14  6   	1.819091e+00	( 1 5 3 6 2 4  )
G_LOOP:  2  15  6   	1.822278e+00	( 1 5 4 6 2 3  )
GACTION: 2.572492e+00
CONGRAD5: time = 1.118207e-02 (fn F) masses = 1 iters = 4 mflops = 1.467446e+03
 OK converged final_rsq= 0.01 (cf 0.016) rel = 1 (cf 0) restarts = 1 iters= 4
CONGRAD5: time = 1.461005e-02 (fn F) masses = 1 iters = 6 mflops = 1.684705e+03
 OK converged final_rsq= 0.0087 (cf 0.016) rel = 1 (cf 0) restarts = 1 iters= 6
PBP: mass 1.250000e-01     6.806275e-02  1.030895e-01  8.483080e-04  9.597723e-04 ( 1 of 1 )
FACTION: mass = 1.250000e-01,  1.463830e+00 ( 1 of 1 )
CONGRAD5: time = 1.095295e-02 (fn F) masses = 1 iters = 4 mflops = 1.498143e+03
 OK converged final_rsq= 0.01 (cf 0.016) rel = 1 (cf 0) restarts = 1 iters= 4
CONGRAD5: time = 1.452088e-02 (fn F) masses = 1 iters = 6 mflops = 1.695051e+03
 OK converged final_rsq= 0.0085 (cf 0.016) rel = 1 (cf 0) restarts = 1 iters= 6
PBP: mass 1.250000e-01     6.882193e-02  1.016555e-01  -1.014163e-03  -6.058347e-04 ( 1 of 1 )
FACTION: mass = 1.250000e-01,  1.471104e+00 ( 1 of 1 )
CONGRAD5: time = 1.051903e-02 (fn F) masses = 1 iters = 4 mflops = 1.559943e+03
 OK converged final_rsq= 0.011 (cf 0.016) rel = 1 (cf 0) restarts = 1 iters= 4
CONGRAD5: time = 1.037502e-02 (fn F) masses = 1 iters = 4 mflops = 1.581595e+03
 OK converged final_rsq= 0.011 (cf 0.016) rel = 1 (cf 0) restarts = 1 iters= 4
GFTIME:   time = 1.722929e-01 (Symanzik1) mflops = 3.069086e+03
FFTIME:  time = 6.326640e-01 (asqtad3) terms = 2 mflops = 2.370600e+03
CONGRAD5: time = 1.242995e-02 (fn F) masses = 1 iters = 5 mflops = 1.650156e+03
 OK converged final_rsq= 0.007 (cf 0.016) rel = 1 (cf 0) restarts = 1 iters= 5
CONGRAD5: time = 1.029992e-02 (fn F) masses = 1 iters = 4 mflops = 1.593128e+03
 OK converged final_rsq= 0.015 (cf 0.016) rel = 1 (cf 0) restarts = 1 iters= 4
GFTIME:   time = 1.719820e-01 (Symanzik1) mflops = 3.074634e+03
FFTIME:  time = 6.556079e-01 (asqtad3) terms = 2 mflops = 2.287638e+03
CONGRAD5: time = 1.363993e-02 (fn F) masses = 1 iters = 5 mflops = 1.503773e+03
 OK converged final_rsq= 0.0088 (cf 0.016) rel = 1 (cf 0) restarts = 1 iters= 5
CONGRAD5: time = 1.300621e-02 (fn F) masses = 1 iters = 5 mflops = 1.577044e+03
 OK converged final_rsq= 0.0085 (cf 0.016) rel = 1 (cf 0) restarts = 1 iters= 5
GFTIME:   time = 1.745479e-01 (Symanzik1) mflops = 3.029437e+03
FFTIME:  time = 6.328390e-01 (asqtad3) terms = 2 mflops = 2.369945e+03
CONGRAD5: time = 1.227999e-02 (fn F) masses = 1 iters = 5 mflops = 1.670308e+03
 OK converged final_rsq= 0.0085 (cf 0.016) rel = 1 (cf 0) restarts = 1 iters= 5
CONGRAD5: time = 1.210117e-02 (fn F) masses = 1 iters = 5 mflops = 1.694989e+03
 OK converged final_rsq= 0.0081 (cf 0.016) rel = 1 (cf 0) restarts = 1 iters= 5
GFTIME:   time = 1.991861e-01 (Symanzik1) mflops = 2.654713e+03
FFTIME:  time = 6.468201e-01 (asqtad3) terms = 2 mflops = 2.318718e+03
CONGRAD5: time = 1.040316e-02 (fn F) masses = 1 iters = 4 mflops = 1.577318e+03
 OK converged final_rsq= 0.016 (cf 0.016) rel = 1 (cf 0) restarts = 1 iters= 4
CONGRAD5: time = 1.032209e-02 (fn F) masses = 1 iters = 4 mflops = 1.589705e+03
 OK converged final_rsq= 0.015 (cf 0.016) rel = 1 (cf 0) restarts = 1 iters= 4
GFTIME:   time = 1.721039e-01 (Symanzik1) mflops = 3.072457e+03
FFTIME:  time = 6.452460e-01 (asqtad3) terms = 2 mflops = 2.324374e+03
PLAQ:	2.013451	2.012694
P_LOOP:	1.848458e-02	-2.834589e-03
G_LOOP:  0  0  4   	2.013605e+00	( 0 1 7 6  )
G_LOOP:  0  1  4   	2.012726e+00	( 0 2 7 5  )
G_LOOP:  0  2  4   	2.012660e+00	( 0 3 7 4  )
G_LOOP:  0  3  4   	2.014021e+00	( 1 2 6 5  )
G_LOOP:  0  4  4   	2.011083e+00	( 1 3 6 4  )
G_LOOP:  0  5  4   	2.014340e+00	( 2 3 5 4  )
G_LOOP:  1  0  6   	1.300613e+00	( 0 0 1 7 7 6  )
G_LOOP:  1  1  6   	1.300842e+00	( 0 0 2 7 7 5  )
G_LOOP:  1  2  6   	1.298253e+00	( 0 0 3 7 7 4  )
G_LOOP:  1  3  6   	1.302963e+00	( 1 1 0 6 6 7  )
G_LOOP:  1  4  6   	1.302157e+00	( 1 1 2 6 6 5  )
G_LOOP:  1  5  6   	1.297503e+00	( 1 1 3 6 6 4  )
G_LOOP:  1  6  6   	1.301427e+00	( 2 2 0 5 5 7  )
G_LOOP:  1  7  6   	1.304927e+00	( 2 2 1 5 5 6  )
G_LOOP:  1  8  6   	1.304792e+00	( 2 2 3 5 5 4  )
G_LOOP:  1  9  6   	1.298713e+00	( 3 3 0 4 4 7  )
G_LOOP:  1  10  6   	1.299108e+00	( 3 3 1 4 4 6  )
G_LOOP:  1  11  6   	1.299223e+00	( 3 3 2 4 4 5  )
G_LOOP:  2  0  6   	1.348445e+00	( 0 1 2 7 6 5  )
G_LOOP:  2  1  6   	1.343089e+00	( 0 1 5 7 6 2  )
G_LOOP:  2  2  6   	1.346329e+00	( 0 6 2 7 1 5  )
G_LOOP:  2  3  6   	1.345030e+00	( 0 6 5 7 1 2  )
G_LOOP:  2  4  6   	1.343380e+00	( 0 1 3 7 6 4  )
G_LOOP:  2  5  6   	1.344257e+00	( 0 1 4 7 6 3  )
G_LOOP:  2  6  6   	1.343157e+00	( 0 6 3 7 1 4  )
G_LOOP:  2  7  6   	1.342065e+00	( 0 6 4 7 1 3  )
G_LOOP:  2  8  6   	1.346172e+00	( 0 2 3 7 5 4  )
G_LOOP:  2  9  6   	1.342668e+00	( 0 2 4 7 5 3  )
G_LOOP:  2  10  6   	1.348706e+00	( 0 5 3 7 2 4  )
G_LOOP:  2  11  6   	1.343122e+00	( 0 5 4 7 2 3  )
G_LOOP:  2  12  6   	1.345732e+00	( 1 2 3 6 5 4  )
G_LOOP:  2  13  6   	1.341834e+00	( 1 2 4 6 5 3  )
G_LOOP:  2  14  6   	1.347041e+00	( 1 5 3 6 2 4  )
G_LOOP:  2  15  6   	1.345153e+00	( 1 5 4 6 2 3  )
GACTION: 4.065737e+00
CONGRAD5: time = 1.117802e-02 (fn F) masses = 1 iters = 4 mflops = 1.467978e+03
 OK converged final_rsq= 0.014 (cf 0.016) rel = 1 (cf 0) restarts = 1 iters= 4
CONGRAD5: time = 1.468992e-02 (fn F) masses = 1 iters = 6 mflops = 1.675545e+03
 OK converged final_rsq= 0.013 (cf 0.016) rel = 1 (cf 0) restarts = 1 iters= 6
PBP: mass 1.250000e-01     8.497467e-02  1.688522e-01  -5.301324e-04  -5.047567e-04 ( 1 of 1 )
FACTION: mass = 1.250000e-01,  1.446208e+00 ( 1 of 1 )
CONGRAD5: time = 1.086593e-02 (fn F) masses = 1 iters = 4 mflops = 1.510142e+03
 OK converged final_rsq= 0.014 (cf 0.016) rel = 1 (cf 0) restarts = 1 iters= 4
CONGRAD5: time = 1.477098e-02 (fn F) masses = 1 iters = 6 mflops = 1.666350e+03
 OK converged final_rsq= 0.013 (cf 0.016) rel = 1 (cf 0) restarts = 1 iters= 6
PBP: mass 1.250000e-01     8.481228e-02  1.712648e-01  2.146663e-03  2.408056e-03 ( 1 of 1 )
FACTION: mass = 1.250000e-01,  1.442460e+00 ( 1 of 1 )
CONGRAD5: time = 1.299596e-02 (fn F) masses = 1 iters = 5 mflops = 1.578288e+03
 OK converged final_rsq= 0.0075 (cf 0.016) rel = 1 (cf 0) restarts = 1 iters= 5
CONGRAD5: time = 1.079392e-02 (fn F) masses = 1 iters = 4 mflops = 1.520215e+03
 OK converged final_rsq= 0.016 (cf 0.016) rel = 1 (cf 0) restarts = 1 iters= 4
GFTIME:   time = 1.779821e-01 (Symanzik1) mflops = 2.970983e+03
FFTIME:  time = 6.074011e-01 (asqtad3) terms = 2 mflops = 2.469198e+03
CONGRAD5: time = 1.248288e-02 (fn F) masses = 1 iters = 5 mflops = 1.643159e+03
 OK converged final_rsq= 0.0092 (cf 0.016) rel = 1 (cf 0) restarts = 1 iters= 5
CONGRAD5: time = 1.243496e-02 (fn F) masses = 1 iters = 5 mflops = 1.649492e+03
 OK converged final_rsq= 0.0087 (cf 0.016) rel = 1 (cf 0) restarts = 1 iters= 5
GFTIME:   time = 1.924930e-01 (Symanzik1) mflops = 2.747019e+03
FFTIME:  time = 6.617529e-01 (asqtad3) terms = 2 mflops = 2.266395e+03
CONGRAD5: time = 1.250601e-02 (fn F) masses = 1 iters = 5 mflops = 1.640120e+03
 OK converged final_rsq= 0.011 (cf 0.016) rel = 1 (cf 0) restarts = 1 iters= 5
CONGRAD5: time = 1.220608e-02 (fn F) masses = 1 iters = 5 mflops = 1.680422e+03
 OK converged final_rsq= 0.01 (cf 0.016) rel = 1 (cf 0) restarts = 1 iters= 5
GFTIME:   time = 1.725838e-01 (Symanzik1) mflops = 3.063913e+03
FFTIME:  time = 7.013040e-01 (asqtad3) terms = 2 mflops = 2.138578e+03
CONGRAD5: time = 1.335502e-02 (fn F) masses = 1 iters = 5 mflops = 1.535854e+03
 OK converged final_rsq= 0.011 (cf 0.016) rel = 1 (cf 0) restarts = 1 iters= 5
CONGRAD5: time = 1.255512e-02 (fn F) masses = 1 iters = 5 mflops = 1.633705e+03
 OK converged final_rsq= 0.01 (cf 0.016) rel = 1 (cf 0) restarts = 1 iters= 5
GFTIME:   time = 1.770790e-01 (Symanzik1) mflops = 2.986136e+03
FFTIME:  time = 6.143432e-01 (asqtad3) terms = 2 mflops = 2.441296e+03
CONGRAD5: time = 1.229596e-02 (fn F) masses = 1 iters = 5 mflops = 1.668138e+03
 OK converged final_rsq= 0.0099 (cf 0.016) rel = 1 (cf 0) restarts = 1 iters= 5
CONGRAD5: time = 1.237702e-02 (fn F) masses = 1 iters = 5 mflops = 1.657213e+03
 OK converged final_rsq= 0.0095 (cf 0.016) rel = 1 (cf 0) restarts = 1 iters= 5
GFTIME:   time = 1.706650e-01 (Symanzik1) mflops = 3.098361e+03
FFTIME:  time = 6.262610e-01 (asqtad3) terms = 2 mflops = 2.394838e+03
PLAQ:	1.791483	1.792157
P_LOOP:	-5.625045e-03	-1.410870e-02
G_LOOP:  0  0  4   	1.791594e+00	( 0 1 7 6  )
G_LOOP:  0  1  4   	1.792323e+00	( 0 2 7 5  )
G_LOOP:  0  2  4   	1.792407e+00	( 0 3 7 4  )
G_LOOP:  0  3  4   	1.790532e+00	( 1 2 6 5  )
G_LOOP:  0  4  4   	1.793364e+00	( 1 3 6 4  )
G_LOOP:  0  5  4   	1.790701e+00	( 2 3 5 4  )
G_LOOP:  1  0  6   	1.025456e+00	( 0 0 1 7 7 6  )
G_LOOP:  1  1  6   	1.026012e+00	( 0 0 2 7 7 5  )
G_LOOP:  1  2  6   	1.024732e+00	( 0 0 3 7 7 4  )
G_LOOP:  1  3  6   	1.025410e+00	( 1 1 0 6 6 7  )
G_LOOP:  1  4  6   	1.024953e+00	( 1 1 2 6 6 5  )
G_LOOP:  1  5  6   	1.022938e+00	( 1 1 3 6 6 4  )
G_LOOP:  1  6  6   	1.024038e+00	( 2 2 0 5 5 7  )
G_LOOP:  1  7  6   	1.024894e+00	( 2 2 1 5 5 6  )
G_LOOP:  1  8  6   	1.022412e+00	( 2 2 3 5 5 4  )
G_LOOP:  1  9  6   	1.027185e+00	( 3 3 0 4 4 7  )
G_LOOP:  1  10  6   	1.025144e+00	( 3 3 1 4 4 6  )
G_LOOP:  1  11  6   	1.025040e+00	( 3 3 2 4 4 5  )
G_LOOP:  2  0  6   	1.061102e+00	( 0 1 2 7 6 5  )
G_LOOP:  2  1  6   	1.057245e+00	( 0 1 5 7 6 2  )
G_LOOP:  2  2  6   	1.056138e+00	( 0 6 2 7 1 5  )
G_LOOP:  2  3  6   	1.056679e+00	( 0 6 5 7 1 2  )
G_LOOP:  2  4  6   	1.053658e+00	( 0 1 3 7 6 4  )
G_LOOP:  2  5  6   	1.057752e+00	( 0 1 4 7 6 3  )
G_LOOP:  2  6  6   	1.058101e+00	( 0 6 3 7 1 4  )
G_LOOP:  2  7  6   	1.058884e+00	( 0 6 4 7 1 3  )
G_LOOP:  2  8  6   	1.056078e+00	( 0 2 3 7 5 4  )
G_LOOP:  2  9  6   	1.059393e+00	( 0 2 4 7 5 3  )
G_LOOP:  2  10  6   	1.057076e+00	( 0 5 3 7 2 4  )
G_LOOP:  2  11  6   	1.062819e+00	( 0 5 4 7 2 3  )
G_LOOP:  2  12  6   	1.057843e+00	( 1 2 3 6 5 4  )
G_LOOP:  2  13  6   	1.058616e+00	( 1 2 4 6 5 3  )
G_LOOP:  2  14  6   	1.053119e+00	( 1 5 3 6 2 4  )
G_LOOP:  2  15  6   	1.057944e+00	( 1 5 4 6 2 3  )
GACTION: 5.088764e+00
CONGRAD5: time = 1.287913e-02 (fn F) masses = 1 iters = 5 mflops = 1.592604e+03
 OK converged final_rsq= 0.0086 (cf 0.016) rel = 1 (cf 0) restarts = 1 iters= 5
CONGRAD5: time = 1.508904e-02 (fn F) masses = 1 iters = 6 mflops = 1.631226e+03
 OK converged final_rsq= 0.015 (cf 0.016) rel = 1 (cf 0) restarts = 1 iters= 6
PBP: mass 1.250000e-01     1.111279e-01  3.023810e-01  2.452463e-03  2.404104e-03 ( 1 of 1 )
FACTION: mass = 1.250000e-01,  1.456062e+00 ( 1 of 1 )
CONGRAD5: time = 1.336002e-02 (fn F) masses = 1 iters = 5 mflops = 1.535279e+03
 OK converged final_rsq= 0.0085 (cf 0.016) rel = 1 (cf 0) restarts = 1 iters= 5
CONGRAD5: time = 1.402807e-02 (fn F) masses = 1 iters = 6 mflops = 1.754598e+03
 OK converged final_rsq= 0.015 (cf 0.016) rel = 1 (cf 0) restarts = 1 iters= 6
PBP: mass 1.250000e-01     1.104930e-01  3.003512e-01  6.282960e-05  9.094552e-04 ( 1 of 1 )
FACTION: mass = 1.250000e-01,  1.455075e+00 ( 1 of 1 )
CONGRAD5: time = 1.228595e-02 (fn F) masses = 1 iters = 5 mflops = 1.669498e+03
 OK converged final_rsq= 0.01 (cf 0.016) rel = 1 (cf 0) restarts = 1 iters= 5
CONGRAD5: time = 1.256490e-02 (fn F) masses = 1 iters = 5 mflops = 1.632434e+03
 OK converged final_rsq= 0.0095 (cf 0.016) rel = 1 (cf 0) restarts = 1 iters= 5
GFTIME:   time = 1.694040e-01 (Symanzik1) mflops = 3.121424e+03
FFTIME:  time = 6.452520e-01 (asqtad3) terms = 2 mflops = 2.324353e+03
CONGRAD5: time = 1.282501e-02 (fn F) masses = 1 iters = 5 mflops = 1.599325e+03
 OK converged final_rsq= 0.011 (cf 0.016) rel = 1 (cf 0) restarts = 1 iters= 5
CONGRAD5: time = 1.214695e-02 (fn F) masses = 1 iters = 5 mflops = 1.688602e+03
 OK converged final_rsq= 0.011 (cf 0.016) rel = 1 (cf 0) restarts = 1 iters= 5
GFTIME:   time = 1.715641e-01 (Symanzik1) mflops = 3.082124e+03
FFTIME:  time = 6.444740e-01 (asqtad3) terms = 2 mflops = 2.327159e+03
CONGRAD5: time = 1.538515e-02 (fn F) masses = 1 iters = 5 mflops = 1.333192e+03
 OK converged final_rsq= 0.012 (cf 0.016) rel = 1 (cf 0) restarts = 1 iters= 5
CONGRAD5: time = 1.556492e-02 (fn F) masses = 1 iters = 5 mflops = 1.317794e+03
 OK converged final_rsq= 0.012 (cf 0.016) rel = 1 (cf 0) restarts = 1 iters= 5
GFTIME:   time = 2.075601e-01 (Symanzik1) mflops = 2.547609e+03
FFTIME:  time = 6.360559e-01 (asqtad3) terms = 2 mflops = 2.357958e+03
CONGRAD5: time = 1.970601e-02 (fn F) masses = 1 iters = 5 mflops = 1.040868e+03
 OK converged final_rsq= 0.012 (cf 0.016) rel = 1 (cf 0) restarts = 1 iters= 5
CONGRAD5: time = 1.756907e-02 (fn F) masses = 1 iters = 5 mflops = 1.167470e+03
 OK converged final_rsq= 0.012 (cf 0.016) rel = 1 (cf 0) restarts = 1 iters= 5
GFTIME:   time = 1.786032e-01 (Symanzik1) mflops = 2.960652e+03
FFTIME:  time = 6.176050e-01 (asqtad3) terms = 2 mflops = 2.428402e+03
CONGRAD5: time = 1.345992e-02 (fn F) masses = 1 iters = 5 mflops = 1.523884e+03
 OK converged final_rsq= 0.012 (cf 0.016) rel = 1 (cf 0) restarts = 1 iters= 5
CONGRAD5: time = 1.218915e-02 (fn F) masses = 1 iters = 5 mflops = 1.682756e+03
 OK converged final_rsq= 0.011 (cf 0.016) rel = 1 (cf 0) restarts = 1 iters= 5
GFTIME:   time = 1.707280e-01 (Symanzik1) mflops = 3.097219e+03
FFTIME:  time = 6.452060e-01 (asqtad3) terms = 2 mflops = 2.324519e+03
PLAQ:	1.645902	1.647369
P_LOOP:	-1.143113e-02	-2.267756e-03
G_LOOP:  0  0  4   	1.645709e+00	( 0 1 7 6  )
G_LOOP:  0  1  4   	1.644737e+00	( 0 2 7 5  )
G_LOOP:  0  2  4   	1.647218e+00	( 0 3 7 4  )
G_LOOP:  0  3  4   	1.647258e+00	( 1 2 6 5  )
G_LOOP:  0  4  4   	1.649003e+00	( 1 3 6 4  )
G_LOOP:  0  5  4   	1.645887e+00	( 2 3 5 4  )
G_LOOP:  1  0  6   	8.580218e-01	( 0 0 1 7 7 6  )
G_LOOP:  1  1  6   	8.541604e-01	( 0 0 2 7 7 5  )
G_LOOP:  1  2  6   	8.595779e-01	( 0 0 3 7 7 4  )
G_LOOP:  1  3  6   	8.582930e-01	( 1 1 0 6 6 7  )
G_LOOP:  1  4  6   	8.580090e-01	( 1 1 2 6 6 5  )
G_LOOP:  1  5  6   	8.579565e-01	( 1 1 3 6 6 4  )
G_LOOP:  1  6  6   	8.503308e-01	( 2 2 0 5 5 7  )
G_LOOP:  1  7  6   	8.559146e-01	( 2 2 1 5 5 6  )
G_LOOP:  1  8  6   	8.569176e-01	( 2 2 3 5 5 4  )
G_LOOP:  1  9  6   	8.593230e-01	( 3 3 0 4 4 7  )
G_LOOP:  1  10  6   	8.598535e-01	( 3 3 1 4 4 6  )
G_LOOP:  1  11  6   	8.616721e-01	( 3 3 2 4 4 5  )
G_LOOP:  2  0  6   	8.789153e-01	( 0 1 2 7 6 5  )
G_LOOP:  2  1  6   	8.791288e-01	( 0 1 5 7 6 2  )
G_LOOP:  2  2  6   	8.810073e-01	( 0 6 2 7 1 5  )
G_LOOP:  2  3  6   	8.768704e-01	( 0 6 5 7 1 2  )
G_LOOP:  2  4  6   	8.798489e-01	( 0 1 3 7 6 4  )
G_LOOP:  2  5  6   	8.801400e-01	( 0 1 4 7 6 3  )
G_LOOP:  2  6  6   	8.826417e-01	( 0 6 3 7 1 4  )
G_LOOP:  2  7  6   	8.788818e-01	( 0 6 4 7 1 3  )
G_LOOP:  2  8  6   	8.816597e-01	( 0 2 3 7 5 4  )
G_LOOP:  2  9  6   	8.763485e-01	( 0 2 4 7 5 3  )
G_LOOP:  2  10  6   	8.789559e-01	( 0 5 3 7 2 4  )
G_LOOP:  2  11  6   	8.814330e-01	( 0 5 4 7 2 3  )
G_LOOP:  2  12  6   	8.771350e-01	( 1 2 3 6 5 4  )
G_LOOP:  2  13  6   	8.797539e-01	( 1 2 4 6 5 3  )
G_LOOP:  2  14  6   	8.777674e-01	( 1 5 3 6 2 4  )
G_LOOP:  2  15  6   	8.827374e-01	( 1 5 4 6 2 3  )
GACTION: 5.774606e+00
CONGRAD5: time = 1.304007e-02 (fn F) masses = 1 iters = 5 mflops = 1.572949e+03
 OK converged final_rsq= 0.01 (cf 0.016) rel = 1 (cf 0) restarts = 1 iters= 5
CONGRAD5: time = 1.682901e-02 (fn F) masses = 1 iters = 7 mflops = 1.706333e+03
 OK converged final_rsq= 0.008 (cf 0.016) rel = 1 (cf 0) restarts = 1 iters= 7
PBP: mass 1.250000e-01     1.265012e-01  3.213337e-01  -2.075054e-03  -2.155931e-03 ( 1 of 1 )
FACTION: mass = 1.250000e-01,  1.436267e+00 ( 1 of 1 )
CONGRAD5: time = 1.335812e-02 (fn F) masses = 1 iters = 5 mflops = 1.535498e+03
 OK converged final_rsq= 0.01 (cf 0.016) rel = 1 (cf 0) restarts = 1 iters= 5
CONGRAD5: time = 1.664400e-02 (fn F) masses = 1 iters = 7 mflops = 1.725301e+03
 OK converged final_rsq= 0.0081 (cf 0.016) rel = 1 (cf 0) restarts = 1 iters= 7
PBP: mass 1.250000e-01     1.253157e-01  3.200521e-01  5.918009e-04  2.751183e-04 ( 1 of 1 )
FACTION: mass = 1.250000e-01,  1.432563e+00 ( 1 of 1 )
RUNNING COMPLETED
average cg iters for step= 1.100000e+01
Time = 2.397542e+01 seconds
total_iters = 550
Checksums 41e6b2b3 a5e7c44
Saved gauge configuration in parallel to binary file lat_p64_size128_1
Time stamp Wed May 18 20:49:51 2022
Wrote info file lat_p64_size128_1.info
Time to save = 3.735752e-01
CHECK PLAQ: 1.645902e+00 1.647369e+00
CHECK NERSC LINKTR: 1.706465e-01 CKSUM: 85c71d91


warms 0
trajecs 4
traj_between_meas 1
beta 5.6
mass1 0.01
mass2 0.01
u0 0.8441
microcanonical_time_step 0.02
steps_per_trajectory 15
max_cg_iterations 300
max_cg_restarts 5
error_per_site 1e-05
error_for_propagator 1e-05
npbp_reps 1
prec_pbp 1
reload_parallel lat_p64_size128_1
save_parallel lat_p64_size128_2
Restored binary gauge configuration in parallel from file lat_p64_size128_1
Time stamp Wed May 18 20:49:51 2022
Checksums 41e6b2b3 a5e7c44 OK
Time to reload gauge configuration = 1.705081e-01
CHECK PLAQ: 1.645902e+00 1.647369e+00
CHECK NERSC LINKTR: 1.706465e-01 CKSUM: 85c71d91
Unitarity checked.  Max deviation 2.98e-07
Time to check unitarity = 1.382113e-03
"O(a^2): couplings(pi)=0, Naik term, No O(a^2) errors, tadpole weights"
path coefficients: npath  path_coeff  multiplicity
                    0      6.250000e-01     8
                    1      -5.847914e-02     8
                    2      -8.771871e-02     48
                    3      3.077829e-02     192
                    4      -7.199551e-03     384
                    5      -1.231132e-01     48
Symanzik 1x1 + 1x2 + 1x1x1 action
gauge_action: total_dyn_flavors = 3
loop coefficients: nloop rep loop_coeff  multiplicity
                    0 0      1.000000e+00     6
                    1 0      -7.762509e-02     12
                    2 0      -1.031171e-02     16
WARMUPS COMPLETED
CONGRAD5: time = 1.165638e+00 (fn F) masses = 1 iters = 600 mflops = 2.111602e+03
 OK converged final_rsq= 9.6e-11 (cf 1e-10) rel = 1 (cf 0) restarts = 2 iters= 600
CONGRAD5: time = 1.254165e+00 (fn F) masses = 1 iters = 602 mflops = 1.969093e+03
 OK converged final_rsq= 7.3e-11 (cf 1e-10) rel = 1 (cf 0) restarts = 3 iters= 602
GFTIME:   time = 1.837239e-01 (Symanzik1) mflops = 2.878133e+03
FFTIME:  time = 6.449320e-01 (asqtad3) terms = 2 mflops = 2.325506e+03
CONGRAD5: time = 1.278814e+00 (fn F) masses = 1 iters = 591 mflops = 1.895853e+03
 OK converged final_rsq= 1e-10 (cf 1e-10) rel = 1 (cf 0) restarts = 2 iters= 591
CONGRAD5: time = 1.236191e+00 (fn F) masses = 1 iters = 593 mflops = 1.967857e+03
 OK converged final_rsq= 1e-10 (cf 1e-10) rel = 1 (cf 0) restarts = 2 iters= 593
GFTIME:   time = 1.848259e-01 (Symanzik1) mflops = 2.860973e+03
FFTIME:  time = 6.217248e-01 (asqtad3) terms = 2 mflops = 2.412311e+03
CONGRAD5: time = 1.282748e+00 (fn F) masses = 1 iters = 597 mflops = 1.909226e+03
 OK converged final_rsq= 4.9e-11 (cf 1e-10) rel = 1 (cf 0) restarts = 3 iters= 597
CONGRAD5: time = 1.126715e+00 (fn F) masses = 1 iters = 563 mflops = 2.049834e+03
 OK converged final_rsq= 4.9e-11 (cf 1e-10) rel = 1 (cf 0) restarts = 3 iters= 563
GFTIME:   time = 1.799159e-01 (Symanzik1) mflops = 2.939050e+03
FFTIME:  time = 6.449182e-01 (asqtad3) terms = 2 mflops = 2.325556e+03
CONGRAD5: time = 1.206958e+00 (fn F) masses = 1 iters = 590 mflops = 2.005323e+03
 OK converged final_rsq= 9.8e-11 (cf 1e-10) rel = 1 (cf 0) restarts = 2 iters= 590
CONGRAD5: time = 1.100351e+00 (fn F) masses = 1 iters = 578 mflops = 2.154870e+03
 OK converged final_rsq= 9.8e-11 (cf 1e-10) rel = 1 (cf 0) restarts = 2 iters= 578
GFTIME:   time = 2.079930e-01 (Symanzik1) mflops = 2.542305e+03
FFTIME:  time = 6.303692e-01 (asqtad3) terms = 2 mflops = 2.379230e+03
CONGRAD5: time = 1.261189e+00 (fn F) masses = 1 iters = 598 mflops = 1.945116e+03
 OK converged final_rsq= 9e-11 (cf 1e-10) rel = 1 (cf 0) restarts = 2 iters= 598
CONGRAD5: time = 1.184677e+00 (fn F) masses = 1 iters = 562 mflops = 1.946080e+03
 OK converged final_rsq= 9.9e-11 (cf 1e-10) rel = 1 (cf 0) restarts = 2 iters= 562
GFTIME:   time = 2.071099e-01 (Symanzik1) mflops = 2.553146e+03
FFTIME:  time = 6.505179e-01 (asqtad3) terms = 2 mflops = 2.305537e+03
CONGRAD5: time = 1.135909e+00 (fn F) masses = 1 iters = 600 mflops = 2.166866e+03
 OK converged final_rsq= 9.2e-11 (cf 1e-10) rel = 1 (cf 0) restarts = 2 iters= 600
CONGRAD5: time = 1.141671e+00 (fn F) masses = 1 iters = 594 mflops = 2.134371e+03
 OK converged final_rsq= 9.6e-11 (cf 1e-10) rel = 1 (cf 0) restarts = 2 iters= 594
GFTIME:   time = 1.743371e-01 (Symanzik1) mflops = 3.033099e+03
FFTIME:  time = 7.531168e-01 (asqtad3) terms = 2 mflops = 1.991448e+03
CONGRAD5: time = 1.208429e+00 (fn F) masses = 1 iters = 590 mflops = 2.002882e+03
 OK converged final_rsq= 9.8e-11 (cf 1e-10) rel = 1 (cf 0) restarts = 2 iters= 590
CONGRAD5: time = 1.270355e+00 (fn F) masses = 1 iters = 590 mflops = 1.905247e+03
 OK converged final_rsq= 9.7e-11 (cf 1e-10) rel = 1 (cf 0) restarts = 2 iters= 590
GFTIME:   time = 1.832979e-01 (Symanzik1) mflops = 2.884822e+03
FFTIME:  time = 6.083360e-01 (asqtad3) terms = 2 mflops = 2.465403e+03
CONGRAD5: time = 1.145951e+00 (fn F) masses = 1 iters = 602 mflops = 2.155038e+03
 OK converged final_rsq= 4.2e-11 (cf 1e-10) rel = 1 (cf 0) restarts = 3 iters= 602
CONGRAD5: time = 1.247614e+00 (fn F) masses = 1 iters = 590 mflops = 1.939976e+03
 OK converged final_rsq= 5e-11 (cf 1e-10) rel = 1 (cf 0) restarts = 3 iters= 590
GFTIME:   time = 2.087920e-01 (Symanzik1) mflops = 2.532577e+03
FFTIME:  time = 6.316061e-01 (asqtad3) terms = 2 mflops = 2.374571e+03
CONGRAD5: time = 1.202339e+00 (fn F) masses = 1 iters = 602 mflops = 2.053970e+03
 OK converged final_rsq= 4.8e-11 (cf 1e-10) rel = 1 (cf 0) restarts = 3 iters= 602
CONGRAD5: time = 1.188526e+00 (fn F) masses = 1 iters = 590 mflops = 2.036422e+03
 OK converged final_rsq= 9.8e-11 (cf 1e-10) rel = 1 (cf 0) restarts = 2 iters= 590
GFTIME:   time = 1.802249e-01 (Symanzik1) mflops = 2.934011e+03
FFTIME:  time = 6.549001e-01 (asqtad3) terms = 2 mflops = 2.290110e+03
CONGRAD5: time = 1.171457e+00 (fn F) masses = 1 iters = 602 mflops = 2.108116e+03
 OK converged final_rsq= 4.2e-11 (cf 1e-10) rel = 1 (cf 0) restarts = 3 iters= 602
CONGRAD5: time = 1.192205e+00 (fn F) masses = 1 iters = 600 mflops = 2.064547e+03
 OK converged final_rsq= 7.9e-11 (cf 1e-10) rel = 1 (cf 0) restarts = 2 iters= 600
GFTIME:   time = 1.838360e-01 (Symanzik1) mflops = 2.876378e+03
FFTIME:  time = 6.406479e-01 (asqtad3) terms = 2 mflops = 2.341057e+03
CONGRAD5: time = 1.148632e+00 (fn F) masses = 1 iters = 600 mflops = 2.142865e+03
 OK converged final_rsq= 8.4e-11 (cf 1e-10) rel = 1 (cf 0) restarts = 2 iters= 600
CONGRAD5: time = 1.223898e+00 (fn F) masses = 1 iters = 598 mflops = 2.004381e+03
 OK converged final_rsq= 9.2e-11 (cf 1e-10) rel = 1 (cf 0) restarts = 2 iters= 598
GFTIME:   time = 2.063341e-01 (Symanzik1) mflops = 2.562746e+03
FFTIME:  time = 6.313720e-01 (asqtad3) terms = 2 mflops = 2.375451e+03
CONGRAD5: time = 1.196492e+00 (fn F) masses = 1 iters = 598 mflops = 2.050293e+03
 OK converged final_rsq= 9.2e-11 (cf 1e-10) rel = 1 (cf 0) restarts = 2 iters= 598
CONGRAD5: time = 1.137151e+00 (fn F) masses = 1 iters = 600 mflops = 2.164500e+03
 OK converged final_rsq= 8.9e-11 (cf 1e-10) rel = 1 (cf 0) restarts = 2 iters= 600
GFTIME:   time = 1.776309e-01 (Symanzik1) mflops = 2.976857e+03
FFTIME:  time = 6.522660e-01 (asqtad3) terms = 2 mflops = 2.299358e+03
CONGRAD5: time = 1.162749e+00 (fn F) masses = 1 iters = 602 mflops = 2.123904e+03
 OK converged final_rsq= 5e-11 (cf 1e-10) rel = 1 (cf 0) restarts = 3 iters= 602
CONGRAD5: time = 1.152641e+00 (fn F) masses = 1 iters = 594 mflops = 2.114058e+03
 OK converged final_rsq= 4.9e-11 (cf 1e-10) rel = 1 (cf 0) restarts = 3 iters= 594
GFTIME:   time = 1.757429e-01 (Symanzik1) mflops = 3.008838e+03
FFTIME:  time = 6.197250e-01 (asqtad3) terms = 2 mflops = 2.420095e+03
CONGRAD5: time = 1.169348e+00 (fn F) masses = 1 iters = 602 mflops = 2.111919e+03
 OK converged final_rsq= 5.6e-11 (cf 1e-10) rel = 1 (cf 0) restarts = 3 iters= 602
CONGRAD5: time = 1.201247e+00 (fn F) masses = 1 iters = 600 mflops = 2.049006e+03
 OK converged final_rsq= 4.8e-11 (cf 1e-10) rel = 1 (cf 0) restarts = 3 iters= 600
GFTIME:   time = 2.188601e-01 (Symanzik1) mflops = 2.416072e+03
FFTIME:  time = 6.463900e-01 (asqtad3) terms = 2 mflops = 2.320261e+03
CONGRAD5: time = 1.221775e+00 (fn F) masses = 1 iters = 599 mflops = 2.011222e+03
 OK converged final_rsq= 1e-10 (cf 1e-10) rel = 1 (cf 0) restarts = 2 iters= 599
CONGRAD5: time = 1.191755e+00 (fn F) masses = 1 iters = 600 mflops = 2.065326e+03
 OK converged final_rsq= 9.6e-11 (cf 1e-10) rel = 1 (cf 0) restarts = 2 iters= 600
GFTIME:   time = 1.749229e-01 (Symanzik1) mflops = 3.022941e+03
FFTIME:  time = 6.592479e-01 (asqtad3) terms = 2 mflops = 2.275007e+03
PLAQ:	1.539870	1.540983
P_LOOP:	2.341213e-03	1.164436e-02
G_LOOP:  0  0  4   	1.542867e+00	( 0 1 7 6  )
G_LOOP:  0  1  4   	1.537272e+00	( 0 2 7 5  )
G_LOOP:  0  2  4   	1.541847e+00	( 0 3 7 4  )
G_LOOP:  0  3  4   	1.539470e+00	( 1 2 6 5  )
G_LOOP:  0  4  4   	1.541731e+00	( 1 3 6 4  )
G_LOOP:  0  5  4   	1.539371e+00	( 2 3 5 4  )
G_LOOP:  1  0  6   	7.833462e-01	( 0 0 1 7 7 6  )
G_LOOP:  1  1  6   	7.762624e-01	( 0 0 2 7 7 5  )
G_LOOP:  1  2  6   	7.838242e-01	( 0 0 3 7 7 4  )
G_LOOP:  1  3  6   	7.835679e-01	( 1 1 0 6 6 7  )
G_LOOP:  1  4  6   	7.791536e-01	( 1 1 2 6 6 5  )
G_LOOP:  1  5  6   	7.769763e-01	( 1 1 3 6 6 4  )
G_LOOP:  1  6  6   	7.748242e-01	( 2 2 0 5 5 7  )
G_LOOP:  1  7  6   	7.780153e-01	( 2 2 1 5 5 6  )
G_LOOP:  1  8  6   	7.802333e-01	( 2 2 3 5 5 4  )
G_LOOP:  1  9  6   	7.800279e-01	( 3 3 0 4 4 7  )
G_LOOP:  1  10  6   	7.797631e-01	( 3 3 1 4 4 6  )
G_LOOP:  1  11  6   	7.809500e-01	( 3 3 2 4 4 5  )
G_LOOP:  2  0  6   	7.992281e-01	( 0 1 2 7 6 5  )
G_LOOP:  2  1  6   	7.976546e-01	( 0 1 5 7 6 2  )
G_LOOP:  2  2  6   	8.026440e-01	( 0 6 2 7 1 5  )
G_LOOP:  2  3  6   	7.979111e-01	( 0 6 5 7 1 2  )
G_LOOP:  2  4  6   	8.020918e-01	( 0 1 3 7 6 4  )
G_LOOP:  2  5  6   	8.041203e-01	( 0 1 4 7 6 3  )
G_LOOP:  2  6  6   	8.028141e-01	( 0 6 3 7 1 4  )
G_LOOP:  2  7  6   	8.037676e-01	( 0 6 4 7 1 3  )
G_LOOP:  2  8  6   	7.983431e-01	( 0 2 3 7 5 4  )
G_LOOP:  2  9  6   	7.983456e-01	( 0 2 4 7 5 3  )
G_LOOP:  2  10  6   	7.998412e-01	( 0 5 3 7 2 4  )
G_LOOP:  2  11  6   	8.027047e-01	( 0 5 4 7 2 3  )
G_LOOP:  2  12  6   	7.993306e-01	( 1 2 3 6 5 4  )
G_LOOP:  2  13  6   	7.995266e-01	( 1 2 4 6 5 3  )
G_LOOP:  2  14  6   	7.962881e-01	( 1 5 3 6 2 4  )
G_LOOP:  2  15  6   	8.045871e-01	( 1 5 4 6 2 3  )
GACTION: 6.326396e+00
CONGRAD5: time = 1.139316e+00 (fn F) masses = 1 iters = 600 mflops = 2.160387e+03
 OK converged final_rsq= 8.3e-11 (cf 1e-10) rel = 1 (cf 0) restarts = 2 iters= 600
CONGRAD5: time = 2.138450e-01 (fn F) masses = 1 iters = 96 mflops = 1.841605e+03
 OK converged final_rsq= 9.8e-11 (cf 1e-10) rel = 1 (cf 0) restarts = 1 iters= 96
PBP: mass 1.000000e-02     3.354812e-02  4.058975e-02  -2.196691e-04  -2.219500e-04 ( 1 of 1 )
FACTION: mass = 1.000000e-02,  1.496073e+00 ( 1 of 1 )
CONGRAD5: time = 1.227234e+00 (fn F) masses = 1 iters = 599 mflops = 2.002276e+03
 OK converged final_rsq= 8.7e-11 (cf 1e-10) rel = 1 (cf 0) restarts = 2 iters= 599
CONGRAD5: time = 2.177830e-01 (fn F) masses = 1 iters = 88 mflops = 1.657613e+03
 OK converged final_rsq= 9.9e-11 (cf 1e-10) rel = 1 (cf 0) restarts = 1 iters= 88
PBP: mass 1.000000e-02     3.817999e-02  3.451439e-02  3.792468e-03  3.793978e-03 ( 1 of 1 )
FACTION: mass = 1.000000e-02,  1.499155e+00 ( 1 of 1 )
CONGRAD5: time = 1.188387e+00 (fn F) masses = 1 iters = 599 mflops = 2.067728e+03
 OK converged final_rsq= 9.5e-11 (cf 1e-10) rel = 1 (cf 0) restarts = 2 iters= 599
CONGRAD5: time = 1.236328e+00 (fn F) masses = 1 iters = 601 mflops = 1.994184e+03
 OK converged final_rsq= 4.8e-11 (cf 1e-10) rel = 1 (cf 0) restarts = 3 iters= 601
GFTIME:   time = 1.870542e-01 (Symanzik1) mflops = 2.826892e+03
FFTIME:  time = 6.969278e-01 (asqtad3) terms = 2 mflops = 2.152007e+03
CONGRAD5: time = 1.257687e+00 (fn F) masses = 1 iters = 602 mflops = 1.963579e+03
 OK converged final_rsq= 6.8e-11 (cf 1e-10) rel = 1 (cf 0) restarts = 3 iters= 602
CONGRAD5: time = 1.215893e+00 (fn F) masses = 1 iters = 602 mflops = 2.031073e+03
 OK converged final_rsq= 3.8e-11 (cf 1e-10) rel = 1 (cf 0) restarts = 3 iters= 602
GFTIME:   time = 1.756020e-01 (Symanzik1) mflops = 3.011252e+03
FFTIME:  time = 6.224301e-01 (asqtad3) terms = 2 mflops = 2.409577e+03
CONGRAD5: time = 1.239886e+00 (fn F) masses = 1 iters = 597 mflops = 1.975227e+03
 OK converged final_rsq= 9.7e-11 (cf 1e-10) rel = 1 (cf 0) restarts = 2 iters= 597
CONGRAD5: time = 1.153089e+00 (fn F) masses = 1 iters = 599 mflops = 2.131024e+03
 OK converged final_rsq= 9.4e-11 (cf 1e-10) rel = 1 (cf 0) restarts = 2 iters= 599
GFTIME:   time = 1.819780e-01 (Symanzik1) mflops = 2.905746e+03
FFTIME:  time = 6.213980e-01 (asqtad3) terms = 2 mflops = 2.413580e+03
CONGRAD5: time = 1.237423e+00 (fn F) masses = 1 iters = 602 mflops = 1.995735e+03
 OK converged final_rsq= 6.7e-11 (cf 1e-10) rel = 1 (cf 0) restarts = 3 iters= 602
CONGRAD5: time = 1.255769e+00 (fn F) masses = 1 iters = 594 mflops = 1.940444e+03
 OK converged final_rsq= 4.9e-11 (cf 1e-10) rel = 1 (cf 0) restarts = 3 iters= 594
GFTIME:   time = 1.790581e-01 (Symanzik1) mflops = 2.953130e+03
FFTIME:  time = 6.399331e-01 (asqtad3) terms = 2 mflops = 2.343672e+03
CONGRAD5: time = 1.236634e+00 (fn F) masses = 1 iters = 602 mflops = 1.997008e+03
 OK converged final_rsq= 4.3e-11 (cf 1e-10) rel = 1 (cf 0) restarts = 3 iters= 602
CONGRAD5: time = 1.144238e+00 (fn F) masses = 1 iters = 602 mflops = 2.158264e+03
 OK converged final_rsq= 4.2e-11 (cf 1e-10) rel = 1 (cf 0) restarts = 3 iters= 602
GFTIME:   time = 2.130020e-01 (Symanzik1) mflops = 2.482521e+03
FFTIME:  time = 6.806750e-01 (asqtad3) terms = 2 mflops = 2.203391e+03
CONGRAD5: time = 1.174756e+00 (fn F) masses = 1 iters = 602 mflops = 2.102196e+03
 OK converged final_rsq= 4.2e-11 (cf 1e-10) rel = 1 (cf 0) restarts = 3 iters= 602
CONGRAD5: time = 1.154314e+00 (fn F) masses = 1 iters = 599 mflops = 2.128763e+03
 OK converged final_rsq= 9.7e-11 (cf 1e-10) rel = 1 (cf 0) restarts = 2 iters= 599
GFTIME:   time = 2.026970e-01 (Symanzik1) mflops = 2.608730e+03
FFTIME:  time = 6.760218e-01 (asqtad3) terms = 2 mflops = 2.218558e+03
CONGRAD5: time = 1.265146e+00 (fn F) masses = 1 iters = 598 mflops = 1.939032e+03
 OK converged final_rsq= 9.1e-11 (cf 1e-10) rel = 1 (cf 0) restarts = 2 iters= 598
CONGRAD5: time = 1.247711e+00 (fn F) masses = 1 iters = 601 mflops = 1.975991e+03
 OK converged final_rsq= 4.8e-11 (cf 1e-10) rel = 1 (cf 0) restarts = 3 iters= 601
GFTIME:   time = 2.418559e-01 (Symanzik1) mflops = 2.186351e+03
FFTIME:  time = 6.537640e-01 (asqtad3) terms = 2 mflops = 2.294090e+03
CONGRAD5: time = 1.150857e+00 (fn F) masses = 1 iters = 597 mflops = 2.128028e+03
 OK converged final_rsq= 9.4e-11 (cf 1e-10) rel = 1 (cf 0) restarts = 2 iters= 597
CONGRAD5: time = 1.154604e+00 (fn F) masses = 1 iters = 600 mflops = 2.131781e+03
 OK converged final_rsq= 4.9e-11 (cf 1e-10) rel = 1 (cf 0) restarts = 3 iters= 600
GFTIME:   time = 1.982551e-01 (Symanzik1) mflops = 2.667179e+03
FFTIME:  time = 6.518669e-01 (asqtad3) terms = 2 mflops = 2.300766e+03
CONGRAD5: time = 1.206011e+00 (fn F) masses = 1 iters = 602 mflops = 2.047716e+03
 OK converged final_rsq= 6.7e-11 (cf 1e-10) rel = 1 (cf 0) restarts = 3 iters= 602
CONGRAD5: time = 1.168335e+00 (fn F) masses = 1 iters = 590 mflops = 2.071615e+03
 OK converged final_rsq= 9.8e-11 (cf 1e-10) rel = 1 (cf 0) restarts = 2 iters= 590
GFTIME:   time = 1.909790e-01 (Symanzik1) mflops = 2.768796e+03
FFTIME:  time = 6.131442e-01 (asqtad3) terms = 2 mflops = 2.446070e+03
CONGRAD5: time = 1.261904e+00 (fn F) masses = 1 iters = 602 mflops = 1.957017e+03
 OK converged final_rsq= 7.4e-11 (cf 1e-10) rel = 1 (cf 0) restarts = 3 iters= 602
CONGRAD5: time = 1.199013e+00 (fn F) masses = 1 iters = 600 mflops = 2.052824e+03
 OK converged final_rsq= 9.4e-11 (cf 1e-10) rel = 1 (cf 0) restarts = 2 iters= 600
GFTIME:   time = 1.925080e-01 (Symanzik1) mflops = 2.746805e+03
FFTIME:  time = 6.565621e-01 (asqtad3) terms = 2 mflops = 2.284313e+03
CONGRAD5: time = 1.250169e+00 (fn F) masses = 1 iters = 600 mflops = 1.968825e+03
 OK converged final_rsq= 8.7e-11 (cf 1e-10) rel = 1 (cf 0) restarts = 2 iters= 600
CONGRAD5: time = 1.289213e+00 (fn F) masses = 1 iters = 602 mflops = 1.915562e+03
 OK converged final_rsq= 4.7e-11 (cf 1e-10) rel = 1 (cf 0) restarts = 3 iters= 602
GFTIME:   time = 1.800160e-01 (Symanzik1) mflops = 2.937415e+03
FFTIME:  time = 7.032430e-01 (asqtad3) terms = 2 mflops = 2.132682e+03
CONGRAD5: time = 1.157436e+00 (fn F) masses = 1 iters = 602 mflops = 2.133654e+03
 OK converged final_rsq= 4.6e-11 (cf 1e-10) rel = 1 (cf 0) restarts = 3 iters= 602
CONGRAD5: time = 1.157465e+00 (fn F) masses = 1 iters = 598 mflops = 2.119424e+03
 OK converged final_rsq= 9.8e-11 (cf 1e-10) rel = 1 (cf 0) restarts = 2 iters= 598
GFTIME:   time = 2.908452e-01 (Symanzik1) mflops = 1.818087e+03
FFTIME:  time = 6.313350e-01 (asqtad3) terms = 2 mflops = 2.375590e+03
CONGRAD5: time = 1.288381e+00 (fn F) masses = 1 iters = 602 mflops = 1.916799e+03
 OK converged final_rsq= 7.9e-11 (cf 1e-10) rel = 1 (cf 0) restarts = 3 iters= 602
CONGRAD5: time = 1.209297e+00 (fn F) masses = 1 iters = 600 mflops = 2.035367e+03
 OK converged final_rsq= 9e-11 (cf 1e-10) rel = 1 (cf 0) restarts = 2 iters= 600
GFTIME:   time = 1.789451e-01 (Symanzik1) mflops = 2.954995e+03
FFTIME:  time = 6.111338e-01 (asqtad3) terms = 2 mflops = 2.454116e+03
CONGRAD5: time = 1.137404e+00 (fn F) masses = 1 iters = 602 mflops = 2.171231e+03
 OK converged final_rsq= 5.7e-11 (cf 1e-10) rel = 1 (cf 0) restarts = 3 iters= 602
CONGRAD5: time = 1.212516e+00 (fn F) masses = 1 iters = 602 mflops = 2.036730e+03
 OK converged final_rsq= 3.9e-11 (cf 1e-10) rel = 1 (cf 0) restarts = 3 iters= 602
GFTIME:   time = 1.775279e-01 (Symanzik1) mflops = 2.978584e+03
FFTIME:  time = 6.158721e-01 (asqtad3) terms = 2 mflops = 2.435235e+03
CONGRAD5: time = 1.194580e+00 (fn F) masses = 1 iters = 602 mflops = 2.067311e+03
 OK converged final_rsq= 6.6e-11 (cf 1e-10) rel = 1 (cf 0) restarts = 3 iters= 602
CONGRAD5: time = 1.195643e+00 (fn F) masses = 1 iters = 600 mflops = 2.058611e+03
 OK converged final_rsq= 8.2e-11 (cf 1e-10) rel = 1 (cf 0) restarts = 2 iters= 600
GFTIME:   time = 2.158051e-01 (Symanzik1) mflops = 2.450275e+03
FFTIME:  time = 6.615779e-01 (asqtad3) terms = 2 mflops = 2.266994e+03
PLAQ:	1.497886	1.500338
P_LOOP:	-1.391577e-02	-1.178132e-02
G_LOOP:  0  0  4   	1.500068e+00	( 0 1 7 6  )
G_LOOP:  0  1  4   	1.494129e+00	( 0 2 7 5  )
G_LOOP:  0  2  4   	1.501872e+00	( 0 3 7 4  )
G_LOOP:  0  3  4   	1.499460e+00	( 1 2 6 5  )
G_LOOP:  0  4  4   	1.499716e+00	( 1 3 6 4  )
G_LOOP:  0  5  4   	1.499427e+00	( 2 3 5 4  )
G_LOOP:  1  0  6   	7.443911e-01	( 0 0 1 7 7 6  )
G_LOOP:  1  1  6   	7.363440e-01	( 0 0 2 7 7 5  )
G_LOOP:  1  2  6   	7.451287e-01	( 0 0 3 7 7 4  )
G_LOOP:  1  3  6   	7.429316e-01	( 1 1 0 6 6 7  )
G_LOOP:  1  4  6   	7.374183e-01	( 1 1 2 6 6 5  )
G_LOOP:  1  5  6   	7.396254e-01	( 1 1 3 6 6 4  )
G_LOOP:  1  6  6   	7.350054e-01	( 2 2 0 5 5 7  )
G_LOOP:  1  7  6   	7.395602e-01	( 2 2 1 5 5 6  )
G_LOOP:  1  8  6   	7.422656e-01	( 2 2 3 5 5 4  )
G_LOOP:  1  9  6   	7.457821e-01	( 3 3 0 4 4 7  )
G_LOOP:  1  10  6   	7.440980e-01	( 3 3 1 4 4 6  )
G_LOOP:  1  11  6   	7.435065e-01	( 3 3 2 4 4 5  )
G_LOOP:  2  0  6   	7.580413e-01	( 0 1 2 7 6 5  )
G_LOOP:  2  1  6   	7.594399e-01	( 0 1 5 7 6 2  )
G_LOOP:  2  2  6   	7.602800e-01	( 0 6 2 7 1 5  )
G_LOOP:  2  3  6   	7.603390e-01	( 0 6 5 7 1 2  )
G_LOOP:  2  4  6   	7.621794e-01	( 0 1 3 7 6 4  )
G_LOOP:  2  5  6   	7.652648e-01	( 0 1 4 7 6 3  )
G_LOOP:  2  6  6   	7.622968e-01	( 0 6 3 7 1 4  )
G_LOOP:  2  7  6   	7.616749e-01	( 0 6 4 7 1 3  )
G_LOOP:  2  8  6   	7.563729e-01	( 0 2 3 7 5 4  )
G_LOOP:  2  9  6   	7.595969e-01	( 0 2 4 7 5 3  )
G_LOOP:  2  10  6   	7.609918e-01	( 0 5 3 7 2 4  )
G_LOOP:  2  11  6   	7.607973e-01	( 0 5 4 7 2 3  )
G_LOOP:  2  12  6   	7.604965e-01	( 1 2 3 6 5 4  )
G_LOOP:  2  13  6   	7.608241e-01	( 1 2 4 6 5 3  )
G_LOOP:  2  14  6   	7.583448e-01	( 1 5 3 6 2 4  )
G_LOOP:  2  15  6   	7.602719e-01	( 1 5 4 6 2 3  )
GACTION: 6.531885e+00
CONGRAD5: time = 1.202462e+00 (fn F) masses = 1 iters = 600 mflops = 2.046936e+03
 OK converged final_rsq= 8e-11 (cf 1e-10) rel = 1 (cf 0) restarts = 2 iters= 600
CONGRAD5: time = 1.667461e-01 (fn F) masses = 1 iters = 88 mflops = 2.164967e+03
 OK converged final_rsq= 1e-10 (cf 1e-10) rel = 1 (cf 0) restarts = 1 iters= 88
PBP: mass 1.000000e-02     3.617167e-02  4.242414e-02  8.969963e-03  8.972030e-03 ( 1 of 1 )
FACTION: mass = 1.000000e-02,  1.499519e+00 ( 1 of 1 )
CONGRAD5: time = 1.128940e+00 (fn F) masses = 1 iters = 602 mflops = 2.187510e+03
 OK converged final_rsq= 4.6e-11 (cf 1e-10) rel = 1 (cf 0) restarts = 3 iters= 602
CONGRAD5: time = 2.002671e-01 (fn F) masses = 1 iters = 104 mflops = 2.130337e+03
 OK converged final_rsq= 5e-11 (cf 1e-10) rel = 1 (cf 0) restarts = 2 iters= 104
PBP: mass 1.000000e-02     4.708103e-02  3.575377e-02  3.605491e-03  3.613895e-03 ( 1 of 1 )
FACTION: mass = 1.000000e-02,  1.498510e+00 ( 1 of 1 )
CONGRAD5: time = 1.174495e+00 (fn F) masses = 1 iters = 602 mflops = 2.102664e+03
 OK converged final_rsq= 6.5e-11 (cf 1e-10) rel = 1 (cf 0) restarts = 3 iters= 602
CONGRAD5: time = 1.267746e+00 (fn F) masses = 1 iters = 602 mflops = 1.947999e+03
 OK converged final_rsq= 6.2e-11 (cf 1e-10) rel = 1 (cf 0) restarts = 3 iters= 602
GFTIME:   time = 1.848681e-01 (Symanzik1) mflops = 2.860320e+03
FFTIME:  time = 6.345859e-01 (asqtad3) terms = 2 mflops = 2.363421e+03
CONGRAD5: time = 1.270926e+00 (fn F) masses = 1 iters = 602 mflops = 1.943125e+03
 OK converged final_rsq= 6e-11 (cf 1e-10) rel = 1 (cf 0) restarts = 3 iters= 602
CONGRAD5: time = 1.183439e+00 (fn F) masses = 1 iters = 600 mflops = 2.079839e+03
 OK converged final_rsq= 9.9e-11 (cf 1e-10) rel = 1 (cf 0) restarts = 2 iters= 600
GFTIME:   time = 2.424519e-01 (Symanzik1) mflops = 2.180976e+03
FFTIME:  time = 6.099360e-01 (asqtad3) terms = 2 mflops = 2.458936e+03
CONGRAD5: time = 1.270879e+00 (fn F) masses = 1 iters = 602 mflops = 1.943197e+03
 OK converged final_rsq= 5.5e-11 (cf 1e-10) rel = 1 (cf 0) restarts = 3 iters= 602
CONGRAD5: time = 1.250898e+00 (fn F) masses = 1 iters = 599 mflops = 1.964398e+03
 OK converged final_rsq= 9.2e-11 (cf 1e-10) rel = 1 (cf 0) restarts = 2 iters= 599
GFTIME:   time = 1.778960e-01 (Symanzik1) mflops = 2.972421e+03
FFTIME:  time = 6.816721e-01 (asqtad3) terms = 2 mflops = 2.200168e+03
CONGRAD5: time = 1.199997e+00 (fn F) masses = 1 iters = 602 mflops = 2.057978e+03
 OK converged final_rsq= 9.5e-11 (cf 1e-10) rel = 1 (cf 0) restarts = 3 iters= 602
CONGRAD5: time = 1.221508e+00 (fn F) masses = 1 iters = 602 mflops = 2.021737e+03
 OK converged final_rsq= 8.5e-11 (cf 1e-10) rel = 1 (cf 0) restarts = 3 iters= 602
GFTIME:   time = 2.390590e-01 (Symanzik1) mflops = 2.211930e+03
FFTIME:  time = 6.072481e-01 (asqtad3) terms = 2 mflops = 2.469820e+03
CONGRAD5: time = 1.142799e+00 (fn F) masses = 1 iters = 602 mflops = 2.160982e+03
 OK converged final_rsq= 5.4e-11 (cf 1e-10) rel = 1 (cf 0) restarts = 3 iters= 602
CONGRAD5: time = 1.278221e+00 (fn F) masses = 1 iters = 602 mflops = 1.932035e+03
 OK converged final_rsq= 6.4e-11 (cf 1e-10) rel = 1 (cf 0) restarts = 3 iters= 602
GFTIME:   time = 1.810930e-01 (Symanzik1) mflops = 2.919947e+03
FFTIME:  time = 7.045112e-01 (asqtad3) terms = 2 mflops = 2.128843e+03
CONGRAD5: time = 1.174949e+00 (fn F) masses = 1 iters = 602 mflops = 2.101851e+03
 OK converged final_rsq= 5.1e-11 (cf 1e-10) rel = 1 (cf 0) restarts = 3 iters= 602
CONGRAD5: time = 1.279479e+00 (fn F) masses = 1 iters = 602 mflops = 1.930136e+03
 OK converged final_rsq= 4.4e-11 (cf 1e-10) rel = 1 (cf 0) restarts = 3 iters= 602
GFTIME:   time = 1.745000e-01 (Symanzik1) mflops = 3.030269e+03
FFTIME:  time = 6.091330e-01 (asqtad3) terms = 2 mflops = 2.462177e+03
CONGRAD5: time = 1.252835e+00 (fn F) masses = 1 iters = 602 mflops = 1.971183e+03
 OK converged final_rsq= 7.2e-11 (cf 1e-10) rel = 1 (cf 0) restarts = 3 iters= 602
CONGRAD5: time = 1.230692e+00 (fn F) masses = 1 iters = 602 mflops = 2.006650e+03
 OK converged final_rsq= 3.9e-11 (cf 1e-10) rel = 1 (cf 0) restarts = 3 iters= 602
GFTIME:   time = 1.786430e-01 (Symanzik1) mflops = 2.959992e+03
FFTIME:  time = 6.189370e-01 (asqtad3) terms = 2 mflops = 2.423176e+03
CONGRAD5: time = 1.267911e+00 (fn F) masses = 1 iters = 602 mflops = 1.947745e+03
 OK converged final_rsq= 4.9e-11 (cf 1e-10) rel = 1 (cf 0) restarts = 3 iters= 602
CONGRAD5: time = 1.280869e+00 (fn F) masses = 1 iters = 602 mflops = 1.928041e+03
 OK converged final_rsq= 7e-11 (cf 1e-10) rel = 1 (cf 0) restarts = 3 iters= 602
GFTIME:   time = 1.813560e-01 (Symanzik1) mflops = 2.915713e+03
FFTIME:  time = 6.389279e-01 (asqtad3) terms = 2 mflops = 2.347359e+03
CONGRAD5: time = 1.262833e+00 (fn F) masses = 1 iters = 602 mflops = 1.955577e+03
 OK converged final_rsq= 9.4e-11 (cf 1e-10) rel = 1 (cf 0) restarts = 3 iters= 602
CONGRAD5: time = 1.141216e+00 (fn F) masses = 1 iters = 602 mflops = 2.163979e+03
 OK converged final_rsq= 7.1e-11 (cf 1e-10) rel = 1 (cf 0) restarts = 3 iters= 602
GFTIME:   time = 2.249708e-01 (Symanzik1) mflops = 2.350446e+03
FFTIME:  time = 6.583090e-01 (asqtad3) terms = 2 mflops = 2.278251e+03
CONGRAD5: time = 1.200556e+00 (fn F) masses = 1 iters = 602 mflops = 2.057020e+03
 OK converged final_rsq= 8.6e-11 (cf 1e-10) rel = 1 (cf 0) restarts = 3 iters= 602
CONGRAD5: time = 1.138991e+00 (fn F) masses = 1 iters = 600 mflops = 2.161003e+03
 OK converged final_rsq= 8.2e-11 (cf 1e-10) rel = 1 (cf 0) restarts = 2 iters= 600
GFTIME:   time = 2.152491e-01 (Symanzik1) mflops = 2.456605e+03
FFTIME:  time = 6.694760e-01 (asqtad3) terms = 2 mflops = 2.240250e+03
CONGRAD5: time = 1.222501e+00 (fn F) masses = 1 iters = 602 mflops = 2.020095e+03
 OK converged final_rsq= 7.3e-11 (cf 1e-10) rel = 1 (cf 0) restarts = 3 iters= 602
CONGRAD5: time = 1.180808e+00 (fn F) masses = 1 iters = 600 mflops = 2.084474e+03
 OK converged final_rsq= 9.7e-11 (cf 1e-10) rel = 1 (cf 0) restarts = 2 iters= 600
GFTIME:   time = 2.070310e-01 (Symanzik1) mflops = 2.554119e+03
FFTIME:  time = 6.327741e-01 (asqtad3) terms = 2 mflops = 2.370188e+03
CONGRAD5: time = 1.123680e+00 (fn F) masses = 1 iters = 602 mflops = 2.197750e+03
 OK converged final_rsq= 4.1e-11 (cf 1e-10) rel = 1 (cf 0) restarts = 3 iters= 602
CONGRAD5: time = 1.145499e+00 (fn F) masses = 1 iters = 602 mflops = 2.155888e+03
 OK converged final_rsq= 4.3e-11 (cf 1e-10) rel = 1 (cf 0) restarts = 3 iters= 602
GFTIME:   time = 1.956000e-01 (Symanzik1) mflops = 2.703383e+03
FFTIME:  time = 6.737831e-01 (asqtad3) terms = 2 mflops = 2.225929e+03
CONGRAD5: time = 1.348550e+00 (fn F) masses = 1 iters = 669 mflops = 2.035089e+03
 OK converged final_rsq= 9.9e-11 (cf 1e-10) rel = 1 (cf 0) restarts = 3 iters= 669
CONGRAD5: time = 1.212114e+00 (fn F) masses = 1 iters = 602 mflops = 2.037406e+03
 OK converged final_rsq= 6.7e-11 (cf 1e-10) rel = 1 (cf 0) restarts = 3 iters= 602
GFTIME:   time = 1.806159e-01 (Symanzik1) mflops = 2.927659e+03
FFTIME:  time = 6.407681e-01 (asqtad3) terms = 2 mflops = 2.340618e+03
CONGRAD5: time = 1.379486e+00 (fn F) masses = 1 iters = 676 mflops = 2.010268e+03
 OK converged final_rsq= 1e-10 (cf 1e-10) rel = 1 (cf 0) restarts = 3 iters= 676
CONGRAD5: time = 1.130942e+00 (fn F) masses = 1 iters = 602 mflops = 2.183638e+03
 OK converged final_rsq= 4.5e-11 (cf 1e-10) rel = 1 (cf 0) restarts = 3 iters= 602
GFTIME:   time = 1.804500e-01 (Symanzik1) mflops = 2.930352e+03
FFTIME:  time = 6.214199e-01 (asqtad3) terms = 2 mflops = 2.413494e+03
CONGRAD5: time = 1.392238e+00 (fn F) masses = 1 iters = 678 mflops = 1.997748e+03
 OK converged final_rsq= 9.8e-11 (cf 1e-10) rel = 1 (cf 0) restarts = 3 iters= 678
CONGRAD5: time = 1.229765e+00 (fn F) masses = 1 iters = 600 mflops = 2.001490e+03
 OK converged final_rsq= 9.1e-11 (cf 1e-10) rel = 1 (cf 0) restarts = 2 iters= 600
GFTIME:   time = 1.824572e-01 (Symanzik1) mflops = 2.898114e+03
FFTIME:  time = 6.201041e-01 (asqtad3) terms = 2 mflops = 2.418616e+03
PLAQ:	1.474744	1.476482
P_LOOP:	-2.052642e-02	-2.969863e-03
G_LOOP:  0  0  4   	1.475984e+00	( 0 1 7 6  )
G_LOOP:  0  1  4   	1.473090e+00	( 0 2 7 5  )
G_LOOP:  0  2  4   	1.479607e+00	( 0 3 7 4  )
G_LOOP:  0  3  4   	1.475158e+00	( 1 2 6 5  )
G_LOOP:  0  4  4   	1.475008e+00	( 1 3 6 4  )
G_LOOP:  0  5  4   	1.474829e+00	( 2 3 5 4  )
G_LOOP:  1  0  6   	7.184971e-01	( 0 0 1 7 7 6  )
G_LOOP:  1  1  6   	7.159353e-01	( 0 0 2 7 7 5  )
G_LOOP:  1  2  6   	7.240807e-01	( 0 0 3 7 7 4  )
G_LOOP:  1  3  6   	7.200422e-01	( 1 1 0 6 6 7  )
G_LOOP:  1  4  6   	7.173547e-01	( 1 1 2 6 6 5  )
G_LOOP:  1  5  6   	7.152072e-01	( 1 1 3 6 6 4  )
G_LOOP:  1  6  6   	7.124169e-01	( 2 2 0 5 5 7  )
G_LOOP:  1  7  6   	7.127769e-01	( 2 2 1 5 5 6  )
G_LOOP:  1  8  6   	7.156942e-01	( 2 2 3 5 5 4  )
G_LOOP:  1  9  6   	7.235363e-01	( 3 3 0 4 4 7  )
G_LOOP:  1  10  6   	7.168376e-01	( 3 3 1 4 4 6  )
G_LOOP:  1  11  6   	7.184888e-01	( 3 3 2 4 4 5  )
G_LOOP:  2  0  6   	7.309402e-01	( 0 1 2 7 6 5  )
G_LOOP:  2  1  6   	7.334683e-01	( 0 1 5 7 6 2  )
G_LOOP:  2  2  6   	7.358878e-01	( 0 6 2 7 1 5  )
G_LOOP:  2  3  6   	7.311164e-01	( 0 6 5 7 1 2  )
G_LOOP:  2  4  6   	7.339033e-01	( 0 1 3 7 6 4  )
G_LOOP:  2  5  6   	7.386881e-01	( 0 1 4 7 6 3  )
G_LOOP:  2  6  6   	7.380549e-01	( 0 6 3 7 1 4  )
G_LOOP:  2  7  6   	7.320259e-01	( 0 6 4 7 1 3  )
G_LOOP:  2  8  6   	7.381620e-01	( 0 2 3 7 5 4  )
G_LOOP:  2  9  6   	7.344164e-01	( 0 2 4 7 5 3  )
G_LOOP:  2  10  6   	7.362792e-01	( 0 5 3 7 2 4  )
G_LOOP:  2  11  6   	7.341192e-01	( 0 5 4 7 2 3  )
G_LOOP:  2  12  6   	7.332222e-01	( 1 2 3 6 5 4  )
G_LOOP:  2  13  6   	7.315865e-01	( 1 2 4 6 5 3  )
G_LOOP:  2  14  6   	7.331640e-01	( 1 5 3 6 2 4  )
G_LOOP:  2  15  6   	7.295510e-01	( 1 5 4 6 2 3  )
GACTION: 6.646384e+00
CONGRAD5: time = 1.273450e+00 (fn F) masses = 1 iters = 599 mflops = 1.929609e+03
 OK converged final_rsq= 1e-10 (cf 1e-10) rel = 1 (cf 0) restarts = 2 iters= 599
CONGRAD5: time = 1.721659e-01 (fn F) masses = 1 iters = 91 mflops = 2.168297e+03
 OK converged final_rsq= 1e-10 (cf 1e-10) rel = 1 (cf 0) restarts = 1 iters= 91
PBP: mass 1.000000e-02     4.339416e-02  3.936487e-02  7.421302e-03  7.418751e-03 ( 1 of 1 )
FACTION: mass = 1.000000e-02,  1.502066e+00 ( 1 of 1 )
CONGRAD5: time = 1.222125e+00 (fn F) masses = 1 iters = 602 mflops = 2.020716e+03
 OK converged final_rsq= 7.1e-11 (cf 1e-10) rel = 1 (cf 0) restarts = 3 iters= 602
CONGRAD5: time = 2.446640e-01 (fn F) masses = 1 iters = 126 mflops = 2.112638e+03
 OK converged final_rsq= 9.9e-11 (cf 1e-10) rel = 1 (cf 0) restarts = 1 iters= 126
PBP: mass 1.000000e-02     4.858556e-02  4.277414e-02  -1.701513e-03  -1.703251e-03 ( 1 of 1 )
FACTION: mass = 1.000000e-02,  1.501393e+00 ( 1 of 1 )
CONGRAD5: time = 1.194935e+00 (fn F) masses = 1 iters = 602 mflops = 2.066696e+03
 OK converged final_rsq= 8.2e-11 (cf 1e-10) rel = 1 (cf 0) restarts = 3 iters= 602
CONGRAD5: time = 1.259522e+00 (fn F) masses = 1 iters = 602 mflops = 1.960718e+03
 OK converged final_rsq= 5.4e-11 (cf 1e-10) rel = 1 (cf 0) restarts = 3 iters= 602
GFTIME:   time = 1.827068e-01 (Symanzik1) mflops = 2.894155e+03
FFTIME:  time = 6.533608e-01 (asqtad3) terms = 2 mflops = 2.295505e+03
CONGRAD5: time = 1.432825e+00 (fn F) masses = 1 iters = 683 mflops = 1.955474e+03
 OK converged final_rsq= 9.9e-11 (cf 1e-10) rel = 1 (cf 0) restarts = 3 iters= 683
CONGRAD5: time = 1.134864e+00 (fn F) masses = 1 iters = 602 mflops = 2.176092e+03
 OK converged final_rsq= 7.6e-11 (cf 1e-10) rel = 1 (cf 0) restarts = 3 iters= 602
GFTIME:   time = 1.938009e-01 (Symanzik1) mflops = 2.728479e+03
FFTIME:  time = 6.788130e-01 (asqtad3) terms = 2 mflops = 2.209435e+03
CONGRAD5: time = 1.197240e+00 (fn F) masses = 1 iters = 602 mflops = 2.062718e+03
 OK converged final_rsq= 6.9e-11 (cf 1e-10) rel = 1 (cf 0) restarts = 3 iters= 602
CONGRAD5: time = 1.128045e+00 (fn F) masses = 1 iters = 602 mflops = 2.189246e+03
 OK converged final_rsq= 7.2e-11 (cf 1e-10) rel = 1 (cf 0) restarts = 3 iters= 602
GFTIME:   time = 1.924350e-01 (Symanzik1) mflops = 2.747846e+03
FFTIME:  time = 6.807261e-01 (asqtad3) terms = 2 mflops = 2.203226e+03
CONGRAD5: time = 1.186408e+00 (fn F) masses = 1 iters = 602 mflops = 2.081550e+03
 OK converged final_rsq= 8.2e-11 (cf 1e-10) rel = 1 (cf 0) restarts = 3 iters= 602
CONGRAD5: time = 1.136134e+00 (fn F) masses = 1 iters = 602 mflops = 2.173659e+03
 OK converged final_rsq= 4.8e-11 (cf 1e-10) rel = 1 (cf 0) restarts = 3 iters= 602
GFTIME:   time = 1.810329e-01 (Symanzik1) mflops = 2.920916e+03
FFTIME:  time = 6.324739e-01 (asqtad3) terms = 2 mflops = 2.371313e+03
CONGRAD5: time = 1.349638e+00 (fn F) masses = 1 iters = 661 mflops = 2.009133e+03
 OK converged final_rsq= 9.9e-11 (cf 1e-10) rel = 1 (cf 0) restarts = 3 iters= 661
CONGRAD5: time = 1.200048e+00 (fn F) masses = 1 iters = 602 mflops = 2.057891e+03
 OK converged final_rsq= 8.3e-11 (cf 1e-10) rel = 1 (cf 0) restarts = 3 iters= 602
GFTIME:   time = 1.896040e-01 (Symanzik1) mflops = 2.788874e+03
FFTIME:  time = 6.510880e-01 (asqtad3) terms = 2 mflops = 2.303519e+03
CONGRAD5: time = 1.421553e+00 (fn F) masses = 1 iters = 674 mflops = 1.945008e+03
 OK converged final_rsq= 9.9e-11 (cf 1e-10) rel = 1 (cf 0) restarts = 3 iters= 674
CONGRAD5: time = 1.140961e+00 (fn F) masses = 1 iters = 602 mflops = 2.164463e+03
 OK converged final_rsq= 6.3e-11 (cf 1e-10) rel = 1 (cf 0) restarts = 3 iters= 602
GFTIME:   time = 1.843750e-01 (Symanzik1) mflops = 2.867968e+03
FFTIME:  time = 6.204660e-01 (asqtad3) terms = 2 mflops = 2.417205e+03
CONGRAD5: time = 1.211965e+00 (fn F) masses = 1 iters = 602 mflops = 2.037656e+03
 OK converged final_rsq= 9.3e-11 (cf 1e-10) rel = 1 (cf 0) restarts = 3 iters= 602
CONGRAD5: time = 1.157439e+00 (fn F) masses = 1 iters = 602 mflops = 2.133648e+03
 OK converged final_rsq= 5.5e-11 (cf 1e-10) rel = 1 (cf 0) restarts = 3 iters= 602
GFTIME:   time = 1.768689e-01 (Symanzik1) mflops = 2.989682e+03
FFTIME:  time = 6.536691e-01 (asqtad3) terms = 2 mflops = 2.294423e+03
CONGRAD5: time = 1.125089e+00 (fn F) masses = 1 iters = 602 mflops = 2.194998e+03
 OK converged final_rsq= 4.9e-11 (cf 1e-10) rel = 1 (cf 0) restarts = 3 iters= 602
CONGRAD5: time = 1.378381e+00 (fn F) masses = 1 iters = 666 mflops = 1.982118e+03
 OK converged final_rsq= 9.8e-11 (cf 1e-10) rel = 1 (cf 0) restarts = 3 iters= 666
GFTIME:   time = 1.867411e-01 (Symanzik1) mflops = 2.831630e+03
FFTIME:  time = 7.379971e-01 (asqtad3) terms = 2 mflops = 2.032248e+03
CONGRAD5: time = 1.354106e+00 (fn F) masses = 1 iters = 660 mflops = 1.999474e+03
 OK converged final_rsq= 5e-11 (cf 1e-10) rel = 1 (cf 0) restarts = 4 iters= 660
CONGRAD5: time = 1.259165e+00 (fn F) masses = 1 iters = 602 mflops = 1.961274e+03
 OK converged final_rsq= 4.4e-11 (cf 1e-10) rel = 1 (cf 0) restarts = 3 iters= 602
GFTIME:   time = 1.904430e-01 (Symanzik1) mflops = 2.776588e+03
FFTIME:  time = 6.005771e-01 (asqtad3) terms = 2 mflops = 2.497254e+03
CONGRAD5: time = 1.142308e+00 (fn F) masses = 1 iters = 602 mflops = 2.161911e+03
 OK converged final_rsq= 9e-11 (cf 1e-10) rel = 1 (cf 0) restarts = 3 iters= 602
CONGRAD5: time = 1.190311e+00 (fn F) masses = 1 iters = 602 mflops = 2.074724e+03
 OK converged final_rsq= 6.8e-11 (cf 1e-10) rel = 1 (cf 0) restarts = 3 iters= 602
GFTIME:   time = 1.764698e-01 (Symanzik1) mflops = 2.996444e+03
FFTIME:  time = 6.041691e-01 (asqtad3) terms = 2 mflops = 2.482407e+03
CONGRAD5: time = 1.345331e+00 (fn F) masses = 1 iters = 713 mflops = 2.174127e+03
 OK converged final_rsq= 9.9e-11 (cf 1e-10) rel = 1 (cf 0) restarts = 3 iters= 713
CONGRAD5: time = 1.210987e+00 (fn F) masses = 1 iters = 602 mflops = 2.039302e+03
 OK converged final_rsq= 5.9e-11 (cf 1e-10) rel = 1 (cf 0) restarts = 3 iters= 602
GFTIME:   time = 1.894782e-01 (Symanzik1) mflops = 2.790727e+03
FFTIME:  time = 6.200120e-01 (asqtad3) terms = 2 mflops = 2.418975e+03
CONGRAD5: time = 1.372227e+00 (fn F) masses = 1 iters = 708 mflops = 2.116566e+03
 OK converged final_rsq= 9.9e-11 (cf 1e-10) rel = 1 (cf 0) restarts = 3 iters= 708
CONGRAD5: time = 1.265113e+00 (fn F) masses = 1 iters = 602 mflops = 1.952053e+03
 OK converged final_rsq= 4.6e-11 (cf 1e-10) rel = 1 (cf 0) restarts = 3 iters= 602
GFTIME:   time = 1.735570e-01 (Symanzik1) mflops = 3.046732e+03
FFTIME:  time = 6.551390e-01 (asqtad3) terms = 2 mflops = 2.289275e+03
CONGRAD5: time = 1.278781e+00 (fn F) masses = 1 iters = 602 mflops = 1.931189e+03
 OK converged final_rsq= 5.7e-11 (cf 1e-10) rel = 1 (cf 0) restarts = 3 iters= 602
CONGRAD5: time = 1.375425e+00 (fn F) masses = 1 iters = 680 mflops = 2.028133e+03
 OK converged final_rsq= 9.9e-11 (cf 1e-10) rel = 1 (cf 0) restarts = 3 iters= 680
GFTIME:   time = 2.015350e-01 (Symanzik1) mflops = 2.623772e+03
FFTIME:  time = 6.823490e-01 (asqtad3) terms = 2 mflops = 2.197986e+03
CONGRAD5: time = 1.309691e+00 (fn F) masses = 1 iters = 666 mflops = 2.086074e+03
 OK converged final_rsq= 5e-11 (cf 1e-10) rel = 1 (cf 0) restarts = 4 iters= 666
CONGRAD5: time = 1.148418e+00 (fn F) masses = 1 iters = 602 mflops = 2.150409e+03
 OK converged final_rsq= 8.6e-11 (cf 1e-10) rel = 1 (cf 0) restarts = 3 iters= 602
GFTIME:   time = 1.957161e-01 (Symanzik1) mflops = 2.701779e+03
FFTIME:  time = 6.630430e-01 (asqtad3) terms = 2 mflops = 2.261985e+03
CONGRAD5: time = 1.429912e+00 (fn F) masses = 1 iters = 703 mflops = 2.016835e+03
 OK converged final_rsq= 1e-10 (cf 1e-10) rel = 1 (cf 0) restarts = 3 iters= 703
CONGRAD5: time = 1.461969e+00 (fn F) masses = 1 iters = 704 mflops = 1.975418e+03
 OK converged final_rsq= 5e-11 (cf 1e-10) rel = 1 (cf 0) restarts = 4 iters= 704
GFTIME:   time = 1.794150e-01 (Symanzik1) mflops = 2.947256e+03
FFTIME:  time = 6.790469e-01 (asqtad3) terms = 2 mflops = 2.208674e+03
PLAQ:	1.460193	1.460439
P_LOOP:	-5.681515e-03	1.470983e-02
G_LOOP:  0  0  4   	1.462860e+00	( 0 1 7 6  )
G_LOOP:  0  1  4   	1.459667e+00	( 0 2 7 5  )
G_LOOP:  0  2  4   	1.464225e+00	( 0 3 7 4  )
G_LOOP:  0  3  4   	1.458053e+00	( 1 2 6 5  )
G_LOOP:  0  4  4   	1.458102e+00	( 1 3 6 4  )
G_LOOP:  0  5  4   	1.458991e+00	( 2 3 5 4  )
G_LOOP:  1  0  6   	7.044114e-01	( 0 0 1 7 7 6  )
G_LOOP:  1  1  6   	7.001683e-01	( 0 0 2 7 7 5  )
G_LOOP:  1  2  6   	7.064534e-01	( 0 0 3 7 7 4  )
G_LOOP:  1  3  6   	7.046912e-01	( 1 1 0 6 6 7  )
G_LOOP:  1  4  6   	6.971760e-01	( 1 1 2 6 6 5  )
G_LOOP:  1  5  6   	6.963067e-01	( 1 1 3 6 6 4  )
G_LOOP:  1  6  6   	6.973758e-01	( 2 2 0 5 5 7  )
G_LOOP:  1  7  6   	6.981232e-01	( 2 2 1 5 5 6  )
G_LOOP:  1  8  6   	6.977841e-01	( 2 2 3 5 5 4  )
G_LOOP:  1  9  6   	7.051219e-01	( 3 3 0 4 4 7  )
G_LOOP:  1  10  6   	7.012289e-01	( 3 3 1 4 4 6  )
G_LOOP:  1  11  6   	6.983391e-01	( 3 3 2 4 4 5  )
G_LOOP:  2  0  6   	7.119569e-01	( 0 1 2 7 6 5  )
G_LOOP:  2  1  6   	7.136081e-01	( 0 1 5 7 6 2  )
G_LOOP:  2  2  6   	7.205864e-01	( 0 6 2 7 1 5  )
G_LOOP:  2  3  6   	7.129568e-01	( 0 6 5 7 1 2  )
G_LOOP:  2  4  6   	7.151807e-01	( 0 1 3 7 6 4  )
G_LOOP:  2  5  6   	7.179215e-01	( 0 1 4 7 6 3  )
G_LOOP:  2  6  6   	7.225979e-01	( 0 6 3 7 1 4  )
G_LOOP:  2  7  6   	7.152602e-01	( 0 6 4 7 1 3  )
G_LOOP:  2  8  6   	7.193233e-01	( 0 2 3 7 5 4  )
G_LOOP:  2  9  6   	7.155409e-01	( 0 2 4 7 5 3  )
G_LOOP:  2  10  6   	7.174311e-01	( 0 5 3 7 2 4  )
G_LOOP:  2  11  6   	7.158922e-01	( 0 5 4 7 2 3  )
G_LOOP:  2  12  6   	7.121399e-01	( 1 2 3 6 5 4  )
G_LOOP:  2  13  6   	7.112940e-01	( 1 2 4 6 5 3  )
G_LOOP:  2  14  6   	7.106608e-01	( 1 5 3 6 2 4  )
G_LOOP:  2  15  6   	7.096770e-01	( 1 5 4 6 2 3  )
GACTION: 6.719232e+00
CONGRAD5: time = 1.170562e+00 (fn F) masses = 1 iters = 602 mflops = 2.109729e+03
 OK converged final_rsq= 8.8e-11 (cf 1e-10) rel = 1 (cf 0) restarts = 3 iters= 602
CONGRAD5: time = 2.733891e-01 (fn F) masses = 1 iters = 122 mflops = 1.830641e+03
 OK converged final_rsq= 9.9e-11 (cf 1e-10) rel = 1 (cf 0) restarts = 1 iters= 122
PBP: mass 1.000000e-02     5.555199e-02  4.368940e-02  -4.331524e-03  -4.348939e-03 ( 1 of 1 )
FACTION: mass = 1.000000e-02,  1.501287e+00 ( 1 of 1 )
CONGRAD5: time = 1.213478e+00 (fn F) masses = 1 iters = 602 mflops = 2.035116e+03
 OK converged final_rsq= 6.4e-11 (cf 1e-10) rel = 1 (cf 0) restarts = 3 iters= 602
CONGRAD5: time = 2.532270e-01 (fn F) masses = 1 iters = 110 mflops = 1.781998e+03
 OK converged final_rsq= 1e-10 (cf 1e-10) rel = 1 (cf 0) restarts = 1 iters= 110
PBP: mass 1.000000e-02     5.376833e-02  4.562878e-02  -5.653563e-03  -5.648705e-03 ( 1 of 1 )
FACTION: mass = 1.000000e-02,  1.501514e+00 ( 1 of 1 )
RUNNING COMPLETED
average cg iters for step= 1.219000e+03
Time = 2.296625e+02 seconds
total_iters = 152537
Checksums 7bb45b68 d977e3c0
Saved gauge configuration in parallel to binary file lat_p64_size128_2
Time stamp Wed May 18 20:53:41 2022
Wrote info file lat_p64_size128_2.info
Time to save = 3.866198e-01
CHECK PLAQ: 1.460193e+00 1.460439e+00
CHECK NERSC LINKTR: 1.427689e-01 CKSUM: 5cf947c6


get_i(0): EOF on input.
Elapsed total time: 254.832271
exit: Wed May 18 20:53:42 2022

