SU3 with improved KS action
Microcanonical simulation with refreshing
R algorithm
MIMD version 7.8.1
Machine = MPI (portable), with 32 nodes
Host(0) = nid06359
Username = mcopik
Options selected...
Generic single precision
C_GLOBAL_INLINE
DBLSTORE_FN
D_FN_GATHER13
FEWSUMS
KS_MULTIFF=FNMAT
VECLENGTH=4
type 0 for no prompts, 1 for prompts, or 2 for proofreading
nflavors1 2
nflavors2 1
nx 24
ny 16
nz 8
nt 36
iseed 5682304
LAYOUT = Hypercubes, options = hyper_prime,
automatic hyper_prime layout
ON EACH NODE 6 x 8 x 8 x 9
Mallocing 3.4 MBytes per node for lattice
WARNING!!: Resetting random seed
Made lattice
Made nn gathers
Made 3nn gathers
Finished setup


warms 0
trajecs 4
traj_between_meas 1
beta 5.6
mass1 0.125
mass2 0.125
u0 0.8441
microcanonical_time_step 0.2
steps_per_trajectory 5
max_cg_iterations 100
max_cg_restarts 5
error_per_site 0.125
error_for_propagator 0.125
npbp_reps 1
prec_pbp 1
fresh 
save_parallel lat_p64_size128_1
unit gauge configuration loaded
CHECK PLAQ: 3.000000e+00 3.000000e+00
CHECK NERSC LINKTR: 1.000000e+00 CKSUM: 0
Unitarity checked.  Max deviation 0.00e+00
Time to check unitarity = 6.289482e-04
"O(a^2): couplings(pi)=0, Naik term, No O(a^2) errors, tadpole weights"
path coefficients: npath  path_coeff  multiplicity
                    0      6.250000e-01     8
                    1      -5.847914e-02     8
                    2      -8.771871e-02     48
                    3      3.077829e-02     192
                    4      -7.199551e-03     384
                    5      -1.231132e-01     48
Symanzik 1x1 + 1x2 + 1x1x1 action
gauge_action: total_dyn_flavors = 3
loop coefficients: nloop rep loop_coeff  multiplicity
                    0 0      1.000000e+00     6
                    1 0      -7.762509e-02     12
                    2 0      -1.031171e-02     16
WARMUPS COMPLETED
CONGRAD5: time = 1.107502e-02 (fn F) masses = 1 iters = 4 mflops = 1.481631e+03
 OK converged final_rsq= 0.006 (cf 0.016) rel = 1 (cf 0) restarts = 1 iters= 4
CONGRAD5: time = 1.076579e-02 (fn F) masses = 1 iters = 4 mflops = 1.524188e+03
 OK converged final_rsq= 0.0059 (cf 0.016) rel = 1 (cf 0) restarts = 1 iters= 4
GFTIME:   time = 1.720891e-01 (Symanzik1) mflops = 3.072721e+03
FFTIME:  time = 6.518199e-01 (asqtad3) terms = 2 mflops = 2.300932e+03
CONGRAD5: time = 1.121020e-02 (fn F) masses = 1 iters = 4 mflops = 1.463764e+03
 OK converged final_rsq= 0.01 (cf 0.016) rel = 1 (cf 0) restarts = 1 iters= 4
CONGRAD5: time = 1.086497e-02 (fn F) masses = 1 iters = 4 mflops = 1.510274e+03
 OK converged final_rsq= 0.0098 (cf 0.016) rel = 1 (cf 0) restarts = 1 iters= 4
GFTIME:   time = 1.725249e-01 (Symanzik1) mflops = 3.064959e+03
FFTIME:  time = 6.108918e-01 (asqtad3) terms = 2 mflops = 2.455088e+03
CONGRAD5: time = 1.506996e-02 (fn F) masses = 1 iters = 4 mflops = 1.088861e+03
 OK converged final_rsq= 0.014 (cf 0.016) rel = 1 (cf 0) restarts = 1 iters= 4
CONGRAD5: time = 1.498508e-02 (fn F) masses = 1 iters = 4 mflops = 1.095028e+03
 OK converged final_rsq= 0.014 (cf 0.016) rel = 1 (cf 0) restarts = 1 iters= 4
GFTIME:   time = 2.329409e-01 (Symanzik1) mflops = 2.270026e+03
FFTIME:  time = 6.249990e-01 (asqtad3) terms = 2 mflops = 2.399673e+03
CONGRAD5: time = 1.166010e-02 (fn F) masses = 1 iters = 4 mflops = 1.407285e+03
 OK converged final_rsq= 0.013 (cf 0.016) rel = 1 (cf 0) restarts = 1 iters= 4
CONGRAD5: time = 1.094413e-02 (fn F) masses = 1 iters = 4 mflops = 1.499351e+03
 OK converged final_rsq= 0.013 (cf 0.016) rel = 1 (cf 0) restarts = 1 iters= 4
GFTIME:   time = 1.874621e-01 (Symanzik1) mflops = 2.820740e+03
FFTIME:  time = 6.423512e-01 (asqtad3) terms = 2 mflops = 2.334850e+03
CONGRAD5: time = 1.180100e-02 (fn F) masses = 1 iters = 4 mflops = 1.390482e+03
 OK converged final_rsq= 0.011 (cf 0.016) rel = 1 (cf 0) restarts = 1 iters= 4
CONGRAD5: time = 1.355505e-02 (fn F) masses = 1 iters = 4 mflops = 1.210552e+03
 OK converged final_rsq= 0.011 (cf 0.016) rel = 1 (cf 0) restarts = 1 iters= 4
GFTIME:   time = 1.917300e-01 (Symanzik1) mflops = 2.757950e+03
FFTIME:  time = 6.213419e-01 (asqtad3) terms = 2 mflops = 2.413797e+03
PLAQ:	2.349198	2.348190
P_LOOP:	2.786892e-03	-1.250431e-02
G_LOOP:  0  0  4   	2.348389e+00	( 0 1 7 6  )
G_LOOP:  0  1  4   	2.349309e+00	( 0 2 7 5  )
G_LOOP:  0  2  4   	2.348361e+00	( 0 3 7 4  )
G_LOOP:  0  3  4   	2.349895e+00	( 1 2 6 5  )
G_LOOP:  0  4  4   	2.348625e+00	( 1 3 6 4  )
G_LOOP:  0  5  4   	2.347583e+00	( 2 3 5 4  )
G_LOOP:  1  0  6   	1.773790e+00	( 0 0 1 7 7 6  )
G_LOOP:  1  1  6   	1.776646e+00	( 0 0 2 7 7 5  )
G_LOOP:  1  2  6   	1.774103e+00	( 0 0 3 7 7 4  )
G_LOOP:  1  3  6   	1.776491e+00	( 1 1 0 6 6 7  )
G_LOOP:  1  4  6   	1.777582e+00	( 1 1 2 6 6 5  )
G_LOOP:  1  5  6   	1.775662e+00	( 1 1 3 6 6 4  )
G_LOOP:  1  6  6   	1.775503e+00	( 2 2 0 5 5 7  )
G_LOOP:  1  7  6   	1.778237e+00	( 2 2 1 5 5 6  )
G_LOOP:  1  8  6   	1.771448e+00	( 2 2 3 5 5 4  )
G_LOOP:  1  9  6   	1.773505e+00	( 3 3 0 4 4 7  )
G_LOOP:  1  10  6   	1.774021e+00	( 3 3 1 4 4 6  )
G_LOOP:  1  11  6   	1.774669e+00	( 3 3 2 4 4 5  )
G_LOOP:  2  0  6   	1.825091e+00	( 0 1 2 7 6 5  )
G_LOOP:  2  1  6   	1.823287e+00	( 0 1 5 7 6 2  )
G_LOOP:  2  2  6   	1.821088e+00	( 0 6 2 7 1 5  )
G_LOOP:  2  3  6   	1.822105e+00	( 0 6 5 7 1 2  )
G_LOOP:  2  4  6   	1.824212e+00	( 0 1 3 7 6 4  )
G_LOOP:  2  5  6   	1.820812e+00	( 0 1 4 7 6 3  )
G_LOOP:  2  6  6   	1.819790e+00	( 0 6 3 7 1 4  )
G_LOOP:  2  7  6   	1.820252e+00	( 0 6 4 7 1 3  )
G_LOOP:  2  8  6   	1.823634e+00	( 0 2 3 7 5 4  )
G_LOOP:  2  9  6   	1.819915e+00	( 0 2 4 7 5 3  )
G_LOOP:  2  10  6   	1.821587e+00	( 0 5 3 7 2 4  )
G_LOOP:  2  11  6   	1.821800e+00	( 0 5 4 7 2 3  )
G_LOOP:  2  12  6   	1.820839e+00	( 1 2 3 6 5 4  )
G_LOOP:  2  13  6   	1.823189e+00	( 1 2 4 6 5 3  )
G_LOOP:  2  14  6   	1.819091e+00	( 1 5 3 6 2 4  )
G_LOOP:  2  15  6   	1.822278e+00	( 1 5 4 6 2 3  )
GACTION: 2.572492e+00
CONGRAD5: time = 1.629591e-02 (fn F) masses = 1 iters = 4 mflops = 1.006945e+03
 OK converged final_rsq= 0.01 (cf 0.016) rel = 1 (cf 0) restarts = 1 iters= 4
CONGRAD5: time = 2.057886e-02 (fn F) masses = 1 iters = 6 mflops = 1.196064e+03
 OK converged final_rsq= 0.0087 (cf 0.016) rel = 1 (cf 0) restarts = 1 iters= 6
PBP: mass 1.250000e-01     6.806275e-02  1.030895e-01  8.483080e-04  9.597723e-04 ( 1 of 1 )
FACTION: mass = 1.250000e-01,  1.463830e+00 ( 1 of 1 )
CONGRAD5: time = 1.680708e-02 (fn F) masses = 1 iters = 4 mflops = 9.763200e+02
 OK converged final_rsq= 0.01 (cf 0.016) rel = 1 (cf 0) restarts = 1 iters= 4
CONGRAD5: time = 2.056313e-02 (fn F) masses = 1 iters = 6 mflops = 1.196979e+03
 OK converged final_rsq= 0.0085 (cf 0.016) rel = 1 (cf 0) restarts = 1 iters= 6
PBP: mass 1.250000e-01     6.882193e-02  1.016555e-01  -1.014163e-03  -6.058347e-04 ( 1 of 1 )
FACTION: mass = 1.250000e-01,  1.471104e+00 ( 1 of 1 )
CONGRAD5: time = 1.233697e-02 (fn F) masses = 1 iters = 4 mflops = 1.330074e+03
 OK converged final_rsq= 0.011 (cf 0.016) rel = 1 (cf 0) restarts = 1 iters= 4
CONGRAD5: time = 1.029992e-02 (fn F) masses = 1 iters = 4 mflops = 1.593128e+03
 OK converged final_rsq= 0.011 (cf 0.016) rel = 1 (cf 0) restarts = 1 iters= 4
GFTIME:   time = 1.733429e-01 (Symanzik1) mflops = 3.050495e+03
FFTIME:  time = 6.176381e-01 (asqtad3) terms = 2 mflops = 2.428272e+03
CONGRAD5: time = 1.362205e-02 (fn F) masses = 1 iters = 5 mflops = 1.505747e+03
 OK converged final_rsq= 0.007 (cf 0.016) rel = 1 (cf 0) restarts = 1 iters= 5
CONGRAD5: time = 1.325583e-02 (fn F) masses = 1 iters = 4 mflops = 1.237877e+03
 OK converged final_rsq= 0.015 (cf 0.016) rel = 1 (cf 0) restarts = 1 iters= 4
GFTIME:   time = 1.993821e-01 (Symanzik1) mflops = 2.652103e+03
FFTIME:  time = 6.722991e-01 (asqtad3) terms = 2 mflops = 2.230842e+03
CONGRAD5: time = 1.517510e-02 (fn F) masses = 1 iters = 5 mflops = 1.351645e+03
 OK converged final_rsq= 0.0088 (cf 0.016) rel = 1 (cf 0) restarts = 1 iters= 5
CONGRAD5: time = 1.214600e-02 (fn F) masses = 1 iters = 5 mflops = 1.688734e+03
 OK converged final_rsq= 0.0085 (cf 0.016) rel = 1 (cf 0) restarts = 1 iters= 5
GFTIME:   time = 1.724930e-01 (Symanzik1) mflops = 3.065527e+03
FFTIME:  time = 7.340851e-01 (asqtad3) terms = 2 mflops = 2.043078e+03
CONGRAD5: time = 1.319504e-02 (fn F) masses = 1 iters = 5 mflops = 1.554475e+03
 OK converged final_rsq= 0.0085 (cf 0.016) rel = 1 (cf 0) restarts = 1 iters= 5
CONGRAD5: time = 1.273394e-02 (fn F) masses = 1 iters = 5 mflops = 1.610764e+03
 OK converged final_rsq= 0.0081 (cf 0.016) rel = 1 (cf 0) restarts = 1 iters= 5
GFTIME:   time = 1.798952e-01 (Symanzik1) mflops = 2.939389e+03
FFTIME:  time = 6.161561e-01 (asqtad3) terms = 2 mflops = 2.434113e+03
CONGRAD5: time = 1.249290e-02 (fn F) masses = 1 iters = 4 mflops = 1.313474e+03
 OK converged final_rsq= 0.016 (cf 0.016) rel = 1 (cf 0) restarts = 1 iters= 4
CONGRAD5: time = 1.033092e-02 (fn F) masses = 1 iters = 4 mflops = 1.588348e+03
 OK converged final_rsq= 0.015 (cf 0.016) rel = 1 (cf 0) restarts = 1 iters= 4
GFTIME:   time = 2.009192e-01 (Symanzik1) mflops = 2.631814e+03
FFTIME:  time = 6.205339e-01 (asqtad3) terms = 2 mflops = 2.416940e+03
PLAQ:	2.013451	2.012694
P_LOOP:	1.848458e-02	-2.834589e-03
G_LOOP:  0  0  4   	2.013605e+00	( 0 1 7 6  )
G_LOOP:  0  1  4   	2.012726e+00	( 0 2 7 5  )
G_LOOP:  0  2  4   	2.012660e+00	( 0 3 7 4  )
G_LOOP:  0  3  4   	2.014021e+00	( 1 2 6 5  )
G_LOOP:  0  4  4   	2.011083e+00	( 1 3 6 4  )
G_LOOP:  0  5  4   	2.014340e+00	( 2 3 5 4  )
G_LOOP:  1  0  6   	1.300613e+00	( 0 0 1 7 7 6  )
G_LOOP:  1  1  6   	1.300842e+00	( 0 0 2 7 7 5  )
G_LOOP:  1  2  6   	1.298253e+00	( 0 0 3 7 7 4  )
G_LOOP:  1  3  6   	1.302963e+00	( 1 1 0 6 6 7  )
G_LOOP:  1  4  6   	1.302157e+00	( 1 1 2 6 6 5  )
G_LOOP:  1  5  6   	1.297503e+00	( 1 1 3 6 6 4  )
G_LOOP:  1  6  6   	1.301427e+00	( 2 2 0 5 5 7  )
G_LOOP:  1  7  6   	1.304927e+00	( 2 2 1 5 5 6  )
G_LOOP:  1  8  6   	1.304792e+00	( 2 2 3 5 5 4  )
G_LOOP:  1  9  6   	1.298713e+00	( 3 3 0 4 4 7  )
G_LOOP:  1  10  6   	1.299108e+00	( 3 3 1 4 4 6  )
G_LOOP:  1  11  6   	1.299223e+00	( 3 3 2 4 4 5  )
G_LOOP:  2  0  6   	1.348445e+00	( 0 1 2 7 6 5  )
G_LOOP:  2  1  6   	1.343089e+00	( 0 1 5 7 6 2  )
G_LOOP:  2  2  6   	1.346329e+00	( 0 6 2 7 1 5  )
G_LOOP:  2  3  6   	1.345030e+00	( 0 6 5 7 1 2  )
G_LOOP:  2  4  6   	1.343380e+00	( 0 1 3 7 6 4  )
G_LOOP:  2  5  6   	1.344257e+00	( 0 1 4 7 6 3  )
G_LOOP:  2  6  6   	1.343157e+00	( 0 6 3 7 1 4  )
G_LOOP:  2  7  6   	1.342065e+00	( 0 6 4 7 1 3  )
G_LOOP:  2  8  6   	1.346172e+00	( 0 2 3 7 5 4  )
G_LOOP:  2  9  6   	1.342668e+00	( 0 2 4 7 5 3  )
G_LOOP:  2  10  6   	1.348706e+00	( 0 5 3 7 2 4  )
G_LOOP:  2  11  6   	1.343122e+00	( 0 5 4 7 2 3  )
G_LOOP:  2  12  6   	1.345732e+00	( 1 2 3 6 5 4  )
G_LOOP:  2  13  6   	1.341834e+00	( 1 2 4 6 5 3  )
G_LOOP:  2  14  6   	1.347041e+00	( 1 5 3 6 2 4  )
G_LOOP:  2  15  6   	1.345153e+00	( 1 5 4 6 2 3  )
GACTION: 4.065737e+00
CONGRAD5: time = 1.040888e-02 (fn F) masses = 1 iters = 4 mflops = 1.576451e+03
 OK converged final_rsq= 0.014 (cf 0.016) rel = 1 (cf 0) restarts = 1 iters= 4
CONGRAD5: time = 1.399493e-02 (fn F) masses = 1 iters = 6 mflops = 1.758753e+03
 OK converged final_rsq= 0.013 (cf 0.016) rel = 1 (cf 0) restarts = 1 iters= 6
PBP: mass 1.250000e-01     8.497467e-02  1.688522e-01  -5.301324e-04  -5.047567e-04 ( 1 of 1 )
FACTION: mass = 1.250000e-01,  1.446208e+00 ( 1 of 1 )
CONGRAD5: time = 1.082611e-02 (fn F) masses = 1 iters = 4 mflops = 1.515696e+03
 OK converged final_rsq= 0.014 (cf 0.016) rel = 1 (cf 0) restarts = 1 iters= 4
CONGRAD5: time = 1.410985e-02 (fn F) masses = 1 iters = 6 mflops = 1.744429e+03
 OK converged final_rsq= 0.013 (cf 0.016) rel = 1 (cf 0) restarts = 1 iters= 6
PBP: mass 1.250000e-01     8.481228e-02  1.712648e-01  2.146663e-03  2.408056e-03 ( 1 of 1 )
FACTION: mass = 1.250000e-01,  1.442460e+00 ( 1 of 1 )
CONGRAD5: time = 1.224494e-02 (fn F) masses = 1 iters = 5 mflops = 1.675089e+03
 OK converged final_rsq= 0.0075 (cf 0.016) rel = 1 (cf 0) restarts = 1 iters= 5
CONGRAD5: time = 1.043892e-02 (fn F) masses = 1 iters = 4 mflops = 1.571914e+03
 OK converged final_rsq= 0.016 (cf 0.016) rel = 1 (cf 0) restarts = 1 iters= 4
GFTIME:   time = 1.974871e-01 (Symanzik1) mflops = 2.677551e+03
FFTIME:  time = 6.832161e-01 (asqtad3) terms = 2 mflops = 2.195196e+03
CONGRAD5: time = 1.411200e-02 (fn F) masses = 1 iters = 5 mflops = 1.453470e+03
 OK converged final_rsq= 0.0092 (cf 0.016) rel = 1 (cf 0) restarts = 1 iters= 5
CONGRAD5: time = 1.237798e-02 (fn F) masses = 1 iters = 5 mflops = 1.657085e+03
 OK converged final_rsq= 0.0087 (cf 0.016) rel = 1 (cf 0) restarts = 1 iters= 5
GFTIME:   time = 1.796029e-01 (Symanzik1) mflops = 2.944173e+03
FFTIME:  time = 6.247480e-01 (asqtad3) terms = 2 mflops = 2.400637e+03
CONGRAD5: time = 1.714611e-02 (fn F) masses = 1 iters = 5 mflops = 1.196269e+03
 OK converged final_rsq= 0.011 (cf 0.016) rel = 1 (cf 0) restarts = 1 iters= 5
CONGRAD5: time = 1.290202e-02 (fn F) masses = 1 iters = 5 mflops = 1.589779e+03
 OK converged final_rsq= 0.01 (cf 0.016) rel = 1 (cf 0) restarts = 1 iters= 5
GFTIME:   time = 2.045140e-01 (Symanzik1) mflops = 2.585553e+03
FFTIME:  time = 6.399021e-01 (asqtad3) terms = 2 mflops = 2.343786e+03
CONGRAD5: time = 1.233196e-02 (fn F) masses = 1 iters = 5 mflops = 1.663268e+03
 OK converged final_rsq= 0.011 (cf 0.016) rel = 1 (cf 0) restarts = 1 iters= 5
CONGRAD5: time = 1.222301e-02 (fn F) masses = 1 iters = 5 mflops = 1.678095e+03
 OK converged final_rsq= 0.01 (cf 0.016) rel = 1 (cf 0) restarts = 1 iters= 5
GFTIME:   time = 1.806152e-01 (Symanzik1) mflops = 2.927671e+03
FFTIME:  time = 6.078360e-01 (asqtad3) terms = 2 mflops = 2.467431e+03
CONGRAD5: time = 1.365590e-02 (fn F) masses = 1 iters = 5 mflops = 1.502014e+03
 OK converged final_rsq= 0.0099 (cf 0.016) rel = 1 (cf 0) restarts = 1 iters= 5
CONGRAD5: time = 1.271105e-02 (fn F) masses = 1 iters = 5 mflops = 1.613664e+03
 OK converged final_rsq= 0.0095 (cf 0.016) rel = 1 (cf 0) restarts = 1 iters= 5
GFTIME:   time = 1.761789e-01 (Symanzik1) mflops = 3.001391e+03
FFTIME:  time = 6.339879e-01 (asqtad3) terms = 2 mflops = 2.365650e+03
PLAQ:	1.791483	1.792157
P_LOOP:	-5.625045e-03	-1.410870e-02
G_LOOP:  0  0  4   	1.791594e+00	( 0 1 7 6  )
G_LOOP:  0  1  4   	1.792323e+00	( 0 2 7 5  )
G_LOOP:  0  2  4   	1.792407e+00	( 0 3 7 4  )
G_LOOP:  0  3  4   	1.790532e+00	( 1 2 6 5  )
G_LOOP:  0  4  4   	1.793364e+00	( 1 3 6 4  )
G_LOOP:  0  5  4   	1.790701e+00	( 2 3 5 4  )
G_LOOP:  1  0  6   	1.025456e+00	( 0 0 1 7 7 6  )
G_LOOP:  1  1  6   	1.026012e+00	( 0 0 2 7 7 5  )
G_LOOP:  1  2  6   	1.024732e+00	( 0 0 3 7 7 4  )
G_LOOP:  1  3  6   	1.025410e+00	( 1 1 0 6 6 7  )
G_LOOP:  1  4  6   	1.024953e+00	( 1 1 2 6 6 5  )
G_LOOP:  1  5  6   	1.022938e+00	( 1 1 3 6 6 4  )
G_LOOP:  1  6  6   	1.024038e+00	( 2 2 0 5 5 7  )
G_LOOP:  1  7  6   	1.024894e+00	( 2 2 1 5 5 6  )
G_LOOP:  1  8  6   	1.022412e+00	( 2 2 3 5 5 4  )
G_LOOP:  1  9  6   	1.027185e+00	( 3 3 0 4 4 7  )
G_LOOP:  1  10  6   	1.025144e+00	( 3 3 1 4 4 6  )
G_LOOP:  1  11  6   	1.025040e+00	( 3 3 2 4 4 5  )
G_LOOP:  2  0  6   	1.061102e+00	( 0 1 2 7 6 5  )
G_LOOP:  2  1  6   	1.057245e+00	( 0 1 5 7 6 2  )
G_LOOP:  2  2  6   	1.056138e+00	( 0 6 2 7 1 5  )
G_LOOP:  2  3  6   	1.056679e+00	( 0 6 5 7 1 2  )
G_LOOP:  2  4  6   	1.053658e+00	( 0 1 3 7 6 4  )
G_LOOP:  2  5  6   	1.057752e+00	( 0 1 4 7 6 3  )
G_LOOP:  2  6  6   	1.058101e+00	( 0 6 3 7 1 4  )
G_LOOP:  2  7  6   	1.058884e+00	( 0 6 4 7 1 3  )
G_LOOP:  2  8  6   	1.056078e+00	( 0 2 3 7 5 4  )
G_LOOP:  2  9  6   	1.059393e+00	( 0 2 4 7 5 3  )
G_LOOP:  2  10  6   	1.057076e+00	( 0 5 3 7 2 4  )
G_LOOP:  2  11  6   	1.062819e+00	( 0 5 4 7 2 3  )
G_LOOP:  2  12  6   	1.057843e+00	( 1 2 3 6 5 4  )
G_LOOP:  2  13  6   	1.058616e+00	( 1 2 4 6 5 3  )
G_LOOP:  2  14  6   	1.053119e+00	( 1 5 3 6 2 4  )
G_LOOP:  2  15  6   	1.057944e+00	( 1 5 4 6 2 3  )
GACTION: 5.088764e+00
CONGRAD5: time = 1.512194e-02 (fn F) masses = 1 iters = 5 mflops = 1.356398e+03
 OK converged final_rsq= 0.0086 (cf 0.016) rel = 1 (cf 0) restarts = 1 iters= 5
CONGRAD5: time = 1.700401e-02 (fn F) masses = 1 iters = 6 mflops = 1.447519e+03
 OK converged final_rsq= 0.015 (cf 0.016) rel = 1 (cf 0) restarts = 1 iters= 6
PBP: mass 1.250000e-01     1.111279e-01  3.023810e-01  2.452463e-03  2.404104e-03 ( 1 of 1 )
FACTION: mass = 1.250000e-01,  1.456062e+00 ( 1 of 1 )
CONGRAD5: time = 1.740599e-02 (fn F) masses = 1 iters = 5 mflops = 1.178408e+03
 OK converged final_rsq= 0.0085 (cf 0.016) rel = 1 (cf 0) restarts = 1 iters= 5
CONGRAD5: time = 1.655602e-02 (fn F) masses = 1 iters = 6 mflops = 1.486687e+03
 OK converged final_rsq= 0.015 (cf 0.016) rel = 1 (cf 0) restarts = 1 iters= 6
PBP: mass 1.250000e-01     1.104930e-01  3.003512e-01  6.282960e-05  9.094552e-04 ( 1 of 1 )
FACTION: mass = 1.250000e-01,  1.455075e+00 ( 1 of 1 )
CONGRAD5: time = 1.245093e-02 (fn F) masses = 1 iters = 5 mflops = 1.647375e+03
 OK converged final_rsq= 0.01 (cf 0.016) rel = 1 (cf 0) restarts = 1 iters= 5
CONGRAD5: time = 1.212406e-02 (fn F) masses = 1 iters = 5 mflops = 1.691789e+03
 OK converged final_rsq= 0.0095 (cf 0.016) rel = 1 (cf 0) restarts = 1 iters= 5
GFTIME:   time = 1.940670e-01 (Symanzik1) mflops = 2.724738e+03
FFTIME:  time = 6.192949e-01 (asqtad3) terms = 2 mflops = 2.421776e+03
CONGRAD5: time = 1.764488e-02 (fn F) masses = 1 iters = 5 mflops = 1.162454e+03
 OK converged final_rsq= 0.011 (cf 0.016) rel = 1 (cf 0) restarts = 1 iters= 5
CONGRAD5: time = 1.763010e-02 (fn F) masses = 1 iters = 5 mflops = 1.163428e+03
 OK converged final_rsq= 0.011 (cf 0.016) rel = 1 (cf 0) restarts = 1 iters= 5
GFTIME:   time = 2.554300e-01 (Symanzik1) mflops = 2.070163e+03
FFTIME:  time = 6.159971e-01 (asqtad3) terms = 2 mflops = 2.434741e+03
CONGRAD5: time = 1.331306e-02 (fn F) masses = 1 iters = 5 mflops = 1.540695e+03
 OK converged final_rsq= 0.012 (cf 0.016) rel = 1 (cf 0) restarts = 1 iters= 5
CONGRAD5: time = 1.243401e-02 (fn F) masses = 1 iters = 5 mflops = 1.649618e+03
 OK converged final_rsq= 0.012 (cf 0.016) rel = 1 (cf 0) restarts = 1 iters= 5
GFTIME:   time = 1.731329e-01 (Symanzik1) mflops = 3.054196e+03
FFTIME:  time = 6.553769e-01 (asqtad3) terms = 2 mflops = 2.288444e+03
CONGRAD5: time = 1.577902e-02 (fn F) masses = 1 iters = 5 mflops = 1.299914e+03
 OK converged final_rsq= 0.012 (cf 0.016) rel = 1 (cf 0) restarts = 1 iters= 5
CONGRAD5: time = 1.534295e-02 (fn F) masses = 1 iters = 5 mflops = 1.336859e+03
 OK converged final_rsq= 0.012 (cf 0.016) rel = 1 (cf 0) restarts = 1 iters= 5
GFTIME:   time = 1.964900e-01 (Symanzik1) mflops = 2.691138e+03
FFTIME:  time = 6.477201e-01 (asqtad3) terms = 2 mflops = 2.315496e+03
CONGRAD5: time = 1.757503e-02 (fn F) masses = 1 iters = 5 mflops = 1.167074e+03
 OK converged final_rsq= 0.012 (cf 0.016) rel = 1 (cf 0) restarts = 1 iters= 5
CONGRAD5: time = 1.353979e-02 (fn F) masses = 1 iters = 5 mflops = 1.514895e+03
 OK converged final_rsq= 0.011 (cf 0.016) rel = 1 (cf 0) restarts = 1 iters= 5
GFTIME:   time = 1.773219e-01 (Symanzik1) mflops = 2.982044e+03
FFTIME:  time = 6.164191e-01 (asqtad3) terms = 2 mflops = 2.433074e+03
PLAQ:	1.645902	1.647369
P_LOOP:	-1.143113e-02	-2.267756e-03
G_LOOP:  0  0  4   	1.645709e+00	( 0 1 7 6  )
G_LOOP:  0  1  4   	1.644737e+00	( 0 2 7 5  )
G_LOOP:  0  2  4   	1.647218e+00	( 0 3 7 4  )
G_LOOP:  0  3  4   	1.647258e+00	( 1 2 6 5  )
G_LOOP:  0  4  4   	1.649003e+00	( 1 3 6 4  )
G_LOOP:  0  5  4   	1.645887e+00	( 2 3 5 4  )
G_LOOP:  1  0  6   	8.580218e-01	( 0 0 1 7 7 6  )
G_LOOP:  1  1  6   	8.541604e-01	( 0 0 2 7 7 5  )
G_LOOP:  1  2  6   	8.595779e-01	( 0 0 3 7 7 4  )
G_LOOP:  1  3  6   	8.582930e-01	( 1 1 0 6 6 7  )
G_LOOP:  1  4  6   	8.580090e-01	( 1 1 2 6 6 5  )
G_LOOP:  1  5  6   	8.579565e-01	( 1 1 3 6 6 4  )
G_LOOP:  1  6  6   	8.503308e-01	( 2 2 0 5 5 7  )
G_LOOP:  1  7  6   	8.559146e-01	( 2 2 1 5 5 6  )
G_LOOP:  1  8  6   	8.569176e-01	( 2 2 3 5 5 4  )
G_LOOP:  1  9  6   	8.593230e-01	( 3 3 0 4 4 7  )
G_LOOP:  1  10  6   	8.598535e-01	( 3 3 1 4 4 6  )
G_LOOP:  1  11  6   	8.616721e-01	( 3 3 2 4 4 5  )
G_LOOP:  2  0  6   	8.789153e-01	( 0 1 2 7 6 5  )
G_LOOP:  2  1  6   	8.791288e-01	( 0 1 5 7 6 2  )
G_LOOP:  2  2  6   	8.810073e-01	( 0 6 2 7 1 5  )
G_LOOP:  2  3  6   	8.768704e-01	( 0 6 5 7 1 2  )
G_LOOP:  2  4  6   	8.798489e-01	( 0 1 3 7 6 4  )
G_LOOP:  2  5  6   	8.801400e-01	( 0 1 4 7 6 3  )
G_LOOP:  2  6  6   	8.826417e-01	( 0 6 3 7 1 4  )
G_LOOP:  2  7  6   	8.788818e-01	( 0 6 4 7 1 3  )
G_LOOP:  2  8  6   	8.816597e-01	( 0 2 3 7 5 4  )
G_LOOP:  2  9  6   	8.763485e-01	( 0 2 4 7 5 3  )
G_LOOP:  2  10  6   	8.789559e-01	( 0 5 3 7 2 4  )
G_LOOP:  2  11  6   	8.814330e-01	( 0 5 4 7 2 3  )
G_LOOP:  2  12  6   	8.771350e-01	( 1 2 3 6 5 4  )
G_LOOP:  2  13  6   	8.797539e-01	( 1 2 4 6 5 3  )
G_LOOP:  2  14  6   	8.777674e-01	( 1 5 3 6 2 4  )
G_LOOP:  2  15  6   	8.827374e-01	( 1 5 4 6 2 3  )
GACTION: 5.774606e+00
CONGRAD5: time = 1.242518e-02 (fn F) masses = 1 iters = 5 mflops = 1.650789e+03
 OK converged final_rsq= 0.01 (cf 0.016) rel = 1 (cf 0) restarts = 1 iters= 5
CONGRAD5: time = 1.602101e-02 (fn F) masses = 1 iters = 7 mflops = 1.792390e+03
 OK converged final_rsq= 0.008 (cf 0.016) rel = 1 (cf 0) restarts = 1 iters= 7
PBP: mass 1.250000e-01     1.265012e-01  3.213337e-01  -2.075054e-03  -2.155931e-03 ( 1 of 1 )
FACTION: mass = 1.250000e-01,  1.436267e+00 ( 1 of 1 )
CONGRAD5: time = 1.231289e-02 (fn F) masses = 1 iters = 5 mflops = 1.665845e+03
 OK converged final_rsq= 0.01 (cf 0.016) rel = 1 (cf 0) restarts = 1 iters= 5
CONGRAD5: time = 1.613593e-02 (fn F) masses = 1 iters = 7 mflops = 1.779625e+03
 OK converged final_rsq= 0.0081 (cf 0.016) rel = 1 (cf 0) restarts = 1 iters= 7
PBP: mass 1.250000e-01     1.253157e-01  3.200521e-01  5.918009e-04  2.751183e-04 ( 1 of 1 )
FACTION: mass = 1.250000e-01,  1.432563e+00 ( 1 of 1 )
RUNNING COMPLETED
average cg iters for step= 1.100000e+01
Time = 2.458595e+01 seconds
total_iters = 550
Checksums 41e6b2b3 a5e7c44
Saved gauge configuration in parallel to binary file lat_p64_size128_1
Time stamp Wed May 18 22:21:32 2022
Wrote info file lat_p64_size128_1.info
Time to save = 2.868590e-01
CHECK PLAQ: 1.645902e+00 1.647369e+00
CHECK NERSC LINKTR: 1.706465e-01 CKSUM: 85c71d91


warms 0
trajecs 4
traj_between_meas 1
beta 5.6
mass1 0.01
mass2 0.01
u0 0.8441
microcanonical_time_step 0.02
steps_per_trajectory 15
max_cg_iterations 300
max_cg_restarts 5
error_per_site 1e-05
error_for_propagator 1e-05
npbp_reps 1
prec_pbp 1
reload_parallel lat_p64_size128_1
save_parallel lat_p64_size128_2
Restored binary gauge configuration in parallel from file lat_p64_size128_1
Time stamp Wed May 18 22:21:32 2022
Checksums 41e6b2b3 a5e7c44 OK
Time to reload gauge configuration = 2.275641e-01
CHECK PLAQ: 1.645902e+00 1.647369e+00
CHECK NERSC LINKTR: 1.706465e-01 CKSUM: 85c71d91
Unitarity checked.  Max deviation 2.98e-07
Time to check unitarity = 7.839203e-04
"O(a^2): couplings(pi)=0, Naik term, No O(a^2) errors, tadpole weights"
path coefficients: npath  path_coeff  multiplicity
                    0      6.250000e-01     8
                    1      -5.847914e-02     8
                    2      -8.771871e-02     48
                    3      3.077829e-02     192
                    4      -7.199551e-03     384
                    5      -1.231132e-01     48
Symanzik 1x1 + 1x2 + 1x1x1 action
gauge_action: total_dyn_flavors = 3
loop coefficients: nloop rep loop_coeff  multiplicity
                    0 0      1.000000e+00     6
                    1 0      -7.762509e-02     12
                    2 0      -1.031171e-02     16
WARMUPS COMPLETED
CONGRAD5: time = 1.208707e+00 (fn F) masses = 1 iters = 600 mflops = 2.036360e+03
 OK converged final_rsq= 9.6e-11 (cf 1e-10) rel = 1 (cf 0) restarts = 2 iters= 600
CONGRAD5: time = 1.172734e+00 (fn F) masses = 1 iters = 602 mflops = 2.105821e+03
 OK converged final_rsq= 7.3e-11 (cf 1e-10) rel = 1 (cf 0) restarts = 3 iters= 602
GFTIME:   time = 1.762960e-01 (Symanzik1) mflops = 2.999398e+03
FFTIME:  time = 6.218998e-01 (asqtad3) terms = 2 mflops = 2.411632e+03
CONGRAD5: time = 1.210879e+00 (fn F) masses = 1 iters = 591 mflops = 2.002217e+03
 OK converged final_rsq= 1e-10 (cf 1e-10) rel = 1 (cf 0) restarts = 2 iters= 591
CONGRAD5: time = 1.196179e+00 (fn F) masses = 1 iters = 593 mflops = 2.033681e+03
 OK converged final_rsq= 1e-10 (cf 1e-10) rel = 1 (cf 0) restarts = 2 iters= 593
GFTIME:   time = 2.021260e-01 (Symanzik1) mflops = 2.616100e+03
FFTIME:  time = 6.631799e-01 (asqtad3) terms = 2 mflops = 2.261518e+03
CONGRAD5: time = 1.214151e+00 (fn F) masses = 1 iters = 597 mflops = 2.017094e+03
 OK converged final_rsq= 4.9e-11 (cf 1e-10) rel = 1 (cf 0) restarts = 3 iters= 597
CONGRAD5: time = 1.124148e+00 (fn F) masses = 1 iters = 563 mflops = 2.054515e+03
 OK converged final_rsq= 4.9e-11 (cf 1e-10) rel = 1 (cf 0) restarts = 3 iters= 563
GFTIME:   time = 2.065971e-01 (Symanzik1) mflops = 2.559483e+03
FFTIME:  time = 6.510968e-01 (asqtad3) terms = 2 mflops = 2.303488e+03
CONGRAD5: time = 1.232551e+00 (fn F) masses = 1 iters = 590 mflops = 1.963684e+03
 OK converged final_rsq= 9.8e-11 (cf 1e-10) rel = 1 (cf 0) restarts = 2 iters= 590
CONGRAD5: time = 1.156908e+00 (fn F) masses = 1 iters = 578 mflops = 2.049526e+03
 OK converged final_rsq= 9.8e-11 (cf 1e-10) rel = 1 (cf 0) restarts = 2 iters= 578
GFTIME:   time = 1.744580e-01 (Symanzik1) mflops = 3.030997e+03
FFTIME:  time = 6.570430e-01 (asqtad3) terms = 2 mflops = 2.282641e+03
CONGRAD5: time = 1.142026e+00 (fn F) masses = 1 iters = 598 mflops = 2.148076e+03
 OK converged final_rsq= 9e-11 (cf 1e-10) rel = 1 (cf 0) restarts = 2 iters= 598
CONGRAD5: time = 1.199503e+00 (fn F) masses = 1 iters = 562 mflops = 1.922027e+03
 OK converged final_rsq= 9.9e-11 (cf 1e-10) rel = 1 (cf 0) restarts = 2 iters= 562
GFTIME:   time = 1.851499e-01 (Symanzik1) mflops = 2.855966e+03
FFTIME:  time = 6.721249e-01 (asqtad3) terms = 2 mflops = 2.231421e+03
CONGRAD5: time = 1.157952e+00 (fn F) masses = 1 iters = 600 mflops = 2.125618e+03
 OK converged final_rsq= 9.2e-11 (cf 1e-10) rel = 1 (cf 0) restarts = 2 iters= 600
CONGRAD5: time = 1.111317e+00 (fn F) masses = 1 iters = 594 mflops = 2.192668e+03
 OK converged final_rsq= 9.6e-11 (cf 1e-10) rel = 1 (cf 0) restarts = 2 iters= 594
GFTIME:   time = 2.216969e-01 (Symanzik1) mflops = 2.385157e+03
FFTIME:  time = 6.682270e-01 (asqtad3) terms = 2 mflops = 2.244437e+03
CONGRAD5: time = 1.195826e+00 (fn F) masses = 1 iters = 590 mflops = 2.023991e+03
 OK converged final_rsq= 9.8e-11 (cf 1e-10) rel = 1 (cf 0) restarts = 2 iters= 590
CONGRAD5: time = 1.267856e+00 (fn F) masses = 1 iters = 590 mflops = 1.909003e+03
 OK converged final_rsq= 9.7e-11 (cf 1e-10) rel = 1 (cf 0) restarts = 2 iters= 590
GFTIME:   time = 1.773829e-01 (Symanzik1) mflops = 2.981018e+03
FFTIME:  time = 6.339719e-01 (asqtad3) terms = 2 mflops = 2.365709e+03
CONGRAD5: time = 1.217305e+00 (fn F) masses = 1 iters = 602 mflops = 2.028717e+03
 OK converged final_rsq= 4.2e-11 (cf 1e-10) rel = 1 (cf 0) restarts = 3 iters= 602
CONGRAD5: time = 1.249465e+00 (fn F) masses = 1 iters = 590 mflops = 1.937101e+03
 OK converged final_rsq= 5e-11 (cf 1e-10) rel = 1 (cf 0) restarts = 3 iters= 590
GFTIME:   time = 1.755569e-01 (Symanzik1) mflops = 3.012025e+03
FFTIME:  time = 6.334660e-01 (asqtad3) terms = 2 mflops = 2.367599e+03
CONGRAD5: time = 1.319295e+00 (fn F) masses = 1 iters = 602 mflops = 1.871885e+03
 OK converged final_rsq= 4.8e-11 (cf 1e-10) rel = 1 (cf 0) restarts = 3 iters= 602
CONGRAD5: time = 1.116813e+00 (fn F) masses = 1 iters = 590 mflops = 2.167185e+03
 OK converged final_rsq= 9.8e-11 (cf 1e-10) rel = 1 (cf 0) restarts = 2 iters= 590
GFTIME:   time = 2.131851e-01 (Symanzik1) mflops = 2.480389e+03
FFTIME:  time = 6.541610e-01 (asqtad3) terms = 2 mflops = 2.292698e+03
CONGRAD5: time = 1.243526e+00 (fn F) masses = 1 iters = 602 mflops = 1.985940e+03
 OK converged final_rsq= 4.2e-11 (cf 1e-10) rel = 1 (cf 0) restarts = 3 iters= 602
CONGRAD5: time = 1.170519e+00 (fn F) masses = 1 iters = 600 mflops = 2.102797e+03
 OK converged final_rsq= 7.9e-11 (cf 1e-10) rel = 1 (cf 0) restarts = 2 iters= 600
GFTIME:   time = 1.785450e-01 (Symanzik1) mflops = 2.961617e+03
FFTIME:  time = 6.607211e-01 (asqtad3) terms = 2 mflops = 2.269934e+03
CONGRAD5: time = 1.137066e+00 (fn F) masses = 1 iters = 600 mflops = 2.164662e+03
 OK converged final_rsq= 8.4e-11 (cf 1e-10) rel = 1 (cf 0) restarts = 2 iters= 600
CONGRAD5: time = 1.131612e+00 (fn F) masses = 1 iters = 598 mflops = 2.167844e+03
 OK converged final_rsq= 9.2e-11 (cf 1e-10) rel = 1 (cf 0) restarts = 2 iters= 598
GFTIME:   time = 1.851928e-01 (Symanzik1) mflops = 2.855304e+03
FFTIME:  time = 6.310081e-01 (asqtad3) terms = 2 mflops = 2.376821e+03
CONGRAD5: time = 1.173569e+00 (fn F) masses = 1 iters = 598 mflops = 2.090340e+03
 OK converged final_rsq= 9.2e-11 (cf 1e-10) rel = 1 (cf 0) restarts = 2 iters= 598
CONGRAD5: time = 1.242373e+00 (fn F) masses = 1 iters = 600 mflops = 1.981179e+03
 OK converged final_rsq= 8.9e-11 (cf 1e-10) rel = 1 (cf 0) restarts = 2 iters= 600
GFTIME:   time = 2.489522e-01 (Symanzik1) mflops = 2.124030e+03
FFTIME:  time = 6.377871e-01 (asqtad3) terms = 2 mflops = 2.351558e+03
CONGRAD5: time = 1.208879e+00 (fn F) masses = 1 iters = 602 mflops = 2.042858e+03
 OK converged final_rsq= 5e-11 (cf 1e-10) rel = 1 (cf 0) restarts = 3 iters= 602
CONGRAD5: time = 1.260081e+00 (fn F) masses = 1 iters = 594 mflops = 1.933804e+03
 OK converged final_rsq= 4.9e-11 (cf 1e-10) rel = 1 (cf 0) restarts = 3 iters= 594
GFTIME:   time = 2.414010e-01 (Symanzik1) mflops = 2.190471e+03
FFTIME:  time = 6.105380e-01 (asqtad3) terms = 2 mflops = 2.456511e+03
CONGRAD5: time = 1.192300e+00 (fn F) masses = 1 iters = 602 mflops = 2.071264e+03
 OK converged final_rsq= 5.6e-11 (cf 1e-10) rel = 1 (cf 0) restarts = 3 iters= 602
CONGRAD5: time = 1.273711e+00 (fn F) masses = 1 iters = 600 mflops = 1.932435e+03
 OK converged final_rsq= 4.8e-11 (cf 1e-10) rel = 1 (cf 0) restarts = 3 iters= 600
GFTIME:   time = 2.171791e-01 (Symanzik1) mflops = 2.434774e+03
FFTIME:  time = 6.099489e-01 (asqtad3) terms = 2 mflops = 2.458884e+03
CONGRAD5: time = 1.146961e+00 (fn F) masses = 1 iters = 599 mflops = 2.142410e+03
 OK converged final_rsq= 1e-10 (cf 1e-10) rel = 1 (cf 0) restarts = 2 iters= 599
CONGRAD5: time = 1.259458e+00 (fn F) masses = 1 iters = 600 mflops = 1.954304e+03
 OK converged final_rsq= 9.6e-11 (cf 1e-10) rel = 1 (cf 0) restarts = 2 iters= 600
GFTIME:   time = 2.328880e-01 (Symanzik1) mflops = 2.270541e+03
FFTIME:  time = 6.818099e-01 (asqtad3) terms = 2 mflops = 2.199724e+03
PLAQ:	1.539870	1.540983
P_LOOP:	2.341213e-03	1.164436e-02
G_LOOP:  0  0  4   	1.542867e+00	( 0 1 7 6  )
G_LOOP:  0  1  4   	1.537272e+00	( 0 2 7 5  )
G_LOOP:  0  2  4   	1.541847e+00	( 0 3 7 4  )
G_LOOP:  0  3  4   	1.539470e+00	( 1 2 6 5  )
G_LOOP:  0  4  4   	1.541731e+00	( 1 3 6 4  )
G_LOOP:  0  5  4   	1.539371e+00	( 2 3 5 4  )
G_LOOP:  1  0  6   	7.833462e-01	( 0 0 1 7 7 6  )
G_LOOP:  1  1  6   	7.762624e-01	( 0 0 2 7 7 5  )
G_LOOP:  1  2  6   	7.838242e-01	( 0 0 3 7 7 4  )
G_LOOP:  1  3  6   	7.835679e-01	( 1 1 0 6 6 7  )
G_LOOP:  1  4  6   	7.791536e-01	( 1 1 2 6 6 5  )
G_LOOP:  1  5  6   	7.769763e-01	( 1 1 3 6 6 4  )
G_LOOP:  1  6  6   	7.748242e-01	( 2 2 0 5 5 7  )
G_LOOP:  1  7  6   	7.780153e-01	( 2 2 1 5 5 6  )
G_LOOP:  1  8  6   	7.802333e-01	( 2 2 3 5 5 4  )
G_LOOP:  1  9  6   	7.800279e-01	( 3 3 0 4 4 7  )
G_LOOP:  1  10  6   	7.797631e-01	( 3 3 1 4 4 6  )
G_LOOP:  1  11  6   	7.809500e-01	( 3 3 2 4 4 5  )
G_LOOP:  2  0  6   	7.992281e-01	( 0 1 2 7 6 5  )
G_LOOP:  2  1  6   	7.976546e-01	( 0 1 5 7 6 2  )
G_LOOP:  2  2  6   	8.026440e-01	( 0 6 2 7 1 5  )
G_LOOP:  2  3  6   	7.979111e-01	( 0 6 5 7 1 2  )
G_LOOP:  2  4  6   	8.020918e-01	( 0 1 3 7 6 4  )
G_LOOP:  2  5  6   	8.041203e-01	( 0 1 4 7 6 3  )
G_LOOP:  2  6  6   	8.028141e-01	( 0 6 3 7 1 4  )
G_LOOP:  2  7  6   	8.037676e-01	( 0 6 4 7 1 3  )
G_LOOP:  2  8  6   	7.983431e-01	( 0 2 3 7 5 4  )
G_LOOP:  2  9  6   	7.983456e-01	( 0 2 4 7 5 3  )
G_LOOP:  2  10  6   	7.998412e-01	( 0 5 3 7 2 4  )
G_LOOP:  2  11  6   	8.027047e-01	( 0 5 4 7 2 3  )
G_LOOP:  2  12  6   	7.993306e-01	( 1 2 3 6 5 4  )
G_LOOP:  2  13  6   	7.995266e-01	( 1 2 4 6 5 3  )
G_LOOP:  2  14  6   	7.962881e-01	( 1 5 3 6 2 4  )
G_LOOP:  2  15  6   	8.045871e-01	( 1 5 4 6 2 3  )
GACTION: 6.326396e+00
CONGRAD5: time = 1.111431e+00 (fn F) masses = 1 iters = 600 mflops = 2.214590e+03
 OK converged final_rsq= 8.3e-11 (cf 1e-10) rel = 1 (cf 0) restarts = 2 iters= 600
CONGRAD5: time = 1.824751e-01 (fn F) masses = 1 iters = 96 mflops = 2.158202e+03
 OK converged final_rsq= 9.8e-11 (cf 1e-10) rel = 1 (cf 0) restarts = 1 iters= 96
PBP: mass 1.000000e-02     3.354812e-02  4.058975e-02  -2.196691e-04  -2.219500e-04 ( 1 of 1 )
FACTION: mass = 1.000000e-02,  1.496073e+00 ( 1 of 1 )
CONGRAD5: time = 1.209184e+00 (fn F) masses = 1 iters = 599 mflops = 2.032164e+03
 OK converged final_rsq= 8.7e-11 (cf 1e-10) rel = 1 (cf 0) restarts = 2 iters= 599
CONGRAD5: time = 1.689169e-01 (fn F) masses = 1 iters = 88 mflops = 2.137145e+03
 OK converged final_rsq= 9.9e-11 (cf 1e-10) rel = 1 (cf 0) restarts = 1 iters= 88
PBP: mass 1.000000e-02     3.817999e-02  3.451439e-02  3.792468e-03  3.793978e-03 ( 1 of 1 )
FACTION: mass = 1.000000e-02,  1.499155e+00 ( 1 of 1 )
CONGRAD5: time = 1.193542e+00 (fn F) masses = 1 iters = 599 mflops = 2.058797e+03
 OK converged final_rsq= 9.5e-11 (cf 1e-10) rel = 1 (cf 0) restarts = 2 iters= 599
CONGRAD5: time = 1.164210e+00 (fn F) masses = 1 iters = 601 mflops = 2.117715e+03
 OK converged final_rsq= 4.8e-11 (cf 1e-10) rel = 1 (cf 0) restarts = 3 iters= 601
GFTIME:   time = 1.968460e-01 (Symanzik1) mflops = 2.686272e+03
FFTIME:  time = 6.201508e-01 (asqtad3) terms = 2 mflops = 2.418433e+03
CONGRAD5: time = 1.206948e+00 (fn F) masses = 1 iters = 602 mflops = 2.046126e+03
 OK converged final_rsq= 6.8e-11 (cf 1e-10) rel = 1 (cf 0) restarts = 3 iters= 602
CONGRAD5: time = 1.165206e+00 (fn F) masses = 1 iters = 602 mflops = 2.119426e+03
 OK converged final_rsq= 3.8e-11 (cf 1e-10) rel = 1 (cf 0) restarts = 3 iters= 602
GFTIME:   time = 2.060158e-01 (Symanzik1) mflops = 2.566705e+03
FFTIME:  time = 6.415992e-01 (asqtad3) terms = 2 mflops = 2.337586e+03
CONGRAD5: time = 1.223655e+00 (fn F) masses = 1 iters = 597 mflops = 2.001427e+03
 OK converged final_rsq= 9.7e-11 (cf 1e-10) rel = 1 (cf 0) restarts = 2 iters= 597
CONGRAD5: time = 1.280824e+00 (fn F) masses = 1 iters = 599 mflops = 1.918500e+03
 OK converged final_rsq= 9.4e-11 (cf 1e-10) rel = 1 (cf 0) restarts = 2 iters= 599
GFTIME:   time = 1.837282e-01 (Symanzik1) mflops = 2.878065e+03
FFTIME:  time = 7.390821e-01 (asqtad3) terms = 2 mflops = 2.029265e+03
CONGRAD5: time = 1.165946e+00 (fn F) masses = 1 iters = 602 mflops = 2.118081e+03
 OK converged final_rsq= 6.7e-11 (cf 1e-10) rel = 1 (cf 0) restarts = 3 iters= 602
CONGRAD5: time = 1.246045e+00 (fn F) masses = 1 iters = 594 mflops = 1.955587e+03
 OK converged final_rsq= 4.9e-11 (cf 1e-10) rel = 1 (cf 0) restarts = 3 iters= 594
GFTIME:   time = 2.342100e-01 (Symanzik1) mflops = 2.257725e+03
FFTIME:  time = 6.693909e-01 (asqtad3) terms = 2 mflops = 2.240534e+03
CONGRAD5: time = 1.264282e+00 (fn F) masses = 1 iters = 602 mflops = 1.953336e+03
 OK converged final_rsq= 4.3e-11 (cf 1e-10) rel = 1 (cf 0) restarts = 3 iters= 602
CONGRAD5: time = 1.295380e+00 (fn F) masses = 1 iters = 602 mflops = 1.906443e+03
 OK converged final_rsq= 4.2e-11 (cf 1e-10) rel = 1 (cf 0) restarts = 3 iters= 602
GFTIME:   time = 1.728599e-01 (Symanzik1) mflops = 3.059019e+03
FFTIME:  time = 6.696022e-01 (asqtad3) terms = 2 mflops = 2.239828e+03
CONGRAD5: time = 1.186676e+00 (fn F) masses = 1 iters = 602 mflops = 2.081080e+03
 OK converged final_rsq= 4.2e-11 (cf 1e-10) rel = 1 (cf 0) restarts = 3 iters= 602
CONGRAD5: time = 1.262759e+00 (fn F) masses = 1 iters = 599 mflops = 1.945946e+03
 OK converged final_rsq= 9.7e-11 (cf 1e-10) rel = 1 (cf 0) restarts = 2 iters= 599
GFTIME:   time = 2.528720e-01 (Symanzik1) mflops = 2.091105e+03
FFTIME:  time = 6.166258e-01 (asqtad3) terms = 2 mflops = 2.432259e+03
CONGRAD5: time = 1.286703e+00 (fn F) masses = 1 iters = 598 mflops = 1.906546e+03
 OK converged final_rsq= 9.1e-11 (cf 1e-10) rel = 1 (cf 0) restarts = 2 iters= 598
CONGRAD5: time = 1.274728e+00 (fn F) masses = 1 iters = 601 mflops = 1.934111e+03
 OK converged final_rsq= 4.8e-11 (cf 1e-10) rel = 1 (cf 0) restarts = 3 iters= 601
GFTIME:   time = 1.727998e-01 (Symanzik1) mflops = 3.060083e+03
FFTIME:  time = 6.084471e-01 (asqtad3) terms = 2 mflops = 2.464953e+03
CONGRAD5: time = 1.226427e+00 (fn F) masses = 1 iters = 597 mflops = 1.996903e+03
 OK converged final_rsq= 9.4e-11 (cf 1e-10) rel = 1 (cf 0) restarts = 2 iters= 597
CONGRAD5: time = 1.219981e+00 (fn F) masses = 1 iters = 600 mflops = 2.017542e+03
 OK converged final_rsq= 4.9e-11 (cf 1e-10) rel = 1 (cf 0) restarts = 3 iters= 600
GFTIME:   time = 1.945860e-01 (Symanzik1) mflops = 2.717471e+03
FFTIME:  time = 6.875801e-01 (asqtad3) terms = 2 mflops = 2.181264e+03
CONGRAD5: time = 1.265637e+00 (fn F) masses = 1 iters = 602 mflops = 1.951245e+03
 OK converged final_rsq= 6.7e-11 (cf 1e-10) rel = 1 (cf 0) restarts = 3 iters= 602
CONGRAD5: time = 1.149660e+00 (fn F) masses = 1 iters = 590 mflops = 2.105266e+03
 OK converged final_rsq= 9.8e-11 (cf 1e-10) rel = 1 (cf 0) restarts = 2 iters= 590
GFTIME:   time = 2.036810e-01 (Symanzik1) mflops = 2.596127e+03
FFTIME:  time = 6.683121e-01 (asqtad3) terms = 2 mflops = 2.244151e+03
CONGRAD5: time = 1.235341e+00 (fn F) masses = 1 iters = 602 mflops = 1.999098e+03
 OK converged final_rsq= 7.4e-11 (cf 1e-10) rel = 1 (cf 0) restarts = 3 iters= 602
CONGRAD5: time = 1.289278e+00 (fn F) masses = 1 iters = 600 mflops = 1.909102e+03
 OK converged final_rsq= 9.4e-11 (cf 1e-10) rel = 1 (cf 0) restarts = 2 iters= 600
GFTIME:   time = 2.084730e-01 (Symanzik1) mflops = 2.536453e+03
FFTIME:  time = 7.353370e-01 (asqtad3) terms = 2 mflops = 2.039600e+03
CONGRAD5: time = 1.237167e+00 (fn F) masses = 1 iters = 600 mflops = 1.989516e+03
 OK converged final_rsq= 8.7e-11 (cf 1e-10) rel = 1 (cf 0) restarts = 2 iters= 600
CONGRAD5: time = 1.346581e+00 (fn F) masses = 1 iters = 602 mflops = 1.833954e+03
 OK converged final_rsq= 4.7e-11 (cf 1e-10) rel = 1 (cf 0) restarts = 3 iters= 602
GFTIME:   time = 1.740310e-01 (Symanzik1) mflops = 3.038434e+03
FFTIME:  time = 6.251700e-01 (asqtad3) terms = 2 mflops = 2.399017e+03
CONGRAD5: time = 1.206535e+00 (fn F) masses = 1 iters = 602 mflops = 2.046827e+03
 OK converged final_rsq= 4.6e-11 (cf 1e-10) rel = 1 (cf 0) restarts = 3 iters= 602
CONGRAD5: time = 1.191788e+00 (fn F) masses = 1 iters = 598 mflops = 2.058385e+03
 OK converged final_rsq= 9.8e-11 (cf 1e-10) rel = 1 (cf 0) restarts = 2 iters= 598
GFTIME:   time = 1.831079e-01 (Symanzik1) mflops = 2.887816e+03
FFTIME:  time = 6.765950e-01 (asqtad3) terms = 2 mflops = 2.216678e+03
CONGRAD5: time = 1.140531e+00 (fn F) masses = 1 iters = 602 mflops = 2.165279e+03
 OK converged final_rsq= 7.9e-11 (cf 1e-10) rel = 1 (cf 0) restarts = 3 iters= 602
CONGRAD5: time = 1.155472e+00 (fn F) masses = 1 iters = 600 mflops = 2.130180e+03
 OK converged final_rsq= 9e-11 (cf 1e-10) rel = 1 (cf 0) restarts = 2 iters= 600
GFTIME:   time = 1.804018e-01 (Symanzik1) mflops = 2.931134e+03
FFTIME:  time = 6.449850e-01 (asqtad3) terms = 2 mflops = 2.325315e+03
CONGRAD5: time = 1.207038e+00 (fn F) masses = 1 iters = 602 mflops = 2.045974e+03
 OK converged final_rsq= 5.7e-11 (cf 1e-10) rel = 1 (cf 0) restarts = 3 iters= 602
CONGRAD5: time = 1.254266e+00 (fn F) masses = 1 iters = 602 mflops = 1.968935e+03
 OK converged final_rsq= 3.9e-11 (cf 1e-10) rel = 1 (cf 0) restarts = 3 iters= 602
GFTIME:   time = 1.739511e-01 (Symanzik1) mflops = 3.039829e+03
FFTIME:  time = 7.169170e-01 (asqtad3) terms = 2 mflops = 2.092004e+03
CONGRAD5: time = 1.231534e+00 (fn F) masses = 1 iters = 602 mflops = 2.005278e+03
 OK converged final_rsq= 6.6e-11 (cf 1e-10) rel = 1 (cf 0) restarts = 3 iters= 602
CONGRAD5: time = 1.332128e+00 (fn F) masses = 1 iters = 600 mflops = 1.847693e+03
 OK converged final_rsq= 8.2e-11 (cf 1e-10) rel = 1 (cf 0) restarts = 2 iters= 600
GFTIME:   time = 1.741869e-01 (Symanzik1) mflops = 3.035714e+03
FFTIME:  time = 6.122689e-01 (asqtad3) terms = 2 mflops = 2.449566e+03
PLAQ:	1.497886	1.500338
P_LOOP:	-1.391577e-02	-1.178132e-02
G_LOOP:  0  0  4   	1.500068e+00	( 0 1 7 6  )
G_LOOP:  0  1  4   	1.494129e+00	( 0 2 7 5  )
G_LOOP:  0  2  4   	1.501872e+00	( 0 3 7 4  )
G_LOOP:  0  3  4   	1.499460e+00	( 1 2 6 5  )
G_LOOP:  0  4  4   	1.499716e+00	( 1 3 6 4  )
G_LOOP:  0  5  4   	1.499427e+00	( 2 3 5 4  )
G_LOOP:  1  0  6   	7.443911e-01	( 0 0 1 7 7 6  )
G_LOOP:  1  1  6   	7.363440e-01	( 0 0 2 7 7 5  )
G_LOOP:  1  2  6   	7.451287e-01	( 0 0 3 7 7 4  )
G_LOOP:  1  3  6   	7.429316e-01	( 1 1 0 6 6 7  )
G_LOOP:  1  4  6   	7.374183e-01	( 1 1 2 6 6 5  )
G_LOOP:  1  5  6   	7.396254e-01	( 1 1 3 6 6 4  )
G_LOOP:  1  6  6   	7.350054e-01	( 2 2 0 5 5 7  )
G_LOOP:  1  7  6   	7.395602e-01	( 2 2 1 5 5 6  )
G_LOOP:  1  8  6   	7.422656e-01	( 2 2 3 5 5 4  )
G_LOOP:  1  9  6   	7.457821e-01	( 3 3 0 4 4 7  )
G_LOOP:  1  10  6   	7.440980e-01	( 3 3 1 4 4 6  )
G_LOOP:  1  11  6   	7.435065e-01	( 3 3 2 4 4 5  )
G_LOOP:  2  0  6   	7.580413e-01	( 0 1 2 7 6 5  )
G_LOOP:  2  1  6   	7.594399e-01	( 0 1 5 7 6 2  )
G_LOOP:  2  2  6   	7.602800e-01	( 0 6 2 7 1 5  )
G_LOOP:  2  3  6   	7.603390e-01	( 0 6 5 7 1 2  )
G_LOOP:  2  4  6   	7.621794e-01	( 0 1 3 7 6 4  )
G_LOOP:  2  5  6   	7.652648e-01	( 0 1 4 7 6 3  )
G_LOOP:  2  6  6   	7.622968e-01	( 0 6 3 7 1 4  )
G_LOOP:  2  7  6   	7.616749e-01	( 0 6 4 7 1 3  )
G_LOOP:  2  8  6   	7.563729e-01	( 0 2 3 7 5 4  )
G_LOOP:  2  9  6   	7.595969e-01	( 0 2 4 7 5 3  )
G_LOOP:  2  10  6   	7.609918e-01	( 0 5 3 7 2 4  )
G_LOOP:  2  11  6   	7.607973e-01	( 0 5 4 7 2 3  )
G_LOOP:  2  12  6   	7.604965e-01	( 1 2 3 6 5 4  )
G_LOOP:  2  13  6   	7.608241e-01	( 1 2 4 6 5 3  )
G_LOOP:  2  14  6   	7.583448e-01	( 1 5 3 6 2 4  )
G_LOOP:  2  15  6   	7.602719e-01	( 1 5 4 6 2 3  )
GACTION: 6.531885e+00
CONGRAD5: time = 1.257417e+00 (fn F) masses = 1 iters = 600 mflops = 1.957476e+03
 OK converged final_rsq= 8e-11 (cf 1e-10) rel = 1 (cf 0) restarts = 2 iters= 600
CONGRAD5: time = 1.652980e-01 (fn F) masses = 1 iters = 88 mflops = 2.183934e+03
 OK converged final_rsq= 1e-10 (cf 1e-10) rel = 1 (cf 0) restarts = 1 iters= 88
PBP: mass 1.000000e-02     3.617167e-02  4.242414e-02  8.969963e-03  8.972030e-03 ( 1 of 1 )
FACTION: mass = 1.000000e-02,  1.499519e+00 ( 1 of 1 )
CONGRAD5: time = 1.239714e+00 (fn F) masses = 1 iters = 602 mflops = 1.992046e+03
 OK converged final_rsq= 4.6e-11 (cf 1e-10) rel = 1 (cf 0) restarts = 3 iters= 602
CONGRAD5: time = 2.019629e-01 (fn F) masses = 1 iters = 104 mflops = 2.112448e+03
 OK converged final_rsq= 5e-11 (cf 1e-10) rel = 1 (cf 0) restarts = 2 iters= 104
PBP: mass 1.000000e-02     4.708103e-02  3.575377e-02  3.605491e-03  3.613895e-03 ( 1 of 1 )
FACTION: mass = 1.000000e-02,  1.498510e+00 ( 1 of 1 )
CONGRAD5: time = 1.206634e+00 (fn F) masses = 1 iters = 602 mflops = 2.046658e+03
 OK converged final_rsq= 6.5e-11 (cf 1e-10) rel = 1 (cf 0) restarts = 3 iters= 602
CONGRAD5: time = 1.212155e+00 (fn F) masses = 1 iters = 602 mflops = 2.037337e+03
 OK converged final_rsq= 6.2e-11 (cf 1e-10) rel = 1 (cf 0) restarts = 3 iters= 602
GFTIME:   time = 1.919830e-01 (Symanzik1) mflops = 2.754316e+03
FFTIME:  time = 6.570570e-01 (asqtad3) terms = 2 mflops = 2.282592e+03
CONGRAD5: time = 1.230384e+00 (fn F) masses = 1 iters = 602 mflops = 2.007152e+03
 OK converged final_rsq= 6e-11 (cf 1e-10) rel = 1 (cf 0) restarts = 3 iters= 602
CONGRAD5: time = 1.168482e+00 (fn F) masses = 1 iters = 600 mflops = 2.106462e+03
 OK converged final_rsq= 9.9e-11 (cf 1e-10) rel = 1 (cf 0) restarts = 2 iters= 600
GFTIME:   time = 1.836238e-01 (Symanzik1) mflops = 2.879702e+03
FFTIME:  time = 6.507061e-01 (asqtad3) terms = 2 mflops = 2.304871e+03
CONGRAD5: time = 1.274421e+00 (fn F) masses = 1 iters = 602 mflops = 1.937796e+03
 OK converged final_rsq= 5.5e-11 (cf 1e-10) rel = 1 (cf 0) restarts = 3 iters= 602
CONGRAD5: time = 1.223271e+00 (fn F) masses = 1 iters = 599 mflops = 2.008763e+03
 OK converged final_rsq= 9.2e-11 (cf 1e-10) rel = 1 (cf 0) restarts = 2 iters= 599
GFTIME:   time = 1.752851e-01 (Symanzik1) mflops = 3.016696e+03
FFTIME:  time = 7.369449e-01 (asqtad3) terms = 2 mflops = 2.035150e+03
CONGRAD5: time = 1.195366e+00 (fn F) masses = 1 iters = 602 mflops = 2.065951e+03
 OK converged final_rsq= 9.5e-11 (cf 1e-10) rel = 1 (cf 0) restarts = 3 iters= 602
CONGRAD5: time = 1.297597e+00 (fn F) masses = 1 iters = 602 mflops = 1.903186e+03
 OK converged final_rsq= 8.5e-11 (cf 1e-10) rel = 1 (cf 0) restarts = 3 iters= 602
GFTIME:   time = 2.432189e-01 (Symanzik1) mflops = 2.174098e+03
FFTIME:  time = 6.129749e-01 (asqtad3) terms = 2 mflops = 2.446745e+03
CONGRAD5: time = 1.289827e+00 (fn F) masses = 1 iters = 602 mflops = 1.914651e+03
 OK converged final_rsq= 5.4e-11 (cf 1e-10) rel = 1 (cf 0) restarts = 3 iters= 602
CONGRAD5: time = 1.184585e+00 (fn F) masses = 1 iters = 602 mflops = 2.084753e+03
 OK converged final_rsq= 6.4e-11 (cf 1e-10) rel = 1 (cf 0) restarts = 3 iters= 602
GFTIME:   time = 1.787500e-01 (Symanzik1) mflops = 2.958219e+03
FFTIME:  time = 6.902449e-01 (asqtad3) terms = 2 mflops = 2.172842e+03
CONGRAD5: time = 1.202228e+00 (fn F) masses = 1 iters = 602 mflops = 2.054159e+03
 OK converged final_rsq= 5.1e-11 (cf 1e-10) rel = 1 (cf 0) restarts = 3 iters= 602
CONGRAD5: time = 1.164426e+00 (fn F) masses = 1 iters = 602 mflops = 2.120845e+03
 OK converged final_rsq= 4.4e-11 (cf 1e-10) rel = 1 (cf 0) restarts = 3 iters= 602
GFTIME:   time = 1.817610e-01 (Symanzik1) mflops = 2.909215e+03
FFTIME:  time = 6.417201e-01 (asqtad3) terms = 2 mflops = 2.337146e+03
CONGRAD5: time = 1.240880e+00 (fn F) masses = 1 iters = 602 mflops = 1.990174e+03
 OK converged final_rsq= 7.2e-11 (cf 1e-10) rel = 1 (cf 0) restarts = 3 iters= 602
CONGRAD5: time = 1.285381e+00 (fn F) masses = 1 iters = 602 mflops = 1.921273e+03
 OK converged final_rsq= 3.9e-11 (cf 1e-10) rel = 1 (cf 0) restarts = 3 iters= 602
GFTIME:   time = 1.757369e-01 (Symanzik1) mflops = 3.008940e+03
FFTIME:  time = 6.272321e-01 (asqtad3) terms = 2 mflops = 2.391130e+03
CONGRAD5: time = 1.163223e+00 (fn F) masses = 1 iters = 602 mflops = 2.123039e+03
 OK converged final_rsq= 4.9e-11 (cf 1e-10) rel = 1 (cf 0) restarts = 3 iters= 602
CONGRAD5: time = 1.234894e+00 (fn F) masses = 1 iters = 602 mflops = 1.999822e+03
 OK converged final_rsq= 7e-11 (cf 1e-10) rel = 1 (cf 0) restarts = 3 iters= 602
GFTIME:   time = 1.813071e-01 (Symanzik1) mflops = 2.916499e+03
FFTIME:  time = 7.467952e-01 (asqtad3) terms = 2 mflops = 2.008306e+03
CONGRAD5: time = 1.231096e+00 (fn F) masses = 1 iters = 602 mflops = 2.005991e+03
 OK converged final_rsq= 9.4e-11 (cf 1e-10) rel = 1 (cf 0) restarts = 3 iters= 602
CONGRAD5: time = 1.225771e+00 (fn F) masses = 1 iters = 602 mflops = 2.014706e+03
 OK converged final_rsq= 7.1e-11 (cf 1e-10) rel = 1 (cf 0) restarts = 3 iters= 602
GFTIME:   time = 1.790590e-01 (Symanzik1) mflops = 2.953115e+03
FFTIME:  time = 6.341741e-01 (asqtad3) terms = 2 mflops = 2.364955e+03
CONGRAD5: time = 1.285939e+00 (fn F) masses = 1 iters = 602 mflops = 1.920439e+03
 OK converged final_rsq= 8.6e-11 (cf 1e-10) rel = 1 (cf 0) restarts = 3 iters= 602
CONGRAD5: time = 1.274496e+00 (fn F) masses = 1 iters = 600 mflops = 1.931244e+03
 OK converged final_rsq= 8.2e-11 (cf 1e-10) rel = 1 (cf 0) restarts = 2 iters= 600
GFTIME:   time = 1.799831e-01 (Symanzik1) mflops = 2.937952e+03
FFTIME:  time = 7.128761e-01 (asqtad3) terms = 2 mflops = 2.103863e+03
CONGRAD5: time = 1.274006e+00 (fn F) masses = 1 iters = 602 mflops = 1.938427e+03
 OK converged final_rsq= 7.3e-11 (cf 1e-10) rel = 1 (cf 0) restarts = 3 iters= 602
CONGRAD5: time = 1.240539e+00 (fn F) masses = 1 iters = 600 mflops = 1.984108e+03
 OK converged final_rsq= 9.7e-11 (cf 1e-10) rel = 1 (cf 0) restarts = 2 iters= 600
GFTIME:   time = 2.439010e-01 (Symanzik1) mflops = 2.168018e+03
FFTIME:  time = 6.307030e-01 (asqtad3) terms = 2 mflops = 2.377971e+03
CONGRAD5: time = 1.196550e+00 (fn F) masses = 1 iters = 602 mflops = 2.063907e+03
 OK converged final_rsq= 4.1e-11 (cf 1e-10) rel = 1 (cf 0) restarts = 3 iters= 602
CONGRAD5: time = 1.274065e+00 (fn F) masses = 1 iters = 602 mflops = 1.938337e+03
 OK converged final_rsq= 4.3e-11 (cf 1e-10) rel = 1 (cf 0) restarts = 3 iters= 602
GFTIME:   time = 2.170730e-01 (Symanzik1) mflops = 2.435964e+03
FFTIME:  time = 6.235869e-01 (asqtad3) terms = 2 mflops = 2.405107e+03
CONGRAD5: time = 1.417737e+00 (fn F) masses = 1 iters = 669 mflops = 1.935775e+03
 OK converged final_rsq= 9.9e-11 (cf 1e-10) rel = 1 (cf 0) restarts = 3 iters= 669
CONGRAD5: time = 1.272380e+00 (fn F) masses = 1 iters = 602 mflops = 1.940904e+03
 OK converged final_rsq= 6.7e-11 (cf 1e-10) rel = 1 (cf 0) restarts = 3 iters= 602
GFTIME:   time = 1.827440e-01 (Symanzik1) mflops = 2.893566e+03
FFTIME:  time = 6.300709e-01 (asqtad3) terms = 2 mflops = 2.380356e+03
CONGRAD5: time = 1.429103e+00 (fn F) masses = 1 iters = 676 mflops = 1.940473e+03
 OK converged final_rsq= 1e-10 (cf 1e-10) rel = 1 (cf 0) restarts = 3 iters= 676
CONGRAD5: time = 1.137818e+00 (fn F) masses = 1 iters = 602 mflops = 2.170442e+03
 OK converged final_rsq= 4.5e-11 (cf 1e-10) rel = 1 (cf 0) restarts = 3 iters= 602
GFTIME:   time = 1.768949e-01 (Symanzik1) mflops = 2.989243e+03
FFTIME:  time = 6.960709e-01 (asqtad3) terms = 2 mflops = 2.154656e+03
CONGRAD5: time = 1.346035e+00 (fn F) masses = 1 iters = 678 mflops = 2.066321e+03
 OK converged final_rsq= 9.8e-11 (cf 1e-10) rel = 1 (cf 0) restarts = 3 iters= 678
CONGRAD5: time = 1.237845e+00 (fn F) masses = 1 iters = 600 mflops = 1.988426e+03
 OK converged final_rsq= 9.1e-11 (cf 1e-10) rel = 1 (cf 0) restarts = 2 iters= 600
GFTIME:   time = 1.862440e-01 (Symanzik1) mflops = 2.839188e+03
FFTIME:  time = 6.911950e-01 (asqtad3) terms = 2 mflops = 2.169856e+03
PLAQ:	1.474744	1.476482
P_LOOP:	-2.052642e-02	-2.969863e-03
G_LOOP:  0  0  4   	1.475984e+00	( 0 1 7 6  )
G_LOOP:  0  1  4   	1.473090e+00	( 0 2 7 5  )
G_LOOP:  0  2  4   	1.479607e+00	( 0 3 7 4  )
G_LOOP:  0  3  4   	1.475158e+00	( 1 2 6 5  )
G_LOOP:  0  4  4   	1.475008e+00	( 1 3 6 4  )
G_LOOP:  0  5  4   	1.474829e+00	( 2 3 5 4  )
G_LOOP:  1  0  6   	7.184971e-01	( 0 0 1 7 7 6  )
G_LOOP:  1  1  6   	7.159353e-01	( 0 0 2 7 7 5  )
G_LOOP:  1  2  6   	7.240807e-01	( 0 0 3 7 7 4  )
G_LOOP:  1  3  6   	7.200422e-01	( 1 1 0 6 6 7  )
G_LOOP:  1  4  6   	7.173547e-01	( 1 1 2 6 6 5  )
G_LOOP:  1  5  6   	7.152072e-01	( 1 1 3 6 6 4  )
G_LOOP:  1  6  6   	7.124169e-01	( 2 2 0 5 5 7  )
G_LOOP:  1  7  6   	7.127769e-01	( 2 2 1 5 5 6  )
G_LOOP:  1  8  6   	7.156942e-01	( 2 2 3 5 5 4  )
G_LOOP:  1  9  6   	7.235363e-01	( 3 3 0 4 4 7  )
G_LOOP:  1  10  6   	7.168376e-01	( 3 3 1 4 4 6  )
G_LOOP:  1  11  6   	7.184888e-01	( 3 3 2 4 4 5  )
G_LOOP:  2  0  6   	7.309402e-01	( 0 1 2 7 6 5  )
G_LOOP:  2  1  6   	7.334683e-01	( 0 1 5 7 6 2  )
G_LOOP:  2  2  6   	7.358878e-01	( 0 6 2 7 1 5  )
G_LOOP:  2  3  6   	7.311164e-01	( 0 6 5 7 1 2  )
G_LOOP:  2  4  6   	7.339033e-01	( 0 1 3 7 6 4  )
G_LOOP:  2  5  6   	7.386881e-01	( 0 1 4 7 6 3  )
G_LOOP:  2  6  6   	7.380549e-01	( 0 6 3 7 1 4  )
G_LOOP:  2  7  6   	7.320259e-01	( 0 6 4 7 1 3  )
G_LOOP:  2  8  6   	7.381620e-01	( 0 2 3 7 5 4  )
G_LOOP:  2  9  6   	7.344164e-01	( 0 2 4 7 5 3  )
G_LOOP:  2  10  6   	7.362792e-01	( 0 5 3 7 2 4  )
G_LOOP:  2  11  6   	7.341192e-01	( 0 5 4 7 2 3  )
G_LOOP:  2  12  6   	7.332222e-01	( 1 2 3 6 5 4  )
G_LOOP:  2  13  6   	7.315865e-01	( 1 2 4 6 5 3  )
G_LOOP:  2  14  6   	7.331640e-01	( 1 5 3 6 2 4  )
G_LOOP:  2  15  6   	7.295510e-01	( 1 5 4 6 2 3  )
GACTION: 6.646384e+00
CONGRAD5: time = 1.189074e+00 (fn F) masses = 1 iters = 599 mflops = 2.066533e+03
 OK converged final_rsq= 1e-10 (cf 1e-10) rel = 1 (cf 0) restarts = 2 iters= 599
CONGRAD5: time = 2.196932e-01 (fn F) masses = 1 iters = 91 mflops = 1.699219e+03
 OK converged final_rsq= 1e-10 (cf 1e-10) rel = 1 (cf 0) restarts = 1 iters= 91
PBP: mass 1.000000e-02     4.339416e-02  3.936487e-02  7.421302e-03  7.418751e-03 ( 1 of 1 )
FACTION: mass = 1.000000e-02,  1.502066e+00 ( 1 of 1 )
CONGRAD5: time = 1.300331e+00 (fn F) masses = 1 iters = 602 mflops = 1.899184e+03
 OK converged final_rsq= 7.1e-11 (cf 1e-10) rel = 1 (cf 0) restarts = 3 iters= 602
CONGRAD5: time = 2.349269e-01 (fn F) masses = 1 iters = 126 mflops = 2.200200e+03
 OK converged final_rsq= 9.9e-11 (cf 1e-10) rel = 1 (cf 0) restarts = 1 iters= 126
PBP: mass 1.000000e-02     4.858556e-02  4.277414e-02  -1.701513e-03  -1.703251e-03 ( 1 of 1 )
FACTION: mass = 1.000000e-02,  1.501393e+00 ( 1 of 1 )
CONGRAD5: time = 1.182738e+00 (fn F) masses = 1 iters = 602 mflops = 2.088009e+03
 OK converged final_rsq= 8.2e-11 (cf 1e-10) rel = 1 (cf 0) restarts = 3 iters= 602
CONGRAD5: time = 1.274460e+00 (fn F) masses = 1 iters = 602 mflops = 1.937736e+03
 OK converged final_rsq= 5.4e-11 (cf 1e-10) rel = 1 (cf 0) restarts = 3 iters= 602
GFTIME:   time = 1.779811e-01 (Symanzik1) mflops = 2.970999e+03
FFTIME:  time = 6.256230e-01 (asqtad3) terms = 2 mflops = 2.397280e+03
CONGRAD5: time = 1.441716e+00 (fn F) masses = 1 iters = 683 mflops = 1.943415e+03
 OK converged final_rsq= 9.9e-11 (cf 1e-10) rel = 1 (cf 0) restarts = 3 iters= 683
CONGRAD5: time = 1.176484e+00 (fn F) masses = 1 iters = 602 mflops = 2.099108e+03
 OK converged final_rsq= 7.6e-11 (cf 1e-10) rel = 1 (cf 0) restarts = 3 iters= 602
GFTIME:   time = 1.992860e-01 (Symanzik1) mflops = 2.653382e+03
FFTIME:  time = 6.427619e-01 (asqtad3) terms = 2 mflops = 2.333358e+03
CONGRAD5: time = 1.236878e+00 (fn F) masses = 1 iters = 602 mflops = 1.996614e+03
 OK converged final_rsq= 6.9e-11 (cf 1e-10) rel = 1 (cf 0) restarts = 3 iters= 602
CONGRAD5: time = 1.216930e+00 (fn F) masses = 1 iters = 602 mflops = 2.029343e+03
 OK converged final_rsq= 7.2e-11 (cf 1e-10) rel = 1 (cf 0) restarts = 3 iters= 602
GFTIME:   time = 1.780150e-01 (Symanzik1) mflops = 2.970434e+03
FFTIME:  time = 7.107360e-01 (asqtad3) terms = 2 mflops = 2.110198e+03
CONGRAD5: time = 1.241622e+00 (fn F) masses = 1 iters = 602 mflops = 1.988985e+03
 OK converged final_rsq= 8.2e-11 (cf 1e-10) rel = 1 (cf 0) restarts = 3 iters= 602
CONGRAD5: time = 1.346984e+00 (fn F) masses = 1 iters = 602 mflops = 1.833405e+03
 OK converged final_rsq= 4.8e-11 (cf 1e-10) rel = 1 (cf 0) restarts = 3 iters= 602
GFTIME:   time = 1.805530e-01 (Symanzik1) mflops = 2.928680e+03
FFTIME:  time = 6.245689e-01 (asqtad3) terms = 2 mflops = 2.401326e+03
CONGRAD5: time = 1.329607e+00 (fn F) masses = 1 iters = 661 mflops = 2.039401e+03
 OK converged final_rsq= 9.9e-11 (cf 1e-10) rel = 1 (cf 0) restarts = 3 iters= 661
CONGRAD5: time = 1.238169e+00 (fn F) masses = 1 iters = 602 mflops = 1.994532e+03
 OK converged final_rsq= 8.3e-11 (cf 1e-10) rel = 1 (cf 0) restarts = 3 iters= 602
GFTIME:   time = 1.810470e-01 (Symanzik1) mflops = 2.920689e+03
FFTIME:  time = 6.988430e-01 (asqtad3) terms = 2 mflops = 2.146109e+03
CONGRAD5: time = 1.411137e+00 (fn F) masses = 1 iters = 674 mflops = 1.959364e+03
 OK converged final_rsq= 9.9e-11 (cf 1e-10) rel = 1 (cf 0) restarts = 3 iters= 674
CONGRAD5: time = 1.287316e+00 (fn F) masses = 1 iters = 602 mflops = 1.918385e+03
 OK converged final_rsq= 6.3e-11 (cf 1e-10) rel = 1 (cf 0) restarts = 3 iters= 602
GFTIME:   time = 1.930959e-01 (Symanzik1) mflops = 2.738441e+03
FFTIME:  time = 6.910291e-01 (asqtad3) terms = 2 mflops = 2.170377e+03
CONGRAD5: time = 1.223049e+00 (fn F) masses = 1 iters = 602 mflops = 2.019190e+03
 OK converged final_rsq= 9.3e-11 (cf 1e-10) rel = 1 (cf 0) restarts = 3 iters= 602
CONGRAD5: time = 1.198885e+00 (fn F) masses = 1 iters = 602 mflops = 2.059887e+03
 OK converged final_rsq= 5.5e-11 (cf 1e-10) rel = 1 (cf 0) restarts = 3 iters= 602
GFTIME:   time = 1.789579e-01 (Symanzik1) mflops = 2.954783e+03
FFTIME:  time = 6.160610e-01 (asqtad3) terms = 2 mflops = 2.434489e+03
CONGRAD5: time = 1.265110e+00 (fn F) masses = 1 iters = 602 mflops = 1.952058e+03
 OK converged final_rsq= 4.9e-11 (cf 1e-10) rel = 1 (cf 0) restarts = 3 iters= 602
CONGRAD5: time = 1.319270e+00 (fn F) masses = 1 iters = 666 mflops = 2.070928e+03
 OK converged final_rsq= 9.8e-11 (cf 1e-10) rel = 1 (cf 0) restarts = 3 iters= 666
GFTIME:   time = 1.896470e-01 (Symanzik1) mflops = 2.788243e+03
FFTIME:  time = 7.005241e-01 (asqtad3) terms = 2 mflops = 2.140959e+03
CONGRAD5: time = 1.320551e+00 (fn F) masses = 1 iters = 660 mflops = 2.050280e+03
 OK converged final_rsq= 5e-11 (cf 1e-10) rel = 1 (cf 0) restarts = 4 iters= 660
CONGRAD5: time = 1.305288e+00 (fn F) masses = 1 iters = 602 mflops = 1.891971e+03
 OK converged final_rsq= 4.4e-11 (cf 1e-10) rel = 1 (cf 0) restarts = 3 iters= 602
GFTIME:   time = 1.827469e-01 (Symanzik1) mflops = 2.893520e+03
FFTIME:  time = 6.949542e-01 (asqtad3) terms = 2 mflops = 2.158118e+03
CONGRAD5: time = 1.221926e+00 (fn F) masses = 1 iters = 602 mflops = 2.021045e+03
 OK converged final_rsq= 9e-11 (cf 1e-10) rel = 1 (cf 0) restarts = 3 iters= 602
CONGRAD5: time = 1.286440e+00 (fn F) masses = 1 iters = 602 mflops = 1.919692e+03
 OK converged final_rsq= 6.8e-11 (cf 1e-10) rel = 1 (cf 0) restarts = 3 iters= 602
GFTIME:   time = 1.786420e-01 (Symanzik1) mflops = 2.960008e+03
FFTIME:  time = 6.408019e-01 (asqtad3) terms = 2 mflops = 2.340495e+03
CONGRAD5: time = 1.481492e+00 (fn F) masses = 1 iters = 713 mflops = 1.974307e+03
 OK converged final_rsq= 9.9e-11 (cf 1e-10) rel = 1 (cf 0) restarts = 3 iters= 713
CONGRAD5: time = 1.220439e+00 (fn F) masses = 1 iters = 602 mflops = 2.023508e+03
 OK converged final_rsq= 5.9e-11 (cf 1e-10) rel = 1 (cf 0) restarts = 3 iters= 602
GFTIME:   time = 1.760771e-01 (Symanzik1) mflops = 3.003126e+03
FFTIME:  time = 6.959500e-01 (asqtad3) terms = 2 mflops = 2.155030e+03
CONGRAD5: time = 1.459999e+00 (fn F) masses = 1 iters = 708 mflops = 1.989323e+03
 OK converged final_rsq= 9.9e-11 (cf 1e-10) rel = 1 (cf 0) restarts = 3 iters= 708
CONGRAD5: time = 1.303749e+00 (fn F) masses = 1 iters = 602 mflops = 1.894205e+03
 OK converged final_rsq= 4.6e-11 (cf 1e-10) rel = 1 (cf 0) restarts = 3 iters= 602
GFTIME:   time = 1.794240e-01 (Symanzik1) mflops = 2.947107e+03
FFTIME:  time = 7.060690e-01 (asqtad3) terms = 2 mflops = 2.124146e+03
CONGRAD5: time = 1.201859e+00 (fn F) masses = 1 iters = 602 mflops = 2.054790e+03
 OK converged final_rsq= 5.7e-11 (cf 1e-10) rel = 1 (cf 0) restarts = 3 iters= 602
CONGRAD5: time = 1.526119e+00 (fn F) masses = 1 iters = 680 mflops = 1.827869e+03
 OK converged final_rsq= 9.9e-11 (cf 1e-10) rel = 1 (cf 0) restarts = 3 iters= 680
GFTIME:   time = 2.174690e-01 (Symanzik1) mflops = 2.431528e+03
FFTIME:  time = 6.193058e-01 (asqtad3) terms = 2 mflops = 2.421733e+03
CONGRAD5: time = 1.408779e+00 (fn F) masses = 1 iters = 666 mflops = 1.939348e+03
 OK converged final_rsq= 5e-11 (cf 1e-10) rel = 1 (cf 0) restarts = 4 iters= 666
CONGRAD5: time = 1.251791e+00 (fn F) masses = 1 iters = 602 mflops = 1.972828e+03
 OK converged final_rsq= 8.6e-11 (cf 1e-10) rel = 1 (cf 0) restarts = 3 iters= 602
GFTIME:   time = 1.835449e-01 (Symanzik1) mflops = 2.880940e+03
FFTIME:  time = 6.931911e-01 (asqtad3) terms = 2 mflops = 2.163608e+03
CONGRAD5: time = 1.499439e+00 (fn F) masses = 1 iters = 703 mflops = 1.923317e+03
 OK converged final_rsq= 1e-10 (cf 1e-10) rel = 1 (cf 0) restarts = 3 iters= 703
CONGRAD5: time = 1.817062e+00 (fn F) masses = 1 iters = 704 mflops = 1.589379e+03
 OK converged final_rsq= 5e-11 (cf 1e-10) rel = 1 (cf 0) restarts = 4 iters= 704
GFTIME:   time = 2.594290e-01 (Symanzik1) mflops = 2.038253e+03
FFTIME:  time = 7.353351e-01 (asqtad3) terms = 2 mflops = 2.039605e+03
PLAQ:	1.460193	1.460439
P_LOOP:	-5.681515e-03	1.470983e-02
G_LOOP:  0  0  4   	1.462860e+00	( 0 1 7 6  )
G_LOOP:  0  1  4   	1.459667e+00	( 0 2 7 5  )
G_LOOP:  0  2  4   	1.464225e+00	( 0 3 7 4  )
G_LOOP:  0  3  4   	1.458053e+00	( 1 2 6 5  )
G_LOOP:  0  4  4   	1.458102e+00	( 1 3 6 4  )
G_LOOP:  0  5  4   	1.458991e+00	( 2 3 5 4  )
G_LOOP:  1  0  6   	7.044114e-01	( 0 0 1 7 7 6  )
G_LOOP:  1  1  6   	7.001683e-01	( 0 0 2 7 7 5  )
G_LOOP:  1  2  6   	7.064534e-01	( 0 0 3 7 7 4  )
G_LOOP:  1  3  6   	7.046912e-01	( 1 1 0 6 6 7  )
G_LOOP:  1  4  6   	6.971760e-01	( 1 1 2 6 6 5  )
G_LOOP:  1  5  6   	6.963067e-01	( 1 1 3 6 6 4  )
G_LOOP:  1  6  6   	6.973758e-01	( 2 2 0 5 5 7  )
G_LOOP:  1  7  6   	6.981232e-01	( 2 2 1 5 5 6  )
G_LOOP:  1  8  6   	6.977841e-01	( 2 2 3 5 5 4  )
G_LOOP:  1  9  6   	7.051219e-01	( 3 3 0 4 4 7  )
G_LOOP:  1  10  6   	7.012289e-01	( 3 3 1 4 4 6  )
G_LOOP:  1  11  6   	6.983391e-01	( 3 3 2 4 4 5  )
G_LOOP:  2  0  6   	7.119569e-01	( 0 1 2 7 6 5  )
G_LOOP:  2  1  6   	7.136081e-01	( 0 1 5 7 6 2  )
G_LOOP:  2  2  6   	7.205864e-01	( 0 6 2 7 1 5  )
G_LOOP:  2  3  6   	7.129568e-01	( 0 6 5 7 1 2  )
G_LOOP:  2  4  6   	7.151807e-01	( 0 1 3 7 6 4  )
G_LOOP:  2  5  6   	7.179215e-01	( 0 1 4 7 6 3  )
G_LOOP:  2  6  6   	7.225979e-01	( 0 6 3 7 1 4  )
G_LOOP:  2  7  6   	7.152602e-01	( 0 6 4 7 1 3  )
G_LOOP:  2  8  6   	7.193233e-01	( 0 2 3 7 5 4  )
G_LOOP:  2  9  6   	7.155409e-01	( 0 2 4 7 5 3  )
G_LOOP:  2  10  6   	7.174311e-01	( 0 5 3 7 2 4  )
G_LOOP:  2  11  6   	7.158922e-01	( 0 5 4 7 2 3  )
G_LOOP:  2  12  6   	7.121399e-01	( 1 2 3 6 5 4  )
G_LOOP:  2  13  6   	7.112940e-01	( 1 2 4 6 5 3  )
G_LOOP:  2  14  6   	7.106608e-01	( 1 5 3 6 2 4  )
G_LOOP:  2  15  6   	7.096770e-01	( 1 5 4 6 2 3  )
GACTION: 6.719232e+00
CONGRAD5: time = 1.219276e+00 (fn F) masses = 1 iters = 602 mflops = 2.025438e+03
 OK converged final_rsq= 8.8e-11 (cf 1e-10) rel = 1 (cf 0) restarts = 3 iters= 602
CONGRAD5: time = 2.801261e-01 (fn F) masses = 1 iters = 122 mflops = 1.786614e+03
 OK converged final_rsq= 9.9e-11 (cf 1e-10) rel = 1 (cf 0) restarts = 1 iters= 122
PBP: mass 1.000000e-02     5.555199e-02  4.368940e-02  -4.331524e-03  -4.348939e-03 ( 1 of 1 )
FACTION: mass = 1.000000e-02,  1.501287e+00 ( 1 of 1 )
CONGRAD5: time = 1.280929e+00 (fn F) masses = 1 iters = 602 mflops = 1.927950e+03
 OK converged final_rsq= 6.4e-11 (cf 1e-10) rel = 1 (cf 0) restarts = 3 iters= 602
CONGRAD5: time = 2.114952e-01 (fn F) masses = 1 iters = 110 mflops = 2.133618e+03
 OK converged final_rsq= 1e-10 (cf 1e-10) rel = 1 (cf 0) restarts = 1 iters= 110
PBP: mass 1.000000e-02     5.376833e-02  4.562878e-02  -5.653563e-03  -5.648705e-03 ( 1 of 1 )
FACTION: mass = 1.000000e-02,  1.501514e+00 ( 1 of 1 )
RUNNING COMPLETED
average cg iters for step= 1.219000e+03
Time = 2.343078e+02 seconds
total_iters = 152537
Checksums 7bb45b68 d977e3c0
Saved gauge configuration in parallel to binary file lat_p64_size128_2
Time stamp Wed May 18 22:25:27 2022
Wrote info file lat_p64_size128_2.info
Time to save = 7.438262e-01
CHECK PLAQ: 1.460193e+00 1.460439e+00
CHECK NERSC LINKTR: 1.427689e-01 CKSUM: 5cf947c6


get_i(0): EOF on input.
Elapsed total time: 260.357391
exit: Wed May 18 22:25:28 2022

