SU3 with improved KS action
Microcanonical simulation with refreshing
R algorithm
MIMD version 7.8.1
Machine = MPI (portable), with 64 nodes
Host(0) = nid01348
Username = mcopik
Options selected...
Generic single precision
C_GLOBAL_INLINE
DBLSTORE_FN
D_FN_GATHER13
FEWSUMS
KS_MULTIFF=FNMAT
VECLENGTH=4
type 0 for no prompts, 1 for prompts, or 2 for proofreading
nflavors1 2
nflavors2 1
nx 24
ny 16
nz 16
nt 36
iseed 5682304
LAYOUT = Hypercubes, options = hyper_prime,
automatic hyper_prime layout
ON EACH NODE 6 x 8 x 8 x 9
Mallocing 3.4 MBytes per node for lattice
WARNING!!: Resetting random seed
Made lattice
Made nn gathers
Made 3nn gathers
Finished setup


warms 0
trajecs 4
traj_between_meas 1
beta 5.6
mass1 0.125
mass2 0.125
u0 0.8441
microcanonical_time_step 0.2
steps_per_trajectory 5
max_cg_iterations 100
max_cg_restarts 5
error_per_site 0.125
error_for_propagator 0.125
npbp_reps 1
prec_pbp 1
fresh 
save_parallel lat_p64_size128_1
unit gauge configuration loaded
CHECK PLAQ: 3.000000e+00 3.000000e+00
CHECK NERSC LINKTR: 1.000000e+00 CKSUM: 0
Unitarity checked.  Max deviation 0.00e+00
Time to check unitarity = 8.211136e-04
"O(a^2): couplings(pi)=0, Naik term, No O(a^2) errors, tadpole weights"
path coefficients: npath  path_coeff  multiplicity
                    0      6.250000e-01     8
                    1      -5.847914e-02     8
                    2      -8.771871e-02     48
                    3      3.077829e-02     192
                    4      -7.199551e-03     384
                    5      -1.231132e-01     48
Symanzik 1x1 + 1x2 + 1x1x1 action
gauge_action: total_dyn_flavors = 3
loop coefficients: nloop rep loop_coeff  multiplicity
                    0 0      1.000000e+00     6
                    1 0      -7.762509e-02     12
                    2 0      -1.031171e-02     16
WARMUPS COMPLETED
CONGRAD5: time = 1.316690e-02 (fn F) masses = 1 iters = 4 mflops = 1.246237e+03
 OK converged final_rsq= 0.006 (cf 0.016) rel = 1 (cf 0) restarts = 1 iters= 4
CONGRAD5: time = 1.229906e-02 (fn F) masses = 1 iters = 4 mflops = 1.334174e+03
 OK converged final_rsq= 0.0059 (cf 0.016) rel = 1 (cf 0) restarts = 1 iters= 4
GFTIME:   time = 2.070711e-01 (Symanzik1) mflops = 2.553625e+03
FFTIME:  time = 7.171540e-01 (asqtad3) terms = 2 mflops = 2.091313e+03
CONGRAD5: time = 1.220584e-02 (fn F) masses = 1 iters = 4 mflops = 1.344364e+03
 OK converged final_rsq= 0.01 (cf 0.016) rel = 1 (cf 0) restarts = 1 iters= 4
CONGRAD5: time = 1.122093e-02 (fn F) masses = 1 iters = 4 mflops = 1.462364e+03
 OK converged final_rsq= 0.0097 (cf 0.016) rel = 1 (cf 0) restarts = 1 iters= 4
GFTIME:   time = 2.013819e-01 (Symanzik1) mflops = 2.625766e+03
FFTIME:  time = 6.996830e-01 (asqtad3) terms = 2 mflops = 2.143533e+03
CONGRAD5: time = 1.179099e-02 (fn F) masses = 1 iters = 4 mflops = 1.391663e+03
 OK converged final_rsq= 0.014 (cf 0.016) rel = 1 (cf 0) restarts = 1 iters= 4
CONGRAD5: time = 1.148295e-02 (fn F) masses = 1 iters = 4 mflops = 1.428995e+03
 OK converged final_rsq= 0.014 (cf 0.016) rel = 1 (cf 0) restarts = 1 iters= 4
GFTIME:   time = 2.010250e-01 (Symanzik1) mflops = 2.630428e+03
FFTIME:  time = 7.002709e-01 (asqtad3) terms = 2 mflops = 2.141733e+03
CONGRAD5: time = 1.177096e-02 (fn F) masses = 1 iters = 4 mflops = 1.394031e+03
 OK converged final_rsq= 0.013 (cf 0.016) rel = 1 (cf 0) restarts = 1 iters= 4
CONGRAD5: time = 1.115394e-02 (fn F) masses = 1 iters = 4 mflops = 1.471148e+03
 OK converged final_rsq= 0.013 (cf 0.016) rel = 1 (cf 0) restarts = 1 iters= 4
GFTIME:   time = 2.005270e-01 (Symanzik1) mflops = 2.636961e+03
FFTIME:  time = 7.014709e-01 (asqtad3) terms = 2 mflops = 2.138069e+03
CONGRAD5: time = 1.155210e-02 (fn F) masses = 1 iters = 4 mflops = 1.420443e+03
 OK converged final_rsq= 0.011 (cf 0.016) rel = 1 (cf 0) restarts = 1 iters= 4
CONGRAD5: time = 1.115298e-02 (fn F) masses = 1 iters = 4 mflops = 1.471274e+03
 OK converged final_rsq= 0.011 (cf 0.016) rel = 1 (cf 0) restarts = 1 iters= 4
GFTIME:   time = 2.008090e-01 (Symanzik1) mflops = 2.633258e+03
FFTIME:  time = 7.009161e-01 (asqtad3) terms = 2 mflops = 2.139762e+03
PLAQ:	2.347595	2.347761
P_LOOP:	-1.412683e-03	1.077207e-02
G_LOOP:  0  0  4   	2.347511e+00	( 0 1 7 6  )
G_LOOP:  0  1  4   	2.346866e+00	( 0 2 7 5  )
G_LOOP:  0  2  4   	2.347636e+00	( 0 3 7 4  )
G_LOOP:  0  3  4   	2.348407e+00	( 1 2 6 5  )
G_LOOP:  0  4  4   	2.348585e+00	( 1 3 6 4  )
G_LOOP:  0  5  4   	2.347063e+00	( 2 3 5 4  )
G_LOOP:  1  0  6   	1.771126e+00	( 0 0 1 7 7 6  )
G_LOOP:  1  1  6   	1.770876e+00	( 0 0 2 7 7 5  )
G_LOOP:  1  2  6   	1.771757e+00	( 0 0 3 7 7 4  )
G_LOOP:  1  3  6   	1.772400e+00	( 1 1 0 6 6 7  )
G_LOOP:  1  4  6   	1.774227e+00	( 1 1 2 6 6 5  )
G_LOOP:  1  5  6   	1.774609e+00	( 1 1 3 6 6 4  )
G_LOOP:  1  6  6   	1.771289e+00	( 2 2 0 5 5 7  )
G_LOOP:  1  7  6   	1.773846e+00	( 2 2 1 5 5 6  )
G_LOOP:  1  8  6   	1.770555e+00	( 2 2 3 5 5 4  )
G_LOOP:  1  9  6   	1.773177e+00	( 3 3 0 4 4 7  )
G_LOOP:  1  10  6   	1.775556e+00	( 3 3 1 4 4 6  )
G_LOOP:  1  11  6   	1.771902e+00	( 3 3 2 4 4 5  )
G_LOOP:  2  0  6   	1.819594e+00	( 0 1 2 7 6 5  )
G_LOOP:  2  1  6   	1.819962e+00	( 0 1 5 7 6 2  )
G_LOOP:  2  2  6   	1.818833e+00	( 0 6 2 7 1 5  )
G_LOOP:  2  3  6   	1.819953e+00	( 0 6 5 7 1 2  )
G_LOOP:  2  4  6   	1.820495e+00	( 0 1 3 7 6 4  )
G_LOOP:  2  5  6   	1.819196e+00	( 0 1 4 7 6 3  )
G_LOOP:  2  6  6   	1.822044e+00	( 0 6 3 7 1 4  )
G_LOOP:  2  7  6   	1.819517e+00	( 0 6 4 7 1 3  )
G_LOOP:  2  8  6   	1.818988e+00	( 0 2 3 7 5 4  )
G_LOOP:  2  9  6   	1.817915e+00	( 0 2 4 7 5 3  )
G_LOOP:  2  10  6   	1.818282e+00	( 0 5 3 7 2 4  )
G_LOOP:  2  11  6   	1.817962e+00	( 0 5 4 7 2 3  )
G_LOOP:  2  12  6   	1.821160e+00	( 1 2 3 6 5 4  )
G_LOOP:  2  13  6   	1.821849e+00	( 1 2 4 6 5 3  )
G_LOOP:  2  14  6   	1.818364e+00	( 1 5 3 6 2 4  )
G_LOOP:  2  15  6   	1.819830e+00	( 1 5 4 6 2 3  )
GACTION: 2.575869e+00
CONGRAD5: time = 1.149607e-02 (fn F) masses = 1 iters = 4 mflops = 1.427365e+03
 OK converged final_rsq= 0.01 (cf 0.016) rel = 1 (cf 0) restarts = 1 iters= 4
CONGRAD5: time = 1.481986e-02 (fn F) masses = 1 iters = 6 mflops = 1.660855e+03
 OK converged final_rsq= 0.0089 (cf 0.016) rel = 1 (cf 0) restarts = 1 iters= 6
PBP: mass 1.250000e-01     6.825752e-02  9.608316e-02  1.095450e-03  1.306653e-03 ( 1 of 1 )
FACTION: mass = 1.250000e-01,  1.460506e+00 ( 1 of 1 )
CONGRAD5: time = 1.133800e-02 (fn F) masses = 1 iters = 4 mflops = 1.447265e+03
 OK converged final_rsq= 0.01 (cf 0.016) rel = 1 (cf 0) restarts = 1 iters= 4
CONGRAD5: time = 1.475000e-02 (fn F) masses = 1 iters = 6 mflops = 1.668720e+03
 OK converged final_rsq= 0.009 (cf 0.016) rel = 1 (cf 0) restarts = 1 iters= 6
PBP: mass 1.250000e-01     7.083853e-02  9.489771e-02  5.481260e-04  7.284072e-04 ( 1 of 1 )
FACTION: mass = 1.250000e-01,  1.466257e+00 ( 1 of 1 )
CONGRAD5: time = 1.181507e-02 (fn F) masses = 1 iters = 4 mflops = 1.388827e+03
 OK converged final_rsq= 0.011 (cf 0.016) rel = 1 (cf 0) restarts = 1 iters= 4
CONGRAD5: time = 1.112604e-02 (fn F) masses = 1 iters = 4 mflops = 1.474836e+03
 OK converged final_rsq= 0.011 (cf 0.016) rel = 1 (cf 0) restarts = 1 iters= 4
GFTIME:   time = 2.014921e-01 (Symanzik1) mflops = 2.624331e+03
FFTIME:  time = 6.981130e-01 (asqtad3) terms = 2 mflops = 2.148353e+03
CONGRAD5: time = 1.192594e-02 (fn F) masses = 1 iters = 4 mflops = 1.375916e+03
 OK converged final_rsq= 0.016 (cf 0.016) rel = 1 (cf 0) restarts = 1 iters= 4
CONGRAD5: time = 1.115203e-02 (fn F) masses = 1 iters = 4 mflops = 1.471399e+03
 OK converged final_rsq= 0.015 (cf 0.016) rel = 1 (cf 0) restarts = 1 iters= 4
GFTIME:   time = 2.014580e-01 (Symanzik1) mflops = 2.624775e+03
FFTIME:  time = 6.984870e-01 (asqtad3) terms = 2 mflops = 2.147203e+03
CONGRAD5: time = 1.317906e-02 (fn F) masses = 1 iters = 5 mflops = 1.556359e+03
 OK converged final_rsq= 0.009 (cf 0.016) rel = 1 (cf 0) restarts = 1 iters= 5
CONGRAD5: time = 1.295185e-02 (fn F) masses = 1 iters = 5 mflops = 1.583662e+03
 OK converged final_rsq= 0.0085 (cf 0.016) rel = 1 (cf 0) restarts = 1 iters= 5
GFTIME:   time = 2.014909e-01 (Symanzik1) mflops = 2.624346e+03
FFTIME:  time = 6.933141e-01 (asqtad3) terms = 2 mflops = 2.163224e+03
CONGRAD5: time = 1.409483e-02 (fn F) masses = 1 iters = 5 mflops = 1.455240e+03
 OK converged final_rsq= 0.0086 (cf 0.016) rel = 1 (cf 0) restarts = 1 iters= 5
CONGRAD5: time = 1.298404e-02 (fn F) masses = 1 iters = 5 mflops = 1.579737e+03
 OK converged final_rsq= 0.0083 (cf 0.016) rel = 1 (cf 0) restarts = 1 iters= 5
GFTIME:   time = 2.033150e-01 (Symanzik1) mflops = 2.600801e+03
FFTIME:  time = 8.759921e-01 (asqtad3) terms = 2 mflops = 1.712108e+03
CONGRAD5: time = 1.431203e-02 (fn F) masses = 1 iters = 5 mflops = 1.433155e+03
 OK converged final_rsq= 0.0074 (cf 0.016) rel = 1 (cf 0) restarts = 1 iters= 5
CONGRAD5: time = 1.114488e-02 (fn F) masses = 1 iters = 4 mflops = 1.472344e+03
 OK converged final_rsq= 0.016 (cf 0.016) rel = 1 (cf 0) restarts = 1 iters= 4
GFTIME:   time = 2.083530e-01 (Symanzik1) mflops = 2.537913e+03
FFTIME:  time = 7.120371e-01 (asqtad3) terms = 2 mflops = 2.106342e+03
PLAQ:	2.011111	2.012196
P_LOOP:	1.164183e-03	-1.302911e-02
G_LOOP:  0  0  4   	2.010542e+00	( 0 1 7 6  )
G_LOOP:  0  1  4   	2.011809e+00	( 0 2 7 5  )
G_LOOP:  0  2  4   	2.012118e+00	( 0 3 7 4  )
G_LOOP:  0  3  4   	2.010981e+00	( 1 2 6 5  )
G_LOOP:  0  4  4   	2.011686e+00	( 1 3 6 4  )
G_LOOP:  0  5  4   	2.012783e+00	( 2 3 5 4  )
G_LOOP:  1  0  6   	1.295557e+00	( 0 0 1 7 7 6  )
G_LOOP:  1  1  6   	1.298243e+00	( 0 0 2 7 7 5  )
G_LOOP:  1  2  6   	1.297637e+00	( 0 0 3 7 7 4  )
G_LOOP:  1  3  6   	1.296068e+00	( 1 1 0 6 6 7  )
G_LOOP:  1  4  6   	1.296646e+00	( 1 1 2 6 6 5  )
G_LOOP:  1  5  6   	1.297817e+00	( 1 1 3 6 6 4  )
G_LOOP:  1  6  6   	1.298153e+00	( 2 2 0 5 5 7  )
G_LOOP:  1  7  6   	1.295294e+00	( 2 2 1 5 5 6  )
G_LOOP:  1  8  6   	1.299809e+00	( 2 2 3 5 5 4  )
G_LOOP:  1  9  6   	1.298436e+00	( 3 3 0 4 4 7  )
G_LOOP:  1  10  6   	1.298930e+00	( 3 3 1 4 4 6  )
G_LOOP:  1  11  6   	1.299339e+00	( 3 3 2 4 4 5  )
G_LOOP:  2  0  6   	1.339895e+00	( 0 1 2 7 6 5  )
G_LOOP:  2  1  6   	1.340088e+00	( 0 1 5 7 6 2  )
G_LOOP:  2  2  6   	1.341902e+00	( 0 6 2 7 1 5  )
G_LOOP:  2  3  6   	1.340691e+00	( 0 6 5 7 1 2  )
G_LOOP:  2  4  6   	1.341110e+00	( 0 1 3 7 6 4  )
G_LOOP:  2  5  6   	1.338316e+00	( 0 1 4 7 6 3  )
G_LOOP:  2  6  6   	1.340759e+00	( 0 6 3 7 1 4  )
G_LOOP:  2  7  6   	1.339813e+00	( 0 6 4 7 1 3  )
G_LOOP:  2  8  6   	1.343492e+00	( 0 2 3 7 5 4  )
G_LOOP:  2  9  6   	1.340970e+00	( 0 2 4 7 5 3  )
G_LOOP:  2  10  6   	1.342519e+00	( 0 5 3 7 2 4  )
G_LOOP:  2  11  6   	1.342113e+00	( 0 5 4 7 2 3  )
G_LOOP:  2  12  6   	1.340802e+00	( 1 2 3 6 5 4  )
G_LOOP:  2  13  6   	1.342208e+00	( 1 2 4 6 5 3  )
G_LOOP:  2  14  6   	1.338394e+00	( 1 5 3 6 2 4  )
G_LOOP:  2  15  6   	1.340863e+00	( 1 5 4 6 2 3  )
GACTION: 4.070614e+00
CONGRAD5: time = 1.401091e-02 (fn F) masses = 1 iters = 4 mflops = 1.171165e+03
 OK converged final_rsq= 0.014 (cf 0.016) rel = 1 (cf 0) restarts = 1 iters= 4
CONGRAD5: time = 1.596093e-02 (fn F) masses = 1 iters = 6 mflops = 1.542117e+03
 OK converged final_rsq= 0.013 (cf 0.016) rel = 1 (cf 0) restarts = 1 iters= 6
PBP: mass 1.250000e-01     8.653191e-02  1.640120e-01  2.248929e-03  2.315767e-03 ( 1 of 1 )
FACTION: mass = 1.250000e-01,  1.444087e+00 ( 1 of 1 )
CONGRAD5: time = 1.235580e-02 (fn F) masses = 1 iters = 4 mflops = 1.328047e+03
 OK converged final_rsq= 0.014 (cf 0.016) rel = 1 (cf 0) restarts = 1 iters= 4
CONGRAD5: time = 1.579714e-02 (fn F) masses = 1 iters = 6 mflops = 1.558107e+03
 OK converged final_rsq= 0.014 (cf 0.016) rel = 1 (cf 0) restarts = 1 iters= 6
PBP: mass 1.250000e-01     8.449025e-02  1.684165e-01  2.084430e-04  -1.771375e-04 ( 1 of 1 )
FACTION: mass = 1.250000e-01,  1.446092e+00 ( 1 of 1 )
CONGRAD5: time = 1.425600e-02 (fn F) masses = 1 iters = 5 mflops = 1.438788e+03
 OK converged final_rsq= 0.0075 (cf 0.016) rel = 1 (cf 0) restarts = 1 iters= 5
CONGRAD5: time = 1.183510e-02 (fn F) masses = 1 iters = 4 mflops = 1.386477e+03
 OK converged final_rsq= 0.015 (cf 0.016) rel = 1 (cf 0) restarts = 1 iters= 4
GFTIME:   time = 2.119980e-01 (Symanzik1) mflops = 2.494278e+03
FFTIME:  time = 7.040970e-01 (asqtad3) terms = 2 mflops = 2.130095e+03
CONGRAD5: time = 1.330495e-02 (fn F) masses = 1 iters = 5 mflops = 1.541634e+03
 OK converged final_rsq= 0.0093 (cf 0.016) rel = 1 (cf 0) restarts = 1 iters= 5
CONGRAD5: time = 1.305509e-02 (fn F) masses = 1 iters = 5 mflops = 1.571139e+03
 OK converged final_rsq= 0.0088 (cf 0.016) rel = 1 (cf 0) restarts = 1 iters= 5
GFTIME:   time = 2.027888e-01 (Symanzik1) mflops = 2.607549e+03
FFTIME:  time = 7.000079e-01 (asqtad3) terms = 2 mflops = 2.142538e+03
CONGRAD5: time = 1.305795e-02 (fn F) masses = 1 iters = 5 mflops = 1.570795e+03
 OK converged final_rsq= 0.011 (cf 0.016) rel = 1 (cf 0) restarts = 1 iters= 5
CONGRAD5: time = 1.300597e-02 (fn F) masses = 1 iters = 5 mflops = 1.577072e+03
 OK converged final_rsq= 0.01 (cf 0.016) rel = 1 (cf 0) restarts = 1 iters= 5
GFTIME:   time = 2.020810e-01 (Symanzik1) mflops = 2.616683e+03
FFTIME:  time = 6.902180e-01 (asqtad3) terms = 2 mflops = 2.172927e+03
CONGRAD5: time = 1.372910e-02 (fn F) masses = 1 iters = 5 mflops = 1.494007e+03
 OK converged final_rsq= 0.011 (cf 0.016) rel = 1 (cf 0) restarts = 1 iters= 5
CONGRAD5: time = 1.288700e-02 (fn F) masses = 1 iters = 5 mflops = 1.591632e+03
 OK converged final_rsq= 0.01 (cf 0.016) rel = 1 (cf 0) restarts = 1 iters= 5
GFTIME:   time = 2.020919e-01 (Symanzik1) mflops = 2.616541e+03
FFTIME:  time = 6.910510e-01 (asqtad3) terms = 2 mflops = 2.170308e+03
CONGRAD5: time = 1.335287e-02 (fn F) masses = 1 iters = 5 mflops = 1.536101e+03
 OK converged final_rsq= 0.01 (cf 0.016) rel = 1 (cf 0) restarts = 1 iters= 5
CONGRAD5: time = 1.315880e-02 (fn F) masses = 1 iters = 5 mflops = 1.558756e+03
 OK converged final_rsq= 0.0096 (cf 0.016) rel = 1 (cf 0) restarts = 1 iters= 5
GFTIME:   time = 2.026689e-01 (Symanzik1) mflops = 2.609092e+03
FFTIME:  time = 6.939042e-01 (asqtad3) terms = 2 mflops = 2.161384e+03
PLAQ:	1.790745	1.792467
P_LOOP:	-1.917755e-04	-4.920262e-03
G_LOOP:  0  0  4   	1.789087e+00	( 0 1 7 6  )
G_LOOP:  0  1  4   	1.791690e+00	( 0 2 7 5  )
G_LOOP:  0  2  4   	1.792584e+00	( 0 3 7 4  )
G_LOOP:  0  3  4   	1.791457e+00	( 1 2 6 5  )
G_LOOP:  0  4  4   	1.791849e+00	( 1 3 6 4  )
G_LOOP:  0  5  4   	1.792968e+00	( 2 3 5 4  )
G_LOOP:  1  0  6   	1.021094e+00	( 0 0 1 7 7 6  )
G_LOOP:  1  1  6   	1.024960e+00	( 0 0 2 7 7 5  )
G_LOOP:  1  2  6   	1.026166e+00	( 0 0 3 7 7 4  )
G_LOOP:  1  3  6   	1.020805e+00	( 1 1 0 6 6 7  )
G_LOOP:  1  4  6   	1.023668e+00	( 1 1 2 6 6 5  )
G_LOOP:  1  5  6   	1.022670e+00	( 1 1 3 6 6 4  )
G_LOOP:  1  6  6   	1.021541e+00	( 2 2 0 5 5 7  )
G_LOOP:  1  7  6   	1.025184e+00	( 2 2 1 5 5 6  )
G_LOOP:  1  8  6   	1.026991e+00	( 2 2 3 5 5 4  )
G_LOOP:  1  9  6   	1.024792e+00	( 3 3 0 4 4 7  )
G_LOOP:  1  10  6   	1.023325e+00	( 3 3 1 4 4 6  )
G_LOOP:  1  11  6   	1.027138e+00	( 3 3 2 4 4 5  )
G_LOOP:  2  0  6   	1.057479e+00	( 0 1 2 7 6 5  )
G_LOOP:  2  1  6   	1.054795e+00	( 0 1 5 7 6 2  )
G_LOOP:  2  2  6   	1.056812e+00	( 0 6 2 7 1 5  )
G_LOOP:  2  3  6   	1.054203e+00	( 0 6 5 7 1 2  )
G_LOOP:  2  4  6   	1.056459e+00	( 0 1 3 7 6 4  )
G_LOOP:  2  5  6   	1.057329e+00	( 0 1 4 7 6 3  )
G_LOOP:  2  6  6   	1.055881e+00	( 0 6 3 7 1 4  )
G_LOOP:  2  7  6   	1.057281e+00	( 0 6 4 7 1 3  )
G_LOOP:  2  8  6   	1.056752e+00	( 0 2 3 7 5 4  )
G_LOOP:  2  9  6   	1.055486e+00	( 0 2 4 7 5 3  )
G_LOOP:  2  10  6   	1.056447e+00	( 0 5 3 7 2 4  )
G_LOOP:  2  11  6   	1.061817e+00	( 0 5 4 7 2 3  )
G_LOOP:  2  12  6   	1.059116e+00	( 1 2 3 6 5 4  )
G_LOOP:  2  13  6   	1.055844e+00	( 1 2 4 6 5 3  )
G_LOOP:  2  14  6   	1.055744e+00	( 1 5 3 6 2 4  )
G_LOOP:  2  15  6   	1.057354e+00	( 1 5 4 6 2 3  )
GACTION: 5.089141e+00
CONGRAD5: time = 1.445103e-02 (fn F) masses = 1 iters = 5 mflops = 1.419370e+03
 OK converged final_rsq= 0.0085 (cf 0.016) rel = 1 (cf 0) restarts = 1 iters= 5
CONGRAD5: time = 1.483488e-02 (fn F) masses = 1 iters = 6 mflops = 1.659173e+03
 OK converged final_rsq= 0.015 (cf 0.016) rel = 1 (cf 0) restarts = 1 iters= 6
PBP: mass 1.250000e-01     1.118677e-01  2.954556e-01  -4.300555e-04  9.395341e-05 ( 1 of 1 )
FACTION: mass = 1.250000e-01,  1.454471e+00 ( 1 of 1 )
CONGRAD5: time = 1.507521e-02 (fn F) masses = 1 iters = 5 mflops = 1.360602e+03
 OK converged final_rsq= 0.0086 (cf 0.016) rel = 1 (cf 0) restarts = 1 iters= 5
CONGRAD5: time = 1.476622e-02 (fn F) masses = 1 iters = 6 mflops = 1.666888e+03
 OK converged final_rsq= 0.015 (cf 0.016) rel = 1 (cf 0) restarts = 1 iters= 6
PBP: mass 1.250000e-01     1.105973e-01  3.002362e-01  -5.283041e-04  -6.620538e-04 ( 1 of 1 )
FACTION: mass = 1.250000e-01,  1.451145e+00 ( 1 of 1 )
CONGRAD5: time = 1.346588e-02 (fn F) masses = 1 iters = 5 mflops = 1.523210e+03
 OK converged final_rsq= 0.01 (cf 0.016) rel = 1 (cf 0) restarts = 1 iters= 5
CONGRAD5: time = 1.288509e-02 (fn F) masses = 1 iters = 5 mflops = 1.591867e+03
 OK converged final_rsq= 0.0096 (cf 0.016) rel = 1 (cf 0) restarts = 1 iters= 5
GFTIME:   time = 2.021189e-01 (Symanzik1) mflops = 2.616192e+03
FFTIME:  time = 6.948569e-01 (asqtad3) terms = 2 mflops = 2.158421e+03
CONGRAD5: time = 1.316404e-02 (fn F) masses = 1 iters = 5 mflops = 1.558135e+03
 OK converged final_rsq= 0.011 (cf 0.016) rel = 1 (cf 0) restarts = 1 iters= 5
CONGRAD5: time = 1.287985e-02 (fn F) masses = 1 iters = 5 mflops = 1.592516e+03
 OK converged final_rsq= 0.011 (cf 0.016) rel = 1 (cf 0) restarts = 1 iters= 5
GFTIME:   time = 2.020719e-01 (Symanzik1) mflops = 2.616800e+03
FFTIME:  time = 6.933942e-01 (asqtad3) terms = 2 mflops = 2.162974e+03
CONGRAD5: time = 1.323009e-02 (fn F) masses = 1 iters = 5 mflops = 1.550357e+03
 OK converged final_rsq= 0.012 (cf 0.016) rel = 1 (cf 0) restarts = 1 iters= 5
CONGRAD5: time = 1.294589e-02 (fn F) masses = 1 iters = 5 mflops = 1.584392e+03
 OK converged final_rsq= 0.011 (cf 0.016) rel = 1 (cf 0) restarts = 1 iters= 5
GFTIME:   time = 2.024000e-01 (Symanzik1) mflops = 2.612559e+03
FFTIME:  time = 6.938438e-01 (asqtad3) terms = 2 mflops = 2.161572e+03
CONGRAD5: time = 1.314092e-02 (fn F) masses = 1 iters = 5 mflops = 1.560877e+03
 OK converged final_rsq= 0.012 (cf 0.016) rel = 1 (cf 0) restarts = 1 iters= 5
CONGRAD5: time = 1.288199e-02 (fn F) masses = 1 iters = 5 mflops = 1.592250e+03
 OK converged final_rsq= 0.012 (cf 0.016) rel = 1 (cf 0) restarts = 1 iters= 5
GFTIME:   time = 2.023799e-01 (Symanzik1) mflops = 2.612817e+03
FFTIME:  time = 6.946111e-01 (asqtad3) terms = 2 mflops = 2.159184e+03
CONGRAD5: time = 1.303601e-02 (fn F) masses = 1 iters = 5 mflops = 1.573438e+03
 OK converged final_rsq= 0.012 (cf 0.016) rel = 1 (cf 0) restarts = 1 iters= 5
CONGRAD5: time = 1.287889e-02 (fn F) masses = 1 iters = 5 mflops = 1.592634e+03
 OK converged final_rsq= 0.011 (cf 0.016) rel = 1 (cf 0) restarts = 1 iters= 5
GFTIME:   time = 2.025371e-01 (Symanzik1) mflops = 2.610790e+03
FFTIME:  time = 6.924510e-01 (asqtad3) terms = 2 mflops = 2.165920e+03
PLAQ:	1.644813	1.645910
P_LOOP:	3.517893e-03	-6.785171e-03
G_LOOP:  0  0  4   	1.643697e+00	( 0 1 7 6  )
G_LOOP:  0  1  4   	1.645492e+00	( 0 2 7 5  )
G_LOOP:  0  2  4   	1.646565e+00	( 0 3 7 4  )
G_LOOP:  0  3  4   	1.645251e+00	( 1 2 6 5  )
G_LOOP:  0  4  4   	1.646085e+00	( 1 3 6 4  )
G_LOOP:  0  5  4   	1.645079e+00	( 2 3 5 4  )
G_LOOP:  1  0  6   	8.536272e-01	( 0 0 1 7 7 6  )
G_LOOP:  1  1  6   	8.570721e-01	( 0 0 2 7 7 5  )
G_LOOP:  1  2  6   	8.559980e-01	( 0 0 3 7 7 4  )
G_LOOP:  1  3  6   	8.513719e-01	( 1 1 0 6 6 7  )
G_LOOP:  1  4  6   	8.548773e-01	( 1 1 2 6 6 5  )
G_LOOP:  1  5  6   	8.559575e-01	( 1 1 3 6 6 4  )
G_LOOP:  1  6  6   	8.563919e-01	( 2 2 0 5 5 7  )
G_LOOP:  1  7  6   	8.573651e-01	( 2 2 1 5 5 6  )
G_LOOP:  1  8  6   	8.552518e-01	( 2 2 3 5 5 4  )
G_LOOP:  1  9  6   	8.590436e-01	( 3 3 0 4 4 7  )
G_LOOP:  1  10  6   	8.563156e-01	( 3 3 1 4 4 6  )
G_LOOP:  1  11  6   	8.552455e-01	( 3 3 2 4 4 5  )
G_LOOP:  2  0  6   	8.769052e-01	( 0 1 2 7 6 5  )
G_LOOP:  2  1  6   	8.775728e-01	( 0 1 5 7 6 2  )
G_LOOP:  2  2  6   	8.775268e-01	( 0 6 2 7 1 5  )
G_LOOP:  2  3  6   	8.774933e-01	( 0 6 5 7 1 2  )
G_LOOP:  2  4  6   	8.780000e-01	( 0 1 3 7 6 4  )
G_LOOP:  2  5  6   	8.808810e-01	( 0 1 4 7 6 3  )
G_LOOP:  2  6  6   	8.766411e-01	( 0 6 3 7 1 4  )
G_LOOP:  2  7  6   	8.765984e-01	( 0 6 4 7 1 3  )
G_LOOP:  2  8  6   	8.783221e-01	( 0 2 3 7 5 4  )
G_LOOP:  2  9  6   	8.774300e-01	( 0 2 4 7 5 3  )
G_LOOP:  2  10  6   	8.759553e-01	( 0 5 3 7 2 4  )
G_LOOP:  2  11  6   	8.806796e-01	( 0 5 4 7 2 3  )
G_LOOP:  2  12  6   	8.798484e-01	( 1 2 3 6 5 4  )
G_LOOP:  2  13  6   	8.751524e-01	( 1 2 4 6 5 3  )
G_LOOP:  2  14  6   	8.770529e-01	( 1 5 3 6 2 4  )
G_LOOP:  2  15  6   	8.804209e-01	( 1 5 4 6 2 3  )
GACTION: 5.780302e+00
CONGRAD5: time = 1.447082e-02 (fn F) masses = 1 iters = 5 mflops = 1.417429e+03
 OK converged final_rsq= 0.01 (cf 0.016) rel = 1 (cf 0) restarts = 1 iters= 5
CONGRAD5: time = 1.673388e-02 (fn F) masses = 1 iters = 7 mflops = 1.716033e+03
 OK converged final_rsq= 0.0082 (cf 0.016) rel = 1 (cf 0) restarts = 1 iters= 7
PBP: mass 1.250000e-01     1.267671e-01  3.194774e-01  -4.833170e-04  -1.081211e-03 ( 1 of 1 )
FACTION: mass = 1.250000e-01,  1.432869e+00 ( 1 of 1 )
CONGRAD5: time = 1.446795e-02 (fn F) masses = 1 iters = 5 mflops = 1.417710e+03
 OK converged final_rsq= 0.01 (cf 0.016) rel = 1 (cf 0) restarts = 1 iters= 5
CONGRAD5: time = 1.658916e-02 (fn F) masses = 1 iters = 7 mflops = 1.731004e+03
 OK converged final_rsq= 0.008 (cf 0.016) rel = 1 (cf 0) restarts = 1 iters= 7
PBP: mass 1.250000e-01     1.239260e-01  3.195190e-01  8.115391e-04  2.827003e-04 ( 1 of 1 )
FACTION: mass = 1.250000e-01,  1.436823e+00 ( 1 of 1 )
RUNNING COMPLETED
average cg iters for step= 1.100000e+01
Time = 2.702718e+01 seconds
total_iters = 550
Checksums f9a6baac 63d9c86e
Saved gauge configuration in parallel to binary file lat_p64_size128_1
Time stamp Tue May 17 23:03:28 2022
Wrote info file lat_p64_size128_1.info
Time to save = 8.289876e+00
CHECK PLAQ: 1.644813e+00 1.645910e+00
CHECK NERSC LINKTR: 1.703356e-01 CKSUM: 4e6bfb13


warms 0
trajecs 4
traj_between_meas 1
beta 5.6
mass1 0.01
mass2 0.01
u0 0.8441
microcanonical_time_step 0.02
steps_per_trajectory 15
max_cg_iterations 300
max_cg_restarts 5
error_per_site 1e-05
error_for_propagator 1e-05
npbp_reps 1
prec_pbp 1
reload_parallel lat_p64_size128_1
save_parallel lat_p64_size128_2
Restored binary gauge configuration in parallel from file lat_p64_size128_1
Time stamp Tue May 17 23:03:28 2022
Checksums f9a6baac 63d9c86e OK
Time to reload gauge configuration = 1.821116e+00
CHECK PLAQ: 1.644813e+00 1.645910e+00
CHECK NERSC LINKTR: 1.703356e-01 CKSUM: 4e6bfb13
Unitarity checked.  Max deviation 2.98e-07
Time to check unitarity = 2.333164e-03
"O(a^2): couplings(pi)=0, Naik term, No O(a^2) errors, tadpole weights"
path coefficients: npath  path_coeff  multiplicity
                    0      6.250000e-01     8
                    1      -5.847914e-02     8
                    2      -8.771871e-02     48
                    3      3.077829e-02     192
                    4      -7.199551e-03     384
                    5      -1.231132e-01     48
Symanzik 1x1 + 1x2 + 1x1x1 action
gauge_action: total_dyn_flavors = 3
loop coefficients: nloop rep loop_coeff  multiplicity
                    0 0      1.000000e+00     6
                    1 0      -7.762509e-02     12
                    2 0      -1.031171e-02     16
WARMUPS COMPLETED
CONGRAD5: time = 1.202899e+00 (fn F) masses = 1 iters = 589 mflops = 2.008679e+03
 OK converged final_rsq= 5e-11 (cf 1e-10) rel = 1 (cf 0) restarts = 3 iters= 589
CONGRAD5: time = 1.091384e+00 (fn F) masses = 1 iters = 573 mflops = 2.153780e+03
 OK converged final_rsq= 9.9e-11 (cf 1e-10) rel = 1 (cf 0) restarts = 2 iters= 573
GFTIME:   time = 2.148719e-01 (Symanzik1) mflops = 2.460917e+03
FFTIME:  time = 7.487490e-01 (asqtad3) terms = 2 mflops = 2.003066e+03
CONGRAD5: time = 1.059695e+00 (fn F) masses = 1 iters = 552 mflops = 2.136892e+03
 OK converged final_rsq= 5e-11 (cf 1e-10) rel = 1 (cf 0) restarts = 3 iters= 552
CONGRAD5: time = 1.026366e+00 (fn F) masses = 1 iters = 553 mflops = 2.210280e+03
 OK converged final_rsq= 5e-11 (cf 1e-10) rel = 1 (cf 0) restarts = 3 iters= 553
GFTIME:   time = 2.026310e-01 (Symanzik1) mflops = 2.609580e+03
FFTIME:  time = 6.949649e-01 (asqtad3) terms = 2 mflops = 2.158085e+03
CONGRAD5: time = 1.029816e+00 (fn F) masses = 1 iters = 555 mflops = 2.210842e+03
 OK converged final_rsq= 4.9e-11 (cf 1e-10) rel = 1 (cf 0) restarts = 3 iters= 555
CONGRAD5: time = 9.345319e-01 (fn F) masses = 1 iters = 504 mflops = 2.212386e+03
 OK converged final_rsq= 5e-11 (cf 1e-10) rel = 1 (cf 0) restarts = 3 iters= 504
GFTIME:   time = 2.030759e-01 (Symanzik1) mflops = 2.603863e+03
FFTIME:  time = 6.942990e-01 (asqtad3) terms = 2 mflops = 2.160155e+03
CONGRAD5: time = 1.032086e+00 (fn F) masses = 1 iters = 557 mflops = 2.213930e+03
 OK converged final_rsq= 1e-10 (cf 1e-10) rel = 1 (cf 0) restarts = 2 iters= 557
CONGRAD5: time = 9.373000e-01 (fn F) masses = 1 iters = 505 mflops = 2.210229e+03
 OK converged final_rsq= 5e-11 (cf 1e-10) rel = 1 (cf 0) restarts = 3 iters= 505
GFTIME:   time = 2.024798e-01 (Symanzik1) mflops = 2.611528e+03
FFTIME:  time = 6.941531e-01 (asqtad3) terms = 2 mflops = 2.160609e+03
CONGRAD5: time = 1.127923e+00 (fn F) masses = 1 iters = 556 mflops = 2.022180e+03
 OK converged final_rsq= 5e-11 (cf 1e-10) rel = 1 (cf 0) restarts = 3 iters= 556
CONGRAD5: time = 9.440770e-01 (fn F) masses = 1 iters = 506 mflops = 2.198708e+03
 OK converged final_rsq= 9.9e-11 (cf 1e-10) rel = 1 (cf 0) restarts = 2 iters= 506
GFTIME:   time = 2.207220e-01 (Symanzik1) mflops = 2.395692e+03
FFTIME:  time = 6.976030e-01 (asqtad3) terms = 2 mflops = 2.149924e+03
CONGRAD5: time = 1.158921e+00 (fn F) masses = 1 iters = 566 mflops = 2.003489e+03
 OK converged final_rsq= 4.9e-11 (cf 1e-10) rel = 1 (cf 0) restarts = 3 iters= 566
CONGRAD5: time = 9.949131e-01 (fn F) masses = 1 iters = 523 mflops = 2.156458e+03
 OK converged final_rsq= 9.9e-11 (cf 1e-10) rel = 1 (cf 0) restarts = 2 iters= 523
GFTIME:   time = 2.016261e-01 (Symanzik1) mflops = 2.622587e+03
FFTIME:  time = 6.887169e-01 (asqtad3) terms = 2 mflops = 2.177663e+03
CONGRAD5: time = 9.667821e-01 (fn F) masses = 1 iters = 520 mflops = 2.206476e+03
 OK converged final_rsq= 5e-11 (cf 1e-10) rel = 1 (cf 0) restarts = 3 iters= 520
CONGRAD5: time = 1.029687e+00 (fn F) masses = 1 iters = 554 mflops = 2.207136e+03
 OK converged final_rsq= 5e-11 (cf 1e-10) rel = 1 (cf 0) restarts = 3 iters= 554
GFTIME:   time = 2.019010e-01 (Symanzik1) mflops = 2.619016e+03
FFTIME:  time = 6.937602e-01 (asqtad3) terms = 2 mflops = 2.161833e+03
CONGRAD5: time = 1.019244e+00 (fn F) masses = 1 iters = 548 mflops = 2.205601e+03
 OK converged final_rsq= 5e-11 (cf 1e-10) rel = 1 (cf 0) restarts = 3 iters= 548
CONGRAD5: time = 9.907370e-01 (fn F) masses = 1 iters = 534 mflops = 2.211095e+03
 OK converged final_rsq= 1e-10 (cf 1e-10) rel = 1 (cf 0) restarts = 2 iters= 534
GFTIME:   time = 2.020109e-01 (Symanzik1) mflops = 2.617591e+03
FFTIME:  time = 6.934109e-01 (asqtad3) terms = 2 mflops = 2.162922e+03
CONGRAD5: time = 9.795558e-01 (fn F) masses = 1 iters = 527 mflops = 2.207018e+03
 OK converged final_rsq= 5e-11 (cf 1e-10) rel = 1 (cf 0) restarts = 3 iters= 527
CONGRAD5: time = 9.812911e-01 (fn F) masses = 1 iters = 528 mflops = 2.207296e+03
 OK converged final_rsq= 5e-11 (cf 1e-10) rel = 1 (cf 0) restarts = 3 iters= 528
GFTIME:   time = 2.020302e-01 (Symanzik1) mflops = 2.617341e+03
FFTIME:  time = 6.927431e-01 (asqtad3) terms = 2 mflops = 2.165007e+03
CONGRAD5: time = 1.037161e+00 (fn F) masses = 1 iters = 559 mflops = 2.211007e+03
 OK converged final_rsq= 1e-10 (cf 1e-10) rel = 1 (cf 0) restarts = 2 iters= 559
CONGRAD5: time = 9.628770e-01 (fn F) masses = 1 iters = 519 mflops = 2.211164e+03
 OK converged final_rsq= 1e-10 (cf 1e-10) rel = 1 (cf 0) restarts = 2 iters= 519
GFTIME:   time = 2.024510e-01 (Symanzik1) mflops = 2.611900e+03
FFTIME:  time = 6.919291e-01 (asqtad3) terms = 2 mflops = 2.167554e+03
CONGRAD5: time = 1.057961e+00 (fn F) masses = 1 iters = 553 mflops = 2.144272e+03
 OK converged final_rsq= 5e-11 (cf 1e-10) rel = 1 (cf 0) restarts = 3 iters= 553
CONGRAD5: time = 1.043792e+00 (fn F) masses = 1 iters = 540 mflops = 2.122288e+03
 OK converged final_rsq= 5e-11 (cf 1e-10) rel = 1 (cf 0) restarts = 3 iters= 540
GFTIME:   time = 2.104580e-01 (Symanzik1) mflops = 2.512528e+03
FFTIME:  time = 7.004850e-01 (asqtad3) terms = 2 mflops = 2.141079e+03
CONGRAD5: time = 1.085123e+00 (fn F) masses = 1 iters = 562 mflops = 2.124622e+03
 OK converged final_rsq= 5e-11 (cf 1e-10) rel = 1 (cf 0) restarts = 3 iters= 562
CONGRAD5: time = 1.027606e+00 (fn F) masses = 1 iters = 555 mflops = 2.215597e+03
 OK converged final_rsq= 9.9e-11 (cf 1e-10) rel = 1 (cf 0) restarts = 2 iters= 555
GFTIME:   time = 2.018290e-01 (Symanzik1) mflops = 2.619950e+03
FFTIME:  time = 6.914151e-01 (asqtad3) terms = 2 mflops = 2.169165e+03
CONGRAD5: time = 9.994519e-01 (fn F) masses = 1 iters = 538 mflops = 2.208233e+03
 OK converged final_rsq= 1e-10 (cf 1e-10) rel = 1 (cf 0) restarts = 2 iters= 538
CONGRAD5: time = 1.048522e+00 (fn F) masses = 1 iters = 565 mflops = 2.210525e+03
 OK converged final_rsq= 1e-10 (cf 1e-10) rel = 1 (cf 0) restarts = 2 iters= 565
GFTIME:   time = 2.016079e-01 (Symanzik1) mflops = 2.622822e+03
FFTIME:  time = 6.912410e-01 (asqtad3) terms = 2 mflops = 2.169711e+03
CONGRAD5: time = 1.076991e+00 (fn F) masses = 1 iters = 579 mflops = 2.205418e+03
 OK converged final_rsq= 9.9e-11 (cf 1e-10) rel = 1 (cf 0) restarts = 2 iters= 579
CONGRAD5: time = 1.064859e+00 (fn F) masses = 1 iters = 573 mflops = 2.207430e+03
 OK converged final_rsq= 5e-11 (cf 1e-10) rel = 1 (cf 0) restarts = 3 iters= 573
GFTIME:   time = 2.023401e-01 (Symanzik1) mflops = 2.613331e+03
FFTIME:  time = 6.908560e-01 (asqtad3) terms = 2 mflops = 2.170920e+03
CONGRAD5: time = 1.074472e+00 (fn F) masses = 1 iters = 578 mflops = 2.206770e+03
 OK converged final_rsq= 5e-11 (cf 1e-10) rel = 1 (cf 0) restarts = 3 iters= 578
CONGRAD5: time = 1.093072e+00 (fn F) masses = 1 iters = 574 mflops = 2.154208e+03
 OK converged final_rsq= 5e-11 (cf 1e-10) rel = 1 (cf 0) restarts = 3 iters= 574
GFTIME:   time = 2.024720e-01 (Symanzik1) mflops = 2.611630e+03
FFTIME:  time = 6.892490e-01 (asqtad3) terms = 2 mflops = 2.175982e+03
PLAQ:	1.540043	1.539646
P_LOOP:	-1.470258e-02	-7.463607e-03
G_LOOP:  0  0  4   	1.540270e+00	( 0 1 7 6  )
G_LOOP:  0  1  4   	1.539303e+00	( 0 2 7 5  )
G_LOOP:  0  2  4   	1.540042e+00	( 0 3 7 4  )
G_LOOP:  0  3  4   	1.540557e+00	( 1 2 6 5  )
G_LOOP:  0  4  4   	1.539431e+00	( 1 3 6 4  )
G_LOOP:  0  5  4   	1.539466e+00	( 2 3 5 4  )
G_LOOP:  1  0  6   	7.798987e-01	( 0 0 1 7 7 6  )
G_LOOP:  1  1  6   	7.792347e-01	( 0 0 2 7 7 5  )
G_LOOP:  1  2  6   	7.795719e-01	( 0 0 3 7 7 4  )
G_LOOP:  1  3  6   	7.767896e-01	( 1 1 0 6 6 7  )
G_LOOP:  1  4  6   	7.771025e-01	( 1 1 2 6 6 5  )
G_LOOP:  1  5  6   	7.802369e-01	( 1 1 3 6 6 4  )
G_LOOP:  1  6  6   	7.773278e-01	( 2 2 0 5 5 7  )
G_LOOP:  1  7  6   	7.811866e-01	( 2 2 1 5 5 6  )
G_LOOP:  1  8  6   	7.778146e-01	( 2 2 3 5 5 4  )
G_LOOP:  1  9  6   	7.812695e-01	( 3 3 0 4 4 7  )
G_LOOP:  1  10  6   	7.794457e-01	( 3 3 1 4 4 6  )
G_LOOP:  1  11  6   	7.796804e-01	( 3 3 2 4 4 5  )
G_LOOP:  2  0  6   	7.989290e-01	( 0 1 2 7 6 5  )
G_LOOP:  2  1  6   	7.994120e-01	( 0 1 5 7 6 2  )
G_LOOP:  2  2  6   	7.995382e-01	( 0 6 2 7 1 5  )
G_LOOP:  2  3  6   	8.023482e-01	( 0 6 5 7 1 2  )
G_LOOP:  2  4  6   	7.983686e-01	( 0 1 3 7 6 4  )
G_LOOP:  2  5  6   	7.988594e-01	( 0 1 4 7 6 3  )
G_LOOP:  2  6  6   	7.985442e-01	( 0 6 3 7 1 4  )
G_LOOP:  2  7  6   	8.015172e-01	( 0 6 4 7 1 3  )
G_LOOP:  2  8  6   	7.967786e-01	( 0 2 3 7 5 4  )
G_LOOP:  2  9  6   	7.991136e-01	( 0 2 4 7 5 3  )
G_LOOP:  2  10  6   	7.979871e-01	( 0 5 3 7 2 4  )
G_LOOP:  2  11  6   	8.001564e-01	( 0 5 4 7 2 3  )
G_LOOP:  2  12  6   	8.026151e-01	( 1 2 3 6 5 4  )
G_LOOP:  2  13  6   	7.963586e-01	( 1 2 4 6 5 3  )
G_LOOP:  2  14  6   	7.991857e-01	( 1 5 3 6 2 4  )
G_LOOP:  2  15  6   	8.004856e-01	( 1 5 4 6 2 3  )
GACTION: 6.329114e+00
CONGRAD5: time = 1.092721e+00 (fn F) masses = 1 iters = 562 mflops = 2.109850e+03
 OK converged final_rsq= 5e-11 (cf 1e-10) rel = 1 (cf 0) restarts = 3 iters= 562
CONGRAD5: time = 1.381009e-01 (fn F) masses = 1 iters = 72 mflops = 2.138753e+03
 OK converged final_rsq= 9.9e-11 (cf 1e-10) rel = 1 (cf 0) restarts = 1 iters= 72
PBP: mass 1.000000e-02     2.689375e-02  3.605375e-02  -1.735238e-03  -1.736032e-03 ( 1 of 1 )
FACTION: mass = 1.000000e-02,  1.496733e+00 ( 1 of 1 )
CONGRAD5: time = 1.243279e+00 (fn F) masses = 1 iters = 584 mflops = 1.926942e+03
 OK converged final_rsq= 9.9e-11 (cf 1e-10) rel = 1 (cf 0) restarts = 2 iters= 584
CONGRAD5: time = 1.461480e-01 (fn F) masses = 1 iters = 70 mflops = 1.964851e+03
 OK converged final_rsq= 9.8e-11 (cf 1e-10) rel = 1 (cf 0) restarts = 1 iters= 70
PBP: mass 1.000000e-02     2.993896e-02  3.458992e-02  2.750435e-03  2.751798e-03 ( 1 of 1 )
FACTION: mass = 1.000000e-02,  1.493824e+00 ( 1 of 1 )
CONGRAD5: time = 1.125546e+00 (fn F) masses = 1 iters = 583 mflops = 2.124857e+03
 OK converged final_rsq= 1e-10 (cf 1e-10) rel = 1 (cf 0) restarts = 2 iters= 583
CONGRAD5: time = 1.068195e+00 (fn F) masses = 1 iters = 573 mflops = 2.200536e+03
 OK converged final_rsq= 9.8e-11 (cf 1e-10) rel = 1 (cf 0) restarts = 2 iters= 573
GFTIME:   time = 2.153652e-01 (Symanzik1) mflops = 2.455280e+03
FFTIME:  time = 7.482750e-01 (asqtad3) terms = 2 mflops = 2.004334e+03
CONGRAD5: time = 1.124432e+00 (fn F) masses = 1 iters = 587 mflops = 2.141555e+03
 OK converged final_rsq= 9.9e-11 (cf 1e-10) rel = 1 (cf 0) restarts = 2 iters= 587
CONGRAD5: time = 1.075685e+00 (fn F) masses = 1 iters = 579 mflops = 2.208096e+03
 OK converged final_rsq= 9.8e-11 (cf 1e-10) rel = 1 (cf 0) restarts = 2 iters= 579
GFTIME:   time = 2.023308e-01 (Symanzik1) mflops = 2.613452e+03
FFTIME:  time = 6.891561e-01 (asqtad3) terms = 2 mflops = 2.176275e+03
CONGRAD5: time = 1.029237e+00 (fn F) masses = 1 iters = 553 mflops = 2.204115e+03
 OK converged final_rsq= 9.9e-11 (cf 1e-10) rel = 1 (cf 0) restarts = 2 iters= 553
CONGRAD5: time = 1.073440e+00 (fn F) masses = 1 iters = 578 mflops = 2.208892e+03
 OK converged final_rsq= 9.8e-11 (cf 1e-10) rel = 1 (cf 0) restarts = 2 iters= 578
GFTIME:   time = 2.021580e-01 (Symanzik1) mflops = 2.615686e+03
FFTIME:  time = 6.931732e-01 (asqtad3) terms = 2 mflops = 2.163663e+03
CONGRAD5: time = 1.088775e+00 (fn F) masses = 1 iters = 585 mflops = 2.204155e+03
 OK converged final_rsq= 1e-10 (cf 1e-10) rel = 1 (cf 0) restarts = 2 iters= 585
CONGRAD5: time = 1.018162e+00 (fn F) masses = 1 iters = 548 mflops = 2.207944e+03
 OK converged final_rsq= 9.9e-11 (cf 1e-10) rel = 1 (cf 0) restarts = 2 iters= 548
GFTIME:   time = 2.020719e-01 (Symanzik1) mflops = 2.616800e+03
FFTIME:  time = 6.924891e-01 (asqtad3) terms = 2 mflops = 2.165801e+03
CONGRAD5: time = 1.098773e+00 (fn F) masses = 1 iters = 591 mflops = 2.206500e+03
 OK converged final_rsq= 9.9e-11 (cf 1e-10) rel = 1 (cf 0) restarts = 2 iters= 591
CONGRAD5: time = 1.011373e+00 (fn F) masses = 1 iters = 544 mflops = 2.206541e+03
 OK converged final_rsq= 1e-10 (cf 1e-10) rel = 1 (cf 0) restarts = 2 iters= 544
GFTIME:   time = 2.020800e-01 (Symanzik1) mflops = 2.616695e+03
FFTIME:  time = 7.550170e-01 (asqtad3) terms = 2 mflops = 1.986436e+03
CONGRAD5: time = 1.138231e+00 (fn F) masses = 1 iters = 585 mflops = 2.108385e+03
 OK converged final_rsq= 5e-11 (cf 1e-10) rel = 1 (cf 0) restarts = 3 iters= 585
CONGRAD5: time = 1.040823e+00 (fn F) masses = 1 iters = 552 mflops = 2.175638e+03
 OK converged final_rsq= 9.9e-11 (cf 1e-10) rel = 1 (cf 0) restarts = 2 iters= 552
GFTIME:   time = 2.169409e-01 (Symanzik1) mflops = 2.437447e+03
FFTIME:  time = 7.351499e-01 (asqtad3) terms = 2 mflops = 2.040119e+03
CONGRAD5: time = 1.070508e+00 (fn F) masses = 1 iters = 577 mflops = 2.211110e+03
 OK converged final_rsq= 9.8e-11 (cf 1e-10) rel = 1 (cf 0) restarts = 2 iters= 577
CONGRAD5: time = 1.055650e+00 (fn F) masses = 1 iters = 569 mflops = 2.211143e+03
 OK converged final_rsq= 1e-10 (cf 1e-10) rel = 1 (cf 0) restarts = 2 iters= 569
GFTIME:   time = 2.022579e-01 (Symanzik1) mflops = 2.614394e+03
FFTIME:  time = 6.921780e-01 (asqtad3) terms = 2 mflops = 2.166774e+03
CONGRAD5: time = 1.099374e+00 (fn F) masses = 1 iters = 591 mflops = 2.205294e+03
 OK converged final_rsq= 5e-11 (cf 1e-10) rel = 1 (cf 0) restarts = 3 iters= 591
CONGRAD5: time = 1.064883e+00 (fn F) masses = 1 iters = 559 mflops = 2.153448e+03
 OK converged final_rsq= 9.9e-11 (cf 1e-10) rel = 1 (cf 0) restarts = 2 iters= 559
GFTIME:   time = 2.024732e-01 (Symanzik1) mflops = 2.611614e+03
FFTIME:  time = 6.924949e-01 (asqtad3) terms = 2 mflops = 2.165783e+03
CONGRAD5: time = 1.077013e+00 (fn F) masses = 1 iters = 579 mflops = 2.205373e+03
 OK converged final_rsq= 4.9e-11 (cf 1e-10) rel = 1 (cf 0) restarts = 3 iters= 579
CONGRAD5: time = 1.048433e+00 (fn F) masses = 1 iters = 564 mflops = 2.206799e+03
 OK converged final_rsq= 9.9e-11 (cf 1e-10) rel = 1 (cf 0) restarts = 2 iters= 564
GFTIME:   time = 2.016492e-01 (Symanzik1) mflops = 2.622286e+03
FFTIME:  time = 6.913440e-01 (asqtad3) terms = 2 mflops = 2.169388e+03
CONGRAD5: time = 1.030591e+00 (fn F) masses = 1 iters = 553 mflops = 2.201219e+03
 OK converged final_rsq= 5e-11 (cf 1e-10) rel = 1 (cf 0) restarts = 3 iters= 553
CONGRAD5: time = 1.002483e+00 (fn F) masses = 1 iters = 539 mflops = 2.205648e+03
 OK converged final_rsq= 5e-11 (cf 1e-10) rel = 1 (cf 0) restarts = 3 iters= 539
GFTIME:   time = 2.022460e-01 (Symanzik1) mflops = 2.614548e+03
FFTIME:  time = 6.906359e-01 (asqtad3) terms = 2 mflops = 2.171612e+03
CONGRAD5: time = 1.170582e+00 (fn F) masses = 1 iters = 579 mflops = 2.029089e+03
 OK converged final_rsq= 9.9e-11 (cf 1e-10) rel = 1 (cf 0) restarts = 2 iters= 579
CONGRAD5: time = 1.065147e+00 (fn F) masses = 1 iters = 566 mflops = 2.179874e+03
 OK converged final_rsq= 1e-10 (cf 1e-10) rel = 1 (cf 0) restarts = 2 iters= 566
GFTIME:   time = 2.175701e-01 (Symanzik1) mflops = 2.430398e+03
FFTIME:  time = 7.461350e-01 (asqtad3) terms = 2 mflops = 2.010083e+03
CONGRAD5: time = 1.157065e+00 (fn F) masses = 1 iters = 588 mflops = 2.084702e+03
 OK converged final_rsq= 5e-11 (cf 1e-10) rel = 1 (cf 0) restarts = 3 iters= 588
CONGRAD5: time = 1.087810e+00 (fn F) masses = 1 iters = 550 mflops = 2.074121e+03
 OK converged final_rsq= 1e-10 (cf 1e-10) rel = 1 (cf 0) restarts = 2 iters= 550
GFTIME:   time = 2.202868e-01 (Symanzik1) mflops = 2.400424e+03
FFTIME:  time = 6.869411e-01 (asqtad3) terms = 2 mflops = 2.183292e+03
CONGRAD5: time = 1.077898e+00 (fn F) masses = 1 iters = 581 mflops = 2.211174e+03
 OK converged final_rsq= 9.9e-11 (cf 1e-10) rel = 1 (cf 0) restarts = 2 iters= 581
CONGRAD5: time = 1.082280e+00 (fn F) masses = 1 iters = 582 mflops = 2.206011e+03
 OK converged final_rsq= 4.9e-11 (cf 1e-10) rel = 1 (cf 0) restarts = 3 iters= 582
GFTIME:   time = 2.022941e-01 (Symanzik1) mflops = 2.613926e+03
FFTIME:  time = 6.945908e-01 (asqtad3) terms = 2 mflops = 2.159247e+03
CONGRAD5: time = 1.097644e+00 (fn F) masses = 1 iters = 590 mflops = 2.205032e+03
 OK converged final_rsq= 4.9e-11 (cf 1e-10) rel = 1 (cf 0) restarts = 3 iters= 590
CONGRAD5: time = 1.058984e+00 (fn F) masses = 1 iters = 570 mflops = 2.208055e+03
 OK converged final_rsq= 9.9e-11 (cf 1e-10) rel = 1 (cf 0) restarts = 2 iters= 570
GFTIME:   time = 2.018671e-01 (Symanzik1) mflops = 2.619455e+03
FFTIME:  time = 6.935759e-01 (asqtad3) terms = 2 mflops = 2.162407e+03
CONGRAD5: time = 1.089201e+00 (fn F) masses = 1 iters = 586 mflops = 2.207060e+03
 OK converged final_rsq= 9.9e-11 (cf 1e-10) rel = 1 (cf 0) restarts = 2 iters= 586
CONGRAD5: time = 1.069762e+00 (fn F) masses = 1 iters = 575 mflops = 2.204982e+03
 OK converged final_rsq= 5e-11 (cf 1e-10) rel = 1 (cf 0) restarts = 3 iters= 575
GFTIME:   time = 2.019019e-01 (Symanzik1) mflops = 2.619004e+03
FFTIME:  time = 6.931810e-01 (asqtad3) terms = 2 mflops = 2.163639e+03
PLAQ:	1.498378	1.498315
P_LOOP:	-1.425405e-03	7.212264e-04
G_LOOP:  0  0  4   	1.497059e+00	( 0 1 7 6  )
G_LOOP:  0  1  4   	1.499274e+00	( 0 2 7 5  )
G_LOOP:  0  2  4   	1.498785e+00	( 0 3 7 4  )
G_LOOP:  0  3  4   	1.498802e+00	( 1 2 6 5  )
G_LOOP:  0  4  4   	1.497425e+00	( 1 3 6 4  )
G_LOOP:  0  5  4   	1.498736e+00	( 2 3 5 4  )
G_LOOP:  1  0  6   	7.399194e-01	( 0 0 1 7 7 6  )
G_LOOP:  1  1  6   	7.430089e-01	( 0 0 2 7 7 5  )
G_LOOP:  1  2  6   	7.414591e-01	( 0 0 3 7 7 4  )
G_LOOP:  1  3  6   	7.389217e-01	( 1 1 0 6 6 7  )
G_LOOP:  1  4  6   	7.400724e-01	( 1 1 2 6 6 5  )
G_LOOP:  1  5  6   	7.395153e-01	( 1 1 3 6 6 4  )
G_LOOP:  1  6  6   	7.405115e-01	( 2 2 0 5 5 7  )
G_LOOP:  1  7  6   	7.402333e-01	( 2 2 1 5 5 6  )
G_LOOP:  1  8  6   	7.377243e-01	( 2 2 3 5 5 4  )
G_LOOP:  1  9  6   	7.409357e-01	( 3 3 0 4 4 7  )
G_LOOP:  1  10  6   	7.395942e-01	( 3 3 1 4 4 6  )
G_LOOP:  1  11  6   	7.404489e-01	( 3 3 2 4 4 5  )
G_LOOP:  2  0  6   	7.594122e-01	( 0 1 2 7 6 5  )
G_LOOP:  2  1  6   	7.596657e-01	( 0 1 5 7 6 2  )
G_LOOP:  2  2  6   	7.601597e-01	( 0 6 2 7 1 5  )
G_LOOP:  2  3  6   	7.595904e-01	( 0 6 5 7 1 2  )
G_LOOP:  2  4  6   	7.588343e-01	( 0 1 3 7 6 4  )
G_LOOP:  2  5  6   	7.582933e-01	( 0 1 4 7 6 3  )
G_LOOP:  2  6  6   	7.584304e-01	( 0 6 3 7 1 4  )
G_LOOP:  2  7  6   	7.608729e-01	( 0 6 4 7 1 3  )
G_LOOP:  2  8  6   	7.603688e-01	( 0 2 3 7 5 4  )
G_LOOP:  2  9  6   	7.582701e-01	( 0 2 4 7 5 3  )
G_LOOP:  2  10  6   	7.571766e-01	( 0 5 3 7 2 4  )
G_LOOP:  2  11  6   	7.618436e-01	( 0 5 4 7 2 3  )
G_LOOP:  2  12  6   	7.616134e-01	( 1 2 3 6 5 4  )
G_LOOP:  2  13  6   	7.587059e-01	( 1 2 4 6 5 3  )
G_LOOP:  2  14  6   	7.583470e-01	( 1 5 3 6 2 4  )
G_LOOP:  2  15  6   	7.592684e-01	( 1 5 4 6 2 3  )
GACTION: 6.535243e+00
CONGRAD5: time = 1.123279e+00 (fn F) masses = 1 iters = 572 mflops = 2.088973e+03
 OK converged final_rsq= 9.9e-11 (cf 1e-10) rel = 1 (cf 0) restarts = 2 iters= 572
CONGRAD5: time = 1.310129e-01 (fn F) masses = 1 iters = 69 mflops = 2.160526e+03
 OK converged final_rsq= 9.8e-11 (cf 1e-10) rel = 1 (cf 0) restarts = 1 iters= 69
PBP: mass 1.000000e-02     3.374096e-02  3.650988e-02  3.180395e-03  3.180186e-03 ( 1 of 1 )
FACTION: mass = 1.000000e-02,  1.498849e+00 ( 1 of 1 )
CONGRAD5: time = 1.082249e+00 (fn F) masses = 1 iters = 584 mflops = 2.213656e+03
 OK converged final_rsq= 9.8e-11 (cf 1e-10) rel = 1 (cf 0) restarts = 2 iters= 584
CONGRAD5: time = 1.364129e-01 (fn F) masses = 1 iters = 72 mflops = 2.165218e+03
 OK converged final_rsq= 1e-10 (cf 1e-10) rel = 1 (cf 0) restarts = 1 iters= 72
PBP: mass 1.000000e-02     3.551763e-02  3.366062e-02  3.023770e-03  3.024664e-03 ( 1 of 1 )
FACTION: mass = 1.000000e-02,  1.498357e+00 ( 1 of 1 )
CONGRAD5: time = 1.112044e+00 (fn F) masses = 1 iters = 598 mflops = 2.205990e+03
 OK converged final_rsq= 9.5e-11 (cf 1e-10) rel = 1 (cf 0) restarts = 2 iters= 598
CONGRAD5: time = 1.201107e+00 (fn F) masses = 1 iters = 584 mflops = 1.994599e+03
 OK converged final_rsq= 9.9e-11 (cf 1e-10) rel = 1 (cf 0) restarts = 2 iters= 584
GFTIME:   time = 2.158589e-01 (Symanzik1) mflops = 2.449664e+03
FFTIME:  time = 7.491870e-01 (asqtad3) terms = 2 mflops = 2.001895e+03
CONGRAD5: time = 1.139915e+00 (fn F) masses = 1 iters = 590 mflops = 2.123264e+03
 OK converged final_rsq= 1e-10 (cf 1e-10) rel = 1 (cf 0) restarts = 2 iters= 590
CONGRAD5: time = 1.133083e+00 (fn F) masses = 1 iters = 588 mflops = 2.128825e+03
 OK converged final_rsq= 9.9e-11 (cf 1e-10) rel = 1 (cf 0) restarts = 2 iters= 588
GFTIME:   time = 2.025390e-01 (Symanzik1) mflops = 2.610766e+03
FFTIME:  time = 6.966970e-01 (asqtad3) terms = 2 mflops = 2.152720e+03
CONGRAD5: time = 1.120367e+00 (fn F) masses = 1 iters = 602 mflops = 2.204249e+03
 OK converged final_rsq= 5.6e-11 (cf 1e-10) rel = 1 (cf 0) restarts = 3 iters= 602
CONGRAD5: time = 1.119657e+00 (fn F) masses = 1 iters = 602 mflops = 2.205647e+03
 OK converged final_rsq= 3.9e-11 (cf 1e-10) rel = 1 (cf 0) restarts = 3 iters= 602
GFTIME:   time = 2.015560e-01 (Symanzik1) mflops = 2.623499e+03
FFTIME:  time = 6.941330e-01 (asqtad3) terms = 2 mflops = 2.160671e+03
CONGRAD5: time = 1.115711e+00 (fn F) masses = 1 iters = 600 mflops = 2.206094e+03
 OK converged final_rsq= 8.2e-11 (cf 1e-10) rel = 1 (cf 0) restarts = 2 iters= 600
CONGRAD5: time = 1.085904e+00 (fn F) masses = 1 iters = 584 mflops = 2.206205e+03
 OK converged final_rsq= 9.9e-11 (cf 1e-10) rel = 1 (cf 0) restarts = 2 iters= 584
GFTIME:   time = 2.021480e-01 (Symanzik1) mflops = 2.615816e+03
FFTIME:  time = 6.939659e-01 (asqtad3) terms = 2 mflops = 2.161192e+03
CONGRAD5: time = 1.116554e+00 (fn F) masses = 1 iters = 600 mflops = 2.204428e+03
 OK converged final_rsq= 9e-11 (cf 1e-10) rel = 1 (cf 0) restarts = 2 iters= 600
CONGRAD5: time = 1.070248e+00 (fn F) masses = 1 iters = 575 mflops = 2.203981e+03
 OK converged final_rsq= 9.8e-11 (cf 1e-10) rel = 1 (cf 0) restarts = 2 iters= 575
GFTIME:   time = 2.024260e-01 (Symanzik1) mflops = 2.612223e+03
FFTIME:  time = 6.932669e-01 (asqtad3) terms = 2 mflops = 2.163371e+03
CONGRAD5: time = 1.113911e+00 (fn F) masses = 1 iters = 599 mflops = 2.205976e+03
 OK converged final_rsq= 9.2e-11 (cf 1e-10) rel = 1 (cf 0) restarts = 2 iters= 599
CONGRAD5: time = 1.097802e+00 (fn F) masses = 1 iters = 590 mflops = 2.204715e+03
 OK converged final_rsq= 5e-11 (cf 1e-10) rel = 1 (cf 0) restarts = 3 iters= 590
GFTIME:   time = 2.029200e-01 (Symanzik1) mflops = 2.605864e+03
FFTIME:  time = 6.924491e-01 (asqtad3) terms = 2 mflops = 2.165926e+03
CONGRAD5: time = 1.102834e+00 (fn F) masses = 1 iters = 593 mflops = 2.205815e+03
 OK converged final_rsq= 9.8e-11 (cf 1e-10) rel = 1 (cf 0) restarts = 2 iters= 593
CONGRAD5: time = 1.206844e+00 (fn F) masses = 1 iters = 590 mflops = 2.005513e+03
 OK converged final_rsq= 1e-10 (cf 1e-10) rel = 1 (cf 0) restarts = 2 iters= 590
GFTIME:   time = 2.163019e-01 (Symanzik1) mflops = 2.444647e+03
FFTIME:  time = 7.119780e-01 (asqtad3) terms = 2 mflops = 2.106517e+03
CONGRAD5: time = 1.155218e+00 (fn F) masses = 1 iters = 595 mflops = 2.112893e+03
 OK converged final_rsq= 9.8e-11 (cf 1e-10) rel = 1 (cf 0) restarts = 2 iters= 595
CONGRAD5: time = 1.080065e+00 (fn F) masses = 1 iters = 580 mflops = 2.202939e+03
 OK converged final_rsq= 5e-11 (cf 1e-10) rel = 1 (cf 0) restarts = 3 iters= 580
GFTIME:   time = 2.025340e-01 (Symanzik1) mflops = 2.610830e+03
FFTIME:  time = 6.924801e-01 (asqtad3) terms = 2 mflops = 2.165829e+03
CONGRAD5: time = 1.111539e+00 (fn F) masses = 1 iters = 597 mflops = 2.203302e+03
 OK converged final_rsq= 5e-11 (cf 1e-10) rel = 1 (cf 0) restarts = 3 iters= 597
CONGRAD5: time = 1.106774e+00 (fn F) masses = 1 iters = 595 mflops = 2.205375e+03
 OK converged final_rsq= 9.7e-11 (cf 1e-10) rel = 1 (cf 0) restarts = 2 iters= 595
GFTIME:   time = 2.028389e-01 (Symanzik1) mflops = 2.606905e+03
FFTIME:  time = 6.908751e-01 (asqtad3) terms = 2 mflops = 2.170861e+03
CONGRAD5: time = 1.109625e+00 (fn F) masses = 1 iters = 597 mflops = 2.207103e+03
 OK converged final_rsq= 9.5e-11 (cf 1e-10) rel = 1 (cf 0) restarts = 2 iters= 597
CONGRAD5: time = 1.099674e+00 (fn F) masses = 1 iters = 592 mflops = 2.208423e+03
 OK converged final_rsq= 9.9e-11 (cf 1e-10) rel = 1 (cf 0) restarts = 2 iters= 592
GFTIME:   time = 2.025840e-01 (Symanzik1) mflops = 2.610185e+03
FFTIME:  time = 6.920099e-01 (asqtad3) terms = 2 mflops = 2.167300e+03
CONGRAD5: time = 1.106819e+00 (fn F) masses = 1 iters = 594 mflops = 2.201579e+03
 OK converged final_rsq= 5e-11 (cf 1e-10) rel = 1 (cf 0) restarts = 3 iters= 594
CONGRAD5: time = 1.110282e+00 (fn F) masses = 1 iters = 597 mflops = 2.205797e+03
 OK converged final_rsq= 9.7e-11 (cf 1e-10) rel = 1 (cf 0) restarts = 2 iters= 597
GFTIME:   time = 2.026310e-01 (Symanzik1) mflops = 2.609580e+03
FFTIME:  time = 6.879389e-01 (asqtad3) terms = 2 mflops = 2.180126e+03
CONGRAD5: time = 1.255014e+00 (fn F) masses = 1 iters = 600 mflops = 1.961224e+03
 OK converged final_rsq= 1e-10 (cf 1e-10) rel = 1 (cf 0) restarts = 2 iters= 600
CONGRAD5: time = 1.172438e+00 (fn F) masses = 1 iters = 599 mflops = 2.095856e+03
 OK converged final_rsq= 4.9e-11 (cf 1e-10) rel = 1 (cf 0) restarts = 3 iters= 599
GFTIME:   time = 2.136929e-01 (Symanzik1) mflops = 2.474494e+03
FFTIME:  time = 7.128110e-01 (asqtad3) terms = 2 mflops = 2.104055e+03
CONGRAD5: time = 1.171691e+00 (fn F) masses = 1 iters = 600 mflops = 2.100693e+03
 OK converged final_rsq= 4.8e-11 (cf 1e-10) rel = 1 (cf 0) restarts = 3 iters= 600
CONGRAD5: time = 1.109449e+00 (fn F) masses = 1 iters = 596 mflops = 2.203755e+03
 OK converged final_rsq= 4.9e-11 (cf 1e-10) rel = 1 (cf 0) restarts = 3 iters= 596
GFTIME:   time = 2.017269e-01 (Symanzik1) mflops = 2.621276e+03
FFTIME:  time = 6.863780e-01 (asqtad3) terms = 2 mflops = 2.185084e+03
CONGRAD5: time = 1.117207e+00 (fn F) masses = 1 iters = 600 mflops = 2.203140e+03
 OK converged final_rsq= 9.2e-11 (cf 1e-10) rel = 1 (cf 0) restarts = 2 iters= 600
CONGRAD5: time = 1.113854e+00 (fn F) masses = 1 iters = 599 mflops = 2.206089e+03
 OK converged final_rsq= 9.4e-11 (cf 1e-10) rel = 1 (cf 0) restarts = 2 iters= 599
GFTIME:   time = 2.028301e-01 (Symanzik1) mflops = 2.607019e+03
FFTIME:  time = 6.922688e-01 (asqtad3) terms = 2 mflops = 2.166490e+03
CONGRAD5: time = 1.115821e+00 (fn F) masses = 1 iters = 600 mflops = 2.205877e+03
 OK converged final_rsq= 9.2e-11 (cf 1e-10) rel = 1 (cf 0) restarts = 2 iters= 600
CONGRAD5: time = 1.101401e+00 (fn F) masses = 1 iters = 592 mflops = 2.204960e+03
 OK converged final_rsq= 9.7e-11 (cf 1e-10) rel = 1 (cf 0) restarts = 2 iters= 592
GFTIME:   time = 2.031610e-01 (Symanzik1) mflops = 2.602772e+03
FFTIME:  time = 6.933460e-01 (asqtad3) terms = 2 mflops = 2.163124e+03
PLAQ:	1.475001	1.474998
P_LOOP:	-1.313892e-02	2.530224e-03
G_LOOP:  0  0  4   	1.475017e+00	( 0 1 7 6  )
G_LOOP:  0  1  4   	1.473948e+00	( 0 2 7 5  )
G_LOOP:  0  2  4   	1.474896e+00	( 0 3 7 4  )
G_LOOP:  0  3  4   	1.476039e+00	( 1 2 6 5  )
G_LOOP:  0  4  4   	1.476774e+00	( 1 3 6 4  )
G_LOOP:  0  5  4   	1.473323e+00	( 2 3 5 4  )
G_LOOP:  1  0  6   	7.149324e-01	( 0 0 1 7 7 6  )
G_LOOP:  1  1  6   	7.167106e-01	( 0 0 2 7 7 5  )
G_LOOP:  1  2  6   	7.178131e-01	( 0 0 3 7 7 4  )
G_LOOP:  1  3  6   	7.154572e-01	( 1 1 0 6 6 7  )
G_LOOP:  1  4  6   	7.162602e-01	( 1 1 2 6 6 5  )
G_LOOP:  1  5  6   	7.185347e-01	( 1 1 3 6 6 4  )
G_LOOP:  1  6  6   	7.157772e-01	( 2 2 0 5 5 7  )
G_LOOP:  1  7  6   	7.152655e-01	( 2 2 1 5 5 6  )
G_LOOP:  1  8  6   	7.138774e-01	( 2 2 3 5 5 4  )
G_LOOP:  1  9  6   	7.165554e-01	( 3 3 0 4 4 7  )
G_LOOP:  1  10  6   	7.177976e-01	( 3 3 1 4 4 6  )
G_LOOP:  1  11  6   	7.130163e-01	( 3 3 2 4 4 5  )
G_LOOP:  2  0  6   	7.314737e-01	( 0 1 2 7 6 5  )
G_LOOP:  2  1  6   	7.353478e-01	( 0 1 5 7 6 2  )
G_LOOP:  2  2  6   	7.333324e-01	( 0 6 2 7 1 5  )
G_LOOP:  2  3  6   	7.329360e-01	( 0 6 5 7 1 2  )
G_LOOP:  2  4  6   	7.307580e-01	( 0 1 3 7 6 4  )
G_LOOP:  2  5  6   	7.349583e-01	( 0 1 4 7 6 3  )
G_LOOP:  2  6  6   	7.343502e-01	( 0 6 3 7 1 4  )
G_LOOP:  2  7  6   	7.348435e-01	( 0 6 4 7 1 3  )
G_LOOP:  2  8  6   	7.343590e-01	( 0 2 3 7 5 4  )
G_LOOP:  2  9  6   	7.326620e-01	( 0 2 4 7 5 3  )
G_LOOP:  2  10  6   	7.321860e-01	( 0 5 3 7 2 4  )
G_LOOP:  2  11  6   	7.354777e-01	( 0 5 4 7 2 3  )
G_LOOP:  2  12  6   	7.344863e-01	( 1 2 3 6 5 4  )
G_LOOP:  2  13  6   	7.280802e-01	( 1 2 4 6 5 3  )
G_LOOP:  2  14  6   	7.326231e-01	( 1 5 3 6 2 4  )
G_LOOP:  2  15  6   	7.326480e-01	( 1 5 4 6 2 3  )
GACTION: 6.648454e+00
CONGRAD5: time = 1.167455e+00 (fn F) masses = 1 iters = 596 mflops = 2.094260e+03
 OK converged final_rsq= 9.9e-11 (cf 1e-10) rel = 1 (cf 0) restarts = 2 iters= 596
CONGRAD5: time = 1.599050e-01 (fn F) masses = 1 iters = 84 mflops = 2.154973e+03
 OK converged final_rsq= 9.8e-11 (cf 1e-10) rel = 1 (cf 0) restarts = 1 iters= 84
PBP: mass 1.000000e-02     3.889787e-02  3.935750e-02  2.640128e-04  2.661513e-04 ( 1 of 1 )
FACTION: mass = 1.000000e-02,  1.504667e+00 ( 1 of 1 )
CONGRAD5: time = 1.104763e+00 (fn F) masses = 1 iters = 594 mflops = 2.205676e+03
 OK converged final_rsq= 9.8e-11 (cf 1e-10) rel = 1 (cf 0) restarts = 2 iters= 594
CONGRAD5: time = 1.604469e-01 (fn F) masses = 1 iters = 85 mflops = 2.173262e+03
 OK converged final_rsq= 9.9e-11 (cf 1e-10) rel = 1 (cf 0) restarts = 1 iters= 85
PBP: mass 1.000000e-02     3.917227e-02  3.686174e-02  9.128790e-04  9.101117e-04 ( 1 of 1 )
FACTION: mass = 1.000000e-02,  1.497929e+00 ( 1 of 1 )
CONGRAD5: time = 1.093706e+00 (fn F) masses = 1 iters = 587 mflops = 2.201719e+03
 OK converged final_rsq= 9.9e-11 (cf 1e-10) rel = 1 (cf 0) restarts = 2 iters= 587
CONGRAD5: time = 1.115354e+00 (fn F) masses = 1 iters = 600 mflops = 2.206800e+03
 OK converged final_rsq= 8.2e-11 (cf 1e-10) rel = 1 (cf 0) restarts = 2 iters= 600
GFTIME:   time = 2.017150e-01 (Symanzik1) mflops = 2.621430e+03
FFTIME:  time = 7.694778e-01 (asqtad3) terms = 2 mflops = 1.949105e+03
CONGRAD5: time = 1.194062e+00 (fn F) masses = 1 iters = 597 mflops = 2.051030e+03
 OK converged final_rsq= 9.6e-11 (cf 1e-10) rel = 1 (cf 0) restarts = 2 iters= 597
CONGRAD5: time = 1.102802e+00 (fn F) masses = 1 iters = 583 mflops = 2.168680e+03
 OK converged final_rsq= 9.8e-11 (cf 1e-10) rel = 1 (cf 0) restarts = 2 iters= 583
GFTIME:   time = 2.181640e-01 (Symanzik1) mflops = 2.423782e+03
FFTIME:  time = 7.496719e-01 (asqtad3) terms = 2 mflops = 2.000600e+03
CONGRAD5: time = 1.119571e+00 (fn F) masses = 1 iters = 601 mflops = 2.202152e+03
 OK converged final_rsq= 4.7e-11 (cf 1e-10) rel = 1 (cf 0) restarts = 3 iters= 601
CONGRAD5: time = 1.110968e+00 (fn F) masses = 1 iters = 597 mflops = 2.204435e+03
 OK converged final_rsq= 9.5e-11 (cf 1e-10) rel = 1 (cf 0) restarts = 2 iters= 597
GFTIME:   time = 2.019780e-01 (Symanzik1) mflops = 2.618017e+03
FFTIME:  time = 6.902080e-01 (asqtad3) terms = 2 mflops = 2.172959e+03
CONGRAD5: time = 1.113352e+00 (fn F) masses = 1 iters = 597 mflops = 2.199715e+03
 OK converged final_rsq= 9.6e-11 (cf 1e-10) rel = 1 (cf 0) restarts = 2 iters= 597
CONGRAD5: time = 1.084139e+00 (fn F) masses = 1 iters = 582 mflops = 2.202229e+03
 OK converged final_rsq= 9.8e-11 (cf 1e-10) rel = 1 (cf 0) restarts = 2 iters= 582
GFTIME:   time = 2.025149e-01 (Symanzik1) mflops = 2.611076e+03
FFTIME:  time = 6.914361e-01 (asqtad3) terms = 2 mflops = 2.169099e+03
CONGRAD5: time = 1.107039e+00 (fn F) masses = 1 iters = 594 mflops = 2.201142e+03
 OK converged final_rsq= 9.6e-11 (cf 1e-10) rel = 1 (cf 0) restarts = 2 iters= 594
CONGRAD5: time = 1.091696e+00 (fn F) masses = 1 iters = 585 mflops = 2.198258e+03
 OK converged final_rsq= 5e-11 (cf 1e-10) rel = 1 (cf 0) restarts = 3 iters= 585
GFTIME:   time = 2.025921e-01 (Symanzik1) mflops = 2.610081e+03
FFTIME:  time = 6.923890e-01 (asqtad3) terms = 2 mflops = 2.166114e+03
CONGRAD5: time = 1.105851e+00 (fn F) masses = 1 iters = 593 mflops = 2.199796e+03
 OK converged final_rsq= 9.9e-11 (cf 1e-10) rel = 1 (cf 0) restarts = 2 iters= 593
CONGRAD5: time = 1.106777e+00 (fn F) masses = 1 iters = 594 mflops = 2.201662e+03
 OK converged final_rsq= 9.8e-11 (cf 1e-10) rel = 1 (cf 0) restarts = 2 iters= 594
GFTIME:   time = 2.029459e-01 (Symanzik1) mflops = 2.605530e+03
FFTIME:  time = 6.899800e-01 (asqtad3) terms = 2 mflops = 2.173677e+03
CONGRAD5: time = 1.182608e+00 (fn F) masses = 1 iters = 590 mflops = 2.046613e+03
 OK converged final_rsq= 1e-10 (cf 1e-10) rel = 1 (cf 0) restarts = 2 iters= 590
CONGRAD5: time = 1.163896e+00 (fn F) masses = 1 iters = 588 mflops = 2.072467e+03
 OK converged final_rsq= 9.8e-11 (cf 1e-10) rel = 1 (cf 0) restarts = 2 iters= 588
GFTIME:   time = 2.125800e-01 (Symanzik1) mflops = 2.487449e+03
FFTIME:  time = 7.646942e-01 (asqtad3) terms = 2 mflops = 1.961298e+03
CONGRAD5: time = 1.187683e+00 (fn F) masses = 1 iters = 597 mflops = 2.062046e+03
 OK converged final_rsq= 4.9e-11 (cf 1e-10) rel = 1 (cf 0) restarts = 3 iters= 597
CONGRAD5: time = 1.108475e+00 (fn F) masses = 1 iters = 596 mflops = 2.205692e+03
 OK converged final_rsq= 9.7e-11 (cf 1e-10) rel = 1 (cf 0) restarts = 2 iters= 596
GFTIME:   time = 2.025800e-01 (Symanzik1) mflops = 2.610237e+03
FFTIME:  time = 6.887889e-01 (asqtad3) terms = 2 mflops = 2.177436e+03
CONGRAD5: time = 1.116110e+00 (fn F) masses = 1 iters = 599 mflops = 2.201630e+03
 OK converged final_rsq= 9.4e-11 (cf 1e-10) rel = 1 (cf 0) restarts = 2 iters= 599
CONGRAD5: time = 1.115859e+00 (fn F) masses = 1 iters = 599 mflops = 2.202125e+03
 OK converged final_rsq= 8.7e-11 (cf 1e-10) rel = 1 (cf 0) restarts = 2 iters= 599
GFTIME:   time = 2.024710e-01 (Symanzik1) mflops = 2.611642e+03
FFTIME:  time = 6.919270e-01 (asqtad3) terms = 2 mflops = 2.167560e+03
CONGRAD5: time = 1.118582e+00 (fn F) masses = 1 iters = 600 mflops = 2.200432e+03
 OK converged final_rsq= 9.5e-11 (cf 1e-10) rel = 1 (cf 0) restarts = 2 iters= 600
CONGRAD5: time = 1.122051e+00 (fn F) masses = 1 iters = 602 mflops = 2.200941e+03
 OK converged final_rsq= 4.2e-11 (cf 1e-10) rel = 1 (cf 0) restarts = 3 iters= 602
GFTIME:   time = 2.021251e-01 (Symanzik1) mflops = 2.616112e+03
FFTIME:  time = 6.901510e-01 (asqtad3) terms = 2 mflops = 2.173138e+03
CONGRAD5: time = 1.110192e+00 (fn F) masses = 1 iters = 595 mflops = 2.198585e+03
 OK converged final_rsq= 9.8e-11 (cf 1e-10) rel = 1 (cf 0) restarts = 2 iters= 595
CONGRAD5: time = 1.116791e+00 (fn F) masses = 1 iters = 599 mflops = 2.200287e+03
 OK converged final_rsq= 9.3e-11 (cf 1e-10) rel = 1 (cf 0) restarts = 2 iters= 599
GFTIME:   time = 2.023230e-01 (Symanzik1) mflops = 2.613553e+03
FFTIME:  time = 6.890750e-01 (asqtad3) terms = 2 mflops = 2.176531e+03
CONGRAD5: time = 1.123576e+00 (fn F) masses = 1 iters = 602 mflops = 2.197954e+03
 OK converged final_rsq= 7.5e-11 (cf 1e-10) rel = 1 (cf 0) restarts = 3 iters= 602
CONGRAD5: time = 1.216624e+00 (fn F) masses = 1 iters = 597 mflops = 2.012994e+03
 OK converged final_rsq= 9.7e-11 (cf 1e-10) rel = 1 (cf 0) restarts = 2 iters= 597
GFTIME:   time = 2.473500e-01 (Symanzik1) mflops = 2.137788e+03
FFTIME:  time = 7.171302e-01 (asqtad3) terms = 2 mflops = 2.091382e+03
CONGRAD5: time = 1.173948e+00 (fn F) masses = 1 iters = 602 mflops = 2.103643e+03
 OK converged final_rsq= 5.3e-11 (cf 1e-10) rel = 1 (cf 0) restarts = 3 iters= 602
CONGRAD5: time = 1.116714e+00 (fn F) masses = 1 iters = 600 mflops = 2.204112e+03
 OK converged final_rsq= 9e-11 (cf 1e-10) rel = 1 (cf 0) restarts = 2 iters= 600
GFTIME:   time = 2.022839e-01 (Symanzik1) mflops = 2.614058e+03
FFTIME:  time = 6.881752e-01 (asqtad3) terms = 2 mflops = 2.179377e+03
CONGRAD5: time = 1.124115e+00 (fn F) masses = 1 iters = 602 mflops = 2.196900e+03
 OK converged final_rsq= 5e-11 (cf 1e-10) rel = 1 (cf 0) restarts = 3 iters= 602
CONGRAD5: time = 1.112703e+00 (fn F) masses = 1 iters = 596 mflops = 2.197310e+03
 OK converged final_rsq= 4.9e-11 (cf 1e-10) rel = 1 (cf 0) restarts = 3 iters= 596
GFTIME:   time = 2.024572e-01 (Symanzik1) mflops = 2.611820e+03
FFTIME:  time = 6.922588e-01 (asqtad3) terms = 2 mflops = 2.166521e+03
CONGRAD5: time = 1.123550e+00 (fn F) masses = 1 iters = 602 mflops = 2.198004e+03
 OK converged final_rsq= 7.4e-11 (cf 1e-10) rel = 1 (cf 0) restarts = 3 iters= 602
CONGRAD5: time = 1.122931e+00 (fn F) masses = 1 iters = 602 mflops = 2.199216e+03
 OK converged final_rsq= 4.3e-11 (cf 1e-10) rel = 1 (cf 0) restarts = 3 iters= 602
GFTIME:   time = 2.027540e-01 (Symanzik1) mflops = 2.607997e+03
FFTIME:  time = 6.917078e-01 (asqtad3) terms = 2 mflops = 2.168247e+03
PLAQ:	1.458382	1.459244
P_LOOP:	-7.236382e-03	2.135054e-03
G_LOOP:  0  0  4   	1.459041e+00	( 0 1 7 6  )
G_LOOP:  0  1  4   	1.459592e+00	( 0 2 7 5  )
G_LOOP:  0  2  4   	1.460741e+00	( 0 3 7 4  )
G_LOOP:  0  3  4   	1.456512e+00	( 1 2 6 5  )
G_LOOP:  0  4  4   	1.459949e+00	( 1 3 6 4  )
G_LOOP:  0  5  4   	1.457043e+00	( 2 3 5 4  )
G_LOOP:  1  0  6   	7.008437e-01	( 0 0 1 7 7 6  )
G_LOOP:  1  1  6   	7.024422e-01	( 0 0 2 7 7 5  )
G_LOOP:  1  2  6   	7.022045e-01	( 0 0 3 7 7 4  )
G_LOOP:  1  3  6   	6.981945e-01	( 1 1 0 6 6 7  )
G_LOOP:  1  4  6   	6.967423e-01	( 1 1 2 6 6 5  )
G_LOOP:  1  5  6   	6.998570e-01	( 1 1 3 6 6 4  )
G_LOOP:  1  6  6   	6.974073e-01	( 2 2 0 5 5 7  )
G_LOOP:  1  7  6   	6.967411e-01	( 2 2 1 5 5 6  )
G_LOOP:  1  8  6   	6.947241e-01	( 2 2 3 5 5 4  )
G_LOOP:  1  9  6   	7.018607e-01	( 3 3 0 4 4 7  )
G_LOOP:  1  10  6   	6.997974e-01	( 3 3 1 4 4 6  )
G_LOOP:  1  11  6   	6.979917e-01	( 3 3 2 4 4 5  )
G_LOOP:  2  0  6   	7.120689e-01	( 0 1 2 7 6 5  )
G_LOOP:  2  1  6   	7.130694e-01	( 0 1 5 7 6 2  )
G_LOOP:  2  2  6   	7.118460e-01	( 0 6 2 7 1 5  )
G_LOOP:  2  3  6   	7.144478e-01	( 0 6 5 7 1 2  )
G_LOOP:  2  4  6   	7.107637e-01	( 0 1 3 7 6 4  )
G_LOOP:  2  5  6   	7.152958e-01	( 0 1 4 7 6 3  )
G_LOOP:  2  6  6   	7.168571e-01	( 0 6 3 7 1 4  )
G_LOOP:  2  7  6   	7.159872e-01	( 0 6 4 7 1 3  )
G_LOOP:  2  8  6   	7.144638e-01	( 0 2 3 7 5 4  )
G_LOOP:  2  9  6   	7.136637e-01	( 0 2 4 7 5 3  )
G_LOOP:  2  10  6   	7.141741e-01	( 0 5 3 7 2 4  )
G_LOOP:  2  11  6   	7.158655e-01	( 0 5 4 7 2 3  )
G_LOOP:  2  12  6   	7.132711e-01	( 1 2 3 6 5 4  )
G_LOOP:  2  13  6   	7.129264e-01	( 1 2 4 6 5 3  )
G_LOOP:  2  14  6   	7.138391e-01	( 1 5 3 6 2 4  )
G_LOOP:  2  15  6   	7.128541e-01	( 1 5 4 6 2 3  )
GACTION: 6.726613e+00
CONGRAD5: time = 1.180302e+00 (fn F) masses = 1 iters = 600 mflops = 2.085367e+03
 OK converged final_rsq= 9.6e-11 (cf 1e-10) rel = 1 (cf 0) restarts = 2 iters= 600
CONGRAD5: time = 1.970711e-01 (fn F) masses = 1 iters = 104 mflops = 2.164885e+03
 OK converged final_rsq= 5e-11 (cf 1e-10) rel = 1 (cf 0) restarts = 2 iters= 104
PBP: mass 1.000000e-02     4.449007e-02  4.190511e-02  -5.189667e-03  -5.185780e-03 ( 1 of 1 )
FACTION: mass = 1.000000e-02,  1.497726e+00 ( 1 of 1 )
CONGRAD5: time = 1.106874e+00 (fn F) masses = 1 iters = 596 mflops = 2.208882e+03
 OK converged final_rsq= 9.8e-11 (cf 1e-10) rel = 1 (cf 0) restarts = 2 iters= 596
CONGRAD5: time = 1.497869e-01 (fn F) masses = 1 iters = 79 mflops = 2.163603e+03
 OK converged final_rsq= 9.9e-11 (cf 1e-10) rel = 1 (cf 0) restarts = 1 iters= 79
PBP: mass 1.000000e-02     4.199659e-02  4.043856e-02  -1.511896e-03  -1.510417e-03 ( 1 of 1 )
FACTION: mass = 1.000000e-02,  1.500399e+00 ( 1 of 1 )
RUNNING COMPLETED
average cg iters for step= 1.156500e+03
Time = 2.191820e+02 seconds
total_iters = 144743
Checksums e2893c0a 4fa69452
Saved gauge configuration in parallel to binary file lat_p64_size128_2
Time stamp Tue May 17 23:07:18 2022
Wrote info file lat_p64_size128_2.info
Time to save = 5.445571e-01
CHECK PLAQ: 1.458382e+00 1.459244e+00
CHECK NERSC LINKTR: 1.429972e-01 CKSUM: 32bc4a48


get_i(0): EOF on input.
Elapsed total time: 257.465383
exit: Tue May 17 23:07:18 2022

