srun: Job 37446842 step creation temporarily disabled, retrying (Requested nodes are busy)
srun: Step created for job 37446842
shell-init: error retrieving current directory: getcwd: cannot access parent directories: No such file or directory
shell-init: error retrieving current directory: getcwd: cannot access parent directories: No such file or directory
shell-init: error retrieving current directory: getcwd: cannot access parent directories: No such file or directory
shell-init: error retrieving current directory: getcwd: cannot access parent directories: No such file or directory
[3170562.476783088] [nid01564-32838] [MPI hook] [WARN] WARNING: could not find ABI-compatible counterpart for host lib ("/usr/lib64/libpcre.so.1") inside container (best candidate found: "/lib/x86_64-linux-gnu/libpcre.so.3") => adding host lib ("/usr/lib64/libpcre.so.1") into container's /lib via bind mount 
[3170562.477045127] [nid01564-32840] [MPI hook] [WARN] WARNING: could not find ABI-compatible counterpart for host lib ("/usr/lib64/libpcre.so.1") inside container (best candidate found: "/lib/x86_64-linux-gnu/libpcre.so.3") => adding host lib ("/usr/lib64/libpcre.so.1") into container's /lib via bind mount 
[3170562.477077808] [nid01564-32839] [MPI hook] [WARN] WARNING: could not find ABI-compatible counterpart for host lib ("/usr/lib64/libpcre.so.1") inside container (best candidate found: "/lib/x86_64-linux-gnu/libpcre.so.3") => adding host lib ("/usr/lib64/libpcre.so.1") into container's /lib via bind mount 
[3170562.477073106] [nid01564-32837] [MPI hook] [WARN] WARNING: could not find ABI-compatible counterpart for host lib ("/usr/lib64/libpcre.so.1") inside container (best candidate found: "/lib/x86_64-linux-gnu/libpcre.so.3") => adding host lib ("/usr/lib64/libpcre.so.1") into container's /lib via bind mount 


 NAS Parallel Benchmarks 3.4 -- FT Benchmark

 No input file inputft.data. Using compiled defaults
 Size                :  128x 128x  32  (class W)
 Iterations          :              6
 Number of processes :              4
 Processor array     :         1x   4
 Layout type         :             1D

 Initialization time =      0.0110

 T =    1     Checksum =    5.673612178944D+02    5.293246849175D+02
 T =    2     Checksum =    5.631436885271D+02    5.282149986629D+02
 T =    3     Checksum =    5.594024089970D+02    5.270996558037D+02
 T =    4     Checksum =    5.560698047020D+02    5.260027904925D+02
 T =    5     Checksum =    5.530898991250D+02    5.249400845633D+02
 T =    6     Checksum =    5.504159734538D+02    5.239212247086D+02
 Result verification successful


 FT Benchmark Completed.
 Class           =                        W
 Size            =            128x 128x  32
 Iterations      =                        6
 Time in seconds =                     0.05
 Total processes =                        4
 Active processes=                        4
 Mop/s total     =                  7925.52
 Mop/s/process   =                  1981.38
 Operation type  =           floating point
 Verification    =               SUCCESSFUL
 Version         =                    3.4.2
 Compile date    =              31 Mar 2022

 Compile options:
    MPIFC        = mpif90
    FLINK        = $(MPIFC)
    FMPI_LIB     = (none)
    FMPI_INC     = (none)
    FFLAGS       = -O3
    FLINKFLAGS   = $(FFLAGS)
    RAND         = randi8


 Please send feedbacks and/or the results of this run to:

 NPB Development Team 
 Internet: npb@nas.nasa.gov


