cpu-bind=MASK - ault01, task  1  1 [1158776]: mask 0x40000000040000 set
cpu-bind=MASK - ault01, task  5  5 [1158780]: mask 0x100000000100000 set
cpu-bind=MASK - ault01, task  7  7 [1158782]: mask 0x200000000200000 set
cpu-bind=MASK - ault01, task 15 15 [1158790]: mask 0x2000000002000000 set
cpu-bind=MASK - ault01, task 17 17 [1158792]: mask 0x4000000004000000 set
cpu-bind=MASK - ault01, task  3  3 [1158778]: mask 0x80000000080000 set
cpu-bind=MASK - ault01, task  4  4 [1158779]: mask 0x8000000008 set
cpu-bind=MASK - ault01, task 11 11 [1158786]: mask 0x800000000800000 set
cpu-bind=MASK - ault01, task  0  0 [1158775]: mask 0x2000000002 set
cpu-bind=MASK - ault01, task  2  2 [1158777]: mask 0x4000000004 set
cpu-bind=MASK - ault01, task  6  6 [1158781]: mask 0x10000000010 set
cpu-bind=MASK - ault01, task  9  9 [1158784]: mask 0x400000000400000 set
cpu-bind=MASK - ault01, task 10 10 [1158785]: mask 0x40000000040 set
cpu-bind=MASK - ault01, task 12 12 [1158787]: mask 0x80000000080 set
cpu-bind=MASK - ault01, task 20 20 [1158795]: mask 0x800000000800 set
cpu-bind=MASK - ault01, task 21 21 [1158796]: mask 0x1000000001000 set
cpu-bind=MASK - ault01, task 22 22 [1158797]: mask 0x2000000002000 set
cpu-bind=MASK - ault01, task 23 23 [1158798]: mask 0x4000000004000 set
cpu-bind=MASK - ault01, task 24 24 [1158799]: mask 0x8000000008000 set
cpu-bind=MASK - ault01, task 25 25 [1158800]: mask 0x10000000010000 set
cpu-bind=MASK - ault01, task 26 26 [1158801]: mask 0x20000000020000 set
cpu-bind=MASK - ault01, task  8  8 [1158783]: mask 0x20000000020 set
cpu-bind=MASK - ault01, task 13 13 [1158788]: mask 0x1000000001000000 set
cpu-bind=MASK - ault01, task 16 16 [1158791]: mask 0x200000000200 set
cpu-bind=MASK - ault01, task 18 18 [1158793]: mask 0x400000000400 set
cpu-bind=MASK - ault01, task 19 19 [1158794]: mask 0x8000000008000000 set
cpu-bind=MASK - ault01, task 14 14 [1158789]: mask 0x100000000100 set
Running problem size 25^3 per domain until completion
Num processors: 27
Num threads: 1
Total number of elements: 421875 

To run other sizes, use -s <integer>.
To run a fixed number of iterations, use -i <integer>.
To run a more or less balanced region set, use -b <integer>.
To change the relative costs of regions, use -c <integer>.
To print out progress, use -p
To write an output file for VisIt, use -v
See help (-h) for more options

Run completed:
   Problem size        =  25
   MPI tasks           =  27
   Iteration count     =  2588
   Final Origin Energy =  1.067042e+06
   Testing Plane 0 of Energy Array on rank 0:
        MaxAbsDiff   = 3.565219e-10
        TotalAbsDiff = 6.068149e-09
        MaxRelDiff   = 4.142565e-14

Elapsed time         = 188.7126214 (s)
Grind time (us/z/c)  =  4.6667727 (per dom)  ( 188.71262 overall)
FOM                  =  5785.5828 (z/s)

