cpu-bind=MASK - ault01, task  1  1 [1154563]: mask 0x40000000040000 set
cpu-bind=MASK - ault01, task  5  5 [1154567]: mask 0x100000000100000 set
cpu-bind=MASK - ault01, task 17 17 [1154579]: mask 0x4000000004000000 set
cpu-bind=MASK - ault01, task 19 19 [1154581]: mask 0x8000000008000000 set
cpu-bind=MASK - ault01, task  3  3 [1154565]: mask 0x80000000080000 set
cpu-bind=MASK - ault01, task 12 12 [1154574]: mask 0x80000000080 set
cpu-bind=MASK - ault01, task 14 14 [1154576]: mask 0x100000000100 set
cpu-bind=MASK - ault01, task 20 20 [1154582]: mask 0x800000000800 set
cpu-bind=MASK - ault01, task 21 21 [1154583]: mask 0x1000000001000 set
cpu-bind=MASK - ault01, task 22 22 [1154584]: mask 0x2000000002000 set
cpu-bind=MASK - ault01, task  0  0 [1154562]: mask 0x2000000002 set
cpu-bind=MASK - ault01, task  2  2 [1154564]: mask 0x4000000004 set
cpu-bind=MASK - ault01, task  4  4 [1154566]: mask 0x8000000008 set
cpu-bind=MASK - ault01, task  6  6 [1154568]: mask 0x10000000010 set
cpu-bind=MASK - ault01, task  7  7 [1154569]: mask 0x200000000200000 set
cpu-bind=MASK - ault01, task  8  8 [1154570]: mask 0x20000000020 set
cpu-bind=MASK - ault01, task  9  9 [1154571]: mask 0x400000000400000 set
cpu-bind=MASK - ault01, task 10 10 [1154572]: mask 0x40000000040 set
cpu-bind=MASK - ault01, task 11 11 [1154573]: mask 0x800000000800000 set
cpu-bind=MASK - ault01, task 13 13 [1154575]: mask 0x1000000001000000 set
cpu-bind=MASK - ault01, task 15 15 [1154577]: mask 0x2000000002000000 set
cpu-bind=MASK - ault01, task 16 16 [1154578]: mask 0x200000000200 set
cpu-bind=MASK - ault01, task 18 18 [1154580]: mask 0x400000000400 set
cpu-bind=MASK - ault01, task 23 23 [1154585]: mask 0x4000000004000 set
cpu-bind=MASK - ault01, task 24 24 [1154586]: mask 0x8000000008000 set
cpu-bind=MASK - ault01, task 25 25 [1154587]: mask 0x10000000010000 set
cpu-bind=MASK - ault01, task 26 26 [1154588]: mask 0x20000000020000 set
Running problem size 20^3 per domain until completion
Num processors: 27
Num threads: 1
Total number of elements: 216000 

To run other sizes, use -s <integer>.
To run a fixed number of iterations, use -i <integer>.
To run a more or less balanced region set, use -b <integer>.
To change the relative costs of regions, use -c <integer>.
To print out progress, use -p
To write an output file for VisIt, use -v
See help (-h) for more options

Run completed:
   Problem size        =  20
   MPI tasks           =  27
   Iteration count     =  2031
   Final Origin Energy =  7.130703e+05
   Testing Plane 0 of Energy Array on rank 0:
        MaxAbsDiff   = 2.910383e-10
        TotalAbsDiff = 2.750312e-09
        MaxRelDiff   = 1.979550e-14

Elapsed time         = 75.55956369 (s)
Grind time (us/z/c)  =  4.6503917 (per dom)  ( 75.559564 overall)
FOM                  =  5805.9626 (z/s)

