srun: Warning: can't honor --ntasks-per-node set to 32 which doesn't match the requested tasks 125 with the number of requested nodes 4. Ignoring --ntasks-per-node.
cpu-bind=MASK - ault03, task 70  7 [141563]: mask 0x200000000200000 set
cpu-bind=MASK - ault03, task 68  5 [141561]: mask 0x100000000100000 set
cpu-bind=MASK - ault03, task 63  0 [141556]: mask 0x2000000002 set
cpu-bind=MASK - ault03, task 66  3 [141559]: mask 0x80000000080000 set
cpu-bind=MASK - ault03, task 77 14 [141570]: mask 0x100000000100 set
cpu-bind=MASK - ault03, task 64  1 [141557]: mask 0x40000000040000 set
cpu-bind=MASK - ault03, task 67  4 [141560]: mask 0x8000000008 set
cpu-bind=MASK - ault03, task 72  9 [141565]: mask 0x400000000400000 set
cpu-bind=MASK - ault03, task 74 11 [141567]: mask 0x800000000800000 set
cpu-bind=MASK - ault03, task 84 21 [141577]: mask 0x10000000010000000 set
cpu-bind=MASK - ault03, task 85 22 [141578]: mask 0x1000000001000 set
cpu-bind=MASK - ault03, task 88 25 [141581]: mask 0x40000000040000000 set
cpu-bind=MASK - ault03, task 89 26 [141582]: mask 0x4000000004000 set
cpu-bind=MASK - ault03, task 93 30 [141586]: mask 0x10000000010000 set
cpu-bind=MASK - ault03, task 65  2 [141558]: mask 0x4000000004 set
cpu-bind=MASK - ault03, task 69  6 [141562]: mask 0x10000000010 set
cpu-bind=MASK - ault03, task 71  8 [141564]: mask 0x20000000020 set
cpu-bind=MASK - ault03, task 73 10 [141566]: mask 0x40000000040 set
cpu-bind=MASK - ault03, task 75 12 [141568]: mask 0x80000000080 set
cpu-bind=MASK - ault03, task 76 13 [141569]: mask 0x1000000001000000 set
cpu-bind=MASK - ault03, task 78 15 [141571]: mask 0x2000000002000000 set
cpu-bind=MASK - ault03, task 79 16 [141572]: mask 0x200000000200 set
cpu-bind=MASK - ault03, task 80 17 [141573]: mask 0x4000000004000000 set
cpu-bind=MASK - ault03, task 81 18 [141574]: mask 0x400000000400 set
cpu-bind=MASK - ault03, task 82 19 [141575]: mask 0x8000000008000000 set
cpu-bind=MASK - ault03, task 83 20 [141576]: mask 0x800000000800 set
cpu-bind=MASK - ault03, task 86 23 [141579]: mask 0x20000000020000000 set
cpu-bind=MASK - ault03, task 87 24 [141580]: mask 0x2000000002000 set
cpu-bind=MASK - ault03, task 90 27 [141583]: mask 0x80000000080000000 set
cpu-bind=MASK - ault03, task 91 28 [141584]: mask 0x8000000008000 set
cpu-bind=MASK - ault03, task 92 29 [141585]: mask 0x100000000100000000 set
cpu-bind=MASK - ault02, task 49 17 [78618]: mask 0x4000000004000000 set
cpu-bind=MASK - ault02, task 53 21 [78622]: mask 0x10000000010000000 set
cpu-bind=MASK - ault02, task 33  1 [78602]: mask 0x40000000040000 set
cpu-bind=MASK - ault02, task 37  5 [78606]: mask 0x100000000100000 set
cpu-bind=MASK - ault02, task 62 30 [78631]: mask 0x10000000010000 set
cpu-bind=MASK - ault02, task 43 11 [78612]: mask 0x800000000800000 set
cpu-bind=MASK - ault02, task 50 18 [78619]: mask 0x400000000400 set
cpu-bind=MASK - ault02, task 54 22 [78623]: mask 0x1000000001000 set
cpu-bind=MASK - ault02, task 60 28 [78629]: mask 0x8000000008000 set
cpu-bind=MASK - ault02, task 61 29 [78630]: mask 0x100000000100000000 set
cpu-bind=MASK - ault02, task 32  0 [78601]: mask 0x2000000002 set
cpu-bind=MASK - ault02, task 34  2 [78603]: mask 0x4000000004 set
cpu-bind=MASK - ault02, task 35  3 [78604]: mask 0x80000000080000 set
cpu-bind=MASK - ault02, task 36  4 [78605]: mask 0x8000000008 set
cpu-bind=MASK - ault02, task 38  6 [78607]: mask 0x10000000010 set
cpu-bind=MASK - ault02, task 39  7 [78608]: mask 0x200000000200000 set
cpu-bind=MASK - ault02, task 40  8 [78609]: mask 0x20000000020 set
cpu-bind=MASK - ault02, task 41  9 [78610]: mask 0x400000000400000 set
cpu-bind=MASK - ault02, task 42 10 [78611]: mask 0x40000000040 set
cpu-bind=MASK - ault02, task 44 12 [78613]: mask 0x80000000080 set
cpu-bind=MASK - ault02, task 45 13 [78614]: mask 0x1000000001000000 set
cpu-bind=MASK - ault02, task 46 14 [78615]: mask 0x100000000100 set
cpu-bind=MASK - ault02, task 47 15 [78616]: mask 0x2000000002000000 set
cpu-bind=MASK - ault02, task 48 16 [78617]: mask 0x200000000200 set
cpu-bind=MASK - ault02, task 51 19 [78620]: mask 0x8000000008000000 set
cpu-bind=MASK - ault02, task 52 20 [78621]: mask 0x800000000800 set
cpu-bind=MASK - ault02, task 55 23 [78624]: mask 0x20000000020000000 set
cpu-bind=MASK - ault02, task 56 24 [78625]: mask 0x2000000002000 set
cpu-bind=MASK - ault02, task 57 25 [78626]: mask 0x40000000040000000 set
cpu-bind=MASK - ault02, task 58 26 [78627]: mask 0x4000000004000 set
cpu-bind=MASK - ault04, task 116 22 [3043303]: mask 0x1000000001000 set
cpu-bind=MASK - ault02, task 59 27 [78628]: mask 0x80000000080000000 set
cpu-bind=MASK - ault04, task 95  1 [3043282]: mask 0x40000000040000 set
cpu-bind=MASK - ault04, task 121 27 [3043308]: mask 0x80000000080000000 set
cpu-bind=MASK - ault04, task 96  2 [3043283]: mask 0x4000000004 set
cpu-bind=MASK - ault04, task 122 28 [3043309]: mask 0x8000000008000 set
cpu-bind=MASK - ault04, task 98  4 [3043285]: mask 0x8000000008 set
cpu-bind=MASK - ault04, task 99  5 [3043286]: mask 0x100000000100000 set
cpu-bind=MASK - ault04, task 103  9 [3043290]: mask 0x400000000400000 set
cpu-bind=MASK - ault04, task 114 20 [3043301]: mask 0x800000000800 set
cpu-bind=MASK - ault04, task 117 23 [3043304]: mask 0x20000000020000000 set
cpu-bind=MASK - ault04, task 118 24 [3043305]: mask 0x2000000002000 set
cpu-bind=MASK - ault04, task 123 29 [3043310]: mask 0x100000000100000000 set
cpu-bind=MASK - ault04, task 94  0 [3043281]: mask 0x2000000002 set
cpu-bind=MASK - ault04, task 97  3 [3043284]: mask 0x80000000080000 set
cpu-bind=MASK - ault04, task 104 10 [3043291]: mask 0x40000000040 set
cpu-bind=MASK - ault04, task 107 13 [3043294]: mask 0x1000000001000000 set
cpu-bind=MASK - ault04, task 115 21 [3043302]: mask 0x10000000010000000 set
cpu-bind=MASK - ault04, task 119 25 [3043306]: mask 0x40000000040000000 set
cpu-bind=MASK - ault04, task 120 26 [3043307]: mask 0x4000000004000 set
cpu-bind=MASK - ault04, task 100  6 [3043287]: mask 0x10000000010 set
cpu-bind=MASK - ault04, task 101  7 [3043288]: mask 0x200000000200000 set
cpu-bind=MASK - ault04, task 102  8 [3043289]: mask 0x20000000020 set
cpu-bind=MASK - ault04, task 105 11 [3043292]: mask 0x800000000800000 set
cpu-bind=MASK - ault04, task 106 12 [3043293]: mask 0x80000000080 set
cpu-bind=MASK - ault04, task 108 14 [3043295]: mask 0x100000000100 set
cpu-bind=MASK - ault04, task 109 15 [3043296]: mask 0x2000000002000000 set
cpu-bind=MASK - ault04, task 110 16 [3043297]: mask 0x200000000200 set
cpu-bind=MASK - ault04, task 111 17 [3043298]: mask 0x4000000004000000 set
cpu-bind=MASK - ault04, task 112 18 [3043299]: mask 0x400000000400 set
cpu-bind=MASK - ault04, task 113 19 [3043300]: mask 0x8000000008000000 set
cpu-bind=MASK - ault04, task 124 30 [3043311]: mask 0x10000000010000 set
cpu-bind=MASK - ault01, task  0  0 [271041]: mask 0x2000000002 set
cpu-bind=MASK - ault01, task  2  2 [271043]: mask 0x4000000004 set
cpu-bind=MASK - ault01, task  3  3 [271044]: mask 0x80000000080000 set
cpu-bind=MASK - ault01, task  4  4 [271045]: mask 0x8000000008 set
cpu-bind=MASK - ault01, task  5  5 [271046]: mask 0x100000000100000 set
cpu-bind=MASK - ault01, task  6  6 [271047]: mask 0x10000000010 set
cpu-bind=MASK - ault01, task  8  8 [271049]: mask 0x20000000020 set
cpu-bind=MASK - ault01, task  9  9 [271050]: mask 0x400000000400000 set
cpu-bind=MASK - ault01, task 11 11 [271052]: mask 0x800000000800000 set
cpu-bind=MASK - ault01, task 14 14 [271055]: mask 0x100000000100 set
cpu-bind=MASK - ault01, task 15 15 [271056]: mask 0x2000000002000000 set
cpu-bind=MASK - ault01, task 18 18 [271059]: mask 0x400000000400 set
cpu-bind=MASK - ault01, task 27 27 [271068]: mask 0x80000000080000000 set
cpu-bind=MASK - ault01, task 28 28 [271069]: mask 0x8000000008000 set
cpu-bind=MASK - ault01, task  1  1 [271042]: mask 0x40000000040000 set
cpu-bind=MASK - ault01, task  7  7 [271048]: mask 0x200000000200000 set
cpu-bind=MASK - ault01, task 10 10 [271051]: mask 0x40000000040 set
cpu-bind=MASK - ault01, task 12 12 [271053]: mask 0x80000000080 set
cpu-bind=MASK - ault01, task 13 13 [271054]: mask 0x1000000001000000 set
cpu-bind=MASK - ault01, task 16 16 [271057]: mask 0x200000000200 set
cpu-bind=MASK - ault01, task 17 17 [271058]: mask 0x4000000004000000 set
cpu-bind=MASK - ault01, task 19 19 [271060]: mask 0x8000000008000000 set
cpu-bind=MASK - ault01, task 20 20 [271061]: mask 0x800000000800 set
cpu-bind=MASK - ault01, task 21 21 [271062]: mask 0x10000000010000000 set
cpu-bind=MASK - ault01, task 22 22 [271063]: mask 0x1000000001000 set
cpu-bind=MASK - ault01, task 23 23 [271064]: mask 0x20000000020000000 set
cpu-bind=MASK - ault01, task 25 25 [271066]: mask 0x40000000040000000 set
cpu-bind=MASK - ault01, task 29 29 [271070]: mask 0x100000000100000000 set
cpu-bind=MASK - ault01, task 30 30 [271071]: mask 0x10000000010000 set
cpu-bind=MASK - ault01, task 24 24 [271065]: mask 0x2000000002000 set
cpu-bind=MASK - ault01, task 31 31 [271072]: mask 0x20000000020000 set
cpu-bind=MASK - ault01, task 26 26 [271067]: mask 0x4000000004000 set
Running problem size 25^3 per domain until completion
Num processors: 125
Num threads: 1
Total number of elements: 1953125 

To run other sizes, use -s <integer>.
To run a fixed number of iterations, use -i <integer>.
To run a more or less balanced region set, use -b <integer>.
To change the relative costs of regions, use -c <integer>.
To print out progress, use -p
To write an output file for VisIt, use -v
See help (-h) for more options

Run completed:
   Problem size        =  25
   MPI tasks           =  125
   Iteration count     =  4448
   Final Origin Energy =  2.679390e+06
   Testing Plane 0 of Energy Array on rank 0:
        MaxAbsDiff   = 1.309672e-09
        TotalAbsDiff = 1.867465e-08
        MaxRelDiff   = 3.856731e-14

Elapsed time         = 319.8776841 (s)
Grind time (us/z/c)  =  4.6025566 (per dom)  ( 319.87768 overall)
FOM                  =  27158.819 (z/s)

