SU3 with improved KS action
Microcanonical simulation with refreshing
R algorithm
MIMD version 7.8.1
Machine = MPI (portable), with 32 nodes
Host(0) = ault02.cscs.ch
Username = mcopik
Options selected...
Generic single precision
C_GLOBAL_INLINE
DBLSTORE_FN
D_FN_GATHER13
FEWSUMS
KS_MULTIFF=FNMAT
VECLENGTH=4
type 0 for no prompts, 1 for prompts, or 2 for proofreading
nflavors1 2
nflavors2 1
nx 16
ny 8
nz 8
nt 36
iseed 5682304
LAYOUT = Hypercubes, options = hyper_prime,
automatic hyper_prime layout
ON EACH NODE 4 x 4 x 8 x 9
Mallocing 1.1 MBytes per node for lattice
WARNING!!: Resetting random seed
Made lattice
Made nn gathers
Made 3nn gathers
Finished setup


warms 0
trajecs 4
traj_between_meas 1
beta 5.6
mass1 0.125
mass2 0.125
u0 0.8441
microcanonical_time_step 0.2
steps_per_trajectory 5
max_cg_iterations 100
max_cg_restarts 5
error_per_site 0.125
error_for_propagator 0.125
npbp_reps 1
prec_pbp 1
fresh 
save_parallel lat_p64_size64_1
unit gauge configuration loaded
CHECK PLAQ: 3.000000e+00 3.000000e+00
CHECK NERSC LINKTR: 1.000000e+00 CKSUM: 0
Unitarity checked.  Max deviation 0.00e+00
Time to check unitarity = 3.139973e-04
"O(a^2): couplings(pi)=0, Naik term, No O(a^2) errors, tadpole weights"
path coefficients: npath  path_coeff  multiplicity
                    0      6.250000e-01     8
                    1      -5.847914e-02     8
                    2      -8.771871e-02     48
                    3      3.077829e-02     192
                    4      -7.199551e-03     384
                    5      -1.231132e-01     48
Symanzik 1x1 + 1x2 + 1x1x1 action
gauge_action: total_dyn_flavors = 3
loop coefficients: nloop rep loop_coeff  multiplicity
                    0 0      1.000000e+00     6
                    1 0      -7.762509e-02     12
                    2 0      -1.031171e-02     16
WARMUPS COMPLETED
CONGRAD5: time = 2.292871e-03 (fn F) masses = 1 iters = 4 mflops = 2.385522e+03
 OK converged final_rsq= 0.0061 (cf 0.016) rel = 1 (cf 0) restarts = 1 iters= 4
CONGRAD5: time = 2.305031e-03 (fn F) masses = 1 iters = 4 mflops = 2.372938e+03
 OK converged final_rsq= 0.006 (cf 0.016) rel = 1 (cf 0) restarts = 1 iters= 4
GFTIME:   time = 4.083014e-02 (Symanzik1) mflops = 4.316924e+03
FFTIME:  time = 1.035230e-01 (asqtad3) terms = 2 mflops = 4.829179e+03
CONGRAD5: time = 2.189159e-03 (fn F) masses = 1 iters = 4 mflops = 2.498537e+03
 OK converged final_rsq= 0.01 (cf 0.016) rel = 1 (cf 0) restarts = 1 iters= 4
CONGRAD5: time = 2.322912e-03 (fn F) masses = 1 iters = 4 mflops = 2.354672e+03
 OK converged final_rsq= 0.0097 (cf 0.016) rel = 1 (cf 0) restarts = 1 iters= 4
GFTIME:   time = 4.056191e-02 (Symanzik1) mflops = 4.345471e+03
FFTIME:  time = 1.035891e-01 (asqtad3) terms = 2 mflops = 4.826100e+03
CONGRAD5: time = 2.145052e-03 (fn F) masses = 1 iters = 4 mflops = 2.549913e+03
 OK converged final_rsq= 0.014 (cf 0.016) rel = 1 (cf 0) restarts = 1 iters= 4
CONGRAD5: time = 2.271891e-03 (fn F) masses = 1 iters = 4 mflops = 2.407553e+03
 OK converged final_rsq= 0.014 (cf 0.016) rel = 1 (cf 0) restarts = 1 iters= 4
GFTIME:   time = 4.086900e-02 (Symanzik1) mflops = 4.312819e+03
FFTIME:  time = 1.037049e-01 (asqtad3) terms = 2 mflops = 4.820708e+03
CONGRAD5: time = 2.068996e-03 (fn F) masses = 1 iters = 4 mflops = 2.643647e+03
 OK converged final_rsq= 0.013 (cf 0.016) rel = 1 (cf 0) restarts = 1 iters= 4
CONGRAD5: time = 2.190113e-03 (fn F) masses = 1 iters = 4 mflops = 2.497449e+03
 OK converged final_rsq= 0.013 (cf 0.016) rel = 1 (cf 0) restarts = 1 iters= 4
GFTIME:   time = 4.105401e-02 (Symanzik1) mflops = 4.293383e+03
FFTIME:  time = 1.037910e-01 (asqtad3) terms = 2 mflops = 4.816710e+03
CONGRAD5: time = 2.148151e-03 (fn F) masses = 1 iters = 4 mflops = 2.546234e+03
 OK converged final_rsq= 0.011 (cf 0.016) rel = 1 (cf 0) restarts = 1 iters= 4
CONGRAD5: time = 2.156019e-03 (fn F) masses = 1 iters = 4 mflops = 2.536942e+03
 OK converged final_rsq= 0.011 (cf 0.016) rel = 1 (cf 0) restarts = 1 iters= 4
GFTIME:   time = 4.105616e-02 (Symanzik1) mflops = 4.293159e+03
FFTIME:  time = 1.042941e-01 (asqtad3) terms = 2 mflops = 4.793477e+03
PLAQ:	2.349601	2.349835
P_LOOP:	-8.084806e-03	8.713320e-03
G_LOOP:  0  0  4   	2.349396e+00	( 0 1 7 6  )
G_LOOP:  0  1  4   	2.350077e+00	( 0 2 7 5  )
G_LOOP:  0  2  4   	2.345959e+00	( 0 3 7 4  )
G_LOOP:  0  3  4   	2.349329e+00	( 1 2 6 5  )
G_LOOP:  0  4  4   	2.353793e+00	( 1 3 6 4  )
G_LOOP:  0  5  4   	2.349753e+00	( 2 3 5 4  )
G_LOOP:  1  0  6   	1.776418e+00	( 0 0 1 7 7 6  )
G_LOOP:  1  1  6   	1.775458e+00	( 0 0 2 7 7 5  )
G_LOOP:  1  2  6   	1.771841e+00	( 0 0 3 7 7 4  )
G_LOOP:  1  3  6   	1.776159e+00	( 1 1 0 6 6 7  )
G_LOOP:  1  4  6   	1.777992e+00	( 1 1 2 6 6 5  )
G_LOOP:  1  5  6   	1.780394e+00	( 1 1 3 6 6 4  )
G_LOOP:  1  6  6   	1.775600e+00	( 2 2 0 5 5 7  )
G_LOOP:  1  7  6   	1.773827e+00	( 2 2 1 5 5 6  )
G_LOOP:  1  8  6   	1.774903e+00	( 2 2 3 5 5 4  )
G_LOOP:  1  9  6   	1.766301e+00	( 3 3 0 4 4 7  )
G_LOOP:  1  10  6   	1.784863e+00	( 3 3 1 4 4 6  )
G_LOOP:  1  11  6   	1.775867e+00	( 3 3 2 4 4 5  )
G_LOOP:  2  0  6   	1.821945e+00	( 0 1 2 7 6 5  )
G_LOOP:  2  1  6   	1.820811e+00	( 0 1 5 7 6 2  )
G_LOOP:  2  2  6   	1.824942e+00	( 0 6 2 7 1 5  )
G_LOOP:  2  3  6   	1.822656e+00	( 0 6 5 7 1 2  )
G_LOOP:  2  4  6   	1.818289e+00	( 0 1 3 7 6 4  )
G_LOOP:  2  5  6   	1.824846e+00	( 0 1 4 7 6 3  )
G_LOOP:  2  6  6   	1.825465e+00	( 0 6 3 7 1 4  )
G_LOOP:  2  7  6   	1.821118e+00	( 0 6 4 7 1 3  )
G_LOOP:  2  8  6   	1.821953e+00	( 0 2 3 7 5 4  )
G_LOOP:  2  9  6   	1.817864e+00	( 0 2 4 7 5 3  )
G_LOOP:  2  10  6   	1.822062e+00	( 0 5 3 7 2 4  )
G_LOOP:  2  11  6   	1.817336e+00	( 0 5 4 7 2 3  )
G_LOOP:  2  12  6   	1.824341e+00	( 1 2 3 6 5 4  )
G_LOOP:  2  13  6   	1.819176e+00	( 1 2 4 6 5 3  )
G_LOOP:  2  14  6   	1.830293e+00	( 1 5 3 6 2 4  )
G_LOOP:  2  15  6   	1.827528e+00	( 1 5 4 6 2 3  )
GACTION: 2.567086e+00
CONGRAD5: time = 2.138853e-03 (fn F) masses = 1 iters = 4 mflops = 2.557303e+03
 OK converged final_rsq= 0.01 (cf 0.016) rel = 1 (cf 0) restarts = 1 iters= 4
CONGRAD5: time = 2.828836e-03 (fn F) masses = 1 iters = 6 mflops = 2.900325e+03
 OK converged final_rsq= 0.0078 (cf 0.016) rel = 1 (cf 0) restarts = 1 iters= 6
PBP: mass 1.250000e-01     6.951406e-02  1.076963e-01  -1.588555e-03  -2.674904e-03 ( 1 of 1 )
FACTION: mass = 1.250000e-01,  1.460881e+00 ( 1 of 1 )
CONGRAD5: time = 2.403975e-03 (fn F) masses = 1 iters = 4 mflops = 2.275272e+03
 OK converged final_rsq= 0.01 (cf 0.016) rel = 1 (cf 0) restarts = 1 iters= 4
CONGRAD5: time = 2.784967e-03 (fn F) masses = 1 iters = 6 mflops = 2.946011e+03
 OK converged final_rsq= 0.0082 (cf 0.016) rel = 1 (cf 0) restarts = 1 iters= 6
PBP: mass 1.250000e-01     6.688204e-02  1.132018e-01  2.818129e-03  3.788318e-03 ( 1 of 1 )
FACTION: mass = 1.250000e-01,  1.478037e+00 ( 1 of 1 )
CONGRAD5: time = 2.130032e-03 (fn F) masses = 1 iters = 4 mflops = 2.567894e+03
 OK converged final_rsq= 0.011 (cf 0.016) rel = 1 (cf 0) restarts = 1 iters= 4
CONGRAD5: time = 2.166033e-03 (fn F) masses = 1 iters = 4 mflops = 2.525214e+03
 OK converged final_rsq= 0.011 (cf 0.016) rel = 1 (cf 0) restarts = 1 iters= 4
GFTIME:   time = 4.063010e-02 (Symanzik1) mflops = 4.338178e+03
FFTIME:  time = 1.042950e-01 (asqtad3) terms = 2 mflops = 4.793433e+03
CONGRAD5: time = 2.452135e-03 (fn F) masses = 1 iters = 5 mflops = 2.788231e+03
 OK converged final_rsq= 0.0069 (cf 0.016) rel = 1 (cf 0) restarts = 1 iters= 5
CONGRAD5: time = 2.161980e-03 (fn F) masses = 1 iters = 4 mflops = 2.529948e+03
 OK converged final_rsq= 0.015 (cf 0.016) rel = 1 (cf 0) restarts = 1 iters= 4
GFTIME:   time = 4.035902e-02 (Symanzik1) mflops = 4.367316e+03
FFTIME:  time = 1.037691e-01 (asqtad3) terms = 2 mflops = 4.817728e+03
CONGRAD5: time = 2.495050e-03 (fn F) masses = 1 iters = 5 mflops = 2.740273e+03
 OK converged final_rsq= 0.0087 (cf 0.016) rel = 1 (cf 0) restarts = 1 iters= 5
CONGRAD5: time = 2.415180e-03 (fn F) masses = 1 iters = 5 mflops = 2.830894e+03
 OK converged final_rsq= 0.0084 (cf 0.016) rel = 1 (cf 0) restarts = 1 iters= 5
GFTIME:   time = 4.081202e-02 (Symanzik1) mflops = 4.318841e+03
FFTIME:  time = 1.039970e-01 (asqtad3) terms = 2 mflops = 4.807169e+03
CONGRAD5: time = 2.460003e-03 (fn F) masses = 1 iters = 5 mflops = 2.779314e+03
 OK converged final_rsq= 0.0084 (cf 0.016) rel = 1 (cf 0) restarts = 1 iters= 5
CONGRAD5: time = 2.519131e-03 (fn F) masses = 1 iters = 5 mflops = 2.714079e+03
 OK converged final_rsq= 0.0082 (cf 0.016) rel = 1 (cf 0) restarts = 1 iters= 5
GFTIME:   time = 4.078507e-02 (Symanzik1) mflops = 4.321694e+03
FFTIME:  time = 1.038249e-01 (asqtad3) terms = 2 mflops = 4.815139e+03
CONGRAD5: time = 2.151012e-03 (fn F) masses = 1 iters = 4 mflops = 2.542847e+03
 OK converged final_rsq= 0.015 (cf 0.016) rel = 1 (cf 0) restarts = 1 iters= 4
CONGRAD5: time = 2.159834e-03 (fn F) masses = 1 iters = 4 mflops = 2.532461e+03
 OK converged final_rsq= 0.015 (cf 0.016) rel = 1 (cf 0) restarts = 1 iters= 4
GFTIME:   time = 4.055095e-02 (Symanzik1) mflops = 4.346646e+03
FFTIME:  time = 1.040640e-01 (asqtad3) terms = 2 mflops = 4.804074e+03
PLAQ:	2.013172	2.017219
P_LOOP:	1.960852e-02	-2.494796e-02
G_LOOP:  0  0  4   	2.017202e+00	( 0 1 7 6  )
G_LOOP:  0  1  4   	2.013733e+00	( 0 2 7 5  )
G_LOOP:  0  2  4   	2.019144e+00	( 0 3 7 4  )
G_LOOP:  0  3  4   	2.008581e+00	( 1 2 6 5  )
G_LOOP:  0  4  4   	2.017523e+00	( 1 3 6 4  )
G_LOOP:  0  5  4   	2.014990e+00	( 2 3 5 4  )
G_LOOP:  1  0  6   	1.304672e+00	( 0 0 1 7 7 6  )
G_LOOP:  1  1  6   	1.302535e+00	( 0 0 2 7 7 5  )
G_LOOP:  1  2  6   	1.309334e+00	( 0 0 3 7 7 4  )
G_LOOP:  1  3  6   	1.308088e+00	( 1 1 0 6 6 7  )
G_LOOP:  1  4  6   	1.293703e+00	( 1 1 2 6 6 5  )
G_LOOP:  1  5  6   	1.305435e+00	( 1 1 3 6 6 4  )
G_LOOP:  1  6  6   	1.305355e+00	( 2 2 0 5 5 7  )
G_LOOP:  1  7  6   	1.297786e+00	( 2 2 1 5 5 6  )
G_LOOP:  1  8  6   	1.302078e+00	( 2 2 3 5 5 4  )
G_LOOP:  1  9  6   	1.310564e+00	( 3 3 0 4 4 7  )
G_LOOP:  1  10  6   	1.307580e+00	( 3 3 1 4 4 6  )
G_LOOP:  1  11  6   	1.308746e+00	( 3 3 2 4 4 5  )
G_LOOP:  2  0  6   	1.344830e+00	( 0 1 2 7 6 5  )
G_LOOP:  2  1  6   	1.341135e+00	( 0 1 5 7 6 2  )
G_LOOP:  2  2  6   	1.352155e+00	( 0 6 2 7 1 5  )
G_LOOP:  2  3  6   	1.342497e+00	( 0 6 5 7 1 2  )
G_LOOP:  2  4  6   	1.349918e+00	( 0 1 3 7 6 4  )
G_LOOP:  2  5  6   	1.355072e+00	( 0 1 4 7 6 3  )
G_LOOP:  2  6  6   	1.352955e+00	( 0 6 3 7 1 4  )
G_LOOP:  2  7  6   	1.354463e+00	( 0 6 4 7 1 3  )
G_LOOP:  2  8  6   	1.349836e+00	( 0 2 3 7 5 4  )
G_LOOP:  2  9  6   	1.344382e+00	( 0 2 4 7 5 3  )
G_LOOP:  2  10  6   	1.347910e+00	( 0 5 3 7 2 4  )
G_LOOP:  2  11  6   	1.345573e+00	( 0 5 4 7 2 3  )
G_LOOP:  2  12  6   	1.348588e+00	( 1 2 3 6 5 4  )
G_LOOP:  2  13  6   	1.343335e+00	( 1 2 4 6 5 3  )
G_LOOP:  2  14  6   	1.341432e+00	( 1 5 3 6 2 4  )
G_LOOP:  2  15  6   	1.347296e+00	( 1 5 4 6 2 3  )
GACTION: 4.056985e+00
CONGRAD5: time = 2.221823e-03 (fn F) masses = 1 iters = 4 mflops = 2.461806e+03
 OK converged final_rsq= 0.014 (cf 0.016) rel = 1 (cf 0) restarts = 1 iters= 4
CONGRAD5: time = 2.830029e-03 (fn F) masses = 1 iters = 6 mflops = 2.899103e+03
 OK converged final_rsq= 0.013 (cf 0.016) rel = 1 (cf 0) restarts = 1 iters= 6
PBP: mass 1.250000e-01     8.690378e-02  1.716741e-01  -2.287688e-03  -1.246880e-03 ( 1 of 1 )
FACTION: mass = 1.250000e-01,  1.453105e+00 ( 1 of 1 )
CONGRAD5: time = 2.107859e-03 (fn F) masses = 1 iters = 4 mflops = 2.594906e+03
 OK converged final_rsq= 0.014 (cf 0.016) rel = 1 (cf 0) restarts = 1 iters= 4
CONGRAD5: time = 2.758026e-03 (fn F) masses = 1 iters = 6 mflops = 2.974788e+03
 OK converged final_rsq= 0.013 (cf 0.016) rel = 1 (cf 0) restarts = 1 iters= 6
PBP: mass 1.250000e-01     9.176318e-02  1.607143e-01  -4.144179e-03  -3.913468e-03 ( 1 of 1 )
FACTION: mass = 1.250000e-01,  1.441279e+00 ( 1 of 1 )
CONGRAD5: time = 2.491951e-03 (fn F) masses = 1 iters = 5 mflops = 2.743682e+03
 OK converged final_rsq= 0.0074 (cf 0.016) rel = 1 (cf 0) restarts = 1 iters= 5
CONGRAD5: time = 2.079010e-03 (fn F) masses = 1 iters = 4 mflops = 2.630914e+03
 OK converged final_rsq= 0.015 (cf 0.016) rel = 1 (cf 0) restarts = 1 iters= 4
GFTIME:   time = 4.086685e-02 (Symanzik1) mflops = 4.313046e+03
FFTIME:  time = 1.045959e-01 (asqtad3) terms = 2 mflops = 4.779644e+03
CONGRAD5: time = 2.419949e-03 (fn F) masses = 1 iters = 5 mflops = 2.825316e+03
 OK converged final_rsq= 0.0094 (cf 0.016) rel = 1 (cf 0) restarts = 1 iters= 5
CONGRAD5: time = 2.414942e-03 (fn F) masses = 1 iters = 5 mflops = 2.831174e+03
 OK converged final_rsq= 0.0086 (cf 0.016) rel = 1 (cf 0) restarts = 1 iters= 5
GFTIME:   time = 4.088092e-02 (Symanzik1) mflops = 4.311562e+03
FFTIME:  time = 1.038508e-01 (asqtad3) terms = 2 mflops = 4.813934e+03
CONGRAD5: time = 2.443075e-03 (fn F) masses = 1 iters = 5 mflops = 2.798571e+03
 OK converged final_rsq= 0.011 (cf 0.016) rel = 1 (cf 0) restarts = 1 iters= 5
CONGRAD5: time = 2.492905e-03 (fn F) masses = 1 iters = 5 mflops = 2.742632e+03
 OK converged final_rsq= 0.01 (cf 0.016) rel = 1 (cf 0) restarts = 1 iters= 5
GFTIME:   time = 4.086399e-02 (Symanzik1) mflops = 4.313348e+03
FFTIME:  time = 1.036949e-01 (asqtad3) terms = 2 mflops = 4.821173e+03
CONGRAD5: time = 2.602100e-03 (fn F) masses = 1 iters = 5 mflops = 2.627539e+03
 OK converged final_rsq= 0.01 (cf 0.016) rel = 1 (cf 0) restarts = 1 iters= 5
CONGRAD5: time = 2.583981e-03 (fn F) masses = 1 iters = 5 mflops = 2.645964e+03
 OK converged final_rsq= 0.01 (cf 0.016) rel = 1 (cf 0) restarts = 1 iters= 5
GFTIME:   time = 4.096699e-02 (Symanzik1) mflops = 4.302504e+03
FFTIME:  time = 1.043839e-01 (asqtad3) terms = 2 mflops = 4.789349e+03
CONGRAD5: time = 2.432108e-03 (fn F) masses = 1 iters = 5 mflops = 2.811191e+03
 OK converged final_rsq= 0.01 (cf 0.016) rel = 1 (cf 0) restarts = 1 iters= 5
CONGRAD5: time = 2.495050e-03 (fn F) masses = 1 iters = 5 mflops = 2.740273e+03
 OK converged final_rsq= 0.0096 (cf 0.016) rel = 1 (cf 0) restarts = 1 iters= 5
GFTIME:   time = 4.088593e-02 (Symanzik1) mflops = 4.311034e+03
FFTIME:  time = 1.037719e-01 (asqtad3) terms = 2 mflops = 4.817595e+03
PLAQ:	1.794639	1.794439
P_LOOP:	2.967754e-02	-1.808640e-02
G_LOOP:  0  0  4   	1.799420e+00	( 0 1 7 6  )
G_LOOP:  0  1  4   	1.790888e+00	( 0 2 7 5  )
G_LOOP:  0  2  4   	1.793695e+00	( 0 3 7 4  )
G_LOOP:  0  3  4   	1.793609e+00	( 1 2 6 5  )
G_LOOP:  0  4  4   	1.798660e+00	( 1 3 6 4  )
G_LOOP:  0  5  4   	1.790963e+00	( 2 3 5 4  )
G_LOOP:  1  0  6   	1.039154e+00	( 0 0 1 7 7 6  )
G_LOOP:  1  1  6   	1.024794e+00	( 0 0 2 7 7 5  )
G_LOOP:  1  2  6   	1.023798e+00	( 0 0 3 7 7 4  )
G_LOOP:  1  3  6   	1.034941e+00	( 1 1 0 6 6 7  )
G_LOOP:  1  4  6   	1.029027e+00	( 1 1 2 6 6 5  )
G_LOOP:  1  5  6   	1.034595e+00	( 1 1 3 6 6 4  )
G_LOOP:  1  6  6   	1.022471e+00	( 2 2 0 5 5 7  )
G_LOOP:  1  7  6   	1.024796e+00	( 2 2 1 5 5 6  )
G_LOOP:  1  8  6   	1.018340e+00	( 2 2 3 5 5 4  )
G_LOOP:  1  9  6   	1.030807e+00	( 3 3 0 4 4 7  )
G_LOOP:  1  10  6   	1.039294e+00	( 3 3 1 4 4 6  )
G_LOOP:  1  11  6   	1.019778e+00	( 3 3 2 4 4 5  )
G_LOOP:  2  0  6   	1.053655e+00	( 0 1 2 7 6 5  )
G_LOOP:  2  1  6   	1.063683e+00	( 0 1 5 7 6 2  )
G_LOOP:  2  2  6   	1.062778e+00	( 0 6 2 7 1 5  )
G_LOOP:  2  3  6   	1.061709e+00	( 0 6 5 7 1 2  )
G_LOOP:  2  4  6   	1.061796e+00	( 0 1 3 7 6 4  )
G_LOOP:  2  5  6   	1.069225e+00	( 0 1 4 7 6 3  )
G_LOOP:  2  6  6   	1.062380e+00	( 0 6 3 7 1 4  )
G_LOOP:  2  7  6   	1.069684e+00	( 0 6 4 7 1 3  )
G_LOOP:  2  8  6   	1.057541e+00	( 0 2 3 7 5 4  )
G_LOOP:  2  9  6   	1.062605e+00	( 0 2 4 7 5 3  )
G_LOOP:  2  10  6   	1.055512e+00	( 0 5 3 7 2 4  )
G_LOOP:  2  11  6   	1.058250e+00	( 0 5 4 7 2 3  )
G_LOOP:  2  12  6   	1.062194e+00	( 1 2 3 6 5 4  )
G_LOOP:  2  13  6   	1.061215e+00	( 1 2 4 6 5 3  )
G_LOOP:  2  14  6   	1.058760e+00	( 1 5 3 6 2 4  )
G_LOOP:  2  15  6   	1.056663e+00	( 1 5 4 6 2 3  )
GACTION: 5.076400e+00
CONGRAD5: time = 2.548933e-03 (fn F) masses = 1 iters = 5 mflops = 2.682346e+03
 OK converged final_rsq= 0.0085 (cf 0.016) rel = 1 (cf 0) restarts = 1 iters= 5
CONGRAD5: time = 2.820969e-03 (fn F) masses = 1 iters = 6 mflops = 2.908414e+03
 OK converged final_rsq= 0.015 (cf 0.016) rel = 1 (cf 0) restarts = 1 iters= 6
PBP: mass 1.250000e-01     1.066392e-01  3.081026e-01  4.654740e-03  3.557145e-03 ( 1 of 1 )
FACTION: mass = 1.250000e-01,  1.448462e+00 ( 1 of 1 )
CONGRAD5: time = 2.347946e-03 (fn F) masses = 1 iters = 5 mflops = 2.911958e+03
 OK converged final_rsq= 0.0084 (cf 0.016) rel = 1 (cf 0) restarts = 1 iters= 5
CONGRAD5: time = 2.893925e-03 (fn F) masses = 1 iters = 6 mflops = 2.835092e+03
 OK converged final_rsq= 0.015 (cf 0.016) rel = 1 (cf 0) restarts = 1 iters= 6
PBP: mass 1.250000e-01     1.025752e-01  3.140966e-01  -6.163071e-04  -7.534923e-04 ( 1 of 1 )
FACTION: mass = 1.250000e-01,  1.444132e+00 ( 1 of 1 )
CONGRAD5: time = 2.459049e-03 (fn F) masses = 1 iters = 5 mflops = 2.780392e+03
 OK converged final_rsq= 0.0099 (cf 0.016) rel = 1 (cf 0) restarts = 1 iters= 5
CONGRAD5: time = 2.574921e-03 (fn F) masses = 1 iters = 5 mflops = 2.655274e+03
 OK converged final_rsq= 0.0096 (cf 0.016) rel = 1 (cf 0) restarts = 1 iters= 5
GFTIME:   time = 4.091001e-02 (Symanzik1) mflops = 4.308496e+03
FFTIME:  time = 1.035988e-01 (asqtad3) terms = 2 mflops = 4.825644e+03
CONGRAD5: time = 2.444029e-03 (fn F) masses = 1 iters = 5 mflops = 2.797479e+03
 OK converged final_rsq= 0.011 (cf 0.016) rel = 1 (cf 0) restarts = 1 iters= 5
CONGRAD5: time = 2.411842e-03 (fn F) masses = 1 iters = 5 mflops = 2.834812e+03
 OK converged final_rsq= 0.011 (cf 0.016) rel = 1 (cf 0) restarts = 1 iters= 5
GFTIME:   time = 4.073310e-02 (Symanzik1) mflops = 4.327208e+03
FFTIME:  time = 1.051650e-01 (asqtad3) terms = 2 mflops = 4.753778e+03
CONGRAD5: time = 2.448082e-03 (fn F) masses = 1 iters = 5 mflops = 2.792848e+03
 OK converged final_rsq= 0.012 (cf 0.016) rel = 1 (cf 0) restarts = 1 iters= 5
CONGRAD5: time = 2.413988e-03 (fn F) masses = 1 iters = 5 mflops = 2.832292e+03
 OK converged final_rsq= 0.012 (cf 0.016) rel = 1 (cf 0) restarts = 1 iters= 5
GFTIME:   time = 4.119897e-02 (Symanzik1) mflops = 4.278277e+03
FFTIME:  time = 1.036830e-01 (asqtad3) terms = 2 mflops = 4.821727e+03
CONGRAD5: time = 2.423048e-03 (fn F) masses = 1 iters = 5 mflops = 2.821702e+03
 OK converged final_rsq= 0.013 (cf 0.016) rel = 1 (cf 0) restarts = 1 iters= 5
CONGRAD5: time = 2.495050e-03 (fn F) masses = 1 iters = 5 mflops = 2.740273e+03
 OK converged final_rsq= 0.012 (cf 0.016) rel = 1 (cf 0) restarts = 1 iters= 5
GFTIME:   time = 4.013705e-02 (Symanzik1) mflops = 4.391469e+03
FFTIME:  time = 1.035590e-01 (asqtad3) terms = 2 mflops = 4.827500e+03
CONGRAD5: time = 2.465010e-03 (fn F) masses = 1 iters = 5 mflops = 2.773669e+03
 OK converged final_rsq= 0.012 (cf 0.016) rel = 1 (cf 0) restarts = 1 iters= 5
CONGRAD5: time = 2.546072e-03 (fn F) masses = 1 iters = 5 mflops = 2.685360e+03
 OK converged final_rsq= 0.011 (cf 0.016) rel = 1 (cf 0) restarts = 1 iters= 5
GFTIME:   time = 4.076505e-02 (Symanzik1) mflops = 4.323817e+03
FFTIME:  time = 1.039131e-01 (asqtad3) terms = 2 mflops = 4.811052e+03
PLAQ:	1.645792	1.643904
P_LOOP:	-8.197186e-03	5.077758e-02
G_LOOP:  0  0  4   	1.650007e+00	( 0 1 7 6  )
G_LOOP:  0  1  4   	1.645946e+00	( 0 2 7 5  )
G_LOOP:  0  2  4   	1.649325e+00	( 0 3 7 4  )
G_LOOP:  0  3  4   	1.641424e+00	( 1 2 6 5  )
G_LOOP:  0  4  4   	1.644123e+00	( 1 3 6 4  )
G_LOOP:  0  5  4   	1.638263e+00	( 2 3 5 4  )
G_LOOP:  1  0  6   	8.645052e-01	( 0 0 1 7 7 6  )
G_LOOP:  1  1  6   	8.604069e-01	( 0 0 2 7 7 5  )
G_LOOP:  1  2  6   	8.604076e-01	( 0 0 3 7 7 4  )
G_LOOP:  1  3  6   	8.649686e-01	( 1 1 0 6 6 7  )
G_LOOP:  1  4  6   	8.485101e-01	( 1 1 2 6 6 5  )
G_LOOP:  1  5  6   	8.500264e-01	( 1 1 3 6 6 4  )
G_LOOP:  1  6  6   	8.576334e-01	( 2 2 0 5 5 7  )
G_LOOP:  1  7  6   	8.497820e-01	( 2 2 1 5 5 6  )
G_LOOP:  1  8  6   	8.487023e-01	( 2 2 3 5 5 4  )
G_LOOP:  1  9  6   	8.548094e-01	( 3 3 0 4 4 7  )
G_LOOP:  1  10  6   	8.516216e-01	( 3 3 1 4 4 6  )
G_LOOP:  1  11  6   	8.489936e-01	( 3 3 2 4 4 5  )
G_LOOP:  2  0  6   	8.770076e-01	( 0 1 2 7 6 5  )
G_LOOP:  2  1  6   	8.790823e-01	( 0 1 5 7 6 2  )
G_LOOP:  2  2  6   	8.813909e-01	( 0 6 2 7 1 5  )
G_LOOP:  2  3  6   	8.765040e-01	( 0 6 5 7 1 2  )
G_LOOP:  2  4  6   	8.733976e-01	( 0 1 3 7 6 4  )
G_LOOP:  2  5  6   	8.860708e-01	( 0 1 4 7 6 3  )
G_LOOP:  2  6  6   	8.837483e-01	( 0 6 3 7 1 4  )
G_LOOP:  2  7  6   	8.815830e-01	( 0 6 4 7 1 3  )
G_LOOP:  2  8  6   	8.733226e-01	( 0 2 3 7 5 4  )
G_LOOP:  2  9  6   	8.755202e-01	( 0 2 4 7 5 3  )
G_LOOP:  2  10  6   	8.772982e-01	( 0 5 3 7 2 4  )
G_LOOP:  2  11  6   	8.789451e-01	( 0 5 4 7 2 3  )
G_LOOP:  2  12  6   	8.759352e-01	( 1 2 3 6 5 4  )
G_LOOP:  2  13  6   	8.759785e-01	( 1 2 4 6 5 3  )
G_LOOP:  2  14  6   	8.814232e-01	( 1 5 3 6 2 4  )
G_LOOP:  2  15  6   	8.648005e-01	( 1 5 4 6 2 3  )
GACTION: 5.782705e+00
CONGRAD5: time = 2.517939e-03 (fn F) masses = 1 iters = 5 mflops = 2.715364e+03
 OK converged final_rsq= 0.01 (cf 0.016) rel = 1 (cf 0) restarts = 1 iters= 5
CONGRAD5: time = 3.131151e-03 (fn F) masses = 1 iters = 7 mflops = 3.057012e+03
 OK converged final_rsq= 0.0081 (cf 0.016) rel = 1 (cf 0) restarts = 1 iters= 7
PBP: mass 1.250000e-01     1.244798e-01  3.169711e-01  -3.379830e-03  -2.741972e-03 ( 1 of 1 )
FACTION: mass = 1.250000e-01,  1.439485e+00 ( 1 of 1 )
CONGRAD5: time = 2.472878e-03 (fn F) masses = 1 iters = 5 mflops = 2.764844e+03
 OK converged final_rsq= 0.01 (cf 0.016) rel = 1 (cf 0) restarts = 1 iters= 5
CONGRAD5: time = 3.228903e-03 (fn F) masses = 1 iters = 7 mflops = 2.964465e+03
 OK converged final_rsq= 0.0083 (cf 0.016) rel = 1 (cf 0) restarts = 1 iters= 7
PBP: mass 1.250000e-01     1.328154e-01  3.117547e-01  -2.365459e-03  -1.909385e-03 ( 1 of 1 )
FACTION: mass = 1.250000e-01,  1.439103e+00 ( 1 of 1 )
RUNNING COMPLETED
average cg iters for step= 1.100000e+01
Time = 4.593968e+00 seconds
total_iters = 550
Checksums 27ed4bcd decec819
Saved gauge configuration in parallel to binary file lat_p64_size64_1
Time stamp Wed May 18 14:09:07 2022
Wrote info file lat_p64_size64_1.info
Time to save = 2.340102e-02
CHECK PLAQ: 1.645792e+00 1.643904e+00
CHECK NERSC LINKTR: 1.721335e-01 CKSUM: ec2a4db8


warms 0
trajecs 4
traj_between_meas 1
beta 5.6
mass1 0.01
mass2 0.01
u0 0.8441
microcanonical_time_step 0.02
steps_per_trajectory 15
max_cg_iterations 300
max_cg_restarts 5
error_per_site 1e-05
error_for_propagator 1e-05
npbp_reps 1
prec_pbp 1
reload_parallel lat_p64_size64_1
save_parallel lat_p64_size64_2
Restored binary gauge configuration in parallel from file lat_p64_size64_1
Time stamp Wed May 18 14:09:07 2022
Checksums 27ed4bcd decec819 OK
Time to reload gauge configuration = 1.147914e-02
CHECK PLAQ: 1.645792e+00 1.643904e+00
CHECK NERSC LINKTR: 1.721335e-01 CKSUM: ec2a4db8
Unitarity checked.  Max deviation 2.98e-07
Time to check unitarity = 1.959801e-04
"O(a^2): couplings(pi)=0, Naik term, No O(a^2) errors, tadpole weights"
path coefficients: npath  path_coeff  multiplicity
                    0      6.250000e-01     8
                    1      -5.847914e-02     8
                    2      -8.771871e-02     48
                    3      3.077829e-02     192
                    4      -7.199551e-03     384
                    5      -1.231132e-01     48
Symanzik 1x1 + 1x2 + 1x1x1 action
gauge_action: total_dyn_flavors = 3
loop coefficients: nloop rep loop_coeff  multiplicity
                    0 0      1.000000e+00     6
                    1 0      -7.762509e-02     12
                    2 0      -1.031171e-02     16
WARMUPS COMPLETED
CONGRAD5: time = 2.740381e-01 (fn F) masses = 1 iters = 833 mflops = 4.156591e+03
 OK converged final_rsq= 5e-11 (cf 1e-10) rel = 1 (cf 0) restarts = 4 iters= 833
CONGRAD5: time = 2.660029e-01 (fn F) masses = 1 iters = 808 mflops = 4.153634e+03
 OK converged final_rsq= 5e-11 (cf 1e-10) rel = 1 (cf 0) restarts = 4 iters= 808
GFTIME:   time = 4.120994e-02 (Symanzik1) mflops = 4.277139e+03
FFTIME:  time = 1.047649e-01 (asqtad3) terms = 2 mflops = 4.771932e+03
CONGRAD5: time = 2.567592e-01 (fn F) masses = 1 iters = 778 mflops = 4.143400e+03
 OK converged final_rsq= 5e-11 (cf 1e-10) rel = 1 (cf 0) restarts = 4 iters= 778
CONGRAD5: time = 2.563021e-01 (fn F) masses = 1 iters = 775 mflops = 4.134783e+03
 OK converged final_rsq= 5e-11 (cf 1e-10) rel = 1 (cf 0) restarts = 4 iters= 775
GFTIME:   time = 4.148817e-02 (Symanzik1) mflops = 4.248455e+03
FFTIME:  time = 1.038718e-01 (asqtad3) terms = 2 mflops = 4.812962e+03
CONGRAD5: time = 2.624590e-01 (fn F) masses = 1 iters = 800 mflops = 4.168038e+03
 OK converged final_rsq= 5e-11 (cf 1e-10) rel = 1 (cf 0) restarts = 4 iters= 800
CONGRAD5: time = 2.470000e-01 (fn F) masses = 1 iters = 739 mflops = 4.091200e+03
 OK converged final_rsq= 9.9e-11 (cf 1e-10) rel = 1 (cf 0) restarts = 3 iters= 739
GFTIME:   time = 4.570007e-02 (Symanzik1) mflops = 3.856900e+03
FFTIME:  time = 1.038420e-01 (asqtad3) terms = 2 mflops = 4.814343e+03
CONGRAD5: time = 2.431920e-01 (fn F) masses = 1 iters = 743 mflops = 4.177753e+03
 OK converged final_rsq= 5e-11 (cf 1e-10) rel = 1 (cf 0) restarts = 4 iters= 743
CONGRAD5: time = 2.605639e-01 (fn F) masses = 1 iters = 790 mflops = 4.145874e+03
 OK converged final_rsq= 4.9e-11 (cf 1e-10) rel = 1 (cf 0) restarts = 4 iters= 790
GFTIME:   time = 4.116321e-02 (Symanzik1) mflops = 4.281994e+03
FFTIME:  time = 1.046760e-01 (asqtad3) terms = 2 mflops = 4.775986e+03
CONGRAD5: time = 2.735040e-01 (fn F) masses = 1 iters = 835 mflops = 4.174707e+03
 OK converged final_rsq= 4.9e-11 (cf 1e-10) rel = 1 (cf 0) restarts = 4 iters= 835
CONGRAD5: time = 2.594290e-01 (fn F) masses = 1 iters = 788 mflops = 4.153469e+03
 OK converged final_rsq= 4.9e-11 (cf 1e-10) rel = 1 (cf 0) restarts = 4 iters= 788
GFTIME:   time = 4.140997e-02 (Symanzik1) mflops = 4.256478e+03
FFTIME:  time = 1.040540e-01 (asqtad3) terms = 2 mflops = 4.804537e+03
CONGRAD5: time = 2.449131e-01 (fn F) masses = 1 iters = 745 mflops = 4.159561e+03
 OK converged final_rsq= 5e-11 (cf 1e-10) rel = 1 (cf 0) restarts = 4 iters= 745
CONGRAD5: time = 2.576611e-01 (fn F) masses = 1 iters = 782 mflops = 4.150124e+03
 OK converged final_rsq= 5e-11 (cf 1e-10) rel = 1 (cf 0) restarts = 4 iters= 782
GFTIME:   time = 4.127717e-02 (Symanzik1) mflops = 4.270172e+03
FFTIME:  time = 1.040421e-01 (asqtad3) terms = 2 mflops = 4.805087e+03
CONGRAD5: time = 2.547400e-01 (fn F) masses = 1 iters = 776 mflops = 4.165506e+03
 OK converged final_rsq= 5e-11 (cf 1e-10) rel = 1 (cf 0) restarts = 4 iters= 776
CONGRAD5: time = 2.465169e-01 (fn F) masses = 1 iters = 748 mflops = 4.149139e+03
 OK converged final_rsq= 9.9e-11 (cf 1e-10) rel = 1 (cf 0) restarts = 3 iters= 748
GFTIME:   time = 4.121208e-02 (Symanzik1) mflops = 4.276916e+03
FFTIME:  time = 1.040759e-01 (asqtad3) terms = 2 mflops = 4.803524e+03
CONGRAD5: time = 2.578840e-01 (fn F) masses = 1 iters = 788 mflops = 4.178352e+03
 OK converged final_rsq= 5e-11 (cf 1e-10) rel = 1 (cf 0) restarts = 4 iters= 788
CONGRAD5: time = 2.547679e-01 (fn F) masses = 1 iters = 776 mflops = 4.165050e+03
 OK converged final_rsq= 5e-11 (cf 1e-10) rel = 1 (cf 0) restarts = 4 iters= 776
GFTIME:   time = 4.118180e-02 (Symanzik1) mflops = 4.280061e+03
FFTIME:  time = 1.036508e-01 (asqtad3) terms = 2 mflops = 4.823225e+03
CONGRAD5: time = 2.546570e-01 (fn F) masses = 1 iters = 774 mflops = 4.156124e+03
 OK converged final_rsq= 9.9e-11 (cf 1e-10) rel = 1 (cf 0) restarts = 3 iters= 774
CONGRAD5: time = 2.562811e-01 (fn F) masses = 1 iters = 781 mflops = 4.167135e+03
 OK converged final_rsq= 9.9e-11 (cf 1e-10) rel = 1 (cf 0) restarts = 3 iters= 781
GFTIME:   time = 4.136586e-02 (Symanzik1) mflops = 4.261016e+03
FFTIME:  time = 1.038570e-01 (asqtad3) terms = 2 mflops = 4.813647e+03
CONGRAD5: time = 2.468290e-01 (fn F) masses = 1 iters = 748 mflops = 4.143893e+03
 OK converged final_rsq= 5e-11 (cf 1e-10) rel = 1 (cf 0) restarts = 4 iters= 748
CONGRAD5: time = 2.472670e-01 (fn F) masses = 1 iters = 754 mflops = 4.169734e+03
 OK converged final_rsq= 5e-11 (cf 1e-10) rel = 1 (cf 0) restarts = 4 iters= 754
GFTIME:   time = 4.150701e-02 (Symanzik1) mflops = 4.246527e+03
FFTIME:  time = 1.043680e-01 (asqtad3) terms = 2 mflops = 4.790082e+03
CONGRAD5: time = 2.555070e-01 (fn F) masses = 1 iters = 773 mflops = 4.136946e+03
 OK converged final_rsq= 5e-11 (cf 1e-10) rel = 1 (cf 0) restarts = 4 iters= 773
CONGRAD5: time = 2.790430e-01 (fn F) masses = 1 iters = 766 mflops = 3.753712e+03
 OK converged final_rsq= 5e-11 (cf 1e-10) rel = 1 (cf 0) restarts = 4 iters= 766
GFTIME:   time = 4.593301e-02 (Symanzik1) mflops = 3.837341e+03
FFTIME:  time = 1.042101e-01 (asqtad3) terms = 2 mflops = 4.797337e+03
CONGRAD5: time = 2.505071e-01 (fn F) masses = 1 iters = 758 mflops = 4.137637e+03
 OK converged final_rsq= 1e-10 (cf 1e-10) rel = 1 (cf 0) restarts = 3 iters= 758
CONGRAD5: time = 2.476192e-01 (fn F) masses = 1 iters = 750 mflops = 4.141715e+03
 OK converged final_rsq= 1e-10 (cf 1e-10) rel = 1 (cf 0) restarts = 3 iters= 750
GFTIME:   time = 4.592609e-02 (Symanzik1) mflops = 3.837919e+03
FFTIME:  time = 1.042869e-01 (asqtad3) terms = 2 mflops = 4.793805e+03
CONGRAD5: time = 2.731242e-01 (fn F) masses = 1 iters = 835 mflops = 4.180512e+03
 OK converged final_rsq= 5e-11 (cf 1e-10) rel = 1 (cf 0) restarts = 4 iters= 835
CONGRAD5: time = 2.421730e-01 (fn F) masses = 1 iters = 738 mflops = 4.167100e+03
 OK converged final_rsq= 5e-11 (cf 1e-10) rel = 1 (cf 0) restarts = 4 iters= 738
GFTIME:   time = 4.116082e-02 (Symanzik1) mflops = 4.282242e+03
FFTIME:  time = 1.034682e-01 (asqtad3) terms = 2 mflops = 4.831738e+03
CONGRAD5: time = 2.591350e-01 (fn F) masses = 1 iters = 791 mflops = 4.174011e+03
 OK converged final_rsq= 5e-11 (cf 1e-10) rel = 1 (cf 0) restarts = 4 iters= 791
CONGRAD5: time = 2.529490e-01 (fn F) masses = 1 iters = 770 mflops = 4.162564e+03
 OK converged final_rsq= 5e-11 (cf 1e-10) rel = 1 (cf 0) restarts = 4 iters= 770
GFTIME:   time = 4.129100e-02 (Symanzik1) mflops = 4.268742e+03
FFTIME:  time = 1.042130e-01 (asqtad3) terms = 2 mflops = 4.797205e+03
CONGRAD5: time = 2.581451e-01 (fn F) masses = 1 iters = 786 mflops = 4.163532e+03
 OK converged final_rsq= 5e-11 (cf 1e-10) rel = 1 (cf 0) restarts = 4 iters= 786
CONGRAD5: time = 2.506778e-01 (fn F) masses = 1 iters = 758 mflops = 4.134819e+03
 OK converged final_rsq= 5e-11 (cf 1e-10) rel = 1 (cf 0) restarts = 4 iters= 758
GFTIME:   time = 4.102182e-02 (Symanzik1) mflops = 4.296752e+03
FFTIME:  time = 1.040339e-01 (asqtad3) terms = 2 mflops = 4.805462e+03
PLAQ:	1.543834	1.540653
P_LOOP:	1.983617e-02	-1.473066e-02
G_LOOP:  0  0  4   	1.546035e+00	( 0 1 7 6  )
G_LOOP:  0  1  4   	1.542847e+00	( 0 2 7 5  )
G_LOOP:  0  2  4   	1.544938e+00	( 0 3 7 4  )
G_LOOP:  0  3  4   	1.542621e+00	( 1 2 6 5  )
G_LOOP:  0  4  4   	1.538985e+00	( 1 3 6 4  )
G_LOOP:  0  5  4   	1.538037e+00	( 2 3 5 4  )
G_LOOP:  1  0  6   	7.958931e-01	( 0 0 1 7 7 6  )
G_LOOP:  1  1  6   	7.793788e-01	( 0 0 2 7 7 5  )
G_LOOP:  1  2  6   	7.867843e-01	( 0 0 3 7 7 4  )
G_LOOP:  1  3  6   	7.877806e-01	( 1 1 0 6 6 7  )
G_LOOP:  1  4  6   	7.828170e-01	( 1 1 2 6 6 5  )
G_LOOP:  1  5  6   	7.739697e-01	( 1 1 3 6 6 4  )
G_LOOP:  1  6  6   	7.819269e-01	( 2 2 0 5 5 7  )
G_LOOP:  1  7  6   	7.815797e-01	( 2 2 1 5 5 6  )
G_LOOP:  1  8  6   	7.772782e-01	( 2 2 3 5 5 4  )
G_LOOP:  1  9  6   	7.810675e-01	( 3 3 0 4 4 7  )
G_LOOP:  1  10  6   	7.753647e-01	( 3 3 1 4 4 6  )
G_LOOP:  1  11  6   	7.773759e-01	( 3 3 2 4 4 5  )
G_LOOP:  2  0  6   	8.017822e-01	( 0 1 2 7 6 5  )
G_LOOP:  2  1  6   	8.053125e-01	( 0 1 5 7 6 2  )
G_LOOP:  2  2  6   	8.103233e-01	( 0 6 2 7 1 5  )
G_LOOP:  2  3  6   	8.010332e-01	( 0 6 5 7 1 2  )
G_LOOP:  2  4  6   	8.031932e-01	( 0 1 3 7 6 4  )
G_LOOP:  2  5  6   	8.131550e-01	( 0 1 4 7 6 3  )
G_LOOP:  2  6  6   	8.036287e-01	( 0 6 3 7 1 4  )
G_LOOP:  2  7  6   	8.036874e-01	( 0 6 4 7 1 3  )
G_LOOP:  2  8  6   	8.017114e-01	( 0 2 3 7 5 4  )
G_LOOP:  2  9  6   	8.037356e-01	( 0 2 4 7 5 3  )
G_LOOP:  2  10  6   	8.002903e-01	( 0 5 3 7 2 4  )
G_LOOP:  2  11  6   	8.062432e-01	( 0 5 4 7 2 3  )
G_LOOP:  2  12  6   	8.003423e-01	( 1 2 3 6 5 4  )
G_LOOP:  2  13  6   	7.972471e-01	( 1 2 4 6 5 3  )
G_LOOP:  2  14  6   	8.022769e-01	( 1 5 3 6 2 4  )
G_LOOP:  2  15  6   	8.029453e-01	( 1 5 4 6 2 3  )
GACTION: 6.317866e+00
CONGRAD5: time = 2.570920e-01 (fn F) masses = 1 iters = 781 mflops = 4.153992e+03
 OK converged final_rsq= 5e-11 (cf 1e-10) rel = 1 (cf 0) restarts = 4 iters= 781
CONGRAD5: time = 2.566814e-02 (fn F) masses = 1 iters = 76 mflops = 4.048763e+03
 OK converged final_rsq= 9.8e-11 (cf 1e-10) rel = 1 (cf 0) restarts = 1 iters= 76
PBP: mass 1.000000e-02     8.057977e-02  5.500840e-02  5.105122e-03  5.105786e-03 ( 1 of 1 )
FACTION: mass = 1.000000e-02,  1.504849e+00 ( 1 of 1 )
CONGRAD5: time = 2.429221e-01 (fn F) masses = 1 iters = 738 mflops = 4.154250e+03
 OK converged final_rsq= 5e-11 (cf 1e-10) rel = 1 (cf 0) restarts = 4 iters= 738
CONGRAD5: time = 2.651286e-02 (fn F) masses = 1 iters = 78 mflops = 4.022918e+03
 OK converged final_rsq= 9.8e-11 (cf 1e-10) rel = 1 (cf 0) restarts = 1 iters= 78
PBP: mass 1.000000e-02     6.155567e-02  7.046086e-02  3.039757e-03  3.040164e-03 ( 1 of 1 )
FACTION: mass = 1.000000e-02,  1.504748e+00 ( 1 of 1 )
CONGRAD5: time = 2.554569e-01 (fn F) masses = 1 iters = 777 mflops = 4.159169e+03
 OK converged final_rsq= 5e-11 (cf 1e-10) rel = 1 (cf 0) restarts = 4 iters= 777
CONGRAD5: time = 2.503450e-01 (fn F) masses = 1 iters = 766 mflops = 4.184013e+03
 OK converged final_rsq= 9.8e-11 (cf 1e-10) rel = 1 (cf 0) restarts = 3 iters= 766
GFTIME:   time = 4.123306e-02 (Symanzik1) mflops = 4.274740e+03
FFTIME:  time = 1.039400e-01 (asqtad3) terms = 2 mflops = 4.809805e+03
CONGRAD5: time = 2.544780e-01 (fn F) masses = 1 iters = 763 mflops = 4.099940e+03
 OK converged final_rsq= 5e-11 (cf 1e-10) rel = 1 (cf 0) restarts = 4 iters= 763
CONGRAD5: time = 2.431941e-01 (fn F) masses = 1 iters = 738 mflops = 4.149603e+03
 OK converged final_rsq= 9.9e-11 (cf 1e-10) rel = 1 (cf 0) restarts = 3 iters= 738
GFTIME:   time = 4.112887e-02 (Symanzik1) mflops = 4.285569e+03
FFTIME:  time = 1.037509e-01 (asqtad3) terms = 2 mflops = 4.818570e+03
CONGRAD5: time = 2.654860e-01 (fn F) masses = 1 iters = 805 mflops = 4.146269e+03
 OK converged final_rsq= 5e-11 (cf 1e-10) rel = 1 (cf 0) restarts = 4 iters= 805
CONGRAD5: time = 2.530849e-01 (fn F) masses = 1 iters = 771 mflops = 4.165732e+03
 OK converged final_rsq= 5e-11 (cf 1e-10) rel = 1 (cf 0) restarts = 4 iters= 771
GFTIME:   time = 4.115295e-02 (Symanzik1) mflops = 4.283061e+03
FFTIME:  time = 1.041942e-01 (asqtad3) terms = 2 mflops = 4.798072e+03
CONGRAD5: time = 2.693291e-01 (fn F) masses = 1 iters = 823 mflops = 4.178494e+03
 OK converged final_rsq= 4.9e-11 (cf 1e-10) rel = 1 (cf 0) restarts = 4 iters= 823
CONGRAD5: time = 2.469509e-01 (fn F) masses = 1 iters = 752 mflops = 4.163998e+03
 OK converged final_rsq= 5e-11 (cf 1e-10) rel = 1 (cf 0) restarts = 4 iters= 752
GFTIME:   time = 4.121995e-02 (Symanzik1) mflops = 4.276100e+03
FFTIME:  time = 1.043200e-01 (asqtad3) terms = 2 mflops = 4.792282e+03
CONGRAD5: time = 2.530861e-01 (fn F) masses = 1 iters = 769 mflops = 4.154907e+03
 OK converged final_rsq= 9.9e-11 (cf 1e-10) rel = 1 (cf 0) restarts = 3 iters= 769
CONGRAD5: time = 2.561090e-01 (fn F) masses = 1 iters = 778 mflops = 4.153918e+03
 OK converged final_rsq= 5e-11 (cf 1e-10) rel = 1 (cf 0) restarts = 4 iters= 778
GFTIME:   time = 4.109716e-02 (Symanzik1) mflops = 4.288875e+03
FFTIME:  time = 1.039519e-01 (asqtad3) terms = 2 mflops = 4.809253e+03
CONGRAD5: time = 2.600000e-01 (fn F) masses = 1 iters = 794 mflops = 4.175903e+03
 OK converged final_rsq= 5e-11 (cf 1e-10) rel = 1 (cf 0) restarts = 4 iters= 794
CONGRAD5: time = 2.463632e-01 (fn F) masses = 1 iters = 752 mflops = 4.173931e+03
 OK converged final_rsq= 5e-11 (cf 1e-10) rel = 1 (cf 0) restarts = 4 iters= 752
GFTIME:   time = 4.123998e-02 (Symanzik1) mflops = 4.274023e+03
FFTIME:  time = 1.038618e-01 (asqtad3) terms = 2 mflops = 4.813426e+03
CONGRAD5: time = 2.487581e-01 (fn F) masses = 1 iters = 756 mflops = 4.155735e+03
 OK converged final_rsq= 5e-11 (cf 1e-10) rel = 1 (cf 0) restarts = 4 iters= 756
CONGRAD5: time = 2.439148e-01 (fn F) masses = 1 iters = 740 mflops = 4.148553e+03
 OK converged final_rsq= 5e-11 (cf 1e-10) rel = 1 (cf 0) restarts = 4 iters= 740
GFTIME:   time = 4.580116e-02 (Symanzik1) mflops = 3.848387e+03
FFTIME:  time = 1.039619e-01 (asqtad3) terms = 2 mflops = 4.808790e+03
CONGRAD5: time = 2.482660e-01 (fn F) masses = 1 iters = 748 mflops = 4.119909e+03
 OK converged final_rsq= 5e-11 (cf 1e-10) rel = 1 (cf 0) restarts = 4 iters= 748
CONGRAD5: time = 2.313201e-01 (fn F) masses = 1 iters = 705 mflops = 4.167531e+03
 OK converged final_rsq= 1e-10 (cf 1e-10) rel = 1 (cf 0) restarts = 3 iters= 705
GFTIME:   time = 4.111004e-02 (Symanzik1) mflops = 4.287532e+03
FFTIME:  time = 1.050711e-01 (asqtad3) terms = 2 mflops = 4.758029e+03
CONGRAD5: time = 2.713041e-01 (fn F) masses = 1 iters = 776 mflops = 3.911186e+03
 OK converged final_rsq= 4.9e-11 (cf 1e-10) rel = 1 (cf 0) restarts = 4 iters= 776
CONGRAD5: time = 2.810612e-01 (fn F) masses = 1 iters = 787 mflops = 3.828927e+03
 OK converged final_rsq= 5e-11 (cf 1e-10) rel = 1 (cf 0) restarts = 4 iters= 787
GFTIME:   time = 4.602003e-02 (Symanzik1) mflops = 3.830085e+03
FFTIME:  time = 1.036532e-01 (asqtad3) terms = 2 mflops = 4.823114e+03
CONGRAD5: time = 2.479300e-01 (fn F) masses = 1 iters = 756 mflops = 4.169614e+03
 OK converged final_rsq= 5e-11 (cf 1e-10) rel = 1 (cf 0) restarts = 4 iters= 756
CONGRAD5: time = 2.530601e-01 (fn F) masses = 1 iters = 771 mflops = 4.166140e+03
 OK converged final_rsq= 5e-11 (cf 1e-10) rel = 1 (cf 0) restarts = 4 iters= 771
GFTIME:   time = 4.122901e-02 (Symanzik1) mflops = 4.275160e+03
FFTIME:  time = 1.045258e-01 (asqtad3) terms = 2 mflops = 4.782849e+03
CONGRAD5: time = 2.586648e-01 (fn F) masses = 1 iters = 788 mflops = 4.165739e+03
 OK converged final_rsq= 5e-11 (cf 1e-10) rel = 1 (cf 0) restarts = 4 iters= 788
CONGRAD5: time = 2.541661e-01 (fn F) masses = 1 iters = 774 mflops = 4.164151e+03
 OK converged final_rsq= 5e-11 (cf 1e-10) rel = 1 (cf 0) restarts = 4 iters= 774
GFTIME:   time = 4.123998e-02 (Symanzik1) mflops = 4.274023e+03
FFTIME:  time = 1.040120e-01 (asqtad3) terms = 2 mflops = 4.806475e+03
CONGRAD5: time = 2.543340e-01 (fn F) masses = 1 iters = 778 mflops = 4.182909e+03
 OK converged final_rsq= 5e-11 (cf 1e-10) rel = 1 (cf 0) restarts = 4 iters= 778
CONGRAD5: time = 2.550809e-01 (fn F) masses = 1 iters = 778 mflops = 4.170660e+03
 OK converged final_rsq= 4.9e-11 (cf 1e-10) rel = 1 (cf 0) restarts = 4 iters= 778
GFTIME:   time = 4.107308e-02 (Symanzik1) mflops = 4.291390e+03
FFTIME:  time = 1.038120e-01 (asqtad3) terms = 2 mflops = 4.815736e+03
CONGRAD5: time = 2.619541e-01 (fn F) masses = 1 iters = 798 mflops = 4.165632e+03
 OK converged final_rsq= 5e-11 (cf 1e-10) rel = 1 (cf 0) restarts = 4 iters= 798
CONGRAD5: time = 2.637069e-01 (fn F) masses = 1 iters = 802 mflops = 4.158685e+03
 OK converged final_rsq= 5e-11 (cf 1e-10) rel = 1 (cf 0) restarts = 4 iters= 802
GFTIME:   time = 4.115796e-02 (Symanzik1) mflops = 4.282540e+03
FFTIME:  time = 1.040061e-01 (asqtad3) terms = 2 mflops = 4.806750e+03
CONGRAD5: time = 2.663372e-01 (fn F) masses = 1 iters = 806 mflops = 4.138152e+03
 OK converged final_rsq= 5e-11 (cf 1e-10) rel = 1 (cf 0) restarts = 4 iters= 806
CONGRAD5: time = 2.630570e-01 (fn F) masses = 1 iters = 790 mflops = 4.106581e+03
 OK converged final_rsq= 5e-11 (cf 1e-10) rel = 1 (cf 0) restarts = 4 iters= 790
GFTIME:   time = 4.135108e-02 (Symanzik1) mflops = 4.262539e+03
FFTIME:  time = 1.041451e-01 (asqtad3) terms = 2 mflops = 4.800335e+03
CONGRAD5: time = 2.785449e-01 (fn F) masses = 1 iters = 794 mflops = 3.897880e+03
 OK converged final_rsq= 4.9e-11 (cf 1e-10) rel = 1 (cf 0) restarts = 4 iters= 794
CONGRAD5: time = 2.424130e-01 (fn F) masses = 1 iters = 735 mflops = 4.146050e+03
 OK converged final_rsq= 5e-11 (cf 1e-10) rel = 1 (cf 0) restarts = 4 iters= 735
GFTIME:   time = 4.124308e-02 (Symanzik1) mflops = 4.273702e+03
FFTIME:  time = 1.036618e-01 (asqtad3) terms = 2 mflops = 4.822714e+03
PLAQ:	1.499718	1.498448
P_LOOP:	4.247256e-02	3.370666e-02
G_LOOP:  0  0  4   	1.502541e+00	( 0 1 7 6  )
G_LOOP:  0  1  4   	1.501138e+00	( 0 2 7 5  )
G_LOOP:  0  2  4   	1.503322e+00	( 0 3 7 4  )
G_LOOP:  0  3  4   	1.495474e+00	( 1 2 6 5  )
G_LOOP:  0  4  4   	1.493737e+00	( 1 3 6 4  )
G_LOOP:  0  5  4   	1.498285e+00	( 2 3 5 4  )
G_LOOP:  1  0  6   	7.455162e-01	( 0 0 1 7 7 6  )
G_LOOP:  1  1  6   	7.399786e-01	( 0 0 2 7 7 5  )
G_LOOP:  1  2  6   	7.456360e-01	( 0 0 3 7 7 4  )
G_LOOP:  1  3  6   	7.467038e-01	( 1 1 0 6 6 7  )
G_LOOP:  1  4  6   	7.429654e-01	( 1 1 2 6 6 5  )
G_LOOP:  1  5  6   	7.306268e-01	( 1 1 3 6 6 4  )
G_LOOP:  1  6  6   	7.464339e-01	( 2 2 0 5 5 7  )
G_LOOP:  1  7  6   	7.408326e-01	( 2 2 1 5 5 6  )
G_LOOP:  1  8  6   	7.382699e-01	( 2 2 3 5 5 4  )
G_LOOP:  1  9  6   	7.443722e-01	( 3 3 0 4 4 7  )
G_LOOP:  1  10  6   	7.351263e-01	( 3 3 1 4 4 6  )
G_LOOP:  1  11  6   	7.399194e-01	( 3 3 2 4 4 5  )
G_LOOP:  2  0  6   	7.636310e-01	( 0 1 2 7 6 5  )
G_LOOP:  2  1  6   	7.581956e-01	( 0 1 5 7 6 2  )
G_LOOP:  2  2  6   	7.643480e-01	( 0 6 2 7 1 5  )
G_LOOP:  2  3  6   	7.553394e-01	( 0 6 5 7 1 2  )
G_LOOP:  2  4  6   	7.581247e-01	( 0 1 3 7 6 4  )
G_LOOP:  2  5  6   	7.589073e-01	( 0 1 4 7 6 3  )
G_LOOP:  2  6  6   	7.605937e-01	( 0 6 3 7 1 4  )
G_LOOP:  2  7  6   	7.657403e-01	( 0 6 4 7 1 3  )
G_LOOP:  2  8  6   	7.617429e-01	( 0 2 3 7 5 4  )
G_LOOP:  2  9  6   	7.646808e-01	( 0 2 4 7 5 3  )
G_LOOP:  2  10  6   	7.608517e-01	( 0 5 3 7 2 4  )
G_LOOP:  2  11  6   	7.640243e-01	( 0 5 4 7 2 3  )
G_LOOP:  2  12  6   	7.594221e-01	( 1 2 3 6 5 4  )
G_LOOP:  2  13  6   	7.567566e-01	( 1 2 4 6 5 3  )
G_LOOP:  2  14  6   	7.561183e-01	( 1 5 3 6 2 4  )
G_LOOP:  2  15  6   	7.594491e-01	( 1 5 4 6 2 3  )
GACTION: 6.532093e+00
CONGRAD5: time = 2.620690e-01 (fn F) masses = 1 iters = 774 mflops = 4.038579e+03
 OK converged final_rsq= 9.9e-11 (cf 1e-10) rel = 1 (cf 0) restarts = 3 iters= 774
CONGRAD5: time = 2.915907e-02 (fn F) masses = 1 iters = 79 mflops = 3.704731e+03
 OK converged final_rsq= 9.9e-11 (cf 1e-10) rel = 1 (cf 0) restarts = 1 iters= 79
PBP: mass 1.000000e-02     7.025286e-02  6.957341e-02  3.612763e-03  3.608188e-03 ( 1 of 1 )
FACTION: mass = 1.000000e-02,  1.497696e+00 ( 1 of 1 )
CONGRAD5: time = 2.779980e-01 (fn F) masses = 1 iters = 757 mflops = 3.723552e+03
 OK converged final_rsq= 9.9e-11 (cf 1e-10) rel = 1 (cf 0) restarts = 3 iters= 757
CONGRAD5: time = 2.813792e-02 (fn F) masses = 1 iters = 76 mflops = 3.693387e+03
 OK converged final_rsq= 9.9e-11 (cf 1e-10) rel = 1 (cf 0) restarts = 1 iters= 76
PBP: mass 1.000000e-02     5.441487e-02  8.531050e-02  -1.211491e-02  -1.211350e-02 ( 1 of 1 )
FACTION: mass = 1.000000e-02,  1.507285e+00 ( 1 of 1 )
CONGRAD5: time = 2.610731e-01 (fn F) masses = 1 iters = 772 mflops = 4.043508e+03
 OK converged final_rsq= 4.9e-11 (cf 1e-10) rel = 1 (cf 0) restarts = 4 iters= 772
CONGRAD5: time = 2.539349e-01 (fn F) masses = 1 iters = 773 mflops = 4.162559e+03
 OK converged final_rsq= 5e-11 (cf 1e-10) rel = 1 (cf 0) restarts = 4 iters= 773
GFTIME:   time = 4.134393e-02 (Symanzik1) mflops = 4.263277e+03
FFTIME:  time = 1.036830e-01 (asqtad3) terms = 2 mflops = 4.821727e+03
CONGRAD5: time = 2.606511e-01 (fn F) masses = 1 iters = 793 mflops = 4.160225e+03
 OK converged final_rsq= 5e-11 (cf 1e-10) rel = 1 (cf 0) restarts = 4 iters= 793
CONGRAD5: time = 2.599990e-01 (fn F) masses = 1 iters = 791 mflops = 4.160140e+03
 OK converged final_rsq= 4.9e-11 (cf 1e-10) rel = 1 (cf 0) restarts = 4 iters= 791
GFTIME:   time = 4.150009e-02 (Symanzik1) mflops = 4.247234e+03
FFTIME:  time = 1.039422e-01 (asqtad3) terms = 2 mflops = 4.809705e+03
CONGRAD5: time = 2.699680e-01 (fn F) masses = 1 iters = 819 mflops = 4.148344e+03
 OK converged final_rsq= 4.9e-11 (cf 1e-10) rel = 1 (cf 0) restarts = 4 iters= 819
CONGRAD5: time = 2.558470e-01 (fn F) masses = 1 iters = 770 mflops = 4.115415e+03
 OK converged final_rsq= 5e-11 (cf 1e-10) rel = 1 (cf 0) restarts = 4 iters= 770
GFTIME:   time = 4.123211e-02 (Symanzik1) mflops = 4.274839e+03
FFTIME:  time = 1.033950e-01 (asqtad3) terms = 2 mflops = 4.835158e+03
CONGRAD5: time = 2.500660e-01 (fn F) masses = 1 iters = 762 mflops = 4.166808e+03
 OK converged final_rsq= 5e-11 (cf 1e-10) rel = 1 (cf 0) restarts = 4 iters= 762
CONGRAD5: time = 2.585320e-01 (fn F) masses = 1 iters = 784 mflops = 4.146722e+03
 OK converged final_rsq= 4.9e-11 (cf 1e-10) rel = 1 (cf 0) restarts = 4 iters= 784
GFTIME:   time = 4.121304e-02 (Symanzik1) mflops = 4.276817e+03
FFTIME:  time = 1.038480e-01 (asqtad3) terms = 2 mflops = 4.814067e+03
CONGRAD5: time = 2.632248e-01 (fn F) masses = 1 iters = 797 mflops = 4.140327e+03
 OK converged final_rsq= 4.9e-11 (cf 1e-10) rel = 1 (cf 0) restarts = 4 iters= 797
CONGRAD5: time = 2.466319e-01 (fn F) masses = 1 iters = 749 mflops = 4.152750e+03
 OK converged final_rsq= 1e-10 (cf 1e-10) rel = 1 (cf 0) restarts = 3 iters= 749
GFTIME:   time = 4.139900e-02 (Symanzik1) mflops = 4.257605e+03
FFTIME:  time = 1.042001e-01 (asqtad3) terms = 2 mflops = 4.797798e+03
CONGRAD5: time = 2.578149e-01 (fn F) masses = 1 iters = 783 mflops = 4.152953e+03
 OK converged final_rsq= 5e-11 (cf 1e-10) rel = 1 (cf 0) restarts = 4 iters= 783
CONGRAD5: time = 2.474720e-01 (fn F) masses = 1 iters = 750 mflops = 4.144177e+03
 OK converged final_rsq= 5e-11 (cf 1e-10) rel = 1 (cf 0) restarts = 4 iters= 750
GFTIME:   time = 4.123187e-02 (Symanzik1) mflops = 4.274863e+03
FFTIME:  time = 1.042590e-01 (asqtad3) terms = 2 mflops = 4.795088e+03
CONGRAD5: time = 2.532248e-01 (fn F) masses = 1 iters = 773 mflops = 4.174230e+03
 OK converged final_rsq= 9.9e-11 (cf 1e-10) rel = 1 (cf 0) restarts = 3 iters= 773
CONGRAD5: time = 2.498832e-01 (fn F) masses = 1 iters = 760 mflops = 4.158912e+03
 OK converged final_rsq= 5e-11 (cf 1e-10) rel = 1 (cf 0) restarts = 4 iters= 760
GFTIME:   time = 4.130101e-02 (Symanzik1) mflops = 4.267707e+03
FFTIME:  time = 1.033199e-01 (asqtad3) terms = 2 mflops = 4.838673e+03
CONGRAD5: time = 2.433069e-01 (fn F) masses = 1 iters = 737 mflops = 4.142059e+03
 OK converged final_rsq= 5e-11 (cf 1e-10) rel = 1 (cf 0) restarts = 4 iters= 737
CONGRAD5: time = 2.628381e-01 (fn F) masses = 1 iters = 798 mflops = 4.151621e+03
 OK converged final_rsq= 5e-11 (cf 1e-10) rel = 1 (cf 0) restarts = 4 iters= 798
GFTIME:   time = 4.120898e-02 (Symanzik1) mflops = 4.277238e+03
FFTIME:  time = 1.036420e-01 (asqtad3) terms = 2 mflops = 4.823635e+03
CONGRAD5: time = 2.707450e-01 (fn F) masses = 1 iters = 820 mflops = 4.141489e+03
 OK converged final_rsq= 5e-11 (cf 1e-10) rel = 1 (cf 0) restarts = 4 iters= 820
CONGRAD5: time = 2.560780e-01 (fn F) masses = 1 iters = 777 mflops = 4.149081e+03
 OK converged final_rsq= 4.9e-11 (cf 1e-10) rel = 1 (cf 0) restarts = 4 iters= 777
GFTIME:   time = 4.117894e-02 (Symanzik1) mflops = 4.280358e+03
FFTIME:  time = 1.043200e-01 (asqtad3) terms = 2 mflops = 4.792282e+03
CONGRAD5: time = 2.549479e-01 (fn F) masses = 1 iters = 774 mflops = 4.151382e+03
 OK converged final_rsq= 5e-11 (cf 1e-10) rel = 1 (cf 0) restarts = 4 iters= 774
CONGRAD5: time = 2.550731e-01 (fn F) masses = 1 iters = 775 mflops = 4.154706e+03
 OK converged final_rsq= 1e-10 (cf 1e-10) rel = 1 (cf 0) restarts = 3 iters= 775
GFTIME:   time = 4.135108e-02 (Symanzik1) mflops = 4.262539e+03
FFTIME:  time = 1.052999e-01 (asqtad3) terms = 2 mflops = 4.747686e+03
CONGRAD5: time = 2.835190e-01 (fn F) masses = 1 iters = 848 mflops = 4.089939e+03
 OK converged final_rsq= 5e-11 (cf 1e-10) rel = 1 (cf 0) restarts = 4 iters= 848
CONGRAD5: time = 2.408810e-01 (fn F) masses = 1 iters = 734 mflops = 4.166744e+03
 OK converged final_rsq= 5e-11 (cf 1e-10) rel = 1 (cf 0) restarts = 4 iters= 734
GFTIME:   time = 4.127192e-02 (Symanzik1) mflops = 4.270714e+03
FFTIME:  time = 1.037071e-01 (asqtad3) terms = 2 mflops = 4.820608e+03
CONGRAD5: time = 2.651191e-01 (fn F) masses = 1 iters = 808 mflops = 4.167481e+03
 OK converged final_rsq= 5e-11 (cf 1e-10) rel = 1 (cf 0) restarts = 4 iters= 808
CONGRAD5: time = 2.478561e-01 (fn F) masses = 1 iters = 743 mflops = 4.099136e+03
 OK converged final_rsq= 5e-11 (cf 1e-10) rel = 1 (cf 0) restarts = 4 iters= 743
GFTIME:   time = 4.112315e-02 (Symanzik1) mflops = 4.286165e+03
FFTIME:  time = 1.040719e-01 (asqtad3) terms = 2 mflops = 4.803711e+03
CONGRAD5: time = 2.611902e-01 (fn F) masses = 1 iters = 800 mflops = 4.188286e+03
 OK converged final_rsq= 5e-11 (cf 1e-10) rel = 1 (cf 0) restarts = 4 iters= 800
CONGRAD5: time = 2.486000e-01 (fn F) masses = 1 iters = 755 mflops = 4.152876e+03
 OK converged final_rsq= 5e-11 (cf 1e-10) rel = 1 (cf 0) restarts = 4 iters= 755
GFTIME:   time = 4.559922e-02 (Symanzik1) mflops = 3.865430e+03
FFTIME:  time = 1.036689e-01 (asqtad3) terms = 2 mflops = 4.822382e+03
CONGRAD5: time = 2.612500e-01 (fn F) masses = 1 iters = 795 mflops = 4.161156e+03
 OK converged final_rsq= 5e-11 (cf 1e-10) rel = 1 (cf 0) restarts = 4 iters= 795
CONGRAD5: time = 2.497051e-01 (fn F) masses = 1 iters = 759 mflops = 4.156403e+03
 OK converged final_rsq= 5e-11 (cf 1e-10) rel = 1 (cf 0) restarts = 4 iters= 759
GFTIME:   time = 4.117799e-02 (Symanzik1) mflops = 4.280457e+03
FFTIME:  time = 1.040671e-01 (asqtad3) terms = 2 mflops = 4.803931e+03
CONGRAD5: time = 2.532182e-01 (fn F) masses = 1 iters = 772 mflops = 4.168940e+03
 OK converged final_rsq= 5e-11 (cf 1e-10) rel = 1 (cf 0) restarts = 4 iters= 772
CONGRAD5: time = 2.520421e-01 (fn F) masses = 1 iters = 767 mflops = 4.161267e+03
 OK converged final_rsq= 5e-11 (cf 1e-10) rel = 1 (cf 0) restarts = 4 iters= 767
GFTIME:   time = 4.094505e-02 (Symanzik1) mflops = 4.304808e+03
FFTIME:  time = 1.036620e-01 (asqtad3) terms = 2 mflops = 4.822703e+03
PLAQ:	1.476697	1.477073
P_LOOP:	2.486254e-02	2.278989e-02
G_LOOP:  0  0  4   	1.475437e+00	( 0 1 7 6  )
G_LOOP:  0  1  4   	1.475616e+00	( 0 2 7 5  )
G_LOOP:  0  2  4   	1.481018e+00	( 0 3 7 4  )
G_LOOP:  0  3  4   	1.479037e+00	( 1 2 6 5  )
G_LOOP:  0  4  4   	1.473967e+00	( 1 3 6 4  )
G_LOOP:  0  5  4   	1.476234e+00	( 2 3 5 4  )
G_LOOP:  1  0  6   	7.134409e-01	( 0 0 1 7 7 6  )
G_LOOP:  1  1  6   	7.176435e-01	( 0 0 2 7 7 5  )
G_LOOP:  1  2  6   	7.225661e-01	( 0 0 3 7 7 4  )
G_LOOP:  1  3  6   	7.211161e-01	( 1 1 0 6 6 7  )
G_LOOP:  1  4  6   	7.214377e-01	( 1 1 2 6 6 5  )
G_LOOP:  1  5  6   	7.135637e-01	( 1 1 3 6 6 4  )
G_LOOP:  1  6  6   	7.193459e-01	( 2 2 0 5 5 7  )
G_LOOP:  1  7  6   	7.220931e-01	( 2 2 1 5 5 6  )
G_LOOP:  1  8  6   	7.200063e-01	( 2 2 3 5 5 4  )
G_LOOP:  1  9  6   	7.168352e-01	( 3 3 0 4 4 7  )
G_LOOP:  1  10  6   	7.190252e-01	( 3 3 1 4 4 6  )
G_LOOP:  1  11  6   	7.138585e-01	( 3 3 2 4 4 5  )
G_LOOP:  2  0  6   	7.357768e-01	( 0 1 2 7 6 5  )
G_LOOP:  2  1  6   	7.320123e-01	( 0 1 5 7 6 2  )
G_LOOP:  2  2  6   	7.364613e-01	( 0 6 2 7 1 5  )
G_LOOP:  2  3  6   	7.320867e-01	( 0 6 5 7 1 2  )
G_LOOP:  2  4  6   	7.361091e-01	( 0 1 3 7 6 4  )
G_LOOP:  2  5  6   	7.303063e-01	( 0 1 4 7 6 3  )
G_LOOP:  2  6  6   	7.390924e-01	( 0 6 3 7 1 4  )
G_LOOP:  2  7  6   	7.347055e-01	( 0 6 4 7 1 3  )
G_LOOP:  2  8  6   	7.348431e-01	( 0 2 3 7 5 4  )
G_LOOP:  2  9  6   	7.360243e-01	( 0 2 4 7 5 3  )
G_LOOP:  2  10  6   	7.385204e-01	( 0 5 3 7 2 4  )
G_LOOP:  2  11  6   	7.324487e-01	( 0 5 4 7 2 3  )
G_LOOP:  2  12  6   	7.403301e-01	( 1 2 3 6 5 4  )
G_LOOP:  2  13  6   	7.324345e-01	( 1 2 4 6 5 3  )
G_LOOP:  2  14  6   	7.357652e-01	( 1 5 3 6 2 4  )
G_LOOP:  2  15  6   	7.261701e-01	( 1 5 4 6 2 3  )
GACTION: 6.639620e+00
CONGRAD5: time = 2.510271e-01 (fn F) masses = 1 iters = 764 mflops = 4.161749e+03
 OK converged final_rsq= 5e-11 (cf 1e-10) rel = 1 (cf 0) restarts = 4 iters= 764
CONGRAD5: time = 2.535105e-02 (fn F) masses = 1 iters = 76 mflops = 4.099406e+03
 OK converged final_rsq= 9.9e-11 (cf 1e-10) rel = 1 (cf 0) restarts = 1 iters= 76
PBP: mass 1.000000e-02     6.420434e-02  6.865546e-02  7.113004e-03  7.106347e-03 ( 1 of 1 )
FACTION: mass = 1.000000e-02,  1.503057e+00 ( 1 of 1 )
CONGRAD5: time = 2.509708e-01 (fn F) masses = 1 iters = 764 mflops = 4.162683e+03
 OK converged final_rsq= 5e-11 (cf 1e-10) rel = 1 (cf 0) restarts = 4 iters= 764
CONGRAD5: time = 2.623487e-02 (fn F) masses = 1 iters = 77 mflops = 4.013424e+03
 OK converged final_rsq= 5e-11 (cf 1e-10) rel = 1 (cf 0) restarts = 2 iters= 77
PBP: mass 1.000000e-02     7.130495e-02  5.894589e-02  4.583319e-03  4.586109e-03 ( 1 of 1 )
FACTION: mass = 1.000000e-02,  1.488793e+00 ( 1 of 1 )
CONGRAD5: time = 2.771311e-01 (fn F) masses = 1 iters = 827 mflops = 4.080595e+03
 OK converged final_rsq= 4.9e-11 (cf 1e-10) rel = 1 (cf 0) restarts = 4 iters= 827
CONGRAD5: time = 2.775609e-01 (fn F) masses = 1 iters = 783 mflops = 3.857506e+03
 OK converged final_rsq= 5e-11 (cf 1e-10) rel = 1 (cf 0) restarts = 4 iters= 783
GFTIME:   time = 4.583097e-02 (Symanzik1) mflops = 3.845885e+03
FFTIME:  time = 1.039610e-01 (asqtad3) terms = 2 mflops = 4.808834e+03
CONGRAD5: time = 2.678349e-01 (fn F) masses = 1 iters = 818 mflops = 4.176277e+03
 OK converged final_rsq= 5e-11 (cf 1e-10) rel = 1 (cf 0) restarts = 4 iters= 818
CONGRAD5: time = 2.611890e-01 (fn F) masses = 1 iters = 792 mflops = 4.146422e+03
 OK converged final_rsq= 4.9e-11 (cf 1e-10) rel = 1 (cf 0) restarts = 4 iters= 792
GFTIME:   time = 4.131603e-02 (Symanzik1) mflops = 4.266155e+03
FFTIME:  time = 1.035552e-01 (asqtad3) terms = 2 mflops = 4.827678e+03
CONGRAD5: time = 2.658291e-01 (fn F) masses = 1 iters = 808 mflops = 4.156350e+03
 OK converged final_rsq= 4.9e-11 (cf 1e-10) rel = 1 (cf 0) restarts = 4 iters= 808
CONGRAD5: time = 2.447979e-01 (fn F) masses = 1 iters = 739 mflops = 4.128002e+03
 OK converged final_rsq= 5e-11 (cf 1e-10) rel = 1 (cf 0) restarts = 4 iters= 739
GFTIME:   time = 4.107881e-02 (Symanzik1) mflops = 4.290792e+03
FFTIME:  time = 1.037190e-01 (asqtad3) terms = 2 mflops = 4.820054e+03
CONGRAD5: time = 2.602890e-01 (fn F) masses = 1 iters = 791 mflops = 4.155506e+03
 OK converged final_rsq= 5e-11 (cf 1e-10) rel = 1 (cf 0) restarts = 4 iters= 791
CONGRAD5: time = 2.605250e-01 (fn F) masses = 1 iters = 781 mflops = 4.099254e+03
 OK converged final_rsq= 1e-10 (cf 1e-10) rel = 1 (cf 0) restarts = 3 iters= 781
GFTIME:   time = 4.103088e-02 (Symanzik1) mflops = 4.295803e+03
FFTIME:  time = 1.045530e-01 (asqtad3) terms = 2 mflops = 4.781606e+03
CONGRAD5: time = 2.502091e-01 (fn F) masses = 1 iters = 764 mflops = 4.175356e+03
 OK converged final_rsq= 4.9e-11 (cf 1e-10) rel = 1 (cf 0) restarts = 4 iters= 764
CONGRAD5: time = 2.499421e-01 (fn F) masses = 1 iters = 759 mflops = 4.152462e+03
 OK converged final_rsq= 5e-11 (cf 1e-10) rel = 1 (cf 0) restarts = 4 iters= 759
GFTIME:   time = 4.104209e-02 (Symanzik1) mflops = 4.294630e+03
FFTIME:  time = 1.048131e-01 (asqtad3) terms = 2 mflops = 4.769739e+03
CONGRAD5: time = 2.651331e-01 (fn F) masses = 1 iters = 805 mflops = 4.151787e+03
 OK converged final_rsq= 5e-11 (cf 1e-10) rel = 1 (cf 0) restarts = 4 iters= 805
CONGRAD5: time = 2.499371e-01 (fn F) masses = 1 iters = 763 mflops = 4.174429e+03
 OK converged final_rsq= 9.9e-11 (cf 1e-10) rel = 1 (cf 0) restarts = 3 iters= 763
GFTIME:   time = 4.119515e-02 (Symanzik1) mflops = 4.278673e+03
FFTIME:  time = 1.041410e-01 (asqtad3) terms = 2 mflops = 4.800522e+03
CONGRAD5: time = 2.567048e-01 (fn F) masses = 1 iters = 781 mflops = 4.160258e+03
 OK converged final_rsq= 4.9e-11 (cf 1e-10) rel = 1 (cf 0) restarts = 4 iters= 781
CONGRAD5: time = 2.530119e-01 (fn F) masses = 1 iters = 767 mflops = 4.145315e+03
 OK converged final_rsq= 5e-11 (cf 1e-10) rel = 1 (cf 0) restarts = 4 iters= 767
GFTIME:   time = 4.114509e-02 (Symanzik1) mflops = 4.283880e+03
FFTIME:  time = 1.039920e-01 (asqtad3) terms = 2 mflops = 4.807401e+03
CONGRAD5: time = 2.579720e-01 (fn F) masses = 1 iters = 785 mflops = 4.161025e+03
 OK converged final_rsq= 5e-11 (cf 1e-10) rel = 1 (cf 0) restarts = 4 iters= 785
CONGRAD5: time = 2.519870e-01 (fn F) masses = 1 iters = 764 mflops = 4.145896e+03
 OK converged final_rsq= 5e-11 (cf 1e-10) rel = 1 (cf 0) restarts = 4 iters= 764
GFTIME:   time = 4.122186e-02 (Symanzik1) mflops = 4.275902e+03
FFTIME:  time = 1.052709e-01 (asqtad3) terms = 2 mflops = 4.748998e+03
CONGRAD5: time = 2.660661e-01 (fn F) masses = 1 iters = 808 mflops = 4.152647e+03
 OK converged final_rsq= 5e-11 (cf 1e-10) rel = 1 (cf 0) restarts = 4 iters= 808
CONGRAD5: time = 2.418921e-01 (fn F) masses = 1 iters = 741 mflops = 4.188897e+03
 OK converged final_rsq= 1e-10 (cf 1e-10) rel = 1 (cf 0) restarts = 3 iters= 741
GFTIME:   time = 4.122400e-02 (Symanzik1) mflops = 4.275679e+03
FFTIME:  time = 1.043611e-01 (asqtad3) terms = 2 mflops = 4.790399e+03
CONGRAD5: time = 2.558229e-01 (fn F) masses = 1 iters = 777 mflops = 4.153219e+03
 OK converged final_rsq= 1e-10 (cf 1e-10) rel = 1 (cf 0) restarts = 3 iters= 777
CONGRAD5: time = 2.556591e-01 (fn F) masses = 1 iters = 774 mflops = 4.139834e+03
 OK converged final_rsq= 4.9e-11 (cf 1e-10) rel = 1 (cf 0) restarts = 4 iters= 774
GFTIME:   time = 4.104304e-02 (Symanzik1) mflops = 4.294531e+03
FFTIME:  time = 1.030650e-01 (asqtad3) terms = 2 mflops = 4.850639e+03
CONGRAD5: time = 2.646770e-01 (fn F) masses = 1 iters = 804 mflops = 4.153775e+03
 OK converged final_rsq= 5e-11 (cf 1e-10) rel = 1 (cf 0) restarts = 4 iters= 804
CONGRAD5: time = 2.553570e-01 (fn F) masses = 1 iters = 778 mflops = 4.166151e+03
 OK converged final_rsq= 5e-11 (cf 1e-10) rel = 1 (cf 0) restarts = 4 iters= 778
GFTIME:   time = 4.138494e-02 (Symanzik1) mflops = 4.259052e+03
FFTIME:  time = 1.040330e-01 (asqtad3) terms = 2 mflops = 4.805506e+03
CONGRAD5: time = 2.480168e-01 (fn F) masses = 1 iters = 757 mflops = 4.173668e+03
 OK converged final_rsq= 5e-11 (cf 1e-10) rel = 1 (cf 0) restarts = 4 iters= 757
CONGRAD5: time = 2.523990e-01 (fn F) masses = 1 iters = 770 mflops = 4.171635e+03
 OK converged final_rsq= 1e-10 (cf 1e-10) rel = 1 (cf 0) restarts = 3 iters= 770
GFTIME:   time = 4.119897e-02 (Symanzik1) mflops = 4.278277e+03
FFTIME:  time = 1.039350e-01 (asqtad3) terms = 2 mflops = 4.810036e+03
CONGRAD5: time = 2.593021e-01 (fn F) masses = 1 iters = 783 mflops = 4.129133e+03
 OK converged final_rsq= 4.9e-11 (cf 1e-10) rel = 1 (cf 0) restarts = 4 iters= 783
CONGRAD5: time = 2.601640e-01 (fn F) masses = 1 iters = 789 mflops = 4.146990e+03
 OK converged final_rsq= 5e-11 (cf 1e-10) rel = 1 (cf 0) restarts = 4 iters= 789
GFTIME:   time = 4.142499e-02 (Symanzik1) mflops = 4.254934e+03
FFTIME:  time = 1.041241e-01 (asqtad3) terms = 2 mflops = 4.801302e+03
CONGRAD5: time = 2.680821e-01 (fn F) masses = 1 iters = 818 mflops = 4.172426e+03
 OK converged final_rsq= 4.9e-11 (cf 1e-10) rel = 1 (cf 0) restarts = 4 iters= 818
CONGRAD5: time = 2.432821e-01 (fn F) masses = 1 iters = 741 mflops = 4.164964e+03
 OK converged final_rsq= 5e-11 (cf 1e-10) rel = 1 (cf 0) restarts = 4 iters= 741
GFTIME:   time = 4.119992e-02 (Symanzik1) mflops = 4.278178e+03
FFTIME:  time = 1.033940e-01 (asqtad3) terms = 2 mflops = 4.835203e+03
CONGRAD5: time = 2.779331e-01 (fn F) masses = 1 iters = 795 mflops = 3.911380e+03
 OK converged final_rsq= 5e-11 (cf 1e-10) rel = 1 (cf 0) restarts = 4 iters= 795
CONGRAD5: time = 2.736590e-01 (fn F) masses = 1 iters = 773 mflops = 3.862540e+03
 OK converged final_rsq= 5e-11 (cf 1e-10) rel = 1 (cf 0) restarts = 4 iters= 773
GFTIME:   time = 4.572988e-02 (Symanzik1) mflops = 3.854386e+03
FFTIME:  time = 1.040149e-01 (asqtad3) terms = 2 mflops = 4.806343e+03
PLAQ:	1.462236	1.460401
P_LOOP:	1.276701e-02	3.453969e-03
G_LOOP:  0  0  4   	1.463826e+00	( 0 1 7 6  )
G_LOOP:  0  1  4   	1.460304e+00	( 0 2 7 5  )
G_LOOP:  0  2  4   	1.464253e+00	( 0 3 7 4  )
G_LOOP:  0  3  4   	1.462579e+00	( 1 2 6 5  )
G_LOOP:  0  4  4   	1.456563e+00	( 1 3 6 4  )
G_LOOP:  0  5  4   	1.460386e+00	( 2 3 5 4  )
G_LOOP:  1  0  6   	7.017775e-01	( 0 0 1 7 7 6  )
G_LOOP:  1  1  6   	7.023723e-01	( 0 0 2 7 7 5  )
G_LOOP:  1  2  6   	7.037111e-01	( 0 0 3 7 7 4  )
G_LOOP:  1  3  6   	7.065365e-01	( 1 1 0 6 6 7  )
G_LOOP:  1  4  6   	6.995083e-01	( 1 1 2 6 6 5  )
G_LOOP:  1  5  6   	6.896880e-01	( 1 1 3 6 6 4  )
G_LOOP:  1  6  6   	7.042121e-01	( 2 2 0 5 5 7  )
G_LOOP:  1  7  6   	7.073770e-01	( 2 2 1 5 5 6  )
G_LOOP:  1  8  6   	7.045932e-01	( 2 2 3 5 5 4  )
G_LOOP:  1  9  6   	7.047967e-01	( 3 3 0 4 4 7  )
G_LOOP:  1  10  6   	6.928340e-01	( 3 3 1 4 4 6  )
G_LOOP:  1  11  6   	6.948841e-01	( 3 3 2 4 4 5  )
G_LOOP:  2  0  6   	7.152677e-01	( 0 1 2 7 6 5  )
G_LOOP:  2  1  6   	7.164710e-01	( 0 1 5 7 6 2  )
G_LOOP:  2  2  6   	7.173081e-01	( 0 6 2 7 1 5  )
G_LOOP:  2  3  6   	7.200611e-01	( 0 6 5 7 1 2  )
G_LOOP:  2  4  6   	7.170067e-01	( 0 1 3 7 6 4  )
G_LOOP:  2  5  6   	7.096881e-01	( 0 1 4 7 6 3  )
G_LOOP:  2  6  6   	7.169673e-01	( 0 6 3 7 1 4  )
G_LOOP:  2  7  6   	7.130129e-01	( 0 6 4 7 1 3  )
G_LOOP:  2  8  6   	7.180031e-01	( 0 2 3 7 5 4  )
G_LOOP:  2  9  6   	7.169947e-01	( 0 2 4 7 5 3  )
G_LOOP:  2  10  6   	7.161922e-01	( 0 5 3 7 2 4  )
G_LOOP:  2  11  6   	7.124404e-01	( 0 5 4 7 2 3  )
G_LOOP:  2  12  6   	7.211011e-01	( 1 2 3 6 5 4  )
G_LOOP:  2  13  6   	7.136098e-01	( 1 2 4 6 5 3  )
G_LOOP:  2  14  6   	7.140464e-01	( 1 5 3 6 2 4  )
G_LOOP:  2  15  6   	7.080867e-01	( 1 5 4 6 2 3  )
GACTION: 6.713659e+00
CONGRAD5: time = 2.521071e-01 (fn F) masses = 1 iters = 770 mflops = 4.176464e+03
 OK converged final_rsq= 5e-11 (cf 1e-10) rel = 1 (cf 0) restarts = 4 iters= 770
CONGRAD5: time = 2.423787e-02 (fn F) masses = 1 iters = 72 mflops = 4.062012e+03
 OK converged final_rsq= 9.8e-11 (cf 1e-10) rel = 1 (cf 0) restarts = 1 iters= 72
PBP: mass 1.000000e-02     7.277992e-02  6.930018e-02  9.039820e-03  9.040758e-03 ( 1 of 1 )
FACTION: mass = 1.000000e-02,  1.505396e+00 ( 1 of 1 )
CONGRAD5: time = 2.589321e-01 (fn F) masses = 1 iters = 793 mflops = 4.187844e+03
 OK converged final_rsq= 5e-11 (cf 1e-10) rel = 1 (cf 0) restarts = 4 iters= 793
CONGRAD5: time = 2.410197e-02 (fn F) masses = 1 iters = 72 mflops = 4.084916e+03
 OK converged final_rsq= 9.9e-11 (cf 1e-10) rel = 1 (cf 0) restarts = 1 iters= 72
PBP: mass 1.000000e-02     7.839385e-02  8.529664e-02  -1.602402e-03  -1.602854e-03 ( 1 of 1 )
FACTION: mass = 1.000000e-02,  1.499793e+00 ( 1 of 1 )
RUNNING COMPLETED
average cg iters for step= 1.555250e+03
Time = 4.613614e+01 seconds
total_iters = 194011
Checksums b129cef7 7d5651f0
Saved gauge configuration in parallel to binary file lat_p64_size64_2
Time stamp Wed May 18 14:09:53 2022
Wrote info file lat_p64_size64_2.info
Time to save = 2.301097e-02
CHECK PLAQ: 1.462236e+00 1.460401e+00
CHECK NERSC LINKTR: 1.448985e-01 CKSUM: 853ed984


get_i(0): EOF on input.
Elapsed total time: 50.827903
exit: Wed May 18 14:09:53 2022

