SU3 with improved KS action
Microcanonical simulation with refreshing
R algorithm
MIMD version 7.8.1
Machine = MPI (portable), with 64 nodes
Host(0) = nid00236
Username = mcopik
Options selected...
Generic single precision
C_GLOBAL_INLINE
DBLSTORE_FN
D_FN_GATHER13
FEWSUMS
KS_MULTIFF=FNMAT
VECLENGTH=4
type 0 for no prompts, 1 for prompts, or 2 for proofreading
nflavors1 2
nflavors2 1
nx 24
ny 16
nz 16
nt 36
iseed 5682304
LAYOUT = Hypercubes, options = hyper_prime,
automatic hyper_prime layout
ON EACH NODE 6 x 8 x 8 x 9
Mallocing 3.4 MBytes per node for lattice
WARNING!!: Resetting random seed
Made lattice
Made nn gathers
Made 3nn gathers
Finished setup


warms 0
trajecs 4
traj_between_meas 1
beta 5.6
mass1 0.125
mass2 0.125
u0 0.8441
microcanonical_time_step 0.2
steps_per_trajectory 5
max_cg_iterations 100
max_cg_restarts 5
error_per_site 0.125
error_for_propagator 0.125
npbp_reps 1
prec_pbp 1
fresh 
save_parallel lat_p64_size128_1
unit gauge configuration loaded
CHECK PLAQ: 3.000000e+00 3.000000e+00
CHECK NERSC LINKTR: 1.000000e+00 CKSUM: 0
Unitarity checked.  Max deviation 0.00e+00
Time to check unitarity = 7.979870e-04
"O(a^2): couplings(pi)=0, Naik term, No O(a^2) errors, tadpole weights"
path coefficients: npath  path_coeff  multiplicity
                    0      6.250000e-01     8
                    1      -5.847914e-02     8
                    2      -8.771871e-02     48
                    3      3.077829e-02     192
                    4      -7.199551e-03     384
                    5      -1.231132e-01     48
Symanzik 1x1 + 1x2 + 1x1x1 action
gauge_action: total_dyn_flavors = 3
loop coefficients: nloop rep loop_coeff  multiplicity
                    0 0      1.000000e+00     6
                    1 0      -7.762509e-02     12
                    2 0      -1.031171e-02     16
WARMUPS COMPLETED
CONGRAD5: time = 1.387501e-02 (fn F) masses = 1 iters = 4 mflops = 1.182636e+03
 OK converged final_rsq= 0.006 (cf 0.016) rel = 1 (cf 0) restarts = 1 iters= 4
CONGRAD5: time = 1.328397e-02 (fn F) masses = 1 iters = 4 mflops = 1.235255e+03
 OK converged final_rsq= 0.0059 (cf 0.016) rel = 1 (cf 0) restarts = 1 iters= 4
GFTIME:   time = 2.248619e-01 (Symanzik1) mflops = 2.351585e+03
FFTIME:  time = 7.341180e-01 (asqtad3) terms = 2 mflops = 2.042987e+03
CONGRAD5: time = 1.277900e-02 (fn F) masses = 1 iters = 4 mflops = 1.284067e+03
 OK converged final_rsq= 0.01 (cf 0.016) rel = 1 (cf 0) restarts = 1 iters= 4
CONGRAD5: time = 1.157308e-02 (fn F) masses = 1 iters = 4 mflops = 1.417867e+03
 OK converged final_rsq= 0.0097 (cf 0.016) rel = 1 (cf 0) restarts = 1 iters= 4
GFTIME:   time = 2.035780e-01 (Symanzik1) mflops = 2.597441e+03
FFTIME:  time = 7.692869e-01 (asqtad3) terms = 2 mflops = 1.949589e+03
CONGRAD5: time = 1.256299e-02 (fn F) masses = 1 iters = 4 mflops = 1.306145e+03
 OK converged final_rsq= 0.014 (cf 0.016) rel = 1 (cf 0) restarts = 1 iters= 4
CONGRAD5: time = 1.466322e-02 (fn F) masses = 1 iters = 4 mflops = 1.119064e+03
 OK converged final_rsq= 0.014 (cf 0.016) rel = 1 (cf 0) restarts = 1 iters= 4
GFTIME:   time = 2.035739e-01 (Symanzik1) mflops = 2.597493e+03
FFTIME:  time = 7.234230e-01 (asqtad3) terms = 2 mflops = 2.073190e+03
CONGRAD5: time = 1.198196e-02 (fn F) masses = 1 iters = 4 mflops = 1.369482e+03
 OK converged final_rsq= 0.013 (cf 0.016) rel = 1 (cf 0) restarts = 1 iters= 4
CONGRAD5: time = 1.133704e-02 (fn F) masses = 1 iters = 4 mflops = 1.447387e+03
 OK converged final_rsq= 0.013 (cf 0.016) rel = 1 (cf 0) restarts = 1 iters= 4
GFTIME:   time = 2.034972e-01 (Symanzik1) mflops = 2.598473e+03
FFTIME:  time = 7.279780e-01 (asqtad3) terms = 2 mflops = 2.060218e+03
CONGRAD5: time = 1.210189e-02 (fn F) masses = 1 iters = 4 mflops = 1.355911e+03
 OK converged final_rsq= 0.011 (cf 0.016) rel = 1 (cf 0) restarts = 1 iters= 4
CONGRAD5: time = 1.123190e-02 (fn F) masses = 1 iters = 4 mflops = 1.460936e+03
 OK converged final_rsq= 0.011 (cf 0.016) rel = 1 (cf 0) restarts = 1 iters= 4
GFTIME:   time = 2.023101e-01 (Symanzik1) mflops = 2.613720e+03
FFTIME:  time = 7.711260e-01 (asqtad3) terms = 2 mflops = 1.944939e+03
PLAQ:	2.347595	2.347761
P_LOOP:	-1.412683e-03	1.077207e-02
G_LOOP:  0  0  4   	2.347511e+00	( 0 1 7 6  )
G_LOOP:  0  1  4   	2.346866e+00	( 0 2 7 5  )
G_LOOP:  0  2  4   	2.347636e+00	( 0 3 7 4  )
G_LOOP:  0  3  4   	2.348407e+00	( 1 2 6 5  )
G_LOOP:  0  4  4   	2.348585e+00	( 1 3 6 4  )
G_LOOP:  0  5  4   	2.347063e+00	( 2 3 5 4  )
G_LOOP:  1  0  6   	1.771126e+00	( 0 0 1 7 7 6  )
G_LOOP:  1  1  6   	1.770876e+00	( 0 0 2 7 7 5  )
G_LOOP:  1  2  6   	1.771757e+00	( 0 0 3 7 7 4  )
G_LOOP:  1  3  6   	1.772400e+00	( 1 1 0 6 6 7  )
G_LOOP:  1  4  6   	1.774227e+00	( 1 1 2 6 6 5  )
G_LOOP:  1  5  6   	1.774609e+00	( 1 1 3 6 6 4  )
G_LOOP:  1  6  6   	1.771289e+00	( 2 2 0 5 5 7  )
G_LOOP:  1  7  6   	1.773846e+00	( 2 2 1 5 5 6  )
G_LOOP:  1  8  6   	1.770555e+00	( 2 2 3 5 5 4  )
G_LOOP:  1  9  6   	1.773177e+00	( 3 3 0 4 4 7  )
G_LOOP:  1  10  6   	1.775556e+00	( 3 3 1 4 4 6  )
G_LOOP:  1  11  6   	1.771902e+00	( 3 3 2 4 4 5  )
G_LOOP:  2  0  6   	1.819594e+00	( 0 1 2 7 6 5  )
G_LOOP:  2  1  6   	1.819962e+00	( 0 1 5 7 6 2  )
G_LOOP:  2  2  6   	1.818833e+00	( 0 6 2 7 1 5  )
G_LOOP:  2  3  6   	1.819953e+00	( 0 6 5 7 1 2  )
G_LOOP:  2  4  6   	1.820495e+00	( 0 1 3 7 6 4  )
G_LOOP:  2  5  6   	1.819196e+00	( 0 1 4 7 6 3  )
G_LOOP:  2  6  6   	1.822044e+00	( 0 6 3 7 1 4  )
G_LOOP:  2  7  6   	1.819517e+00	( 0 6 4 7 1 3  )
G_LOOP:  2  8  6   	1.818988e+00	( 0 2 3 7 5 4  )
G_LOOP:  2  9  6   	1.817915e+00	( 0 2 4 7 5 3  )
G_LOOP:  2  10  6   	1.818282e+00	( 0 5 3 7 2 4  )
G_LOOP:  2  11  6   	1.817962e+00	( 0 5 4 7 2 3  )
G_LOOP:  2  12  6   	1.821160e+00	( 1 2 3 6 5 4  )
G_LOOP:  2  13  6   	1.821849e+00	( 1 2 4 6 5 3  )
G_LOOP:  2  14  6   	1.818364e+00	( 1 5 3 6 2 4  )
G_LOOP:  2  15  6   	1.819830e+00	( 1 5 4 6 2 3  )
GACTION: 2.575869e+00
CONGRAD5: time = 1.375914e-02 (fn F) masses = 1 iters = 4 mflops = 1.192596e+03
 OK converged final_rsq= 0.01 (cf 0.016) rel = 1 (cf 0) restarts = 1 iters= 4
CONGRAD5: time = 1.624107e-02 (fn F) masses = 1 iters = 6 mflops = 1.515518e+03
 OK converged final_rsq= 0.0089 (cf 0.016) rel = 1 (cf 0) restarts = 1 iters= 6
PBP: mass 1.250000e-01     6.825752e-02  9.608316e-02  1.095450e-03  1.306653e-03 ( 1 of 1 )
FACTION: mass = 1.250000e-01,  1.460506e+00 ( 1 of 1 )
CONGRAD5: time = 1.253009e-02 (fn F) masses = 1 iters = 4 mflops = 1.309575e+03
 OK converged final_rsq= 0.01 (cf 0.016) rel = 1 (cf 0) restarts = 1 iters= 4
CONGRAD5: time = 1.617193e-02 (fn F) masses = 1 iters = 6 mflops = 1.521997e+03
 OK converged final_rsq= 0.009 (cf 0.016) rel = 1 (cf 0) restarts = 1 iters= 6
PBP: mass 1.250000e-01     7.083853e-02  9.489771e-02  5.481260e-04  7.284072e-04 ( 1 of 1 )
FACTION: mass = 1.250000e-01,  1.466257e+00 ( 1 of 1 )
CONGRAD5: time = 1.277781e-02 (fn F) masses = 1 iters = 4 mflops = 1.284187e+03
 OK converged final_rsq= 0.011 (cf 0.016) rel = 1 (cf 0) restarts = 1 iters= 4
CONGRAD5: time = 1.279306e-02 (fn F) masses = 1 iters = 4 mflops = 1.282655e+03
 OK converged final_rsq= 0.011 (cf 0.016) rel = 1 (cf 0) restarts = 1 iters= 4
GFTIME:   time = 2.127988e-01 (Symanzik1) mflops = 2.484891e+03
FFTIME:  time = 7.260380e-01 (asqtad3) terms = 2 mflops = 2.065723e+03
CONGRAD5: time = 1.169801e-02 (fn F) masses = 1 iters = 4 mflops = 1.402725e+03
 OK converged final_rsq= 0.016 (cf 0.016) rel = 1 (cf 0) restarts = 1 iters= 4
CONGRAD5: time = 1.126909e-02 (fn F) masses = 1 iters = 4 mflops = 1.456114e+03
 OK converged final_rsq= 0.015 (cf 0.016) rel = 1 (cf 0) restarts = 1 iters= 4
GFTIME:   time = 2.036641e-01 (Symanzik1) mflops = 2.596343e+03
FFTIME:  time = 7.231319e-01 (asqtad3) terms = 2 mflops = 2.074025e+03
CONGRAD5: time = 1.377296e-02 (fn F) masses = 1 iters = 5 mflops = 1.489248e+03
 OK converged final_rsq= 0.009 (cf 0.016) rel = 1 (cf 0) restarts = 1 iters= 5
CONGRAD5: time = 1.322103e-02 (fn F) masses = 1 iters = 5 mflops = 1.551420e+03
 OK converged final_rsq= 0.0085 (cf 0.016) rel = 1 (cf 0) restarts = 1 iters= 5
GFTIME:   time = 2.022569e-01 (Symanzik1) mflops = 2.614407e+03
FFTIME:  time = 7.459891e-01 (asqtad3) terms = 2 mflops = 2.010476e+03
CONGRAD5: time = 1.695609e-02 (fn F) masses = 1 iters = 5 mflops = 1.209675e+03
 OK converged final_rsq= 0.0086 (cf 0.016) rel = 1 (cf 0) restarts = 1 iters= 5
CONGRAD5: time = 1.415992e-02 (fn F) masses = 1 iters = 5 mflops = 1.448551e+03
 OK converged final_rsq= 0.0083 (cf 0.016) rel = 1 (cf 0) restarts = 1 iters= 5
GFTIME:   time = 2.073760e-01 (Symanzik1) mflops = 2.549870e+03
FFTIME:  time = 7.131200e-01 (asqtad3) terms = 2 mflops = 2.103143e+03
CONGRAD5: time = 1.364994e-02 (fn F) masses = 1 iters = 5 mflops = 1.502670e+03
 OK converged final_rsq= 0.0074 (cf 0.016) rel = 1 (cf 0) restarts = 1 iters= 5
CONGRAD5: time = 1.122713e-02 (fn F) masses = 1 iters = 4 mflops = 1.461557e+03
 OK converged final_rsq= 0.016 (cf 0.016) rel = 1 (cf 0) restarts = 1 iters= 4
GFTIME:   time = 2.027190e-01 (Symanzik1) mflops = 2.608448e+03
FFTIME:  time = 7.146819e-01 (asqtad3) terms = 2 mflops = 2.098547e+03
PLAQ:	2.011111	2.012196
P_LOOP:	1.164183e-03	-1.302911e-02
G_LOOP:  0  0  4   	2.010542e+00	( 0 1 7 6  )
G_LOOP:  0  1  4   	2.011809e+00	( 0 2 7 5  )
G_LOOP:  0  2  4   	2.012118e+00	( 0 3 7 4  )
G_LOOP:  0  3  4   	2.010981e+00	( 1 2 6 5  )
G_LOOP:  0  4  4   	2.011686e+00	( 1 3 6 4  )
G_LOOP:  0  5  4   	2.012783e+00	( 2 3 5 4  )
G_LOOP:  1  0  6   	1.295557e+00	( 0 0 1 7 7 6  )
G_LOOP:  1  1  6   	1.298243e+00	( 0 0 2 7 7 5  )
G_LOOP:  1  2  6   	1.297637e+00	( 0 0 3 7 7 4  )
G_LOOP:  1  3  6   	1.296068e+00	( 1 1 0 6 6 7  )
G_LOOP:  1  4  6   	1.296646e+00	( 1 1 2 6 6 5  )
G_LOOP:  1  5  6   	1.297817e+00	( 1 1 3 6 6 4  )
G_LOOP:  1  6  6   	1.298153e+00	( 2 2 0 5 5 7  )
G_LOOP:  1  7  6   	1.295294e+00	( 2 2 1 5 5 6  )
G_LOOP:  1  8  6   	1.299809e+00	( 2 2 3 5 5 4  )
G_LOOP:  1  9  6   	1.298436e+00	( 3 3 0 4 4 7  )
G_LOOP:  1  10  6   	1.298930e+00	( 3 3 1 4 4 6  )
G_LOOP:  1  11  6   	1.299339e+00	( 3 3 2 4 4 5  )
G_LOOP:  2  0  6   	1.339895e+00	( 0 1 2 7 6 5  )
G_LOOP:  2  1  6   	1.340088e+00	( 0 1 5 7 6 2  )
G_LOOP:  2  2  6   	1.341902e+00	( 0 6 2 7 1 5  )
G_LOOP:  2  3  6   	1.340691e+00	( 0 6 5 7 1 2  )
G_LOOP:  2  4  6   	1.341110e+00	( 0 1 3 7 6 4  )
G_LOOP:  2  5  6   	1.338316e+00	( 0 1 4 7 6 3  )
G_LOOP:  2  6  6   	1.340759e+00	( 0 6 3 7 1 4  )
G_LOOP:  2  7  6   	1.339813e+00	( 0 6 4 7 1 3  )
G_LOOP:  2  8  6   	1.343492e+00	( 0 2 3 7 5 4  )
G_LOOP:  2  9  6   	1.340970e+00	( 0 2 4 7 5 3  )
G_LOOP:  2  10  6   	1.342519e+00	( 0 5 3 7 2 4  )
G_LOOP:  2  11  6   	1.342113e+00	( 0 5 4 7 2 3  )
G_LOOP:  2  12  6   	1.340802e+00	( 1 2 3 6 5 4  )
G_LOOP:  2  13  6   	1.342208e+00	( 1 2 4 6 5 3  )
G_LOOP:  2  14  6   	1.338394e+00	( 1 5 3 6 2 4  )
G_LOOP:  2  15  6   	1.340863e+00	( 1 5 4 6 2 3  )
GACTION: 4.070614e+00
CONGRAD5: time = 1.264501e-02 (fn F) masses = 1 iters = 4 mflops = 1.297673e+03
 OK converged final_rsq= 0.014 (cf 0.016) rel = 1 (cf 0) restarts = 1 iters= 4
CONGRAD5: time = 1.493096e-02 (fn F) masses = 1 iters = 6 mflops = 1.648496e+03
 OK converged final_rsq= 0.013 (cf 0.016) rel = 1 (cf 0) restarts = 1 iters= 6
PBP: mass 1.250000e-01     8.653191e-02  1.640120e-01  2.248929e-03  2.315767e-03 ( 1 of 1 )
FACTION: mass = 1.250000e-01,  1.444087e+00 ( 1 of 1 )
CONGRAD5: time = 1.218891e-02 (fn F) masses = 1 iters = 4 mflops = 1.346231e+03
 OK converged final_rsq= 0.014 (cf 0.016) rel = 1 (cf 0) restarts = 1 iters= 4
CONGRAD5: time = 1.493883e-02 (fn F) masses = 1 iters = 6 mflops = 1.647628e+03
 OK converged final_rsq= 0.014 (cf 0.016) rel = 1 (cf 0) restarts = 1 iters= 6
PBP: mass 1.250000e-01     8.449025e-02  1.684165e-01  2.084430e-04  -1.771375e-04 ( 1 of 1 )
FACTION: mass = 1.250000e-01,  1.446092e+00 ( 1 of 1 )
CONGRAD5: time = 1.386499e-02 (fn F) masses = 1 iters = 5 mflops = 1.479363e+03
 OK converged final_rsq= 0.0075 (cf 0.016) rel = 1 (cf 0) restarts = 1 iters= 5
CONGRAD5: time = 1.126385e-02 (fn F) masses = 1 iters = 4 mflops = 1.456792e+03
 OK converged final_rsq= 0.015 (cf 0.016) rel = 1 (cf 0) restarts = 1 iters= 4
GFTIME:   time = 2.019520e-01 (Symanzik1) mflops = 2.618354e+03
FFTIME:  time = 7.126429e-01 (asqtad3) terms = 2 mflops = 2.104551e+03
CONGRAD5: time = 1.351619e-02 (fn F) masses = 1 iters = 5 mflops = 1.517540e+03
 OK converged final_rsq= 0.0093 (cf 0.016) rel = 1 (cf 0) restarts = 1 iters= 5
CONGRAD5: time = 1.313400e-02 (fn F) masses = 1 iters = 5 mflops = 1.561699e+03
 OK converged final_rsq= 0.0088 (cf 0.016) rel = 1 (cf 0) restarts = 1 iters= 5
GFTIME:   time = 2.022581e-01 (Symanzik1) mflops = 2.614391e+03
FFTIME:  time = 7.149129e-01 (asqtad3) terms = 2 mflops = 2.097869e+03
CONGRAD5: time = 1.348901e-02 (fn F) masses = 1 iters = 5 mflops = 1.520598e+03
 OK converged final_rsq= 0.011 (cf 0.016) rel = 1 (cf 0) restarts = 1 iters= 5
CONGRAD5: time = 1.323009e-02 (fn F) masses = 1 iters = 5 mflops = 1.550357e+03
 OK converged final_rsq= 0.01 (cf 0.016) rel = 1 (cf 0) restarts = 1 iters= 5
GFTIME:   time = 2.015429e-01 (Symanzik1) mflops = 2.623669e+03
FFTIME:  time = 7.175190e-01 (asqtad3) terms = 2 mflops = 2.090249e+03
CONGRAD5: time = 1.362205e-02 (fn F) masses = 1 iters = 5 mflops = 1.505747e+03
 OK converged final_rsq= 0.011 (cf 0.016) rel = 1 (cf 0) restarts = 1 iters= 5
CONGRAD5: time = 1.318693e-02 (fn F) masses = 1 iters = 5 mflops = 1.555431e+03
 OK converged final_rsq= 0.01 (cf 0.016) rel = 1 (cf 0) restarts = 1 iters= 5
GFTIME:   time = 2.158399e-01 (Symanzik1) mflops = 2.449880e+03
FFTIME:  time = 7.205698e-01 (asqtad3) terms = 2 mflops = 2.081399e+03
CONGRAD5: time = 1.366210e-02 (fn F) masses = 1 iters = 5 mflops = 1.501333e+03
 OK converged final_rsq= 0.01 (cf 0.016) rel = 1 (cf 0) restarts = 1 iters= 5
CONGRAD5: time = 1.318693e-02 (fn F) masses = 1 iters = 5 mflops = 1.555431e+03
 OK converged final_rsq= 0.0096 (cf 0.016) rel = 1 (cf 0) restarts = 1 iters= 5
GFTIME:   time = 2.029459e-01 (Symanzik1) mflops = 2.605530e+03
FFTIME:  time = 7.183652e-01 (asqtad3) terms = 2 mflops = 2.087787e+03
PLAQ:	1.790745	1.792467
P_LOOP:	-1.917755e-04	-4.920262e-03
G_LOOP:  0  0  4   	1.789087e+00	( 0 1 7 6  )
G_LOOP:  0  1  4   	1.791690e+00	( 0 2 7 5  )
G_LOOP:  0  2  4   	1.792584e+00	( 0 3 7 4  )
G_LOOP:  0  3  4   	1.791457e+00	( 1 2 6 5  )
G_LOOP:  0  4  4   	1.791849e+00	( 1 3 6 4  )
G_LOOP:  0  5  4   	1.792968e+00	( 2 3 5 4  )
G_LOOP:  1  0  6   	1.021094e+00	( 0 0 1 7 7 6  )
G_LOOP:  1  1  6   	1.024960e+00	( 0 0 2 7 7 5  )
G_LOOP:  1  2  6   	1.026166e+00	( 0 0 3 7 7 4  )
G_LOOP:  1  3  6   	1.020805e+00	( 1 1 0 6 6 7  )
G_LOOP:  1  4  6   	1.023668e+00	( 1 1 2 6 6 5  )
G_LOOP:  1  5  6   	1.022670e+00	( 1 1 3 6 6 4  )
G_LOOP:  1  6  6   	1.021541e+00	( 2 2 0 5 5 7  )
G_LOOP:  1  7  6   	1.025184e+00	( 2 2 1 5 5 6  )
G_LOOP:  1  8  6   	1.026991e+00	( 2 2 3 5 5 4  )
G_LOOP:  1  9  6   	1.024792e+00	( 3 3 0 4 4 7  )
G_LOOP:  1  10  6   	1.023325e+00	( 3 3 1 4 4 6  )
G_LOOP:  1  11  6   	1.027138e+00	( 3 3 2 4 4 5  )
G_LOOP:  2  0  6   	1.057479e+00	( 0 1 2 7 6 5  )
G_LOOP:  2  1  6   	1.054795e+00	( 0 1 5 7 6 2  )
G_LOOP:  2  2  6   	1.056812e+00	( 0 6 2 7 1 5  )
G_LOOP:  2  3  6   	1.054203e+00	( 0 6 5 7 1 2  )
G_LOOP:  2  4  6   	1.056459e+00	( 0 1 3 7 6 4  )
G_LOOP:  2  5  6   	1.057329e+00	( 0 1 4 7 6 3  )
G_LOOP:  2  6  6   	1.055881e+00	( 0 6 3 7 1 4  )
G_LOOP:  2  7  6   	1.057281e+00	( 0 6 4 7 1 3  )
G_LOOP:  2  8  6   	1.056752e+00	( 0 2 3 7 5 4  )
G_LOOP:  2  9  6   	1.055486e+00	( 0 2 4 7 5 3  )
G_LOOP:  2  10  6   	1.056447e+00	( 0 5 3 7 2 4  )
G_LOOP:  2  11  6   	1.061817e+00	( 0 5 4 7 2 3  )
G_LOOP:  2  12  6   	1.059116e+00	( 1 2 3 6 5 4  )
G_LOOP:  2  13  6   	1.055844e+00	( 1 2 4 6 5 3  )
G_LOOP:  2  14  6   	1.055744e+00	( 1 5 3 6 2 4  )
G_LOOP:  2  15  6   	1.057354e+00	( 1 5 4 6 2 3  )
GACTION: 5.089141e+00
CONGRAD5: time = 1.320982e-02 (fn F) masses = 1 iters = 5 mflops = 1.552736e+03
 OK converged final_rsq= 0.0085 (cf 0.016) rel = 1 (cf 0) restarts = 1 iters= 5
CONGRAD5: time = 1.514506e-02 (fn F) masses = 1 iters = 6 mflops = 1.625192e+03
 OK converged final_rsq= 0.015 (cf 0.016) rel = 1 (cf 0) restarts = 1 iters= 6
PBP: mass 1.250000e-01     1.118677e-01  2.954556e-01  -4.300555e-04  9.395341e-05 ( 1 of 1 )
FACTION: mass = 1.250000e-01,  1.454471e+00 ( 1 of 1 )
CONGRAD5: time = 1.350093e-02 (fn F) masses = 1 iters = 5 mflops = 1.519255e+03
 OK converged final_rsq= 0.0086 (cf 0.016) rel = 1 (cf 0) restarts = 1 iters= 5
CONGRAD5: time = 1.575899e-02 (fn F) masses = 1 iters = 6 mflops = 1.561879e+03
 OK converged final_rsq= 0.015 (cf 0.016) rel = 1 (cf 0) restarts = 1 iters= 6
PBP: mass 1.250000e-01     1.105973e-01  3.002362e-01  -5.283041e-04  -6.620538e-04 ( 1 of 1 )
FACTION: mass = 1.250000e-01,  1.451145e+00 ( 1 of 1 )
CONGRAD5: time = 1.447105e-02 (fn F) masses = 1 iters = 5 mflops = 1.417406e+03
 OK converged final_rsq= 0.01 (cf 0.016) rel = 1 (cf 0) restarts = 1 iters= 5
CONGRAD5: time = 1.328301e-02 (fn F) masses = 1 iters = 5 mflops = 1.544180e+03
 OK converged final_rsq= 0.0096 (cf 0.016) rel = 1 (cf 0) restarts = 1 iters= 5
GFTIME:   time = 2.050741e-01 (Symanzik1) mflops = 2.578492e+03
FFTIME:  time = 7.486339e-01 (asqtad3) terms = 2 mflops = 2.003374e+03
CONGRAD5: time = 1.764798e-02 (fn F) masses = 1 iters = 5 mflops = 1.162250e+03
 OK converged final_rsq= 0.011 (cf 0.016) rel = 1 (cf 0) restarts = 1 iters= 5
CONGRAD5: time = 1.434398e-02 (fn F) masses = 1 iters = 5 mflops = 1.429963e+03
 OK converged final_rsq= 0.011 (cf 0.016) rel = 1 (cf 0) restarts = 1 iters= 5
GFTIME:   time = 2.180150e-01 (Symanzik1) mflops = 2.425438e+03
FFTIME:  time = 7.327781e-01 (asqtad3) terms = 2 mflops = 2.046723e+03
CONGRAD5: time = 1.449990e-02 (fn F) masses = 1 iters = 5 mflops = 1.414586e+03
 OK converged final_rsq= 0.012 (cf 0.016) rel = 1 (cf 0) restarts = 1 iters= 5
CONGRAD5: time = 1.324391e-02 (fn F) masses = 1 iters = 5 mflops = 1.548739e+03
 OK converged final_rsq= 0.011 (cf 0.016) rel = 1 (cf 0) restarts = 1 iters= 5
GFTIME:   time = 2.037661e-01 (Symanzik1) mflops = 2.595043e+03
FFTIME:  time = 7.191210e-01 (asqtad3) terms = 2 mflops = 2.085593e+03
CONGRAD5: time = 1.491404e-02 (fn F) masses = 1 iters = 5 mflops = 1.375306e+03
 OK converged final_rsq= 0.012 (cf 0.016) rel = 1 (cf 0) restarts = 1 iters= 5
CONGRAD5: time = 1.407599e-02 (fn F) masses = 1 iters = 5 mflops = 1.457187e+03
 OK converged final_rsq= 0.012 (cf 0.016) rel = 1 (cf 0) restarts = 1 iters= 5
GFTIME:   time = 2.049348e-01 (Symanzik1) mflops = 2.580244e+03
FFTIME:  time = 7.488191e-01 (asqtad3) terms = 2 mflops = 2.002878e+03
CONGRAD5: time = 1.534390e-02 (fn F) masses = 1 iters = 5 mflops = 1.336776e+03
 OK converged final_rsq= 0.012 (cf 0.016) rel = 1 (cf 0) restarts = 1 iters= 5
CONGRAD5: time = 1.417994e-02 (fn F) masses = 1 iters = 5 mflops = 1.446505e+03
 OK converged final_rsq= 0.011 (cf 0.016) rel = 1 (cf 0) restarts = 1 iters= 5
GFTIME:   time = 2.168190e-01 (Symanzik1) mflops = 2.438816e+03
FFTIME:  time = 7.430060e-01 (asqtad3) terms = 2 mflops = 2.018548e+03
PLAQ:	1.644813	1.645910
P_LOOP:	3.517893e-03	-6.785171e-03
G_LOOP:  0  0  4   	1.643697e+00	( 0 1 7 6  )
G_LOOP:  0  1  4   	1.645492e+00	( 0 2 7 5  )
G_LOOP:  0  2  4   	1.646565e+00	( 0 3 7 4  )
G_LOOP:  0  3  4   	1.645251e+00	( 1 2 6 5  )
G_LOOP:  0  4  4   	1.646085e+00	( 1 3 6 4  )
G_LOOP:  0  5  4   	1.645079e+00	( 2 3 5 4  )
G_LOOP:  1  0  6   	8.536272e-01	( 0 0 1 7 7 6  )
G_LOOP:  1  1  6   	8.570721e-01	( 0 0 2 7 7 5  )
G_LOOP:  1  2  6   	8.559980e-01	( 0 0 3 7 7 4  )
G_LOOP:  1  3  6   	8.513719e-01	( 1 1 0 6 6 7  )
G_LOOP:  1  4  6   	8.548773e-01	( 1 1 2 6 6 5  )
G_LOOP:  1  5  6   	8.559575e-01	( 1 1 3 6 6 4  )
G_LOOP:  1  6  6   	8.563919e-01	( 2 2 0 5 5 7  )
G_LOOP:  1  7  6   	8.573651e-01	( 2 2 1 5 5 6  )
G_LOOP:  1  8  6   	8.552518e-01	( 2 2 3 5 5 4  )
G_LOOP:  1  9  6   	8.590436e-01	( 3 3 0 4 4 7  )
G_LOOP:  1  10  6   	8.563156e-01	( 3 3 1 4 4 6  )
G_LOOP:  1  11  6   	8.552455e-01	( 3 3 2 4 4 5  )
G_LOOP:  2  0  6   	8.769052e-01	( 0 1 2 7 6 5  )
G_LOOP:  2  1  6   	8.775728e-01	( 0 1 5 7 6 2  )
G_LOOP:  2  2  6   	8.775268e-01	( 0 6 2 7 1 5  )
G_LOOP:  2  3  6   	8.774933e-01	( 0 6 5 7 1 2  )
G_LOOP:  2  4  6   	8.780000e-01	( 0 1 3 7 6 4  )
G_LOOP:  2  5  6   	8.808810e-01	( 0 1 4 7 6 3  )
G_LOOP:  2  6  6   	8.766411e-01	( 0 6 3 7 1 4  )
G_LOOP:  2  7  6   	8.765984e-01	( 0 6 4 7 1 3  )
G_LOOP:  2  8  6   	8.783221e-01	( 0 2 3 7 5 4  )
G_LOOP:  2  9  6   	8.774300e-01	( 0 2 4 7 5 3  )
G_LOOP:  2  10  6   	8.759553e-01	( 0 5 3 7 2 4  )
G_LOOP:  2  11  6   	8.806796e-01	( 0 5 4 7 2 3  )
G_LOOP:  2  12  6   	8.798484e-01	( 1 2 3 6 5 4  )
G_LOOP:  2  13  6   	8.751524e-01	( 1 2 4 6 5 3  )
G_LOOP:  2  14  6   	8.770529e-01	( 1 5 3 6 2 4  )
G_LOOP:  2  15  6   	8.804209e-01	( 1 5 4 6 2 3  )
GACTION: 5.780302e+00
CONGRAD5: time = 1.463199e-02 (fn F) masses = 1 iters = 5 mflops = 1.401816e+03
 OK converged final_rsq= 0.01 (cf 0.016) rel = 1 (cf 0) restarts = 1 iters= 5
CONGRAD5: time = 1.680994e-02 (fn F) masses = 1 iters = 7 mflops = 1.708269e+03
 OK converged final_rsq= 0.0082 (cf 0.016) rel = 1 (cf 0) restarts = 1 iters= 7
PBP: mass 1.250000e-01     1.267671e-01  3.194774e-01  -4.833170e-04  -1.081211e-03 ( 1 of 1 )
FACTION: mass = 1.250000e-01,  1.432869e+00 ( 1 of 1 )
CONGRAD5: time = 1.408195e-02 (fn F) masses = 1 iters = 5 mflops = 1.456570e+03
 OK converged final_rsq= 0.01 (cf 0.016) rel = 1 (cf 0) restarts = 1 iters= 5
CONGRAD5: time = 1.686096e-02 (fn F) masses = 1 iters = 7 mflops = 1.703100e+03
 OK converged final_rsq= 0.008 (cf 0.016) rel = 1 (cf 0) restarts = 1 iters= 7
PBP: mass 1.250000e-01     1.239260e-01  3.195190e-01  8.115391e-04  2.827003e-04 ( 1 of 1 )
FACTION: mass = 1.250000e-01,  1.436823e+00 ( 1 of 1 )
RUNNING COMPLETED
average cg iters for step= 1.100000e+01
Time = 2.774121e+01 seconds
total_iters = 550
Checksums f9a6baac 63d9c86e
Saved gauge configuration in parallel to binary file lat_p64_size128_1
Time stamp Sat Aug 13 00:59:37 2022
Wrote info file lat_p64_size128_1.info
Time to save = 3.712189e-01
CHECK PLAQ: 1.644813e+00 1.645910e+00
CHECK NERSC LINKTR: 1.703356e-01 CKSUM: 4e6bfb13


warms 0
trajecs 4
traj_between_meas 1
beta 5.6
mass1 0.01
mass2 0.01
u0 0.8441
microcanonical_time_step 0.02
steps_per_trajectory 15
max_cg_iterations 300
max_cg_restarts 5
error_per_site 1e-05
error_for_propagator 1e-05
npbp_reps 1
prec_pbp 1
reload_parallel lat_p64_size128_1
save_parallel lat_p64_size128_2
Restored binary gauge configuration in parallel from file lat_p64_size128_1
Time stamp Sat Aug 13 00:59:37 2022
Checksums f9a6baac 63d9c86e OK
Time to reload gauge configuration = 2.886591e-01
CHECK PLAQ: 1.644813e+00 1.645910e+00
CHECK NERSC LINKTR: 1.703356e-01 CKSUM: 4e6bfb13
Unitarity checked.  Max deviation 2.98e-07
Time to check unitarity = 8.928776e-04
"O(a^2): couplings(pi)=0, Naik term, No O(a^2) errors, tadpole weights"
path coefficients: npath  path_coeff  multiplicity
                    0      6.250000e-01     8
                    1      -5.847914e-02     8
                    2      -8.771871e-02     48
                    3      3.077829e-02     192
                    4      -7.199551e-03     384
                    5      -1.231132e-01     48
Symanzik 1x1 + 1x2 + 1x1x1 action
gauge_action: total_dyn_flavors = 3
loop coefficients: nloop rep loop_coeff  multiplicity
                    0 0      1.000000e+00     6
                    1 0      -7.762509e-02     12
                    2 0      -1.031171e-02     16
WARMUPS COMPLETED
CONGRAD5: time = 1.166782e+00 (fn F) masses = 1 iters = 589 mflops = 2.070856e+03
 OK converged final_rsq= 5e-11 (cf 1e-10) rel = 1 (cf 0) restarts = 3 iters= 589
CONGRAD5: time = 1.074395e+00 (fn F) masses = 1 iters = 573 mflops = 2.187837e+03
 OK converged final_rsq= 9.9e-11 (cf 1e-10) rel = 1 (cf 0) restarts = 2 iters= 573
GFTIME:   time = 2.028899e-01 (Symanzik1) mflops = 2.606250e+03
FFTIME:  time = 7.154920e-01 (asqtad3) terms = 2 mflops = 2.096171e+03
CONGRAD5: time = 1.067779e+00 (fn F) masses = 1 iters = 552 mflops = 2.120715e+03
 OK converged final_rsq= 5e-11 (cf 1e-10) rel = 1 (cf 0) restarts = 3 iters= 552
CONGRAD5: time = 1.046064e+00 (fn F) masses = 1 iters = 553 mflops = 2.168660e+03
 OK converged final_rsq= 5e-11 (cf 1e-10) rel = 1 (cf 0) restarts = 3 iters= 553
GFTIME:   time = 2.036140e-01 (Symanzik1) mflops = 2.596982e+03
FFTIME:  time = 7.470701e-01 (asqtad3) terms = 2 mflops = 2.007567e+03
CONGRAD5: time = 1.105151e+00 (fn F) masses = 1 iters = 555 mflops = 2.060135e+03
 OK converged final_rsq= 4.9e-11 (cf 1e-10) rel = 1 (cf 0) restarts = 3 iters= 555
CONGRAD5: time = 1.002910e+00 (fn F) masses = 1 iters = 504 mflops = 2.061546e+03
 OK converged final_rsq= 5e-11 (cf 1e-10) rel = 1 (cf 0) restarts = 3 iters= 504
GFTIME:   time = 2.150650e-01 (Symanzik1) mflops = 2.458707e+03
FFTIME:  time = 7.595420e-01 (asqtad3) terms = 2 mflops = 1.974602e+03
CONGRAD5: time = 1.095687e+00 (fn F) masses = 1 iters = 557 mflops = 2.085418e+03
 OK converged final_rsq= 1e-10 (cf 1e-10) rel = 1 (cf 0) restarts = 2 iters= 557
CONGRAD5: time = 9.483020e-01 (fn F) masses = 1 iters = 505 mflops = 2.184586e+03
 OK converged final_rsq= 5e-11 (cf 1e-10) rel = 1 (cf 0) restarts = 3 iters= 505
GFTIME:   time = 2.035658e-01 (Symanzik1) mflops = 2.597596e+03
FFTIME:  time = 7.148571e-01 (asqtad3) terms = 2 mflops = 2.098032e+03
CONGRAD5: time = 1.048275e+00 (fn F) masses = 1 iters = 556 mflops = 2.175825e+03
 OK converged final_rsq= 5e-11 (cf 1e-10) rel = 1 (cf 0) restarts = 3 iters= 556
CONGRAD5: time = 9.516280e-01 (fn F) masses = 1 iters = 506 mflops = 2.181262e+03
 OK converged final_rsq= 9.9e-11 (cf 1e-10) rel = 1 (cf 0) restarts = 2 iters= 506
GFTIME:   time = 2.031488e-01 (Symanzik1) mflops = 2.602928e+03
FFTIME:  time = 7.241032e-01 (asqtad3) terms = 2 mflops = 2.071243e+03
CONGRAD5: time = 1.075688e+00 (fn F) masses = 1 iters = 566 mflops = 2.158513e+03
 OK converged final_rsq= 4.9e-11 (cf 1e-10) rel = 1 (cf 0) restarts = 3 iters= 566
CONGRAD5: time = 9.967539e-01 (fn F) masses = 1 iters = 523 mflops = 2.152475e+03
 OK converged final_rsq= 9.9e-11 (cf 1e-10) rel = 1 (cf 0) restarts = 2 iters= 523
GFTIME:   time = 2.077858e-01 (Symanzik1) mflops = 2.544840e+03
FFTIME:  time = 7.716920e-01 (asqtad3) terms = 2 mflops = 1.943513e+03
CONGRAD5: time = 1.043846e+00 (fn F) masses = 1 iters = 520 mflops = 2.043578e+03
 OK converged final_rsq= 5e-11 (cf 1e-10) rel = 1 (cf 0) restarts = 3 iters= 520
CONGRAD5: time = 1.072224e+00 (fn F) masses = 1 iters = 554 mflops = 2.119575e+03
 OK converged final_rsq= 5e-11 (cf 1e-10) rel = 1 (cf 0) restarts = 3 iters= 554
GFTIME:   time = 2.148130e-01 (Symanzik1) mflops = 2.461591e+03
FFTIME:  time = 7.631080e-01 (asqtad3) terms = 2 mflops = 1.965375e+03
CONGRAD5: time = 1.032276e+00 (fn F) masses = 1 iters = 548 mflops = 2.177756e+03
 OK converged final_rsq= 5e-11 (cf 1e-10) rel = 1 (cf 0) restarts = 3 iters= 548
CONGRAD5: time = 1.007124e+00 (fn F) masses = 1 iters = 534 mflops = 2.175118e+03
 OK converged final_rsq= 1e-10 (cf 1e-10) rel = 1 (cf 0) restarts = 2 iters= 534
GFTIME:   time = 2.031841e-01 (Symanzik1) mflops = 2.602476e+03
FFTIME:  time = 7.131379e-01 (asqtad3) terms = 2 mflops = 2.103090e+03
CONGRAD5: time = 1.018889e+00 (fn F) masses = 1 iters = 527 mflops = 2.121818e+03
 OK converged final_rsq= 5e-11 (cf 1e-10) rel = 1 (cf 0) restarts = 3 iters= 527
CONGRAD5: time = 1.016309e+00 (fn F) masses = 1 iters = 528 mflops = 2.131241e+03
 OK converged final_rsq= 5e-11 (cf 1e-10) rel = 1 (cf 0) restarts = 3 iters= 528
GFTIME:   time = 2.043660e-01 (Symanzik1) mflops = 2.587426e+03
FFTIME:  time = 7.132308e-01 (asqtad3) terms = 2 mflops = 2.102816e+03
CONGRAD5: time = 1.052464e+00 (fn F) masses = 1 iters = 559 mflops = 2.178858e+03
 OK converged final_rsq= 1e-10 (cf 1e-10) rel = 1 (cf 0) restarts = 2 iters= 559
CONGRAD5: time = 9.775209e-01 (fn F) masses = 1 iters = 519 mflops = 2.178039e+03
 OK converged final_rsq= 1e-10 (cf 1e-10) rel = 1 (cf 0) restarts = 2 iters= 519
GFTIME:   time = 2.035031e-01 (Symanzik1) mflops = 2.598396e+03
FFTIME:  time = 7.140639e-01 (asqtad3) terms = 2 mflops = 2.100363e+03
CONGRAD5: time = 1.042115e+00 (fn F) masses = 1 iters = 553 mflops = 2.176877e+03
 OK converged final_rsq= 5e-11 (cf 1e-10) rel = 1 (cf 0) restarts = 3 iters= 553
CONGRAD5: time = 1.018201e+00 (fn F) masses = 1 iters = 540 mflops = 2.175628e+03
 OK converged final_rsq= 5e-11 (cf 1e-10) rel = 1 (cf 0) restarts = 3 iters= 540
GFTIME:   time = 2.034070e-01 (Symanzik1) mflops = 2.599624e+03
FFTIME:  time = 7.156780e-01 (asqtad3) terms = 2 mflops = 2.095626e+03
CONGRAD5: time = 1.058766e+00 (fn F) masses = 1 iters = 562 mflops = 2.177513e+03
 OK converged final_rsq= 5e-11 (cf 1e-10) rel = 1 (cf 0) restarts = 3 iters= 562
CONGRAD5: time = 1.044421e+00 (fn F) masses = 1 iters = 555 mflops = 2.179927e+03
 OK converged final_rsq= 9.9e-11 (cf 1e-10) rel = 1 (cf 0) restarts = 2 iters= 555
GFTIME:   time = 2.032981e-01 (Symanzik1) mflops = 2.601017e+03
FFTIME:  time = 7.127941e-01 (asqtad3) terms = 2 mflops = 2.104105e+03
CONGRAD5: time = 1.013046e+00 (fn F) masses = 1 iters = 538 mflops = 2.178601e+03
 OK converged final_rsq= 1e-10 (cf 1e-10) rel = 1 (cf 0) restarts = 2 iters= 538
CONGRAD5: time = 1.064084e+00 (fn F) masses = 1 iters = 565 mflops = 2.178196e+03
 OK converged final_rsq= 1e-10 (cf 1e-10) rel = 1 (cf 0) restarts = 2 iters= 565
GFTIME:   time = 2.058120e-01 (Symanzik1) mflops = 2.569247e+03
FFTIME:  time = 7.130530e-01 (asqtad3) terms = 2 mflops = 2.103341e+03
CONGRAD5: time = 1.091975e+00 (fn F) masses = 1 iters = 579 mflops = 2.175156e+03
 OK converged final_rsq= 9.9e-11 (cf 1e-10) rel = 1 (cf 0) restarts = 2 iters= 579
CONGRAD5: time = 1.079131e+00 (fn F) masses = 1 iters = 573 mflops = 2.178236e+03
 OK converged final_rsq= 5e-11 (cf 1e-10) rel = 1 (cf 0) restarts = 3 iters= 573
GFTIME:   time = 2.041230e-01 (Symanzik1) mflops = 2.590506e+03
FFTIME:  time = 7.125130e-01 (asqtad3) terms = 2 mflops = 2.104935e+03
CONGRAD5: time = 1.088969e+00 (fn F) masses = 1 iters = 578 mflops = 2.177393e+03
 OK converged final_rsq= 5e-11 (cf 1e-10) rel = 1 (cf 0) restarts = 3 iters= 578
CONGRAD5: time = 1.081499e+00 (fn F) masses = 1 iters = 574 mflops = 2.177260e+03
 OK converged final_rsq= 5e-11 (cf 1e-10) rel = 1 (cf 0) restarts = 3 iters= 574
GFTIME:   time = 2.041919e-01 (Symanzik1) mflops = 2.589631e+03
FFTIME:  time = 7.138240e-01 (asqtad3) terms = 2 mflops = 2.101069e+03
PLAQ:	1.540043	1.539646
P_LOOP:	-1.470258e-02	-7.463607e-03
G_LOOP:  0  0  4   	1.540270e+00	( 0 1 7 6  )
G_LOOP:  0  1  4   	1.539303e+00	( 0 2 7 5  )
G_LOOP:  0  2  4   	1.540042e+00	( 0 3 7 4  )
G_LOOP:  0  3  4   	1.540557e+00	( 1 2 6 5  )
G_LOOP:  0  4  4   	1.539431e+00	( 1 3 6 4  )
G_LOOP:  0  5  4   	1.539466e+00	( 2 3 5 4  )
G_LOOP:  1  0  6   	7.798987e-01	( 0 0 1 7 7 6  )
G_LOOP:  1  1  6   	7.792347e-01	( 0 0 2 7 7 5  )
G_LOOP:  1  2  6   	7.795719e-01	( 0 0 3 7 7 4  )
G_LOOP:  1  3  6   	7.767896e-01	( 1 1 0 6 6 7  )
G_LOOP:  1  4  6   	7.771025e-01	( 1 1 2 6 6 5  )
G_LOOP:  1  5  6   	7.802369e-01	( 1 1 3 6 6 4  )
G_LOOP:  1  6  6   	7.773278e-01	( 2 2 0 5 5 7  )
G_LOOP:  1  7  6   	7.811866e-01	( 2 2 1 5 5 6  )
G_LOOP:  1  8  6   	7.778146e-01	( 2 2 3 5 5 4  )
G_LOOP:  1  9  6   	7.812695e-01	( 3 3 0 4 4 7  )
G_LOOP:  1  10  6   	7.794457e-01	( 3 3 1 4 4 6  )
G_LOOP:  1  11  6   	7.796804e-01	( 3 3 2 4 4 5  )
G_LOOP:  2  0  6   	7.989290e-01	( 0 1 2 7 6 5  )
G_LOOP:  2  1  6   	7.994120e-01	( 0 1 5 7 6 2  )
G_LOOP:  2  2  6   	7.995382e-01	( 0 6 2 7 1 5  )
G_LOOP:  2  3  6   	8.023482e-01	( 0 6 5 7 1 2  )
G_LOOP:  2  4  6   	7.983686e-01	( 0 1 3 7 6 4  )
G_LOOP:  2  5  6   	7.988594e-01	( 0 1 4 7 6 3  )
G_LOOP:  2  6  6   	7.985442e-01	( 0 6 3 7 1 4  )
G_LOOP:  2  7  6   	8.015172e-01	( 0 6 4 7 1 3  )
G_LOOP:  2  8  6   	7.967786e-01	( 0 2 3 7 5 4  )
G_LOOP:  2  9  6   	7.991136e-01	( 0 2 4 7 5 3  )
G_LOOP:  2  10  6   	7.979871e-01	( 0 5 3 7 2 4  )
G_LOOP:  2  11  6   	8.001564e-01	( 0 5 4 7 2 3  )
G_LOOP:  2  12  6   	8.026151e-01	( 1 2 3 6 5 4  )
G_LOOP:  2  13  6   	7.963586e-01	( 1 2 4 6 5 3  )
G_LOOP:  2  14  6   	7.991857e-01	( 1 5 3 6 2 4  )
G_LOOP:  2  15  6   	8.004856e-01	( 1 5 4 6 2 3  )
GACTION: 6.329114e+00
CONGRAD5: time = 1.110502e+00 (fn F) masses = 1 iters = 562 mflops = 2.076067e+03
 OK converged final_rsq= 5e-11 (cf 1e-10) rel = 1 (cf 0) restarts = 3 iters= 562
CONGRAD5: time = 1.415141e-01 (fn F) masses = 1 iters = 72 mflops = 2.087168e+03
 OK converged final_rsq= 9.9e-11 (cf 1e-10) rel = 1 (cf 0) restarts = 1 iters= 72
PBP: mass 1.000000e-02     2.689375e-02  3.605375e-02  -1.735238e-03  -1.736032e-03 ( 1 of 1 )
FACTION: mass = 1.000000e-02,  1.496733e+00 ( 1 of 1 )
CONGRAD5: time = 1.109015e+00 (fn F) masses = 1 iters = 584 mflops = 2.160229e+03
 OK converged final_rsq= 9.9e-11 (cf 1e-10) rel = 1 (cf 0) restarts = 2 iters= 584
CONGRAD5: time = 1.366980e-01 (fn F) masses = 1 iters = 70 mflops = 2.100682e+03
 OK converged final_rsq= 9.8e-11 (cf 1e-10) rel = 1 (cf 0) restarts = 1 iters= 70
PBP: mass 1.000000e-02     2.993896e-02  3.458992e-02  2.750435e-03  2.751798e-03 ( 1 of 1 )
FACTION: mass = 1.000000e-02,  1.493824e+00 ( 1 of 1 )
CONGRAD5: time = 1.169482e+00 (fn F) masses = 1 iters = 583 mflops = 2.045029e+03
 OK converged final_rsq= 1e-10 (cf 1e-10) rel = 1 (cf 0) restarts = 2 iters= 583
CONGRAD5: time = 1.092883e+00 (fn F) masses = 1 iters = 573 mflops = 2.150826e+03
 OK converged final_rsq= 9.8e-11 (cf 1e-10) rel = 1 (cf 0) restarts = 2 iters= 573
GFTIME:   time = 2.204292e-01 (Symanzik1) mflops = 2.398874e+03
FFTIME:  time = 7.616072e-01 (asqtad3) terms = 2 mflops = 1.969248e+03
CONGRAD5: time = 1.153882e+00 (fn F) masses = 1 iters = 587 mflops = 2.086898e+03
 OK converged final_rsq= 9.9e-11 (cf 1e-10) rel = 1 (cf 0) restarts = 2 iters= 587
CONGRAD5: time = 1.088808e+00 (fn F) masses = 1 iters = 579 mflops = 2.181483e+03
 OK converged final_rsq= 9.8e-11 (cf 1e-10) rel = 1 (cf 0) restarts = 2 iters= 579
GFTIME:   time = 2.036102e-01 (Symanzik1) mflops = 2.597030e+03
FFTIME:  time = 7.119329e-01 (asqtad3) terms = 2 mflops = 2.106650e+03
CONGRAD5: time = 1.041220e+00 (fn F) masses = 1 iters = 553 mflops = 2.178749e+03
 OK converged final_rsq= 9.9e-11 (cf 1e-10) rel = 1 (cf 0) restarts = 2 iters= 553
CONGRAD5: time = 1.087647e+00 (fn F) masses = 1 iters = 578 mflops = 2.180039e+03
 OK converged final_rsq= 9.8e-11 (cf 1e-10) rel = 1 (cf 0) restarts = 2 iters= 578
GFTIME:   time = 2.042260e-01 (Symanzik1) mflops = 2.589199e+03
FFTIME:  time = 7.148550e-01 (asqtad3) terms = 2 mflops = 2.098039e+03
CONGRAD5: time = 1.101818e+00 (fn F) masses = 1 iters = 585 mflops = 2.178063e+03
 OK converged final_rsq= 1e-10 (cf 1e-10) rel = 1 (cf 0) restarts = 2 iters= 585
CONGRAD5: time = 1.032661e+00 (fn F) masses = 1 iters = 548 mflops = 2.176944e+03
 OK converged final_rsq= 9.9e-11 (cf 1e-10) rel = 1 (cf 0) restarts = 2 iters= 548
GFTIME:   time = 2.032089e-01 (Symanzik1) mflops = 2.602158e+03
FFTIME:  time = 7.116880e-01 (asqtad3) terms = 2 mflops = 2.107375e+03
CONGRAD5: time = 1.112094e+00 (fn F) masses = 1 iters = 591 mflops = 2.180070e+03
 OK converged final_rsq= 9.9e-11 (cf 1e-10) rel = 1 (cf 0) restarts = 2 iters= 591
CONGRAD5: time = 1.022515e+00 (fn F) masses = 1 iters = 544 mflops = 2.182497e+03
 OK converged final_rsq= 1e-10 (cf 1e-10) rel = 1 (cf 0) restarts = 2 iters= 544
GFTIME:   time = 2.043490e-01 (Symanzik1) mflops = 2.587640e+03
FFTIME:  time = 7.126279e-01 (asqtad3) terms = 2 mflops = 2.104595e+03
CONGRAD5: time = 1.102763e+00 (fn F) masses = 1 iters = 585 mflops = 2.176197e+03
 OK converged final_rsq= 5e-11 (cf 1e-10) rel = 1 (cf 0) restarts = 3 iters= 585
CONGRAD5: time = 1.041461e+00 (fn F) masses = 1 iters = 552 mflops = 2.174305e+03
 OK converged final_rsq= 9.9e-11 (cf 1e-10) rel = 1 (cf 0) restarts = 2 iters= 552
GFTIME:   time = 2.036819e-01 (Symanzik1) mflops = 2.596115e+03
FFTIME:  time = 7.131109e-01 (asqtad3) terms = 2 mflops = 2.103170e+03
CONGRAD5: time = 1.088400e+00 (fn F) masses = 1 iters = 577 mflops = 2.174762e+03
 OK converged final_rsq= 9.8e-11 (cf 1e-10) rel = 1 (cf 0) restarts = 2 iters= 577
CONGRAD5: time = 1.070993e+00 (fn F) masses = 1 iters = 569 mflops = 2.179466e+03
 OK converged final_rsq= 1e-10 (cf 1e-10) rel = 1 (cf 0) restarts = 2 iters= 569
GFTIME:   time = 2.038898e-01 (Symanzik1) mflops = 2.593468e+03
FFTIME:  time = 7.157438e-01 (asqtad3) terms = 2 mflops = 2.095433e+03
CONGRAD5: time = 1.113449e+00 (fn F) masses = 1 iters = 591 mflops = 2.177417e+03
 OK converged final_rsq= 5e-11 (cf 1e-10) rel = 1 (cf 0) restarts = 3 iters= 591
CONGRAD5: time = 1.052919e+00 (fn F) masses = 1 iters = 559 mflops = 2.177917e+03
 OK converged final_rsq= 9.9e-11 (cf 1e-10) rel = 1 (cf 0) restarts = 2 iters= 559
GFTIME:   time = 2.046499e-01 (Symanzik1) mflops = 2.583836e+03
FFTIME:  time = 7.137210e-01 (asqtad3) terms = 2 mflops = 2.101372e+03
CONGRAD5: time = 1.092248e+00 (fn F) masses = 1 iters = 579 mflops = 2.174612e+03
 OK converged final_rsq= 4.9e-11 (cf 1e-10) rel = 1 (cf 0) restarts = 3 iters= 579
CONGRAD5: time = 1.063832e+00 (fn F) masses = 1 iters = 564 mflops = 2.174856e+03
 OK converged final_rsq= 9.9e-11 (cf 1e-10) rel = 1 (cf 0) restarts = 2 iters= 564
GFTIME:   time = 2.035489e-01 (Symanzik1) mflops = 2.597812e+03
FFTIME:  time = 7.117250e-01 (asqtad3) terms = 2 mflops = 2.107265e+03
CONGRAD5: time = 1.043642e+00 (fn F) masses = 1 iters = 553 mflops = 2.173692e+03
 OK converged final_rsq= 5e-11 (cf 1e-10) rel = 1 (cf 0) restarts = 3 iters= 553
CONGRAD5: time = 1.014518e+00 (fn F) masses = 1 iters = 539 mflops = 2.179483e+03
 OK converged final_rsq= 5e-11 (cf 1e-10) rel = 1 (cf 0) restarts = 3 iters= 539
GFTIME:   time = 2.034831e-01 (Symanzik1) mflops = 2.598652e+03
FFTIME:  time = 7.147059e-01 (asqtad3) terms = 2 mflops = 2.098476e+03
CONGRAD5: time = 1.090290e+00 (fn F) masses = 1 iters = 579 mflops = 2.178517e+03
 OK converged final_rsq= 9.9e-11 (cf 1e-10) rel = 1 (cf 0) restarts = 2 iters= 579
CONGRAD5: time = 1.104492e+00 (fn F) masses = 1 iters = 566 mflops = 2.102220e+03
 OK converged final_rsq= 1e-10 (cf 1e-10) rel = 1 (cf 0) restarts = 2 iters= 566
GFTIME:   time = 2.043791e-01 (Symanzik1) mflops = 2.587260e+03
FFTIME:  time = 7.254469e-01 (asqtad3) terms = 2 mflops = 2.067406e+03
CONGRAD5: time = 1.132781e+00 (fn F) masses = 1 iters = 588 mflops = 2.129393e+03
 OK converged final_rsq= 5e-11 (cf 1e-10) rel = 1 (cf 0) restarts = 3 iters= 588
CONGRAD5: time = 1.094510e+00 (fn F) masses = 1 iters = 550 mflops = 2.061424e+03
 OK converged final_rsq= 1e-10 (cf 1e-10) rel = 1 (cf 0) restarts = 2 iters= 550
GFTIME:   time = 2.589951e-01 (Symanzik1) mflops = 2.041668e+03
FFTIME:  time = 7.755649e-01 (asqtad3) terms = 2 mflops = 1.933808e+03
CONGRAD5: time = 1.137795e+00 (fn F) masses = 1 iters = 581 mflops = 2.094771e+03
 OK converged final_rsq= 9.9e-11 (cf 1e-10) rel = 1 (cf 0) restarts = 2 iters= 581
CONGRAD5: time = 1.106988e+00 (fn F) masses = 1 iters = 582 mflops = 2.156774e+03
 OK converged final_rsq= 4.9e-11 (cf 1e-10) rel = 1 (cf 0) restarts = 3 iters= 582
GFTIME:   time = 2.046571e-01 (Symanzik1) mflops = 2.583746e+03
FFTIME:  time = 7.263210e-01 (asqtad3) terms = 2 mflops = 2.064918e+03
CONGRAD5: time = 1.188742e+00 (fn F) masses = 1 iters = 590 mflops = 2.036052e+03
 OK converged final_rsq= 4.9e-11 (cf 1e-10) rel = 1 (cf 0) restarts = 3 iters= 590
CONGRAD5: time = 1.075169e+00 (fn F) masses = 1 iters = 570 mflops = 2.174817e+03
 OK converged final_rsq= 9.9e-11 (cf 1e-10) rel = 1 (cf 0) restarts = 2 iters= 570
GFTIME:   time = 2.203929e-01 (Symanzik1) mflops = 2.399268e+03
FFTIME:  time = 7.611411e-01 (asqtad3) terms = 2 mflops = 1.970454e+03
CONGRAD5: time = 1.146387e+00 (fn F) masses = 1 iters = 586 mflops = 2.096963e+03
 OK converged final_rsq= 9.9e-11 (cf 1e-10) rel = 1 (cf 0) restarts = 2 iters= 586
CONGRAD5: time = 1.084972e+00 (fn F) masses = 1 iters = 575 mflops = 2.174071e+03
 OK converged final_rsq= 5e-11 (cf 1e-10) rel = 1 (cf 0) restarts = 3 iters= 575
GFTIME:   time = 2.032580e-01 (Symanzik1) mflops = 2.601530e+03
FFTIME:  time = 7.153852e-01 (asqtad3) terms = 2 mflops = 2.096484e+03
PLAQ:	1.498378	1.498315
P_LOOP:	-1.425405e-03	7.212264e-04
G_LOOP:  0  0  4   	1.497059e+00	( 0 1 7 6  )
G_LOOP:  0  1  4   	1.499274e+00	( 0 2 7 5  )
G_LOOP:  0  2  4   	1.498785e+00	( 0 3 7 4  )
G_LOOP:  0  3  4   	1.498802e+00	( 1 2 6 5  )
G_LOOP:  0  4  4   	1.497425e+00	( 1 3 6 4  )
G_LOOP:  0  5  4   	1.498736e+00	( 2 3 5 4  )
G_LOOP:  1  0  6   	7.399194e-01	( 0 0 1 7 7 6  )
G_LOOP:  1  1  6   	7.430089e-01	( 0 0 2 7 7 5  )
G_LOOP:  1  2  6   	7.414591e-01	( 0 0 3 7 7 4  )
G_LOOP:  1  3  6   	7.389217e-01	( 1 1 0 6 6 7  )
G_LOOP:  1  4  6   	7.400724e-01	( 1 1 2 6 6 5  )
G_LOOP:  1  5  6   	7.395153e-01	( 1 1 3 6 6 4  )
G_LOOP:  1  6  6   	7.405115e-01	( 2 2 0 5 5 7  )
G_LOOP:  1  7  6   	7.402333e-01	( 2 2 1 5 5 6  )
G_LOOP:  1  8  6   	7.377243e-01	( 2 2 3 5 5 4  )
G_LOOP:  1  9  6   	7.409357e-01	( 3 3 0 4 4 7  )
G_LOOP:  1  10  6   	7.395942e-01	( 3 3 1 4 4 6  )
G_LOOP:  1  11  6   	7.404489e-01	( 3 3 2 4 4 5  )
G_LOOP:  2  0  6   	7.594122e-01	( 0 1 2 7 6 5  )
G_LOOP:  2  1  6   	7.596657e-01	( 0 1 5 7 6 2  )
G_LOOP:  2  2  6   	7.601597e-01	( 0 6 2 7 1 5  )
G_LOOP:  2  3  6   	7.595904e-01	( 0 6 5 7 1 2  )
G_LOOP:  2  4  6   	7.588343e-01	( 0 1 3 7 6 4  )
G_LOOP:  2  5  6   	7.582933e-01	( 0 1 4 7 6 3  )
G_LOOP:  2  6  6   	7.584304e-01	( 0 6 3 7 1 4  )
G_LOOP:  2  7  6   	7.608729e-01	( 0 6 4 7 1 3  )
G_LOOP:  2  8  6   	7.603688e-01	( 0 2 3 7 5 4  )
G_LOOP:  2  9  6   	7.582701e-01	( 0 2 4 7 5 3  )
G_LOOP:  2  10  6   	7.571766e-01	( 0 5 3 7 2 4  )
G_LOOP:  2  11  6   	7.618436e-01	( 0 5 4 7 2 3  )
G_LOOP:  2  12  6   	7.616134e-01	( 1 2 3 6 5 4  )
G_LOOP:  2  13  6   	7.587059e-01	( 1 2 4 6 5 3  )
G_LOOP:  2  14  6   	7.583470e-01	( 1 5 3 6 2 4  )
G_LOOP:  2  15  6   	7.592684e-01	( 1 5 4 6 2 3  )
GACTION: 6.535243e+00
CONGRAD5: time = 1.121527e+00 (fn F) masses = 1 iters = 572 mflops = 2.092236e+03
 OK converged final_rsq= 9.9e-11 (cf 1e-10) rel = 1 (cf 0) restarts = 2 iters= 572
CONGRAD5: time = 1.337621e-01 (fn F) masses = 1 iters = 69 mflops = 2.116121e+03
 OK converged final_rsq= 9.8e-11 (cf 1e-10) rel = 1 (cf 0) restarts = 1 iters= 69
PBP: mass 1.000000e-02     3.374096e-02  3.650988e-02  3.180395e-03  3.180186e-03 ( 1 of 1 )
FACTION: mass = 1.000000e-02,  1.498849e+00 ( 1 of 1 )
CONGRAD5: time = 1.098659e+00 (fn F) masses = 1 iters = 584 mflops = 2.180592e+03
 OK converged final_rsq= 9.8e-11 (cf 1e-10) rel = 1 (cf 0) restarts = 2 iters= 584
CONGRAD5: time = 1.386521e-01 (fn F) masses = 1 iters = 72 mflops = 2.130250e+03
 OK converged final_rsq= 1e-10 (cf 1e-10) rel = 1 (cf 0) restarts = 1 iters= 72
PBP: mass 1.000000e-02     3.551763e-02  3.366062e-02  3.023770e-03  3.024664e-03 ( 1 of 1 )
FACTION: mass = 1.000000e-02,  1.498357e+00 ( 1 of 1 )
CONGRAD5: time = 1.125530e+00 (fn F) masses = 1 iters = 598 mflops = 2.179559e+03
 OK converged final_rsq= 9.5e-11 (cf 1e-10) rel = 1 (cf 0) restarts = 2 iters= 598
CONGRAD5: time = 1.098142e+00 (fn F) masses = 1 iters = 584 mflops = 2.181619e+03
 OK converged final_rsq= 9.9e-11 (cf 1e-10) rel = 1 (cf 0) restarts = 2 iters= 584
GFTIME:   time = 2.041011e-01 (Symanzik1) mflops = 2.590784e+03
FFTIME:  time = 7.133441e-01 (asqtad3) terms = 2 mflops = 2.102482e+03
CONGRAD5: time = 1.112855e+00 (fn F) masses = 1 iters = 590 mflops = 2.174893e+03
 OK converged final_rsq= 1e-10 (cf 1e-10) rel = 1 (cf 0) restarts = 2 iters= 590
CONGRAD5: time = 1.106938e+00 (fn F) masses = 1 iters = 588 mflops = 2.179107e+03
 OK converged final_rsq= 9.9e-11 (cf 1e-10) rel = 1 (cf 0) restarts = 2 iters= 588
GFTIME:   time = 2.034249e-01 (Symanzik1) mflops = 2.599395e+03
FFTIME:  time = 7.177899e-01 (asqtad3) terms = 2 mflops = 2.089460e+03
CONGRAD5: time = 1.146101e+00 (fn F) masses = 1 iters = 602 mflops = 2.154756e+03
 OK converged final_rsq= 5.6e-11 (cf 1e-10) rel = 1 (cf 0) restarts = 3 iters= 602
CONGRAD5: time = 1.143263e+00 (fn F) masses = 1 iters = 602 mflops = 2.160105e+03
 OK converged final_rsq= 3.9e-11 (cf 1e-10) rel = 1 (cf 0) restarts = 3 iters= 602
GFTIME:   time = 2.073421e-01 (Symanzik1) mflops = 2.550286e+03
FFTIME:  time = 7.579169e-01 (asqtad3) terms = 2 mflops = 1.978836e+03
CONGRAD5: time = 1.234671e+00 (fn F) masses = 1 iters = 600 mflops = 1.993538e+03
 OK converged final_rsq= 8.2e-11 (cf 1e-10) rel = 1 (cf 0) restarts = 2 iters= 600
CONGRAD5: time = 1.098648e+00 (fn F) masses = 1 iters = 584 mflops = 2.180614e+03
 OK converged final_rsq= 9.9e-11 (cf 1e-10) rel = 1 (cf 0) restarts = 2 iters= 584
GFTIME:   time = 2.168820e-01 (Symanzik1) mflops = 2.438108e+03
FFTIME:  time = 7.551410e-01 (asqtad3) terms = 2 mflops = 1.986110e+03
CONGRAD5: time = 1.134424e+00 (fn F) masses = 1 iters = 600 mflops = 2.169703e+03
 OK converged final_rsq= 9e-11 (cf 1e-10) rel = 1 (cf 0) restarts = 2 iters= 600
CONGRAD5: time = 1.083139e+00 (fn F) masses = 1 iters = 575 mflops = 2.177751e+03
 OK converged final_rsq= 9.8e-11 (cf 1e-10) rel = 1 (cf 0) restarts = 2 iters= 575
GFTIME:   time = 2.038100e-01 (Symanzik1) mflops = 2.594484e+03
FFTIME:  time = 7.131300e-01 (asqtad3) terms = 2 mflops = 2.103114e+03
CONGRAD5: time = 1.128177e+00 (fn F) masses = 1 iters = 599 mflops = 2.178081e+03
 OK converged final_rsq= 9.2e-11 (cf 1e-10) rel = 1 (cf 0) restarts = 2 iters= 599
CONGRAD5: time = 1.114910e+00 (fn F) masses = 1 iters = 590 mflops = 2.170884e+03
 OK converged final_rsq= 5e-11 (cf 1e-10) rel = 1 (cf 0) restarts = 3 iters= 590
GFTIME:   time = 2.040291e-01 (Symanzik1) mflops = 2.591698e+03
FFTIME:  time = 7.122490e-01 (asqtad3) terms = 2 mflops = 2.105715e+03
CONGRAD5: time = 1.116921e+00 (fn F) masses = 1 iters = 593 mflops = 2.177994e+03
 OK converged final_rsq= 9.8e-11 (cf 1e-10) rel = 1 (cf 0) restarts = 2 iters= 593
CONGRAD5: time = 1.109848e+00 (fn F) masses = 1 iters = 590 mflops = 2.180786e+03
 OK converged final_rsq= 1e-10 (cf 1e-10) rel = 1 (cf 0) restarts = 2 iters= 590
GFTIME:   time = 2.037029e-01 (Symanzik1) mflops = 2.595848e+03
FFTIME:  time = 7.086179e-01 (asqtad3) terms = 2 mflops = 2.116505e+03
CONGRAD5: time = 1.121202e+00 (fn F) masses = 1 iters = 595 mflops = 2.176996e+03
 OK converged final_rsq= 9.8e-11 (cf 1e-10) rel = 1 (cf 0) restarts = 2 iters= 595
CONGRAD5: time = 1.094844e+00 (fn F) masses = 1 iters = 580 mflops = 2.173202e+03
 OK converged final_rsq= 5e-11 (cf 1e-10) rel = 1 (cf 0) restarts = 3 iters= 580
GFTIME:   time = 2.033031e-01 (Symanzik1) mflops = 2.600953e+03
FFTIME:  time = 7.126608e-01 (asqtad3) terms = 2 mflops = 2.104498e+03
CONGRAD5: time = 1.124716e+00 (fn F) masses = 1 iters = 597 mflops = 2.177489e+03
 OK converged final_rsq= 5e-11 (cf 1e-10) rel = 1 (cf 0) restarts = 3 iters= 597
CONGRAD5: time = 1.122085e+00 (fn F) masses = 1 iters = 595 mflops = 2.175282e+03
 OK converged final_rsq= 9.7e-11 (cf 1e-10) rel = 1 (cf 0) restarts = 2 iters= 595
GFTIME:   time = 2.058420e-01 (Symanzik1) mflops = 2.568872e+03
FFTIME:  time = 7.166879e-01 (asqtad3) terms = 2 mflops = 2.092673e+03
CONGRAD5: time = 1.131487e+00 (fn F) masses = 1 iters = 597 mflops = 2.164458e+03
 OK converged final_rsq= 9.5e-11 (cf 1e-10) rel = 1 (cf 0) restarts = 2 iters= 597
CONGRAD5: time = 1.133686e+00 (fn F) masses = 1 iters = 592 mflops = 2.142167e+03
 OK converged final_rsq= 9.9e-11 (cf 1e-10) rel = 1 (cf 0) restarts = 2 iters= 592
GFTIME:   time = 2.315688e-01 (Symanzik1) mflops = 2.283476e+03
FFTIME:  time = 7.235260e-01 (asqtad3) terms = 2 mflops = 2.072895e+03
CONGRAD5: time = 1.194949e+00 (fn F) masses = 1 iters = 594 mflops = 2.039208e+03
 OK converged final_rsq= 5e-11 (cf 1e-10) rel = 1 (cf 0) restarts = 3 iters= 594
CONGRAD5: time = 1.175405e+00 (fn F) masses = 1 iters = 597 mflops = 2.083585e+03
 OK converged final_rsq= 9.7e-11 (cf 1e-10) rel = 1 (cf 0) restarts = 2 iters= 597
GFTIME:   time = 2.050161e-01 (Symanzik1) mflops = 2.579221e+03
FFTIME:  time = 7.207708e-01 (asqtad3) terms = 2 mflops = 2.080819e+03
CONGRAD5: time = 1.149560e+00 (fn F) masses = 1 iters = 600 mflops = 2.141135e+03
 OK converged final_rsq= 1e-10 (cf 1e-10) rel = 1 (cf 0) restarts = 2 iters= 600
CONGRAD5: time = 1.168877e+00 (fn F) masses = 1 iters = 599 mflops = 2.102241e+03
 OK converged final_rsq= 4.9e-11 (cf 1e-10) rel = 1 (cf 0) restarts = 3 iters= 599
GFTIME:   time = 2.180309e-01 (Symanzik1) mflops = 2.425261e+03
FFTIME:  time = 7.516310e-01 (asqtad3) terms = 2 mflops = 1.995385e+03
CONGRAD5: time = 1.167457e+00 (fn F) masses = 1 iters = 600 mflops = 2.108312e+03
 OK converged final_rsq= 4.8e-11 (cf 1e-10) rel = 1 (cf 0) restarts = 3 iters= 600
CONGRAD5: time = 1.126747e+00 (fn F) masses = 1 iters = 596 mflops = 2.169923e+03
 OK converged final_rsq= 4.9e-11 (cf 1e-10) rel = 1 (cf 0) restarts = 3 iters= 596
GFTIME:   time = 2.037132e-01 (Symanzik1) mflops = 2.595717e+03
FFTIME:  time = 7.141068e-01 (asqtad3) terms = 2 mflops = 2.100237e+03
CONGRAD5: time = 1.129363e+00 (fn F) masses = 1 iters = 600 mflops = 2.179426e+03
 OK converged final_rsq= 9.2e-11 (cf 1e-10) rel = 1 (cf 0) restarts = 2 iters= 600
CONGRAD5: time = 1.126824e+00 (fn F) masses = 1 iters = 599 mflops = 2.180696e+03
 OK converged final_rsq= 9.4e-11 (cf 1e-10) rel = 1 (cf 0) restarts = 2 iters= 599
GFTIME:   time = 2.046819e-01 (Symanzik1) mflops = 2.583433e+03
FFTIME:  time = 7.140191e-01 (asqtad3) terms = 2 mflops = 2.100495e+03
CONGRAD5: time = 1.129883e+00 (fn F) masses = 1 iters = 600 mflops = 2.178423e+03
 OK converged final_rsq= 9.2e-11 (cf 1e-10) rel = 1 (cf 0) restarts = 2 iters= 600
CONGRAD5: time = 1.114562e+00 (fn F) masses = 1 iters = 592 mflops = 2.178923e+03
 OK converged final_rsq= 9.7e-11 (cf 1e-10) rel = 1 (cf 0) restarts = 2 iters= 592
GFTIME:   time = 2.044730e-01 (Symanzik1) mflops = 2.586071e+03
FFTIME:  time = 7.120712e-01 (asqtad3) terms = 2 mflops = 2.106241e+03
PLAQ:	1.475001	1.474998
P_LOOP:	-1.313892e-02	2.530224e-03
G_LOOP:  0  0  4   	1.475017e+00	( 0 1 7 6  )
G_LOOP:  0  1  4   	1.473948e+00	( 0 2 7 5  )
G_LOOP:  0  2  4   	1.474896e+00	( 0 3 7 4  )
G_LOOP:  0  3  4   	1.476039e+00	( 1 2 6 5  )
G_LOOP:  0  4  4   	1.476774e+00	( 1 3 6 4  )
G_LOOP:  0  5  4   	1.473323e+00	( 2 3 5 4  )
G_LOOP:  1  0  6   	7.149324e-01	( 0 0 1 7 7 6  )
G_LOOP:  1  1  6   	7.167106e-01	( 0 0 2 7 7 5  )
G_LOOP:  1  2  6   	7.178131e-01	( 0 0 3 7 7 4  )
G_LOOP:  1  3  6   	7.154572e-01	( 1 1 0 6 6 7  )
G_LOOP:  1  4  6   	7.162602e-01	( 1 1 2 6 6 5  )
G_LOOP:  1  5  6   	7.185347e-01	( 1 1 3 6 6 4  )
G_LOOP:  1  6  6   	7.157772e-01	( 2 2 0 5 5 7  )
G_LOOP:  1  7  6   	7.152655e-01	( 2 2 1 5 5 6  )
G_LOOP:  1  8  6   	7.138774e-01	( 2 2 3 5 5 4  )
G_LOOP:  1  9  6   	7.165554e-01	( 3 3 0 4 4 7  )
G_LOOP:  1  10  6   	7.177976e-01	( 3 3 1 4 4 6  )
G_LOOP:  1  11  6   	7.130163e-01	( 3 3 2 4 4 5  )
G_LOOP:  2  0  6   	7.314737e-01	( 0 1 2 7 6 5  )
G_LOOP:  2  1  6   	7.353478e-01	( 0 1 5 7 6 2  )
G_LOOP:  2  2  6   	7.333324e-01	( 0 6 2 7 1 5  )
G_LOOP:  2  3  6   	7.329360e-01	( 0 6 5 7 1 2  )
G_LOOP:  2  4  6   	7.307580e-01	( 0 1 3 7 6 4  )
G_LOOP:  2  5  6   	7.349583e-01	( 0 1 4 7 6 3  )
G_LOOP:  2  6  6   	7.343502e-01	( 0 6 3 7 1 4  )
G_LOOP:  2  7  6   	7.348435e-01	( 0 6 4 7 1 3  )
G_LOOP:  2  8  6   	7.343590e-01	( 0 2 3 7 5 4  )
G_LOOP:  2  9  6   	7.326620e-01	( 0 2 4 7 5 3  )
G_LOOP:  2  10  6   	7.321860e-01	( 0 5 3 7 2 4  )
G_LOOP:  2  11  6   	7.354777e-01	( 0 5 4 7 2 3  )
G_LOOP:  2  12  6   	7.344863e-01	( 1 2 3 6 5 4  )
G_LOOP:  2  13  6   	7.280802e-01	( 1 2 4 6 5 3  )
G_LOOP:  2  14  6   	7.326231e-01	( 1 5 3 6 2 4  )
G_LOOP:  2  15  6   	7.326480e-01	( 1 5 4 6 2 3  )
GACTION: 6.648454e+00
CONGRAD5: time = 1.181238e+00 (fn F) masses = 1 iters = 596 mflops = 2.069824e+03
 OK converged final_rsq= 9.9e-11 (cf 1e-10) rel = 1 (cf 0) restarts = 2 iters= 596
CONGRAD5: time = 1.625190e-01 (fn F) masses = 1 iters = 84 mflops = 2.120311e+03
 OK converged final_rsq= 9.8e-11 (cf 1e-10) rel = 1 (cf 0) restarts = 1 iters= 84
PBP: mass 1.000000e-02     3.889787e-02  3.935750e-02  2.640128e-04  2.661513e-04 ( 1 of 1 )
FACTION: mass = 1.000000e-02,  1.504667e+00 ( 1 of 1 )
CONGRAD5: time = 1.124424e+00 (fn F) masses = 1 iters = 594 mflops = 2.167109e+03
 OK converged final_rsq= 9.8e-11 (cf 1e-10) rel = 1 (cf 0) restarts = 2 iters= 594
CONGRAD5: time = 1.787541e-01 (fn F) masses = 1 iters = 85 mflops = 1.950686e+03
 OK converged final_rsq= 9.9e-11 (cf 1e-10) rel = 1 (cf 0) restarts = 1 iters= 85
PBP: mass 1.000000e-02     3.917227e-02  3.686174e-02  9.128790e-04  9.101117e-04 ( 1 of 1 )
FACTION: mass = 1.000000e-02,  1.497929e+00 ( 1 of 1 )
CONGRAD5: time = 1.115488e+00 (fn F) masses = 1 iters = 587 mflops = 2.158727e+03
 OK converged final_rsq= 9.9e-11 (cf 1e-10) rel = 1 (cf 0) restarts = 2 iters= 587
CONGRAD5: time = 1.144368e+00 (fn F) masses = 1 iters = 600 mflops = 2.150849e+03
 OK converged final_rsq= 8.2e-11 (cf 1e-10) rel = 1 (cf 0) restarts = 2 iters= 600
GFTIME:   time = 2.061381e-01 (Symanzik1) mflops = 2.565182e+03
FFTIME:  time = 7.514920e-01 (asqtad3) terms = 2 mflops = 1.995754e+03
CONGRAD5: time = 1.196320e+00 (fn F) masses = 1 iters = 597 mflops = 2.047159e+03
 OK converged final_rsq= 9.6e-11 (cf 1e-10) rel = 1 (cf 0) restarts = 2 iters= 597
CONGRAD5: time = 1.116272e+00 (fn F) masses = 1 iters = 583 mflops = 2.142511e+03
 OK converged final_rsq= 9.8e-11 (cf 1e-10) rel = 1 (cf 0) restarts = 2 iters= 583
GFTIME:   time = 2.192481e-01 (Symanzik1) mflops = 2.411797e+03
FFTIME:  time = 7.663102e-01 (asqtad3) terms = 2 mflops = 1.957162e+03
CONGRAD5: time = 1.185256e+00 (fn F) masses = 1 iters = 601 mflops = 2.080112e+03
 OK converged final_rsq= 4.7e-11 (cf 1e-10) rel = 1 (cf 0) restarts = 3 iters= 601
CONGRAD5: time = 1.183891e+00 (fn F) masses = 1 iters = 597 mflops = 2.068650e+03
 OK converged final_rsq= 9.5e-11 (cf 1e-10) rel = 1 (cf 0) restarts = 2 iters= 597
GFTIME:   time = 2.997410e-01 (Symanzik1) mflops = 1.764129e+03
FFTIME:  time = 7.756529e-01 (asqtad3) terms = 2 mflops = 1.933588e+03
CONGRAD5: time = 1.237397e+00 (fn F) masses = 1 iters = 597 mflops = 1.979200e+03
 OK converged final_rsq= 9.6e-11 (cf 1e-10) rel = 1 (cf 0) restarts = 2 iters= 597
CONGRAD5: time = 1.132603e+00 (fn F) masses = 1 iters = 582 mflops = 2.107996e+03
 OK converged final_rsq= 9.8e-11 (cf 1e-10) rel = 1 (cf 0) restarts = 2 iters= 582
GFTIME:   time = 2.162359e-01 (Symanzik1) mflops = 2.445394e+03
FFTIME:  time = 7.719231e-01 (asqtad3) terms = 2 mflops = 1.942931e+03
CONGRAD5: time = 1.180457e+00 (fn F) masses = 1 iters = 594 mflops = 2.064242e+03
 OK converged final_rsq= 9.6e-11 (cf 1e-10) rel = 1 (cf 0) restarts = 2 iters= 594
CONGRAD5: time = 1.178294e+00 (fn F) masses = 1 iters = 585 mflops = 2.036698e+03
 OK converged final_rsq= 5e-11 (cf 1e-10) rel = 1 (cf 0) restarts = 3 iters= 585
GFTIME:   time = 2.138100e-01 (Symanzik1) mflops = 2.473139e+03
FFTIME:  time = 7.180882e-01 (asqtad3) terms = 2 mflops = 2.088592e+03
CONGRAD5: time = 1.171164e+00 (fn F) masses = 1 iters = 593 mflops = 2.077119e+03
 OK converged final_rsq= 9.9e-11 (cf 1e-10) rel = 1 (cf 0) restarts = 2 iters= 593
CONGRAD5: time = 1.191750e+00 (fn F) masses = 1 iters = 594 mflops = 2.044682e+03
 OK converged final_rsq= 9.8e-11 (cf 1e-10) rel = 1 (cf 0) restarts = 2 iters= 594
GFTIME:   time = 2.092340e-01 (Symanzik1) mflops = 2.527227e+03
FFTIME:  time = 7.646689e-01 (asqtad3) terms = 2 mflops = 1.961363e+03
CONGRAD5: time = 1.152783e+00 (fn F) masses = 1 iters = 590 mflops = 2.099563e+03
 OK converged final_rsq= 1e-10 (cf 1e-10) rel = 1 (cf 0) restarts = 2 iters= 590
CONGRAD5: time = 1.108721e+00 (fn F) masses = 1 iters = 588 mflops = 2.175602e+03
 OK converged final_rsq= 9.8e-11 (cf 1e-10) rel = 1 (cf 0) restarts = 2 iters= 588
GFTIME:   time = 2.046452e-01 (Symanzik1) mflops = 2.583896e+03
FFTIME:  time = 7.149141e-01 (asqtad3) terms = 2 mflops = 2.097865e+03
CONGRAD5: time = 1.126658e+00 (fn F) masses = 1 iters = 597 mflops = 2.173735e+03
 OK converged final_rsq= 4.9e-11 (cf 1e-10) rel = 1 (cf 0) restarts = 3 iters= 597
CONGRAD5: time = 1.123415e+00 (fn F) masses = 1 iters = 596 mflops = 2.176359e+03
 OK converged final_rsq= 9.7e-11 (cf 1e-10) rel = 1 (cf 0) restarts = 2 iters= 596
GFTIME:   time = 2.034140e-01 (Symanzik1) mflops = 2.599536e+03
FFTIME:  time = 7.194722e-01 (asqtad3) terms = 2 mflops = 2.084575e+03
CONGRAD5: time = 1.128901e+00 (fn F) masses = 1 iters = 599 mflops = 2.176684e+03
 OK converged final_rsq= 9.4e-11 (cf 1e-10) rel = 1 (cf 0) restarts = 2 iters= 599
CONGRAD5: time = 1.127271e+00 (fn F) masses = 1 iters = 599 mflops = 2.179832e+03
 OK converged final_rsq= 8.7e-11 (cf 1e-10) rel = 1 (cf 0) restarts = 2 iters= 599
GFTIME:   time = 2.035720e-01 (Symanzik1) mflops = 2.597517e+03
FFTIME:  time = 7.151160e-01 (asqtad3) terms = 2 mflops = 2.097273e+03
CONGRAD5: time = 1.158913e+00 (fn F) masses = 1 iters = 600 mflops = 2.123855e+03
 OK converged final_rsq= 9.5e-11 (cf 1e-10) rel = 1 (cf 0) restarts = 2 iters= 600
CONGRAD5: time = 1.142723e+00 (fn F) masses = 1 iters = 602 mflops = 2.161126e+03
 OK converged final_rsq= 4.2e-11 (cf 1e-10) rel = 1 (cf 0) restarts = 3 iters= 602
GFTIME:   time = 2.055750e-01 (Symanzik1) mflops = 2.572209e+03
FFTIME:  time = 7.215619e-01 (asqtad3) terms = 2 mflops = 2.078537e+03
CONGRAD5: time = 1.192037e+00 (fn F) masses = 1 iters = 595 mflops = 2.047631e+03
 OK converged final_rsq= 9.8e-11 (cf 1e-10) rel = 1 (cf 0) restarts = 2 iters= 595
CONGRAD5: time = 1.176042e+00 (fn F) masses = 1 iters = 599 mflops = 2.089433e+03
 OK converged final_rsq= 9.3e-11 (cf 1e-10) rel = 1 (cf 0) restarts = 2 iters= 599
GFTIME:   time = 2.196829e-01 (Symanzik1) mflops = 2.407023e+03
FFTIME:  time = 7.711160e-01 (asqtad3) terms = 2 mflops = 1.944965e+03
CONGRAD5: time = 1.175850e+00 (fn F) masses = 1 iters = 602 mflops = 2.100241e+03
 OK converged final_rsq= 7.5e-11 (cf 1e-10) rel = 1 (cf 0) restarts = 3 iters= 602
CONGRAD5: time = 1.124671e+00 (fn F) masses = 1 iters = 597 mflops = 2.177576e+03
 OK converged final_rsq= 9.7e-11 (cf 1e-10) rel = 1 (cf 0) restarts = 2 iters= 597
GFTIME:   time = 2.029309e-01 (Symanzik1) mflops = 2.605723e+03
FFTIME:  time = 7.137461e-01 (asqtad3) terms = 2 mflops = 2.101298e+03
CONGRAD5: time = 1.138839e+00 (fn F) masses = 1 iters = 602 mflops = 2.168496e+03
 OK converged final_rsq= 5.3e-11 (cf 1e-10) rel = 1 (cf 0) restarts = 3 iters= 602
CONGRAD5: time = 1.130880e+00 (fn F) masses = 1 iters = 600 mflops = 2.176502e+03
 OK converged final_rsq= 9e-11 (cf 1e-10) rel = 1 (cf 0) restarts = 2 iters= 600
GFTIME:   time = 2.034838e-01 (Symanzik1) mflops = 2.598643e+03
FFTIME:  time = 7.116320e-01 (asqtad3) terms = 2 mflops = 2.107541e+03
CONGRAD5: time = 1.139757e+00 (fn F) masses = 1 iters = 602 mflops = 2.166750e+03
 OK converged final_rsq= 5e-11 (cf 1e-10) rel = 1 (cf 0) restarts = 3 iters= 602
CONGRAD5: time = 1.136195e+00 (fn F) masses = 1 iters = 596 mflops = 2.151879e+03
 OK converged final_rsq= 4.9e-11 (cf 1e-10) rel = 1 (cf 0) restarts = 3 iters= 596
GFTIME:   time = 2.044470e-01 (Symanzik1) mflops = 2.586400e+03
FFTIME:  time = 7.227821e-01 (asqtad3) terms = 2 mflops = 2.075028e+03
CONGRAD5: time = 1.144074e+00 (fn F) masses = 1 iters = 602 mflops = 2.158574e+03
 OK converged final_rsq= 7.4e-11 (cf 1e-10) rel = 1 (cf 0) restarts = 3 iters= 602
CONGRAD5: time = 1.198347e+00 (fn F) masses = 1 iters = 602 mflops = 2.060812e+03
 OK converged final_rsq= 4.3e-11 (cf 1e-10) rel = 1 (cf 0) restarts = 3 iters= 602
GFTIME:   time = 2.155931e-01 (Symanzik1) mflops = 2.452684e+03
FFTIME:  time = 7.488120e-01 (asqtad3) terms = 2 mflops = 2.002897e+03
PLAQ:	1.458382	1.459244
P_LOOP:	-7.236382e-03	2.135054e-03
G_LOOP:  0  0  4   	1.459041e+00	( 0 1 7 6  )
G_LOOP:  0  1  4   	1.459592e+00	( 0 2 7 5  )
G_LOOP:  0  2  4   	1.460741e+00	( 0 3 7 4  )
G_LOOP:  0  3  4   	1.456512e+00	( 1 2 6 5  )
G_LOOP:  0  4  4   	1.459949e+00	( 1 3 6 4  )
G_LOOP:  0  5  4   	1.457043e+00	( 2 3 5 4  )
G_LOOP:  1  0  6   	7.008437e-01	( 0 0 1 7 7 6  )
G_LOOP:  1  1  6   	7.024422e-01	( 0 0 2 7 7 5  )
G_LOOP:  1  2  6   	7.022045e-01	( 0 0 3 7 7 4  )
G_LOOP:  1  3  6   	6.981945e-01	( 1 1 0 6 6 7  )
G_LOOP:  1  4  6   	6.967423e-01	( 1 1 2 6 6 5  )
G_LOOP:  1  5  6   	6.998570e-01	( 1 1 3 6 6 4  )
G_LOOP:  1  6  6   	6.974073e-01	( 2 2 0 5 5 7  )
G_LOOP:  1  7  6   	6.967411e-01	( 2 2 1 5 5 6  )
G_LOOP:  1  8  6   	6.947241e-01	( 2 2 3 5 5 4  )
G_LOOP:  1  9  6   	7.018607e-01	( 3 3 0 4 4 7  )
G_LOOP:  1  10  6   	6.997974e-01	( 3 3 1 4 4 6  )
G_LOOP:  1  11  6   	6.979917e-01	( 3 3 2 4 4 5  )
G_LOOP:  2  0  6   	7.120689e-01	( 0 1 2 7 6 5  )
G_LOOP:  2  1  6   	7.130694e-01	( 0 1 5 7 6 2  )
G_LOOP:  2  2  6   	7.118460e-01	( 0 6 2 7 1 5  )
G_LOOP:  2  3  6   	7.144478e-01	( 0 6 5 7 1 2  )
G_LOOP:  2  4  6   	7.107637e-01	( 0 1 3 7 6 4  )
G_LOOP:  2  5  6   	7.152958e-01	( 0 1 4 7 6 3  )
G_LOOP:  2  6  6   	7.168571e-01	( 0 6 3 7 1 4  )
G_LOOP:  2  7  6   	7.159872e-01	( 0 6 4 7 1 3  )
G_LOOP:  2  8  6   	7.144638e-01	( 0 2 3 7 5 4  )
G_LOOP:  2  9  6   	7.136637e-01	( 0 2 4 7 5 3  )
G_LOOP:  2  10  6   	7.141741e-01	( 0 5 3 7 2 4  )
G_LOOP:  2  11  6   	7.158655e-01	( 0 5 4 7 2 3  )
G_LOOP:  2  12  6   	7.132711e-01	( 1 2 3 6 5 4  )
G_LOOP:  2  13  6   	7.129264e-01	( 1 2 4 6 5 3  )
G_LOOP:  2  14  6   	7.138391e-01	( 1 5 3 6 2 4  )
G_LOOP:  2  15  6   	7.128541e-01	( 1 5 4 6 2 3  )
GACTION: 6.726613e+00
CONGRAD5: time = 1.192867e+00 (fn F) masses = 1 iters = 600 mflops = 2.063401e+03
 OK converged final_rsq= 9.6e-11 (cf 1e-10) rel = 1 (cf 0) restarts = 2 iters= 600
CONGRAD5: time = 2.051642e-01 (fn F) masses = 1 iters = 104 mflops = 2.079487e+03
 OK converged final_rsq= 5e-11 (cf 1e-10) rel = 1 (cf 0) restarts = 2 iters= 104
PBP: mass 1.000000e-02     4.449007e-02  4.190511e-02  -5.189667e-03  -5.185780e-03 ( 1 of 1 )
FACTION: mass = 1.000000e-02,  1.497726e+00 ( 1 of 1 )
CONGRAD5: time = 1.157645e+00 (fn F) masses = 1 iters = 596 mflops = 2.112007e+03
 OK converged final_rsq= 9.8e-11 (cf 1e-10) rel = 1 (cf 0) restarts = 2 iters= 596
CONGRAD5: time = 1.532760e-01 (fn F) masses = 1 iters = 79 mflops = 2.114353e+03
 OK converged final_rsq= 9.9e-11 (cf 1e-10) rel = 1 (cf 0) restarts = 1 iters= 79
PBP: mass 1.000000e-02     4.199659e-02  4.043856e-02  -1.511896e-03  -1.510417e-03 ( 1 of 1 )
FACTION: mass = 1.000000e-02,  1.500399e+00 ( 1 of 1 )
RUNNING COMPLETED
average cg iters for step= 1.156500e+03
Time = 2.228449e+02 seconds
total_iters = 144743
Checksums e2893c0a 4fa69452
Saved gauge configuration in parallel to binary file lat_p64_size128_2
Time stamp Sat Aug 13 01:03:20 2022
Wrote info file lat_p64_size128_2.info
Time to save = 5.256040e-01
CHECK PLAQ: 1.458382e+00 1.459244e+00
CHECK NERSC LINKTR: 1.429972e-01 CKSUM: 32bc4a48


get_i(0): EOF on input.
Elapsed total time: 252.003270
exit: Sat Aug 13 01:03:21 2022

