0: [12:05:07:083344] [P 12830] [T 12830] [info] Executing rFaaS executor manager! 
0: [12:05:07:552522] [P 12830] [T 12830] [info] Saved Cray credentials cookie 15975675253166702592 
0: [12:05:07:552534] [P 12830] [T 12830] [info] passive port 10000 
0: [12:05:07:598254] [P 12830] [T 12830] [info] Saved Cray credentials cookie 15975675253166702592 
0: [12:05:07:641872] [P 12830] [T 12830] [info] Connecting to resource manager at 148.187.37.1:10000 with secret 42. 
0: [12:05:07:698403] [P 12830] [T 12830] [debug] [RDMAActive] Connection successful to 148.187.37.1:10000 
0: [12:05:07:698626] [P 12830] [T 12830] [info] Begin listening at 148.187.37.2:10000 and processing events! 
0: [12:05:36:443164] [P 12830] [T 12934] [info] Receive lease 0 
0: [12:05:36:519199] [P 12830] [T 12933] [debug] [Manager-listen] Polled new rdmacm event 
0: [12:05:36:551754] [P 12830] [T 12933] [debug] [Manager-listen] New rdmacm connection event - connection 0x155534000b30, status 1 
0: [12:05:36:551769] [P 12830] [T 12933] [debug] [Manager-listen] Requested new connection 0x155534000b30, private 0 
0: [12:05:36:552100] [P 12830] [T 12933] [debug] [Manager-listen] Polled new rdmacm event 
0: [12:05:36:552111] [P 12830] [T 12933] [debug] [Manager-listen] New rdmacm connection event - connection 0x155534000b30, status 2 
0: [12:05:36:552604] [P 12830] [T 12934] [info] Client 0 requests lease 0, it should connect to 148.187.37.3:10000,it should have buffer of size 1, func buffer 8192, and hot timeout 0 
0: [12:05:36:552775] [P 13086] [T 12934] [info] Child fork begins work on PID 13086, using sandbox sarus 
0: [12:05:36:557756] [P 12830] [T 12934] [info] Client 0 at 148.187.37.3:10000 has executor with 13086 ID and 1 cores, time 5137 us 
0: [12:05:37:353569] [P 12830] [T 12933] [debug] [Manager-listen] Polled new rdmacm event 
0: [12:05:37:386824] [P 12830] [T 12933] [debug] [Manager-listen] New rdmacm connection event - connection 0x155534045ad0, status 1 
0: [12:05:37:386839] [P 12830] [T 12933] [debug] [Manager-listen] Requested new connection 0x155534045ad0, private 2 
0: [12:05:37:387150] [P 12830] [T 12933] [debug] [Manager-listen] Polled new rdmacm event 
0: [12:05:37:387161] [P 12830] [T 12933] [debug] [Manager-listen] New rdmacm connection event - connection 0x155534045ad0, status 2 
0: [12:09:09:756466] [P 12830] [T 12934] [info] Client 0 disconnects 
0: pgrep: option requires an argument -- 'P'
0: 
0: Usage:
0:  pgrep [options] <pattern>
0: 
0: Options:
0:  -d, --delimiter <string>  specify output delimiter
0:  -l, --list-name           list PID and process name
0:  -a, --list-full           list PID and full command line
0:  -v, --inverse             negates the matching
0:  -w, --lightweight         list all TID
0:  -c, --count               count of matching processes
0:  -f, --full                use full process name to match
0:  -g, --pgroup <PGID,...>   match listed process group IDs
0:  -G, --group <GID,...>     match real group IDs
0:  -i, --ignore-case         match case insensitively
0:  -n, --newest              select most recently started
0:  -o, --oldest              select least recently started
0:  -P, --parent <PPID,...>   match only child processes of the given parent
0:  -s, --session <SID,...>   match session IDs
0:  -t, --terminal <tty,...>  match by controlling terminal
0:  -u, --euid <ID,...>       match by effective IDs
0:  -U, --uid <ID,...>        match by real IDs
0:  -x, --exact               match exactly with the command name
0:  -F, --pidfile <file>      read PIDs from file
0:  -L, --logpidfile          fail if PID file is not locked
0:  --ns <PID>                match the processes that belong to the same
0:                            namespace as <pid>
0:  --nslist <ns,...>         list which namespaces will be considered for
0:                            the --ns option.
0:                            Available namespaces: ipc, mnt, net, pid, user, uts
0: 
0:  -h, --help     display this help and exit
0:  -V, --version  output version information and exit
0: 
0: For more details see pgrep(1).
0: terminate called after throwing an instance of 'std::invalid_argument'
0:   what():  stoi
srun: error: nid01271: task 0: Aborted (core dumped)
srun: launch/slurm: _step_signal: Terminating StepId=49331697.49
