srun: Warning: can't honor --ntasks-per-node set to 32 which doesn't match the requested tasks 125 with the number of requested nodes 4. Ignoring --ntasks-per-node.
cpu-bind=MASK - ault03, task 74 11 [227820]: mask 0x800000000800000 set
cpu-bind=MASK - ault03, task 63  0 [227809]: mask 0x2000000002 set
cpu-bind=MASK - ault03, task 81 18 [227827]: mask 0x400000000400 set
cpu-bind=MASK - ault03, task 75 12 [227821]: mask 0x80000000080 set
cpu-bind=MASK - ault03, task 68  5 [227814]: mask 0x100000000100000 set
cpu-bind=MASK - ault03, task 65  2 [227811]: mask 0x4000000004 set
cpu-bind=MASK - ault03, task 69  6 [227815]: mask 0x10000000010 set
cpu-bind=MASK - ault03, task 80 17 [227826]: mask 0x4000000004000000 set
cpu-bind=MASK - ault03, task 89 26 [227835]: mask 0x4000000004000 set
cpu-bind=MASK - ault03, task 90 27 [227836]: mask 0x80000000080000000 set
cpu-bind=MASK - ault03, task 64  1 [227810]: mask 0x40000000040000 set
cpu-bind=MASK - ault03, task 66  3 [227812]: mask 0x80000000080000 set
cpu-bind=MASK - ault03, task 67  4 [227813]: mask 0x8000000008 set
cpu-bind=MASK - ault03, task 70  7 [227816]: mask 0x200000000200000 set
cpu-bind=MASK - ault03, task 71  8 [227817]: mask 0x20000000020 set
cpu-bind=MASK - ault03, task 72  9 [227818]: mask 0x400000000400000 set
cpu-bind=MASK - ault03, task 73 10 [227819]: mask 0x40000000040 set
cpu-bind=MASK - ault03, task 76 13 [227822]: mask 0x1000000001000000 set
cpu-bind=MASK - ault03, task 77 14 [227823]: mask 0x100000000100 set
cpu-bind=MASK - ault03, task 78 15 [227824]: mask 0x2000000002000000 set
cpu-bind=MASK - ault03, task 79 16 [227825]: mask 0x200000000200 set
cpu-bind=MASK - ault03, task 82 19 [227828]: mask 0x8000000008000000 set
cpu-bind=MASK - ault03, task 83 20 [227829]: mask 0x800000000800 set
cpu-bind=MASK - ault03, task 84 21 [227830]: mask 0x10000000010000000 set
cpu-bind=MASK - ault03, task 85 22 [227831]: mask 0x1000000001000 set
cpu-bind=MASK - ault03, task 86 23 [227832]: mask 0x20000000020000000 set
cpu-bind=MASK - ault03, task 87 24 [227833]: mask 0x2000000002000 set
cpu-bind=MASK - ault03, task 88 25 [227834]: mask 0x40000000040000000 set
cpu-bind=MASK - ault03, task 91 28 [227837]: mask 0x8000000008000 set
cpu-bind=MASK - ault03, task 92 29 [227838]: mask 0x100000000100000000 set
cpu-bind=MASK - ault03, task 93 30 [227839]: mask 0x10000000010000 set
cpu-bind=MASK - ault02, task 40  8 [164228]: mask 0x20000000020 set
cpu-bind=MASK - ault04, task 95  1 [3127940]: mask 0x40000000040000 set
cpu-bind=MASK - ault02, task 49 17 [164237]: mask 0x4000000004000000 set
cpu-bind=MASK - ault04, task 99  5 [3127944]: mask 0x100000000100000 set
cpu-bind=MASK - ault02, task 51 19 [164239]: mask 0x8000000008000000 set
cpu-bind=MASK - ault04, task 111 17 [3127956]: mask 0x4000000004000000 set
cpu-bind=MASK - ault02, task 33  1 [164221]: mask 0x40000000040000 set
cpu-bind=MASK - ault04, task 113 19 [3127958]: mask 0x8000000008000000 set
cpu-bind=MASK - ault02, task 32  0 [164220]: mask 0x2000000002 set
cpu-bind=MASK - ault04, task 121 27 [3127966]: mask 0x80000000080000000 set
cpu-bind=MASK - ault02, task 34  2 [164222]: mask 0x4000000004 set
cpu-bind=MASK - ault04, task 97  3 [3127942]: mask 0x80000000080000 set
cpu-bind=MASK - ault02, task 35  3 [164223]: mask 0x80000000080000 set
cpu-bind=MASK - ault04, task 108 14 [3127953]: mask 0x100000000100 set
cpu-bind=MASK - ault02, task 36  4 [164224]: mask 0x8000000008 set
cpu-bind=MASK - ault04, task 122 28 [3127967]: mask 0x8000000008000 set
cpu-bind=MASK - ault02, task 37  5 [164225]: mask 0x100000000100000 set
cpu-bind=MASK - ault04, task 94  0 [3127939]: mask 0x2000000002 set
cpu-bind=MASK - ault02, task 38  6 [164226]: mask 0x10000000010 set
cpu-bind=MASK - ault04, task 96  2 [3127941]: mask 0x4000000004 set
cpu-bind=MASK - ault02, task 39  7 [164227]: mask 0x200000000200000 set
cpu-bind=MASK - ault04, task 98  4 [3127943]: mask 0x8000000008 set
cpu-bind=MASK - ault02, task 41  9 [164229]: mask 0x400000000400000 set
cpu-bind=MASK - ault04, task 100  6 [3127945]: mask 0x10000000010 set
cpu-bind=MASK - ault02, task 42 10 [164230]: mask 0x40000000040 set
cpu-bind=MASK - ault04, task 101  7 [3127946]: mask 0x200000000200000 set
cpu-bind=MASK - ault02, task 43 11 [164231]: mask 0x800000000800000 set
cpu-bind=MASK - ault04, task 102  8 [3127947]: mask 0x20000000020 set
cpu-bind=MASK - ault02, task 44 12 [164232]: mask 0x80000000080 set
cpu-bind=MASK - ault04, task 103  9 [3127948]: mask 0x400000000400000 set
cpu-bind=MASK - ault02, task 46 14 [164234]: mask 0x100000000100 set
cpu-bind=MASK - ault04, task 104 10 [3127949]: mask 0x40000000040 set
cpu-bind=MASK - ault02, task 47 15 [164235]: mask 0x2000000002000000 set
cpu-bind=MASK - ault04, task 105 11 [3127950]: mask 0x800000000800000 set
cpu-bind=MASK - ault02, task 48 16 [164236]: mask 0x200000000200 set
cpu-bind=MASK - ault04, task 106 12 [3127951]: mask 0x80000000080 set
cpu-bind=MASK - ault02, task 50 18 [164238]: mask 0x400000000400 set
cpu-bind=MASK - ault04, task 107 13 [3127952]: mask 0x1000000001000000 set
cpu-bind=MASK - ault02, task 52 20 [164240]: mask 0x800000000800 set
cpu-bind=MASK - ault04, task 109 15 [3127954]: mask 0x2000000002000000 set
cpu-bind=MASK - ault02, task 53 21 [164241]: mask 0x10000000010000000 set
cpu-bind=MASK - ault04, task 110 16 [3127955]: mask 0x200000000200 set
cpu-bind=MASK - ault02, task 54 22 [164242]: mask 0x1000000001000 set
cpu-bind=MASK - ault04, task 112 18 [3127957]: mask 0x400000000400 set
cpu-bind=MASK - ault02, task 55 23 [164243]: mask 0x20000000020000000 set
cpu-bind=MASK - ault04, task 114 20 [3127959]: mask 0x800000000800 set
cpu-bind=MASK - ault02, task 56 24 [164244]: mask 0x2000000002000 set
cpu-bind=MASK - ault04, task 115 21 [3127960]: mask 0x10000000010000000 set
cpu-bind=MASK - ault02, task 57 25 [164245]: mask 0x40000000040000000 set
cpu-bind=MASK - ault04, task 116 22 [3127961]: mask 0x1000000001000 set
cpu-bind=MASK - ault02, task 58 26 [164246]: mask 0x4000000004000 set
cpu-bind=MASK - ault04, task 117 23 [3127962]: mask 0x20000000020000000 set
cpu-bind=MASK - ault02, task 59 27 [164247]: mask 0x80000000080000000 set
cpu-bind=MASK - ault04, task 118 24 [3127963]: mask 0x2000000002000 set
cpu-bind=MASK - ault02, task 60 28 [164248]: mask 0x8000000008000 set
cpu-bind=MASK - ault04, task 119 25 [3127964]: mask 0x40000000040000000 set
cpu-bind=MASK - ault02, task 61 29 [164249]: mask 0x100000000100000000 set
cpu-bind=MASK - ault04, task 120 26 [3127965]: mask 0x4000000004000 set
cpu-bind=MASK - ault02, task 62 30 [164250]: mask 0x10000000010000 set
cpu-bind=MASK - ault04, task 123 29 [3127968]: mask 0x100000000100000000 set
cpu-bind=MASK - ault02, task 45 13 [164233]: mask 0x1000000001000000 set
cpu-bind=MASK - ault04, task 124 30 [3127969]: mask 0x10000000010000 set
cpu-bind=MASK - ault01, task 20 20 [364294]: mask 0x800000000800 set
cpu-bind=MASK - ault01, task 14 14 [364288]: mask 0x100000000100 set
cpu-bind=MASK - ault01, task  1  1 [364275]: mask 0x40000000040000 set
cpu-bind=MASK - ault01, task  2  2 [364276]: mask 0x4000000004 set
cpu-bind=MASK - ault01, task  3  3 [364277]: mask 0x80000000080000 set
cpu-bind=MASK - ault01, task  7  7 [364281]: mask 0x200000000200000 set
cpu-bind=MASK - ault01, task  9  9 [364283]: mask 0x400000000400000 set
cpu-bind=MASK - ault01, task 13 13 [364287]: mask 0x1000000001000000 set
cpu-bind=MASK - ault01, task 21 21 [364295]: mask 0x10000000010000000 set
cpu-bind=MASK - ault01, task 22 22 [364296]: mask 0x1000000001000 set
cpu-bind=MASK - ault01, task 27 27 [364301]: mask 0x80000000080000000 set
cpu-bind=MASK - ault01, task 28 28 [364302]: mask 0x8000000008000 set
cpu-bind=MASK - ault01, task 29 29 [364303]: mask 0x100000000100000000 set
cpu-bind=MASK - ault01, task 30 30 [364304]: mask 0x10000000010000 set
cpu-bind=MASK - ault01, task 31 31 [364305]: mask 0x20000000020000 set
cpu-bind=MASK - ault01, task  0  0 [364274]: mask 0x2000000002 set
cpu-bind=MASK - ault01, task  4  4 [364278]: mask 0x8000000008 set
cpu-bind=MASK - ault01, task  5  5 [364279]: mask 0x100000000100000 set
cpu-bind=MASK - ault01, task  6  6 [364280]: mask 0x10000000010 set
cpu-bind=MASK - ault01, task  8  8 [364282]: mask 0x20000000020 set
cpu-bind=MASK - ault01, task 10 10 [364284]: mask 0x40000000040 set
cpu-bind=MASK - ault01, task 12 12 [364286]: mask 0x80000000080 set
cpu-bind=MASK - ault01, task 15 15 [364289]: mask 0x2000000002000000 set
cpu-bind=MASK - ault01, task 16 16 [364290]: mask 0x200000000200 set
cpu-bind=MASK - ault01, task 17 17 [364291]: mask 0x4000000004000000 set
cpu-bind=MASK - ault01, task 18 18 [364292]: mask 0x400000000400 set
cpu-bind=MASK - ault01, task 23 23 [364297]: mask 0x20000000020000000 set
cpu-bind=MASK - ault01, task 24 24 [364298]: mask 0x2000000002000 set
cpu-bind=MASK - ault01, task 25 25 [364299]: mask 0x40000000040000000 set
cpu-bind=MASK - ault01, task 26 26 [364300]: mask 0x4000000004000 set
cpu-bind=MASK - ault01, task 19 19 [364293]: mask 0x8000000008000000 set
cpu-bind=MASK - ault01, task 11 11 [364285]: mask 0x800000000800000 set
Running problem size 18^3 per domain until completion
Num processors: 125
Num threads: 1
Total number of elements: 729000 

To run other sizes, use -s <integer>.
To run a fixed number of iterations, use -i <integer>.
To run a more or less balanced region set, use -b <integer>.
To change the relative costs of regions, use -c <integer>.
To print out progress, use -p
To write an output file for VisIt, use -v
See help (-h) for more options

Run completed:
   Problem size        =  18
   MPI tasks           =  125
   Iteration count     =  3145
   Final Origin Energy =  1.482403e+06
   Testing Plane 0 of Energy Array on rank 0:
        MaxAbsDiff   = 1.629815e-09
        TotalAbsDiff = 8.115194e-09
        MaxRelDiff   = 2.613022e-14

Elapsed time         = 92.22469647 (s)
Grind time (us/z/c)  =  5.0281598 (per dom)  ( 92.224696 overall)
FOM                  =   24859.99 (z/s)

