srun: Warning: can't honor --ntasks-per-node set to 32 which doesn't match the requested tasks 125 with the number of requested nodes 4. Ignoring --ntasks-per-node.
cpu-bind=MASK - ault03, task 63  0 [242555]: mask 0x2000000002 set
cpu-bind=MASK - ault03, task 89 26 [242581]: mask 0x4000000004000 set
cpu-bind=MASK - ault03, task 75 12 [242567]: mask 0x80000000080 set
cpu-bind=MASK - ault03, task 85 22 [242577]: mask 0x1000000001000 set
cpu-bind=MASK - ault03, task 81 18 [242573]: mask 0x400000000400 set
cpu-bind=MASK - ault03, task 64  1 [242556]: mask 0x40000000040000 set
cpu-bind=MASK - ault03, task 65  2 [242557]: mask 0x4000000004 set
cpu-bind=MASK - ault03, task 68  5 [242560]: mask 0x100000000100000 set
cpu-bind=MASK - ault03, task 77 14 [242569]: mask 0x100000000100 set
cpu-bind=MASK - ault03, task 66  3 [242558]: mask 0x80000000080000 set
cpu-bind=MASK - ault03, task 67  4 [242559]: mask 0x8000000008 set
cpu-bind=MASK - ault03, task 71  8 [242563]: mask 0x20000000020 set
cpu-bind=MASK - ault03, task 78 15 [242570]: mask 0x2000000002000000 set
cpu-bind=MASK - ault03, task 86 23 [242578]: mask 0x20000000020000000 set
cpu-bind=MASK - ault03, task 87 24 [242579]: mask 0x2000000002000 set
cpu-bind=MASK - ault03, task 88 25 [242580]: mask 0x40000000040000000 set
cpu-bind=MASK - ault03, task 91 28 [242583]: mask 0x8000000008000 set
cpu-bind=MASK - ault03, task 93 30 [242585]: mask 0x10000000010000 set
cpu-bind=MASK - ault03, task 72  9 [242564]: mask 0x400000000400000 set
cpu-bind=MASK - ault03, task 73 10 [242565]: mask 0x40000000040 set
cpu-bind=MASK - ault03, task 74 11 [242566]: mask 0x800000000800000 set
cpu-bind=MASK - ault03, task 76 13 [242568]: mask 0x1000000001000000 set
cpu-bind=MASK - ault03, task 79 16 [242571]: mask 0x200000000200 set
cpu-bind=MASK - ault03, task 80 17 [242572]: mask 0x4000000004000000 set
cpu-bind=MASK - ault03, task 82 19 [242574]: mask 0x8000000008000000 set
cpu-bind=MASK - ault03, task 84 21 [242576]: mask 0x10000000010000000 set
cpu-bind=MASK - ault03, task 90 27 [242582]: mask 0x80000000080000000 set
cpu-bind=MASK - ault03, task 70  7 [242562]: mask 0x200000000200000 set
cpu-bind=MASK - ault03, task 83 20 [242575]: mask 0x800000000800 set
cpu-bind=MASK - ault03, task 92 29 [242584]: mask 0x100000000100000000 set
cpu-bind=MASK - ault03, task 69  6 [242561]: mask 0x10000000010 set
cpu-bind=MASK - ault02, task 33  1 [178785]: mask 0x40000000040000 set
cpu-bind=MASK - ault02, task 49 17 [178801]: mask 0x4000000004000000 set
cpu-bind=MASK - ault02, task 51 19 [178803]: mask 0x8000000008000000 set
cpu-bind=MASK - ault02, task 35  3 [178787]: mask 0x80000000080000 set
cpu-bind=MASK - ault02, task 39  7 [178791]: mask 0x200000000200000 set
cpu-bind=MASK - ault02, task 40  8 [178792]: mask 0x20000000020 set
cpu-bind=MASK - ault02, task 58 26 [178810]: mask 0x4000000004000 set
cpu-bind=MASK - ault02, task 59 27 [178811]: mask 0x80000000080000000 set
cpu-bind=MASK - ault02, task 34  2 [178786]: mask 0x4000000004 set
cpu-bind=MASK - ault02, task 37  5 [178789]: mask 0x100000000100000 set
cpu-bind=MASK - ault02, task 41  9 [178793]: mask 0x400000000400000 set
cpu-bind=MASK - ault02, task 55 23 [178807]: mask 0x20000000020000000 set
cpu-bind=MASK - ault02, task 60 28 [178812]: mask 0x8000000008000 set
cpu-bind=MASK - ault02, task 61 29 [178813]: mask 0x100000000100000000 set
cpu-bind=MASK - ault02, task 38  6 [178790]: mask 0x10000000010 set
cpu-bind=MASK - ault02, task 42 10 [178794]: mask 0x40000000040 set
cpu-bind=MASK - ault02, task 45 13 [178797]: mask 0x1000000001000000 set
cpu-bind=MASK - ault02, task 47 15 [178799]: mask 0x2000000002000000 set
cpu-bind=MASK - ault02, task 50 18 [178802]: mask 0x400000000400 set
cpu-bind=MASK - ault02, task 54 22 [178806]: mask 0x1000000001000 set
cpu-bind=MASK - ault02, task 56 24 [178808]: mask 0x2000000002000 set
cpu-bind=MASK - ault02, task 57 25 [178809]: mask 0x40000000040000000 set
cpu-bind=MASK - ault02, task 62 30 [178814]: mask 0x10000000010000 set
cpu-bind=MASK - ault02, task 32  0 [178784]: mask 0x2000000002 set
cpu-bind=MASK - ault02, task 36  4 [178788]: mask 0x8000000008 set
cpu-bind=MASK - ault02, task 43 11 [178795]: mask 0x800000000800000 set
cpu-bind=MASK - ault02, task 44 12 [178796]: mask 0x80000000080 set
cpu-bind=MASK - ault02, task 46 14 [178798]: mask 0x100000000100 set
cpu-bind=MASK - ault02, task 48 16 [178800]: mask 0x200000000200 set
cpu-bind=MASK - ault02, task 52 20 [178804]: mask 0x800000000800 set
cpu-bind=MASK - ault02, task 53 21 [178805]: mask 0x10000000010000000 set
cpu-bind=MASK - ault04, task 112 18 [3142321]: mask 0x400000000400 set
cpu-bind=MASK - ault04, task 116 22 [3142325]: mask 0x1000000001000 set
cpu-bind=MASK - ault04, task 97  3 [3142306]: mask 0x80000000080000 set
cpu-bind=MASK - ault04, task 122 28 [3142331]: mask 0x8000000008000 set
cpu-bind=MASK - ault04, task 99  5 [3142308]: mask 0x100000000100000 set
cpu-bind=MASK - ault04, task 104 10 [3142313]: mask 0x40000000040 set
cpu-bind=MASK - ault04, task 119 25 [3142328]: mask 0x40000000040000000 set
cpu-bind=MASK - ault04, task 124 30 [3142333]: mask 0x10000000010000 set
cpu-bind=MASK - ault04, task 95  1 [3142304]: mask 0x40000000040000 set
cpu-bind=MASK - ault04, task 118 24 [3142327]: mask 0x2000000002000 set
cpu-bind=MASK - ault04, task 96  2 [3142305]: mask 0x4000000004 set
cpu-bind=MASK - ault04, task 114 20 [3142323]: mask 0x800000000800 set
cpu-bind=MASK - ault04, task 105 11 [3142314]: mask 0x800000000800000 set
cpu-bind=MASK - ault04, task 108 14 [3142317]: mask 0x100000000100 set
cpu-bind=MASK - ault04, task 109 15 [3142318]: mask 0x2000000002000000 set
cpu-bind=MASK - ault04, task 111 17 [3142320]: mask 0x4000000004000000 set
cpu-bind=MASK - ault04, task 115 21 [3142324]: mask 0x10000000010000000 set
cpu-bind=MASK - ault04, task 123 29 [3142332]: mask 0x100000000100000000 set
cpu-bind=MASK - ault04, task 94  0 [3142303]: mask 0x2000000002 set
cpu-bind=MASK - ault04, task 98  4 [3142307]: mask 0x8000000008 set
cpu-bind=MASK - ault04, task 101  7 [3142310]: mask 0x200000000200000 set
cpu-bind=MASK - ault04, task 102  8 [3142311]: mask 0x20000000020 set
cpu-bind=MASK - ault04, task 103  9 [3142312]: mask 0x400000000400000 set
cpu-bind=MASK - ault04, task 106 12 [3142315]: mask 0x80000000080 set
cpu-bind=MASK - ault04, task 107 13 [3142316]: mask 0x1000000001000000 set
cpu-bind=MASK - ault04, task 110 16 [3142319]: mask 0x200000000200 set
cpu-bind=MASK - ault04, task 113 19 [3142322]: mask 0x8000000008000000 set
cpu-bind=MASK - ault04, task 117 23 [3142326]: mask 0x20000000020000000 set
cpu-bind=MASK - ault04, task 120 26 [3142329]: mask 0x4000000004000 set
cpu-bind=MASK - ault04, task 100  6 [3142309]: mask 0x10000000010 set
cpu-bind=MASK - ault04, task 121 27 [3142330]: mask 0x80000000080000000 set
cpu-bind=MASK - ault01, task  6  6 [379618]: mask 0x10000000010 set
cpu-bind=MASK - ault01, task  5  5 [379617]: mask 0x100000000100000 set
cpu-bind=MASK - ault01, task  7  7 [379619]: mask 0x200000000200000 set
cpu-bind=MASK - ault01, task 28 28 [379640]: mask 0x8000000008000 set
cpu-bind=MASK - ault01, task  8  8 [379620]: mask 0x20000000020 set
cpu-bind=MASK - ault01, task  1  1 [379613]: mask 0x40000000040000 set
cpu-bind=MASK - ault01, task  2  2 [379614]: mask 0x4000000004 set
cpu-bind=MASK - ault01, task  3  3 [379615]: mask 0x80000000080000 set
cpu-bind=MASK - ault01, task 21 21 [379633]: mask 0x10000000010000000 set
cpu-bind=MASK - ault01, task 23 23 [379635]: mask 0x20000000020000000 set
cpu-bind=MASK - ault01, task  4  4 [379616]: mask 0x8000000008 set
cpu-bind=MASK - ault01, task 18 18 [379630]: mask 0x400000000400 set
cpu-bind=MASK - ault01, task 22 22 [379634]: mask 0x1000000001000 set
cpu-bind=MASK - ault01, task 24 24 [379636]: mask 0x2000000002000 set
cpu-bind=MASK - ault01, task 30 30 [379642]: mask 0x10000000010000 set
cpu-bind=MASK - ault01, task 11 11 [379623]: mask 0x800000000800000 set
cpu-bind=MASK - ault01, task 13 13 [379625]: mask 0x1000000001000000 set
cpu-bind=MASK - ault01, task 19 19 [379631]: mask 0x8000000008000000 set
cpu-bind=MASK - ault01, task  0  0 [379612]: mask 0x2000000002 set
cpu-bind=MASK - ault01, task  9  9 [379621]: mask 0x400000000400000 set
cpu-bind=MASK - ault01, task 12 12 [379624]: mask 0x80000000080 set
cpu-bind=MASK - ault01, task 14 14 [379626]: mask 0x100000000100 set
cpu-bind=MASK - ault01, task 16 16 [379628]: mask 0x200000000200 set
cpu-bind=MASK - ault01, task 20 20 [379632]: mask 0x800000000800 set
cpu-bind=MASK - ault01, task 25 25 [379637]: mask 0x40000000040000000 set
cpu-bind=MASK - ault01, task 26 26 [379638]: mask 0x4000000004000 set
cpu-bind=MASK - ault01, task 27 27 [379639]: mask 0x80000000080000000 set
cpu-bind=MASK - ault01, task 29 29 [379641]: mask 0x100000000100000000 set
cpu-bind=MASK - ault01, task 31 31 [379643]: mask 0x20000000020000 set
cpu-bind=MASK - ault01, task 10 10 [379622]: mask 0x40000000040 set
cpu-bind=MASK - ault01, task 15 15 [379627]: mask 0x2000000002000000 set
cpu-bind=MASK - ault01, task 17 17 [379629]: mask 0x4000000004000000 set
Running problem size 25^3 per domain until completion
Num processors: 125
Num threads: 1
Total number of elements: 1953125 

To run other sizes, use -s <integer>.
To run a fixed number of iterations, use -i <integer>.
To run a more or less balanced region set, use -b <integer>.
To change the relative costs of regions, use -c <integer>.
To print out progress, use -p
To write an output file for VisIt, use -v
See help (-h) for more options

Run completed:
   Problem size        =  25
   MPI tasks           =  125
   Iteration count     =  4448
   Final Origin Energy =  2.679390e+06
   Testing Plane 0 of Energy Array on rank 0:
        MaxAbsDiff   = 1.309672e-09
        TotalAbsDiff = 1.867465e-08
        MaxRelDiff   = 3.856731e-14

Elapsed time         = 319.4891464 (s)
Grind time (us/z/c)  =  4.5969661 (per dom)  ( 319.48915 overall)
FOM                  =  27191.847 (z/s)

