srun: Warning: can't honor --ntasks-per-node set to 32 which doesn't match the requested tasks 125 with the number of requested nodes 4. Ignoring --ntasks-per-node.
cpu-bind=MASK - ault03, task 83 20 [235925]: mask 0x800000000800 set
cpu-bind=MASK - ault03, task 80 17 [235922]: mask 0x4000000004000000 set
cpu-bind=MASK - ault03, task 75 12 [235917]: mask 0x80000000080 set
cpu-bind=MASK - ault03, task 65  2 [235907]: mask 0x4000000004 set
cpu-bind=MASK - ault03, task 78 15 [235920]: mask 0x2000000002000000 set
cpu-bind=MASK - ault03, task 63  0 [235905]: mask 0x2000000002 set
cpu-bind=MASK - ault03, task 67  4 [235909]: mask 0x8000000008 set
cpu-bind=MASK - ault03, task 87 24 [235929]: mask 0x2000000002000 set
cpu-bind=MASK - ault03, task 88 25 [235930]: mask 0x40000000040000000 set
cpu-bind=MASK - ault03, task 91 28 [235933]: mask 0x8000000008000 set
cpu-bind=MASK - ault03, task 64  1 [235906]: mask 0x40000000040000 set
cpu-bind=MASK - ault03, task 68  5 [235910]: mask 0x100000000100000 set
cpu-bind=MASK - ault03, task 73 10 [235915]: mask 0x40000000040 set
cpu-bind=MASK - ault03, task 84 21 [235926]: mask 0x10000000010000000 set
cpu-bind=MASK - ault03, task 66  3 [235908]: mask 0x80000000080000 set
cpu-bind=MASK - ault03, task 70  7 [235912]: mask 0x200000000200000 set
cpu-bind=MASK - ault03, task 71  8 [235913]: mask 0x20000000020 set
cpu-bind=MASK - ault03, task 74 11 [235916]: mask 0x800000000800000 set
cpu-bind=MASK - ault03, task 76 13 [235918]: mask 0x1000000001000000 set
cpu-bind=MASK - ault03, task 79 16 [235921]: mask 0x200000000200 set
cpu-bind=MASK - ault03, task 81 18 [235923]: mask 0x400000000400 set
cpu-bind=MASK - ault03, task 82 19 [235924]: mask 0x8000000008000000 set
cpu-bind=MASK - ault03, task 89 26 [235931]: mask 0x4000000004000 set
cpu-bind=MASK - ault03, task 90 27 [235932]: mask 0x80000000080000000 set
cpu-bind=MASK - ault03, task 92 29 [235934]: mask 0x100000000100000000 set
cpu-bind=MASK - ault03, task 69  6 [235911]: mask 0x10000000010 set
cpu-bind=MASK - ault03, task 72  9 [235914]: mask 0x400000000400000 set
cpu-bind=MASK - ault03, task 77 14 [235919]: mask 0x100000000100 set
cpu-bind=MASK - ault03, task 85 22 [235927]: mask 0x1000000001000 set
cpu-bind=MASK - ault03, task 86 23 [235928]: mask 0x20000000020000000 set
cpu-bind=MASK - ault03, task 93 30 [235935]: mask 0x10000000010000 set
cpu-bind=MASK - ault04, task 102  8 [3135966]: mask 0x20000000020 set
cpu-bind=MASK - ault04, task 95  1 [3135959]: mask 0x40000000040000 set
cpu-bind=MASK - ault04, task 121 27 [3135985]: mask 0x80000000080000000 set
cpu-bind=MASK - ault04, task 101  7 [3135965]: mask 0x200000000200000 set
cpu-bind=MASK - ault04, task 119 25 [3135983]: mask 0x40000000040000000 set
cpu-bind=MASK - ault04, task 124 30 [3135988]: mask 0x10000000010000 set
cpu-bind=MASK - ault04, task 94  0 [3135958]: mask 0x2000000002 set
cpu-bind=MASK - ault04, task 96  2 [3135960]: mask 0x4000000004 set
cpu-bind=MASK - ault04, task 97  3 [3135961]: mask 0x80000000080000 set
cpu-bind=MASK - ault04, task 98  4 [3135962]: mask 0x8000000008 set
cpu-bind=MASK - ault04, task 99  5 [3135963]: mask 0x100000000100000 set
cpu-bind=MASK - ault04, task 104 10 [3135968]: mask 0x40000000040 set
cpu-bind=MASK - ault04, task 105 11 [3135969]: mask 0x800000000800000 set
cpu-bind=MASK - ault04, task 106 12 [3135970]: mask 0x80000000080 set
cpu-bind=MASK - ault04, task 108 14 [3135972]: mask 0x100000000100 set
cpu-bind=MASK - ault04, task 109 15 [3135973]: mask 0x2000000002000000 set
cpu-bind=MASK - ault04, task 110 16 [3135974]: mask 0x200000000200 set
cpu-bind=MASK - ault04, task 111 17 [3135975]: mask 0x4000000004000000 set
cpu-bind=MASK - ault04, task 112 18 [3135976]: mask 0x400000000400 set
cpu-bind=MASK - ault04, task 113 19 [3135977]: mask 0x8000000008000000 set
cpu-bind=MASK - ault04, task 114 20 [3135978]: mask 0x800000000800 set
cpu-bind=MASK - ault04, task 115 21 [3135979]: mask 0x10000000010000000 set
cpu-bind=MASK - ault04, task 116 22 [3135980]: mask 0x1000000001000 set
cpu-bind=MASK - ault04, task 117 23 [3135981]: mask 0x20000000020000000 set
cpu-bind=MASK - ault04, task 118 24 [3135982]: mask 0x2000000002000 set
cpu-bind=MASK - ault04, task 120 26 [3135984]: mask 0x4000000004000 set
cpu-bind=MASK - ault04, task 122 28 [3135986]: mask 0x8000000008000 set
cpu-bind=MASK - ault04, task 123 29 [3135987]: mask 0x100000000100000000 set
cpu-bind=MASK - ault04, task 100  6 [3135964]: mask 0x10000000010 set
cpu-bind=MASK - ault04, task 107 13 [3135971]: mask 0x1000000001000000 set
cpu-bind=MASK - ault04, task 103  9 [3135967]: mask 0x400000000400000 set
cpu-bind=MASK - ault02, task 50 18 [172277]: mask 0x400000000400 set
cpu-bind=MASK - ault02, task 52 20 [172279]: mask 0x800000000800 set
cpu-bind=MASK - ault02, task 33  1 [172260]: mask 0x40000000040000 set
cpu-bind=MASK - ault02, task 39  7 [172266]: mask 0x200000000200000 set
cpu-bind=MASK - ault02, task 59 27 [172286]: mask 0x80000000080000000 set
cpu-bind=MASK - ault02, task 37  5 [172264]: mask 0x100000000100000 set
cpu-bind=MASK - ault02, task 40  8 [172267]: mask 0x20000000020 set
cpu-bind=MASK - ault02, task 42 10 [172269]: mask 0x40000000040 set
cpu-bind=MASK - ault02, task 56 24 [172283]: mask 0x2000000002000 set
cpu-bind=MASK - ault02, task 62 30 [172289]: mask 0x10000000010000 set
cpu-bind=MASK - ault02, task 32  0 [172259]: mask 0x2000000002 set
cpu-bind=MASK - ault02, task 34  2 [172261]: mask 0x4000000004 set
cpu-bind=MASK - ault02, task 38  6 [172265]: mask 0x10000000010 set
cpu-bind=MASK - ault02, task 46 14 [172273]: mask 0x100000000100 set
cpu-bind=MASK - ault02, task 48 16 [172275]: mask 0x200000000200 set
cpu-bind=MASK - ault02, task 53 21 [172280]: mask 0x10000000010000000 set
cpu-bind=MASK - ault02, task 54 22 [172281]: mask 0x1000000001000 set
cpu-bind=MASK - ault02, task 58 26 [172285]: mask 0x4000000004000 set
cpu-bind=MASK - ault02, task 36  4 [172263]: mask 0x8000000008 set
cpu-bind=MASK - ault02, task 43 11 [172270]: mask 0x800000000800000 set
cpu-bind=MASK - ault02, task 44 12 [172271]: mask 0x80000000080 set
cpu-bind=MASK - ault02, task 45 13 [172272]: mask 0x1000000001000000 set
cpu-bind=MASK - ault02, task 47 15 [172274]: mask 0x2000000002000000 set
cpu-bind=MASK - ault02, task 49 17 [172276]: mask 0x4000000004000000 set
cpu-bind=MASK - ault02, task 51 19 [172278]: mask 0x8000000008000000 set
cpu-bind=MASK - ault02, task 55 23 [172282]: mask 0x20000000020000000 set
cpu-bind=MASK - ault02, task 57 25 [172284]: mask 0x40000000040000000 set
cpu-bind=MASK - ault02, task 60 28 [172287]: mask 0x8000000008000 set
cpu-bind=MASK - ault02, task 41  9 [172268]: mask 0x400000000400000 set
cpu-bind=MASK - ault02, task 35  3 [172262]: mask 0x80000000080000 set
cpu-bind=MASK - ault02, task 61 29 [172288]: mask 0x100000000100000000 set
cpu-bind=MASK - ault01, task  5  5 [372949]: mask 0x100000000100000 set
cpu-bind=MASK - ault01, task  7  7 [372951]: mask 0x200000000200000 set
cpu-bind=MASK - ault01, task 15 15 [372959]: mask 0x2000000002000000 set
cpu-bind=MASK - ault01, task  3  3 [372947]: mask 0x80000000080000 set
cpu-bind=MASK - ault01, task  6  6 [372950]: mask 0x10000000010 set
cpu-bind=MASK - ault01, task 28 28 [372972]: mask 0x8000000008000 set
cpu-bind=MASK - ault01, task  4  4 [372948]: mask 0x8000000008 set
cpu-bind=MASK - ault01, task 11 11 [372955]: mask 0x800000000800000 set
cpu-bind=MASK - ault01, task 25 25 [372969]: mask 0x40000000040000000 set
cpu-bind=MASK - ault01, task 26 26 [372970]: mask 0x4000000004000 set
cpu-bind=MASK - ault01, task 27 27 [372971]: mask 0x80000000080000000 set
cpu-bind=MASK - ault01, task 29 29 [372973]: mask 0x100000000100000000 set
cpu-bind=MASK - ault01, task  0  0 [372944]: mask 0x2000000002 set
cpu-bind=MASK - ault01, task  1  1 [372945]: mask 0x40000000040000 set
cpu-bind=MASK - ault01, task  2  2 [372946]: mask 0x4000000004 set
cpu-bind=MASK - ault01, task  8  8 [372952]: mask 0x20000000020 set
cpu-bind=MASK - ault01, task 12 12 [372956]: mask 0x80000000080 set
cpu-bind=MASK - ault01, task 13 13 [372957]: mask 0x1000000001000000 set
cpu-bind=MASK - ault01, task 14 14 [372958]: mask 0x100000000100 set
cpu-bind=MASK - ault01, task 16 16 [372960]: mask 0x200000000200 set
cpu-bind=MASK - ault01, task 18 18 [372962]: mask 0x400000000400 set
cpu-bind=MASK - ault01, task 19 19 [372963]: mask 0x8000000008000000 set
cpu-bind=MASK - ault01, task 20 20 [372964]: mask 0x800000000800 set
cpu-bind=MASK - ault01, task 22 22 [372966]: mask 0x1000000001000 set
cpu-bind=MASK - ault01, task 30 30 [372974]: mask 0x10000000010000 set
cpu-bind=MASK - ault01, task 31 31 [372975]: mask 0x20000000020000 set
cpu-bind=MASK - ault01, task 10 10 [372954]: mask 0x40000000040 set
cpu-bind=MASK - ault01, task 17 17 [372961]: mask 0x4000000004000000 set
cpu-bind=MASK - ault01, task 21 21 [372965]: mask 0x10000000010000000 set
cpu-bind=MASK - ault01, task 23 23 [372967]: mask 0x20000000020000000 set
cpu-bind=MASK - ault01, task 24 24 [372968]: mask 0x2000000002000 set
cpu-bind=MASK - ault01, task  9  9 [372953]: mask 0x400000000400000 set
Running problem size 25^3 per domain until completion
Num processors: 125
Num threads: 1
Total number of elements: 1953125 

To run other sizes, use -s <integer>.
To run a fixed number of iterations, use -i <integer>.
To run a more or less balanced region set, use -b <integer>.
To change the relative costs of regions, use -c <integer>.
To print out progress, use -p
To write an output file for VisIt, use -v
See help (-h) for more options

Run completed:
   Problem size        =  25
   MPI tasks           =  125
   Iteration count     =  4448
   Final Origin Energy =  2.679390e+06
   Testing Plane 0 of Energy Array on rank 0:
        MaxAbsDiff   = 1.309672e-09
        TotalAbsDiff = 1.867465e-08
        MaxRelDiff   = 3.856731e-14

Elapsed time         = 319.6491946 (s)
Grind time (us/z/c)  =   4.599269 (per dom)  ( 319.64919 overall)
FOM                  =  27178.232 (z/s)

