srun: Warning: can't honor --ntasks-per-node set to 32 which doesn't match the requested tasks 125 with the number of requested nodes 4. Ignoring --ntasks-per-node.
cpu-bind=MASK - ault03, task 75 12 [231595]: mask 0x80000000080 set
cpu-bind=MASK - ault03, task 90 27 [231610]: mask 0x80000000080000000 set
cpu-bind=MASK - ault03, task 63  0 [231583]: mask 0x2000000002 set
cpu-bind=MASK - ault03, task 81 18 [231601]: mask 0x400000000400 set
cpu-bind=MASK - ault03, task 76 13 [231596]: mask 0x1000000001000000 set
cpu-bind=MASK - ault03, task 85 22 [231605]: mask 0x1000000001000 set
cpu-bind=MASK - ault03, task 88 25 [231608]: mask 0x40000000040000000 set
cpu-bind=MASK - ault03, task 64  1 [231584]: mask 0x40000000040000 set
cpu-bind=MASK - ault03, task 65  2 [231585]: mask 0x4000000004 set
cpu-bind=MASK - ault03, task 67  4 [231587]: mask 0x8000000008 set
cpu-bind=MASK - ault03, task 68  5 [231588]: mask 0x100000000100000 set
cpu-bind=MASK - ault03, task 70  7 [231590]: mask 0x200000000200000 set
cpu-bind=MASK - ault03, task 72  9 [231592]: mask 0x400000000400000 set
cpu-bind=MASK - ault03, task 77 14 [231597]: mask 0x100000000100 set
cpu-bind=MASK - ault03, task 78 15 [231598]: mask 0x2000000002000000 set
cpu-bind=MASK - ault03, task 82 19 [231602]: mask 0x8000000008000000 set
cpu-bind=MASK - ault03, task 83 20 [231603]: mask 0x800000000800 set
cpu-bind=MASK - ault03, task 86 23 [231606]: mask 0x20000000020000000 set
cpu-bind=MASK - ault03, task 89 26 [231609]: mask 0x4000000004000 set
cpu-bind=MASK - ault03, task 91 28 [231611]: mask 0x8000000008000 set
cpu-bind=MASK - ault03, task 92 29 [231612]: mask 0x100000000100000000 set
cpu-bind=MASK - ault03, task 66  3 [231586]: mask 0x80000000080000 set
cpu-bind=MASK - ault03, task 71  8 [231591]: mask 0x20000000020 set
cpu-bind=MASK - ault03, task 73 10 [231593]: mask 0x40000000040 set
cpu-bind=MASK - ault03, task 74 11 [231594]: mask 0x800000000800000 set
cpu-bind=MASK - ault03, task 79 16 [231599]: mask 0x200000000200 set
cpu-bind=MASK - ault03, task 84 21 [231604]: mask 0x10000000010000000 set
cpu-bind=MASK - ault03, task 87 24 [231607]: mask 0x2000000002000 set
cpu-bind=MASK - ault03, task 93 30 [231613]: mask 0x10000000010000 set
cpu-bind=MASK - ault03, task 80 17 [231600]: mask 0x4000000004000000 set
cpu-bind=MASK - ault03, task 69  6 [231589]: mask 0x10000000010 set
cpu-bind=MASK - ault02, task 45 13 [167862]: mask 0x1000000001000000 set
cpu-bind=MASK - ault02, task 47 15 [167864]: mask 0x2000000002000000 set
cpu-bind=MASK - ault02, task 48 16 [167865]: mask 0x200000000200 set
cpu-bind=MASK - ault02, task 49 17 [167866]: mask 0x4000000004000000 set
cpu-bind=MASK - ault02, task 35  3 [167852]: mask 0x80000000080000 set
cpu-bind=MASK - ault02, task 43 11 [167860]: mask 0x800000000800000 set
cpu-bind=MASK - ault02, task 53 21 [167870]: mask 0x10000000010000000 set
cpu-bind=MASK - ault02, task 32  0 [167849]: mask 0x2000000002 set
cpu-bind=MASK - ault02, task 38  6 [167855]: mask 0x10000000010 set
cpu-bind=MASK - ault02, task 39  7 [167856]: mask 0x200000000200000 set
cpu-bind=MASK - ault02, task 41  9 [167858]: mask 0x400000000400000 set
cpu-bind=MASK - ault02, task 44 12 [167861]: mask 0x80000000080 set
cpu-bind=MASK - ault02, task 46 14 [167863]: mask 0x100000000100 set
cpu-bind=MASK - ault02, task 57 25 [167874]: mask 0x40000000040000000 set
cpu-bind=MASK - ault02, task 61 29 [167878]: mask 0x100000000100000000 set
cpu-bind=MASK - ault02, task 33  1 [167850]: mask 0x40000000040000 set
cpu-bind=MASK - ault02, task 36  4 [167853]: mask 0x8000000008 set
cpu-bind=MASK - ault02, task 37  5 [167854]: mask 0x100000000100000 set
cpu-bind=MASK - ault02, task 42 10 [167859]: mask 0x40000000040 set
cpu-bind=MASK - ault02, task 50 18 [167867]: mask 0x400000000400 set
cpu-bind=MASK - ault02, task 52 20 [167869]: mask 0x800000000800 set
cpu-bind=MASK - ault02, task 54 22 [167871]: mask 0x1000000001000 set
cpu-bind=MASK - ault02, task 56 24 [167873]: mask 0x2000000002000 set
cpu-bind=MASK - ault02, task 58 26 [167875]: mask 0x4000000004000 set
cpu-bind=MASK - ault02, task 59 27 [167876]: mask 0x80000000080000000 set
cpu-bind=MASK - ault02, task 60 28 [167877]: mask 0x8000000008000 set
cpu-bind=MASK - ault02, task 62 30 [167879]: mask 0x10000000010000 set
cpu-bind=MASK - ault02, task 34  2 [167851]: mask 0x4000000004 set
cpu-bind=MASK - ault02, task 40  8 [167857]: mask 0x20000000020 set
cpu-bind=MASK - ault02, task 55 23 [167872]: mask 0x20000000020000000 set
cpu-bind=MASK - ault02, task 51 19 [167868]: mask 0x8000000008000000 set
cpu-bind=MASK - ault04, task 112 18 [3131529]: mask 0x400000000400 set
cpu-bind=MASK - ault04, task 95  1 [3131512]: mask 0x40000000040000 set
cpu-bind=MASK - ault04, task 115 21 [3131532]: mask 0x10000000010000000 set
cpu-bind=MASK - ault04, task 122 28 [3131539]: mask 0x8000000008000 set
cpu-bind=MASK - ault04, task 94  0 [3131511]: mask 0x2000000002 set
cpu-bind=MASK - ault04, task 96  2 [3131513]: mask 0x4000000004 set
cpu-bind=MASK - ault04, task 101  7 [3131518]: mask 0x200000000200000 set
cpu-bind=MASK - ault04, task 99  5 [3131516]: mask 0x100000000100000 set
cpu-bind=MASK - ault04, task 102  8 [3131519]: mask 0x20000000020 set
cpu-bind=MASK - ault04, task 109 15 [3131526]: mask 0x2000000002000000 set
cpu-bind=MASK - ault04, task 116 22 [3131533]: mask 0x1000000001000 set
cpu-bind=MASK - ault04, task 118 24 [3131535]: mask 0x2000000002000 set
cpu-bind=MASK - ault04, task 119 25 [3131536]: mask 0x40000000040000000 set
cpu-bind=MASK - ault04, task 120 26 [3131537]: mask 0x4000000004000 set
cpu-bind=MASK - ault04, task 121 27 [3131538]: mask 0x80000000080000000 set
cpu-bind=MASK - ault04, task 123 29 [3131540]: mask 0x100000000100000000 set
cpu-bind=MASK - ault04, task 124 30 [3131541]: mask 0x10000000010000 set
cpu-bind=MASK - ault04, task 97  3 [3131514]: mask 0x80000000080000 set
cpu-bind=MASK - ault04, task 98  4 [3131515]: mask 0x8000000008 set
cpu-bind=MASK - ault04, task 100  6 [3131517]: mask 0x10000000010 set
cpu-bind=MASK - ault04, task 103  9 [3131520]: mask 0x400000000400000 set
cpu-bind=MASK - ault04, task 104 10 [3131521]: mask 0x40000000040 set
cpu-bind=MASK - ault04, task 105 11 [3131522]: mask 0x800000000800000 set
cpu-bind=MASK - ault04, task 106 12 [3131523]: mask 0x80000000080 set
cpu-bind=MASK - ault04, task 107 13 [3131524]: mask 0x1000000001000000 set
cpu-bind=MASK - ault04, task 108 14 [3131525]: mask 0x100000000100 set
cpu-bind=MASK - ault04, task 110 16 [3131527]: mask 0x200000000200 set
cpu-bind=MASK - ault04, task 111 17 [3131528]: mask 0x4000000004000000 set
cpu-bind=MASK - ault04, task 113 19 [3131530]: mask 0x8000000008000000 set
cpu-bind=MASK - ault04, task 114 20 [3131531]: mask 0x800000000800 set
cpu-bind=MASK - ault04, task 117 23 [3131534]: mask 0x20000000020000000 set
cpu-bind=MASK - ault01, task  1  1 [368234]: mask 0x40000000040000 set
cpu-bind=MASK - ault01, task  7  7 [368240]: mask 0x200000000200000 set
cpu-bind=MASK - ault01, task  9  9 [368242]: mask 0x400000000400000 set
cpu-bind=MASK - ault01, task  3  3 [368236]: mask 0x80000000080000 set
cpu-bind=MASK - ault01, task  2  2 [368235]: mask 0x4000000004 set
cpu-bind=MASK - ault01, task  4  4 [368237]: mask 0x8000000008 set
cpu-bind=MASK - ault01, task 13 13 [368246]: mask 0x1000000001000000 set
cpu-bind=MASK - ault01, task 14 14 [368247]: mask 0x100000000100 set
cpu-bind=MASK - ault01, task 15 15 [368248]: mask 0x2000000002000000 set
cpu-bind=MASK - ault01, task 16 16 [368249]: mask 0x200000000200 set
cpu-bind=MASK - ault01, task 18 18 [368251]: mask 0x400000000400 set
cpu-bind=MASK - ault01, task 23 23 [368256]: mask 0x20000000020000000 set
cpu-bind=MASK - ault01, task 30 30 [368263]: mask 0x10000000010000 set
cpu-bind=MASK - ault01, task  0  0 [368233]: mask 0x2000000002 set
cpu-bind=MASK - ault01, task 12 12 [368245]: mask 0x80000000080 set
cpu-bind=MASK - ault01, task 20 20 [368253]: mask 0x800000000800 set
cpu-bind=MASK - ault01, task 22 22 [368255]: mask 0x1000000001000 set
cpu-bind=MASK - ault01, task 25 25 [368258]: mask 0x40000000040000000 set
cpu-bind=MASK - ault01, task 27 27 [368260]: mask 0x80000000080000000 set
cpu-bind=MASK - ault01, task  6  6 [368239]: mask 0x10000000010 set
cpu-bind=MASK - ault01, task 10 10 [368243]: mask 0x40000000040 set
cpu-bind=MASK - ault01, task 24 24 [368257]: mask 0x2000000002000 set
cpu-bind=MASK - ault01, task 31 31 [368264]: mask 0x20000000020000 set
cpu-bind=MASK - ault01, task  8  8 [368241]: mask 0x20000000020 set
cpu-bind=MASK - ault01, task 19 19 [368252]: mask 0x8000000008000000 set
cpu-bind=MASK - ault01, task 21 21 [368254]: mask 0x10000000010000000 set
cpu-bind=MASK - ault01, task 26 26 [368259]: mask 0x4000000004000 set
cpu-bind=MASK - ault01, task 28 28 [368261]: mask 0x8000000008000 set
cpu-bind=MASK - ault01, task 29 29 [368262]: mask 0x100000000100000000 set
cpu-bind=MASK - ault01, task 11 11 [368244]: mask 0x800000000800000 set
cpu-bind=MASK - ault01, task 17 17 [368250]: mask 0x4000000004000000 set
cpu-bind=MASK - ault01, task  5  5 [368238]: mask 0x100000000100000 set
Running problem size 20^3 per domain until completion
Num processors: 125
Num threads: 1
Total number of elements: 1000000 

To run other sizes, use -s <integer>.
To run a fixed number of iterations, use -i <integer>.
To run a more or less balanced region set, use -b <integer>.
To change the relative costs of regions, use -c <integer>.
To print out progress, use -p
To write an output file for VisIt, use -v
See help (-h) for more options

Run completed:
   Problem size        =  20
   MPI tasks           =  125
   Iteration count     =  3517
   Final Origin Energy =  1.791828e+06
   Testing Plane 0 of Energy Array on rank 0:
        MaxAbsDiff   = 1.135049e-09
        TotalAbsDiff = 1.028366e-08
        MaxRelDiff   = 2.474559e-14

Elapsed time         = 135.0921528 (s)
Grind time (us/z/c)  =  4.8013987 (per dom)  ( 135.09215 overall)
FOM                  =  26034.081 (z/s)

