SU3 with improved KS action
Microcanonical simulation with refreshing
R algorithm
MIMD version 7.8.1
Machine = MPI (portable), with 32 nodes
Host(0) = nid04268
Username = mcopik
Options selected...
Generic single precision
C_GLOBAL_INLINE
DBLSTORE_FN
D_FN_GATHER13
FEWSUMS
KS_MULTIFF=FNMAT
VECLENGTH=4
type 0 for no prompts, 1 for prompts, or 2 for proofreading
nflavors1 2
nflavors2 1
nx 16
ny 8
nz 8
nt 36
iseed 5682304
LAYOUT = Hypercubes, options = hyper_prime,
automatic hyper_prime layout
ON EACH NODE 4 x 4 x 8 x 9
Mallocing 1.1 MBytes per node for lattice
WARNING!!: Resetting random seed
Made lattice
Made nn gathers
Made 3nn gathers
Finished setup


warms 0
trajecs 4
traj_between_meas 1
beta 5.6
mass1 0.125
mass2 0.125
u0 0.8441
microcanonical_time_step 0.2
steps_per_trajectory 5
max_cg_iterations 100
max_cg_restarts 5
error_per_site 0.125
error_for_propagator 0.125
npbp_reps 1
prec_pbp 1
fresh 
save_parallel lat_p64_size64_1
unit gauge configuration loaded
CHECK PLAQ: 3.000000e+00 3.000000e+00
CHECK NERSC LINKTR: 1.000000e+00 CKSUM: 0
Unitarity checked.  Max deviation 0.00e+00
Time to check unitarity = 2.062321e-04
"O(a^2): couplings(pi)=0, Naik term, No O(a^2) errors, tadpole weights"
path coefficients: npath  path_coeff  multiplicity
                    0      6.250000e-01     8
                    1      -5.847914e-02     8
                    2      -8.771871e-02     48
                    3      3.077829e-02     192
                    4      -7.199551e-03     384
                    5      -1.231132e-01     48
Symanzik 1x1 + 1x2 + 1x1x1 action
gauge_action: total_dyn_flavors = 3
loop coefficients: nloop rep loop_coeff  multiplicity
                    0 0      1.000000e+00     6
                    1 0      -7.762509e-02     12
                    2 0      -1.031171e-02     16
WARMUPS COMPLETED
CONGRAD5: time = 5.665064e-03 (fn F) masses = 1 iters = 4 mflops = 9.655136e+02
 OK converged final_rsq= 0.0061 (cf 0.016) rel = 1 (cf 0) restarts = 1 iters= 4
CONGRAD5: time = 4.812002e-03 (fn F) masses = 1 iters = 4 mflops = 1.136678e+03
 OK converged final_rsq= 0.006 (cf 0.016) rel = 1 (cf 0) restarts = 1 iters= 4
GFTIME:   time = 7.177997e-02 (Symanzik1) mflops = 2.455568e+03
FFTIME:  time = 1.745210e-01 (asqtad3) terms = 2 mflops = 2.864591e+03
CONGRAD5: time = 3.663063e-03 (fn F) masses = 1 iters = 4 mflops = 1.493203e+03
 OK converged final_rsq= 0.01 (cf 0.016) rel = 1 (cf 0) restarts = 1 iters= 4
CONGRAD5: time = 3.460884e-03 (fn F) masses = 1 iters = 4 mflops = 1.580433e+03
 OK converged final_rsq= 0.0097 (cf 0.016) rel = 1 (cf 0) restarts = 1 iters= 4
GFTIME:   time = 6.654501e-02 (Symanzik1) mflops = 2.648743e+03
FFTIME:  time = 1.814818e-01 (asqtad3) terms = 2 mflops = 2.754717e+03
CONGRAD5: time = 4.822969e-03 (fn F) masses = 1 iters = 4 mflops = 1.134093e+03
 OK converged final_rsq= 0.014 (cf 0.016) rel = 1 (cf 0) restarts = 1 iters= 4
CONGRAD5: time = 3.983974e-03 (fn F) masses = 1 iters = 4 mflops = 1.372924e+03
 OK converged final_rsq= 0.014 (cf 0.016) rel = 1 (cf 0) restarts = 1 iters= 4
GFTIME:   time = 7.047796e-02 (Symanzik1) mflops = 2.500932e+03
FFTIME:  time = 1.659360e-01 (asqtad3) terms = 2 mflops = 3.012795e+03
CONGRAD5: time = 3.648043e-03 (fn F) masses = 1 iters = 4 mflops = 1.499351e+03
 OK converged final_rsq= 0.013 (cf 0.016) rel = 1 (cf 0) restarts = 1 iters= 4
CONGRAD5: time = 3.412008e-03 (fn F) masses = 1 iters = 4 mflops = 1.603072e+03
 OK converged final_rsq= 0.013 (cf 0.016) rel = 1 (cf 0) restarts = 1 iters= 4
GFTIME:   time = 5.964804e-02 (Symanzik1) mflops = 2.955011e+03
FFTIME:  time = 1.449921e-01 (asqtad3) terms = 2 mflops = 3.447988e+03
CONGRAD5: time = 3.656864e-03 (fn F) masses = 1 iters = 4 mflops = 1.495734e+03
 OK converged final_rsq= 0.011 (cf 0.016) rel = 1 (cf 0) restarts = 1 iters= 4
CONGRAD5: time = 3.466845e-03 (fn F) masses = 1 iters = 4 mflops = 1.577716e+03
 OK converged final_rsq= 0.011 (cf 0.016) rel = 1 (cf 0) restarts = 1 iters= 4
GFTIME:   time = 5.862308e-02 (Symanzik1) mflops = 3.006676e+03
FFTIME:  time = 1.440780e-01 (asqtad3) terms = 2 mflops = 3.469864e+03
PLAQ:	2.349601	2.349835
P_LOOP:	-8.084807e-03	8.713320e-03
G_LOOP:  0  0  4   	2.349396e+00	( 0 1 7 6  )
G_LOOP:  0  1  4   	2.350077e+00	( 0 2 7 5  )
G_LOOP:  0  2  4   	2.345959e+00	( 0 3 7 4  )
G_LOOP:  0  3  4   	2.349329e+00	( 1 2 6 5  )
G_LOOP:  0  4  4   	2.353793e+00	( 1 3 6 4  )
G_LOOP:  0  5  4   	2.349753e+00	( 2 3 5 4  )
G_LOOP:  1  0  6   	1.776418e+00	( 0 0 1 7 7 6  )
G_LOOP:  1  1  6   	1.775458e+00	( 0 0 2 7 7 5  )
G_LOOP:  1  2  6   	1.771841e+00	( 0 0 3 7 7 4  )
G_LOOP:  1  3  6   	1.776159e+00	( 1 1 0 6 6 7  )
G_LOOP:  1  4  6   	1.777992e+00	( 1 1 2 6 6 5  )
G_LOOP:  1  5  6   	1.780394e+00	( 1 1 3 6 6 4  )
G_LOOP:  1  6  6   	1.775600e+00	( 2 2 0 5 5 7  )
G_LOOP:  1  7  6   	1.773827e+00	( 2 2 1 5 5 6  )
G_LOOP:  1  8  6   	1.774903e+00	( 2 2 3 5 5 4  )
G_LOOP:  1  9  6   	1.766301e+00	( 3 3 0 4 4 7  )
G_LOOP:  1  10  6   	1.784863e+00	( 3 3 1 4 4 6  )
G_LOOP:  1  11  6   	1.775867e+00	( 3 3 2 4 4 5  )
G_LOOP:  2  0  6   	1.821945e+00	( 0 1 2 7 6 5  )
G_LOOP:  2  1  6   	1.820811e+00	( 0 1 5 7 6 2  )
G_LOOP:  2  2  6   	1.824942e+00	( 0 6 2 7 1 5  )
G_LOOP:  2  3  6   	1.822656e+00	( 0 6 5 7 1 2  )
G_LOOP:  2  4  6   	1.818289e+00	( 0 1 3 7 6 4  )
G_LOOP:  2  5  6   	1.824846e+00	( 0 1 4 7 6 3  )
G_LOOP:  2  6  6   	1.825465e+00	( 0 6 3 7 1 4  )
G_LOOP:  2  7  6   	1.821118e+00	( 0 6 4 7 1 3  )
G_LOOP:  2  8  6   	1.821953e+00	( 0 2 3 7 5 4  )
G_LOOP:  2  9  6   	1.817864e+00	( 0 2 4 7 5 3  )
G_LOOP:  2  10  6   	1.822062e+00	( 0 5 3 7 2 4  )
G_LOOP:  2  11  6   	1.817336e+00	( 0 5 4 7 2 3  )
G_LOOP:  2  12  6   	1.824341e+00	( 1 2 3 6 5 4  )
G_LOOP:  2  13  6   	1.819176e+00	( 1 2 4 6 5 3  )
G_LOOP:  2  14  6   	1.830293e+00	( 1 5 3 6 2 4  )
G_LOOP:  2  15  6   	1.827528e+00	( 1 5 4 6 2 3  )
GACTION: 2.567086e+00
CONGRAD5: time = 3.454924e-03 (fn F) masses = 1 iters = 4 mflops = 1.583160e+03
 OK converged final_rsq= 0.01 (cf 0.016) rel = 1 (cf 0) restarts = 1 iters= 4
CONGRAD5: time = 4.583836e-03 (fn F) masses = 1 iters = 6 mflops = 1.789886e+03
 OK converged final_rsq= 0.0078 (cf 0.016) rel = 1 (cf 0) restarts = 1 iters= 6
PBP: mass 1.250000e-01     6.951406e-02  1.076963e-01  -1.588555e-03  -2.674904e-03 ( 1 of 1 )
FACTION: mass = 1.250000e-01,  1.460881e+00 ( 1 of 1 )
CONGRAD5: time = 3.400803e-03 (fn F) masses = 1 iters = 4 mflops = 1.608354e+03
 OK converged final_rsq= 0.01 (cf 0.016) rel = 1 (cf 0) restarts = 1 iters= 4
CONGRAD5: time = 4.673004e-03 (fn F) masses = 1 iters = 6 mflops = 1.755732e+03
 OK converged final_rsq= 0.0082 (cf 0.016) rel = 1 (cf 0) restarts = 1 iters= 6
PBP: mass 1.250000e-01     6.688204e-02  1.132018e-01  2.818129e-03  3.788318e-03 ( 1 of 1 )
FACTION: mass = 1.250000e-01,  1.478037e+00 ( 1 of 1 )
CONGRAD5: time = 3.549099e-03 (fn F) masses = 1 iters = 4 mflops = 1.541151e+03
 OK converged final_rsq= 0.011 (cf 0.016) rel = 1 (cf 0) restarts = 1 iters= 4
CONGRAD5: time = 3.390074e-03 (fn F) masses = 1 iters = 4 mflops = 1.613445e+03
 OK converged final_rsq= 0.011 (cf 0.016) rel = 1 (cf 0) restarts = 1 iters= 4
GFTIME:   time = 5.885291e-02 (Symanzik1) mflops = 2.994934e+03
FFTIME:  time = 1.440861e-01 (asqtad3) terms = 2 mflops = 3.469669e+03
CONGRAD5: time = 4.143000e-03 (fn F) masses = 1 iters = 5 mflops = 1.650283e+03
 OK converged final_rsq= 0.0069 (cf 0.016) rel = 1 (cf 0) restarts = 1 iters= 5
CONGRAD5: time = 3.385067e-03 (fn F) masses = 1 iters = 4 mflops = 1.615831e+03
 OK converged final_rsq= 0.015 (cf 0.016) rel = 1 (cf 0) restarts = 1 iters= 4
GFTIME:   time = 5.879498e-02 (Symanzik1) mflops = 2.997886e+03
FFTIME:  time = 1.573222e-01 (asqtad3) terms = 2 mflops = 3.177754e+03
CONGRAD5: time = 4.131079e-03 (fn F) masses = 1 iters = 5 mflops = 1.655045e+03
 OK converged final_rsq= 0.0087 (cf 0.016) rel = 1 (cf 0) restarts = 1 iters= 5
CONGRAD5: time = 4.008055e-03 (fn F) masses = 1 iters = 5 mflops = 1.705845e+03
 OK converged final_rsq= 0.0084 (cf 0.016) rel = 1 (cf 0) restarts = 1 iters= 5
GFTIME:   time = 5.888295e-02 (Symanzik1) mflops = 2.993406e+03
FFTIME:  time = 2.227669e-01 (asqtad3) terms = 2 mflops = 2.244190e+03
CONGRAD5: time = 4.647017e-03 (fn F) masses = 1 iters = 5 mflops = 1.471292e+03
 OK converged final_rsq= 0.0084 (cf 0.016) rel = 1 (cf 0) restarts = 1 iters= 5
CONGRAD5: time = 4.028082e-03 (fn F) masses = 1 iters = 5 mflops = 1.697364e+03
 OK converged final_rsq= 0.0082 (cf 0.016) rel = 1 (cf 0) restarts = 1 iters= 5
GFTIME:   time = 5.956888e-02 (Symanzik1) mflops = 2.958938e+03
FFTIME:  time = 1.444309e-01 (asqtad3) terms = 2 mflops = 3.461387e+03
CONGRAD5: time = 3.596067e-03 (fn F) masses = 1 iters = 4 mflops = 1.521022e+03
 OK converged final_rsq= 0.015 (cf 0.016) rel = 1 (cf 0) restarts = 1 iters= 4
CONGRAD5: time = 3.403187e-03 (fn F) masses = 1 iters = 4 mflops = 1.607228e+03
 OK converged final_rsq= 0.015 (cf 0.016) rel = 1 (cf 0) restarts = 1 iters= 4
GFTIME:   time = 5.897403e-02 (Symanzik1) mflops = 2.988784e+03
FFTIME:  time = 1.441798e-01 (asqtad3) terms = 2 mflops = 3.467414e+03
PLAQ:	2.013172	2.017219
P_LOOP:	1.960852e-02	-2.494796e-02
G_LOOP:  0  0  4   	2.017202e+00	( 0 1 7 6  )
G_LOOP:  0  1  4   	2.013733e+00	( 0 2 7 5  )
G_LOOP:  0  2  4   	2.019144e+00	( 0 3 7 4  )
G_LOOP:  0  3  4   	2.008581e+00	( 1 2 6 5  )
G_LOOP:  0  4  4   	2.017523e+00	( 1 3 6 4  )
G_LOOP:  0  5  4   	2.014990e+00	( 2 3 5 4  )
G_LOOP:  1  0  6   	1.304672e+00	( 0 0 1 7 7 6  )
G_LOOP:  1  1  6   	1.302535e+00	( 0 0 2 7 7 5  )
G_LOOP:  1  2  6   	1.309334e+00	( 0 0 3 7 7 4  )
G_LOOP:  1  3  6   	1.308088e+00	( 1 1 0 6 6 7  )
G_LOOP:  1  4  6   	1.293703e+00	( 1 1 2 6 6 5  )
G_LOOP:  1  5  6   	1.305435e+00	( 1 1 3 6 6 4  )
G_LOOP:  1  6  6   	1.305355e+00	( 2 2 0 5 5 7  )
G_LOOP:  1  7  6   	1.297786e+00	( 2 2 1 5 5 6  )
G_LOOP:  1  8  6   	1.302078e+00	( 2 2 3 5 5 4  )
G_LOOP:  1  9  6   	1.310564e+00	( 3 3 0 4 4 7  )
G_LOOP:  1  10  6   	1.307580e+00	( 3 3 1 4 4 6  )
G_LOOP:  1  11  6   	1.308746e+00	( 3 3 2 4 4 5  )
G_LOOP:  2  0  6   	1.344830e+00	( 0 1 2 7 6 5  )
G_LOOP:  2  1  6   	1.341135e+00	( 0 1 5 7 6 2  )
G_LOOP:  2  2  6   	1.352155e+00	( 0 6 2 7 1 5  )
G_LOOP:  2  3  6   	1.342497e+00	( 0 6 5 7 1 2  )
G_LOOP:  2  4  6   	1.349918e+00	( 0 1 3 7 6 4  )
G_LOOP:  2  5  6   	1.355072e+00	( 0 1 4 7 6 3  )
G_LOOP:  2  6  6   	1.352955e+00	( 0 6 3 7 1 4  )
G_LOOP:  2  7  6   	1.354463e+00	( 0 6 4 7 1 3  )
G_LOOP:  2  8  6   	1.349836e+00	( 0 2 3 7 5 4  )
G_LOOP:  2  9  6   	1.344382e+00	( 0 2 4 7 5 3  )
G_LOOP:  2  10  6   	1.347910e+00	( 0 5 3 7 2 4  )
G_LOOP:  2  11  6   	1.345573e+00	( 0 5 4 7 2 3  )
G_LOOP:  2  12  6   	1.348588e+00	( 1 2 3 6 5 4  )
G_LOOP:  2  13  6   	1.343335e+00	( 1 2 4 6 5 3  )
G_LOOP:  2  14  6   	1.341432e+00	( 1 5 3 6 2 4  )
G_LOOP:  2  15  6   	1.347296e+00	( 1 5 4 6 2 3  )
GACTION: 4.056985e+00
CONGRAD5: time = 4.516125e-03 (fn F) masses = 1 iters = 4 mflops = 1.211148e+03
 OK converged final_rsq= 0.014 (cf 0.016) rel = 1 (cf 0) restarts = 1 iters= 4
CONGRAD5: time = 4.745960e-03 (fn F) masses = 1 iters = 6 mflops = 1.728743e+03
 OK converged final_rsq= 0.013 (cf 0.016) rel = 1 (cf 0) restarts = 1 iters= 6
PBP: mass 1.250000e-01     8.690378e-02  1.716741e-01  -2.287688e-03  -1.246880e-03 ( 1 of 1 )
FACTION: mass = 1.250000e-01,  1.453105e+00 ( 1 of 1 )
CONGRAD5: time = 3.558159e-03 (fn F) masses = 1 iters = 4 mflops = 1.537226e+03
 OK converged final_rsq= 0.014 (cf 0.016) rel = 1 (cf 0) restarts = 1 iters= 4
CONGRAD5: time = 4.801989e-03 (fn F) masses = 1 iters = 6 mflops = 1.708572e+03
 OK converged final_rsq= 0.013 (cf 0.016) rel = 1 (cf 0) restarts = 1 iters= 6
PBP: mass 1.250000e-01     9.176318e-02  1.607143e-01  -4.144179e-03  -3.913468e-03 ( 1 of 1 )
FACTION: mass = 1.250000e-01,  1.441279e+00 ( 1 of 1 )
CONGRAD5: time = 4.295826e-03 (fn F) masses = 1 iters = 5 mflops = 1.591573e+03
 OK converged final_rsq= 0.0074 (cf 0.016) rel = 1 (cf 0) restarts = 1 iters= 5
CONGRAD5: time = 3.396034e-03 (fn F) masses = 1 iters = 4 mflops = 1.610613e+03
 OK converged final_rsq= 0.015 (cf 0.016) rel = 1 (cf 0) restarts = 1 iters= 4
GFTIME:   time = 5.879998e-02 (Symanzik1) mflops = 2.997630e+03
FFTIME:  time = 1.607661e-01 (asqtad3) terms = 2 mflops = 3.109680e+03
CONGRAD5: time = 4.289865e-03 (fn F) masses = 1 iters = 5 mflops = 1.593784e+03
 OK converged final_rsq= 0.0094 (cf 0.016) rel = 1 (cf 0) restarts = 1 iters= 5
CONGRAD5: time = 4.095078e-03 (fn F) masses = 1 iters = 5 mflops = 1.669595e+03
 OK converged final_rsq= 0.0086 (cf 0.016) rel = 1 (cf 0) restarts = 1 iters= 5
GFTIME:   time = 5.940604e-02 (Symanzik1) mflops = 2.967048e+03
FFTIME:  time = 1.644280e-01 (asqtad3) terms = 2 mflops = 3.040426e+03
CONGRAD5: time = 4.444122e-03 (fn F) masses = 1 iters = 5 mflops = 1.538464e+03
 OK converged final_rsq= 0.011 (cf 0.016) rel = 1 (cf 0) restarts = 1 iters= 5
CONGRAD5: time = 5.495071e-03 (fn F) masses = 1 iters = 5 mflops = 1.244228e+03
 OK converged final_rsq= 0.01 (cf 0.016) rel = 1 (cf 0) restarts = 1 iters= 5
GFTIME:   time = 7.201910e-02 (Symanzik1) mflops = 2.447415e+03
FFTIME:  time = 1.657600e-01 (asqtad3) terms = 2 mflops = 3.015993e+03
CONGRAD5: time = 5.985975e-03 (fn F) masses = 1 iters = 5 mflops = 1.142190e+03
 OK converged final_rsq= 0.01 (cf 0.016) rel = 1 (cf 0) restarts = 1 iters= 5
CONGRAD5: time = 5.898952e-03 (fn F) masses = 1 iters = 5 mflops = 1.159040e+03
 OK converged final_rsq= 0.01 (cf 0.016) rel = 1 (cf 0) restarts = 1 iters= 5
GFTIME:   time = 6.754208e-02 (Symanzik1) mflops = 2.609642e+03
FFTIME:  time = 1.742001e-01 (asqtad3) terms = 2 mflops = 2.869868e+03
CONGRAD5: time = 4.241943e-03 (fn F) masses = 1 iters = 5 mflops = 1.611790e+03
 OK converged final_rsq= 0.01 (cf 0.016) rel = 1 (cf 0) restarts = 1 iters= 5
CONGRAD5: time = 5.582094e-03 (fn F) masses = 1 iters = 5 mflops = 1.224831e+03
 OK converged final_rsq= 0.0096 (cf 0.016) rel = 1 (cf 0) restarts = 1 iters= 5
GFTIME:   time = 7.258916e-02 (Symanzik1) mflops = 2.428195e+03
FFTIME:  time = 1.577618e-01 (asqtad3) terms = 2 mflops = 3.168898e+03
PLAQ:	1.794639	1.794439
P_LOOP:	2.967754e-02	-1.808640e-02
G_LOOP:  0  0  4   	1.799420e+00	( 0 1 7 6  )
G_LOOP:  0  1  4   	1.790888e+00	( 0 2 7 5  )
G_LOOP:  0  2  4   	1.793695e+00	( 0 3 7 4  )
G_LOOP:  0  3  4   	1.793609e+00	( 1 2 6 5  )
G_LOOP:  0  4  4   	1.798660e+00	( 1 3 6 4  )
G_LOOP:  0  5  4   	1.790963e+00	( 2 3 5 4  )
G_LOOP:  1  0  6   	1.039154e+00	( 0 0 1 7 7 6  )
G_LOOP:  1  1  6   	1.024794e+00	( 0 0 2 7 7 5  )
G_LOOP:  1  2  6   	1.023798e+00	( 0 0 3 7 7 4  )
G_LOOP:  1  3  6   	1.034941e+00	( 1 1 0 6 6 7  )
G_LOOP:  1  4  6   	1.029027e+00	( 1 1 2 6 6 5  )
G_LOOP:  1  5  6   	1.034595e+00	( 1 1 3 6 6 4  )
G_LOOP:  1  6  6   	1.022471e+00	( 2 2 0 5 5 7  )
G_LOOP:  1  7  6   	1.024796e+00	( 2 2 1 5 5 6  )
G_LOOP:  1  8  6   	1.018340e+00	( 2 2 3 5 5 4  )
G_LOOP:  1  9  6   	1.030807e+00	( 3 3 0 4 4 7  )
G_LOOP:  1  10  6   	1.039294e+00	( 3 3 1 4 4 6  )
G_LOOP:  1  11  6   	1.019778e+00	( 3 3 2 4 4 5  )
G_LOOP:  2  0  6   	1.053655e+00	( 0 1 2 7 6 5  )
G_LOOP:  2  1  6   	1.063683e+00	( 0 1 5 7 6 2  )
G_LOOP:  2  2  6   	1.062778e+00	( 0 6 2 7 1 5  )
G_LOOP:  2  3  6   	1.061709e+00	( 0 6 5 7 1 2  )
G_LOOP:  2  4  6   	1.061796e+00	( 0 1 3 7 6 4  )
G_LOOP:  2  5  6   	1.069225e+00	( 0 1 4 7 6 3  )
G_LOOP:  2  6  6   	1.062380e+00	( 0 6 3 7 1 4  )
G_LOOP:  2  7  6   	1.069684e+00	( 0 6 4 7 1 3  )
G_LOOP:  2  8  6   	1.057541e+00	( 0 2 3 7 5 4  )
G_LOOP:  2  9  6   	1.062605e+00	( 0 2 4 7 5 3  )
G_LOOP:  2  10  6   	1.055512e+00	( 0 5 3 7 2 4  )
G_LOOP:  2  11  6   	1.058250e+00	( 0 5 4 7 2 3  )
G_LOOP:  2  12  6   	1.062194e+00	( 1 2 3 6 5 4  )
G_LOOP:  2  13  6   	1.061215e+00	( 1 2 4 6 5 3  )
G_LOOP:  2  14  6   	1.058760e+00	( 1 5 3 6 2 4  )
G_LOOP:  2  15  6   	1.056663e+00	( 1 5 4 6 2 3  )
GACTION: 5.076400e+00
CONGRAD5: time = 4.107952e-03 (fn F) masses = 1 iters = 5 mflops = 1.664362e+03
 OK converged final_rsq= 0.0085 (cf 0.016) rel = 1 (cf 0) restarts = 1 iters= 5
CONGRAD5: time = 4.596949e-03 (fn F) masses = 1 iters = 6 mflops = 1.784780e+03
 OK converged final_rsq= 0.015 (cf 0.016) rel = 1 (cf 0) restarts = 1 iters= 6
PBP: mass 1.250000e-01     1.066392e-01  3.081026e-01  4.654740e-03  3.557145e-03 ( 1 of 1 )
FACTION: mass = 1.250000e-01,  1.448462e+00 ( 1 of 1 )
CONGRAD5: time = 3.994942e-03 (fn F) masses = 1 iters = 5 mflops = 1.711444e+03
 OK converged final_rsq= 0.0084 (cf 0.016) rel = 1 (cf 0) restarts = 1 iters= 5
CONGRAD5: time = 4.590034e-03 (fn F) masses = 1 iters = 6 mflops = 1.787469e+03
 OK converged final_rsq= 0.015 (cf 0.016) rel = 1 (cf 0) restarts = 1 iters= 6
PBP: mass 1.250000e-01     1.025752e-01  3.140966e-01  -6.163071e-04  -7.534923e-04 ( 1 of 1 )
FACTION: mass = 1.250000e-01,  1.444132e+00 ( 1 of 1 )
CONGRAD5: time = 4.115105e-03 (fn F) masses = 1 iters = 5 mflops = 1.661469e+03
 OK converged final_rsq= 0.0099 (cf 0.016) rel = 1 (cf 0) restarts = 1 iters= 5
CONGRAD5: time = 3.998995e-03 (fn F) masses = 1 iters = 5 mflops = 1.709710e+03
 OK converged final_rsq= 0.0096 (cf 0.016) rel = 1 (cf 0) restarts = 1 iters= 5
GFTIME:   time = 5.886698e-02 (Symanzik1) mflops = 2.994219e+03
FFTIME:  time = 1.455989e-01 (asqtad3) terms = 2 mflops = 3.433619e+03
CONGRAD5: time = 4.103184e-03 (fn F) masses = 1 iters = 5 mflops = 1.666296e+03
 OK converged final_rsq= 0.011 (cf 0.016) rel = 1 (cf 0) restarts = 1 iters= 5
CONGRAD5: time = 4.008055e-03 (fn F) masses = 1 iters = 5 mflops = 1.705845e+03
 OK converged final_rsq= 0.011 (cf 0.016) rel = 1 (cf 0) restarts = 1 iters= 5
GFTIME:   time = 5.877519e-02 (Symanzik1) mflops = 2.998895e+03
FFTIME:  time = 1.443682e-01 (asqtad3) terms = 2 mflops = 3.462890e+03
CONGRAD5: time = 4.119158e-03 (fn F) masses = 1 iters = 5 mflops = 1.659834e+03
 OK converged final_rsq= 0.012 (cf 0.016) rel = 1 (cf 0) restarts = 1 iters= 5
CONGRAD5: time = 4.004955e-03 (fn F) masses = 1 iters = 5 mflops = 1.707165e+03
 OK converged final_rsq= 0.012 (cf 0.016) rel = 1 (cf 0) restarts = 1 iters= 5
GFTIME:   time = 5.878186e-02 (Symanzik1) mflops = 2.998554e+03
FFTIME:  time = 1.452999e-01 (asqtad3) terms = 2 mflops = 3.440684e+03
CONGRAD5: time = 4.209995e-03 (fn F) masses = 1 iters = 5 mflops = 1.624021e+03
 OK converged final_rsq= 0.013 (cf 0.016) rel = 1 (cf 0) restarts = 1 iters= 5
CONGRAD5: time = 4.017115e-03 (fn F) masses = 1 iters = 5 mflops = 1.701998e+03
 OK converged final_rsq= 0.012 (cf 0.016) rel = 1 (cf 0) restarts = 1 iters= 5
GFTIME:   time = 5.880594e-02 (Symanzik1) mflops = 2.997326e+03
FFTIME:  time = 1.748080e-01 (asqtad3) terms = 2 mflops = 2.859887e+03
CONGRAD5: time = 6.191015e-03 (fn F) masses = 1 iters = 5 mflops = 1.104362e+03
 OK converged final_rsq= 0.012 (cf 0.016) rel = 1 (cf 0) restarts = 1 iters= 5
CONGRAD5: time = 5.928040e-03 (fn F) masses = 1 iters = 5 mflops = 1.153353e+03
 OK converged final_rsq= 0.011 (cf 0.016) rel = 1 (cf 0) restarts = 1 iters= 5
GFTIME:   time = 8.339000e-02 (Symanzik1) mflops = 2.113690e+03
FFTIME:  time = 2.005630e-01 (asqtad3) terms = 2 mflops = 2.492639e+03
PLAQ:	1.645792	1.643904
P_LOOP:	-8.197186e-03	5.077758e-02
G_LOOP:  0  0  4   	1.650007e+00	( 0 1 7 6  )
G_LOOP:  0  1  4   	1.645946e+00	( 0 2 7 5  )
G_LOOP:  0  2  4   	1.649325e+00	( 0 3 7 4  )
G_LOOP:  0  3  4   	1.641424e+00	( 1 2 6 5  )
G_LOOP:  0  4  4   	1.644123e+00	( 1 3 6 4  )
G_LOOP:  0  5  4   	1.638263e+00	( 2 3 5 4  )
G_LOOP:  1  0  6   	8.645052e-01	( 0 0 1 7 7 6  )
G_LOOP:  1  1  6   	8.604069e-01	( 0 0 2 7 7 5  )
G_LOOP:  1  2  6   	8.604076e-01	( 0 0 3 7 7 4  )
G_LOOP:  1  3  6   	8.649686e-01	( 1 1 0 6 6 7  )
G_LOOP:  1  4  6   	8.485101e-01	( 1 1 2 6 6 5  )
G_LOOP:  1  5  6   	8.500264e-01	( 1 1 3 6 6 4  )
G_LOOP:  1  6  6   	8.576334e-01	( 2 2 0 5 5 7  )
G_LOOP:  1  7  6   	8.497820e-01	( 2 2 1 5 5 6  )
G_LOOP:  1  8  6   	8.487023e-01	( 2 2 3 5 5 4  )
G_LOOP:  1  9  6   	8.548094e-01	( 3 3 0 4 4 7  )
G_LOOP:  1  10  6   	8.516216e-01	( 3 3 1 4 4 6  )
G_LOOP:  1  11  6   	8.489936e-01	( 3 3 2 4 4 5  )
G_LOOP:  2  0  6   	8.770076e-01	( 0 1 2 7 6 5  )
G_LOOP:  2  1  6   	8.790823e-01	( 0 1 5 7 6 2  )
G_LOOP:  2  2  6   	8.813909e-01	( 0 6 2 7 1 5  )
G_LOOP:  2  3  6   	8.765040e-01	( 0 6 5 7 1 2  )
G_LOOP:  2  4  6   	8.733976e-01	( 0 1 3 7 6 4  )
G_LOOP:  2  5  6   	8.860708e-01	( 0 1 4 7 6 3  )
G_LOOP:  2  6  6   	8.837483e-01	( 0 6 3 7 1 4  )
G_LOOP:  2  7  6   	8.815830e-01	( 0 6 4 7 1 3  )
G_LOOP:  2  8  6   	8.733226e-01	( 0 2 3 7 5 4  )
G_LOOP:  2  9  6   	8.755202e-01	( 0 2 4 7 5 3  )
G_LOOP:  2  10  6   	8.772982e-01	( 0 5 3 7 2 4  )
G_LOOP:  2  11  6   	8.789451e-01	( 0 5 4 7 2 3  )
G_LOOP:  2  12  6   	8.759352e-01	( 1 2 3 6 5 4  )
G_LOOP:  2  13  6   	8.759785e-01	( 1 2 4 6 5 3  )
G_LOOP:  2  14  6   	8.814232e-01	( 1 5 3 6 2 4  )
G_LOOP:  2  15  6   	8.648005e-01	( 1 5 4 6 2 3  )
GACTION: 5.782705e+00
CONGRAD5: time = 6.036997e-03 (fn F) masses = 1 iters = 5 mflops = 1.132537e+03
 OK converged final_rsq= 0.01 (cf 0.016) rel = 1 (cf 0) restarts = 1 iters= 5
CONGRAD5: time = 5.545139e-03 (fn F) masses = 1 iters = 7 mflops = 1.726191e+03
 OK converged final_rsq= 0.0081 (cf 0.016) rel = 1 (cf 0) restarts = 1 iters= 7
PBP: mass 1.250000e-01     1.244798e-01  3.169711e-01  -3.379830e-03  -2.741972e-03 ( 1 of 1 )
FACTION: mass = 1.250000e-01,  1.439485e+00 ( 1 of 1 )
CONGRAD5: time = 4.922867e-03 (fn F) masses = 1 iters = 5 mflops = 1.388849e+03
 OK converged final_rsq= 0.01 (cf 0.016) rel = 1 (cf 0) restarts = 1 iters= 5
CONGRAD5: time = 7.276058e-03 (fn F) masses = 1 iters = 7 mflops = 1.315543e+03
 OK converged final_rsq= 0.0083 (cf 0.016) rel = 1 (cf 0) restarts = 1 iters= 7
PBP: mass 1.250000e-01     1.328154e-01  3.117547e-01  -2.365459e-03  -1.909385e-03 ( 1 of 1 )
FACTION: mass = 1.250000e-01,  1.439103e+00 ( 1 of 1 )
RUNNING COMPLETED
average cg iters for step= 1.100000e+01
Time = 6.911851e+00 seconds
total_iters = 550
Checksums 27ed4bcd decec819
Saved gauge configuration in parallel to binary file lat_p64_size64_1
Time stamp Wed May 18 20:37:27 2022
Wrote info file lat_p64_size64_1.info
Time to save = 2.112269e-01
CHECK PLAQ: 1.645792e+00 1.643904e+00
CHECK NERSC LINKTR: 1.721335e-01 CKSUM: ec2a4db8


warms 0
trajecs 4
traj_between_meas 1
beta 5.6
mass1 0.01
mass2 0.01
u0 0.8441
microcanonical_time_step 0.02
steps_per_trajectory 15
max_cg_iterations 300
max_cg_restarts 5
error_per_site 1e-05
error_for_propagator 1e-05
npbp_reps 1
prec_pbp 1
reload_parallel lat_p64_size64_1
save_parallel lat_p64_size64_2
Restored binary gauge configuration in parallel from file lat_p64_size64_1
Time stamp Wed May 18 20:37:27 2022
Checksums 27ed4bcd decec819 OK
Time to reload gauge configuration = 2.035391e-01
CHECK PLAQ: 1.645792e+00 1.643904e+00
CHECK NERSC LINKTR: 1.721335e-01 CKSUM: ec2a4db8
Unitarity checked.  Max deviation 2.98e-07
Time to check unitarity = 3.061295e-04
"O(a^2): couplings(pi)=0, Naik term, No O(a^2) errors, tadpole weights"
path coefficients: npath  path_coeff  multiplicity
                    0      6.250000e-01     8
                    1      -5.847914e-02     8
                    2      -8.771871e-02     48
                    3      3.077829e-02     192
                    4      -7.199551e-03     384
                    5      -1.231132e-01     48
Symanzik 1x1 + 1x2 + 1x1x1 action
gauge_action: total_dyn_flavors = 3
loop coefficients: nloop rep loop_coeff  multiplicity
                    0 0      1.000000e+00     6
                    1 0      -7.762509e-02     12
                    2 0      -1.031171e-02     16
WARMUPS COMPLETED
CONGRAD5: time = 5.915411e-01 (fn F) masses = 1 iters = 833 mflops = 1.925588e+03
 OK converged final_rsq= 5e-11 (cf 1e-10) rel = 1 (cf 0) restarts = 4 iters= 833
CONGRAD5: time = 5.761950e-01 (fn F) masses = 1 iters = 808 mflops = 1.917543e+03
 OK converged final_rsq= 5e-11 (cf 1e-10) rel = 1 (cf 0) restarts = 4 iters= 808
GFTIME:   time = 6.698012e-02 (Symanzik1) mflops = 2.631536e+03
FFTIME:  time = 1.822231e-01 (asqtad3) terms = 2 mflops = 2.743512e+03
CONGRAD5: time = 4.828870e-01 (fn F) masses = 1 iters = 778 mflops = 2.203115e+03
 OK converged final_rsq= 5e-11 (cf 1e-10) rel = 1 (cf 0) restarts = 4 iters= 778
CONGRAD5: time = 4.711230e-01 (fn F) masses = 1 iters = 775 mflops = 2.249420e+03
 OK converged final_rsq= 5e-11 (cf 1e-10) rel = 1 (cf 0) restarts = 4 iters= 775
GFTIME:   time = 5.870295e-02 (Symanzik1) mflops = 3.002585e+03
FFTIME:  time = 1.722591e-01 (asqtad3) terms = 2 mflops = 2.902205e+03
CONGRAD5: time = 5.645621e-01 (fn F) masses = 1 iters = 800 mflops = 1.937677e+03
 OK converged final_rsq= 5e-11 (cf 1e-10) rel = 1 (cf 0) restarts = 4 iters= 800
CONGRAD5: time = 4.557810e-01 (fn F) masses = 1 iters = 739 mflops = 2.217131e+03
 OK converged final_rsq= 9.9e-11 (cf 1e-10) rel = 1 (cf 0) restarts = 3 iters= 739
GFTIME:   time = 6.167984e-02 (Symanzik1) mflops = 2.857670e+03
FFTIME:  time = 1.593809e-01 (asqtad3) terms = 2 mflops = 3.136706e+03
CONGRAD5: time = 4.939239e-01 (fn F) masses = 1 iters = 743 mflops = 2.056989e+03
 OK converged final_rsq= 5e-11 (cf 1e-10) rel = 1 (cf 0) restarts = 4 iters= 743
CONGRAD5: time = 5.580580e-01 (fn F) masses = 1 iters = 790 mflops = 1.935757e+03
 OK converged final_rsq= 4.9e-11 (cf 1e-10) rel = 1 (cf 0) restarts = 4 iters= 790
GFTIME:   time = 6.013203e-02 (Symanzik1) mflops = 2.931227e+03
FFTIME:  time = 1.591580e-01 (asqtad3) terms = 2 mflops = 3.141100e+03
CONGRAD5: time = 5.080991e-01 (fn F) masses = 1 iters = 835 mflops = 2.247198e+03
 OK converged final_rsq= 4.9e-11 (cf 1e-10) rel = 1 (cf 0) restarts = 4 iters= 835
CONGRAD5: time = 4.800520e-01 (fn F) masses = 1 iters = 788 mflops = 2.244611e+03
 OK converged final_rsq= 4.9e-11 (cf 1e-10) rel = 1 (cf 0) restarts = 4 iters= 788
GFTIME:   time = 5.884886e-02 (Symanzik1) mflops = 2.995141e+03
FFTIME:  time = 1.474218e-01 (asqtad3) terms = 2 mflops = 3.391161e+03
CONGRAD5: time = 5.068951e-01 (fn F) masses = 1 iters = 745 mflops = 2.009747e+03
 OK converged final_rsq= 5e-11 (cf 1e-10) rel = 1 (cf 0) restarts = 4 iters= 745
CONGRAD5: time = 4.828920e-01 (fn F) masses = 1 iters = 782 mflops = 2.214420e+03
 OK converged final_rsq= 5e-11 (cf 1e-10) rel = 1 (cf 0) restarts = 4 iters= 782
GFTIME:   time = 6.197405e-02 (Symanzik1) mflops = 2.844103e+03
FFTIME:  time = 1.523070e-01 (asqtad3) terms = 2 mflops = 3.282390e+03
CONGRAD5: time = 5.356350e-01 (fn F) masses = 1 iters = 776 mflops = 1.981052e+03
 OK converged final_rsq= 5e-11 (cf 1e-10) rel = 1 (cf 0) restarts = 4 iters= 776
CONGRAD5: time = 5.150290e-01 (fn F) masses = 1 iters = 748 mflops = 1.985972e+03
 OK converged final_rsq= 9.9e-11 (cf 1e-10) rel = 1 (cf 0) restarts = 3 iters= 748
GFTIME:   time = 6.912088e-02 (Symanzik1) mflops = 2.550034e+03
FFTIME:  time = 1.631901e-01 (asqtad3) terms = 2 mflops = 3.063489e+03
CONGRAD5: time = 4.837430e-01 (fn F) masses = 1 iters = 788 mflops = 2.227485e+03
 OK converged final_rsq= 5e-11 (cf 1e-10) rel = 1 (cf 0) restarts = 4 iters= 788
CONGRAD5: time = 4.719751e-01 (fn F) masses = 1 iters = 776 mflops = 2.248256e+03
 OK converged final_rsq= 5e-11 (cf 1e-10) rel = 1 (cf 0) restarts = 4 iters= 776
GFTIME:   time = 6.007409e-02 (Symanzik1) mflops = 2.934054e+03
FFTIME:  time = 1.711249e-01 (asqtad3) terms = 2 mflops = 2.921439e+03
CONGRAD5: time = 5.180089e-01 (fn F) masses = 1 iters = 774 mflops = 2.043181e+03
 OK converged final_rsq= 9.9e-11 (cf 1e-10) rel = 1 (cf 0) restarts = 3 iters= 774
CONGRAD5: time = 4.889429e-01 (fn F) masses = 1 iters = 781 mflops = 2.184219e+03
 OK converged final_rsq= 9.9e-11 (cf 1e-10) rel = 1 (cf 0) restarts = 3 iters= 781
GFTIME:   time = 9.395003e-02 (Symanzik1) mflops = 1.876110e+03
FFTIME:  time = 1.556599e-01 (asqtad3) terms = 2 mflops = 3.211688e+03
CONGRAD5: time = 4.988780e-01 (fn F) masses = 1 iters = 748 mflops = 2.050267e+03
 OK converged final_rsq= 5e-11 (cf 1e-10) rel = 1 (cf 0) restarts = 4 iters= 748
CONGRAD5: time = 5.171771e-01 (fn F) masses = 1 iters = 754 mflops = 1.993587e+03
 OK converged final_rsq= 5e-11 (cf 1e-10) rel = 1 (cf 0) restarts = 4 iters= 754
GFTIME:   time = 7.059288e-02 (Symanzik1) mflops = 2.496861e+03
FFTIME:  time = 1.560550e-01 (asqtad3) terms = 2 mflops = 3.203558e+03
CONGRAD5: time = 4.704030e-01 (fn F) masses = 1 iters = 773 mflops = 2.247050e+03
 OK converged final_rsq= 5e-11 (cf 1e-10) rel = 1 (cf 0) restarts = 4 iters= 773
CONGRAD5: time = 4.672551e-01 (fn F) masses = 1 iters = 766 mflops = 2.241702e+03
 OK converged final_rsq= 5e-11 (cf 1e-10) rel = 1 (cf 0) restarts = 4 iters= 766
GFTIME:   time = 5.882597e-02 (Symanzik1) mflops = 2.996306e+03
FFTIME:  time = 1.465981e-01 (asqtad3) terms = 2 mflops = 3.410216e+03
CONGRAD5: time = 5.136309e-01 (fn F) masses = 1 iters = 758 mflops = 2.018001e+03
 OK converged final_rsq= 1e-10 (cf 1e-10) rel = 1 (cf 0) restarts = 3 iters= 758
CONGRAD5: time = 4.588010e-01 (fn F) masses = 1 iters = 750 mflops = 2.235322e+03
 OK converged final_rsq= 1e-10 (cf 1e-10) rel = 1 (cf 0) restarts = 3 iters= 750
GFTIME:   time = 6.553507e-02 (Symanzik1) mflops = 2.689562e+03
FFTIME:  time = 1.595371e-01 (asqtad3) terms = 2 mflops = 3.133636e+03
CONGRAD5: time = 6.172740e-01 (fn F) masses = 1 iters = 835 mflops = 1.849744e+03
 OK converged final_rsq= 5e-11 (cf 1e-10) rel = 1 (cf 0) restarts = 4 iters= 835
CONGRAD5: time = 4.947901e-01 (fn F) masses = 1 iters = 738 mflops = 2.039570e+03
 OK converged final_rsq= 5e-11 (cf 1e-10) rel = 1 (cf 0) restarts = 4 iters= 738
GFTIME:   time = 5.892205e-02 (Symanzik1) mflops = 2.991420e+03
FFTIME:  time = 1.453259e-01 (asqtad3) terms = 2 mflops = 3.440069e+03
CONGRAD5: time = 4.809999e-01 (fn F) masses = 1 iters = 791 mflops = 2.248716e+03
 OK converged final_rsq= 5e-11 (cf 1e-10) rel = 1 (cf 0) restarts = 4 iters= 791
CONGRAD5: time = 5.728562e-01 (fn F) masses = 1 iters = 770 mflops = 1.838012e+03
 OK converged final_rsq= 5e-11 (cf 1e-10) rel = 1 (cf 0) restarts = 4 iters= 770
GFTIME:   time = 9.090400e-02 (Symanzik1) mflops = 1.938975e+03
FFTIME:  time = 1.514349e-01 (asqtad3) terms = 2 mflops = 3.301294e+03
CONGRAD5: time = 4.910550e-01 (fn F) masses = 1 iters = 786 mflops = 2.188747e+03
 OK converged final_rsq= 5e-11 (cf 1e-10) rel = 1 (cf 0) restarts = 4 iters= 786
CONGRAD5: time = 4.740529e-01 (fn F) masses = 1 iters = 758 mflops = 2.186480e+03
 OK converged final_rsq= 5e-11 (cf 1e-10) rel = 1 (cf 0) restarts = 4 iters= 758
GFTIME:   time = 6.657219e-02 (Symanzik1) mflops = 2.647661e+03
FFTIME:  time = 1.714580e-01 (asqtad3) terms = 2 mflops = 2.915764e+03
PLAQ:	1.543834	1.540653
P_LOOP:	1.983617e-02	-1.473066e-02
G_LOOP:  0  0  4   	1.546035e+00	( 0 1 7 6  )
G_LOOP:  0  1  4   	1.542847e+00	( 0 2 7 5  )
G_LOOP:  0  2  4   	1.544938e+00	( 0 3 7 4  )
G_LOOP:  0  3  4   	1.542621e+00	( 1 2 6 5  )
G_LOOP:  0  4  4   	1.538985e+00	( 1 3 6 4  )
G_LOOP:  0  5  4   	1.538037e+00	( 2 3 5 4  )
G_LOOP:  1  0  6   	7.958931e-01	( 0 0 1 7 7 6  )
G_LOOP:  1  1  6   	7.793788e-01	( 0 0 2 7 7 5  )
G_LOOP:  1  2  6   	7.867843e-01	( 0 0 3 7 7 4  )
G_LOOP:  1  3  6   	7.877806e-01	( 1 1 0 6 6 7  )
G_LOOP:  1  4  6   	7.828170e-01	( 1 1 2 6 6 5  )
G_LOOP:  1  5  6   	7.739697e-01	( 1 1 3 6 6 4  )
G_LOOP:  1  6  6   	7.819269e-01	( 2 2 0 5 5 7  )
G_LOOP:  1  7  6   	7.815797e-01	( 2 2 1 5 5 6  )
G_LOOP:  1  8  6   	7.772782e-01	( 2 2 3 5 5 4  )
G_LOOP:  1  9  6   	7.810675e-01	( 3 3 0 4 4 7  )
G_LOOP:  1  10  6   	7.753647e-01	( 3 3 1 4 4 6  )
G_LOOP:  1  11  6   	7.773759e-01	( 3 3 2 4 4 5  )
G_LOOP:  2  0  6   	8.017822e-01	( 0 1 2 7 6 5  )
G_LOOP:  2  1  6   	8.053125e-01	( 0 1 5 7 6 2  )
G_LOOP:  2  2  6   	8.103233e-01	( 0 6 2 7 1 5  )
G_LOOP:  2  3  6   	8.010332e-01	( 0 6 5 7 1 2  )
G_LOOP:  2  4  6   	8.031932e-01	( 0 1 3 7 6 4  )
G_LOOP:  2  5  6   	8.131550e-01	( 0 1 4 7 6 3  )
G_LOOP:  2  6  6   	8.036287e-01	( 0 6 3 7 1 4  )
G_LOOP:  2  7  6   	8.036874e-01	( 0 6 4 7 1 3  )
G_LOOP:  2  8  6   	8.017114e-01	( 0 2 3 7 5 4  )
G_LOOP:  2  9  6   	8.037356e-01	( 0 2 4 7 5 3  )
G_LOOP:  2  10  6   	8.002903e-01	( 0 5 3 7 2 4  )
G_LOOP:  2  11  6   	8.062432e-01	( 0 5 4 7 2 3  )
G_LOOP:  2  12  6   	8.003423e-01	( 1 2 3 6 5 4  )
G_LOOP:  2  13  6   	7.972471e-01	( 1 2 4 6 5 3  )
G_LOOP:  2  14  6   	8.022769e-01	( 1 5 3 6 2 4  )
G_LOOP:  2  15  6   	8.029453e-01	( 1 5 4 6 2 3  )
GACTION: 6.317866e+00
CONGRAD5: time = 5.536840e-01 (fn F) masses = 1 iters = 781 mflops = 1.928822e+03
 OK converged final_rsq= 5e-11 (cf 1e-10) rel = 1 (cf 0) restarts = 4 iters= 781
CONGRAD5: time = 5.818009e-02 (fn F) masses = 1 iters = 76 mflops = 1.786251e+03
 OK converged final_rsq= 9.8e-11 (cf 1e-10) rel = 1 (cf 0) restarts = 1 iters= 76
PBP: mass 1.000000e-02     8.057977e-02  5.500840e-02  5.105122e-03  5.105786e-03 ( 1 of 1 )
FACTION: mass = 1.000000e-02,  1.504849e+00 ( 1 of 1 )
CONGRAD5: time = 4.645960e-01 (fn F) masses = 1 iters = 738 mflops = 2.172121e+03
 OK converged final_rsq= 5e-11 (cf 1e-10) rel = 1 (cf 0) restarts = 4 iters= 738
CONGRAD5: time = 4.934812e-02 (fn F) masses = 1 iters = 78 mflops = 2.161361e+03
 OK converged final_rsq= 9.8e-11 (cf 1e-10) rel = 1 (cf 0) restarts = 1 iters= 78
PBP: mass 1.000000e-02     6.155567e-02  7.046086e-02  3.039757e-03  3.040164e-03 ( 1 of 1 )
FACTION: mass = 1.000000e-02,  1.504748e+00 ( 1 of 1 )
CONGRAD5: time = 4.725420e-01 (fn F) masses = 1 iters = 777 mflops = 2.248453e+03
 OK converged final_rsq= 5e-11 (cf 1e-10) rel = 1 (cf 0) restarts = 4 iters= 777
CONGRAD5: time = 4.914088e-01 (fn F) masses = 1 iters = 766 mflops = 2.131518e+03
 OK converged final_rsq= 9.8e-11 (cf 1e-10) rel = 1 (cf 0) restarts = 3 iters= 766
GFTIME:   time = 8.885407e-02 (Symanzik1) mflops = 1.983709e+03
FFTIME:  time = 1.452529e-01 (asqtad3) terms = 2 mflops = 3.441797e+03
CONGRAD5: time = 4.727180e-01 (fn F) masses = 1 iters = 763 mflops = 2.207118e+03
 OK converged final_rsq= 5e-11 (cf 1e-10) rel = 1 (cf 0) restarts = 4 iters= 763
CONGRAD5: time = 4.649189e-01 (fn F) masses = 1 iters = 738 mflops = 2.170613e+03
 OK converged final_rsq= 9.9e-11 (cf 1e-10) rel = 1 (cf 0) restarts = 3 iters= 738
GFTIME:   time = 6.498098e-02 (Symanzik1) mflops = 2.712495e+03
FFTIME:  time = 1.783240e-01 (asqtad3) terms = 2 mflops = 2.803499e+03
CONGRAD5: time = 5.863719e-01 (fn F) masses = 1 iters = 805 mflops = 1.877266e+03
 OK converged final_rsq= 5e-11 (cf 1e-10) rel = 1 (cf 0) restarts = 4 iters= 805
CONGRAD5: time = 4.861279e-01 (fn F) masses = 1 iters = 771 mflops = 2.168738e+03
 OK converged final_rsq= 5e-11 (cf 1e-10) rel = 1 (cf 0) restarts = 4 iters= 771
GFTIME:   time = 5.913401e-02 (Symanzik1) mflops = 2.980698e+03
FFTIME:  time = 1.436050e-01 (asqtad3) terms = 2 mflops = 3.481294e+03
CONGRAD5: time = 5.011961e-01 (fn F) masses = 1 iters = 823 mflops = 2.245408e+03
 OK converged final_rsq= 4.9e-11 (cf 1e-10) rel = 1 (cf 0) restarts = 4 iters= 823
CONGRAD5: time = 5.868061e-01 (fn F) masses = 1 iters = 752 mflops = 1.752373e+03
 OK converged final_rsq= 5e-11 (cf 1e-10) rel = 1 (cf 0) restarts = 4 iters= 752
GFTIME:   time = 6.346202e-02 (Symanzik1) mflops = 2.777419e+03
FFTIME:  time = 1.486590e-01 (asqtad3) terms = 2 mflops = 3.362939e+03
CONGRAD5: time = 4.815319e-01 (fn F) masses = 1 iters = 769 mflops = 2.183758e+03
 OK converged final_rsq= 9.9e-11 (cf 1e-10) rel = 1 (cf 0) restarts = 3 iters= 769
CONGRAD5: time = 5.417268e-01 (fn F) masses = 1 iters = 778 mflops = 1.963823e+03
 OK converged final_rsq= 5e-11 (cf 1e-10) rel = 1 (cf 0) restarts = 4 iters= 778
GFTIME:   time = 6.635904e-02 (Symanzik1) mflops = 2.656166e+03
FFTIME:  time = 1.656668e-01 (asqtad3) terms = 2 mflops = 3.017690e+03
CONGRAD5: time = 5.418251e-01 (fn F) masses = 1 iters = 794 mflops = 2.003847e+03
 OK converged final_rsq= 5e-11 (cf 1e-10) rel = 1 (cf 0) restarts = 4 iters= 794
CONGRAD5: time = 4.575341e-01 (fn F) masses = 1 iters = 752 mflops = 2.247489e+03
 OK converged final_rsq= 5e-11 (cf 1e-10) rel = 1 (cf 0) restarts = 4 iters= 752
GFTIME:   time = 5.866194e-02 (Symanzik1) mflops = 3.004684e+03
FFTIME:  time = 1.448259e-01 (asqtad3) terms = 2 mflops = 3.451945e+03
CONGRAD5: time = 4.645050e-01 (fn F) masses = 1 iters = 756 mflops = 2.225536e+03
 OK converged final_rsq= 5e-11 (cf 1e-10) rel = 1 (cf 0) restarts = 4 iters= 756
CONGRAD5: time = 5.004599e-01 (fn F) masses = 1 iters = 740 mflops = 2.021928e+03
 OK converged final_rsq= 5e-11 (cf 1e-10) rel = 1 (cf 0) restarts = 4 iters= 740
GFTIME:   time = 6.590796e-02 (Symanzik1) mflops = 2.674345e+03
FFTIME:  time = 1.527200e-01 (asqtad3) terms = 2 mflops = 3.273515e+03
CONGRAD5: time = 4.552240e-01 (fn F) masses = 1 iters = 748 mflops = 2.246879e+03
 OK converged final_rsq= 5e-11 (cf 1e-10) rel = 1 (cf 0) restarts = 4 iters= 748
CONGRAD5: time = 4.498730e-01 (fn F) masses = 1 iters = 705 mflops = 2.142903e+03
 OK converged final_rsq= 1e-10 (cf 1e-10) rel = 1 (cf 0) restarts = 3 iters= 705
GFTIME:   time = 5.898809e-02 (Symanzik1) mflops = 2.988071e+03
FFTIME:  time = 1.555319e-01 (asqtad3) terms = 2 mflops = 3.214332e+03
CONGRAD5: time = 5.295289e-01 (fn F) masses = 1 iters = 776 mflops = 2.003897e+03
 OK converged final_rsq= 4.9e-11 (cf 1e-10) rel = 1 (cf 0) restarts = 4 iters= 776
CONGRAD5: time = 5.716279e-01 (fn F) masses = 1 iters = 787 mflops = 1.882628e+03
 OK converged final_rsq= 5e-11 (cf 1e-10) rel = 1 (cf 0) restarts = 4 iters= 787
GFTIME:   time = 6.111002e-02 (Symanzik1) mflops = 2.884316e+03
FFTIME:  time = 1.550999e-01 (asqtad3) terms = 2 mflops = 3.223285e+03
CONGRAD5: time = 4.611199e-01 (fn F) masses = 1 iters = 756 mflops = 2.241874e+03
 OK converged final_rsq= 5e-11 (cf 1e-10) rel = 1 (cf 0) restarts = 4 iters= 756
CONGRAD5: time = 4.689171e-01 (fn F) masses = 1 iters = 771 mflops = 2.248337e+03
 OK converged final_rsq= 5e-11 (cf 1e-10) rel = 1 (cf 0) restarts = 4 iters= 771
GFTIME:   time = 5.936098e-02 (Symanzik1) mflops = 2.969301e+03
FFTIME:  time = 1.465950e-01 (asqtad3) terms = 2 mflops = 3.410288e+03
CONGRAD5: time = 5.163641e-01 (fn F) masses = 1 iters = 788 mflops = 2.086764e+03
 OK converged final_rsq= 5e-11 (cf 1e-10) rel = 1 (cf 0) restarts = 4 iters= 788
CONGRAD5: time = 5.011439e-01 (fn F) masses = 1 iters = 774 mflops = 2.111941e+03
 OK converged final_rsq= 5e-11 (cf 1e-10) rel = 1 (cf 0) restarts = 4 iters= 774
GFTIME:   time = 6.858897e-02 (Symanzik1) mflops = 2.569810e+03
FFTIME:  time = 1.568160e-01 (asqtad3) terms = 2 mflops = 3.188011e+03
CONGRAD5: time = 5.457940e-01 (fn F) masses = 1 iters = 778 mflops = 1.949189e+03
 OK converged final_rsq= 5e-11 (cf 1e-10) rel = 1 (cf 0) restarts = 4 iters= 778
CONGRAD5: time = 5.526290e-01 (fn F) masses = 1 iters = 778 mflops = 1.925082e+03
 OK converged final_rsq= 4.9e-11 (cf 1e-10) rel = 1 (cf 0) restarts = 4 iters= 778
GFTIME:   time = 6.114697e-02 (Symanzik1) mflops = 2.882573e+03
FFTIME:  time = 1.541369e-01 (asqtad3) terms = 2 mflops = 3.243423e+03
CONGRAD5: time = 4.871430e-01 (fn F) masses = 1 iters = 798 mflops = 2.240008e+03
 OK converged final_rsq= 5e-11 (cf 1e-10) rel = 1 (cf 0) restarts = 4 iters= 798
CONGRAD5: time = 4.892879e-01 (fn F) masses = 1 iters = 802 mflops = 2.241368e+03
 OK converged final_rsq= 5e-11 (cf 1e-10) rel = 1 (cf 0) restarts = 4 iters= 802
GFTIME:   time = 6.100488e-02 (Symanzik1) mflops = 2.889287e+03
FFTIME:  time = 1.443160e-01 (asqtad3) terms = 2 mflops = 3.464143e+03
CONGRAD5: time = 4.960849e-01 (fn F) masses = 1 iters = 806 mflops = 2.221684e+03
 OK converged final_rsq= 5e-11 (cf 1e-10) rel = 1 (cf 0) restarts = 4 iters= 806
CONGRAD5: time = 4.951842e-01 (fn F) masses = 1 iters = 790 mflops = 2.181542e+03
 OK converged final_rsq= 5e-11 (cf 1e-10) rel = 1 (cf 0) restarts = 4 iters= 790
GFTIME:   time = 6.235909e-02 (Symanzik1) mflops = 2.826542e+03
FFTIME:  time = 1.558580e-01 (asqtad3) terms = 2 mflops = 3.207606e+03
CONGRAD5: time = 5.836709e-01 (fn F) masses = 1 iters = 794 mflops = 1.860183e+03
 OK converged final_rsq= 4.9e-11 (cf 1e-10) rel = 1 (cf 0) restarts = 4 iters= 794
CONGRAD5: time = 5.054440e-01 (fn F) masses = 1 iters = 735 mflops = 1.988463e+03
 OK converged final_rsq= 5e-11 (cf 1e-10) rel = 1 (cf 0) restarts = 4 iters= 735
GFTIME:   time = 5.917907e-02 (Symanzik1) mflops = 2.978428e+03
FFTIME:  time = 1.448121e-01 (asqtad3) terms = 2 mflops = 3.452274e+03
PLAQ:	1.499718	1.498448
P_LOOP:	4.247256e-02	3.370666e-02
G_LOOP:  0  0  4   	1.502541e+00	( 0 1 7 6  )
G_LOOP:  0  1  4   	1.501138e+00	( 0 2 7 5  )
G_LOOP:  0  2  4   	1.503322e+00	( 0 3 7 4  )
G_LOOP:  0  3  4   	1.495474e+00	( 1 2 6 5  )
G_LOOP:  0  4  4   	1.493737e+00	( 1 3 6 4  )
G_LOOP:  0  5  4   	1.498285e+00	( 2 3 5 4  )
G_LOOP:  1  0  6   	7.455162e-01	( 0 0 1 7 7 6  )
G_LOOP:  1  1  6   	7.399786e-01	( 0 0 2 7 7 5  )
G_LOOP:  1  2  6   	7.456360e-01	( 0 0 3 7 7 4  )
G_LOOP:  1  3  6   	7.467038e-01	( 1 1 0 6 6 7  )
G_LOOP:  1  4  6   	7.429654e-01	( 1 1 2 6 6 5  )
G_LOOP:  1  5  6   	7.306268e-01	( 1 1 3 6 6 4  )
G_LOOP:  1  6  6   	7.464339e-01	( 2 2 0 5 5 7  )
G_LOOP:  1  7  6   	7.408326e-01	( 2 2 1 5 5 6  )
G_LOOP:  1  8  6   	7.382699e-01	( 2 2 3 5 5 4  )
G_LOOP:  1  9  6   	7.443722e-01	( 3 3 0 4 4 7  )
G_LOOP:  1  10  6   	7.351263e-01	( 3 3 1 4 4 6  )
G_LOOP:  1  11  6   	7.399194e-01	( 3 3 2 4 4 5  )
G_LOOP:  2  0  6   	7.636310e-01	( 0 1 2 7 6 5  )
G_LOOP:  2  1  6   	7.581956e-01	( 0 1 5 7 6 2  )
G_LOOP:  2  2  6   	7.643480e-01	( 0 6 2 7 1 5  )
G_LOOP:  2  3  6   	7.553394e-01	( 0 6 5 7 1 2  )
G_LOOP:  2  4  6   	7.581247e-01	( 0 1 3 7 6 4  )
G_LOOP:  2  5  6   	7.589073e-01	( 0 1 4 7 6 3  )
G_LOOP:  2  6  6   	7.605937e-01	( 0 6 3 7 1 4  )
G_LOOP:  2  7  6   	7.657403e-01	( 0 6 4 7 1 3  )
G_LOOP:  2  8  6   	7.617429e-01	( 0 2 3 7 5 4  )
G_LOOP:  2  9  6   	7.646808e-01	( 0 2 4 7 5 3  )
G_LOOP:  2  10  6   	7.608517e-01	( 0 5 3 7 2 4  )
G_LOOP:  2  11  6   	7.640243e-01	( 0 5 4 7 2 3  )
G_LOOP:  2  12  6   	7.594221e-01	( 1 2 3 6 5 4  )
G_LOOP:  2  13  6   	7.567566e-01	( 1 2 4 6 5 3  )
G_LOOP:  2  14  6   	7.561183e-01	( 1 5 3 6 2 4  )
G_LOOP:  2  15  6   	7.594491e-01	( 1 5 4 6 2 3  )
GACTION: 6.532093e+00
CONGRAD5: time = 4.712701e-01 (fn F) masses = 1 iters = 774 mflops = 2.245817e+03
 OK converged final_rsq= 9.9e-11 (cf 1e-10) rel = 1 (cf 0) restarts = 3 iters= 774
CONGRAD5: time = 4.893398e-02 (fn F) masses = 1 iters = 79 mflops = 2.207597e+03
 OK converged final_rsq= 9.9e-11 (cf 1e-10) rel = 1 (cf 0) restarts = 1 iters= 79
PBP: mass 1.000000e-02     7.025286e-02  6.957341e-02  3.612763e-03  3.608188e-03 ( 1 of 1 )
FACTION: mass = 1.000000e-02,  1.497696e+00 ( 1 of 1 )
CONGRAD5: time = 4.664271e-01 (fn F) masses = 1 iters = 757 mflops = 2.219296e+03
 OK converged final_rsq= 9.9e-11 (cf 1e-10) rel = 1 (cf 0) restarts = 3 iters= 757
CONGRAD5: time = 7.532787e-02 (fn F) masses = 1 iters = 76 mflops = 1.379625e+03
 OK converged final_rsq= 9.9e-11 (cf 1e-10) rel = 1 (cf 0) restarts = 1 iters= 76
PBP: mass 1.000000e-02     5.441487e-02  8.531050e-02  -1.211491e-02  -1.211350e-02 ( 1 of 1 )
FACTION: mass = 1.000000e-02,  1.507285e+00 ( 1 of 1 )
CONGRAD5: time = 4.747009e-01 (fn F) masses = 1 iters = 772 mflops = 2.223824e+03
 OK converged final_rsq= 4.9e-11 (cf 1e-10) rel = 1 (cf 0) restarts = 4 iters= 772
CONGRAD5: time = 4.845431e-01 (fn F) masses = 1 iters = 773 mflops = 2.181475e+03
 OK converged final_rsq= 5e-11 (cf 1e-10) rel = 1 (cf 0) restarts = 4 iters= 773
GFTIME:   time = 6.395793e-02 (Symanzik1) mflops = 2.755884e+03
FFTIME:  time = 1.716499e-01 (asqtad3) terms = 2 mflops = 2.912504e+03
CONGRAD5: time = 5.394490e-01 (fn F) masses = 1 iters = 793 mflops = 2.010139e+03
 OK converged final_rsq= 5e-11 (cf 1e-10) rel = 1 (cf 0) restarts = 4 iters= 793
CONGRAD5: time = 5.461061e-01 (fn F) masses = 1 iters = 791 mflops = 1.980627e+03
 OK converged final_rsq= 4.9e-11 (cf 1e-10) rel = 1 (cf 0) restarts = 4 iters= 791
GFTIME:   time = 5.903792e-02 (Symanzik1) mflops = 2.985549e+03
FFTIME:  time = 1.447918e-01 (asqtad3) terms = 2 mflops = 3.452758e+03
CONGRAD5: time = 4.972470e-01 (fn F) masses = 1 iters = 819 mflops = 2.252241e+03
 OK converged final_rsq= 4.9e-11 (cf 1e-10) rel = 1 (cf 0) restarts = 4 iters= 819
CONGRAD5: time = 4.722850e-01 (fn F) masses = 1 iters = 770 mflops = 2.229409e+03
 OK converged final_rsq= 5e-11 (cf 1e-10) rel = 1 (cf 0) restarts = 4 iters= 770
GFTIME:   time = 7.466292e-02 (Symanzik1) mflops = 2.360751e+03
FFTIME:  time = 1.691999e-01 (asqtad3) terms = 2 mflops = 2.954677e+03
CONGRAD5: time = 4.686899e-01 (fn F) masses = 1 iters = 762 mflops = 2.223169e+03
 OK converged final_rsq= 5e-11 (cf 1e-10) rel = 1 (cf 0) restarts = 4 iters= 762
CONGRAD5: time = 4.874320e-01 (fn F) masses = 1 iters = 784 mflops = 2.199405e+03
 OK converged final_rsq= 4.9e-11 (cf 1e-10) rel = 1 (cf 0) restarts = 4 iters= 784
GFTIME:   time = 5.977511e-02 (Symanzik1) mflops = 2.948729e+03
FFTIME:  time = 1.599681e-01 (asqtad3) terms = 2 mflops = 3.125192e+03
CONGRAD5: time = 5.756860e-01 (fn F) masses = 1 iters = 797 mflops = 1.893110e+03
 OK converged final_rsq= 4.9e-11 (cf 1e-10) rel = 1 (cf 0) restarts = 4 iters= 797
CONGRAD5: time = 5.103550e-01 (fn F) masses = 1 iters = 749 mflops = 2.006840e+03
 OK converged final_rsq= 1e-10 (cf 1e-10) rel = 1 (cf 0) restarts = 3 iters= 749
GFTIME:   time = 5.881691e-02 (Symanzik1) mflops = 2.996768e+03
FFTIME:  time = 1.447310e-01 (asqtad3) terms = 2 mflops = 3.454208e+03
CONGRAD5: time = 4.764168e-01 (fn F) masses = 1 iters = 783 mflops = 2.247387e+03
 OK converged final_rsq= 5e-11 (cf 1e-10) rel = 1 (cf 0) restarts = 4 iters= 783
CONGRAD5: time = 4.602320e-01 (fn F) masses = 1 iters = 750 mflops = 2.228372e+03
 OK converged final_rsq= 5e-11 (cf 1e-10) rel = 1 (cf 0) restarts = 4 iters= 750
GFTIME:   time = 8.171201e-02 (Symanzik1) mflops = 2.157096e+03
FFTIME:  time = 1.501601e-01 (asqtad3) terms = 2 mflops = 3.329321e+03
CONGRAD5: time = 4.977419e-01 (fn F) masses = 1 iters = 773 mflops = 2.123628e+03
 OK converged final_rsq= 9.9e-11 (cf 1e-10) rel = 1 (cf 0) restarts = 3 iters= 773
CONGRAD5: time = 4.801199e-01 (fn F) masses = 1 iters = 760 mflops = 2.164547e+03
 OK converged final_rsq= 5e-11 (cf 1e-10) rel = 1 (cf 0) restarts = 4 iters= 760
GFTIME:   time = 6.509399e-02 (Symanzik1) mflops = 2.707786e+03
FFTIME:  time = 1.747341e-01 (asqtad3) terms = 2 mflops = 2.861096e+03
CONGRAD5: time = 5.270021e-01 (fn F) masses = 1 iters = 737 mflops = 1.912310e+03
 OK converged final_rsq= 5e-11 (cf 1e-10) rel = 1 (cf 0) restarts = 4 iters= 737
CONGRAD5: time = 5.314109e-01 (fn F) masses = 1 iters = 798 mflops = 2.053410e+03
 OK converged final_rsq= 5e-11 (cf 1e-10) rel = 1 (cf 0) restarts = 4 iters= 798
GFTIME:   time = 5.946398e-02 (Symanzik1) mflops = 2.964158e+03
FFTIME:  time = 1.448500e-01 (asqtad3) terms = 2 mflops = 3.451371e+03
CONGRAD5: time = 5.000269e-01 (fn F) masses = 1 iters = 820 mflops = 2.242455e+03
 OK converged final_rsq= 5e-11 (cf 1e-10) rel = 1 (cf 0) restarts = 4 iters= 820
CONGRAD5: time = 5.253539e-01 (fn F) masses = 1 iters = 777 mflops = 2.022424e+03
 OK converged final_rsq= 4.9e-11 (cf 1e-10) rel = 1 (cf 0) restarts = 4 iters= 777
GFTIME:   time = 6.572914e-02 (Symanzik1) mflops = 2.681620e+03
FFTIME:  time = 1.550858e-01 (asqtad3) terms = 2 mflops = 3.223578e+03
CONGRAD5: time = 4.775882e-01 (fn F) masses = 1 iters = 774 mflops = 2.216106e+03
 OK converged final_rsq= 5e-11 (cf 1e-10) rel = 1 (cf 0) restarts = 4 iters= 774
CONGRAD5: time = 5.129440e-01 (fn F) masses = 1 iters = 775 mflops = 2.066022e+03
 OK converged final_rsq= 1e-10 (cf 1e-10) rel = 1 (cf 0) restarts = 3 iters= 775
GFTIME:   time = 6.986499e-02 (Symanzik1) mflops = 2.522875e+03
FFTIME:  time = 1.611440e-01 (asqtad3) terms = 2 mflops = 3.102387e+03
CONGRAD5: time = 5.963149e-01 (fn F) masses = 1 iters = 848 mflops = 1.944569e+03
 OK converged final_rsq= 5e-11 (cf 1e-10) rel = 1 (cf 0) restarts = 4 iters= 848
CONGRAD5: time = 4.565570e-01 (fn F) masses = 1 iters = 734 mflops = 2.198387e+03
 OK converged final_rsq= 5e-11 (cf 1e-10) rel = 1 (cf 0) restarts = 4 iters= 734
GFTIME:   time = 5.886889e-02 (Symanzik1) mflops = 2.994122e+03
FFTIME:  time = 1.434891e-01 (asqtad3) terms = 2 mflops = 3.484105e+03
CONGRAD5: time = 4.953370e-01 (fn F) masses = 1 iters = 808 mflops = 2.230559e+03
 OK converged final_rsq= 5e-11 (cf 1e-10) rel = 1 (cf 0) restarts = 4 iters= 808
CONGRAD5: time = 5.043831e-01 (fn F) masses = 1 iters = 743 mflops = 2.014334e+03
 OK converged final_rsq= 5e-11 (cf 1e-10) rel = 1 (cf 0) restarts = 4 iters= 743
GFTIME:   time = 6.363106e-02 (Symanzik1) mflops = 2.770041e+03
FFTIME:  time = 1.497180e-01 (asqtad3) terms = 2 mflops = 3.339151e+03
CONGRAD5: time = 4.857001e-01 (fn F) masses = 1 iters = 800 mflops = 2.252293e+03
 OK converged final_rsq= 5e-11 (cf 1e-10) rel = 1 (cf 0) restarts = 4 iters= 800
CONGRAD5: time = 4.893050e-01 (fn F) masses = 1 iters = 755 mflops = 2.109942e+03
 OK converged final_rsq= 5e-11 (cf 1e-10) rel = 1 (cf 0) restarts = 4 iters= 755
GFTIME:   time = 5.905700e-02 (Symanzik1) mflops = 2.984585e+03
FFTIME:  time = 1.514599e-01 (asqtad3) terms = 2 mflops = 3.300748e+03
CONGRAD5: time = 5.440819e-01 (fn F) masses = 1 iters = 795 mflops = 1.998049e+03
 OK converged final_rsq= 5e-11 (cf 1e-10) rel = 1 (cf 0) restarts = 4 iters= 795
CONGRAD5: time = 5.320871e-01 (fn F) masses = 1 iters = 759 mflops = 1.950573e+03
 OK converged final_rsq= 5e-11 (cf 1e-10) rel = 1 (cf 0) restarts = 4 iters= 759
GFTIME:   time = 6.115413e-02 (Symanzik1) mflops = 2.882236e+03
FFTIME:  time = 1.531930e-01 (asqtad3) terms = 2 mflops = 3.263407e+03
CONGRAD5: time = 4.697809e-01 (fn F) masses = 1 iters = 772 mflops = 2.247114e+03
 OK converged final_rsq= 5e-11 (cf 1e-10) rel = 1 (cf 0) restarts = 4 iters= 772
CONGRAD5: time = 4.671030e-01 (fn F) masses = 1 iters = 767 mflops = 2.245360e+03
 OK converged final_rsq= 5e-11 (cf 1e-10) rel = 1 (cf 0) restarts = 4 iters= 767
GFTIME:   time = 5.881405e-02 (Symanzik1) mflops = 2.996913e+03
FFTIME:  time = 1.463988e-01 (asqtad3) terms = 2 mflops = 3.414859e+03
PLAQ:	1.476697	1.477073
P_LOOP:	2.486254e-02	2.278989e-02
G_LOOP:  0  0  4   	1.475437e+00	( 0 1 7 6  )
G_LOOP:  0  1  4   	1.475616e+00	( 0 2 7 5  )
G_LOOP:  0  2  4   	1.481018e+00	( 0 3 7 4  )
G_LOOP:  0  3  4   	1.479037e+00	( 1 2 6 5  )
G_LOOP:  0  4  4   	1.473967e+00	( 1 3 6 4  )
G_LOOP:  0  5  4   	1.476234e+00	( 2 3 5 4  )
G_LOOP:  1  0  6   	7.134409e-01	( 0 0 1 7 7 6  )
G_LOOP:  1  1  6   	7.176435e-01	( 0 0 2 7 7 5  )
G_LOOP:  1  2  6   	7.225661e-01	( 0 0 3 7 7 4  )
G_LOOP:  1  3  6   	7.211161e-01	( 1 1 0 6 6 7  )
G_LOOP:  1  4  6   	7.214377e-01	( 1 1 2 6 6 5  )
G_LOOP:  1  5  6   	7.135637e-01	( 1 1 3 6 6 4  )
G_LOOP:  1  6  6   	7.193459e-01	( 2 2 0 5 5 7  )
G_LOOP:  1  7  6   	7.220931e-01	( 2 2 1 5 5 6  )
G_LOOP:  1  8  6   	7.200063e-01	( 2 2 3 5 5 4  )
G_LOOP:  1  9  6   	7.168352e-01	( 3 3 0 4 4 7  )
G_LOOP:  1  10  6   	7.190252e-01	( 3 3 1 4 4 6  )
G_LOOP:  1  11  6   	7.138585e-01	( 3 3 2 4 4 5  )
G_LOOP:  2  0  6   	7.357768e-01	( 0 1 2 7 6 5  )
G_LOOP:  2  1  6   	7.320123e-01	( 0 1 5 7 6 2  )
G_LOOP:  2  2  6   	7.364613e-01	( 0 6 2 7 1 5  )
G_LOOP:  2  3  6   	7.320867e-01	( 0 6 5 7 1 2  )
G_LOOP:  2  4  6   	7.361091e-01	( 0 1 3 7 6 4  )
G_LOOP:  2  5  6   	7.303063e-01	( 0 1 4 7 6 3  )
G_LOOP:  2  6  6   	7.390924e-01	( 0 6 3 7 1 4  )
G_LOOP:  2  7  6   	7.347055e-01	( 0 6 4 7 1 3  )
G_LOOP:  2  8  6   	7.348431e-01	( 0 2 3 7 5 4  )
G_LOOP:  2  9  6   	7.360243e-01	( 0 2 4 7 5 3  )
G_LOOP:  2  10  6   	7.385204e-01	( 0 5 3 7 2 4  )
G_LOOP:  2  11  6   	7.324487e-01	( 0 5 4 7 2 3  )
G_LOOP:  2  12  6   	7.403301e-01	( 1 2 3 6 5 4  )
G_LOOP:  2  13  6   	7.324345e-01	( 1 2 4 6 5 3  )
G_LOOP:  2  14  6   	7.357652e-01	( 1 5 3 6 2 4  )
G_LOOP:  2  15  6   	7.261701e-01	( 1 5 4 6 2 3  )
GACTION: 6.639620e+00
CONGRAD5: time = 5.132110e-01 (fn F) masses = 1 iters = 764 mflops = 2.035638e+03
 OK converged final_rsq= 5e-11 (cf 1e-10) rel = 1 (cf 0) restarts = 4 iters= 764
CONGRAD5: time = 4.716992e-02 (fn F) masses = 1 iters = 76 mflops = 2.203188e+03
 OK converged final_rsq= 9.9e-11 (cf 1e-10) rel = 1 (cf 0) restarts = 1 iters= 76
PBP: mass 1.000000e-02     6.420434e-02  6.865546e-02  7.113004e-03  7.106347e-03 ( 1 of 1 )
FACTION: mass = 1.000000e-02,  1.503057e+00 ( 1 of 1 )
CONGRAD5: time = 4.717779e-01 (fn F) masses = 1 iters = 764 mflops = 2.214415e+03
 OK converged final_rsq= 5e-11 (cf 1e-10) rel = 1 (cf 0) restarts = 4 iters= 764
CONGRAD5: time = 5.675602e-02 (fn F) masses = 1 iters = 77 mflops = 1.855163e+03
 OK converged final_rsq= 5e-11 (cf 1e-10) rel = 1 (cf 0) restarts = 2 iters= 77
PBP: mass 1.000000e-02     7.130495e-02  5.894589e-02  4.583319e-03  4.586109e-03 ( 1 of 1 )
FACTION: mass = 1.000000e-02,  1.488793e+00 ( 1 of 1 )
CONGRAD5: time = 5.517790e-01 (fn F) masses = 1 iters = 827 mflops = 2.049479e+03
 OK converged final_rsq= 4.9e-11 (cf 1e-10) rel = 1 (cf 0) restarts = 4 iters= 827
CONGRAD5: time = 5.542240e-01 (fn F) masses = 1 iters = 783 mflops = 1.931878e+03
 OK converged final_rsq= 5e-11 (cf 1e-10) rel = 1 (cf 0) restarts = 4 iters= 783
GFTIME:   time = 7.220888e-02 (Symanzik1) mflops = 2.440982e+03
FFTIME:  time = 1.620250e-01 (asqtad3) terms = 2 mflops = 3.085519e+03
CONGRAD5: time = 4.977071e-01 (fn F) masses = 1 iters = 818 mflops = 2.247412e+03
 OK converged final_rsq= 5e-11 (cf 1e-10) rel = 1 (cf 0) restarts = 4 iters= 818
CONGRAD5: time = 4.822590e-01 (fn F) masses = 1 iters = 792 mflops = 2.245681e+03
 OK converged final_rsq= 4.9e-11 (cf 1e-10) rel = 1 (cf 0) restarts = 4 iters= 792
GFTIME:   time = 5.880904e-02 (Symanzik1) mflops = 2.997168e+03
FFTIME:  time = 1.461451e-01 (asqtad3) terms = 2 mflops = 3.420786e+03
CONGRAD5: time = 5.410969e-01 (fn F) masses = 1 iters = 808 mflops = 2.041924e+03
 OK converged final_rsq= 4.9e-11 (cf 1e-10) rel = 1 (cf 0) restarts = 4 iters= 808
CONGRAD5: time = 4.538970e-01 (fn F) masses = 1 iters = 739 mflops = 2.226334e+03
 OK converged final_rsq= 5e-11 (cf 1e-10) rel = 1 (cf 0) restarts = 4 iters= 739
GFTIME:   time = 6.660986e-02 (Symanzik1) mflops = 2.646164e+03
FFTIME:  time = 1.557362e-01 (asqtad3) terms = 2 mflops = 3.210115e+03
CONGRAD5: time = 5.669780e-01 (fn F) masses = 1 iters = 791 mflops = 1.907715e+03
 OK converged final_rsq= 5e-11 (cf 1e-10) rel = 1 (cf 0) restarts = 4 iters= 791
CONGRAD5: time = 5.388298e-01 (fn F) masses = 1 iters = 781 mflops = 1.981995e+03
 OK converged final_rsq= 1e-10 (cf 1e-10) rel = 1 (cf 0) restarts = 3 iters= 781
GFTIME:   time = 5.870700e-02 (Symanzik1) mflops = 3.002378e+03
FFTIME:  time = 1.450610e-01 (asqtad3) terms = 2 mflops = 3.446351e+03
CONGRAD5: time = 4.653890e-01 (fn F) masses = 1 iters = 764 mflops = 2.244814e+03
 OK converged final_rsq= 4.9e-11 (cf 1e-10) rel = 1 (cf 0) restarts = 4 iters= 764
CONGRAD5: time = 4.653611e-01 (fn F) masses = 1 iters = 759 mflops = 2.230257e+03
 OK converged final_rsq= 5e-11 (cf 1e-10) rel = 1 (cf 0) restarts = 4 iters= 759
GFTIME:   time = 5.938816e-02 (Symanzik1) mflops = 2.967942e+03
FFTIME:  time = 2.051339e-01 (asqtad3) terms = 2 mflops = 2.437096e+03
CONGRAD5: time = 5.086410e-01 (fn F) masses = 1 iters = 805 mflops = 2.164152e+03
 OK converged final_rsq= 5e-11 (cf 1e-10) rel = 1 (cf 0) restarts = 4 iters= 805
CONGRAD5: time = 4.972930e-01 (fn F) masses = 1 iters = 763 mflops = 2.098048e+03
 OK converged final_rsq= 9.9e-11 (cf 1e-10) rel = 1 (cf 0) restarts = 3 iters= 763
GFTIME:   time = 6.870294e-02 (Symanzik1) mflops = 2.565547e+03
FFTIME:  time = 1.787210e-01 (asqtad3) terms = 2 mflops = 2.797272e+03
CONGRAD5: time = 5.564220e-01 (fn F) masses = 1 iters = 781 mflops = 1.919331e+03
 OK converged final_rsq= 4.9e-11 (cf 1e-10) rel = 1 (cf 0) restarts = 4 iters= 781
CONGRAD5: time = 4.761391e-01 (fn F) masses = 1 iters = 767 mflops = 2.202748e+03
 OK converged final_rsq= 5e-11 (cf 1e-10) rel = 1 (cf 0) restarts = 4 iters= 767
GFTIME:   time = 5.886507e-02 (Symanzik1) mflops = 2.994316e+03
FFTIME:  time = 1.438670e-01 (asqtad3) terms = 2 mflops = 3.474953e+03
CONGRAD5: time = 4.778790e-01 (fn F) masses = 1 iters = 785 mflops = 2.246233e+03
 OK converged final_rsq= 5e-11 (cf 1e-10) rel = 1 (cf 0) restarts = 4 iters= 785
CONGRAD5: time = 5.058761e-01 (fn F) masses = 1 iters = 764 mflops = 2.065154e+03
 OK converged final_rsq= 5e-11 (cf 1e-10) rel = 1 (cf 0) restarts = 4 iters= 764
GFTIME:   time = 6.235099e-02 (Symanzik1) mflops = 2.826910e+03
FFTIME:  time = 1.562760e-01 (asqtad3) terms = 2 mflops = 3.199027e+03
CONGRAD5: time = 5.076718e-01 (fn F) masses = 1 iters = 808 mflops = 2.176364e+03
 OK converged final_rsq= 5e-11 (cf 1e-10) rel = 1 (cf 0) restarts = 4 iters= 808
CONGRAD5: time = 4.915750e-01 (fn F) masses = 1 iters = 741 mflops = 2.061254e+03
 OK converged final_rsq= 1e-10 (cf 1e-10) rel = 1 (cf 0) restarts = 3 iters= 741
GFTIME:   time = 6.513619e-02 (Symanzik1) mflops = 2.706032e+03
FFTIME:  time = 1.695240e-01 (asqtad3) terms = 2 mflops = 2.949029e+03
CONGRAD5: time = 5.334711e-01 (fn F) masses = 1 iters = 777 mflops = 1.991651e+03
 OK converged final_rsq= 1e-10 (cf 1e-10) rel = 1 (cf 0) restarts = 3 iters= 777
CONGRAD5: time = 4.803140e-01 (fn F) masses = 1 iters = 774 mflops = 2.203530e+03
 OK converged final_rsq= 4.9e-11 (cf 1e-10) rel = 1 (cf 0) restarts = 4 iters= 774
GFTIME:   time = 5.873895e-02 (Symanzik1) mflops = 3.000745e+03
FFTIME:  time = 1.439879e-01 (asqtad3) terms = 2 mflops = 3.472036e+03
CONGRAD5: time = 4.908800e-01 (fn F) masses = 1 iters = 804 mflops = 2.239669e+03
 OK converged final_rsq= 5e-11 (cf 1e-10) rel = 1 (cf 0) restarts = 4 iters= 804
CONGRAD5: time = 6.331630e-01 (fn F) masses = 1 iters = 778 mflops = 1.680224e+03
 OK converged final_rsq= 5e-11 (cf 1e-10) rel = 1 (cf 0) restarts = 4 iters= 778
GFTIME:   time = 8.202887e-02 (Symanzik1) mflops = 2.148763e+03
FFTIME:  time = 1.691768e-01 (asqtad3) terms = 2 mflops = 2.955081e+03
CONGRAD5: time = 4.733121e-01 (fn F) masses = 1 iters = 757 mflops = 2.187013e+03
 OK converged final_rsq= 5e-11 (cf 1e-10) rel = 1 (cf 0) restarts = 4 iters= 757
CONGRAD5: time = 5.334489e-01 (fn F) masses = 1 iters = 770 mflops = 1.973791e+03
 OK converged final_rsq= 1e-10 (cf 1e-10) rel = 1 (cf 0) restarts = 3 iters= 770
GFTIME:   time = 7.111812e-02 (Symanzik1) mflops = 2.478421e+03
FFTIME:  time = 1.674581e-01 (asqtad3) terms = 2 mflops = 2.985411e+03
CONGRAD5: time = 5.231140e-01 (fn F) masses = 1 iters = 783 mflops = 2.046768e+03
 OK converged final_rsq= 4.9e-11 (cf 1e-10) rel = 1 (cf 0) restarts = 4 iters= 783
CONGRAD5: time = 4.800689e-01 (fn F) masses = 1 iters = 789 mflops = 2.247381e+03
 OK converged final_rsq= 5e-11 (cf 1e-10) rel = 1 (cf 0) restarts = 4 iters= 789
GFTIME:   time = 5.875182e-02 (Symanzik1) mflops = 3.000088e+03
FFTIME:  time = 1.434619e-01 (asqtad3) terms = 2 mflops = 3.484765e+03
CONGRAD5: time = 5.902121e-01 (fn F) masses = 1 iters = 818 mflops = 1.895171e+03
 OK converged final_rsq= 4.9e-11 (cf 1e-10) rel = 1 (cf 0) restarts = 4 iters= 818
CONGRAD5: time = 4.835470e-01 (fn F) masses = 1 iters = 741 mflops = 2.095476e+03
 OK converged final_rsq= 5e-11 (cf 1e-10) rel = 1 (cf 0) restarts = 4 iters= 741
GFTIME:   time = 7.790184e-02 (Symanzik1) mflops = 2.262599e+03
FFTIME:  time = 1.506381e-01 (asqtad3) terms = 2 mflops = 3.318756e+03
CONGRAD5: time = 5.002360e-01 (fn F) masses = 1 iters = 795 mflops = 2.173178e+03
 OK converged final_rsq= 5e-11 (cf 1e-10) rel = 1 (cf 0) restarts = 4 iters= 795
CONGRAD5: time = 5.493000e-01 (fn F) masses = 1 iters = 773 mflops = 1.924302e+03
 OK converged final_rsq= 5e-11 (cf 1e-10) rel = 1 (cf 0) restarts = 4 iters= 773
GFTIME:   time = 6.407881e-02 (Symanzik1) mflops = 2.750685e+03
FFTIME:  time = 1.738679e-01 (asqtad3) terms = 2 mflops = 2.875350e+03
PLAQ:	1.462236	1.460401
P_LOOP:	1.276701e-02	3.453969e-03
G_LOOP:  0  0  4   	1.463826e+00	( 0 1 7 6  )
G_LOOP:  0  1  4   	1.460304e+00	( 0 2 7 5  )
G_LOOP:  0  2  4   	1.464253e+00	( 0 3 7 4  )
G_LOOP:  0  3  4   	1.462579e+00	( 1 2 6 5  )
G_LOOP:  0  4  4   	1.456563e+00	( 1 3 6 4  )
G_LOOP:  0  5  4   	1.460386e+00	( 2 3 5 4  )
G_LOOP:  1  0  6   	7.017775e-01	( 0 0 1 7 7 6  )
G_LOOP:  1  1  6   	7.023723e-01	( 0 0 2 7 7 5  )
G_LOOP:  1  2  6   	7.037111e-01	( 0 0 3 7 7 4  )
G_LOOP:  1  3  6   	7.065365e-01	( 1 1 0 6 6 7  )
G_LOOP:  1  4  6   	6.995083e-01	( 1 1 2 6 6 5  )
G_LOOP:  1  5  6   	6.896880e-01	( 1 1 3 6 6 4  )
G_LOOP:  1  6  6   	7.042121e-01	( 2 2 0 5 5 7  )
G_LOOP:  1  7  6   	7.073770e-01	( 2 2 1 5 5 6  )
G_LOOP:  1  8  6   	7.045932e-01	( 2 2 3 5 5 4  )
G_LOOP:  1  9  6   	7.047967e-01	( 3 3 0 4 4 7  )
G_LOOP:  1  10  6   	6.928340e-01	( 3 3 1 4 4 6  )
G_LOOP:  1  11  6   	6.948841e-01	( 3 3 2 4 4 5  )
G_LOOP:  2  0  6   	7.152677e-01	( 0 1 2 7 6 5  )
G_LOOP:  2  1  6   	7.164710e-01	( 0 1 5 7 6 2  )
G_LOOP:  2  2  6   	7.173081e-01	( 0 6 2 7 1 5  )
G_LOOP:  2  3  6   	7.200611e-01	( 0 6 5 7 1 2  )
G_LOOP:  2  4  6   	7.170067e-01	( 0 1 3 7 6 4  )
G_LOOP:  2  5  6   	7.096881e-01	( 0 1 4 7 6 3  )
G_LOOP:  2  6  6   	7.169673e-01	( 0 6 3 7 1 4  )
G_LOOP:  2  7  6   	7.130129e-01	( 0 6 4 7 1 3  )
G_LOOP:  2  8  6   	7.180031e-01	( 0 2 3 7 5 4  )
G_LOOP:  2  9  6   	7.169947e-01	( 0 2 4 7 5 3  )
G_LOOP:  2  10  6   	7.161922e-01	( 0 5 3 7 2 4  )
G_LOOP:  2  11  6   	7.124404e-01	( 0 5 4 7 2 3  )
G_LOOP:  2  12  6   	7.211011e-01	( 1 2 3 6 5 4  )
G_LOOP:  2  13  6   	7.136098e-01	( 1 2 4 6 5 3  )
G_LOOP:  2  14  6   	7.140464e-01	( 1 5 3 6 2 4  )
G_LOOP:  2  15  6   	7.080867e-01	( 1 5 4 6 2 3  )
GACTION: 6.713659e+00
CONGRAD5: time = 4.813771e-01 (fn F) masses = 1 iters = 770 mflops = 2.187301e+03
 OK converged final_rsq= 5e-11 (cf 1e-10) rel = 1 (cf 0) restarts = 4 iters= 770
CONGRAD5: time = 4.471302e-02 (fn F) masses = 1 iters = 72 mflops = 2.201921e+03
 OK converged final_rsq= 9.8e-11 (cf 1e-10) rel = 1 (cf 0) restarts = 1 iters= 72
PBP: mass 1.000000e-02     7.277992e-02  6.930018e-02  9.039820e-03  9.040758e-03 ( 1 of 1 )
FACTION: mass = 1.000000e-02,  1.505396e+00 ( 1 of 1 )
CONGRAD5: time = 4.826901e-01 (fn F) masses = 1 iters = 793 mflops = 2.246508e+03
 OK converged final_rsq= 5e-11 (cf 1e-10) rel = 1 (cf 0) restarts = 4 iters= 793
CONGRAD5: time = 4.464102e-02 (fn F) masses = 1 iters = 72 mflops = 2.205472e+03
 OK converged final_rsq= 9.9e-11 (cf 1e-10) rel = 1 (cf 0) restarts = 1 iters= 72
PBP: mass 1.000000e-02     7.839385e-02  8.529664e-02  -1.602402e-03  -1.602854e-03 ( 1 of 1 )
FACTION: mass = 1.000000e-02,  1.499793e+00 ( 1 of 1 )
RUNNING COMPLETED
average cg iters for step= 1.555250e+03
Time = 8.493047e+01 seconds
total_iters = 194011
Checksums b129cef7 7d5651f0
Saved gauge configuration in parallel to binary file lat_p64_size64_2
Time stamp Wed May 18 20:38:52 2022
Wrote info file lat_p64_size64_2.info
Time to save = 2.131810e-01
CHECK PLAQ: 1.462236e+00 1.460401e+00
CHECK NERSC LINKTR: 1.448985e-01 CKSUM: 853ed984


get_i(0): EOF on input.
Elapsed total time: 92.554929
exit: Wed May 18 20:38:53 2022

