srun: Warning: can't honor --ntasks-per-node set to 32 which doesn't match the requested tasks 125 with the number of requested nodes 4. Ignoring --ntasks-per-node.
cpu-bind=MASK - ault03, task 74 11 [4146564]: mask 0x800000000800000 set
cpu-bind=MASK - ault03, task 67  4 [4146557]: mask 0x8000000008 set
cpu-bind=MASK - ault03, task 70  7 [4146560]: mask 0x200000000200000 set
cpu-bind=MASK - ault03, task 64  1 [4146554]: mask 0x40000000040000 set
cpu-bind=MASK - ault03, task 79 16 [4146569]: mask 0x200000000200 set
cpu-bind=MASK - ault03, task 66  3 [4146556]: mask 0x80000000080000 set
cpu-bind=MASK - ault03, task 68  5 [4146558]: mask 0x100000000100000 set
cpu-bind=MASK - ault03, task 85 22 [4146575]: mask 0x1000000001000 set
cpu-bind=MASK - ault03, task 87 24 [4146577]: mask 0x2000000002000 set
cpu-bind=MASK - ault03, task 91 28 [4146581]: mask 0x8000000008000 set
cpu-bind=MASK - ault03, task 72  9 [4146562]: mask 0x400000000400000 set
cpu-bind=MASK - ault03, task 75 12 [4146565]: mask 0x80000000080 set
cpu-bind=MASK - ault03, task 81 18 [4146571]: mask 0x400000000400 set
cpu-bind=MASK - ault03, task 89 26 [4146579]: mask 0x4000000004000 set
cpu-bind=MASK - ault03, task 90 27 [4146580]: mask 0x80000000080000000 set
cpu-bind=MASK - ault03, task 92 29 [4146582]: mask 0x100000000100000000 set
cpu-bind=MASK - ault03, task 63  0 [4146553]: mask 0x2000000002 set
cpu-bind=MASK - ault03, task 65  2 [4146555]: mask 0x4000000004 set
cpu-bind=MASK - ault03, task 69  6 [4146559]: mask 0x10000000010 set
cpu-bind=MASK - ault03, task 71  8 [4146561]: mask 0x20000000020 set
cpu-bind=MASK - ault03, task 73 10 [4146563]: mask 0x40000000040 set
cpu-bind=MASK - ault03, task 77 14 [4146567]: mask 0x100000000100 set
cpu-bind=MASK - ault03, task 78 15 [4146568]: mask 0x2000000002000000 set
cpu-bind=MASK - ault03, task 80 17 [4146570]: mask 0x4000000004000000 set
cpu-bind=MASK - ault03, task 82 19 [4146572]: mask 0x8000000008000000 set
cpu-bind=MASK - ault03, task 84 21 [4146574]: mask 0x10000000010000000 set
cpu-bind=MASK - ault03, task 86 23 [4146576]: mask 0x20000000020000000 set
cpu-bind=MASK - ault03, task 88 25 [4146578]: mask 0x40000000040000000 set
cpu-bind=MASK - ault03, task 76 13 [4146566]: mask 0x1000000001000000 set
cpu-bind=MASK - ault03, task 93 30 [4146583]: mask 0x10000000010000 set
cpu-bind=MASK - ault03, task 83 20 [4146573]: mask 0x800000000800 set
cpu-bind=MASK - ault02, task 36  4 [4085108]: mask 0x8000000008 set
cpu-bind=MASK - ault04, task 112 18 [2857015]: mask 0x400000000400 set
cpu-bind=MASK - ault02, task 35  3 [4085107]: mask 0x80000000080000 set
cpu-bind=MASK - ault04, task 95  1 [2856998]: mask 0x40000000040000 set
cpu-bind=MASK - ault02, task 34  2 [4085106]: mask 0x4000000004 set
cpu-bind=MASK - ault04, task 113 19 [2857016]: mask 0x8000000008000000 set
cpu-bind=MASK - ault02, task 39  7 [4085111]: mask 0x200000000200000 set
cpu-bind=MASK - ault04, task 119 25 [2857022]: mask 0x40000000040000000 set
cpu-bind=MASK - ault02, task 32  0 [4085104]: mask 0x2000000002 set
cpu-bind=MASK - ault04, task 97  3 [2857000]: mask 0x80000000080000 set
cpu-bind=MASK - ault02, task 33  1 [4085105]: mask 0x40000000040000 set
cpu-bind=MASK - ault04, task 101  7 [2857004]: mask 0x200000000200000 set
cpu-bind=MASK - ault02, task 43 11 [4085115]: mask 0x800000000800000 set
cpu-bind=MASK - ault04, task 102  8 [2857005]: mask 0x20000000020 set
cpu-bind=MASK - ault02, task 44 12 [4085116]: mask 0x80000000080 set
cpu-bind=MASK - ault04, task 104 10 [2857007]: mask 0x40000000040 set
cpu-bind=MASK - ault02, task 54 22 [4085126]: mask 0x1000000001000 set
cpu-bind=MASK - ault04, task 105 11 [2857008]: mask 0x800000000800000 set
cpu-bind=MASK - ault02, task 56 24 [4085128]: mask 0x2000000002000 set
cpu-bind=MASK - ault04, task 107 13 [2857010]: mask 0x1000000001000000 set
cpu-bind=MASK - ault02, task 57 25 [4085129]: mask 0x40000000040000000 set
cpu-bind=MASK - ault04, task 114 20 [2857017]: mask 0x800000000800 set
cpu-bind=MASK - ault02, task 61 29 [4085133]: mask 0x100000000100000000 set
cpu-bind=MASK - ault04, task 94  0 [2856997]: mask 0x2000000002 set
cpu-bind=MASK - ault02, task 62 30 [4085134]: mask 0x10000000010000 set
cpu-bind=MASK - ault04, task 96  2 [2856999]: mask 0x4000000004 set
cpu-bind=MASK - ault02, task 37  5 [4085109]: mask 0x100000000100000 set
cpu-bind=MASK - ault04, task 100  6 [2857003]: mask 0x10000000010 set
cpu-bind=MASK - ault02, task 40  8 [4085112]: mask 0x20000000020 set
cpu-bind=MASK - ault04, task 103  9 [2857006]: mask 0x400000000400000 set
cpu-bind=MASK - ault02, task 42 10 [4085114]: mask 0x40000000040 set
cpu-bind=MASK - ault04, task 106 12 [2857009]: mask 0x80000000080 set
cpu-bind=MASK - ault02, task 45 13 [4085117]: mask 0x1000000001000000 set
cpu-bind=MASK - ault04, task 109 15 [2857012]: mask 0x2000000002000000 set
cpu-bind=MASK - ault02, task 46 14 [4085118]: mask 0x100000000100 set
cpu-bind=MASK - ault04, task 115 21 [2857018]: mask 0x10000000010000000 set
cpu-bind=MASK - ault02, task 47 15 [4085119]: mask 0x2000000002000000 set
cpu-bind=MASK - ault04, task 116 22 [2857019]: mask 0x1000000001000 set
cpu-bind=MASK - ault02, task 48 16 [4085120]: mask 0x200000000200 set
cpu-bind=MASK - ault04, task 117 23 [2857020]: mask 0x20000000020000000 set
cpu-bind=MASK - ault02, task 49 17 [4085121]: mask 0x4000000004000000 set
cpu-bind=MASK - ault04, task 118 24 [2857021]: mask 0x2000000002000 set
cpu-bind=MASK - ault02, task 51 19 [4085123]: mask 0x8000000008000000 set
cpu-bind=MASK - ault04, task 121 27 [2857024]: mask 0x80000000080000000 set
cpu-bind=MASK - ault02, task 52 20 [4085124]: mask 0x800000000800 set
cpu-bind=MASK - ault04, task 122 28 [2857025]: mask 0x8000000008000 set
cpu-bind=MASK - ault02, task 53 21 [4085125]: mask 0x10000000010000000 set
cpu-bind=MASK - ault04, task 123 29 [2857026]: mask 0x100000000100000000 set
cpu-bind=MASK - ault02, task 55 23 [4085127]: mask 0x20000000020000000 set
cpu-bind=MASK - ault04, task 124 30 [2857027]: mask 0x10000000010000 set
cpu-bind=MASK - ault02, task 58 26 [4085130]: mask 0x4000000004000 set
cpu-bind=MASK - ault04, task 98  4 [2857001]: mask 0x8000000008 set
cpu-bind=MASK - ault02, task 59 27 [4085131]: mask 0x80000000080000000 set
cpu-bind=MASK - ault04, task 108 14 [2857011]: mask 0x100000000100 set
cpu-bind=MASK - ault02, task 60 28 [4085132]: mask 0x8000000008000 set
cpu-bind=MASK - ault04, task 110 16 [2857013]: mask 0x200000000200 set
cpu-bind=MASK - ault02, task 38  6 [4085110]: mask 0x10000000010 set
cpu-bind=MASK - ault04, task 111 17 [2857014]: mask 0x4000000004000000 set
cpu-bind=MASK - ault02, task 50 18 [4085122]: mask 0x400000000400 set
cpu-bind=MASK - ault04, task 99  5 [2857002]: mask 0x100000000100000 set
cpu-bind=MASK - ault02, task 41  9 [4085113]: mask 0x400000000400000 set
cpu-bind=MASK - ault04, task 120 26 [2857023]: mask 0x4000000004000 set
cpu-bind=MASK - ault01, task  3  3 [64024]: mask 0x80000000080000 set
cpu-bind=MASK - ault01, task  7  7 [64028]: mask 0x200000000200000 set
cpu-bind=MASK - ault01, task 15 15 [64036]: mask 0x2000000002000000 set
cpu-bind=MASK - ault01, task  0  0 [64021]: mask 0x2000000002 set
cpu-bind=MASK - ault01, task  8  8 [64029]: mask 0x20000000020 set
cpu-bind=MASK - ault01, task 11 11 [64032]: mask 0x800000000800000 set
cpu-bind=MASK - ault01, task 18 18 [64039]: mask 0x400000000400 set
cpu-bind=MASK - ault01, task  1  1 [64022]: mask 0x40000000040000 set
cpu-bind=MASK - ault01, task  2  2 [64023]: mask 0x4000000004 set
cpu-bind=MASK - ault01, task  6  6 [64027]: mask 0x10000000010 set
cpu-bind=MASK - ault01, task  9  9 [64030]: mask 0x400000000400000 set
cpu-bind=MASK - ault01, task 12 12 [64033]: mask 0x80000000080 set
cpu-bind=MASK - ault01, task 14 14 [64035]: mask 0x100000000100 set
cpu-bind=MASK - ault01, task 19 19 [64040]: mask 0x8000000008000000 set
cpu-bind=MASK - ault01, task 21 21 [64042]: mask 0x10000000010000000 set
cpu-bind=MASK - ault01, task 25 25 [64046]: mask 0x40000000040000000 set
cpu-bind=MASK - ault01, task 26 26 [64047]: mask 0x4000000004000 set
cpu-bind=MASK - ault01, task 27 27 [64048]: mask 0x80000000080000000 set
cpu-bind=MASK - ault01, task 28 28 [64049]: mask 0x8000000008000 set
cpu-bind=MASK - ault01, task 29 29 [64050]: mask 0x100000000100000000 set
cpu-bind=MASK - ault01, task 30 30 [64051]: mask 0x10000000010000 set
cpu-bind=MASK - ault01, task 31 31 [64052]: mask 0x20000000020000 set
cpu-bind=MASK - ault01, task  4  4 [64025]: mask 0x8000000008 set
cpu-bind=MASK - ault01, task  5  5 [64026]: mask 0x100000000100000 set
cpu-bind=MASK - ault01, task 10 10 [64031]: mask 0x40000000040 set
cpu-bind=MASK - ault01, task 13 13 [64034]: mask 0x1000000001000000 set
cpu-bind=MASK - ault01, task 16 16 [64037]: mask 0x200000000200 set
cpu-bind=MASK - ault01, task 17 17 [64038]: mask 0x4000000004000000 set
cpu-bind=MASK - ault01, task 22 22 [64043]: mask 0x1000000001000 set
cpu-bind=MASK - ault01, task 23 23 [64044]: mask 0x20000000020000000 set
cpu-bind=MASK - ault01, task 24 24 [64045]: mask 0x2000000002000 set
cpu-bind=MASK - ault01, task 20 20 [64041]: mask 0x800000000800 set
Running problem size 20^3 per domain until completion
Num processors: 125
Num threads: 1
Total number of elements: 1000000 

To run other sizes, use -s <integer>.
To run a fixed number of iterations, use -i <integer>.
To run a more or less balanced region set, use -b <integer>.
To change the relative costs of regions, use -c <integer>.
To print out progress, use -p
To write an output file for VisIt, use -v
See help (-h) for more options

Run completed:
   Problem size        =  20
   MPI tasks           =  125
   Iteration count     =  3517
   Final Origin Energy =  1.791828e+06
   Testing Plane 0 of Energy Array on rank 0:
        MaxAbsDiff   = 1.135049e-09
        TotalAbsDiff = 1.028366e-08
        MaxRelDiff   = 2.474559e-14

Elapsed time         = 134.9640497 (s)
Grind time (us/z/c)  =  4.7968457 (per dom)  ( 134.96405 overall)
FOM                  =  26058.791 (z/s)

