srun: Warning: can't honor --ntasks-per-node set to 32 which doesn't match the requested tasks 125 with the number of requested nodes 4. Ignoring --ntasks-per-node.
cpu-bind=MASK - ault03, task 76 13 [4139498]: mask 0x1000000001000000 set
cpu-bind=MASK - ault03, task 75 12 [4139497]: mask 0x80000000080 set
cpu-bind=MASK - ault03, task 66  3 [4139488]: mask 0x80000000080000 set
cpu-bind=MASK - ault03, task 68  5 [4139490]: mask 0x100000000100000 set
cpu-bind=MASK - ault03, task 86 23 [4139508]: mask 0x20000000020000000 set
cpu-bind=MASK - ault03, task 74 11 [4139496]: mask 0x800000000800000 set
cpu-bind=MASK - ault03, task 79 16 [4139501]: mask 0x200000000200 set
cpu-bind=MASK - ault03, task 64  1 [4139486]: mask 0x40000000040000 set
cpu-bind=MASK - ault03, task 88 25 [4139510]: mask 0x40000000040000000 set
cpu-bind=MASK - ault03, task 73 10 [4139495]: mask 0x40000000040 set
cpu-bind=MASK - ault03, task 77 14 [4139499]: mask 0x100000000100 set
cpu-bind=MASK - ault03, task 82 19 [4139504]: mask 0x8000000008000000 set
cpu-bind=MASK - ault03, task 87 24 [4139509]: mask 0x2000000002000 set
cpu-bind=MASK - ault03, task 69  6 [4139491]: mask 0x10000000010 set
cpu-bind=MASK - ault03, task 92 29 [4139514]: mask 0x100000000100000000 set
cpu-bind=MASK - ault03, task 65  2 [4139487]: mask 0x4000000004 set
cpu-bind=MASK - ault03, task 67  4 [4139489]: mask 0x8000000008 set
cpu-bind=MASK - ault03, task 70  7 [4139492]: mask 0x200000000200000 set
cpu-bind=MASK - ault03, task 72  9 [4139494]: mask 0x400000000400000 set
cpu-bind=MASK - ault03, task 80 17 [4139502]: mask 0x4000000004000000 set
cpu-bind=MASK - ault03, task 84 21 [4139506]: mask 0x10000000010000000 set
cpu-bind=MASK - ault03, task 89 26 [4139511]: mask 0x4000000004000 set
cpu-bind=MASK - ault03, task 63  0 [4139485]: mask 0x2000000002 set
cpu-bind=MASK - ault03, task 81 18 [4139503]: mask 0x400000000400 set
cpu-bind=MASK - ault03, task 83 20 [4139505]: mask 0x800000000800 set
cpu-bind=MASK - ault03, task 85 22 [4139507]: mask 0x1000000001000 set
cpu-bind=MASK - ault03, task 90 27 [4139512]: mask 0x80000000080000000 set
cpu-bind=MASK - ault03, task 91 28 [4139513]: mask 0x8000000008000 set
cpu-bind=MASK - ault03, task 93 30 [4139515]: mask 0x10000000010000 set
cpu-bind=MASK - ault03, task 71  8 [4139493]: mask 0x20000000020 set
cpu-bind=MASK - ault03, task 78 15 [4139500]: mask 0x2000000002000000 set
cpu-bind=MASK - ault02, task 33  1 [4078156]: mask 0x40000000040000 set
cpu-bind=MASK - ault02, task 51 19 [4078174]: mask 0x8000000008000000 set
cpu-bind=MASK - ault02, task 53 21 [4078176]: mask 0x10000000010000000 set
cpu-bind=MASK - ault02, task 37  5 [4078160]: mask 0x100000000100000 set
cpu-bind=MASK - ault02, task 40  8 [4078163]: mask 0x20000000020 set
cpu-bind=MASK - ault02, task 62 30 [4078185]: mask 0x10000000010000 set
cpu-bind=MASK - ault02, task 32  0 [4078155]: mask 0x2000000002 set
cpu-bind=MASK - ault02, task 34  2 [4078157]: mask 0x4000000004 set
cpu-bind=MASK - ault02, task 36  4 [4078159]: mask 0x8000000008 set
cpu-bind=MASK - ault02, task 38  6 [4078161]: mask 0x10000000010 set
cpu-bind=MASK - ault02, task 39  7 [4078162]: mask 0x200000000200000 set
cpu-bind=MASK - ault02, task 41  9 [4078164]: mask 0x400000000400000 set
cpu-bind=MASK - ault02, task 42 10 [4078165]: mask 0x40000000040 set
cpu-bind=MASK - ault02, task 43 11 [4078166]: mask 0x800000000800000 set
cpu-bind=MASK - ault02, task 44 12 [4078167]: mask 0x80000000080 set
cpu-bind=MASK - ault02, task 45 13 [4078168]: mask 0x1000000001000000 set
cpu-bind=MASK - ault02, task 46 14 [4078169]: mask 0x100000000100 set
cpu-bind=MASK - ault02, task 47 15 [4078170]: mask 0x2000000002000000 set
cpu-bind=MASK - ault02, task 48 16 [4078171]: mask 0x200000000200 set
cpu-bind=MASK - ault02, task 49 17 [4078172]: mask 0x4000000004000000 set
cpu-bind=MASK - ault02, task 50 18 [4078173]: mask 0x400000000400 set
cpu-bind=MASK - ault02, task 52 20 [4078175]: mask 0x800000000800 set
cpu-bind=MASK - ault02, task 54 22 [4078177]: mask 0x1000000001000 set
cpu-bind=MASK - ault02, task 55 23 [4078178]: mask 0x20000000020000000 set
cpu-bind=MASK - ault02, task 56 24 [4078179]: mask 0x2000000002000 set
cpu-bind=MASK - ault02, task 57 25 [4078180]: mask 0x40000000040000000 set
cpu-bind=MASK - ault02, task 58 26 [4078181]: mask 0x4000000004000 set
cpu-bind=MASK - ault02, task 59 27 [4078182]: mask 0x80000000080000000 set
cpu-bind=MASK - ault02, task 60 28 [4078183]: mask 0x8000000008000 set
cpu-bind=MASK - ault02, task 61 29 [4078184]: mask 0x100000000100000000 set
cpu-bind=MASK - ault02, task 35  3 [4078158]: mask 0x80000000080000 set
cpu-bind=MASK - ault04, task 95  1 [2849949]: mask 0x40000000040000 set
cpu-bind=MASK - ault04, task 111 17 [2849965]: mask 0x4000000004000000 set
cpu-bind=MASK - ault04, task 115 21 [2849969]: mask 0x10000000010000000 set
cpu-bind=MASK - ault04, task 97  3 [2849951]: mask 0x80000000080000 set
cpu-bind=MASK - ault04, task 100  6 [2849954]: mask 0x10000000010 set
cpu-bind=MASK - ault04, task 104 10 [2849958]: mask 0x40000000040 set
cpu-bind=MASK - ault04, task 94  0 [2849948]: mask 0x2000000002 set
cpu-bind=MASK - ault04, task 96  2 [2849950]: mask 0x4000000004 set
cpu-bind=MASK - ault04, task 98  4 [2849952]: mask 0x8000000008 set
cpu-bind=MASK - ault04, task 99  5 [2849953]: mask 0x100000000100000 set
cpu-bind=MASK - ault04, task 101  7 [2849955]: mask 0x200000000200000 set
cpu-bind=MASK - ault04, task 102  8 [2849956]: mask 0x20000000020 set
cpu-bind=MASK - ault04, task 105 11 [2849959]: mask 0x800000000800000 set
cpu-bind=MASK - ault04, task 108 14 [2849962]: mask 0x100000000100 set
cpu-bind=MASK - ault04, task 110 16 [2849964]: mask 0x200000000200 set
cpu-bind=MASK - ault04, task 112 18 [2849966]: mask 0x400000000400 set
cpu-bind=MASK - ault04, task 113 19 [2849967]: mask 0x8000000008000000 set
cpu-bind=MASK - ault04, task 114 20 [2849968]: mask 0x800000000800 set
cpu-bind=MASK - ault04, task 118 24 [2849972]: mask 0x2000000002000 set
cpu-bind=MASK - ault04, task 119 25 [2849973]: mask 0x40000000040000000 set
cpu-bind=MASK - ault04, task 121 27 [2849975]: mask 0x80000000080000000 set
cpu-bind=MASK - ault04, task 122 28 [2849976]: mask 0x8000000008000 set
cpu-bind=MASK - ault04, task 123 29 [2849977]: mask 0x100000000100000000 set
cpu-bind=MASK - ault04, task 124 30 [2849978]: mask 0x10000000010000 set
cpu-bind=MASK - ault04, task 103  9 [2849957]: mask 0x400000000400000 set
cpu-bind=MASK - ault04, task 106 12 [2849960]: mask 0x80000000080 set
cpu-bind=MASK - ault04, task 107 13 [2849961]: mask 0x1000000001000000 set
cpu-bind=MASK - ault04, task 109 15 [2849963]: mask 0x2000000002000000 set
cpu-bind=MASK - ault04, task 116 22 [2849970]: mask 0x1000000001000 set
cpu-bind=MASK - ault04, task 117 23 [2849971]: mask 0x20000000020000000 set
cpu-bind=MASK - ault04, task 120 26 [2849974]: mask 0x4000000004000 set
cpu-bind=MASK - ault01, task  1  1 [56478]: mask 0x40000000040000 set
cpu-bind=MASK - ault01, task  7  7 [56484]: mask 0x200000000200000 set
cpu-bind=MASK - ault01, task 15 15 [56492]: mask 0x2000000002000000 set
cpu-bind=MASK - ault01, task  5  5 [56482]: mask 0x100000000100000 set
cpu-bind=MASK - ault01, task 25 25 [56502]: mask 0x40000000040000000 set
cpu-bind=MASK - ault01, task  0  0 [56477]: mask 0x2000000002 set
cpu-bind=MASK - ault01, task  3  3 [56480]: mask 0x80000000080000 set
cpu-bind=MASK - ault01, task  6  6 [56483]: mask 0x10000000010 set
cpu-bind=MASK - ault01, task 26 26 [56503]: mask 0x4000000004000 set
cpu-bind=MASK - ault01, task 29 29 [56506]: mask 0x100000000100000000 set
cpu-bind=MASK - ault01, task  2  2 [56479]: mask 0x4000000004 set
cpu-bind=MASK - ault01, task  4  4 [56481]: mask 0x8000000008 set
cpu-bind=MASK - ault01, task  8  8 [56485]: mask 0x20000000020 set
cpu-bind=MASK - ault01, task 10 10 [56487]: mask 0x40000000040 set
cpu-bind=MASK - ault01, task 12 12 [56489]: mask 0x80000000080 set
cpu-bind=MASK - ault01, task 16 16 [56493]: mask 0x200000000200 set
cpu-bind=MASK - ault01, task 18 18 [56495]: mask 0x400000000400 set
cpu-bind=MASK - ault01, task 22 22 [56499]: mask 0x1000000001000 set
cpu-bind=MASK - ault01, task 23 23 [56500]: mask 0x20000000020000000 set
cpu-bind=MASK - ault01, task 24 24 [56501]: mask 0x2000000002000 set
cpu-bind=MASK - ault01, task 27 27 [56504]: mask 0x80000000080000000 set
cpu-bind=MASK - ault01, task 28 28 [56505]: mask 0x8000000008000 set
cpu-bind=MASK - ault01, task 30 30 [56507]: mask 0x10000000010000 set
cpu-bind=MASK - ault01, task 11 11 [56488]: mask 0x800000000800000 set
cpu-bind=MASK - ault01, task 13 13 [56490]: mask 0x1000000001000000 set
cpu-bind=MASK - ault01, task 14 14 [56491]: mask 0x100000000100 set
cpu-bind=MASK - ault01, task 19 19 [56496]: mask 0x8000000008000000 set
cpu-bind=MASK - ault01, task 20 20 [56497]: mask 0x800000000800 set
cpu-bind=MASK - ault01, task 21 21 [56498]: mask 0x10000000010000000 set
cpu-bind=MASK - ault01, task 31 31 [56508]: mask 0x20000000020000 set
cpu-bind=MASK - ault01, task 17 17 [56494]: mask 0x4000000004000000 set
cpu-bind=MASK - ault01, task  9  9 [56486]: mask 0x400000000400000 set
Running problem size 18^3 per domain until completion
Num processors: 125
Num threads: 1
Total number of elements: 729000 

To run other sizes, use -s <integer>.
To run a fixed number of iterations, use -i <integer>.
To run a more or less balanced region set, use -b <integer>.
To change the relative costs of regions, use -c <integer>.
To print out progress, use -p
To write an output file for VisIt, use -v
See help (-h) for more options

Run completed:
   Problem size        =  18
   MPI tasks           =  125
   Iteration count     =  3145
   Final Origin Energy =  1.482403e+06
   Testing Plane 0 of Energy Array on rank 0:
        MaxAbsDiff   = 1.629815e-09
        TotalAbsDiff = 8.115194e-09
        MaxRelDiff   = 2.613022e-14

Elapsed time         = 92.02770759 (s)
Grind time (us/z/c)  =  5.0174198 (per dom)  ( 92.027708 overall)
FOM                  =  24913.203 (z/s)

