SU3 with improved KS action
Microcanonical simulation with refreshing
R algorithm
MIMD version 7.8.1
Machine = MPI (portable), with 32 nodes
Host(0) = ault03.cscs.ch
Username = mcopik
Options selected...
Generic single precision
C_GLOBAL_INLINE
DBLSTORE_FN
D_FN_GATHER13
FEWSUMS
KS_MULTIFF=FNMAT
VECLENGTH=4
type 0 for no prompts, 1 for prompts, or 2 for proofreading
nflavors1 2
nflavors2 1
nx 24
ny 16
nz 8
nt 36
iseed 5682304
LAYOUT = Hypercubes, options = hyper_prime,
automatic hyper_prime layout
ON EACH NODE 6 x 8 x 8 x 9
Mallocing 3.4 MBytes per node for lattice
WARNING!!: Resetting random seed
Made lattice
Made nn gathers
Made 3nn gathers
Finished setup


warms 0
trajecs 4
traj_between_meas 1
beta 5.6
mass1 0.125
mass2 0.125
u0 0.8441
microcanonical_time_step 0.2
steps_per_trajectory 5
max_cg_iterations 100
max_cg_restarts 5
error_per_site 0.125
error_for_propagator 0.125
npbp_reps 1
prec_pbp 1
fresh 
save_parallel lat_p64_size128_1
unit gauge configuration loaded
CHECK PLAQ: 3.000000e+00 3.000000e+00
CHECK NERSC LINKTR: 1.000000e+00 CKSUM: 0
Unitarity checked.  Max deviation 0.00e+00
Time to check unitarity = 7.898808e-04
"O(a^2): couplings(pi)=0, Naik term, No O(a^2) errors, tadpole weights"
path coefficients: npath  path_coeff  multiplicity
                    0      6.250000e-01     8
                    1      -5.847914e-02     8
                    2      -8.771871e-02     48
                    3      3.077829e-02     192
                    4      -7.199551e-03     384
                    5      -1.231132e-01     48
Symanzik 1x1 + 1x2 + 1x1x1 action
gauge_action: total_dyn_flavors = 3
loop coefficients: nloop rep loop_coeff  multiplicity
                    0 0      1.000000e+00     6
                    1 0      -7.762509e-02     12
                    2 0      -1.031171e-02     16
WARMUPS COMPLETED
CONGRAD5: time = 7.003069e-03 (fn F) masses = 1 iters = 4 mflops = 2.343128e+03
 OK converged final_rsq= 0.006 (cf 0.016) rel = 1 (cf 0) restarts = 1 iters= 4
CONGRAD5: time = 6.627798e-03 (fn F) masses = 1 iters = 4 mflops = 2.475798e+03
 OK converged final_rsq= 0.0059 (cf 0.016) rel = 1 (cf 0) restarts = 1 iters= 4
GFTIME:   time = 1.346819e-01 (Symanzik1) mflops = 3.926152e+03
FFTIME:  time = 5.017829e-01 (asqtad3) terms = 2 mflops = 2.988929e+03
CONGRAD5: time = 6.803036e-03 (fn F) masses = 1 iters = 4 mflops = 2.412024e+03
 OK converged final_rsq= 0.01 (cf 0.016) rel = 1 (cf 0) restarts = 1 iters= 4
CONGRAD5: time = 6.649971e-03 (fn F) masses = 1 iters = 4 mflops = 2.467543e+03
 OK converged final_rsq= 0.0098 (cf 0.016) rel = 1 (cf 0) restarts = 1 iters= 4
GFTIME:   time = 1.338830e-01 (Symanzik1) mflops = 3.949582e+03
FFTIME:  time = 5.019860e-01 (asqtad3) terms = 2 mflops = 2.987719e+03
CONGRAD5: time = 6.906033e-03 (fn F) masses = 1 iters = 4 mflops = 2.376051e+03
 OK converged final_rsq= 0.014 (cf 0.016) rel = 1 (cf 0) restarts = 1 iters= 4
CONGRAD5: time = 6.678104e-03 (fn F) masses = 1 iters = 4 mflops = 2.457148e+03
 OK converged final_rsq= 0.014 (cf 0.016) rel = 1 (cf 0) restarts = 1 iters= 4
GFTIME:   time = 1.342349e-01 (Symanzik1) mflops = 3.939227e+03
FFTIME:  time = 5.005188e-01 (asqtad3) terms = 2 mflops = 2.996478e+03
CONGRAD5: time = 6.821871e-03 (fn F) masses = 1 iters = 4 mflops = 2.405365e+03
 OK converged final_rsq= 0.013 (cf 0.016) rel = 1 (cf 0) restarts = 1 iters= 4
CONGRAD5: time = 6.664991e-03 (fn F) masses = 1 iters = 4 mflops = 2.461982e+03
 OK converged final_rsq= 0.013 (cf 0.016) rel = 1 (cf 0) restarts = 1 iters= 4
GFTIME:   time = 1.342499e-01 (Symanzik1) mflops = 3.938787e+03
FFTIME:  time = 5.013740e-01 (asqtad3) terms = 2 mflops = 2.991367e+03
CONGRAD5: time = 6.886005e-03 (fn F) masses = 1 iters = 4 mflops = 2.382962e+03
 OK converged final_rsq= 0.011 (cf 0.016) rel = 1 (cf 0) restarts = 1 iters= 4
CONGRAD5: time = 6.639004e-03 (fn F) masses = 1 iters = 4 mflops = 2.471619e+03
 OK converged final_rsq= 0.011 (cf 0.016) rel = 1 (cf 0) restarts = 1 iters= 4
GFTIME:   time = 1.345880e-01 (Symanzik1) mflops = 3.928893e+03
FFTIME:  time = 5.028131e-01 (asqtad3) terms = 2 mflops = 2.982805e+03
PLAQ:	2.349198	2.348190
P_LOOP:	2.786892e-03	-1.250431e-02
G_LOOP:  0  0  4   	2.348389e+00	( 0 1 7 6  )
G_LOOP:  0  1  4   	2.349309e+00	( 0 2 7 5  )
G_LOOP:  0  2  4   	2.348361e+00	( 0 3 7 4  )
G_LOOP:  0  3  4   	2.349895e+00	( 1 2 6 5  )
G_LOOP:  0  4  4   	2.348625e+00	( 1 3 6 4  )
G_LOOP:  0  5  4   	2.347583e+00	( 2 3 5 4  )
G_LOOP:  1  0  6   	1.773790e+00	( 0 0 1 7 7 6  )
G_LOOP:  1  1  6   	1.776646e+00	( 0 0 2 7 7 5  )
G_LOOP:  1  2  6   	1.774103e+00	( 0 0 3 7 7 4  )
G_LOOP:  1  3  6   	1.776491e+00	( 1 1 0 6 6 7  )
G_LOOP:  1  4  6   	1.777582e+00	( 1 1 2 6 6 5  )
G_LOOP:  1  5  6   	1.775662e+00	( 1 1 3 6 6 4  )
G_LOOP:  1  6  6   	1.775503e+00	( 2 2 0 5 5 7  )
G_LOOP:  1  7  6   	1.778237e+00	( 2 2 1 5 5 6  )
G_LOOP:  1  8  6   	1.771448e+00	( 2 2 3 5 5 4  )
G_LOOP:  1  9  6   	1.773505e+00	( 3 3 0 4 4 7  )
G_LOOP:  1  10  6   	1.774021e+00	( 3 3 1 4 4 6  )
G_LOOP:  1  11  6   	1.774669e+00	( 3 3 2 4 4 5  )
G_LOOP:  2  0  6   	1.825091e+00	( 0 1 2 7 6 5  )
G_LOOP:  2  1  6   	1.823287e+00	( 0 1 5 7 6 2  )
G_LOOP:  2  2  6   	1.821088e+00	( 0 6 2 7 1 5  )
G_LOOP:  2  3  6   	1.822105e+00	( 0 6 5 7 1 2  )
G_LOOP:  2  4  6   	1.824212e+00	( 0 1 3 7 6 4  )
G_LOOP:  2  5  6   	1.820812e+00	( 0 1 4 7 6 3  )
G_LOOP:  2  6  6   	1.819790e+00	( 0 6 3 7 1 4  )
G_LOOP:  2  7  6   	1.820252e+00	( 0 6 4 7 1 3  )
G_LOOP:  2  8  6   	1.823634e+00	( 0 2 3 7 5 4  )
G_LOOP:  2  9  6   	1.819915e+00	( 0 2 4 7 5 3  )
G_LOOP:  2  10  6   	1.821587e+00	( 0 5 3 7 2 4  )
G_LOOP:  2  11  6   	1.821800e+00	( 0 5 4 7 2 3  )
G_LOOP:  2  12  6   	1.820839e+00	( 1 2 3 6 5 4  )
G_LOOP:  2  13  6   	1.823189e+00	( 1 2 4 6 5 3  )
G_LOOP:  2  14  6   	1.819091e+00	( 1 5 3 6 2 4  )
G_LOOP:  2  15  6   	1.822278e+00	( 1 5 4 6 2 3  )
GACTION: 2.572492e+00
CONGRAD5: time = 6.720066e-03 (fn F) masses = 1 iters = 4 mflops = 2.441805e+03
 OK converged final_rsq= 0.01 (cf 0.016) rel = 1 (cf 0) restarts = 1 iters= 4
CONGRAD5: time = 8.633852e-03 (fn F) masses = 1 iters = 6 mflops = 2.850829e+03
 OK converged final_rsq= 0.0087 (cf 0.016) rel = 1 (cf 0) restarts = 1 iters= 6
PBP: mass 1.250000e-01     6.806275e-02  1.030895e-01  8.483080e-04  9.597723e-04 ( 1 of 1 )
FACTION: mass = 1.250000e-01,  1.463830e+00 ( 1 of 1 )
CONGRAD5: time = 6.727934e-03 (fn F) masses = 1 iters = 4 mflops = 2.438949e+03
 OK converged final_rsq= 0.01 (cf 0.016) rel = 1 (cf 0) restarts = 1 iters= 4
CONGRAD5: time = 8.641005e-03 (fn F) masses = 1 iters = 6 mflops = 2.848469e+03
 OK converged final_rsq= 0.0085 (cf 0.016) rel = 1 (cf 0) restarts = 1 iters= 6
PBP: mass 1.250000e-01     6.882193e-02  1.016555e-01  -1.014163e-03  -6.058347e-04 ( 1 of 1 )
FACTION: mass = 1.250000e-01,  1.471104e+00 ( 1 of 1 )
CONGRAD5: time = 7.014036e-03 (fn F) masses = 1 iters = 4 mflops = 2.339464e+03
 OK converged final_rsq= 0.011 (cf 0.016) rel = 1 (cf 0) restarts = 1 iters= 4
CONGRAD5: time = 6.659985e-03 (fn F) masses = 1 iters = 4 mflops = 2.463833e+03
 OK converged final_rsq= 0.011 (cf 0.016) rel = 1 (cf 0) restarts = 1 iters= 4
GFTIME:   time = 1.341240e-01 (Symanzik1) mflops = 3.942484e+03
FFTIME:  time = 5.019391e-01 (asqtad3) terms = 2 mflops = 2.987999e+03
CONGRAD5: time = 7.799864e-03 (fn F) masses = 1 iters = 5 mflops = 2.629707e+03
 OK converged final_rsq= 0.007 (cf 0.016) rel = 1 (cf 0) restarts = 1 iters= 5
CONGRAD5: time = 6.751060e-03 (fn F) masses = 1 iters = 4 mflops = 2.430594e+03
 OK converged final_rsq= 0.015 (cf 0.016) rel = 1 (cf 0) restarts = 1 iters= 4
GFTIME:   time = 1.347940e-01 (Symanzik1) mflops = 3.922889e+03
FFTIME:  time = 5.018818e-01 (asqtad3) terms = 2 mflops = 2.988340e+03
CONGRAD5: time = 7.774830e-03 (fn F) masses = 1 iters = 5 mflops = 2.638175e+03
 OK converged final_rsq= 0.0088 (cf 0.016) rel = 1 (cf 0) restarts = 1 iters= 5
CONGRAD5: time = 7.796049e-03 (fn F) masses = 1 iters = 5 mflops = 2.630994e+03
 OK converged final_rsq= 0.0085 (cf 0.016) rel = 1 (cf 0) restarts = 1 iters= 5
GFTIME:   time = 1.349101e-01 (Symanzik1) mflops = 3.919512e+03
FFTIME:  time = 5.015571e-01 (asqtad3) terms = 2 mflops = 2.990274e+03
CONGRAD5: time = 7.833004e-03 (fn F) masses = 1 iters = 5 mflops = 2.618582e+03
 OK converged final_rsq= 0.0085 (cf 0.016) rel = 1 (cf 0) restarts = 1 iters= 5
CONGRAD5: time = 7.653952e-03 (fn F) masses = 1 iters = 5 mflops = 2.679839e+03
 OK converged final_rsq= 0.0081 (cf 0.016) rel = 1 (cf 0) restarts = 1 iters= 5
GFTIME:   time = 1.351089e-01 (Symanzik1) mflops = 3.913744e+03
FFTIME:  time = 5.023110e-01 (asqtad3) terms = 2 mflops = 2.985787e+03
CONGRAD5: time = 6.916046e-03 (fn F) masses = 1 iters = 4 mflops = 2.372611e+03
 OK converged final_rsq= 0.016 (cf 0.016) rel = 1 (cf 0) restarts = 1 iters= 4
CONGRAD5: time = 6.751060e-03 (fn F) masses = 1 iters = 4 mflops = 2.430594e+03
 OK converged final_rsq= 0.015 (cf 0.016) rel = 1 (cf 0) restarts = 1 iters= 4
GFTIME:   time = 1.405201e-01 (Symanzik1) mflops = 3.763033e+03
FFTIME:  time = 5.092368e-01 (asqtad3) terms = 2 mflops = 2.945179e+03
PLAQ:	2.013451	2.012694
P_LOOP:	1.848458e-02	-2.834589e-03
G_LOOP:  0  0  4   	2.013605e+00	( 0 1 7 6  )
G_LOOP:  0  1  4   	2.012726e+00	( 0 2 7 5  )
G_LOOP:  0  2  4   	2.012660e+00	( 0 3 7 4  )
G_LOOP:  0  3  4   	2.014021e+00	( 1 2 6 5  )
G_LOOP:  0  4  4   	2.011083e+00	( 1 3 6 4  )
G_LOOP:  0  5  4   	2.014340e+00	( 2 3 5 4  )
G_LOOP:  1  0  6   	1.300613e+00	( 0 0 1 7 7 6  )
G_LOOP:  1  1  6   	1.300842e+00	( 0 0 2 7 7 5  )
G_LOOP:  1  2  6   	1.298253e+00	( 0 0 3 7 7 4  )
G_LOOP:  1  3  6   	1.302963e+00	( 1 1 0 6 6 7  )
G_LOOP:  1  4  6   	1.302157e+00	( 1 1 2 6 6 5  )
G_LOOP:  1  5  6   	1.297503e+00	( 1 1 3 6 6 4  )
G_LOOP:  1  6  6   	1.301427e+00	( 2 2 0 5 5 7  )
G_LOOP:  1  7  6   	1.304927e+00	( 2 2 1 5 5 6  )
G_LOOP:  1  8  6   	1.304792e+00	( 2 2 3 5 5 4  )
G_LOOP:  1  9  6   	1.298713e+00	( 3 3 0 4 4 7  )
G_LOOP:  1  10  6   	1.299108e+00	( 3 3 1 4 4 6  )
G_LOOP:  1  11  6   	1.299223e+00	( 3 3 2 4 4 5  )
G_LOOP:  2  0  6   	1.348445e+00	( 0 1 2 7 6 5  )
G_LOOP:  2  1  6   	1.343089e+00	( 0 1 5 7 6 2  )
G_LOOP:  2  2  6   	1.346329e+00	( 0 6 2 7 1 5  )
G_LOOP:  2  3  6   	1.345030e+00	( 0 6 5 7 1 2  )
G_LOOP:  2  4  6   	1.343380e+00	( 0 1 3 7 6 4  )
G_LOOP:  2  5  6   	1.344257e+00	( 0 1 4 7 6 3  )
G_LOOP:  2  6  6   	1.343157e+00	( 0 6 3 7 1 4  )
G_LOOP:  2  7  6   	1.342065e+00	( 0 6 4 7 1 3  )
G_LOOP:  2  8  6   	1.346172e+00	( 0 2 3 7 5 4  )
G_LOOP:  2  9  6   	1.342668e+00	( 0 2 4 7 5 3  )
G_LOOP:  2  10  6   	1.348706e+00	( 0 5 3 7 2 4  )
G_LOOP:  2  11  6   	1.343122e+00	( 0 5 4 7 2 3  )
G_LOOP:  2  12  6   	1.345732e+00	( 1 2 3 6 5 4  )
G_LOOP:  2  13  6   	1.341834e+00	( 1 2 4 6 5 3  )
G_LOOP:  2  14  6   	1.347041e+00	( 1 5 3 6 2 4  )
G_LOOP:  2  15  6   	1.345153e+00	( 1 5 4 6 2 3  )
GACTION: 4.065737e+00
CONGRAD5: time = 6.891966e-03 (fn F) masses = 1 iters = 4 mflops = 2.380901e+03
 OK converged final_rsq= 0.014 (cf 0.016) rel = 1 (cf 0) restarts = 1 iters= 4
CONGRAD5: time = 8.836985e-03 (fn F) masses = 1 iters = 6 mflops = 2.785298e+03
 OK converged final_rsq= 0.013 (cf 0.016) rel = 1 (cf 0) restarts = 1 iters= 6
PBP: mass 1.250000e-01     8.497467e-02  1.688522e-01  -5.301324e-04  -5.047567e-04 ( 1 of 1 )
FACTION: mass = 1.250000e-01,  1.446208e+00 ( 1 of 1 )
CONGRAD5: time = 6.716967e-03 (fn F) masses = 1 iters = 4 mflops = 2.442931e+03
 OK converged final_rsq= 0.014 (cf 0.016) rel = 1 (cf 0) restarts = 1 iters= 4
CONGRAD5: time = 8.723974e-03 (fn F) masses = 1 iters = 6 mflops = 2.821378e+03
 OK converged final_rsq= 0.013 (cf 0.016) rel = 1 (cf 0) restarts = 1 iters= 6
PBP: mass 1.250000e-01     8.481228e-02  1.712648e-01  2.146663e-03  2.408056e-03 ( 1 of 1 )
FACTION: mass = 1.250000e-01,  1.442460e+00 ( 1 of 1 )
CONGRAD5: time = 8.017063e-03 (fn F) masses = 1 iters = 5 mflops = 2.558463e+03
 OK converged final_rsq= 0.0075 (cf 0.016) rel = 1 (cf 0) restarts = 1 iters= 5
CONGRAD5: time = 6.731987e-03 (fn F) masses = 1 iters = 4 mflops = 2.437481e+03
 OK converged final_rsq= 0.016 (cf 0.016) rel = 1 (cf 0) restarts = 1 iters= 4
GFTIME:   time = 1.458340e-01 (Symanzik1) mflops = 3.625917e+03
FFTIME:  time = 5.077980e-01 (asqtad3) terms = 2 mflops = 2.953524e+03
CONGRAD5: time = 7.980108e-03 (fn F) masses = 1 iters = 5 mflops = 2.570311e+03
 OK converged final_rsq= 0.0092 (cf 0.016) rel = 1 (cf 0) restarts = 1 iters= 5
CONGRAD5: time = 7.805109e-03 (fn F) masses = 1 iters = 5 mflops = 2.627940e+03
 OK converged final_rsq= 0.0087 (cf 0.016) rel = 1 (cf 0) restarts = 1 iters= 5
GFTIME:   time = 1.409781e-01 (Symanzik1) mflops = 3.750808e+03
FFTIME:  time = 5.068998e-01 (asqtad3) terms = 2 mflops = 2.958757e+03
CONGRAD5: time = 7.967234e-03 (fn F) masses = 1 iters = 5 mflops = 2.574464e+03
 OK converged final_rsq= 0.011 (cf 0.016) rel = 1 (cf 0) restarts = 1 iters= 5
CONGRAD5: time = 7.837772e-03 (fn F) masses = 1 iters = 5 mflops = 2.616988e+03
 OK converged final_rsq= 0.01 (cf 0.016) rel = 1 (cf 0) restarts = 1 iters= 5
GFTIME:   time = 1.409550e-01 (Symanzik1) mflops = 3.751424e+03
FFTIME:  time = 5.091479e-01 (asqtad3) terms = 2 mflops = 2.945693e+03
CONGRAD5: time = 7.895947e-03 (fn F) masses = 1 iters = 5 mflops = 2.597708e+03
 OK converged final_rsq= 0.011 (cf 0.016) rel = 1 (cf 0) restarts = 1 iters= 5
CONGRAD5: time = 7.792950e-03 (fn F) masses = 1 iters = 5 mflops = 2.632041e+03
 OK converged final_rsq= 0.01 (cf 0.016) rel = 1 (cf 0) restarts = 1 iters= 5
GFTIME:   time = 1.401379e-01 (Symanzik1) mflops = 3.773296e+03
FFTIME:  time = 5.098240e-01 (asqtad3) terms = 2 mflops = 2.941786e+03
CONGRAD5: time = 8.037090e-03 (fn F) masses = 1 iters = 5 mflops = 2.552088e+03
 OK converged final_rsq= 0.0099 (cf 0.016) rel = 1 (cf 0) restarts = 1 iters= 5
CONGRAD5: time = 7.766008e-03 (fn F) masses = 1 iters = 5 mflops = 2.641172e+03
 OK converged final_rsq= 0.0095 (cf 0.016) rel = 1 (cf 0) restarts = 1 iters= 5
GFTIME:   time = 1.404381e-01 (Symanzik1) mflops = 3.765231e+03
FFTIME:  time = 5.092330e-01 (asqtad3) terms = 2 mflops = 2.945201e+03
PLAQ:	1.791483	1.792157
P_LOOP:	-5.625045e-03	-1.410870e-02
G_LOOP:  0  0  4   	1.791594e+00	( 0 1 7 6  )
G_LOOP:  0  1  4   	1.792323e+00	( 0 2 7 5  )
G_LOOP:  0  2  4   	1.792407e+00	( 0 3 7 4  )
G_LOOP:  0  3  4   	1.790532e+00	( 1 2 6 5  )
G_LOOP:  0  4  4   	1.793364e+00	( 1 3 6 4  )
G_LOOP:  0  5  4   	1.790701e+00	( 2 3 5 4  )
G_LOOP:  1  0  6   	1.025456e+00	( 0 0 1 7 7 6  )
G_LOOP:  1  1  6   	1.026012e+00	( 0 0 2 7 7 5  )
G_LOOP:  1  2  6   	1.024732e+00	( 0 0 3 7 7 4  )
G_LOOP:  1  3  6   	1.025410e+00	( 1 1 0 6 6 7  )
G_LOOP:  1  4  6   	1.024953e+00	( 1 1 2 6 6 5  )
G_LOOP:  1  5  6   	1.022938e+00	( 1 1 3 6 6 4  )
G_LOOP:  1  6  6   	1.024038e+00	( 2 2 0 5 5 7  )
G_LOOP:  1  7  6   	1.024894e+00	( 2 2 1 5 5 6  )
G_LOOP:  1  8  6   	1.022412e+00	( 2 2 3 5 5 4  )
G_LOOP:  1  9  6   	1.027185e+00	( 3 3 0 4 4 7  )
G_LOOP:  1  10  6   	1.025144e+00	( 3 3 1 4 4 6  )
G_LOOP:  1  11  6   	1.025040e+00	( 3 3 2 4 4 5  )
G_LOOP:  2  0  6   	1.061102e+00	( 0 1 2 7 6 5  )
G_LOOP:  2  1  6   	1.057245e+00	( 0 1 5 7 6 2  )
G_LOOP:  2  2  6   	1.056138e+00	( 0 6 2 7 1 5  )
G_LOOP:  2  3  6   	1.056679e+00	( 0 6 5 7 1 2  )
G_LOOP:  2  4  6   	1.053658e+00	( 0 1 3 7 6 4  )
G_LOOP:  2  5  6   	1.057752e+00	( 0 1 4 7 6 3  )
G_LOOP:  2  6  6   	1.058101e+00	( 0 6 3 7 1 4  )
G_LOOP:  2  7  6   	1.058884e+00	( 0 6 4 7 1 3  )
G_LOOP:  2  8  6   	1.056078e+00	( 0 2 3 7 5 4  )
G_LOOP:  2  9  6   	1.059393e+00	( 0 2 4 7 5 3  )
G_LOOP:  2  10  6   	1.057076e+00	( 0 5 3 7 2 4  )
G_LOOP:  2  11  6   	1.062819e+00	( 0 5 4 7 2 3  )
G_LOOP:  2  12  6   	1.057843e+00	( 1 2 3 6 5 4  )
G_LOOP:  2  13  6   	1.058616e+00	( 1 2 4 6 5 3  )
G_LOOP:  2  14  6   	1.053119e+00	( 1 5 3 6 2 4  )
G_LOOP:  2  15  6   	1.057944e+00	( 1 5 4 6 2 3  )
GACTION: 5.088764e+00
CONGRAD5: time = 7.899046e-03 (fn F) masses = 1 iters = 5 mflops = 2.596688e+03
 OK converged final_rsq= 0.0086 (cf 0.016) rel = 1 (cf 0) restarts = 1 iters= 5
CONGRAD5: time = 8.882999e-03 (fn F) masses = 1 iters = 6 mflops = 2.770869e+03
 OK converged final_rsq= 0.015 (cf 0.016) rel = 1 (cf 0) restarts = 1 iters= 6
PBP: mass 1.250000e-01     1.111279e-01  3.023810e-01  2.452463e-03  2.404104e-03 ( 1 of 1 )
FACTION: mass = 1.250000e-01,  1.456062e+00 ( 1 of 1 )
CONGRAD5: time = 7.779121e-03 (fn F) masses = 1 iters = 5 mflops = 2.636719e+03
 OK converged final_rsq= 0.0085 (cf 0.016) rel = 1 (cf 0) restarts = 1 iters= 5
CONGRAD5: time = 8.631945e-03 (fn F) masses = 1 iters = 6 mflops = 2.851459e+03
 OK converged final_rsq= 0.015 (cf 0.016) rel = 1 (cf 0) restarts = 1 iters= 6
PBP: mass 1.250000e-01     1.104930e-01  3.003512e-01  6.282960e-05  9.094552e-04 ( 1 of 1 )
FACTION: mass = 1.250000e-01,  1.455075e+00 ( 1 of 1 )
CONGRAD5: time = 7.978916e-03 (fn F) masses = 1 iters = 5 mflops = 2.570695e+03
 OK converged final_rsq= 0.01 (cf 0.016) rel = 1 (cf 0) restarts = 1 iters= 5
CONGRAD5: time = 7.785797e-03 (fn F) masses = 1 iters = 5 mflops = 2.634459e+03
 OK converged final_rsq= 0.0095 (cf 0.016) rel = 1 (cf 0) restarts = 1 iters= 5
GFTIME:   time = 1.401100e-01 (Symanzik1) mflops = 3.774047e+03
FFTIME:  time = 5.095170e-01 (asqtad3) terms = 2 mflops = 2.943559e+03
CONGRAD5: time = 7.992983e-03 (fn F) masses = 1 iters = 5 mflops = 2.566171e+03
 OK converged final_rsq= 0.011 (cf 0.016) rel = 1 (cf 0) restarts = 1 iters= 5
CONGRAD5: time = 7.781029e-03 (fn F) masses = 1 iters = 5 mflops = 2.636073e+03
 OK converged final_rsq= 0.011 (cf 0.016) rel = 1 (cf 0) restarts = 1 iters= 5
GFTIME:   time = 1.406970e-01 (Symanzik1) mflops = 3.758302e+03
FFTIME:  time = 5.088842e-01 (asqtad3) terms = 2 mflops = 2.947219e+03
CONGRAD5: time = 8.008957e-03 (fn F) masses = 1 iters = 5 mflops = 2.561053e+03
 OK converged final_rsq= 0.012 (cf 0.016) rel = 1 (cf 0) restarts = 1 iters= 5
CONGRAD5: time = 7.823944e-03 (fn F) masses = 1 iters = 5 mflops = 2.621614e+03
 OK converged final_rsq= 0.012 (cf 0.016) rel = 1 (cf 0) restarts = 1 iters= 5
GFTIME:   time = 1.404791e-01 (Symanzik1) mflops = 3.764132e+03
FFTIME:  time = 5.074100e-01 (asqtad3) terms = 2 mflops = 2.955782e+03
CONGRAD5: time = 8.045912e-03 (fn F) masses = 1 iters = 5 mflops = 2.549290e+03
 OK converged final_rsq= 0.012 (cf 0.016) rel = 1 (cf 0) restarts = 1 iters= 5
CONGRAD5: time = 7.829905e-03 (fn F) masses = 1 iters = 5 mflops = 2.619618e+03
 OK converged final_rsq= 0.012 (cf 0.016) rel = 1 (cf 0) restarts = 1 iters= 5
GFTIME:   time = 1.409378e-01 (Symanzik1) mflops = 3.751881e+03
FFTIME:  time = 5.098851e-01 (asqtad3) terms = 2 mflops = 2.941434e+03
CONGRAD5: time = 7.922173e-03 (fn F) masses = 1 iters = 5 mflops = 2.589108e+03
 OK converged final_rsq= 0.012 (cf 0.016) rel = 1 (cf 0) restarts = 1 iters= 5
CONGRAD5: time = 7.795095e-03 (fn F) masses = 1 iters = 5 mflops = 2.631316e+03
 OK converged final_rsq= 0.011 (cf 0.016) rel = 1 (cf 0) restarts = 1 iters= 5
GFTIME:   time = 1.401410e-01 (Symanzik1) mflops = 3.773213e+03
FFTIME:  time = 5.104761e-01 (asqtad3) terms = 2 mflops = 2.938029e+03
PLAQ:	1.645902	1.647369
P_LOOP:	-1.143113e-02	-2.267756e-03
G_LOOP:  0  0  4   	1.645709e+00	( 0 1 7 6  )
G_LOOP:  0  1  4   	1.644737e+00	( 0 2 7 5  )
G_LOOP:  0  2  4   	1.647218e+00	( 0 3 7 4  )
G_LOOP:  0  3  4   	1.647258e+00	( 1 2 6 5  )
G_LOOP:  0  4  4   	1.649003e+00	( 1 3 6 4  )
G_LOOP:  0  5  4   	1.645887e+00	( 2 3 5 4  )
G_LOOP:  1  0  6   	8.580218e-01	( 0 0 1 7 7 6  )
G_LOOP:  1  1  6   	8.541604e-01	( 0 0 2 7 7 5  )
G_LOOP:  1  2  6   	8.595779e-01	( 0 0 3 7 7 4  )
G_LOOP:  1  3  6   	8.582930e-01	( 1 1 0 6 6 7  )
G_LOOP:  1  4  6   	8.580090e-01	( 1 1 2 6 6 5  )
G_LOOP:  1  5  6   	8.579565e-01	( 1 1 3 6 6 4  )
G_LOOP:  1  6  6   	8.503308e-01	( 2 2 0 5 5 7  )
G_LOOP:  1  7  6   	8.559146e-01	( 2 2 1 5 5 6  )
G_LOOP:  1  8  6   	8.569176e-01	( 2 2 3 5 5 4  )
G_LOOP:  1  9  6   	8.593230e-01	( 3 3 0 4 4 7  )
G_LOOP:  1  10  6   	8.598535e-01	( 3 3 1 4 4 6  )
G_LOOP:  1  11  6   	8.616721e-01	( 3 3 2 4 4 5  )
G_LOOP:  2  0  6   	8.789153e-01	( 0 1 2 7 6 5  )
G_LOOP:  2  1  6   	8.791288e-01	( 0 1 5 7 6 2  )
G_LOOP:  2  2  6   	8.810073e-01	( 0 6 2 7 1 5  )
G_LOOP:  2  3  6   	8.768704e-01	( 0 6 5 7 1 2  )
G_LOOP:  2  4  6   	8.798489e-01	( 0 1 3 7 6 4  )
G_LOOP:  2  5  6   	8.801400e-01	( 0 1 4 7 6 3  )
G_LOOP:  2  6  6   	8.826417e-01	( 0 6 3 7 1 4  )
G_LOOP:  2  7  6   	8.788818e-01	( 0 6 4 7 1 3  )
G_LOOP:  2  8  6   	8.816597e-01	( 0 2 3 7 5 4  )
G_LOOP:  2  9  6   	8.763485e-01	( 0 2 4 7 5 3  )
G_LOOP:  2  10  6   	8.789559e-01	( 0 5 3 7 2 4  )
G_LOOP:  2  11  6   	8.814330e-01	( 0 5 4 7 2 3  )
G_LOOP:  2  12  6   	8.771350e-01	( 1 2 3 6 5 4  )
G_LOOP:  2  13  6   	8.797539e-01	( 1 2 4 6 5 3  )
G_LOOP:  2  14  6   	8.777674e-01	( 1 5 3 6 2 4  )
G_LOOP:  2  15  6   	8.827374e-01	( 1 5 4 6 2 3  )
GACTION: 5.774606e+00
CONGRAD5: time = 7.804155e-03 (fn F) masses = 1 iters = 5 mflops = 2.628261e+03
 OK converged final_rsq= 0.01 (cf 0.016) rel = 1 (cf 0) restarts = 1 iters= 5
CONGRAD5: time = 9.876966e-03 (fn F) masses = 1 iters = 7 mflops = 2.907361e+03
 OK converged final_rsq= 0.008 (cf 0.016) rel = 1 (cf 0) restarts = 1 iters= 7
PBP: mass 1.250000e-01     1.265012e-01  3.213337e-01  -2.075054e-03  -2.155931e-03 ( 1 of 1 )
FACTION: mass = 1.250000e-01,  1.436267e+00 ( 1 of 1 )
CONGRAD5: time = 7.837057e-03 (fn F) masses = 1 iters = 5 mflops = 2.617227e+03
 OK converged final_rsq= 0.01 (cf 0.016) rel = 1 (cf 0) restarts = 1 iters= 5
CONGRAD5: time = 9.694815e-03 (fn F) masses = 1 iters = 7 mflops = 2.961986e+03
 OK converged final_rsq= 0.0081 (cf 0.016) rel = 1 (cf 0) restarts = 1 iters= 7
PBP: mass 1.250000e-01     1.253157e-01  3.200521e-01  5.918009e-04  2.751183e-04 ( 1 of 1 )
FACTION: mass = 1.250000e-01,  1.432563e+00 ( 1 of 1 )
RUNNING COMPLETED
average cg iters for step= 1.100000e+01
Time = 1.969750e+01 seconds
total_iters = 550
Checksums 41e6b2b3 a5e7c44
Saved gauge configuration in parallel to binary file lat_p64_size128_1
Time stamp Thu May 19 18:41:50 2022
Wrote info file lat_p64_size128_1.info
Time to save = 4.340291e-02
CHECK PLAQ: 1.645902e+00 1.647369e+00
CHECK NERSC LINKTR: 1.706465e-01 CKSUM: 85c71d91


warms 0
trajecs 4
traj_between_meas 1
beta 5.6
mass1 0.01
mass2 0.01
u0 0.8441
microcanonical_time_step 0.02
steps_per_trajectory 15
max_cg_iterations 300
max_cg_restarts 5
error_per_site 1e-05
error_for_propagator 1e-05
npbp_reps 1
prec_pbp 1
reload_parallel lat_p64_size128_1
save_parallel lat_p64_size128_2
Restored binary gauge configuration in parallel from file lat_p64_size128_1
Time stamp Thu May 19 18:41:50 2022
Checksums 41e6b2b3 a5e7c44 OK
Time to reload gauge configuration = 2.519202e-02
CHECK PLAQ: 1.645902e+00 1.647369e+00
CHECK NERSC LINKTR: 1.706465e-01 CKSUM: 85c71d91
Unitarity checked.  Max deviation 2.98e-07
Time to check unitarity = 6.361008e-04
"O(a^2): couplings(pi)=0, Naik term, No O(a^2) errors, tadpole weights"
path coefficients: npath  path_coeff  multiplicity
                    0      6.250000e-01     8
                    1      -5.847914e-02     8
                    2      -8.771871e-02     48
                    3      3.077829e-02     192
                    4      -7.199551e-03     384
                    5      -1.231132e-01     48
Symanzik 1x1 + 1x2 + 1x1x1 action
gauge_action: total_dyn_flavors = 3
loop coefficients: nloop rep loop_coeff  multiplicity
                    0 0      1.000000e+00     6
                    1 0      -7.762509e-02     12
                    2 0      -1.031171e-02     16
WARMUPS COMPLETED
CONGRAD5: time = 6.224332e-01 (fn F) masses = 1 iters = 600 mflops = 3.954422e+03
 OK converged final_rsq= 9.6e-11 (cf 1e-10) rel = 1 (cf 0) restarts = 2 iters= 600
CONGRAD5: time = 6.245639e-01 (fn F) masses = 1 iters = 602 mflops = 3.954067e+03
 OK converged final_rsq= 7.3e-11 (cf 1e-10) rel = 1 (cf 0) restarts = 3 iters= 602
GFTIME:   time = 1.396821e-01 (Symanzik1) mflops = 3.785610e+03
FFTIME:  time = 5.076530e-01 (asqtad3) terms = 2 mflops = 2.954367e+03
CONGRAD5: time = 6.099329e-01 (fn F) masses = 1 iters = 591 mflops = 3.974934e+03
 OK converged final_rsq= 1e-10 (cf 1e-10) rel = 1 (cf 0) restarts = 2 iters= 591
CONGRAD5: time = 6.108820e-01 (fn F) masses = 1 iters = 593 mflops = 3.982188e+03
 OK converged final_rsq= 1e-10 (cf 1e-10) rel = 1 (cf 0) restarts = 2 iters= 593
GFTIME:   time = 1.392639e-01 (Symanzik1) mflops = 3.796978e+03
FFTIME:  time = 5.060291e-01 (asqtad3) terms = 2 mflops = 2.963848e+03
CONGRAD5: time = 6.177182e-01 (fn F) masses = 1 iters = 597 mflops = 3.964682e+03
 OK converged final_rsq= 4.9e-11 (cf 1e-10) rel = 1 (cf 0) restarts = 3 iters= 597
CONGRAD5: time = 5.816600e-01 (fn F) masses = 1 iters = 563 mflops = 3.970668e+03
 OK converged final_rsq= 4.9e-11 (cf 1e-10) rel = 1 (cf 0) restarts = 3 iters= 563
GFTIME:   time = 1.396110e-01 (Symanzik1) mflops = 3.787537e+03
FFTIME:  time = 5.069602e-01 (asqtad3) terms = 2 mflops = 2.958405e+03
CONGRAD5: time = 6.095049e-01 (fn F) masses = 1 iters = 590 mflops = 3.970994e+03
 OK converged final_rsq= 9.8e-11 (cf 1e-10) rel = 1 (cf 0) restarts = 2 iters= 590
CONGRAD5: time = 5.959201e-01 (fn F) masses = 1 iters = 578 mflops = 3.978911e+03
 OK converged final_rsq= 9.8e-11 (cf 1e-10) rel = 1 (cf 0) restarts = 2 iters= 578
GFTIME:   time = 1.406932e-01 (Symanzik1) mflops = 3.758404e+03
FFTIME:  time = 5.099339e-01 (asqtad3) terms = 2 mflops = 2.941152e+03
CONGRAD5: time = 6.170859e-01 (fn F) masses = 1 iters = 598 mflops = 3.975392e+03
 OK converged final_rsq= 9e-11 (cf 1e-10) rel = 1 (cf 0) restarts = 2 iters= 598
CONGRAD5: time = 5.808210e-01 (fn F) masses = 1 iters = 562 mflops = 3.969341e+03
 OK converged final_rsq= 9.9e-11 (cf 1e-10) rel = 1 (cf 0) restarts = 2 iters= 562
GFTIME:   time = 1.394849e-01 (Symanzik1) mflops = 3.790962e+03
FFTIME:  time = 5.121861e-01 (asqtad3) terms = 2 mflops = 2.928220e+03
CONGRAD5: time = 6.446500e-01 (fn F) masses = 1 iters = 600 mflops = 3.818139e+03
 OK converged final_rsq= 9.2e-11 (cf 1e-10) rel = 1 (cf 0) restarts = 2 iters= 600
CONGRAD5: time = 6.126828e-01 (fn F) masses = 1 iters = 594 mflops = 3.977180e+03
 OK converged final_rsq= 9.6e-11 (cf 1e-10) rel = 1 (cf 0) restarts = 2 iters= 594
GFTIME:   time = 1.404769e-01 (Symanzik1) mflops = 3.764189e+03
FFTIME:  time = 5.082421e-01 (asqtad3) terms = 2 mflops = 2.950943e+03
CONGRAD5: time = 6.102040e-01 (fn F) masses = 1 iters = 590 mflops = 3.966445e+03
 OK converged final_rsq= 9.8e-11 (cf 1e-10) rel = 1 (cf 0) restarts = 2 iters= 590
CONGRAD5: time = 6.103101e-01 (fn F) masses = 1 iters = 590 mflops = 3.965755e+03
 OK converged final_rsq= 9.7e-11 (cf 1e-10) rel = 1 (cf 0) restarts = 2 iters= 590
GFTIME:   time = 1.405220e-01 (Symanzik1) mflops = 3.762982e+03
FFTIME:  time = 5.082009e-01 (asqtad3) terms = 2 mflops = 2.951182e+03
CONGRAD5: time = 6.210580e-01 (fn F) masses = 1 iters = 602 mflops = 3.976388e+03
 OK converged final_rsq= 4.2e-11 (cf 1e-10) rel = 1 (cf 0) restarts = 3 iters= 602
CONGRAD5: time = 6.090291e-01 (fn F) masses = 1 iters = 590 mflops = 3.974097e+03
 OK converged final_rsq= 5e-11 (cf 1e-10) rel = 1 (cf 0) restarts = 3 iters= 590
GFTIME:   time = 1.390610e-01 (Symanzik1) mflops = 3.802518e+03
FFTIME:  time = 5.091150e-01 (asqtad3) terms = 2 mflops = 2.945883e+03
CONGRAD5: time = 6.227560e-01 (fn F) masses = 1 iters = 602 mflops = 3.965546e+03
 OK converged final_rsq= 4.8e-11 (cf 1e-10) rel = 1 (cf 0) restarts = 3 iters= 602
CONGRAD5: time = 6.086369e-01 (fn F) masses = 1 iters = 590 mflops = 3.976658e+03
 OK converged final_rsq= 9.8e-11 (cf 1e-10) rel = 1 (cf 0) restarts = 2 iters= 590
GFTIME:   time = 1.398389e-01 (Symanzik1) mflops = 3.781363e+03
FFTIME:  time = 5.065708e-01 (asqtad3) terms = 2 mflops = 2.960679e+03
CONGRAD5: time = 6.263900e-01 (fn F) masses = 1 iters = 602 mflops = 3.942540e+03
 OK converged final_rsq= 4.2e-11 (cf 1e-10) rel = 1 (cf 0) restarts = 3 iters= 602
CONGRAD5: time = 6.177258e-01 (fn F) masses = 1 iters = 600 mflops = 3.984556e+03
 OK converged final_rsq= 7.9e-11 (cf 1e-10) rel = 1 (cf 0) restarts = 2 iters= 600
GFTIME:   time = 1.404121e-01 (Symanzik1) mflops = 3.765928e+03
FFTIME:  time = 5.086949e-01 (asqtad3) terms = 2 mflops = 2.948316e+03
CONGRAD5: time = 6.211240e-01 (fn F) masses = 1 iters = 600 mflops = 3.962756e+03
 OK converged final_rsq= 8.4e-11 (cf 1e-10) rel = 1 (cf 0) restarts = 2 iters= 600
CONGRAD5: time = 6.177239e-01 (fn F) masses = 1 iters = 598 mflops = 3.971286e+03
 OK converged final_rsq= 9.2e-11 (cf 1e-10) rel = 1 (cf 0) restarts = 2 iters= 598
GFTIME:   time = 1.404769e-01 (Symanzik1) mflops = 3.764189e+03
FFTIME:  time = 5.076160e-01 (asqtad3) terms = 2 mflops = 2.954582e+03
CONGRAD5: time = 6.185250e-01 (fn F) masses = 1 iters = 598 mflops = 3.966143e+03
 OK converged final_rsq= 9.2e-11 (cf 1e-10) rel = 1 (cf 0) restarts = 2 iters= 598
CONGRAD5: time = 6.215351e-01 (fn F) masses = 1 iters = 600 mflops = 3.960136e+03
 OK converged final_rsq= 8.9e-11 (cf 1e-10) rel = 1 (cf 0) restarts = 2 iters= 600
GFTIME:   time = 1.403611e-01 (Symanzik1) mflops = 3.767297e+03
FFTIME:  time = 5.083060e-01 (asqtad3) terms = 2 mflops = 2.950572e+03
CONGRAD5: time = 6.242850e-01 (fn F) masses = 1 iters = 602 mflops = 3.955834e+03
 OK converged final_rsq= 5e-11 (cf 1e-10) rel = 1 (cf 0) restarts = 3 iters= 602
CONGRAD5: time = 6.165860e-01 (fn F) masses = 1 iters = 594 mflops = 3.952003e+03
 OK converged final_rsq= 4.9e-11 (cf 1e-10) rel = 1 (cf 0) restarts = 3 iters= 594
GFTIME:   time = 1.398509e-01 (Symanzik1) mflops = 3.781041e+03
FFTIME:  time = 5.082181e-01 (asqtad3) terms = 2 mflops = 2.951083e+03
CONGRAD5: time = 6.250019e-01 (fn F) masses = 1 iters = 602 mflops = 3.951296e+03
 OK converged final_rsq= 5.6e-11 (cf 1e-10) rel = 1 (cf 0) restarts = 3 iters= 602
CONGRAD5: time = 6.229930e-01 (fn F) masses = 1 iters = 600 mflops = 3.950868e+03
 OK converged final_rsq= 4.8e-11 (cf 1e-10) rel = 1 (cf 0) restarts = 3 iters= 600
GFTIME:   time = 1.402941e-01 (Symanzik1) mflops = 3.769096e+03
FFTIME:  time = 5.077810e-01 (asqtad3) terms = 2 mflops = 2.953622e+03
CONGRAD5: time = 6.204398e-01 (fn F) masses = 1 iters = 599 mflops = 3.960515e+03
 OK converged final_rsq= 1e-10 (cf 1e-10) rel = 1 (cf 0) restarts = 2 iters= 599
CONGRAD5: time = 6.205652e-01 (fn F) masses = 1 iters = 600 mflops = 3.966325e+03
 OK converged final_rsq= 9.6e-11 (cf 1e-10) rel = 1 (cf 0) restarts = 2 iters= 600
GFTIME:   time = 1.402569e-01 (Symanzik1) mflops = 3.770095e+03
FFTIME:  time = 5.129259e-01 (asqtad3) terms = 2 mflops = 2.923996e+03
PLAQ:	1.539870	1.540983
P_LOOP:	2.341213e-03	1.164436e-02
G_LOOP:  0  0  4   	1.542867e+00	( 0 1 7 6  )
G_LOOP:  0  1  4   	1.537272e+00	( 0 2 7 5  )
G_LOOP:  0  2  4   	1.541847e+00	( 0 3 7 4  )
G_LOOP:  0  3  4   	1.539470e+00	( 1 2 6 5  )
G_LOOP:  0  4  4   	1.541731e+00	( 1 3 6 4  )
G_LOOP:  0  5  4   	1.539371e+00	( 2 3 5 4  )
G_LOOP:  1  0  6   	7.833462e-01	( 0 0 1 7 7 6  )
G_LOOP:  1  1  6   	7.762624e-01	( 0 0 2 7 7 5  )
G_LOOP:  1  2  6   	7.838242e-01	( 0 0 3 7 7 4  )
G_LOOP:  1  3  6   	7.835679e-01	( 1 1 0 6 6 7  )
G_LOOP:  1  4  6   	7.791536e-01	( 1 1 2 6 6 5  )
G_LOOP:  1  5  6   	7.769763e-01	( 1 1 3 6 6 4  )
G_LOOP:  1  6  6   	7.748242e-01	( 2 2 0 5 5 7  )
G_LOOP:  1  7  6   	7.780153e-01	( 2 2 1 5 5 6  )
G_LOOP:  1  8  6   	7.802333e-01	( 2 2 3 5 5 4  )
G_LOOP:  1  9  6   	7.800279e-01	( 3 3 0 4 4 7  )
G_LOOP:  1  10  6   	7.797631e-01	( 3 3 1 4 4 6  )
G_LOOP:  1  11  6   	7.809500e-01	( 3 3 2 4 4 5  )
G_LOOP:  2  0  6   	7.992281e-01	( 0 1 2 7 6 5  )
G_LOOP:  2  1  6   	7.976546e-01	( 0 1 5 7 6 2  )
G_LOOP:  2  2  6   	8.026440e-01	( 0 6 2 7 1 5  )
G_LOOP:  2  3  6   	7.979111e-01	( 0 6 5 7 1 2  )
G_LOOP:  2  4  6   	8.020918e-01	( 0 1 3 7 6 4  )
G_LOOP:  2  5  6   	8.041203e-01	( 0 1 4 7 6 3  )
G_LOOP:  2  6  6   	8.028141e-01	( 0 6 3 7 1 4  )
G_LOOP:  2  7  6   	8.037676e-01	( 0 6 4 7 1 3  )
G_LOOP:  2  8  6   	7.983431e-01	( 0 2 3 7 5 4  )
G_LOOP:  2  9  6   	7.983456e-01	( 0 2 4 7 5 3  )
G_LOOP:  2  10  6   	7.998412e-01	( 0 5 3 7 2 4  )
G_LOOP:  2  11  6   	8.027047e-01	( 0 5 4 7 2 3  )
G_LOOP:  2  12  6   	7.993306e-01	( 1 2 3 6 5 4  )
G_LOOP:  2  13  6   	7.995266e-01	( 1 2 4 6 5 3  )
G_LOOP:  2  14  6   	7.962881e-01	( 1 5 3 6 2 4  )
G_LOOP:  2  15  6   	8.045871e-01	( 1 5 4 6 2 3  )
GACTION: 6.326396e+00
CONGRAD5: time = 6.190419e-01 (fn F) masses = 1 iters = 600 mflops = 3.976085e+03
 OK converged final_rsq= 8.3e-11 (cf 1e-10) rel = 1 (cf 0) restarts = 2 iters= 600
CONGRAD5: time = 1.008389e-01 (fn F) masses = 1 iters = 96 mflops = 3.905419e+03
 OK converged final_rsq= 9.8e-11 (cf 1e-10) rel = 1 (cf 0) restarts = 1 iters= 96
PBP: mass 1.000000e-02     3.354812e-02  4.058975e-02  -2.196691e-04  -2.219500e-04 ( 1 of 1 )
FACTION: mass = 1.000000e-02,  1.496073e+00 ( 1 of 1 )
CONGRAD5: time = 6.173260e-01 (fn F) masses = 1 iters = 599 mflops = 3.980491e+03
 OK converged final_rsq= 8.7e-11 (cf 1e-10) rel = 1 (cf 0) restarts = 2 iters= 599
CONGRAD5: time = 9.271908e-02 (fn F) masses = 1 iters = 88 mflops = 3.893481e+03
 OK converged final_rsq= 9.9e-11 (cf 1e-10) rel = 1 (cf 0) restarts = 1 iters= 88
PBP: mass 1.000000e-02     3.817999e-02  3.451439e-02  3.792468e-03  3.793978e-03 ( 1 of 1 )
FACTION: mass = 1.000000e-02,  1.499155e+00 ( 1 of 1 )
CONGRAD5: time = 6.198649e-01 (fn F) masses = 1 iters = 599 mflops = 3.964188e+03
 OK converged final_rsq= 9.5e-11 (cf 1e-10) rel = 1 (cf 0) restarts = 2 iters= 599
CONGRAD5: time = 6.216722e-01 (fn F) masses = 1 iters = 601 mflops = 3.965861e+03
 OK converged final_rsq= 4.8e-11 (cf 1e-10) rel = 1 (cf 0) restarts = 3 iters= 601
GFTIME:   time = 1.402929e-01 (Symanzik1) mflops = 3.769128e+03
FFTIME:  time = 5.072441e-01 (asqtad3) terms = 2 mflops = 2.956749e+03
CONGRAD5: time = 6.236589e-01 (fn F) masses = 1 iters = 602 mflops = 3.959805e+03
 OK converged final_rsq= 6.8e-11 (cf 1e-10) rel = 1 (cf 0) restarts = 3 iters= 602
CONGRAD5: time = 6.247988e-01 (fn F) masses = 1 iters = 602 mflops = 3.952581e+03
 OK converged final_rsq= 3.8e-11 (cf 1e-10) rel = 1 (cf 0) restarts = 3 iters= 602
GFTIME:   time = 1.392279e-01 (Symanzik1) mflops = 3.797960e+03
FFTIME:  time = 5.096591e-01 (asqtad3) terms = 2 mflops = 2.942739e+03
CONGRAD5: time = 6.187980e-01 (fn F) masses = 1 iters = 597 mflops = 3.957764e+03
 OK converged final_rsq= 9.7e-11 (cf 1e-10) rel = 1 (cf 0) restarts = 2 iters= 597
CONGRAD5: time = 6.199300e-01 (fn F) masses = 1 iters = 599 mflops = 3.963771e+03
 OK converged final_rsq= 9.4e-11 (cf 1e-10) rel = 1 (cf 0) restarts = 2 iters= 599
GFTIME:   time = 1.395450e-01 (Symanzik1) mflops = 3.789329e+03
FFTIME:  time = 5.077059e-01 (asqtad3) terms = 2 mflops = 2.954059e+03
CONGRAD5: time = 6.243789e-01 (fn F) masses = 1 iters = 602 mflops = 3.955239e+03
 OK converged final_rsq= 6.7e-11 (cf 1e-10) rel = 1 (cf 0) restarts = 3 iters= 602
CONGRAD5: time = 6.165011e-01 (fn F) masses = 1 iters = 594 mflops = 3.952547e+03
 OK converged final_rsq= 4.9e-11 (cf 1e-10) rel = 1 (cf 0) restarts = 3 iters= 594
GFTIME:   time = 1.397851e-01 (Symanzik1) mflops = 3.782821e+03
FFTIME:  time = 5.099709e-01 (asqtad3) terms = 2 mflops = 2.940939e+03
CONGRAD5: time = 6.245141e-01 (fn F) masses = 1 iters = 602 mflops = 3.954383e+03
 OK converged final_rsq= 4.3e-11 (cf 1e-10) rel = 1 (cf 0) restarts = 3 iters= 602
CONGRAD5: time = 6.244168e-01 (fn F) masses = 1 iters = 602 mflops = 3.954999e+03
 OK converged final_rsq= 4.2e-11 (cf 1e-10) rel = 1 (cf 0) restarts = 3 iters= 602
GFTIME:   time = 1.394770e-01 (Symanzik1) mflops = 3.791175e+03
FFTIME:  time = 5.074720e-01 (asqtad3) terms = 2 mflops = 2.955421e+03
CONGRAD5: time = 6.232011e-01 (fn F) masses = 1 iters = 602 mflops = 3.962714e+03
 OK converged final_rsq= 4.2e-11 (cf 1e-10) rel = 1 (cf 0) restarts = 3 iters= 602
CONGRAD5: time = 6.189489e-01 (fn F) masses = 1 iters = 599 mflops = 3.970054e+03
 OK converged final_rsq= 9.7e-11 (cf 1e-10) rel = 1 (cf 0) restarts = 2 iters= 599
GFTIME:   time = 1.399751e-01 (Symanzik1) mflops = 3.777686e+03
FFTIME:  time = 5.088401e-01 (asqtad3) terms = 2 mflops = 2.947475e+03
CONGRAD5: time = 6.173170e-01 (fn F) masses = 1 iters = 598 mflops = 3.973905e+03
 OK converged final_rsq= 9.1e-11 (cf 1e-10) rel = 1 (cf 0) restarts = 2 iters= 598
CONGRAD5: time = 6.215332e-01 (fn F) masses = 1 iters = 601 mflops = 3.966748e+03
 OK converged final_rsq= 4.8e-11 (cf 1e-10) rel = 1 (cf 0) restarts = 3 iters= 601
GFTIME:   time = 1.392040e-01 (Symanzik1) mflops = 3.798610e+03
FFTIME:  time = 5.074432e-01 (asqtad3) terms = 2 mflops = 2.955589e+03
CONGRAD5: time = 6.203520e-01 (fn F) masses = 1 iters = 597 mflops = 3.947849e+03
 OK converged final_rsq= 9.4e-11 (cf 1e-10) rel = 1 (cf 0) restarts = 2 iters= 597
CONGRAD5: time = 6.189561e-01 (fn F) masses = 1 iters = 600 mflops = 3.976636e+03
 OK converged final_rsq= 4.9e-11 (cf 1e-10) rel = 1 (cf 0) restarts = 3 iters= 600
GFTIME:   time = 1.398170e-01 (Symanzik1) mflops = 3.781957e+03
FFTIME:  time = 5.074661e-01 (asqtad3) terms = 2 mflops = 2.955455e+03
CONGRAD5: time = 6.221881e-01 (fn F) masses = 1 iters = 602 mflops = 3.969166e+03
 OK converged final_rsq= 6.7e-11 (cf 1e-10) rel = 1 (cf 0) restarts = 3 iters= 602
CONGRAD5: time = 6.085880e-01 (fn F) masses = 1 iters = 590 mflops = 3.976977e+03
 OK converged final_rsq= 9.8e-11 (cf 1e-10) rel = 1 (cf 0) restarts = 2 iters= 590
GFTIME:   time = 1.398039e-01 (Symanzik1) mflops = 3.782311e+03
FFTIME:  time = 5.099800e-01 (asqtad3) terms = 2 mflops = 2.940887e+03
CONGRAD5: time = 6.211109e-01 (fn F) masses = 1 iters = 602 mflops = 3.976049e+03
 OK converged final_rsq= 7.4e-11 (cf 1e-10) rel = 1 (cf 0) restarts = 3 iters= 602
CONGRAD5: time = 6.172731e-01 (fn F) masses = 1 iters = 600 mflops = 3.987479e+03
 OK converged final_rsq= 9.4e-11 (cf 1e-10) rel = 1 (cf 0) restarts = 2 iters= 600
GFTIME:   time = 1.405699e-01 (Symanzik1) mflops = 3.761700e+03
FFTIME:  time = 5.086379e-01 (asqtad3) terms = 2 mflops = 2.948647e+03
CONGRAD5: time = 6.183331e-01 (fn F) masses = 1 iters = 600 mflops = 3.980643e+03
 OK converged final_rsq= 8.7e-11 (cf 1e-10) rel = 1 (cf 0) restarts = 2 iters= 600
CONGRAD5: time = 6.217570e-01 (fn F) masses = 1 iters = 602 mflops = 3.971918e+03
 OK converged final_rsq= 4.7e-11 (cf 1e-10) rel = 1 (cf 0) restarts = 3 iters= 602
GFTIME:   time = 1.398530e-01 (Symanzik1) mflops = 3.780983e+03
FFTIME:  time = 5.101640e-01 (asqtad3) terms = 2 mflops = 2.939826e+03
CONGRAD5: time = 6.225042e-01 (fn F) masses = 1 iters = 602 mflops = 3.967150e+03
 OK converged final_rsq= 4.6e-11 (cf 1e-10) rel = 1 (cf 0) restarts = 3 iters= 602
CONGRAD5: time = 6.169219e-01 (fn F) masses = 1 iters = 598 mflops = 3.976449e+03
 OK converged final_rsq= 9.8e-11 (cf 1e-10) rel = 1 (cf 0) restarts = 2 iters= 598
GFTIME:   time = 1.397161e-01 (Symanzik1) mflops = 3.784687e+03
FFTIME:  time = 5.083950e-01 (asqtad3) terms = 2 mflops = 2.950056e+03
CONGRAD5: time = 6.214070e-01 (fn F) masses = 1 iters = 602 mflops = 3.974155e+03
 OK converged final_rsq= 7.9e-11 (cf 1e-10) rel = 1 (cf 0) restarts = 3 iters= 602
CONGRAD5: time = 6.189871e-01 (fn F) masses = 1 iters = 600 mflops = 3.976437e+03
 OK converged final_rsq= 9e-11 (cf 1e-10) rel = 1 (cf 0) restarts = 2 iters= 600
GFTIME:   time = 1.392829e-01 (Symanzik1) mflops = 3.796458e+03
FFTIME:  time = 5.099161e-01 (asqtad3) terms = 2 mflops = 2.941255e+03
CONGRAD5: time = 6.248939e-01 (fn F) masses = 1 iters = 602 mflops = 3.951979e+03
 OK converged final_rsq= 5.7e-11 (cf 1e-10) rel = 1 (cf 0) restarts = 3 iters= 602
CONGRAD5: time = 6.235652e-01 (fn F) masses = 1 iters = 602 mflops = 3.960400e+03
 OK converged final_rsq= 3.9e-11 (cf 1e-10) rel = 1 (cf 0) restarts = 3 iters= 602
GFTIME:   time = 1.401999e-01 (Symanzik1) mflops = 3.771628e+03
FFTIME:  time = 5.094008e-01 (asqtad3) terms = 2 mflops = 2.944230e+03
CONGRAD5: time = 6.253788e-01 (fn F) masses = 1 iters = 602 mflops = 3.948915e+03
 OK converged final_rsq= 6.6e-11 (cf 1e-10) rel = 1 (cf 0) restarts = 3 iters= 602
CONGRAD5: time = 6.211531e-01 (fn F) masses = 1 iters = 600 mflops = 3.962571e+03
 OK converged final_rsq= 8.2e-11 (cf 1e-10) rel = 1 (cf 0) restarts = 2 iters= 600
GFTIME:   time = 1.393490e-01 (Symanzik1) mflops = 3.794659e+03
FFTIME:  time = 5.100379e-01 (asqtad3) terms = 2 mflops = 2.940553e+03
PLAQ:	1.497886	1.500338
P_LOOP:	-1.391577e-02	-1.178132e-02
G_LOOP:  0  0  4   	1.500068e+00	( 0 1 7 6  )
G_LOOP:  0  1  4   	1.494129e+00	( 0 2 7 5  )
G_LOOP:  0  2  4   	1.501872e+00	( 0 3 7 4  )
G_LOOP:  0  3  4   	1.499460e+00	( 1 2 6 5  )
G_LOOP:  0  4  4   	1.499716e+00	( 1 3 6 4  )
G_LOOP:  0  5  4   	1.499427e+00	( 2 3 5 4  )
G_LOOP:  1  0  6   	7.443911e-01	( 0 0 1 7 7 6  )
G_LOOP:  1  1  6   	7.363440e-01	( 0 0 2 7 7 5  )
G_LOOP:  1  2  6   	7.451287e-01	( 0 0 3 7 7 4  )
G_LOOP:  1  3  6   	7.429316e-01	( 1 1 0 6 6 7  )
G_LOOP:  1  4  6   	7.374183e-01	( 1 1 2 6 6 5  )
G_LOOP:  1  5  6   	7.396254e-01	( 1 1 3 6 6 4  )
G_LOOP:  1  6  6   	7.350054e-01	( 2 2 0 5 5 7  )
G_LOOP:  1  7  6   	7.395602e-01	( 2 2 1 5 5 6  )
G_LOOP:  1  8  6   	7.422656e-01	( 2 2 3 5 5 4  )
G_LOOP:  1  9  6   	7.457821e-01	( 3 3 0 4 4 7  )
G_LOOP:  1  10  6   	7.440980e-01	( 3 3 1 4 4 6  )
G_LOOP:  1  11  6   	7.435065e-01	( 3 3 2 4 4 5  )
G_LOOP:  2  0  6   	7.580413e-01	( 0 1 2 7 6 5  )
G_LOOP:  2  1  6   	7.594399e-01	( 0 1 5 7 6 2  )
G_LOOP:  2  2  6   	7.602800e-01	( 0 6 2 7 1 5  )
G_LOOP:  2  3  6   	7.603390e-01	( 0 6 5 7 1 2  )
G_LOOP:  2  4  6   	7.621794e-01	( 0 1 3 7 6 4  )
G_LOOP:  2  5  6   	7.652648e-01	( 0 1 4 7 6 3  )
G_LOOP:  2  6  6   	7.622968e-01	( 0 6 3 7 1 4  )
G_LOOP:  2  7  6   	7.616749e-01	( 0 6 4 7 1 3  )
G_LOOP:  2  8  6   	7.563729e-01	( 0 2 3 7 5 4  )
G_LOOP:  2  9  6   	7.595969e-01	( 0 2 4 7 5 3  )
G_LOOP:  2  10  6   	7.609918e-01	( 0 5 3 7 2 4  )
G_LOOP:  2  11  6   	7.607973e-01	( 0 5 4 7 2 3  )
G_LOOP:  2  12  6   	7.604965e-01	( 1 2 3 6 5 4  )
G_LOOP:  2  13  6   	7.608241e-01	( 1 2 4 6 5 3  )
G_LOOP:  2  14  6   	7.583448e-01	( 1 5 3 6 2 4  )
G_LOOP:  2  15  6   	7.602719e-01	( 1 5 4 6 2 3  )
GACTION: 6.531885e+00
CONGRAD5: time = 6.223378e-01 (fn F) masses = 1 iters = 600 mflops = 3.955028e+03
 OK converged final_rsq= 8e-11 (cf 1e-10) rel = 1 (cf 0) restarts = 2 iters= 600
CONGRAD5: time = 9.336209e-02 (fn F) masses = 1 iters = 88 mflops = 3.866665e+03
 OK converged final_rsq= 1e-10 (cf 1e-10) rel = 1 (cf 0) restarts = 1 iters= 88
PBP: mass 1.000000e-02     3.617167e-02  4.242414e-02  8.969963e-03  8.972030e-03 ( 1 of 1 )
FACTION: mass = 1.000000e-02,  1.499519e+00 ( 1 of 1 )
CONGRAD5: time = 6.235011e-01 (fn F) masses = 1 iters = 602 mflops = 3.960808e+03
 OK converged final_rsq= 4.6e-11 (cf 1e-10) rel = 1 (cf 0) restarts = 3 iters= 602
CONGRAD5: time = 1.102879e-01 (fn F) masses = 1 iters = 104 mflops = 3.868387e+03
 OK converged final_rsq= 5e-11 (cf 1e-10) rel = 1 (cf 0) restarts = 2 iters= 104
PBP: mass 1.000000e-02     4.708103e-02  3.575377e-02  3.605491e-03  3.613895e-03 ( 1 of 1 )
FACTION: mass = 1.000000e-02,  1.498510e+00 ( 1 of 1 )
CONGRAD5: time = 6.212611e-01 (fn F) masses = 1 iters = 602 mflops = 3.975088e+03
 OK converged final_rsq= 6.5e-11 (cf 1e-10) rel = 1 (cf 0) restarts = 3 iters= 602
CONGRAD5: time = 6.214292e-01 (fn F) masses = 1 iters = 602 mflops = 3.974013e+03
 OK converged final_rsq= 6.2e-11 (cf 1e-10) rel = 1 (cf 0) restarts = 3 iters= 602
GFTIME:   time = 1.397500e-01 (Symanzik1) mflops = 3.783770e+03
FFTIME:  time = 5.117390e-01 (asqtad3) terms = 2 mflops = 2.930778e+03
CONGRAD5: time = 6.229160e-01 (fn F) masses = 1 iters = 602 mflops = 3.964528e+03
 OK converged final_rsq= 6e-11 (cf 1e-10) rel = 1 (cf 0) restarts = 3 iters= 602
CONGRAD5: time = 6.186340e-01 (fn F) masses = 1 iters = 600 mflops = 3.978707e+03
 OK converged final_rsq= 9.9e-11 (cf 1e-10) rel = 1 (cf 0) restarts = 2 iters= 600
GFTIME:   time = 1.393781e-01 (Symanzik1) mflops = 3.793867e+03
FFTIME:  time = 5.096681e-01 (asqtad3) terms = 2 mflops = 2.942686e+03
CONGRAD5: time = 6.208408e-01 (fn F) masses = 1 iters = 602 mflops = 3.977779e+03
 OK converged final_rsq= 5.5e-11 (cf 1e-10) rel = 1 (cf 0) restarts = 3 iters= 602
CONGRAD5: time = 6.169460e-01 (fn F) masses = 1 iters = 599 mflops = 3.982943e+03
 OK converged final_rsq= 9.2e-11 (cf 1e-10) rel = 1 (cf 0) restarts = 2 iters= 599
GFTIME:   time = 1.393471e-01 (Symanzik1) mflops = 3.794711e+03
FFTIME:  time = 5.089130e-01 (asqtad3) terms = 2 mflops = 2.947052e+03
CONGRAD5: time = 6.226680e-01 (fn F) masses = 1 iters = 602 mflops = 3.966107e+03
 OK converged final_rsq= 9.5e-11 (cf 1e-10) rel = 1 (cf 0) restarts = 3 iters= 602
CONGRAD5: time = 6.219301e-01 (fn F) masses = 1 iters = 602 mflops = 3.970812e+03
 OK converged final_rsq= 8.5e-11 (cf 1e-10) rel = 1 (cf 0) restarts = 3 iters= 602
GFTIME:   time = 1.401129e-01 (Symanzik1) mflops = 3.773970e+03
FFTIME:  time = 5.088141e-01 (asqtad3) terms = 2 mflops = 2.947626e+03
CONGRAD5: time = 6.243761e-01 (fn F) masses = 1 iters = 602 mflops = 3.955257e+03
 OK converged final_rsq= 5.4e-11 (cf 1e-10) rel = 1 (cf 0) restarts = 3 iters= 602
CONGRAD5: time = 6.240358e-01 (fn F) masses = 1 iters = 602 mflops = 3.957413e+03
 OK converged final_rsq= 6.4e-11 (cf 1e-10) rel = 1 (cf 0) restarts = 3 iters= 602
GFTIME:   time = 1.396139e-01 (Symanzik1) mflops = 3.787459e+03
FFTIME:  time = 5.088260e-01 (asqtad3) terms = 2 mflops = 2.947556e+03
CONGRAD5: time = 6.267710e-01 (fn F) masses = 1 iters = 602 mflops = 3.940144e+03
 OK converged final_rsq= 5.1e-11 (cf 1e-10) rel = 1 (cf 0) restarts = 3 iters= 602
CONGRAD5: time = 6.223590e-01 (fn F) masses = 1 iters = 602 mflops = 3.968076e+03
 OK converged final_rsq= 4.4e-11 (cf 1e-10) rel = 1 (cf 0) restarts = 3 iters= 602
GFTIME:   time = 1.409609e-01 (Symanzik1) mflops = 3.751265e+03
FFTIME:  time = 5.091531e-01 (asqtad3) terms = 2 mflops = 2.945663e+03
CONGRAD5: time = 6.217139e-01 (fn F) masses = 1 iters = 602 mflops = 3.972193e+03
 OK converged final_rsq= 7.2e-11 (cf 1e-10) rel = 1 (cf 0) restarts = 3 iters= 602
CONGRAD5: time = 6.218789e-01 (fn F) masses = 1 iters = 602 mflops = 3.971140e+03
 OK converged final_rsq= 3.9e-11 (cf 1e-10) rel = 1 (cf 0) restarts = 3 iters= 602
GFTIME:   time = 1.390381e-01 (Symanzik1) mflops = 3.803144e+03
FFTIME:  time = 5.102870e-01 (asqtad3) terms = 2 mflops = 2.939117e+03
CONGRAD5: time = 6.222460e-01 (fn F) masses = 1 iters = 602 mflops = 3.968796e+03
 OK converged final_rsq= 4.9e-11 (cf 1e-10) rel = 1 (cf 0) restarts = 3 iters= 602
CONGRAD5: time = 6.214290e-01 (fn F) masses = 1 iters = 602 mflops = 3.974015e+03
 OK converged final_rsq= 7e-11 (cf 1e-10) rel = 1 (cf 0) restarts = 3 iters= 602
GFTIME:   time = 1.402042e-01 (Symanzik1) mflops = 3.771512e+03
FFTIME:  time = 5.105700e-01 (asqtad3) terms = 2 mflops = 2.937488e+03
CONGRAD5: time = 6.252580e-01 (fn F) masses = 1 iters = 602 mflops = 3.949678e+03
 OK converged final_rsq= 9.4e-11 (cf 1e-10) rel = 1 (cf 0) restarts = 3 iters= 602
CONGRAD5: time = 6.250820e-01 (fn F) masses = 1 iters = 602 mflops = 3.950790e+03
 OK converged final_rsq= 7.1e-11 (cf 1e-10) rel = 1 (cf 0) restarts = 3 iters= 602
GFTIME:   time = 1.394768e-01 (Symanzik1) mflops = 3.791182e+03
FFTIME:  time = 5.084810e-01 (asqtad3) terms = 2 mflops = 2.949556e+03
CONGRAD5: time = 6.254671e-01 (fn F) masses = 1 iters = 602 mflops = 3.948358e+03
 OK converged final_rsq= 8.6e-11 (cf 1e-10) rel = 1 (cf 0) restarts = 3 iters= 602
CONGRAD5: time = 6.212859e-01 (fn F) masses = 1 iters = 600 mflops = 3.961724e+03
 OK converged final_rsq= 8.2e-11 (cf 1e-10) rel = 1 (cf 0) restarts = 2 iters= 600
GFTIME:   time = 1.397181e-01 (Symanzik1) mflops = 3.784635e+03
FFTIME:  time = 5.102038e-01 (asqtad3) terms = 2 mflops = 2.939596e+03
CONGRAD5: time = 6.237710e-01 (fn F) masses = 1 iters = 602 mflops = 3.959094e+03
 OK converged final_rsq= 7.3e-11 (cf 1e-10) rel = 1 (cf 0) restarts = 3 iters= 602
CONGRAD5: time = 6.192861e-01 (fn F) masses = 1 iters = 600 mflops = 3.974517e+03
 OK converged final_rsq= 9.7e-11 (cf 1e-10) rel = 1 (cf 0) restarts = 2 iters= 600
GFTIME:   time = 1.401680e-01 (Symanzik1) mflops = 3.772487e+03
FFTIME:  time = 5.084460e-01 (asqtad3) terms = 2 mflops = 2.949760e+03
CONGRAD5: time = 6.212111e-01 (fn F) masses = 1 iters = 602 mflops = 3.975409e+03
 OK converged final_rsq= 4.1e-11 (cf 1e-10) rel = 1 (cf 0) restarts = 3 iters= 602
CONGRAD5: time = 6.222749e-01 (fn F) masses = 1 iters = 602 mflops = 3.968612e+03
 OK converged final_rsq= 4.3e-11 (cf 1e-10) rel = 1 (cf 0) restarts = 3 iters= 602
GFTIME:   time = 1.399019e-01 (Symanzik1) mflops = 3.779662e+03
FFTIME:  time = 5.103600e-01 (asqtad3) terms = 2 mflops = 2.938697e+03
CONGRAD5: time = 6.920540e-01 (fn F) masses = 1 iters = 669 mflops = 3.965615e+03
 OK converged final_rsq= 9.9e-11 (cf 1e-10) rel = 1 (cf 0) restarts = 3 iters= 669
CONGRAD5: time = 6.232209e-01 (fn F) masses = 1 iters = 602 mflops = 3.962588e+03
 OK converged final_rsq= 6.7e-11 (cf 1e-10) rel = 1 (cf 0) restarts = 3 iters= 602
GFTIME:   time = 1.401958e-01 (Symanzik1) mflops = 3.771737e+03
FFTIME:  time = 5.086119e-01 (asqtad3) terms = 2 mflops = 2.948797e+03
CONGRAD5: time = 7.010760e-01 (fn F) masses = 1 iters = 676 mflops = 3.955542e+03
 OK converged final_rsq= 1e-10 (cf 1e-10) rel = 1 (cf 0) restarts = 3 iters= 676
CONGRAD5: time = 6.247301e-01 (fn F) masses = 1 iters = 602 mflops = 3.953015e+03
 OK converged final_rsq= 4.5e-11 (cf 1e-10) rel = 1 (cf 0) restarts = 3 iters= 602
GFTIME:   time = 1.400549e-01 (Symanzik1) mflops = 3.775531e+03
FFTIME:  time = 5.080712e-01 (asqtad3) terms = 2 mflops = 2.951936e+03
CONGRAD5: time = 7.042649e-01 (fn F) masses = 1 iters = 678 mflops = 3.949282e+03
 OK converged final_rsq= 9.8e-11 (cf 1e-10) rel = 1 (cf 0) restarts = 3 iters= 678
CONGRAD5: time = 6.229479e-01 (fn F) masses = 1 iters = 600 mflops = 3.951154e+03
 OK converged final_rsq= 9.1e-11 (cf 1e-10) rel = 1 (cf 0) restarts = 2 iters= 600
GFTIME:   time = 1.400189e-01 (Symanzik1) mflops = 3.776502e+03
FFTIME:  time = 5.089600e-01 (asqtad3) terms = 2 mflops = 2.946780e+03
PLAQ:	1.474744	1.476482
P_LOOP:	-2.052642e-02	-2.969863e-03
G_LOOP:  0  0  4   	1.475984e+00	( 0 1 7 6  )
G_LOOP:  0  1  4   	1.473090e+00	( 0 2 7 5  )
G_LOOP:  0  2  4   	1.479607e+00	( 0 3 7 4  )
G_LOOP:  0  3  4   	1.475158e+00	( 1 2 6 5  )
G_LOOP:  0  4  4   	1.475008e+00	( 1 3 6 4  )
G_LOOP:  0  5  4   	1.474829e+00	( 2 3 5 4  )
G_LOOP:  1  0  6   	7.184971e-01	( 0 0 1 7 7 6  )
G_LOOP:  1  1  6   	7.159353e-01	( 0 0 2 7 7 5  )
G_LOOP:  1  2  6   	7.240807e-01	( 0 0 3 7 7 4  )
G_LOOP:  1  3  6   	7.200422e-01	( 1 1 0 6 6 7  )
G_LOOP:  1  4  6   	7.173547e-01	( 1 1 2 6 6 5  )
G_LOOP:  1  5  6   	7.152072e-01	( 1 1 3 6 6 4  )
G_LOOP:  1  6  6   	7.124169e-01	( 2 2 0 5 5 7  )
G_LOOP:  1  7  6   	7.127769e-01	( 2 2 1 5 5 6  )
G_LOOP:  1  8  6   	7.156942e-01	( 2 2 3 5 5 4  )
G_LOOP:  1  9  6   	7.235363e-01	( 3 3 0 4 4 7  )
G_LOOP:  1  10  6   	7.168376e-01	( 3 3 1 4 4 6  )
G_LOOP:  1  11  6   	7.184888e-01	( 3 3 2 4 4 5  )
G_LOOP:  2  0  6   	7.309402e-01	( 0 1 2 7 6 5  )
G_LOOP:  2  1  6   	7.334683e-01	( 0 1 5 7 6 2  )
G_LOOP:  2  2  6   	7.358878e-01	( 0 6 2 7 1 5  )
G_LOOP:  2  3  6   	7.311164e-01	( 0 6 5 7 1 2  )
G_LOOP:  2  4  6   	7.339033e-01	( 0 1 3 7 6 4  )
G_LOOP:  2  5  6   	7.386881e-01	( 0 1 4 7 6 3  )
G_LOOP:  2  6  6   	7.380549e-01	( 0 6 3 7 1 4  )
G_LOOP:  2  7  6   	7.320259e-01	( 0 6 4 7 1 3  )
G_LOOP:  2  8  6   	7.381620e-01	( 0 2 3 7 5 4  )
G_LOOP:  2  9  6   	7.344164e-01	( 0 2 4 7 5 3  )
G_LOOP:  2  10  6   	7.362792e-01	( 0 5 3 7 2 4  )
G_LOOP:  2  11  6   	7.341192e-01	( 0 5 4 7 2 3  )
G_LOOP:  2  12  6   	7.332222e-01	( 1 2 3 6 5 4  )
G_LOOP:  2  13  6   	7.315865e-01	( 1 2 4 6 5 3  )
G_LOOP:  2  14  6   	7.331640e-01	( 1 5 3 6 2 4  )
G_LOOP:  2  15  6   	7.295510e-01	( 1 5 4 6 2 3  )
GACTION: 6.646384e+00
CONGRAD5: time = 6.164050e-01 (fn F) masses = 1 iters = 599 mflops = 3.986439e+03
 OK converged final_rsq= 1e-10 (cf 1e-10) rel = 1 (cf 0) restarts = 2 iters= 599
CONGRAD5: time = 9.543610e-02 (fn F) masses = 1 iters = 91 mflops = 3.911589e+03
 OK converged final_rsq= 1e-10 (cf 1e-10) rel = 1 (cf 0) restarts = 1 iters= 91
PBP: mass 1.000000e-02     4.339416e-02  3.936487e-02  7.421302e-03  7.418751e-03 ( 1 of 1 )
FACTION: mass = 1.000000e-02,  1.502066e+00 ( 1 of 1 )
CONGRAD5: time = 6.199999e-01 (fn F) masses = 1 iters = 602 mflops = 3.983175e+03
 OK converged final_rsq= 7.1e-11 (cf 1e-10) rel = 1 (cf 0) restarts = 3 iters= 602
CONGRAD5: time = 1.309781e-01 (fn F) masses = 1 iters = 126 mflops = 3.946356e+03
 OK converged final_rsq= 9.9e-11 (cf 1e-10) rel = 1 (cf 0) restarts = 1 iters= 126
PBP: mass 1.000000e-02     4.858556e-02  4.277414e-02  -1.701513e-03  -1.703251e-03 ( 1 of 1 )
FACTION: mass = 1.000000e-02,  1.501393e+00 ( 1 of 1 )
CONGRAD5: time = 6.215110e-01 (fn F) masses = 1 iters = 602 mflops = 3.973490e+03
 OK converged final_rsq= 8.2e-11 (cf 1e-10) rel = 1 (cf 0) restarts = 3 iters= 602
CONGRAD5: time = 6.196730e-01 (fn F) masses = 1 iters = 602 mflops = 3.985276e+03
 OK converged final_rsq= 5.4e-11 (cf 1e-10) rel = 1 (cf 0) restarts = 3 iters= 602
GFTIME:   time = 1.394682e-01 (Symanzik1) mflops = 3.791415e+03
FFTIME:  time = 5.084109e-01 (asqtad3) terms = 2 mflops = 2.949963e+03
CONGRAD5: time = 7.058580e-01 (fn F) masses = 1 iters = 683 mflops = 3.969427e+03
 OK converged final_rsq= 9.9e-11 (cf 1e-10) rel = 1 (cf 0) restarts = 3 iters= 683
CONGRAD5: time = 6.217241e-01 (fn F) masses = 1 iters = 602 mflops = 3.972128e+03
 OK converged final_rsq= 7.6e-11 (cf 1e-10) rel = 1 (cf 0) restarts = 3 iters= 602
GFTIME:   time = 1.393361e-01 (Symanzik1) mflops = 3.795009e+03
FFTIME:  time = 5.084300e-01 (asqtad3) terms = 2 mflops = 2.949852e+03
CONGRAD5: time = 6.221821e-01 (fn F) masses = 1 iters = 602 mflops = 3.969204e+03
 OK converged final_rsq= 6.9e-11 (cf 1e-10) rel = 1 (cf 0) restarts = 3 iters= 602
CONGRAD5: time = 6.234651e-01 (fn F) masses = 1 iters = 602 mflops = 3.961036e+03
 OK converged final_rsq= 7.2e-11 (cf 1e-10) rel = 1 (cf 0) restarts = 3 iters= 602
GFTIME:   time = 1.400080e-01 (Symanzik1) mflops = 3.776798e+03
FFTIME:  time = 5.097420e-01 (asqtad3) terms = 2 mflops = 2.942260e+03
CONGRAD5: time = 6.259470e-01 (fn F) masses = 1 iters = 602 mflops = 3.945330e+03
 OK converged final_rsq= 8.2e-11 (cf 1e-10) rel = 1 (cf 0) restarts = 3 iters= 602
CONGRAD5: time = 6.231930e-01 (fn F) masses = 1 iters = 602 mflops = 3.962765e+03
 OK converged final_rsq= 4.8e-11 (cf 1e-10) rel = 1 (cf 0) restarts = 3 iters= 602
GFTIME:   time = 1.402540e-01 (Symanzik1) mflops = 3.770172e+03
FFTIME:  time = 5.086720e-01 (asqtad3) terms = 2 mflops = 2.948449e+03
CONGRAD5: time = 6.828630e-01 (fn F) masses = 1 iters = 661 mflops = 3.970931e+03
 OK converged final_rsq= 9.9e-11 (cf 1e-10) rel = 1 (cf 0) restarts = 3 iters= 661
CONGRAD5: time = 6.222000e-01 (fn F) masses = 1 iters = 602 mflops = 3.969090e+03
 OK converged final_rsq= 8.3e-11 (cf 1e-10) rel = 1 (cf 0) restarts = 3 iters= 602
GFTIME:   time = 1.397750e-01 (Symanzik1) mflops = 3.783092e+03
FFTIME:  time = 5.314710e-01 (asqtad3) terms = 2 mflops = 2.821967e+03
CONGRAD5: time = 6.963379e-01 (fn F) masses = 1 iters = 674 mflops = 3.970675e+03
 OK converged final_rsq= 9.9e-11 (cf 1e-10) rel = 1 (cf 0) restarts = 3 iters= 674
CONGRAD5: time = 6.218188e-01 (fn F) masses = 1 iters = 602 mflops = 3.971523e+03
 OK converged final_rsq= 6.3e-11 (cf 1e-10) rel = 1 (cf 0) restarts = 3 iters= 602
GFTIME:   time = 1.390910e-01 (Symanzik1) mflops = 3.801696e+03
FFTIME:  time = 5.069001e-01 (asqtad3) terms = 2 mflops = 2.958756e+03
CONGRAD5: time = 6.252491e-01 (fn F) masses = 1 iters = 602 mflops = 3.949734e+03
 OK converged final_rsq= 9.3e-11 (cf 1e-10) rel = 1 (cf 0) restarts = 3 iters= 602
CONGRAD5: time = 6.248698e-01 (fn F) masses = 1 iters = 602 mflops = 3.952132e+03
 OK converged final_rsq= 5.5e-11 (cf 1e-10) rel = 1 (cf 0) restarts = 3 iters= 602
GFTIME:   time = 1.397161e-01 (Symanzik1) mflops = 3.784687e+03
FFTIME:  time = 5.090320e-01 (asqtad3) terms = 2 mflops = 2.946364e+03
CONGRAD5: time = 6.248960e-01 (fn F) masses = 1 iters = 602 mflops = 3.951966e+03
 OK converged final_rsq= 4.9e-11 (cf 1e-10) rel = 1 (cf 0) restarts = 3 iters= 602
CONGRAD5: time = 6.901691e-01 (fn F) masses = 1 iters = 666 mflops = 3.958614e+03
 OK converged final_rsq= 9.8e-11 (cf 1e-10) rel = 1 (cf 0) restarts = 3 iters= 666
GFTIME:   time = 1.396170e-01 (Symanzik1) mflops = 3.787375e+03
FFTIME:  time = 5.085480e-01 (asqtad3) terms = 2 mflops = 2.949168e+03
CONGRAD5: time = 6.814940e-01 (fn F) masses = 1 iters = 660 mflops = 3.972888e+03
 OK converged final_rsq= 5e-11 (cf 1e-10) rel = 1 (cf 0) restarts = 4 iters= 660
CONGRAD5: time = 6.179650e-01 (fn F) masses = 1 iters = 602 mflops = 3.996291e+03
 OK converged final_rsq= 4.4e-11 (cf 1e-10) rel = 1 (cf 0) restarts = 3 iters= 602
GFTIME:   time = 1.383450e-01 (Symanzik1) mflops = 3.822197e+03
FFTIME:  time = 5.045710e-01 (asqtad3) terms = 2 mflops = 2.972413e+03
CONGRAD5: time = 6.215489e-01 (fn F) masses = 1 iters = 602 mflops = 3.973248e+03
 OK converged final_rsq= 9e-11 (cf 1e-10) rel = 1 (cf 0) restarts = 3 iters= 602
CONGRAD5: time = 6.214552e-01 (fn F) masses = 1 iters = 602 mflops = 3.973847e+03
 OK converged final_rsq= 6.8e-11 (cf 1e-10) rel = 1 (cf 0) restarts = 3 iters= 602
GFTIME:   time = 1.396439e-01 (Symanzik1) mflops = 3.786644e+03
FFTIME:  time = 5.077391e-01 (asqtad3) terms = 2 mflops = 2.953866e+03
CONGRAD5: time = 7.379320e-01 (fn F) masses = 1 iters = 713 mflops = 3.963672e+03
 OK converged final_rsq= 9.9e-11 (cf 1e-10) rel = 1 (cf 0) restarts = 3 iters= 713
CONGRAD5: time = 6.212301e-01 (fn F) masses = 1 iters = 602 mflops = 3.975287e+03
 OK converged final_rsq= 5.9e-11 (cf 1e-10) rel = 1 (cf 0) restarts = 3 iters= 602
GFTIME:   time = 1.399579e-01 (Symanzik1) mflops = 3.778149e+03
FFTIME:  time = 5.073771e-01 (asqtad3) terms = 2 mflops = 2.955974e+03
CONGRAD5: time = 7.335000e-01 (fn F) masses = 1 iters = 708 mflops = 3.959657e+03
 OK converged final_rsq= 9.9e-11 (cf 1e-10) rel = 1 (cf 0) restarts = 3 iters= 708
CONGRAD5: time = 6.230841e-01 (fn F) masses = 1 iters = 602 mflops = 3.963458e+03
 OK converged final_rsq= 4.6e-11 (cf 1e-10) rel = 1 (cf 0) restarts = 3 iters= 602
GFTIME:   time = 1.398489e-01 (Symanzik1) mflops = 3.781093e+03
FFTIME:  time = 5.081260e-01 (asqtad3) terms = 2 mflops = 2.951617e+03
CONGRAD5: time = 6.215730e-01 (fn F) masses = 1 iters = 602 mflops = 3.973094e+03
 OK converged final_rsq= 5.7e-11 (cf 1e-10) rel = 1 (cf 0) restarts = 3 iters= 602
CONGRAD5: time = 7.005970e-01 (fn F) masses = 1 iters = 680 mflops = 3.981668e+03
 OK converged final_rsq= 9.9e-11 (cf 1e-10) rel = 1 (cf 0) restarts = 3 iters= 680
GFTIME:   time = 1.396480e-01 (Symanzik1) mflops = 3.786535e+03
FFTIME:  time = 5.095868e-01 (asqtad3) terms = 2 mflops = 2.943156e+03
CONGRAD5: time = 7.066970e-01 (fn F) masses = 1 iters = 666 mflops = 3.866032e+03
 OK converged final_rsq= 5e-11 (cf 1e-10) rel = 1 (cf 0) restarts = 4 iters= 666
CONGRAD5: time = 6.220291e-01 (fn F) masses = 1 iters = 602 mflops = 3.970181e+03
 OK converged final_rsq= 8.6e-11 (cf 1e-10) rel = 1 (cf 0) restarts = 3 iters= 602
GFTIME:   time = 1.393290e-01 (Symanzik1) mflops = 3.795204e+03
FFTIME:  time = 5.105450e-01 (asqtad3) terms = 2 mflops = 2.937632e+03
CONGRAD5: time = 7.266181e-01 (fn F) masses = 1 iters = 703 mflops = 3.968931e+03
 OK converged final_rsq= 1e-10 (cf 1e-10) rel = 1 (cf 0) restarts = 3 iters= 703
CONGRAD5: time = 7.288091e-01 (fn F) masses = 1 iters = 704 mflops = 3.962628e+03
 OK converged final_rsq= 5e-11 (cf 1e-10) rel = 1 (cf 0) restarts = 4 iters= 704
GFTIME:   time = 1.394632e-01 (Symanzik1) mflops = 3.791551e+03
FFTIME:  time = 5.065949e-01 (asqtad3) terms = 2 mflops = 2.960538e+03
PLAQ:	1.460193	1.460439
P_LOOP:	-5.681515e-03	1.470983e-02
G_LOOP:  0  0  4   	1.462860e+00	( 0 1 7 6  )
G_LOOP:  0  1  4   	1.459667e+00	( 0 2 7 5  )
G_LOOP:  0  2  4   	1.464225e+00	( 0 3 7 4  )
G_LOOP:  0  3  4   	1.458053e+00	( 1 2 6 5  )
G_LOOP:  0  4  4   	1.458102e+00	( 1 3 6 4  )
G_LOOP:  0  5  4   	1.458991e+00	( 2 3 5 4  )
G_LOOP:  1  0  6   	7.044114e-01	( 0 0 1 7 7 6  )
G_LOOP:  1  1  6   	7.001683e-01	( 0 0 2 7 7 5  )
G_LOOP:  1  2  6   	7.064534e-01	( 0 0 3 7 7 4  )
G_LOOP:  1  3  6   	7.046912e-01	( 1 1 0 6 6 7  )
G_LOOP:  1  4  6   	6.971760e-01	( 1 1 2 6 6 5  )
G_LOOP:  1  5  6   	6.963067e-01	( 1 1 3 6 6 4  )
G_LOOP:  1  6  6   	6.973758e-01	( 2 2 0 5 5 7  )
G_LOOP:  1  7  6   	6.981232e-01	( 2 2 1 5 5 6  )
G_LOOP:  1  8  6   	6.977841e-01	( 2 2 3 5 5 4  )
G_LOOP:  1  9  6   	7.051219e-01	( 3 3 0 4 4 7  )
G_LOOP:  1  10  6   	7.012289e-01	( 3 3 1 4 4 6  )
G_LOOP:  1  11  6   	6.983391e-01	( 3 3 2 4 4 5  )
G_LOOP:  2  0  6   	7.119569e-01	( 0 1 2 7 6 5  )
G_LOOP:  2  1  6   	7.136081e-01	( 0 1 5 7 6 2  )
G_LOOP:  2  2  6   	7.205864e-01	( 0 6 2 7 1 5  )
G_LOOP:  2  3  6   	7.129568e-01	( 0 6 5 7 1 2  )
G_LOOP:  2  4  6   	7.151807e-01	( 0 1 3 7 6 4  )
G_LOOP:  2  5  6   	7.179215e-01	( 0 1 4 7 6 3  )
G_LOOP:  2  6  6   	7.225979e-01	( 0 6 3 7 1 4  )
G_LOOP:  2  7  6   	7.152602e-01	( 0 6 4 7 1 3  )
G_LOOP:  2  8  6   	7.193233e-01	( 0 2 3 7 5 4  )
G_LOOP:  2  9  6   	7.155409e-01	( 0 2 4 7 5 3  )
G_LOOP:  2  10  6   	7.174311e-01	( 0 5 3 7 2 4  )
G_LOOP:  2  11  6   	7.158922e-01	( 0 5 4 7 2 3  )
G_LOOP:  2  12  6   	7.121399e-01	( 1 2 3 6 5 4  )
G_LOOP:  2  13  6   	7.112940e-01	( 1 2 4 6 5 3  )
G_LOOP:  2  14  6   	7.106608e-01	( 1 5 3 6 2 4  )
G_LOOP:  2  15  6   	7.096770e-01	( 1 5 4 6 2 3  )
GACTION: 6.719232e+00
CONGRAD5: time = 6.225080e-01 (fn F) masses = 1 iters = 602 mflops = 3.967126e+03
 OK converged final_rsq= 8.8e-11 (cf 1e-10) rel = 1 (cf 0) restarts = 3 iters= 602
CONGRAD5: time = 1.279531e-01 (fn F) masses = 1 iters = 122 mflops = 3.911413e+03
 OK converged final_rsq= 9.9e-11 (cf 1e-10) rel = 1 (cf 0) restarts = 1 iters= 122
PBP: mass 1.000000e-02     5.555199e-02  4.368940e-02  -4.331524e-03  -4.348939e-03 ( 1 of 1 )
FACTION: mass = 1.000000e-02,  1.501287e+00 ( 1 of 1 )
CONGRAD5: time = 6.223249e-01 (fn F) masses = 1 iters = 602 mflops = 3.968293e+03
 OK converged final_rsq= 6.4e-11 (cf 1e-10) rel = 1 (cf 0) restarts = 3 iters= 602
CONGRAD5: time = 1.150920e-01 (fn F) masses = 1 iters = 110 mflops = 3.920774e+03
 OK converged final_rsq= 1e-10 (cf 1e-10) rel = 1 (cf 0) restarts = 1 iters= 110
PBP: mass 1.000000e-02     5.376833e-02  4.562878e-02  -5.653563e-03  -5.648705e-03 ( 1 of 1 )
FACTION: mass = 1.000000e-02,  1.501514e+00 ( 1 of 1 )
RUNNING COMPLETED
average cg iters for step= 1.219000e+03
Time = 1.385527e+02 seconds
total_iters = 152537
Checksums 7bb45b68 d977e3c0
Saved gauge configuration in parallel to binary file lat_p64_size128_2
Time stamp Thu May 19 18:44:08 2022
Wrote info file lat_p64_size128_2.info
Time to save = 4.006386e-02
CHECK PLAQ: 1.460193e+00 1.460439e+00
CHECK NERSC LINKTR: 1.427689e-01 CKSUM: 5cf947c6


get_i(0): EOF on input.
Elapsed total time: 158.522329
exit: Thu May 19 18:44:08 2022

