SU3 with improved KS action
Microcanonical simulation with refreshing
R algorithm
MIMD version 7.8.1
Machine = MPI (portable), with 32 nodes
Host(0) = ault03.cscs.ch
Username = mcopik
Options selected...
Generic single precision
C_GLOBAL_INLINE
DBLSTORE_FN
D_FN_GATHER13
FEWSUMS
KS_MULTIFF=FNMAT
VECLENGTH=4
type 0 for no prompts, 1 for prompts, or 2 for proofreading
nflavors1 2
nflavors2 1
nx 16
ny 8
nz 8
nt 36
iseed 5682304
LAYOUT = Hypercubes, options = hyper_prime,
automatic hyper_prime layout
ON EACH NODE 4 x 4 x 8 x 9
Mallocing 1.1 MBytes per node for lattice
WARNING!!: Resetting random seed
Made lattice
Made nn gathers
Made 3nn gathers
Finished setup


warms 0
trajecs 4
traj_between_meas 1
beta 5.6
mass1 0.125
mass2 0.125
u0 0.8441
microcanonical_time_step 0.2
steps_per_trajectory 5
max_cg_iterations 100
max_cg_restarts 5
error_per_site 0.125
error_for_propagator 0.125
npbp_reps 1
prec_pbp 1
fresh 
save_parallel lat_p64_size64_1
unit gauge configuration loaded
CHECK PLAQ: 3.000000e+00 3.000000e+00
CHECK NERSC LINKTR: 1.000000e+00 CKSUM: 0
Unitarity checked.  Max deviation 0.00e+00
Time to check unitarity = 3.440380e-04
"O(a^2): couplings(pi)=0, Naik term, No O(a^2) errors, tadpole weights"
path coefficients: npath  path_coeff  multiplicity
                    0      6.250000e-01     8
                    1      -5.847914e-02     8
                    2      -8.771871e-02     48
                    3      3.077829e-02     192
                    4      -7.199551e-03     384
                    5      -1.231132e-01     48
Symanzik 1x1 + 1x2 + 1x1x1 action
gauge_action: total_dyn_flavors = 3
loop coefficients: nloop rep loop_coeff  multiplicity
                    0 0      1.000000e+00     6
                    1 0      -7.762509e-02     12
                    2 0      -1.031171e-02     16
WARMUPS COMPLETED
CONGRAD5: time = 2.231836e-03 (fn F) masses = 1 iters = 4 mflops = 2.450760e+03
 OK converged final_rsq= 0.0061 (cf 0.016) rel = 1 (cf 0) restarts = 1 iters= 4
CONGRAD5: time = 2.146959e-03 (fn F) masses = 1 iters = 4 mflops = 2.547648e+03
 OK converged final_rsq= 0.006 (cf 0.016) rel = 1 (cf 0) restarts = 1 iters= 4
GFTIME:   time = 4.058099e-02 (Symanzik1) mflops = 4.343428e+03
FFTIME:  time = 1.055551e-01 (asqtad3) terms = 2 mflops = 4.736212e+03
CONGRAD5: time = 2.217054e-03 (fn F) masses = 1 iters = 4 mflops = 2.467101e+03
 OK converged final_rsq= 0.01 (cf 0.016) rel = 1 (cf 0) restarts = 1 iters= 4
CONGRAD5: time = 2.288818e-03 (fn F) masses = 1 iters = 4 mflops = 2.389747e+03
 OK converged final_rsq= 0.0097 (cf 0.016) rel = 1 (cf 0) restarts = 1 iters= 4
GFTIME:   time = 4.166603e-02 (Symanzik1) mflops = 4.230319e+03
FFTIME:  time = 1.046240e-01 (asqtad3) terms = 2 mflops = 4.778358e+03
CONGRAD5: time = 2.185822e-03 (fn F) masses = 1 iters = 4 mflops = 2.502353e+03
 OK converged final_rsq= 0.014 (cf 0.016) rel = 1 (cf 0) restarts = 1 iters= 4
CONGRAD5: time = 2.122164e-03 (fn F) masses = 1 iters = 4 mflops = 2.577415e+03
 OK converged final_rsq= 0.014 (cf 0.016) rel = 1 (cf 0) restarts = 1 iters= 4
GFTIME:   time = 4.028296e-02 (Symanzik1) mflops = 4.375562e+03
FFTIME:  time = 1.041639e-01 (asqtad3) terms = 2 mflops = 4.799467e+03
CONGRAD5: time = 2.233982e-03 (fn F) masses = 1 iters = 4 mflops = 2.448406e+03
 OK converged final_rsq= 0.013 (cf 0.016) rel = 1 (cf 0) restarts = 1 iters= 4
CONGRAD5: time = 2.208948e-03 (fn F) masses = 1 iters = 4 mflops = 2.476154e+03
 OK converged final_rsq= 0.013 (cf 0.016) rel = 1 (cf 0) restarts = 1 iters= 4
GFTIME:   time = 4.153514e-02 (Symanzik1) mflops = 4.243650e+03
FFTIME:  time = 1.046979e-01 (asqtad3) terms = 2 mflops = 4.774985e+03
CONGRAD5: time = 2.166986e-03 (fn F) masses = 1 iters = 4 mflops = 2.524103e+03
 OK converged final_rsq= 0.011 (cf 0.016) rel = 1 (cf 0) restarts = 1 iters= 4
CONGRAD5: time = 2.201796e-03 (fn F) masses = 1 iters = 4 mflops = 2.484198e+03
 OK converged final_rsq= 0.011 (cf 0.016) rel = 1 (cf 0) restarts = 1 iters= 4
GFTIME:   time = 4.111004e-02 (Symanzik1) mflops = 4.287532e+03
FFTIME:  time = 1.044211e-01 (asqtad3) terms = 2 mflops = 4.787643e+03
PLAQ:	2.349601	2.349835
P_LOOP:	-8.084806e-03	8.713320e-03
G_LOOP:  0  0  4   	2.349396e+00	( 0 1 7 6  )
G_LOOP:  0  1  4   	2.350077e+00	( 0 2 7 5  )
G_LOOP:  0  2  4   	2.345959e+00	( 0 3 7 4  )
G_LOOP:  0  3  4   	2.349329e+00	( 1 2 6 5  )
G_LOOP:  0  4  4   	2.353793e+00	( 1 3 6 4  )
G_LOOP:  0  5  4   	2.349753e+00	( 2 3 5 4  )
G_LOOP:  1  0  6   	1.776418e+00	( 0 0 1 7 7 6  )
G_LOOP:  1  1  6   	1.775458e+00	( 0 0 2 7 7 5  )
G_LOOP:  1  2  6   	1.771841e+00	( 0 0 3 7 7 4  )
G_LOOP:  1  3  6   	1.776159e+00	( 1 1 0 6 6 7  )
G_LOOP:  1  4  6   	1.777992e+00	( 1 1 2 6 6 5  )
G_LOOP:  1  5  6   	1.780394e+00	( 1 1 3 6 6 4  )
G_LOOP:  1  6  6   	1.775600e+00	( 2 2 0 5 5 7  )
G_LOOP:  1  7  6   	1.773827e+00	( 2 2 1 5 5 6  )
G_LOOP:  1  8  6   	1.774903e+00	( 2 2 3 5 5 4  )
G_LOOP:  1  9  6   	1.766301e+00	( 3 3 0 4 4 7  )
G_LOOP:  1  10  6   	1.784863e+00	( 3 3 1 4 4 6  )
G_LOOP:  1  11  6   	1.775867e+00	( 3 3 2 4 4 5  )
G_LOOP:  2  0  6   	1.821945e+00	( 0 1 2 7 6 5  )
G_LOOP:  2  1  6   	1.820811e+00	( 0 1 5 7 6 2  )
G_LOOP:  2  2  6   	1.824942e+00	( 0 6 2 7 1 5  )
G_LOOP:  2  3  6   	1.822656e+00	( 0 6 5 7 1 2  )
G_LOOP:  2  4  6   	1.818289e+00	( 0 1 3 7 6 4  )
G_LOOP:  2  5  6   	1.824846e+00	( 0 1 4 7 6 3  )
G_LOOP:  2  6  6   	1.825465e+00	( 0 6 3 7 1 4  )
G_LOOP:  2  7  6   	1.821118e+00	( 0 6 4 7 1 3  )
G_LOOP:  2  8  6   	1.821953e+00	( 0 2 3 7 5 4  )
G_LOOP:  2  9  6   	1.817864e+00	( 0 2 4 7 5 3  )
G_LOOP:  2  10  6   	1.822062e+00	( 0 5 3 7 2 4  )
G_LOOP:  2  11  6   	1.817336e+00	( 0 5 4 7 2 3  )
G_LOOP:  2  12  6   	1.824341e+00	( 1 2 3 6 5 4  )
G_LOOP:  2  13  6   	1.819176e+00	( 1 2 4 6 5 3  )
G_LOOP:  2  14  6   	1.830293e+00	( 1 5 3 6 2 4  )
G_LOOP:  2  15  6   	1.827528e+00	( 1 5 4 6 2 3  )
GACTION: 2.567086e+00
CONGRAD5: time = 2.291918e-03 (fn F) masses = 1 iters = 4 mflops = 2.386515e+03
 OK converged final_rsq= 0.01 (cf 0.016) rel = 1 (cf 0) restarts = 1 iters= 4
CONGRAD5: time = 2.758980e-03 (fn F) masses = 1 iters = 6 mflops = 2.973760e+03
 OK converged final_rsq= 0.0078 (cf 0.016) rel = 1 (cf 0) restarts = 1 iters= 6
PBP: mass 1.250000e-01     6.951406e-02  1.076963e-01  -1.588555e-03  -2.674904e-03 ( 1 of 1 )
FACTION: mass = 1.250000e-01,  1.460881e+00 ( 1 of 1 )
CONGRAD5: time = 2.166033e-03 (fn F) masses = 1 iters = 4 mflops = 2.525214e+03
 OK converged final_rsq= 0.01 (cf 0.016) rel = 1 (cf 0) restarts = 1 iters= 4
CONGRAD5: time = 2.755880e-03 (fn F) masses = 1 iters = 6 mflops = 2.977105e+03
 OK converged final_rsq= 0.0082 (cf 0.016) rel = 1 (cf 0) restarts = 1 iters= 6
PBP: mass 1.250000e-01     6.688204e-02  1.132018e-01  2.818129e-03  3.788318e-03 ( 1 of 1 )
FACTION: mass = 1.250000e-01,  1.478037e+00 ( 1 of 1 )
CONGRAD5: time = 2.135992e-03 (fn F) masses = 1 iters = 4 mflops = 2.560729e+03
 OK converged final_rsq= 0.011 (cf 0.016) rel = 1 (cf 0) restarts = 1 iters= 4
CONGRAD5: time = 2.229929e-03 (fn F) masses = 1 iters = 4 mflops = 2.452857e+03
 OK converged final_rsq= 0.011 (cf 0.016) rel = 1 (cf 0) restarts = 1 iters= 4
GFTIME:   time = 4.135013e-02 (Symanzik1) mflops = 4.262638e+03
FFTIME:  time = 1.047032e-01 (asqtad3) terms = 2 mflops = 4.774746e+03
CONGRAD5: time = 2.485037e-03 (fn F) masses = 1 iters = 5 mflops = 2.751315e+03
 OK converged final_rsq= 0.0069 (cf 0.016) rel = 1 (cf 0) restarts = 1 iters= 5
CONGRAD5: time = 2.154112e-03 (fn F) masses = 1 iters = 4 mflops = 2.539188e+03
 OK converged final_rsq= 0.015 (cf 0.016) rel = 1 (cf 0) restarts = 1 iters= 4
GFTIME:   time = 4.119110e-02 (Symanzik1) mflops = 4.279094e+03
FFTIME:  time = 1.043901e-01 (asqtad3) terms = 2 mflops = 4.789065e+03
CONGRAD5: time = 2.498865e-03 (fn F) masses = 1 iters = 5 mflops = 2.736090e+03
 OK converged final_rsq= 0.0087 (cf 0.016) rel = 1 (cf 0) restarts = 1 iters= 5
CONGRAD5: time = 2.423048e-03 (fn F) masses = 1 iters = 5 mflops = 2.821702e+03
 OK converged final_rsq= 0.0084 (cf 0.016) rel = 1 (cf 0) restarts = 1 iters= 5
GFTIME:   time = 4.110098e-02 (Symanzik1) mflops = 4.288477e+03
FFTIME:  time = 1.046979e-01 (asqtad3) terms = 2 mflops = 4.774985e+03
CONGRAD5: time = 2.487183e-03 (fn F) masses = 1 iters = 5 mflops = 2.748942e+03
 OK converged final_rsq= 0.0084 (cf 0.016) rel = 1 (cf 0) restarts = 1 iters= 5
CONGRAD5: time = 2.475977e-03 (fn F) masses = 1 iters = 5 mflops = 2.761383e+03
 OK converged final_rsq= 0.0082 (cf 0.016) rel = 1 (cf 0) restarts = 1 iters= 5
GFTIME:   time = 4.135990e-02 (Symanzik1) mflops = 4.261630e+03
FFTIME:  time = 1.046360e-01 (asqtad3) terms = 2 mflops = 4.777814e+03
CONGRAD5: time = 2.161026e-03 (fn F) masses = 1 iters = 4 mflops = 2.531064e+03
 OK converged final_rsq= 0.015 (cf 0.016) rel = 1 (cf 0) restarts = 1 iters= 4
CONGRAD5: time = 2.105236e-03 (fn F) masses = 1 iters = 4 mflops = 2.598139e+03
 OK converged final_rsq= 0.015 (cf 0.016) rel = 1 (cf 0) restarts = 1 iters= 4
GFTIME:   time = 4.084992e-02 (Symanzik1) mflops = 4.314833e+03
FFTIME:  time = 1.050529e-01 (asqtad3) terms = 2 mflops = 4.758849e+03
PLAQ:	2.013172	2.017219
P_LOOP:	1.960852e-02	-2.494796e-02
G_LOOP:  0  0  4   	2.017202e+00	( 0 1 7 6  )
G_LOOP:  0  1  4   	2.013733e+00	( 0 2 7 5  )
G_LOOP:  0  2  4   	2.019144e+00	( 0 3 7 4  )
G_LOOP:  0  3  4   	2.008581e+00	( 1 2 6 5  )
G_LOOP:  0  4  4   	2.017523e+00	( 1 3 6 4  )
G_LOOP:  0  5  4   	2.014990e+00	( 2 3 5 4  )
G_LOOP:  1  0  6   	1.304672e+00	( 0 0 1 7 7 6  )
G_LOOP:  1  1  6   	1.302535e+00	( 0 0 2 7 7 5  )
G_LOOP:  1  2  6   	1.309334e+00	( 0 0 3 7 7 4  )
G_LOOP:  1  3  6   	1.308088e+00	( 1 1 0 6 6 7  )
G_LOOP:  1  4  6   	1.293703e+00	( 1 1 2 6 6 5  )
G_LOOP:  1  5  6   	1.305435e+00	( 1 1 3 6 6 4  )
G_LOOP:  1  6  6   	1.305355e+00	( 2 2 0 5 5 7  )
G_LOOP:  1  7  6   	1.297786e+00	( 2 2 1 5 5 6  )
G_LOOP:  1  8  6   	1.302078e+00	( 2 2 3 5 5 4  )
G_LOOP:  1  9  6   	1.310564e+00	( 3 3 0 4 4 7  )
G_LOOP:  1  10  6   	1.307580e+00	( 3 3 1 4 4 6  )
G_LOOP:  1  11  6   	1.308746e+00	( 3 3 2 4 4 5  )
G_LOOP:  2  0  6   	1.344830e+00	( 0 1 2 7 6 5  )
G_LOOP:  2  1  6   	1.341135e+00	( 0 1 5 7 6 2  )
G_LOOP:  2  2  6   	1.352155e+00	( 0 6 2 7 1 5  )
G_LOOP:  2  3  6   	1.342497e+00	( 0 6 5 7 1 2  )
G_LOOP:  2  4  6   	1.349918e+00	( 0 1 3 7 6 4  )
G_LOOP:  2  5  6   	1.355072e+00	( 0 1 4 7 6 3  )
G_LOOP:  2  6  6   	1.352955e+00	( 0 6 3 7 1 4  )
G_LOOP:  2  7  6   	1.354463e+00	( 0 6 4 7 1 3  )
G_LOOP:  2  8  6   	1.349836e+00	( 0 2 3 7 5 4  )
G_LOOP:  2  9  6   	1.344382e+00	( 0 2 4 7 5 3  )
G_LOOP:  2  10  6   	1.347910e+00	( 0 5 3 7 2 4  )
G_LOOP:  2  11  6   	1.345573e+00	( 0 5 4 7 2 3  )
G_LOOP:  2  12  6   	1.348588e+00	( 1 2 3 6 5 4  )
G_LOOP:  2  13  6   	1.343335e+00	( 1 2 4 6 5 3  )
G_LOOP:  2  14  6   	1.341432e+00	( 1 5 3 6 2 4  )
G_LOOP:  2  15  6   	1.347296e+00	( 1 5 4 6 2 3  )
GACTION: 4.056985e+00
CONGRAD5: time = 2.131224e-03 (fn F) masses = 1 iters = 4 mflops = 2.566458e+03
 OK converged final_rsq= 0.014 (cf 0.016) rel = 1 (cf 0) restarts = 1 iters= 4
CONGRAD5: time = 2.777100e-03 (fn F) masses = 1 iters = 6 mflops = 2.954357e+03
 OK converged final_rsq= 0.013 (cf 0.016) rel = 1 (cf 0) restarts = 1 iters= 6
PBP: mass 1.250000e-01     8.690378e-02  1.716741e-01  -2.287688e-03  -1.246880e-03 ( 1 of 1 )
FACTION: mass = 1.250000e-01,  1.453105e+00 ( 1 of 1 )
CONGRAD5: time = 2.053976e-03 (fn F) masses = 1 iters = 4 mflops = 2.662979e+03
 OK converged final_rsq= 0.014 (cf 0.016) rel = 1 (cf 0) restarts = 1 iters= 4
CONGRAD5: time = 2.743959e-03 (fn F) masses = 1 iters = 6 mflops = 2.990038e+03
 OK converged final_rsq= 0.013 (cf 0.016) rel = 1 (cf 0) restarts = 1 iters= 6
PBP: mass 1.250000e-01     9.176318e-02  1.607143e-01  -4.144179e-03  -3.913468e-03 ( 1 of 1 )
FACTION: mass = 1.250000e-01,  1.441279e+00 ( 1 of 1 )
CONGRAD5: time = 2.484083e-03 (fn F) masses = 1 iters = 5 mflops = 2.752372e+03
 OK converged final_rsq= 0.0074 (cf 0.016) rel = 1 (cf 0) restarts = 1 iters= 5
CONGRAD5: time = 2.136946e-03 (fn F) masses = 1 iters = 4 mflops = 2.559586e+03
 OK converged final_rsq= 0.015 (cf 0.016) rel = 1 (cf 0) restarts = 1 iters= 4
GFTIME:   time = 4.132819e-02 (Symanzik1) mflops = 4.264900e+03
FFTIME:  time = 1.057382e-01 (asqtad3) terms = 2 mflops = 4.728010e+03
CONGRAD5: time = 2.501965e-03 (fn F) masses = 1 iters = 5 mflops = 2.732701e+03
 OK converged final_rsq= 0.0094 (cf 0.016) rel = 1 (cf 0) restarts = 1 iters= 5
CONGRAD5: time = 2.434969e-03 (fn F) masses = 1 iters = 5 mflops = 2.807888e+03
 OK converged final_rsq= 0.0086 (cf 0.016) rel = 1 (cf 0) restarts = 1 iters= 5
GFTIME:   time = 4.062986e-02 (Symanzik1) mflops = 4.338203e+03
FFTIME:  time = 1.048980e-01 (asqtad3) terms = 2 mflops = 4.765880e+03
CONGRAD5: time = 2.500057e-03 (fn F) masses = 1 iters = 5 mflops = 2.734785e+03
 OK converged final_rsq= 0.011 (cf 0.016) rel = 1 (cf 0) restarts = 1 iters= 5
CONGRAD5: time = 2.620935e-03 (fn F) masses = 1 iters = 5 mflops = 2.608656e+03
 OK converged final_rsq= 0.01 (cf 0.016) rel = 1 (cf 0) restarts = 1 iters= 5
GFTIME:   time = 4.123306e-02 (Symanzik1) mflops = 4.274740e+03
FFTIME:  time = 1.046970e-01 (asqtad3) terms = 2 mflops = 4.775029e+03
CONGRAD5: time = 2.557039e-03 (fn F) masses = 1 iters = 5 mflops = 2.673842e+03
 OK converged final_rsq= 0.01 (cf 0.016) rel = 1 (cf 0) restarts = 1 iters= 5
CONGRAD5: time = 2.533913e-03 (fn F) masses = 1 iters = 5 mflops = 2.698246e+03
 OK converged final_rsq= 0.01 (cf 0.016) rel = 1 (cf 0) restarts = 1 iters= 5
GFTIME:   time = 4.127693e-02 (Symanzik1) mflops = 4.270196e+03
FFTIME:  time = 1.048820e-01 (asqtad3) terms = 2 mflops = 4.766606e+03
CONGRAD5: time = 2.517939e-03 (fn F) masses = 1 iters = 5 mflops = 2.715364e+03
 OK converged final_rsq= 0.01 (cf 0.016) rel = 1 (cf 0) restarts = 1 iters= 5
CONGRAD5: time = 2.457142e-03 (fn F) masses = 1 iters = 5 mflops = 2.782550e+03
 OK converged final_rsq= 0.0096 (cf 0.016) rel = 1 (cf 0) restarts = 1 iters= 5
GFTIME:   time = 4.094195e-02 (Symanzik1) mflops = 4.305134e+03
FFTIME:  time = 1.039579e-01 (asqtad3) terms = 2 mflops = 4.808977e+03
PLAQ:	1.794639	1.794439
P_LOOP:	2.967754e-02	-1.808640e-02
G_LOOP:  0  0  4   	1.799420e+00	( 0 1 7 6  )
G_LOOP:  0  1  4   	1.790888e+00	( 0 2 7 5  )
G_LOOP:  0  2  4   	1.793695e+00	( 0 3 7 4  )
G_LOOP:  0  3  4   	1.793609e+00	( 1 2 6 5  )
G_LOOP:  0  4  4   	1.798660e+00	( 1 3 6 4  )
G_LOOP:  0  5  4   	1.790963e+00	( 2 3 5 4  )
G_LOOP:  1  0  6   	1.039154e+00	( 0 0 1 7 7 6  )
G_LOOP:  1  1  6   	1.024794e+00	( 0 0 2 7 7 5  )
G_LOOP:  1  2  6   	1.023798e+00	( 0 0 3 7 7 4  )
G_LOOP:  1  3  6   	1.034941e+00	( 1 1 0 6 6 7  )
G_LOOP:  1  4  6   	1.029027e+00	( 1 1 2 6 6 5  )
G_LOOP:  1  5  6   	1.034595e+00	( 1 1 3 6 6 4  )
G_LOOP:  1  6  6   	1.022471e+00	( 2 2 0 5 5 7  )
G_LOOP:  1  7  6   	1.024796e+00	( 2 2 1 5 5 6  )
G_LOOP:  1  8  6   	1.018340e+00	( 2 2 3 5 5 4  )
G_LOOP:  1  9  6   	1.030807e+00	( 3 3 0 4 4 7  )
G_LOOP:  1  10  6   	1.039294e+00	( 3 3 1 4 4 6  )
G_LOOP:  1  11  6   	1.019778e+00	( 3 3 2 4 4 5  )
G_LOOP:  2  0  6   	1.053655e+00	( 0 1 2 7 6 5  )
G_LOOP:  2  1  6   	1.063683e+00	( 0 1 5 7 6 2  )
G_LOOP:  2  2  6   	1.062778e+00	( 0 6 2 7 1 5  )
G_LOOP:  2  3  6   	1.061709e+00	( 0 6 5 7 1 2  )
G_LOOP:  2  4  6   	1.061796e+00	( 0 1 3 7 6 4  )
G_LOOP:  2  5  6   	1.069225e+00	( 0 1 4 7 6 3  )
G_LOOP:  2  6  6   	1.062380e+00	( 0 6 3 7 1 4  )
G_LOOP:  2  7  6   	1.069684e+00	( 0 6 4 7 1 3  )
G_LOOP:  2  8  6   	1.057541e+00	( 0 2 3 7 5 4  )
G_LOOP:  2  9  6   	1.062605e+00	( 0 2 4 7 5 3  )
G_LOOP:  2  10  6   	1.055512e+00	( 0 5 3 7 2 4  )
G_LOOP:  2  11  6   	1.058250e+00	( 0 5 4 7 2 3  )
G_LOOP:  2  12  6   	1.062194e+00	( 1 2 3 6 5 4  )
G_LOOP:  2  13  6   	1.061215e+00	( 1 2 4 6 5 3  )
G_LOOP:  2  14  6   	1.058760e+00	( 1 5 3 6 2 4  )
G_LOOP:  2  15  6   	1.056663e+00	( 1 5 4 6 2 3  )
GACTION: 5.076400e+00
CONGRAD5: time = 2.499819e-03 (fn F) masses = 1 iters = 5 mflops = 2.735046e+03
 OK converged final_rsq= 0.0085 (cf 0.016) rel = 1 (cf 0) restarts = 1 iters= 5
CONGRAD5: time = 2.768993e-03 (fn F) masses = 1 iters = 6 mflops = 2.963006e+03
 OK converged final_rsq= 0.015 (cf 0.016) rel = 1 (cf 0) restarts = 1 iters= 6
PBP: mass 1.250000e-01     1.066392e-01  3.081026e-01  4.654740e-03  3.557145e-03 ( 1 of 1 )
FACTION: mass = 1.250000e-01,  1.448462e+00 ( 1 of 1 )
CONGRAD5: time = 2.403975e-03 (fn F) masses = 1 iters = 5 mflops = 2.844090e+03
 OK converged final_rsq= 0.0084 (cf 0.016) rel = 1 (cf 0) restarts = 1 iters= 5
CONGRAD5: time = 2.714872e-03 (fn F) masses = 1 iters = 6 mflops = 3.022074e+03
 OK converged final_rsq= 0.015 (cf 0.016) rel = 1 (cf 0) restarts = 1 iters= 6
PBP: mass 1.250000e-01     1.025752e-01  3.140966e-01  -6.163071e-04  -7.534923e-04 ( 1 of 1 )
FACTION: mass = 1.250000e-01,  1.444132e+00 ( 1 of 1 )
CONGRAD5: time = 2.491951e-03 (fn F) masses = 1 iters = 5 mflops = 2.743682e+03
 OK converged final_rsq= 0.0099 (cf 0.016) rel = 1 (cf 0) restarts = 1 iters= 5
CONGRAD5: time = 2.618074e-03 (fn F) masses = 1 iters = 5 mflops = 2.611507e+03
 OK converged final_rsq= 0.0096 (cf 0.016) rel = 1 (cf 0) restarts = 1 iters= 5
GFTIME:   time = 4.134393e-02 (Symanzik1) mflops = 4.263277e+03
FFTIME:  time = 1.043680e-01 (asqtad3) terms = 2 mflops = 4.790082e+03
CONGRAD5: time = 2.506018e-03 (fn F) masses = 1 iters = 5 mflops = 2.728281e+03
 OK converged final_rsq= 0.011 (cf 0.016) rel = 1 (cf 0) restarts = 1 iters= 5
CONGRAD5: time = 2.542973e-03 (fn F) masses = 1 iters = 5 mflops = 2.688633e+03
 OK converged final_rsq= 0.011 (cf 0.016) rel = 1 (cf 0) restarts = 1 iters= 5
GFTIME:   time = 4.095697e-02 (Symanzik1) mflops = 4.303555e+03
FFTIME:  time = 1.052439e-01 (asqtad3) terms = 2 mflops = 4.750214e+03
CONGRAD5: time = 2.493143e-03 (fn F) masses = 1 iters = 5 mflops = 2.742370e+03
 OK converged final_rsq= 0.012 (cf 0.016) rel = 1 (cf 0) restarts = 1 iters= 5
CONGRAD5: time = 2.431870e-03 (fn F) masses = 1 iters = 5 mflops = 2.811467e+03
 OK converged final_rsq= 0.012 (cf 0.016) rel = 1 (cf 0) restarts = 1 iters= 5
GFTIME:   time = 4.121113e-02 (Symanzik1) mflops = 4.277015e+03
FFTIME:  time = 1.042829e-01 (asqtad3) terms = 2 mflops = 4.793992e+03
CONGRAD5: time = 2.464056e-03 (fn F) masses = 1 iters = 5 mflops = 2.774742e+03
 OK converged final_rsq= 0.013 (cf 0.016) rel = 1 (cf 0) restarts = 1 iters= 5
CONGRAD5: time = 2.440929e-03 (fn F) masses = 1 iters = 5 mflops = 2.801031e+03
 OK converged final_rsq= 0.012 (cf 0.016) rel = 1 (cf 0) restarts = 1 iters= 5
GFTIME:   time = 4.091692e-02 (Symanzik1) mflops = 4.307768e+03
FFTIME:  time = 1.046200e-01 (asqtad3) terms = 2 mflops = 4.778544e+03
CONGRAD5: time = 2.521992e-03 (fn F) masses = 1 iters = 5 mflops = 2.711000e+03
 OK converged final_rsq= 0.012 (cf 0.016) rel = 1 (cf 0) restarts = 1 iters= 5
CONGRAD5: time = 2.531052e-03 (fn F) masses = 1 iters = 5 mflops = 2.701296e+03
 OK converged final_rsq= 0.011 (cf 0.016) rel = 1 (cf 0) restarts = 1 iters= 5
GFTIME:   time = 4.143286e-02 (Symanzik1) mflops = 4.254126e+03
FFTIME:  time = 1.052980e-01 (asqtad3) terms = 2 mflops = 4.747772e+03
PLAQ:	1.645792	1.643904
P_LOOP:	-8.197186e-03	5.077758e-02
G_LOOP:  0  0  4   	1.650007e+00	( 0 1 7 6  )
G_LOOP:  0  1  4   	1.645946e+00	( 0 2 7 5  )
G_LOOP:  0  2  4   	1.649325e+00	( 0 3 7 4  )
G_LOOP:  0  3  4   	1.641424e+00	( 1 2 6 5  )
G_LOOP:  0  4  4   	1.644123e+00	( 1 3 6 4  )
G_LOOP:  0  5  4   	1.638263e+00	( 2 3 5 4  )
G_LOOP:  1  0  6   	8.645052e-01	( 0 0 1 7 7 6  )
G_LOOP:  1  1  6   	8.604069e-01	( 0 0 2 7 7 5  )
G_LOOP:  1  2  6   	8.604076e-01	( 0 0 3 7 7 4  )
G_LOOP:  1  3  6   	8.649686e-01	( 1 1 0 6 6 7  )
G_LOOP:  1  4  6   	8.485101e-01	( 1 1 2 6 6 5  )
G_LOOP:  1  5  6   	8.500264e-01	( 1 1 3 6 6 4  )
G_LOOP:  1  6  6   	8.576334e-01	( 2 2 0 5 5 7  )
G_LOOP:  1  7  6   	8.497820e-01	( 2 2 1 5 5 6  )
G_LOOP:  1  8  6   	8.487023e-01	( 2 2 3 5 5 4  )
G_LOOP:  1  9  6   	8.548094e-01	( 3 3 0 4 4 7  )
G_LOOP:  1  10  6   	8.516216e-01	( 3 3 1 4 4 6  )
G_LOOP:  1  11  6   	8.489936e-01	( 3 3 2 4 4 5  )
G_LOOP:  2  0  6   	8.770076e-01	( 0 1 2 7 6 5  )
G_LOOP:  2  1  6   	8.790823e-01	( 0 1 5 7 6 2  )
G_LOOP:  2  2  6   	8.813909e-01	( 0 6 2 7 1 5  )
G_LOOP:  2  3  6   	8.765040e-01	( 0 6 5 7 1 2  )
G_LOOP:  2  4  6   	8.733976e-01	( 0 1 3 7 6 4  )
G_LOOP:  2  5  6   	8.860708e-01	( 0 1 4 7 6 3  )
G_LOOP:  2  6  6   	8.837483e-01	( 0 6 3 7 1 4  )
G_LOOP:  2  7  6   	8.815830e-01	( 0 6 4 7 1 3  )
G_LOOP:  2  8  6   	8.733226e-01	( 0 2 3 7 5 4  )
G_LOOP:  2  9  6   	8.755202e-01	( 0 2 4 7 5 3  )
G_LOOP:  2  10  6   	8.772982e-01	( 0 5 3 7 2 4  )
G_LOOP:  2  11  6   	8.789451e-01	( 0 5 4 7 2 3  )
G_LOOP:  2  12  6   	8.759352e-01	( 1 2 3 6 5 4  )
G_LOOP:  2  13  6   	8.759785e-01	( 1 2 4 6 5 3  )
G_LOOP:  2  14  6   	8.814232e-01	( 1 5 3 6 2 4  )
G_LOOP:  2  15  6   	8.648005e-01	( 1 5 4 6 2 3  )
GACTION: 5.782705e+00
CONGRAD5: time = 2.407074e-03 (fn F) masses = 1 iters = 5 mflops = 2.840428e+03
 OK converged final_rsq= 0.01 (cf 0.016) rel = 1 (cf 0) restarts = 1 iters= 5
CONGRAD5: time = 3.000975e-03 (fn F) masses = 1 iters = 7 mflops = 3.189620e+03
 OK converged final_rsq= 0.0081 (cf 0.016) rel = 1 (cf 0) restarts = 1 iters= 7
PBP: mass 1.250000e-01     1.244798e-01  3.169711e-01  -3.379830e-03  -2.741972e-03 ( 1 of 1 )
FACTION: mass = 1.250000e-01,  1.439485e+00 ( 1 of 1 )
CONGRAD5: time = 2.366066e-03 (fn F) masses = 1 iters = 5 mflops = 2.889657e+03
 OK converged final_rsq= 0.01 (cf 0.016) rel = 1 (cf 0) restarts = 1 iters= 5
CONGRAD5: time = 3.074169e-03 (fn F) masses = 1 iters = 7 mflops = 3.113676e+03
 OK converged final_rsq= 0.0083 (cf 0.016) rel = 1 (cf 0) restarts = 1 iters= 7
PBP: mass 1.250000e-01     1.328154e-01  3.117547e-01  -2.365459e-03  -1.909385e-03 ( 1 of 1 )
FACTION: mass = 1.250000e-01,  1.439103e+00 ( 1 of 1 )
RUNNING COMPLETED
average cg iters for step= 1.100000e+01
Time = 4.612909e+00 seconds
total_iters = 550
Checksums 27ed4bcd decec819
Saved gauge configuration in parallel to binary file lat_p64_size64_1
Time stamp Thu May 19 17:57:36 2022
Wrote info file lat_p64_size64_1.info
Time to save = 2.534795e-02
CHECK PLAQ: 1.645792e+00 1.643904e+00
CHECK NERSC LINKTR: 1.721335e-01 CKSUM: ec2a4db8


warms 0
trajecs 4
traj_between_meas 1
beta 5.6
mass1 0.01
mass2 0.01
u0 0.8441
microcanonical_time_step 0.02
steps_per_trajectory 15
max_cg_iterations 300
max_cg_restarts 5
error_per_site 1e-05
error_for_propagator 1e-05
npbp_reps 1
prec_pbp 1
reload_parallel lat_p64_size64_1
save_parallel lat_p64_size64_2
Restored binary gauge configuration in parallel from file lat_p64_size64_1
Time stamp Thu May 19 17:57:36 2022
Checksums 27ed4bcd decec819 OK
Time to reload gauge configuration = 6.445169e-03
CHECK PLAQ: 1.645792e+00 1.643904e+00
CHECK NERSC LINKTR: 1.721335e-01 CKSUM: ec2a4db8
Unitarity checked.  Max deviation 2.98e-07
Time to check unitarity = 1.699924e-04
"O(a^2): couplings(pi)=0, Naik term, No O(a^2) errors, tadpole weights"
path coefficients: npath  path_coeff  multiplicity
                    0      6.250000e-01     8
                    1      -5.847914e-02     8
                    2      -8.771871e-02     48
                    3      3.077829e-02     192
                    4      -7.199551e-03     384
                    5      -1.231132e-01     48
Symanzik 1x1 + 1x2 + 1x1x1 action
gauge_action: total_dyn_flavors = 3
loop coefficients: nloop rep loop_coeff  multiplicity
                    0 0      1.000000e+00     6
                    1 0      -7.762509e-02     12
                    2 0      -1.031171e-02     16
WARMUPS COMPLETED
CONGRAD5: time = 2.698319e-01 (fn F) masses = 1 iters = 833 mflops = 4.221385e+03
 OK converged final_rsq= 5e-11 (cf 1e-10) rel = 1 (cf 0) restarts = 4 iters= 833
CONGRAD5: time = 2.619641e-01 (fn F) masses = 1 iters = 808 mflops = 4.217672e+03
 OK converged final_rsq= 5e-11 (cf 1e-10) rel = 1 (cf 0) restarts = 4 iters= 808
GFTIME:   time = 4.170799e-02 (Symanzik1) mflops = 4.226063e+03
FFTIME:  time = 1.058929e-01 (asqtad3) terms = 2 mflops = 4.721102e+03
CONGRAD5: time = 2.527828e-01 (fn F) masses = 1 iters = 778 mflops = 4.208577e+03
 OK converged final_rsq= 5e-11 (cf 1e-10) rel = 1 (cf 0) restarts = 4 iters= 778
CONGRAD5: time = 2.517378e-01 (fn F) masses = 1 iters = 775 mflops = 4.209751e+03
 OK converged final_rsq= 5e-11 (cf 1e-10) rel = 1 (cf 0) restarts = 4 iters= 775
GFTIME:   time = 4.156494e-02 (Symanzik1) mflops = 4.240608e+03
FFTIME:  time = 1.049221e-01 (asqtad3) terms = 2 mflops = 4.764786e+03
CONGRAD5: time = 2.591560e-01 (fn F) masses = 1 iters = 800 mflops = 4.221161e+03
 OK converged final_rsq= 5e-11 (cf 1e-10) rel = 1 (cf 0) restarts = 4 iters= 800
CONGRAD5: time = 2.390709e-01 (fn F) masses = 1 iters = 739 mflops = 4.226890e+03
 OK converged final_rsq= 9.9e-11 (cf 1e-10) rel = 1 (cf 0) restarts = 3 iters= 739
GFTIME:   time = 4.122782e-02 (Symanzik1) mflops = 4.275283e+03
FFTIME:  time = 1.042891e-01 (asqtad3) terms = 2 mflops = 4.793707e+03
CONGRAD5: time = 2.409780e-01 (fn F) masses = 1 iters = 743 mflops = 4.216136e+03
 OK converged final_rsq= 5e-11 (cf 1e-10) rel = 1 (cf 0) restarts = 4 iters= 743
CONGRAD5: time = 2.560968e-01 (fn F) masses = 1 iters = 790 mflops = 4.218189e+03
 OK converged final_rsq= 4.9e-11 (cf 1e-10) rel = 1 (cf 0) restarts = 4 iters= 790
GFTIME:   time = 4.135489e-02 (Symanzik1) mflops = 4.262146e+03
FFTIME:  time = 1.046011e-01 (asqtad3) terms = 2 mflops = 4.779404e+03
CONGRAD5: time = 2.702830e-01 (fn F) masses = 1 iters = 835 mflops = 4.224458e+03
 OK converged final_rsq= 4.9e-11 (cf 1e-10) rel = 1 (cf 0) restarts = 4 iters= 835
CONGRAD5: time = 2.554829e-01 (fn F) masses = 1 iters = 788 mflops = 4.217621e+03
 OK converged final_rsq= 4.9e-11 (cf 1e-10) rel = 1 (cf 0) restarts = 4 iters= 788
GFTIME:   time = 4.148221e-02 (Symanzik1) mflops = 4.249065e+03
FFTIME:  time = 1.049130e-01 (asqtad3) terms = 2 mflops = 4.765197e+03
CONGRAD5: time = 2.419899e-01 (fn F) masses = 1 iters = 745 mflops = 4.209808e+03
 OK converged final_rsq= 5e-11 (cf 1e-10) rel = 1 (cf 0) restarts = 4 iters= 745
CONGRAD5: time = 2.582030e-01 (fn F) masses = 1 iters = 782 mflops = 4.141414e+03
 OK converged final_rsq= 5e-11 (cf 1e-10) rel = 1 (cf 0) restarts = 4 iters= 782
GFTIME:   time = 4.130793e-02 (Symanzik1) mflops = 4.266992e+03
FFTIME:  time = 1.041839e-01 (asqtad3) terms = 2 mflops = 4.798544e+03
CONGRAD5: time = 2.518270e-01 (fn F) masses = 1 iters = 776 mflops = 4.213690e+03
 OK converged final_rsq= 5e-11 (cf 1e-10) rel = 1 (cf 0) restarts = 4 iters= 776
CONGRAD5: time = 2.425280e-01 (fn F) masses = 1 iters = 748 mflops = 4.217382e+03
 OK converged final_rsq= 9.9e-11 (cf 1e-10) rel = 1 (cf 0) restarts = 3 iters= 748
GFTIME:   time = 4.143405e-02 (Symanzik1) mflops = 4.254004e+03
FFTIME:  time = 1.052129e-01 (asqtad3) terms = 2 mflops = 4.751613e+03
CONGRAD5: time = 2.554359e-01 (fn F) masses = 1 iters = 788 mflops = 4.218397e+03
 OK converged final_rsq= 5e-11 (cf 1e-10) rel = 1 (cf 0) restarts = 4 iters= 788
CONGRAD5: time = 2.513380e-01 (fn F) masses = 1 iters = 776 mflops = 4.221888e+03
 OK converged final_rsq= 5e-11 (cf 1e-10) rel = 1 (cf 0) restarts = 4 iters= 776
GFTIME:   time = 4.165101e-02 (Symanzik1) mflops = 4.231845e+03
FFTIME:  time = 1.052060e-01 (asqtad3) terms = 2 mflops = 4.751926e+03
CONGRAD5: time = 2.502851e-01 (fn F) masses = 1 iters = 774 mflops = 4.228721e+03
 OK converged final_rsq= 9.9e-11 (cf 1e-10) rel = 1 (cf 0) restarts = 3 iters= 774
CONGRAD5: time = 2.544761e-01 (fn F) masses = 1 iters = 781 mflops = 4.196694e+03
 OK converged final_rsq= 9.9e-11 (cf 1e-10) rel = 1 (cf 0) restarts = 3 iters= 781
GFTIME:   time = 4.178286e-02 (Symanzik1) mflops = 4.218491e+03
FFTIME:  time = 1.061070e-01 (asqtad3) terms = 2 mflops = 4.711576e+03
CONGRAD5: time = 2.445931e-01 (fn F) masses = 1 iters = 748 mflops = 4.181774e+03
 OK converged final_rsq= 5e-11 (cf 1e-10) rel = 1 (cf 0) restarts = 4 iters= 748
CONGRAD5: time = 2.461691e-01 (fn F) masses = 1 iters = 754 mflops = 4.188331e+03
 OK converged final_rsq= 5e-11 (cf 1e-10) rel = 1 (cf 0) restarts = 4 iters= 754
GFTIME:   time = 4.135394e-02 (Symanzik1) mflops = 4.262245e+03
FFTIME:  time = 1.065998e-01 (asqtad3) terms = 2 mflops = 4.689794e+03
CONGRAD5: time = 2.523110e-01 (fn F) masses = 1 iters = 773 mflops = 4.189349e+03
 OK converged final_rsq= 5e-11 (cf 1e-10) rel = 1 (cf 0) restarts = 4 iters= 773
CONGRAD5: time = 2.500088e-01 (fn F) masses = 1 iters = 766 mflops = 4.189639e+03
 OK converged final_rsq= 5e-11 (cf 1e-10) rel = 1 (cf 0) restarts = 4 iters= 766
GFTIME:   time = 4.174519e-02 (Symanzik1) mflops = 4.222298e+03
FFTIME:  time = 1.058640e-01 (asqtad3) terms = 2 mflops = 4.722388e+03
CONGRAD5: time = 2.473340e-01 (fn F) masses = 1 iters = 758 mflops = 4.190719e+03
 OK converged final_rsq= 1e-10 (cf 1e-10) rel = 1 (cf 0) restarts = 3 iters= 758
CONGRAD5: time = 2.447112e-01 (fn F) masses = 1 iters = 750 mflops = 4.190933e+03
 OK converged final_rsq= 1e-10 (cf 1e-10) rel = 1 (cf 0) restarts = 3 iters= 750
GFTIME:   time = 4.126596e-02 (Symanzik1) mflops = 4.271331e+03
FFTIME:  time = 1.056371e-01 (asqtad3) terms = 2 mflops = 4.732535e+03
CONGRAD5: time = 2.721689e-01 (fn F) masses = 1 iters = 835 mflops = 4.195186e+03
 OK converged final_rsq= 5e-11 (cf 1e-10) rel = 1 (cf 0) restarts = 4 iters= 835
CONGRAD5: time = 2.727358e-01 (fn F) masses = 1 iters = 738 mflops = 3.700133e+03
 OK converged final_rsq= 5e-11 (cf 1e-10) rel = 1 (cf 0) restarts = 4 iters= 738
GFTIME:   time = 4.160810e-02 (Symanzik1) mflops = 4.236209e+03
FFTIME:  time = 1.058512e-01 (asqtad3) terms = 2 mflops = 4.722963e+03
CONGRAD5: time = 2.578959e-01 (fn F) masses = 1 iters = 791 mflops = 4.194065e+03
 OK converged final_rsq= 5e-11 (cf 1e-10) rel = 1 (cf 0) restarts = 4 iters= 791
CONGRAD5: time = 2.538750e-01 (fn F) masses = 1 iters = 770 mflops = 4.147381e+03
 OK converged final_rsq= 5e-11 (cf 1e-10) rel = 1 (cf 0) restarts = 4 iters= 770
GFTIME:   time = 4.150510e-02 (Symanzik1) mflops = 4.246722e+03
FFTIME:  time = 1.058431e-01 (asqtad3) terms = 2 mflops = 4.723324e+03
CONGRAD5: time = 2.562590e-01 (fn F) masses = 1 iters = 786 mflops = 4.194176e+03
 OK converged final_rsq= 5e-11 (cf 1e-10) rel = 1 (cf 0) restarts = 4 iters= 786
CONGRAD5: time = 2.467899e-01 (fn F) masses = 1 iters = 758 mflops = 4.199958e+03
 OK converged final_rsq= 5e-11 (cf 1e-10) rel = 1 (cf 0) restarts = 4 iters= 758
GFTIME:   time = 4.153800e-02 (Symanzik1) mflops = 4.243358e+03
FFTIME:  time = 1.075690e-01 (asqtad3) terms = 2 mflops = 4.647540e+03
PLAQ:	1.543834	1.540653
P_LOOP:	1.983617e-02	-1.473066e-02
G_LOOP:  0  0  4   	1.546035e+00	( 0 1 7 6  )
G_LOOP:  0  1  4   	1.542847e+00	( 0 2 7 5  )
G_LOOP:  0  2  4   	1.544938e+00	( 0 3 7 4  )
G_LOOP:  0  3  4   	1.542621e+00	( 1 2 6 5  )
G_LOOP:  0  4  4   	1.538985e+00	( 1 3 6 4  )
G_LOOP:  0  5  4   	1.538037e+00	( 2 3 5 4  )
G_LOOP:  1  0  6   	7.958931e-01	( 0 0 1 7 7 6  )
G_LOOP:  1  1  6   	7.793788e-01	( 0 0 2 7 7 5  )
G_LOOP:  1  2  6   	7.867843e-01	( 0 0 3 7 7 4  )
G_LOOP:  1  3  6   	7.877806e-01	( 1 1 0 6 6 7  )
G_LOOP:  1  4  6   	7.828170e-01	( 1 1 2 6 6 5  )
G_LOOP:  1  5  6   	7.739697e-01	( 1 1 3 6 6 4  )
G_LOOP:  1  6  6   	7.819269e-01	( 2 2 0 5 5 7  )
G_LOOP:  1  7  6   	7.815797e-01	( 2 2 1 5 5 6  )
G_LOOP:  1  8  6   	7.772782e-01	( 2 2 3 5 5 4  )
G_LOOP:  1  9  6   	7.810675e-01	( 3 3 0 4 4 7  )
G_LOOP:  1  10  6   	7.753647e-01	( 3 3 1 4 4 6  )
G_LOOP:  1  11  6   	7.773759e-01	( 3 3 2 4 4 5  )
G_LOOP:  2  0  6   	8.017822e-01	( 0 1 2 7 6 5  )
G_LOOP:  2  1  6   	8.053125e-01	( 0 1 5 7 6 2  )
G_LOOP:  2  2  6   	8.103233e-01	( 0 6 2 7 1 5  )
G_LOOP:  2  3  6   	8.010332e-01	( 0 6 5 7 1 2  )
G_LOOP:  2  4  6   	8.031932e-01	( 0 1 3 7 6 4  )
G_LOOP:  2  5  6   	8.131550e-01	( 0 1 4 7 6 3  )
G_LOOP:  2  6  6   	8.036287e-01	( 0 6 3 7 1 4  )
G_LOOP:  2  7  6   	8.036874e-01	( 0 6 4 7 1 3  )
G_LOOP:  2  8  6   	8.017114e-01	( 0 2 3 7 5 4  )
G_LOOP:  2  9  6   	8.037356e-01	( 0 2 4 7 5 3  )
G_LOOP:  2  10  6   	8.002903e-01	( 0 5 3 7 2 4  )
G_LOOP:  2  11  6   	8.062432e-01	( 0 5 4 7 2 3  )
G_LOOP:  2  12  6   	8.003423e-01	( 1 2 3 6 5 4  )
G_LOOP:  2  13  6   	7.972471e-01	( 1 2 4 6 5 3  )
G_LOOP:  2  14  6   	8.022769e-01	( 1 5 3 6 2 4  )
G_LOOP:  2  15  6   	8.029453e-01	( 1 5 4 6 2 3  )
GACTION: 6.317866e+00
CONGRAD5: time = 2.549021e-01 (fn F) masses = 1 iters = 781 mflops = 4.189679e+03
 OK converged final_rsq= 5e-11 (cf 1e-10) rel = 1 (cf 0) restarts = 4 iters= 781
CONGRAD5: time = 2.538991e-02 (fn F) masses = 1 iters = 76 mflops = 4.093131e+03
 OK converged final_rsq= 9.8e-11 (cf 1e-10) rel = 1 (cf 0) restarts = 1 iters= 76
PBP: mass 1.000000e-02     8.057977e-02  5.500840e-02  5.105122e-03  5.105786e-03 ( 1 of 1 )
FACTION: mass = 1.000000e-02,  1.504849e+00 ( 1 of 1 )
CONGRAD5: time = 2.409420e-01 (fn F) masses = 1 iters = 738 mflops = 4.188389e+03
 OK converged final_rsq= 5e-11 (cf 1e-10) rel = 1 (cf 0) restarts = 4 iters= 738
CONGRAD5: time = 2.595186e-02 (fn F) masses = 1 iters = 78 mflops = 4.109881e+03
 OK converged final_rsq= 9.8e-11 (cf 1e-10) rel = 1 (cf 0) restarts = 1 iters= 78
PBP: mass 1.000000e-02     6.155567e-02  7.046086e-02  3.039757e-03  3.040164e-03 ( 1 of 1 )
FACTION: mass = 1.000000e-02,  1.504748e+00 ( 1 of 1 )
CONGRAD5: time = 2.540448e-01 (fn F) masses = 1 iters = 777 mflops = 4.182288e+03
 OK converged final_rsq= 5e-11 (cf 1e-10) rel = 1 (cf 0) restarts = 4 iters= 777
CONGRAD5: time = 2.508740e-01 (fn F) masses = 1 iters = 766 mflops = 4.175190e+03
 OK converged final_rsq= 9.8e-11 (cf 1e-10) rel = 1 (cf 0) restarts = 3 iters= 766
GFTIME:   time = 4.157090e-02 (Symanzik1) mflops = 4.240000e+03
FFTIME:  time = 1.070268e-01 (asqtad3) terms = 2 mflops = 4.671083e+03
CONGRAD5: time = 2.538130e-01 (fn F) masses = 1 iters = 763 mflops = 4.110681e+03
 OK converged final_rsq= 5e-11 (cf 1e-10) rel = 1 (cf 0) restarts = 4 iters= 763
CONGRAD5: time = 2.628851e-01 (fn F) masses = 1 iters = 738 mflops = 3.838783e+03
 OK converged final_rsq= 9.9e-11 (cf 1e-10) rel = 1 (cf 0) restarts = 3 iters= 738
GFTIME:   time = 4.588199e-02 (Symanzik1) mflops = 3.841608e+03
FFTIME:  time = 1.066089e-01 (asqtad3) terms = 2 mflops = 4.689395e+03
CONGRAD5: time = 2.628510e-01 (fn F) masses = 1 iters = 805 mflops = 4.187834e+03
 OK converged final_rsq= 5e-11 (cf 1e-10) rel = 1 (cf 0) restarts = 4 iters= 805
CONGRAD5: time = 2.511320e-01 (fn F) masses = 1 iters = 771 mflops = 4.198126e+03
 OK converged final_rsq= 5e-11 (cf 1e-10) rel = 1 (cf 0) restarts = 4 iters= 771
GFTIME:   time = 4.156089e-02 (Symanzik1) mflops = 4.241021e+03
FFTIME:  time = 1.054320e-01 (asqtad3) terms = 2 mflops = 4.741739e+03
CONGRAD5: time = 2.944970e-01 (fn F) masses = 1 iters = 823 mflops = 3.821397e+03
 OK converged final_rsq= 4.9e-11 (cf 1e-10) rel = 1 (cf 0) restarts = 4 iters= 823
CONGRAD5: time = 2.456090e-01 (fn F) masses = 1 iters = 752 mflops = 4.186747e+03
 OK converged final_rsq= 5e-11 (cf 1e-10) rel = 1 (cf 0) restarts = 4 iters= 752
GFTIME:   time = 4.155302e-02 (Symanzik1) mflops = 4.241824e+03
FFTIME:  time = 1.059809e-01 (asqtad3) terms = 2 mflops = 4.717183e+03
CONGRAD5: time = 2.579429e-01 (fn F) masses = 1 iters = 769 mflops = 4.076674e+03
 OK converged final_rsq= 9.9e-11 (cf 1e-10) rel = 1 (cf 0) restarts = 3 iters= 769
CONGRAD5: time = 2.539611e-01 (fn F) masses = 1 iters = 778 mflops = 4.189051e+03
 OK converged final_rsq= 5e-11 (cf 1e-10) rel = 1 (cf 0) restarts = 4 iters= 778
GFTIME:   time = 4.152703e-02 (Symanzik1) mflops = 4.244479e+03
FFTIME:  time = 1.064560e-01 (asqtad3) terms = 2 mflops = 4.696127e+03
CONGRAD5: time = 2.601440e-01 (fn F) masses = 1 iters = 794 mflops = 4.173591e+03
 OK converged final_rsq= 5e-11 (cf 1e-10) rel = 1 (cf 0) restarts = 4 iters= 794
CONGRAD5: time = 2.458069e-01 (fn F) masses = 1 iters = 752 mflops = 4.183376e+03
 OK converged final_rsq= 5e-11 (cf 1e-10) rel = 1 (cf 0) restarts = 4 iters= 752
GFTIME:   time = 4.128003e-02 (Symanzik1) mflops = 4.269876e+03
FFTIME:  time = 1.064801e-01 (asqtad3) terms = 2 mflops = 4.695065e+03
CONGRAD5: time = 2.464371e-01 (fn F) masses = 1 iters = 756 mflops = 4.194874e+03
 OK converged final_rsq= 5e-11 (cf 1e-10) rel = 1 (cf 0) restarts = 4 iters= 756
CONGRAD5: time = 2.409389e-01 (fn F) masses = 1 iters = 740 mflops = 4.199794e+03
 OK converged final_rsq= 5e-11 (cf 1e-10) rel = 1 (cf 0) restarts = 4 iters= 740
GFTIME:   time = 4.135299e-02 (Symanzik1) mflops = 4.262343e+03
FFTIME:  time = 1.066461e-01 (asqtad3) terms = 2 mflops = 4.687760e+03
CONGRAD5: time = 2.447360e-01 (fn F) masses = 1 iters = 748 mflops = 4.179333e+03
 OK converged final_rsq= 5e-11 (cf 1e-10) rel = 1 (cf 0) restarts = 4 iters= 748
CONGRAD5: time = 2.297249e-01 (fn F) masses = 1 iters = 705 mflops = 4.196471e+03
 OK converged final_rsq= 1e-10 (cf 1e-10) rel = 1 (cf 0) restarts = 3 iters= 705
GFTIME:   time = 4.162312e-02 (Symanzik1) mflops = 4.234681e+03
FFTIME:  time = 1.063600e-01 (asqtad3) terms = 2 mflops = 4.700370e+03
CONGRAD5: time = 2.536511e-01 (fn F) masses = 1 iters = 776 mflops = 4.183388e+03
 OK converged final_rsq= 4.9e-11 (cf 1e-10) rel = 1 (cf 0) restarts = 4 iters= 776
CONGRAD5: time = 2.568200e-01 (fn F) masses = 1 iters = 787 mflops = 4.190339e+03
 OK converged final_rsq= 5e-11 (cf 1e-10) rel = 1 (cf 0) restarts = 4 iters= 787
GFTIME:   time = 4.154015e-02 (Symanzik1) mflops = 4.243139e+03
FFTIME:  time = 1.062670e-01 (asqtad3) terms = 2 mflops = 4.704483e+03
CONGRAD5: time = 2.468438e-01 (fn F) masses = 1 iters = 756 mflops = 4.187962e+03
 OK converged final_rsq= 5e-11 (cf 1e-10) rel = 1 (cf 0) restarts = 4 iters= 756
CONGRAD5: time = 2.514362e-01 (fn F) masses = 1 iters = 771 mflops = 4.193047e+03
 OK converged final_rsq= 5e-11 (cf 1e-10) rel = 1 (cf 0) restarts = 4 iters= 771
GFTIME:   time = 4.141283e-02 (Symanzik1) mflops = 4.256184e+03
FFTIME:  time = 1.061451e-01 (asqtad3) terms = 2 mflops = 4.709882e+03
CONGRAD5: time = 2.575068e-01 (fn F) masses = 1 iters = 788 mflops = 4.184472e+03
 OK converged final_rsq= 5e-11 (cf 1e-10) rel = 1 (cf 0) restarts = 4 iters= 788
CONGRAD5: time = 2.537520e-01 (fn F) masses = 1 iters = 774 mflops = 4.170947e+03
 OK converged final_rsq= 5e-11 (cf 1e-10) rel = 1 (cf 0) restarts = 4 iters= 774
GFTIME:   time = 4.155612e-02 (Symanzik1) mflops = 4.241508e+03
FFTIME:  time = 1.085811e-01 (asqtad3) terms = 2 mflops = 4.604220e+03
CONGRAD5: time = 2.545578e-01 (fn F) masses = 1 iters = 778 mflops = 4.179230e+03
 OK converged final_rsq= 5e-11 (cf 1e-10) rel = 1 (cf 0) restarts = 4 iters= 778
CONGRAD5: time = 2.539351e-01 (fn F) masses = 1 iters = 778 mflops = 4.189479e+03
 OK converged final_rsq= 4.9e-11 (cf 1e-10) rel = 1 (cf 0) restarts = 4 iters= 778
GFTIME:   time = 4.161286e-02 (Symanzik1) mflops = 4.235724e+03
FFTIME:  time = 1.061251e-01 (asqtad3) terms = 2 mflops = 4.710771e+03
CONGRAD5: time = 2.610600e-01 (fn F) masses = 1 iters = 798 mflops = 4.179899e+03
 OK converged final_rsq= 5e-11 (cf 1e-10) rel = 1 (cf 0) restarts = 4 iters= 798
CONGRAD5: time = 2.614229e-01 (fn F) masses = 1 iters = 802 mflops = 4.195019e+03
 OK converged final_rsq= 5e-11 (cf 1e-10) rel = 1 (cf 0) restarts = 4 iters= 802
GFTIME:   time = 4.128194e-02 (Symanzik1) mflops = 4.269679e+03
FFTIME:  time = 1.058829e-01 (asqtad3) terms = 2 mflops = 4.721548e+03
CONGRAD5: time = 2.633810e-01 (fn F) masses = 1 iters = 806 mflops = 4.184598e+03
 OK converged final_rsq= 5e-11 (cf 1e-10) rel = 1 (cf 0) restarts = 4 iters= 806
CONGRAD5: time = 2.578909e-01 (fn F) masses = 1 iters = 790 mflops = 4.188844e+03
 OK converged final_rsq= 5e-11 (cf 1e-10) rel = 1 (cf 0) restarts = 4 iters= 790
GFTIME:   time = 4.149294e-02 (Symanzik1) mflops = 4.247966e+03
FFTIME:  time = 1.062250e-01 (asqtad3) terms = 2 mflops = 4.706341e+03
CONGRAD5: time = 2.595952e-01 (fn F) masses = 1 iters = 794 mflops = 4.182415e+03
 OK converged final_rsq= 4.9e-11 (cf 1e-10) rel = 1 (cf 0) restarts = 4 iters= 794
CONGRAD5: time = 2.413940e-01 (fn F) masses = 1 iters = 735 mflops = 4.163552e+03
 OK converged final_rsq= 5e-11 (cf 1e-10) rel = 1 (cf 0) restarts = 4 iters= 735
GFTIME:   time = 4.146910e-02 (Symanzik1) mflops = 4.250409e+03
FFTIME:  time = 1.065090e-01 (asqtad3) terms = 2 mflops = 4.693794e+03
PLAQ:	1.499718	1.498448
P_LOOP:	4.247256e-02	3.370666e-02
G_LOOP:  0  0  4   	1.502541e+00	( 0 1 7 6  )
G_LOOP:  0  1  4   	1.501138e+00	( 0 2 7 5  )
G_LOOP:  0  2  4   	1.503322e+00	( 0 3 7 4  )
G_LOOP:  0  3  4   	1.495474e+00	( 1 2 6 5  )
G_LOOP:  0  4  4   	1.493737e+00	( 1 3 6 4  )
G_LOOP:  0  5  4   	1.498285e+00	( 2 3 5 4  )
G_LOOP:  1  0  6   	7.455162e-01	( 0 0 1 7 7 6  )
G_LOOP:  1  1  6   	7.399786e-01	( 0 0 2 7 7 5  )
G_LOOP:  1  2  6   	7.456360e-01	( 0 0 3 7 7 4  )
G_LOOP:  1  3  6   	7.467038e-01	( 1 1 0 6 6 7  )
G_LOOP:  1  4  6   	7.429654e-01	( 1 1 2 6 6 5  )
G_LOOP:  1  5  6   	7.306268e-01	( 1 1 3 6 6 4  )
G_LOOP:  1  6  6   	7.464339e-01	( 2 2 0 5 5 7  )
G_LOOP:  1  7  6   	7.408326e-01	( 2 2 1 5 5 6  )
G_LOOP:  1  8  6   	7.382699e-01	( 2 2 3 5 5 4  )
G_LOOP:  1  9  6   	7.443722e-01	( 3 3 0 4 4 7  )
G_LOOP:  1  10  6   	7.351263e-01	( 3 3 1 4 4 6  )
G_LOOP:  1  11  6   	7.399194e-01	( 3 3 2 4 4 5  )
G_LOOP:  2  0  6   	7.636310e-01	( 0 1 2 7 6 5  )
G_LOOP:  2  1  6   	7.581956e-01	( 0 1 5 7 6 2  )
G_LOOP:  2  2  6   	7.643480e-01	( 0 6 2 7 1 5  )
G_LOOP:  2  3  6   	7.553394e-01	( 0 6 5 7 1 2  )
G_LOOP:  2  4  6   	7.581247e-01	( 0 1 3 7 6 4  )
G_LOOP:  2  5  6   	7.589073e-01	( 0 1 4 7 6 3  )
G_LOOP:  2  6  6   	7.605937e-01	( 0 6 3 7 1 4  )
G_LOOP:  2  7  6   	7.657403e-01	( 0 6 4 7 1 3  )
G_LOOP:  2  8  6   	7.617429e-01	( 0 2 3 7 5 4  )
G_LOOP:  2  9  6   	7.646808e-01	( 0 2 4 7 5 3  )
G_LOOP:  2  10  6   	7.608517e-01	( 0 5 3 7 2 4  )
G_LOOP:  2  11  6   	7.640243e-01	( 0 5 4 7 2 3  )
G_LOOP:  2  12  6   	7.594221e-01	( 1 2 3 6 5 4  )
G_LOOP:  2  13  6   	7.567566e-01	( 1 2 4 6 5 3  )
G_LOOP:  2  14  6   	7.561183e-01	( 1 5 3 6 2 4  )
G_LOOP:  2  15  6   	7.594491e-01	( 1 5 4 6 2 3  )
GACTION: 6.532093e+00
CONGRAD5: time = 2.528498e-01 (fn F) masses = 1 iters = 774 mflops = 4.185829e+03
 OK converged final_rsq= 9.9e-11 (cf 1e-10) rel = 1 (cf 0) restarts = 3 iters= 774
CONGRAD5: time = 2.644205e-02 (fn F) masses = 1 iters = 79 mflops = 4.085405e+03
 OK converged final_rsq= 9.9e-11 (cf 1e-10) rel = 1 (cf 0) restarts = 1 iters= 79
PBP: mass 1.000000e-02     7.025286e-02  6.957341e-02  3.612763e-03  3.608188e-03 ( 1 of 1 )
FACTION: mass = 1.000000e-02,  1.497696e+00 ( 1 of 1 )
CONGRAD5: time = 2.465470e-01 (fn F) masses = 1 iters = 757 mflops = 4.198551e+03
 OK converged final_rsq= 9.9e-11 (cf 1e-10) rel = 1 (cf 0) restarts = 3 iters= 757
CONGRAD5: time = 2.561402e-02 (fn F) masses = 1 iters = 76 mflops = 4.057317e+03
 OK converged final_rsq= 9.9e-11 (cf 1e-10) rel = 1 (cf 0) restarts = 1 iters= 76
PBP: mass 1.000000e-02     5.441487e-02  8.531050e-02  -1.211491e-02  -1.211350e-02 ( 1 of 1 )
FACTION: mass = 1.000000e-02,  1.507285e+00 ( 1 of 1 )
CONGRAD5: time = 2.610362e-01 (fn F) masses = 1 iters = 772 mflops = 4.044081e+03
 OK converged final_rsq= 4.9e-11 (cf 1e-10) rel = 1 (cf 0) restarts = 4 iters= 772
CONGRAD5: time = 2.531221e-01 (fn F) masses = 1 iters = 773 mflops = 4.175925e+03
 OK converged final_rsq= 5e-11 (cf 1e-10) rel = 1 (cf 0) restarts = 4 iters= 773
GFTIME:   time = 4.135108e-02 (Symanzik1) mflops = 4.262539e+03
FFTIME:  time = 1.062288e-01 (asqtad3) terms = 2 mflops = 4.706172e+03
CONGRAD5: time = 2.607830e-01 (fn F) masses = 1 iters = 793 mflops = 4.158122e+03
 OK converged final_rsq= 5e-11 (cf 1e-10) rel = 1 (cf 0) restarts = 4 iters= 793
CONGRAD5: time = 2.594640e-01 (fn F) masses = 1 iters = 791 mflops = 4.168718e+03
 OK converged final_rsq= 4.9e-11 (cf 1e-10) rel = 1 (cf 0) restarts = 4 iters= 791
GFTIME:   time = 4.174995e-02 (Symanzik1) mflops = 4.221816e+03
FFTIME:  time = 1.062188e-01 (asqtad3) terms = 2 mflops = 4.706616e+03
CONGRAD5: time = 2.673800e-01 (fn F) masses = 1 iters = 819 mflops = 4.188497e+03
 OK converged final_rsq= 4.9e-11 (cf 1e-10) rel = 1 (cf 0) restarts = 4 iters= 819
CONGRAD5: time = 2.516131e-01 (fn F) masses = 1 iters = 770 mflops = 4.184664e+03
 OK converged final_rsq= 5e-11 (cf 1e-10) rel = 1 (cf 0) restarts = 4 iters= 770
GFTIME:   time = 4.174614e-02 (Symanzik1) mflops = 4.222201e+03
FFTIME:  time = 1.058280e-01 (asqtad3) terms = 2 mflops = 4.723995e+03
CONGRAD5: time = 2.520881e-01 (fn F) masses = 1 iters = 762 mflops = 4.133385e+03
 OK converged final_rsq= 5e-11 (cf 1e-10) rel = 1 (cf 0) restarts = 4 iters= 762
CONGRAD5: time = 2.564652e-01 (fn F) masses = 1 iters = 784 mflops = 4.180140e+03
 OK converged final_rsq= 4.9e-11 (cf 1e-10) rel = 1 (cf 0) restarts = 4 iters= 784
GFTIME:   time = 4.132700e-02 (Symanzik1) mflops = 4.265023e+03
FFTIME:  time = 1.059389e-01 (asqtad3) terms = 2 mflops = 4.719051e+03
CONGRAD5: time = 2.604711e-01 (fn F) masses = 1 iters = 797 mflops = 4.184099e+03
 OK converged final_rsq= 4.9e-11 (cf 1e-10) rel = 1 (cf 0) restarts = 4 iters= 797
CONGRAD5: time = 2.575800e-01 (fn F) masses = 1 iters = 749 mflops = 3.976242e+03
 OK converged final_rsq= 1e-10 (cf 1e-10) rel = 1 (cf 0) restarts = 3 iters= 749
GFTIME:   time = 4.578400e-02 (Symanzik1) mflops = 3.849830e+03
FFTIME:  time = 1.061258e-01 (asqtad3) terms = 2 mflops = 4.710739e+03
CONGRAD5: time = 2.569599e-01 (fn F) masses = 1 iters = 783 mflops = 4.166770e+03
 OK converged final_rsq= 5e-11 (cf 1e-10) rel = 1 (cf 0) restarts = 4 iters= 783
CONGRAD5: time = 2.453699e-01 (fn F) masses = 1 iters = 750 mflops = 4.179681e+03
 OK converged final_rsq= 5e-11 (cf 1e-10) rel = 1 (cf 0) restarts = 4 iters= 750
GFTIME:   time = 4.155993e-02 (Symanzik1) mflops = 4.241119e+03
FFTIME:  time = 1.054060e-01 (asqtad3) terms = 2 mflops = 4.742908e+03
CONGRAD5: time = 2.537708e-01 (fn F) masses = 1 iters = 773 mflops = 4.165249e+03
 OK converged final_rsq= 9.9e-11 (cf 1e-10) rel = 1 (cf 0) restarts = 3 iters= 773
CONGRAD5: time = 2.494209e-01 (fn F) masses = 1 iters = 760 mflops = 4.166621e+03
 OK converged final_rsq= 5e-11 (cf 1e-10) rel = 1 (cf 0) restarts = 4 iters= 760
GFTIME:   time = 4.163408e-02 (Symanzik1) mflops = 4.233565e+03
FFTIME:  time = 1.061759e-01 (asqtad3) terms = 2 mflops = 4.708518e+03
CONGRAD5: time = 2.410700e-01 (fn F) masses = 1 iters = 737 mflops = 4.180493e+03
 OK converged final_rsq= 5e-11 (cf 1e-10) rel = 1 (cf 0) restarts = 4 iters= 737
CONGRAD5: time = 2.604921e-01 (fn F) masses = 1 iters = 798 mflops = 4.189012e+03
 OK converged final_rsq= 5e-11 (cf 1e-10) rel = 1 (cf 0) restarts = 4 iters= 798
GFTIME:   time = 4.161501e-02 (Symanzik1) mflops = 4.235506e+03
FFTIME:  time = 1.056192e-01 (asqtad3) terms = 2 mflops = 4.733336e+03
CONGRAD5: time = 2.682171e-01 (fn F) masses = 1 iters = 820 mflops = 4.180523e+03
 OK converged final_rsq= 5e-11 (cf 1e-10) rel = 1 (cf 0) restarts = 4 iters= 820
CONGRAD5: time = 2.538469e-01 (fn F) masses = 1 iters = 777 mflops = 4.185549e+03
 OK converged final_rsq= 4.9e-11 (cf 1e-10) rel = 1 (cf 0) restarts = 4 iters= 777
GFTIME:   time = 4.152203e-02 (Symanzik1) mflops = 4.244991e+03
FFTIME:  time = 1.059101e-01 (asqtad3) terms = 2 mflops = 4.720337e+03
CONGRAD5: time = 2.572980e-01 (fn F) masses = 1 iters = 774 mflops = 4.113465e+03
 OK converged final_rsq= 5e-11 (cf 1e-10) rel = 1 (cf 0) restarts = 4 iters= 774
CONGRAD5: time = 2.801368e-01 (fn F) masses = 1 iters = 775 mflops = 3.782986e+03
 OK converged final_rsq= 1e-10 (cf 1e-10) rel = 1 (cf 0) restarts = 3 iters= 775
GFTIME:   time = 4.611015e-02 (Symanzik1) mflops = 3.822599e+03
FFTIME:  time = 1.061320e-01 (asqtad3) terms = 2 mflops = 4.710464e+03
CONGRAD5: time = 2.779140e-01 (fn F) masses = 1 iters = 848 mflops = 4.172425e+03
 OK converged final_rsq= 5e-11 (cf 1e-10) rel = 1 (cf 0) restarts = 4 iters= 848
CONGRAD5: time = 2.402370e-01 (fn F) masses = 1 iters = 734 mflops = 4.177913e+03
 OK converged final_rsq= 5e-11 (cf 1e-10) rel = 1 (cf 0) restarts = 4 iters= 734
GFTIME:   time = 4.142714e-02 (Symanzik1) mflops = 4.254714e+03
FFTIME:  time = 1.057611e-01 (asqtad3) terms = 2 mflops = 4.726987e+03
CONGRAD5: time = 2.641809e-01 (fn F) masses = 1 iters = 808 mflops = 4.182280e+03
 OK converged final_rsq= 5e-11 (cf 1e-10) rel = 1 (cf 0) restarts = 4 iters= 808
CONGRAD5: time = 2.434170e-01 (fn F) masses = 1 iters = 743 mflops = 4.173891e+03
 OK converged final_rsq= 5e-11 (cf 1e-10) rel = 1 (cf 0) restarts = 4 iters= 743
GFTIME:   time = 4.171610e-02 (Symanzik1) mflops = 4.225242e+03
FFTIME:  time = 1.059890e-01 (asqtad3) terms = 2 mflops = 4.716822e+03
CONGRAD5: time = 2.632418e-01 (fn F) masses = 1 iters = 800 mflops = 4.155644e+03
 OK converged final_rsq= 5e-11 (cf 1e-10) rel = 1 (cf 0) restarts = 4 iters= 800
CONGRAD5: time = 2.473471e-01 (fn F) masses = 1 iters = 755 mflops = 4.173912e+03
 OK converged final_rsq= 5e-11 (cf 1e-10) rel = 1 (cf 0) restarts = 4 iters= 755
GFTIME:   time = 4.151201e-02 (Symanzik1) mflops = 4.246015e+03
FFTIME:  time = 1.058230e-01 (asqtad3) terms = 2 mflops = 4.724218e+03
CONGRAD5: time = 2.599611e-01 (fn F) masses = 1 iters = 795 mflops = 4.181787e+03
 OK converged final_rsq= 5e-11 (cf 1e-10) rel = 1 (cf 0) restarts = 4 iters= 795
CONGRAD5: time = 2.482920e-01 (fn F) masses = 1 iters = 759 mflops = 4.180058e+03
 OK converged final_rsq= 5e-11 (cf 1e-10) rel = 1 (cf 0) restarts = 4 iters= 759
GFTIME:   time = 4.150820e-02 (Symanzik1) mflops = 4.246405e+03
FFTIME:  time = 1.061471e-01 (asqtad3) terms = 2 mflops = 4.709798e+03
CONGRAD5: time = 2.523420e-01 (fn F) masses = 1 iters = 772 mflops = 4.183415e+03
 OK converged final_rsq= 5e-11 (cf 1e-10) rel = 1 (cf 0) restarts = 4 iters= 772
CONGRAD5: time = 2.503169e-01 (fn F) masses = 1 iters = 767 mflops = 4.189946e+03
 OK converged final_rsq= 5e-11 (cf 1e-10) rel = 1 (cf 0) restarts = 4 iters= 767
GFTIME:   time = 4.172087e-02 (Symanzik1) mflops = 4.224759e+03
FFTIME:  time = 1.061099e-01 (asqtad3) terms = 2 mflops = 4.711449e+03
PLAQ:	1.476697	1.477073
P_LOOP:	2.486254e-02	2.278989e-02
G_LOOP:  0  0  4   	1.475437e+00	( 0 1 7 6  )
G_LOOP:  0  1  4   	1.475616e+00	( 0 2 7 5  )
G_LOOP:  0  2  4   	1.481018e+00	( 0 3 7 4  )
G_LOOP:  0  3  4   	1.479037e+00	( 1 2 6 5  )
G_LOOP:  0  4  4   	1.473967e+00	( 1 3 6 4  )
G_LOOP:  0  5  4   	1.476234e+00	( 2 3 5 4  )
G_LOOP:  1  0  6   	7.134409e-01	( 0 0 1 7 7 6  )
G_LOOP:  1  1  6   	7.176435e-01	( 0 0 2 7 7 5  )
G_LOOP:  1  2  6   	7.225661e-01	( 0 0 3 7 7 4  )
G_LOOP:  1  3  6   	7.211161e-01	( 1 1 0 6 6 7  )
G_LOOP:  1  4  6   	7.214377e-01	( 1 1 2 6 6 5  )
G_LOOP:  1  5  6   	7.135637e-01	( 1 1 3 6 6 4  )
G_LOOP:  1  6  6   	7.193459e-01	( 2 2 0 5 5 7  )
G_LOOP:  1  7  6   	7.220931e-01	( 2 2 1 5 5 6  )
G_LOOP:  1  8  6   	7.200063e-01	( 2 2 3 5 5 4  )
G_LOOP:  1  9  6   	7.168352e-01	( 3 3 0 4 4 7  )
G_LOOP:  1  10  6   	7.190252e-01	( 3 3 1 4 4 6  )
G_LOOP:  1  11  6   	7.138585e-01	( 3 3 2 4 4 5  )
G_LOOP:  2  0  6   	7.357768e-01	( 0 1 2 7 6 5  )
G_LOOP:  2  1  6   	7.320123e-01	( 0 1 5 7 6 2  )
G_LOOP:  2  2  6   	7.364613e-01	( 0 6 2 7 1 5  )
G_LOOP:  2  3  6   	7.320867e-01	( 0 6 5 7 1 2  )
G_LOOP:  2  4  6   	7.361091e-01	( 0 1 3 7 6 4  )
G_LOOP:  2  5  6   	7.303063e-01	( 0 1 4 7 6 3  )
G_LOOP:  2  6  6   	7.390924e-01	( 0 6 3 7 1 4  )
G_LOOP:  2  7  6   	7.347055e-01	( 0 6 4 7 1 3  )
G_LOOP:  2  8  6   	7.348431e-01	( 0 2 3 7 5 4  )
G_LOOP:  2  9  6   	7.360243e-01	( 0 2 4 7 5 3  )
G_LOOP:  2  10  6   	7.385204e-01	( 0 5 3 7 2 4  )
G_LOOP:  2  11  6   	7.324487e-01	( 0 5 4 7 2 3  )
G_LOOP:  2  12  6   	7.403301e-01	( 1 2 3 6 5 4  )
G_LOOP:  2  13  6   	7.324345e-01	( 1 2 4 6 5 3  )
G_LOOP:  2  14  6   	7.357652e-01	( 1 5 3 6 2 4  )
G_LOOP:  2  15  6   	7.261701e-01	( 1 5 4 6 2 3  )
GACTION: 6.639620e+00
CONGRAD5: time = 2.541561e-01 (fn F) masses = 1 iters = 764 mflops = 4.110513e+03
 OK converged final_rsq= 5e-11 (cf 1e-10) rel = 1 (cf 0) restarts = 4 iters= 764
CONGRAD5: time = 2.583289e-02 (fn F) masses = 1 iters = 76 mflops = 4.022942e+03
 OK converged final_rsq= 9.9e-11 (cf 1e-10) rel = 1 (cf 0) restarts = 1 iters= 76
PBP: mass 1.000000e-02     6.420434e-02  6.865546e-02  7.113004e-03  7.106347e-03 ( 1 of 1 )
FACTION: mass = 1.000000e-02,  1.503057e+00 ( 1 of 1 )
CONGRAD5: time = 2.495780e-01 (fn F) masses = 1 iters = 764 mflops = 4.185914e+03
 OK converged final_rsq= 5e-11 (cf 1e-10) rel = 1 (cf 0) restarts = 4 iters= 764
CONGRAD5: time = 2.606106e-02 (fn F) masses = 1 iters = 77 mflops = 4.040191e+03
 OK converged final_rsq= 5e-11 (cf 1e-10) rel = 1 (cf 0) restarts = 2 iters= 77
PBP: mass 1.000000e-02     7.130495e-02  5.894589e-02  4.583319e-03  4.586109e-03 ( 1 of 1 )
FACTION: mass = 1.000000e-02,  1.488793e+00 ( 1 of 1 )
CONGRAD5: time = 2.705400e-01 (fn F) masses = 1 iters = 827 mflops = 4.180009e+03
 OK converged final_rsq= 4.9e-11 (cf 1e-10) rel = 1 (cf 0) restarts = 4 iters= 827
CONGRAD5: time = 2.556701e-01 (fn F) masses = 1 iters = 783 mflops = 4.187792e+03
 OK converged final_rsq= 5e-11 (cf 1e-10) rel = 1 (cf 0) restarts = 4 iters= 783
GFTIME:   time = 4.176116e-02 (Symanzik1) mflops = 4.220683e+03
FFTIME:  time = 1.067600e-01 (asqtad3) terms = 2 mflops = 4.682756e+03
CONGRAD5: time = 2.672141e-01 (fn F) masses = 1 iters = 818 mflops = 4.185980e+03
 OK converged final_rsq= 5e-11 (cf 1e-10) rel = 1 (cf 0) restarts = 4 iters= 818
CONGRAD5: time = 2.587211e-01 (fn F) masses = 1 iters = 792 mflops = 4.185974e+03
 OK converged final_rsq= 4.9e-11 (cf 1e-10) rel = 1 (cf 0) restarts = 4 iters= 792
GFTIME:   time = 4.141116e-02 (Symanzik1) mflops = 4.256355e+03
FFTIME:  time = 1.056879e-01 (asqtad3) terms = 2 mflops = 4.730261e+03
CONGRAD5: time = 2.642429e-01 (fn F) masses = 1 iters = 808 mflops = 4.181299e+03
 OK converged final_rsq= 4.9e-11 (cf 1e-10) rel = 1 (cf 0) restarts = 4 iters= 808
CONGRAD5: time = 2.415249e-01 (fn F) masses = 1 iters = 739 mflops = 4.183942e+03
 OK converged final_rsq= 5e-11 (cf 1e-10) rel = 1 (cf 0) restarts = 4 iters= 739
GFTIME:   time = 4.183412e-02 (Symanzik1) mflops = 4.213322e+03
FFTIME:  time = 1.061249e-01 (asqtad3) terms = 2 mflops = 4.710782e+03
CONGRAD5: time = 2.589529e-01 (fn F) masses = 1 iters = 791 mflops = 4.176947e+03
 OK converged final_rsq= 5e-11 (cf 1e-10) rel = 1 (cf 0) restarts = 4 iters= 791
CONGRAD5: time = 2.724240e-01 (fn F) masses = 1 iters = 781 mflops = 3.920206e+03
 OK converged final_rsq= 1e-10 (cf 1e-10) rel = 1 (cf 0) restarts = 3 iters= 781
GFTIME:   time = 4.603410e-02 (Symanzik1) mflops = 3.828914e+03
FFTIME:  time = 1.054411e-01 (asqtad3) terms = 2 mflops = 4.741331e+03
CONGRAD5: time = 2.495930e-01 (fn F) masses = 1 iters = 764 mflops = 4.185662e+03
 OK converged final_rsq= 4.9e-11 (cf 1e-10) rel = 1 (cf 0) restarts = 4 iters= 764
CONGRAD5: time = 2.478819e-01 (fn F) masses = 1 iters = 759 mflops = 4.186973e+03
 OK converged final_rsq= 5e-11 (cf 1e-10) rel = 1 (cf 0) restarts = 4 iters= 759
GFTIME:   time = 4.160094e-02 (Symanzik1) mflops = 4.236938e+03
FFTIME:  time = 1.056991e-01 (asqtad3) terms = 2 mflops = 4.729759e+03
CONGRAD5: time = 2.626908e-01 (fn F) masses = 1 iters = 805 mflops = 4.190388e+03
 OK converged final_rsq= 5e-11 (cf 1e-10) rel = 1 (cf 0) restarts = 4 iters= 805
CONGRAD5: time = 2.491410e-01 (fn F) masses = 1 iters = 763 mflops = 4.187768e+03
 OK converged final_rsq= 9.9e-11 (cf 1e-10) rel = 1 (cf 0) restarts = 3 iters= 763
GFTIME:   time = 4.123592e-02 (Symanzik1) mflops = 4.274443e+03
FFTIME:  time = 1.054912e-01 (asqtad3) terms = 2 mflops = 4.739081e+03
CONGRAD5: time = 2.570109e-01 (fn F) masses = 1 iters = 781 mflops = 4.155302e+03
 OK converged final_rsq= 4.9e-11 (cf 1e-10) rel = 1 (cf 0) restarts = 4 iters= 781
CONGRAD5: time = 2.521050e-01 (fn F) masses = 1 iters = 767 mflops = 4.160228e+03
 OK converged final_rsq= 5e-11 (cf 1e-10) rel = 1 (cf 0) restarts = 4 iters= 767
GFTIME:   time = 4.160118e-02 (Symanzik1) mflops = 4.236914e+03
FFTIME:  time = 1.056690e-01 (asqtad3) terms = 2 mflops = 4.731104e+03
CONGRAD5: time = 2.563398e-01 (fn F) masses = 1 iters = 785 mflops = 4.187519e+03
 OK converged final_rsq= 5e-11 (cf 1e-10) rel = 1 (cf 0) restarts = 4 iters= 785
CONGRAD5: time = 2.495859e-01 (fn F) masses = 1 iters = 764 mflops = 4.185782e+03
 OK converged final_rsq= 5e-11 (cf 1e-10) rel = 1 (cf 0) restarts = 4 iters= 764
GFTIME:   time = 4.157996e-02 (Symanzik1) mflops = 4.239076e+03
FFTIME:  time = 1.058092e-01 (asqtad3) terms = 2 mflops = 4.724836e+03
CONGRAD5: time = 2.641389e-01 (fn F) masses = 1 iters = 808 mflops = 4.182945e+03
 OK converged final_rsq= 5e-11 (cf 1e-10) rel = 1 (cf 0) restarts = 4 iters= 808
CONGRAD5: time = 2.415030e-01 (fn F) masses = 1 iters = 741 mflops = 4.195646e+03
 OK converged final_rsq= 1e-10 (cf 1e-10) rel = 1 (cf 0) restarts = 3 iters= 741
GFTIME:   time = 4.147410e-02 (Symanzik1) mflops = 4.249896e+03
FFTIME:  time = 1.062639e-01 (asqtad3) terms = 2 mflops = 4.704620e+03
CONGRAD5: time = 2.542679e-01 (fn F) masses = 1 iters = 777 mflops = 4.178618e+03
 OK converged final_rsq= 1e-10 (cf 1e-10) rel = 1 (cf 0) restarts = 3 iters= 777
CONGRAD5: time = 2.529099e-01 (fn F) masses = 1 iters = 774 mflops = 4.184835e+03
 OK converged final_rsq= 4.9e-11 (cf 1e-10) rel = 1 (cf 0) restarts = 4 iters= 774
GFTIME:   time = 4.148698e-02 (Symanzik1) mflops = 4.248577e+03
FFTIME:  time = 1.062369e-01 (asqtad3) terms = 2 mflops = 4.705813e+03
CONGRAD5: time = 2.628160e-01 (fn F) masses = 1 iters = 804 mflops = 4.183189e+03
 OK converged final_rsq= 5e-11 (cf 1e-10) rel = 1 (cf 0) restarts = 4 iters= 804
CONGRAD5: time = 2.558911e-01 (fn F) masses = 1 iters = 778 mflops = 4.157456e+03
 OK converged final_rsq= 5e-11 (cf 1e-10) rel = 1 (cf 0) restarts = 4 iters= 778
GFTIME:   time = 4.147887e-02 (Symanzik1) mflops = 4.249407e+03
FFTIME:  time = 1.061201e-01 (asqtad3) terms = 2 mflops = 4.710993e+03
CONGRAD5: time = 2.477469e-01 (fn F) masses = 1 iters = 757 mflops = 4.178215e+03
 OK converged final_rsq= 5e-11 (cf 1e-10) rel = 1 (cf 0) restarts = 4 iters= 757
CONGRAD5: time = 2.552531e-01 (fn F) masses = 1 iters = 770 mflops = 4.124990e+03
 OK converged final_rsq= 1e-10 (cf 1e-10) rel = 1 (cf 0) restarts = 3 iters= 770
GFTIME:   time = 4.161596e-02 (Symanzik1) mflops = 4.235409e+03
FFTIME:  time = 1.056180e-01 (asqtad3) terms = 2 mflops = 4.733390e+03
CONGRAD5: time = 2.564912e-01 (fn F) masses = 1 iters = 783 mflops = 4.174385e+03
 OK converged final_rsq= 4.9e-11 (cf 1e-10) rel = 1 (cf 0) restarts = 4 iters= 783
CONGRAD5: time = 2.579689e-01 (fn F) masses = 1 iters = 789 mflops = 4.182277e+03
 OK converged final_rsq= 5e-11 (cf 1e-10) rel = 1 (cf 0) restarts = 4 iters= 789
GFTIME:   time = 4.182911e-02 (Symanzik1) mflops = 4.213826e+03
FFTIME:  time = 1.059310e-01 (asqtad3) terms = 2 mflops = 4.719402e+03
CONGRAD5: time = 2.674160e-01 (fn F) masses = 1 iters = 818 mflops = 4.182819e+03
 OK converged final_rsq= 4.9e-11 (cf 1e-10) rel = 1 (cf 0) restarts = 4 iters= 818
CONGRAD5: time = 2.415431e-01 (fn F) masses = 1 iters = 741 mflops = 4.194951e+03
 OK converged final_rsq= 5e-11 (cf 1e-10) rel = 1 (cf 0) restarts = 4 iters= 741
GFTIME:   time = 4.133296e-02 (Symanzik1) mflops = 4.264408e+03
FFTIME:  time = 1.054721e-01 (asqtad3) terms = 2 mflops = 4.739938e+03
CONGRAD5: time = 2.761109e-01 (fn F) masses = 1 iters = 795 mflops = 3.937194e+03
 OK converged final_rsq= 5e-11 (cf 1e-10) rel = 1 (cf 0) restarts = 4 iters= 795
CONGRAD5: time = 2.849700e-01 (fn F) masses = 1 iters = 773 mflops = 3.709228e+03
 OK converged final_rsq= 5e-11 (cf 1e-10) rel = 1 (cf 0) restarts = 4 iters= 773
GFTIME:   time = 4.633307e-02 (Symanzik1) mflops = 3.804207e+03
FFTIME:  time = 1.052270e-01 (asqtad3) terms = 2 mflops = 4.750978e+03
PLAQ:	1.462236	1.460401
P_LOOP:	1.276701e-02	3.453969e-03
G_LOOP:  0  0  4   	1.463826e+00	( 0 1 7 6  )
G_LOOP:  0  1  4   	1.460304e+00	( 0 2 7 5  )
G_LOOP:  0  2  4   	1.464253e+00	( 0 3 7 4  )
G_LOOP:  0  3  4   	1.462579e+00	( 1 2 6 5  )
G_LOOP:  0  4  4   	1.456563e+00	( 1 3 6 4  )
G_LOOP:  0  5  4   	1.460386e+00	( 2 3 5 4  )
G_LOOP:  1  0  6   	7.017775e-01	( 0 0 1 7 7 6  )
G_LOOP:  1  1  6   	7.023723e-01	( 0 0 2 7 7 5  )
G_LOOP:  1  2  6   	7.037111e-01	( 0 0 3 7 7 4  )
G_LOOP:  1  3  6   	7.065365e-01	( 1 1 0 6 6 7  )
G_LOOP:  1  4  6   	6.995083e-01	( 1 1 2 6 6 5  )
G_LOOP:  1  5  6   	6.896880e-01	( 1 1 3 6 6 4  )
G_LOOP:  1  6  6   	7.042121e-01	( 2 2 0 5 5 7  )
G_LOOP:  1  7  6   	7.073770e-01	( 2 2 1 5 5 6  )
G_LOOP:  1  8  6   	7.045932e-01	( 2 2 3 5 5 4  )
G_LOOP:  1  9  6   	7.047967e-01	( 3 3 0 4 4 7  )
G_LOOP:  1  10  6   	6.928340e-01	( 3 3 1 4 4 6  )
G_LOOP:  1  11  6   	6.948841e-01	( 3 3 2 4 4 5  )
G_LOOP:  2  0  6   	7.152677e-01	( 0 1 2 7 6 5  )
G_LOOP:  2  1  6   	7.164710e-01	( 0 1 5 7 6 2  )
G_LOOP:  2  2  6   	7.173081e-01	( 0 6 2 7 1 5  )
G_LOOP:  2  3  6   	7.200611e-01	( 0 6 5 7 1 2  )
G_LOOP:  2  4  6   	7.170067e-01	( 0 1 3 7 6 4  )
G_LOOP:  2  5  6   	7.096881e-01	( 0 1 4 7 6 3  )
G_LOOP:  2  6  6   	7.169673e-01	( 0 6 3 7 1 4  )
G_LOOP:  2  7  6   	7.130129e-01	( 0 6 4 7 1 3  )
G_LOOP:  2  8  6   	7.180031e-01	( 0 2 3 7 5 4  )
G_LOOP:  2  9  6   	7.169947e-01	( 0 2 4 7 5 3  )
G_LOOP:  2  10  6   	7.161922e-01	( 0 5 3 7 2 4  )
G_LOOP:  2  11  6   	7.124404e-01	( 0 5 4 7 2 3  )
G_LOOP:  2  12  6   	7.211011e-01	( 1 2 3 6 5 4  )
G_LOOP:  2  13  6   	7.136098e-01	( 1 2 4 6 5 3  )
G_LOOP:  2  14  6   	7.140464e-01	( 1 5 3 6 2 4  )
G_LOOP:  2  15  6   	7.080867e-01	( 1 5 4 6 2 3  )
GACTION: 6.713659e+00
CONGRAD5: time = 2.523630e-01 (fn F) masses = 1 iters = 770 mflops = 4.172231e+03
 OK converged final_rsq= 5e-11 (cf 1e-10) rel = 1 (cf 0) restarts = 4 iters= 770
CONGRAD5: time = 2.432609e-02 (fn F) masses = 1 iters = 72 mflops = 4.047282e+03
 OK converged final_rsq= 9.8e-11 (cf 1e-10) rel = 1 (cf 0) restarts = 1 iters= 72
PBP: mass 1.000000e-02     7.277992e-02  6.930018e-02  9.039820e-03  9.040758e-03 ( 1 of 1 )
FACTION: mass = 1.000000e-02,  1.505396e+00 ( 1 of 1 )
CONGRAD5: time = 2.585480e-01 (fn F) masses = 1 iters = 793 mflops = 4.194065e+03
 OK converged final_rsq= 5e-11 (cf 1e-10) rel = 1 (cf 0) restarts = 4 iters= 793
CONGRAD5: time = 2.409506e-02 (fn F) masses = 1 iters = 72 mflops = 4.086088e+03
 OK converged final_rsq= 9.9e-11 (cf 1e-10) rel = 1 (cf 0) restarts = 1 iters= 72
PBP: mass 1.000000e-02     7.839385e-02  8.529664e-02  -1.602402e-03  -1.602854e-03 ( 1 of 1 )
FACTION: mass = 1.000000e-02,  1.499793e+00 ( 1 of 1 )
RUNNING COMPLETED
average cg iters for step= 1.555250e+03
Time = 4.610381e+01 seconds
total_iters = 194011
Checksums b129cef7 7d5651f0
Saved gauge configuration in parallel to binary file lat_p64_size64_2
Time stamp Thu May 19 17:58:22 2022
Wrote info file lat_p64_size64_2.info
Time to save = 2.588511e-02
CHECK PLAQ: 1.462236e+00 1.460401e+00
CHECK NERSC LINKTR: 1.448985e-01 CKSUM: 853ed984


get_i(0): EOF on input.
Elapsed total time: 50.816391
exit: Thu May 19 17:58:22 2022

