cpu-bind=MASK - ault01, task  2  2 [1017344]: mask 0x4000000004 set
cpu-bind=MASK - ault01, task  4  4 [1017346]: mask 0x8000000008 set
cpu-bind=MASK - ault01, task  6  6 [1017348]: mask 0x10000000010 set
cpu-bind=MASK - ault01, task  0  0 [1017342]: mask 0x2000000002 set
cpu-bind=MASK - ault01, task  3  3 [1017345]: mask 0x80000000080000 set
cpu-bind=MASK - ault01, task 14 14 [1017356]: mask 0x100000000100 set
cpu-bind=MASK - ault01, task 10 10 [1017352]: mask 0x40000000040 set
cpu-bind=MASK - ault01, task  9  9 [1017351]: mask 0x400000000400000 set
cpu-bind=MASK - ault01, task 21 21 [1017363]: mask 0x1000000001000 set
cpu-bind=MASK - ault01, task 22 22 [1017364]: mask 0x2000000002000 set
cpu-bind=MASK - ault01, task 11 11 [1017353]: mask 0x800000000800000 set
cpu-bind=MASK - ault01, task 17 17 [1017359]: mask 0x4000000004000000 set
cpu-bind=MASK - ault01, task 18 18 [1017360]: mask 0x400000000400 set
cpu-bind=MASK - ault01, task 20 20 [1017362]: mask 0x800000000800 set
cpu-bind=MASK - ault01, task 26 26 [1017368]: mask 0x20000000020000 set
cpu-bind=MASK - ault01, task  5  5 [1017347]: mask 0x100000000100000 set
cpu-bind=MASK - ault01, task  7  7 [1017349]: mask 0x200000000200000 set
cpu-bind=MASK - ault01, task 16 16 [1017358]: mask 0x200000000200 set
cpu-bind=MASK - ault01, task 19 19 [1017361]: mask 0x8000000008000000 set
cpu-bind=MASK - ault01, task 24 24 [1017366]: mask 0x8000000008000 set
cpu-bind=MASK - ault01, task  1  1 [1017343]: mask 0x40000000040000 set
cpu-bind=MASK - ault01, task 13 13 [1017355]: mask 0x1000000001000000 set
cpu-bind=MASK - ault01, task 15 15 [1017357]: mask 0x2000000002000000 set
cpu-bind=MASK - ault01, task 23 23 [1017365]: mask 0x4000000004000 set
cpu-bind=MASK - ault01, task 12 12 [1017354]: mask 0x80000000080 set
cpu-bind=MASK - ault01, task 25 25 [1017367]: mask 0x10000000010000 set
cpu-bind=MASK - ault01, task  8  8 [1017350]: mask 0x20000000020 set
Running problem size 20^3 per domain until completion
Num processors: 27
Num threads: 1
Total number of elements: 216000 

To run other sizes, use -s <integer>.
To run a fixed number of iterations, use -i <integer>.
To run a more or less balanced region set, use -b <integer>.
To change the relative costs of regions, use -c <integer>.
To print out progress, use -p
To write an output file for VisIt, use -v
See help (-h) for more options

Run completed:
   Problem size        =  20
   MPI tasks           =  27
   Iteration count     =  2031
   Final Origin Energy =  7.130703e+05
   Testing Plane 0 of Energy Array on rank 0:
        MaxAbsDiff   = 2.910383e-10
        TotalAbsDiff = 2.750312e-09
        MaxRelDiff   = 1.979550e-14

Elapsed time         = 75.17063656 (s)
Grind time (us/z/c)  =  4.6264547 (per dom)  ( 75.170637 overall)
FOM                  =  5836.0022 (z/s)

