cpu-bind=MASK - ault01, task  5  5 [1005373]: mask 0x100000000100000 set
cpu-bind=MASK - ault01, task 14 14 [1005382]: mask 0x100000000100 set
cpu-bind=MASK - ault01, task 17 17 [1005385]: mask 0x4000000004000000 set
cpu-bind=MASK - ault01, task  0  0 [1005368]: mask 0x2000000002 set
cpu-bind=MASK - ault01, task  4  4 [1005372]: mask 0x8000000008 set
cpu-bind=MASK - ault01, task  6  6 [1005374]: mask 0x10000000010 set
cpu-bind=MASK - ault01, task  9  9 [1005377]: mask 0x400000000400000 set
cpu-bind=MASK - ault01, task  1  1 [1005369]: mask 0x40000000040000 set
cpu-bind=MASK - ault01, task 23 23 [1005391]: mask 0x4000000004000 set
cpu-bind=MASK - ault01, task  7  7 [1005375]: mask 0x200000000200000 set
cpu-bind=MASK - ault01, task  8  8 [1005376]: mask 0x20000000020 set
cpu-bind=MASK - ault01, task 24 24 [1005392]: mask 0x8000000008000 set
cpu-bind=MASK - ault01, task 26 26 [1005394]: mask 0x20000000020000 set
cpu-bind=MASK - ault01, task  3  3 [1005371]: mask 0x80000000080000 set
cpu-bind=MASK - ault01, task 11 11 [1005379]: mask 0x800000000800000 set
cpu-bind=MASK - ault01, task 12 12 [1005380]: mask 0x80000000080 set
cpu-bind=MASK - ault01, task 13 13 [1005381]: mask 0x1000000001000000 set
cpu-bind=MASK - ault01, task 15 15 [1005383]: mask 0x2000000002000000 set
cpu-bind=MASK - ault01, task 20 20 [1005388]: mask 0x800000000800 set
cpu-bind=MASK - ault01, task 21 21 [1005389]: mask 0x1000000001000 set
cpu-bind=MASK - ault01, task 25 25 [1005393]: mask 0x10000000010000 set
cpu-bind=MASK - ault01, task  2  2 [1005370]: mask 0x4000000004 set
cpu-bind=MASK - ault01, task 10 10 [1005378]: mask 0x40000000040 set
cpu-bind=MASK - ault01, task 16 16 [1005384]: mask 0x200000000200 set
cpu-bind=MASK - ault01, task 18 18 [1005386]: mask 0x400000000400 set
cpu-bind=MASK - ault01, task 19 19 [1005387]: mask 0x8000000008000000 set
cpu-bind=MASK - ault01, task 22 22 [1005390]: mask 0x2000000002000 set
Running problem size 10^3 per domain until completion
Num processors: 27
Num threads: 1
Total number of elements: 27000 

To run other sizes, use -s <integer>.
To run a fixed number of iterations, use -i <integer>.
To run a more or less balanced region set, use -b <integer>.
To change the relative costs of regions, use -c <integer>.
To print out progress, use -p
To write an output file for VisIt, use -v
See help (-h) for more options

Run completed:
   Problem size        =  10
   MPI tasks           =  27
   Iteration count     =  932
   Final Origin Energy =  2.025075e+05
   Testing Plane 0 of Energy Array on rank 0:
        MaxAbsDiff   = 3.637979e-11
        TotalAbsDiff = 3.020659e-10
        MaxRelDiff   = 7.648872e-15

Elapsed time         = 4.491762608 (s)
Grind time (us/z/c)  =  4.8194878 (per dom)  ( 4.4917626 overall)
FOM                  =  5602.2551 (z/s)

