cpu-bind=MASK - ault01, task  4  4 [1049671]: mask 0x8000000008 set
cpu-bind=MASK - ault01, task  2  2 [1049669]: mask 0x4000000004 set
cpu-bind=MASK - ault01, task  3  3 [1049670]: mask 0x80000000080000 set
cpu-bind=MASK - ault01, task  5  5 [1049672]: mask 0x100000000100000 set
cpu-bind=MASK - ault01, task  6  6 [1049673]: mask 0x10000000010 set
cpu-bind=MASK - ault01, task  7  7 [1049674]: mask 0x200000000200000 set
cpu-bind=MASK - ault01, task  8  8 [1049675]: mask 0x20000000020 set
cpu-bind=MASK - ault01, task 19 19 [1049686]: mask 0x8000000008000000 set
cpu-bind=MASK - ault01, task  0  0 [1049667]: mask 0x2000000002 set
cpu-bind=MASK - ault01, task 10 10 [1049677]: mask 0x40000000040 set
cpu-bind=MASK - ault01, task 11 11 [1049678]: mask 0x800000000800000 set
cpu-bind=MASK - ault01, task 12 12 [1049679]: mask 0x80000000080 set
cpu-bind=MASK - ault01, task 13 13 [1049680]: mask 0x1000000001000000 set
cpu-bind=MASK - ault01, task 20 20 [1049687]: mask 0x800000000800 set
cpu-bind=MASK - ault01, task 21 21 [1049688]: mask 0x1000000001000 set
cpu-bind=MASK - ault01, task 24 24 [1049691]: mask 0x8000000008000 set
cpu-bind=MASK - ault01, task 25 25 [1049692]: mask 0x10000000010000 set
cpu-bind=MASK - ault01, task 26 26 [1049693]: mask 0x20000000020000 set
cpu-bind=MASK - ault01, task  1  1 [1049668]: mask 0x40000000040000 set
cpu-bind=MASK - ault01, task  9  9 [1049676]: mask 0x400000000400000 set
cpu-bind=MASK - ault01, task 14 14 [1049681]: mask 0x100000000100 set
cpu-bind=MASK - ault01, task 15 15 [1049682]: mask 0x2000000002000000 set
cpu-bind=MASK - ault01, task 16 16 [1049683]: mask 0x200000000200 set
cpu-bind=MASK - ault01, task 17 17 [1049684]: mask 0x4000000004000000 set
cpu-bind=MASK - ault01, task 18 18 [1049685]: mask 0x400000000400 set
cpu-bind=MASK - ault01, task 22 22 [1049689]: mask 0x2000000002000 set
cpu-bind=MASK - ault01, task 23 23 [1049690]: mask 0x4000000004000 set
Running problem size 25^3 per domain until completion
Num processors: 27
Num threads: 1
Total number of elements: 421875 

To run other sizes, use -s <integer>.
To run a fixed number of iterations, use -i <integer>.
To run a more or less balanced region set, use -b <integer>.
To change the relative costs of regions, use -c <integer>.
To print out progress, use -p
To write an output file for VisIt, use -v
See help (-h) for more options

Run completed:
   Problem size        =  25
   MPI tasks           =  27
   Iteration count     =  2588
   Final Origin Energy =  1.067042e+06
   Testing Plane 0 of Energy Array on rank 0:
        MaxAbsDiff   = 3.565219e-10
        TotalAbsDiff = 6.068149e-09
        MaxRelDiff   = 4.142565e-14

Elapsed time         = 187.8142555 (s)
Grind time (us/z/c)  =  4.6445565 (per dom)  ( 187.81426 overall)
FOM                  =  5813.2568 (z/s)

