SU3 with improved KS action
Microcanonical simulation with refreshing
R algorithm
MIMD version 7.8.1
Machine = MPI (portable), with 32 nodes
Host(0) = nid04616
Username = mcopik
Options selected...
Generic single precision
C_GLOBAL_INLINE
DBLSTORE_FN
D_FN_GATHER13
FEWSUMS
KS_MULTIFF=FNMAT
VECLENGTH=4
type 0 for no prompts, 1 for prompts, or 2 for proofreading
nflavors1 2
nflavors2 1
nx 24
ny 16
nz 8
nt 36
iseed 5682304
LAYOUT = Hypercubes, options = hyper_prime,
automatic hyper_prime layout
ON EACH NODE 6 x 8 x 8 x 9
Mallocing 3.4 MBytes per node for lattice
WARNING!!: Resetting random seed
Made lattice
Made nn gathers
Made 3nn gathers
Finished setup


warms 0
trajecs 4
traj_between_meas 1
beta 5.6
mass1 0.125
mass2 0.125
u0 0.8441
microcanonical_time_step 0.2
steps_per_trajectory 5
max_cg_iterations 100
max_cg_restarts 5
error_per_site 0.125
error_for_propagator 0.125
npbp_reps 1
prec_pbp 1
fresh 
save_parallel lat_p64_size128_1
unit gauge configuration loaded
CHECK PLAQ: 3.000000e+00 3.000000e+00
CHECK NERSC LINKTR: 1.000000e+00 CKSUM: 0
Unitarity checked.  Max deviation 0.00e+00
Time to check unitarity = 6.318092e-04
"O(a^2): couplings(pi)=0, Naik term, No O(a^2) errors, tadpole weights"
path coefficients: npath  path_coeff  multiplicity
                    0      6.250000e-01     8
                    1      -5.847914e-02     8
                    2      -8.771871e-02     48
                    3      3.077829e-02     192
                    4      -7.199551e-03     384
                    5      -1.231132e-01     48
Symanzik 1x1 + 1x2 + 1x1x1 action
gauge_action: total_dyn_flavors = 3
loop coefficients: nloop rep loop_coeff  multiplicity
                    0 0      1.000000e+00     6
                    1 0      -7.762509e-02     12
                    2 0      -1.031171e-02     16
WARMUPS COMPLETED
CONGRAD5: time = 1.132894e-02 (fn F) masses = 1 iters = 4 mflops = 1.448423e+03
 OK converged final_rsq= 0.006 (cf 0.016) rel = 1 (cf 0) restarts = 1 iters= 4
CONGRAD5: time = 1.092792e-02 (fn F) masses = 1 iters = 4 mflops = 1.501575e+03
 OK converged final_rsq= 0.0059 (cf 0.016) rel = 1 (cf 0) restarts = 1 iters= 4
GFTIME:   time = 1.762660e-01 (Symanzik1) mflops = 2.999909e+03
FFTIME:  time = 7.183719e-01 (asqtad3) terms = 2 mflops = 2.087767e+03
CONGRAD5: time = 1.154804e-02 (fn F) masses = 1 iters = 4 mflops = 1.420941e+03
 OK converged final_rsq= 0.01 (cf 0.016) rel = 1 (cf 0) restarts = 1 iters= 4
CONGRAD5: time = 1.036501e-02 (fn F) masses = 1 iters = 4 mflops = 1.583123e+03
 OK converged final_rsq= 0.0098 (cf 0.016) rel = 1 (cf 0) restarts = 1 iters= 4
GFTIME:   time = 1.732330e-01 (Symanzik1) mflops = 3.052431e+03
FFTIME:  time = 6.105359e-01 (asqtad3) terms = 2 mflops = 2.456520e+03
CONGRAD5: time = 1.095295e-02 (fn F) masses = 1 iters = 4 mflops = 1.498143e+03
 OK converged final_rsq= 0.014 (cf 0.016) rel = 1 (cf 0) restarts = 1 iters= 4
CONGRAD5: time = 1.070285e-02 (fn F) masses = 1 iters = 4 mflops = 1.533151e+03
 OK converged final_rsq= 0.014 (cf 0.016) rel = 1 (cf 0) restarts = 1 iters= 4
GFTIME:   time = 1.676970e-01 (Symanzik1) mflops = 3.153199e+03
FFTIME:  time = 6.080430e-01 (asqtad3) terms = 2 mflops = 2.466591e+03
CONGRAD5: time = 1.049685e-02 (fn F) masses = 1 iters = 4 mflops = 1.563239e+03
 OK converged final_rsq= 0.013 (cf 0.016) rel = 1 (cf 0) restarts = 1 iters= 4
CONGRAD5: time = 1.026988e-02 (fn F) masses = 1 iters = 4 mflops = 1.597788e+03
 OK converged final_rsq= 0.013 (cf 0.016) rel = 1 (cf 0) restarts = 1 iters= 4
GFTIME:   time = 1.666911e-01 (Symanzik1) mflops = 3.172227e+03
FFTIME:  time = 6.041219e-01 (asqtad3) terms = 2 mflops = 2.482601e+03
CONGRAD5: time = 1.037908e-02 (fn F) masses = 1 iters = 4 mflops = 1.580978e+03
 OK converged final_rsq= 0.011 (cf 0.016) rel = 1 (cf 0) restarts = 1 iters= 4
CONGRAD5: time = 1.029301e-02 (fn F) masses = 1 iters = 4 mflops = 1.594198e+03
 OK converged final_rsq= 0.011 (cf 0.016) rel = 1 (cf 0) restarts = 1 iters= 4
GFTIME:   time = 1.664820e-01 (Symanzik1) mflops = 3.176211e+03
FFTIME:  time = 6.052611e-01 (asqtad3) terms = 2 mflops = 2.477928e+03
PLAQ:	2.349198	2.348190
P_LOOP:	2.786892e-03	-1.250431e-02
G_LOOP:  0  0  4   	2.348389e+00	( 0 1 7 6  )
G_LOOP:  0  1  4   	2.349309e+00	( 0 2 7 5  )
G_LOOP:  0  2  4   	2.348361e+00	( 0 3 7 4  )
G_LOOP:  0  3  4   	2.349895e+00	( 1 2 6 5  )
G_LOOP:  0  4  4   	2.348625e+00	( 1 3 6 4  )
G_LOOP:  0  5  4   	2.347583e+00	( 2 3 5 4  )
G_LOOP:  1  0  6   	1.773790e+00	( 0 0 1 7 7 6  )
G_LOOP:  1  1  6   	1.776646e+00	( 0 0 2 7 7 5  )
G_LOOP:  1  2  6   	1.774103e+00	( 0 0 3 7 7 4  )
G_LOOP:  1  3  6   	1.776491e+00	( 1 1 0 6 6 7  )
G_LOOP:  1  4  6   	1.777582e+00	( 1 1 2 6 6 5  )
G_LOOP:  1  5  6   	1.775662e+00	( 1 1 3 6 6 4  )
G_LOOP:  1  6  6   	1.775503e+00	( 2 2 0 5 5 7  )
G_LOOP:  1  7  6   	1.778237e+00	( 2 2 1 5 5 6  )
G_LOOP:  1  8  6   	1.771448e+00	( 2 2 3 5 5 4  )
G_LOOP:  1  9  6   	1.773505e+00	( 3 3 0 4 4 7  )
G_LOOP:  1  10  6   	1.774021e+00	( 3 3 1 4 4 6  )
G_LOOP:  1  11  6   	1.774669e+00	( 3 3 2 4 4 5  )
G_LOOP:  2  0  6   	1.825091e+00	( 0 1 2 7 6 5  )
G_LOOP:  2  1  6   	1.823287e+00	( 0 1 5 7 6 2  )
G_LOOP:  2  2  6   	1.821088e+00	( 0 6 2 7 1 5  )
G_LOOP:  2  3  6   	1.822105e+00	( 0 6 5 7 1 2  )
G_LOOP:  2  4  6   	1.824212e+00	( 0 1 3 7 6 4  )
G_LOOP:  2  5  6   	1.820812e+00	( 0 1 4 7 6 3  )
G_LOOP:  2  6  6   	1.819790e+00	( 0 6 3 7 1 4  )
G_LOOP:  2  7  6   	1.820252e+00	( 0 6 4 7 1 3  )
G_LOOP:  2  8  6   	1.823634e+00	( 0 2 3 7 5 4  )
G_LOOP:  2  9  6   	1.819915e+00	( 0 2 4 7 5 3  )
G_LOOP:  2  10  6   	1.821587e+00	( 0 5 3 7 2 4  )
G_LOOP:  2  11  6   	1.821800e+00	( 0 5 4 7 2 3  )
G_LOOP:  2  12  6   	1.820839e+00	( 1 2 3 6 5 4  )
G_LOOP:  2  13  6   	1.823189e+00	( 1 2 4 6 5 3  )
G_LOOP:  2  14  6   	1.819091e+00	( 1 5 3 6 2 4  )
G_LOOP:  2  15  6   	1.822278e+00	( 1 5 4 6 2 3  )
GACTION: 2.572492e+00
CONGRAD5: time = 1.121998e-02 (fn F) masses = 1 iters = 4 mflops = 1.462488e+03
 OK converged final_rsq= 0.01 (cf 0.016) rel = 1 (cf 0) restarts = 1 iters= 4
CONGRAD5: time = 1.465201e-02 (fn F) masses = 1 iters = 6 mflops = 1.679880e+03
 OK converged final_rsq= 0.0087 (cf 0.016) rel = 1 (cf 0) restarts = 1 iters= 6
PBP: mass 1.250000e-01     6.806275e-02  1.030895e-01  8.483080e-04  9.597723e-04 ( 1 of 1 )
FACTION: mass = 1.250000e-01,  1.463830e+00 ( 1 of 1 )
CONGRAD5: time = 1.103115e-02 (fn F) masses = 1 iters = 4 mflops = 1.487523e+03
 OK converged final_rsq= 0.01 (cf 0.016) rel = 1 (cf 0) restarts = 1 iters= 4
CONGRAD5: time = 1.467800e-02 (fn F) masses = 1 iters = 6 mflops = 1.676906e+03
 OK converged final_rsq= 0.0085 (cf 0.016) rel = 1 (cf 0) restarts = 1 iters= 6
PBP: mass 1.250000e-01     6.882193e-02  1.016555e-01  -1.014163e-03  -6.058347e-04 ( 1 of 1 )
FACTION: mass = 1.250000e-01,  1.471104e+00 ( 1 of 1 )
CONGRAD5: time = 1.043010e-02 (fn F) masses = 1 iters = 4 mflops = 1.573244e+03
 OK converged final_rsq= 0.011 (cf 0.016) rel = 1 (cf 0) restarts = 1 iters= 4
CONGRAD5: time = 1.026416e-02 (fn F) masses = 1 iters = 4 mflops = 1.598678e+03
 OK converged final_rsq= 0.011 (cf 0.016) rel = 1 (cf 0) restarts = 1 iters= 4
GFTIME:   time = 1.964679e-01 (Symanzik1) mflops = 2.691442e+03
FFTIME:  time = 6.391442e-01 (asqtad3) terms = 2 mflops = 2.346565e+03
CONGRAD5: time = 1.344180e-02 (fn F) masses = 1 iters = 5 mflops = 1.525938e+03
 OK converged final_rsq= 0.007 (cf 0.016) rel = 1 (cf 0) restarts = 1 iters= 5
CONGRAD5: time = 1.041007e-02 (fn F) masses = 1 iters = 4 mflops = 1.576271e+03
 OK converged final_rsq= 0.015 (cf 0.016) rel = 1 (cf 0) restarts = 1 iters= 4
GFTIME:   time = 1.705968e-01 (Symanzik1) mflops = 3.099599e+03
FFTIME:  time = 6.572180e-01 (asqtad3) terms = 2 mflops = 2.282033e+03
CONGRAD5: time = 1.542711e-02 (fn F) masses = 1 iters = 5 mflops = 1.329566e+03
 OK converged final_rsq= 0.0088 (cf 0.016) rel = 1 (cf 0) restarts = 1 iters= 5
CONGRAD5: time = 1.441216e-02 (fn F) masses = 1 iters = 5 mflops = 1.423198e+03
 OK converged final_rsq= 0.0085 (cf 0.016) rel = 1 (cf 0) restarts = 1 iters= 5
GFTIME:   time = 1.963859e-01 (Symanzik1) mflops = 2.692566e+03
FFTIME:  time = 6.045241e-01 (asqtad3) terms = 2 mflops = 2.480949e+03
CONGRAD5: time = 1.233387e-02 (fn F) masses = 1 iters = 5 mflops = 1.663011e+03
 OK converged final_rsq= 0.0085 (cf 0.016) rel = 1 (cf 0) restarts = 1 iters= 5
CONGRAD5: time = 1.208091e-02 (fn F) masses = 1 iters = 5 mflops = 1.697833e+03
 OK converged final_rsq= 0.0081 (cf 0.016) rel = 1 (cf 0) restarts = 1 iters= 5
GFTIME:   time = 1.666429e-01 (Symanzik1) mflops = 3.173143e+03
FFTIME:  time = 6.029470e-01 (asqtad3) terms = 2 mflops = 2.487438e+03
CONGRAD5: time = 1.041794e-02 (fn F) masses = 1 iters = 4 mflops = 1.575080e+03
 OK converged final_rsq= 0.016 (cf 0.016) rel = 1 (cf 0) restarts = 1 iters= 4
CONGRAD5: time = 1.028395e-02 (fn F) masses = 1 iters = 4 mflops = 1.595602e+03
 OK converged final_rsq= 0.015 (cf 0.016) rel = 1 (cf 0) restarts = 1 iters= 4
GFTIME:   time = 1.674190e-01 (Symanzik1) mflops = 3.158435e+03
FFTIME:  time = 6.645482e-01 (asqtad3) terms = 2 mflops = 2.256862e+03
PLAQ:	2.013451	2.012694
P_LOOP:	1.848458e-02	-2.834589e-03
G_LOOP:  0  0  4   	2.013605e+00	( 0 1 7 6  )
G_LOOP:  0  1  4   	2.012726e+00	( 0 2 7 5  )
G_LOOP:  0  2  4   	2.012660e+00	( 0 3 7 4  )
G_LOOP:  0  3  4   	2.014021e+00	( 1 2 6 5  )
G_LOOP:  0  4  4   	2.011083e+00	( 1 3 6 4  )
G_LOOP:  0  5  4   	2.014340e+00	( 2 3 5 4  )
G_LOOP:  1  0  6   	1.300613e+00	( 0 0 1 7 7 6  )
G_LOOP:  1  1  6   	1.300842e+00	( 0 0 2 7 7 5  )
G_LOOP:  1  2  6   	1.298253e+00	( 0 0 3 7 7 4  )
G_LOOP:  1  3  6   	1.302963e+00	( 1 1 0 6 6 7  )
G_LOOP:  1  4  6   	1.302157e+00	( 1 1 2 6 6 5  )
G_LOOP:  1  5  6   	1.297503e+00	( 1 1 3 6 6 4  )
G_LOOP:  1  6  6   	1.301427e+00	( 2 2 0 5 5 7  )
G_LOOP:  1  7  6   	1.304927e+00	( 2 2 1 5 5 6  )
G_LOOP:  1  8  6   	1.304792e+00	( 2 2 3 5 5 4  )
G_LOOP:  1  9  6   	1.298713e+00	( 3 3 0 4 4 7  )
G_LOOP:  1  10  6   	1.299108e+00	( 3 3 1 4 4 6  )
G_LOOP:  1  11  6   	1.299223e+00	( 3 3 2 4 4 5  )
G_LOOP:  2  0  6   	1.348445e+00	( 0 1 2 7 6 5  )
G_LOOP:  2  1  6   	1.343089e+00	( 0 1 5 7 6 2  )
G_LOOP:  2  2  6   	1.346329e+00	( 0 6 2 7 1 5  )
G_LOOP:  2  3  6   	1.345030e+00	( 0 6 5 7 1 2  )
G_LOOP:  2  4  6   	1.343380e+00	( 0 1 3 7 6 4  )
G_LOOP:  2  5  6   	1.344257e+00	( 0 1 4 7 6 3  )
G_LOOP:  2  6  6   	1.343157e+00	( 0 6 3 7 1 4  )
G_LOOP:  2  7  6   	1.342065e+00	( 0 6 4 7 1 3  )
G_LOOP:  2  8  6   	1.346172e+00	( 0 2 3 7 5 4  )
G_LOOP:  2  9  6   	1.342668e+00	( 0 2 4 7 5 3  )
G_LOOP:  2  10  6   	1.348706e+00	( 0 5 3 7 2 4  )
G_LOOP:  2  11  6   	1.343122e+00	( 0 5 4 7 2 3  )
G_LOOP:  2  12  6   	1.345732e+00	( 1 2 3 6 5 4  )
G_LOOP:  2  13  6   	1.341834e+00	( 1 2 4 6 5 3  )
G_LOOP:  2  14  6   	1.347041e+00	( 1 5 3 6 2 4  )
G_LOOP:  2  15  6   	1.345153e+00	( 1 5 4 6 2 3  )
GACTION: 4.065737e+00
CONGRAD5: time = 1.117110e-02 (fn F) masses = 1 iters = 4 mflops = 1.468887e+03
 OK converged final_rsq= 0.014 (cf 0.016) rel = 1 (cf 0) restarts = 1 iters= 4
CONGRAD5: time = 1.401997e-02 (fn F) masses = 1 iters = 6 mflops = 1.755613e+03
 OK converged final_rsq= 0.013 (cf 0.016) rel = 1 (cf 0) restarts = 1 iters= 6
PBP: mass 1.250000e-01     8.497467e-02  1.688522e-01  -5.301324e-04  -5.047567e-04 ( 1 of 1 )
FACTION: mass = 1.250000e-01,  1.446208e+00 ( 1 of 1 )
CONGRAD5: time = 1.049399e-02 (fn F) masses = 1 iters = 4 mflops = 1.563665e+03
 OK converged final_rsq= 0.014 (cf 0.016) rel = 1 (cf 0) restarts = 1 iters= 4
CONGRAD5: time = 1.397586e-02 (fn F) masses = 1 iters = 6 mflops = 1.761153e+03
 OK converged final_rsq= 0.013 (cf 0.016) rel = 1 (cf 0) restarts = 1 iters= 6
PBP: mass 1.250000e-01     8.481228e-02  1.712648e-01  2.146663e-03  2.408056e-03 ( 1 of 1 )
FACTION: mass = 1.250000e-01,  1.442460e+00 ( 1 of 1 )
CONGRAD5: time = 1.222181e-02 (fn F) masses = 1 iters = 5 mflops = 1.678258e+03
 OK converged final_rsq= 0.0075 (cf 0.016) rel = 1 (cf 0) restarts = 1 iters= 5
CONGRAD5: time = 1.026082e-02 (fn F) masses = 1 iters = 4 mflops = 1.599198e+03
 OK converged final_rsq= 0.016 (cf 0.016) rel = 1 (cf 0) restarts = 1 iters= 4
GFTIME:   time = 1.670961e-01 (Symanzik1) mflops = 3.164536e+03
FFTIME:  time = 6.203539e-01 (asqtad3) terms = 2 mflops = 2.417641e+03
CONGRAD5: time = 1.398492e-02 (fn F) masses = 1 iters = 5 mflops = 1.466677e+03
 OK converged final_rsq= 0.0092 (cf 0.016) rel = 1 (cf 0) restarts = 1 iters= 5
CONGRAD5: time = 1.569080e-02 (fn F) masses = 1 iters = 5 mflops = 1.307222e+03
 OK converged final_rsq= 0.0087 (cf 0.016) rel = 1 (cf 0) restarts = 1 iters= 5
GFTIME:   time = 1.957631e-01 (Symanzik1) mflops = 2.701131e+03
FFTIME:  time = 6.351762e-01 (asqtad3) terms = 2 mflops = 2.361224e+03
CONGRAD5: time = 1.220298e-02 (fn F) masses = 1 iters = 5 mflops = 1.680849e+03
 OK converged final_rsq= 0.011 (cf 0.016) rel = 1 (cf 0) restarts = 1 iters= 5
CONGRAD5: time = 1.208091e-02 (fn F) masses = 1 iters = 5 mflops = 1.697833e+03
 OK converged final_rsq= 0.01 (cf 0.016) rel = 1 (cf 0) restarts = 1 iters= 5
GFTIME:   time = 1.667178e-01 (Symanzik1) mflops = 3.171718e+03
FFTIME:  time = 6.012950e-01 (asqtad3) terms = 2 mflops = 2.494272e+03
CONGRAD5: time = 1.217699e-02 (fn F) masses = 1 iters = 5 mflops = 1.684436e+03
 OK converged final_rsq= 0.011 (cf 0.016) rel = 1 (cf 0) restarts = 1 iters= 5
CONGRAD5: time = 1.206708e-02 (fn F) masses = 1 iters = 5 mflops = 1.699778e+03
 OK converged final_rsq= 0.01 (cf 0.016) rel = 1 (cf 0) restarts = 1 iters= 5
GFTIME:   time = 1.667180e-01 (Symanzik1) mflops = 3.171714e+03
FFTIME:  time = 6.094899e-01 (asqtad3) terms = 2 mflops = 2.460735e+03
CONGRAD5: time = 1.222610e-02 (fn F) masses = 1 iters = 5 mflops = 1.677669e+03
 OK converged final_rsq= 0.0099 (cf 0.016) rel = 1 (cf 0) restarts = 1 iters= 5
CONGRAD5: time = 1.207209e-02 (fn F) masses = 1 iters = 5 mflops = 1.699073e+03
 OK converged final_rsq= 0.0095 (cf 0.016) rel = 1 (cf 0) restarts = 1 iters= 5
GFTIME:   time = 2.236869e-01 (Symanzik1) mflops = 2.363937e+03
FFTIME:  time = 6.239140e-01 (asqtad3) terms = 2 mflops = 2.403846e+03
PLAQ:	1.791483	1.792157
P_LOOP:	-5.625045e-03	-1.410870e-02
G_LOOP:  0  0  4   	1.791594e+00	( 0 1 7 6  )
G_LOOP:  0  1  4   	1.792323e+00	( 0 2 7 5  )
G_LOOP:  0  2  4   	1.792407e+00	( 0 3 7 4  )
G_LOOP:  0  3  4   	1.790532e+00	( 1 2 6 5  )
G_LOOP:  0  4  4   	1.793364e+00	( 1 3 6 4  )
G_LOOP:  0  5  4   	1.790701e+00	( 2 3 5 4  )
G_LOOP:  1  0  6   	1.025456e+00	( 0 0 1 7 7 6  )
G_LOOP:  1  1  6   	1.026012e+00	( 0 0 2 7 7 5  )
G_LOOP:  1  2  6   	1.024732e+00	( 0 0 3 7 7 4  )
G_LOOP:  1  3  6   	1.025410e+00	( 1 1 0 6 6 7  )
G_LOOP:  1  4  6   	1.024953e+00	( 1 1 2 6 6 5  )
G_LOOP:  1  5  6   	1.022938e+00	( 1 1 3 6 6 4  )
G_LOOP:  1  6  6   	1.024038e+00	( 2 2 0 5 5 7  )
G_LOOP:  1  7  6   	1.024894e+00	( 2 2 1 5 5 6  )
G_LOOP:  1  8  6   	1.022412e+00	( 2 2 3 5 5 4  )
G_LOOP:  1  9  6   	1.027185e+00	( 3 3 0 4 4 7  )
G_LOOP:  1  10  6   	1.025144e+00	( 3 3 1 4 4 6  )
G_LOOP:  1  11  6   	1.025040e+00	( 3 3 2 4 4 5  )
G_LOOP:  2  0  6   	1.061102e+00	( 0 1 2 7 6 5  )
G_LOOP:  2  1  6   	1.057245e+00	( 0 1 5 7 6 2  )
G_LOOP:  2  2  6   	1.056138e+00	( 0 6 2 7 1 5  )
G_LOOP:  2  3  6   	1.056679e+00	( 0 6 5 7 1 2  )
G_LOOP:  2  4  6   	1.053658e+00	( 0 1 3 7 6 4  )
G_LOOP:  2  5  6   	1.057752e+00	( 0 1 4 7 6 3  )
G_LOOP:  2  6  6   	1.058101e+00	( 0 6 3 7 1 4  )
G_LOOP:  2  7  6   	1.058884e+00	( 0 6 4 7 1 3  )
G_LOOP:  2  8  6   	1.056078e+00	( 0 2 3 7 5 4  )
G_LOOP:  2  9  6   	1.059393e+00	( 0 2 4 7 5 3  )
G_LOOP:  2  10  6   	1.057076e+00	( 0 5 3 7 2 4  )
G_LOOP:  2  11  6   	1.062819e+00	( 0 5 4 7 2 3  )
G_LOOP:  2  12  6   	1.057843e+00	( 1 2 3 6 5 4  )
G_LOOP:  2  13  6   	1.058616e+00	( 1 2 4 6 5 3  )
G_LOOP:  2  14  6   	1.053119e+00	( 1 5 3 6 2 4  )
G_LOOP:  2  15  6   	1.057944e+00	( 1 5 4 6 2 3  )
GACTION: 5.088764e+00
CONGRAD5: time = 1.272798e-02 (fn F) masses = 1 iters = 5 mflops = 1.611518e+03
 OK converged final_rsq= 0.0086 (cf 0.016) rel = 1 (cf 0) restarts = 1 iters= 5
CONGRAD5: time = 1.444197e-02 (fn F) masses = 1 iters = 6 mflops = 1.704313e+03
 OK converged final_rsq= 0.015 (cf 0.016) rel = 1 (cf 0) restarts = 1 iters= 6
PBP: mass 1.250000e-01     1.111279e-01  3.023810e-01  2.452463e-03  2.404104e-03 ( 1 of 1 )
FACTION: mass = 1.250000e-01,  1.456062e+00 ( 1 of 1 )
CONGRAD5: time = 1.254106e-02 (fn F) masses = 1 iters = 5 mflops = 1.635537e+03
 OK converged final_rsq= 0.0085 (cf 0.016) rel = 1 (cf 0) restarts = 1 iters= 5
CONGRAD5: time = 1.548290e-02 (fn F) masses = 1 iters = 6 mflops = 1.589730e+03
 OK converged final_rsq= 0.015 (cf 0.016) rel = 1 (cf 0) restarts = 1 iters= 6
PBP: mass 1.250000e-01     1.104930e-01  3.003512e-01  6.282960e-05  9.094552e-04 ( 1 of 1 )
FACTION: mass = 1.250000e-01,  1.455075e+00 ( 1 of 1 )
CONGRAD5: time = 1.334691e-02 (fn F) masses = 1 iters = 5 mflops = 1.536787e+03
 OK converged final_rsq= 0.01 (cf 0.016) rel = 1 (cf 0) restarts = 1 iters= 5
CONGRAD5: time = 1.586795e-02 (fn F) masses = 1 iters = 5 mflops = 1.292628e+03
 OK converged final_rsq= 0.0095 (cf 0.016) rel = 1 (cf 0) restarts = 1 iters= 5
GFTIME:   time = 1.956949e-01 (Symanzik1) mflops = 2.702072e+03
FFTIME:  time = 6.586781e-01 (asqtad3) terms = 2 mflops = 2.276975e+03
CONGRAD5: time = 1.226115e-02 (fn F) masses = 1 iters = 5 mflops = 1.672874e+03
 OK converged final_rsq= 0.011 (cf 0.016) rel = 1 (cf 0) restarts = 1 iters= 5
CONGRAD5: time = 1.295996e-02 (fn F) masses = 1 iters = 5 mflops = 1.582672e+03
 OK converged final_rsq= 0.011 (cf 0.016) rel = 1 (cf 0) restarts = 1 iters= 5
GFTIME:   time = 1.780260e-01 (Symanzik1) mflops = 2.970251e+03
FFTIME:  time = 6.053851e-01 (asqtad3) terms = 2 mflops = 2.477421e+03
CONGRAD5: time = 1.223421e-02 (fn F) masses = 1 iters = 5 mflops = 1.676558e+03
 OK converged final_rsq= 0.012 (cf 0.016) rel = 1 (cf 0) restarts = 1 iters= 5
CONGRAD5: time = 1.210284e-02 (fn F) masses = 1 iters = 5 mflops = 1.694756e+03
 OK converged final_rsq= 0.012 (cf 0.016) rel = 1 (cf 0) restarts = 1 iters= 5
GFTIME:   time = 1.665311e-01 (Symanzik1) mflops = 3.175274e+03
FFTIME:  time = 6.093152e-01 (asqtad3) terms = 2 mflops = 2.461441e+03
CONGRAD5: time = 1.219702e-02 (fn F) masses = 1 iters = 5 mflops = 1.681670e+03
 OK converged final_rsq= 0.012 (cf 0.016) rel = 1 (cf 0) restarts = 1 iters= 5
CONGRAD5: time = 1.210308e-02 (fn F) masses = 1 iters = 5 mflops = 1.694722e+03
 OK converged final_rsq= 0.012 (cf 0.016) rel = 1 (cf 0) restarts = 1 iters= 5
GFTIME:   time = 1.681912e-01 (Symanzik1) mflops = 3.143933e+03
FFTIME:  time = 6.323001e-01 (asqtad3) terms = 2 mflops = 2.371964e+03
CONGRAD5: time = 1.375818e-02 (fn F) masses = 1 iters = 5 mflops = 1.490848e+03
 OK converged final_rsq= 0.012 (cf 0.016) rel = 1 (cf 0) restarts = 1 iters= 5
CONGRAD5: time = 1.267290e-02 (fn F) masses = 1 iters = 5 mflops = 1.618521e+03
 OK converged final_rsq= 0.011 (cf 0.016) rel = 1 (cf 0) restarts = 1 iters= 5
GFTIME:   time = 1.692691e-01 (Symanzik1) mflops = 3.123913e+03
FFTIME:  time = 6.504180e-01 (asqtad3) terms = 2 mflops = 2.305891e+03
PLAQ:	1.645902	1.647369
P_LOOP:	-1.143113e-02	-2.267756e-03
G_LOOP:  0  0  4   	1.645709e+00	( 0 1 7 6  )
G_LOOP:  0  1  4   	1.644737e+00	( 0 2 7 5  )
G_LOOP:  0  2  4   	1.647218e+00	( 0 3 7 4  )
G_LOOP:  0  3  4   	1.647258e+00	( 1 2 6 5  )
G_LOOP:  0  4  4   	1.649003e+00	( 1 3 6 4  )
G_LOOP:  0  5  4   	1.645887e+00	( 2 3 5 4  )
G_LOOP:  1  0  6   	8.580218e-01	( 0 0 1 7 7 6  )
G_LOOP:  1  1  6   	8.541604e-01	( 0 0 2 7 7 5  )
G_LOOP:  1  2  6   	8.595779e-01	( 0 0 3 7 7 4  )
G_LOOP:  1  3  6   	8.582930e-01	( 1 1 0 6 6 7  )
G_LOOP:  1  4  6   	8.580090e-01	( 1 1 2 6 6 5  )
G_LOOP:  1  5  6   	8.579565e-01	( 1 1 3 6 6 4  )
G_LOOP:  1  6  6   	8.503308e-01	( 2 2 0 5 5 7  )
G_LOOP:  1  7  6   	8.559146e-01	( 2 2 1 5 5 6  )
G_LOOP:  1  8  6   	8.569176e-01	( 2 2 3 5 5 4  )
G_LOOP:  1  9  6   	8.593230e-01	( 3 3 0 4 4 7  )
G_LOOP:  1  10  6   	8.598535e-01	( 3 3 1 4 4 6  )
G_LOOP:  1  11  6   	8.616721e-01	( 3 3 2 4 4 5  )
G_LOOP:  2  0  6   	8.789153e-01	( 0 1 2 7 6 5  )
G_LOOP:  2  1  6   	8.791288e-01	( 0 1 5 7 6 2  )
G_LOOP:  2  2  6   	8.810073e-01	( 0 6 2 7 1 5  )
G_LOOP:  2  3  6   	8.768704e-01	( 0 6 5 7 1 2  )
G_LOOP:  2  4  6   	8.798489e-01	( 0 1 3 7 6 4  )
G_LOOP:  2  5  6   	8.801400e-01	( 0 1 4 7 6 3  )
G_LOOP:  2  6  6   	8.826417e-01	( 0 6 3 7 1 4  )
G_LOOP:  2  7  6   	8.788818e-01	( 0 6 4 7 1 3  )
G_LOOP:  2  8  6   	8.816597e-01	( 0 2 3 7 5 4  )
G_LOOP:  2  9  6   	8.763485e-01	( 0 2 4 7 5 3  )
G_LOOP:  2  10  6   	8.789559e-01	( 0 5 3 7 2 4  )
G_LOOP:  2  11  6   	8.814330e-01	( 0 5 4 7 2 3  )
G_LOOP:  2  12  6   	8.771350e-01	( 1 2 3 6 5 4  )
G_LOOP:  2  13  6   	8.797539e-01	( 1 2 4 6 5 3  )
G_LOOP:  2  14  6   	8.777674e-01	( 1 5 3 6 2 4  )
G_LOOP:  2  15  6   	8.827374e-01	( 1 5 4 6 2 3  )
GACTION: 5.774606e+00
CONGRAD5: time = 1.292109e-02 (fn F) masses = 1 iters = 5 mflops = 1.587432e+03
 OK converged final_rsq= 0.01 (cf 0.016) rel = 1 (cf 0) restarts = 1 iters= 5
CONGRAD5: time = 1.698112e-02 (fn F) masses = 1 iters = 7 mflops = 1.691048e+03
 OK converged final_rsq= 0.008 (cf 0.016) rel = 1 (cf 0) restarts = 1 iters= 7
PBP: mass 1.250000e-01     1.265012e-01  3.213337e-01  -2.075054e-03  -2.155931e-03 ( 1 of 1 )
FACTION: mass = 1.250000e-01,  1.436267e+00 ( 1 of 1 )
CONGRAD5: time = 1.351500e-02 (fn F) masses = 1 iters = 5 mflops = 1.517674e+03
 OK converged final_rsq= 0.01 (cf 0.016) rel = 1 (cf 0) restarts = 1 iters= 5
CONGRAD5: time = 1.641703e-02 (fn F) masses = 1 iters = 7 mflops = 1.749154e+03
 OK converged final_rsq= 0.0081 (cf 0.016) rel = 1 (cf 0) restarts = 1 iters= 7
PBP: mass 1.250000e-01     1.253157e-01  3.200521e-01  5.918009e-04  2.751183e-04 ( 1 of 1 )
FACTION: mass = 1.250000e-01,  1.432563e+00 ( 1 of 1 )
RUNNING COMPLETED
average cg iters for step= 1.100000e+01
Time = 2.350899e+01 seconds
total_iters = 550
Checksums 41e6b2b3 a5e7c44
Saved gauge configuration in parallel to binary file lat_p64_size128_1
Time stamp Thu May 19 18:26:22 2022
Wrote info file lat_p64_size128_1.info
Time to save = 3.347850e-01
CHECK PLAQ: 1.645902e+00 1.647369e+00
CHECK NERSC LINKTR: 1.706465e-01 CKSUM: 85c71d91


warms 0
trajecs 4
traj_between_meas 1
beta 5.6
mass1 0.01
mass2 0.01
u0 0.8441
microcanonical_time_step 0.02
steps_per_trajectory 15
max_cg_iterations 300
max_cg_restarts 5
error_per_site 1e-05
error_for_propagator 1e-05
npbp_reps 1
prec_pbp 1
reload_parallel lat_p64_size128_1
save_parallel lat_p64_size128_2
Restored binary gauge configuration in parallel from file lat_p64_size128_1
Time stamp Thu May 19 18:26:22 2022
Checksums 41e6b2b3 a5e7c44 OK
Time to reload gauge configuration = 1.619909e-01
CHECK PLAQ: 1.645902e+00 1.647369e+00
CHECK NERSC LINKTR: 1.706465e-01 CKSUM: 85c71d91
Unitarity checked.  Max deviation 2.98e-07
Time to check unitarity = 1.424074e-03
"O(a^2): couplings(pi)=0, Naik term, No O(a^2) errors, tadpole weights"
path coefficients: npath  path_coeff  multiplicity
                    0      6.250000e-01     8
                    1      -5.847914e-02     8
                    2      -8.771871e-02     48
                    3      3.077829e-02     192
                    4      -7.199551e-03     384
                    5      -1.231132e-01     48
Symanzik 1x1 + 1x2 + 1x1x1 action
gauge_action: total_dyn_flavors = 3
loop coefficients: nloop rep loop_coeff  multiplicity
                    0 0      1.000000e+00     6
                    1 0      -7.762509e-02     12
                    2 0      -1.031171e-02     16
WARMUPS COMPLETED
CONGRAD5: time = 1.149023e+00 (fn F) masses = 1 iters = 600 mflops = 2.142136e+03
 OK converged final_rsq= 9.6e-11 (cf 1e-10) rel = 1 (cf 0) restarts = 2 iters= 600
CONGRAD5: time = 1.112442e+00 (fn F) masses = 1 iters = 602 mflops = 2.219952e+03
 OK converged final_rsq= 7.3e-11 (cf 1e-10) rel = 1 (cf 0) restarts = 3 iters= 602
GFTIME:   time = 1.674891e-01 (Symanzik1) mflops = 3.157113e+03
FFTIME:  time = 6.263201e-01 (asqtad3) terms = 2 mflops = 2.394612e+03
CONGRAD5: time = 1.211754e+00 (fn F) masses = 1 iters = 591 mflops = 2.000771e+03
 OK converged final_rsq= 1e-10 (cf 1e-10) rel = 1 (cf 0) restarts = 2 iters= 591
CONGRAD5: time = 1.166258e+00 (fn F) masses = 1 iters = 593 mflops = 2.085857e+03
 OK converged final_rsq= 1e-10 (cf 1e-10) rel = 1 (cf 0) restarts = 2 iters= 593
GFTIME:   time = 1.773531e-01 (Symanzik1) mflops = 2.981519e+03
FFTIME:  time = 6.676161e-01 (asqtad3) terms = 2 mflops = 2.246491e+03
CONGRAD5: time = 1.172299e+00 (fn F) masses = 1 iters = 597 mflops = 2.089105e+03
 OK converged final_rsq= 4.9e-11 (cf 1e-10) rel = 1 (cf 0) restarts = 3 iters= 597
CONGRAD5: time = 1.138144e+00 (fn F) masses = 1 iters = 563 mflops = 2.029250e+03
 OK converged final_rsq= 4.9e-11 (cf 1e-10) rel = 1 (cf 0) restarts = 3 iters= 563
GFTIME:   time = 1.835089e-01 (Symanzik1) mflops = 2.881505e+03
FFTIME:  time = 6.495030e-01 (asqtad3) terms = 2 mflops = 2.309140e+03
CONGRAD5: time = 1.108317e+00 (fn F) masses = 1 iters = 590 mflops = 2.183798e+03
 OK converged final_rsq= 9.8e-11 (cf 1e-10) rel = 1 (cf 0) restarts = 2 iters= 590
CONGRAD5: time = 1.071050e+00 (fn F) masses = 1 iters = 578 mflops = 2.213821e+03
 OK converged final_rsq= 9.8e-11 (cf 1e-10) rel = 1 (cf 0) restarts = 2 iters= 578
GFTIME:   time = 1.693802e-01 (Symanzik1) mflops = 3.121863e+03
FFTIME:  time = 6.598010e-01 (asqtad3) terms = 2 mflops = 2.273100e+03
CONGRAD5: time = 1.140798e+00 (fn F) masses = 1 iters = 598 mflops = 2.150388e+03
 OK converged final_rsq= 9e-11 (cf 1e-10) rel = 1 (cf 0) restarts = 2 iters= 598
CONGRAD5: time = 1.042073e+00 (fn F) masses = 1 iters = 562 mflops = 2.212395e+03
 OK converged final_rsq= 9.9e-11 (cf 1e-10) rel = 1 (cf 0) restarts = 2 iters= 562
GFTIME:   time = 1.795480e-01 (Symanzik1) mflops = 2.945072e+03
FFTIME:  time = 6.644809e-01 (asqtad3) terms = 2 mflops = 2.257090e+03
CONGRAD5: time = 1.236737e+00 (fn F) masses = 1 iters = 600 mflops = 1.990207e+03
 OK converged final_rsq= 9.2e-11 (cf 1e-10) rel = 1 (cf 0) restarts = 2 iters= 600
CONGRAD5: time = 1.161710e+00 (fn F) masses = 1 iters = 594 mflops = 2.097554e+03
 OK converged final_rsq= 9.6e-11 (cf 1e-10) rel = 1 (cf 0) restarts = 2 iters= 594
GFTIME:   time = 2.033160e-01 (Symanzik1) mflops = 2.600788e+03
FFTIME:  time = 6.210880e-01 (asqtad3) terms = 2 mflops = 2.414784e+03
CONGRAD5: time = 1.098422e+00 (fn F) masses = 1 iters = 590 mflops = 2.203471e+03
 OK converged final_rsq= 9.8e-11 (cf 1e-10) rel = 1 (cf 0) restarts = 2 iters= 590
CONGRAD5: time = 1.142870e+00 (fn F) masses = 1 iters = 590 mflops = 2.117774e+03
 OK converged final_rsq= 9.7e-11 (cf 1e-10) rel = 1 (cf 0) restarts = 2 iters= 590
GFTIME:   time = 1.837652e-01 (Symanzik1) mflops = 2.877487e+03
FFTIME:  time = 6.141260e-01 (asqtad3) terms = 2 mflops = 2.442159e+03
CONGRAD5: time = 1.259007e+00 (fn F) masses = 1 iters = 602 mflops = 1.961520e+03
 OK converged final_rsq= 4.2e-11 (cf 1e-10) rel = 1 (cf 0) restarts = 3 iters= 602
CONGRAD5: time = 1.090156e+00 (fn F) masses = 1 iters = 590 mflops = 2.220178e+03
 OK converged final_rsq= 5e-11 (cf 1e-10) rel = 1 (cf 0) restarts = 3 iters= 590
GFTIME:   time = 1.681321e-01 (Symanzik1) mflops = 3.145039e+03
FFTIME:  time = 6.040640e-01 (asqtad3) terms = 2 mflops = 2.482839e+03
CONGRAD5: time = 1.202948e+00 (fn F) masses = 1 iters = 602 mflops = 2.052930e+03
 OK converged final_rsq= 4.8e-11 (cf 1e-10) rel = 1 (cf 0) restarts = 3 iters= 602
CONGRAD5: time = 1.181463e+00 (fn F) masses = 1 iters = 590 mflops = 2.048596e+03
 OK converged final_rsq= 9.8e-11 (cf 1e-10) rel = 1 (cf 0) restarts = 2 iters= 590
GFTIME:   time = 1.724839e-01 (Symanzik1) mflops = 3.065688e+03
FFTIME:  time = 6.131890e-01 (asqtad3) terms = 2 mflops = 2.445891e+03
CONGRAD5: time = 1.138221e+00 (fn F) masses = 1 iters = 602 mflops = 2.169673e+03
 OK converged final_rsq= 4.2e-11 (cf 1e-10) rel = 1 (cf 0) restarts = 3 iters= 602
CONGRAD5: time = 1.200735e+00 (fn F) masses = 1 iters = 600 mflops = 2.049881e+03
 OK converged final_rsq= 7.9e-11 (cf 1e-10) rel = 1 (cf 0) restarts = 2 iters= 600
GFTIME:   time = 1.885390e-01 (Symanzik1) mflops = 2.804628e+03
FFTIME:  time = 6.151249e-01 (asqtad3) terms = 2 mflops = 2.438193e+03
CONGRAD5: time = 1.127670e+00 (fn F) masses = 1 iters = 600 mflops = 2.182698e+03
 OK converged final_rsq= 8.4e-11 (cf 1e-10) rel = 1 (cf 0) restarts = 2 iters= 600
CONGRAD5: time = 1.103351e+00 (fn F) masses = 1 iters = 598 mflops = 2.223371e+03
 OK converged final_rsq= 9.2e-11 (cf 1e-10) rel = 1 (cf 0) restarts = 2 iters= 598
GFTIME:   time = 1.683748e-01 (Symanzik1) mflops = 3.140505e+03
FFTIME:  time = 6.363690e-01 (asqtad3) terms = 2 mflops = 2.356798e+03
CONGRAD5: time = 1.122224e+00 (fn F) masses = 1 iters = 598 mflops = 2.185980e+03
 OK converged final_rsq= 9.2e-11 (cf 1e-10) rel = 1 (cf 0) restarts = 2 iters= 598
CONGRAD5: time = 1.105565e+00 (fn F) masses = 1 iters = 600 mflops = 2.226340e+03
 OK converged final_rsq= 8.9e-11 (cf 1e-10) rel = 1 (cf 0) restarts = 2 iters= 600
GFTIME:   time = 1.778920e-01 (Symanzik1) mflops = 2.972488e+03
FFTIME:  time = 6.382861e-01 (asqtad3) terms = 2 mflops = 2.349720e+03
CONGRAD5: time = 1.110219e+00 (fn F) masses = 1 iters = 602 mflops = 2.224397e+03
 OK converged final_rsq= 5e-11 (cf 1e-10) rel = 1 (cf 0) restarts = 3 iters= 602
CONGRAD5: time = 1.095556e+00 (fn F) masses = 1 iters = 594 mflops = 2.224213e+03
 OK converged final_rsq= 4.9e-11 (cf 1e-10) rel = 1 (cf 0) restarts = 3 iters= 594
GFTIME:   time = 1.673400e-01 (Symanzik1) mflops = 3.159924e+03
FFTIME:  time = 6.016369e-01 (asqtad3) terms = 2 mflops = 2.492855e+03
CONGRAD5: time = 1.113341e+00 (fn F) masses = 1 iters = 602 mflops = 2.218159e+03
 OK converged final_rsq= 5.6e-11 (cf 1e-10) rel = 1 (cf 0) restarts = 3 iters= 602
CONGRAD5: time = 1.127681e+00 (fn F) masses = 1 iters = 600 mflops = 2.182677e+03
 OK converged final_rsq= 4.8e-11 (cf 1e-10) rel = 1 (cf 0) restarts = 3 iters= 600
GFTIME:   time = 1.711040e-01 (Symanzik1) mflops = 3.090413e+03
FFTIME:  time = 6.129720e-01 (asqtad3) terms = 2 mflops = 2.446757e+03
CONGRAD5: time = 1.106044e+00 (fn F) masses = 1 iters = 599 mflops = 2.221666e+03
 OK converged final_rsq= 1e-10 (cf 1e-10) rel = 1 (cf 0) restarts = 2 iters= 599
CONGRAD5: time = 1.108323e+00 (fn F) masses = 1 iters = 600 mflops = 2.220800e+03
 OK converged final_rsq= 9.6e-11 (cf 1e-10) rel = 1 (cf 0) restarts = 2 iters= 600
GFTIME:   time = 1.697760e-01 (Symanzik1) mflops = 3.114586e+03
FFTIME:  time = 7.088709e-01 (asqtad3) terms = 2 mflops = 2.115750e+03
PLAQ:	1.539870	1.540983
P_LOOP:	2.341213e-03	1.164436e-02
G_LOOP:  0  0  4   	1.542867e+00	( 0 1 7 6  )
G_LOOP:  0  1  4   	1.537272e+00	( 0 2 7 5  )
G_LOOP:  0  2  4   	1.541847e+00	( 0 3 7 4  )
G_LOOP:  0  3  4   	1.539470e+00	( 1 2 6 5  )
G_LOOP:  0  4  4   	1.541731e+00	( 1 3 6 4  )
G_LOOP:  0  5  4   	1.539371e+00	( 2 3 5 4  )
G_LOOP:  1  0  6   	7.833462e-01	( 0 0 1 7 7 6  )
G_LOOP:  1  1  6   	7.762624e-01	( 0 0 2 7 7 5  )
G_LOOP:  1  2  6   	7.838242e-01	( 0 0 3 7 7 4  )
G_LOOP:  1  3  6   	7.835679e-01	( 1 1 0 6 6 7  )
G_LOOP:  1  4  6   	7.791536e-01	( 1 1 2 6 6 5  )
G_LOOP:  1  5  6   	7.769763e-01	( 1 1 3 6 6 4  )
G_LOOP:  1  6  6   	7.748242e-01	( 2 2 0 5 5 7  )
G_LOOP:  1  7  6   	7.780153e-01	( 2 2 1 5 5 6  )
G_LOOP:  1  8  6   	7.802333e-01	( 2 2 3 5 5 4  )
G_LOOP:  1  9  6   	7.800279e-01	( 3 3 0 4 4 7  )
G_LOOP:  1  10  6   	7.797631e-01	( 3 3 1 4 4 6  )
G_LOOP:  1  11  6   	7.809500e-01	( 3 3 2 4 4 5  )
G_LOOP:  2  0  6   	7.992281e-01	( 0 1 2 7 6 5  )
G_LOOP:  2  1  6   	7.976546e-01	( 0 1 5 7 6 2  )
G_LOOP:  2  2  6   	8.026440e-01	( 0 6 2 7 1 5  )
G_LOOP:  2  3  6   	7.979111e-01	( 0 6 5 7 1 2  )
G_LOOP:  2  4  6   	8.020918e-01	( 0 1 3 7 6 4  )
G_LOOP:  2  5  6   	8.041203e-01	( 0 1 4 7 6 3  )
G_LOOP:  2  6  6   	8.028141e-01	( 0 6 3 7 1 4  )
G_LOOP:  2  7  6   	8.037676e-01	( 0 6 4 7 1 3  )
G_LOOP:  2  8  6   	7.983431e-01	( 0 2 3 7 5 4  )
G_LOOP:  2  9  6   	7.983456e-01	( 0 2 4 7 5 3  )
G_LOOP:  2  10  6   	7.998412e-01	( 0 5 3 7 2 4  )
G_LOOP:  2  11  6   	8.027047e-01	( 0 5 4 7 2 3  )
G_LOOP:  2  12  6   	7.993306e-01	( 1 2 3 6 5 4  )
G_LOOP:  2  13  6   	7.995266e-01	( 1 2 4 6 5 3  )
G_LOOP:  2  14  6   	7.962881e-01	( 1 5 3 6 2 4  )
G_LOOP:  2  15  6   	8.045871e-01	( 1 5 4 6 2 3  )
GACTION: 6.326396e+00
CONGRAD5: time = 1.201612e+00 (fn F) masses = 1 iters = 600 mflops = 2.048384e+03
 OK converged final_rsq= 8.3e-11 (cf 1e-10) rel = 1 (cf 0) restarts = 2 iters= 600
CONGRAD5: time = 2.105689e-01 (fn F) masses = 1 iters = 96 mflops = 1.870258e+03
 OK converged final_rsq= 9.8e-11 (cf 1e-10) rel = 1 (cf 0) restarts = 1 iters= 96
PBP: mass 1.000000e-02     3.354812e-02  4.058975e-02  -2.196691e-04  -2.219500e-04 ( 1 of 1 )
FACTION: mass = 1.000000e-02,  1.496073e+00 ( 1 of 1 )
CONGRAD5: time = 1.121608e+00 (fn F) masses = 1 iters = 599 mflops = 2.190838e+03
 OK converged final_rsq= 8.7e-11 (cf 1e-10) rel = 1 (cf 0) restarts = 2 iters= 599
CONGRAD5: time = 1.647191e-01 (fn F) masses = 1 iters = 88 mflops = 2.191609e+03
 OK converged final_rsq= 9.9e-11 (cf 1e-10) rel = 1 (cf 0) restarts = 1 iters= 88
PBP: mass 1.000000e-02     3.817999e-02  3.451439e-02  3.792468e-03  3.793978e-03 ( 1 of 1 )
FACTION: mass = 1.000000e-02,  1.499155e+00 ( 1 of 1 )
CONGRAD5: time = 1.109850e+00 (fn F) masses = 1 iters = 599 mflops = 2.214048e+03
 OK converged final_rsq= 9.5e-11 (cf 1e-10) rel = 1 (cf 0) restarts = 2 iters= 599
CONGRAD5: time = 1.218863e+00 (fn F) masses = 1 iters = 601 mflops = 2.022758e+03
 OK converged final_rsq= 4.8e-11 (cf 1e-10) rel = 1 (cf 0) restarts = 3 iters= 601
GFTIME:   time = 1.753838e-01 (Symanzik1) mflops = 3.014998e+03
FFTIME:  time = 6.514730e-01 (asqtad3) terms = 2 mflops = 2.302157e+03
CONGRAD5: time = 1.114839e+00 (fn F) masses = 1 iters = 602 mflops = 2.215179e+03
 OK converged final_rsq= 6.8e-11 (cf 1e-10) rel = 1 (cf 0) restarts = 3 iters= 602
CONGRAD5: time = 1.115204e+00 (fn F) masses = 1 iters = 602 mflops = 2.214454e+03
 OK converged final_rsq= 3.8e-11 (cf 1e-10) rel = 1 (cf 0) restarts = 3 iters= 602
GFTIME:   time = 1.688352e-01 (Symanzik1) mflops = 3.131941e+03
FFTIME:  time = 6.481299e-01 (asqtad3) terms = 2 mflops = 2.314032e+03
CONGRAD5: time = 1.196086e+00 (fn F) masses = 1 iters = 597 mflops = 2.047559e+03
 OK converged final_rsq= 9.7e-11 (cf 1e-10) rel = 1 (cf 0) restarts = 2 iters= 597
CONGRAD5: time = 1.189269e+00 (fn F) masses = 1 iters = 599 mflops = 2.066194e+03
 OK converged final_rsq= 9.4e-11 (cf 1e-10) rel = 1 (cf 0) restarts = 2 iters= 599
GFTIME:   time = 2.168150e-01 (Symanzik1) mflops = 2.438862e+03
FFTIME:  time = 6.656971e-01 (asqtad3) terms = 2 mflops = 2.252967e+03
CONGRAD5: time = 1.153895e+00 (fn F) masses = 1 iters = 602 mflops = 2.140202e+03
 OK converged final_rsq= 6.7e-11 (cf 1e-10) rel = 1 (cf 0) restarts = 3 iters= 602
CONGRAD5: time = 1.119687e+00 (fn F) masses = 1 iters = 594 mflops = 2.176277e+03
 OK converged final_rsq= 4.9e-11 (cf 1e-10) rel = 1 (cf 0) restarts = 3 iters= 594
GFTIME:   time = 1.783719e-01 (Symanzik1) mflops = 2.964491e+03
FFTIME:  time = 6.426759e-01 (asqtad3) terms = 2 mflops = 2.333670e+03
CONGRAD5: time = 1.162470e+00 (fn F) masses = 1 iters = 602 mflops = 2.124414e+03
 OK converged final_rsq= 4.3e-11 (cf 1e-10) rel = 1 (cf 0) restarts = 3 iters= 602
CONGRAD5: time = 1.113290e+00 (fn F) masses = 1 iters = 602 mflops = 2.218261e+03
 OK converged final_rsq= 4.2e-11 (cf 1e-10) rel = 1 (cf 0) restarts = 3 iters= 602
GFTIME:   time = 1.671951e-01 (Symanzik1) mflops = 3.162664e+03
FFTIME:  time = 6.667240e-01 (asqtad3) terms = 2 mflops = 2.249497e+03
CONGRAD5: time = 1.163163e+00 (fn F) masses = 1 iters = 602 mflops = 2.123148e+03
 OK converged final_rsq= 4.2e-11 (cf 1e-10) rel = 1 (cf 0) restarts = 3 iters= 602
CONGRAD5: time = 1.225598e+00 (fn F) masses = 1 iters = 599 mflops = 2.004948e+03
 OK converged final_rsq= 9.7e-11 (cf 1e-10) rel = 1 (cf 0) restarts = 2 iters= 599
GFTIME:   time = 1.796060e-01 (Symanzik1) mflops = 2.944122e+03
FFTIME:  time = 6.506569e-01 (asqtad3) terms = 2 mflops = 2.305045e+03
CONGRAD5: time = 1.185119e+00 (fn F) masses = 1 iters = 598 mflops = 2.069968e+03
 OK converged final_rsq= 9.1e-11 (cf 1e-10) rel = 1 (cf 0) restarts = 2 iters= 598
CONGRAD5: time = 1.199087e+00 (fn F) masses = 1 iters = 601 mflops = 2.056119e+03
 OK converged final_rsq= 4.8e-11 (cf 1e-10) rel = 1 (cf 0) restarts = 3 iters= 601
GFTIME:   time = 1.787109e-01 (Symanzik1) mflops = 2.958867e+03
FFTIME:  time = 6.337152e-01 (asqtad3) terms = 2 mflops = 2.366668e+03
CONGRAD5: time = 1.110253e+00 (fn F) masses = 1 iters = 597 mflops = 2.205854e+03
 OK converged final_rsq= 9.4e-11 (cf 1e-10) rel = 1 (cf 0) restarts = 2 iters= 597
CONGRAD5: time = 1.108505e+00 (fn F) masses = 1 iters = 600 mflops = 2.220435e+03
 OK converged final_rsq= 4.9e-11 (cf 1e-10) rel = 1 (cf 0) restarts = 3 iters= 600
GFTIME:   time = 1.681111e-01 (Symanzik1) mflops = 3.145431e+03
FFTIME:  time = 6.464651e-01 (asqtad3) terms = 2 mflops = 2.319991e+03
CONGRAD5: time = 1.227063e+00 (fn F) masses = 1 iters = 602 mflops = 2.012584e+03
 OK converged final_rsq= 6.7e-11 (cf 1e-10) rel = 1 (cf 0) restarts = 3 iters= 602
CONGRAD5: time = 1.149864e+00 (fn F) masses = 1 iters = 590 mflops = 2.104893e+03
 OK converged final_rsq= 9.8e-11 (cf 1e-10) rel = 1 (cf 0) restarts = 2 iters= 590
GFTIME:   time = 1.759572e-01 (Symanzik1) mflops = 3.005173e+03
FFTIME:  time = 6.111281e-01 (asqtad3) terms = 2 mflops = 2.454139e+03
CONGRAD5: time = 1.193815e+00 (fn F) masses = 1 iters = 602 mflops = 2.068635e+03
 OK converged final_rsq= 7.4e-11 (cf 1e-10) rel = 1 (cf 0) restarts = 3 iters= 602
CONGRAD5: time = 1.170336e+00 (fn F) masses = 1 iters = 600 mflops = 2.103125e+03
 OK converged final_rsq= 9.4e-11 (cf 1e-10) rel = 1 (cf 0) restarts = 2 iters= 600
GFTIME:   time = 1.764798e-01 (Symanzik1) mflops = 2.996274e+03
FFTIME:  time = 6.189849e-01 (asqtad3) terms = 2 mflops = 2.422989e+03
CONGRAD5: time = 1.107963e+00 (fn F) masses = 1 iters = 600 mflops = 2.221521e+03
 OK converged final_rsq= 8.7e-11 (cf 1e-10) rel = 1 (cf 0) restarts = 2 iters= 600
CONGRAD5: time = 1.169254e+00 (fn F) masses = 1 iters = 602 mflops = 2.112088e+03
 OK converged final_rsq= 4.7e-11 (cf 1e-10) rel = 1 (cf 0) restarts = 3 iters= 602
GFTIME:   time = 1.693900e-01 (Symanzik1) mflops = 3.121683e+03
FFTIME:  time = 6.015599e-01 (asqtad3) terms = 2 mflops = 2.493174e+03
CONGRAD5: time = 1.163724e+00 (fn F) masses = 1 iters = 602 mflops = 2.122125e+03
 OK converged final_rsq= 4.6e-11 (cf 1e-10) rel = 1 (cf 0) restarts = 3 iters= 602
CONGRAD5: time = 1.230293e+00 (fn F) masses = 1 iters = 598 mflops = 1.993963e+03
 OK converged final_rsq= 9.8e-11 (cf 1e-10) rel = 1 (cf 0) restarts = 2 iters= 598
GFTIME:   time = 1.682851e-01 (Symanzik1) mflops = 3.142178e+03
FFTIME:  time = 5.972970e-01 (asqtad3) terms = 2 mflops = 2.510968e+03
CONGRAD5: time = 1.147417e+00 (fn F) masses = 1 iters = 602 mflops = 2.152285e+03
 OK converged final_rsq= 7.9e-11 (cf 1e-10) rel = 1 (cf 0) restarts = 3 iters= 602
CONGRAD5: time = 1.137542e+00 (fn F) masses = 1 iters = 600 mflops = 2.163756e+03
 OK converged final_rsq= 9e-11 (cf 1e-10) rel = 1 (cf 0) restarts = 2 iters= 600
GFTIME:   time = 1.721401e-01 (Symanzik1) mflops = 3.071810e+03
FFTIME:  time = 6.415200e-01 (asqtad3) terms = 2 mflops = 2.337875e+03
CONGRAD5: time = 1.165757e+00 (fn F) masses = 1 iters = 602 mflops = 2.118424e+03
 OK converged final_rsq= 5.7e-11 (cf 1e-10) rel = 1 (cf 0) restarts = 3 iters= 602
CONGRAD5: time = 1.111945e+00 (fn F) masses = 1 iters = 602 mflops = 2.220944e+03
 OK converged final_rsq= 3.9e-11 (cf 1e-10) rel = 1 (cf 0) restarts = 3 iters= 602
GFTIME:   time = 1.675839e-01 (Symanzik1) mflops = 3.155325e+03
FFTIME:  time = 6.239109e-01 (asqtad3) terms = 2 mflops = 2.403858e+03
CONGRAD5: time = 1.144300e+00 (fn F) masses = 1 iters = 602 mflops = 2.158147e+03
 OK converged final_rsq= 6.6e-11 (cf 1e-10) rel = 1 (cf 0) restarts = 3 iters= 602
CONGRAD5: time = 1.159562e+00 (fn F) masses = 1 iters = 600 mflops = 2.122666e+03
 OK converged final_rsq= 8.2e-11 (cf 1e-10) rel = 1 (cf 0) restarts = 2 iters= 600
GFTIME:   time = 1.759350e-01 (Symanzik1) mflops = 3.005552e+03
FFTIME:  time = 6.617992e-01 (asqtad3) terms = 2 mflops = 2.266236e+03
PLAQ:	1.497886	1.500338
P_LOOP:	-1.391577e-02	-1.178132e-02
G_LOOP:  0  0  4   	1.500068e+00	( 0 1 7 6  )
G_LOOP:  0  1  4   	1.494129e+00	( 0 2 7 5  )
G_LOOP:  0  2  4   	1.501872e+00	( 0 3 7 4  )
G_LOOP:  0  3  4   	1.499460e+00	( 1 2 6 5  )
G_LOOP:  0  4  4   	1.499716e+00	( 1 3 6 4  )
G_LOOP:  0  5  4   	1.499427e+00	( 2 3 5 4  )
G_LOOP:  1  0  6   	7.443911e-01	( 0 0 1 7 7 6  )
G_LOOP:  1  1  6   	7.363440e-01	( 0 0 2 7 7 5  )
G_LOOP:  1  2  6   	7.451287e-01	( 0 0 3 7 7 4  )
G_LOOP:  1  3  6   	7.429316e-01	( 1 1 0 6 6 7  )
G_LOOP:  1  4  6   	7.374183e-01	( 1 1 2 6 6 5  )
G_LOOP:  1  5  6   	7.396254e-01	( 1 1 3 6 6 4  )
G_LOOP:  1  6  6   	7.350054e-01	( 2 2 0 5 5 7  )
G_LOOP:  1  7  6   	7.395602e-01	( 2 2 1 5 5 6  )
G_LOOP:  1  8  6   	7.422656e-01	( 2 2 3 5 5 4  )
G_LOOP:  1  9  6   	7.457821e-01	( 3 3 0 4 4 7  )
G_LOOP:  1  10  6   	7.440980e-01	( 3 3 1 4 4 6  )
G_LOOP:  1  11  6   	7.435065e-01	( 3 3 2 4 4 5  )
G_LOOP:  2  0  6   	7.580413e-01	( 0 1 2 7 6 5  )
G_LOOP:  2  1  6   	7.594399e-01	( 0 1 5 7 6 2  )
G_LOOP:  2  2  6   	7.602800e-01	( 0 6 2 7 1 5  )
G_LOOP:  2  3  6   	7.603390e-01	( 0 6 5 7 1 2  )
G_LOOP:  2  4  6   	7.621794e-01	( 0 1 3 7 6 4  )
G_LOOP:  2  5  6   	7.652648e-01	( 0 1 4 7 6 3  )
G_LOOP:  2  6  6   	7.622968e-01	( 0 6 3 7 1 4  )
G_LOOP:  2  7  6   	7.616749e-01	( 0 6 4 7 1 3  )
G_LOOP:  2  8  6   	7.563729e-01	( 0 2 3 7 5 4  )
G_LOOP:  2  9  6   	7.595969e-01	( 0 2 4 7 5 3  )
G_LOOP:  2  10  6   	7.609918e-01	( 0 5 3 7 2 4  )
G_LOOP:  2  11  6   	7.607973e-01	( 0 5 4 7 2 3  )
G_LOOP:  2  12  6   	7.604965e-01	( 1 2 3 6 5 4  )
G_LOOP:  2  13  6   	7.608241e-01	( 1 2 4 6 5 3  )
G_LOOP:  2  14  6   	7.583448e-01	( 1 5 3 6 2 4  )
G_LOOP:  2  15  6   	7.602719e-01	( 1 5 4 6 2 3  )
GACTION: 6.531885e+00
CONGRAD5: time = 1.146698e+00 (fn F) masses = 1 iters = 600 mflops = 2.146479e+03
 OK converged final_rsq= 8e-11 (cf 1e-10) rel = 1 (cf 0) restarts = 2 iters= 600
CONGRAD5: time = 1.813109e-01 (fn F) masses = 1 iters = 88 mflops = 1.991055e+03
 OK converged final_rsq= 1e-10 (cf 1e-10) rel = 1 (cf 0) restarts = 1 iters= 88
PBP: mass 1.000000e-02     3.617167e-02  4.242414e-02  8.969963e-03  8.972030e-03 ( 1 of 1 )
FACTION: mass = 1.000000e-02,  1.499519e+00 ( 1 of 1 )
CONGRAD5: time = 1.130429e+00 (fn F) masses = 1 iters = 602 mflops = 2.184629e+03
 OK converged final_rsq= 4.6e-11 (cf 1e-10) rel = 1 (cf 0) restarts = 3 iters= 602
CONGRAD5: time = 2.040401e-01 (fn F) masses = 1 iters = 104 mflops = 2.090944e+03
 OK converged final_rsq= 5e-11 (cf 1e-10) rel = 1 (cf 0) restarts = 2 iters= 104
PBP: mass 1.000000e-02     4.708103e-02  3.575377e-02  3.605491e-03  3.613895e-03 ( 1 of 1 )
FACTION: mass = 1.000000e-02,  1.498510e+00 ( 1 of 1 )
CONGRAD5: time = 1.129394e+00 (fn F) masses = 1 iters = 602 mflops = 2.186631e+03
 OK converged final_rsq= 6.5e-11 (cf 1e-10) rel = 1 (cf 0) restarts = 3 iters= 602
CONGRAD5: time = 1.116407e+00 (fn F) masses = 1 iters = 602 mflops = 2.212067e+03
 OK converged final_rsq= 6.2e-11 (cf 1e-10) rel = 1 (cf 0) restarts = 3 iters= 602
GFTIME:   time = 1.793730e-01 (Symanzik1) mflops = 2.947945e+03
FFTIME:  time = 6.327879e-01 (asqtad3) terms = 2 mflops = 2.370136e+03
CONGRAD5: time = 1.119507e+00 (fn F) masses = 1 iters = 602 mflops = 2.205942e+03
 OK converged final_rsq= 6e-11 (cf 1e-10) rel = 1 (cf 0) restarts = 3 iters= 602
CONGRAD5: time = 1.155287e+00 (fn F) masses = 1 iters = 600 mflops = 2.130521e+03
 OK converged final_rsq= 9.9e-11 (cf 1e-10) rel = 1 (cf 0) restarts = 2 iters= 600
GFTIME:   time = 1.752610e-01 (Symanzik1) mflops = 3.017110e+03
FFTIME:  time = 6.658700e-01 (asqtad3) terms = 2 mflops = 2.252382e+03
CONGRAD5: time = 1.116195e+00 (fn F) masses = 1 iters = 602 mflops = 2.212487e+03
 OK converged final_rsq= 5.5e-11 (cf 1e-10) rel = 1 (cf 0) restarts = 3 iters= 602
CONGRAD5: time = 1.139097e+00 (fn F) masses = 1 iters = 599 mflops = 2.157201e+03
 OK converged final_rsq= 9.2e-11 (cf 1e-10) rel = 1 (cf 0) restarts = 2 iters= 599
GFTIME:   time = 2.074621e-01 (Symanzik1) mflops = 2.548812e+03
FFTIME:  time = 6.228249e-01 (asqtad3) terms = 2 mflops = 2.408050e+03
CONGRAD5: time = 1.269393e+00 (fn F) masses = 1 iters = 602 mflops = 1.945471e+03
 OK converged final_rsq= 9.5e-11 (cf 1e-10) rel = 1 (cf 0) restarts = 3 iters= 602
CONGRAD5: time = 1.115921e+00 (fn F) masses = 1 iters = 602 mflops = 2.213031e+03
 OK converged final_rsq= 8.5e-11 (cf 1e-10) rel = 1 (cf 0) restarts = 3 iters= 602
GFTIME:   time = 1.673942e-01 (Symanzik1) mflops = 3.158902e+03
FFTIME:  time = 6.041641e-01 (asqtad3) terms = 2 mflops = 2.482427e+03
CONGRAD5: time = 1.234999e+00 (fn F) masses = 1 iters = 602 mflops = 1.999652e+03
 OK converged final_rsq= 5.4e-11 (cf 1e-10) rel = 1 (cf 0) restarts = 3 iters= 602
CONGRAD5: time = 1.303355e+00 (fn F) masses = 1 iters = 602 mflops = 1.894778e+03
 OK converged final_rsq= 6.4e-11 (cf 1e-10) rel = 1 (cf 0) restarts = 3 iters= 602
GFTIME:   time = 1.869102e-01 (Symanzik1) mflops = 2.829070e+03
FFTIME:  time = 6.358831e-01 (asqtad3) terms = 2 mflops = 2.358599e+03
CONGRAD5: time = 1.120902e+00 (fn F) masses = 1 iters = 602 mflops = 2.203197e+03
 OK converged final_rsq= 5.1e-11 (cf 1e-10) rel = 1 (cf 0) restarts = 3 iters= 602
CONGRAD5: time = 1.186419e+00 (fn F) masses = 1 iters = 602 mflops = 2.081531e+03
 OK converged final_rsq= 4.4e-11 (cf 1e-10) rel = 1 (cf 0) restarts = 3 iters= 602
GFTIME:   time = 1.847620e-01 (Symanzik1) mflops = 2.861962e+03
FFTIME:  time = 6.999390e-01 (asqtad3) terms = 2 mflops = 2.142749e+03
CONGRAD5: time = 1.135372e+00 (fn F) masses = 1 iters = 602 mflops = 2.175117e+03
 OK converged final_rsq= 7.2e-11 (cf 1e-10) rel = 1 (cf 0) restarts = 3 iters= 602
CONGRAD5: time = 1.117410e+00 (fn F) masses = 1 iters = 602 mflops = 2.210082e+03
 OK converged final_rsq= 3.9e-11 (cf 1e-10) rel = 1 (cf 0) restarts = 3 iters= 602
GFTIME:   time = 1.685259e-01 (Symanzik1) mflops = 3.137688e+03
FFTIME:  time = 6.610870e-01 (asqtad3) terms = 2 mflops = 2.268678e+03
CONGRAD5: time = 1.136482e+00 (fn F) masses = 1 iters = 602 mflops = 2.172993e+03
 OK converged final_rsq= 4.9e-11 (cf 1e-10) rel = 1 (cf 0) restarts = 3 iters= 602
CONGRAD5: time = 1.212604e+00 (fn F) masses = 1 iters = 602 mflops = 2.036582e+03
 OK converged final_rsq= 7e-11 (cf 1e-10) rel = 1 (cf 0) restarts = 3 iters= 602
GFTIME:   time = 1.747088e-01 (Symanzik1) mflops = 3.026646e+03
FFTIME:  time = 6.691811e-01 (asqtad3) terms = 2 mflops = 2.241237e+03
CONGRAD5: time = 1.175431e+00 (fn F) masses = 1 iters = 602 mflops = 2.100989e+03
 OK converged final_rsq= 9.4e-11 (cf 1e-10) rel = 1 (cf 0) restarts = 3 iters= 602
CONGRAD5: time = 1.159753e+00 (fn F) masses = 1 iters = 602 mflops = 2.129391e+03
 OK converged final_rsq= 7.1e-11 (cf 1e-10) rel = 1 (cf 0) restarts = 3 iters= 602
GFTIME:   time = 1.741390e-01 (Symanzik1) mflops = 3.036550e+03
FFTIME:  time = 6.877971e-01 (asqtad3) terms = 2 mflops = 2.180575e+03
CONGRAD5: time = 1.117064e+00 (fn F) masses = 1 iters = 602 mflops = 2.210767e+03
 OK converged final_rsq= 8.6e-11 (cf 1e-10) rel = 1 (cf 0) restarts = 3 iters= 602
CONGRAD5: time = 1.112035e+00 (fn F) masses = 1 iters = 600 mflops = 2.213386e+03
 OK converged final_rsq= 8.2e-11 (cf 1e-10) rel = 1 (cf 0) restarts = 2 iters= 600
GFTIME:   time = 2.011199e-01 (Symanzik1) mflops = 2.629187e+03
FFTIME:  time = 6.128101e-01 (asqtad3) terms = 2 mflops = 2.447403e+03
CONGRAD5: time = 1.292034e+00 (fn F) masses = 1 iters = 602 mflops = 1.911380e+03
 OK converged final_rsq= 7.3e-11 (cf 1e-10) rel = 1 (cf 0) restarts = 3 iters= 602
CONGRAD5: time = 1.118739e+00 (fn F) masses = 1 iters = 600 mflops = 2.200123e+03
 OK converged final_rsq= 9.7e-11 (cf 1e-10) rel = 1 (cf 0) restarts = 2 iters= 600
GFTIME:   time = 1.673191e-01 (Symanzik1) mflops = 3.160320e+03
FFTIME:  time = 6.059759e-01 (asqtad3) terms = 2 mflops = 2.475005e+03
CONGRAD5: time = 1.248461e+00 (fn F) masses = 1 iters = 602 mflops = 1.978090e+03
 OK converged final_rsq= 4.1e-11 (cf 1e-10) rel = 1 (cf 0) restarts = 3 iters= 602
CONGRAD5: time = 1.158411e+00 (fn F) masses = 1 iters = 602 mflops = 2.131858e+03
 OK converged final_rsq= 4.3e-11 (cf 1e-10) rel = 1 (cf 0) restarts = 3 iters= 602
GFTIME:   time = 1.741469e-01 (Symanzik1) mflops = 3.036413e+03
FFTIME:  time = 6.459141e-01 (asqtad3) terms = 2 mflops = 2.321970e+03
CONGRAD5: time = 1.569427e+00 (fn F) masses = 1 iters = 669 mflops = 1.748676e+03
 OK converged final_rsq= 9.9e-11 (cf 1e-10) rel = 1 (cf 0) restarts = 3 iters= 669
CONGRAD5: time = 1.150680e+00 (fn F) masses = 1 iters = 602 mflops = 2.146181e+03
 OK converged final_rsq= 6.7e-11 (cf 1e-10) rel = 1 (cf 0) restarts = 3 iters= 602
GFTIME:   time = 2.078030e-01 (Symanzik1) mflops = 2.544630e+03
FFTIME:  time = 6.622059e-01 (asqtad3) terms = 2 mflops = 2.264844e+03
CONGRAD5: time = 1.252888e+00 (fn F) masses = 1 iters = 676 mflops = 2.213395e+03
 OK converged final_rsq= 1e-10 (cf 1e-10) rel = 1 (cf 0) restarts = 3 iters= 676
CONGRAD5: time = 1.270856e+00 (fn F) masses = 1 iters = 602 mflops = 1.943232e+03
 OK converged final_rsq= 4.5e-11 (cf 1e-10) rel = 1 (cf 0) restarts = 3 iters= 602
GFTIME:   time = 1.716819e-01 (Symanzik1) mflops = 3.080009e+03
FFTIME:  time = 6.055229e-01 (asqtad3) terms = 2 mflops = 2.476857e+03
CONGRAD5: time = 1.354778e+00 (fn F) masses = 1 iters = 678 mflops = 2.052986e+03
 OK converged final_rsq= 9.8e-11 (cf 1e-10) rel = 1 (cf 0) restarts = 3 iters= 678
CONGRAD5: time = 1.114405e+00 (fn F) masses = 1 iters = 600 mflops = 2.208679e+03
 OK converged final_rsq= 9.1e-11 (cf 1e-10) rel = 1 (cf 0) restarts = 2 iters= 600
GFTIME:   time = 1.683462e-01 (Symanzik1) mflops = 3.141039e+03
FFTIME:  time = 6.239290e-01 (asqtad3) terms = 2 mflops = 2.403788e+03
PLAQ:	1.474744	1.476482
P_LOOP:	-2.052642e-02	-2.969863e-03
G_LOOP:  0  0  4   	1.475984e+00	( 0 1 7 6  )
G_LOOP:  0  1  4   	1.473090e+00	( 0 2 7 5  )
G_LOOP:  0  2  4   	1.479607e+00	( 0 3 7 4  )
G_LOOP:  0  3  4   	1.475158e+00	( 1 2 6 5  )
G_LOOP:  0  4  4   	1.475008e+00	( 1 3 6 4  )
G_LOOP:  0  5  4   	1.474829e+00	( 2 3 5 4  )
G_LOOP:  1  0  6   	7.184971e-01	( 0 0 1 7 7 6  )
G_LOOP:  1  1  6   	7.159353e-01	( 0 0 2 7 7 5  )
G_LOOP:  1  2  6   	7.240807e-01	( 0 0 3 7 7 4  )
G_LOOP:  1  3  6   	7.200422e-01	( 1 1 0 6 6 7  )
G_LOOP:  1  4  6   	7.173547e-01	( 1 1 2 6 6 5  )
G_LOOP:  1  5  6   	7.152072e-01	( 1 1 3 6 6 4  )
G_LOOP:  1  6  6   	7.124169e-01	( 2 2 0 5 5 7  )
G_LOOP:  1  7  6   	7.127769e-01	( 2 2 1 5 5 6  )
G_LOOP:  1  8  6   	7.156942e-01	( 2 2 3 5 5 4  )
G_LOOP:  1  9  6   	7.235363e-01	( 3 3 0 4 4 7  )
G_LOOP:  1  10  6   	7.168376e-01	( 3 3 1 4 4 6  )
G_LOOP:  1  11  6   	7.184888e-01	( 3 3 2 4 4 5  )
G_LOOP:  2  0  6   	7.309402e-01	( 0 1 2 7 6 5  )
G_LOOP:  2  1  6   	7.334683e-01	( 0 1 5 7 6 2  )
G_LOOP:  2  2  6   	7.358878e-01	( 0 6 2 7 1 5  )
G_LOOP:  2  3  6   	7.311164e-01	( 0 6 5 7 1 2  )
G_LOOP:  2  4  6   	7.339033e-01	( 0 1 3 7 6 4  )
G_LOOP:  2  5  6   	7.386881e-01	( 0 1 4 7 6 3  )
G_LOOP:  2  6  6   	7.380549e-01	( 0 6 3 7 1 4  )
G_LOOP:  2  7  6   	7.320259e-01	( 0 6 4 7 1 3  )
G_LOOP:  2  8  6   	7.381620e-01	( 0 2 3 7 5 4  )
G_LOOP:  2  9  6   	7.344164e-01	( 0 2 4 7 5 3  )
G_LOOP:  2  10  6   	7.362792e-01	( 0 5 3 7 2 4  )
G_LOOP:  2  11  6   	7.341192e-01	( 0 5 4 7 2 3  )
G_LOOP:  2  12  6   	7.332222e-01	( 1 2 3 6 5 4  )
G_LOOP:  2  13  6   	7.315865e-01	( 1 2 4 6 5 3  )
G_LOOP:  2  14  6   	7.331640e-01	( 1 5 3 6 2 4  )
G_LOOP:  2  15  6   	7.295510e-01	( 1 5 4 6 2 3  )
GACTION: 6.646384e+00
CONGRAD5: time = 1.205935e+00 (fn F) masses = 1 iters = 599 mflops = 2.037640e+03
 OK converged final_rsq= 1e-10 (cf 1e-10) rel = 1 (cf 0) restarts = 2 iters= 599
CONGRAD5: time = 1.788840e-01 (fn F) masses = 1 iters = 91 mflops = 2.086865e+03
 OK converged final_rsq= 1e-10 (cf 1e-10) rel = 1 (cf 0) restarts = 1 iters= 91
PBP: mass 1.000000e-02     4.339416e-02  3.936487e-02  7.421302e-03  7.418751e-03 ( 1 of 1 )
FACTION: mass = 1.000000e-02,  1.502066e+00 ( 1 of 1 )
CONGRAD5: time = 1.134362e+00 (fn F) masses = 1 iters = 602 mflops = 2.177054e+03
 OK converged final_rsq= 7.1e-11 (cf 1e-10) rel = 1 (cf 0) restarts = 3 iters= 602
CONGRAD5: time = 2.347751e-01 (fn F) masses = 1 iters = 126 mflops = 2.201623e+03
 OK converged final_rsq= 9.9e-11 (cf 1e-10) rel = 1 (cf 0) restarts = 1 iters= 126
PBP: mass 1.000000e-02     4.858556e-02  4.277414e-02  -1.701513e-03  -1.703251e-03 ( 1 of 1 )
FACTION: mass = 1.000000e-02,  1.501393e+00 ( 1 of 1 )
CONGRAD5: time = 1.116927e+00 (fn F) masses = 1 iters = 602 mflops = 2.211038e+03
 OK converged final_rsq= 8.2e-11 (cf 1e-10) rel = 1 (cf 0) restarts = 3 iters= 602
CONGRAD5: time = 1.267858e+00 (fn F) masses = 1 iters = 602 mflops = 1.947827e+03
 OK converged final_rsq= 5.4e-11 (cf 1e-10) rel = 1 (cf 0) restarts = 3 iters= 602
GFTIME:   time = 1.821260e-01 (Symanzik1) mflops = 2.903384e+03
FFTIME:  time = 6.172190e-01 (asqtad3) terms = 2 mflops = 2.429921e+03
CONGRAD5: time = 1.381693e+00 (fn F) masses = 1 iters = 683 mflops = 2.027840e+03
 OK converged final_rsq= 9.9e-11 (cf 1e-10) rel = 1 (cf 0) restarts = 3 iters= 683
CONGRAD5: time = 1.148665e+00 (fn F) masses = 1 iters = 602 mflops = 2.149946e+03
 OK converged final_rsq= 7.6e-11 (cf 1e-10) rel = 1 (cf 0) restarts = 3 iters= 602
GFTIME:   time = 1.680472e-01 (Symanzik1) mflops = 3.146627e+03
FFTIME:  time = 6.010020e-01 (asqtad3) terms = 2 mflops = 2.495488e+03
CONGRAD5: time = 1.189114e+00 (fn F) masses = 1 iters = 602 mflops = 2.076813e+03
 OK converged final_rsq= 6.9e-11 (cf 1e-10) rel = 1 (cf 0) restarts = 3 iters= 602
CONGRAD5: time = 1.173091e+00 (fn F) masses = 1 iters = 602 mflops = 2.105180e+03
 OK converged final_rsq= 7.2e-11 (cf 1e-10) rel = 1 (cf 0) restarts = 3 iters= 602
GFTIME:   time = 1.983049e-01 (Symanzik1) mflops = 2.666509e+03
FFTIME:  time = 6.681161e-01 (asqtad3) terms = 2 mflops = 2.244810e+03
CONGRAD5: time = 1.118856e+00 (fn F) masses = 1 iters = 602 mflops = 2.207226e+03
 OK converged final_rsq= 8.2e-11 (cf 1e-10) rel = 1 (cf 0) restarts = 3 iters= 602
CONGRAD5: time = 1.166488e+00 (fn F) masses = 1 iters = 602 mflops = 2.117097e+03
 OK converged final_rsq= 4.8e-11 (cf 1e-10) rel = 1 (cf 0) restarts = 3 iters= 602
GFTIME:   time = 1.757751e-01 (Symanzik1) mflops = 3.008287e+03
FFTIME:  time = 6.218228e-01 (asqtad3) terms = 2 mflops = 2.411930e+03
CONGRAD5: time = 1.265119e+00 (fn F) masses = 1 iters = 661 mflops = 2.143357e+03
 OK converged final_rsq= 9.9e-11 (cf 1e-10) rel = 1 (cf 0) restarts = 3 iters= 661
CONGRAD5: time = 1.115293e+00 (fn F) masses = 1 iters = 602 mflops = 2.214277e+03
 OK converged final_rsq= 8.3e-11 (cf 1e-10) rel = 1 (cf 0) restarts = 3 iters= 602
GFTIME:   time = 1.671281e-01 (Symanzik1) mflops = 3.163932e+03
FFTIME:  time = 6.098821e-01 (asqtad3) terms = 2 mflops = 2.459153e+03
CONGRAD5: time = 1.280731e+00 (fn F) masses = 1 iters = 674 mflops = 2.158870e+03
 OK converged final_rsq= 9.9e-11 (cf 1e-10) rel = 1 (cf 0) restarts = 3 iters= 674
CONGRAD5: time = 1.188637e+00 (fn F) masses = 1 iters = 602 mflops = 2.077647e+03
 OK converged final_rsq= 6.3e-11 (cf 1e-10) rel = 1 (cf 0) restarts = 3 iters= 602
GFTIME:   time = 1.984630e-01 (Symanzik1) mflops = 2.664385e+03
FFTIME:  time = 6.253970e-01 (asqtad3) terms = 2 mflops = 2.398146e+03
CONGRAD5: time = 1.136658e+00 (fn F) masses = 1 iters = 602 mflops = 2.172657e+03
 OK converged final_rsq= 9.3e-11 (cf 1e-10) rel = 1 (cf 0) restarts = 3 iters= 602
CONGRAD5: time = 1.173228e+00 (fn F) masses = 1 iters = 602 mflops = 2.104934e+03
 OK converged final_rsq= 5.5e-11 (cf 1e-10) rel = 1 (cf 0) restarts = 3 iters= 602
GFTIME:   time = 1.715670e-01 (Symanzik1) mflops = 3.082073e+03
FFTIME:  time = 6.434371e-01 (asqtad3) terms = 2 mflops = 2.330909e+03
CONGRAD5: time = 1.129129e+00 (fn F) masses = 1 iters = 602 mflops = 2.187144e+03
 OK converged final_rsq= 4.9e-11 (cf 1e-10) rel = 1 (cf 0) restarts = 3 iters= 602
CONGRAD5: time = 1.234912e+00 (fn F) masses = 1 iters = 666 mflops = 2.212395e+03
 OK converged final_rsq= 9.8e-11 (cf 1e-10) rel = 1 (cf 0) restarts = 3 iters= 666
GFTIME:   time = 1.688139e-01 (Symanzik1) mflops = 3.132335e+03
FFTIME:  time = 6.626961e-01 (asqtad3) terms = 2 mflops = 2.263169e+03
CONGRAD5: time = 1.412648e+00 (fn F) masses = 1 iters = 660 mflops = 1.916613e+03
 OK converged final_rsq= 5e-11 (cf 1e-10) rel = 1 (cf 0) restarts = 4 iters= 660
CONGRAD5: time = 1.118037e+00 (fn F) masses = 1 iters = 602 mflops = 2.208843e+03
 OK converged final_rsq= 4.4e-11 (cf 1e-10) rel = 1 (cf 0) restarts = 3 iters= 602
GFTIME:   time = 1.760581e-01 (Symanzik1) mflops = 3.003451e+03
FFTIME:  time = 6.248589e-01 (asqtad3) terms = 2 mflops = 2.400211e+03
CONGRAD5: time = 1.181606e+00 (fn F) masses = 1 iters = 602 mflops = 2.090009e+03
 OK converged final_rsq= 9e-11 (cf 1e-10) rel = 1 (cf 0) restarts = 3 iters= 602
CONGRAD5: time = 1.120941e+00 (fn F) masses = 1 iters = 602 mflops = 2.203120e+03
 OK converged final_rsq= 6.8e-11 (cf 1e-10) rel = 1 (cf 0) restarts = 3 iters= 602
GFTIME:   time = 1.807621e-01 (Symanzik1) mflops = 2.925292e+03
FFTIME:  time = 6.553879e-01 (asqtad3) terms = 2 mflops = 2.288406e+03
CONGRAD5: time = 1.339908e+00 (fn F) masses = 1 iters = 713 mflops = 2.182926e+03
 OK converged final_rsq= 9.9e-11 (cf 1e-10) rel = 1 (cf 0) restarts = 3 iters= 713
CONGRAD5: time = 1.114494e+00 (fn F) masses = 1 iters = 602 mflops = 2.215864e+03
 OK converged final_rsq= 5.9e-11 (cf 1e-10) rel = 1 (cf 0) restarts = 3 iters= 602
GFTIME:   time = 1.670880e-01 (Symanzik1) mflops = 3.164690e+03
FFTIME:  time = 6.007729e-01 (asqtad3) terms = 2 mflops = 2.496440e+03
CONGRAD5: time = 1.327300e+00 (fn F) masses = 1 iters = 708 mflops = 2.188208e+03
 OK converged final_rsq= 9.9e-11 (cf 1e-10) rel = 1 (cf 0) restarts = 3 iters= 708
CONGRAD5: time = 1.241512e+00 (fn F) masses = 1 iters = 602 mflops = 1.989161e+03
 OK converged final_rsq= 4.6e-11 (cf 1e-10) rel = 1 (cf 0) restarts = 3 iters= 602
GFTIME:   time = 1.979818e-01 (Symanzik1) mflops = 2.670860e+03
FFTIME:  time = 6.110220e-01 (asqtad3) terms = 2 mflops = 2.454565e+03
CONGRAD5: time = 1.115547e+00 (fn F) masses = 1 iters = 602 mflops = 2.213773e+03
 OK converged final_rsq= 5.7e-11 (cf 1e-10) rel = 1 (cf 0) restarts = 3 iters= 602
CONGRAD5: time = 1.331208e+00 (fn F) masses = 1 iters = 680 mflops = 2.095499e+03
 OK converged final_rsq= 9.9e-11 (cf 1e-10) rel = 1 (cf 0) restarts = 3 iters= 680
GFTIME:   time = 1.725080e-01 (Symanzik1) mflops = 3.065260e+03
FFTIME:  time = 6.529450e-01 (asqtad3) terms = 2 mflops = 2.296967e+03
CONGRAD5: time = 1.297435e+00 (fn F) masses = 1 iters = 666 mflops = 2.105780e+03
 OK converged final_rsq= 5e-11 (cf 1e-10) rel = 1 (cf 0) restarts = 4 iters= 666
CONGRAD5: time = 1.115699e+00 (fn F) masses = 1 iters = 602 mflops = 2.213471e+03
 OK converged final_rsq= 8.6e-11 (cf 1e-10) rel = 1 (cf 0) restarts = 3 iters= 602
GFTIME:   time = 1.687481e-01 (Symanzik1) mflops = 3.133556e+03
FFTIME:  time = 6.409431e-01 (asqtad3) terms = 2 mflops = 2.339979e+03
CONGRAD5: time = 1.427251e+00 (fn F) masses = 1 iters = 703 mflops = 2.020596e+03
 OK converged final_rsq= 1e-10 (cf 1e-10) rel = 1 (cf 0) restarts = 3 iters= 703
CONGRAD5: time = 1.366214e+00 (fn F) masses = 1 iters = 704 mflops = 2.113870e+03
 OK converged final_rsq= 5e-11 (cf 1e-10) rel = 1 (cf 0) restarts = 4 iters= 704
GFTIME:   time = 1.830721e-01 (Symanzik1) mflops = 2.888380e+03
FFTIME:  time = 6.333630e-01 (asqtad3) terms = 2 mflops = 2.367984e+03
PLAQ:	1.460193	1.460439
P_LOOP:	-5.681515e-03	1.470983e-02
G_LOOP:  0  0  4   	1.462860e+00	( 0 1 7 6  )
G_LOOP:  0  1  4   	1.459667e+00	( 0 2 7 5  )
G_LOOP:  0  2  4   	1.464225e+00	( 0 3 7 4  )
G_LOOP:  0  3  4   	1.458053e+00	( 1 2 6 5  )
G_LOOP:  0  4  4   	1.458102e+00	( 1 3 6 4  )
G_LOOP:  0  5  4   	1.458991e+00	( 2 3 5 4  )
G_LOOP:  1  0  6   	7.044114e-01	( 0 0 1 7 7 6  )
G_LOOP:  1  1  6   	7.001683e-01	( 0 0 2 7 7 5  )
G_LOOP:  1  2  6   	7.064534e-01	( 0 0 3 7 7 4  )
G_LOOP:  1  3  6   	7.046912e-01	( 1 1 0 6 6 7  )
G_LOOP:  1  4  6   	6.971760e-01	( 1 1 2 6 6 5  )
G_LOOP:  1  5  6   	6.963067e-01	( 1 1 3 6 6 4  )
G_LOOP:  1  6  6   	6.973758e-01	( 2 2 0 5 5 7  )
G_LOOP:  1  7  6   	6.981232e-01	( 2 2 1 5 5 6  )
G_LOOP:  1  8  6   	6.977841e-01	( 2 2 3 5 5 4  )
G_LOOP:  1  9  6   	7.051219e-01	( 3 3 0 4 4 7  )
G_LOOP:  1  10  6   	7.012289e-01	( 3 3 1 4 4 6  )
G_LOOP:  1  11  6   	6.983391e-01	( 3 3 2 4 4 5  )
G_LOOP:  2  0  6   	7.119569e-01	( 0 1 2 7 6 5  )
G_LOOP:  2  1  6   	7.136081e-01	( 0 1 5 7 6 2  )
G_LOOP:  2  2  6   	7.205864e-01	( 0 6 2 7 1 5  )
G_LOOP:  2  3  6   	7.129568e-01	( 0 6 5 7 1 2  )
G_LOOP:  2  4  6   	7.151807e-01	( 0 1 3 7 6 4  )
G_LOOP:  2  5  6   	7.179215e-01	( 0 1 4 7 6 3  )
G_LOOP:  2  6  6   	7.225979e-01	( 0 6 3 7 1 4  )
G_LOOP:  2  7  6   	7.152602e-01	( 0 6 4 7 1 3  )
G_LOOP:  2  8  6   	7.193233e-01	( 0 2 3 7 5 4  )
G_LOOP:  2  9  6   	7.155409e-01	( 0 2 4 7 5 3  )
G_LOOP:  2  10  6   	7.174311e-01	( 0 5 3 7 2 4  )
G_LOOP:  2  11  6   	7.158922e-01	( 0 5 4 7 2 3  )
G_LOOP:  2  12  6   	7.121399e-01	( 1 2 3 6 5 4  )
G_LOOP:  2  13  6   	7.112940e-01	( 1 2 4 6 5 3  )
G_LOOP:  2  14  6   	7.106608e-01	( 1 5 3 6 2 4  )
G_LOOP:  2  15  6   	7.096770e-01	( 1 5 4 6 2 3  )
GACTION: 6.719232e+00
CONGRAD5: time = 1.168588e+00 (fn F) masses = 1 iters = 602 mflops = 2.113292e+03
 OK converged final_rsq= 8.8e-11 (cf 1e-10) rel = 1 (cf 0) restarts = 3 iters= 602
CONGRAD5: time = 2.378719e-01 (fn F) masses = 1 iters = 122 mflops = 2.103978e+03
 OK converged final_rsq= 9.9e-11 (cf 1e-10) rel = 1 (cf 0) restarts = 1 iters= 122
PBP: mass 1.000000e-02     5.555199e-02  4.368940e-02  -4.331524e-03  -4.348939e-03 ( 1 of 1 )
FACTION: mass = 1.000000e-02,  1.501287e+00 ( 1 of 1 )
CONGRAD5: time = 1.169658e+00 (fn F) masses = 1 iters = 602 mflops = 2.111358e+03
 OK converged final_rsq= 6.4e-11 (cf 1e-10) rel = 1 (cf 0) restarts = 3 iters= 602
CONGRAD5: time = 2.176840e-01 (fn F) masses = 1 iters = 110 mflops = 2.072958e+03
 OK converged final_rsq= 1e-10 (cf 1e-10) rel = 1 (cf 0) restarts = 1 iters= 110
PBP: mass 1.000000e-02     5.376833e-02  4.562878e-02  -5.653563e-03  -5.648705e-03 ( 1 of 1 )
FACTION: mass = 1.000000e-02,  1.501514e+00 ( 1 of 1 )
RUNNING COMPLETED
average cg iters for step= 1.219000e+03
Time = 2.214281e+02 seconds
total_iters = 152537
Checksums 7bb45b68 d977e3c0
Saved gauge configuration in parallel to binary file lat_p64_size128_2
Time stamp Thu May 19 18:30:05 2022
Wrote info file lat_p64_size128_2.info
Time to save = 4.058888e-01
CHECK PLAQ: 1.460193e+00 1.460439e+00
CHECK NERSC LINKTR: 1.427689e-01 CKSUM: 5cf947c6


get_i(0): EOF on input.
Elapsed total time: 246.067717
exit: Thu May 19 18:30:05 2022

