cpu-bind-cores=MAP  - nid01138, task  4  0 [39524]: mask 0x10000 set
cpu-bind-cores=MAP  - nid01138, task  6  2 [39526]: mask 0x400000000 set
cpu-bind-cores=MAP  - nid01138, task  5  1 [39525]: mask 0x20000 set
cpu-bind-cores=MAP  - nid01138, task  7  3 [39527]: mask 0x800000000 set
cpu-bind-cores=MAP  - nid00722, task  0  0 [51358]: mask 0x10000 set
cpu-bind-cores=MAP  - nid00722, task  1  1 [51359]: mask 0x20000 set
cpu-bind-cores=MAP  - nid00722, task  2  2 [51360]: mask 0x400000000 set
cpu-bind-cores=MAP  - nid00722, task  3  3 [51361]: mask 0x800000000 set
Failed to retrieve username for uid=25181
See 'sarus help run'
Failed to retrieve username for uid=25181
See 'sarus help run'
Failed to retrieve username for uid=25181
See 'sarus help run'
Failed to retrieve username for uid=25181
See 'sarus help run'
slurmstepd: error: *** STEP 37455381.492 ON nid00722 CANCELLED AT 2022-04-01T15:36:38 ***
time="2022-04-01T15:36:38+02:00" level=warning msg="cannot toggle freezer: cgroups not configured for container"
time="2022-04-01T15:36:38+02:00" level=warning msg="cannot toggle freezer: cgroups not configured for container"
time="2022-04-01T15:36:38+02:00" level=warning msg="cannot toggle freezer: cgroups not configured for container"
time="2022-04-01T15:36:38+02:00" level=warning msg="cannot toggle freezer: cgroups not configured for container"
time="2022-04-01T15:36:38+02:00" level=warning msg="lstat : no such file or directory"
time="2022-04-01T15:36:38+02:00" level=warning msg="lstat : no such file or directory"
time="2022-04-01T15:36:38+02:00" level=error msg="container_linux.go:380: starting container process caused: process_linux.go:545: container init caused: Running hook #1:: error running hook: signal: terminated, stdout: , stderr: "
time="2022-04-01T15:36:38+02:00" level=error msg="container_linux.go:380: starting container process caused: process_linux.go:545: container init caused: Running hook #1:: error running hook: signal: terminated, stdout: , stderr: "
time="2022-04-01T15:36:38+02:00" level=warning msg="cannot toggle freezer: cgroups not configured for container"
time="2022-04-01T15:36:38+02:00" level=warning msg="cannot toggle freezer: cgroups not configured for container"
time="2022-04-01T15:36:38+02:00" level=warning msg="lstat : no such file or directory"
time="2022-04-01T15:36:38+02:00" level=error msg="container_linux.go:380: starting container process caused: process_linux.go:545: container init caused: Running hook #1:: error running hook: signal: terminated, stdout: , stderr: "
time="2022-04-01T15:36:38+02:00" level=warning msg="cannot toggle freezer: cgroups not configured for container"
time="2022-04-01T15:36:38+02:00" level=warning msg="cannot toggle freezer: cgroups not configured for container"
time="2022-04-01T15:36:38+02:00" level=warning msg="lstat : no such file or directory"
time="2022-04-01T15:36:38+02:00" level=error msg="container_linux.go:380: starting container process caused: process_linux.go:545: container init caused: Running hook #1:: error running hook: signal: terminated, stdout: , stderr: "
