0: [10:52:52:363880] [P 5995] [T 5995] [info] Executing rFaaS resource manager! 
0: [10:52:52:506914] [P 5995] [T 5995] [info] Saved Cray credentials cookie 10416825938107957248 
0: [10:52:52:506924] [P 5995] [T 5995] [info] passive port 10000 
0: [10:52:52:531089] [P 5995] [T 5995] [info] [HTTPServer] Initialize on adddress 127.0.0.1 and port 5001 
0: [10:52:52:536553] [P 5995] [T 5995] [info] [HTTPServer] Begin listening 
0: [10:52:52:536784] [P 5995] [T 5995] [info] Begin listening and processing events! 
0: [10:52:57:679948] [P 5995] [T 6096] [debug] [Manager] Connecting client 0 
0: [10:52:57:746382] [P 5995] [T 6096] [debug] [Manager] Connecting client 1 
0: [10:52:57:813960] [P 5995] [T 6096] [debug] [Manager] Connecting client 2 
0: [10:52:57:848691] [P 5995] [T 6096] [debug] [Manager] Connecting client 3 
0: [10:52:57:913435] [P 5995] [T 6096] [debug] [Manager] Connecting client 4 
0: [10:52:58:046066] [P 5995] [T 6096] [debug] [Manager] Connecting client 5 
0: [10:52:58:079563] [P 5995] [T 6096] [debug] [Manager] Connecting client 6 
0: [10:52:58:153555] [P 5995] [T 6096] [debug] [Manager] Connecting client 7 
0: [10:52:58:188564] [P 5995] [T 6096] [debug] [Manager] Connecting client 8 
0: [10:52:58:322194] [P 5995] [T 6096] [debug] [Manager] Connecting client 9 
0: [10:52:58:387425] [P 5995] [T 6096] [debug] [Manager] Connecting client 10 
0: [10:52:58:420930] [P 5995] [T 6096] [debug] [Manager] Connecting client 11 
0: [10:52:58:454564] [P 5995] [T 6096] [debug] [Manager] Connecting client 12 
0: [10:52:58:619107] [P 5995] [T 6096] [info] Client requests executor with 1 threads, it should have 512 memory 
0: [10:52:58:619121] [P 5995] [T 6096] [info] [Manager] Client receives lease with id 0 
0: [10:52:58:619420] [P 5995] [T 6096] [info] Client requests executor with 1 threads, it should have 512 memory 
0: [10:52:58:619427] [P 5995] [T 6096] [info] [Manager] Client receives lease with id 1 
0: [10:52:58:619486] [P 5995] [T 6096] [info] Client requests executor with 1 threads, it should have 512 memory 
0: [10:52:58:619490] [P 5995] [T 6096] [info] [Manager] Client receives lease with id 2 
0: [10:52:58:619544] [P 5995] [T 6096] [info] Client requests executor with 1 threads, it should have 512 memory 
0: [10:52:58:619548] [P 5995] [T 6096] [info] [Manager] Client receives lease with id 3 
0: [10:52:58:619600] [P 5995] [T 6096] [info] Client requests executor with 1 threads, it should have 512 memory 
0: [10:52:58:619604] [P 5995] [T 6096] [info] [Manager] Client receives lease with id 4 
0: [10:52:58:619670] [P 5995] [T 6096] [info] Client requests executor with 1 threads, it should have 512 memory 
0: [10:52:58:619676] [P 5995] [T 6096] [info] [Manager] Client receives lease with id 5 
0: [10:52:58:619732] [P 5995] [T 6096] [info] Client requests executor with 1 threads, it should have 512 memory 
0: [10:52:58:619737] [P 5995] [T 6096] [info] [Manager] Client receives lease with id 6 
0: [10:52:58:619810] [P 5995] [T 6096] [info] Client requests executor with 1 threads, it should have 512 memory 
0: [10:52:58:619814] [P 5995] [T 6096] [info] [Manager] Client receives lease with id 7 
0: [10:52:58:619868] [P 5995] [T 6096] [info] Client requests executor with 1 threads, it should have 512 memory 
0: [10:52:58:619872] [P 5995] [T 6096] [info] [Manager] Client receives lease with id 8 
0: [10:52:58:619934] [P 5995] [T 6096] [info] Client requests executor with 1 threads, it should have 512 memory 
0: [10:52:58:619939] [P 5995] [T 6096] [info] [Manager] Client receives lease with id 9 
0: [10:52:58:619995] [P 5995] [T 6096] [info] Client requests executor with 1 threads, it should have 512 memory 
0: [10:52:58:620000] [P 5995] [T 6096] [info] [Manager] Client receives lease with id 10 
0: [10:52:58:620054] [P 5995] [T 6096] [info] Client requests executor with 1 threads, it should have 512 memory 
0: [10:52:58:620075] [P 5995] [T 6096] [info] [Manager] Client receives lease with id 11 
0: [10:52:58:620135] [P 5995] [T 6096] [info] Client requests executor with 1 threads, it should have 512 memory 
0: [10:52:58:620140] [P 5995] [T 6096] [info] [Manager] Client receives lease with id 12 
0: [10:52:58:655699] [P 5995] [T 6096] [debug] [Manager] Connecting client 13 
0: [10:52:58:689412] [P 5995] [T 6096] [debug] [Manager] Connecting client 14 
0: [10:52:58:710596] [P 5995] [T 6096] [info] Client requests executor with 1 threads, it should have 512 memory 
0: [10:52:58:710611] [P 5995] [T 6096] [info] [Manager] Client receives lease with id 13 
0: [10:52:58:711974] [P 5995] [T 6096] [info] Client requests executor with 1 threads, it should have 512 memory 
0: [10:52:58:711986] [P 5995] [T 6096] [info] [Manager] Client receives lease with id 14 
0: [10:52:58:723602] [P 5995] [T 6096] [debug] [Manager] Connecting client 15 
0: [10:52:58:756962] [P 5995] [T 6096] [debug] [Manager] Connecting client 16 
0: [10:52:58:790739] [P 5995] [T 6096] [debug] [Manager] Connecting client 17 
0: [10:52:58:824431] [P 5995] [T 6096] [debug] [Manager] Connecting client 18 
0: [10:52:58:858088] [P 5995] [T 6096] [debug] [Manager] Connecting client 19 
0: [10:52:58:891597] [P 5995] [T 6096] [debug] [Manager] Connecting client 20 
0: [10:52:58:924259] [P 5995] [T 6096] [debug] [Manager] Connecting client 21 
0: [10:52:58:956784] [P 5995] [T 6096] [debug] [Manager] Connecting client 22 
0: [10:52:59:089618] [P 5995] [T 6096] [debug] [Manager] Connecting client 23 
0: [10:52:59:122259] [P 5995] [T 6096] [debug] [Manager] Connecting client 24 
0: [10:52:59:154923] [P 5995] [T 6096] [debug] [Manager] Connecting client 25 
0: [10:52:59:156413] [P 5995] [T 6096] [info] Client requests executor with 1 threads, it should have 512 memory 
0: [10:52:59:156418] [P 5995] [T 6096] [info] [Manager] Client receives lease with id 15 
0: [10:52:59:156570] [P 5995] [T 6096] [info] Client requests executor with 1 threads, it should have 512 memory 
0: [10:52:59:156575] [P 5995] [T 6096] [info] [Manager] Client receives lease with id 16 
0: [10:52:59:156664] [P 5995] [T 6096] [info] Client requests executor with 1 threads, it should have 512 memory 
0: [10:52:59:156669] [P 5995] [T 6096] [info] [Manager] Client receives lease with id 17 
0: [10:52:59:156729] [P 5995] [T 6096] [info] Client requests executor with 1 threads, it should have 512 memory 
0: [10:52:59:156733] [P 5995] [T 6096] [info] [Manager] Client receives lease with id 18 
0: [10:52:59:157093] [P 5995] [T 6096] [info] Client requests executor with 1 threads, it should have 512 memory 
0: [10:52:59:157097] [P 5995] [T 6096] [info] [Manager] Client receives lease with id 19 
0: [10:52:59:157250] [P 5995] [T 6096] [info] Client requests executor with 1 threads, it should have 512 memory 
0: [10:52:59:157254] [P 5995] [T 6096] [info] [Manager] Client receives lease with id 20 
0: [10:52:59:225781] [P 5995] [T 6096] [info] Client requests executor with 1 threads, it should have 512 memory 
0: [10:52:59:225787] [P 5995] [T 6096] [info] [Manager] Client receives lease with id 21 
0: [10:52:59:225885] [P 5995] [T 6096] [info] Client requests executor with 1 threads, it should have 512 memory 
0: [10:52:59:225890] [P 5995] [T 6096] [info] [Manager] Client receives lease with id 22 
0: [10:52:59:225944] [P 5995] [T 6096] [info] Client requests executor with 1 threads, it should have 512 memory 
0: [10:52:59:225948] [P 5995] [T 6096] [info] [Manager] Client receives lease with id 23 
0: [10:52:59:226410] [P 5995] [T 6096] [info] Client requests executor with 1 threads, it should have 512 memory 
0: [10:52:59:226414] [P 5995] [T 6096] [info] [Manager] Client receives lease with id 24 
0: [10:52:59:226650] [P 5995] [T 6096] [info] Client requests executor with 1 threads, it should have 512 memory 
0: [10:52:59:226655] [P 5995] [T 6096] [info] [Manager] Client receives lease with id 25 
0: [10:52:59:287501] [P 5995] [T 6096] [debug] [Manager] Connecting client 26 
0: [10:52:59:659247] [P 5995] [T 6096] [info] Client requests executor with 1 threads, it should have 512 memory 
0: [10:52:59:659252] [P 5995] [T 6096] [info] [Manager] Client receives lease with id 26 
0: [10:52:59:710937] [P 5995] [T 6096] [debug] [Manager] Connecting client 27 
0: [10:52:59:711598] [P 5995] [T 6096] [info] Client requests executor with 1 threads, it should have 512 memory 
0: [10:52:59:711602] [P 5995] [T 6096] [info] [Manager] Client receives lease with id 27 
0: [10:53:00:244407] [P 5995] [T 6096] [debug] [Manager] Connecting client 28 
0: [10:53:00:245280] [P 5995] [T 6096] [info] Client requests executor with 1 threads, it should have 512 memory 
0: [10:53:00:245284] [P 5995] [T 6096] [info] [Manager] Client receives lease with id 28 
0: [10:53:00:277165] [P 5995] [T 6096] [debug] [Manager] Connecting client 29 
0: [10:53:00:277948] [P 5995] [T 6096] [info] Client requests executor with 1 threads, it should have 512 memory 
0: [10:53:00:277954] [P 5995] [T 6096] [info] [Manager] Client receives lease with id 29 
0: [10:53:00:409941] [P 5995] [T 6096] [debug] [Manager] Connecting client 30 
0: [10:53:00:410604] [P 5995] [T 6096] [info] Client requests executor with 1 threads, it should have 512 memory 
0: [10:53:00:410609] [P 5995] [T 6096] [info] [Manager] Client receives lease with id 30 
0: [10:53:00:442940] [P 5995] [T 6096] [debug] [Manager] Connecting client 31 
0: [10:53:00:443574] [P 5995] [T 6096] [info] Client requests executor with 1 threads, it should have 512 memory 
0: [10:53:00:443585] [P 5995] [T 6096] [info] [Manager] Client receives lease with id 31 
0: [10:54:54:118719] [P 5995] [T 6096] [info] Client 28 disconnects 
0: [10:54:54:118788] [P 5995] [T 6094] [debug] [Manager-listen] Disconnection on connection 0x1555407c3a50 
0: [10:54:54:118817] [P 5995] [T 6096] [debug] [Manager] Disconnecting unknown client 
0: [10:54:54:144205] [P 5995] [T 6096] [info] Client 13 disconnects 
0: [10:54:54:144290] [P 5995] [T 6094] [debug] [Manager-listen] Disconnection on connection 0x1555403c0450 
0: [10:54:54:144317] [P 5995] [T 6096] [debug] [Manager] Disconnecting unknown client 
0: [10:54:54:211797] [P 5995] [T 6096] [info] Client 26 disconnects 
0: [10:54:54:211879] [P 5995] [T 6094] [debug] [Manager-listen] Disconnection on connection 0x15554073a5b0 
0: [10:54:54:211903] [P 5995] [T 6096] [debug] [Manager] Disconnecting unknown client 
0: [10:54:54:441282] [P 5995] [T 6096] [info] Client 17 disconnects 
0: [10:54:54:441365] [P 5995] [T 6096] [info] Client 29 disconnects 
0: [10:54:54:441370] [P 5995] [T 6094] [debug] [Manager-listen] Disconnection on connection 0x1555404d47c0 
0: [10:54:54:441403] [P 5995] [T 6094] [debug] [Manager-listen] Disconnection on connection 0x1555408083b0 
0: [10:54:54:441415] [P 5995] [T 6096] [debug] [Manager] Disconnecting unknown client 
0: [10:54:54:441418] [P 5995] [T 6096] [debug] [Manager] Disconnecting unknown client 
0: [10:54:54:542788] [P 5995] [T 6096] [info] Client 25 disconnects 
0: [10:54:54:542836] [P 5995] [T 6094] [debug] [Manager-listen] Disconnection on connection 0x1555406f6490 
0: [10:54:54:542875] [P 5995] [T 6096] [debug] [Manager] Disconnecting unknown client 
0: [10:54:54:743979] [P 5995] [T 6096] [info] Client 27 disconnects 
0: [10:54:54:744061] [P 5995] [T 6094] [debug] [Manager-listen] Disconnection on connection 0x15554077ebf0 
0: [10:54:54:744088] [P 5995] [T 6096] [debug] [Manager] Disconnecting unknown client 
0: [10:54:54:840201] [P 5995] [T 6096] [info] Client 24 disconnects 
0: [10:54:54:840285] [P 5995] [T 6094] [debug] [Manager-listen] Disconnection on connection 0x1555406b2440 
0: [10:54:54:840294] [P 5995] [T 6096] [debug] [Manager] Disconnecting unknown client 
0: [10:54:54:919256] [P 5995] [T 6096] [info] Client 22 disconnects 
0: [10:54:54:919338] [P 5995] [T 6094] [debug] [Manager-listen] Disconnection on connection 0x155540629db0 
0: [10:54:54:919367] [P 5995] [T 6096] [debug] [Manager] Disconnecting unknown client 
0: [10:54:55:147064] [P 5995] [T 6096] [info] Client 16 disconnects 
0: [10:54:55:147148] [P 5995] [T 6094] [debug] [Manager-listen] Disconnection on connection 0x15554048fa80 
0: [10:54:55:147175] [P 5995] [T 6096] [debug] [Manager] Disconnecting unknown client 
0: [10:54:55:212368] [P 5995] [T 6096] [info] Client 31 disconnects 
0: [10:54:55:212454] [P 5995] [T 6094] [debug] [Manager-listen] Disconnection on connection 0x1555408908c0 
0: [10:54:55:212480] [P 5995] [T 6096] [debug] [Manager] Disconnecting unknown client 
0: [10:54:55:342726] [P 5995] [T 6096] [info] Client 30 disconnects 
0: [10:54:55:342852] [P 5995] [T 6094] [debug] [Manager-listen] Disconnection on connection 0x15554084c890 
0: [10:54:55:342861] [P 5995] [T 6096] [debug] [Manager] Disconnecting unknown client 
0: [10:54:55:413426] [P 5995] [T 6096] [info] Client 23 disconnects 
0: [10:54:55:413509] [P 5995] [T 6094] [debug] [Manager-listen] Disconnection on connection 0x15554066ded0 
0: [10:54:55:413537] [P 5995] [T 6096] [debug] [Manager] Disconnecting unknown client 
0: [10:54:55:447342] [P 5995] [T 6096] [info] Client 20 disconnects 
0: [10:54:55:447426] [P 5995] [T 6094] [debug] [Manager-listen] Disconnection on connection 0x1555405a1040 
0: [10:54:55:447453] [P 5995] [T 6096] [debug] [Manager] Disconnecting unknown client 
0: [10:54:57:038262] [P 5995] [T 6096] [info] Client 15 disconnects 
0: [10:54:57:038343] [P 5995] [T 6094] [debug] [Manager-listen] Disconnection on connection 0x15554044a6b0 
0: [10:54:57:038354] [P 5995] [T 6096] [debug] [Manager] Disconnecting unknown client 
0: [10:55:08:546526] [P 5995] [T 6096] [info] Client 0 disconnects 
0: [10:55:08:546625] [P 5995] [T 6094] [debug] [Manager-listen] Disconnection on connection 0x155540046d50 
0: [10:55:08:546633] [P 5995] [T 6096] [debug] [Manager] Disconnecting unknown client 
0: [10:55:08:556227] [P 5995] [T 6096] [info] Client 3 disconnects 
0: [10:55:08:556309] [P 5995] [T 6094] [debug] [Manager-listen] Disconnection on connection 0x155540114080 
0: [10:55:08:556316] [P 5995] [T 6096] [debug] [Manager] Disconnecting unknown client 
0: [10:55:08:624394] [P 5995] [T 6096] [info] Client 21 disconnects 
0: [10:55:08:624481] [P 5995] [T 6094] [debug] [Manager-listen] Disconnection on connection 0x1555405e5680 
0: [10:55:08:624507] [P 5995] [T 6096] [debug] [Manager] Disconnecting unknown client 
0: [10:55:08:650001] [P 5995] [T 6096] [info] Client 9 disconnects 
0: [10:55:08:650082] [P 5995] [T 6094] [debug] [Manager-listen] Disconnection on connection 0x1555402ae630 
0: [10:55:08:650108] [P 5995] [T 6096] [debug] [Manager] Disconnecting unknown client 
0: [10:55:08:651193] [P 5995] [T 6096] [info] Client 4 disconnects 
0: [10:55:08:651275] [P 5995] [T 6094] [debug] [Manager-listen] Disconnection on connection 0x155540158630 
0: [10:55:08:651303] [P 5995] [T 6096] [debug] [Manager] Disconnecting unknown client 
0: [10:55:08:654042] [P 5995] [T 6096] [info] Client 12 disconnects 
0: [10:55:08:654122] [P 5995] [T 6094] [debug] [Manager-listen] Disconnection on connection 0x15554037b8e0 
0: [10:55:08:654151] [P 5995] [T 6096] [debug] [Manager] Disconnecting unknown client 
0: [10:55:08:750163] [P 5995] [T 6096] [info] Client 8 disconnects 
0: [10:55:08:750238] [P 5995] [T 6096] [info] Client 14 disconnects 
0: [10:55:08:750246] [P 5995] [T 6094] [debug] [Manager-listen] Disconnection on connection 0x15554026a4f0 
0: [10:55:08:750286] [P 5995] [T 6096] [debug] [Manager] Disconnecting unknown client 
0: [10:55:08:827142] [P 5995] [T 6096] [info] Client 11 disconnects 
0: [10:55:08:827224] [P 5995] [T 6094] [debug] [Manager-listen] Disconnection on connection 0x155540405260 
0: [10:55:08:827250] [P 5995] [T 6096] [debug] [Manager] Disconnecting unknown client 
0: [10:55:08:859560] [P 5995] [T 6096] [info] Client 5 disconnects 
0: [10:55:08:859644] [P 5995] [T 6094] [debug] [Manager-listen] Disconnection on connection 0x155540337780 
0: [10:55:08:859672] [P 5995] [T 6096] [debug] [Manager] Disconnecting unknown client 
0: [10:55:08:959827] [P 5995] [T 6094] [debug] [Manager-listen] Disconnection on connection 0x15554019d0d0 
0: [10:55:08:959835] [P 5995] [T 6096] [debug] [Manager] Disconnecting unknown client 
0: [10:55:09:028407] [P 5995] [T 6096] [info] Client 10 disconnects 
0: [10:55:09:028490] [P 5995] [T 6094] [debug] [Manager-listen] Disconnection on connection 0x1555402f3090 
0: [10:55:09:028517] [P 5995] [T 6096] [debug] [Manager] Disconnecting unknown client 
0: [10:55:09:120567] [P 5995] [T 6096] [info] Client 1 disconnects 
0: [10:55:09:120649] [P 5995] [T 6094] [debug] [Manager-listen] Disconnection on connection 0x15554008b400 
0: [10:55:09:120677] [P 5995] [T 6096] [debug] [Manager] Disconnecting unknown client 
0: [10:55:09:155190] [P 5995] [T 6096] [info] Client 19 disconnects 
0: [10:55:09:155272] [P 5995] [T 6094] [debug] [Manager-listen] Disconnection on connection 0x15554055cf20 
0: [10:55:09:155299] [P 5995] [T 6096] [debug] [Manager] Disconnecting unknown client 
0: [10:55:09:224419] [P 5995] [T 6096] [info] Client 7 disconnects 
0: [10:55:09:224502] [P 5995] [T 6094] [debug] [Manager-listen] Disconnection on connection 0x1555402260a0 
0: [10:55:09:224511] [P 5995] [T 6096] [debug] [Manager] Disconnecting unknown client 
0: [10:55:09:226163] [P 5995] [T 6096] [info] Client 18 disconnects 
0: [10:55:09:226245] [P 5995] [T 6094] [debug] [Manager-listen] Disconnection on connection 0x155540518ed0 
0: [10:55:09:226273] [P 5995] [T 6096] [debug] [Manager] Disconnecting unknown client 
0: [10:55:09:250609] [P 5995] [T 6096] [info] Client 6 disconnects 
0: [10:55:09:250659] [P 5995] [T 6094] [debug] [Manager-listen] Disconnection on connection 0x1555401e1860 
0: [10:55:09:250668] [P 5995] [T 6096] [debug] [Manager] Disconnecting unknown client 
0: [10:55:09:258612] [P 5995] [T 6096] [info] Client 2 disconnects 
0: [10:55:09:258665] [P 5995] [T 6094] [debug] [Manager-listen] Disconnection on connection 0x1555400cfa40 
0: [10:55:09:258670] [P 5995] [T 6096] [debug] [Manager] Disconnecting unknown client 
srun: forcing job termination
srun: Job step aborted: Waiting up to 92 seconds for job step to finish.
0: slurmstepd: error: *** STEP 49328700.49 ON nid01270 CANCELLED AT 2023-10-06T10:55:14 ***
srun: error: nid01270: task 0: Killed
srun: launch/slurm: _step_signal: Terminating StepId=49328700.49
