SU3 with improved KS action
Microcanonical simulation with refreshing
R algorithm
MIMD version 7.8.1
Machine = MPI (portable), with 64 nodes
Host(0) = nid00238
Username = mcopik
Options selected...
Generic single precision
C_GLOBAL_INLINE
DBLSTORE_FN
D_FN_GATHER13
FEWSUMS
KS_MULTIFF=FNMAT
VECLENGTH=4
type 0 for no prompts, 1 for prompts, or 2 for proofreading
nflavors1 2
nflavors2 1
nx 32
ny 16
nz 16
nt 36
iseed 5682304
LAYOUT = Hypercubes, options = hyper_prime,
automatic hyper_prime layout
ON EACH NODE 8 x 8 x 8 x 9
Mallocing 4.5 MBytes per node for lattice
WARNING!!: Resetting random seed
Made lattice
Made nn gathers
Made 3nn gathers
Finished setup


warms 0
trajecs 4
traj_between_meas 1
beta 5.6
mass1 0.125
mass2 0.125
u0 0.8441
microcanonical_time_step 0.2
steps_per_trajectory 5
max_cg_iterations 100
max_cg_restarts 5
error_per_site 0.125
error_for_propagator 0.125
npbp_reps 1
prec_pbp 1
fresh 
save_parallel lat_p64_size128_1
unit gauge configuration loaded
CHECK PLAQ: 3.000000e+00 3.000000e+00
CHECK NERSC LINKTR: 1.000000e+00 CKSUM: 0
Unitarity checked.  Max deviation 0.00e+00
Time to check unitarity = 1.266956e-03
"O(a^2): couplings(pi)=0, Naik term, No O(a^2) errors, tadpole weights"
path coefficients: npath  path_coeff  multiplicity
                    0      6.250000e-01     8
                    1      -5.847914e-02     8
                    2      -8.771871e-02     48
                    3      3.077829e-02     192
                    4      -7.199551e-03     384
                    5      -1.231132e-01     48
Symanzik 1x1 + 1x2 + 1x1x1 action
gauge_action: total_dyn_flavors = 3
loop coefficients: nloop rep loop_coeff  multiplicity
                    0 0      1.000000e+00     6
                    1 0      -7.762509e-02     12
                    2 0      -1.031171e-02     16
WARMUPS COMPLETED
CONGRAD5: time = 1.747680e-02 (fn F) masses = 1 iters = 4 mflops = 1.251876e+03
 OK converged final_rsq= 0.006 (cf 0.016) rel = 1 (cf 0) restarts = 1 iters= 4
CONGRAD5: time = 1.630092e-02 (fn F) masses = 1 iters = 4 mflops = 1.342181e+03
 OK converged final_rsq= 0.0059 (cf 0.016) rel = 1 (cf 0) restarts = 1 iters= 4
GFTIME:   time = 2.839100e-01 (Symanzik1) mflops = 2.483330e+03
FFTIME:  time = 1.104139e+00 (asqtad3) terms = 2 mflops = 1.811117e+03
CONGRAD5: time = 1.656199e-02 (fn F) masses = 1 iters = 4 mflops = 1.321024e+03
 OK converged final_rsq= 0.01 (cf 0.016) rel = 1 (cf 0) restarts = 1 iters= 4
CONGRAD5: time = 1.522589e-02 (fn F) masses = 1 iters = 4 mflops = 1.436946e+03
 OK converged final_rsq= 0.0096 (cf 0.016) rel = 1 (cf 0) restarts = 1 iters= 4
GFTIME:   time = 2.806122e-01 (Symanzik1) mflops = 2.512515e+03
FFTIME:  time = 1.113915e+00 (asqtad3) terms = 2 mflops = 1.795222e+03
CONGRAD5: time = 1.645994e-02 (fn F) masses = 1 iters = 4 mflops = 1.329214e+03
 OK converged final_rsq= 0.014 (cf 0.016) rel = 1 (cf 0) restarts = 1 iters= 4
CONGRAD5: time = 1.517892e-02 (fn F) masses = 1 iters = 4 mflops = 1.441393e+03
 OK converged final_rsq= 0.014 (cf 0.016) rel = 1 (cf 0) restarts = 1 iters= 4
GFTIME:   time = 2.808089e-01 (Symanzik1) mflops = 2.510755e+03
FFTIME:  time = 1.146915e+00 (asqtad3) terms = 2 mflops = 1.743568e+03
CONGRAD5: time = 1.746702e-02 (fn F) masses = 1 iters = 4 mflops = 1.252577e+03
 OK converged final_rsq= 0.013 (cf 0.016) rel = 1 (cf 0) restarts = 1 iters= 4
CONGRAD5: time = 1.513505e-02 (fn F) masses = 1 iters = 4 mflops = 1.445571e+03
 OK converged final_rsq= 0.013 (cf 0.016) rel = 1 (cf 0) restarts = 1 iters= 4
GFTIME:   time = 2.812760e-01 (Symanzik1) mflops = 2.506586e+03
FFTIME:  time = 1.102515e+00 (asqtad3) terms = 2 mflops = 1.813784e+03
CONGRAD5: time = 1.781011e-02 (fn F) masses = 1 iters = 4 mflops = 1.228448e+03
 OK converged final_rsq= 0.011 (cf 0.016) rel = 1 (cf 0) restarts = 1 iters= 4
CONGRAD5: time = 1.748705e-02 (fn F) masses = 1 iters = 4 mflops = 1.251142e+03
 OK converged final_rsq= 0.011 (cf 0.016) rel = 1 (cf 0) restarts = 1 iters= 4
GFTIME:   time = 3.054299e-01 (Symanzik1) mflops = 2.308361e+03
FFTIME:  time = 1.103156e+00 (asqtad3) terms = 2 mflops = 1.812731e+03
PLAQ:	2.348549	2.348112
P_LOOP:	-5.505189e-03	-1.058115e-02
G_LOOP:  0  0  4   	2.347989e+00	( 0 1 7 6  )
G_LOOP:  0  1  4   	2.348235e+00	( 0 2 7 5  )
G_LOOP:  0  2  4   	2.348118e+00	( 0 3 7 4  )
G_LOOP:  0  3  4   	2.349423e+00	( 1 2 6 5  )
G_LOOP:  0  4  4   	2.347520e+00	( 1 3 6 4  )
G_LOOP:  0  5  4   	2.348698e+00	( 2 3 5 4  )
G_LOOP:  1  0  6   	1.774326e+00	( 0 0 1 7 7 6  )
G_LOOP:  1  1  6   	1.772816e+00	( 0 0 2 7 7 5  )
G_LOOP:  1  2  6   	1.773575e+00	( 0 0 3 7 7 4  )
G_LOOP:  1  3  6   	1.774198e+00	( 1 1 0 6 6 7  )
G_LOOP:  1  4  6   	1.776674e+00	( 1 1 2 6 6 5  )
G_LOOP:  1  5  6   	1.772050e+00	( 1 1 3 6 6 4  )
G_LOOP:  1  6  6   	1.774592e+00	( 2 2 0 5 5 7  )
G_LOOP:  1  7  6   	1.775420e+00	( 2 2 1 5 5 6  )
G_LOOP:  1  8  6   	1.775323e+00	( 2 2 3 5 5 4  )
G_LOOP:  1  9  6   	1.774200e+00	( 3 3 0 4 4 7  )
G_LOOP:  1  10  6   	1.772793e+00	( 3 3 1 4 4 6  )
G_LOOP:  1  11  6   	1.773687e+00	( 3 3 2 4 4 5  )
G_LOOP:  2  0  6   	1.822344e+00	( 0 1 2 7 6 5  )
G_LOOP:  2  1  6   	1.820458e+00	( 0 1 5 7 6 2  )
G_LOOP:  2  2  6   	1.823198e+00	( 0 6 2 7 1 5  )
G_LOOP:  2  3  6   	1.820116e+00	( 0 6 5 7 1 2  )
G_LOOP:  2  4  6   	1.819553e+00	( 0 1 3 7 6 4  )
G_LOOP:  2  5  6   	1.820312e+00	( 0 1 4 7 6 3  )
G_LOOP:  2  6  6   	1.819036e+00	( 0 6 3 7 1 4  )
G_LOOP:  2  7  6   	1.821536e+00	( 0 6 4 7 1 3  )
G_LOOP:  2  8  6   	1.820542e+00	( 0 2 3 7 5 4  )
G_LOOP:  2  9  6   	1.820675e+00	( 0 2 4 7 5 3  )
G_LOOP:  2  10  6   	1.821020e+00	( 0 5 3 7 2 4  )
G_LOOP:  2  11  6   	1.823999e+00	( 0 5 4 7 2 3  )
G_LOOP:  2  12  6   	1.824607e+00	( 1 2 3 6 5 4  )
G_LOOP:  2  13  6   	1.820756e+00	( 1 2 4 6 5 3  )
G_LOOP:  2  14  6   	1.820113e+00	( 1 5 3 6 2 4  )
G_LOOP:  2  15  6   	1.821532e+00	( 1 5 4 6 2 3  )
GACTION: 2.573644e+00
CONGRAD5: time = 1.539111e-02 (fn F) masses = 1 iters = 4 mflops = 1.421521e+03
 OK converged final_rsq= 0.01 (cf 0.016) rel = 1 (cf 0) restarts = 1 iters= 4
CONGRAD5: time = 2.006793e-02 (fn F) masses = 1 iters = 6 mflops = 1.635354e+03
 OK converged final_rsq= 0.009 (cf 0.016) rel = 1 (cf 0) restarts = 1 iters= 6
PBP: mass 1.250000e-01     7.073068e-02  9.266890e-02  1.470707e-03  9.722415e-04 ( 1 of 1 )
FACTION: mass = 1.250000e-01,  1.465978e+00 ( 1 of 1 )
CONGRAD5: time = 1.525807e-02 (fn F) masses = 1 iters = 4 mflops = 1.433915e+03
 OK converged final_rsq= 0.01 (cf 0.016) rel = 1 (cf 0) restarts = 1 iters= 4
CONGRAD5: time = 2.003694e-02 (fn F) masses = 1 iters = 6 mflops = 1.637884e+03
 OK converged final_rsq= 0.009 (cf 0.016) rel = 1 (cf 0) restarts = 1 iters= 6
PBP: mass 1.250000e-01     7.045814e-02  9.288676e-02  -1.473327e-03  -1.651425e-03 ( 1 of 1 )
FACTION: mass = 1.250000e-01,  1.467517e+00 ( 1 of 1 )
CONGRAD5: time = 1.561499e-02 (fn F) masses = 1 iters = 4 mflops = 1.401140e+03
 OK converged final_rsq= 0.011 (cf 0.016) rel = 1 (cf 0) restarts = 1 iters= 4
CONGRAD5: time = 1.513219e-02 (fn F) masses = 1 iters = 4 mflops = 1.445844e+03
 OK converged final_rsq= 0.011 (cf 0.016) rel = 1 (cf 0) restarts = 1 iters= 4
GFTIME:   time = 2.840850e-01 (Symanzik1) mflops = 2.481801e+03
FFTIME:  time = 1.105512e+00 (asqtad3) terms = 2 mflops = 1.808867e+03
CONGRAD5: time = 1.802087e-02 (fn F) masses = 1 iters = 5 mflops = 1.517601e+03
 OK converged final_rsq= 0.007 (cf 0.016) rel = 1 (cf 0) restarts = 1 iters= 5
CONGRAD5: time = 1.510906e-02 (fn F) masses = 1 iters = 4 mflops = 1.448057e+03
 OK converged final_rsq= 0.015 (cf 0.016) rel = 1 (cf 0) restarts = 1 iters= 4
GFTIME:   time = 2.853582e-01 (Symanzik1) mflops = 2.470728e+03
FFTIME:  time = 1.124792e+00 (asqtad3) terms = 2 mflops = 1.777862e+03
CONGRAD5: time = 1.880479e-02 (fn F) masses = 1 iters = 5 mflops = 1.454336e+03
 OK converged final_rsq= 0.0089 (cf 0.016) rel = 1 (cf 0) restarts = 1 iters= 5
CONGRAD5: time = 1.761699e-02 (fn F) masses = 1 iters = 5 mflops = 1.552393e+03
 OK converged final_rsq= 0.0085 (cf 0.016) rel = 1 (cf 0) restarts = 1 iters= 5
GFTIME:   time = 2.850492e-01 (Symanzik1) mflops = 2.473406e+03
FFTIME:  time = 1.099078e+00 (asqtad3) terms = 2 mflops = 1.819456e+03
CONGRAD5: time = 1.793694e-02 (fn F) masses = 1 iters = 5 mflops = 1.524701e+03
 OK converged final_rsq= 0.0085 (cf 0.016) rel = 1 (cf 0) restarts = 1 iters= 5
CONGRAD5: time = 1.756883e-02 (fn F) masses = 1 iters = 5 mflops = 1.556648e+03
 OK converged final_rsq= 0.0082 (cf 0.016) rel = 1 (cf 0) restarts = 1 iters= 5
GFTIME:   time = 2.860591e-01 (Symanzik1) mflops = 2.464674e+03
FFTIME:  time = 1.103533e+00 (asqtad3) terms = 2 mflops = 1.812111e+03
CONGRAD5: time = 1.827502e-02 (fn F) masses = 1 iters = 5 mflops = 1.496495e+03
 OK converged final_rsq= 0.0074 (cf 0.016) rel = 1 (cf 0) restarts = 1 iters= 5
CONGRAD5: time = 1.515818e-02 (fn F) masses = 1 iters = 4 mflops = 1.443365e+03
 OK converged final_rsq= 0.015 (cf 0.016) rel = 1 (cf 0) restarts = 1 iters= 4
GFTIME:   time = 2.853150e-01 (Symanzik1) mflops = 2.471102e+03
FFTIME:  time = 1.104266e+00 (asqtad3) terms = 2 mflops = 1.810908e+03
PLAQ:	2.012849	2.013197
P_LOOP:	-3.667003e-03	-9.426866e-03
G_LOOP:  0  0  4   	2.012259e+00	( 0 1 7 6  )
G_LOOP:  0  1  4   	2.012615e+00	( 0 2 7 5  )
G_LOOP:  0  2  4   	2.014159e+00	( 0 3 7 4  )
G_LOOP:  0  3  4   	2.013673e+00	( 1 2 6 5  )
G_LOOP:  0  4  4   	2.011824e+00	( 1 3 6 4  )
G_LOOP:  0  5  4   	2.013608e+00	( 2 3 5 4  )
G_LOOP:  1  0  6   	1.299554e+00	( 0 0 1 7 7 6  )
G_LOOP:  1  1  6   	1.298284e+00	( 0 0 2 7 7 5  )
G_LOOP:  1  2  6   	1.304072e+00	( 0 0 3 7 7 4  )
G_LOOP:  1  3  6   	1.298349e+00	( 1 1 0 6 6 7  )
G_LOOP:  1  4  6   	1.301249e+00	( 1 1 2 6 6 5  )
G_LOOP:  1  5  6   	1.299440e+00	( 1 1 3 6 6 4  )
G_LOOP:  1  6  6   	1.300374e+00	( 2 2 0 5 5 7  )
G_LOOP:  1  7  6   	1.302705e+00	( 2 2 1 5 5 6  )
G_LOOP:  1  8  6   	1.301099e+00	( 2 2 3 5 5 4  )
G_LOOP:  1  9  6   	1.301697e+00	( 3 3 0 4 4 7  )
G_LOOP:  1  10  6   	1.300518e+00	( 3 3 1 4 4 6  )
G_LOOP:  1  11  6   	1.301792e+00	( 3 3 2 4 4 5  )
G_LOOP:  2  0  6   	1.344038e+00	( 0 1 2 7 6 5  )
G_LOOP:  2  1  6   	1.345105e+00	( 0 1 5 7 6 2  )
G_LOOP:  2  2  6   	1.344911e+00	( 0 6 2 7 1 5  )
G_LOOP:  2  3  6   	1.342131e+00	( 0 6 5 7 1 2  )
G_LOOP:  2  4  6   	1.344896e+00	( 0 1 3 7 6 4  )
G_LOOP:  2  5  6   	1.341714e+00	( 0 1 4 7 6 3  )
G_LOOP:  2  6  6   	1.342753e+00	( 0 6 3 7 1 4  )
G_LOOP:  2  7  6   	1.342647e+00	( 0 6 4 7 1 3  )
G_LOOP:  2  8  6   	1.345047e+00	( 0 2 3 7 5 4  )
G_LOOP:  2  9  6   	1.343819e+00	( 0 2 4 7 5 3  )
G_LOOP:  2  10  6   	1.344301e+00	( 0 5 3 7 2 4  )
G_LOOP:  2  11  6   	1.345084e+00	( 0 5 4 7 2 3  )
G_LOOP:  2  12  6   	1.344254e+00	( 1 2 3 6 5 4  )
G_LOOP:  2  13  6   	1.341313e+00	( 1 2 4 6 5 3  )
G_LOOP:  2  14  6   	1.342920e+00	( 1 5 3 6 2 4  )
G_LOOP:  2  15  6   	1.344460e+00	( 1 5 4 6 2 3  )
GACTION: 4.065753e+00
CONGRAD5: time = 2.496004e-02 (fn F) masses = 1 iters = 4 mflops = 8.765524e+02
 OK converged final_rsq= 0.014 (cf 0.016) rel = 1 (cf 0) restarts = 1 iters= 4
CONGRAD5: time = 2.881598e-02 (fn F) masses = 1 iters = 6 mflops = 1.138888e+03
 OK converged final_rsq= 0.014 (cf 0.016) rel = 1 (cf 0) restarts = 1 iters= 6
PBP: mass 1.250000e-01     8.448160e-02  1.679319e-01  3.262083e-05  -1.035879e-04 ( 1 of 1 )
FACTION: mass = 1.250000e-01,  1.446994e+00 ( 1 of 1 )
CONGRAD5: time = 2.284002e-02 (fn F) masses = 1 iters = 4 mflops = 9.579143e+02
 OK converged final_rsq= 0.014 (cf 0.016) rel = 1 (cf 0) restarts = 1 iters= 4
CONGRAD5: time = 2.161384e-02 (fn F) masses = 1 iters = 6 mflops = 1.518387e+03
 OK converged final_rsq= 0.013 (cf 0.016) rel = 1 (cf 0) restarts = 1 iters= 6
PBP: mass 1.250000e-01     8.642004e-02  1.645656e-01  2.280849e-04  -1.187979e-04 ( 1 of 1 )
FACTION: mass = 1.250000e-01,  1.445789e+00 ( 1 of 1 )
CONGRAD5: time = 1.848698e-02 (fn F) masses = 1 iters = 5 mflops = 1.479338e+03
 OK converged final_rsq= 0.0075 (cf 0.016) rel = 1 (cf 0) restarts = 1 iters= 5
CONGRAD5: time = 1.512623e-02 (fn F) masses = 1 iters = 4 mflops = 1.446414e+03
 OK converged final_rsq= 0.015 (cf 0.016) rel = 1 (cf 0) restarts = 1 iters= 4
GFTIME:   time = 2.893589e-01 (Symanzik1) mflops = 2.436568e+03
FFTIME:  time = 1.095809e+00 (asqtad3) terms = 2 mflops = 1.824884e+03
CONGRAD5: time = 1.775599e-02 (fn F) masses = 1 iters = 5 mflops = 1.540240e+03
 OK converged final_rsq= 0.0093 (cf 0.016) rel = 1 (cf 0) restarts = 1 iters= 5
CONGRAD5: time = 1.756310e-02 (fn F) masses = 1 iters = 5 mflops = 1.557155e+03
 OK converged final_rsq= 0.0088 (cf 0.016) rel = 1 (cf 0) restarts = 1 iters= 5
GFTIME:   time = 2.853980e-01 (Symanzik1) mflops = 2.470383e+03
FFTIME:  time = 1.099569e+00 (asqtad3) terms = 2 mflops = 1.818644e+03
CONGRAD5: time = 1.791286e-02 (fn F) masses = 1 iters = 5 mflops = 1.526751e+03
 OK converged final_rsq= 0.011 (cf 0.016) rel = 1 (cf 0) restarts = 1 iters= 5
CONGRAD5: time = 1.763606e-02 (fn F) masses = 1 iters = 5 mflops = 1.550714e+03
 OK converged final_rsq= 0.01 (cf 0.016) rel = 1 (cf 0) restarts = 1 iters= 5
GFTIME:   time = 2.852349e-01 (Symanzik1) mflops = 2.471796e+03
FFTIME:  time = 1.105730e+00 (asqtad3) terms = 2 mflops = 1.808511e+03
CONGRAD5: time = 1.792312e-02 (fn F) masses = 1 iters = 5 mflops = 1.525877e+03
 OK converged final_rsq= 0.011 (cf 0.016) rel = 1 (cf 0) restarts = 1 iters= 5
CONGRAD5: time = 1.800799e-02 (fn F) masses = 1 iters = 5 mflops = 1.518686e+03
 OK converged final_rsq= 0.01 (cf 0.016) rel = 1 (cf 0) restarts = 1 iters= 5
GFTIME:   time = 2.864401e-01 (Symanzik1) mflops = 2.461395e+03
FFTIME:  time = 1.129950e+00 (asqtad3) terms = 2 mflops = 1.769746e+03
CONGRAD5: time = 2.039719e-02 (fn F) masses = 1 iters = 5 mflops = 1.340797e+03
 OK converged final_rsq= 0.01 (cf 0.016) rel = 1 (cf 0) restarts = 1 iters= 5
CONGRAD5: time = 1.777101e-02 (fn F) masses = 1 iters = 5 mflops = 1.538938e+03
 OK converged final_rsq= 0.0095 (cf 0.016) rel = 1 (cf 0) restarts = 1 iters= 5
GFTIME:   time = 2.973940e-01 (Symanzik1) mflops = 2.370735e+03
FFTIME:  time = 1.150699e+00 (asqtad3) terms = 2 mflops = 1.737834e+03
PLAQ:	1.791940	1.793961
P_LOOP:	8.929842e-04	-5.981059e-03
G_LOOP:  0  0  4   	1.792903e+00	( 0 1 7 6  )
G_LOOP:  0  1  4   	1.790591e+00	( 0 2 7 5  )
G_LOOP:  0  2  4   	1.793971e+00	( 0 3 7 4  )
G_LOOP:  0  3  4   	1.792325e+00	( 1 2 6 5  )
G_LOOP:  0  4  4   	1.794332e+00	( 1 3 6 4  )
G_LOOP:  0  5  4   	1.793581e+00	( 2 3 5 4  )
G_LOOP:  1  0  6   	1.025457e+00	( 0 0 1 7 7 6  )
G_LOOP:  1  1  6   	1.020737e+00	( 0 0 2 7 7 5  )
G_LOOP:  1  2  6   	1.025311e+00	( 0 0 3 7 7 4  )
G_LOOP:  1  3  6   	1.026367e+00	( 1 1 0 6 6 7  )
G_LOOP:  1  4  6   	1.024081e+00	( 1 1 2 6 6 5  )
G_LOOP:  1  5  6   	1.028261e+00	( 1 1 3 6 6 4  )
G_LOOP:  1  6  6   	1.022789e+00	( 2 2 0 5 5 7  )
G_LOOP:  1  7  6   	1.025513e+00	( 2 2 1 5 5 6  )
G_LOOP:  1  8  6   	1.026950e+00	( 2 2 3 5 5 4  )
G_LOOP:  1  9  6   	1.026497e+00	( 3 3 0 4 4 7  )
G_LOOP:  1  10  6   	1.027153e+00	( 3 3 1 4 4 6  )
G_LOOP:  1  11  6   	1.026520e+00	( 3 3 2 4 4 5  )
G_LOOP:  2  0  6   	1.057280e+00	( 0 1 2 7 6 5  )
G_LOOP:  2  1  6   	1.059558e+00	( 0 1 5 7 6 2  )
G_LOOP:  2  2  6   	1.058203e+00	( 0 6 2 7 1 5  )
G_LOOP:  2  3  6   	1.057099e+00	( 0 6 5 7 1 2  )
G_LOOP:  2  4  6   	1.059414e+00	( 0 1 3 7 6 4  )
G_LOOP:  2  5  6   	1.060069e+00	( 0 1 4 7 6 3  )
G_LOOP:  2  6  6   	1.061077e+00	( 0 6 3 7 1 4  )
G_LOOP:  2  7  6   	1.062719e+00	( 0 6 4 7 1 3  )
G_LOOP:  2  8  6   	1.058156e+00	( 0 2 3 7 5 4  )
G_LOOP:  2  9  6   	1.059245e+00	( 0 2 4 7 5 3  )
G_LOOP:  2  10  6   	1.059447e+00	( 0 5 3 7 2 4  )
G_LOOP:  2  11  6   	1.058875e+00	( 0 5 4 7 2 3  )
G_LOOP:  2  12  6   	1.060234e+00	( 1 2 3 6 5 4  )
G_LOOP:  2  13  6   	1.058745e+00	( 1 2 4 6 5 3  )
G_LOOP:  2  14  6   	1.061517e+00	( 1 5 3 6 2 4  )
G_LOOP:  2  15  6   	1.061018e+00	( 1 5 4 6 2 3  )
GACTION: 5.082868e+00
CONGRAD5: time = 2.033782e-02 (fn F) masses = 1 iters = 5 mflops = 1.344710e+03
 OK converged final_rsq= 0.0085 (cf 0.016) rel = 1 (cf 0) restarts = 1 iters= 5
CONGRAD5: time = 2.169204e-02 (fn F) masses = 1 iters = 6 mflops = 1.512913e+03
 OK converged final_rsq= 0.015 (cf 0.016) rel = 1 (cf 0) restarts = 1 iters= 6
PBP: mass 1.250000e-01     1.096581e-01  2.988181e-01  -6.904170e-04  -8.679691e-04 ( 1 of 1 )
FACTION: mass = 1.250000e-01,  1.452312e+00 ( 1 of 1 )
CONGRAD5: time = 1.941395e-02 (fn F) masses = 1 iters = 5 mflops = 1.408703e+03
 OK converged final_rsq= 0.0085 (cf 0.016) rel = 1 (cf 0) restarts = 1 iters= 5
CONGRAD5: time = 2.159905e-02 (fn F) masses = 1 iters = 6 mflops = 1.519427e+03
 OK converged final_rsq= 0.015 (cf 0.016) rel = 1 (cf 0) restarts = 1 iters= 6
PBP: mass 1.250000e-01     1.089939e-01  3.035291e-01  1.626398e-03  1.899905e-03 ( 1 of 1 )
FACTION: mass = 1.250000e-01,  1.453099e+00 ( 1 of 1 )
CONGRAD5: time = 1.968002e-02 (fn F) masses = 1 iters = 5 mflops = 1.389657e+03
 OK converged final_rsq= 0.01 (cf 0.016) rel = 1 (cf 0) restarts = 1 iters= 5
CONGRAD5: time = 1.921415e-02 (fn F) masses = 1 iters = 5 mflops = 1.423351e+03
 OK converged final_rsq= 0.0096 (cf 0.016) rel = 1 (cf 0) restarts = 1 iters= 5
GFTIME:   time = 2.957809e-01 (Symanzik1) mflops = 2.383665e+03
FFTIME:  time = 1.102833e+00 (asqtad3) terms = 2 mflops = 1.813261e+03
CONGRAD5: time = 1.804423e-02 (fn F) masses = 1 iters = 5 mflops = 1.515635e+03
 OK converged final_rsq= 0.011 (cf 0.016) rel = 1 (cf 0) restarts = 1 iters= 5
CONGRAD5: time = 1.762795e-02 (fn F) masses = 1 iters = 5 mflops = 1.551427e+03
 OK converged final_rsq= 0.011 (cf 0.016) rel = 1 (cf 0) restarts = 1 iters= 5
GFTIME:   time = 2.853761e-01 (Symanzik1) mflops = 2.470573e+03
FFTIME:  time = 1.107753e+00 (asqtad3) terms = 2 mflops = 1.805208e+03
CONGRAD5: time = 2.165389e-02 (fn F) masses = 1 iters = 5 mflops = 1.262982e+03
 OK converged final_rsq= 0.012 (cf 0.016) rel = 1 (cf 0) restarts = 1 iters= 5
CONGRAD5: time = 1.882195e-02 (fn F) masses = 1 iters = 5 mflops = 1.453010e+03
 OK converged final_rsq= 0.012 (cf 0.016) rel = 1 (cf 0) restarts = 1 iters= 5
GFTIME:   time = 2.871411e-01 (Symanzik1) mflops = 2.455387e+03
FFTIME:  time = 1.139266e+00 (asqtad3) terms = 2 mflops = 1.755274e+03
CONGRAD5: time = 1.787806e-02 (fn F) masses = 1 iters = 5 mflops = 1.529723e+03
 OK converged final_rsq= 0.012 (cf 0.016) rel = 1 (cf 0) restarts = 1 iters= 5
CONGRAD5: time = 1.767921e-02 (fn F) masses = 1 iters = 5 mflops = 1.546928e+03
 OK converged final_rsq= 0.012 (cf 0.016) rel = 1 (cf 0) restarts = 1 iters= 5
GFTIME:   time = 2.853339e-01 (Symanzik1) mflops = 2.470938e+03
FFTIME:  time = 1.098012e+00 (asqtad3) terms = 2 mflops = 1.821223e+03
CONGRAD5: time = 1.799798e-02 (fn F) masses = 1 iters = 5 mflops = 1.519531e+03
 OK converged final_rsq= 0.012 (cf 0.016) rel = 1 (cf 0) restarts = 1 iters= 5
CONGRAD5: time = 1.768684e-02 (fn F) masses = 1 iters = 5 mflops = 1.546261e+03
 OK converged final_rsq= 0.012 (cf 0.016) rel = 1 (cf 0) restarts = 1 iters= 5
GFTIME:   time = 2.848861e-01 (Symanzik1) mflops = 2.474822e+03
FFTIME:  time = 1.106545e+00 (asqtad3) terms = 2 mflops = 1.807179e+03
PLAQ:	1.646195	1.645889
P_LOOP:	-2.224417e-05	4.159464e-03
G_LOOP:  0  0  4   	1.646369e+00	( 0 1 7 6  )
G_LOOP:  0  1  4   	1.645388e+00	( 0 2 7 5  )
G_LOOP:  0  2  4   	1.645889e+00	( 0 3 7 4  )
G_LOOP:  0  3  4   	1.646829e+00	( 1 2 6 5  )
G_LOOP:  0  4  4   	1.647299e+00	( 1 3 6 4  )
G_LOOP:  0  5  4   	1.644479e+00	( 2 3 5 4  )
G_LOOP:  1  0  6   	8.565360e-01	( 0 0 1 7 7 6  )
G_LOOP:  1  1  6   	8.558377e-01	( 0 0 2 7 7 5  )
G_LOOP:  1  2  6   	8.565155e-01	( 0 0 3 7 7 4  )
G_LOOP:  1  3  6   	8.575574e-01	( 1 1 0 6 6 7  )
G_LOOP:  1  4  6   	8.578027e-01	( 1 1 2 6 6 5  )
G_LOOP:  1  5  6   	8.569771e-01	( 1 1 3 6 6 4  )
G_LOOP:  1  6  6   	8.553229e-01	( 2 2 0 5 5 7  )
G_LOOP:  1  7  6   	8.573364e-01	( 2 2 1 5 5 6  )
G_LOOP:  1  8  6   	8.536110e-01	( 2 2 3 5 5 4  )
G_LOOP:  1  9  6   	8.579637e-01	( 3 3 0 4 4 7  )
G_LOOP:  1  10  6   	8.576508e-01	( 3 3 1 4 4 6  )
G_LOOP:  1  11  6   	8.553949e-01	( 3 3 2 4 4 5  )
G_LOOP:  2  0  6   	8.801668e-01	( 0 1 2 7 6 5  )
G_LOOP:  2  1  6   	8.775872e-01	( 0 1 5 7 6 2  )
G_LOOP:  2  2  6   	8.787832e-01	( 0 6 2 7 1 5  )
G_LOOP:  2  3  6   	8.803032e-01	( 0 6 5 7 1 2  )
G_LOOP:  2  4  6   	8.803205e-01	( 0 1 3 7 6 4  )
G_LOOP:  2  5  6   	8.795468e-01	( 0 1 4 7 6 3  )
G_LOOP:  2  6  6   	8.803243e-01	( 0 6 3 7 1 4  )
G_LOOP:  2  7  6   	8.807733e-01	( 0 6 4 7 1 3  )
G_LOOP:  2  8  6   	8.793316e-01	( 0 2 3 7 5 4  )
G_LOOP:  2  9  6   	8.765335e-01	( 0 2 4 7 5 3  )
G_LOOP:  2  10  6   	8.780644e-01	( 0 5 3 7 2 4  )
G_LOOP:  2  11  6   	8.788279e-01	( 0 5 4 7 2 3  )
G_LOOP:  2  12  6   	8.762360e-01	( 1 2 3 6 5 4  )
G_LOOP:  2  13  6   	8.810432e-01	( 1 2 4 6 5 3  )
G_LOOP:  2  14  6   	8.804645e-01	( 1 5 3 6 2 4  )
G_LOOP:  2  15  6   	8.784264e-01	( 1 5 4 6 2 3  )
GACTION: 5.777204e+00
CONGRAD5: time = 1.836300e-02 (fn F) masses = 1 iters = 5 mflops = 1.489325e+03
 OK converged final_rsq= 0.01 (cf 0.016) rel = 1 (cf 0) restarts = 1 iters= 5
CONGRAD5: time = 2.252388e-02 (fn F) masses = 1 iters = 7 mflops = 1.699879e+03
 OK converged final_rsq= 0.0081 (cf 0.016) rel = 1 (cf 0) restarts = 1 iters= 7
PBP: mass 1.250000e-01     1.231636e-01  3.251120e-01  -1.022145e-03  -1.472293e-03 ( 1 of 1 )
FACTION: mass = 1.250000e-01,  1.436432e+00 ( 1 of 1 )
CONGRAD5: time = 1.826191e-02 (fn F) masses = 1 iters = 5 mflops = 1.497570e+03
 OK converged final_rsq= 0.01 (cf 0.016) rel = 1 (cf 0) restarts = 1 iters= 5
CONGRAD5: time = 2.252197e-02 (fn F) masses = 1 iters = 7 mflops = 1.700023e+03
 OK converged final_rsq= 0.0081 (cf 0.016) rel = 1 (cf 0) restarts = 1 iters= 7
PBP: mass 1.250000e-01     1.234610e-01  3.201259e-01  1.595476e-03  1.165833e-03 ( 1 of 1 )
FACTION: mass = 1.250000e-01,  1.438766e+00 ( 1 of 1 )
RUNNING COMPLETED
average cg iters for step= 1.100000e+01
Time = 4.284466e+01 seconds
total_iters = 552
Checksums 63b4bed6 bb8ade7d
Saved gauge configuration in parallel to binary file lat_p64_size128_1
Time stamp Fri Aug 12 21:34:24 2022
Wrote info file lat_p64_size128_1.info
Time to save = 8.267629e-01
CHECK PLAQ: 1.646195e+00 1.645889e+00
CHECK NERSC LINKTR: 1.708960e-01 CKSUM: eb4c963c


warms 0
trajecs 4
traj_between_meas 1
beta 5.6
mass1 0.01
mass2 0.01
u0 0.8441
microcanonical_time_step 0.02
steps_per_trajectory 15
max_cg_iterations 300
max_cg_restarts 5
error_per_site 1e-05
error_for_propagator 1e-05
npbp_reps 1
prec_pbp 1
reload_parallel lat_p64_size128_1
save_parallel lat_p64_size128_2
Restored binary gauge configuration in parallel from file lat_p64_size128_1
Time stamp Fri Aug 12 21:34:24 2022
Checksums 63b4bed6 bb8ade7d OK
Time to reload gauge configuration = 2.724950e-01
CHECK PLAQ: 1.646195e+00 1.645889e+00
CHECK NERSC LINKTR: 1.708960e-01 CKSUM: eb4c963c
Unitarity checked.  Max deviation 2.98e-07
Time to check unitarity = 1.312971e-03
"O(a^2): couplings(pi)=0, Naik term, No O(a^2) errors, tadpole weights"
path coefficients: npath  path_coeff  multiplicity
                    0      6.250000e-01     8
                    1      -5.847914e-02     8
                    2      -8.771871e-02     48
                    3      3.077829e-02     192
                    4      -7.199551e-03     384
                    5      -1.231132e-01     48
Symanzik 1x1 + 1x2 + 1x1x1 action
gauge_action: total_dyn_flavors = 3
loop coefficients: nloop rep loop_coeff  multiplicity
                    0 0      1.000000e+00     6
                    1 0      -7.762509e-02     12
                    2 0      -1.031171e-02     16
WARMUPS COMPLETED
CONGRAD5: time = 1.426251e+00 (fn F) masses = 1 iters = 547 mflops = 2.097754e+03
 OK converged final_rsq= 5e-11 (cf 1e-10) rel = 1 (cf 0) restarts = 3 iters= 547
CONGRAD5: time = 1.257629e+00 (fn F) masses = 1 iters = 499 mflops = 2.170257e+03
 OK converged final_rsq= 5e-11 (cf 1e-10) rel = 1 (cf 0) restarts = 3 iters= 499
GFTIME:   time = 3.164480e-01 (Symanzik1) mflops = 2.227988e+03
FFTIME:  time = 1.148470e+00 (asqtad3) terms = 2 mflops = 1.741208e+03
CONGRAD5: time = 1.272830e+00 (fn F) masses = 1 iters = 511 mflops = 2.195906e+03
 OK converged final_rsq= 5e-11 (cf 1e-10) rel = 1 (cf 0) restarts = 3 iters= 511
CONGRAD5: time = 1.349288e+00 (fn F) masses = 1 iters = 542 mflops = 2.197140e+03
 OK converged final_rsq= 5e-11 (cf 1e-10) rel = 1 (cf 0) restarts = 3 iters= 542
GFTIME:   time = 2.906079e-01 (Symanzik1) mflops = 2.426095e+03
FFTIME:  time = 1.079472e+00 (asqtad3) terms = 2 mflops = 1.852502e+03
CONGRAD5: time = 1.266967e+00 (fn F) masses = 1 iters = 509 mflops = 2.197433e+03
 OK converged final_rsq= 9.9e-11 (cf 1e-10) rel = 1 (cf 0) restarts = 2 iters= 509
CONGRAD5: time = 1.384949e+00 (fn F) masses = 1 iters = 556 mflops = 2.195858e+03
 OK converged final_rsq= 1e-10 (cf 1e-10) rel = 1 (cf 0) restarts = 2 iters= 556
GFTIME:   time = 3.011711e-01 (Symanzik1) mflops = 2.341003e+03
FFTIME:  time = 1.083753e+00 (asqtad3) terms = 2 mflops = 1.845185e+03
CONGRAD5: time = 1.485631e+00 (fn F) masses = 1 iters = 569 mflops = 2.094905e+03
 OK converged final_rsq= 1e-10 (cf 1e-10) rel = 1 (cf 0) restarts = 2 iters= 569
CONGRAD5: time = 1.424466e+00 (fn F) masses = 1 iters = 567 mflops = 2.177179e+03
 OK converged final_rsq= 5e-11 (cf 1e-10) rel = 1 (cf 0) restarts = 3 iters= 567
GFTIME:   time = 2.920511e-01 (Symanzik1) mflops = 2.414107e+03
FFTIME:  time = 1.098789e+00 (asqtad3) terms = 2 mflops = 1.819935e+03
CONGRAD5: time = 1.421200e+00 (fn F) masses = 1 iters = 548 mflops = 2.109058e+03
 OK converged final_rsq= 5e-11 (cf 1e-10) rel = 1 (cf 0) restarts = 3 iters= 548
CONGRAD5: time = 1.397408e+00 (fn F) masses = 1 iters = 557 mflops = 2.180194e+03
 OK converged final_rsq= 5e-11 (cf 1e-10) rel = 1 (cf 0) restarts = 3 iters= 557
GFTIME:   time = 3.244071e-01 (Symanzik1) mflops = 2.173326e+03
FFTIME:  time = 1.164408e+00 (asqtad3) terms = 2 mflops = 1.717374e+03
CONGRAD5: time = 1.358446e+00 (fn F) masses = 1 iters = 530 mflops = 2.134011e+03
 OK converged final_rsq= 1e-10 (cf 1e-10) rel = 1 (cf 0) restarts = 2 iters= 530
CONGRAD5: time = 1.488801e+00 (fn F) masses = 1 iters = 571 mflops = 2.097793e+03
 OK converged final_rsq= 9.9e-11 (cf 1e-10) rel = 1 (cf 0) restarts = 2 iters= 571
GFTIME:   time = 3.086901e-01 (Symanzik1) mflops = 2.283982e+03
FFTIME:  time = 1.092203e+00 (asqtad3) terms = 2 mflops = 1.830909e+03
CONGRAD5: time = 1.452757e+00 (fn F) masses = 1 iters = 569 mflops = 2.142311e+03
 OK converged final_rsq= 9.9e-11 (cf 1e-10) rel = 1 (cf 0) restarts = 2 iters= 569
CONGRAD5: time = 1.398887e+00 (fn F) masses = 1 iters = 558 mflops = 2.181799e+03
 OK converged final_rsq= 1e-10 (cf 1e-10) rel = 1 (cf 0) restarts = 2 iters= 558
GFTIME:   time = 2.919700e-01 (Symanzik1) mflops = 2.414777e+03
FFTIME:  time = 1.098519e+00 (asqtad3) terms = 2 mflops = 1.820383e+03
CONGRAD5: time = 1.479092e+00 (fn F) masses = 1 iters = 555 mflops = 2.052395e+03
 OK converged final_rsq= 5e-11 (cf 1e-10) rel = 1 (cf 0) restarts = 3 iters= 555
CONGRAD5: time = 1.335066e+00 (fn F) masses = 1 iters = 511 mflops = 2.093540e+03
 OK converged final_rsq= 5e-11 (cf 1e-10) rel = 1 (cf 0) restarts = 3 iters= 511
GFTIME:   time = 3.290000e-01 (Symanzik1) mflops = 2.142986e+03
FFTIME:  time = 1.146797e+00 (asqtad3) terms = 2 mflops = 1.743748e+03
CONGRAD5: time = 1.381107e+00 (fn F) masses = 1 iters = 537 mflops = 2.126719e+03
 OK converged final_rsq= 9.9e-11 (cf 1e-10) rel = 1 (cf 0) restarts = 2 iters= 537
CONGRAD5: time = 1.277531e+00 (fn F) masses = 1 iters = 513 mflops = 2.196388e+03
 OK converged final_rsq= 9.9e-11 (cf 1e-10) rel = 1 (cf 0) restarts = 2 iters= 513
GFTIME:   time = 2.913959e-01 (Symanzik1) mflops = 2.419534e+03
FFTIME:  time = 1.075343e+00 (asqtad3) terms = 2 mflops = 1.859616e+03
CONGRAD5: time = 1.263985e+00 (fn F) masses = 1 iters = 496 mflops = 2.146362e+03
 OK converged final_rsq= 5e-11 (cf 1e-10) rel = 1 (cf 0) restarts = 3 iters= 496
CONGRAD5: time = 1.301852e+00 (fn F) masses = 1 iters = 523 mflops = 2.197370e+03
 OK converged final_rsq= 9.9e-11 (cf 1e-10) rel = 1 (cf 0) restarts = 2 iters= 523
GFTIME:   time = 2.896681e-01 (Symanzik1) mflops = 2.433967e+03
FFTIME:  time = 1.076106e+00 (asqtad3) terms = 2 mflops = 1.858297e+03
CONGRAD5: time = 1.317969e+00 (fn F) masses = 1 iters = 529 mflops = 2.195400e+03
 OK converged final_rsq= 5e-11 (cf 1e-10) rel = 1 (cf 0) restarts = 3 iters= 529
CONGRAD5: time = 1.269584e+00 (fn F) masses = 1 iters = 510 mflops = 2.197212e+03
 OK converged final_rsq= 1e-10 (cf 1e-10) rel = 1 (cf 0) restarts = 2 iters= 510
GFTIME:   time = 2.905700e-01 (Symanzik1) mflops = 2.426411e+03
FFTIME:  time = 1.081571e+00 (asqtad3) terms = 2 mflops = 1.848907e+03
CONGRAD5: time = 1.343581e+00 (fn F) masses = 1 iters = 528 mflops = 2.149479e+03
 OK converged final_rsq= 1e-10 (cf 1e-10) rel = 1 (cf 0) restarts = 2 iters= 528
CONGRAD5: time = 1.269621e+00 (fn F) masses = 1 iters = 506 mflops = 2.179915e+03
 OK converged final_rsq= 5e-11 (cf 1e-10) rel = 1 (cf 0) restarts = 3 iters= 506
GFTIME:   time = 2.913401e-01 (Symanzik1) mflops = 2.419998e+03
FFTIME:  time = 1.095896e+00 (asqtad3) terms = 2 mflops = 1.824739e+03
CONGRAD5: time = 1.380853e+00 (fn F) masses = 1 iters = 550 mflops = 2.178604e+03
 OK converged final_rsq= 9.9e-11 (cf 1e-10) rel = 1 (cf 0) restarts = 2 iters= 550
CONGRAD5: time = 1.420386e+00 (fn F) masses = 1 iters = 548 mflops = 2.110267e+03
 OK converged final_rsq= 5e-11 (cf 1e-10) rel = 1 (cf 0) restarts = 3 iters= 548
GFTIME:   time = 3.072650e-01 (Symanzik1) mflops = 2.294574e+03
FFTIME:  time = 1.091807e+00 (asqtad3) terms = 2 mflops = 1.831573e+03
CONGRAD5: time = 1.418234e+00 (fn F) masses = 1 iters = 546 mflops = 2.105755e+03
 OK converged final_rsq= 9.9e-11 (cf 1e-10) rel = 1 (cf 0) restarts = 2 iters= 546
CONGRAD5: time = 1.320878e+00 (fn F) masses = 1 iters = 526 mflops = 2.178143e+03
 OK converged final_rsq= 9.9e-11 (cf 1e-10) rel = 1 (cf 0) restarts = 2 iters= 526
GFTIME:   time = 2.912009e-01 (Symanzik1) mflops = 2.421155e+03
FFTIME:  time = 1.094671e+00 (asqtad3) terms = 2 mflops = 1.826781e+03
CONGRAD5: time = 1.454151e+00 (fn F) masses = 1 iters = 550 mflops = 2.068790e+03
 OK converged final_rsq= 5e-11 (cf 1e-10) rel = 1 (cf 0) restarts = 3 iters= 550
CONGRAD5: time = 1.307790e+00 (fn F) masses = 1 iters = 508 mflops = 2.124657e+03
 OK converged final_rsq= 5e-11 (cf 1e-10) rel = 1 (cf 0) restarts = 3 iters= 508
GFTIME:   time = 3.339520e-01 (Symanzik1) mflops = 2.111209e+03
FFTIME:  time = 1.166885e+00 (asqtad3) terms = 2 mflops = 1.713729e+03
PLAQ:	1.540771	1.539234
P_LOOP:	1.091240e-02	-3.989859e-03
G_LOOP:  0  0  4   	1.540737e+00	( 0 1 7 6  )
G_LOOP:  0  1  4   	1.541393e+00	( 0 2 7 5  )
G_LOOP:  0  2  4   	1.540677e+00	( 0 3 7 4  )
G_LOOP:  0  3  4   	1.540183e+00	( 1 2 6 5  )
G_LOOP:  0  4  4   	1.539081e+00	( 1 3 6 4  )
G_LOOP:  0  5  4   	1.537945e+00	( 2 3 5 4  )
G_LOOP:  1  0  6   	7.792160e-01	( 0 0 1 7 7 6  )
G_LOOP:  1  1  6   	7.791683e-01	( 0 0 2 7 7 5  )
G_LOOP:  1  2  6   	7.817236e-01	( 0 0 3 7 7 4  )
G_LOOP:  1  3  6   	7.797929e-01	( 1 1 0 6 6 7  )
G_LOOP:  1  4  6   	7.789794e-01	( 1 1 2 6 6 5  )
G_LOOP:  1  5  6   	7.798970e-01	( 1 1 3 6 6 4  )
G_LOOP:  1  6  6   	7.811699e-01	( 2 2 0 5 5 7  )
G_LOOP:  1  7  6   	7.788761e-01	( 2 2 1 5 5 6  )
G_LOOP:  1  8  6   	7.790936e-01	( 2 2 3 5 5 4  )
G_LOOP:  1  9  6   	7.786094e-01	( 3 3 0 4 4 7  )
G_LOOP:  1  10  6   	7.778531e-01	( 3 3 1 4 4 6  )
G_LOOP:  1  11  6   	7.774794e-01	( 3 3 2 4 4 5  )
G_LOOP:  2  0  6   	8.019689e-01	( 0 1 2 7 6 5  )
G_LOOP:  2  1  6   	7.998577e-01	( 0 1 5 7 6 2  )
G_LOOP:  2  2  6   	8.010139e-01	( 0 6 2 7 1 5  )
G_LOOP:  2  3  6   	8.008853e-01	( 0 6 5 7 1 2  )
G_LOOP:  2  4  6   	7.989668e-01	( 0 1 3 7 6 4  )
G_LOOP:  2  5  6   	8.012611e-01	( 0 1 4 7 6 3  )
G_LOOP:  2  6  6   	8.014171e-01	( 0 6 3 7 1 4  )
G_LOOP:  2  7  6   	8.007371e-01	( 0 6 4 7 1 3  )
G_LOOP:  2  8  6   	8.001027e-01	( 0 2 3 7 5 4  )
G_LOOP:  2  9  6   	7.986628e-01	( 0 2 4 7 5 3  )
G_LOOP:  2  10  6   	8.000803e-01	( 0 5 3 7 2 4  )
G_LOOP:  2  11  6   	8.015377e-01	( 0 5 4 7 2 3  )
G_LOOP:  2  12  6   	7.979891e-01	( 1 2 3 6 5 4  )
G_LOOP:  2  13  6   	8.004914e-01	( 1 2 4 6 5 3  )
G_LOOP:  2  14  6   	8.007820e-01	( 1 5 3 6 2 4  )
G_LOOP:  2  15  6   	7.999565e-01	( 1 5 4 6 2 3  )
GACTION: 6.328506e+00
CONGRAD5: time = 1.379562e+00 (fn F) masses = 1 iters = 522 mflops = 2.069629e+03
 OK converged final_rsq= 5e-11 (cf 1e-10) rel = 1 (cf 0) restarts = 3 iters= 522
CONGRAD5: time = 2.258570e-01 (fn F) masses = 1 iters = 88 mflops = 2.131141e+03
 OK converged final_rsq= 4.8e-11 (cf 1e-10) rel = 1 (cf 0) restarts = 2 iters= 88
PBP: mass 1.000000e-02     3.210523e-02  3.108349e-02  -3.638818e-03  -3.637753e-03 ( 1 of 1 )
FACTION: mass = 1.000000e-02,  1.499014e+00 ( 1 of 1 )
CONGRAD5: time = 1.287716e+00 (fn F) masses = 1 iters = 511 mflops = 2.170521e+03
 OK converged final_rsq= 5e-11 (cf 1e-10) rel = 1 (cf 0) restarts = 3 iters= 511
CONGRAD5: time = 3.072290e-01 (fn F) masses = 1 iters = 94 mflops = 1.673512e+03
 OK converged final_rsq= 9.7e-11 (cf 1e-10) rel = 1 (cf 0) restarts = 1 iters= 94
PBP: mass 1.000000e-02     3.053545e-02  3.191708e-02  -3.038316e-03  -3.039833e-03 ( 1 of 1 )
FACTION: mass = 1.000000e-02,  1.500351e+00 ( 1 of 1 )
CONGRAD5: time = 1.445179e+00 (fn F) masses = 1 iters = 552 mflops = 2.089203e+03
 OK converged final_rsq= 5e-11 (cf 1e-10) rel = 1 (cf 0) restarts = 3 iters= 552
CONGRAD5: time = 1.349965e+00 (fn F) masses = 1 iters = 541 mflops = 2.191987e+03
 OK converged final_rsq= 5e-11 (cf 1e-10) rel = 1 (cf 0) restarts = 3 iters= 541
GFTIME:   time = 3.177979e-01 (Symanzik1) mflops = 2.218525e+03
FFTIME:  time = 1.109572e+00 (asqtad3) terms = 2 mflops = 1.802248e+03
CONGRAD5: time = 1.374193e+00 (fn F) masses = 1 iters = 548 mflops = 2.181203e+03
 OK converged final_rsq= 1e-10 (cf 1e-10) rel = 1 (cf 0) restarts = 2 iters= 548
CONGRAD5: time = 1.404252e+00 (fn F) masses = 1 iters = 549 mflops = 2.138407e+03
 OK converged final_rsq= 5e-11 (cf 1e-10) rel = 1 (cf 0) restarts = 3 iters= 549
GFTIME:   time = 2.927759e-01 (Symanzik1) mflops = 2.408130e+03
FFTIME:  time = 1.092044e+00 (asqtad3) terms = 2 mflops = 1.831176e+03
CONGRAD5: time = 1.344794e+00 (fn F) masses = 1 iters = 534 mflops = 2.171944e+03
 OK converged final_rsq= 5e-11 (cf 1e-10) rel = 1 (cf 0) restarts = 3 iters= 534
CONGRAD5: time = 1.320817e+00 (fn F) masses = 1 iters = 526 mflops = 2.178243e+03
 OK converged final_rsq= 9.9e-11 (cf 1e-10) rel = 1 (cf 0) restarts = 2 iters= 526
GFTIME:   time = 2.925050e-01 (Symanzik1) mflops = 2.410360e+03
FFTIME:  time = 1.126484e+00 (asqtad3) terms = 2 mflops = 1.775191e+03
CONGRAD5: time = 1.373682e+00 (fn F) masses = 1 iters = 543 mflops = 2.162105e+03
 OK converged final_rsq= 5e-11 (cf 1e-10) rel = 1 (cf 0) restarts = 3 iters= 543
CONGRAD5: time = 1.345755e+00 (fn F) masses = 1 iters = 535 mflops = 2.174458e+03
 OK converged final_rsq= 5e-11 (cf 1e-10) rel = 1 (cf 0) restarts = 3 iters= 535
GFTIME:   time = 3.246400e-01 (Symanzik1) mflops = 2.171767e+03
FFTIME:  time = 1.123653e+00 (asqtad3) terms = 2 mflops = 1.779664e+03
CONGRAD5: time = 1.358031e+00 (fn F) masses = 1 iters = 540 mflops = 2.174940e+03
 OK converged final_rsq= 1e-10 (cf 1e-10) rel = 1 (cf 0) restarts = 2 iters= 540
CONGRAD5: time = 1.504732e+00 (fn F) masses = 1 iters = 566 mflops = 2.057408e+03
 OK converged final_rsq= 9.9e-11 (cf 1e-10) rel = 1 (cf 0) restarts = 2 iters= 566
GFTIME:   time = 3.194749e-01 (Symanzik1) mflops = 2.206879e+03
FFTIME:  time = 1.157954e+00 (asqtad3) terms = 2 mflops = 1.726946e+03
CONGRAD5: time = 1.423491e+00 (fn F) masses = 1 iters = 549 mflops = 2.109506e+03
 OK converged final_rsq= 4.9e-11 (cf 1e-10) rel = 1 (cf 0) restarts = 3 iters= 549
CONGRAD5: time = 1.339663e+00 (fn F) masses = 1 iters = 533 mflops = 2.176180e+03
 OK converged final_rsq= 1e-10 (cf 1e-10) rel = 1 (cf 0) restarts = 2 iters= 533
GFTIME:   time = 2.912180e-01 (Symanzik1) mflops = 2.421012e+03
FFTIME:  time = 1.118711e+00 (asqtad3) terms = 2 mflops = 1.787526e+03
CONGRAD5: time = 1.449090e+00 (fn F) masses = 1 iters = 539 mflops = 2.034495e+03
 OK converged final_rsq= 1e-10 (cf 1e-10) rel = 1 (cf 0) restarts = 2 iters= 539
CONGRAD5: time = 1.316876e+00 (fn F) masses = 1 iters = 513 mflops = 2.130766e+03
 OK converged final_rsq= 5e-11 (cf 1e-10) rel = 1 (cf 0) restarts = 3 iters= 513
GFTIME:   time = 3.225889e-01 (Symanzik1) mflops = 2.185575e+03
FFTIME:  time = 1.130604e+00 (asqtad3) terms = 2 mflops = 1.768722e+03
CONGRAD5: time = 1.317358e+00 (fn F) masses = 1 iters = 524 mflops = 2.175658e+03
 OK converged final_rsq= 5e-11 (cf 1e-10) rel = 1 (cf 0) restarts = 3 iters= 524
CONGRAD5: time = 1.393826e+00 (fn F) masses = 1 iters = 536 mflops = 2.103388e+03
 OK converged final_rsq= 9.9e-11 (cf 1e-10) rel = 1 (cf 0) restarts = 2 iters= 536
GFTIME:   time = 3.180289e-01 (Symanzik1) mflops = 2.216913e+03
FFTIME:  time = 1.115359e+00 (asqtad3) terms = 2 mflops = 1.792898e+03
CONGRAD5: time = 1.401035e+00 (fn F) masses = 1 iters = 538 mflops = 2.100373e+03
 OK converged final_rsq= 5e-11 (cf 1e-10) rel = 1 (cf 0) restarts = 3 iters= 538
CONGRAD5: time = 1.379878e+00 (fn F) masses = 1 iters = 551 mflops = 2.184108e+03
 OK converged final_rsq= 9.9e-11 (cf 1e-10) rel = 1 (cf 0) restarts = 2 iters= 551
GFTIME:   time = 2.918131e-01 (Symanzik1) mflops = 2.416075e+03
FFTIME:  time = 1.096045e+00 (asqtad3) terms = 2 mflops = 1.824492e+03
CONGRAD5: time = 1.487763e+00 (fn F) masses = 1 iters = 569 mflops = 2.091904e+03
 OK converged final_rsq= 1e-10 (cf 1e-10) rel = 1 (cf 0) restarts = 2 iters= 569
CONGRAD5: time = 1.408501e+00 (fn F) masses = 1 iters = 556 mflops = 2.159140e+03
 OK converged final_rsq= 9.9e-11 (cf 1e-10) rel = 1 (cf 0) restarts = 2 iters= 556
GFTIME:   time = 3.268571e-01 (Symanzik1) mflops = 2.157036e+03
FFTIME:  time = 1.128002e+00 (asqtad3) terms = 2 mflops = 1.772802e+03
CONGRAD5: time = 1.450598e+00 (fn F) masses = 1 iters = 560 mflops = 2.111563e+03
 OK converged final_rsq= 9.9e-11 (cf 1e-10) rel = 1 (cf 0) restarts = 2 iters= 560
CONGRAD5: time = 1.383201e+00 (fn F) masses = 1 iters = 552 mflops = 2.182815e+03
 OK converged final_rsq= 9.9e-11 (cf 1e-10) rel = 1 (cf 0) restarts = 2 iters= 552
GFTIME:   time = 3.177090e-01 (Symanzik1) mflops = 2.219146e+03
FFTIME:  time = 1.089889e+00 (asqtad3) terms = 2 mflops = 1.834796e+03
CONGRAD5: time = 1.483130e+00 (fn F) masses = 1 iters = 570 mflops = 2.102126e+03
 OK converged final_rsq= 1e-10 (cf 1e-10) rel = 1 (cf 0) restarts = 2 iters= 570
CONGRAD5: time = 1.423328e+00 (fn F) masses = 1 iters = 568 mflops = 2.182763e+03
 OK converged final_rsq= 9.9e-11 (cf 1e-10) rel = 1 (cf 0) restarts = 2 iters= 568
GFTIME:   time = 2.920830e-01 (Symanzik1) mflops = 2.413843e+03
FFTIME:  time = 1.102033e+00 (asqtad3) terms = 2 mflops = 1.814578e+03
CONGRAD5: time = 1.496423e+00 (fn F) masses = 1 iters = 560 mflops = 2.046901e+03
 OK converged final_rsq= 9.9e-11 (cf 1e-10) rel = 1 (cf 0) restarts = 2 iters= 560
CONGRAD5: time = 1.402490e+00 (fn F) masses = 1 iters = 554 mflops = 2.160594e+03
 OK converged final_rsq= 9.9e-11 (cf 1e-10) rel = 1 (cf 0) restarts = 2 iters= 554
GFTIME:   time = 3.167500e-01 (Symanzik1) mflops = 2.225864e+03
FFTIME:  time = 1.133718e+00 (asqtad3) terms = 2 mflops = 1.763864e+03
CONGRAD5: time = 1.483586e+00 (fn F) masses = 1 iters = 576 mflops = 2.123601e+03
 OK converged final_rsq= 5e-11 (cf 1e-10) rel = 1 (cf 0) restarts = 3 iters= 576
CONGRAD5: time = 1.483167e+00 (fn F) masses = 1 iters = 569 mflops = 2.098386e+03
 OK converged final_rsq= 5e-11 (cf 1e-10) rel = 1 (cf 0) restarts = 3 iters= 569
GFTIME:   time = 3.035009e-01 (Symanzik1) mflops = 2.323032e+03
FFTIME:  time = 1.091526e+00 (asqtad3) terms = 2 mflops = 1.832045e+03
CONGRAD5: time = 1.463536e+00 (fn F) masses = 1 iters = 583 mflops = 2.178855e+03
 OK converged final_rsq= 1e-10 (cf 1e-10) rel = 1 (cf 0) restarts = 2 iters= 583
CONGRAD5: time = 1.424790e+00 (fn F) masses = 1 iters = 567 mflops = 2.176684e+03
 OK converged final_rsq= 1e-10 (cf 1e-10) rel = 1 (cf 0) restarts = 2 iters= 567
GFTIME:   time = 2.998760e-01 (Symanzik1) mflops = 2.351113e+03
FFTIME:  time = 1.096751e+00 (asqtad3) terms = 2 mflops = 1.823317e+03
PLAQ:	1.499350	1.498887
P_LOOP:	1.646081e-03	3.009995e-03
G_LOOP:  0  0  4   	1.499739e+00	( 0 1 7 6  )
G_LOOP:  0  1  4   	1.500095e+00	( 0 2 7 5  )
G_LOOP:  0  2  4   	1.499475e+00	( 0 3 7 4  )
G_LOOP:  0  3  4   	1.498217e+00	( 1 2 6 5  )
G_LOOP:  0  4  4   	1.498265e+00	( 1 3 6 4  )
G_LOOP:  0  5  4   	1.498920e+00	( 2 3 5 4  )
G_LOOP:  1  0  6   	7.412622e-01	( 0 0 1 7 7 6  )
G_LOOP:  1  1  6   	7.420974e-01	( 0 0 2 7 7 5  )
G_LOOP:  1  2  6   	7.440755e-01	( 0 0 3 7 7 4  )
G_LOOP:  1  3  6   	7.417144e-01	( 1 1 0 6 6 7  )
G_LOOP:  1  4  6   	7.403150e-01	( 1 1 2 6 6 5  )
G_LOOP:  1  5  6   	7.414948e-01	( 1 1 3 6 6 4  )
G_LOOP:  1  6  6   	7.427913e-01	( 2 2 0 5 5 7  )
G_LOOP:  1  7  6   	7.399303e-01	( 2 2 1 5 5 6  )
G_LOOP:  1  8  6   	7.433757e-01	( 2 2 3 5 5 4  )
G_LOOP:  1  9  6   	7.415228e-01	( 3 3 0 4 4 7  )
G_LOOP:  1  10  6   	7.409361e-01	( 3 3 1 4 4 6  )
G_LOOP:  1  11  6   	7.392472e-01	( 3 3 2 4 4 5  )
G_LOOP:  2  0  6   	7.593954e-01	( 0 1 2 7 6 5  )
G_LOOP:  2  1  6   	7.592458e-01	( 0 1 5 7 6 2  )
G_LOOP:  2  2  6   	7.601844e-01	( 0 6 2 7 1 5  )
G_LOOP:  2  3  6   	7.597496e-01	( 0 6 5 7 1 2  )
G_LOOP:  2  4  6   	7.597478e-01	( 0 1 3 7 6 4  )
G_LOOP:  2  5  6   	7.613796e-01	( 0 1 4 7 6 3  )
G_LOOP:  2  6  6   	7.610169e-01	( 0 6 3 7 1 4  )
G_LOOP:  2  7  6   	7.600945e-01	( 0 6 4 7 1 3  )
G_LOOP:  2  8  6   	7.599634e-01	( 0 2 3 7 5 4  )
G_LOOP:  2  9  6   	7.604212e-01	( 0 2 4 7 5 3  )
G_LOOP:  2  10  6   	7.587259e-01	( 0 5 3 7 2 4  )
G_LOOP:  2  11  6   	7.612359e-01	( 0 5 4 7 2 3  )
G_LOOP:  2  12  6   	7.569071e-01	( 1 2 3 6 5 4  )
G_LOOP:  2  13  6   	7.588607e-01	( 1 2 4 6 5 3  )
G_LOOP:  2  14  6   	7.598377e-01	( 1 5 3 6 2 4  )
G_LOOP:  2  15  6   	7.603660e-01	( 1 5 4 6 2 3  )
GACTION: 6.531951e+00
CONGRAD5: time = 1.503284e+00 (fn F) masses = 1 iters = 544 mflops = 1.979343e+03
 OK converged final_rsq= 5e-11 (cf 1e-10) rel = 1 (cf 0) restarts = 3 iters= 544
CONGRAD5: time = 2.066319e-01 (fn F) masses = 1 iters = 77 mflops = 2.038246e+03
 OK converged final_rsq= 5e-11 (cf 1e-10) rel = 1 (cf 0) restarts = 2 iters= 77
PBP: mass 1.000000e-02     3.013453e-02  3.752781e-02  -3.761030e-03  -3.761023e-03 ( 1 of 1 )
FACTION: mass = 1.000000e-02,  1.500048e+00 ( 1 of 1 )
CONGRAD5: time = 1.366760e+00 (fn F) masses = 1 iters = 534 mflops = 2.137038e+03
 OK converged final_rsq= 5e-11 (cf 1e-10) rel = 1 (cf 0) restarts = 3 iters= 534
CONGRAD5: time = 1.998539e-01 (fn F) masses = 1 iters = 78 mflops = 2.134741e+03
 OK converged final_rsq= 1e-10 (cf 1e-10) rel = 1 (cf 0) restarts = 1 iters= 78
PBP: mass 1.000000e-02     3.384094e-02  3.335108e-02  4.305006e-03  4.306948e-03 ( 1 of 1 )
FACTION: mass = 1.000000e-02,  1.503952e+00 ( 1 of 1 )
CONGRAD5: time = 1.502006e+00 (fn F) masses = 1 iters = 581 mflops = 2.115766e+03
 OK converged final_rsq= 1e-10 (cf 1e-10) rel = 1 (cf 0) restarts = 2 iters= 581
CONGRAD5: time = 1.365551e+00 (fn F) masses = 1 iters = 542 mflops = 2.170974e+03
 OK converged final_rsq= 5e-11 (cf 1e-10) rel = 1 (cf 0) restarts = 3 iters= 542
GFTIME:   time = 3.219831e-01 (Symanzik1) mflops = 2.189688e+03
FFTIME:  time = 1.126397e+00 (asqtad3) terms = 2 mflops = 1.775329e+03
CONGRAD5: time = 1.397947e+00 (fn F) masses = 1 iters = 545 mflops = 2.132401e+03
 OK converged final_rsq= 1e-10 (cf 1e-10) rel = 1 (cf 0) restarts = 2 iters= 545
CONGRAD5: time = 1.481277e+00 (fn F) masses = 1 iters = 570 mflops = 2.104756e+03
 OK converged final_rsq= 5e-11 (cf 1e-10) rel = 1 (cf 0) restarts = 3 iters= 570
GFTIME:   time = 3.199191e-01 (Symanzik1) mflops = 2.203815e+03
FFTIME:  time = 1.120743e+00 (asqtad3) terms = 2 mflops = 1.784285e+03
CONGRAD5: time = 1.495321e+00 (fn F) masses = 1 iters = 578 mflops = 2.114252e+03
 OK converged final_rsq= 5e-11 (cf 1e-10) rel = 1 (cf 0) restarts = 3 iters= 578
CONGRAD5: time = 1.471200e+00 (fn F) masses = 1 iters = 558 mflops = 2.074558e+03
 OK converged final_rsq= 5e-11 (cf 1e-10) rel = 1 (cf 0) restarts = 3 iters= 558
GFTIME:   time = 3.108101e-01 (Symanzik1) mflops = 2.268403e+03
FFTIME:  time = 1.124157e+00 (asqtad3) terms = 2 mflops = 1.778866e+03
CONGRAD5: time = 1.489752e+00 (fn F) masses = 1 iters = 586 mflops = 2.151527e+03
 OK converged final_rsq= 9.9e-11 (cf 1e-10) rel = 1 (cf 0) restarts = 2 iters= 586
CONGRAD5: time = 1.397181e+00 (fn F) masses = 1 iters = 561 mflops = 2.196207e+03
 OK converged final_rsq= 9.9e-11 (cf 1e-10) rel = 1 (cf 0) restarts = 2 iters= 561
GFTIME:   time = 2.897620e-01 (Symanzik1) mflops = 2.433178e+03
FFTIME:  time = 1.081108e+00 (asqtad3) terms = 2 mflops = 1.849699e+03
CONGRAD5: time = 1.522147e+00 (fn F) masses = 1 iters = 581 mflops = 2.087770e+03
 OK converged final_rsq= 9.9e-11 (cf 1e-10) rel = 1 (cf 0) restarts = 2 iters= 581
CONGRAD5: time = 1.451507e+00 (fn F) masses = 1 iters = 574 mflops = 2.162997e+03
 OK converged final_rsq= 5e-11 (cf 1e-10) rel = 1 (cf 0) restarts = 3 iters= 574
GFTIME:   time = 2.926130e-01 (Symanzik1) mflops = 2.409470e+03
FFTIME:  time = 1.099521e+00 (asqtad3) terms = 2 mflops = 1.818724e+03
CONGRAD5: time = 1.475305e+00 (fn F) masses = 1 iters = 588 mflops = 2.180011e+03
 OK converged final_rsq= 9.9e-11 (cf 1e-10) rel = 1 (cf 0) restarts = 2 iters= 588
CONGRAD5: time = 1.586342e+00 (fn F) masses = 1 iters = 592 mflops = 2.041212e+03
 OK converged final_rsq= 9.7e-11 (cf 1e-10) rel = 1 (cf 0) restarts = 2 iters= 592
GFTIME:   time = 3.205950e-01 (Symanzik1) mflops = 2.199168e+03
FFTIME:  time = 1.141931e+00 (asqtad3) terms = 2 mflops = 1.751178e+03
CONGRAD5: time = 1.515117e+00 (fn F) masses = 1 iters = 588 mflops = 2.122728e+03
 OK converged final_rsq= 9.7e-11 (cf 1e-10) rel = 1 (cf 0) restarts = 2 iters= 588
CONGRAD5: time = 1.463978e+00 (fn F) masses = 1 iters = 582 mflops = 2.174461e+03
 OK converged final_rsq= 9.8e-11 (cf 1e-10) rel = 1 (cf 0) restarts = 2 iters= 582
GFTIME:   time = 2.925832e-01 (Symanzik1) mflops = 2.409716e+03
FFTIME:  time = 1.093017e+00 (asqtad3) terms = 2 mflops = 1.829546e+03
CONGRAD5: time = 1.438916e+00 (fn F) masses = 1 iters = 572 mflops = 2.174322e+03
 OK converged final_rsq= 5e-11 (cf 1e-10) rel = 1 (cf 0) restarts = 3 iters= 572
CONGRAD5: time = 1.447494e+00 (fn F) masses = 1 iters = 558 mflops = 2.108534e+03
 OK converged final_rsq= 5e-11 (cf 1e-10) rel = 1 (cf 0) restarts = 3 iters= 558
GFTIME:   time = 3.138330e-01 (Symanzik1) mflops = 2.246553e+03
FFTIME:  time = 1.094722e+00 (asqtad3) terms = 2 mflops = 1.826696e+03
CONGRAD5: time = 1.515910e+00 (fn F) masses = 1 iters = 586 mflops = 2.114401e+03
 OK converged final_rsq= 4.9e-11 (cf 1e-10) rel = 1 (cf 0) restarts = 3 iters= 586
CONGRAD5: time = 1.392363e+00 (fn F) masses = 1 iters = 544 mflops = 2.137025e+03
 OK converged final_rsq= 1e-10 (cf 1e-10) rel = 1 (cf 0) restarts = 2 iters= 544
GFTIME:   time = 2.925990e-01 (Symanzik1) mflops = 2.409586e+03
FFTIME:  time = 1.096320e+00 (asqtad3) terms = 2 mflops = 1.824034e+03
CONGRAD5: time = 1.531376e+00 (fn F) masses = 1 iters = 580 mflops = 2.071617e+03
 OK converged final_rsq= 9.9e-11 (cf 1e-10) rel = 1 (cf 0) restarts = 2 iters= 580
CONGRAD5: time = 1.511631e+00 (fn F) masses = 1 iters = 580 mflops = 2.098676e+03
 OK converged final_rsq= 5e-11 (cf 1e-10) rel = 1 (cf 0) restarts = 3 iters= 580
GFTIME:   time = 3.237739e-01 (Symanzik1) mflops = 2.177577e+03
FFTIME:  time = 1.106408e+00 (asqtad3) terms = 2 mflops = 1.807403e+03
CONGRAD5: time = 1.525806e+00 (fn F) masses = 1 iters = 592 mflops = 2.122196e+03
 OK converged final_rsq= 9.6e-11 (cf 1e-10) rel = 1 (cf 0) restarts = 2 iters= 592
CONGRAD5: time = 1.461322e+00 (fn F) masses = 1 iters = 582 mflops = 2.178413e+03
 OK converged final_rsq= 9.8e-11 (cf 1e-10) rel = 1 (cf 0) restarts = 2 iters= 582
GFTIME:   time = 2.916701e-01 (Symanzik1) mflops = 2.417260e+03
FFTIME:  time = 1.102731e+00 (asqtad3) terms = 2 mflops = 1.813429e+03
CONGRAD5: time = 1.542948e+00 (fn F) masses = 1 iters = 588 mflops = 2.084439e+03
 OK converged final_rsq= 4.9e-11 (cf 1e-10) rel = 1 (cf 0) restarts = 3 iters= 588
CONGRAD5: time = 1.426818e+00 (fn F) masses = 1 iters = 561 mflops = 2.150589e+03
 OK converged final_rsq= 5e-11 (cf 1e-10) rel = 1 (cf 0) restarts = 3 iters= 561
GFTIME:   time = 3.235841e-01 (Symanzik1) mflops = 2.178854e+03
FFTIME:  time = 1.150580e+00 (asqtad3) terms = 2 mflops = 1.738014e+03
CONGRAD5: time = 1.516406e+00 (fn F) masses = 1 iters = 587 mflops = 2.117316e+03
 OK converged final_rsq= 1e-10 (cf 1e-10) rel = 1 (cf 0) restarts = 2 iters= 587
CONGRAD5: time = 1.516314e+00 (fn F) masses = 1 iters = 582 mflops = 2.099409e+03
 OK converged final_rsq= 9.9e-11 (cf 1e-10) rel = 1 (cf 0) restarts = 2 iters= 582
GFTIME:   time = 2.949510e-01 (Symanzik1) mflops = 2.390372e+03
FFTIME:  time = 1.100825e+00 (asqtad3) terms = 2 mflops = 1.816569e+03
CONGRAD5: time = 1.520504e+00 (fn F) masses = 1 iters = 595 mflops = 2.140388e+03
 OK converged final_rsq= 5e-11 (cf 1e-10) rel = 1 (cf 0) restarts = 3 iters= 595
CONGRAD5: time = 1.463312e+00 (fn F) masses = 1 iters = 583 mflops = 2.179188e+03
 OK converged final_rsq= 9.9e-11 (cf 1e-10) rel = 1 (cf 0) restarts = 2 iters= 583
GFTIME:   time = 2.920549e-01 (Symanzik1) mflops = 2.414075e+03
FFTIME:  time = 1.099323e+00 (asqtad3) terms = 2 mflops = 1.819051e+03
CONGRAD5: time = 1.582134e+00 (fn F) masses = 1 iters = 594 mflops = 2.053555e+03
 OK converged final_rsq= 9.6e-11 (cf 1e-10) rel = 1 (cf 0) restarts = 2 iters= 594
CONGRAD5: time = 1.458581e+00 (fn F) masses = 1 iters = 578 mflops = 2.167507e+03
 OK converged final_rsq= 9.9e-11 (cf 1e-10) rel = 1 (cf 0) restarts = 2 iters= 578
GFTIME:   time = 3.145380e-01 (Symanzik1) mflops = 2.241517e+03
FFTIME:  time = 1.168308e+00 (asqtad3) terms = 2 mflops = 1.711642e+03
PLAQ:	1.476641	1.476477
P_LOOP:	1.389653e-02	1.583339e-02
G_LOOP:  0  0  4   	1.476698e+00	( 0 1 7 6  )
G_LOOP:  0  1  4   	1.477045e+00	( 0 2 7 5  )
G_LOOP:  0  2  4   	1.477116e+00	( 0 3 7 4  )
G_LOOP:  0  3  4   	1.476180e+00	( 1 2 6 5  )
G_LOOP:  0  4  4   	1.476597e+00	( 1 3 6 4  )
G_LOOP:  0  5  4   	1.475717e+00	( 2 3 5 4  )
G_LOOP:  1  0  6   	7.180628e-01	( 0 0 1 7 7 6  )
G_LOOP:  1  1  6   	7.197275e-01	( 0 0 2 7 7 5  )
G_LOOP:  1  2  6   	7.203460e-01	( 0 0 3 7 7 4  )
G_LOOP:  1  3  6   	7.195633e-01	( 1 1 0 6 6 7  )
G_LOOP:  1  4  6   	7.170918e-01	( 1 1 2 6 6 5  )
G_LOOP:  1  5  6   	7.191620e-01	( 1 1 3 6 6 4  )
G_LOOP:  1  6  6   	7.192336e-01	( 2 2 0 5 5 7  )
G_LOOP:  1  7  6   	7.177945e-01	( 2 2 1 5 5 6  )
G_LOOP:  1  8  6   	7.167487e-01	( 2 2 3 5 5 4  )
G_LOOP:  1  9  6   	7.187283e-01	( 3 3 0 4 4 7  )
G_LOOP:  1  10  6   	7.174789e-01	( 3 3 1 4 4 6  )
G_LOOP:  1  11  6   	7.167002e-01	( 3 3 2 4 4 5  )
G_LOOP:  2  0  6   	7.330456e-01	( 0 1 2 7 6 5  )
G_LOOP:  2  1  6   	7.347533e-01	( 0 1 5 7 6 2  )
G_LOOP:  2  2  6   	7.326290e-01	( 0 6 2 7 1 5  )
G_LOOP:  2  3  6   	7.367278e-01	( 0 6 5 7 1 2  )
G_LOOP:  2  4  6   	7.346609e-01	( 0 1 3 7 6 4  )
G_LOOP:  2  5  6   	7.359359e-01	( 0 1 4 7 6 3  )
G_LOOP:  2  6  6   	7.360512e-01	( 0 6 3 7 1 4  )
G_LOOP:  2  7  6   	7.351147e-01	( 0 6 4 7 1 3  )
G_LOOP:  2  8  6   	7.357080e-01	( 0 2 3 7 5 4  )
G_LOOP:  2  9  6   	7.354203e-01	( 0 2 4 7 5 3  )
G_LOOP:  2  10  6   	7.344937e-01	( 0 5 3 7 2 4  )
G_LOOP:  2  11  6   	7.363211e-01	( 0 5 4 7 2 3  )
G_LOOP:  2  12  6   	7.342609e-01	( 1 2 3 6 5 4  )
G_LOOP:  2  13  6   	7.338548e-01	( 1 2 4 6 5 3  )
G_LOOP:  2  14  6   	7.347406e-01	( 1 5 3 6 2 4  )
G_LOOP:  2  15  6   	7.339186e-01	( 1 5 4 6 2 3  )
GACTION: 6.641601e+00
CONGRAD5: time = 1.518691e+00 (fn F) masses = 1 iters = 575 mflops = 2.070912e+03
 OK converged final_rsq= 9.9e-11 (cf 1e-10) rel = 1 (cf 0) restarts = 2 iters= 575
CONGRAD5: time = 1.890869e-01 (fn F) masses = 1 iters = 73 mflops = 2.111663e+03
 OK converged final_rsq= 5e-11 (cf 1e-10) rel = 1 (cf 0) restarts = 2 iters= 73
PBP: mass 1.000000e-02     4.209596e-02  3.290301e-02  4.044382e-03  4.045679e-03 ( 1 of 1 )
FACTION: mass = 1.000000e-02,  1.503401e+00 ( 1 of 1 )
CONGRAD5: time = 1.515009e+00 (fn F) masses = 1 iters = 583 mflops = 2.104828e+03
 OK converged final_rsq= 1e-10 (cf 1e-10) rel = 1 (cf 0) restarts = 2 iters= 583
CONGRAD5: time = 1.958420e-01 (fn F) masses = 1 iters = 72 mflops = 2.010897e+03
 OK converged final_rsq= 9.8e-11 (cf 1e-10) rel = 1 (cf 0) restarts = 1 iters= 72
PBP: mass 1.000000e-02     3.540728e-02  4.133288e-02  4.479211e-04  4.463850e-04 ( 1 of 1 )
FACTION: mass = 1.000000e-02,  1.501503e+00 ( 1 of 1 )
CONGRAD5: time = 1.510513e+00 (fn F) masses = 1 iters = 596 mflops = 2.158167e+03
 OK converged final_rsq= 9.9e-11 (cf 1e-10) rel = 1 (cf 0) restarts = 2 iters= 596
CONGRAD5: time = 1.486309e+00 (fn F) masses = 1 iters = 590 mflops = 2.171231e+03
 OK converged final_rsq= 9.7e-11 (cf 1e-10) rel = 1 (cf 0) restarts = 2 iters= 590
GFTIME:   time = 3.180671e-01 (Symanzik1) mflops = 2.216647e+03
FFTIME:  time = 1.182546e+00 (asqtad3) terms = 2 mflops = 1.691033e+03
CONGRAD5: time = 1.559023e+00 (fn F) masses = 1 iters = 585 mflops = 2.052422e+03
 OK converged final_rsq= 9.8e-11 (cf 1e-10) rel = 1 (cf 0) restarts = 2 iters= 585
CONGRAD5: time = 1.480294e+00 (fn F) masses = 1 iters = 572 mflops = 2.113544e+03
 OK converged final_rsq= 9.9e-11 (cf 1e-10) rel = 1 (cf 0) restarts = 2 iters= 572
GFTIME:   time = 3.191040e-01 (Symanzik1) mflops = 2.209444e+03
FFTIME:  time = 1.154452e+00 (asqtad3) terms = 2 mflops = 1.732185e+03
CONGRAD5: time = 1.530094e+00 (fn F) masses = 1 iters = 592 mflops = 2.116249e+03
 OK converged final_rsq= 9.6e-11 (cf 1e-10) rel = 1 (cf 0) restarts = 2 iters= 592
CONGRAD5: time = 1.469096e+00 (fn F) masses = 1 iters = 585 mflops = 2.178055e+03
 OK converged final_rsq= 9.9e-11 (cf 1e-10) rel = 1 (cf 0) restarts = 2 iters= 585
GFTIME:   time = 3.357699e-01 (Symanzik1) mflops = 2.099779e+03
FFTIME:  time = 1.098834e+00 (asqtad3) terms = 2 mflops = 1.819860e+03
CONGRAD5: time = 1.621642e+00 (fn F) masses = 1 iters = 598 mflops = 2.017016e+03
 OK converged final_rsq= 4.9e-11 (cf 1e-10) rel = 1 (cf 0) restarts = 3 iters= 598
CONGRAD5: time = 1.446093e+00 (fn F) masses = 1 iters = 571 mflops = 2.159748e+03
 OK converged final_rsq= 5e-11 (cf 1e-10) rel = 1 (cf 0) restarts = 3 iters= 571
GFTIME:   time = 2.924721e-01 (Symanzik1) mflops = 2.410631e+03
FFTIME:  time = 1.096876e+00 (asqtad3) terms = 2 mflops = 1.823109e+03
CONGRAD5: time = 1.552446e+00 (fn F) masses = 1 iters = 585 mflops = 2.061117e+03
 OK converged final_rsq= 9.8e-11 (cf 1e-10) rel = 1 (cf 0) restarts = 2 iters= 585
CONGRAD5: time = 1.501955e+00 (fn F) masses = 1 iters = 579 mflops = 2.108554e+03
 OK converged final_rsq= 1e-10 (cf 1e-10) rel = 1 (cf 0) restarts = 2 iters= 579
GFTIME:   time = 3.222899e-01 (Symanzik1) mflops = 2.187603e+03
FFTIME:  time = 1.127324e+00 (asqtad3) terms = 2 mflops = 1.773868e+03
CONGRAD5: time = 1.495657e+00 (fn F) masses = 1 iters = 596 mflops = 2.179603e+03
 OK converged final_rsq= 5e-11 (cf 1e-10) rel = 1 (cf 0) restarts = 3 iters= 596
CONGRAD5: time = 1.449559e+00 (fn F) masses = 1 iters = 578 mflops = 2.180997e+03
 OK converged final_rsq= 9.9e-11 (cf 1e-10) rel = 1 (cf 0) restarts = 2 iters= 578
GFTIME:   time = 2.921021e-01 (Symanzik1) mflops = 2.413685e+03
FFTIME:  time = 1.093083e+00 (asqtad3) terms = 2 mflops = 1.829435e+03
CONGRAD5: time = 1.504057e+00 (fn F) masses = 1 iters = 579 mflops = 2.105608e+03
 OK converged final_rsq= 4.9e-11 (cf 1e-10) rel = 1 (cf 0) restarts = 3 iters= 579
CONGRAD5: time = 1.453864e+00 (fn F) masses = 1 iters = 571 mflops = 2.148204e+03
 OK converged final_rsq= 9.9e-11 (cf 1e-10) rel = 1 (cf 0) restarts = 2 iters= 571
GFTIME:   time = 3.235371e-01 (Symanzik1) mflops = 2.179170e+03
FFTIME:  time = 1.129788e+00 (asqtad3) terms = 2 mflops = 1.770000e+03
CONGRAD5: time = 1.500392e+00 (fn F) masses = 1 iters = 589 mflops = 2.147206e+03
 OK converged final_rsq= 9.9e-11 (cf 1e-10) rel = 1 (cf 0) restarts = 2 iters= 589
CONGRAD5: time = 1.490421e+00 (fn F) masses = 1 iters = 594 mflops = 2.179921e+03
 OK converged final_rsq= 5e-11 (cf 1e-10) rel = 1 (cf 0) restarts = 3 iters= 594
GFTIME:   time = 2.915590e-01 (Symanzik1) mflops = 2.418181e+03
FFTIME:  time = 1.120748e+00 (asqtad3) terms = 2 mflops = 1.784277e+03
CONGRAD5: time = 1.617125e+00 (fn F) masses = 1 iters = 595 mflops = 2.012503e+03
 OK converged final_rsq= 9.9e-11 (cf 1e-10) rel = 1 (cf 0) restarts = 2 iters= 595
CONGRAD5: time = 1.481201e+00 (fn F) masses = 1 iters = 585 mflops = 2.160255e+03
 OK converged final_rsq= 1e-10 (cf 1e-10) rel = 1 (cf 0) restarts = 2 iters= 585
GFTIME:   time = 3.228199e-01 (Symanzik1) mflops = 2.184011e+03
FFTIME:  time = 1.128039e+00 (asqtad3) terms = 2 mflops = 1.772744e+03
CONGRAD5: time = 1.573617e+00 (fn F) masses = 1 iters = 591 mflops = 2.054242e+03
 OK converged final_rsq= 9.7e-11 (cf 1e-10) rel = 1 (cf 0) restarts = 2 iters= 591
CONGRAD5: time = 1.515171e+00 (fn F) masses = 1 iters = 594 mflops = 2.144312e+03
 OK converged final_rsq= 9.8e-11 (cf 1e-10) rel = 1 (cf 0) restarts = 2 iters= 594
GFTIME:   time = 3.216221e-01 (Symanzik1) mflops = 2.192145e+03
FFTIME:  time = 1.154634e+00 (asqtad3) terms = 2 mflops = 1.731912e+03
CONGRAD5: time = 1.522184e+00 (fn F) masses = 1 iters = 590 mflops = 2.120059e+03
 OK converged final_rsq= 9.9e-11 (cf 1e-10) rel = 1 (cf 0) restarts = 2 iters= 590
CONGRAD5: time = 1.478687e+00 (fn F) masses = 1 iters = 588 mflops = 2.175025e+03
 OK converged final_rsq= 9.9e-11 (cf 1e-10) rel = 1 (cf 0) restarts = 2 iters= 588
GFTIME:   time = 2.911632e-01 (Symanzik1) mflops = 2.421468e+03
FFTIME:  time = 1.107861e+00 (asqtad3) terms = 2 mflops = 1.805032e+03
CONGRAD5: time = 1.610606e+00 (fn F) masses = 1 iters = 597 mflops = 2.027441e+03
 OK converged final_rsq= 1e-10 (cf 1e-10) rel = 1 (cf 0) restarts = 2 iters= 597
CONGRAD5: time = 1.543240e+00 (fn F) masses = 1 iters = 595 mflops = 2.108855e+03
 OK converged final_rsq= 9.9e-11 (cf 1e-10) rel = 1 (cf 0) restarts = 2 iters= 595
GFTIME:   time = 3.212399e-01 (Symanzik1) mflops = 2.194753e+03
FFTIME:  time = 1.115893e+00 (asqtad3) terms = 2 mflops = 1.792039e+03
CONGRAD5: time = 1.502156e+00 (fn F) masses = 1 iters = 598 mflops = 2.177456e+03
 OK converged final_rsq= 9.6e-11 (cf 1e-10) rel = 1 (cf 0) restarts = 2 iters= 598
CONGRAD5: time = 1.484871e+00 (fn F) masses = 1 iters = 591 mflops = 2.177018e+03
 OK converged final_rsq= 1e-10 (cf 1e-10) rel = 1 (cf 0) restarts = 2 iters= 591
GFTIME:   time = 2.913940e-01 (Symanzik1) mflops = 2.419550e+03
FFTIME:  time = 1.114138e+00 (asqtad3) terms = 2 mflops = 1.794862e+03
CONGRAD5: time = 1.627928e+00 (fn F) masses = 1 iters = 599 mflops = 2.012588e+03
 OK converged final_rsq= 4.9e-11 (cf 1e-10) rel = 1 (cf 0) restarts = 3 iters= 599
CONGRAD5: time = 1.511583e+00 (fn F) masses = 1 iters = 592 mflops = 2.142165e+03
 OK converged final_rsq= 9.8e-11 (cf 1e-10) rel = 1 (cf 0) restarts = 2 iters= 592
GFTIME:   time = 3.219829e-01 (Symanzik1) mflops = 2.189689e+03
FFTIME:  time = 1.117527e+00 (asqtad3) terms = 2 mflops = 1.789419e+03
CONGRAD5: time = 1.504546e+00 (fn F) masses = 1 iters = 599 mflops = 2.177632e+03
 OK converged final_rsq= 9.6e-11 (cf 1e-10) rel = 1 (cf 0) restarts = 2 iters= 599
CONGRAD5: time = 1.488805e+00 (fn F) masses = 1 iters = 593 mflops = 2.178613e+03
 OK converged final_rsq= 9.7e-11 (cf 1e-10) rel = 1 (cf 0) restarts = 2 iters= 593
GFTIME:   time = 2.926891e-01 (Symanzik1) mflops = 2.408844e+03
FFTIME:  time = 1.120820e+00 (asqtad3) terms = 2 mflops = 1.784162e+03
PLAQ:	1.460480	1.460850
P_LOOP:	-1.393109e-02	-5.381851e-03
G_LOOP:  0  0  4   	1.461032e+00	( 0 1 7 6  )
G_LOOP:  0  1  4   	1.461647e+00	( 0 2 7 5  )
G_LOOP:  0  2  4   	1.462561e+00	( 0 3 7 4  )
G_LOOP:  0  3  4   	1.458762e+00	( 1 2 6 5  )
G_LOOP:  0  4  4   	1.459734e+00	( 1 3 6 4  )
G_LOOP:  0  5  4   	1.460255e+00	( 2 3 5 4  )
G_LOOP:  1  0  6   	7.016628e-01	( 0 0 1 7 7 6  )
G_LOOP:  1  1  6   	7.043072e-01	( 0 0 2 7 7 5  )
G_LOOP:  1  2  6   	7.044293e-01	( 0 0 3 7 7 4  )
G_LOOP:  1  3  6   	7.011861e-01	( 1 1 0 6 6 7  )
G_LOOP:  1  4  6   	7.002868e-01	( 1 1 2 6 6 5  )
G_LOOP:  1  5  6   	7.012733e-01	( 1 1 3 6 6 4  )
G_LOOP:  1  6  6   	7.033227e-01	( 2 2 0 5 5 7  )
G_LOOP:  1  7  6   	6.993962e-01	( 2 2 1 5 5 6  )
G_LOOP:  1  8  6   	6.985097e-01	( 2 2 3 5 5 4  )
G_LOOP:  1  9  6   	7.045607e-01	( 3 3 0 4 4 7  )
G_LOOP:  1  10  6   	7.010444e-01	( 3 3 1 4 4 6  )
G_LOOP:  1  11  6   	7.019787e-01	( 3 3 2 4 4 5  )
G_LOOP:  2  0  6   	7.167336e-01	( 0 1 2 7 6 5  )
G_LOOP:  2  1  6   	7.138787e-01	( 0 1 5 7 6 2  )
G_LOOP:  2  2  6   	7.139766e-01	( 0 6 2 7 1 5  )
G_LOOP:  2  3  6   	7.167409e-01	( 0 6 5 7 1 2  )
G_LOOP:  2  4  6   	7.157046e-01	( 0 1 3 7 6 4  )
G_LOOP:  2  5  6   	7.199059e-01	( 0 1 4 7 6 3  )
G_LOOP:  2  6  6   	7.173194e-01	( 0 6 3 7 1 4  )
G_LOOP:  2  7  6   	7.154907e-01	( 0 6 4 7 1 3  )
G_LOOP:  2  8  6   	7.159614e-01	( 0 2 3 7 5 4  )
G_LOOP:  2  9  6   	7.173291e-01	( 0 2 4 7 5 3  )
G_LOOP:  2  10  6   	7.172487e-01	( 0 5 3 7 2 4  )
G_LOOP:  2  11  6   	7.193678e-01	( 0 5 4 7 2 3  )
G_LOOP:  2  12  6   	7.146863e-01	( 1 2 3 6 5 4  )
G_LOOP:  2  13  6   	7.156424e-01	( 1 2 4 6 5 3  )
G_LOOP:  2  14  6   	7.157491e-01	( 1 5 3 6 2 4  )
G_LOOP:  2  15  6   	7.155376e-01	( 1 5 4 6 2 3  )
GACTION: 6.718485e+00
CONGRAD5: time = 1.520406e+00 (fn F) masses = 1 iters = 595 mflops = 2.140526e+03
 OK converged final_rsq= 5e-11 (cf 1e-10) rel = 1 (cf 0) restarts = 3 iters= 595
CONGRAD5: time = 2.014160e-01 (fn F) masses = 1 iters = 78 mflops = 2.118185e+03
 OK converged final_rsq= 5e-11 (cf 1e-10) rel = 1 (cf 0) restarts = 2 iters= 78
PBP: mass 1.000000e-02     4.424293e-02  4.080078e-02  4.691051e-03  4.690271e-03 ( 1 of 1 )
FACTION: mass = 1.000000e-02,  1.501556e+00 ( 1 of 1 )
CONGRAD5: time = 1.489675e+00 (fn F) masses = 1 iters = 594 mflops = 2.181012e+03
 OK converged final_rsq= 9.5e-11 (cf 1e-10) rel = 1 (cf 0) restarts = 2 iters= 594
CONGRAD5: time = 1.965599e-01 (fn F) masses = 1 iters = 76 mflops = 2.114861e+03
 OK converged final_rsq= 5e-11 (cf 1e-10) rel = 1 (cf 0) restarts = 2 iters= 76
PBP: mass 1.000000e-02     4.195070e-02  4.239084e-02  -7.435116e-04  -7.432470e-04 ( 1 of 1 )
FACTION: mass = 1.000000e-02,  1.499478e+00 ( 1 of 1 )
RUNNING COMPLETED
average cg iters for step= 1.127000e+03
Time = 3.131809e+02 seconds
total_iters = 140952
Checksums 8a58c364 c13abdfa
Saved gauge configuration in parallel to binary file lat_p64_size128_2
Time stamp Fri Aug 12 21:39:39 2022
Wrote info file lat_p64_size128_2.info
Time to save = 9.613750e-01
CHECK PLAQ: 1.460480e+00 1.460850e+00
CHECK NERSC LINKTR: 1.428272e-01 CKSUM: 5a7f890e


get_i(0): EOF on input.
Elapsed total time: 358.481093
exit: Fri Aug 12 21:39:40 2022

