[05:04:16:430511] [T 623153] [info] Executing serverless-rdma test C++ interface.! 
[05:04:16:451505] [T 623153] [info] Listening on device mlx5_1, port 10008 
[05:04:16:775394] [T 623155] [info] Background thread starts waiting for events 
Input 0 Data: 1 1 1 1 1 1 1 1 1 1 1 1 1 1 1 1 1 1 1 1 1 1 1 1 1 1 1 1 1 1 1 1 1 1 1 1 1 1 1 1 1 1 1 1 1 1 1 1 1 1 1 1 1 1 1 1 1 1 1 1 1 1 1 1 1 1 1 1 1 1 1 1 1 1 1 1 1 1 1 1 1 1 1 1 1 1 1 1 1 1 1 1 1 1 1 1 1 1 1 1 
Input 1 Data: 2 2 2 2 2 2 2 2 2 2 2 2 2 2 2 2 2 2 2 2 2 2 2 2 2 2 2 2 2 2 2 2 2 2 2 2 2 2 2 2 2 2 2 2 2 2 2 2 2 2 2 2 2 2 2 2 2 2 2 2 2 2 2 2 2 2 2 2 2 2 2 2 2 2 2 2 2 2 2 2 2 2 2 2 2 2 2 2 2 2 2 2 2 2 2 2 2 2 2 2 
[05:04:16:775630] [T 623153] [info] Non-Blocking execution, pause 250000, size 10485760, write? true 
[05:04:21:093153] [T 623153] [info] Posted write 0, sleep 
[05:04:46:100212] [T 623153] [info] Posted write 100, sleep 
[05:05:11:107415] [T 623153] [info] Posted write 200, sleep 
[05:05:36:114635] [T 623153] [info] Posted write 300, sleep 
[05:06:01:122395] [T 623153] [info] Posted write 400, sleep 
[05:06:26:129484] [T 623153] [info] Posted write 500, sleep 
[05:06:51:137148] [T 623153] [info] Posted write 600, sleep 
[05:07:16:145182] [T 623153] [info] Posted write 700, sleep 
[05:07:41:152958] [T 623153] [info] Posted write 800, sleep 
[05:08:06:159834] [T 623153] [info] Posted write 900, sleep 
[05:08:31:166264] [T 623153] [info] Posted write 1000, sleep 
[05:08:56:172853] [T 623153] [info] Posted write 1100, sleep 
[05:09:21:179475] [T 623153] [info] Posted write 1200, sleep 
[05:09:46:186089] [T 623153] [info] Posted write 1300, sleep 
[05:10:11:192590] [T 623153] [info] Posted write 1400, sleep 
[05:10:36:199149] [T 623153] [info] Posted write 1500, sleep 
[05:11:01:206101] [T 623153] [info] Posted write 1600, sleep 
[05:11:26:212951] [T 623153] [info] Posted write 1700, sleep 
[05:11:51:219689] [T 623153] [info] Posted write 1800, sleep 
[05:12:16:226389] [T 623153] [info] Posted write 1900, sleep 
[05:12:41:232794] [T 623153] [info] Posted write 2000, sleep 
[05:13:06:240824] [T 623153] [info] Posted write 2100, sleep 
[05:13:31:247518] [T 623153] [info] Posted write 2200, sleep 
[05:13:56:254206] [T 623153] [info] Posted write 2300, sleep 
[05:14:21:260850] [T 623153] [info] Posted write 2400, sleep 
[05:14:46:267601] [T 623153] [info] Posted write 2500, sleep 
[05:15:11:274233] [T 623153] [info] Posted write 2600, sleep 
[05:15:36:280858] [T 623153] [info] Posted write 2700, sleep 
[05:16:01:287300] [T 623153] [info] Posted write 2800, sleep 
[05:16:26:293683] [T 623153] [info] Posted write 2900, sleep 
[05:16:51:299988] [T 623153] [info] Posted write 3000, sleep 
[05:17:16:306512] [T 623153] [info] Posted write 3100, sleep 
[05:17:41:313026] [T 623153] [info] Posted write 3200, sleep 
[05:18:06:319887] [T 623153] [info] Posted write 3300, sleep 
[05:18:31:326683] [T 623153] [info] Posted write 3400, sleep 
[05:18:56:333750] [T 623153] [info] Posted write 3500, sleep 
[05:19:21:340419] [T 623153] [info] Posted write 3600, sleep 
[05:19:46:346988] [T 623153] [info] Posted write 3700, sleep 
[05:20:11:353528] [T 623153] [info] Posted write 3800, sleep 
[05:20:36:360318] [T 623153] [info] Posted write 3900, sleep 
[05:21:01:366865] [T 623153] [info] Posted write 4000, sleep 
[05:21:26:373588] [T 623153] [info] Posted write 4100, sleep 
[05:21:51:380046] [T 623153] [info] Posted write 4200, sleep 
[05:22:16:386481] [T 623153] [info] Posted write 4300, sleep 
[05:22:41:392836] [T 623153] [info] Posted write 4400, sleep 
[05:23:06:399589] [T 623153] [info] Posted write 4500, sleep 
[05:23:31:406293] [T 623153] [info] Posted write 4600, sleep 
[05:23:56:413395] [T 623153] [info] Posted write 4700, sleep 
[05:24:21:420340] [T 623153] [info] Posted write 4800, sleep 
[05:24:46:427043] [T 623153] [info] Posted write 4900, sleep 
[05:25:11:433939] [T 623153] [info] Posted write 5000, sleep 
[05:25:36:440734] [T 623153] [info] Posted write 5100, sleep 
[05:26:01:447112] [T 623153] [info] Posted write 5200, sleep 
[05:26:26:453580] [T 623153] [info] Posted write 5300, sleep 
[05:26:51:460053] [T 623153] [info] Posted write 5400, sleep 
[05:27:16:466750] [T 623153] [info] Posted write 5500, sleep 
[05:27:41:473020] [T 623153] [info] Posted write 5600, sleep 
[05:28:06:479635] [T 623153] [info] Posted write 5700, sleep 
[05:28:31:486110] [T 623153] [info] Posted write 5800, sleep 
[05:28:56:492720] [T 623153] [info] Posted write 5900, sleep 
[05:29:21:499199] [T 623153] [info] Posted write 6000, sleep 
[05:29:46:505601] [T 623153] [info] Posted write 6100, sleep 
[05:30:11:512092] [T 623153] [info] Posted write 6200, sleep 
[05:30:36:518628] [T 623153] [info] Posted write 6300, sleep 
[05:31:01:525448] [T 623153] [info] Posted write 6400, sleep 
[05:31:26:532396] [T 623153] [info] Posted write 6500, sleep 
[05:31:51:539290] [T 623153] [info] Posted write 6600, sleep 
[05:32:16:545893] [T 623153] [info] Posted write 6700, sleep 
[05:32:41:552420] [T 623153] [info] Posted write 6800, sleep 
[05:33:06:559034] [T 623153] [info] Posted write 6900, sleep 
[05:33:31:565381] [T 623153] [info] Posted write 7000, sleep 
[05:33:56:571909] [T 623153] [info] Posted write 7100, sleep 
[05:34:21:578254] [T 623153] [info] Posted write 7200, sleep 
[05:34:46:584682] [T 623153] [info] Posted write 7300, sleep 
[05:35:11:591011] [T 623153] [info] Posted write 7400, sleep 
[05:35:36:597553] [T 623153] [info] Posted write 7500, sleep 
[05:36:01:603940] [T 623153] [info] Posted write 7600, sleep 
[05:36:26:610670] [T 623153] [info] Posted write 7700, sleep 
[05:36:51:617330] [T 623153] [info] Posted write 7800, sleep 
[05:37:16:624020] [T 623153] [info] Posted write 7900, sleep 
[05:37:41:631999] [T 623153] [info] Posted write 8000, sleep 
[05:38:06:639114] [T 623153] [info] Posted write 8100, sleep 
[05:38:31:646476] [T 623153] [info] Posted write 8200, sleep 
[05:38:56:653630] [T 623153] [info] Posted write 8300, sleep 
[05:39:21:660520] [T 623153] [info] Posted write 8400, sleep 
[05:39:46:667681] [T 623153] [info] Posted write 8500, sleep 
[05:40:11:674619] [T 623153] [info] Posted write 8600, sleep 
[05:40:36:682651] [T 623153] [info] Posted write 8700, sleep 
[05:41:01:690031] [T 623153] [info] Posted write 8800, sleep 
[05:41:26:697286] [T 623153] [info] Posted write 8900, sleep 
[05:41:51:705519] [T 623153] [info] Posted write 9000, sleep 
[05:42:16:713139] [T 623153] [info] Posted write 9100, sleep 
[05:42:41:720117] [T 623153] [info] Posted write 9200, sleep 
[05:43:06:727094] [T 623153] [info] Posted write 9300, sleep 
[05:43:31:733861] [T 623153] [info] Posted write 9400, sleep 
[05:43:56:740658] [T 623153] [info] Posted write 9500, sleep 
[05:44:21:747613] [T 623153] [info] Posted write 9600, sleep 
[05:44:46:754671] [T 623153] [info] Posted write 9700, sleep 
[05:45:11:761847] [T 623153] [info] Posted write 9800, sleep 
[05:45:36:769571] [T 623153] [info] Posted write 9900, sleep 
[05:46:01:777605] [T 623153] [info] Posted write 10000, sleep 
[05:46:26:784536] [T 623153] [info] Posted write 10100, sleep 
[05:46:51:791268] [T 623153] [info] Posted write 10200, sleep 
[05:47:16:798893] [T 623153] [info] Posted write 10300, sleep 
[05:47:41:806391] [T 623153] [info] Posted write 10400, sleep 
[05:48:06:814222] [T 623153] [info] Posted write 10500, sleep 
[05:48:31:822050] [T 623153] [info] Posted write 10600, sleep 
[05:48:56:829664] [T 623153] [info] Posted write 10700, sleep 
[05:49:21:837069] [T 623153] [info] Posted write 10800, sleep 
[05:49:46:845684] [T 623153] [info] Posted write 10900, sleep 
[05:50:11:853495] [T 623153] [info] Posted write 11000, sleep 
[05:50:36:861168] [T 623153] [info] Posted write 11100, sleep 
[05:51:01:868813] [T 623153] [info] Posted write 11200, sleep 
[05:51:26:876512] [T 623153] [info] Posted write 11300, sleep 
[05:51:51:883517] [T 623153] [info] Posted write 11400, sleep 
[05:52:16:890956] [T 623153] [info] Posted write 11500, sleep 
[05:52:41:897938] [T 623153] [info] Posted write 11600, sleep 
[05:53:06:905035] [T 623153] [info] Posted write 11700, sleep 
[05:53:31:912098] [T 623153] [info] Posted write 11800, sleep 
[05:53:56:919379] [T 623153] [info] Posted write 11900, sleep 
[05:54:21:926870] [T 623153] [info] Posted write 12000, sleep 
[05:54:46:934058] [T 623153] [info] Posted write 12100, sleep 
[05:55:11:941527] [T 623153] [info] Posted write 12200, sleep 
[05:55:36:949388] [T 623153] [info] Posted write 12300, sleep 
[05:56:01:956437] [T 623153] [info] Posted write 12400, sleep 
[05:56:26:963476] [T 623153] [info] Posted write 12500, sleep 
[05:56:51:971272] [T 623153] [info] Posted write 12600, sleep 
[05:57:16:978867] [T 623153] [info] Posted write 12700, sleep 
[05:57:41:985466] [T 623153] [info] Posted write 12800, sleep 
[05:58:06:992189] [T 623153] [info] Posted write 12900, sleep 
[05:58:31:998821] [T 623153] [info] Posted write 13000, sleep 
[05:58:57:005882] [T 623153] [info] Posted write 13100, sleep 
[05:59:22:012919] [T 623153] [info] Posted write 13200, sleep 
[05:59:47:019991] [T 623153] [info] Posted write 13300, sleep 
[06:00:12:027247] [T 623153] [info] Posted write 13400, sleep 
[06:00:37:034043] [T 623153] [info] Posted write 13500, sleep 
[06:01:02:040705] [T 623153] [info] Posted write 13600, sleep 
[06:01:27:047538] [T 623153] [info] Posted write 13700, sleep 
[06:01:52:054106] [T 623153] [info] Posted write 13800, sleep 
[06:02:17:060953] [T 623153] [info] Posted write 13900, sleep 
[06:02:17:815876] [T 623153] [info] Connected to RMA 
[06:02:17:822928] [T 623153] [info] Finished! 
[06:02:17:923035] [T 623155] [info] Background thread stops waiting for events 
